{"timestamp":"2025-07-29T19:21:02.427929","level":"info","event":"DAG bundles loaded: dags-folder, example_dags","logger":"airflow.dag_processing.bundles.manager.DagBundlesManager"}
{"timestamp":"2025-07-29T19:21:02.428482","level":"info","event":"Filling up the DagBag from /opt/airflow/dags/python_operator_v1.py","logger":"airflow.models.dagbag.DagBag"}
{"timestamp":"2025-07-29T19:21:02.456430Z","level":"info","event":"Task instance is in running state","chan":"stdout","logger":"task"}
{"timestamp":"2025-07-29T19:21:02.456677Z","level":"info","event":" Previous state of the Task instance: TaskInstanceState.QUEUED","chan":"stdout","logger":"task"}
{"timestamp":"2025-07-29T19:21:02.457208Z","level":"info","event":"Current task name:python","chan":"stdout","logger":"task"}
{"timestamp":"2025-07-29T19:21:02.457307Z","level":"info","event":"Dag name:python_operator_v1","chan":"stdout","logger":"task"}
{"timestamp":"2025-07-29T19:21:02.458320Z","level":"info","event":"poliana","chan":"stdout","logger":"task"}
{"timestamp":"2025-07-29T19:21:02.458975Z","level":"info","event":"{'conn': <ConnectionAccessor (dynamic access)>,","chan":"stdout","logger":"task"}
{"timestamp":"2025-07-29T19:21:02.459071Z","level":"info","event":" 'dag': <DAG: python_operator_v1>,","chan":"stdout","logger":"task"}
{"timestamp":"2025-07-29T19:21:02.459166Z","level":"info","event":" 'dag_run': DagRun(dag_id='python_operator_v1', run_id='scheduled__2023-06-22T20:37:00+00:00', logical_date=datetime.datetime(2023, 6, 22, 20, 37, tzinfo=datetime.timezone.utc), data_interval_start=datetime.datetime(2023, 6, 22, 20, 37, tzinfo=datetime.timezone.utc), data_interval_end=datetime.datetime(2023, 6, 22, 20, 37, tzinfo=datetime.timezone.utc), run_after=datetime.datetime(2023, 6, 22, 20, 37, tzinfo=datetime.timezone.utc), start_date=datetime.datetime(2025, 7, 29, 19, 21, 1, 374360, tzinfo=datetime.timezone.utc), end_date=None, clear_number=0, run_type=<DagRunType.SCHEDULED: 'scheduled'>, conf={}, consumed_asset_events=[]),","chan":"stdout","logger":"task"}
{"timestamp":"2025-07-29T19:21:02.459228Z","level":"info","event":" 'data_interval_end': DateTime(2023, 6, 22, 20, 37, 0, tzinfo=Timezone('UTC')),","chan":"stdout","logger":"task"}
{"timestamp":"2025-07-29T19:21:02.459294Z","level":"info","event":" 'data_interval_start': DateTime(2023, 6, 22, 20, 37, 0, tzinfo=Timezone('UTC')),","chan":"stdout","logger":"task"}
{"timestamp":"2025-07-29T19:21:02.459359Z","level":"info","event":" 'ds': '2023-06-22',","chan":"stdout","logger":"task"}
{"timestamp":"2025-07-29T19:21:02.459407Z","level":"info","event":" 'ds_nodash': '20230622',","chan":"stdout","logger":"task"}
{"timestamp":"2025-07-29T19:21:02.459450Z","level":"info","event":" 'inlet_events': InletEventsAccessors(_inlets=[], _assets={}, _asset_aliases={}),","chan":"stdout","logger":"task"}
{"timestamp":"2025-07-29T19:21:02.459491Z","level":"info","event":" 'inlets': [],","chan":"stdout","logger":"task"}
{"timestamp":"2025-07-29T19:21:02.459533Z","level":"info","event":" 'logical_date': DateTime(2023, 6, 22, 20, 37, 0, tzinfo=Timezone('UTC')),","chan":"stdout","logger":"task"}
{"timestamp":"2025-07-29T19:21:02.459574Z","level":"info","event":" 'macros': <MacrosAccessor (dynamic access to macros)>,","chan":"stdout","logger":"task"}
{"timestamp":"2025-07-29T19:21:02.459615Z","level":"info","event":" 'map_index_template': None,","chan":"stdout","logger":"task"}
{"timestamp":"2025-07-29T19:21:02.459655Z","level":"info","event":" 'outlet_events': <airflow.sdk.execution_time.context.OutletEventAccessors object at 0x7fb66fd565a0>,","chan":"stdout","logger":"task"}
{"timestamp":"2025-07-29T19:21:02.459697Z","level":"info","event":" 'outlets': [],","chan":"stdout","logger":"task"}
{"timestamp":"2025-07-29T19:21:02.459738Z","level":"info","event":" 'params': {},","chan":"stdout","logger":"task"}
{"timestamp":"2025-07-29T19:21:02.475916Z","level":"info","event":" 'prev_data_interval_end_success': <Proxy at 0x7fb66fc550d0 with factory <function RuntimeTaskInstance.get_template_context.<locals>.<lambda> at 0x7fb6782840e0>>,","chan":"stdout","logger":"task"}
{"timestamp":"2025-07-29T19:21:02.476101Z","level":"info","event":" 'prev_data_interval_start_success': <Proxy at 0x7fb677ef5cd0 with factory <function RuntimeTaskInstance.get_template_context.<locals>.<lambda> at 0x7fb678285580>>,","chan":"stdout","logger":"task"}
{"timestamp":"2025-07-29T19:21:02.476164Z","level":"info","event":" 'prev_end_date_success': <Proxy at 0x7fb67cb9f980 with factory <function RuntimeTaskInstance.get_template_context.<locals>.<lambda> at 0x7fb678285620>>,","chan":"stdout","logger":"task"}
{"timestamp":"2025-07-29T19:21:02.476212Z","level":"info","event":" 'prev_start_date_success': <Proxy at 0x7fb66fc34e90 with factory <function RuntimeTaskInstance.get_template_context.<locals>.<lambda> at 0x7fb678284360>>,","chan":"stdout","logger":"task"}
{"timestamp":"2025-07-29T19:21:02.476255Z","level":"info","event":" 'run_id': 'scheduled__2023-06-22T20:37:00+00:00',","chan":"stdout","logger":"task"}
{"timestamp":"2025-07-29T19:21:02.476299Z","level":"info","event":" 'task': <Task(PythonOperator): python>,","chan":"stdout","logger":"task"}
{"timestamp":"2025-07-29T19:21:02.476342Z","level":"info","event":" 'task_instance': RuntimeTaskInstance(id=UUID('019857a1-8ab7-74f3-9cba-549f33ebfae2'), task_id='python', dag_id='python_operator_v1', run_id='scheduled__2023-06-22T20:37:00+00:00', try_number=1, map_index=-1, hostname='bf6f1e7a6f11', context_carrier={}, task=<Task(PythonOperator): python>, bundle_instance=LocalDagBundle(name=dags-folder), max_tries=0, start_date=datetime.datetime(2025, 7, 29, 19, 21, 1, 813445, tzinfo=datetime.timezone.utc), end_date=None, state=<TaskInstanceState.RUNNING: 'running'>, is_mapped=False, rendered_map_index=None, log_url='http://localhost:8080/dags/python_operator_v1/runs/scheduled__2023-06-22T20%3A37%3A00%2B00%3A00/tasks/python?try_number=1'),","chan":"stdout","logger":"task"}
{"timestamp":"2025-07-29T19:21:02.476385Z","level":"info","event":" 'task_instance_key_str': 'python_operator_v1__python__20230622',","chan":"stdout","logger":"task"}
{"timestamp":"2025-07-29T19:21:02.476426Z","level":"info","event":" 'task_reschedule_count': 0,","chan":"stdout","logger":"task"}
{"timestamp":"2025-07-29T19:21:02.476466Z","level":"info","event":" 'templates_dict': None,","chan":"stdout","logger":"task"}
{"timestamp":"2025-07-29T19:21:02.476509Z","level":"info","event":" 'ti': RuntimeTaskInstance(id=UUID('019857a1-8ab7-74f3-9cba-549f33ebfae2'), task_id='python', dag_id='python_operator_v1', run_id='scheduled__2023-06-22T20:37:00+00:00', try_number=1, map_index=-1, hostname='bf6f1e7a6f11', context_carrier={}, task=<Task(PythonOperator): python>, bundle_instance=LocalDagBundle(name=dags-folder), max_tries=0, start_date=datetime.datetime(2025, 7, 29, 19, 21, 1, 813445, tzinfo=datetime.timezone.utc), end_date=None, state=<TaskInstanceState.RUNNING: 'running'>, is_mapped=False, rendered_map_index=None, log_url='http://localhost:8080/dags/python_operator_v1/runs/scheduled__2023-06-22T20%3A37%3A00%2B00%3A00/tasks/python?try_number=1'),","chan":"stdout","logger":"task"}
{"timestamp":"2025-07-29T19:21:02.476578Z","level":"info","event":" 'triggering_asset_events': TriggeringAssetEventsAccessor(_events=defaultdict(<class 'list'>, {})),","chan":"stdout","logger":"task"}
{"timestamp":"2025-07-29T19:21:02.476626Z","level":"info","event":" 'ts': '2023-06-22T20:37:00+00:00',","chan":"stdout","logger":"task"}
{"timestamp":"2025-07-29T19:21:02.476667Z","level":"info","event":" 'ts_nodash': '20230622T203700',","chan":"stdout","logger":"task"}
{"timestamp":"2025-07-29T19:21:02.476708Z","level":"info","event":" 'ts_nodash_with_tz': '20230622T203700+0000',","chan":"stdout","logger":"task"}
{"timestamp":"2025-07-29T19:21:02.476748Z","level":"info","event":" 'var': {'json': <VariableAccessor (dynamic access)>,","chan":"stdout","logger":"task"}
{"timestamp":"2025-07-29T19:21:02.476789Z","level":"info","event":"         'value': <VariableAccessor (dynamic access)>}}","chan":"stdout","logger":"task"}
{"timestamp":"2025-07-29T19:21:02.476578","level":"info","event":"Done. Returned value was: 123","logger":"airflow.task.operators.airflow.providers.standard.operators.python.PythonOperator"}
{"timestamp":"2025-07-29T19:21:02.476743","level":"info","event":"Pushing xcom","ti":"RuntimeTaskInstance(id=UUID('019857a1-8ab7-74f3-9cba-549f33ebfae2'), task_id='python', dag_id='python_operator_v1', run_id='scheduled__2023-06-22T20:37:00+00:00', try_number=1, map_index=-1, hostname='bf6f1e7a6f11', context_carrier={}, task=<Task(PythonOperator): python>, bundle_instance=LocalDagBundle(name=dags-folder), max_tries=0, start_date=datetime.datetime(2025, 7, 29, 19, 21, 1, 813445, tzinfo=datetime.timezone.utc), end_date=None, state=<TaskInstanceState.RUNNING: 'running'>, is_mapped=False, rendered_map_index=None, log_url='http://localhost:8080/dags/python_operator_v1/runs/scheduled__2023-06-22T20%3A37%3A00%2B00%3A00/tasks/python?try_number=1')","logger":"task"}
{"timestamp":"2025-07-29T19:21:02.503673Z","level":"info","event":"Task instance in success state","chan":"stdout","logger":"task"}
{"timestamp":"2025-07-29T19:21:02.503836Z","level":"info","event":" Previous state of the Task instance: TaskInstanceState.RUNNING","chan":"stdout","logger":"task"}
{"timestamp":"2025-07-29T19:21:02.503942Z","level":"info","event":"Task operator:<Task(PythonOperator): python>","chan":"stdout","logger":"task"}
