{"timestamp":"2025-07-29T19:51:30.151055","level":"info","event":"DAG bundles loaded: dags-folder, example_dags","logger":"airflow.dag_processing.bundles.manager.DagBundlesManager"}
{"timestamp":"2025-07-29T19:51:30.151625","level":"info","event":"Filling up the DagBag from /opt/airflow/dags/2_python_operator_v1.py","logger":"airflow.models.dagbag.DagBag"}
{"timestamp":"2025-07-29T19:51:30.176618Z","level":"info","event":"Task instance is in running state","chan":"stdout","logger":"task"}
{"timestamp":"2025-07-29T19:51:30.176764Z","level":"info","event":" Previous state of the Task instance: TaskInstanceState.QUEUED","chan":"stdout","logger":"task"}
{"timestamp":"2025-07-29T19:51:30.177247Z","level":"info","event":"Current task name:python","chan":"stdout","logger":"task"}
{"timestamp":"2025-07-29T19:51:30.177349Z","level":"info","event":"Dag name:python_operator_v1","chan":"stdout","logger":"task"}
{"timestamp":"2025-07-29T19:51:30.178479Z","level":"info","event":"poliana","chan":"stdout","logger":"task"}
{"timestamp":"2025-07-29T19:51:30.179096Z","level":"info","event":"{'conn': <ConnectionAccessor (dynamic access)>,","chan":"stdout","logger":"task"}
{"timestamp":"2025-07-29T19:51:30.179201Z","level":"info","event":" 'dag': <DAG: python_operator_v1>,","chan":"stdout","logger":"task"}
{"timestamp":"2025-07-29T19:51:30.179302Z","level":"info","event":" 'dag_run': DagRun(dag_id='python_operator_v1', run_id='scheduled__2023-06-24T05:42:00+00:00', logical_date=datetime.datetime(2023, 6, 24, 5, 42, tzinfo=datetime.timezone.utc), data_interval_start=datetime.datetime(2023, 6, 24, 5, 42, tzinfo=datetime.timezone.utc), data_interval_end=datetime.datetime(2023, 6, 24, 5, 42, tzinfo=datetime.timezone.utc), run_after=datetime.datetime(2023, 6, 24, 5, 42, tzinfo=datetime.timezone.utc), start_date=datetime.datetime(2025, 7, 29, 19, 51, 29, 431763, tzinfo=datetime.timezone.utc), end_date=None, clear_number=0, run_type=<DagRunType.SCHEDULED: 'scheduled'>, conf={}, consumed_asset_events=[]),","chan":"stdout","logger":"task"}
{"timestamp":"2025-07-29T19:51:30.179362Z","level":"info","event":" 'data_interval_end': DateTime(2023, 6, 24, 5, 42, 0, tzinfo=Timezone('UTC')),","chan":"stdout","logger":"task"}
{"timestamp":"2025-07-29T19:51:30.179409Z","level":"info","event":" 'data_interval_start': DateTime(2023, 6, 24, 5, 42, 0, tzinfo=Timezone('UTC')),","chan":"stdout","logger":"task"}
{"timestamp":"2025-07-29T19:51:30.179452Z","level":"info","event":" 'ds': '2023-06-24',","chan":"stdout","logger":"task"}
{"timestamp":"2025-07-29T19:51:30.179496Z","level":"info","event":" 'ds_nodash': '20230624',","chan":"stdout","logger":"task"}
{"timestamp":"2025-07-29T19:51:30.179538Z","level":"info","event":" 'inlet_events': InletEventsAccessors(_inlets=[], _assets={}, _asset_aliases={}),","chan":"stdout","logger":"task"}
{"timestamp":"2025-07-29T19:51:30.179580Z","level":"info","event":" 'inlets': [],","chan":"stdout","logger":"task"}
{"timestamp":"2025-07-29T19:51:30.179621Z","level":"info","event":" 'logical_date': DateTime(2023, 6, 24, 5, 42, 0, tzinfo=Timezone('UTC')),","chan":"stdout","logger":"task"}
{"timestamp":"2025-07-29T19:51:30.179662Z","level":"info","event":" 'macros': <MacrosAccessor (dynamic access to macros)>,","chan":"stdout","logger":"task"}
{"timestamp":"2025-07-29T19:51:30.179703Z","level":"info","event":" 'map_index_template': None,","chan":"stdout","logger":"task"}
{"timestamp":"2025-07-29T19:51:30.179744Z","level":"info","event":" 'outlet_events': <airflow.sdk.execution_time.context.OutletEventAccessors object at 0x7fb66fcc0b90>,","chan":"stdout","logger":"task"}
{"timestamp":"2025-07-29T19:51:30.179786Z","level":"info","event":" 'outlets': [],","chan":"stdout","logger":"task"}
{"timestamp":"2025-07-29T19:51:30.179827Z","level":"info","event":" 'params': {},","chan":"stdout","logger":"task"}
{"timestamp":"2025-07-29T19:51:30.218049Z","level":"info","event":" 'prev_data_interval_end_success': <Proxy at 0x7fb66fcc07d0 with factory <function RuntimeTaskInstance.get_template_context.<locals>.<lambda> at 0x7fb66fce0ae0>>,","chan":"stdout","logger":"task"}
{"timestamp":"2025-07-29T19:51:30.218430Z","level":"info","event":" 'prev_data_interval_start_success': <Proxy at 0x7fb66fcc0860 with factory <function RuntimeTaskInstance.get_template_context.<locals>.<lambda> at 0x7fb66fcc7920>>,","chan":"stdout","logger":"task"}
{"timestamp":"2025-07-29T19:51:30.218575Z","level":"info","event":" 'prev_end_date_success': <Proxy at 0x7fb67e397e30 with factory <function RuntimeTaskInstance.get_template_context.<locals>.<lambda> at 0x7fb66fcc72e0>>,","chan":"stdout","logger":"task"}
{"timestamp":"2025-07-29T19:51:30.218637Z","level":"info","event":" 'prev_start_date_success': <Proxy at 0x7fb66fcc09b0 with factory <function RuntimeTaskInstance.get_template_context.<locals>.<lambda> at 0x7fb66fcc77e0>>,","chan":"stdout","logger":"task"}
{"timestamp":"2025-07-29T19:51:30.218700Z","level":"info","event":" 'run_id': 'scheduled__2023-06-24T05:42:00+00:00',","chan":"stdout","logger":"task"}
{"timestamp":"2025-07-29T19:51:30.218759Z","level":"info","event":" 'task': <Task(PythonOperator): python>,","chan":"stdout","logger":"task"}
{"timestamp":"2025-07-29T19:51:30.218830Z","level":"info","event":" 'task_instance': RuntimeTaskInstance(id=UUID('019857bd-6f93-7073-b3b1-005ac724250c'), task_id='python', dag_id='python_operator_v1', run_id='scheduled__2023-06-24T05:42:00+00:00', try_number=1, map_index=-1, hostname='bf6f1e7a6f11', context_carrier={}, task=<Task(PythonOperator): python>, bundle_instance=LocalDagBundle(name=dags-folder), max_tries=0, start_date=datetime.datetime(2025, 7, 29, 19, 51, 29, 632507, tzinfo=datetime.timezone.utc), end_date=None, state=<TaskInstanceState.RUNNING: 'running'>, is_mapped=False, rendered_map_index=None, log_url='http://localhost:8080/dags/python_operator_v1/runs/scheduled__2023-06-24T05%3A42%3A00%2B00%3A00/tasks/python?try_number=1'),","chan":"stdout","logger":"task"}
{"timestamp":"2025-07-29T19:51:30.218904Z","level":"info","event":" 'task_instance_key_str': 'python_operator_v1__python__20230624',","chan":"stdout","logger":"task"}
{"timestamp":"2025-07-29T19:51:30.219052Z","level":"info","event":" 'task_reschedule_count': 0,","chan":"stdout","logger":"task"}
{"timestamp":"2025-07-29T19:51:30.219164Z","level":"info","event":" 'templates_dict': None,","chan":"stdout","logger":"task"}
{"timestamp":"2025-07-29T19:51:30.219242Z","level":"info","event":" 'ti': RuntimeTaskInstance(id=UUID('019857bd-6f93-7073-b3b1-005ac724250c'), task_id='python', dag_id='python_operator_v1', run_id='scheduled__2023-06-24T05:42:00+00:00', try_number=1, map_index=-1, hostname='bf6f1e7a6f11', context_carrier={}, task=<Task(PythonOperator): python>, bundle_instance=LocalDagBundle(name=dags-folder), max_tries=0, start_date=datetime.datetime(2025, 7, 29, 19, 51, 29, 632507, tzinfo=datetime.timezone.utc), end_date=None, state=<TaskInstanceState.RUNNING: 'running'>, is_mapped=False, rendered_map_index=None, log_url='http://localhost:8080/dags/python_operator_v1/runs/scheduled__2023-06-24T05%3A42%3A00%2B00%3A00/tasks/python?try_number=1'),","chan":"stdout","logger":"task"}
{"timestamp":"2025-07-29T19:51:30.219314Z","level":"info","event":" 'triggering_asset_events': TriggeringAssetEventsAccessor(_events=defaultdict(<class 'list'>, {})),","chan":"stdout","logger":"task"}
{"timestamp":"2025-07-29T19:51:30.219382Z","level":"info","event":" 'ts': '2023-06-24T05:42:00+00:00',","chan":"stdout","logger":"task"}
{"timestamp":"2025-07-29T19:51:30.219446Z","level":"info","event":" 'ts_nodash': '20230624T054200',","chan":"stdout","logger":"task"}
{"timestamp":"2025-07-29T19:51:30.219510Z","level":"info","event":" 'ts_nodash_with_tz': '20230624T054200+0000',","chan":"stdout","logger":"task"}
{"timestamp":"2025-07-29T19:51:30.219574Z","level":"info","event":" 'var': {'json': <VariableAccessor (dynamic access)>,","chan":"stdout","logger":"task"}
{"timestamp":"2025-07-29T19:51:30.219680Z","level":"info","event":"         'value': <VariableAccessor (dynamic access)>}}","chan":"stdout","logger":"task"}
{"timestamp":"2025-07-29T19:51:30.219418","level":"info","event":"Done. Returned value was: 123","logger":"airflow.task.operators.airflow.providers.standard.operators.python.PythonOperator"}
{"timestamp":"2025-07-29T19:51:30.219762","level":"info","event":"Pushing xcom","ti":"RuntimeTaskInstance(id=UUID('019857bd-6f93-7073-b3b1-005ac724250c'), task_id='python', dag_id='python_operator_v1', run_id='scheduled__2023-06-24T05:42:00+00:00', try_number=1, map_index=-1, hostname='bf6f1e7a6f11', context_carrier={}, task=<Task(PythonOperator): python>, bundle_instance=LocalDagBundle(name=dags-folder), max_tries=0, start_date=datetime.datetime(2025, 7, 29, 19, 51, 29, 632507, tzinfo=datetime.timezone.utc), end_date=None, state=<TaskInstanceState.RUNNING: 'running'>, is_mapped=False, rendered_map_index=None, log_url='http://localhost:8080/dags/python_operator_v1/runs/scheduled__2023-06-24T05%3A42%3A00%2B00%3A00/tasks/python?try_number=1')","logger":"task"}
{"timestamp":"2025-07-29T19:51:30.250813Z","level":"info","event":"Task instance in success state","chan":"stdout","logger":"task"}
{"timestamp":"2025-07-29T19:51:30.251020Z","level":"info","event":" Previous state of the Task instance: TaskInstanceState.RUNNING","chan":"stdout","logger":"task"}
{"timestamp":"2025-07-29T19:51:30.251168Z","level":"info","event":"Task operator:<Task(PythonOperator): python>","chan":"stdout","logger":"task"}
