{"timestamp":"2025-07-29T19:40:45.351510","level":"info","event":"DAG bundles loaded: dags-folder, example_dags","logger":"airflow.dag_processing.bundles.manager.DagBundlesManager"}
{"timestamp":"2025-07-29T19:40:45.352720","level":"info","event":"Filling up the DagBag from /opt/airflow/dags/python_operator_v1.py","logger":"airflow.models.dagbag.DagBag"}
{"timestamp":"2025-07-29T19:40:45.392378Z","level":"info","event":"Task instance is in running state","chan":"stdout","logger":"task"}
{"timestamp":"2025-07-29T19:40:45.392742Z","level":"info","event":" Previous state of the Task instance: TaskInstanceState.QUEUED","chan":"stdout","logger":"task"}
{"timestamp":"2025-07-29T19:40:45.393976Z","level":"info","event":"Current task name:python","chan":"stdout","logger":"task"}
{"timestamp":"2025-07-29T19:40:45.394157Z","level":"info","event":"Dag name:python_operator_v1","chan":"stdout","logger":"task"}
{"timestamp":"2025-07-29T19:40:45.395800Z","level":"info","event":"poliana","chan":"stdout","logger":"task"}
{"timestamp":"2025-07-29T19:40:45.396917Z","level":"info","event":"{'conn': <ConnectionAccessor (dynamic access)>,","chan":"stdout","logger":"task"}
{"timestamp":"2025-07-29T19:40:45.397147Z","level":"info","event":" 'dag': <DAG: python_operator_v1>,","chan":"stdout","logger":"task"}
{"timestamp":"2025-07-29T19:40:45.397344Z","level":"info","event":" 'dag_run': DagRun(dag_id='python_operator_v1', run_id='scheduled__2023-06-23T17:57:00+00:00', logical_date=datetime.datetime(2023, 6, 23, 17, 57, tzinfo=datetime.timezone.utc), data_interval_start=datetime.datetime(2023, 6, 23, 17, 57, tzinfo=datetime.timezone.utc), data_interval_end=datetime.datetime(2023, 6, 23, 17, 57, tzinfo=datetime.timezone.utc), run_after=datetime.datetime(2023, 6, 23, 17, 57, tzinfo=datetime.timezone.utc), start_date=datetime.datetime(2025, 7, 29, 19, 40, 44, 348772, tzinfo=datetime.timezone.utc), end_date=None, clear_number=0, run_type=<DagRunType.SCHEDULED: 'scheduled'>, conf={}, consumed_asset_events=[]),","chan":"stdout","logger":"task"}
{"timestamp":"2025-07-29T19:40:45.397473Z","level":"info","event":" 'data_interval_end': DateTime(2023, 6, 23, 17, 57, 0, tzinfo=Timezone('UTC')),","chan":"stdout","logger":"task"}
{"timestamp":"2025-07-29T19:40:45.397560Z","level":"info","event":" 'data_interval_start': DateTime(2023, 6, 23, 17, 57, 0, tzinfo=Timezone('UTC')),","chan":"stdout","logger":"task"}
{"timestamp":"2025-07-29T19:40:45.397631Z","level":"info","event":" 'ds': '2023-06-23',","chan":"stdout","logger":"task"}
{"timestamp":"2025-07-29T19:40:45.397705Z","level":"info","event":" 'ds_nodash': '20230623',","chan":"stdout","logger":"task"}
{"timestamp":"2025-07-29T19:40:45.397772Z","level":"info","event":" 'inlet_events': InletEventsAccessors(_inlets=[], _assets={}, _asset_aliases={}),","chan":"stdout","logger":"task"}
{"timestamp":"2025-07-29T19:40:45.397830Z","level":"info","event":" 'inlets': [],","chan":"stdout","logger":"task"}
{"timestamp":"2025-07-29T19:40:45.397886Z","level":"info","event":" 'logical_date': DateTime(2023, 6, 23, 17, 57, 0, tzinfo=Timezone('UTC')),","chan":"stdout","logger":"task"}
{"timestamp":"2025-07-29T19:40:45.397943Z","level":"info","event":" 'macros': <MacrosAccessor (dynamic access to macros)>,","chan":"stdout","logger":"task"}
{"timestamp":"2025-07-29T19:40:45.397998Z","level":"info","event":" 'map_index_template': None,","chan":"stdout","logger":"task"}
{"timestamp":"2025-07-29T19:40:45.398051Z","level":"info","event":" 'outlet_events': <airflow.sdk.execution_time.context.OutletEventAccessors object at 0x7fb66fdbfa70>,","chan":"stdout","logger":"task"}
{"timestamp":"2025-07-29T19:40:45.398106Z","level":"info","event":" 'outlets': [],","chan":"stdout","logger":"task"}
{"timestamp":"2025-07-29T19:40:45.398159Z","level":"info","event":" 'params': {},","chan":"stdout","logger":"task"}
{"timestamp":"2025-07-29T19:40:45.412726Z","level":"info","event":" 'prev_data_interval_end_success': <Proxy at 0x7fb66fc93e30 with factory <function RuntimeTaskInstance.get_template_context.<locals>.<lambda> at 0x7fb66fcc63e0>>,","chan":"stdout","logger":"task"}
{"timestamp":"2025-07-29T19:40:45.412993Z","level":"info","event":" 'prev_data_interval_start_success': <Proxy at 0x7fb66fc93860 with factory <function RuntimeTaskInstance.get_template_context.<locals>.<lambda> at 0x7fb66fcc7b00>>,","chan":"stdout","logger":"task"}
{"timestamp":"2025-07-29T19:40:45.413097Z","level":"info","event":" 'prev_end_date_success': <Proxy at 0x7fb67ebbfe30 with factory <function RuntimeTaskInstance.get_template_context.<locals>.<lambda> at 0x7fb66fcc7ba0>>,","chan":"stdout","logger":"task"}
{"timestamp":"2025-07-29T19:40:45.413165Z","level":"info","event":" 'prev_start_date_success': <Proxy at 0x7fb66fc93bc0 with factory <function RuntimeTaskInstance.get_template_context.<locals>.<lambda> at 0x7fb66fcc68e0>>,","chan":"stdout","logger":"task"}
{"timestamp":"2025-07-29T19:40:45.413234Z","level":"info","event":" 'run_id': 'scheduled__2023-06-23T17:57:00+00:00',","chan":"stdout","logger":"task"}
{"timestamp":"2025-07-29T19:40:45.413303Z","level":"info","event":" 'task': <Task(PythonOperator): python>,","chan":"stdout","logger":"task"}
{"timestamp":"2025-07-29T19:40:45.413396Z","level":"info","event":" 'task_instance': RuntimeTaskInstance(id=UUID('019857b3-97b4-7387-9d45-68ff1ec8e0df'), task_id='python', dag_id='python_operator_v1', run_id='scheduled__2023-06-23T17:57:00+00:00', try_number=1, map_index=-1, hostname='bf6f1e7a6f11', context_carrier={}, task=<Task(PythonOperator): python>, bundle_instance=LocalDagBundle(name=dags-folder), max_tries=0, start_date=datetime.datetime(2025, 7, 29, 19, 40, 44, 801779, tzinfo=datetime.timezone.utc), end_date=None, state=<TaskInstanceState.RUNNING: 'running'>, is_mapped=False, rendered_map_index=None, log_url='http://localhost:8080/dags/python_operator_v1/runs/scheduled__2023-06-23T17%3A57%3A00%2B00%3A00/tasks/python?try_number=1'),","chan":"stdout","logger":"task"}
{"timestamp":"2025-07-29T19:40:45.413480Z","level":"info","event":" 'task_instance_key_str': 'python_operator_v1__python__20230623',","chan":"stdout","logger":"task"}
{"timestamp":"2025-07-29T19:40:45.413550Z","level":"info","event":" 'task_reschedule_count': 0,","chan":"stdout","logger":"task"}
{"timestamp":"2025-07-29T19:40:45.413616Z","level":"info","event":" 'templates_dict': None,","chan":"stdout","logger":"task"}
{"timestamp":"2025-07-29T19:40:45.413677Z","level":"info","event":" 'ti': RuntimeTaskInstance(id=UUID('019857b3-97b4-7387-9d45-68ff1ec8e0df'), task_id='python', dag_id='python_operator_v1', run_id='scheduled__2023-06-23T17:57:00+00:00', try_number=1, map_index=-1, hostname='bf6f1e7a6f11', context_carrier={}, task=<Task(PythonOperator): python>, bundle_instance=LocalDagBundle(name=dags-folder), max_tries=0, start_date=datetime.datetime(2025, 7, 29, 19, 40, 44, 801779, tzinfo=datetime.timezone.utc), end_date=None, state=<TaskInstanceState.RUNNING: 'running'>, is_mapped=False, rendered_map_index=None, log_url='http://localhost:8080/dags/python_operator_v1/runs/scheduled__2023-06-23T17%3A57%3A00%2B00%3A00/tasks/python?try_number=1'),","chan":"stdout","logger":"task"}
{"timestamp":"2025-07-29T19:40:45.413738Z","level":"info","event":" 'triggering_asset_events': TriggeringAssetEventsAccessor(_events=defaultdict(<class 'list'>, {})),","chan":"stdout","logger":"task"}
{"timestamp":"2025-07-29T19:40:45.413797Z","level":"info","event":" 'ts': '2023-06-23T17:57:00+00:00',","chan":"stdout","logger":"task"}
{"timestamp":"2025-07-29T19:40:45.413862Z","level":"info","event":" 'ts_nodash': '20230623T175700',","chan":"stdout","logger":"task"}
{"timestamp":"2025-07-29T19:40:45.413922Z","level":"info","event":" 'ts_nodash_with_tz': '20230623T175700+0000',","chan":"stdout","logger":"task"}
{"timestamp":"2025-07-29T19:40:45.414049Z","level":"info","event":" 'var': {'json': <VariableAccessor (dynamic access)>,","chan":"stdout","logger":"task"}
{"timestamp":"2025-07-29T19:40:45.414118Z","level":"info","event":"         'value': <VariableAccessor (dynamic access)>}}","chan":"stdout","logger":"task"}
{"timestamp":"2025-07-29T19:40:45.413530","level":"info","event":"Done. Returned value was: 123","logger":"airflow.task.operators.airflow.providers.standard.operators.python.PythonOperator"}
{"timestamp":"2025-07-29T19:40:45.413764","level":"info","event":"Pushing xcom","ti":"RuntimeTaskInstance(id=UUID('019857b3-97b4-7387-9d45-68ff1ec8e0df'), task_id='python', dag_id='python_operator_v1', run_id='scheduled__2023-06-23T17:57:00+00:00', try_number=1, map_index=-1, hostname='bf6f1e7a6f11', context_carrier={}, task=<Task(PythonOperator): python>, bundle_instance=LocalDagBundle(name=dags-folder), max_tries=0, start_date=datetime.datetime(2025, 7, 29, 19, 40, 44, 801779, tzinfo=datetime.timezone.utc), end_date=None, state=<TaskInstanceState.RUNNING: 'running'>, is_mapped=False, rendered_map_index=None, log_url='http://localhost:8080/dags/python_operator_v1/runs/scheduled__2023-06-23T17%3A57%3A00%2B00%3A00/tasks/python?try_number=1')","logger":"task"}
{"timestamp":"2025-07-29T19:40:45.444068Z","level":"info","event":"Task instance in success state","chan":"stdout","logger":"task"}
{"timestamp":"2025-07-29T19:40:45.444208Z","level":"info","event":" Previous state of the Task instance: TaskInstanceState.RUNNING","chan":"stdout","logger":"task"}
{"timestamp":"2025-07-29T19:40:45.444302Z","level":"info","event":"Task operator:<Task(PythonOperator): python>","chan":"stdout","logger":"task"}
