{"timestamp":"2025-07-29T19:54:37.300892","level":"info","event":"DAG bundles loaded: dags-folder, example_dags","logger":"airflow.dag_processing.bundles.manager.DagBundlesManager"}
{"timestamp":"2025-07-29T19:54:37.301546","level":"info","event":"Filling up the DagBag from /opt/airflow/dags/2_python_operator_v1.py","logger":"airflow.models.dagbag.DagBag"}
{"timestamp":"2025-07-29T19:54:37.323813Z","level":"info","event":"Task instance is in running state","chan":"stdout","logger":"task"}
{"timestamp":"2025-07-29T19:54:37.324015Z","level":"info","event":" Previous state of the Task instance: TaskInstanceState.QUEUED","chan":"stdout","logger":"task"}
{"timestamp":"2025-07-29T19:54:37.324560Z","level":"info","event":"Current task name:python","chan":"stdout","logger":"task"}
{"timestamp":"2025-07-29T19:54:37.324712Z","level":"info","event":"Dag name:python_operator_v1","chan":"stdout","logger":"task"}
{"timestamp":"2025-07-29T19:54:37.326166Z","level":"info","event":"poliana","chan":"stdout","logger":"task"}
{"timestamp":"2025-07-29T19:54:37.326819Z","level":"info","event":"{'conn': <ConnectionAccessor (dynamic access)>,","chan":"stdout","logger":"task"}
{"timestamp":"2025-07-29T19:54:37.326914Z","level":"info","event":" 'dag': <DAG: python_operator_v1>,","chan":"stdout","logger":"task"}
{"timestamp":"2025-07-29T19:54:37.327021Z","level":"info","event":" 'dag_run': DagRun(dag_id='python_operator_v1', run_id='scheduled__2023-06-24T09:14:00+00:00', logical_date=datetime.datetime(2023, 6, 24, 9, 14, tzinfo=datetime.timezone.utc), data_interval_start=datetime.datetime(2023, 6, 24, 9, 14, tzinfo=datetime.timezone.utc), data_interval_end=datetime.datetime(2023, 6, 24, 9, 14, tzinfo=datetime.timezone.utc), run_after=datetime.datetime(2023, 6, 24, 9, 14, tzinfo=datetime.timezone.utc), start_date=datetime.datetime(2025, 7, 29, 19, 54, 36, 269250, tzinfo=datetime.timezone.utc), end_date=None, clear_number=0, run_type=<DagRunType.SCHEDULED: 'scheduled'>, conf={}, consumed_asset_events=[]),","chan":"stdout","logger":"task"}
{"timestamp":"2025-07-29T19:54:37.327103Z","level":"info","event":" 'data_interval_end': DateTime(2023, 6, 24, 9, 14, 0, tzinfo=Timezone('UTC')),","chan":"stdout","logger":"task"}
{"timestamp":"2025-07-29T19:54:37.327163Z","level":"info","event":" 'data_interval_start': DateTime(2023, 6, 24, 9, 14, 0, tzinfo=Timezone('UTC')),","chan":"stdout","logger":"task"}
{"timestamp":"2025-07-29T19:54:37.327210Z","level":"info","event":" 'ds': '2023-06-24',","chan":"stdout","logger":"task"}
{"timestamp":"2025-07-29T19:54:37.327254Z","level":"info","event":" 'ds_nodash': '20230624',","chan":"stdout","logger":"task"}
{"timestamp":"2025-07-29T19:54:37.327296Z","level":"info","event":" 'inlet_events': InletEventsAccessors(_inlets=[], _assets={}, _asset_aliases={}),","chan":"stdout","logger":"task"}
{"timestamp":"2025-07-29T19:54:37.327336Z","level":"info","event":" 'inlets': [],","chan":"stdout","logger":"task"}
{"timestamp":"2025-07-29T19:54:37.327406Z","level":"info","event":" 'logical_date': DateTime(2023, 6, 24, 9, 14, 0, tzinfo=Timezone('UTC')),","chan":"stdout","logger":"task"}
{"timestamp":"2025-07-29T19:54:37.327452Z","level":"info","event":" 'macros': <MacrosAccessor (dynamic access to macros)>,","chan":"stdout","logger":"task"}
{"timestamp":"2025-07-29T19:54:37.327494Z","level":"info","event":" 'map_index_template': None,","chan":"stdout","logger":"task"}
{"timestamp":"2025-07-29T19:54:37.327535Z","level":"info","event":" 'outlet_events': <airflow.sdk.execution_time.context.OutletEventAccessors object at 0x7fb66fd066f0>,","chan":"stdout","logger":"task"}
{"timestamp":"2025-07-29T19:54:37.327581Z","level":"info","event":" 'outlets': [],","chan":"stdout","logger":"task"}
{"timestamp":"2025-07-29T19:54:37.327621Z","level":"info","event":" 'params': {},","chan":"stdout","logger":"task"}
{"timestamp":"2025-07-29T19:54:37.338850Z","level":"info","event":" 'prev_data_interval_end_success': <Proxy at 0x7fb66fc906e0 with factory <function RuntimeTaskInstance.get_template_context.<locals>.<lambda> at 0x7fb66fc99e40>>,","chan":"stdout","logger":"task"}
{"timestamp":"2025-07-29T19:54:37.339079Z","level":"info","event":" 'prev_data_interval_start_success': <Proxy at 0x7fb66fc90890 with factory <function RuntimeTaskInstance.get_template_context.<locals>.<lambda> at 0x7fb66fc9b560>>,","chan":"stdout","logger":"task"}
{"timestamp":"2025-07-29T19:54:37.339159Z","level":"info","event":" 'prev_end_date_success': <Proxy at 0x7fb67ebefe30 with factory <function RuntimeTaskInstance.get_template_context.<locals>.<lambda> at 0x7fb66fc9b600>>,","chan":"stdout","logger":"task"}
{"timestamp":"2025-07-29T19:54:37.339235Z","level":"info","event":" 'prev_start_date_success': <Proxy at 0x7fb66fdcf290 with factory <function RuntimeTaskInstance.get_template_context.<locals>.<lambda> at 0x7fb66fc9a340>>,","chan":"stdout","logger":"task"}
{"timestamp":"2025-07-29T19:54:37.339308Z","level":"info","event":" 'run_id': 'scheduled__2023-06-24T09:14:00+00:00',","chan":"stdout","logger":"task"}
{"timestamp":"2025-07-29T19:54:37.339387Z","level":"info","event":" 'task': <Task(PythonOperator): python>,","chan":"stdout","logger":"task"}
{"timestamp":"2025-07-29T19:54:37.339464Z","level":"info","event":" 'task_instance': RuntimeTaskInstance(id=UUID('019857c0-4966-77c1-8903-e26f12566bae'), task_id='python', dag_id='python_operator_v1', run_id='scheduled__2023-06-24T09:14:00+00:00', try_number=1, map_index=-1, hostname='bf6f1e7a6f11', context_carrier={}, task=<Task(PythonOperator): python>, bundle_instance=LocalDagBundle(name=dags-folder), max_tries=0, start_date=datetime.datetime(2025, 7, 29, 19, 54, 36, 620938, tzinfo=datetime.timezone.utc), end_date=None, state=<TaskInstanceState.RUNNING: 'running'>, is_mapped=False, rendered_map_index=None, log_url='http://localhost:8080/dags/python_operator_v1/runs/scheduled__2023-06-24T09%3A14%3A00%2B00%3A00/tasks/python?try_number=1'),","chan":"stdout","logger":"task"}
{"timestamp":"2025-07-29T19:54:37.339535Z","level":"info","event":" 'task_instance_key_str': 'python_operator_v1__python__20230624',","chan":"stdout","logger":"task"}
{"timestamp":"2025-07-29T19:54:37.339593Z","level":"info","event":" 'task_reschedule_count': 0,","chan":"stdout","logger":"task"}
{"timestamp":"2025-07-29T19:54:37.339661Z","level":"info","event":" 'templates_dict': None,","chan":"stdout","logger":"task"}
{"timestamp":"2025-07-29T19:54:37.339786Z","level":"info","event":" 'ti': RuntimeTaskInstance(id=UUID('019857c0-4966-77c1-8903-e26f12566bae'), task_id='python', dag_id='python_operator_v1', run_id='scheduled__2023-06-24T09:14:00+00:00', try_number=1, map_index=-1, hostname='bf6f1e7a6f11', context_carrier={}, task=<Task(PythonOperator): python>, bundle_instance=LocalDagBundle(name=dags-folder), max_tries=0, start_date=datetime.datetime(2025, 7, 29, 19, 54, 36, 620938, tzinfo=datetime.timezone.utc), end_date=None, state=<TaskInstanceState.RUNNING: 'running'>, is_mapped=False, rendered_map_index=None, log_url='http://localhost:8080/dags/python_operator_v1/runs/scheduled__2023-06-24T09%3A14%3A00%2B00%3A00/tasks/python?try_number=1'),","chan":"stdout","logger":"task"}
{"timestamp":"2025-07-29T19:54:37.339895Z","level":"info","event":" 'triggering_asset_events': TriggeringAssetEventsAccessor(_events=defaultdict(<class 'list'>, {})),","chan":"stdout","logger":"task"}
{"timestamp":"2025-07-29T19:54:37.339953Z","level":"info","event":" 'ts': '2023-06-24T09:14:00+00:00',","chan":"stdout","logger":"task"}
{"timestamp":"2025-07-29T19:54:37.339997Z","level":"info","event":" 'ts_nodash': '20230624T091400',","chan":"stdout","logger":"task"}
{"timestamp":"2025-07-29T19:54:37.340039Z","level":"info","event":" 'ts_nodash_with_tz': '20230624T091400+0000',","chan":"stdout","logger":"task"}
{"timestamp":"2025-07-29T19:54:37.340098Z","level":"info","event":" 'var': {'json': <VariableAccessor (dynamic access)>,","chan":"stdout","logger":"task"}
{"timestamp":"2025-07-29T19:54:37.340146Z","level":"info","event":"         'value': <VariableAccessor (dynamic access)>}}","chan":"stdout","logger":"task"}
{"timestamp":"2025-07-29T19:54:37.339845","level":"info","event":"Done. Returned value was: 123","logger":"airflow.task.operators.airflow.providers.standard.operators.python.PythonOperator"}
{"timestamp":"2025-07-29T19:54:37.340107","level":"info","event":"Pushing xcom","ti":"RuntimeTaskInstance(id=UUID('019857c0-4966-77c1-8903-e26f12566bae'), task_id='python', dag_id='python_operator_v1', run_id='scheduled__2023-06-24T09:14:00+00:00', try_number=1, map_index=-1, hostname='bf6f1e7a6f11', context_carrier={}, task=<Task(PythonOperator): python>, bundle_instance=LocalDagBundle(name=dags-folder), max_tries=0, start_date=datetime.datetime(2025, 7, 29, 19, 54, 36, 620938, tzinfo=datetime.timezone.utc), end_date=None, state=<TaskInstanceState.RUNNING: 'running'>, is_mapped=False, rendered_map_index=None, log_url='http://localhost:8080/dags/python_operator_v1/runs/scheduled__2023-06-24T09%3A14%3A00%2B00%3A00/tasks/python?try_number=1')","logger":"task"}
{"timestamp":"2025-07-29T19:54:37.362325Z","level":"info","event":"Task instance in success state","chan":"stdout","logger":"task"}
{"timestamp":"2025-07-29T19:54:37.362494Z","level":"info","event":" Previous state of the Task instance: TaskInstanceState.RUNNING","chan":"stdout","logger":"task"}
{"timestamp":"2025-07-29T19:54:37.362710Z","level":"info","event":"Task operator:<Task(PythonOperator): python>","chan":"stdout","logger":"task"}
