{"timestamp":"2025-07-29T19:28:54.907509","level":"info","event":"DAG bundles loaded: dags-folder, example_dags","logger":"airflow.dag_processing.bundles.manager.DagBundlesManager"}
{"timestamp":"2025-07-29T19:28:54.908036","level":"info","event":"Filling up the DagBag from /opt/airflow/dags/python_operator_v1.py","logger":"airflow.models.dagbag.DagBag"}
{"timestamp":"2025-07-29T19:28:54.931351Z","level":"info","event":"Task instance is in running state","chan":"stdout","logger":"task"}
{"timestamp":"2025-07-29T19:28:54.931575Z","level":"info","event":" Previous state of the Task instance: TaskInstanceState.QUEUED","chan":"stdout","logger":"task"}
{"timestamp":"2025-07-29T19:28:54.932137Z","level":"info","event":"Current task name:python","chan":"stdout","logger":"task"}
{"timestamp":"2025-07-29T19:28:54.932229Z","level":"info","event":"Dag name:python_operator_v1","chan":"stdout","logger":"task"}
{"timestamp":"2025-07-29T19:28:54.933308Z","level":"info","event":"poliana","chan":"stdout","logger":"task"}
{"timestamp":"2025-07-29T19:28:54.933909Z","level":"info","event":"{'conn': <ConnectionAccessor (dynamic access)>,","chan":"stdout","logger":"task"}
{"timestamp":"2025-07-29T19:28:54.934000Z","level":"info","event":" 'dag': <DAG: python_operator_v1>,","chan":"stdout","logger":"task"}
{"timestamp":"2025-07-29T19:28:54.934130Z","level":"info","event":" 'dag_run': DagRun(dag_id='python_operator_v1', run_id='scheduled__2023-06-23T05:13:00+00:00', logical_date=datetime.datetime(2023, 6, 23, 5, 13, tzinfo=datetime.timezone.utc), data_interval_start=datetime.datetime(2023, 6, 23, 5, 13, tzinfo=datetime.timezone.utc), data_interval_end=datetime.datetime(2023, 6, 23, 5, 13, tzinfo=datetime.timezone.utc), run_after=datetime.datetime(2023, 6, 23, 5, 13, tzinfo=datetime.timezone.utc), start_date=datetime.datetime(2025, 7, 29, 19, 28, 53, 730076, tzinfo=datetime.timezone.utc), end_date=None, clear_number=0, run_type=<DagRunType.SCHEDULED: 'scheduled'>, conf={}, consumed_asset_events=[]),","chan":"stdout","logger":"task"}
{"timestamp":"2025-07-29T19:28:54.934228Z","level":"info","event":" 'data_interval_end': DateTime(2023, 6, 23, 5, 13, 0, tzinfo=Timezone('UTC')),","chan":"stdout","logger":"task"}
{"timestamp":"2025-07-29T19:28:54.934285Z","level":"info","event":" 'data_interval_start': DateTime(2023, 6, 23, 5, 13, 0, tzinfo=Timezone('UTC')),","chan":"stdout","logger":"task"}
{"timestamp":"2025-07-29T19:28:54.934329Z","level":"info","event":" 'ds': '2023-06-23',","chan":"stdout","logger":"task"}
{"timestamp":"2025-07-29T19:28:54.934373Z","level":"info","event":" 'ds_nodash': '20230623',","chan":"stdout","logger":"task"}
{"timestamp":"2025-07-29T19:28:54.934415Z","level":"info","event":" 'inlet_events': InletEventsAccessors(_inlets=[], _assets={}, _asset_aliases={}),","chan":"stdout","logger":"task"}
{"timestamp":"2025-07-29T19:28:54.934456Z","level":"info","event":" 'inlets': [],","chan":"stdout","logger":"task"}
{"timestamp":"2025-07-29T19:28:54.934497Z","level":"info","event":" 'logical_date': DateTime(2023, 6, 23, 5, 13, 0, tzinfo=Timezone('UTC')),","chan":"stdout","logger":"task"}
{"timestamp":"2025-07-29T19:28:54.934537Z","level":"info","event":" 'macros': <MacrosAccessor (dynamic access to macros)>,","chan":"stdout","logger":"task"}
{"timestamp":"2025-07-29T19:28:54.934577Z","level":"info","event":" 'map_index_template': None,","chan":"stdout","logger":"task"}
{"timestamp":"2025-07-29T19:28:54.934619Z","level":"info","event":" 'outlet_events': <airflow.sdk.execution_time.context.OutletEventAccessors object at 0x7fb67e397920>,","chan":"stdout","logger":"task"}
{"timestamp":"2025-07-29T19:28:54.934660Z","level":"info","event":" 'outlets': [],","chan":"stdout","logger":"task"}
{"timestamp":"2025-07-29T19:28:54.934701Z","level":"info","event":" 'params': {},","chan":"stdout","logger":"task"}
{"timestamp":"2025-07-29T19:28:54.943797Z","level":"info","event":" 'prev_data_interval_end_success': <Proxy at 0x7fb66fc7a1e0 with factory <function RuntimeTaskInstance.get_template_context.<locals>.<lambda> at 0x7fb66fc8a520>>,","chan":"stdout","logger":"task"}
{"timestamp":"2025-07-29T19:28:54.943995Z","level":"info","event":" 'prev_data_interval_start_success': <Proxy at 0x7fb66fc7a030 with factory <function RuntimeTaskInstance.get_template_context.<locals>.<lambda> at 0x7fb66fc8bc40>>,","chan":"stdout","logger":"task"}
{"timestamp":"2025-07-29T19:28:54.944070Z","level":"info","event":" 'prev_end_date_success': <Proxy at 0x7fb678277e30 with factory <function RuntimeTaskInstance.get_template_context.<locals>.<lambda> at 0x7fb66fc8bce0>>,","chan":"stdout","logger":"task"}
{"timestamp":"2025-07-29T19:28:54.944118Z","level":"info","event":" 'prev_start_date_success': <Proxy at 0x7fb66fc4daf0 with factory <function RuntimeTaskInstance.get_template_context.<locals>.<lambda> at 0x7fb66fc8aa20>>,","chan":"stdout","logger":"task"}
{"timestamp":"2025-07-29T19:28:54.944163Z","level":"info","event":" 'run_id': 'scheduled__2023-06-23T05:13:00+00:00',","chan":"stdout","logger":"task"}
{"timestamp":"2025-07-29T19:28:54.944207Z","level":"info","event":" 'task': <Task(PythonOperator): python>,","chan":"stdout","logger":"task"}
{"timestamp":"2025-07-29T19:28:54.944253Z","level":"info","event":" 'task_instance': RuntimeTaskInstance(id=UUID('019857a8-bfcf-7cb0-813a-698fde5064d4'), task_id='python', dag_id='python_operator_v1', run_id='scheduled__2023-06-23T05:13:00+00:00', try_number=1, map_index=-1, hostname='bf6f1e7a6f11', context_carrier={}, task=<Task(PythonOperator): python>, bundle_instance=LocalDagBundle(name=dags-folder), max_tries=0, start_date=datetime.datetime(2025, 7, 29, 19, 28, 54, 360971, tzinfo=datetime.timezone.utc), end_date=None, state=<TaskInstanceState.RUNNING: 'running'>, is_mapped=False, rendered_map_index=None, log_url='http://localhost:8080/dags/python_operator_v1/runs/scheduled__2023-06-23T05%3A13%3A00%2B00%3A00/tasks/python?try_number=1'),","chan":"stdout","logger":"task"}
{"timestamp":"2025-07-29T19:28:54.944300Z","level":"info","event":" 'task_instance_key_str': 'python_operator_v1__python__20230623',","chan":"stdout","logger":"task"}
{"timestamp":"2025-07-29T19:28:54.944344Z","level":"info","event":" 'task_reschedule_count': 0,","chan":"stdout","logger":"task"}
{"timestamp":"2025-07-29T19:28:54.944385Z","level":"info","event":" 'templates_dict': None,","chan":"stdout","logger":"task"}
{"timestamp":"2025-07-29T19:28:54.944427Z","level":"info","event":" 'ti': RuntimeTaskInstance(id=UUID('019857a8-bfcf-7cb0-813a-698fde5064d4'), task_id='python', dag_id='python_operator_v1', run_id='scheduled__2023-06-23T05:13:00+00:00', try_number=1, map_index=-1, hostname='bf6f1e7a6f11', context_carrier={}, task=<Task(PythonOperator): python>, bundle_instance=LocalDagBundle(name=dags-folder), max_tries=0, start_date=datetime.datetime(2025, 7, 29, 19, 28, 54, 360971, tzinfo=datetime.timezone.utc), end_date=None, state=<TaskInstanceState.RUNNING: 'running'>, is_mapped=False, rendered_map_index=None, log_url='http://localhost:8080/dags/python_operator_v1/runs/scheduled__2023-06-23T05%3A13%3A00%2B00%3A00/tasks/python?try_number=1'),","chan":"stdout","logger":"task"}
{"timestamp":"2025-07-29T19:28:54.944501Z","level":"info","event":" 'triggering_asset_events': TriggeringAssetEventsAccessor(_events=defaultdict(<class 'list'>, {})),","chan":"stdout","logger":"task"}
{"timestamp":"2025-07-29T19:28:54.944551Z","level":"info","event":" 'ts': '2023-06-23T05:13:00+00:00',","chan":"stdout","logger":"task"}
{"timestamp":"2025-07-29T19:28:54.944595Z","level":"info","event":" 'ts_nodash': '20230623T051300',","chan":"stdout","logger":"task"}
{"timestamp":"2025-07-29T19:28:54.944637Z","level":"info","event":" 'ts_nodash_with_tz': '20230623T051300+0000',","chan":"stdout","logger":"task"}
{"timestamp":"2025-07-29T19:28:54.944678Z","level":"info","event":" 'var': {'json': <VariableAccessor (dynamic access)>,","chan":"stdout","logger":"task"}
{"timestamp":"2025-07-29T19:28:54.944722Z","level":"info","event":"         'value': <VariableAccessor (dynamic access)>}}","chan":"stdout","logger":"task"}
{"timestamp":"2025-07-29T19:28:54.944601","level":"info","event":"Done. Returned value was: 123","logger":"airflow.task.operators.airflow.providers.standard.operators.python.PythonOperator"}
{"timestamp":"2025-07-29T19:28:54.944830","level":"info","event":"Pushing xcom","ti":"RuntimeTaskInstance(id=UUID('019857a8-bfcf-7cb0-813a-698fde5064d4'), task_id='python', dag_id='python_operator_v1', run_id='scheduled__2023-06-23T05:13:00+00:00', try_number=1, map_index=-1, hostname='bf6f1e7a6f11', context_carrier={}, task=<Task(PythonOperator): python>, bundle_instance=LocalDagBundle(name=dags-folder), max_tries=0, start_date=datetime.datetime(2025, 7, 29, 19, 28, 54, 360971, tzinfo=datetime.timezone.utc), end_date=None, state=<TaskInstanceState.RUNNING: 'running'>, is_mapped=False, rendered_map_index=None, log_url='http://localhost:8080/dags/python_operator_v1/runs/scheduled__2023-06-23T05%3A13%3A00%2B00%3A00/tasks/python?try_number=1')","logger":"task"}
{"timestamp":"2025-07-29T19:28:54.967719Z","level":"info","event":"Task instance in success state","chan":"stdout","logger":"task"}
{"timestamp":"2025-07-29T19:28:54.967851Z","level":"info","event":" Previous state of the Task instance: TaskInstanceState.RUNNING","chan":"stdout","logger":"task"}
{"timestamp":"2025-07-29T19:28:54.967938Z","level":"info","event":"Task operator:<Task(PythonOperator): python>","chan":"stdout","logger":"task"}
