{"timestamp":"2025-07-29T19:28:12.500084","level":"info","event":"DAG bundles loaded: dags-folder, example_dags","logger":"airflow.dag_processing.bundles.manager.DagBundlesManager"}
{"timestamp":"2025-07-29T19:28:12.500661","level":"info","event":"Filling up the DagBag from /opt/airflow/dags/python_operator_v1.py","logger":"airflow.models.dagbag.DagBag"}
{"timestamp":"2025-07-29T19:28:12.526480Z","level":"info","event":"Task instance is in running state","chan":"stdout","logger":"task"}
{"timestamp":"2025-07-29T19:28:12.526688Z","level":"info","event":" Previous state of the Task instance: TaskInstanceState.QUEUED","chan":"stdout","logger":"task"}
{"timestamp":"2025-07-29T19:28:12.527151Z","level":"info","event":"Current task name:python","chan":"stdout","logger":"task"}
{"timestamp":"2025-07-29T19:28:12.527260Z","level":"info","event":"Dag name:python_operator_v1","chan":"stdout","logger":"task"}
{"timestamp":"2025-07-29T19:28:12.528260Z","level":"info","event":"poliana","chan":"stdout","logger":"task"}
{"timestamp":"2025-07-29T19:28:12.528811Z","level":"info","event":"{'conn': <ConnectionAccessor (dynamic access)>,","chan":"stdout","logger":"task"}
{"timestamp":"2025-07-29T19:28:12.528905Z","level":"info","event":" 'dag': <DAG: python_operator_v1>,","chan":"stdout","logger":"task"}
{"timestamp":"2025-07-29T19:28:12.529000Z","level":"info","event":" 'dag_run': DagRun(dag_id='python_operator_v1', run_id='scheduled__2023-06-23T04:25:00+00:00', logical_date=datetime.datetime(2023, 6, 23, 4, 25, tzinfo=datetime.timezone.utc), data_interval_start=datetime.datetime(2023, 6, 23, 4, 25, tzinfo=datetime.timezone.utc), data_interval_end=datetime.datetime(2023, 6, 23, 4, 25, tzinfo=datetime.timezone.utc), run_after=datetime.datetime(2023, 6, 23, 4, 25, tzinfo=datetime.timezone.utc), start_date=datetime.datetime(2025, 7, 29, 19, 28, 11, 653947, tzinfo=datetime.timezone.utc), end_date=None, clear_number=0, run_type=<DagRunType.SCHEDULED: 'scheduled'>, conf={}, consumed_asset_events=[]),","chan":"stdout","logger":"task"}
{"timestamp":"2025-07-29T19:28:12.529057Z","level":"info","event":" 'data_interval_end': DateTime(2023, 6, 23, 4, 25, 0, tzinfo=Timezone('UTC')),","chan":"stdout","logger":"task"}
{"timestamp":"2025-07-29T19:28:12.529106Z","level":"info","event":" 'data_interval_start': DateTime(2023, 6, 23, 4, 25, 0, tzinfo=Timezone('UTC')),","chan":"stdout","logger":"task"}
{"timestamp":"2025-07-29T19:28:12.529150Z","level":"info","event":" 'ds': '2023-06-23',","chan":"stdout","logger":"task"}
{"timestamp":"2025-07-29T19:28:12.529192Z","level":"info","event":" 'ds_nodash': '20230623',","chan":"stdout","logger":"task"}
{"timestamp":"2025-07-29T19:28:12.529233Z","level":"info","event":" 'inlet_events': InletEventsAccessors(_inlets=[], _assets={}, _asset_aliases={}),","chan":"stdout","logger":"task"}
{"timestamp":"2025-07-29T19:28:12.529274Z","level":"info","event":" 'inlets': [],","chan":"stdout","logger":"task"}
{"timestamp":"2025-07-29T19:28:12.529316Z","level":"info","event":" 'logical_date': DateTime(2023, 6, 23, 4, 25, 0, tzinfo=Timezone('UTC')),","chan":"stdout","logger":"task"}
{"timestamp":"2025-07-29T19:28:12.529357Z","level":"info","event":" 'macros': <MacrosAccessor (dynamic access to macros)>,","chan":"stdout","logger":"task"}
{"timestamp":"2025-07-29T19:28:12.529397Z","level":"info","event":" 'map_index_template': None,","chan":"stdout","logger":"task"}
{"timestamp":"2025-07-29T19:28:12.529460Z","level":"info","event":" 'outlet_events': <airflow.sdk.execution_time.context.OutletEventAccessors object at 0x7fb66fdf4c50>,","chan":"stdout","logger":"task"}
{"timestamp":"2025-07-29T19:28:12.529507Z","level":"info","event":" 'outlets': [],","chan":"stdout","logger":"task"}
{"timestamp":"2025-07-29T19:28:12.529549Z","level":"info","event":" 'params': {},","chan":"stdout","logger":"task"}
{"timestamp":"2025-07-29T19:28:12.539014Z","level":"info","event":" 'prev_data_interval_end_success': <Proxy at 0x7fb66fc68500 with factory <function RuntimeTaskInstance.get_template_context.<locals>.<lambda> at 0x7fb66fc5c0e0>>,","chan":"stdout","logger":"task"}
{"timestamp":"2025-07-29T19:28:12.539237Z","level":"info","event":" 'prev_data_interval_start_success': <Proxy at 0x7fb66fc680b0 with factory <function RuntimeTaskInstance.get_template_context.<locals>.<lambda> at 0x7fb66fc5d580>>,","chan":"stdout","logger":"task"}
{"timestamp":"2025-07-29T19:28:12.539321Z","level":"info","event":" 'prev_end_date_success': <Proxy at 0x7fb66fc33ce0 with factory <function RuntimeTaskInstance.get_template_context.<locals>.<lambda> at 0x7fb66fc5d620>>,","chan":"stdout","logger":"task"}
{"timestamp":"2025-07-29T19:28:12.539392Z","level":"info","event":" 'prev_start_date_success': <Proxy at 0x7fb66fc30050 with factory <function RuntimeTaskInstance.get_template_context.<locals>.<lambda> at 0x7fb66fc5c360>>,","chan":"stdout","logger":"task"}
{"timestamp":"2025-07-29T19:28:12.539468Z","level":"info","event":" 'run_id': 'scheduled__2023-06-23T04:25:00+00:00',","chan":"stdout","logger":"task"}
{"timestamp":"2025-07-29T19:28:12.539526Z","level":"info","event":" 'task': <Task(PythonOperator): python>,","chan":"stdout","logger":"task"}
{"timestamp":"2025-07-29T19:28:12.539593Z","level":"info","event":" 'task_instance': RuntimeTaskInstance(id=UUID('019857a8-1b7e-79f2-a909-94774b3eac85'), task_id='python', dag_id='python_operator_v1', run_id='scheduled__2023-06-23T04:25:00+00:00', try_number=1, map_index=-1, hostname='bf6f1e7a6f11', context_carrier={}, task=<Task(PythonOperator): python>, bundle_instance=LocalDagBundle(name=dags-folder), max_tries=0, start_date=datetime.datetime(2025, 7, 29, 19, 28, 11, 953253, tzinfo=datetime.timezone.utc), end_date=None, state=<TaskInstanceState.RUNNING: 'running'>, is_mapped=False, rendered_map_index=None, log_url='http://localhost:8080/dags/python_operator_v1/runs/scheduled__2023-06-23T04%3A25%3A00%2B00%3A00/tasks/python?try_number=1'),","chan":"stdout","logger":"task"}
{"timestamp":"2025-07-29T19:28:12.539642Z","level":"info","event":" 'task_instance_key_str': 'python_operator_v1__python__20230623',","chan":"stdout","logger":"task"}
{"timestamp":"2025-07-29T19:28:12.539692Z","level":"info","event":" 'task_reschedule_count': 0,","chan":"stdout","logger":"task"}
{"timestamp":"2025-07-29T19:28:12.539738Z","level":"info","event":" 'templates_dict': None,","chan":"stdout","logger":"task"}
{"timestamp":"2025-07-29T19:28:12.539816Z","level":"info","event":" 'ti': RuntimeTaskInstance(id=UUID('019857a8-1b7e-79f2-a909-94774b3eac85'), task_id='python', dag_id='python_operator_v1', run_id='scheduled__2023-06-23T04:25:00+00:00', try_number=1, map_index=-1, hostname='bf6f1e7a6f11', context_carrier={}, task=<Task(PythonOperator): python>, bundle_instance=LocalDagBundle(name=dags-folder), max_tries=0, start_date=datetime.datetime(2025, 7, 29, 19, 28, 11, 953253, tzinfo=datetime.timezone.utc), end_date=None, state=<TaskInstanceState.RUNNING: 'running'>, is_mapped=False, rendered_map_index=None, log_url='http://localhost:8080/dags/python_operator_v1/runs/scheduled__2023-06-23T04%3A25%3A00%2B00%3A00/tasks/python?try_number=1'),","chan":"stdout","logger":"task"}
{"timestamp":"2025-07-29T19:28:12.539866Z","level":"info","event":" 'triggering_asset_events': TriggeringAssetEventsAccessor(_events=defaultdict(<class 'list'>, {})),","chan":"stdout","logger":"task"}
{"timestamp":"2025-07-29T19:28:12.539927Z","level":"info","event":" 'ts': '2023-06-23T04:25:00+00:00',","chan":"stdout","logger":"task"}
{"timestamp":"2025-07-29T19:28:12.539988Z","level":"info","event":" 'ts_nodash': '20230623T042500',","chan":"stdout","logger":"task"}
{"timestamp":"2025-07-29T19:28:12.540062Z","level":"info","event":" 'ts_nodash_with_tz': '20230623T042500+0000',","chan":"stdout","logger":"task"}
{"timestamp":"2025-07-29T19:28:12.540112Z","level":"info","event":" 'var': {'json': <VariableAccessor (dynamic access)>,","chan":"stdout","logger":"task"}
{"timestamp":"2025-07-29T19:28:12.540154Z","level":"info","event":"         'value': <VariableAccessor (dynamic access)>}}","chan":"stdout","logger":"task"}
{"timestamp":"2025-07-29T19:28:12.539973","level":"info","event":"Done. Returned value was: 123","logger":"airflow.task.operators.airflow.providers.standard.operators.python.PythonOperator"}
{"timestamp":"2025-07-29T19:28:12.540203","level":"info","event":"Pushing xcom","ti":"RuntimeTaskInstance(id=UUID('019857a8-1b7e-79f2-a909-94774b3eac85'), task_id='python', dag_id='python_operator_v1', run_id='scheduled__2023-06-23T04:25:00+00:00', try_number=1, map_index=-1, hostname='bf6f1e7a6f11', context_carrier={}, task=<Task(PythonOperator): python>, bundle_instance=LocalDagBundle(name=dags-folder), max_tries=0, start_date=datetime.datetime(2025, 7, 29, 19, 28, 11, 953253, tzinfo=datetime.timezone.utc), end_date=None, state=<TaskInstanceState.RUNNING: 'running'>, is_mapped=False, rendered_map_index=None, log_url='http://localhost:8080/dags/python_operator_v1/runs/scheduled__2023-06-23T04%3A25%3A00%2B00%3A00/tasks/python?try_number=1')","logger":"task"}
{"timestamp":"2025-07-29T19:28:12.564911Z","level":"info","event":"Task instance in success state","chan":"stdout","logger":"task"}
{"timestamp":"2025-07-29T19:28:12.565081Z","level":"info","event":" Previous state of the Task instance: TaskInstanceState.RUNNING","chan":"stdout","logger":"task"}
{"timestamp":"2025-07-29T19:28:12.565212Z","level":"info","event":"Task operator:<Task(PythonOperator): python>","chan":"stdout","logger":"task"}
