{"timestamp":"2025-07-29T19:25:44.417244","level":"info","event":"DAG bundles loaded: dags-folder, example_dags","logger":"airflow.dag_processing.bundles.manager.DagBundlesManager"}
{"timestamp":"2025-07-29T19:25:44.418509","level":"info","event":"Filling up the DagBag from /opt/airflow/dags/python_operator_v1.py","logger":"airflow.models.dagbag.DagBag"}
{"timestamp":"2025-07-29T19:25:44.460073Z","level":"info","event":"Task instance is in running state","chan":"stdout","logger":"task"}
{"timestamp":"2025-07-29T19:25:44.460227Z","level":"info","event":" Previous state of the Task instance: TaskInstanceState.QUEUED","chan":"stdout","logger":"task"}
{"timestamp":"2025-07-29T19:25:44.460654Z","level":"info","event":"Current task name:python","chan":"stdout","logger":"task"}
{"timestamp":"2025-07-29T19:25:44.460742Z","level":"info","event":"Dag name:python_operator_v1","chan":"stdout","logger":"task"}
{"timestamp":"2025-07-29T19:25:44.461828Z","level":"info","event":"poliana","chan":"stdout","logger":"task"}
{"timestamp":"2025-07-29T19:25:44.462484Z","level":"info","event":"{'conn': <ConnectionAccessor (dynamic access)>,","chan":"stdout","logger":"task"}
{"timestamp":"2025-07-29T19:25:44.462574Z","level":"info","event":" 'dag': <DAG: python_operator_v1>,","chan":"stdout","logger":"task"}
{"timestamp":"2025-07-29T19:25:44.462668Z","level":"info","event":" 'dag_run': DagRun(dag_id='python_operator_v1', run_id='scheduled__2023-06-23T01:42:00+00:00', logical_date=datetime.datetime(2023, 6, 23, 1, 42, tzinfo=datetime.timezone.utc), data_interval_start=datetime.datetime(2023, 6, 23, 1, 42, tzinfo=datetime.timezone.utc), data_interval_end=datetime.datetime(2023, 6, 23, 1, 42, tzinfo=datetime.timezone.utc), run_after=datetime.datetime(2023, 6, 23, 1, 42, tzinfo=datetime.timezone.utc), start_date=datetime.datetime(2025, 7, 29, 19, 25, 43, 553705, tzinfo=datetime.timezone.utc), end_date=None, clear_number=0, run_type=<DagRunType.SCHEDULED: 'scheduled'>, conf={}, consumed_asset_events=[]),","chan":"stdout","logger":"task"}
{"timestamp":"2025-07-29T19:25:44.462723Z","level":"info","event":" 'data_interval_end': DateTime(2023, 6, 23, 1, 42, 0, tzinfo=Timezone('UTC')),","chan":"stdout","logger":"task"}
{"timestamp":"2025-07-29T19:25:44.462769Z","level":"info","event":" 'data_interval_start': DateTime(2023, 6, 23, 1, 42, 0, tzinfo=Timezone('UTC')),","chan":"stdout","logger":"task"}
{"timestamp":"2025-07-29T19:25:44.462814Z","level":"info","event":" 'ds': '2023-06-23',","chan":"stdout","logger":"task"}
{"timestamp":"2025-07-29T19:25:44.462879Z","level":"info","event":" 'ds_nodash': '20230623',","chan":"stdout","logger":"task"}
{"timestamp":"2025-07-29T19:25:44.462945Z","level":"info","event":" 'inlet_events': InletEventsAccessors(_inlets=[], _assets={}, _asset_aliases={}),","chan":"stdout","logger":"task"}
{"timestamp":"2025-07-29T19:25:44.462997Z","level":"info","event":" 'inlets': [],","chan":"stdout","logger":"task"}
{"timestamp":"2025-07-29T19:25:44.463044Z","level":"info","event":" 'logical_date': DateTime(2023, 6, 23, 1, 42, 0, tzinfo=Timezone('UTC')),","chan":"stdout","logger":"task"}
{"timestamp":"2025-07-29T19:25:44.463084Z","level":"info","event":" 'macros': <MacrosAccessor (dynamic access to macros)>,","chan":"stdout","logger":"task"}
{"timestamp":"2025-07-29T19:25:44.463124Z","level":"info","event":" 'map_index_template': None,","chan":"stdout","logger":"task"}
{"timestamp":"2025-07-29T19:25:44.463165Z","level":"info","event":" 'outlet_events': <airflow.sdk.execution_time.context.OutletEventAccessors object at 0x7fb67b6b49e0>,","chan":"stdout","logger":"task"}
{"timestamp":"2025-07-29T19:25:44.463206Z","level":"info","event":" 'outlets': [],","chan":"stdout","logger":"task"}
{"timestamp":"2025-07-29T19:25:44.463278Z","level":"info","event":" 'params': {},","chan":"stdout","logger":"task"}
{"timestamp":"2025-07-29T19:25:44.474134Z","level":"info","event":" 'prev_data_interval_end_success': <Proxy at 0x7fb66fc4c680 with factory <function RuntimeTaskInstance.get_template_context.<locals>.<lambda> at 0x7fb66fc64400>>,","chan":"stdout","logger":"task"}
{"timestamp":"2025-07-29T19:25:44.474481Z","level":"info","event":" 'prev_data_interval_start_success': <Proxy at 0x7fb67ebb75c0 with factory <function RuntimeTaskInstance.get_template_context.<locals>.<lambda> at 0x7fb66fc53240>>,","chan":"stdout","logger":"task"}
{"timestamp":"2025-07-29T19:25:44.474603Z","level":"info","event":" 'prev_end_date_success': <Proxy at 0x7fb66fc22a20 with factory <function RuntimeTaskInstance.get_template_context.<locals>.<lambda> at 0x7fb66fc52c00>>,","chan":"stdout","logger":"task"}
{"timestamp":"2025-07-29T19:25:44.474680Z","level":"info","event":" 'prev_start_date_success': <Proxy at 0x7fb66fde5af0 with factory <function RuntimeTaskInstance.get_template_context.<locals>.<lambda> at 0x7fb66fc53100>>,","chan":"stdout","logger":"task"}
{"timestamp":"2025-07-29T19:25:44.474748Z","level":"info","event":" 'run_id': 'scheduled__2023-06-23T01:42:00+00:00',","chan":"stdout","logger":"task"}
{"timestamp":"2025-07-29T19:25:44.474817Z","level":"info","event":" 'task': <Task(PythonOperator): python>,","chan":"stdout","logger":"task"}
{"timestamp":"2025-07-29T19:25:44.474889Z","level":"info","event":" 'task_instance': RuntimeTaskInstance(id=UUID('019857a5-d8fd-71b0-b654-4374e35a3037'), task_id='python', dag_id='python_operator_v1', run_id='scheduled__2023-06-23T01:42:00+00:00', try_number=1, map_index=-1, hostname='bf6f1e7a6f11', context_carrier={}, task=<Task(PythonOperator): python>, bundle_instance=LocalDagBundle(name=dags-folder), max_tries=0, start_date=datetime.datetime(2025, 7, 29, 19, 25, 43, 813424, tzinfo=datetime.timezone.utc), end_date=None, state=<TaskInstanceState.RUNNING: 'running'>, is_mapped=False, rendered_map_index=None, log_url='http://localhost:8080/dags/python_operator_v1/runs/scheduled__2023-06-23T01%3A42%3A00%2B00%3A00/tasks/python?try_number=1'),","chan":"stdout","logger":"task"}
{"timestamp":"2025-07-29T19:25:44.474963Z","level":"info","event":" 'task_instance_key_str': 'python_operator_v1__python__20230623',","chan":"stdout","logger":"task"}
{"timestamp":"2025-07-29T19:25:44.475025Z","level":"info","event":" 'task_reschedule_count': 0,","chan":"stdout","logger":"task"}
{"timestamp":"2025-07-29T19:25:44.475092Z","level":"info","event":" 'templates_dict': None,","chan":"stdout","logger":"task"}
{"timestamp":"2025-07-29T19:25:44.475163Z","level":"info","event":" 'ti': RuntimeTaskInstance(id=UUID('019857a5-d8fd-71b0-b654-4374e35a3037'), task_id='python', dag_id='python_operator_v1', run_id='scheduled__2023-06-23T01:42:00+00:00', try_number=1, map_index=-1, hostname='bf6f1e7a6f11', context_carrier={}, task=<Task(PythonOperator): python>, bundle_instance=LocalDagBundle(name=dags-folder), max_tries=0, start_date=datetime.datetime(2025, 7, 29, 19, 25, 43, 813424, tzinfo=datetime.timezone.utc), end_date=None, state=<TaskInstanceState.RUNNING: 'running'>, is_mapped=False, rendered_map_index=None, log_url='http://localhost:8080/dags/python_operator_v1/runs/scheduled__2023-06-23T01%3A42%3A00%2B00%3A00/tasks/python?try_number=1'),","chan":"stdout","logger":"task"}
{"timestamp":"2025-07-29T19:25:44.475296Z","level":"info","event":" 'triggering_asset_events': TriggeringAssetEventsAccessor(_events=defaultdict(<class 'list'>, {})),","chan":"stdout","logger":"task"}
{"timestamp":"2025-07-29T19:25:44.475375Z","level":"info","event":" 'ts': '2023-06-23T01:42:00+00:00',","chan":"stdout","logger":"task"}
{"timestamp":"2025-07-29T19:25:44.475446Z","level":"info","event":" 'ts_nodash': '20230623T014200',","chan":"stdout","logger":"task"}
{"timestamp":"2025-07-29T19:25:44.475509Z","level":"info","event":" 'ts_nodash_with_tz': '20230623T014200+0000',","chan":"stdout","logger":"task"}
{"timestamp":"2025-07-29T19:25:44.475555Z","level":"info","event":" 'var': {'json': <VariableAccessor (dynamic access)>,","chan":"stdout","logger":"task"}
{"timestamp":"2025-07-29T19:25:44.475607Z","level":"info","event":"         'value': <VariableAccessor (dynamic access)>}}","chan":"stdout","logger":"task"}
{"timestamp":"2025-07-29T19:25:44.475415","level":"info","event":"Done. Returned value was: 123","logger":"airflow.task.operators.airflow.providers.standard.operators.python.PythonOperator"}
{"timestamp":"2025-07-29T19:25:44.475923","level":"info","event":"Pushing xcom","ti":"RuntimeTaskInstance(id=UUID('019857a5-d8fd-71b0-b654-4374e35a3037'), task_id='python', dag_id='python_operator_v1', run_id='scheduled__2023-06-23T01:42:00+00:00', try_number=1, map_index=-1, hostname='bf6f1e7a6f11', context_carrier={}, task=<Task(PythonOperator): python>, bundle_instance=LocalDagBundle(name=dags-folder), max_tries=0, start_date=datetime.datetime(2025, 7, 29, 19, 25, 43, 813424, tzinfo=datetime.timezone.utc), end_date=None, state=<TaskInstanceState.RUNNING: 'running'>, is_mapped=False, rendered_map_index=None, log_url='http://localhost:8080/dags/python_operator_v1/runs/scheduled__2023-06-23T01%3A42%3A00%2B00%3A00/tasks/python?try_number=1')","logger":"task"}
{"timestamp":"2025-07-29T19:25:44.504814Z","level":"info","event":"Task instance in success state","chan":"stdout","logger":"task"}
{"timestamp":"2025-07-29T19:25:44.504991Z","level":"info","event":" Previous state of the Task instance: TaskInstanceState.RUNNING","chan":"stdout","logger":"task"}
{"timestamp":"2025-07-29T19:25:44.505133Z","level":"info","event":"Task operator:<Task(PythonOperator): python>","chan":"stdout","logger":"task"}
