{"timestamp":"2025-07-29T19:28:11.952739","level":"info","event":"DAG bundles loaded: dags-folder, example_dags","logger":"airflow.dag_processing.bundles.manager.DagBundlesManager"}
{"timestamp":"2025-07-29T19:28:11.953596","level":"info","event":"Filling up the DagBag from /opt/airflow/dags/python_operator_v1.py","logger":"airflow.models.dagbag.DagBag"}
{"timestamp":"2025-07-29T19:28:11.987029Z","level":"info","event":"Task instance is in running state","chan":"stdout","logger":"task"}
{"timestamp":"2025-07-29T19:28:11.987318Z","level":"info","event":" Previous state of the Task instance: TaskInstanceState.QUEUED","chan":"stdout","logger":"task"}
{"timestamp":"2025-07-29T19:28:11.987954Z","level":"info","event":"Current task name:python","chan":"stdout","logger":"task"}
{"timestamp":"2025-07-29T19:28:11.988133Z","level":"info","event":"Dag name:python_operator_v1","chan":"stdout","logger":"task"}
{"timestamp":"2025-07-29T19:28:11.989362Z","level":"info","event":"poliana","chan":"stdout","logger":"task"}
{"timestamp":"2025-07-29T19:28:11.990201Z","level":"info","event":"{'conn': <ConnectionAccessor (dynamic access)>,","chan":"stdout","logger":"task"}
{"timestamp":"2025-07-29T19:28:11.990355Z","level":"info","event":" 'dag': <DAG: python_operator_v1>,","chan":"stdout","logger":"task"}
{"timestamp":"2025-07-29T19:28:11.990557Z","level":"info","event":" 'dag_run': DagRun(dag_id='python_operator_v1', run_id='scheduled__2023-06-23T04:21:00+00:00', logical_date=datetime.datetime(2023, 6, 23, 4, 21, tzinfo=datetime.timezone.utc), data_interval_start=datetime.datetime(2023, 6, 23, 4, 21, tzinfo=datetime.timezone.utc), data_interval_end=datetime.datetime(2023, 6, 23, 4, 21, tzinfo=datetime.timezone.utc), run_after=datetime.datetime(2023, 6, 23, 4, 21, tzinfo=datetime.timezone.utc), start_date=datetime.datetime(2025, 7, 29, 19, 28, 11, 216623, tzinfo=datetime.timezone.utc), end_date=None, clear_number=0, run_type=<DagRunType.SCHEDULED: 'scheduled'>, conf={}, consumed_asset_events=[]),","chan":"stdout","logger":"task"}
{"timestamp":"2025-07-29T19:28:11.990684Z","level":"info","event":" 'data_interval_end': DateTime(2023, 6, 23, 4, 21, 0, tzinfo=Timezone('UTC')),","chan":"stdout","logger":"task"}
{"timestamp":"2025-07-29T19:28:11.990821Z","level":"info","event":" 'data_interval_start': DateTime(2023, 6, 23, 4, 21, 0, tzinfo=Timezone('UTC')),","chan":"stdout","logger":"task"}
{"timestamp":"2025-07-29T19:28:11.990908Z","level":"info","event":" 'ds': '2023-06-23',","chan":"stdout","logger":"task"}
{"timestamp":"2025-07-29T19:28:11.990988Z","level":"info","event":" 'ds_nodash': '20230623',","chan":"stdout","logger":"task"}
{"timestamp":"2025-07-29T19:28:11.991066Z","level":"info","event":" 'inlet_events': InletEventsAccessors(_inlets=[], _assets={}, _asset_aliases={}),","chan":"stdout","logger":"task"}
{"timestamp":"2025-07-29T19:28:11.991145Z","level":"info","event":" 'inlets': [],","chan":"stdout","logger":"task"}
{"timestamp":"2025-07-29T19:28:11.991221Z","level":"info","event":" 'logical_date': DateTime(2023, 6, 23, 4, 21, 0, tzinfo=Timezone('UTC')),","chan":"stdout","logger":"task"}
{"timestamp":"2025-07-29T19:28:11.991297Z","level":"info","event":" 'macros': <MacrosAccessor (dynamic access to macros)>,","chan":"stdout","logger":"task"}
{"timestamp":"2025-07-29T19:28:11.991371Z","level":"info","event":" 'map_index_template': None,","chan":"stdout","logger":"task"}
{"timestamp":"2025-07-29T19:28:11.991448Z","level":"info","event":" 'outlet_events': <airflow.sdk.execution_time.context.OutletEventAccessors object at 0x7fb67c61fcb0>,","chan":"stdout","logger":"task"}
{"timestamp":"2025-07-29T19:28:11.991522Z","level":"info","event":" 'outlets': [],","chan":"stdout","logger":"task"}
{"timestamp":"2025-07-29T19:28:11.991589Z","level":"info","event":" 'params': {},","chan":"stdout","logger":"task"}
{"timestamp":"2025-07-29T19:28:12.004461Z","level":"info","event":" 'prev_data_interval_end_success': <Proxy at 0x7fb66fc6d430 with factory <function RuntimeTaskInstance.get_template_context.<locals>.<lambda> at 0x7fb66fc853a0>>,","chan":"stdout","logger":"task"}
{"timestamp":"2025-07-29T19:28:12.004735Z","level":"info","event":" 'prev_data_interval_start_success': <Proxy at 0x7fb66fc6d250 with factory <function RuntimeTaskInstance.get_template_context.<locals>.<lambda> at 0x7fb66fc86ac0>>,","chan":"stdout","logger":"task"}
{"timestamp":"2025-07-29T19:28:12.004878Z","level":"info","event":" 'prev_end_date_success': <Proxy at 0x7fb66fc6d760 with factory <function RuntimeTaskInstance.get_template_context.<locals>.<lambda> at 0x7fb66fc86b60>>,","chan":"stdout","logger":"task"}
{"timestamp":"2025-07-29T19:28:12.004963Z","level":"info","event":" 'prev_start_date_success': <Proxy at 0x7fb66fc6d280 with factory <function RuntimeTaskInstance.get_template_context.<locals>.<lambda> at 0x7fb66fc858a0>>,","chan":"stdout","logger":"task"}
{"timestamp":"2025-07-29T19:28:12.005038Z","level":"info","event":" 'run_id': 'scheduled__2023-06-23T04:21:00+00:00',","chan":"stdout","logger":"task"}
{"timestamp":"2025-07-29T19:28:12.005110Z","level":"info","event":" 'task': <Task(PythonOperator): python>,","chan":"stdout","logger":"task"}
{"timestamp":"2025-07-29T19:28:12.005186Z","level":"info","event":" 'task_instance': RuntimeTaskInstance(id=UUID('019857a8-19cd-743b-87f2-c7870805f1f7'), task_id='python', dag_id='python_operator_v1', run_id='scheduled__2023-06-23T04:21:00+00:00', try_number=1, map_index=-1, hostname='bf6f1e7a6f11', context_carrier={}, task=<Task(PythonOperator): python>, bundle_instance=LocalDagBundle(name=dags-folder), max_tries=0, start_date=datetime.datetime(2025, 7, 29, 19, 28, 11, 400972, tzinfo=datetime.timezone.utc), end_date=None, state=<TaskInstanceState.RUNNING: 'running'>, is_mapped=False, rendered_map_index=None, log_url='http://localhost:8080/dags/python_operator_v1/runs/scheduled__2023-06-23T04%3A21%3A00%2B00%3A00/tasks/python?try_number=1'),","chan":"stdout","logger":"task"}
{"timestamp":"2025-07-29T19:28:12.005264Z","level":"info","event":" 'task_instance_key_str': 'python_operator_v1__python__20230623',","chan":"stdout","logger":"task"}
{"timestamp":"2025-07-29T19:28:12.005338Z","level":"info","event":" 'task_reschedule_count': 0,","chan":"stdout","logger":"task"}
{"timestamp":"2025-07-29T19:28:12.005409Z","level":"info","event":" 'templates_dict': None,","chan":"stdout","logger":"task"}
{"timestamp":"2025-07-29T19:28:12.005480Z","level":"info","event":" 'ti': RuntimeTaskInstance(id=UUID('019857a8-19cd-743b-87f2-c7870805f1f7'), task_id='python', dag_id='python_operator_v1', run_id='scheduled__2023-06-23T04:21:00+00:00', try_number=1, map_index=-1, hostname='bf6f1e7a6f11', context_carrier={}, task=<Task(PythonOperator): python>, bundle_instance=LocalDagBundle(name=dags-folder), max_tries=0, start_date=datetime.datetime(2025, 7, 29, 19, 28, 11, 400972, tzinfo=datetime.timezone.utc), end_date=None, state=<TaskInstanceState.RUNNING: 'running'>, is_mapped=False, rendered_map_index=None, log_url='http://localhost:8080/dags/python_operator_v1/runs/scheduled__2023-06-23T04%3A21%3A00%2B00%3A00/tasks/python?try_number=1'),","chan":"stdout","logger":"task"}
{"timestamp":"2025-07-29T19:28:12.005557Z","level":"info","event":" 'triggering_asset_events': TriggeringAssetEventsAccessor(_events=defaultdict(<class 'list'>, {})),","chan":"stdout","logger":"task"}
{"timestamp":"2025-07-29T19:28:12.005628Z","level":"info","event":" 'ts': '2023-06-23T04:21:00+00:00',","chan":"stdout","logger":"task"}
{"timestamp":"2025-07-29T19:28:12.005700Z","level":"info","event":" 'ts_nodash': '20230623T042100',","chan":"stdout","logger":"task"}
{"timestamp":"2025-07-29T19:28:12.005770Z","level":"info","event":" 'ts_nodash_with_tz': '20230623T042100+0000',","chan":"stdout","logger":"task"}
{"timestamp":"2025-07-29T19:28:12.005899Z","level":"info","event":" 'var': {'json': <VariableAccessor (dynamic access)>,","chan":"stdout","logger":"task"}
{"timestamp":"2025-07-29T19:28:12.005980Z","level":"info","event":"         'value': <VariableAccessor (dynamic access)>}}","chan":"stdout","logger":"task"}
{"timestamp":"2025-07-29T19:28:12.005251","level":"info","event":"Done. Returned value was: 123","logger":"airflow.task.operators.airflow.providers.standard.operators.python.PythonOperator"}
{"timestamp":"2025-07-29T19:28:12.005434","level":"info","event":"Pushing xcom","ti":"RuntimeTaskInstance(id=UUID('019857a8-19cd-743b-87f2-c7870805f1f7'), task_id='python', dag_id='python_operator_v1', run_id='scheduled__2023-06-23T04:21:00+00:00', try_number=1, map_index=-1, hostname='bf6f1e7a6f11', context_carrier={}, task=<Task(PythonOperator): python>, bundle_instance=LocalDagBundle(name=dags-folder), max_tries=0, start_date=datetime.datetime(2025, 7, 29, 19, 28, 11, 400972, tzinfo=datetime.timezone.utc), end_date=None, state=<TaskInstanceState.RUNNING: 'running'>, is_mapped=False, rendered_map_index=None, log_url='http://localhost:8080/dags/python_operator_v1/runs/scheduled__2023-06-23T04%3A21%3A00%2B00%3A00/tasks/python?try_number=1')","logger":"task"}
{"timestamp":"2025-07-29T19:28:12.033576Z","level":"info","event":"Task instance in success state","chan":"stdout","logger":"task"}
{"timestamp":"2025-07-29T19:28:12.033716Z","level":"info","event":" Previous state of the Task instance: TaskInstanceState.RUNNING","chan":"stdout","logger":"task"}
{"timestamp":"2025-07-29T19:28:12.033913Z","level":"info","event":"Task operator:<Task(PythonOperator): python>","chan":"stdout","logger":"task"}
