{"timestamp":"2025-07-29T20:10:26.918138","level":"info","event":"DAG bundles loaded: dags-folder, example_dags","logger":"airflow.dag_processing.bundles.manager.DagBundlesManager"}
{"timestamp":"2025-07-29T20:10:26.921787","level":"info","event":"Filling up the DagBag from /opt/airflow/dags/2_python_operator_v1.py","logger":"airflow.models.dagbag.DagBag"}
{"timestamp":"2025-07-29T20:10:26.971873Z","level":"info","event":"Task instance is in running state","chan":"stdout","logger":"task"}
{"timestamp":"2025-07-29T20:10:26.972139Z","level":"info","event":" Previous state of the Task instance: TaskInstanceState.QUEUED","chan":"stdout","logger":"task"}
{"timestamp":"2025-07-29T20:10:26.972956Z","level":"info","event":"Current task name:python","chan":"stdout","logger":"task"}
{"timestamp":"2025-07-29T20:10:26.973108Z","level":"info","event":"Dag name:python_operator_v1","chan":"stdout","logger":"task"}
{"timestamp":"2025-07-29T20:10:26.975073Z","level":"info","event":"poliana","chan":"stdout","logger":"task"}
{"timestamp":"2025-07-29T20:10:26.975968Z","level":"info","event":"{'conn': <ConnectionAccessor (dynamic access)>,","chan":"stdout","logger":"task"}
{"timestamp":"2025-07-29T20:10:26.976144Z","level":"info","event":" 'dag': <DAG: python_operator_v1>,","chan":"stdout","logger":"task"}
{"timestamp":"2025-07-29T20:10:26.976290Z","level":"info","event":" 'dag_run': DagRun(dag_id='python_operator_v1', run_id='scheduled__2023-06-24T23:40:00+00:00', logical_date=datetime.datetime(2023, 6, 24, 23, 40, tzinfo=datetime.timezone.utc), data_interval_start=datetime.datetime(2023, 6, 24, 23, 40, tzinfo=datetime.timezone.utc), data_interval_end=datetime.datetime(2023, 6, 24, 23, 40, tzinfo=datetime.timezone.utc), run_after=datetime.datetime(2023, 6, 24, 23, 40, tzinfo=datetime.timezone.utc), start_date=datetime.datetime(2025, 7, 29, 20, 10, 25, 879800, tzinfo=datetime.timezone.utc), end_date=None, clear_number=0, run_type=<DagRunType.SCHEDULED: 'scheduled'>, conf={}, consumed_asset_events=[]),","chan":"stdout","logger":"task"}
{"timestamp":"2025-07-29T20:10:26.976371Z","level":"info","event":" 'data_interval_end': DateTime(2023, 6, 24, 23, 40, 0, tzinfo=Timezone('UTC')),","chan":"stdout","logger":"task"}
{"timestamp":"2025-07-29T20:10:26.976449Z","level":"info","event":" 'data_interval_start': DateTime(2023, 6, 24, 23, 40, 0, tzinfo=Timezone('UTC')),","chan":"stdout","logger":"task"}
{"timestamp":"2025-07-29T20:10:26.976523Z","level":"info","event":" 'ds': '2023-06-24',","chan":"stdout","logger":"task"}
{"timestamp":"2025-07-29T20:10:26.976598Z","level":"info","event":" 'ds_nodash': '20230624',","chan":"stdout","logger":"task"}
{"timestamp":"2025-07-29T20:10:26.976670Z","level":"info","event":" 'inlet_events': InletEventsAccessors(_inlets=[], _assets={}, _asset_aliases={}),","chan":"stdout","logger":"task"}
{"timestamp":"2025-07-29T20:10:26.976741Z","level":"info","event":" 'inlets': [],","chan":"stdout","logger":"task"}
{"timestamp":"2025-07-29T20:10:26.976809Z","level":"info","event":" 'logical_date': DateTime(2023, 6, 24, 23, 40, 0, tzinfo=Timezone('UTC')),","chan":"stdout","logger":"task"}
{"timestamp":"2025-07-29T20:10:26.976876Z","level":"info","event":" 'macros': <MacrosAccessor (dynamic access to macros)>,","chan":"stdout","logger":"task"}
{"timestamp":"2025-07-29T20:10:26.976946Z","level":"info","event":" 'map_index_template': None,","chan":"stdout","logger":"task"}
{"timestamp":"2025-07-29T20:10:26.977013Z","level":"info","event":" 'outlet_events': <airflow.sdk.execution_time.context.OutletEventAccessors object at 0x7fb66fed7a70>,","chan":"stdout","logger":"task"}
{"timestamp":"2025-07-29T20:10:26.977086Z","level":"info","event":" 'outlets': [],","chan":"stdout","logger":"task"}
{"timestamp":"2025-07-29T20:10:26.977158Z","level":"info","event":" 'params': {},","chan":"stdout","logger":"task"}
{"timestamp":"2025-07-29T20:10:27.006396Z","level":"info","event":" 'prev_data_interval_end_success': <Proxy at 0x7fb66fc06810 with factory <function RuntimeTaskInstance.get_template_context.<locals>.<lambda> at 0x7fb66fc1da80>>,","chan":"stdout","logger":"task"}
{"timestamp":"2025-07-29T20:10:27.006587Z","level":"info","event":" 'prev_data_interval_start_success': <Proxy at 0x7fb66fc06750 with factory <function RuntimeTaskInstance.get_template_context.<locals>.<lambda> at 0x7fb66fc1f1a0>>,","chan":"stdout","logger":"task"}
{"timestamp":"2025-07-29T20:10:27.006653Z","level":"info","event":" 'prev_end_date_success': <Proxy at 0x7fb67e397e30 with factory <function RuntimeTaskInstance.get_template_context.<locals>.<lambda> at 0x7fb66fc1f240>>,","chan":"stdout","logger":"task"}
{"timestamp":"2025-07-29T20:10:27.006701Z","level":"info","event":" 'prev_start_date_success': <Proxy at 0x7fb66fc06b10 with factory <function RuntimeTaskInstance.get_template_context.<locals>.<lambda> at 0x7fb66fc1df80>>,","chan":"stdout","logger":"task"}
{"timestamp":"2025-07-29T20:10:27.006745Z","level":"info","event":" 'run_id': 'scheduled__2023-06-24T23:40:00+00:00',","chan":"stdout","logger":"task"}
{"timestamp":"2025-07-29T20:10:27.006788Z","level":"info","event":" 'task': <Task(PythonOperator): python>,","chan":"stdout","logger":"task"}
{"timestamp":"2025-07-29T20:10:27.006864Z","level":"info","event":" 'task_instance': RuntimeTaskInstance(id=UUID('019857ce-c6c4-7616-a41c-fb31d5cab4b5'), task_id='python', dag_id='python_operator_v1', run_id='scheduled__2023-06-24T23:40:00+00:00', try_number=1, map_index=-1, hostname='bf6f1e7a6f11', context_carrier={}, task=<Task(PythonOperator): python>, bundle_instance=LocalDagBundle(name=dags-folder), max_tries=0, start_date=datetime.datetime(2025, 7, 29, 20, 10, 26, 277797, tzinfo=datetime.timezone.utc), end_date=None, state=<TaskInstanceState.RUNNING: 'running'>, is_mapped=False, rendered_map_index=None, log_url='http://localhost:8080/dags/python_operator_v1/runs/scheduled__2023-06-24T23%3A40%3A00%2B00%3A00/tasks/python?try_number=1'),","chan":"stdout","logger":"task"}
{"timestamp":"2025-07-29T20:10:27.006915Z","level":"info","event":" 'task_instance_key_str': 'python_operator_v1__python__20230624',","chan":"stdout","logger":"task"}
{"timestamp":"2025-07-29T20:10:27.006959Z","level":"info","event":" 'task_reschedule_count': 0,","chan":"stdout","logger":"task"}
{"timestamp":"2025-07-29T20:10:27.007001Z","level":"info","event":" 'templates_dict': None,","chan":"stdout","logger":"task"}
{"timestamp":"2025-07-29T20:10:27.007043Z","level":"info","event":" 'ti': RuntimeTaskInstance(id=UUID('019857ce-c6c4-7616-a41c-fb31d5cab4b5'), task_id='python', dag_id='python_operator_v1', run_id='scheduled__2023-06-24T23:40:00+00:00', try_number=1, map_index=-1, hostname='bf6f1e7a6f11', context_carrier={}, task=<Task(PythonOperator): python>, bundle_instance=LocalDagBundle(name=dags-folder), max_tries=0, start_date=datetime.datetime(2025, 7, 29, 20, 10, 26, 277797, tzinfo=datetime.timezone.utc), end_date=None, state=<TaskInstanceState.RUNNING: 'running'>, is_mapped=False, rendered_map_index=None, log_url='http://localhost:8080/dags/python_operator_v1/runs/scheduled__2023-06-24T23%3A40%3A00%2B00%3A00/tasks/python?try_number=1'),","chan":"stdout","logger":"task"}
{"timestamp":"2025-07-29T20:10:27.007086Z","level":"info","event":" 'triggering_asset_events': TriggeringAssetEventsAccessor(_events=defaultdict(<class 'list'>, {})),","chan":"stdout","logger":"task"}
{"timestamp":"2025-07-29T20:10:27.007127Z","level":"info","event":" 'ts': '2023-06-24T23:40:00+00:00',","chan":"stdout","logger":"task"}
{"timestamp":"2025-07-29T20:10:27.007168Z","level":"info","event":" 'ts_nodash': '20230624T234000',","chan":"stdout","logger":"task"}
{"timestamp":"2025-07-29T20:10:27.007208Z","level":"info","event":" 'ts_nodash_with_tz': '20230624T234000+0000',","chan":"stdout","logger":"task"}
{"timestamp":"2025-07-29T20:10:27.007248Z","level":"info","event":" 'var': {'json': <VariableAccessor (dynamic access)>,","chan":"stdout","logger":"task"}
{"timestamp":"2025-07-29T20:10:27.007288Z","level":"info","event":"         'value': <VariableAccessor (dynamic access)>}}","chan":"stdout","logger":"task"}
{"timestamp":"2025-07-29T20:10:27.007430","level":"info","event":"Done. Returned value was: 123","logger":"airflow.task.operators.airflow.providers.standard.operators.python.PythonOperator"}
{"timestamp":"2025-07-29T20:10:27.008278","level":"info","event":"Pushing xcom","ti":"RuntimeTaskInstance(id=UUID('019857ce-c6c4-7616-a41c-fb31d5cab4b5'), task_id='python', dag_id='python_operator_v1', run_id='scheduled__2023-06-24T23:40:00+00:00', try_number=1, map_index=-1, hostname='bf6f1e7a6f11', context_carrier={}, task=<Task(PythonOperator): python>, bundle_instance=LocalDagBundle(name=dags-folder), max_tries=0, start_date=datetime.datetime(2025, 7, 29, 20, 10, 26, 277797, tzinfo=datetime.timezone.utc), end_date=None, state=<TaskInstanceState.RUNNING: 'running'>, is_mapped=False, rendered_map_index=None, log_url='http://localhost:8080/dags/python_operator_v1/runs/scheduled__2023-06-24T23%3A40%3A00%2B00%3A00/tasks/python?try_number=1')","logger":"task"}
{"timestamp":"2025-07-29T20:10:27.045052Z","level":"info","event":"Task instance in success state","chan":"stdout","logger":"task"}
{"timestamp":"2025-07-29T20:10:27.045214Z","level":"info","event":" Previous state of the Task instance: TaskInstanceState.RUNNING","chan":"stdout","logger":"task"}
{"timestamp":"2025-07-29T20:10:27.045403Z","level":"info","event":"Task operator:<Task(PythonOperator): python>","chan":"stdout","logger":"task"}
