{"timestamp":"2025-07-29T19:48:05.125894","level":"info","event":"DAG bundles loaded: dags-folder, example_dags","logger":"airflow.dag_processing.bundles.manager.DagBundlesManager"}
{"timestamp":"2025-07-29T19:48:05.126424","level":"info","event":"Filling up the DagBag from /opt/airflow/dags/python_operator_v1.py","logger":"airflow.models.dagbag.DagBag"}
{"timestamp":"2025-07-29T19:48:05.158216Z","level":"info","event":"Task instance is in running state","chan":"stdout","logger":"task"}
{"timestamp":"2025-07-29T19:48:05.158399Z","level":"info","event":" Previous state of the Task instance: TaskInstanceState.QUEUED","chan":"stdout","logger":"task"}
{"timestamp":"2025-07-29T19:48:05.158830Z","level":"info","event":"Current task name:python","chan":"stdout","logger":"task"}
{"timestamp":"2025-07-29T19:48:05.158919Z","level":"info","event":"Dag name:python_operator_v1","chan":"stdout","logger":"task"}
{"timestamp":"2025-07-29T19:48:05.160041Z","level":"info","event":"poliana","chan":"stdout","logger":"task"}
{"timestamp":"2025-07-29T19:48:05.160683Z","level":"info","event":"{'conn': <ConnectionAccessor (dynamic access)>,","chan":"stdout","logger":"task"}
{"timestamp":"2025-07-29T19:48:05.160781Z","level":"info","event":" 'dag': <DAG: python_operator_v1>,","chan":"stdout","logger":"task"}
{"timestamp":"2025-07-29T19:48:05.160880Z","level":"info","event":" 'dag_run': DagRun(dag_id='python_operator_v1', run_id='scheduled__2023-06-24T02:13:00+00:00', logical_date=datetime.datetime(2023, 6, 24, 2, 13, tzinfo=datetime.timezone.utc), data_interval_start=datetime.datetime(2023, 6, 24, 2, 13, tzinfo=datetime.timezone.utc), data_interval_end=datetime.datetime(2023, 6, 24, 2, 13, tzinfo=datetime.timezone.utc), run_after=datetime.datetime(2023, 6, 24, 2, 13, tzinfo=datetime.timezone.utc), start_date=datetime.datetime(2025, 7, 29, 19, 48, 4, 152664, tzinfo=datetime.timezone.utc), end_date=None, clear_number=0, run_type=<DagRunType.SCHEDULED: 'scheduled'>, conf={}, consumed_asset_events=[]),","chan":"stdout","logger":"task"}
{"timestamp":"2025-07-29T19:48:05.160935Z","level":"info","event":" 'data_interval_end': DateTime(2023, 6, 24, 2, 13, 0, tzinfo=Timezone('UTC')),","chan":"stdout","logger":"task"}
{"timestamp":"2025-07-29T19:48:05.160982Z","level":"info","event":" 'data_interval_start': DateTime(2023, 6, 24, 2, 13, 0, tzinfo=Timezone('UTC')),","chan":"stdout","logger":"task"}
{"timestamp":"2025-07-29T19:48:05.161054Z","level":"info","event":" 'ds': '2023-06-24',","chan":"stdout","logger":"task"}
{"timestamp":"2025-07-29T19:48:05.161108Z","level":"info","event":" 'ds_nodash': '20230624',","chan":"stdout","logger":"task"}
{"timestamp":"2025-07-29T19:48:05.161151Z","level":"info","event":" 'inlet_events': InletEventsAccessors(_inlets=[], _assets={}, _asset_aliases={}),","chan":"stdout","logger":"task"}
{"timestamp":"2025-07-29T19:48:05.161193Z","level":"info","event":" 'inlets': [],","chan":"stdout","logger":"task"}
{"timestamp":"2025-07-29T19:48:05.161235Z","level":"info","event":" 'logical_date': DateTime(2023, 6, 24, 2, 13, 0, tzinfo=Timezone('UTC')),","chan":"stdout","logger":"task"}
{"timestamp":"2025-07-29T19:48:05.161276Z","level":"info","event":" 'macros': <MacrosAccessor (dynamic access to macros)>,","chan":"stdout","logger":"task"}
{"timestamp":"2025-07-29T19:48:05.161317Z","level":"info","event":" 'map_index_template': None,","chan":"stdout","logger":"task"}
{"timestamp":"2025-07-29T19:48:05.161358Z","level":"info","event":" 'outlet_events': <airflow.sdk.execution_time.context.OutletEventAccessors object at 0x7fb66ff77a70>,","chan":"stdout","logger":"task"}
{"timestamp":"2025-07-29T19:48:05.161400Z","level":"info","event":" 'outlets': [],","chan":"stdout","logger":"task"}
{"timestamp":"2025-07-29T19:48:05.161442Z","level":"info","event":" 'params': {},","chan":"stdout","logger":"task"}
{"timestamp":"2025-07-29T19:48:05.170267Z","level":"info","event":" 'prev_data_interval_end_success': <Proxy at 0x7fb66fdbf6b0 with factory <function RuntimeTaskInstance.get_template_context.<locals>.<lambda> at 0x7fb66fdecae0>>,","chan":"stdout","logger":"task"}
{"timestamp":"2025-07-29T19:48:05.170451Z","level":"info","event":" 'prev_data_interval_start_success': <Proxy at 0x7fb66fdbfad0 with factory <function RuntimeTaskInstance.get_template_context.<locals>.<lambda> at 0x7fb66fdee200>>,","chan":"stdout","logger":"task"}
{"timestamp":"2025-07-29T19:48:05.170515Z","level":"info","event":" 'prev_end_date_success': <Proxy at 0x7fb67ea5fe60 with factory <function RuntimeTaskInstance.get_template_context.<locals>.<lambda> at 0x7fb66fdee2a0>>,","chan":"stdout","logger":"task"}
{"timestamp":"2025-07-29T19:48:05.170564Z","level":"info","event":" 'prev_start_date_success': <Proxy at 0x7fb66fe937d0 with factory <function RuntimeTaskInstance.get_template_context.<locals>.<lambda> at 0x7fb66fdecfe0>>,","chan":"stdout","logger":"task"}
{"timestamp":"2025-07-29T19:48:05.170609Z","level":"info","event":" 'run_id': 'scheduled__2023-06-24T02:13:00+00:00',","chan":"stdout","logger":"task"}
{"timestamp":"2025-07-29T19:48:05.170652Z","level":"info","event":" 'task': <Task(PythonOperator): python>,","chan":"stdout","logger":"task"}
{"timestamp":"2025-07-29T19:48:05.170695Z","level":"info","event":" 'task_instance': RuntimeTaskInstance(id=UUID('019857ba-4db0-70eb-8b61-ccf33421cb78'), task_id='python', dag_id='python_operator_v1', run_id='scheduled__2023-06-24T02:13:00+00:00', try_number=1, map_index=-1, hostname='bf6f1e7a6f11', context_carrier={}, task=<Task(PythonOperator): python>, bundle_instance=LocalDagBundle(name=dags-folder), max_tries=0, start_date=datetime.datetime(2025, 7, 29, 19, 48, 4, 551170, tzinfo=datetime.timezone.utc), end_date=None, state=<TaskInstanceState.RUNNING: 'running'>, is_mapped=False, rendered_map_index=None, log_url='http://localhost:8080/dags/python_operator_v1/runs/scheduled__2023-06-24T02%3A13%3A00%2B00%3A00/tasks/python?try_number=1'),","chan":"stdout","logger":"task"}
{"timestamp":"2025-07-29T19:48:05.170740Z","level":"info","event":" 'task_instance_key_str': 'python_operator_v1__python__20230624',","chan":"stdout","logger":"task"}
{"timestamp":"2025-07-29T19:48:05.170781Z","level":"info","event":" 'task_reschedule_count': 0,","chan":"stdout","logger":"task"}
{"timestamp":"2025-07-29T19:48:05.170822Z","level":"info","event":" 'templates_dict': None,","chan":"stdout","logger":"task"}
{"timestamp":"2025-07-29T19:48:05.170891Z","level":"info","event":" 'ti': RuntimeTaskInstance(id=UUID('019857ba-4db0-70eb-8b61-ccf33421cb78'), task_id='python', dag_id='python_operator_v1', run_id='scheduled__2023-06-24T02:13:00+00:00', try_number=1, map_index=-1, hostname='bf6f1e7a6f11', context_carrier={}, task=<Task(PythonOperator): python>, bundle_instance=LocalDagBundle(name=dags-folder), max_tries=0, start_date=datetime.datetime(2025, 7, 29, 19, 48, 4, 551170, tzinfo=datetime.timezone.utc), end_date=None, state=<TaskInstanceState.RUNNING: 'running'>, is_mapped=False, rendered_map_index=None, log_url='http://localhost:8080/dags/python_operator_v1/runs/scheduled__2023-06-24T02%3A13%3A00%2B00%3A00/tasks/python?try_number=1'),","chan":"stdout","logger":"task"}
{"timestamp":"2025-07-29T19:48:05.170983Z","level":"info","event":" 'triggering_asset_events': TriggeringAssetEventsAccessor(_events=defaultdict(<class 'list'>, {})),","chan":"stdout","logger":"task"}
{"timestamp":"2025-07-29T19:48:05.171038Z","level":"info","event":" 'ts': '2023-06-24T02:13:00+00:00',","chan":"stdout","logger":"task"}
{"timestamp":"2025-07-29T19:48:05.171081Z","level":"info","event":" 'ts_nodash': '20230624T021300',","chan":"stdout","logger":"task"}
{"timestamp":"2025-07-29T19:48:05.171122Z","level":"info","event":" 'ts_nodash_with_tz': '20230624T021300+0000',","chan":"stdout","logger":"task"}
{"timestamp":"2025-07-29T19:48:05.171163Z","level":"info","event":" 'var': {'json': <VariableAccessor (dynamic access)>,","chan":"stdout","logger":"task"}
{"timestamp":"2025-07-29T19:48:05.171205Z","level":"info","event":"         'value': <VariableAccessor (dynamic access)>}}","chan":"stdout","logger":"task"}
{"timestamp":"2025-07-29T19:48:05.171002","level":"info","event":"Done. Returned value was: 123","logger":"airflow.task.operators.airflow.providers.standard.operators.python.PythonOperator"}
{"timestamp":"2025-07-29T19:48:05.171199","level":"info","event":"Pushing xcom","ti":"RuntimeTaskInstance(id=UUID('019857ba-4db0-70eb-8b61-ccf33421cb78'), task_id='python', dag_id='python_operator_v1', run_id='scheduled__2023-06-24T02:13:00+00:00', try_number=1, map_index=-1, hostname='bf6f1e7a6f11', context_carrier={}, task=<Task(PythonOperator): python>, bundle_instance=LocalDagBundle(name=dags-folder), max_tries=0, start_date=datetime.datetime(2025, 7, 29, 19, 48, 4, 551170, tzinfo=datetime.timezone.utc), end_date=None, state=<TaskInstanceState.RUNNING: 'running'>, is_mapped=False, rendered_map_index=None, log_url='http://localhost:8080/dags/python_operator_v1/runs/scheduled__2023-06-24T02%3A13%3A00%2B00%3A00/tasks/python?try_number=1')","logger":"task"}
{"timestamp":"2025-07-29T19:48:05.195773Z","level":"info","event":"Task instance in success state","chan":"stdout","logger":"task"}
{"timestamp":"2025-07-29T19:48:05.195923Z","level":"info","event":" Previous state of the Task instance: TaskInstanceState.RUNNING","chan":"stdout","logger":"task"}
{"timestamp":"2025-07-29T19:48:05.196021Z","level":"info","event":"Task operator:<Task(PythonOperator): python>","chan":"stdout","logger":"task"}
