{"timestamp":"2025-07-29T20:07:42.899401","level":"info","event":"DAG bundles loaded: dags-folder, example_dags","logger":"airflow.dag_processing.bundles.manager.DagBundlesManager"}
{"timestamp":"2025-07-29T20:07:42.900174","level":"info","event":"Filling up the DagBag from /opt/airflow/dags/3_dag_principal.py","logger":"airflow.models.dagbag.DagBag"}
{"timestamp":"2025-07-29T20:07:42.935788Z","level":"info","event":"Task instance is in running state","chan":"stdout","logger":"task"}
{"timestamp":"2025-07-29T20:07:42.935935Z","level":"info","event":" Previous state of the Task instance: TaskInstanceState.QUEUED","chan":"stdout","logger":"task"}
{"timestamp":"2025-07-29T20:07:42.936634Z","level":"info","event":"Current task name:python_principal","chan":"stdout","logger":"task"}
{"timestamp":"2025-07-29T20:07:42.936765Z","level":"info","event":"Dag name:3_DAG_principal","chan":"stdout","logger":"task"}
{"timestamp":"2025-07-29T20:07:42.937950Z","level":"info","event":"DAG principal","chan":"stdout","logger":"task"}
{"timestamp":"2025-07-29T20:07:42.938619Z","level":"info","event":"{'conn': <ConnectionAccessor (dynamic access)>,","chan":"stdout","logger":"task"}
{"timestamp":"2025-07-29T20:07:42.938729Z","level":"info","event":" 'dag': <DAG: 3_DAG_principal>,","chan":"stdout","logger":"task"}
{"timestamp":"2025-07-29T20:07:42.938837Z","level":"info","event":" 'dag_run': DagRun(dag_id='3_DAG_principal', run_id='scheduled__2024-10-19T20:00:00+00:00', logical_date=datetime.datetime(2024, 10, 19, 20, 0, tzinfo=datetime.timezone.utc), data_interval_start=datetime.datetime(2024, 10, 19, 20, 0, tzinfo=datetime.timezone.utc), data_interval_end=datetime.datetime(2024, 10, 19, 20, 0, tzinfo=datetime.timezone.utc), run_after=datetime.datetime(2024, 10, 19, 20, 0, tzinfo=datetime.timezone.utc), start_date=datetime.datetime(2025, 7, 29, 20, 7, 41, 572253, tzinfo=datetime.timezone.utc), end_date=None, clear_number=0, run_type=<DagRunType.SCHEDULED: 'scheduled'>, conf={}, consumed_asset_events=[]),","chan":"stdout","logger":"task"}
{"timestamp":"2025-07-29T20:07:42.938901Z","level":"info","event":" 'data_interval_end': DateTime(2024, 10, 19, 20, 0, 0, tzinfo=Timezone('UTC')),","chan":"stdout","logger":"task"}
{"timestamp":"2025-07-29T20:07:42.938949Z","level":"info","event":" 'data_interval_start': DateTime(2024, 10, 19, 20, 0, 0, tzinfo=Timezone('UTC')),","chan":"stdout","logger":"task"}
{"timestamp":"2025-07-29T20:07:42.939011Z","level":"info","event":" 'ds': '2024-10-19',","chan":"stdout","logger":"task"}
{"timestamp":"2025-07-29T20:07:42.939078Z","level":"info","event":" 'ds_nodash': '20241019',","chan":"stdout","logger":"task"}
{"timestamp":"2025-07-29T20:07:42.939140Z","level":"info","event":" 'inlet_events': InletEventsAccessors(_inlets=[], _assets={}, _asset_aliases={}),","chan":"stdout","logger":"task"}
{"timestamp":"2025-07-29T20:07:42.939196Z","level":"info","event":" 'inlets': [],","chan":"stdout","logger":"task"}
{"timestamp":"2025-07-29T20:07:42.939268Z","level":"info","event":" 'logical_date': DateTime(2024, 10, 19, 20, 0, 0, tzinfo=Timezone('UTC')),","chan":"stdout","logger":"task"}
{"timestamp":"2025-07-29T20:07:42.939313Z","level":"info","event":" 'macros': <MacrosAccessor (dynamic access to macros)>,","chan":"stdout","logger":"task"}
{"timestamp":"2025-07-29T20:07:42.939356Z","level":"info","event":" 'map_index_template': None,","chan":"stdout","logger":"task"}
{"timestamp":"2025-07-29T20:07:42.939397Z","level":"info","event":" 'outlet_events': <airflow.sdk.execution_time.context.OutletEventAccessors object at 0x7fb67eba54f0>,","chan":"stdout","logger":"task"}
{"timestamp":"2025-07-29T20:07:42.939439Z","level":"info","event":" 'outlets': [],","chan":"stdout","logger":"task"}
{"timestamp":"2025-07-29T20:07:42.939505Z","level":"info","event":" 'params': {},","chan":"stdout","logger":"task"}
{"timestamp":"2025-07-29T20:07:42.969712Z","level":"info","event":" 'prev_data_interval_end_success': <Proxy at 0x7fb66fc50c80 with factory <function RuntimeTaskInstance.get_template_context.<locals>.<lambda> at 0x7fb678281b20>>,","chan":"stdout","logger":"task"}
{"timestamp":"2025-07-29T20:07:42.969915Z","level":"info","event":" 'prev_data_interval_start_success': <Proxy at 0x7fb66fc50bc0 with factory <function RuntimeTaskInstance.get_template_context.<locals>.<lambda> at 0x7fb678280360>>,","chan":"stdout","logger":"task"}
{"timestamp":"2025-07-29T20:07:42.969992Z","level":"info","event":" 'prev_end_date_success': <Proxy at 0x7fb67ebcfe30 with factory <function RuntimeTaskInstance.get_template_context.<locals>.<lambda> at 0x7fb678281bc0>>,","chan":"stdout","logger":"task"}
{"timestamp":"2025-07-29T20:07:42.970050Z","level":"info","event":" 'prev_start_date_success': <Proxy at 0x7fb66fc51010 with factory <function RuntimeTaskInstance.get_template_context.<locals>.<lambda> at 0x7fb678280900>>,","chan":"stdout","logger":"task"}
{"timestamp":"2025-07-29T20:07:42.970097Z","level":"info","event":" 'run_id': 'scheduled__2024-10-19T20:00:00+00:00',","chan":"stdout","logger":"task"}
{"timestamp":"2025-07-29T20:07:42.970142Z","level":"info","event":" 'task': <Task(PythonOperator): python_principal>,","chan":"stdout","logger":"task"}
{"timestamp":"2025-07-29T20:07:42.970189Z","level":"info","event":" 'task_instance': RuntimeTaskInstance(id=UUID('019857cc-44e0-71b0-8590-0aaa3a0d02d3'), task_id='python_principal', dag_id='3_DAG_principal', run_id='scheduled__2024-10-19T20:00:00+00:00', try_number=1, map_index=-1, hostname='bf6f1e7a6f11', context_carrier={}, task=<Task(PythonOperator): python_principal>, bundle_instance=LocalDagBundle(name=dags-folder), max_tries=0, start_date=datetime.datetime(2025, 7, 29, 20, 7, 42, 162288, tzinfo=datetime.timezone.utc), end_date=None, state=<TaskInstanceState.RUNNING: 'running'>, is_mapped=False, rendered_map_index=None, log_url='http://localhost:8080/dags/3_DAG_principal/runs/scheduled__2024-10-19T20%3A00%3A00%2B00%3A00/tasks/python_principal?try_number=1'),","chan":"stdout","logger":"task"}
{"timestamp":"2025-07-29T20:07:42.970246Z","level":"info","event":" 'task_instance_key_str': '3_DAG_principal__python_principal__20241019',","chan":"stdout","logger":"task"}
{"timestamp":"2025-07-29T20:07:42.970324Z","level":"info","event":" 'task_reschedule_count': 0,","chan":"stdout","logger":"task"}
{"timestamp":"2025-07-29T20:07:42.970382Z","level":"info","event":" 'templates_dict': None,","chan":"stdout","logger":"task"}
{"timestamp":"2025-07-29T20:07:42.970446Z","level":"info","event":" 'ti': RuntimeTaskInstance(id=UUID('019857cc-44e0-71b0-8590-0aaa3a0d02d3'), task_id='python_principal', dag_id='3_DAG_principal', run_id='scheduled__2024-10-19T20:00:00+00:00', try_number=1, map_index=-1, hostname='bf6f1e7a6f11', context_carrier={}, task=<Task(PythonOperator): python_principal>, bundle_instance=LocalDagBundle(name=dags-folder), max_tries=0, start_date=datetime.datetime(2025, 7, 29, 20, 7, 42, 162288, tzinfo=datetime.timezone.utc), end_date=None, state=<TaskInstanceState.RUNNING: 'running'>, is_mapped=False, rendered_map_index=None, log_url='http://localhost:8080/dags/3_DAG_principal/runs/scheduled__2024-10-19T20%3A00%3A00%2B00%3A00/tasks/python_principal?try_number=1'),","chan":"stdout","logger":"task"}
{"timestamp":"2025-07-29T20:07:42.970568Z","level":"info","event":" 'triggering_asset_events': TriggeringAssetEventsAccessor(_events=defaultdict(<class 'list'>, {})),","chan":"stdout","logger":"task"}
{"timestamp":"2025-07-29T20:07:42.970646Z","level":"info","event":" 'ts': '2024-10-19T20:00:00+00:00',","chan":"stdout","logger":"task"}
{"timestamp":"2025-07-29T20:07:42.970715Z","level":"info","event":" 'ts_nodash': '20241019T200000',","chan":"stdout","logger":"task"}
{"timestamp":"2025-07-29T20:07:42.970780Z","level":"info","event":" 'ts_nodash_with_tz': '20241019T200000+0000',","chan":"stdout","logger":"task"}
{"timestamp":"2025-07-29T20:07:42.970846Z","level":"info","event":" 'var': {'json': <VariableAccessor (dynamic access)>,","chan":"stdout","logger":"task"}
{"timestamp":"2025-07-29T20:07:42.970916Z","level":"info","event":"         'value': <VariableAccessor (dynamic access)>}}","chan":"stdout","logger":"task"}
{"timestamp":"2025-07-29T20:07:42.970067","level":"info","event":"Done. Returned value was: principal","logger":"airflow.task.operators.airflow.providers.standard.operators.python.PythonOperator"}
{"timestamp":"2025-07-29T20:07:42.970354","level":"info","event":"Pushing xcom","ti":"RuntimeTaskInstance(id=UUID('019857cc-44e0-71b0-8590-0aaa3a0d02d3'), task_id='python_principal', dag_id='3_DAG_principal', run_id='scheduled__2024-10-19T20:00:00+00:00', try_number=1, map_index=-1, hostname='bf6f1e7a6f11', context_carrier={}, task=<Task(PythonOperator): python_principal>, bundle_instance=LocalDagBundle(name=dags-folder), max_tries=0, start_date=datetime.datetime(2025, 7, 29, 20, 7, 42, 162288, tzinfo=datetime.timezone.utc), end_date=None, state=<TaskInstanceState.RUNNING: 'running'>, is_mapped=False, rendered_map_index=None, log_url='http://localhost:8080/dags/3_DAG_principal/runs/scheduled__2024-10-19T20%3A00%3A00%2B00%3A00/tasks/python_principal?try_number=1')","logger":"task"}
{"timestamp":"2025-07-29T20:07:43.015414Z","level":"info","event":"Task instance in success state","chan":"stdout","logger":"task"}
{"timestamp":"2025-07-29T20:07:43.015610Z","level":"info","event":" Previous state of the Task instance: TaskInstanceState.RUNNING","chan":"stdout","logger":"task"}
{"timestamp":"2025-07-29T20:07:43.015779Z","level":"info","event":"Task operator:<Task(PythonOperator): python_principal>","chan":"stdout","logger":"task"}
