{"timestamp":"2025-07-29T20:02:58.747218","level":"info","event":"DAG bundles loaded: dags-folder, example_dags","logger":"airflow.dag_processing.bundles.manager.DagBundlesManager"}
{"timestamp":"2025-07-29T20:02:58.747934","level":"info","event":"Filling up the DagBag from /opt/airflow/dags/3_dag_principal.py","logger":"airflow.models.dagbag.DagBag"}
{"timestamp":"2025-07-29T20:02:58.777464Z","level":"info","event":"Task instance is in running state","chan":"stdout","logger":"task"}
{"timestamp":"2025-07-29T20:02:58.777586Z","level":"info","event":" Previous state of the Task instance: TaskInstanceState.QUEUED","chan":"stdout","logger":"task"}
{"timestamp":"2025-07-29T20:02:58.778035Z","level":"info","event":"Current task name:python_principal","chan":"stdout","logger":"task"}
{"timestamp":"2025-07-29T20:02:58.778118Z","level":"info","event":"Dag name:3_DAG_principal","chan":"stdout","logger":"task"}
{"timestamp":"2025-07-29T20:02:58.779088Z","level":"info","event":"DAG principal","chan":"stdout","logger":"task"}
{"timestamp":"2025-07-29T20:02:58.779678Z","level":"info","event":"{'conn': <ConnectionAccessor (dynamic access)>,","chan":"stdout","logger":"task"}
{"timestamp":"2025-07-29T20:02:58.779762Z","level":"info","event":" 'dag': <DAG: 3_DAG_principal>,","chan":"stdout","logger":"task"}
{"timestamp":"2025-07-29T20:02:58.779860Z","level":"info","event":" 'dag_run': DagRun(dag_id='3_DAG_principal', run_id='scheduled__2024-02-14T20:00:00+00:00', logical_date=datetime.datetime(2024, 2, 14, 20, 0, tzinfo=datetime.timezone.utc), data_interval_start=datetime.datetime(2024, 2, 14, 20, 0, tzinfo=datetime.timezone.utc), data_interval_end=datetime.datetime(2024, 2, 14, 20, 0, tzinfo=datetime.timezone.utc), run_after=datetime.datetime(2024, 2, 14, 20, 0, tzinfo=datetime.timezone.utc), start_date=datetime.datetime(2025, 7, 29, 20, 2, 57, 581886, tzinfo=datetime.timezone.utc), end_date=None, clear_number=0, run_type=<DagRunType.SCHEDULED: 'scheduled'>, conf={}, consumed_asset_events=[]),","chan":"stdout","logger":"task"}
{"timestamp":"2025-07-29T20:02:58.779934Z","level":"info","event":" 'data_interval_end': DateTime(2024, 2, 14, 20, 0, 0, tzinfo=Timezone('UTC')),","chan":"stdout","logger":"task"}
{"timestamp":"2025-07-29T20:02:58.779991Z","level":"info","event":" 'data_interval_start': DateTime(2024, 2, 14, 20, 0, 0, tzinfo=Timezone('UTC')),","chan":"stdout","logger":"task"}
{"timestamp":"2025-07-29T20:02:58.780034Z","level":"info","event":" 'ds': '2024-02-14',","chan":"stdout","logger":"task"}
{"timestamp":"2025-07-29T20:02:58.780075Z","level":"info","event":" 'ds_nodash': '20240214',","chan":"stdout","logger":"task"}
{"timestamp":"2025-07-29T20:02:58.780117Z","level":"info","event":" 'inlet_events': InletEventsAccessors(_inlets=[], _assets={}, _asset_aliases={}),","chan":"stdout","logger":"task"}
{"timestamp":"2025-07-29T20:02:58.780157Z","level":"info","event":" 'inlets': [],","chan":"stdout","logger":"task"}
{"timestamp":"2025-07-29T20:02:58.780197Z","level":"info","event":" 'logical_date': DateTime(2024, 2, 14, 20, 0, 0, tzinfo=Timezone('UTC')),","chan":"stdout","logger":"task"}
{"timestamp":"2025-07-29T20:02:58.780238Z","level":"info","event":" 'macros': <MacrosAccessor (dynamic access to macros)>,","chan":"stdout","logger":"task"}
{"timestamp":"2025-07-29T20:02:58.780279Z","level":"info","event":" 'map_index_template': None,","chan":"stdout","logger":"task"}
{"timestamp":"2025-07-29T20:02:58.780319Z","level":"info","event":" 'outlet_events': <airflow.sdk.execution_time.context.OutletEventAccessors object at 0x7fb67cb7e5d0>,","chan":"stdout","logger":"task"}
{"timestamp":"2025-07-29T20:02:58.780361Z","level":"info","event":" 'outlets': [],","chan":"stdout","logger":"task"}
{"timestamp":"2025-07-29T20:02:58.780417Z","level":"info","event":" 'params': {},","chan":"stdout","logger":"task"}
{"timestamp":"2025-07-29T20:02:58.788874Z","level":"info","event":" 'prev_data_interval_end_success': <Proxy at 0x7fb66fc7f3b0 with factory <function RuntimeTaskInstance.get_template_context.<locals>.<lambda> at 0x7fb66fcb0ae0>>,","chan":"stdout","logger":"task"}
{"timestamp":"2025-07-29T20:02:58.789081Z","level":"info","event":" 'prev_data_interval_start_success': <Proxy at 0x7fb66fc7f0e0 with factory <function RuntimeTaskInstance.get_template_context.<locals>.<lambda> at 0x7fb66fc9b240>>,","chan":"stdout","logger":"task"}
{"timestamp":"2025-07-29T20:02:58.789214Z","level":"info","event":" 'prev_end_date_success': <Proxy at 0x7fb66fc7f710 with factory <function RuntimeTaskInstance.get_template_context.<locals>.<lambda> at 0x7fb66fc9b920>>,","chan":"stdout","logger":"task"}
{"timestamp":"2025-07-29T20:02:58.789275Z","level":"info","event":" 'prev_start_date_success': <Proxy at 0x7fb66fd82fc0 with factory <function RuntimeTaskInstance.get_template_context.<locals>.<lambda> at 0x7fb66fc9b7e0>>,","chan":"stdout","logger":"task"}
{"timestamp":"2025-07-29T20:02:58.789323Z","level":"info","event":" 'run_id': 'scheduled__2024-02-14T20:00:00+00:00',","chan":"stdout","logger":"task"}
{"timestamp":"2025-07-29T20:02:58.789367Z","level":"info","event":" 'task': <Task(PythonOperator): python_principal>,","chan":"stdout","logger":"task"}
{"timestamp":"2025-07-29T20:02:58.789413Z","level":"info","event":" 'task_instance': RuntimeTaskInstance(id=UUID('019857c7-ef8d-787c-9852-09d508718c48'), task_id='python_principal', dag_id='3_DAG_principal', run_id='scheduled__2024-02-14T20:00:00+00:00', try_number=1, map_index=-1, hostname='bf6f1e7a6f11', context_carrier={}, task=<Task(PythonOperator): python_principal>, bundle_instance=LocalDagBundle(name=dags-folder), max_tries=0, start_date=datetime.datetime(2025, 7, 29, 20, 2, 58, 181002, tzinfo=datetime.timezone.utc), end_date=None, state=<TaskInstanceState.RUNNING: 'running'>, is_mapped=False, rendered_map_index=None, log_url='http://localhost:8080/dags/3_DAG_principal/runs/scheduled__2024-02-14T20%3A00%3A00%2B00%3A00/tasks/python_principal?try_number=1'),","chan":"stdout","logger":"task"}
{"timestamp":"2025-07-29T20:02:58.789458Z","level":"info","event":" 'task_instance_key_str': '3_DAG_principal__python_principal__20240214',","chan":"stdout","logger":"task"}
{"timestamp":"2025-07-29T20:02:58.789500Z","level":"info","event":" 'task_reschedule_count': 0,","chan":"stdout","logger":"task"}
{"timestamp":"2025-07-29T20:02:58.789541Z","level":"info","event":" 'templates_dict': None,","chan":"stdout","logger":"task"}
{"timestamp":"2025-07-29T20:02:58.789582Z","level":"info","event":" 'ti': RuntimeTaskInstance(id=UUID('019857c7-ef8d-787c-9852-09d508718c48'), task_id='python_principal', dag_id='3_DAG_principal', run_id='scheduled__2024-02-14T20:00:00+00:00', try_number=1, map_index=-1, hostname='bf6f1e7a6f11', context_carrier={}, task=<Task(PythonOperator): python_principal>, bundle_instance=LocalDagBundle(name=dags-folder), max_tries=0, start_date=datetime.datetime(2025, 7, 29, 20, 2, 58, 181002, tzinfo=datetime.timezone.utc), end_date=None, state=<TaskInstanceState.RUNNING: 'running'>, is_mapped=False, rendered_map_index=None, log_url='http://localhost:8080/dags/3_DAG_principal/runs/scheduled__2024-02-14T20%3A00%3A00%2B00%3A00/tasks/python_principal?try_number=1'),","chan":"stdout","logger":"task"}
{"timestamp":"2025-07-29T20:02:58.789657Z","level":"info","event":" 'triggering_asset_events': TriggeringAssetEventsAccessor(_events=defaultdict(<class 'list'>, {})),","chan":"stdout","logger":"task"}
{"timestamp":"2025-07-29T20:02:58.789706Z","level":"info","event":" 'ts': '2024-02-14T20:00:00+00:00',","chan":"stdout","logger":"task"}
{"timestamp":"2025-07-29T20:02:58.789748Z","level":"info","event":" 'ts_nodash': '20240214T200000',","chan":"stdout","logger":"task"}
{"timestamp":"2025-07-29T20:02:58.789789Z","level":"info","event":" 'ts_nodash_with_tz': '20240214T200000+0000',","chan":"stdout","logger":"task"}
{"timestamp":"2025-07-29T20:02:58.789830Z","level":"info","event":" 'var': {'json': <VariableAccessor (dynamic access)>,","chan":"stdout","logger":"task"}
{"timestamp":"2025-07-29T20:02:58.789871Z","level":"info","event":"         'value': <VariableAccessor (dynamic access)>}}","chan":"stdout","logger":"task"}
{"timestamp":"2025-07-29T20:02:58.789218","level":"info","event":"Done. Returned value was: principal","logger":"airflow.task.operators.airflow.providers.standard.operators.python.PythonOperator"}
{"timestamp":"2025-07-29T20:02:58.789386","level":"info","event":"Pushing xcom","ti":"RuntimeTaskInstance(id=UUID('019857c7-ef8d-787c-9852-09d508718c48'), task_id='python_principal', dag_id='3_DAG_principal', run_id='scheduled__2024-02-14T20:00:00+00:00', try_number=1, map_index=-1, hostname='bf6f1e7a6f11', context_carrier={}, task=<Task(PythonOperator): python_principal>, bundle_instance=LocalDagBundle(name=dags-folder), max_tries=0, start_date=datetime.datetime(2025, 7, 29, 20, 2, 58, 181002, tzinfo=datetime.timezone.utc), end_date=None, state=<TaskInstanceState.RUNNING: 'running'>, is_mapped=False, rendered_map_index=None, log_url='http://localhost:8080/dags/3_DAG_principal/runs/scheduled__2024-02-14T20%3A00%3A00%2B00%3A00/tasks/python_principal?try_number=1')","logger":"task"}
{"timestamp":"2025-07-29T20:02:58.811541Z","level":"info","event":"Task instance in success state","chan":"stdout","logger":"task"}
{"timestamp":"2025-07-29T20:02:58.811707Z","level":"info","event":" Previous state of the Task instance: TaskInstanceState.RUNNING","chan":"stdout","logger":"task"}
{"timestamp":"2025-07-29T20:02:58.811805Z","level":"info","event":"Task operator:<Task(PythonOperator): python_principal>","chan":"stdout","logger":"task"}
