{"timestamp":"2025-07-29T19:57:20.731518","level":"info","event":"DAG bundles loaded: dags-folder, example_dags","logger":"airflow.dag_processing.bundles.manager.DagBundlesManager"}
{"timestamp":"2025-07-29T19:57:20.732528","level":"info","event":"Filling up the DagBag from /opt/airflow/dags/2_python_operator_v1.py","logger":"airflow.models.dagbag.DagBag"}
{"timestamp":"2025-07-29T19:57:20.772826Z","level":"info","event":"Task instance is in running state","chan":"stdout","logger":"task"}
{"timestamp":"2025-07-29T19:57:20.773071Z","level":"info","event":" Previous state of the Task instance: TaskInstanceState.QUEUED","chan":"stdout","logger":"task"}
{"timestamp":"2025-07-29T19:57:20.773675Z","level":"info","event":"Current task name:python","chan":"stdout","logger":"task"}
{"timestamp":"2025-07-29T19:57:20.773804Z","level":"info","event":"Dag name:python_operator_v1","chan":"stdout","logger":"task"}
{"timestamp":"2025-07-29T19:57:20.774932Z","level":"info","event":"poliana","chan":"stdout","logger":"task"}
{"timestamp":"2025-07-29T19:57:20.775645Z","level":"info","event":"{'conn': <ConnectionAccessor (dynamic access)>,","chan":"stdout","logger":"task"}
{"timestamp":"2025-07-29T19:57:20.775791Z","level":"info","event":" 'dag': <DAG: python_operator_v1>,","chan":"stdout","logger":"task"}
{"timestamp":"2025-07-29T19:57:20.775991Z","level":"info","event":" 'dag_run': DagRun(dag_id='python_operator_v1', run_id='scheduled__2023-06-24T11:44:00+00:00', logical_date=datetime.datetime(2023, 6, 24, 11, 44, tzinfo=datetime.timezone.utc), data_interval_start=datetime.datetime(2023, 6, 24, 11, 44, tzinfo=datetime.timezone.utc), data_interval_end=datetime.datetime(2023, 6, 24, 11, 44, tzinfo=datetime.timezone.utc), run_after=datetime.datetime(2023, 6, 24, 11, 44, tzinfo=datetime.timezone.utc), start_date=datetime.datetime(2025, 7, 29, 19, 57, 19, 53907, tzinfo=datetime.timezone.utc), end_date=None, clear_number=0, run_type=<DagRunType.SCHEDULED: 'scheduled'>, conf={}, consumed_asset_events=[]),","chan":"stdout","logger":"task"}
{"timestamp":"2025-07-29T19:57:20.776150Z","level":"info","event":" 'data_interval_end': DateTime(2023, 6, 24, 11, 44, 0, tzinfo=Timezone('UTC')),","chan":"stdout","logger":"task"}
{"timestamp":"2025-07-29T19:57:20.776256Z","level":"info","event":" 'data_interval_start': DateTime(2023, 6, 24, 11, 44, 0, tzinfo=Timezone('UTC')),","chan":"stdout","logger":"task"}
{"timestamp":"2025-07-29T19:57:20.776326Z","level":"info","event":" 'ds': '2023-06-24',","chan":"stdout","logger":"task"}
{"timestamp":"2025-07-29T19:57:20.776395Z","level":"info","event":" 'ds_nodash': '20230624',","chan":"stdout","logger":"task"}
{"timestamp":"2025-07-29T19:57:20.776465Z","level":"info","event":" 'inlet_events': InletEventsAccessors(_inlets=[], _assets={}, _asset_aliases={}),","chan":"stdout","logger":"task"}
{"timestamp":"2025-07-29T19:57:20.776651Z","level":"info","event":" 'inlets': [],","chan":"stdout","logger":"task"}
{"timestamp":"2025-07-29T19:57:20.776839Z","level":"info","event":" 'logical_date': DateTime(2023, 6, 24, 11, 44, 0, tzinfo=Timezone('UTC')),","chan":"stdout","logger":"task"}
{"timestamp":"2025-07-29T19:57:20.776922Z","level":"info","event":" 'macros': <MacrosAccessor (dynamic access to macros)>,","chan":"stdout","logger":"task"}
{"timestamp":"2025-07-29T19:57:20.776996Z","level":"info","event":" 'map_index_template': None,","chan":"stdout","logger":"task"}
{"timestamp":"2025-07-29T19:57:20.777060Z","level":"info","event":" 'outlet_events': <airflow.sdk.execution_time.context.OutletEventAccessors object at 0x7fb67796c9b0>,","chan":"stdout","logger":"task"}
{"timestamp":"2025-07-29T19:57:20.777121Z","level":"info","event":" 'outlets': [],","chan":"stdout","logger":"task"}
{"timestamp":"2025-07-29T19:57:20.777181Z","level":"info","event":" 'params': {},","chan":"stdout","logger":"task"}
{"timestamp":"2025-07-29T19:57:20.790218Z","level":"info","event":" 'prev_data_interval_end_success': <Proxy at 0x7fb66fc15250 with factory <function RuntimeTaskInstance.get_template_context.<locals>.<lambda> at 0x7fb66fc267a0>>,","chan":"stdout","logger":"task"}
{"timestamp":"2025-07-29T19:57:20.790478Z","level":"info","event":" 'prev_data_interval_start_success': <Proxy at 0x7fb67ea75490 with factory <function RuntimeTaskInstance.get_template_context.<locals>.<lambda> at 0x7fb66fc27ec0>>,","chan":"stdout","logger":"task"}
{"timestamp":"2025-07-29T19:57:20.790589Z","level":"info","event":" 'prev_end_date_success': <Proxy at 0x7fb677bd60f0 with factory <function RuntimeTaskInstance.get_template_context.<locals>.<lambda> at 0x7fb66fc27f60>>,","chan":"stdout","logger":"task"}
{"timestamp":"2025-07-29T19:57:20.790666Z","level":"info","event":" 'prev_start_date_success': <Proxy at 0x7fb677bd65a0 with factory <function RuntimeTaskInstance.get_template_context.<locals>.<lambda> at 0x7fb66fc26ca0>>,","chan":"stdout","logger":"task"}
{"timestamp":"2025-07-29T19:57:20.790745Z","level":"info","event":" 'run_id': 'scheduled__2023-06-24T11:44:00+00:00',","chan":"stdout","logger":"task"}
{"timestamp":"2025-07-29T19:57:20.790813Z","level":"info","event":" 'task': <Task(PythonOperator): python>,","chan":"stdout","logger":"task"}
{"timestamp":"2025-07-29T19:57:20.790880Z","level":"info","event":" 'task_instance': RuntimeTaskInstance(id=UUID('019857c2-c546-7304-831f-5bc7fc7fe3ec'), task_id='python', dag_id='python_operator_v1', run_id='scheduled__2023-06-24T11:44:00+00:00', try_number=1, map_index=-1, hostname='bf6f1e7a6f11', context_carrier={}, task=<Task(PythonOperator): python>, bundle_instance=LocalDagBundle(name=dags-folder), max_tries=0, start_date=datetime.datetime(2025, 7, 29, 19, 57, 20, 192699, tzinfo=datetime.timezone.utc), end_date=None, state=<TaskInstanceState.RUNNING: 'running'>, is_mapped=False, rendered_map_index=None, log_url='http://localhost:8080/dags/python_operator_v1/runs/scheduled__2023-06-24T11%3A44%3A00%2B00%3A00/tasks/python?try_number=1'),","chan":"stdout","logger":"task"}
{"timestamp":"2025-07-29T19:57:20.790952Z","level":"info","event":" 'task_instance_key_str': 'python_operator_v1__python__20230624',","chan":"stdout","logger":"task"}
{"timestamp":"2025-07-29T19:57:20.791016Z","level":"info","event":" 'task_reschedule_count': 0,","chan":"stdout","logger":"task"}
{"timestamp":"2025-07-29T19:57:20.791078Z","level":"info","event":" 'templates_dict': None,","chan":"stdout","logger":"task"}
{"timestamp":"2025-07-29T19:57:20.791193Z","level":"info","event":" 'ti': RuntimeTaskInstance(id=UUID('019857c2-c546-7304-831f-5bc7fc7fe3ec'), task_id='python', dag_id='python_operator_v1', run_id='scheduled__2023-06-24T11:44:00+00:00', try_number=1, map_index=-1, hostname='bf6f1e7a6f11', context_carrier={}, task=<Task(PythonOperator): python>, bundle_instance=LocalDagBundle(name=dags-folder), max_tries=0, start_date=datetime.datetime(2025, 7, 29, 19, 57, 20, 192699, tzinfo=datetime.timezone.utc), end_date=None, state=<TaskInstanceState.RUNNING: 'running'>, is_mapped=False, rendered_map_index=None, log_url='http://localhost:8080/dags/python_operator_v1/runs/scheduled__2023-06-24T11%3A44%3A00%2B00%3A00/tasks/python?try_number=1'),","chan":"stdout","logger":"task"}
{"timestamp":"2025-07-29T19:57:20.791274Z","level":"info","event":" 'triggering_asset_events': TriggeringAssetEventsAccessor(_events=defaultdict(<class 'list'>, {})),","chan":"stdout","logger":"task"}
{"timestamp":"2025-07-29T19:57:20.791342Z","level":"info","event":" 'ts': '2023-06-24T11:44:00+00:00',","chan":"stdout","logger":"task"}
{"timestamp":"2025-07-29T19:57:20.791408Z","level":"info","event":" 'ts_nodash': '20230624T114400',","chan":"stdout","logger":"task"}
{"timestamp":"2025-07-29T19:57:20.791469Z","level":"info","event":" 'ts_nodash_with_tz': '20230624T114400+0000',","chan":"stdout","logger":"task"}
{"timestamp":"2025-07-29T19:57:20.791532Z","level":"info","event":" 'var': {'json': <VariableAccessor (dynamic access)>,","chan":"stdout","logger":"task"}
{"timestamp":"2025-07-29T19:57:20.791597Z","level":"info","event":"         'value': <VariableAccessor (dynamic access)>}}","chan":"stdout","logger":"task"}
{"timestamp":"2025-07-29T19:57:20.791333","level":"info","event":"Done. Returned value was: 123","logger":"airflow.task.operators.airflow.providers.standard.operators.python.PythonOperator"}
{"timestamp":"2025-07-29T19:57:20.791615","level":"info","event":"Pushing xcom","ti":"RuntimeTaskInstance(id=UUID('019857c2-c546-7304-831f-5bc7fc7fe3ec'), task_id='python', dag_id='python_operator_v1', run_id='scheduled__2023-06-24T11:44:00+00:00', try_number=1, map_index=-1, hostname='bf6f1e7a6f11', context_carrier={}, task=<Task(PythonOperator): python>, bundle_instance=LocalDagBundle(name=dags-folder), max_tries=0, start_date=datetime.datetime(2025, 7, 29, 19, 57, 20, 192699, tzinfo=datetime.timezone.utc), end_date=None, state=<TaskInstanceState.RUNNING: 'running'>, is_mapped=False, rendered_map_index=None, log_url='http://localhost:8080/dags/python_operator_v1/runs/scheduled__2023-06-24T11%3A44%3A00%2B00%3A00/tasks/python?try_number=1')","logger":"task"}
{"timestamp":"2025-07-29T19:57:20.825390Z","level":"info","event":"Task instance in success state","chan":"stdout","logger":"task"}
{"timestamp":"2025-07-29T19:57:20.825691Z","level":"info","event":" Previous state of the Task instance: TaskInstanceState.RUNNING","chan":"stdout","logger":"task"}
{"timestamp":"2025-07-29T19:57:20.825865Z","level":"info","event":"Task operator:<Task(PythonOperator): python>","chan":"stdout","logger":"task"}
