{"timestamp":"2025-07-29T20:02:08.897285","level":"info","event":"DAG bundles loaded: dags-folder, example_dags","logger":"airflow.dag_processing.bundles.manager.DagBundlesManager"}
{"timestamp":"2025-07-29T20:02:08.898141","level":"info","event":"Filling up the DagBag from /opt/airflow/dags/3_dag_principal.py","logger":"airflow.models.dagbag.DagBag"}
{"timestamp":"2025-07-29T20:02:08.957119Z","level":"info","event":"Task instance is in running state","chan":"stdout","logger":"task"}
{"timestamp":"2025-07-29T20:02:08.957404Z","level":"info","event":" Previous state of the Task instance: TaskInstanceState.QUEUED","chan":"stdout","logger":"task"}
{"timestamp":"2025-07-29T20:02:08.957561Z","level":"info","event":"Current task name:python_principal","chan":"stdout","logger":"task"}
{"timestamp":"2025-07-29T20:02:08.957653Z","level":"info","event":"Dag name:3_DAG_principal","chan":"stdout","logger":"task"}
{"timestamp":"2025-07-29T20:02:08.960065Z","level":"info","event":"DAG principal","chan":"stdout","logger":"task"}
{"timestamp":"2025-07-29T20:02:08.961023Z","level":"info","event":"{'conn': <ConnectionAccessor (dynamic access)>,","chan":"stdout","logger":"task"}
{"timestamp":"2025-07-29T20:02:08.961256Z","level":"info","event":" 'dag': <DAG: 3_DAG_principal>,","chan":"stdout","logger":"task"}
{"timestamp":"2025-07-29T20:02:08.961411Z","level":"info","event":" 'dag_run': DagRun(dag_id='3_DAG_principal', run_id='scheduled__2023-12-26T20:00:00+00:00', logical_date=datetime.datetime(2023, 12, 26, 20, 0, tzinfo=datetime.timezone.utc), data_interval_start=datetime.datetime(2023, 12, 26, 20, 0, tzinfo=datetime.timezone.utc), data_interval_end=datetime.datetime(2023, 12, 26, 20, 0, tzinfo=datetime.timezone.utc), run_after=datetime.datetime(2023, 12, 26, 20, 0, tzinfo=datetime.timezone.utc), start_date=datetime.datetime(2025, 7, 29, 20, 2, 7, 251874, tzinfo=datetime.timezone.utc), end_date=None, clear_number=0, run_type=<DagRunType.SCHEDULED: 'scheduled'>, conf={}, consumed_asset_events=[]),","chan":"stdout","logger":"task"}
{"timestamp":"2025-07-29T20:02:08.961477Z","level":"info","event":" 'data_interval_end': DateTime(2023, 12, 26, 20, 0, 0, tzinfo=Timezone('UTC')),","chan":"stdout","logger":"task"}
{"timestamp":"2025-07-29T20:02:08.961528Z","level":"info","event":" 'data_interval_start': DateTime(2023, 12, 26, 20, 0, 0, tzinfo=Timezone('UTC')),","chan":"stdout","logger":"task"}
{"timestamp":"2025-07-29T20:02:08.961572Z","level":"info","event":" 'ds': '2023-12-26',","chan":"stdout","logger":"task"}
{"timestamp":"2025-07-29T20:02:08.961618Z","level":"info","event":" 'ds_nodash': '20231226',","chan":"stdout","logger":"task"}
{"timestamp":"2025-07-29T20:02:08.961678Z","level":"info","event":" 'inlet_events': InletEventsAccessors(_inlets=[], _assets={}, _asset_aliases={}),","chan":"stdout","logger":"task"}
{"timestamp":"2025-07-29T20:02:08.961743Z","level":"info","event":" 'inlets': [],","chan":"stdout","logger":"task"}
{"timestamp":"2025-07-29T20:02:08.961809Z","level":"info","event":" 'logical_date': DateTime(2023, 12, 26, 20, 0, 0, tzinfo=Timezone('UTC')),","chan":"stdout","logger":"task"}
{"timestamp":"2025-07-29T20:02:08.961854Z","level":"info","event":" 'macros': <MacrosAccessor (dynamic access to macros)>,","chan":"stdout","logger":"task"}
{"timestamp":"2025-07-29T20:02:08.961896Z","level":"info","event":" 'map_index_template': None,","chan":"stdout","logger":"task"}
{"timestamp":"2025-07-29T20:02:08.961938Z","level":"info","event":" 'outlet_events': <airflow.sdk.execution_time.context.OutletEventAccessors object at 0x7fb677adfa70>,","chan":"stdout","logger":"task"}
{"timestamp":"2025-07-29T20:02:08.961979Z","level":"info","event":" 'outlets': [],","chan":"stdout","logger":"task"}
{"timestamp":"2025-07-29T20:02:08.962019Z","level":"info","event":" 'params': {},","chan":"stdout","logger":"task"}
{"timestamp":"2025-07-29T20:02:08.977364Z","level":"info","event":" 'prev_data_interval_end_success': <Proxy at 0x7fb66fc16210 with factory <function RuntimeTaskInstance.get_template_context.<locals>.<lambda> at 0x7fb678281580>>,","chan":"stdout","logger":"task"}
{"timestamp":"2025-07-29T20:02:08.977581Z","level":"info","event":" 'prev_data_interval_start_success': <Proxy at 0x7fb66fc162a0 with factory <function RuntimeTaskInstance.get_template_context.<locals>.<lambda> at 0x7fb678280040>>,","chan":"stdout","logger":"task"}
{"timestamp":"2025-07-29T20:02:08.977675Z","level":"info","event":" 'prev_end_date_success': <Proxy at 0x7fb66ffc6690 with factory <function RuntimeTaskInstance.get_template_context.<locals>.<lambda> at 0x7fb678281620>>,","chan":"stdout","logger":"task"}
{"timestamp":"2025-07-29T20:02:08.977737Z","level":"info","event":" 'prev_start_date_success': <Proxy at 0x7fb66ffc4830 with factory <function RuntimeTaskInstance.get_template_context.<locals>.<lambda> at 0x7fb678280360>>,","chan":"stdout","logger":"task"}
{"timestamp":"2025-07-29T20:02:08.977784Z","level":"info","event":" 'run_id': 'scheduled__2023-12-26T20:00:00+00:00',","chan":"stdout","logger":"task"}
{"timestamp":"2025-07-29T20:02:08.977828Z","level":"info","event":" 'task': <Task(PythonOperator): python_principal>,","chan":"stdout","logger":"task"}
{"timestamp":"2025-07-29T20:02:08.977907Z","level":"info","event":" 'task_instance': RuntimeTaskInstance(id=UUID('019857c7-2ae1-7e5a-b386-98983b2a715b'), task_id='python_principal', dag_id='3_DAG_principal', run_id='scheduled__2023-12-26T20:00:00+00:00', try_number=1, map_index=-1, hostname='bf6f1e7a6f11', context_carrier={}, task=<Task(PythonOperator): python_principal>, bundle_instance=LocalDagBundle(name=dags-folder), max_tries=0, start_date=datetime.datetime(2025, 7, 29, 20, 2, 8, 92536, tzinfo=datetime.timezone.utc), end_date=None, state=<TaskInstanceState.RUNNING: 'running'>, is_mapped=False, rendered_map_index=None, log_url='http://localhost:8080/dags/3_DAG_principal/runs/scheduled__2023-12-26T20%3A00%3A00%2B00%3A00/tasks/python_principal?try_number=1'),","chan":"stdout","logger":"task"}
{"timestamp":"2025-07-29T20:02:08.977959Z","level":"info","event":" 'task_instance_key_str': '3_DAG_principal__python_principal__20231226',","chan":"stdout","logger":"task"}
{"timestamp":"2025-07-29T20:02:08.978005Z","level":"info","event":" 'task_reschedule_count': 0,","chan":"stdout","logger":"task"}
{"timestamp":"2025-07-29T20:02:08.978047Z","level":"info","event":" 'templates_dict': None,","chan":"stdout","logger":"task"}
{"timestamp":"2025-07-29T20:02:08.978091Z","level":"info","event":" 'ti': RuntimeTaskInstance(id=UUID('019857c7-2ae1-7e5a-b386-98983b2a715b'), task_id='python_principal', dag_id='3_DAG_principal', run_id='scheduled__2023-12-26T20:00:00+00:00', try_number=1, map_index=-1, hostname='bf6f1e7a6f11', context_carrier={}, task=<Task(PythonOperator): python_principal>, bundle_instance=LocalDagBundle(name=dags-folder), max_tries=0, start_date=datetime.datetime(2025, 7, 29, 20, 2, 8, 92536, tzinfo=datetime.timezone.utc), end_date=None, state=<TaskInstanceState.RUNNING: 'running'>, is_mapped=False, rendered_map_index=None, log_url='http://localhost:8080/dags/3_DAG_principal/runs/scheduled__2023-12-26T20%3A00%3A00%2B00%3A00/tasks/python_principal?try_number=1'),","chan":"stdout","logger":"task"}
{"timestamp":"2025-07-29T20:02:08.978134Z","level":"info","event":" 'triggering_asset_events': TriggeringAssetEventsAccessor(_events=defaultdict(<class 'list'>, {})),","chan":"stdout","logger":"task"}
{"timestamp":"2025-07-29T20:02:08.978175Z","level":"info","event":" 'ts': '2023-12-26T20:00:00+00:00',","chan":"stdout","logger":"task"}
{"timestamp":"2025-07-29T20:02:08.978220Z","level":"info","event":" 'ts_nodash': '20231226T200000',","chan":"stdout","logger":"task"}
{"timestamp":"2025-07-29T20:02:08.978284Z","level":"info","event":" 'ts_nodash_with_tz': '20231226T200000+0000',","chan":"stdout","logger":"task"}
{"timestamp":"2025-07-29T20:02:08.978350Z","level":"info","event":" 'var': {'json': <VariableAccessor (dynamic access)>,","chan":"stdout","logger":"task"}
{"timestamp":"2025-07-29T20:02:08.978424Z","level":"info","event":"         'value': <VariableAccessor (dynamic access)>}}","chan":"stdout","logger":"task"}
{"timestamp":"2025-07-29T20:02:08.977912","level":"info","event":"Done. Returned value was: principal","logger":"airflow.task.operators.airflow.providers.standard.operators.python.PythonOperator"}
{"timestamp":"2025-07-29T20:02:08.978166","level":"info","event":"Pushing xcom","ti":"RuntimeTaskInstance(id=UUID('019857c7-2ae1-7e5a-b386-98983b2a715b'), task_id='python_principal', dag_id='3_DAG_principal', run_id='scheduled__2023-12-26T20:00:00+00:00', try_number=1, map_index=-1, hostname='bf6f1e7a6f11', context_carrier={}, task=<Task(PythonOperator): python_principal>, bundle_instance=LocalDagBundle(name=dags-folder), max_tries=0, start_date=datetime.datetime(2025, 7, 29, 20, 2, 8, 92536, tzinfo=datetime.timezone.utc), end_date=None, state=<TaskInstanceState.RUNNING: 'running'>, is_mapped=False, rendered_map_index=None, log_url='http://localhost:8080/dags/3_DAG_principal/runs/scheduled__2023-12-26T20%3A00%3A00%2B00%3A00/tasks/python_principal?try_number=1')","logger":"task"}
{"timestamp":"2025-07-29T20:02:09.024343Z","level":"info","event":"Task instance in success state","chan":"stdout","logger":"task"}
{"timestamp":"2025-07-29T20:02:09.024584Z","level":"info","event":" Previous state of the Task instance: TaskInstanceState.RUNNING","chan":"stdout","logger":"task"}
{"timestamp":"2025-07-29T20:02:09.024816Z","level":"info","event":"Task operator:<Task(PythonOperator): python_principal>","chan":"stdout","logger":"task"}
