{"timestamp":"2025-07-29T19:45:17.848022","level":"info","event":"DAG bundles loaded: dags-folder, example_dags","logger":"airflow.dag_processing.bundles.manager.DagBundlesManager"}
{"timestamp":"2025-07-29T19:45:17.848451","level":"info","event":"Filling up the DagBag from /opt/airflow/dags/python_operator_v1.py","logger":"airflow.models.dagbag.DagBag"}
{"timestamp":"2025-07-29T19:45:17.873504Z","level":"info","event":"Task instance is in running state","chan":"stdout","logger":"task"}
{"timestamp":"2025-07-29T19:45:17.873669Z","level":"info","event":" Previous state of the Task instance: TaskInstanceState.QUEUED","chan":"stdout","logger":"task"}
{"timestamp":"2025-07-29T19:45:17.874045Z","level":"info","event":"Current task name:python","chan":"stdout","logger":"task"}
{"timestamp":"2025-07-29T19:45:17.874128Z","level":"info","event":"Dag name:python_operator_v1","chan":"stdout","logger":"task"}
{"timestamp":"2025-07-29T19:45:17.875066Z","level":"info","event":"poliana","chan":"stdout","logger":"task"}
{"timestamp":"2025-07-29T19:45:17.875629Z","level":"info","event":"{'conn': <ConnectionAccessor (dynamic access)>,","chan":"stdout","logger":"task"}
{"timestamp":"2025-07-29T19:45:17.875734Z","level":"info","event":" 'dag': <DAG: python_operator_v1>,","chan":"stdout","logger":"task"}
{"timestamp":"2025-07-29T19:45:17.875793Z","level":"info","event":" 'dag_run': DagRun(dag_id='python_operator_v1', run_id='scheduled__2023-06-23T23:02:00+00:00', logical_date=datetime.datetime(2023, 6, 23, 23, 2, tzinfo=datetime.timezone.utc), data_interval_start=datetime.datetime(2023, 6, 23, 23, 2, tzinfo=datetime.timezone.utc), data_interval_end=datetime.datetime(2023, 6, 23, 23, 2, tzinfo=datetime.timezone.utc), run_after=datetime.datetime(2023, 6, 23, 23, 2, tzinfo=datetime.timezone.utc), start_date=datetime.datetime(2025, 7, 29, 19, 45, 16, 956585, tzinfo=datetime.timezone.utc), end_date=None, clear_number=0, run_type=<DagRunType.SCHEDULED: 'scheduled'>, conf={}, consumed_asset_events=[]),","chan":"stdout","logger":"task"}
{"timestamp":"2025-07-29T19:45:17.875874Z","level":"info","event":" 'data_interval_end': DateTime(2023, 6, 23, 23, 2, 0, tzinfo=Timezone('UTC')),","chan":"stdout","logger":"task"}
{"timestamp":"2025-07-29T19:45:17.875928Z","level":"info","event":" 'data_interval_start': DateTime(2023, 6, 23, 23, 2, 0, tzinfo=Timezone('UTC')),","chan":"stdout","logger":"task"}
{"timestamp":"2025-07-29T19:45:17.875970Z","level":"info","event":" 'ds': '2023-06-23',","chan":"stdout","logger":"task"}
{"timestamp":"2025-07-29T19:45:17.876010Z","level":"info","event":" 'ds_nodash': '20230623',","chan":"stdout","logger":"task"}
{"timestamp":"2025-07-29T19:45:17.876054Z","level":"info","event":" 'inlet_events': InletEventsAccessors(_inlets=[], _assets={}, _asset_aliases={}),","chan":"stdout","logger":"task"}
{"timestamp":"2025-07-29T19:45:17.876095Z","level":"info","event":" 'inlets': [],","chan":"stdout","logger":"task"}
{"timestamp":"2025-07-29T19:45:17.876136Z","level":"info","event":" 'logical_date': DateTime(2023, 6, 23, 23, 2, 0, tzinfo=Timezone('UTC')),","chan":"stdout","logger":"task"}
{"timestamp":"2025-07-29T19:45:17.876176Z","level":"info","event":" 'macros': <MacrosAccessor (dynamic access to macros)>,","chan":"stdout","logger":"task"}
{"timestamp":"2025-07-29T19:45:17.876216Z","level":"info","event":" 'map_index_template': None,","chan":"stdout","logger":"task"}
{"timestamp":"2025-07-29T19:45:17.876255Z","level":"info","event":" 'outlet_events': <airflow.sdk.execution_time.context.OutletEventAccessors object at 0x7fb66fd5d550>,","chan":"stdout","logger":"task"}
{"timestamp":"2025-07-29T19:45:17.876313Z","level":"info","event":" 'outlets': [],","chan":"stdout","logger":"task"}
{"timestamp":"2025-07-29T19:45:17.876399Z","level":"info","event":" 'params': {},","chan":"stdout","logger":"task"}
{"timestamp":"2025-07-29T19:45:17.890640Z","level":"info","event":" 'prev_data_interval_end_success': <Proxy at 0x7fb66fdc2300 with factory <function RuntimeTaskInstance.get_template_context.<locals>.<lambda> at 0x7fb678284040>>,","chan":"stdout","logger":"task"}
{"timestamp":"2025-07-29T19:45:17.890785Z","level":"info","event":" 'prev_data_interval_start_success': <Proxy at 0x7fb66fdc2360 with factory <function RuntimeTaskInstance.get_template_context.<locals>.<lambda> at 0x7fb678285760>>,","chan":"stdout","logger":"task"}
{"timestamp":"2025-07-29T19:45:17.890885Z","level":"info","event":" 'prev_end_date_success': <Proxy at 0x7fb66fdc05c0 with factory <function RuntimeTaskInstance.get_template_context.<locals>.<lambda> at 0x7fb678285800>>,","chan":"stdout","logger":"task"}
{"timestamp":"2025-07-29T19:45:17.890942Z","level":"info","event":" 'prev_start_date_success': <Proxy at 0x7fb66fdc26f0 with factory <function RuntimeTaskInstance.get_template_context.<locals>.<lambda> at 0x7fb678284540>>,","chan":"stdout","logger":"task"}
{"timestamp":"2025-07-29T19:45:17.890990Z","level":"info","event":" 'run_id': 'scheduled__2023-06-23T23:02:00+00:00',","chan":"stdout","logger":"task"}
{"timestamp":"2025-07-29T19:45:17.891038Z","level":"info","event":" 'task': <Task(PythonOperator): python>,","chan":"stdout","logger":"task"}
{"timestamp":"2025-07-29T19:45:17.891086Z","level":"info","event":" 'task_instance': RuntimeTaskInstance(id=UUID('019857b7-c095-72b7-a9a9-f9794ebe9d4c'), task_id='python', dag_id='python_operator_v1', run_id='scheduled__2023-06-23T23:02:00+00:00', try_number=1, map_index=-1, hostname='bf6f1e7a6f11', context_carrier={}, task=<Task(PythonOperator): python>, bundle_instance=LocalDagBundle(name=dags-folder), max_tries=0, start_date=datetime.datetime(2025, 7, 29, 19, 45, 17, 335536, tzinfo=datetime.timezone.utc), end_date=None, state=<TaskInstanceState.RUNNING: 'running'>, is_mapped=False, rendered_map_index=None, log_url='http://localhost:8080/dags/python_operator_v1/runs/scheduled__2023-06-23T23%3A02%3A00%2B00%3A00/tasks/python?try_number=1'),","chan":"stdout","logger":"task"}
{"timestamp":"2025-07-29T19:45:17.891130Z","level":"info","event":" 'task_instance_key_str': 'python_operator_v1__python__20230623',","chan":"stdout","logger":"task"}
{"timestamp":"2025-07-29T19:45:17.891171Z","level":"info","event":" 'task_reschedule_count': 0,","chan":"stdout","logger":"task"}
{"timestamp":"2025-07-29T19:45:17.891212Z","level":"info","event":" 'templates_dict': None,","chan":"stdout","logger":"task"}
{"timestamp":"2025-07-29T19:45:17.891253Z","level":"info","event":" 'ti': RuntimeTaskInstance(id=UUID('019857b7-c095-72b7-a9a9-f9794ebe9d4c'), task_id='python', dag_id='python_operator_v1', run_id='scheduled__2023-06-23T23:02:00+00:00', try_number=1, map_index=-1, hostname='bf6f1e7a6f11', context_carrier={}, task=<Task(PythonOperator): python>, bundle_instance=LocalDagBundle(name=dags-folder), max_tries=0, start_date=datetime.datetime(2025, 7, 29, 19, 45, 17, 335536, tzinfo=datetime.timezone.utc), end_date=None, state=<TaskInstanceState.RUNNING: 'running'>, is_mapped=False, rendered_map_index=None, log_url='http://localhost:8080/dags/python_operator_v1/runs/scheduled__2023-06-23T23%3A02%3A00%2B00%3A00/tasks/python?try_number=1'),","chan":"stdout","logger":"task"}
{"timestamp":"2025-07-29T19:45:17.891295Z","level":"info","event":" 'triggering_asset_events': TriggeringAssetEventsAccessor(_events=defaultdict(<class 'list'>, {})),","chan":"stdout","logger":"task"}
{"timestamp":"2025-07-29T19:45:17.891335Z","level":"info","event":" 'ts': '2023-06-23T23:02:00+00:00',","chan":"stdout","logger":"task"}
{"timestamp":"2025-07-29T19:45:17.891375Z","level":"info","event":" 'ts_nodash': '20230623T230200',","chan":"stdout","logger":"task"}
{"timestamp":"2025-07-29T19:45:17.891423Z","level":"info","event":" 'ts_nodash_with_tz': '20230623T230200+0000',","chan":"stdout","logger":"task"}
{"timestamp":"2025-07-29T19:45:17.891466Z","level":"info","event":" 'var': {'json': <VariableAccessor (dynamic access)>,","chan":"stdout","logger":"task"}
{"timestamp":"2025-07-29T19:45:17.891506Z","level":"info","event":"         'value': <VariableAccessor (dynamic access)>}}","chan":"stdout","logger":"task"}
{"timestamp":"2025-07-29T19:45:17.891258","level":"info","event":"Done. Returned value was: 123","logger":"airflow.task.operators.airflow.providers.standard.operators.python.PythonOperator"}
{"timestamp":"2025-07-29T19:45:17.891421","level":"info","event":"Pushing xcom","ti":"RuntimeTaskInstance(id=UUID('019857b7-c095-72b7-a9a9-f9794ebe9d4c'), task_id='python', dag_id='python_operator_v1', run_id='scheduled__2023-06-23T23:02:00+00:00', try_number=1, map_index=-1, hostname='bf6f1e7a6f11', context_carrier={}, task=<Task(PythonOperator): python>, bundle_instance=LocalDagBundle(name=dags-folder), max_tries=0, start_date=datetime.datetime(2025, 7, 29, 19, 45, 17, 335536, tzinfo=datetime.timezone.utc), end_date=None, state=<TaskInstanceState.RUNNING: 'running'>, is_mapped=False, rendered_map_index=None, log_url='http://localhost:8080/dags/python_operator_v1/runs/scheduled__2023-06-23T23%3A02%3A00%2B00%3A00/tasks/python?try_number=1')","logger":"task"}
{"timestamp":"2025-07-29T19:45:17.914915Z","level":"info","event":"Task instance in success state","chan":"stdout","logger":"task"}
{"timestamp":"2025-07-29T19:45:17.915051Z","level":"info","event":" Previous state of the Task instance: TaskInstanceState.RUNNING","chan":"stdout","logger":"task"}
{"timestamp":"2025-07-29T19:45:17.915149Z","level":"info","event":"Task operator:<Task(PythonOperator): python>","chan":"stdout","logger":"task"}
