{"timestamp":"2025-07-29T19:44:27.996151","level":"info","event":"DAG bundles loaded: dags-folder, example_dags","logger":"airflow.dag_processing.bundles.manager.DagBundlesManager"}
{"timestamp":"2025-07-29T19:44:27.996617","level":"info","event":"Filling up the DagBag from /opt/airflow/dags/python_operator_v1.py","logger":"airflow.models.dagbag.DagBag"}
{"timestamp":"2025-07-29T19:44:28.023607Z","level":"info","event":"Task instance is in running state","chan":"stdout","logger":"task"}
{"timestamp":"2025-07-29T19:44:28.023763Z","level":"info","event":" Previous state of the Task instance: TaskInstanceState.QUEUED","chan":"stdout","logger":"task"}
{"timestamp":"2025-07-29T19:44:28.024118Z","level":"info","event":"Current task name:python","chan":"stdout","logger":"task"}
{"timestamp":"2025-07-29T19:44:28.024198Z","level":"info","event":"Dag name:python_operator_v1","chan":"stdout","logger":"task"}
{"timestamp":"2025-07-29T19:44:28.025119Z","level":"info","event":"poliana","chan":"stdout","logger":"task"}
{"timestamp":"2025-07-29T19:44:28.025713Z","level":"info","event":"{'conn': <ConnectionAccessor (dynamic access)>,","chan":"stdout","logger":"task"}
{"timestamp":"2025-07-29T19:44:28.025804Z","level":"info","event":" 'dag': <DAG: python_operator_v1>,","chan":"stdout","logger":"task"}
{"timestamp":"2025-07-29T19:44:28.025898Z","level":"info","event":" 'dag_run': DagRun(dag_id='python_operator_v1', run_id='scheduled__2023-06-23T22:06:00+00:00', logical_date=datetime.datetime(2023, 6, 23, 22, 6, tzinfo=datetime.timezone.utc), data_interval_start=datetime.datetime(2023, 6, 23, 22, 6, tzinfo=datetime.timezone.utc), data_interval_end=datetime.datetime(2023, 6, 23, 22, 6, tzinfo=datetime.timezone.utc), run_after=datetime.datetime(2023, 6, 23, 22, 6, tzinfo=datetime.timezone.utc), start_date=datetime.datetime(2025, 7, 29, 19, 44, 27, 177728, tzinfo=datetime.timezone.utc), end_date=None, clear_number=0, run_type=<DagRunType.SCHEDULED: 'scheduled'>, conf={}, consumed_asset_events=[]),","chan":"stdout","logger":"task"}
{"timestamp":"2025-07-29T19:44:28.025953Z","level":"info","event":" 'data_interval_end': DateTime(2023, 6, 23, 22, 6, 0, tzinfo=Timezone('UTC')),","chan":"stdout","logger":"task"}
{"timestamp":"2025-07-29T19:44:28.025999Z","level":"info","event":" 'data_interval_start': DateTime(2023, 6, 23, 22, 6, 0, tzinfo=Timezone('UTC')),","chan":"stdout","logger":"task"}
{"timestamp":"2025-07-29T19:44:28.026045Z","level":"info","event":" 'ds': '2023-06-23',","chan":"stdout","logger":"task"}
{"timestamp":"2025-07-29T19:44:28.026087Z","level":"info","event":" 'ds_nodash': '20230623',","chan":"stdout","logger":"task"}
{"timestamp":"2025-07-29T19:44:28.026129Z","level":"info","event":" 'inlet_events': InletEventsAccessors(_inlets=[], _assets={}, _asset_aliases={}),","chan":"stdout","logger":"task"}
{"timestamp":"2025-07-29T19:44:28.026171Z","level":"info","event":" 'inlets': [],","chan":"stdout","logger":"task"}
{"timestamp":"2025-07-29T19:44:28.026217Z","level":"info","event":" 'logical_date': DateTime(2023, 6, 23, 22, 6, 0, tzinfo=Timezone('UTC')),","chan":"stdout","logger":"task"}
{"timestamp":"2025-07-29T19:44:28.026258Z","level":"info","event":" 'macros': <MacrosAccessor (dynamic access to macros)>,","chan":"stdout","logger":"task"}
{"timestamp":"2025-07-29T19:44:28.026299Z","level":"info","event":" 'map_index_template': None,","chan":"stdout","logger":"task"}
{"timestamp":"2025-07-29T19:44:28.026339Z","level":"info","event":" 'outlet_events': <airflow.sdk.execution_time.context.OutletEventAccessors object at 0x7fb66febdd90>,","chan":"stdout","logger":"task"}
{"timestamp":"2025-07-29T19:44:28.026381Z","level":"info","event":" 'outlets': [],","chan":"stdout","logger":"task"}
{"timestamp":"2025-07-29T19:44:28.026421Z","level":"info","event":" 'params': {},","chan":"stdout","logger":"task"}
{"timestamp":"2025-07-29T19:44:28.034477Z","level":"info","event":" 'prev_data_interval_end_success': <Proxy at 0x7fb66fdc1cd0 with factory <function RuntimeTaskInstance.get_template_context.<locals>.<lambda> at 0x7fb66fdd22a0>>,","chan":"stdout","logger":"task"}
{"timestamp":"2025-07-29T19:44:28.034659Z","level":"info","event":" 'prev_data_interval_start_success': <Proxy at 0x7fb66fdc1e80 with factory <function RuntimeTaskInstance.get_template_context.<locals>.<lambda> at 0x7fb66fdd39c0>>,","chan":"stdout","logger":"task"}
{"timestamp":"2025-07-29T19:44:28.034728Z","level":"info","event":" 'prev_end_date_success': <Proxy at 0x7fb677b27fe0 with factory <function RuntimeTaskInstance.get_template_context.<locals>.<lambda> at 0x7fb66fdd3a60>>,","chan":"stdout","logger":"task"}
{"timestamp":"2025-07-29T19:44:28.034778Z","level":"info","event":" 'prev_start_date_success': <Proxy at 0x7fb677b27f20 with factory <function RuntimeTaskInstance.get_template_context.<locals>.<lambda> at 0x7fb66fdd27a0>>,","chan":"stdout","logger":"task"}
{"timestamp":"2025-07-29T19:44:28.034824Z","level":"info","event":" 'run_id': 'scheduled__2023-06-23T22:06:00+00:00',","chan":"stdout","logger":"task"}
{"timestamp":"2025-07-29T19:44:28.034906Z","level":"info","event":" 'task': <Task(PythonOperator): python>,","chan":"stdout","logger":"task"}
{"timestamp":"2025-07-29T19:44:28.035015Z","level":"info","event":" 'task_instance': RuntimeTaskInstance(id=UUID('019857b6-fe1f-7c4c-9825-6d5905dab410'), task_id='python', dag_id='python_operator_v1', run_id='scheduled__2023-06-23T22:06:00+00:00', try_number=1, map_index=-1, hostname='bf6f1e7a6f11', context_carrier={}, task=<Task(PythonOperator): python>, bundle_instance=LocalDagBundle(name=dags-folder), max_tries=0, start_date=datetime.datetime(2025, 7, 29, 19, 44, 27, 515148, tzinfo=datetime.timezone.utc), end_date=None, state=<TaskInstanceState.RUNNING: 'running'>, is_mapped=False, rendered_map_index=None, log_url='http://localhost:8080/dags/python_operator_v1/runs/scheduled__2023-06-23T22%3A06%3A00%2B00%3A00/tasks/python?try_number=1'),","chan":"stdout","logger":"task"}
{"timestamp":"2025-07-29T19:44:28.035075Z","level":"info","event":" 'task_instance_key_str': 'python_operator_v1__python__20230623',","chan":"stdout","logger":"task"}
{"timestamp":"2025-07-29T19:44:28.035128Z","level":"info","event":" 'task_reschedule_count': 0,","chan":"stdout","logger":"task"}
{"timestamp":"2025-07-29T19:44:28.035185Z","level":"info","event":" 'templates_dict': None,","chan":"stdout","logger":"task"}
{"timestamp":"2025-07-29T19:44:28.035229Z","level":"info","event":" 'ti': RuntimeTaskInstance(id=UUID('019857b6-fe1f-7c4c-9825-6d5905dab410'), task_id='python', dag_id='python_operator_v1', run_id='scheduled__2023-06-23T22:06:00+00:00', try_number=1, map_index=-1, hostname='bf6f1e7a6f11', context_carrier={}, task=<Task(PythonOperator): python>, bundle_instance=LocalDagBundle(name=dags-folder), max_tries=0, start_date=datetime.datetime(2025, 7, 29, 19, 44, 27, 515148, tzinfo=datetime.timezone.utc), end_date=None, state=<TaskInstanceState.RUNNING: 'running'>, is_mapped=False, rendered_map_index=None, log_url='http://localhost:8080/dags/python_operator_v1/runs/scheduled__2023-06-23T22%3A06%3A00%2B00%3A00/tasks/python?try_number=1'),","chan":"stdout","logger":"task"}
{"timestamp":"2025-07-29T19:44:28.035303Z","level":"info","event":" 'triggering_asset_events': TriggeringAssetEventsAccessor(_events=defaultdict(<class 'list'>, {})),","chan":"stdout","logger":"task"}
{"timestamp":"2025-07-29T19:44:28.035353Z","level":"info","event":" 'ts': '2023-06-23T22:06:00+00:00',","chan":"stdout","logger":"task"}
{"timestamp":"2025-07-29T19:44:28.035397Z","level":"info","event":" 'ts_nodash': '20230623T220600',","chan":"stdout","logger":"task"}
{"timestamp":"2025-07-29T19:44:28.035438Z","level":"info","event":" 'ts_nodash_with_tz': '20230623T220600+0000',","chan":"stdout","logger":"task"}
{"timestamp":"2025-07-29T19:44:28.035480Z","level":"info","event":" 'var': {'json': <VariableAccessor (dynamic access)>,","chan":"stdout","logger":"task"}
{"timestamp":"2025-07-29T19:44:28.035522Z","level":"info","event":"         'value': <VariableAccessor (dynamic access)>}}","chan":"stdout","logger":"task"}
{"timestamp":"2025-07-29T19:44:28.035148","level":"info","event":"Done. Returned value was: 123","logger":"airflow.task.operators.airflow.providers.standard.operators.python.PythonOperator"}
{"timestamp":"2025-07-29T19:44:28.035313","level":"info","event":"Pushing xcom","ti":"RuntimeTaskInstance(id=UUID('019857b6-fe1f-7c4c-9825-6d5905dab410'), task_id='python', dag_id='python_operator_v1', run_id='scheduled__2023-06-23T22:06:00+00:00', try_number=1, map_index=-1, hostname='bf6f1e7a6f11', context_carrier={}, task=<Task(PythonOperator): python>, bundle_instance=LocalDagBundle(name=dags-folder), max_tries=0, start_date=datetime.datetime(2025, 7, 29, 19, 44, 27, 515148, tzinfo=datetime.timezone.utc), end_date=None, state=<TaskInstanceState.RUNNING: 'running'>, is_mapped=False, rendered_map_index=None, log_url='http://localhost:8080/dags/python_operator_v1/runs/scheduled__2023-06-23T22%3A06%3A00%2B00%3A00/tasks/python?try_number=1')","logger":"task"}
{"timestamp":"2025-07-29T19:44:28.056024Z","level":"info","event":"Task instance in success state","chan":"stdout","logger":"task"}
{"timestamp":"2025-07-29T19:44:28.056149Z","level":"info","event":" Previous state of the Task instance: TaskInstanceState.RUNNING","chan":"stdout","logger":"task"}
{"timestamp":"2025-07-29T19:44:28.056239Z","level":"info","event":"Task operator:<Task(PythonOperator): python>","chan":"stdout","logger":"task"}
