{"timestamp":"2025-07-29T20:09:01.217822","level":"info","event":"DAG bundles loaded: dags-folder, example_dags","logger":"airflow.dag_processing.bundles.manager.DagBundlesManager"}
{"timestamp":"2025-07-29T20:09:01.218286","level":"info","event":"Filling up the DagBag from /opt/airflow/dags/3_dag_principal.py","logger":"airflow.models.dagbag.DagBag"}
{"timestamp":"2025-07-29T20:09:01.239799Z","level":"info","event":"Task instance is in running state","chan":"stdout","logger":"task"}
{"timestamp":"2025-07-29T20:09:01.239929Z","level":"info","event":" Previous state of the Task instance: TaskInstanceState.QUEUED","chan":"stdout","logger":"task"}
{"timestamp":"2025-07-29T20:09:01.240405Z","level":"info","event":"Current task name:python_principal","chan":"stdout","logger":"task"}
{"timestamp":"2025-07-29T20:09:01.240519Z","level":"info","event":"Dag name:3_DAG_principal","chan":"stdout","logger":"task"}
{"timestamp":"2025-07-29T20:09:01.241441Z","level":"info","event":"DAG principal","chan":"stdout","logger":"task"}
{"timestamp":"2025-07-29T20:09:01.242186Z","level":"info","event":"{'conn': <ConnectionAccessor (dynamic access)>,","chan":"stdout","logger":"task"}
{"timestamp":"2025-07-29T20:09:01.242285Z","level":"info","event":" 'dag': <DAG: 3_DAG_principal>,","chan":"stdout","logger":"task"}
{"timestamp":"2025-07-29T20:09:01.242409Z","level":"info","event":" 'dag_run': DagRun(dag_id='3_DAG_principal', run_id='scheduled__2025-01-03T20:00:00+00:00', logical_date=datetime.datetime(2025, 1, 3, 20, 0, tzinfo=datetime.timezone.utc), data_interval_start=datetime.datetime(2025, 1, 3, 20, 0, tzinfo=datetime.timezone.utc), data_interval_end=datetime.datetime(2025, 1, 3, 20, 0, tzinfo=datetime.timezone.utc), run_after=datetime.datetime(2025, 1, 3, 20, 0, tzinfo=datetime.timezone.utc), start_date=datetime.datetime(2025, 7, 29, 20, 9, 0, 109600, tzinfo=datetime.timezone.utc), end_date=None, clear_number=0, run_type=<DagRunType.SCHEDULED: 'scheduled'>, conf={}, consumed_asset_events=[]),","chan":"stdout","logger":"task"}
{"timestamp":"2025-07-29T20:09:01.242520Z","level":"info","event":" 'data_interval_end': DateTime(2025, 1, 3, 20, 0, 0, tzinfo=Timezone('UTC')),","chan":"stdout","logger":"task"}
{"timestamp":"2025-07-29T20:09:01.242581Z","level":"info","event":" 'data_interval_start': DateTime(2025, 1, 3, 20, 0, 0, tzinfo=Timezone('UTC')),","chan":"stdout","logger":"task"}
{"timestamp":"2025-07-29T20:09:01.242628Z","level":"info","event":" 'ds': '2025-01-03',","chan":"stdout","logger":"task"}
{"timestamp":"2025-07-29T20:09:01.242673Z","level":"info","event":" 'ds_nodash': '20250103',","chan":"stdout","logger":"task"}
{"timestamp":"2025-07-29T20:09:01.242715Z","level":"info","event":" 'inlet_events': InletEventsAccessors(_inlets=[], _assets={}, _asset_aliases={}),","chan":"stdout","logger":"task"}
{"timestamp":"2025-07-29T20:09:01.242757Z","level":"info","event":" 'inlets': [],","chan":"stdout","logger":"task"}
{"timestamp":"2025-07-29T20:09:01.242798Z","level":"info","event":" 'logical_date': DateTime(2025, 1, 3, 20, 0, 0, tzinfo=Timezone('UTC')),","chan":"stdout","logger":"task"}
{"timestamp":"2025-07-29T20:09:01.242839Z","level":"info","event":" 'macros': <MacrosAccessor (dynamic access to macros)>,","chan":"stdout","logger":"task"}
{"timestamp":"2025-07-29T20:09:01.242882Z","level":"info","event":" 'map_index_template': None,","chan":"stdout","logger":"task"}
{"timestamp":"2025-07-29T20:09:01.242926Z","level":"info","event":" 'outlet_events': <airflow.sdk.execution_time.context.OutletEventAccessors object at 0x7fb66fdc0950>,","chan":"stdout","logger":"task"}
{"timestamp":"2025-07-29T20:09:01.242967Z","level":"info","event":" 'outlets': [],","chan":"stdout","logger":"task"}
{"timestamp":"2025-07-29T20:09:01.243008Z","level":"info","event":" 'params': {},","chan":"stdout","logger":"task"}
{"timestamp":"2025-07-29T20:09:01.252835Z","level":"info","event":" 'prev_data_interval_end_success': <Proxy at 0x7fb66fc51640 with factory <function RuntimeTaskInstance.get_template_context.<locals>.<lambda> at 0x7fb66fc6ec00>>,","chan":"stdout","logger":"task"}
{"timestamp":"2025-07-29T20:09:01.253009Z","level":"info","event":" 'prev_data_interval_start_success': <Proxy at 0x7fb66fc517c0 with factory <function RuntimeTaskInstance.get_template_context.<locals>.<lambda> at 0x7fb66fc6d440>>,","chan":"stdout","logger":"task"}
{"timestamp":"2025-07-29T20:09:01.253074Z","level":"info","event":" 'prev_end_date_success': <Proxy at 0x7fb67ebcfe30 with factory <function RuntimeTaskInstance.get_template_context.<locals>.<lambda> at 0x7fb66fc6eca0>>,","chan":"stdout","logger":"task"}
{"timestamp":"2025-07-29T20:09:01.253126Z","level":"info","event":" 'prev_start_date_success': <Proxy at 0x7fb677766300 with factory <function RuntimeTaskInstance.get_template_context.<locals>.<lambda> at 0x7fb66fc6d9e0>>,","chan":"stdout","logger":"task"}
{"timestamp":"2025-07-29T20:09:01.253172Z","level":"info","event":" 'run_id': 'scheduled__2025-01-03T20:00:00+00:00',","chan":"stdout","logger":"task"}
{"timestamp":"2025-07-29T20:09:01.253215Z","level":"info","event":" 'task': <Task(PythonOperator): python_principal>,","chan":"stdout","logger":"task"}
{"timestamp":"2025-07-29T20:09:01.253259Z","level":"info","event":" 'task_instance': RuntimeTaskInstance(id=UUID('019857cd-77bc-74c5-b943-cfea34cad95b'), task_id='python_principal', dag_id='3_DAG_principal', run_id='scheduled__2025-01-03T20:00:00+00:00', try_number=1, map_index=-1, hostname='bf6f1e7a6f11', context_carrier={}, task=<Task(PythonOperator): python_principal>, bundle_instance=LocalDagBundle(name=dags-folder), max_tries=0, start_date=datetime.datetime(2025, 7, 29, 20, 9, 0, 700881, tzinfo=datetime.timezone.utc), end_date=None, state=<TaskInstanceState.RUNNING: 'running'>, is_mapped=False, rendered_map_index=None, log_url='http://localhost:8080/dags/3_DAG_principal/runs/scheduled__2025-01-03T20%3A00%3A00%2B00%3A00/tasks/python_principal?try_number=1'),","chan":"stdout","logger":"task"}
{"timestamp":"2025-07-29T20:09:01.253307Z","level":"info","event":" 'task_instance_key_str': '3_DAG_principal__python_principal__20250103',","chan":"stdout","logger":"task"}
{"timestamp":"2025-07-29T20:09:01.253357Z","level":"info","event":" 'task_reschedule_count': 0,","chan":"stdout","logger":"task"}
{"timestamp":"2025-07-29T20:09:01.253399Z","level":"info","event":" 'templates_dict': None,","chan":"stdout","logger":"task"}
{"timestamp":"2025-07-29T20:09:01.253442Z","level":"info","event":" 'ti': RuntimeTaskInstance(id=UUID('019857cd-77bc-74c5-b943-cfea34cad95b'), task_id='python_principal', dag_id='3_DAG_principal', run_id='scheduled__2025-01-03T20:00:00+00:00', try_number=1, map_index=-1, hostname='bf6f1e7a6f11', context_carrier={}, task=<Task(PythonOperator): python_principal>, bundle_instance=LocalDagBundle(name=dags-folder), max_tries=0, start_date=datetime.datetime(2025, 7, 29, 20, 9, 0, 700881, tzinfo=datetime.timezone.utc), end_date=None, state=<TaskInstanceState.RUNNING: 'running'>, is_mapped=False, rendered_map_index=None, log_url='http://localhost:8080/dags/3_DAG_principal/runs/scheduled__2025-01-03T20%3A00%3A00%2B00%3A00/tasks/python_principal?try_number=1'),","chan":"stdout","logger":"task"}
{"timestamp":"2025-07-29T20:09:01.253512Z","level":"info","event":" 'triggering_asset_events': TriggeringAssetEventsAccessor(_events=defaultdict(<class 'list'>, {})),","chan":"stdout","logger":"task"}
{"timestamp":"2025-07-29T20:09:01.253560Z","level":"info","event":" 'ts': '2025-01-03T20:00:00+00:00',","chan":"stdout","logger":"task"}
{"timestamp":"2025-07-29T20:09:01.253603Z","level":"info","event":" 'ts_nodash': '20250103T200000',","chan":"stdout","logger":"task"}
{"timestamp":"2025-07-29T20:09:01.253644Z","level":"info","event":" 'ts_nodash_with_tz': '20250103T200000+0000',","chan":"stdout","logger":"task"}
{"timestamp":"2025-07-29T20:09:01.253684Z","level":"info","event":" 'var': {'json': <VariableAccessor (dynamic access)>,","chan":"stdout","logger":"task"}
{"timestamp":"2025-07-29T20:09:01.253725Z","level":"info","event":"         'value': <VariableAccessor (dynamic access)>}}","chan":"stdout","logger":"task"}
{"timestamp":"2025-07-29T20:09:01.253161","level":"info","event":"Done. Returned value was: principal","logger":"airflow.task.operators.airflow.providers.standard.operators.python.PythonOperator"}
{"timestamp":"2025-07-29T20:09:01.253328","level":"info","event":"Pushing xcom","ti":"RuntimeTaskInstance(id=UUID('019857cd-77bc-74c5-b943-cfea34cad95b'), task_id='python_principal', dag_id='3_DAG_principal', run_id='scheduled__2025-01-03T20:00:00+00:00', try_number=1, map_index=-1, hostname='bf6f1e7a6f11', context_carrier={}, task=<Task(PythonOperator): python_principal>, bundle_instance=LocalDagBundle(name=dags-folder), max_tries=0, start_date=datetime.datetime(2025, 7, 29, 20, 9, 0, 700881, tzinfo=datetime.timezone.utc), end_date=None, state=<TaskInstanceState.RUNNING: 'running'>, is_mapped=False, rendered_map_index=None, log_url='http://localhost:8080/dags/3_DAG_principal/runs/scheduled__2025-01-03T20%3A00%3A00%2B00%3A00/tasks/python_principal?try_number=1')","logger":"task"}
{"timestamp":"2025-07-29T20:09:01.276580Z","level":"info","event":"Task instance in success state","chan":"stdout","logger":"task"}
{"timestamp":"2025-07-29T20:09:01.276719Z","level":"info","event":" Previous state of the Task instance: TaskInstanceState.RUNNING","chan":"stdout","logger":"task"}
{"timestamp":"2025-07-29T20:09:01.276809Z","level":"info","event":"Task operator:<Task(PythonOperator): python_principal>","chan":"stdout","logger":"task"}
