{"timestamp":"2025-07-29T20:01:21.711633","level":"info","event":"DAG bundles loaded: dags-folder, example_dags","logger":"airflow.dag_processing.bundles.manager.DagBundlesManager"}
{"timestamp":"2025-07-29T20:01:21.712436","level":"info","event":"Filling up the DagBag from /opt/airflow/dags/3_dag_principal.py","logger":"airflow.models.dagbag.DagBag"}
{"timestamp":"2025-07-29T20:01:21.746682Z","level":"info","event":"Task instance is in running state","chan":"stdout","logger":"task"}
{"timestamp":"2025-07-29T20:01:21.746904Z","level":"info","event":" Previous state of the Task instance: TaskInstanceState.QUEUED","chan":"stdout","logger":"task"}
{"timestamp":"2025-07-29T20:01:21.747682Z","level":"info","event":"Current task name:python_principal","chan":"stdout","logger":"task"}
{"timestamp":"2025-07-29T20:01:21.747824Z","level":"info","event":"Dag name:3_DAG_principal","chan":"stdout","logger":"task"}
{"timestamp":"2025-07-29T20:01:21.749183Z","level":"info","event":"DAG principal","chan":"stdout","logger":"task"}
{"timestamp":"2025-07-29T20:01:21.749846Z","level":"info","event":"{'conn': <ConnectionAccessor (dynamic access)>,","chan":"stdout","logger":"task"}
{"timestamp":"2025-07-29T20:01:21.749950Z","level":"info","event":" 'dag': <DAG: 3_DAG_principal>,","chan":"stdout","logger":"task"}
{"timestamp":"2025-07-29T20:01:21.750064Z","level":"info","event":" 'dag_run': DagRun(dag_id='3_DAG_principal', run_id='scheduled__2023-11-15T20:00:00+00:00', logical_date=datetime.datetime(2023, 11, 15, 20, 0, tzinfo=datetime.timezone.utc), data_interval_start=datetime.datetime(2023, 11, 15, 20, 0, tzinfo=datetime.timezone.utc), data_interval_end=datetime.datetime(2023, 11, 15, 20, 0, tzinfo=datetime.timezone.utc), run_after=datetime.datetime(2023, 11, 15, 20, 0, tzinfo=datetime.timezone.utc), start_date=datetime.datetime(2025, 7, 29, 20, 1, 20, 379579, tzinfo=datetime.timezone.utc), end_date=None, clear_number=0, run_type=<DagRunType.SCHEDULED: 'scheduled'>, conf={}, consumed_asset_events=[]),","chan":"stdout","logger":"task"}
{"timestamp":"2025-07-29T20:01:21.750152Z","level":"info","event":" 'data_interval_end': DateTime(2023, 11, 15, 20, 0, 0, tzinfo=Timezone('UTC')),","chan":"stdout","logger":"task"}
{"timestamp":"2025-07-29T20:01:21.750231Z","level":"info","event":" 'data_interval_start': DateTime(2023, 11, 15, 20, 0, 0, tzinfo=Timezone('UTC')),","chan":"stdout","logger":"task"}
{"timestamp":"2025-07-29T20:01:21.750309Z","level":"info","event":" 'ds': '2023-11-15',","chan":"stdout","logger":"task"}
{"timestamp":"2025-07-29T20:01:21.750385Z","level":"info","event":" 'ds_nodash': '20231115',","chan":"stdout","logger":"task"}
{"timestamp":"2025-07-29T20:01:21.750460Z","level":"info","event":" 'inlet_events': InletEventsAccessors(_inlets=[], _assets={}, _asset_aliases={}),","chan":"stdout","logger":"task"}
{"timestamp":"2025-07-29T20:01:21.750533Z","level":"info","event":" 'inlets': [],","chan":"stdout","logger":"task"}
{"timestamp":"2025-07-29T20:01:21.750608Z","level":"info","event":" 'logical_date': DateTime(2023, 11, 15, 20, 0, 0, tzinfo=Timezone('UTC')),","chan":"stdout","logger":"task"}
{"timestamp":"2025-07-29T20:01:21.750683Z","level":"info","event":" 'macros': <MacrosAccessor (dynamic access to macros)>,","chan":"stdout","logger":"task"}
{"timestamp":"2025-07-29T20:01:21.750769Z","level":"info","event":" 'map_index_template': None,","chan":"stdout","logger":"task"}
{"timestamp":"2025-07-29T20:01:21.750844Z","level":"info","event":" 'outlet_events': <airflow.sdk.execution_time.context.OutletEventAccessors object at 0x7fb67cb9ff20>,","chan":"stdout","logger":"task"}
{"timestamp":"2025-07-29T20:01:21.750918Z","level":"info","event":" 'outlets': [],","chan":"stdout","logger":"task"}
{"timestamp":"2025-07-29T20:01:21.750993Z","level":"info","event":" 'params': {},","chan":"stdout","logger":"task"}
{"timestamp":"2025-07-29T20:01:21.761448Z","level":"info","event":" 'prev_data_interval_end_success': <Proxy at 0x7fb66fc1e000 with factory <function RuntimeTaskInstance.get_template_context.<locals>.<lambda> at 0x7fb66fc3e160>>,","chan":"stdout","logger":"task"}
{"timestamp":"2025-07-29T20:01:21.761701Z","level":"info","event":" 'prev_data_interval_start_success': <Proxy at 0x7fb66fc1f260 with factory <function RuntimeTaskInstance.get_template_context.<locals>.<lambda> at 0x7fb66fc3c9a0>>,","chan":"stdout","logger":"task"}
{"timestamp":"2025-07-29T20:01:21.761771Z","level":"info","event":" 'prev_end_date_success': <Proxy at 0x7fb66fc1d130 with factory <function RuntimeTaskInstance.get_template_context.<locals>.<lambda> at 0x7fb66fc3e200>>,","chan":"stdout","logger":"task"}
{"timestamp":"2025-07-29T20:01:21.761820Z","level":"info","event":" 'prev_start_date_success': <Proxy at 0x7fb66fc1ef00 with factory <function RuntimeTaskInstance.get_template_context.<locals>.<lambda> at 0x7fb66fc3cf40>>,","chan":"stdout","logger":"task"}
{"timestamp":"2025-07-29T20:01:21.761864Z","level":"info","event":" 'run_id': 'scheduled__2023-11-15T20:00:00+00:00',","chan":"stdout","logger":"task"}
{"timestamp":"2025-07-29T20:01:21.761909Z","level":"info","event":" 'task': <Task(PythonOperator): python_principal>,","chan":"stdout","logger":"task"}
{"timestamp":"2025-07-29T20:01:21.761955Z","level":"info","event":" 'task_instance': RuntimeTaskInstance(id=UUID('019857c6-73ea-7af4-9923-d0bf4c4140eb'), task_id='python_principal', dag_id='3_DAG_principal', run_id='scheduled__2023-11-15T20:00:00+00:00', try_number=1, map_index=-1, hostname='bf6f1e7a6f11', context_carrier={}, task=<Task(PythonOperator): python_principal>, bundle_instance=LocalDagBundle(name=dags-folder), max_tries=0, start_date=datetime.datetime(2025, 7, 29, 20, 1, 21, 91092, tzinfo=datetime.timezone.utc), end_date=None, state=<TaskInstanceState.RUNNING: 'running'>, is_mapped=False, rendered_map_index=None, log_url='http://localhost:8080/dags/3_DAG_principal/runs/scheduled__2023-11-15T20%3A00%3A00%2B00%3A00/tasks/python_principal?try_number=1'),","chan":"stdout","logger":"task"}
{"timestamp":"2025-07-29T20:01:21.762002Z","level":"info","event":" 'task_instance_key_str': '3_DAG_principal__python_principal__20231115',","chan":"stdout","logger":"task"}
{"timestamp":"2025-07-29T20:01:21.762068Z","level":"info","event":" 'task_reschedule_count': 0,","chan":"stdout","logger":"task"}
{"timestamp":"2025-07-29T20:01:21.762113Z","level":"info","event":" 'templates_dict': None,","chan":"stdout","logger":"task"}
{"timestamp":"2025-07-29T20:01:21.762186Z","level":"info","event":" 'ti': RuntimeTaskInstance(id=UUID('019857c6-73ea-7af4-9923-d0bf4c4140eb'), task_id='python_principal', dag_id='3_DAG_principal', run_id='scheduled__2023-11-15T20:00:00+00:00', try_number=1, map_index=-1, hostname='bf6f1e7a6f11', context_carrier={}, task=<Task(PythonOperator): python_principal>, bundle_instance=LocalDagBundle(name=dags-folder), max_tries=0, start_date=datetime.datetime(2025, 7, 29, 20, 1, 21, 91092, tzinfo=datetime.timezone.utc), end_date=None, state=<TaskInstanceState.RUNNING: 'running'>, is_mapped=False, rendered_map_index=None, log_url='http://localhost:8080/dags/3_DAG_principal/runs/scheduled__2023-11-15T20%3A00%3A00%2B00%3A00/tasks/python_principal?try_number=1'),","chan":"stdout","logger":"task"}
{"timestamp":"2025-07-29T20:01:21.762235Z","level":"info","event":" 'triggering_asset_events': TriggeringAssetEventsAccessor(_events=defaultdict(<class 'list'>, {})),","chan":"stdout","logger":"task"}
{"timestamp":"2025-07-29T20:01:21.762278Z","level":"info","event":" 'ts': '2023-11-15T20:00:00+00:00',","chan":"stdout","logger":"task"}
{"timestamp":"2025-07-29T20:01:21.762319Z","level":"info","event":" 'ts_nodash': '20231115T200000',","chan":"stdout","logger":"task"}
{"timestamp":"2025-07-29T20:01:21.762360Z","level":"info","event":" 'ts_nodash_with_tz': '20231115T200000+0000',","chan":"stdout","logger":"task"}
{"timestamp":"2025-07-29T20:01:21.762401Z","level":"info","event":" 'var': {'json': <VariableAccessor (dynamic access)>,","chan":"stdout","logger":"task"}
{"timestamp":"2025-07-29T20:01:21.762441Z","level":"info","event":"         'value': <VariableAccessor (dynamic access)>}}","chan":"stdout","logger":"task"}
{"timestamp":"2025-07-29T20:01:21.761876","level":"info","event":"Done. Returned value was: principal","logger":"airflow.task.operators.airflow.providers.standard.operators.python.PythonOperator"}
{"timestamp":"2025-07-29T20:01:21.762067","level":"info","event":"Pushing xcom","ti":"RuntimeTaskInstance(id=UUID('019857c6-73ea-7af4-9923-d0bf4c4140eb'), task_id='python_principal', dag_id='3_DAG_principal', run_id='scheduled__2023-11-15T20:00:00+00:00', try_number=1, map_index=-1, hostname='bf6f1e7a6f11', context_carrier={}, task=<Task(PythonOperator): python_principal>, bundle_instance=LocalDagBundle(name=dags-folder), max_tries=0, start_date=datetime.datetime(2025, 7, 29, 20, 1, 21, 91092, tzinfo=datetime.timezone.utc), end_date=None, state=<TaskInstanceState.RUNNING: 'running'>, is_mapped=False, rendered_map_index=None, log_url='http://localhost:8080/dags/3_DAG_principal/runs/scheduled__2023-11-15T20%3A00%3A00%2B00%3A00/tasks/python_principal?try_number=1')","logger":"task"}
{"timestamp":"2025-07-29T20:01:21.789886Z","level":"info","event":"Task instance in success state","chan":"stdout","logger":"task"}
{"timestamp":"2025-07-29T20:01:21.790146Z","level":"info","event":" Previous state of the Task instance: TaskInstanceState.RUNNING","chan":"stdout","logger":"task"}
{"timestamp":"2025-07-29T20:01:21.790367Z","level":"info","event":"Task operator:<Task(PythonOperator): python_principal>","chan":"stdout","logger":"task"}
