{"timestamp":"2025-07-29T19:37:03.778580","level":"info","event":"DAG bundles loaded: dags-folder, example_dags","logger":"airflow.dag_processing.bundles.manager.DagBundlesManager"}
{"timestamp":"2025-07-29T19:37:03.779287","level":"info","event":"Filling up the DagBag from /opt/airflow/dags/python_operator_v1.py","logger":"airflow.models.dagbag.DagBag"}
{"timestamp":"2025-07-29T19:37:03.806361Z","level":"info","event":"Task instance is in running state","chan":"stdout","logger":"task"}
{"timestamp":"2025-07-29T19:37:03.806543Z","level":"info","event":" Previous state of the Task instance: TaskInstanceState.QUEUED","chan":"stdout","logger":"task"}
{"timestamp":"2025-07-29T19:37:03.807054Z","level":"info","event":"Current task name:python","chan":"stdout","logger":"task"}
{"timestamp":"2025-07-29T19:37:03.807165Z","level":"info","event":"Dag name:python_operator_v1","chan":"stdout","logger":"task"}
{"timestamp":"2025-07-29T19:37:03.808286Z","level":"info","event":"poliana","chan":"stdout","logger":"task"}
{"timestamp":"2025-07-29T19:37:03.808922Z","level":"info","event":"{'conn': <ConnectionAccessor (dynamic access)>,","chan":"stdout","logger":"task"}
{"timestamp":"2025-07-29T19:37:03.809035Z","level":"info","event":" 'dag': <DAG: python_operator_v1>,","chan":"stdout","logger":"task"}
{"timestamp":"2025-07-29T19:37:03.809130Z","level":"info","event":" 'dag_run': DagRun(dag_id='python_operator_v1', run_id='scheduled__2023-06-23T13:58:00+00:00', logical_date=datetime.datetime(2023, 6, 23, 13, 58, tzinfo=datetime.timezone.utc), data_interval_start=datetime.datetime(2023, 6, 23, 13, 58, tzinfo=datetime.timezone.utc), data_interval_end=datetime.datetime(2023, 6, 23, 13, 58, tzinfo=datetime.timezone.utc), run_after=datetime.datetime(2023, 6, 23, 13, 58, tzinfo=datetime.timezone.utc), start_date=datetime.datetime(2025, 7, 29, 19, 37, 2, 838867, tzinfo=datetime.timezone.utc), end_date=None, clear_number=0, run_type=<DagRunType.SCHEDULED: 'scheduled'>, conf={}, consumed_asset_events=[]),","chan":"stdout","logger":"task"}
{"timestamp":"2025-07-29T19:37:03.809227Z","level":"info","event":" 'data_interval_end': DateTime(2023, 6, 23, 13, 58, 0, tzinfo=Timezone('UTC')),","chan":"stdout","logger":"task"}
{"timestamp":"2025-07-29T19:37:03.809282Z","level":"info","event":" 'data_interval_start': DateTime(2023, 6, 23, 13, 58, 0, tzinfo=Timezone('UTC')),","chan":"stdout","logger":"task"}
{"timestamp":"2025-07-29T19:37:03.809327Z","level":"info","event":" 'ds': '2023-06-23',","chan":"stdout","logger":"task"}
{"timestamp":"2025-07-29T19:37:03.809368Z","level":"info","event":" 'ds_nodash': '20230623',","chan":"stdout","logger":"task"}
{"timestamp":"2025-07-29T19:37:03.809411Z","level":"info","event":" 'inlet_events': InletEventsAccessors(_inlets=[], _assets={}, _asset_aliases={}),","chan":"stdout","logger":"task"}
{"timestamp":"2025-07-29T19:37:03.809452Z","level":"info","event":" 'inlets': [],","chan":"stdout","logger":"task"}
{"timestamp":"2025-07-29T19:37:03.809493Z","level":"info","event":" 'logical_date': DateTime(2023, 6, 23, 13, 58, 0, tzinfo=Timezone('UTC')),","chan":"stdout","logger":"task"}
{"timestamp":"2025-07-29T19:37:03.809533Z","level":"info","event":" 'macros': <MacrosAccessor (dynamic access to macros)>,","chan":"stdout","logger":"task"}
{"timestamp":"2025-07-29T19:37:03.809575Z","level":"info","event":" 'map_index_template': None,","chan":"stdout","logger":"task"}
{"timestamp":"2025-07-29T19:37:03.809615Z","level":"info","event":" 'outlet_events': <airflow.sdk.execution_time.context.OutletEventAccessors object at 0x7fb67ebfe4b0>,","chan":"stdout","logger":"task"}
{"timestamp":"2025-07-29T19:37:03.809671Z","level":"info","event":" 'outlets': [],","chan":"stdout","logger":"task"}
{"timestamp":"2025-07-29T19:37:03.809732Z","level":"info","event":" 'params': {},","chan":"stdout","logger":"task"}
{"timestamp":"2025-07-29T19:37:03.818992Z","level":"info","event":" 'prev_data_interval_end_success': <Proxy at 0x7fb66fc95970 with factory <function RuntimeTaskInstance.get_template_context.<locals>.<lambda> at 0x7fb66fcbc0e0>>,","chan":"stdout","logger":"task"}
{"timestamp":"2025-07-29T19:37:03.819181Z","level":"info","event":" 'prev_data_interval_start_success': <Proxy at 0x7fb66fc95a00 with factory <function RuntimeTaskInstance.get_template_context.<locals>.<lambda> at 0x7fb66fcbd260>>,","chan":"stdout","logger":"task"}
{"timestamp":"2025-07-29T19:37:03.819248Z","level":"info","event":" 'prev_end_date_success': <Proxy at 0x7fb66fd0f410 with factory <function RuntimeTaskInstance.get_template_context.<locals>.<lambda> at 0x7fb66fca7a60>>,","chan":"stdout","logger":"task"}
{"timestamp":"2025-07-29T19:37:03.819296Z","level":"info","event":" 'prev_start_date_success': <Proxy at 0x7fb67ebbe0f0 with factory <function RuntimeTaskInstance.get_template_context.<locals>.<lambda> at 0x7fb66fca7f60>>,","chan":"stdout","logger":"task"}
{"timestamp":"2025-07-29T19:37:03.819341Z","level":"info","event":" 'run_id': 'scheduled__2023-06-23T13:58:00+00:00',","chan":"stdout","logger":"task"}
{"timestamp":"2025-07-29T19:37:03.819383Z","level":"info","event":" 'task': <Task(PythonOperator): python>,","chan":"stdout","logger":"task"}
{"timestamp":"2025-07-29T19:37:03.819426Z","level":"info","event":" 'task_instance': RuntimeTaskInstance(id=UUID('019857b0-366a-7f14-ab9a-c6d49eee80c5'), task_id='python', dag_id='python_operator_v1', run_id='scheduled__2023-06-23T13:58:00+00:00', try_number=1, map_index=-1, hostname='bf6f1e7a6f11', context_carrier={}, task=<Task(PythonOperator): python>, bundle_instance=LocalDagBundle(name=dags-folder), max_tries=0, start_date=datetime.datetime(2025, 7, 29, 19, 37, 3, 230745, tzinfo=datetime.timezone.utc), end_date=None, state=<TaskInstanceState.RUNNING: 'running'>, is_mapped=False, rendered_map_index=None, log_url='http://localhost:8080/dags/python_operator_v1/runs/scheduled__2023-06-23T13%3A58%3A00%2B00%3A00/tasks/python?try_number=1'),","chan":"stdout","logger":"task"}
{"timestamp":"2025-07-29T19:37:03.819471Z","level":"info","event":" 'task_instance_key_str': 'python_operator_v1__python__20230623',","chan":"stdout","logger":"task"}
{"timestamp":"2025-07-29T19:37:03.819512Z","level":"info","event":" 'task_reschedule_count': 0,","chan":"stdout","logger":"task"}
{"timestamp":"2025-07-29T19:37:03.819553Z","level":"info","event":" 'templates_dict': None,","chan":"stdout","logger":"task"}
{"timestamp":"2025-07-29T19:37:03.819594Z","level":"info","event":" 'ti': RuntimeTaskInstance(id=UUID('019857b0-366a-7f14-ab9a-c6d49eee80c5'), task_id='python', dag_id='python_operator_v1', run_id='scheduled__2023-06-23T13:58:00+00:00', try_number=1, map_index=-1, hostname='bf6f1e7a6f11', context_carrier={}, task=<Task(PythonOperator): python>, bundle_instance=LocalDagBundle(name=dags-folder), max_tries=0, start_date=datetime.datetime(2025, 7, 29, 19, 37, 3, 230745, tzinfo=datetime.timezone.utc), end_date=None, state=<TaskInstanceState.RUNNING: 'running'>, is_mapped=False, rendered_map_index=None, log_url='http://localhost:8080/dags/python_operator_v1/runs/scheduled__2023-06-23T13%3A58%3A00%2B00%3A00/tasks/python?try_number=1'),","chan":"stdout","logger":"task"}
{"timestamp":"2025-07-29T19:37:03.819660Z","level":"info","event":" 'triggering_asset_events': TriggeringAssetEventsAccessor(_events=defaultdict(<class 'list'>, {})),","chan":"stdout","logger":"task"}
{"timestamp":"2025-07-29T19:37:03.819708Z","level":"info","event":" 'ts': '2023-06-23T13:58:00+00:00',","chan":"stdout","logger":"task"}
{"timestamp":"2025-07-29T19:37:03.819749Z","level":"info","event":" 'ts_nodash': '20230623T135800',","chan":"stdout","logger":"task"}
{"timestamp":"2025-07-29T19:37:03.819791Z","level":"info","event":" 'ts_nodash_with_tz': '20230623T135800+0000',","chan":"stdout","logger":"task"}
{"timestamp":"2025-07-29T19:37:03.819832Z","level":"info","event":" 'var': {'json': <VariableAccessor (dynamic access)>,","chan":"stdout","logger":"task"}
{"timestamp":"2025-07-29T19:37:03.819873Z","level":"info","event":"         'value': <VariableAccessor (dynamic access)>}}","chan":"stdout","logger":"task"}
{"timestamp":"2025-07-29T19:37:03.819660","level":"info","event":"Done. Returned value was: 123","logger":"airflow.task.operators.airflow.providers.standard.operators.python.PythonOperator"}
{"timestamp":"2025-07-29T19:37:03.819830","level":"info","event":"Pushing xcom","ti":"RuntimeTaskInstance(id=UUID('019857b0-366a-7f14-ab9a-c6d49eee80c5'), task_id='python', dag_id='python_operator_v1', run_id='scheduled__2023-06-23T13:58:00+00:00', try_number=1, map_index=-1, hostname='bf6f1e7a6f11', context_carrier={}, task=<Task(PythonOperator): python>, bundle_instance=LocalDagBundle(name=dags-folder), max_tries=0, start_date=datetime.datetime(2025, 7, 29, 19, 37, 3, 230745, tzinfo=datetime.timezone.utc), end_date=None, state=<TaskInstanceState.RUNNING: 'running'>, is_mapped=False, rendered_map_index=None, log_url='http://localhost:8080/dags/python_operator_v1/runs/scheduled__2023-06-23T13%3A58%3A00%2B00%3A00/tasks/python?try_number=1')","logger":"task"}
{"timestamp":"2025-07-29T19:37:03.840882Z","level":"info","event":"Task instance in success state","chan":"stdout","logger":"task"}
{"timestamp":"2025-07-29T19:37:03.841099Z","level":"info","event":" Previous state of the Task instance: TaskInstanceState.RUNNING","chan":"stdout","logger":"task"}
{"timestamp":"2025-07-29T19:37:03.841246Z","level":"info","event":"Task operator:<Task(PythonOperator): python>","chan":"stdout","logger":"task"}
