{"timestamp":"2025-07-29T19:32:53.030384","level":"info","event":"DAG bundles loaded: dags-folder, example_dags","logger":"airflow.dag_processing.bundles.manager.DagBundlesManager"}
{"timestamp":"2025-07-29T19:32:53.031028","level":"info","event":"Filling up the DagBag from /opt/airflow/dags/python_operator_v1.py","logger":"airflow.models.dagbag.DagBag"}
{"timestamp":"2025-07-29T19:32:53.070156Z","level":"info","event":"Task instance is in running state","chan":"stdout","logger":"task"}
{"timestamp":"2025-07-29T19:32:53.070346Z","level":"info","event":" Previous state of the Task instance: TaskInstanceState.QUEUED","chan":"stdout","logger":"task"}
{"timestamp":"2025-07-29T19:32:53.071195Z","level":"info","event":"Current task name:python","chan":"stdout","logger":"task"}
{"timestamp":"2025-07-29T19:32:53.071362Z","level":"info","event":"Dag name:python_operator_v1","chan":"stdout","logger":"task"}
{"timestamp":"2025-07-29T19:32:53.072834Z","level":"info","event":"poliana","chan":"stdout","logger":"task"}
{"timestamp":"2025-07-29T19:32:53.073448Z","level":"info","event":"{'conn': <ConnectionAccessor (dynamic access)>,","chan":"stdout","logger":"task"}
{"timestamp":"2025-07-29T19:32:53.073570Z","level":"info","event":" 'dag': <DAG: python_operator_v1>,","chan":"stdout","logger":"task"}
{"timestamp":"2025-07-29T19:32:53.073721Z","level":"info","event":" 'dag_run': DagRun(dag_id='python_operator_v1', run_id='scheduled__2023-06-23T09:17:00+00:00', logical_date=datetime.datetime(2023, 6, 23, 9, 17, tzinfo=datetime.timezone.utc), data_interval_start=datetime.datetime(2023, 6, 23, 9, 17, tzinfo=datetime.timezone.utc), data_interval_end=datetime.datetime(2023, 6, 23, 9, 17, tzinfo=datetime.timezone.utc), run_after=datetime.datetime(2023, 6, 23, 9, 17, tzinfo=datetime.timezone.utc), start_date=datetime.datetime(2025, 7, 29, 19, 32, 52, 72210, tzinfo=datetime.timezone.utc), end_date=None, clear_number=0, run_type=<DagRunType.SCHEDULED: 'scheduled'>, conf={}, consumed_asset_events=[]),","chan":"stdout","logger":"task"}
{"timestamp":"2025-07-29T19:32:53.073841Z","level":"info","event":" 'data_interval_end': DateTime(2023, 6, 23, 9, 17, 0, tzinfo=Timezone('UTC')),","chan":"stdout","logger":"task"}
{"timestamp":"2025-07-29T19:32:53.073906Z","level":"info","event":" 'data_interval_start': DateTime(2023, 6, 23, 9, 17, 0, tzinfo=Timezone('UTC')),","chan":"stdout","logger":"task"}
{"timestamp":"2025-07-29T19:32:53.073960Z","level":"info","event":" 'ds': '2023-06-23',","chan":"stdout","logger":"task"}
{"timestamp":"2025-07-29T19:32:53.074005Z","level":"info","event":" 'ds_nodash': '20230623',","chan":"stdout","logger":"task"}
{"timestamp":"2025-07-29T19:32:53.074058Z","level":"info","event":" 'inlet_events': InletEventsAccessors(_inlets=[], _assets={}, _asset_aliases={}),","chan":"stdout","logger":"task"}
{"timestamp":"2025-07-29T19:32:53.074121Z","level":"info","event":" 'inlets': [],","chan":"stdout","logger":"task"}
{"timestamp":"2025-07-29T19:32:53.074202Z","level":"info","event":" 'logical_date': DateTime(2023, 6, 23, 9, 17, 0, tzinfo=Timezone('UTC')),","chan":"stdout","logger":"task"}
{"timestamp":"2025-07-29T19:32:53.074271Z","level":"info","event":" 'macros': <MacrosAccessor (dynamic access to macros)>,","chan":"stdout","logger":"task"}
{"timestamp":"2025-07-29T19:32:53.074346Z","level":"info","event":" 'map_index_template': None,","chan":"stdout","logger":"task"}
{"timestamp":"2025-07-29T19:32:53.074420Z","level":"info","event":" 'outlet_events': <airflow.sdk.execution_time.context.OutletEventAccessors object at 0x7fb66fc30a10>,","chan":"stdout","logger":"task"}
{"timestamp":"2025-07-29T19:32:53.074493Z","level":"info","event":" 'outlets': [],","chan":"stdout","logger":"task"}
{"timestamp":"2025-07-29T19:32:53.074568Z","level":"info","event":" 'params': {},","chan":"stdout","logger":"task"}
{"timestamp":"2025-07-29T19:32:53.087282Z","level":"info","event":" 'prev_data_interval_end_success': <Proxy at 0x7fb66fcb0140 with factory <function RuntimeTaskInstance.get_template_context.<locals>.<lambda> at 0x7fb66fc945e0>>,","chan":"stdout","logger":"task"}
{"timestamp":"2025-07-29T19:32:53.087616Z","level":"info","event":" 'prev_data_interval_start_success': <Proxy at 0x7fb66fcb0200 with factory <function RuntimeTaskInstance.get_template_context.<locals>.<lambda> at 0x7fb66fc95d00>>,","chan":"stdout","logger":"task"}
{"timestamp":"2025-07-29T19:32:53.087742Z","level":"info","event":" 'prev_end_date_success': <Proxy at 0x7fb66fc72810 with factory <function RuntimeTaskInstance.get_template_context.<locals>.<lambda> at 0x7fb66fc95da0>>,","chan":"stdout","logger":"task"}
{"timestamp":"2025-07-29T19:32:53.087813Z","level":"info","event":" 'prev_start_date_success': <Proxy at 0x7fb66fc71b50 with factory <function RuntimeTaskInstance.get_template_context.<locals>.<lambda> at 0x7fb66fc94ae0>>,","chan":"stdout","logger":"task"}
{"timestamp":"2025-07-29T19:32:53.087879Z","level":"info","event":" 'run_id': 'scheduled__2023-06-23T09:17:00+00:00',","chan":"stdout","logger":"task"}
{"timestamp":"2025-07-29T19:32:53.087939Z","level":"info","event":" 'task': <Task(PythonOperator): python>,","chan":"stdout","logger":"task"}
{"timestamp":"2025-07-29T19:32:53.087996Z","level":"info","event":" 'task_instance': RuntimeTaskInstance(id=UUID('019857ac-62e3-786d-8a59-90f87c7c6a53'), task_id='python', dag_id='python_operator_v1', run_id='scheduled__2023-06-23T09:17:00+00:00', try_number=1, map_index=-1, hostname='bf6f1e7a6f11', context_carrier={}, task=<Task(PythonOperator): python>, bundle_instance=LocalDagBundle(name=dags-folder), max_tries=0, start_date=datetime.datetime(2025, 7, 29, 19, 32, 52, 314736, tzinfo=datetime.timezone.utc), end_date=None, state=<TaskInstanceState.RUNNING: 'running'>, is_mapped=False, rendered_map_index=None, log_url='http://localhost:8080/dags/python_operator_v1/runs/scheduled__2023-06-23T09%3A17%3A00%2B00%3A00/tasks/python?try_number=1'),","chan":"stdout","logger":"task"}
{"timestamp":"2025-07-29T19:32:53.088061Z","level":"info","event":" 'task_instance_key_str': 'python_operator_v1__python__20230623',","chan":"stdout","logger":"task"}
{"timestamp":"2025-07-29T19:32:53.088125Z","level":"info","event":" 'task_reschedule_count': 0,","chan":"stdout","logger":"task"}
{"timestamp":"2025-07-29T19:32:53.088193Z","level":"info","event":" 'templates_dict': None,","chan":"stdout","logger":"task"}
{"timestamp":"2025-07-29T19:32:53.088260Z","level":"info","event":" 'ti': RuntimeTaskInstance(id=UUID('019857ac-62e3-786d-8a59-90f87c7c6a53'), task_id='python', dag_id='python_operator_v1', run_id='scheduled__2023-06-23T09:17:00+00:00', try_number=1, map_index=-1, hostname='bf6f1e7a6f11', context_carrier={}, task=<Task(PythonOperator): python>, bundle_instance=LocalDagBundle(name=dags-folder), max_tries=0, start_date=datetime.datetime(2025, 7, 29, 19, 32, 52, 314736, tzinfo=datetime.timezone.utc), end_date=None, state=<TaskInstanceState.RUNNING: 'running'>, is_mapped=False, rendered_map_index=None, log_url='http://localhost:8080/dags/python_operator_v1/runs/scheduled__2023-06-23T09%3A17%3A00%2B00%3A00/tasks/python?try_number=1'),","chan":"stdout","logger":"task"}
{"timestamp":"2025-07-29T19:32:53.088367Z","level":"info","event":" 'triggering_asset_events': TriggeringAssetEventsAccessor(_events=defaultdict(<class 'list'>, {})),","chan":"stdout","logger":"task"}
{"timestamp":"2025-07-29T19:32:53.088424Z","level":"info","event":" 'ts': '2023-06-23T09:17:00+00:00',","chan":"stdout","logger":"task"}
{"timestamp":"2025-07-29T19:32:53.088482Z","level":"info","event":" 'ts_nodash': '20230623T091700',","chan":"stdout","logger":"task"}
{"timestamp":"2025-07-29T19:32:53.088531Z","level":"info","event":" 'ts_nodash_with_tz': '20230623T091700+0000',","chan":"stdout","logger":"task"}
{"timestamp":"2025-07-29T19:32:53.088588Z","level":"info","event":" 'var': {'json': <VariableAccessor (dynamic access)>,","chan":"stdout","logger":"task"}
{"timestamp":"2025-07-29T19:32:53.088631Z","level":"info","event":"         'value': <VariableAccessor (dynamic access)>}}","chan":"stdout","logger":"task"}
{"timestamp":"2025-07-29T19:32:53.088353","level":"info","event":"Done. Returned value was: 123","logger":"airflow.task.operators.airflow.providers.standard.operators.python.PythonOperator"}
{"timestamp":"2025-07-29T19:32:53.088657","level":"info","event":"Pushing xcom","ti":"RuntimeTaskInstance(id=UUID('019857ac-62e3-786d-8a59-90f87c7c6a53'), task_id='python', dag_id='python_operator_v1', run_id='scheduled__2023-06-23T09:17:00+00:00', try_number=1, map_index=-1, hostname='bf6f1e7a6f11', context_carrier={}, task=<Task(PythonOperator): python>, bundle_instance=LocalDagBundle(name=dags-folder), max_tries=0, start_date=datetime.datetime(2025, 7, 29, 19, 32, 52, 314736, tzinfo=datetime.timezone.utc), end_date=None, state=<TaskInstanceState.RUNNING: 'running'>, is_mapped=False, rendered_map_index=None, log_url='http://localhost:8080/dags/python_operator_v1/runs/scheduled__2023-06-23T09%3A17%3A00%2B00%3A00/tasks/python?try_number=1')","logger":"task"}
{"timestamp":"2025-07-29T19:32:53.118079Z","level":"info","event":"Task instance in success state","chan":"stdout","logger":"task"}
{"timestamp":"2025-07-29T19:32:53.118248Z","level":"info","event":" Previous state of the Task instance: TaskInstanceState.RUNNING","chan":"stdout","logger":"task"}
{"timestamp":"2025-07-29T19:32:53.118404Z","level":"info","event":"Task operator:<Task(PythonOperator): python>","chan":"stdout","logger":"task"}
