{"timestamp":"2025-07-29T19:58:32.988335","level":"info","event":"DAG bundles loaded: dags-folder, example_dags","logger":"airflow.dag_processing.bundles.manager.DagBundlesManager"}
{"timestamp":"2025-07-29T19:58:32.988901","level":"info","event":"Filling up the DagBag from /opt/airflow/dags/2_python_operator_v1.py","logger":"airflow.models.dagbag.DagBag"}
{"timestamp":"2025-07-29T19:58:33.012719Z","level":"info","event":"Task instance is in running state","chan":"stdout","logger":"task"}
{"timestamp":"2025-07-29T19:58:33.012858Z","level":"info","event":" Previous state of the Task instance: TaskInstanceState.QUEUED","chan":"stdout","logger":"task"}
{"timestamp":"2025-07-29T19:58:33.012948Z","level":"info","event":"Current task name:python","chan":"stdout","logger":"task"}
{"timestamp":"2025-07-29T19:58:33.013000Z","level":"info","event":"Dag name:python_operator_v1","chan":"stdout","logger":"task"}
{"timestamp":"2025-07-29T19:58:33.014273Z","level":"info","event":"poliana","chan":"stdout","logger":"task"}
{"timestamp":"2025-07-29T19:58:33.014853Z","level":"info","event":"{'conn': <ConnectionAccessor (dynamic access)>,","chan":"stdout","logger":"task"}
{"timestamp":"2025-07-29T19:58:33.014916Z","level":"info","event":" 'dag': <DAG: python_operator_v1>,","chan":"stdout","logger":"task"}
{"timestamp":"2025-07-29T19:58:33.014999Z","level":"info","event":" 'dag_run': DagRun(dag_id='python_operator_v1', run_id='scheduled__2023-06-24T13:11:00+00:00', logical_date=datetime.datetime(2023, 6, 24, 13, 11, tzinfo=datetime.timezone.utc), data_interval_start=datetime.datetime(2023, 6, 24, 13, 11, tzinfo=datetime.timezone.utc), data_interval_end=datetime.datetime(2023, 6, 24, 13, 11, tzinfo=datetime.timezone.utc), run_after=datetime.datetime(2023, 6, 24, 13, 11, tzinfo=datetime.timezone.utc), start_date=datetime.datetime(2025, 7, 29, 19, 58, 31, 863827, tzinfo=datetime.timezone.utc), end_date=None, clear_number=0, run_type=<DagRunType.SCHEDULED: 'scheduled'>, conf={}, consumed_asset_events=[]),","chan":"stdout","logger":"task"}
{"timestamp":"2025-07-29T19:58:33.015052Z","level":"info","event":" 'data_interval_end': DateTime(2023, 6, 24, 13, 11, 0, tzinfo=Timezone('UTC')),","chan":"stdout","logger":"task"}
{"timestamp":"2025-07-29T19:58:33.015096Z","level":"info","event":" 'data_interval_start': DateTime(2023, 6, 24, 13, 11, 0, tzinfo=Timezone('UTC')),","chan":"stdout","logger":"task"}
{"timestamp":"2025-07-29T19:58:33.015138Z","level":"info","event":" 'ds': '2023-06-24',","chan":"stdout","logger":"task"}
{"timestamp":"2025-07-29T19:58:33.015178Z","level":"info","event":" 'ds_nodash': '20230624',","chan":"stdout","logger":"task"}
{"timestamp":"2025-07-29T19:58:33.015220Z","level":"info","event":" 'inlet_events': InletEventsAccessors(_inlets=[], _assets={}, _asset_aliases={}),","chan":"stdout","logger":"task"}
{"timestamp":"2025-07-29T19:58:33.015261Z","level":"info","event":" 'inlets': [],","chan":"stdout","logger":"task"}
{"timestamp":"2025-07-29T19:58:33.015329Z","level":"info","event":" 'logical_date': DateTime(2023, 6, 24, 13, 11, 0, tzinfo=Timezone('UTC')),","chan":"stdout","logger":"task"}
{"timestamp":"2025-07-29T19:58:33.015375Z","level":"info","event":" 'macros': <MacrosAccessor (dynamic access to macros)>,","chan":"stdout","logger":"task"}
{"timestamp":"2025-07-29T19:58:33.015416Z","level":"info","event":" 'map_index_template': None,","chan":"stdout","logger":"task"}
{"timestamp":"2025-07-29T19:58:33.015456Z","level":"info","event":" 'outlet_events': <airflow.sdk.execution_time.context.OutletEventAccessors object at 0x7fb677977890>,","chan":"stdout","logger":"task"}
{"timestamp":"2025-07-29T19:58:33.015497Z","level":"info","event":" 'outlets': [],","chan":"stdout","logger":"task"}
{"timestamp":"2025-07-29T19:58:33.015536Z","level":"info","event":" 'params': {},","chan":"stdout","logger":"task"}
{"timestamp":"2025-07-29T19:58:33.024320Z","level":"info","event":" 'prev_data_interval_end_success': <Proxy at 0x7fb66fc24950 with factory <function RuntimeTaskInstance.get_template_context.<locals>.<lambda> at 0x7fb66fc2e700>>,","chan":"stdout","logger":"task"}
{"timestamp":"2025-07-29T19:58:33.024461Z","level":"info","event":" 'prev_data_interval_start_success': <Proxy at 0x7fb66fc24ef0 with factory <function RuntimeTaskInstance.get_template_context.<locals>.<lambda> at 0x7fb66fc2fe20>>,","chan":"stdout","logger":"task"}
{"timestamp":"2025-07-29T19:58:33.024520Z","level":"info","event":" 'prev_end_date_success': <Proxy at 0x7fb66ffd2fc0 with factory <function RuntimeTaskInstance.get_template_context.<locals>.<lambda> at 0x7fb66fc2fec0>>,","chan":"stdout","logger":"task"}
{"timestamp":"2025-07-29T19:58:33.024566Z","level":"info","event":" 'prev_start_date_success': <Proxy at 0x7fb66fdf7890 with factory <function RuntimeTaskInstance.get_template_context.<locals>.<lambda> at 0x7fb66fc2ec00>>,","chan":"stdout","logger":"task"}
{"timestamp":"2025-07-29T19:58:33.024610Z","level":"info","event":" 'run_id': 'scheduled__2023-06-24T13:11:00+00:00',","chan":"stdout","logger":"task"}
{"timestamp":"2025-07-29T19:58:33.024652Z","level":"info","event":" 'task': <Task(PythonOperator): python>,","chan":"stdout","logger":"task"}
{"timestamp":"2025-07-29T19:58:33.024697Z","level":"info","event":" 'task_instance': RuntimeTaskInstance(id=UUID('019857c3-e1a8-78e5-8b70-02cac25ceae3'), task_id='python', dag_id='python_operator_v1', run_id='scheduled__2023-06-24T13:11:00+00:00', try_number=1, map_index=-1, hostname='bf6f1e7a6f11', context_carrier={}, task=<Task(PythonOperator): python>, bundle_instance=LocalDagBundle(name=dags-folder), max_tries=0, start_date=datetime.datetime(2025, 7, 29, 19, 58, 32, 456783, tzinfo=datetime.timezone.utc), end_date=None, state=<TaskInstanceState.RUNNING: 'running'>, is_mapped=False, rendered_map_index=None, log_url='http://localhost:8080/dags/python_operator_v1/runs/scheduled__2023-06-24T13%3A11%3A00%2B00%3A00/tasks/python?try_number=1'),","chan":"stdout","logger":"task"}
{"timestamp":"2025-07-29T19:58:33.024740Z","level":"info","event":" 'task_instance_key_str': 'python_operator_v1__python__20230624',","chan":"stdout","logger":"task"}
{"timestamp":"2025-07-29T19:58:33.024781Z","level":"info","event":" 'task_reschedule_count': 0,","chan":"stdout","logger":"task"}
{"timestamp":"2025-07-29T19:58:33.024848Z","level":"info","event":" 'templates_dict': None,","chan":"stdout","logger":"task"}
{"timestamp":"2025-07-29T19:58:33.024897Z","level":"info","event":" 'ti': RuntimeTaskInstance(id=UUID('019857c3-e1a8-78e5-8b70-02cac25ceae3'), task_id='python', dag_id='python_operator_v1', run_id='scheduled__2023-06-24T13:11:00+00:00', try_number=1, map_index=-1, hostname='bf6f1e7a6f11', context_carrier={}, task=<Task(PythonOperator): python>, bundle_instance=LocalDagBundle(name=dags-folder), max_tries=0, start_date=datetime.datetime(2025, 7, 29, 19, 58, 32, 456783, tzinfo=datetime.timezone.utc), end_date=None, state=<TaskInstanceState.RUNNING: 'running'>, is_mapped=False, rendered_map_index=None, log_url='http://localhost:8080/dags/python_operator_v1/runs/scheduled__2023-06-24T13%3A11%3A00%2B00%3A00/tasks/python?try_number=1'),","chan":"stdout","logger":"task"}
{"timestamp":"2025-07-29T19:58:33.024941Z","level":"info","event":" 'triggering_asset_events': TriggeringAssetEventsAccessor(_events=defaultdict(<class 'list'>, {})),","chan":"stdout","logger":"task"}
{"timestamp":"2025-07-29T19:58:33.024982Z","level":"info","event":" 'ts': '2023-06-24T13:11:00+00:00',","chan":"stdout","logger":"task"}
{"timestamp":"2025-07-29T19:58:33.025022Z","level":"info","event":" 'ts_nodash': '20230624T131100',","chan":"stdout","logger":"task"}
{"timestamp":"2025-07-29T19:58:33.025062Z","level":"info","event":" 'ts_nodash_with_tz': '20230624T131100+0000',","chan":"stdout","logger":"task"}
{"timestamp":"2025-07-29T19:58:33.025102Z","level":"info","event":" 'var': {'json': <VariableAccessor (dynamic access)>,","chan":"stdout","logger":"task"}
{"timestamp":"2025-07-29T19:58:33.025142Z","level":"info","event":"         'value': <VariableAccessor (dynamic access)>}}","chan":"stdout","logger":"task"}
{"timestamp":"2025-07-29T19:58:33.024984","level":"info","event":"Done. Returned value was: 123","logger":"airflow.task.operators.airflow.providers.standard.operators.python.PythonOperator"}
{"timestamp":"2025-07-29T19:58:33.025163","level":"info","event":"Pushing xcom","ti":"RuntimeTaskInstance(id=UUID('019857c3-e1a8-78e5-8b70-02cac25ceae3'), task_id='python', dag_id='python_operator_v1', run_id='scheduled__2023-06-24T13:11:00+00:00', try_number=1, map_index=-1, hostname='bf6f1e7a6f11', context_carrier={}, task=<Task(PythonOperator): python>, bundle_instance=LocalDagBundle(name=dags-folder), max_tries=0, start_date=datetime.datetime(2025, 7, 29, 19, 58, 32, 456783, tzinfo=datetime.timezone.utc), end_date=None, state=<TaskInstanceState.RUNNING: 'running'>, is_mapped=False, rendered_map_index=None, log_url='http://localhost:8080/dags/python_operator_v1/runs/scheduled__2023-06-24T13%3A11%3A00%2B00%3A00/tasks/python?try_number=1')","logger":"task"}
{"timestamp":"2025-07-29T19:58:33.049517Z","level":"info","event":"Task instance in success state","chan":"stdout","logger":"task"}
{"timestamp":"2025-07-29T19:58:33.049621Z","level":"info","event":" Previous state of the Task instance: TaskInstanceState.RUNNING","chan":"stdout","logger":"task"}
{"timestamp":"2025-07-29T19:58:33.049707Z","level":"info","event":"Task operator:<Task(PythonOperator): python>","chan":"stdout","logger":"task"}
