{"timestamp":"2025-07-29T19:44:39.362971","level":"info","event":"DAG bundles loaded: dags-folder, example_dags","logger":"airflow.dag_processing.bundles.manager.DagBundlesManager"}
{"timestamp":"2025-07-29T19:44:39.363612","level":"info","event":"Filling up the DagBag from /opt/airflow/dags/python_operator_v1.py","logger":"airflow.models.dagbag.DagBag"}
{"timestamp":"2025-07-29T19:44:39.391486Z","level":"info","event":"Task instance is in running state","chan":"stdout","logger":"task"}
{"timestamp":"2025-07-29T19:44:39.391651Z","level":"info","event":" Previous state of the Task instance: TaskInstanceState.QUEUED","chan":"stdout","logger":"task"}
{"timestamp":"2025-07-29T19:44:39.392051Z","level":"info","event":"Current task name:python","chan":"stdout","logger":"task"}
{"timestamp":"2025-07-29T19:44:39.392140Z","level":"info","event":"Dag name:python_operator_v1","chan":"stdout","logger":"task"}
{"timestamp":"2025-07-29T19:44:39.393091Z","level":"info","event":"poliana","chan":"stdout","logger":"task"}
{"timestamp":"2025-07-29T19:44:39.393651Z","level":"info","event":"{'conn': <ConnectionAccessor (dynamic access)>,","chan":"stdout","logger":"task"}
{"timestamp":"2025-07-29T19:44:39.393774Z","level":"info","event":" 'dag': <DAG: python_operator_v1>,","chan":"stdout","logger":"task"}
{"timestamp":"2025-07-29T19:44:39.393885Z","level":"info","event":" 'dag_run': DagRun(dag_id='python_operator_v1', run_id='scheduled__2023-06-23T22:15:00+00:00', logical_date=datetime.datetime(2023, 6, 23, 22, 15, tzinfo=datetime.timezone.utc), data_interval_start=datetime.datetime(2023, 6, 23, 22, 15, tzinfo=datetime.timezone.utc), data_interval_end=datetime.datetime(2023, 6, 23, 22, 15, tzinfo=datetime.timezone.utc), run_after=datetime.datetime(2023, 6, 23, 22, 15, tzinfo=datetime.timezone.utc), start_date=datetime.datetime(2025, 7, 29, 19, 44, 35, 804425, tzinfo=datetime.timezone.utc), end_date=None, clear_number=0, run_type=<DagRunType.SCHEDULED: 'scheduled'>, conf={}, consumed_asset_events=[]),","chan":"stdout","logger":"task"}
{"timestamp":"2025-07-29T19:44:39.393944Z","level":"info","event":" 'data_interval_end': DateTime(2023, 6, 23, 22, 15, 0, tzinfo=Timezone('UTC')),","chan":"stdout","logger":"task"}
{"timestamp":"2025-07-29T19:44:39.393991Z","level":"info","event":" 'data_interval_start': DateTime(2023, 6, 23, 22, 15, 0, tzinfo=Timezone('UTC')),","chan":"stdout","logger":"task"}
{"timestamp":"2025-07-29T19:44:39.394035Z","level":"info","event":" 'ds': '2023-06-23',","chan":"stdout","logger":"task"}
{"timestamp":"2025-07-29T19:44:39.394077Z","level":"info","event":" 'ds_nodash': '20230623',","chan":"stdout","logger":"task"}
{"timestamp":"2025-07-29T19:44:39.394121Z","level":"info","event":" 'inlet_events': InletEventsAccessors(_inlets=[], _assets={}, _asset_aliases={}),","chan":"stdout","logger":"task"}
{"timestamp":"2025-07-29T19:44:39.394162Z","level":"info","event":" 'inlets': [],","chan":"stdout","logger":"task"}
{"timestamp":"2025-07-29T19:44:39.394203Z","level":"info","event":" 'logical_date': DateTime(2023, 6, 23, 22, 15, 0, tzinfo=Timezone('UTC')),","chan":"stdout","logger":"task"}
{"timestamp":"2025-07-29T19:44:39.394243Z","level":"info","event":" 'macros': <MacrosAccessor (dynamic access to macros)>,","chan":"stdout","logger":"task"}
{"timestamp":"2025-07-29T19:44:39.394284Z","level":"info","event":" 'map_index_template': None,","chan":"stdout","logger":"task"}
{"timestamp":"2025-07-29T19:44:39.394330Z","level":"info","event":" 'outlet_events': <airflow.sdk.execution_time.context.OutletEventAccessors object at 0x7fb66fd95a60>,","chan":"stdout","logger":"task"}
{"timestamp":"2025-07-29T19:44:39.394371Z","level":"info","event":" 'outlets': [],","chan":"stdout","logger":"task"}
{"timestamp":"2025-07-29T19:44:39.394411Z","level":"info","event":" 'params': {},","chan":"stdout","logger":"task"}
{"timestamp":"2025-07-29T19:44:39.402121Z","level":"info","event":" 'prev_data_interval_end_success': <Proxy at 0x7fb66fdc23c0 with factory <function RuntimeTaskInstance.get_template_context.<locals>.<lambda> at 0x7fb66fdd23e0>>,","chan":"stdout","logger":"task"}
{"timestamp":"2025-07-29T19:44:39.402310Z","level":"info","event":" 'prev_data_interval_start_success': <Proxy at 0x7fb66ff75c70 with factory <function RuntimeTaskInstance.get_template_context.<locals>.<lambda> at 0x7fb66fdd3b00>>,","chan":"stdout","logger":"task"}
{"timestamp":"2025-07-29T19:44:39.402402Z","level":"info","event":" 'prev_end_date_success': <Proxy at 0x7fb677f26090 with factory <function RuntimeTaskInstance.get_template_context.<locals>.<lambda> at 0x7fb66fdd3ba0>>,","chan":"stdout","logger":"task"}
{"timestamp":"2025-07-29T19:44:39.402482Z","level":"info","event":" 'prev_start_date_success': <Proxy at 0x7fb67ba97a40 with factory <function RuntimeTaskInstance.get_template_context.<locals>.<lambda> at 0x7fb66fdd28e0>>,","chan":"stdout","logger":"task"}
{"timestamp":"2025-07-29T19:44:39.402538Z","level":"info","event":" 'run_id': 'scheduled__2023-06-23T22:15:00+00:00',","chan":"stdout","logger":"task"}
{"timestamp":"2025-07-29T19:44:39.402583Z","level":"info","event":" 'task': <Task(PythonOperator): python>,","chan":"stdout","logger":"task"}
{"timestamp":"2025-07-29T19:44:39.402628Z","level":"info","event":" 'task_instance': RuntimeTaskInstance(id=UUID('019857b7-1fd5-73fe-a8d3-64b2549a7fed'), task_id='python', dag_id='python_operator_v1', run_id='scheduled__2023-06-23T22:15:00+00:00', try_number=1, map_index=-1, hostname='bf6f1e7a6f11', context_carrier={}, task=<Task(PythonOperator): python>, bundle_instance=LocalDagBundle(name=dags-folder), max_tries=0, start_date=datetime.datetime(2025, 7, 29, 19, 44, 36, 132469, tzinfo=datetime.timezone.utc), end_date=None, state=<TaskInstanceState.RUNNING: 'running'>, is_mapped=False, rendered_map_index=None, log_url='http://localhost:8080/dags/python_operator_v1/runs/scheduled__2023-06-23T22%3A15%3A00%2B00%3A00/tasks/python?try_number=1'),","chan":"stdout","logger":"task"}
{"timestamp":"2025-07-29T19:44:39.402673Z","level":"info","event":" 'task_instance_key_str': 'python_operator_v1__python__20230623',","chan":"stdout","logger":"task"}
{"timestamp":"2025-07-29T19:44:39.402715Z","level":"info","event":" 'task_reschedule_count': 0,","chan":"stdout","logger":"task"}
{"timestamp":"2025-07-29T19:44:39.402756Z","level":"info","event":" 'templates_dict': None,","chan":"stdout","logger":"task"}
{"timestamp":"2025-07-29T19:44:39.402797Z","level":"info","event":" 'ti': RuntimeTaskInstance(id=UUID('019857b7-1fd5-73fe-a8d3-64b2549a7fed'), task_id='python', dag_id='python_operator_v1', run_id='scheduled__2023-06-23T22:15:00+00:00', try_number=1, map_index=-1, hostname='bf6f1e7a6f11', context_carrier={}, task=<Task(PythonOperator): python>, bundle_instance=LocalDagBundle(name=dags-folder), max_tries=0, start_date=datetime.datetime(2025, 7, 29, 19, 44, 36, 132469, tzinfo=datetime.timezone.utc), end_date=None, state=<TaskInstanceState.RUNNING: 'running'>, is_mapped=False, rendered_map_index=None, log_url='http://localhost:8080/dags/python_operator_v1/runs/scheduled__2023-06-23T22%3A15%3A00%2B00%3A00/tasks/python?try_number=1'),","chan":"stdout","logger":"task"}
{"timestamp":"2025-07-29T19:44:39.402869Z","level":"info","event":" 'triggering_asset_events': TriggeringAssetEventsAccessor(_events=defaultdict(<class 'list'>, {})),","chan":"stdout","logger":"task"}
{"timestamp":"2025-07-29T19:44:39.402916Z","level":"info","event":" 'ts': '2023-06-23T22:15:00+00:00',","chan":"stdout","logger":"task"}
{"timestamp":"2025-07-29T19:44:39.402958Z","level":"info","event":" 'ts_nodash': '20230623T221500',","chan":"stdout","logger":"task"}
{"timestamp":"2025-07-29T19:44:39.402999Z","level":"info","event":" 'ts_nodash_with_tz': '20230623T221500+0000',","chan":"stdout","logger":"task"}
{"timestamp":"2025-07-29T19:44:39.403039Z","level":"info","event":" 'var': {'json': <VariableAccessor (dynamic access)>,","chan":"stdout","logger":"task"}
{"timestamp":"2025-07-29T19:44:39.403080Z","level":"info","event":"         'value': <VariableAccessor (dynamic access)>}}","chan":"stdout","logger":"task"}
{"timestamp":"2025-07-29T19:44:39.402814","level":"info","event":"Done. Returned value was: 123","logger":"airflow.task.operators.airflow.providers.standard.operators.python.PythonOperator"}
{"timestamp":"2025-07-29T19:44:39.402991","level":"info","event":"Pushing xcom","ti":"RuntimeTaskInstance(id=UUID('019857b7-1fd5-73fe-a8d3-64b2549a7fed'), task_id='python', dag_id='python_operator_v1', run_id='scheduled__2023-06-23T22:15:00+00:00', try_number=1, map_index=-1, hostname='bf6f1e7a6f11', context_carrier={}, task=<Task(PythonOperator): python>, bundle_instance=LocalDagBundle(name=dags-folder), max_tries=0, start_date=datetime.datetime(2025, 7, 29, 19, 44, 36, 132469, tzinfo=datetime.timezone.utc), end_date=None, state=<TaskInstanceState.RUNNING: 'running'>, is_mapped=False, rendered_map_index=None, log_url='http://localhost:8080/dags/python_operator_v1/runs/scheduled__2023-06-23T22%3A15%3A00%2B00%3A00/tasks/python?try_number=1')","logger":"task"}
{"timestamp":"2025-07-29T19:44:39.423579Z","level":"info","event":"Task instance in success state","chan":"stdout","logger":"task"}
{"timestamp":"2025-07-29T19:44:39.423735Z","level":"info","event":" Previous state of the Task instance: TaskInstanceState.RUNNING","chan":"stdout","logger":"task"}
{"timestamp":"2025-07-29T19:44:39.423830Z","level":"info","event":"Task operator:<Task(PythonOperator): python>","chan":"stdout","logger":"task"}
