{"timestamp":"2025-07-29T19:54:52.086163","level":"info","event":"DAG bundles loaded: dags-folder, example_dags","logger":"airflow.dag_processing.bundles.manager.DagBundlesManager"}
{"timestamp":"2025-07-29T19:54:52.086837","level":"info","event":"Filling up the DagBag from /opt/airflow/dags/2_python_operator_v1.py","logger":"airflow.models.dagbag.DagBag"}
{"timestamp":"2025-07-29T19:54:52.111902Z","level":"info","event":"Task instance is in running state","chan":"stdout","logger":"task"}
{"timestamp":"2025-07-29T19:54:52.112165Z","level":"info","event":" Previous state of the Task instance: TaskInstanceState.QUEUED","chan":"stdout","logger":"task"}
{"timestamp":"2025-07-29T19:54:52.112988Z","level":"info","event":"Current task name:python","chan":"stdout","logger":"task"}
{"timestamp":"2025-07-29T19:54:52.113178Z","level":"info","event":"Dag name:python_operator_v1","chan":"stdout","logger":"task"}
{"timestamp":"2025-07-29T19:54:52.114492Z","level":"info","event":"poliana","chan":"stdout","logger":"task"}
{"timestamp":"2025-07-29T19:54:52.115292Z","level":"info","event":"{'conn': <ConnectionAccessor (dynamic access)>,","chan":"stdout","logger":"task"}
{"timestamp":"2025-07-29T19:54:52.115440Z","level":"info","event":" 'dag': <DAG: python_operator_v1>,","chan":"stdout","logger":"task"}
{"timestamp":"2025-07-29T19:54:52.115577Z","level":"info","event":" 'dag_run': DagRun(dag_id='python_operator_v1', run_id='scheduled__2023-06-24T09:36:00+00:00', logical_date=datetime.datetime(2023, 6, 24, 9, 36, tzinfo=datetime.timezone.utc), data_interval_start=datetime.datetime(2023, 6, 24, 9, 36, tzinfo=datetime.timezone.utc), data_interval_end=datetime.datetime(2023, 6, 24, 9, 36, tzinfo=datetime.timezone.utc), run_after=datetime.datetime(2023, 6, 24, 9, 36, tzinfo=datetime.timezone.utc), start_date=datetime.datetime(2025, 7, 29, 19, 54, 51, 56965, tzinfo=datetime.timezone.utc), end_date=None, clear_number=0, run_type=<DagRunType.SCHEDULED: 'scheduled'>, conf={}, consumed_asset_events=[]),","chan":"stdout","logger":"task"}
{"timestamp":"2025-07-29T19:54:52.115635Z","level":"info","event":" 'data_interval_end': DateTime(2023, 6, 24, 9, 36, 0, tzinfo=Timezone('UTC')),","chan":"stdout","logger":"task"}
{"timestamp":"2025-07-29T19:54:52.115738Z","level":"info","event":" 'data_interval_start': DateTime(2023, 6, 24, 9, 36, 0, tzinfo=Timezone('UTC')),","chan":"stdout","logger":"task"}
{"timestamp":"2025-07-29T19:54:52.115818Z","level":"info","event":" 'ds': '2023-06-24',","chan":"stdout","logger":"task"}
{"timestamp":"2025-07-29T19:54:52.115867Z","level":"info","event":" 'ds_nodash': '20230624',","chan":"stdout","logger":"task"}
{"timestamp":"2025-07-29T19:54:52.115943Z","level":"info","event":" 'inlet_events': InletEventsAccessors(_inlets=[], _assets={}, _asset_aliases={}),","chan":"stdout","logger":"task"}
{"timestamp":"2025-07-29T19:54:52.115985Z","level":"info","event":" 'inlets': [],","chan":"stdout","logger":"task"}
{"timestamp":"2025-07-29T19:54:52.116043Z","level":"info","event":" 'logical_date': DateTime(2023, 6, 24, 9, 36, 0, tzinfo=Timezone('UTC')),","chan":"stdout","logger":"task"}
{"timestamp":"2025-07-29T19:54:52.116083Z","level":"info","event":" 'macros': <MacrosAccessor (dynamic access to macros)>,","chan":"stdout","logger":"task"}
{"timestamp":"2025-07-29T19:54:52.116153Z","level":"info","event":" 'map_index_template': None,","chan":"stdout","logger":"task"}
{"timestamp":"2025-07-29T19:54:52.116217Z","level":"info","event":" 'outlet_events': <airflow.sdk.execution_time.context.OutletEventAccessors object at 0x7fb67b7a4860>,","chan":"stdout","logger":"task"}
{"timestamp":"2025-07-29T19:54:52.116266Z","level":"info","event":" 'outlets': [],","chan":"stdout","logger":"task"}
{"timestamp":"2025-07-29T19:54:52.116340Z","level":"info","event":" 'params': {},","chan":"stdout","logger":"task"}
{"timestamp":"2025-07-29T19:54:52.125020Z","level":"info","event":" 'prev_data_interval_end_success': <Proxy at 0x7fb66fdee5a0 with factory <function RuntimeTaskInstance.get_template_context.<locals>.<lambda> at 0x7fb66fc09f80>>,","chan":"stdout","logger":"task"}
{"timestamp":"2025-07-29T19:54:52.125190Z","level":"info","event":" 'prev_data_interval_start_success': <Proxy at 0x7fb66fdee630 with factory <function RuntimeTaskInstance.get_template_context.<locals>.<lambda> at 0x7fb66fc0b6a0>>,","chan":"stdout","logger":"task"}
{"timestamp":"2025-07-29T19:54:52.125252Z","level":"info","event":" 'prev_end_date_success': <Proxy at 0x7fb67ebcfe30 with factory <function RuntimeTaskInstance.get_template_context.<locals>.<lambda> at 0x7fb66fc0b740>>,","chan":"stdout","logger":"task"}
{"timestamp":"2025-07-29T19:54:52.125316Z","level":"info","event":" 'prev_start_date_success': <Proxy at 0x7fb66fdeeab0 with factory <function RuntimeTaskInstance.get_template_context.<locals>.<lambda> at 0x7fb66fc0a480>>,","chan":"stdout","logger":"task"}
{"timestamp":"2025-07-29T19:54:52.125375Z","level":"info","event":" 'run_id': 'scheduled__2023-06-24T09:36:00+00:00',","chan":"stdout","logger":"task"}
{"timestamp":"2025-07-29T19:54:52.125417Z","level":"info","event":" 'task': <Task(PythonOperator): python>,","chan":"stdout","logger":"task"}
{"timestamp":"2025-07-29T19:54:52.125460Z","level":"info","event":" 'task_instance': RuntimeTaskInstance(id=UUID('019857c0-8325-7268-a907-77b55f5b57e1'), task_id='python', dag_id='python_operator_v1', run_id='scheduled__2023-06-24T09:36:00+00:00', try_number=1, map_index=-1, hostname='bf6f1e7a6f11', context_carrier={}, task=<Task(PythonOperator): python>, bundle_instance=LocalDagBundle(name=dags-folder), max_tries=0, start_date=datetime.datetime(2025, 7, 29, 19, 54, 51, 454576, tzinfo=datetime.timezone.utc), end_date=None, state=<TaskInstanceState.RUNNING: 'running'>, is_mapped=False, rendered_map_index=None, log_url='http://localhost:8080/dags/python_operator_v1/runs/scheduled__2023-06-24T09%3A36%3A00%2B00%3A00/tasks/python?try_number=1'),","chan":"stdout","logger":"task"}
{"timestamp":"2025-07-29T19:54:52.125503Z","level":"info","event":" 'task_instance_key_str': 'python_operator_v1__python__20230624',","chan":"stdout","logger":"task"}
{"timestamp":"2025-07-29T19:54:52.125544Z","level":"info","event":" 'task_reschedule_count': 0,","chan":"stdout","logger":"task"}
{"timestamp":"2025-07-29T19:54:52.125585Z","level":"info","event":" 'templates_dict': None,","chan":"stdout","logger":"task"}
{"timestamp":"2025-07-29T19:54:52.125625Z","level":"info","event":" 'ti': RuntimeTaskInstance(id=UUID('019857c0-8325-7268-a907-77b55f5b57e1'), task_id='python', dag_id='python_operator_v1', run_id='scheduled__2023-06-24T09:36:00+00:00', try_number=1, map_index=-1, hostname='bf6f1e7a6f11', context_carrier={}, task=<Task(PythonOperator): python>, bundle_instance=LocalDagBundle(name=dags-folder), max_tries=0, start_date=datetime.datetime(2025, 7, 29, 19, 54, 51, 454576, tzinfo=datetime.timezone.utc), end_date=None, state=<TaskInstanceState.RUNNING: 'running'>, is_mapped=False, rendered_map_index=None, log_url='http://localhost:8080/dags/python_operator_v1/runs/scheduled__2023-06-24T09%3A36%3A00%2B00%3A00/tasks/python?try_number=1'),","chan":"stdout","logger":"task"}
{"timestamp":"2025-07-29T19:54:52.125668Z","level":"info","event":" 'triggering_asset_events': TriggeringAssetEventsAccessor(_events=defaultdict(<class 'list'>, {})),","chan":"stdout","logger":"task"}
{"timestamp":"2025-07-29T19:54:52.125707Z","level":"info","event":" 'ts': '2023-06-24T09:36:00+00:00',","chan":"stdout","logger":"task"}
{"timestamp":"2025-07-29T19:54:52.125746Z","level":"info","event":" 'ts_nodash': '20230624T093600',","chan":"stdout","logger":"task"}
{"timestamp":"2025-07-29T19:54:52.125811Z","level":"info","event":" 'ts_nodash_with_tz': '20230624T093600+0000',","chan":"stdout","logger":"task"}
{"timestamp":"2025-07-29T19:54:52.125873Z","level":"info","event":" 'var': {'json': <VariableAccessor (dynamic access)>,","chan":"stdout","logger":"task"}
{"timestamp":"2025-07-29T19:54:52.125915Z","level":"info","event":"         'value': <VariableAccessor (dynamic access)>}}","chan":"stdout","logger":"task"}
{"timestamp":"2025-07-29T19:54:52.125669","level":"info","event":"Done. Returned value was: 123","logger":"airflow.task.operators.airflow.providers.standard.operators.python.PythonOperator"}
{"timestamp":"2025-07-29T19:54:52.125835","level":"info","event":"Pushing xcom","ti":"RuntimeTaskInstance(id=UUID('019857c0-8325-7268-a907-77b55f5b57e1'), task_id='python', dag_id='python_operator_v1', run_id='scheduled__2023-06-24T09:36:00+00:00', try_number=1, map_index=-1, hostname='bf6f1e7a6f11', context_carrier={}, task=<Task(PythonOperator): python>, bundle_instance=LocalDagBundle(name=dags-folder), max_tries=0, start_date=datetime.datetime(2025, 7, 29, 19, 54, 51, 454576, tzinfo=datetime.timezone.utc), end_date=None, state=<TaskInstanceState.RUNNING: 'running'>, is_mapped=False, rendered_map_index=None, log_url='http://localhost:8080/dags/python_operator_v1/runs/scheduled__2023-06-24T09%3A36%3A00%2B00%3A00/tasks/python?try_number=1')","logger":"task"}
{"timestamp":"2025-07-29T19:54:52.147055Z","level":"info","event":"Task instance in success state","chan":"stdout","logger":"task"}
{"timestamp":"2025-07-29T19:54:52.147187Z","level":"info","event":" Previous state of the Task instance: TaskInstanceState.RUNNING","chan":"stdout","logger":"task"}
{"timestamp":"2025-07-29T19:54:52.147275Z","level":"info","event":"Task operator:<Task(PythonOperator): python>","chan":"stdout","logger":"task"}
