{"timestamp":"2025-07-29T19:33:33.184804","level":"info","event":"DAG bundles loaded: dags-folder, example_dags","logger":"airflow.dag_processing.bundles.manager.DagBundlesManager"}
{"timestamp":"2025-07-29T19:33:33.185368","level":"info","event":"Filling up the DagBag from /opt/airflow/dags/python_operator_v1.py","logger":"airflow.models.dagbag.DagBag"}
{"timestamp":"2025-07-29T19:33:33.210580Z","level":"info","event":"Task instance is in running state","chan":"stdout","logger":"task"}
{"timestamp":"2025-07-29T19:33:33.210729Z","level":"info","event":" Previous state of the Task instance: TaskInstanceState.QUEUED","chan":"stdout","logger":"task"}
{"timestamp":"2025-07-29T19:33:33.212639Z","level":"info","event":"Current task name:python","chan":"stdout","logger":"task"}
{"timestamp":"2025-07-29T19:33:33.212851Z","level":"info","event":"Dag name:python_operator_v1","chan":"stdout","logger":"task"}
{"timestamp":"2025-07-29T19:33:33.213944Z","level":"info","event":"poliana","chan":"stdout","logger":"task"}
{"timestamp":"2025-07-29T19:33:33.214696Z","level":"info","event":"{'conn': <ConnectionAccessor (dynamic access)>,","chan":"stdout","logger":"task"}
{"timestamp":"2025-07-29T19:33:33.214814Z","level":"info","event":" 'dag': <DAG: python_operator_v1>,","chan":"stdout","logger":"task"}
{"timestamp":"2025-07-29T19:33:33.214952Z","level":"info","event":" 'dag_run': DagRun(dag_id='python_operator_v1', run_id='scheduled__2023-06-23T10:03:00+00:00', logical_date=datetime.datetime(2023, 6, 23, 10, 3, tzinfo=datetime.timezone.utc), data_interval_start=datetime.datetime(2023, 6, 23, 10, 3, tzinfo=datetime.timezone.utc), data_interval_end=datetime.datetime(2023, 6, 23, 10, 3, tzinfo=datetime.timezone.utc), run_after=datetime.datetime(2023, 6, 23, 10, 3, tzinfo=datetime.timezone.utc), start_date=datetime.datetime(2025, 7, 29, 19, 33, 32, 420572, tzinfo=datetime.timezone.utc), end_date=None, clear_number=0, run_type=<DagRunType.SCHEDULED: 'scheduled'>, conf={}, consumed_asset_events=[]),","chan":"stdout","logger":"task"}
{"timestamp":"2025-07-29T19:33:33.215016Z","level":"info","event":" 'data_interval_end': DateTime(2023, 6, 23, 10, 3, 0, tzinfo=Timezone('UTC')),","chan":"stdout","logger":"task"}
{"timestamp":"2025-07-29T19:33:33.215063Z","level":"info","event":" 'data_interval_start': DateTime(2023, 6, 23, 10, 3, 0, tzinfo=Timezone('UTC')),","chan":"stdout","logger":"task"}
{"timestamp":"2025-07-29T19:33:33.215107Z","level":"info","event":" 'ds': '2023-06-23',","chan":"stdout","logger":"task"}
{"timestamp":"2025-07-29T19:33:33.215152Z","level":"info","event":" 'ds_nodash': '20230623',","chan":"stdout","logger":"task"}
{"timestamp":"2025-07-29T19:33:33.215194Z","level":"info","event":" 'inlet_events': InletEventsAccessors(_inlets=[], _assets={}, _asset_aliases={}),","chan":"stdout","logger":"task"}
{"timestamp":"2025-07-29T19:33:33.215235Z","level":"info","event":" 'inlets': [],","chan":"stdout","logger":"task"}
{"timestamp":"2025-07-29T19:33:33.215280Z","level":"info","event":" 'logical_date': DateTime(2023, 6, 23, 10, 3, 0, tzinfo=Timezone('UTC')),","chan":"stdout","logger":"task"}
{"timestamp":"2025-07-29T19:33:33.215321Z","level":"info","event":" 'macros': <MacrosAccessor (dynamic access to macros)>,","chan":"stdout","logger":"task"}
{"timestamp":"2025-07-29T19:33:33.215362Z","level":"info","event":" 'map_index_template': None,","chan":"stdout","logger":"task"}
{"timestamp":"2025-07-29T19:33:33.215403Z","level":"info","event":" 'outlet_events': <airflow.sdk.execution_time.context.OutletEventAccessors object at 0x7fb66fd51c10>,","chan":"stdout","logger":"task"}
{"timestamp":"2025-07-29T19:33:33.215444Z","level":"info","event":" 'outlets': [],","chan":"stdout","logger":"task"}
{"timestamp":"2025-07-29T19:33:33.215485Z","level":"info","event":" 'params': {},","chan":"stdout","logger":"task"}
{"timestamp":"2025-07-29T19:33:33.226574Z","level":"info","event":" 'prev_data_interval_end_success': <Proxy at 0x7fb66fc7b4a0 with factory <function RuntimeTaskInstance.get_template_context.<locals>.<lambda> at 0x7fb67e30c0e0>>,","chan":"stdout","logger":"task"}
{"timestamp":"2025-07-29T19:33:33.226788Z","level":"info","event":" 'prev_data_interval_start_success': <Proxy at 0x7fb66fc7b500 with factory <function RuntimeTaskInstance.get_template_context.<locals>.<lambda> at 0x7fb67e30d800>>,","chan":"stdout","logger":"task"}
{"timestamp":"2025-07-29T19:33:33.226861Z","level":"info","event":" 'prev_end_date_success': <Proxy at 0x7fb67e397e30 with factory <function RuntimeTaskInstance.get_template_context.<locals>.<lambda> at 0x7fb67e30d8a0>>,","chan":"stdout","logger":"task"}
{"timestamp":"2025-07-29T19:33:33.226910Z","level":"info","event":" 'prev_start_date_success': <Proxy at 0x7fb66fc796a0 with factory <function RuntimeTaskInstance.get_template_context.<locals>.<lambda> at 0x7fb67e30c5e0>>,","chan":"stdout","logger":"task"}
{"timestamp":"2025-07-29T19:33:33.226955Z","level":"info","event":" 'run_id': 'scheduled__2023-06-23T10:03:00+00:00',","chan":"stdout","logger":"task"}
{"timestamp":"2025-07-29T19:33:33.226998Z","level":"info","event":" 'task': <Task(PythonOperator): python>,","chan":"stdout","logger":"task"}
{"timestamp":"2025-07-29T19:33:33.227045Z","level":"info","event":" 'task_instance': RuntimeTaskInstance(id=UUID('019857ad-007f-7092-aebf-3e7d214baa25'), task_id='python', dag_id='python_operator_v1', run_id='scheduled__2023-06-23T10:03:00+00:00', try_number=1, map_index=-1, hostname='bf6f1e7a6f11', context_carrier={}, task=<Task(PythonOperator): python>, bundle_instance=LocalDagBundle(name=dags-folder), max_tries=0, start_date=datetime.datetime(2025, 7, 29, 19, 33, 32, 636133, tzinfo=datetime.timezone.utc), end_date=None, state=<TaskInstanceState.RUNNING: 'running'>, is_mapped=False, rendered_map_index=None, log_url='http://localhost:8080/dags/python_operator_v1/runs/scheduled__2023-06-23T10%3A03%3A00%2B00%3A00/tasks/python?try_number=1'),","chan":"stdout","logger":"task"}
{"timestamp":"2025-07-29T19:33:33.227089Z","level":"info","event":" 'task_instance_key_str': 'python_operator_v1__python__20230623',","chan":"stdout","logger":"task"}
{"timestamp":"2025-07-29T19:33:33.227131Z","level":"info","event":" 'task_reschedule_count': 0,","chan":"stdout","logger":"task"}
{"timestamp":"2025-07-29T19:33:33.227201Z","level":"info","event":" 'templates_dict': None,","chan":"stdout","logger":"task"}
{"timestamp":"2025-07-29T19:33:33.227251Z","level":"info","event":" 'ti': RuntimeTaskInstance(id=UUID('019857ad-007f-7092-aebf-3e7d214baa25'), task_id='python', dag_id='python_operator_v1', run_id='scheduled__2023-06-23T10:03:00+00:00', try_number=1, map_index=-1, hostname='bf6f1e7a6f11', context_carrier={}, task=<Task(PythonOperator): python>, bundle_instance=LocalDagBundle(name=dags-folder), max_tries=0, start_date=datetime.datetime(2025, 7, 29, 19, 33, 32, 636133, tzinfo=datetime.timezone.utc), end_date=None, state=<TaskInstanceState.RUNNING: 'running'>, is_mapped=False, rendered_map_index=None, log_url='http://localhost:8080/dags/python_operator_v1/runs/scheduled__2023-06-23T10%3A03%3A00%2B00%3A00/tasks/python?try_number=1'),","chan":"stdout","logger":"task"}
{"timestamp":"2025-07-29T19:33:33.227296Z","level":"info","event":" 'triggering_asset_events': TriggeringAssetEventsAccessor(_events=defaultdict(<class 'list'>, {})),","chan":"stdout","logger":"task"}
{"timestamp":"2025-07-29T19:33:33.227353Z","level":"info","event":" 'ts': '2023-06-23T10:03:00+00:00',","chan":"stdout","logger":"task"}
{"timestamp":"2025-07-29T19:33:33.227407Z","level":"info","event":" 'ts_nodash': '20230623T100300',","chan":"stdout","logger":"task"}
{"timestamp":"2025-07-29T19:33:33.227471Z","level":"info","event":" 'ts_nodash_with_tz': '20230623T100300+0000',","chan":"stdout","logger":"task"}
{"timestamp":"2025-07-29T19:33:33.227524Z","level":"info","event":" 'var': {'json': <VariableAccessor (dynamic access)>,","chan":"stdout","logger":"task"}
{"timestamp":"2025-07-29T19:33:33.227567Z","level":"info","event":"         'value': <VariableAccessor (dynamic access)>}}","chan":"stdout","logger":"task"}
{"timestamp":"2025-07-29T19:33:33.227592","level":"info","event":"Done. Returned value was: 123","logger":"airflow.task.operators.airflow.providers.standard.operators.python.PythonOperator"}
{"timestamp":"2025-07-29T19:33:33.227912","level":"info","event":"Pushing xcom","ti":"RuntimeTaskInstance(id=UUID('019857ad-007f-7092-aebf-3e7d214baa25'), task_id='python', dag_id='python_operator_v1', run_id='scheduled__2023-06-23T10:03:00+00:00', try_number=1, map_index=-1, hostname='bf6f1e7a6f11', context_carrier={}, task=<Task(PythonOperator): python>, bundle_instance=LocalDagBundle(name=dags-folder), max_tries=0, start_date=datetime.datetime(2025, 7, 29, 19, 33, 32, 636133, tzinfo=datetime.timezone.utc), end_date=None, state=<TaskInstanceState.RUNNING: 'running'>, is_mapped=False, rendered_map_index=None, log_url='http://localhost:8080/dags/python_operator_v1/runs/scheduled__2023-06-23T10%3A03%3A00%2B00%3A00/tasks/python?try_number=1')","logger":"task"}
{"timestamp":"2025-07-29T19:33:33.253627Z","level":"info","event":"Task instance in success state","chan":"stdout","logger":"task"}
{"timestamp":"2025-07-29T19:33:33.253762Z","level":"info","event":" Previous state of the Task instance: TaskInstanceState.RUNNING","chan":"stdout","logger":"task"}
{"timestamp":"2025-07-29T19:33:33.253853Z","level":"info","event":"Task operator:<Task(PythonOperator): python>","chan":"stdout","logger":"task"}
