{"timestamp":"2025-07-29T19:57:03.742034","level":"info","event":"DAG bundles loaded: dags-folder, example_dags","logger":"airflow.dag_processing.bundles.manager.DagBundlesManager"}
{"timestamp":"2025-07-29T19:57:03.742741","level":"info","event":"Filling up the DagBag from /opt/airflow/dags/2_python_operator_v1.py","logger":"airflow.models.dagbag.DagBag"}
{"timestamp":"2025-07-29T19:57:03.775945Z","level":"info","event":"Task instance is in running state","chan":"stdout","logger":"task"}
{"timestamp":"2025-07-29T19:57:03.776098Z","level":"info","event":" Previous state of the Task instance: TaskInstanceState.QUEUED","chan":"stdout","logger":"task"}
{"timestamp":"2025-07-29T19:57:03.776628Z","level":"info","event":"Current task name:python","chan":"stdout","logger":"task"}
{"timestamp":"2025-07-29T19:57:03.776734Z","level":"info","event":"Dag name:python_operator_v1","chan":"stdout","logger":"task"}
{"timestamp":"2025-07-29T19:57:03.777731Z","level":"info","event":"poliana","chan":"stdout","logger":"task"}
{"timestamp":"2025-07-29T19:57:03.778324Z","level":"info","event":"{'conn': <ConnectionAccessor (dynamic access)>,","chan":"stdout","logger":"task"}
{"timestamp":"2025-07-29T19:57:03.778415Z","level":"info","event":" 'dag': <DAG: python_operator_v1>,","chan":"stdout","logger":"task"}
{"timestamp":"2025-07-29T19:57:03.778520Z","level":"info","event":" 'dag_run': DagRun(dag_id='python_operator_v1', run_id='scheduled__2023-06-24T11:31:00+00:00', logical_date=datetime.datetime(2023, 6, 24, 11, 31, tzinfo=datetime.timezone.utc), data_interval_start=datetime.datetime(2023, 6, 24, 11, 31, tzinfo=datetime.timezone.utc), data_interval_end=datetime.datetime(2023, 6, 24, 11, 31, tzinfo=datetime.timezone.utc), run_after=datetime.datetime(2023, 6, 24, 11, 31, tzinfo=datetime.timezone.utc), start_date=datetime.datetime(2025, 7, 29, 19, 57, 2, 774224, tzinfo=datetime.timezone.utc), end_date=None, clear_number=0, run_type=<DagRunType.SCHEDULED: 'scheduled'>, conf={}, consumed_asset_events=[]),","chan":"stdout","logger":"task"}
{"timestamp":"2025-07-29T19:57:03.778597Z","level":"info","event":" 'data_interval_end': DateTime(2023, 6, 24, 11, 31, 0, tzinfo=Timezone('UTC')),","chan":"stdout","logger":"task"}
{"timestamp":"2025-07-29T19:57:03.778652Z","level":"info","event":" 'data_interval_start': DateTime(2023, 6, 24, 11, 31, 0, tzinfo=Timezone('UTC')),","chan":"stdout","logger":"task"}
{"timestamp":"2025-07-29T19:57:03.778697Z","level":"info","event":" 'ds': '2023-06-24',","chan":"stdout","logger":"task"}
{"timestamp":"2025-07-29T19:57:03.778739Z","level":"info","event":" 'ds_nodash': '20230624',","chan":"stdout","logger":"task"}
{"timestamp":"2025-07-29T19:57:03.778780Z","level":"info","event":" 'inlet_events': InletEventsAccessors(_inlets=[], _assets={}, _asset_aliases={}),","chan":"stdout","logger":"task"}
{"timestamp":"2025-07-29T19:57:03.778821Z","level":"info","event":" 'inlets': [],","chan":"stdout","logger":"task"}
{"timestamp":"2025-07-29T19:57:03.778862Z","level":"info","event":" 'logical_date': DateTime(2023, 6, 24, 11, 31, 0, tzinfo=Timezone('UTC')),","chan":"stdout","logger":"task"}
{"timestamp":"2025-07-29T19:57:03.778903Z","level":"info","event":" 'macros': <MacrosAccessor (dynamic access to macros)>,","chan":"stdout","logger":"task"}
{"timestamp":"2025-07-29T19:57:03.778944Z","level":"info","event":" 'map_index_template': None,","chan":"stdout","logger":"task"}
{"timestamp":"2025-07-29T19:57:03.778984Z","level":"info","event":" 'outlet_events': <airflow.sdk.execution_time.context.OutletEventAccessors object at 0x7fb67b534770>,","chan":"stdout","logger":"task"}
{"timestamp":"2025-07-29T19:57:03.779025Z","level":"info","event":" 'outlets': [],","chan":"stdout","logger":"task"}
{"timestamp":"2025-07-29T19:57:03.779073Z","level":"info","event":" 'params': {},","chan":"stdout","logger":"task"}
{"timestamp":"2025-07-29T19:57:03.788734Z","level":"info","event":" 'prev_data_interval_end_success': <Proxy at 0x7fb66fc791f0 with factory <function RuntimeTaskInstance.get_template_context.<locals>.<lambda> at 0x7fb66fc8cf40>>,","chan":"stdout","logger":"task"}
{"timestamp":"2025-07-29T19:57:03.788913Z","level":"info","event":" 'prev_data_interval_start_success': <Proxy at 0x7fb66fc79340 with factory <function RuntimeTaskInstance.get_template_context.<locals>.<lambda> at 0x7fb66fc8e660>>,","chan":"stdout","logger":"task"}
{"timestamp":"2025-07-29T19:57:03.788978Z","level":"info","event":" 'prev_end_date_success': <Proxy at 0x7fb66fc4f410 with factory <function RuntimeTaskInstance.get_template_context.<locals>.<lambda> at 0x7fb66fc8e700>>,","chan":"stdout","logger":"task"}
{"timestamp":"2025-07-29T19:57:03.789026Z","level":"info","event":" 'prev_start_date_success': <Proxy at 0x7fb66fc79610 with factory <function RuntimeTaskInstance.get_template_context.<locals>.<lambda> at 0x7fb66fc8d440>>,","chan":"stdout","logger":"task"}
{"timestamp":"2025-07-29T19:57:03.789071Z","level":"info","event":" 'run_id': 'scheduled__2023-06-24T11:31:00+00:00',","chan":"stdout","logger":"task"}
{"timestamp":"2025-07-29T19:57:03.789114Z","level":"info","event":" 'task': <Task(PythonOperator): python>,","chan":"stdout","logger":"task"}
{"timestamp":"2025-07-29T19:57:03.789157Z","level":"info","event":" 'task_instance': RuntimeTaskInstance(id=UUID('019857c2-85ab-7930-bf37-d1703ae39169'), task_id='python', dag_id='python_operator_v1', run_id='scheduled__2023-06-24T11:31:00+00:00', try_number=1, map_index=-1, hostname='bf6f1e7a6f11', context_carrier={}, task=<Task(PythonOperator): python>, bundle_instance=LocalDagBundle(name=dags-folder), max_tries=0, start_date=datetime.datetime(2025, 7, 29, 19, 57, 3, 103957, tzinfo=datetime.timezone.utc), end_date=None, state=<TaskInstanceState.RUNNING: 'running'>, is_mapped=False, rendered_map_index=None, log_url='http://localhost:8080/dags/python_operator_v1/runs/scheduled__2023-06-24T11%3A31%3A00%2B00%3A00/tasks/python?try_number=1'),","chan":"stdout","logger":"task"}
{"timestamp":"2025-07-29T19:57:03.789201Z","level":"info","event":" 'task_instance_key_str': 'python_operator_v1__python__20230624',","chan":"stdout","logger":"task"}
{"timestamp":"2025-07-29T19:57:03.789242Z","level":"info","event":" 'task_reschedule_count': 0,","chan":"stdout","logger":"task"}
{"timestamp":"2025-07-29T19:57:03.789282Z","level":"info","event":" 'templates_dict': None,","chan":"stdout","logger":"task"}
{"timestamp":"2025-07-29T19:57:03.789350Z","level":"info","event":" 'ti': RuntimeTaskInstance(id=UUID('019857c2-85ab-7930-bf37-d1703ae39169'), task_id='python', dag_id='python_operator_v1', run_id='scheduled__2023-06-24T11:31:00+00:00', try_number=1, map_index=-1, hostname='bf6f1e7a6f11', context_carrier={}, task=<Task(PythonOperator): python>, bundle_instance=LocalDagBundle(name=dags-folder), max_tries=0, start_date=datetime.datetime(2025, 7, 29, 19, 57, 3, 103957, tzinfo=datetime.timezone.utc), end_date=None, state=<TaskInstanceState.RUNNING: 'running'>, is_mapped=False, rendered_map_index=None, log_url='http://localhost:8080/dags/python_operator_v1/runs/scheduled__2023-06-24T11%3A31%3A00%2B00%3A00/tasks/python?try_number=1'),","chan":"stdout","logger":"task"}
{"timestamp":"2025-07-29T19:57:03.789398Z","level":"info","event":" 'triggering_asset_events': TriggeringAssetEventsAccessor(_events=defaultdict(<class 'list'>, {})),","chan":"stdout","logger":"task"}
{"timestamp":"2025-07-29T19:57:03.789440Z","level":"info","event":" 'ts': '2023-06-24T11:31:00+00:00',","chan":"stdout","logger":"task"}
{"timestamp":"2025-07-29T19:57:03.789481Z","level":"info","event":" 'ts_nodash': '20230624T113100',","chan":"stdout","logger":"task"}
{"timestamp":"2025-07-29T19:57:03.789524Z","level":"info","event":" 'ts_nodash_with_tz': '20230624T113100+0000',","chan":"stdout","logger":"task"}
{"timestamp":"2025-07-29T19:57:03.789565Z","level":"info","event":" 'var': {'json': <VariableAccessor (dynamic access)>,","chan":"stdout","logger":"task"}
{"timestamp":"2025-07-29T19:57:03.789605Z","level":"info","event":"         'value': <VariableAccessor (dynamic access)>}}","chan":"stdout","logger":"task"}
{"timestamp":"2025-07-29T19:57:03.789401","level":"info","event":"Done. Returned value was: 123","logger":"airflow.task.operators.airflow.providers.standard.operators.python.PythonOperator"}
{"timestamp":"2025-07-29T19:57:03.789573","level":"info","event":"Pushing xcom","ti":"RuntimeTaskInstance(id=UUID('019857c2-85ab-7930-bf37-d1703ae39169'), task_id='python', dag_id='python_operator_v1', run_id='scheduled__2023-06-24T11:31:00+00:00', try_number=1, map_index=-1, hostname='bf6f1e7a6f11', context_carrier={}, task=<Task(PythonOperator): python>, bundle_instance=LocalDagBundle(name=dags-folder), max_tries=0, start_date=datetime.datetime(2025, 7, 29, 19, 57, 3, 103957, tzinfo=datetime.timezone.utc), end_date=None, state=<TaskInstanceState.RUNNING: 'running'>, is_mapped=False, rendered_map_index=None, log_url='http://localhost:8080/dags/python_operator_v1/runs/scheduled__2023-06-24T11%3A31%3A00%2B00%3A00/tasks/python?try_number=1')","logger":"task"}
{"timestamp":"2025-07-29T19:57:03.815820Z","level":"info","event":"Task instance in success state","chan":"stdout","logger":"task"}
{"timestamp":"2025-07-29T19:57:03.815976Z","level":"info","event":" Previous state of the Task instance: TaskInstanceState.RUNNING","chan":"stdout","logger":"task"}
{"timestamp":"2025-07-29T19:57:03.816068Z","level":"info","event":"Task operator:<Task(PythonOperator): python>","chan":"stdout","logger":"task"}
