{"timestamp":"2025-07-29T20:09:17.729539","level":"info","event":"DAG bundles loaded: dags-folder, example_dags","logger":"airflow.dag_processing.bundles.manager.DagBundlesManager"}
{"timestamp":"2025-07-29T20:09:17.730223","level":"info","event":"Filling up the DagBag from /opt/airflow/dags/3_dag_principal.py","logger":"airflow.models.dagbag.DagBag"}
{"timestamp":"2025-07-29T20:09:17.762314Z","level":"info","event":"Task instance is in running state","chan":"stdout","logger":"task"}
{"timestamp":"2025-07-29T20:09:17.762499Z","level":"info","event":" Previous state of the Task instance: TaskInstanceState.QUEUED","chan":"stdout","logger":"task"}
{"timestamp":"2025-07-29T20:09:17.763422Z","level":"info","event":"Current task name:python_principal","chan":"stdout","logger":"task"}
{"timestamp":"2025-07-29T20:09:17.763578Z","level":"info","event":"Dag name:3_DAG_principal","chan":"stdout","logger":"task"}
{"timestamp":"2025-07-29T20:09:17.765143Z","level":"info","event":"DAG principal","chan":"stdout","logger":"task"}
{"timestamp":"2025-07-29T20:09:17.766149Z","level":"info","event":"{'conn': <ConnectionAccessor (dynamic access)>,","chan":"stdout","logger":"task"}
{"timestamp":"2025-07-29T20:09:17.766391Z","level":"info","event":" 'dag': <DAG: 3_DAG_principal>,","chan":"stdout","logger":"task"}
{"timestamp":"2025-07-29T20:09:17.766656Z","level":"info","event":" 'dag_run': DagRun(dag_id='3_DAG_principal', run_id='scheduled__2025-01-15T20:00:00+00:00', logical_date=datetime.datetime(2025, 1, 15, 20, 0, tzinfo=datetime.timezone.utc), data_interval_start=datetime.datetime(2025, 1, 15, 20, 0, tzinfo=datetime.timezone.utc), data_interval_end=datetime.datetime(2025, 1, 15, 20, 0, tzinfo=datetime.timezone.utc), run_after=datetime.datetime(2025, 1, 15, 20, 0, tzinfo=datetime.timezone.utc), start_date=datetime.datetime(2025, 7, 29, 20, 9, 16, 34028, tzinfo=datetime.timezone.utc), end_date=None, clear_number=0, run_type=<DagRunType.SCHEDULED: 'scheduled'>, conf={}, consumed_asset_events=[]),","chan":"stdout","logger":"task"}
{"timestamp":"2025-07-29T20:09:17.766814Z","level":"info","event":" 'data_interval_end': DateTime(2025, 1, 15, 20, 0, 0, tzinfo=Timezone('UTC')),","chan":"stdout","logger":"task"}
{"timestamp":"2025-07-29T20:09:17.766915Z","level":"info","event":" 'data_interval_start': DateTime(2025, 1, 15, 20, 0, 0, tzinfo=Timezone('UTC')),","chan":"stdout","logger":"task"}
{"timestamp":"2025-07-29T20:09:17.766987Z","level":"info","event":" 'ds': '2025-01-15',","chan":"stdout","logger":"task"}
{"timestamp":"2025-07-29T20:09:17.767056Z","level":"info","event":" 'ds_nodash': '20250115',","chan":"stdout","logger":"task"}
{"timestamp":"2025-07-29T20:09:17.767123Z","level":"info","event":" 'inlet_events': InletEventsAccessors(_inlets=[], _assets={}, _asset_aliases={}),","chan":"stdout","logger":"task"}
{"timestamp":"2025-07-29T20:09:17.767188Z","level":"info","event":" 'inlets': [],","chan":"stdout","logger":"task"}
{"timestamp":"2025-07-29T20:09:17.767256Z","level":"info","event":" 'logical_date': DateTime(2025, 1, 15, 20, 0, 0, tzinfo=Timezone('UTC')),","chan":"stdout","logger":"task"}
{"timestamp":"2025-07-29T20:09:17.767343Z","level":"info","event":" 'macros': <MacrosAccessor (dynamic access to macros)>,","chan":"stdout","logger":"task"}
{"timestamp":"2025-07-29T20:09:17.767454Z","level":"info","event":" 'map_index_template': None,","chan":"stdout","logger":"task"}
{"timestamp":"2025-07-29T20:09:17.767562Z","level":"info","event":" 'outlet_events': <airflow.sdk.execution_time.context.OutletEventAccessors object at 0x7fb66fd5f9b0>,","chan":"stdout","logger":"task"}
{"timestamp":"2025-07-29T20:09:17.767717Z","level":"info","event":" 'outlets': [],","chan":"stdout","logger":"task"}
{"timestamp":"2025-07-29T20:09:17.767859Z","level":"info","event":" 'params': {},","chan":"stdout","logger":"task"}
{"timestamp":"2025-07-29T20:09:17.779245Z","level":"info","event":" 'prev_data_interval_end_success': <Proxy at 0x7fb66fdbade0 with factory <function RuntimeTaskInstance.get_template_context.<locals>.<lambda> at 0x7fb66fde94e0>>,","chan":"stdout","logger":"task"}
{"timestamp":"2025-07-29T20:09:17.779484Z","level":"info","event":" 'prev_data_interval_start_success': <Proxy at 0x7fb66fdbaf30 with factory <function RuntimeTaskInstance.get_template_context.<locals>.<lambda> at 0x7fb66fde82c0>>,","chan":"stdout","logger":"task"}
{"timestamp":"2025-07-29T20:09:17.779610Z","level":"info","event":" 'prev_end_date_success': <Proxy at 0x7fb66fdbb260 with factory <function RuntimeTaskInstance.get_template_context.<locals>.<lambda> at 0x7fb66fde9580>>,","chan":"stdout","logger":"task"}
{"timestamp":"2025-07-29T20:09:17.779701Z","level":"info","event":" 'prev_start_date_success': <Proxy at 0x7fb66fdbad20 with factory <function RuntimeTaskInstance.get_template_context.<locals>.<lambda> at 0x7fb66fdd3ce0>>,","chan":"stdout","logger":"task"}
{"timestamp":"2025-07-29T20:09:17.779781Z","level":"info","event":" 'run_id': 'scheduled__2025-01-15T20:00:00+00:00',","chan":"stdout","logger":"task"}
{"timestamp":"2025-07-29T20:09:17.779855Z","level":"info","event":" 'task': <Task(PythonOperator): python_principal>,","chan":"stdout","logger":"task"}
{"timestamp":"2025-07-29T20:09:17.779936Z","level":"info","event":" 'task_instance': RuntimeTaskInstance(id=UUID('019857cd-b5eb-746c-98b5-95bc7b16b7fa'), task_id='python_principal', dag_id='3_DAG_principal', run_id='scheduled__2025-01-15T20:00:00+00:00', try_number=1, map_index=-1, hostname='bf6f1e7a6f11', context_carrier={}, task=<Task(PythonOperator): python_principal>, bundle_instance=LocalDagBundle(name=dags-folder), max_tries=0, start_date=datetime.datetime(2025, 7, 29, 20, 9, 16, 919467, tzinfo=datetime.timezone.utc), end_date=None, state=<TaskInstanceState.RUNNING: 'running'>, is_mapped=False, rendered_map_index=None, log_url='http://localhost:8080/dags/3_DAG_principal/runs/scheduled__2025-01-15T20%3A00%3A00%2B00%3A00/tasks/python_principal?try_number=1'),","chan":"stdout","logger":"task"}
{"timestamp":"2025-07-29T20:09:17.780020Z","level":"info","event":" 'task_instance_key_str': '3_DAG_principal__python_principal__20250115',","chan":"stdout","logger":"task"}
{"timestamp":"2025-07-29T20:09:17.780089Z","level":"info","event":" 'task_reschedule_count': 0,","chan":"stdout","logger":"task"}
{"timestamp":"2025-07-29T20:09:17.780163Z","level":"info","event":" 'templates_dict': None,","chan":"stdout","logger":"task"}
{"timestamp":"2025-07-29T20:09:17.780244Z","level":"info","event":" 'ti': RuntimeTaskInstance(id=UUID('019857cd-b5eb-746c-98b5-95bc7b16b7fa'), task_id='python_principal', dag_id='3_DAG_principal', run_id='scheduled__2025-01-15T20:00:00+00:00', try_number=1, map_index=-1, hostname='bf6f1e7a6f11', context_carrier={}, task=<Task(PythonOperator): python_principal>, bundle_instance=LocalDagBundle(name=dags-folder), max_tries=0, start_date=datetime.datetime(2025, 7, 29, 20, 9, 16, 919467, tzinfo=datetime.timezone.utc), end_date=None, state=<TaskInstanceState.RUNNING: 'running'>, is_mapped=False, rendered_map_index=None, log_url='http://localhost:8080/dags/3_DAG_principal/runs/scheduled__2025-01-15T20%3A00%3A00%2B00%3A00/tasks/python_principal?try_number=1'),","chan":"stdout","logger":"task"}
{"timestamp":"2025-07-29T20:09:17.780341Z","level":"info","event":" 'triggering_asset_events': TriggeringAssetEventsAccessor(_events=defaultdict(<class 'list'>, {})),","chan":"stdout","logger":"task"}
{"timestamp":"2025-07-29T20:09:17.780413Z","level":"info","event":" 'ts': '2025-01-15T20:00:00+00:00',","chan":"stdout","logger":"task"}
{"timestamp":"2025-07-29T20:09:17.780479Z","level":"info","event":" 'ts_nodash': '20250115T200000',","chan":"stdout","logger":"task"}
{"timestamp":"2025-07-29T20:09:17.780544Z","level":"info","event":" 'ts_nodash_with_tz': '20250115T200000+0000',","chan":"stdout","logger":"task"}
{"timestamp":"2025-07-29T20:09:17.780674Z","level":"info","event":" 'var': {'json': <VariableAccessor (dynamic access)>,","chan":"stdout","logger":"task"}
{"timestamp":"2025-07-29T20:09:17.780784Z","level":"info","event":"         'value': <VariableAccessor (dynamic access)>}}","chan":"stdout","logger":"task"}
{"timestamp":"2025-07-29T20:09:17.779592","level":"info","event":"Done. Returned value was: principal","logger":"airflow.task.operators.airflow.providers.standard.operators.python.PythonOperator"}
{"timestamp":"2025-07-29T20:09:17.779817","level":"info","event":"Pushing xcom","ti":"RuntimeTaskInstance(id=UUID('019857cd-b5eb-746c-98b5-95bc7b16b7fa'), task_id='python_principal', dag_id='3_DAG_principal', run_id='scheduled__2025-01-15T20:00:00+00:00', try_number=1, map_index=-1, hostname='bf6f1e7a6f11', context_carrier={}, task=<Task(PythonOperator): python_principal>, bundle_instance=LocalDagBundle(name=dags-folder), max_tries=0, start_date=datetime.datetime(2025, 7, 29, 20, 9, 16, 919467, tzinfo=datetime.timezone.utc), end_date=None, state=<TaskInstanceState.RUNNING: 'running'>, is_mapped=False, rendered_map_index=None, log_url='http://localhost:8080/dags/3_DAG_principal/runs/scheduled__2025-01-15T20%3A00%3A00%2B00%3A00/tasks/python_principal?try_number=1')","logger":"task"}
{"timestamp":"2025-07-29T20:09:17.813690Z","level":"info","event":"Task instance in success state","chan":"stdout","logger":"task"}
{"timestamp":"2025-07-29T20:09:17.814033Z","level":"info","event":" Previous state of the Task instance: TaskInstanceState.RUNNING","chan":"stdout","logger":"task"}
{"timestamp":"2025-07-29T20:09:17.814332Z","level":"info","event":"Task operator:<Task(PythonOperator): python_principal>","chan":"stdout","logger":"task"}
