{"timestamp":"2025-07-29T19:22:21.898498","level":"info","event":"DAG bundles loaded: dags-folder, example_dags","logger":"airflow.dag_processing.bundles.manager.DagBundlesManager"}
{"timestamp":"2025-07-29T19:22:21.899671","level":"info","event":"Filling up the DagBag from /opt/airflow/dags/python_operator_v1.py","logger":"airflow.models.dagbag.DagBag"}
{"timestamp":"2025-07-29T19:22:21.928447Z","level":"info","event":"Task instance is in running state","chan":"stdout","logger":"task"}
{"timestamp":"2025-07-29T19:22:21.928625Z","level":"info","event":" Previous state of the Task instance: TaskInstanceState.QUEUED","chan":"stdout","logger":"task"}
{"timestamp":"2025-07-29T19:22:21.929569Z","level":"info","event":"Current task name:python","chan":"stdout","logger":"task"}
{"timestamp":"2025-07-29T19:22:21.929782Z","level":"info","event":"Dag name:python_operator_v1","chan":"stdout","logger":"task"}
{"timestamp":"2025-07-29T19:22:21.931281Z","level":"info","event":"poliana","chan":"stdout","logger":"task"}
{"timestamp":"2025-07-29T19:22:21.931987Z","level":"info","event":"{'conn': <ConnectionAccessor (dynamic access)>,","chan":"stdout","logger":"task"}
{"timestamp":"2025-07-29T19:22:21.932143Z","level":"info","event":" 'dag': <DAG: python_operator_v1>,","chan":"stdout","logger":"task"}
{"timestamp":"2025-07-29T19:22:21.932249Z","level":"info","event":" 'dag_run': DagRun(dag_id='python_operator_v1', run_id='scheduled__2023-06-22T21:59:00+00:00', logical_date=datetime.datetime(2023, 6, 22, 21, 59, tzinfo=datetime.timezone.utc), data_interval_start=datetime.datetime(2023, 6, 22, 21, 59, tzinfo=datetime.timezone.utc), data_interval_end=datetime.datetime(2023, 6, 22, 21, 59, tzinfo=datetime.timezone.utc), run_after=datetime.datetime(2023, 6, 22, 21, 59, tzinfo=datetime.timezone.utc), start_date=datetime.datetime(2025, 7, 29, 19, 22, 20, 912269, tzinfo=datetime.timezone.utc), end_date=None, clear_number=0, run_type=<DagRunType.SCHEDULED: 'scheduled'>, conf={}, consumed_asset_events=[]),","chan":"stdout","logger":"task"}
{"timestamp":"2025-07-29T19:22:21.932310Z","level":"info","event":" 'data_interval_end': DateTime(2023, 6, 22, 21, 59, 0, tzinfo=Timezone('UTC')),","chan":"stdout","logger":"task"}
{"timestamp":"2025-07-29T19:22:21.932356Z","level":"info","event":" 'data_interval_start': DateTime(2023, 6, 22, 21, 59, 0, tzinfo=Timezone('UTC')),","chan":"stdout","logger":"task"}
{"timestamp":"2025-07-29T19:22:21.932400Z","level":"info","event":" 'ds': '2023-06-22',","chan":"stdout","logger":"task"}
{"timestamp":"2025-07-29T19:22:21.932457Z","level":"info","event":" 'ds_nodash': '20230622',","chan":"stdout","logger":"task"}
{"timestamp":"2025-07-29T19:22:21.932497Z","level":"info","event":" 'inlet_events': InletEventsAccessors(_inlets=[], _assets={}, _asset_aliases={}),","chan":"stdout","logger":"task"}
{"timestamp":"2025-07-29T19:22:21.932536Z","level":"info","event":" 'inlets': [],","chan":"stdout","logger":"task"}
{"timestamp":"2025-07-29T19:22:21.932575Z","level":"info","event":" 'logical_date': DateTime(2023, 6, 22, 21, 59, 0, tzinfo=Timezone('UTC')),","chan":"stdout","logger":"task"}
{"timestamp":"2025-07-29T19:22:21.932618Z","level":"info","event":" 'macros': <MacrosAccessor (dynamic access to macros)>,","chan":"stdout","logger":"task"}
{"timestamp":"2025-07-29T19:22:21.932685Z","level":"info","event":" 'map_index_template': None,","chan":"stdout","logger":"task"}
{"timestamp":"2025-07-29T19:22:21.932776Z","level":"info","event":" 'outlet_events': <airflow.sdk.execution_time.context.OutletEventAccessors object at 0x7fb677ab5cd0>,","chan":"stdout","logger":"task"}
{"timestamp":"2025-07-29T19:22:21.932817Z","level":"info","event":" 'outlets': [],","chan":"stdout","logger":"task"}
{"timestamp":"2025-07-29T19:22:21.932856Z","level":"info","event":" 'params': {},","chan":"stdout","logger":"task"}
{"timestamp":"2025-07-29T19:22:21.943252Z","level":"info","event":" 'prev_data_interval_end_success': <Proxy at 0x7fb66fc51010 with factory <function RuntimeTaskInstance.get_template_context.<locals>.<lambda> at 0x7fb678280180>>,","chan":"stdout","logger":"task"}
{"timestamp":"2025-07-29T19:22:21.943479Z","level":"info","event":" 'prev_data_interval_start_success': <Proxy at 0x7fb66fc501d0 with factory <function RuntimeTaskInstance.get_template_context.<locals>.<lambda> at 0x7fb678281620>>,","chan":"stdout","logger":"task"}
{"timestamp":"2025-07-29T19:22:21.943578Z","level":"info","event":" 'prev_end_date_success': <Proxy at 0x7fb67cb265d0 with factory <function RuntimeTaskInstance.get_template_context.<locals>.<lambda> at 0x7fb6782816c0>>,","chan":"stdout","logger":"task"}
{"timestamp":"2025-07-29T19:22:21.943645Z","level":"info","event":" 'prev_start_date_success': <Proxy at 0x7fb67cb26720 with factory <function RuntimeTaskInstance.get_template_context.<locals>.<lambda> at 0x7fb678280400>>,","chan":"stdout","logger":"task"}
{"timestamp":"2025-07-29T19:22:21.943693Z","level":"info","event":" 'run_id': 'scheduled__2023-06-22T21:59:00+00:00',","chan":"stdout","logger":"task"}
{"timestamp":"2025-07-29T19:22:21.943751Z","level":"info","event":" 'task': <Task(PythonOperator): python>,","chan":"stdout","logger":"task"}
{"timestamp":"2025-07-29T19:22:21.943811Z","level":"info","event":" 'task_instance': RuntimeTaskInstance(id=UUID('019857a2-c162-7af6-9b65-6c5c2cc6607f'), task_id='python', dag_id='python_operator_v1', run_id='scheduled__2023-06-22T21:59:00+00:00', try_number=1, map_index=-1, hostname='bf6f1e7a6f11', context_carrier={}, task=<Task(PythonOperator): python>, bundle_instance=LocalDagBundle(name=dags-folder), max_tries=0, start_date=datetime.datetime(2025, 7, 29, 19, 22, 21, 323679, tzinfo=datetime.timezone.utc), end_date=None, state=<TaskInstanceState.RUNNING: 'running'>, is_mapped=False, rendered_map_index=None, log_url='http://localhost:8080/dags/python_operator_v1/runs/scheduled__2023-06-22T21%3A59%3A00%2B00%3A00/tasks/python?try_number=1'),","chan":"stdout","logger":"task"}
{"timestamp":"2025-07-29T19:22:21.943867Z","level":"info","event":" 'task_instance_key_str': 'python_operator_v1__python__20230622',","chan":"stdout","logger":"task"}
{"timestamp":"2025-07-29T19:22:21.943923Z","level":"info","event":" 'task_reschedule_count': 0,","chan":"stdout","logger":"task"}
{"timestamp":"2025-07-29T19:22:21.943973Z","level":"info","event":" 'templates_dict': None,","chan":"stdout","logger":"task"}
{"timestamp":"2025-07-29T19:22:21.944042Z","level":"info","event":" 'ti': RuntimeTaskInstance(id=UUID('019857a2-c162-7af6-9b65-6c5c2cc6607f'), task_id='python', dag_id='python_operator_v1', run_id='scheduled__2023-06-22T21:59:00+00:00', try_number=1, map_index=-1, hostname='bf6f1e7a6f11', context_carrier={}, task=<Task(PythonOperator): python>, bundle_instance=LocalDagBundle(name=dags-folder), max_tries=0, start_date=datetime.datetime(2025, 7, 29, 19, 22, 21, 323679, tzinfo=datetime.timezone.utc), end_date=None, state=<TaskInstanceState.RUNNING: 'running'>, is_mapped=False, rendered_map_index=None, log_url='http://localhost:8080/dags/python_operator_v1/runs/scheduled__2023-06-22T21%3A59%3A00%2B00%3A00/tasks/python?try_number=1'),","chan":"stdout","logger":"task"}
{"timestamp":"2025-07-29T19:22:21.944116Z","level":"info","event":" 'triggering_asset_events': TriggeringAssetEventsAccessor(_events=defaultdict(<class 'list'>, {})),","chan":"stdout","logger":"task"}
{"timestamp":"2025-07-29T19:22:21.944191Z","level":"info","event":" 'ts': '2023-06-22T21:59:00+00:00',","chan":"stdout","logger":"task"}
{"timestamp":"2025-07-29T19:22:21.944263Z","level":"info","event":" 'ts_nodash': '20230622T215900',","chan":"stdout","logger":"task"}
{"timestamp":"2025-07-29T19:22:21.944383Z","level":"info","event":" 'ts_nodash_with_tz': '20230622T215900+0000',","chan":"stdout","logger":"task"}
{"timestamp":"2025-07-29T19:22:21.944461Z","level":"info","event":" 'var': {'json': <VariableAccessor (dynamic access)>,","chan":"stdout","logger":"task"}
{"timestamp":"2025-07-29T19:22:21.944538Z","level":"info","event":"         'value': <VariableAccessor (dynamic access)>}}","chan":"stdout","logger":"task"}
{"timestamp":"2025-07-29T19:22:21.944275","level":"info","event":"Done. Returned value was: 123","logger":"airflow.task.operators.airflow.providers.standard.operators.python.PythonOperator"}
{"timestamp":"2025-07-29T19:22:21.944592","level":"info","event":"Pushing xcom","ti":"RuntimeTaskInstance(id=UUID('019857a2-c162-7af6-9b65-6c5c2cc6607f'), task_id='python', dag_id='python_operator_v1', run_id='scheduled__2023-06-22T21:59:00+00:00', try_number=1, map_index=-1, hostname='bf6f1e7a6f11', context_carrier={}, task=<Task(PythonOperator): python>, bundle_instance=LocalDagBundle(name=dags-folder), max_tries=0, start_date=datetime.datetime(2025, 7, 29, 19, 22, 21, 323679, tzinfo=datetime.timezone.utc), end_date=None, state=<TaskInstanceState.RUNNING: 'running'>, is_mapped=False, rendered_map_index=None, log_url='http://localhost:8080/dags/python_operator_v1/runs/scheduled__2023-06-22T21%3A59%3A00%2B00%3A00/tasks/python?try_number=1')","logger":"task"}
{"timestamp":"2025-07-29T19:22:21.973050Z","level":"info","event":"Task instance in success state","chan":"stdout","logger":"task"}
{"timestamp":"2025-07-29T19:22:21.973213Z","level":"info","event":" Previous state of the Task instance: TaskInstanceState.RUNNING","chan":"stdout","logger":"task"}
{"timestamp":"2025-07-29T19:22:21.973357Z","level":"info","event":"Task operator:<Task(PythonOperator): python>","chan":"stdout","logger":"task"}
