{"timestamp":"2025-07-29T19:32:07.708454","level":"info","event":"DAG bundles loaded: dags-folder, example_dags","logger":"airflow.dag_processing.bundles.manager.DagBundlesManager"}
{"timestamp":"2025-07-29T19:32:07.709248","level":"info","event":"Filling up the DagBag from /opt/airflow/dags/python_operator_v1.py","logger":"airflow.models.dagbag.DagBag"}
{"timestamp":"2025-07-29T19:32:07.758647Z","level":"info","event":"Task instance is in running state","chan":"stdout","logger":"task"}
{"timestamp":"2025-07-29T19:32:07.758953Z","level":"info","event":" Previous state of the Task instance: TaskInstanceState.QUEUED","chan":"stdout","logger":"task"}
{"timestamp":"2025-07-29T19:32:07.759573Z","level":"info","event":"Current task name:python","chan":"stdout","logger":"task"}
{"timestamp":"2025-07-29T19:32:07.759739Z","level":"info","event":"Dag name:python_operator_v1","chan":"stdout","logger":"task"}
{"timestamp":"2025-07-29T19:32:07.761352Z","level":"info","event":"poliana","chan":"stdout","logger":"task"}
{"timestamp":"2025-07-29T19:32:07.762356Z","level":"info","event":"{'conn': <ConnectionAccessor (dynamic access)>,","chan":"stdout","logger":"task"}
{"timestamp":"2025-07-29T19:32:07.762560Z","level":"info","event":" 'dag': <DAG: python_operator_v1>,","chan":"stdout","logger":"task"}
{"timestamp":"2025-07-29T19:32:07.762741Z","level":"info","event":" 'dag_run': DagRun(dag_id='python_operator_v1', run_id='scheduled__2023-06-23T08:22:00+00:00', logical_date=datetime.datetime(2023, 6, 23, 8, 22, tzinfo=datetime.timezone.utc), data_interval_start=datetime.datetime(2023, 6, 23, 8, 22, tzinfo=datetime.timezone.utc), data_interval_end=datetime.datetime(2023, 6, 23, 8, 22, tzinfo=datetime.timezone.utc), run_after=datetime.datetime(2023, 6, 23, 8, 22, tzinfo=datetime.timezone.utc), start_date=datetime.datetime(2025, 7, 29, 19, 32, 6, 754556, tzinfo=datetime.timezone.utc), end_date=None, clear_number=0, run_type=<DagRunType.SCHEDULED: 'scheduled'>, conf={}, consumed_asset_events=[]),","chan":"stdout","logger":"task"}
{"timestamp":"2025-07-29T19:32:07.762854Z","level":"info","event":" 'data_interval_end': DateTime(2023, 6, 23, 8, 22, 0, tzinfo=Timezone('UTC')),","chan":"stdout","logger":"task"}
{"timestamp":"2025-07-29T19:32:07.762936Z","level":"info","event":" 'data_interval_start': DateTime(2023, 6, 23, 8, 22, 0, tzinfo=Timezone('UTC')),","chan":"stdout","logger":"task"}
{"timestamp":"2025-07-29T19:32:07.763008Z","level":"info","event":" 'ds': '2023-06-23',","chan":"stdout","logger":"task"}
{"timestamp":"2025-07-29T19:32:07.763080Z","level":"info","event":" 'ds_nodash': '20230623',","chan":"stdout","logger":"task"}
{"timestamp":"2025-07-29T19:32:07.763153Z","level":"info","event":" 'inlet_events': InletEventsAccessors(_inlets=[], _assets={}, _asset_aliases={}),","chan":"stdout","logger":"task"}
{"timestamp":"2025-07-29T19:32:07.763224Z","level":"info","event":" 'inlets': [],","chan":"stdout","logger":"task"}
{"timestamp":"2025-07-29T19:32:07.763292Z","level":"info","event":" 'logical_date': DateTime(2023, 6, 23, 8, 22, 0, tzinfo=Timezone('UTC')),","chan":"stdout","logger":"task"}
{"timestamp":"2025-07-29T19:32:07.763361Z","level":"info","event":" 'macros': <MacrosAccessor (dynamic access to macros)>,","chan":"stdout","logger":"task"}
{"timestamp":"2025-07-29T19:32:07.763433Z","level":"info","event":" 'map_index_template': None,","chan":"stdout","logger":"task"}
{"timestamp":"2025-07-29T19:32:07.763502Z","level":"info","event":" 'outlet_events': <airflow.sdk.execution_time.context.OutletEventAccessors object at 0x7fb66fd9d610>,","chan":"stdout","logger":"task"}
{"timestamp":"2025-07-29T19:32:07.763573Z","level":"info","event":" 'outlets': [],","chan":"stdout","logger":"task"}
{"timestamp":"2025-07-29T19:32:07.763640Z","level":"info","event":" 'params': {},","chan":"stdout","logger":"task"}
{"timestamp":"2025-07-29T19:32:07.776449Z","level":"info","event":" 'prev_data_interval_end_success': <Proxy at 0x7fb66fc6ed20 with factory <function RuntimeTaskInstance.get_template_context.<locals>.<lambda> at 0x7fb66fc9c0e0>>,","chan":"stdout","logger":"task"}
{"timestamp":"2025-07-29T19:32:07.776765Z","level":"info","event":" 'prev_data_interval_start_success': <Proxy at 0x7fb66fc6ec60 with factory <function RuntimeTaskInstance.get_template_context.<locals>.<lambda> at 0x7fb66fc9d300>>,","chan":"stdout","logger":"task"}
{"timestamp":"2025-07-29T19:32:07.776906Z","level":"info","event":" 'prev_end_date_success': <Proxy at 0x7fb66fc6d610 with factory <function RuntimeTaskInstance.get_template_context.<locals>.<lambda> at 0x7fb66fc9d3a0>>,","chan":"stdout","logger":"task"}
{"timestamp":"2025-07-29T19:32:07.776990Z","level":"info","event":" 'prev_start_date_success': <Proxy at 0x7fb66fc6eb40 with factory <function RuntimeTaskInstance.get_template_context.<locals>.<lambda> at 0x7fb66fc8fba0>>,","chan":"stdout","logger":"task"}
{"timestamp":"2025-07-29T19:32:07.777066Z","level":"info","event":" 'run_id': 'scheduled__2023-06-23T08:22:00+00:00',","chan":"stdout","logger":"task"}
{"timestamp":"2025-07-29T19:32:07.777150Z","level":"info","event":" 'task': <Task(PythonOperator): python>,","chan":"stdout","logger":"task"}
{"timestamp":"2025-07-29T19:32:07.777266Z","level":"info","event":" 'task_instance': RuntimeTaskInstance(id=UUID('019857ab-b1d7-7bd5-b5d1-5d186f4e57b6'), task_id='python', dag_id='python_operator_v1', run_id='scheduled__2023-06-23T08:22:00+00:00', try_number=1, map_index=-1, hostname='bf6f1e7a6f11', context_carrier={}, task=<Task(PythonOperator): python>, bundle_instance=LocalDagBundle(name=dags-folder), max_tries=0, start_date=datetime.datetime(2025, 7, 29, 19, 32, 6, 987972, tzinfo=datetime.timezone.utc), end_date=None, state=<TaskInstanceState.RUNNING: 'running'>, is_mapped=False, rendered_map_index=None, log_url='http://localhost:8080/dags/python_operator_v1/runs/scheduled__2023-06-23T08%3A22%3A00%2B00%3A00/tasks/python?try_number=1'),","chan":"stdout","logger":"task"}
{"timestamp":"2025-07-29T19:32:07.777400Z","level":"info","event":" 'task_instance_key_str': 'python_operator_v1__python__20230623',","chan":"stdout","logger":"task"}
{"timestamp":"2025-07-29T19:32:07.777517Z","level":"info","event":" 'task_reschedule_count': 0,","chan":"stdout","logger":"task"}
{"timestamp":"2025-07-29T19:32:07.777828Z","level":"info","event":" 'templates_dict': None,","chan":"stdout","logger":"task"}
{"timestamp":"2025-07-29T19:32:07.777913Z","level":"info","event":" 'ti': RuntimeTaskInstance(id=UUID('019857ab-b1d7-7bd5-b5d1-5d186f4e57b6'), task_id='python', dag_id='python_operator_v1', run_id='scheduled__2023-06-23T08:22:00+00:00', try_number=1, map_index=-1, hostname='bf6f1e7a6f11', context_carrier={}, task=<Task(PythonOperator): python>, bundle_instance=LocalDagBundle(name=dags-folder), max_tries=0, start_date=datetime.datetime(2025, 7, 29, 19, 32, 6, 987972, tzinfo=datetime.timezone.utc), end_date=None, state=<TaskInstanceState.RUNNING: 'running'>, is_mapped=False, rendered_map_index=None, log_url='http://localhost:8080/dags/python_operator_v1/runs/scheduled__2023-06-23T08%3A22%3A00%2B00%3A00/tasks/python?try_number=1'),","chan":"stdout","logger":"task"}
{"timestamp":"2025-07-29T19:32:07.778062Z","level":"info","event":" 'triggering_asset_events': TriggeringAssetEventsAccessor(_events=defaultdict(<class 'list'>, {})),","chan":"stdout","logger":"task"}
{"timestamp":"2025-07-29T19:32:07.778149Z","level":"info","event":" 'ts': '2023-06-23T08:22:00+00:00',","chan":"stdout","logger":"task"}
{"timestamp":"2025-07-29T19:32:07.778226Z","level":"info","event":" 'ts_nodash': '20230623T082200',","chan":"stdout","logger":"task"}
{"timestamp":"2025-07-29T19:32:07.778303Z","level":"info","event":" 'ts_nodash_with_tz': '20230623T082200+0000',","chan":"stdout","logger":"task"}
{"timestamp":"2025-07-29T19:32:07.778372Z","level":"info","event":" 'var': {'json': <VariableAccessor (dynamic access)>,","chan":"stdout","logger":"task"}
{"timestamp":"2025-07-29T19:32:07.778443Z","level":"info","event":"         'value': <VariableAccessor (dynamic access)>}}","chan":"stdout","logger":"task"}
{"timestamp":"2025-07-29T19:32:07.778246","level":"info","event":"Done. Returned value was: 123","logger":"airflow.task.operators.airflow.providers.standard.operators.python.PythonOperator"}
{"timestamp":"2025-07-29T19:32:07.778620","level":"info","event":"Pushing xcom","ti":"RuntimeTaskInstance(id=UUID('019857ab-b1d7-7bd5-b5d1-5d186f4e57b6'), task_id='python', dag_id='python_operator_v1', run_id='scheduled__2023-06-23T08:22:00+00:00', try_number=1, map_index=-1, hostname='bf6f1e7a6f11', context_carrier={}, task=<Task(PythonOperator): python>, bundle_instance=LocalDagBundle(name=dags-folder), max_tries=0, start_date=datetime.datetime(2025, 7, 29, 19, 32, 6, 987972, tzinfo=datetime.timezone.utc), end_date=None, state=<TaskInstanceState.RUNNING: 'running'>, is_mapped=False, rendered_map_index=None, log_url='http://localhost:8080/dags/python_operator_v1/runs/scheduled__2023-06-23T08%3A22%3A00%2B00%3A00/tasks/python?try_number=1')","logger":"task"}
{"timestamp":"2025-07-29T19:32:07.820906Z","level":"info","event":"Task instance in success state","chan":"stdout","logger":"task"}
{"timestamp":"2025-07-29T19:32:07.821130Z","level":"info","event":" Previous state of the Task instance: TaskInstanceState.RUNNING","chan":"stdout","logger":"task"}
{"timestamp":"2025-07-29T19:32:07.821216Z","level":"info","event":"Task operator:<Task(PythonOperator): python>","chan":"stdout","logger":"task"}
