{"timestamp":"2025-07-29T20:04:54.035819","level":"info","event":"DAG bundles loaded: dags-folder, example_dags","logger":"airflow.dag_processing.bundles.manager.DagBundlesManager"}
{"timestamp":"2025-07-29T20:04:54.036692","level":"info","event":"Filling up the DagBag from /opt/airflow/dags/2_python_operator_v1.py","logger":"airflow.models.dagbag.DagBag"}
{"timestamp":"2025-07-29T20:04:54.086230Z","level":"info","event":"Task instance is in running state","chan":"stdout","logger":"task"}
{"timestamp":"2025-07-29T20:04:54.086514Z","level":"info","event":" Previous state of the Task instance: TaskInstanceState.QUEUED","chan":"stdout","logger":"task"}
{"timestamp":"2025-07-29T20:04:54.087920Z","level":"info","event":"Current task name:python","chan":"stdout","logger":"task"}
{"timestamp":"2025-07-29T20:04:54.088169Z","level":"info","event":"Dag name:python_operator_v1","chan":"stdout","logger":"task"}
{"timestamp":"2025-07-29T20:04:54.092411Z","level":"info","event":"poliana","chan":"stdout","logger":"task"}
{"timestamp":"2025-07-29T20:04:54.093390Z","level":"info","event":"{'conn': <ConnectionAccessor (dynamic access)>,","chan":"stdout","logger":"task"}
{"timestamp":"2025-07-29T20:04:54.093655Z","level":"info","event":" 'dag': <DAG: python_operator_v1>,","chan":"stdout","logger":"task"}
{"timestamp":"2025-07-29T20:04:54.093937Z","level":"info","event":" 'dag_run': DagRun(dag_id='python_operator_v1', run_id='scheduled__2023-06-24T18:52:00+00:00', logical_date=datetime.datetime(2023, 6, 24, 18, 52, tzinfo=datetime.timezone.utc), data_interval_start=datetime.datetime(2023, 6, 24, 18, 52, tzinfo=datetime.timezone.utc), data_interval_end=datetime.datetime(2023, 6, 24, 18, 52, tzinfo=datetime.timezone.utc), run_after=datetime.datetime(2023, 6, 24, 18, 52, tzinfo=datetime.timezone.utc), start_date=datetime.datetime(2025, 7, 29, 20, 4, 52, 605657, tzinfo=datetime.timezone.utc), end_date=None, clear_number=0, run_type=<DagRunType.SCHEDULED: 'scheduled'>, conf={}, consumed_asset_events=[]),","chan":"stdout","logger":"task"}
{"timestamp":"2025-07-29T20:04:54.094244Z","level":"info","event":" 'data_interval_end': DateTime(2023, 6, 24, 18, 52, 0, tzinfo=Timezone('UTC')),","chan":"stdout","logger":"task"}
{"timestamp":"2025-07-29T20:04:54.094475Z","level":"info","event":" 'data_interval_start': DateTime(2023, 6, 24, 18, 52, 0, tzinfo=Timezone('UTC')),","chan":"stdout","logger":"task"}
{"timestamp":"2025-07-29T20:04:54.094627Z","level":"info","event":" 'ds': '2023-06-24',","chan":"stdout","logger":"task"}
{"timestamp":"2025-07-29T20:04:54.094728Z","level":"info","event":" 'ds_nodash': '20230624',","chan":"stdout","logger":"task"}
{"timestamp":"2025-07-29T20:04:54.094808Z","level":"info","event":" 'inlet_events': InletEventsAccessors(_inlets=[], _assets={}, _asset_aliases={}),","chan":"stdout","logger":"task"}
{"timestamp":"2025-07-29T20:04:54.094880Z","level":"info","event":" 'inlets': [],","chan":"stdout","logger":"task"}
{"timestamp":"2025-07-29T20:04:54.094972Z","level":"info","event":" 'logical_date': DateTime(2023, 6, 24, 18, 52, 0, tzinfo=Timezone('UTC')),","chan":"stdout","logger":"task"}
{"timestamp":"2025-07-29T20:04:54.095047Z","level":"info","event":" 'macros': <MacrosAccessor (dynamic access to macros)>,","chan":"stdout","logger":"task"}
{"timestamp":"2025-07-29T20:04:54.095115Z","level":"info","event":" 'map_index_template': None,","chan":"stdout","logger":"task"}
{"timestamp":"2025-07-29T20:04:54.095186Z","level":"info","event":" 'outlet_events': <airflow.sdk.execution_time.context.OutletEventAccessors object at 0x7fb66fe39910>,","chan":"stdout","logger":"task"}
{"timestamp":"2025-07-29T20:04:54.095250Z","level":"info","event":" 'outlets': [],","chan":"stdout","logger":"task"}
{"timestamp":"2025-07-29T20:04:54.095315Z","level":"info","event":" 'params': {},","chan":"stdout","logger":"task"}
{"timestamp":"2025-07-29T20:04:54.122218Z","level":"info","event":" 'prev_data_interval_end_success': <Proxy at 0x7fb66fc9ba10 with factory <function RuntimeTaskInstance.get_template_context.<locals>.<lambda> at 0x7fb66fcc5440>>,","chan":"stdout","logger":"task"}
{"timestamp":"2025-07-29T20:04:54.122486Z","level":"info","event":" 'prev_data_interval_start_success': <Proxy at 0x7fb66fc9b470 with factory <function RuntimeTaskInstance.get_template_context.<locals>.<lambda> at 0x7fb66fcc6b60>>,","chan":"stdout","logger":"task"}
{"timestamp":"2025-07-29T20:04:54.122607Z","level":"info","event":" 'prev_end_date_success': <Proxy at 0x7fb66fc9bd70 with factory <function RuntimeTaskInstance.get_template_context.<locals>.<lambda> at 0x7fb66fcc6c00>>,","chan":"stdout","logger":"task"}
{"timestamp":"2025-07-29T20:04:54.122678Z","level":"info","event":" 'prev_start_date_success': <Proxy at 0x7fb66fc9a2d0 with factory <function RuntimeTaskInstance.get_template_context.<locals>.<lambda> at 0x7fb66fcc5940>>,","chan":"stdout","logger":"task"}
{"timestamp":"2025-07-29T20:04:54.122755Z","level":"info","event":" 'run_id': 'scheduled__2023-06-24T18:52:00+00:00',","chan":"stdout","logger":"task"}
{"timestamp":"2025-07-29T20:04:54.122827Z","level":"info","event":" 'task': <Task(PythonOperator): python>,","chan":"stdout","logger":"task"}
{"timestamp":"2025-07-29T20:04:54.122901Z","level":"info","event":" 'task_instance': RuntimeTaskInstance(id=UUID('019857c9-b0ec-7038-b091-ce8a2fc14cdb'), task_id='python', dag_id='python_operator_v1', run_id='scheduled__2023-06-24T18:52:00+00:00', try_number=1, map_index=-1, hostname='bf6f1e7a6f11', context_carrier={}, task=<Task(PythonOperator): python>, bundle_instance=LocalDagBundle(name=dags-folder), max_tries=0, start_date=datetime.datetime(2025, 7, 29, 20, 4, 53, 165572, tzinfo=datetime.timezone.utc), end_date=None, state=<TaskInstanceState.RUNNING: 'running'>, is_mapped=False, rendered_map_index=None, log_url='http://localhost:8080/dags/python_operator_v1/runs/scheduled__2023-06-24T18%3A52%3A00%2B00%3A00/tasks/python?try_number=1'),","chan":"stdout","logger":"task"}
{"timestamp":"2025-07-29T20:04:54.122970Z","level":"info","event":" 'task_instance_key_str': 'python_operator_v1__python__20230624',","chan":"stdout","logger":"task"}
{"timestamp":"2025-07-29T20:04:54.123036Z","level":"info","event":" 'task_reschedule_count': 0,","chan":"stdout","logger":"task"}
{"timestamp":"2025-07-29T20:04:54.123116Z","level":"info","event":" 'templates_dict': None,","chan":"stdout","logger":"task"}
{"timestamp":"2025-07-29T20:04:54.123262Z","level":"info","event":" 'ti': RuntimeTaskInstance(id=UUID('019857c9-b0ec-7038-b091-ce8a2fc14cdb'), task_id='python', dag_id='python_operator_v1', run_id='scheduled__2023-06-24T18:52:00+00:00', try_number=1, map_index=-1, hostname='bf6f1e7a6f11', context_carrier={}, task=<Task(PythonOperator): python>, bundle_instance=LocalDagBundle(name=dags-folder), max_tries=0, start_date=datetime.datetime(2025, 7, 29, 20, 4, 53, 165572, tzinfo=datetime.timezone.utc), end_date=None, state=<TaskInstanceState.RUNNING: 'running'>, is_mapped=False, rendered_map_index=None, log_url='http://localhost:8080/dags/python_operator_v1/runs/scheduled__2023-06-24T18%3A52%3A00%2B00%3A00/tasks/python?try_number=1'),","chan":"stdout","logger":"task"}
{"timestamp":"2025-07-29T20:04:54.123339Z","level":"info","event":" 'triggering_asset_events': TriggeringAssetEventsAccessor(_events=defaultdict(<class 'list'>, {})),","chan":"stdout","logger":"task"}
{"timestamp":"2025-07-29T20:04:54.123615Z","level":"info","event":" 'ts': '2023-06-24T18:52:00+00:00',","chan":"stdout","logger":"task"}
{"timestamp":"2025-07-29T20:04:54.123708Z","level":"info","event":" 'ts_nodash': '20230624T185200',","chan":"stdout","logger":"task"}
{"timestamp":"2025-07-29T20:04:54.123911Z","level":"info","event":" 'ts_nodash_with_tz': '20230624T185200+0000',","chan":"stdout","logger":"task"}
{"timestamp":"2025-07-29T20:04:54.123982Z","level":"info","event":" 'var': {'json': <VariableAccessor (dynamic access)>,","chan":"stdout","logger":"task"}
{"timestamp":"2025-07-29T20:04:54.124130Z","level":"info","event":"         'value': <VariableAccessor (dynamic access)>}}","chan":"stdout","logger":"task"}
{"timestamp":"2025-07-29T20:04:54.121164","level":"info","event":"Done. Returned value was: 123","logger":"airflow.task.operators.airflow.providers.standard.operators.python.PythonOperator"}
{"timestamp":"2025-07-29T20:04:54.121587","level":"info","event":"Pushing xcom","ti":"RuntimeTaskInstance(id=UUID('019857c9-b0ec-7038-b091-ce8a2fc14cdb'), task_id='python', dag_id='python_operator_v1', run_id='scheduled__2023-06-24T18:52:00+00:00', try_number=1, map_index=-1, hostname='bf6f1e7a6f11', context_carrier={}, task=<Task(PythonOperator): python>, bundle_instance=LocalDagBundle(name=dags-folder), max_tries=0, start_date=datetime.datetime(2025, 7, 29, 20, 4, 53, 165572, tzinfo=datetime.timezone.utc), end_date=None, state=<TaskInstanceState.RUNNING: 'running'>, is_mapped=False, rendered_map_index=None, log_url='http://localhost:8080/dags/python_operator_v1/runs/scheduled__2023-06-24T18%3A52%3A00%2B00%3A00/tasks/python?try_number=1')","logger":"task"}
{"timestamp":"2025-07-29T20:04:54.193672Z","level":"info","event":"Task instance in success state","chan":"stdout","logger":"task"}
{"timestamp":"2025-07-29T20:04:54.194155Z","level":"info","event":" Previous state of the Task instance: TaskInstanceState.RUNNING","chan":"stdout","logger":"task"}
{"timestamp":"2025-07-29T20:04:54.194486Z","level":"info","event":"Task operator:<Task(PythonOperator): python>","chan":"stdout","logger":"task"}
