{"timestamp":"2025-07-29T19:47:58.171294","level":"info","event":"DAG bundles loaded: dags-folder, example_dags","logger":"airflow.dag_processing.bundles.manager.DagBundlesManager"}
{"timestamp":"2025-07-29T19:47:58.172151","level":"info","event":"Filling up the DagBag from /opt/airflow/dags/python_operator_v1.py","logger":"airflow.models.dagbag.DagBag"}
{"timestamp":"2025-07-29T19:47:58.208226Z","level":"info","event":"Task instance is in running state","chan":"stdout","logger":"task"}
{"timestamp":"2025-07-29T19:47:58.208423Z","level":"info","event":" Previous state of the Task instance: TaskInstanceState.QUEUED","chan":"stdout","logger":"task"}
{"timestamp":"2025-07-29T19:47:58.209220Z","level":"info","event":"Current task name:python","chan":"stdout","logger":"task"}
{"timestamp":"2025-07-29T19:47:58.209393Z","level":"info","event":"Dag name:python_operator_v1","chan":"stdout","logger":"task"}
{"timestamp":"2025-07-29T19:47:58.210743Z","level":"info","event":"poliana","chan":"stdout","logger":"task"}
{"timestamp":"2025-07-29T19:47:58.211572Z","level":"info","event":"{'conn': <ConnectionAccessor (dynamic access)>,","chan":"stdout","logger":"task"}
{"timestamp":"2025-07-29T19:47:58.211756Z","level":"info","event":" 'dag': <DAG: python_operator_v1>,","chan":"stdout","logger":"task"}
{"timestamp":"2025-07-29T19:47:58.211918Z","level":"info","event":" 'dag_run': DagRun(dag_id='python_operator_v1', run_id='scheduled__2023-06-24T02:01:00+00:00', logical_date=datetime.datetime(2023, 6, 24, 2, 1, tzinfo=datetime.timezone.utc), data_interval_start=datetime.datetime(2023, 6, 24, 2, 1, tzinfo=datetime.timezone.utc), data_interval_end=datetime.datetime(2023, 6, 24, 2, 1, tzinfo=datetime.timezone.utc), run_after=datetime.datetime(2023, 6, 24, 2, 1, tzinfo=datetime.timezone.utc), start_date=datetime.datetime(2025, 7, 29, 19, 47, 57, 110529, tzinfo=datetime.timezone.utc), end_date=None, clear_number=0, run_type=<DagRunType.SCHEDULED: 'scheduled'>, conf={}, consumed_asset_events=[]),","chan":"stdout","logger":"task"}
{"timestamp":"2025-07-29T19:47:58.212033Z","level":"info","event":" 'data_interval_end': DateTime(2023, 6, 24, 2, 1, 0, tzinfo=Timezone('UTC')),","chan":"stdout","logger":"task"}
{"timestamp":"2025-07-29T19:47:58.212120Z","level":"info","event":" 'data_interval_start': DateTime(2023, 6, 24, 2, 1, 0, tzinfo=Timezone('UTC')),","chan":"stdout","logger":"task"}
{"timestamp":"2025-07-29T19:47:58.212196Z","level":"info","event":" 'ds': '2023-06-24',","chan":"stdout","logger":"task"}
{"timestamp":"2025-07-29T19:47:58.212275Z","level":"info","event":" 'ds_nodash': '20230624',","chan":"stdout","logger":"task"}
{"timestamp":"2025-07-29T19:47:58.212351Z","level":"info","event":" 'inlet_events': InletEventsAccessors(_inlets=[], _assets={}, _asset_aliases={}),","chan":"stdout","logger":"task"}
{"timestamp":"2025-07-29T19:47:58.212452Z","level":"info","event":" 'inlets': [],","chan":"stdout","logger":"task"}
{"timestamp":"2025-07-29T19:47:58.212537Z","level":"info","event":" 'logical_date': DateTime(2023, 6, 24, 2, 1, 0, tzinfo=Timezone('UTC')),","chan":"stdout","logger":"task"}
{"timestamp":"2025-07-29T19:47:58.212615Z","level":"info","event":" 'macros': <MacrosAccessor (dynamic access to macros)>,","chan":"stdout","logger":"task"}
{"timestamp":"2025-07-29T19:47:58.212668Z","level":"info","event":" 'map_index_template': None,","chan":"stdout","logger":"task"}
{"timestamp":"2025-07-29T19:47:58.212712Z","level":"info","event":" 'outlet_events': <airflow.sdk.execution_time.context.OutletEventAccessors object at 0x7fb67ebdcce0>,","chan":"stdout","logger":"task"}
{"timestamp":"2025-07-29T19:47:58.212754Z","level":"info","event":" 'outlets': [],","chan":"stdout","logger":"task"}
{"timestamp":"2025-07-29T19:47:58.212812Z","level":"info","event":" 'params': {},","chan":"stdout","logger":"task"}
{"timestamp":"2025-07-29T19:47:58.225856Z","level":"info","event":" 'prev_data_interval_end_success': <Proxy at 0x7fb66fc6a840 with factory <function RuntimeTaskInstance.get_template_context.<locals>.<lambda> at 0x7fb66fca00e0>>,","chan":"stdout","logger":"task"}
{"timestamp":"2025-07-29T19:47:58.226167Z","level":"info","event":" 'prev_data_interval_start_success': <Proxy at 0x7fb66fc6a870 with factory <function RuntimeTaskInstance.get_template_context.<locals>.<lambda> at 0x7fb66fca1260>>,","chan":"stdout","logger":"task"}
{"timestamp":"2025-07-29T19:47:58.226279Z","level":"info","event":" 'prev_end_date_success': <Proxy at 0x7fb66fc69370 with factory <function RuntimeTaskInstance.get_template_context.<locals>.<lambda> at 0x7fb66fc7fa60>>,","chan":"stdout","logger":"task"}
{"timestamp":"2025-07-29T19:47:58.226359Z","level":"info","event":" 'prev_start_date_success': <Proxy at 0x7fb66fc6ac30 with factory <function RuntimeTaskInstance.get_template_context.<locals>.<lambda> at 0x7fb66fc7ff60>>,","chan":"stdout","logger":"task"}
{"timestamp":"2025-07-29T19:47:58.226429Z","level":"info","event":" 'run_id': 'scheduled__2023-06-24T02:01:00+00:00',","chan":"stdout","logger":"task"}
{"timestamp":"2025-07-29T19:47:58.226493Z","level":"info","event":" 'task': <Task(PythonOperator): python>,","chan":"stdout","logger":"task"}
{"timestamp":"2025-07-29T19:47:58.226563Z","level":"info","event":" 'task_instance': RuntimeTaskInstance(id=UUID('019857ba-322b-747a-8eed-d39c6841046b'), task_id='python', dag_id='python_operator_v1', run_id='scheduled__2023-06-24T02:01:00+00:00', try_number=1, map_index=-1, hostname='bf6f1e7a6f11', context_carrier={}, task=<Task(PythonOperator): python>, bundle_instance=LocalDagBundle(name=dags-folder), max_tries=0, start_date=datetime.datetime(2025, 7, 29, 19, 47, 57, 523859, tzinfo=datetime.timezone.utc), end_date=None, state=<TaskInstanceState.RUNNING: 'running'>, is_mapped=False, rendered_map_index=None, log_url='http://localhost:8080/dags/python_operator_v1/runs/scheduled__2023-06-24T02%3A01%3A00%2B00%3A00/tasks/python?try_number=1'),","chan":"stdout","logger":"task"}
{"timestamp":"2025-07-29T19:47:58.226629Z","level":"info","event":" 'task_instance_key_str': 'python_operator_v1__python__20230624',","chan":"stdout","logger":"task"}
{"timestamp":"2025-07-29T19:47:58.226693Z","level":"info","event":" 'task_reschedule_count': 0,","chan":"stdout","logger":"task"}
{"timestamp":"2025-07-29T19:47:58.226756Z","level":"info","event":" 'templates_dict': None,","chan":"stdout","logger":"task"}
{"timestamp":"2025-07-29T19:47:58.226888Z","level":"info","event":" 'ti': RuntimeTaskInstance(id=UUID('019857ba-322b-747a-8eed-d39c6841046b'), task_id='python', dag_id='python_operator_v1', run_id='scheduled__2023-06-24T02:01:00+00:00', try_number=1, map_index=-1, hostname='bf6f1e7a6f11', context_carrier={}, task=<Task(PythonOperator): python>, bundle_instance=LocalDagBundle(name=dags-folder), max_tries=0, start_date=datetime.datetime(2025, 7, 29, 19, 47, 57, 523859, tzinfo=datetime.timezone.utc), end_date=None, state=<TaskInstanceState.RUNNING: 'running'>, is_mapped=False, rendered_map_index=None, log_url='http://localhost:8080/dags/python_operator_v1/runs/scheduled__2023-06-24T02%3A01%3A00%2B00%3A00/tasks/python?try_number=1'),","chan":"stdout","logger":"task"}
{"timestamp":"2025-07-29T19:47:58.226970Z","level":"info","event":" 'triggering_asset_events': TriggeringAssetEventsAccessor(_events=defaultdict(<class 'list'>, {})),","chan":"stdout","logger":"task"}
{"timestamp":"2025-07-29T19:47:58.227079Z","level":"info","event":" 'ts': '2023-06-24T02:01:00+00:00',","chan":"stdout","logger":"task"}
{"timestamp":"2025-07-29T19:47:58.227154Z","level":"info","event":" 'ts_nodash': '20230624T020100',","chan":"stdout","logger":"task"}
{"timestamp":"2025-07-29T19:47:58.227225Z","level":"info","event":" 'ts_nodash_with_tz': '20230624T020100+0000',","chan":"stdout","logger":"task"}
{"timestamp":"2025-07-29T19:47:58.227292Z","level":"info","event":" 'var': {'json': <VariableAccessor (dynamic access)>,","chan":"stdout","logger":"task"}
{"timestamp":"2025-07-29T19:47:58.227360Z","level":"info","event":"         'value': <VariableAccessor (dynamic access)>}}","chan":"stdout","logger":"task"}
{"timestamp":"2025-07-29T19:47:58.227087","level":"info","event":"Done. Returned value was: 123","logger":"airflow.task.operators.airflow.providers.standard.operators.python.PythonOperator"}
{"timestamp":"2025-07-29T19:47:58.227421","level":"info","event":"Pushing xcom","ti":"RuntimeTaskInstance(id=UUID('019857ba-322b-747a-8eed-d39c6841046b'), task_id='python', dag_id='python_operator_v1', run_id='scheduled__2023-06-24T02:01:00+00:00', try_number=1, map_index=-1, hostname='bf6f1e7a6f11', context_carrier={}, task=<Task(PythonOperator): python>, bundle_instance=LocalDagBundle(name=dags-folder), max_tries=0, start_date=datetime.datetime(2025, 7, 29, 19, 47, 57, 523859, tzinfo=datetime.timezone.utc), end_date=None, state=<TaskInstanceState.RUNNING: 'running'>, is_mapped=False, rendered_map_index=None, log_url='http://localhost:8080/dags/python_operator_v1/runs/scheduled__2023-06-24T02%3A01%3A00%2B00%3A00/tasks/python?try_number=1')","logger":"task"}
{"timestamp":"2025-07-29T19:47:58.256173Z","level":"info","event":"Task instance in success state","chan":"stdout","logger":"task"}
{"timestamp":"2025-07-29T19:47:58.256362Z","level":"info","event":" Previous state of the Task instance: TaskInstanceState.RUNNING","chan":"stdout","logger":"task"}
{"timestamp":"2025-07-29T19:47:58.256503Z","level":"info","event":"Task operator:<Task(PythonOperator): python>","chan":"stdout","logger":"task"}
