{"timestamp":"2025-07-29T19:59:11.881505","level":"info","event":"DAG bundles loaded: dags-folder, example_dags","logger":"airflow.dag_processing.bundles.manager.DagBundlesManager"}
{"timestamp":"2025-07-29T19:59:11.882166","level":"info","event":"Filling up the DagBag from /opt/airflow/dags/3_dag_principal.py","logger":"airflow.models.dagbag.DagBag"}
{"timestamp":"2025-07-29T19:59:11.932132Z","level":"info","event":"Task instance is in running state","chan":"stdout","logger":"task"}
{"timestamp":"2025-07-29T19:59:11.932471Z","level":"info","event":" Previous state of the Task instance: TaskInstanceState.QUEUED","chan":"stdout","logger":"task"}
{"timestamp":"2025-07-29T19:59:11.934094Z","level":"info","event":"Current task name:python_principal","chan":"stdout","logger":"task"}
{"timestamp":"2025-07-29T19:59:11.934412Z","level":"info","event":"Dag name:3_DAG_principal","chan":"stdout","logger":"task"}
{"timestamp":"2025-07-29T19:59:11.936053Z","level":"info","event":"DAG principal","chan":"stdout","logger":"task"}
{"timestamp":"2025-07-29T19:59:11.936948Z","level":"info","event":"{'conn': <ConnectionAccessor (dynamic access)>,","chan":"stdout","logger":"task"}
{"timestamp":"2025-07-29T19:59:11.937155Z","level":"info","event":" 'dag': <DAG: 3_DAG_principal>,","chan":"stdout","logger":"task"}
{"timestamp":"2025-07-29T19:59:11.937369Z","level":"info","event":" 'dag_run': DagRun(dag_id='3_DAG_principal', run_id='scheduled__2023-07-28T20:00:00+00:00', logical_date=datetime.datetime(2023, 7, 28, 20, 0, tzinfo=datetime.timezone.utc), data_interval_start=datetime.datetime(2023, 7, 28, 20, 0, tzinfo=datetime.timezone.utc), data_interval_end=datetime.datetime(2023, 7, 28, 20, 0, tzinfo=datetime.timezone.utc), run_after=datetime.datetime(2023, 7, 28, 20, 0, tzinfo=datetime.timezone.utc), start_date=datetime.datetime(2025, 7, 29, 19, 59, 10, 680435, tzinfo=datetime.timezone.utc), end_date=None, clear_number=0, run_type=<DagRunType.SCHEDULED: 'scheduled'>, conf={}, consumed_asset_events=[]),","chan":"stdout","logger":"task"}
{"timestamp":"2025-07-29T19:59:11.937472Z","level":"info","event":" 'data_interval_end': DateTime(2023, 7, 28, 20, 0, 0, tzinfo=Timezone('UTC')),","chan":"stdout","logger":"task"}
{"timestamp":"2025-07-29T19:59:11.937534Z","level":"info","event":" 'data_interval_start': DateTime(2023, 7, 28, 20, 0, 0, tzinfo=Timezone('UTC')),","chan":"stdout","logger":"task"}
{"timestamp":"2025-07-29T19:59:11.937587Z","level":"info","event":" 'ds': '2023-07-28',","chan":"stdout","logger":"task"}
{"timestamp":"2025-07-29T19:59:11.937685Z","level":"info","event":" 'ds_nodash': '20230728',","chan":"stdout","logger":"task"}
{"timestamp":"2025-07-29T19:59:11.937735Z","level":"info","event":" 'inlet_events': InletEventsAccessors(_inlets=[], _assets={}, _asset_aliases={}),","chan":"stdout","logger":"task"}
{"timestamp":"2025-07-29T19:59:11.937778Z","level":"info","event":" 'inlets': [],","chan":"stdout","logger":"task"}
{"timestamp":"2025-07-29T19:59:11.937820Z","level":"info","event":" 'logical_date': DateTime(2023, 7, 28, 20, 0, 0, tzinfo=Timezone('UTC')),","chan":"stdout","logger":"task"}
{"timestamp":"2025-07-29T19:59:11.937862Z","level":"info","event":" 'macros': <MacrosAccessor (dynamic access to macros)>,","chan":"stdout","logger":"task"}
{"timestamp":"2025-07-29T19:59:11.937903Z","level":"info","event":" 'map_index_template': None,","chan":"stdout","logger":"task"}
{"timestamp":"2025-07-29T19:59:11.937944Z","level":"info","event":" 'outlet_events': <airflow.sdk.execution_time.context.OutletEventAccessors object at 0x7fb67bab7a70>,","chan":"stdout","logger":"task"}
{"timestamp":"2025-07-29T19:59:11.937985Z","level":"info","event":" 'outlets': [],","chan":"stdout","logger":"task"}
{"timestamp":"2025-07-29T19:59:11.938026Z","level":"info","event":" 'params': {},","chan":"stdout","logger":"task"}
{"timestamp":"2025-07-29T19:59:11.950446Z","level":"info","event":" 'prev_data_interval_end_success': <Proxy at 0x7fb66fdd6960 with factory <function RuntimeTaskInstance.get_template_context.<locals>.<lambda> at 0x7fb66fc01120>>,","chan":"stdout","logger":"task"}
{"timestamp":"2025-07-29T19:59:11.950798Z","level":"info","event":" 'prev_data_interval_start_success': <Proxy at 0x7fb66fdd6ab0 with factory <function RuntimeTaskInstance.get_template_context.<locals>.<lambda> at 0x7fb66fc011c0>>,","chan":"stdout","logger":"task"}
{"timestamp":"2025-07-29T19:59:11.951309Z","level":"info","event":" 'prev_end_date_success': <Proxy at 0x7fb66fdd6810 with factory <function RuntimeTaskInstance.get_template_context.<locals>.<lambda> at 0x7fb66fdeb920>>,","chan":"stdout","logger":"task"}
{"timestamp":"2025-07-29T19:59:11.951478Z","level":"info","event":" 'prev_start_date_success': <Proxy at 0x7fb66fea6990 with factory <function RuntimeTaskInstance.get_template_context.<locals>.<lambda> at 0x7fb66fdebec0>>,","chan":"stdout","logger":"task"}
{"timestamp":"2025-07-29T19:59:11.951593Z","level":"info","event":" 'run_id': 'scheduled__2023-07-28T20:00:00+00:00',","chan":"stdout","logger":"task"}
{"timestamp":"2025-07-29T19:59:11.951674Z","level":"info","event":" 'task': <Task(PythonOperator): python_principal>,","chan":"stdout","logger":"task"}
{"timestamp":"2025-07-29T19:59:11.951748Z","level":"info","event":" 'task_instance': RuntimeTaskInstance(id=UUID('019857c4-794e-7768-9b15-7ed886737006'), task_id='python_principal', dag_id='3_DAG_principal', run_id='scheduled__2023-07-28T20:00:00+00:00', try_number=1, map_index=-1, hostname='bf6f1e7a6f11', context_carrier={}, task=<Task(PythonOperator): python_principal>, bundle_instance=LocalDagBundle(name=dags-folder), max_tries=0, start_date=datetime.datetime(2025, 7, 29, 19, 59, 11, 263633, tzinfo=datetime.timezone.utc), end_date=None, state=<TaskInstanceState.RUNNING: 'running'>, is_mapped=False, rendered_map_index=None, log_url='http://localhost:8080/dags/3_DAG_principal/runs/scheduled__2023-07-28T20%3A00%3A00%2B00%3A00/tasks/python_principal?try_number=1'),","chan":"stdout","logger":"task"}
{"timestamp":"2025-07-29T19:59:11.951820Z","level":"info","event":" 'task_instance_key_str': '3_DAG_principal__python_principal__20230728',","chan":"stdout","logger":"task"}
{"timestamp":"2025-07-29T19:59:11.951889Z","level":"info","event":" 'task_reschedule_count': 0,","chan":"stdout","logger":"task"}
{"timestamp":"2025-07-29T19:59:11.951955Z","level":"info","event":" 'templates_dict': None,","chan":"stdout","logger":"task"}
{"timestamp":"2025-07-29T19:59:11.952055Z","level":"info","event":" 'ti': RuntimeTaskInstance(id=UUID('019857c4-794e-7768-9b15-7ed886737006'), task_id='python_principal', dag_id='3_DAG_principal', run_id='scheduled__2023-07-28T20:00:00+00:00', try_number=1, map_index=-1, hostname='bf6f1e7a6f11', context_carrier={}, task=<Task(PythonOperator): python_principal>, bundle_instance=LocalDagBundle(name=dags-folder), max_tries=0, start_date=datetime.datetime(2025, 7, 29, 19, 59, 11, 263633, tzinfo=datetime.timezone.utc), end_date=None, state=<TaskInstanceState.RUNNING: 'running'>, is_mapped=False, rendered_map_index=None, log_url='http://localhost:8080/dags/3_DAG_principal/runs/scheduled__2023-07-28T20%3A00%3A00%2B00%3A00/tasks/python_principal?try_number=1'),","chan":"stdout","logger":"task"}
{"timestamp":"2025-07-29T19:59:11.952124Z","level":"info","event":" 'triggering_asset_events': TriggeringAssetEventsAccessor(_events=defaultdict(<class 'list'>, {})),","chan":"stdout","logger":"task"}
{"timestamp":"2025-07-29T19:59:11.952188Z","level":"info","event":" 'ts': '2023-07-28T20:00:00+00:00',","chan":"stdout","logger":"task"}
{"timestamp":"2025-07-29T19:59:11.952251Z","level":"info","event":" 'ts_nodash': '20230728T200000',","chan":"stdout","logger":"task"}
{"timestamp":"2025-07-29T19:59:11.952312Z","level":"info","event":" 'ts_nodash_with_tz': '20230728T200000+0000',","chan":"stdout","logger":"task"}
{"timestamp":"2025-07-29T19:59:11.952471Z","level":"info","event":" 'var': {'json': <VariableAccessor (dynamic access)>,","chan":"stdout","logger":"task"}
{"timestamp":"2025-07-29T19:59:11.952632Z","level":"info","event":"         'value': <VariableAccessor (dynamic access)>}}","chan":"stdout","logger":"task"}
{"timestamp":"2025-07-29T19:59:11.951283","level":"info","event":"Done. Returned value was: principal","logger":"airflow.task.operators.airflow.providers.standard.operators.python.PythonOperator"}
{"timestamp":"2025-07-29T19:59:11.951613","level":"info","event":"Pushing xcom","ti":"RuntimeTaskInstance(id=UUID('019857c4-794e-7768-9b15-7ed886737006'), task_id='python_principal', dag_id='3_DAG_principal', run_id='scheduled__2023-07-28T20:00:00+00:00', try_number=1, map_index=-1, hostname='bf6f1e7a6f11', context_carrier={}, task=<Task(PythonOperator): python_principal>, bundle_instance=LocalDagBundle(name=dags-folder), max_tries=0, start_date=datetime.datetime(2025, 7, 29, 19, 59, 11, 263633, tzinfo=datetime.timezone.utc), end_date=None, state=<TaskInstanceState.RUNNING: 'running'>, is_mapped=False, rendered_map_index=None, log_url='http://localhost:8080/dags/3_DAG_principal/runs/scheduled__2023-07-28T20%3A00%3A00%2B00%3A00/tasks/python_principal?try_number=1')","logger":"task"}
{"timestamp":"2025-07-29T19:59:11.980936Z","level":"info","event":"Task instance in success state","chan":"stdout","logger":"task"}
{"timestamp":"2025-07-29T19:59:11.981101Z","level":"info","event":" Previous state of the Task instance: TaskInstanceState.RUNNING","chan":"stdout","logger":"task"}
{"timestamp":"2025-07-29T19:59:11.981265Z","level":"info","event":"Task operator:<Task(PythonOperator): python_principal>","chan":"stdout","logger":"task"}
