{"timestamp":"2025-07-29T20:10:39.694929","level":"info","event":"DAG bundles loaded: dags-folder, example_dags","logger":"airflow.dag_processing.bundles.manager.DagBundlesManager"}
{"timestamp":"2025-07-29T20:10:39.695845","level":"info","event":"Filling up the DagBag from /opt/airflow/dags/2_python_operator_v1.py","logger":"airflow.models.dagbag.DagBag"}
{"timestamp":"2025-07-29T20:10:39.743730Z","level":"info","event":"Task instance is in running state","chan":"stdout","logger":"task"}
{"timestamp":"2025-07-29T20:10:39.743946Z","level":"info","event":" Previous state of the Task instance: TaskInstanceState.QUEUED","chan":"stdout","logger":"task"}
{"timestamp":"2025-07-29T20:10:39.745487Z","level":"info","event":"Current task name:python","chan":"stdout","logger":"task"}
{"timestamp":"2025-07-29T20:10:39.745792Z","level":"info","event":"Dag name:python_operator_v1","chan":"stdout","logger":"task"}
{"timestamp":"2025-07-29T20:10:39.747988Z","level":"info","event":"poliana","chan":"stdout","logger":"task"}
{"timestamp":"2025-07-29T20:10:39.749251Z","level":"info","event":"{'conn': <ConnectionAccessor (dynamic access)>,","chan":"stdout","logger":"task"}
{"timestamp":"2025-07-29T20:10:39.749426Z","level":"info","event":" 'dag': <DAG: python_operator_v1>,","chan":"stdout","logger":"task"}
{"timestamp":"2025-07-29T20:10:39.749627Z","level":"info","event":" 'dag_run': DagRun(dag_id='python_operator_v1', run_id='scheduled__2023-06-24T23:52:00+00:00', logical_date=datetime.datetime(2023, 6, 24, 23, 52, tzinfo=datetime.timezone.utc), data_interval_start=datetime.datetime(2023, 6, 24, 23, 52, tzinfo=datetime.timezone.utc), data_interval_end=datetime.datetime(2023, 6, 24, 23, 52, tzinfo=datetime.timezone.utc), run_after=datetime.datetime(2023, 6, 24, 23, 52, tzinfo=datetime.timezone.utc), start_date=datetime.datetime(2025, 7, 29, 20, 10, 37, 862530, tzinfo=datetime.timezone.utc), end_date=None, clear_number=0, run_type=<DagRunType.SCHEDULED: 'scheduled'>, conf={}, consumed_asset_events=[]),","chan":"stdout","logger":"task"}
{"timestamp":"2025-07-29T20:10:39.749751Z","level":"info","event":" 'data_interval_end': DateTime(2023, 6, 24, 23, 52, 0, tzinfo=Timezone('UTC')),","chan":"stdout","logger":"task"}
{"timestamp":"2025-07-29T20:10:39.749837Z","level":"info","event":" 'data_interval_start': DateTime(2023, 6, 24, 23, 52, 0, tzinfo=Timezone('UTC')),","chan":"stdout","logger":"task"}
{"timestamp":"2025-07-29T20:10:39.749915Z","level":"info","event":" 'ds': '2023-06-24',","chan":"stdout","logger":"task"}
{"timestamp":"2025-07-29T20:10:39.749990Z","level":"info","event":" 'ds_nodash': '20230624',","chan":"stdout","logger":"task"}
{"timestamp":"2025-07-29T20:10:39.750065Z","level":"info","event":" 'inlet_events': InletEventsAccessors(_inlets=[], _assets={}, _asset_aliases={}),","chan":"stdout","logger":"task"}
{"timestamp":"2025-07-29T20:10:39.750137Z","level":"info","event":" 'inlets': [],","chan":"stdout","logger":"task"}
{"timestamp":"2025-07-29T20:10:39.750212Z","level":"info","event":" 'logical_date': DateTime(2023, 6, 24, 23, 52, 0, tzinfo=Timezone('UTC')),","chan":"stdout","logger":"task"}
{"timestamp":"2025-07-29T20:10:39.750288Z","level":"info","event":" 'macros': <MacrosAccessor (dynamic access to macros)>,","chan":"stdout","logger":"task"}
{"timestamp":"2025-07-29T20:10:39.750362Z","level":"info","event":" 'map_index_template': None,","chan":"stdout","logger":"task"}
{"timestamp":"2025-07-29T20:10:39.750435Z","level":"info","event":" 'outlet_events': <airflow.sdk.execution_time.context.OutletEventAccessors object at 0x7fb67eb92fc0>,","chan":"stdout","logger":"task"}
{"timestamp":"2025-07-29T20:10:39.750537Z","level":"info","event":" 'outlets': [],","chan":"stdout","logger":"task"}
{"timestamp":"2025-07-29T20:10:39.750614Z","level":"info","event":" 'params': {},","chan":"stdout","logger":"task"}
{"timestamp":"2025-07-29T20:10:39.764852Z","level":"info","event":" 'prev_data_interval_end_success': <Proxy at 0x7fb66fc6b560 with factory <function RuntimeTaskInstance.get_template_context.<locals>.<lambda> at 0x7fb66fc859e0>>,","chan":"stdout","logger":"task"}
{"timestamp":"2025-07-29T20:10:39.765144Z","level":"info","event":" 'prev_data_interval_start_success': <Proxy at 0x7fb66fc6b530 with factory <function RuntimeTaskInstance.get_template_context.<locals>.<lambda> at 0x7fb66fc87100>>,","chan":"stdout","logger":"task"}
{"timestamp":"2025-07-29T20:10:39.765282Z","level":"info","event":" 'prev_end_date_success': <Proxy at 0x7fb66fc6ba10 with factory <function RuntimeTaskInstance.get_template_context.<locals>.<lambda> at 0x7fb66fc871a0>>,","chan":"stdout","logger":"task"}
{"timestamp":"2025-07-29T20:10:39.765377Z","level":"info","event":" 'prev_start_date_success': <Proxy at 0x7fb67ea76990 with factory <function RuntimeTaskInstance.get_template_context.<locals>.<lambda> at 0x7fb66fc85ee0>>,","chan":"stdout","logger":"task"}
{"timestamp":"2025-07-29T20:10:39.765460Z","level":"info","event":" 'run_id': 'scheduled__2023-06-24T23:52:00+00:00',","chan":"stdout","logger":"task"}
{"timestamp":"2025-07-29T20:10:39.765539Z","level":"info","event":" 'task': <Task(PythonOperator): python>,","chan":"stdout","logger":"task"}
{"timestamp":"2025-07-29T20:10:39.765620Z","level":"info","event":" 'task_instance': RuntimeTaskInstance(id=UUID('019857ce-f599-79a5-b5b7-f4f1091ad336'), task_id='python', dag_id='python_operator_v1', run_id='scheduled__2023-06-24T23:52:00+00:00', try_number=1, map_index=-1, hostname='bf6f1e7a6f11', context_carrier={}, task=<Task(PythonOperator): python>, bundle_instance=LocalDagBundle(name=dags-folder), max_tries=0, start_date=datetime.datetime(2025, 7, 29, 20, 10, 39, 28524, tzinfo=datetime.timezone.utc), end_date=None, state=<TaskInstanceState.RUNNING: 'running'>, is_mapped=False, rendered_map_index=None, log_url='http://localhost:8080/dags/python_operator_v1/runs/scheduled__2023-06-24T23%3A52%3A00%2B00%3A00/tasks/python?try_number=1'),","chan":"stdout","logger":"task"}
{"timestamp":"2025-07-29T20:10:39.765702Z","level":"info","event":" 'task_instance_key_str': 'python_operator_v1__python__20230624',","chan":"stdout","logger":"task"}
{"timestamp":"2025-07-29T20:10:39.765775Z","level":"info","event":" 'task_reschedule_count': 0,","chan":"stdout","logger":"task"}
{"timestamp":"2025-07-29T20:10:39.765867Z","level":"info","event":" 'templates_dict': None,","chan":"stdout","logger":"task"}
{"timestamp":"2025-07-29T20:10:39.765944Z","level":"info","event":" 'ti': RuntimeTaskInstance(id=UUID('019857ce-f599-79a5-b5b7-f4f1091ad336'), task_id='python', dag_id='python_operator_v1', run_id='scheduled__2023-06-24T23:52:00+00:00', try_number=1, map_index=-1, hostname='bf6f1e7a6f11', context_carrier={}, task=<Task(PythonOperator): python>, bundle_instance=LocalDagBundle(name=dags-folder), max_tries=0, start_date=datetime.datetime(2025, 7, 29, 20, 10, 39, 28524, tzinfo=datetime.timezone.utc), end_date=None, state=<TaskInstanceState.RUNNING: 'running'>, is_mapped=False, rendered_map_index=None, log_url='http://localhost:8080/dags/python_operator_v1/runs/scheduled__2023-06-24T23%3A52%3A00%2B00%3A00/tasks/python?try_number=1'),","chan":"stdout","logger":"task"}
{"timestamp":"2025-07-29T20:10:39.766077Z","level":"info","event":" 'triggering_asset_events': TriggeringAssetEventsAccessor(_events=defaultdict(<class 'list'>, {})),","chan":"stdout","logger":"task"}
{"timestamp":"2025-07-29T20:10:39.766159Z","level":"info","event":" 'ts': '2023-06-24T23:52:00+00:00',","chan":"stdout","logger":"task"}
{"timestamp":"2025-07-29T20:10:39.766232Z","level":"info","event":" 'ts_nodash': '20230624T235200',","chan":"stdout","logger":"task"}
{"timestamp":"2025-07-29T20:10:39.766301Z","level":"info","event":" 'ts_nodash_with_tz': '20230624T235200+0000',","chan":"stdout","logger":"task"}
{"timestamp":"2025-07-29T20:10:39.766373Z","level":"info","event":" 'var': {'json': <VariableAccessor (dynamic access)>,","chan":"stdout","logger":"task"}
{"timestamp":"2025-07-29T20:10:39.766469Z","level":"info","event":"         'value': <VariableAccessor (dynamic access)>}}","chan":"stdout","logger":"task"}
{"timestamp":"2025-07-29T20:10:39.765898","level":"info","event":"Done. Returned value was: 123","logger":"airflow.task.operators.airflow.providers.standard.operators.python.PythonOperator"}
{"timestamp":"2025-07-29T20:10:39.766168","level":"info","event":"Pushing xcom","ti":"RuntimeTaskInstance(id=UUID('019857ce-f599-79a5-b5b7-f4f1091ad336'), task_id='python', dag_id='python_operator_v1', run_id='scheduled__2023-06-24T23:52:00+00:00', try_number=1, map_index=-1, hostname='bf6f1e7a6f11', context_carrier={}, task=<Task(PythonOperator): python>, bundle_instance=LocalDagBundle(name=dags-folder), max_tries=0, start_date=datetime.datetime(2025, 7, 29, 20, 10, 39, 28524, tzinfo=datetime.timezone.utc), end_date=None, state=<TaskInstanceState.RUNNING: 'running'>, is_mapped=False, rendered_map_index=None, log_url='http://localhost:8080/dags/python_operator_v1/runs/scheduled__2023-06-24T23%3A52%3A00%2B00%3A00/tasks/python?try_number=1')","logger":"task"}
{"timestamp":"2025-07-29T20:10:39.810585Z","level":"info","event":"Task instance in success state","chan":"stdout","logger":"task"}
{"timestamp":"2025-07-29T20:10:39.810833Z","level":"info","event":" Previous state of the Task instance: TaskInstanceState.RUNNING","chan":"stdout","logger":"task"}
{"timestamp":"2025-07-29T20:10:39.811004Z","level":"info","event":"Task operator:<Task(PythonOperator): python>","chan":"stdout","logger":"task"}
