{"timestamp":"2025-07-29T19:38:32.088823","level":"info","event":"DAG bundles loaded: dags-folder, example_dags","logger":"airflow.dag_processing.bundles.manager.DagBundlesManager"}
{"timestamp":"2025-07-29T19:38:32.089553","level":"info","event":"Filling up the DagBag from /opt/airflow/dags/python_operator_v1.py","logger":"airflow.models.dagbag.DagBag"}
{"timestamp":"2025-07-29T19:38:32.128989Z","level":"info","event":"Task instance is in running state","chan":"stdout","logger":"task"}
{"timestamp":"2025-07-29T19:38:32.129175Z","level":"info","event":" Previous state of the Task instance: TaskInstanceState.QUEUED","chan":"stdout","logger":"task"}
{"timestamp":"2025-07-29T19:38:32.129623Z","level":"info","event":"Current task name:python","chan":"stdout","logger":"task"}
{"timestamp":"2025-07-29T19:38:32.129757Z","level":"info","event":"Dag name:python_operator_v1","chan":"stdout","logger":"task"}
{"timestamp":"2025-07-29T19:38:32.130958Z","level":"info","event":"poliana","chan":"stdout","logger":"task"}
{"timestamp":"2025-07-29T19:38:32.131614Z","level":"info","event":"{'conn': <ConnectionAccessor (dynamic access)>,","chan":"stdout","logger":"task"}
{"timestamp":"2025-07-29T19:38:32.131732Z","level":"info","event":" 'dag': <DAG: python_operator_v1>,","chan":"stdout","logger":"task"}
{"timestamp":"2025-07-29T19:38:32.131873Z","level":"info","event":" 'dag_run': DagRun(dag_id='python_operator_v1', run_id='scheduled__2023-06-23T15:40:00+00:00', logical_date=datetime.datetime(2023, 6, 23, 15, 40, tzinfo=datetime.timezone.utc), data_interval_start=datetime.datetime(2023, 6, 23, 15, 40, tzinfo=datetime.timezone.utc), data_interval_end=datetime.datetime(2023, 6, 23, 15, 40, tzinfo=datetime.timezone.utc), run_after=datetime.datetime(2023, 6, 23, 15, 40, tzinfo=datetime.timezone.utc), start_date=datetime.datetime(2025, 7, 29, 19, 38, 31, 220897, tzinfo=datetime.timezone.utc), end_date=None, clear_number=0, run_type=<DagRunType.SCHEDULED: 'scheduled'>, conf={}, consumed_asset_events=[]),","chan":"stdout","logger":"task"}
{"timestamp":"2025-07-29T19:38:32.131991Z","level":"info","event":" 'data_interval_end': DateTime(2023, 6, 23, 15, 40, 0, tzinfo=Timezone('UTC')),","chan":"stdout","logger":"task"}
{"timestamp":"2025-07-29T19:38:32.132077Z","level":"info","event":" 'data_interval_start': DateTime(2023, 6, 23, 15, 40, 0, tzinfo=Timezone('UTC')),","chan":"stdout","logger":"task"}
{"timestamp":"2025-07-29T19:38:32.132157Z","level":"info","event":" 'ds': '2023-06-23',","chan":"stdout","logger":"task"}
{"timestamp":"2025-07-29T19:38:32.132235Z","level":"info","event":" 'ds_nodash': '20230623',","chan":"stdout","logger":"task"}
{"timestamp":"2025-07-29T19:38:32.132307Z","level":"info","event":" 'inlet_events': InletEventsAccessors(_inlets=[], _assets={}, _asset_aliases={}),","chan":"stdout","logger":"task"}
{"timestamp":"2025-07-29T19:38:32.132373Z","level":"info","event":" 'inlets': [],","chan":"stdout","logger":"task"}
{"timestamp":"2025-07-29T19:38:32.132442Z","level":"info","event":" 'logical_date': DateTime(2023, 6, 23, 15, 40, 0, tzinfo=Timezone('UTC')),","chan":"stdout","logger":"task"}
{"timestamp":"2025-07-29T19:38:32.132506Z","level":"info","event":" 'macros': <MacrosAccessor (dynamic access to macros)>,","chan":"stdout","logger":"task"}
{"timestamp":"2025-07-29T19:38:32.132575Z","level":"info","event":" 'map_index_template': None,","chan":"stdout","logger":"task"}
{"timestamp":"2025-07-29T19:38:32.132638Z","level":"info","event":" 'outlet_events': <airflow.sdk.execution_time.context.OutletEventAccessors object at 0x7fb66fc37a70>,","chan":"stdout","logger":"task"}
{"timestamp":"2025-07-29T19:38:32.132701Z","level":"info","event":" 'outlets': [],","chan":"stdout","logger":"task"}
{"timestamp":"2025-07-29T19:38:32.132767Z","level":"info","event":" 'params': {},","chan":"stdout","logger":"task"}
{"timestamp":"2025-07-29T19:38:32.144920Z","level":"info","event":" 'prev_data_interval_end_success': <Proxy at 0x7fb66fc9a570 with factory <function RuntimeTaskInstance.get_template_context.<locals>.<lambda> at 0x7fb66fcacea0>>,","chan":"stdout","logger":"task"}
{"timestamp":"2025-07-29T19:38:32.145201Z","level":"info","event":" 'prev_data_interval_start_success': <Proxy at 0x7fb66fc9a450 with factory <function RuntimeTaskInstance.get_template_context.<locals>.<lambda> at 0x7fb66fcae5c0>>,","chan":"stdout","logger":"task"}
{"timestamp":"2025-07-29T19:38:32.145299Z","level":"info","event":" 'prev_end_date_success': <Proxy at 0x7fb66fc37410 with factory <function RuntimeTaskInstance.get_template_context.<locals>.<lambda> at 0x7fb66fcae660>>,","chan":"stdout","logger":"task"}
{"timestamp":"2025-07-29T19:38:32.145376Z","level":"info","event":" 'prev_start_date_success': <Proxy at 0x7fb66fc9a480 with factory <function RuntimeTaskInstance.get_template_context.<locals>.<lambda> at 0x7fb66fcad3a0>>,","chan":"stdout","logger":"task"}
{"timestamp":"2025-07-29T19:38:32.145441Z","level":"info","event":" 'run_id': 'scheduled__2023-06-23T15:40:00+00:00',","chan":"stdout","logger":"task"}
{"timestamp":"2025-07-29T19:38:32.145504Z","level":"info","event":" 'task': <Task(PythonOperator): python>,","chan":"stdout","logger":"task"}
{"timestamp":"2025-07-29T19:38:32.145571Z","level":"info","event":" 'task_instance': RuntimeTaskInstance(id=UUID('019857b1-8fb0-766c-b61b-e6180ec372ae'), task_id='python', dag_id='python_operator_v1', run_id='scheduled__2023-06-23T15:40:00+00:00', try_number=1, map_index=-1, hostname='bf6f1e7a6f11', context_carrier={}, task=<Task(PythonOperator): python>, bundle_instance=LocalDagBundle(name=dags-folder), max_tries=0, start_date=datetime.datetime(2025, 7, 29, 19, 38, 31, 407887, tzinfo=datetime.timezone.utc), end_date=None, state=<TaskInstanceState.RUNNING: 'running'>, is_mapped=False, rendered_map_index=None, log_url='http://localhost:8080/dags/python_operator_v1/runs/scheduled__2023-06-23T15%3A40%3A00%2B00%3A00/tasks/python?try_number=1'),","chan":"stdout","logger":"task"}
{"timestamp":"2025-07-29T19:38:32.145679Z","level":"info","event":" 'task_instance_key_str': 'python_operator_v1__python__20230623',","chan":"stdout","logger":"task"}
{"timestamp":"2025-07-29T19:38:32.145784Z","level":"info","event":" 'task_reschedule_count': 0,","chan":"stdout","logger":"task"}
{"timestamp":"2025-07-29T19:38:32.145913Z","level":"info","event":" 'templates_dict': None,","chan":"stdout","logger":"task"}
{"timestamp":"2025-07-29T19:38:32.146060Z","level":"info","event":" 'ti': RuntimeTaskInstance(id=UUID('019857b1-8fb0-766c-b61b-e6180ec372ae'), task_id='python', dag_id='python_operator_v1', run_id='scheduled__2023-06-23T15:40:00+00:00', try_number=1, map_index=-1, hostname='bf6f1e7a6f11', context_carrier={}, task=<Task(PythonOperator): python>, bundle_instance=LocalDagBundle(name=dags-folder), max_tries=0, start_date=datetime.datetime(2025, 7, 29, 19, 38, 31, 407887, tzinfo=datetime.timezone.utc), end_date=None, state=<TaskInstanceState.RUNNING: 'running'>, is_mapped=False, rendered_map_index=None, log_url='http://localhost:8080/dags/python_operator_v1/runs/scheduled__2023-06-23T15%3A40%3A00%2B00%3A00/tasks/python?try_number=1'),","chan":"stdout","logger":"task"}
{"timestamp":"2025-07-29T19:38:32.146165Z","level":"info","event":" 'triggering_asset_events': TriggeringAssetEventsAccessor(_events=defaultdict(<class 'list'>, {})),","chan":"stdout","logger":"task"}
{"timestamp":"2025-07-29T19:38:32.146225Z","level":"info","event":" 'ts': '2023-06-23T15:40:00+00:00',","chan":"stdout","logger":"task"}
{"timestamp":"2025-07-29T19:38:32.146271Z","level":"info","event":" 'ts_nodash': '20230623T154000',","chan":"stdout","logger":"task"}
{"timestamp":"2025-07-29T19:38:32.146316Z","level":"info","event":" 'ts_nodash_with_tz': '20230623T154000+0000',","chan":"stdout","logger":"task"}
{"timestamp":"2025-07-29T19:38:32.146358Z","level":"info","event":" 'var': {'json': <VariableAccessor (dynamic access)>,","chan":"stdout","logger":"task"}
{"timestamp":"2025-07-29T19:38:32.146400Z","level":"info","event":"         'value': <VariableAccessor (dynamic access)>}}","chan":"stdout","logger":"task"}
{"timestamp":"2025-07-29T19:38:32.146067","level":"info","event":"Done. Returned value was: 123","logger":"airflow.task.operators.airflow.providers.standard.operators.python.PythonOperator"}
{"timestamp":"2025-07-29T19:38:32.146362","level":"info","event":"Pushing xcom","ti":"RuntimeTaskInstance(id=UUID('019857b1-8fb0-766c-b61b-e6180ec372ae'), task_id='python', dag_id='python_operator_v1', run_id='scheduled__2023-06-23T15:40:00+00:00', try_number=1, map_index=-1, hostname='bf6f1e7a6f11', context_carrier={}, task=<Task(PythonOperator): python>, bundle_instance=LocalDagBundle(name=dags-folder), max_tries=0, start_date=datetime.datetime(2025, 7, 29, 19, 38, 31, 407887, tzinfo=datetime.timezone.utc), end_date=None, state=<TaskInstanceState.RUNNING: 'running'>, is_mapped=False, rendered_map_index=None, log_url='http://localhost:8080/dags/python_operator_v1/runs/scheduled__2023-06-23T15%3A40%3A00%2B00%3A00/tasks/python?try_number=1')","logger":"task"}
{"timestamp":"2025-07-29T19:38:32.182964Z","level":"info","event":"Task instance in success state","chan":"stdout","logger":"task"}
{"timestamp":"2025-07-29T19:38:32.183230Z","level":"info","event":" Previous state of the Task instance: TaskInstanceState.RUNNING","chan":"stdout","logger":"task"}
{"timestamp":"2025-07-29T19:38:32.183409Z","level":"info","event":"Task operator:<Task(PythonOperator): python>","chan":"stdout","logger":"task"}
