{"timestamp":"2025-07-29T20:07:35.759899","level":"info","event":"DAG bundles loaded: dags-folder, example_dags","logger":"airflow.dag_processing.bundles.manager.DagBundlesManager"}
{"timestamp":"2025-07-29T20:07:35.760684","level":"info","event":"Filling up the DagBag from /opt/airflow/dags/2_python_operator_v1.py","logger":"airflow.models.dagbag.DagBag"}
{"timestamp":"2025-07-29T20:07:35.808570Z","level":"info","event":"Task instance is in running state","chan":"stdout","logger":"task"}
{"timestamp":"2025-07-29T20:07:35.808785Z","level":"info","event":" Previous state of the Task instance: TaskInstanceState.QUEUED","chan":"stdout","logger":"task"}
{"timestamp":"2025-07-29T20:07:35.809626Z","level":"info","event":"Current task name:python","chan":"stdout","logger":"task"}
{"timestamp":"2025-07-29T20:07:35.809797Z","level":"info","event":"Dag name:python_operator_v1","chan":"stdout","logger":"task"}
{"timestamp":"2025-07-29T20:07:35.811229Z","level":"info","event":"poliana","chan":"stdout","logger":"task"}
{"timestamp":"2025-07-29T20:07:35.812265Z","level":"info","event":"{'conn': <ConnectionAccessor (dynamic access)>,","chan":"stdout","logger":"task"}
{"timestamp":"2025-07-29T20:07:35.812440Z","level":"info","event":" 'dag': <DAG: python_operator_v1>,","chan":"stdout","logger":"task"}
{"timestamp":"2025-07-29T20:07:35.812594Z","level":"info","event":" 'dag_run': DagRun(dag_id='python_operator_v1', run_id='scheduled__2023-06-24T21:04:00+00:00', logical_date=datetime.datetime(2023, 6, 24, 21, 4, tzinfo=datetime.timezone.utc), data_interval_start=datetime.datetime(2023, 6, 24, 21, 4, tzinfo=datetime.timezone.utc), data_interval_end=datetime.datetime(2023, 6, 24, 21, 4, tzinfo=datetime.timezone.utc), run_after=datetime.datetime(2023, 6, 24, 21, 4, tzinfo=datetime.timezone.utc), start_date=datetime.datetime(2025, 7, 29, 20, 7, 34, 352461, tzinfo=datetime.timezone.utc), end_date=None, clear_number=0, run_type=<DagRunType.SCHEDULED: 'scheduled'>, conf={}, consumed_asset_events=[]),","chan":"stdout","logger":"task"}
{"timestamp":"2025-07-29T20:07:35.812679Z","level":"info","event":" 'data_interval_end': DateTime(2023, 6, 24, 21, 4, 0, tzinfo=Timezone('UTC')),","chan":"stdout","logger":"task"}
{"timestamp":"2025-07-29T20:07:35.812742Z","level":"info","event":" 'data_interval_start': DateTime(2023, 6, 24, 21, 4, 0, tzinfo=Timezone('UTC')),","chan":"stdout","logger":"task"}
{"timestamp":"2025-07-29T20:07:35.812787Z","level":"info","event":" 'ds': '2023-06-24',","chan":"stdout","logger":"task"}
{"timestamp":"2025-07-29T20:07:35.812834Z","level":"info","event":" 'ds_nodash': '20230624',","chan":"stdout","logger":"task"}
{"timestamp":"2025-07-29T20:07:35.812877Z","level":"info","event":" 'inlet_events': InletEventsAccessors(_inlets=[], _assets={}, _asset_aliases={}),","chan":"stdout","logger":"task"}
{"timestamp":"2025-07-29T20:07:35.812919Z","level":"info","event":" 'inlets': [],","chan":"stdout","logger":"task"}
{"timestamp":"2025-07-29T20:07:35.812960Z","level":"info","event":" 'logical_date': DateTime(2023, 6, 24, 21, 4, 0, tzinfo=Timezone('UTC')),","chan":"stdout","logger":"task"}
{"timestamp":"2025-07-29T20:07:35.813022Z","level":"info","event":" 'macros': <MacrosAccessor (dynamic access to macros)>,","chan":"stdout","logger":"task"}
{"timestamp":"2025-07-29T20:07:35.813090Z","level":"info","event":" 'map_index_template': None,","chan":"stdout","logger":"task"}
{"timestamp":"2025-07-29T20:07:35.813159Z","level":"info","event":" 'outlet_events': <airflow.sdk.execution_time.context.OutletEventAccessors object at 0x7fb66fdd7a70>,","chan":"stdout","logger":"task"}
{"timestamp":"2025-07-29T20:07:35.813225Z","level":"info","event":" 'outlets': [],","chan":"stdout","logger":"task"}
{"timestamp":"2025-07-29T20:07:35.813296Z","level":"info","event":" 'params': {},","chan":"stdout","logger":"task"}
{"timestamp":"2025-07-29T20:07:35.827531Z","level":"info","event":" 'prev_data_interval_end_success': <Proxy at 0x7fb66fc018b0 with factory <function RuntimeTaskInstance.get_template_context.<locals>.<lambda> at 0x7fb67e30c0e0>>,","chan":"stdout","logger":"task"}
{"timestamp":"2025-07-29T20:07:35.827924Z","level":"info","event":" 'prev_data_interval_start_success': <Proxy at 0x7fb66fc017c0 with factory <function RuntimeTaskInstance.get_template_context.<locals>.<lambda> at 0x7fb67e30d800>>,","chan":"stdout","logger":"task"}
{"timestamp":"2025-07-29T20:07:35.828096Z","level":"info","event":" 'prev_end_date_success': <Proxy at 0x7fb67bcc42f0 with factory <function RuntimeTaskInstance.get_template_context.<locals>.<lambda> at 0x7fb67e30d8a0>>,","chan":"stdout","logger":"task"}
{"timestamp":"2025-07-29T20:07:35.828190Z","level":"info","event":" 'prev_start_date_success': <Proxy at 0x7fb66fed6ba0 with factory <function RuntimeTaskInstance.get_template_context.<locals>.<lambda> at 0x7fb67e30c5e0>>,","chan":"stdout","logger":"task"}
{"timestamp":"2025-07-29T20:07:35.828276Z","level":"info","event":" 'run_id': 'scheduled__2023-06-24T21:04:00+00:00',","chan":"stdout","logger":"task"}
{"timestamp":"2025-07-29T20:07:35.828358Z","level":"info","event":" 'task': <Task(PythonOperator): python>,","chan":"stdout","logger":"task"}
{"timestamp":"2025-07-29T20:07:35.828437Z","level":"info","event":" 'task_instance': RuntimeTaskInstance(id=UUID('019857cc-28aa-797b-8938-b107cc8f1853'), task_id='python', dag_id='python_operator_v1', run_id='scheduled__2023-06-24T21:04:00+00:00', try_number=1, map_index=-1, hostname='bf6f1e7a6f11', context_carrier={}, task=<Task(PythonOperator): python>, bundle_instance=LocalDagBundle(name=dags-folder), max_tries=0, start_date=datetime.datetime(2025, 7, 29, 20, 7, 34, 913232, tzinfo=datetime.timezone.utc), end_date=None, state=<TaskInstanceState.RUNNING: 'running'>, is_mapped=False, rendered_map_index=None, log_url='http://localhost:8080/dags/python_operator_v1/runs/scheduled__2023-06-24T21%3A04%3A00%2B00%3A00/tasks/python?try_number=1'),","chan":"stdout","logger":"task"}
{"timestamp":"2025-07-29T20:07:35.828542Z","level":"info","event":" 'task_instance_key_str': 'python_operator_v1__python__20230624',","chan":"stdout","logger":"task"}
{"timestamp":"2025-07-29T20:07:35.828618Z","level":"info","event":" 'task_reschedule_count': 0,","chan":"stdout","logger":"task"}
{"timestamp":"2025-07-29T20:07:35.828688Z","level":"info","event":" 'templates_dict': None,","chan":"stdout","logger":"task"}
{"timestamp":"2025-07-29T20:07:35.828758Z","level":"info","event":" 'ti': RuntimeTaskInstance(id=UUID('019857cc-28aa-797b-8938-b107cc8f1853'), task_id='python', dag_id='python_operator_v1', run_id='scheduled__2023-06-24T21:04:00+00:00', try_number=1, map_index=-1, hostname='bf6f1e7a6f11', context_carrier={}, task=<Task(PythonOperator): python>, bundle_instance=LocalDagBundle(name=dags-folder), max_tries=0, start_date=datetime.datetime(2025, 7, 29, 20, 7, 34, 913232, tzinfo=datetime.timezone.utc), end_date=None, state=<TaskInstanceState.RUNNING: 'running'>, is_mapped=False, rendered_map_index=None, log_url='http://localhost:8080/dags/python_operator_v1/runs/scheduled__2023-06-24T21%3A04%3A00%2B00%3A00/tasks/python?try_number=1'),","chan":"stdout","logger":"task"}
{"timestamp":"2025-07-29T20:07:35.828835Z","level":"info","event":" 'triggering_asset_events': TriggeringAssetEventsAccessor(_events=defaultdict(<class 'list'>, {})),","chan":"stdout","logger":"task"}
{"timestamp":"2025-07-29T20:07:35.828910Z","level":"info","event":" 'ts': '2023-06-24T21:04:00+00:00',","chan":"stdout","logger":"task"}
{"timestamp":"2025-07-29T20:07:35.828982Z","level":"info","event":" 'ts_nodash': '20230624T210400',","chan":"stdout","logger":"task"}
{"timestamp":"2025-07-29T20:07:35.829051Z","level":"info","event":" 'ts_nodash_with_tz': '20230624T210400+0000',","chan":"stdout","logger":"task"}
{"timestamp":"2025-07-29T20:07:35.829176Z","level":"info","event":" 'var': {'json': <VariableAccessor (dynamic access)>,","chan":"stdout","logger":"task"}
{"timestamp":"2025-07-29T20:07:35.829269Z","level":"info","event":"         'value': <VariableAccessor (dynamic access)>}}","chan":"stdout","logger":"task"}
{"timestamp":"2025-07-29T20:07:35.828571","level":"info","event":"Done. Returned value was: 123","logger":"airflow.task.operators.airflow.providers.standard.operators.python.PythonOperator"}
{"timestamp":"2025-07-29T20:07:35.828830","level":"info","event":"Pushing xcom","ti":"RuntimeTaskInstance(id=UUID('019857cc-28aa-797b-8938-b107cc8f1853'), task_id='python', dag_id='python_operator_v1', run_id='scheduled__2023-06-24T21:04:00+00:00', try_number=1, map_index=-1, hostname='bf6f1e7a6f11', context_carrier={}, task=<Task(PythonOperator): python>, bundle_instance=LocalDagBundle(name=dags-folder), max_tries=0, start_date=datetime.datetime(2025, 7, 29, 20, 7, 34, 913232, tzinfo=datetime.timezone.utc), end_date=None, state=<TaskInstanceState.RUNNING: 'running'>, is_mapped=False, rendered_map_index=None, log_url='http://localhost:8080/dags/python_operator_v1/runs/scheduled__2023-06-24T21%3A04%3A00%2B00%3A00/tasks/python?try_number=1')","logger":"task"}
{"timestamp":"2025-07-29T20:07:35.874506Z","level":"info","event":"Task instance in success state","chan":"stdout","logger":"task"}
{"timestamp":"2025-07-29T20:07:35.874700Z","level":"info","event":" Previous state of the Task instance: TaskInstanceState.RUNNING","chan":"stdout","logger":"task"}
{"timestamp":"2025-07-29T20:07:35.874849Z","level":"info","event":"Task operator:<Task(PythonOperator): python>","chan":"stdout","logger":"task"}
