{"timestamp":"2025-07-29T19:35:24.976548","level":"info","event":"DAG bundles loaded: dags-folder, example_dags","logger":"airflow.dag_processing.bundles.manager.DagBundlesManager"}
{"timestamp":"2025-07-29T19:35:24.977573","level":"info","event":"Filling up the DagBag from /opt/airflow/dags/python_operator_v1.py","logger":"airflow.models.dagbag.DagBag"}
{"timestamp":"2025-07-29T19:35:25.026978Z","level":"info","event":"Task instance is in running state","chan":"stdout","logger":"task"}
{"timestamp":"2025-07-29T19:35:25.027455Z","level":"info","event":" Previous state of the Task instance: TaskInstanceState.QUEUED","chan":"stdout","logger":"task"}
{"timestamp":"2025-07-29T19:35:25.028535Z","level":"info","event":"Current task name:python","chan":"stdout","logger":"task"}
{"timestamp":"2025-07-29T19:35:25.028780Z","level":"info","event":"Dag name:python_operator_v1","chan":"stdout","logger":"task"}
{"timestamp":"2025-07-29T19:35:25.030216Z","level":"info","event":"poliana","chan":"stdout","logger":"task"}
{"timestamp":"2025-07-29T19:35:25.031102Z","level":"info","event":"{'conn': <ConnectionAccessor (dynamic access)>,","chan":"stdout","logger":"task"}
{"timestamp":"2025-07-29T19:35:25.031257Z","level":"info","event":" 'dag': <DAG: python_operator_v1>,","chan":"stdout","logger":"task"}
{"timestamp":"2025-07-29T19:35:25.031419Z","level":"info","event":" 'dag_run': DagRun(dag_id='python_operator_v1', run_id='scheduled__2023-06-23T12:06:00+00:00', logical_date=datetime.datetime(2023, 6, 23, 12, 6, tzinfo=datetime.timezone.utc), data_interval_start=datetime.datetime(2023, 6, 23, 12, 6, tzinfo=datetime.timezone.utc), data_interval_end=datetime.datetime(2023, 6, 23, 12, 6, tzinfo=datetime.timezone.utc), run_after=datetime.datetime(2023, 6, 23, 12, 6, tzinfo=datetime.timezone.utc), start_date=datetime.datetime(2025, 7, 29, 19, 35, 23, 389768, tzinfo=datetime.timezone.utc), end_date=None, clear_number=0, run_type=<DagRunType.SCHEDULED: 'scheduled'>, conf={}, consumed_asset_events=[]),","chan":"stdout","logger":"task"}
{"timestamp":"2025-07-29T19:35:25.031535Z","level":"info","event":" 'data_interval_end': DateTime(2023, 6, 23, 12, 6, 0, tzinfo=Timezone('UTC')),","chan":"stdout","logger":"task"}
{"timestamp":"2025-07-29T19:35:25.031641Z","level":"info","event":" 'data_interval_start': DateTime(2023, 6, 23, 12, 6, 0, tzinfo=Timezone('UTC')),","chan":"stdout","logger":"task"}
{"timestamp":"2025-07-29T19:35:25.031739Z","level":"info","event":" 'ds': '2023-06-23',","chan":"stdout","logger":"task"}
{"timestamp":"2025-07-29T19:35:25.031813Z","level":"info","event":" 'ds_nodash': '20230623',","chan":"stdout","logger":"task"}
{"timestamp":"2025-07-29T19:35:25.031887Z","level":"info","event":" 'inlet_events': InletEventsAccessors(_inlets=[], _assets={}, _asset_aliases={}),","chan":"stdout","logger":"task"}
{"timestamp":"2025-07-29T19:35:25.031963Z","level":"info","event":" 'inlets': [],","chan":"stdout","logger":"task"}
{"timestamp":"2025-07-29T19:35:25.032037Z","level":"info","event":" 'logical_date': DateTime(2023, 6, 23, 12, 6, 0, tzinfo=Timezone('UTC')),","chan":"stdout","logger":"task"}
{"timestamp":"2025-07-29T19:35:25.032108Z","level":"info","event":" 'macros': <MacrosAccessor (dynamic access to macros)>,","chan":"stdout","logger":"task"}
{"timestamp":"2025-07-29T19:35:25.032183Z","level":"info","event":" 'map_index_template': None,","chan":"stdout","logger":"task"}
{"timestamp":"2025-07-29T19:35:25.032256Z","level":"info","event":" 'outlet_events': <airflow.sdk.execution_time.context.OutletEventAccessors object at 0x7fb67baf7a70>,","chan":"stdout","logger":"task"}
{"timestamp":"2025-07-29T19:35:25.032330Z","level":"info","event":" 'outlets': [],","chan":"stdout","logger":"task"}
{"timestamp":"2025-07-29T19:35:25.032403Z","level":"info","event":" 'params': {},","chan":"stdout","logger":"task"}
{"timestamp":"2025-07-29T19:35:25.045848Z","level":"info","event":" 'prev_data_interval_end_success': <Proxy at 0x7fb66fc924b0 with factory <function RuntimeTaskInstance.get_template_context.<locals>.<lambda> at 0x7fb66fcb40e0>>,","chan":"stdout","logger":"task"}
{"timestamp":"2025-07-29T19:35:25.046180Z","level":"info","event":" 'prev_data_interval_start_success': <Proxy at 0x7fb66fc92600 with factory <function RuntimeTaskInstance.get_template_context.<locals>.<lambda> at 0x7fb66fcb5300>>,","chan":"stdout","logger":"task"}
{"timestamp":"2025-07-29T19:35:25.046309Z","level":"info","event":" 'prev_end_date_success': <Proxy at 0x7fb66fc928d0 with factory <function RuntimeTaskInstance.get_template_context.<locals>.<lambda> at 0x7fb66fcb53a0>>,","chan":"stdout","logger":"task"}
{"timestamp":"2025-07-29T19:35:25.046392Z","level":"info","event":" 'prev_start_date_success': <Proxy at 0x7fb67ba7eba0 with factory <function RuntimeTaskInstance.get_template_context.<locals>.<lambda> at 0x7fb66fca3ba0>>,","chan":"stdout","logger":"task"}
{"timestamp":"2025-07-29T19:35:25.046467Z","level":"info","event":" 'run_id': 'scheduled__2023-06-23T12:06:00+00:00',","chan":"stdout","logger":"task"}
{"timestamp":"2025-07-29T19:35:25.046543Z","level":"info","event":" 'task': <Task(PythonOperator): python>,","chan":"stdout","logger":"task"}
{"timestamp":"2025-07-29T19:35:25.046619Z","level":"info","event":" 'task_instance': RuntimeTaskInstance(id=UUID('019857ae-b1f7-72f6-94a5-067a4d785c9d'), task_id='python', dag_id='python_operator_v1', run_id='scheduled__2023-06-23T12:06:00+00:00', try_number=1, map_index=-1, hostname='bf6f1e7a6f11', context_carrier={}, task=<Task(PythonOperator): python>, bundle_instance=LocalDagBundle(name=dags-folder), max_tries=0, start_date=datetime.datetime(2025, 7, 29, 19, 35, 24, 70776, tzinfo=datetime.timezone.utc), end_date=None, state=<TaskInstanceState.RUNNING: 'running'>, is_mapped=False, rendered_map_index=None, log_url='http://localhost:8080/dags/python_operator_v1/runs/scheduled__2023-06-23T12%3A06%3A00%2B00%3A00/tasks/python?try_number=1'),","chan":"stdout","logger":"task"}
{"timestamp":"2025-07-29T19:35:25.046692Z","level":"info","event":" 'task_instance_key_str': 'python_operator_v1__python__20230623',","chan":"stdout","logger":"task"}
{"timestamp":"2025-07-29T19:35:25.046762Z","level":"info","event":" 'task_reschedule_count': 0,","chan":"stdout","logger":"task"}
{"timestamp":"2025-07-29T19:35:25.046832Z","level":"info","event":" 'templates_dict': None,","chan":"stdout","logger":"task"}
{"timestamp":"2025-07-29T19:35:25.046904Z","level":"info","event":" 'ti': RuntimeTaskInstance(id=UUID('019857ae-b1f7-72f6-94a5-067a4d785c9d'), task_id='python', dag_id='python_operator_v1', run_id='scheduled__2023-06-23T12:06:00+00:00', try_number=1, map_index=-1, hostname='bf6f1e7a6f11', context_carrier={}, task=<Task(PythonOperator): python>, bundle_instance=LocalDagBundle(name=dags-folder), max_tries=0, start_date=datetime.datetime(2025, 7, 29, 19, 35, 24, 70776, tzinfo=datetime.timezone.utc), end_date=None, state=<TaskInstanceState.RUNNING: 'running'>, is_mapped=False, rendered_map_index=None, log_url='http://localhost:8080/dags/python_operator_v1/runs/scheduled__2023-06-23T12%3A06%3A00%2B00%3A00/tasks/python?try_number=1'),","chan":"stdout","logger":"task"}
{"timestamp":"2025-07-29T19:35:25.047050Z","level":"info","event":" 'triggering_asset_events': TriggeringAssetEventsAccessor(_events=defaultdict(<class 'list'>, {})),","chan":"stdout","logger":"task"}
{"timestamp":"2025-07-29T19:35:25.047131Z","level":"info","event":" 'ts': '2023-06-23T12:06:00+00:00',","chan":"stdout","logger":"task"}
{"timestamp":"2025-07-29T19:35:25.047199Z","level":"info","event":" 'ts_nodash': '20230623T120600',","chan":"stdout","logger":"task"}
{"timestamp":"2025-07-29T19:35:25.047265Z","level":"info","event":" 'ts_nodash_with_tz': '20230623T120600+0000',","chan":"stdout","logger":"task"}
{"timestamp":"2025-07-29T19:35:25.047327Z","level":"info","event":" 'var': {'json': <VariableAccessor (dynamic access)>,","chan":"stdout","logger":"task"}
{"timestamp":"2025-07-29T19:35:25.047420Z","level":"info","event":"         'value': <VariableAccessor (dynamic access)>}}","chan":"stdout","logger":"task"}
{"timestamp":"2025-07-29T19:35:25.047138","level":"info","event":"Done. Returned value was: 123","logger":"airflow.task.operators.airflow.providers.standard.operators.python.PythonOperator"}
{"timestamp":"2025-07-29T19:35:25.047454","level":"info","event":"Pushing xcom","ti":"RuntimeTaskInstance(id=UUID('019857ae-b1f7-72f6-94a5-067a4d785c9d'), task_id='python', dag_id='python_operator_v1', run_id='scheduled__2023-06-23T12:06:00+00:00', try_number=1, map_index=-1, hostname='bf6f1e7a6f11', context_carrier={}, task=<Task(PythonOperator): python>, bundle_instance=LocalDagBundle(name=dags-folder), max_tries=0, start_date=datetime.datetime(2025, 7, 29, 19, 35, 24, 70776, tzinfo=datetime.timezone.utc), end_date=None, state=<TaskInstanceState.RUNNING: 'running'>, is_mapped=False, rendered_map_index=None, log_url='http://localhost:8080/dags/python_operator_v1/runs/scheduled__2023-06-23T12%3A06%3A00%2B00%3A00/tasks/python?try_number=1')","logger":"task"}
{"timestamp":"2025-07-29T19:35:25.084354Z","level":"info","event":"Task instance in success state","chan":"stdout","logger":"task"}
{"timestamp":"2025-07-29T19:35:25.084545Z","level":"info","event":" Previous state of the Task instance: TaskInstanceState.RUNNING","chan":"stdout","logger":"task"}
{"timestamp":"2025-07-29T19:35:25.084717Z","level":"info","event":"Task operator:<Task(PythonOperator): python>","chan":"stdout","logger":"task"}
