{"timestamp":"2025-07-29T19:46:40.531526","level":"info","event":"DAG bundles loaded: dags-folder, example_dags","logger":"airflow.dag_processing.bundles.manager.DagBundlesManager"}
{"timestamp":"2025-07-29T19:46:40.532261","level":"info","event":"Filling up the DagBag from /opt/airflow/dags/python_operator_v1.py","logger":"airflow.models.dagbag.DagBag"}
{"timestamp":"2025-07-29T19:46:40.558375Z","level":"info","event":"Task instance is in running state","chan":"stdout","logger":"task"}
{"timestamp":"2025-07-29T19:46:40.558557Z","level":"info","event":" Previous state of the Task instance: TaskInstanceState.QUEUED","chan":"stdout","logger":"task"}
{"timestamp":"2025-07-29T19:46:40.559116Z","level":"info","event":"Current task name:python","chan":"stdout","logger":"task"}
{"timestamp":"2025-07-29T19:46:40.559226Z","level":"info","event":"Dag name:python_operator_v1","chan":"stdout","logger":"task"}
{"timestamp":"2025-07-29T19:46:40.560526Z","level":"info","event":"poliana","chan":"stdout","logger":"task"}
{"timestamp":"2025-07-29T19:46:40.561372Z","level":"info","event":"{'conn': <ConnectionAccessor (dynamic access)>,","chan":"stdout","logger":"task"}
{"timestamp":"2025-07-29T19:46:40.561522Z","level":"info","event":" 'dag': <DAG: python_operator_v1>,","chan":"stdout","logger":"task"}
{"timestamp":"2025-07-29T19:46:40.561674Z","level":"info","event":" 'dag_run': DagRun(dag_id='python_operator_v1', run_id='scheduled__2023-06-24T00:36:00+00:00', logical_date=datetime.datetime(2023, 6, 24, 0, 36, tzinfo=datetime.timezone.utc), data_interval_start=datetime.datetime(2023, 6, 24, 0, 36, tzinfo=datetime.timezone.utc), data_interval_end=datetime.datetime(2023, 6, 24, 0, 36, tzinfo=datetime.timezone.utc), run_after=datetime.datetime(2023, 6, 24, 0, 36, tzinfo=datetime.timezone.utc), start_date=datetime.datetime(2025, 7, 29, 19, 46, 38, 891941, tzinfo=datetime.timezone.utc), end_date=None, clear_number=0, run_type=<DagRunType.SCHEDULED: 'scheduled'>, conf={}, consumed_asset_events=[]),","chan":"stdout","logger":"task"}
{"timestamp":"2025-07-29T19:46:40.561759Z","level":"info","event":" 'data_interval_end': DateTime(2023, 6, 24, 0, 36, 0, tzinfo=Timezone('UTC')),","chan":"stdout","logger":"task"}
{"timestamp":"2025-07-29T19:46:40.561823Z","level":"info","event":" 'data_interval_start': DateTime(2023, 6, 24, 0, 36, 0, tzinfo=Timezone('UTC')),","chan":"stdout","logger":"task"}
{"timestamp":"2025-07-29T19:46:40.561870Z","level":"info","event":" 'ds': '2023-06-24',","chan":"stdout","logger":"task"}
{"timestamp":"2025-07-29T19:46:40.561914Z","level":"info","event":" 'ds_nodash': '20230624',","chan":"stdout","logger":"task"}
{"timestamp":"2025-07-29T19:46:40.561956Z","level":"info","event":" 'inlet_events': InletEventsAccessors(_inlets=[], _assets={}, _asset_aliases={}),","chan":"stdout","logger":"task"}
{"timestamp":"2025-07-29T19:46:40.562023Z","level":"info","event":" 'inlets': [],","chan":"stdout","logger":"task"}
{"timestamp":"2025-07-29T19:46:40.562081Z","level":"info","event":" 'logical_date': DateTime(2023, 6, 24, 0, 36, 0, tzinfo=Timezone('UTC')),","chan":"stdout","logger":"task"}
{"timestamp":"2025-07-29T19:46:40.562125Z","level":"info","event":" 'macros': <MacrosAccessor (dynamic access to macros)>,","chan":"stdout","logger":"task"}
{"timestamp":"2025-07-29T19:46:40.562167Z","level":"info","event":" 'map_index_template': None,","chan":"stdout","logger":"task"}
{"timestamp":"2025-07-29T19:46:40.562207Z","level":"info","event":" 'outlet_events': <airflow.sdk.execution_time.context.OutletEventAccessors object at 0x7fb66fd97a40>,","chan":"stdout","logger":"task"}
{"timestamp":"2025-07-29T19:46:40.562249Z","level":"info","event":" 'outlets': [],","chan":"stdout","logger":"task"}
{"timestamp":"2025-07-29T19:46:40.562289Z","level":"info","event":" 'params': {},","chan":"stdout","logger":"task"}
{"timestamp":"2025-07-29T19:46:40.572857Z","level":"info","event":" 'prev_data_interval_end_success': <Proxy at 0x7fb66fdc9f10 with factory <function RuntimeTaskInstance.get_template_context.<locals>.<lambda> at 0x7fb66fde45e0>>,","chan":"stdout","logger":"task"}
{"timestamp":"2025-07-29T19:46:40.573215Z","level":"info","event":" 'prev_data_interval_start_success': <Proxy at 0x7fb66fdc9f70 with factory <function RuntimeTaskInstance.get_template_context.<locals>.<lambda> at 0x7fb66fde5d00>>,","chan":"stdout","logger":"task"}
{"timestamp":"2025-07-29T19:46:40.573348Z","level":"info","event":" 'prev_end_date_success': <Proxy at 0x7fb66fdc9ca0 with factory <function RuntimeTaskInstance.get_template_context.<locals>.<lambda> at 0x7fb66fde5da0>>,","chan":"stdout","logger":"task"}
{"timestamp":"2025-07-29T19:46:40.573453Z","level":"info","event":" 'prev_start_date_success': <Proxy at 0x7fb66fd65af0 with factory <function RuntimeTaskInstance.get_template_context.<locals>.<lambda> at 0x7fb66fde4ae0>>,","chan":"stdout","logger":"task"}
{"timestamp":"2025-07-29T19:46:40.573535Z","level":"info","event":" 'run_id': 'scheduled__2023-06-24T00:36:00+00:00',","chan":"stdout","logger":"task"}
{"timestamp":"2025-07-29T19:46:40.573611Z","level":"info","event":" 'task': <Task(PythonOperator): python>,","chan":"stdout","logger":"task"}
{"timestamp":"2025-07-29T19:46:40.573705Z","level":"info","event":" 'task_instance': RuntimeTaskInstance(id=UUID('019857b9-00a8-7bb9-96ed-f04f72122b41'), task_id='python', dag_id='python_operator_v1', run_id='scheduled__2023-06-24T00:36:00+00:00', try_number=1, map_index=-1, hostname='bf6f1e7a6f11', context_carrier={}, task=<Task(PythonOperator): python>, bundle_instance=LocalDagBundle(name=dags-folder), max_tries=0, start_date=datetime.datetime(2025, 7, 29, 19, 46, 40, 19379, tzinfo=datetime.timezone.utc), end_date=None, state=<TaskInstanceState.RUNNING: 'running'>, is_mapped=False, rendered_map_index=None, log_url='http://localhost:8080/dags/python_operator_v1/runs/scheduled__2023-06-24T00%3A36%3A00%2B00%3A00/tasks/python?try_number=1'),","chan":"stdout","logger":"task"}
{"timestamp":"2025-07-29T19:46:40.573793Z","level":"info","event":" 'task_instance_key_str': 'python_operator_v1__python__20230624',","chan":"stdout","logger":"task"}
{"timestamp":"2025-07-29T19:46:40.573953Z","level":"info","event":" 'task_reschedule_count': 0,","chan":"stdout","logger":"task"}
{"timestamp":"2025-07-29T19:46:40.574036Z","level":"info","event":" 'templates_dict': None,","chan":"stdout","logger":"task"}
{"timestamp":"2025-07-29T19:46:40.574103Z","level":"info","event":" 'ti': RuntimeTaskInstance(id=UUID('019857b9-00a8-7bb9-96ed-f04f72122b41'), task_id='python', dag_id='python_operator_v1', run_id='scheduled__2023-06-24T00:36:00+00:00', try_number=1, map_index=-1, hostname='bf6f1e7a6f11', context_carrier={}, task=<Task(PythonOperator): python>, bundle_instance=LocalDagBundle(name=dags-folder), max_tries=0, start_date=datetime.datetime(2025, 7, 29, 19, 46, 40, 19379, tzinfo=datetime.timezone.utc), end_date=None, state=<TaskInstanceState.RUNNING: 'running'>, is_mapped=False, rendered_map_index=None, log_url='http://localhost:8080/dags/python_operator_v1/runs/scheduled__2023-06-24T00%3A36%3A00%2B00%3A00/tasks/python?try_number=1'),","chan":"stdout","logger":"task"}
{"timestamp":"2025-07-29T19:46:40.574171Z","level":"info","event":" 'triggering_asset_events': TriggeringAssetEventsAccessor(_events=defaultdict(<class 'list'>, {})),","chan":"stdout","logger":"task"}
{"timestamp":"2025-07-29T19:46:40.574237Z","level":"info","event":" 'ts': '2023-06-24T00:36:00+00:00',","chan":"stdout","logger":"task"}
{"timestamp":"2025-07-29T19:46:40.574320Z","level":"info","event":" 'ts_nodash': '20230624T003600',","chan":"stdout","logger":"task"}
{"timestamp":"2025-07-29T19:46:40.574392Z","level":"info","event":" 'ts_nodash_with_tz': '20230624T003600+0000',","chan":"stdout","logger":"task"}
{"timestamp":"2025-07-29T19:46:40.574560Z","level":"info","event":" 'var': {'json': <VariableAccessor (dynamic access)>,","chan":"stdout","logger":"task"}
{"timestamp":"2025-07-29T19:46:40.574632Z","level":"info","event":"         'value': <VariableAccessor (dynamic access)>}}","chan":"stdout","logger":"task"}
{"timestamp":"2025-07-29T19:46:40.574079","level":"info","event":"Done. Returned value was: 123","logger":"airflow.task.operators.airflow.providers.standard.operators.python.PythonOperator"}
{"timestamp":"2025-07-29T19:46:40.574435","level":"info","event":"Pushing xcom","ti":"RuntimeTaskInstance(id=UUID('019857b9-00a8-7bb9-96ed-f04f72122b41'), task_id='python', dag_id='python_operator_v1', run_id='scheduled__2023-06-24T00:36:00+00:00', try_number=1, map_index=-1, hostname='bf6f1e7a6f11', context_carrier={}, task=<Task(PythonOperator): python>, bundle_instance=LocalDagBundle(name=dags-folder), max_tries=0, start_date=datetime.datetime(2025, 7, 29, 19, 46, 40, 19379, tzinfo=datetime.timezone.utc), end_date=None, state=<TaskInstanceState.RUNNING: 'running'>, is_mapped=False, rendered_map_index=None, log_url='http://localhost:8080/dags/python_operator_v1/runs/scheduled__2023-06-24T00%3A36%3A00%2B00%3A00/tasks/python?try_number=1')","logger":"task"}
{"timestamp":"2025-07-29T19:46:40.600840Z","level":"info","event":"Task instance in success state","chan":"stdout","logger":"task"}
{"timestamp":"2025-07-29T19:46:40.600992Z","level":"info","event":" Previous state of the Task instance: TaskInstanceState.RUNNING","chan":"stdout","logger":"task"}
{"timestamp":"2025-07-29T19:46:40.601126Z","level":"info","event":"Task operator:<Task(PythonOperator): python>","chan":"stdout","logger":"task"}
