{"timestamp":"2025-07-29T19:52:19.288319","level":"info","event":"DAG bundles loaded: dags-folder, example_dags","logger":"airflow.dag_processing.bundles.manager.DagBundlesManager"}
{"timestamp":"2025-07-29T19:52:19.288914","level":"info","event":"Filling up the DagBag from /opt/airflow/dags/2_python_operator_v1.py","logger":"airflow.models.dagbag.DagBag"}
{"timestamp":"2025-07-29T19:52:19.314715Z","level":"info","event":"Task instance is in running state","chan":"stdout","logger":"task"}
{"timestamp":"2025-07-29T19:52:19.314909Z","level":"info","event":" Previous state of the Task instance: TaskInstanceState.QUEUED","chan":"stdout","logger":"task"}
{"timestamp":"2025-07-29T19:52:19.315457Z","level":"info","event":"Current task name:python","chan":"stdout","logger":"task"}
{"timestamp":"2025-07-29T19:52:19.315550Z","level":"info","event":"Dag name:python_operator_v1","chan":"stdout","logger":"task"}
{"timestamp":"2025-07-29T19:52:19.316818Z","level":"info","event":"poliana","chan":"stdout","logger":"task"}
{"timestamp":"2025-07-29T19:52:19.317533Z","level":"info","event":"{'conn': <ConnectionAccessor (dynamic access)>,","chan":"stdout","logger":"task"}
{"timestamp":"2025-07-29T19:52:19.317666Z","level":"info","event":" 'dag': <DAG: python_operator_v1>,","chan":"stdout","logger":"task"}
{"timestamp":"2025-07-29T19:52:19.317808Z","level":"info","event":" 'dag_run': DagRun(dag_id='python_operator_v1', run_id='scheduled__2023-06-24T06:42:00+00:00', logical_date=datetime.datetime(2023, 6, 24, 6, 42, tzinfo=datetime.timezone.utc), data_interval_start=datetime.datetime(2023, 6, 24, 6, 42, tzinfo=datetime.timezone.utc), data_interval_end=datetime.datetime(2023, 6, 24, 6, 42, tzinfo=datetime.timezone.utc), run_after=datetime.datetime(2023, 6, 24, 6, 42, tzinfo=datetime.timezone.utc), start_date=datetime.datetime(2025, 7, 29, 19, 52, 18, 40545, tzinfo=datetime.timezone.utc), end_date=None, clear_number=0, run_type=<DagRunType.SCHEDULED: 'scheduled'>, conf={}, consumed_asset_events=[]),","chan":"stdout","logger":"task"}
{"timestamp":"2025-07-29T19:52:19.317916Z","level":"info","event":" 'data_interval_end': DateTime(2023, 6, 24, 6, 42, 0, tzinfo=Timezone('UTC')),","chan":"stdout","logger":"task"}
{"timestamp":"2025-07-29T19:52:19.317976Z","level":"info","event":" 'data_interval_start': DateTime(2023, 6, 24, 6, 42, 0, tzinfo=Timezone('UTC')),","chan":"stdout","logger":"task"}
{"timestamp":"2025-07-29T19:52:19.318022Z","level":"info","event":" 'ds': '2023-06-24',","chan":"stdout","logger":"task"}
{"timestamp":"2025-07-29T19:52:19.318069Z","level":"info","event":" 'ds_nodash': '20230624',","chan":"stdout","logger":"task"}
{"timestamp":"2025-07-29T19:52:19.318112Z","level":"info","event":" 'inlet_events': InletEventsAccessors(_inlets=[], _assets={}, _asset_aliases={}),","chan":"stdout","logger":"task"}
{"timestamp":"2025-07-29T19:52:19.318154Z","level":"info","event":" 'inlets': [],","chan":"stdout","logger":"task"}
{"timestamp":"2025-07-29T19:52:19.318195Z","level":"info","event":" 'logical_date': DateTime(2023, 6, 24, 6, 42, 0, tzinfo=Timezone('UTC')),","chan":"stdout","logger":"task"}
{"timestamp":"2025-07-29T19:52:19.318235Z","level":"info","event":" 'macros': <MacrosAccessor (dynamic access to macros)>,","chan":"stdout","logger":"task"}
{"timestamp":"2025-07-29T19:52:19.318280Z","level":"info","event":" 'map_index_template': None,","chan":"stdout","logger":"task"}
{"timestamp":"2025-07-29T19:52:19.318321Z","level":"info","event":" 'outlet_events': <airflow.sdk.execution_time.context.OutletEventAccessors object at 0x7fb6783b7f20>,","chan":"stdout","logger":"task"}
{"timestamp":"2025-07-29T19:52:19.318362Z","level":"info","event":" 'outlets': [],","chan":"stdout","logger":"task"}
{"timestamp":"2025-07-29T19:52:19.318402Z","level":"info","event":" 'params': {},","chan":"stdout","logger":"task"}
{"timestamp":"2025-07-29T19:52:19.330951Z","level":"info","event":" 'prev_data_interval_end_success': <Proxy at 0x7fb66fcc59a0 with factory <function RuntimeTaskInstance.get_template_context.<locals>.<lambda> at 0x7fb66fcd4c20>>,","chan":"stdout","logger":"task"}
{"timestamp":"2025-07-29T19:52:19.331237Z","level":"info","event":" 'prev_data_interval_start_success': <Proxy at 0x7fb66fcc5b80 with factory <function RuntimeTaskInstance.get_template_context.<locals>.<lambda> at 0x7fb66fcd6340>>,","chan":"stdout","logger":"task"}
{"timestamp":"2025-07-29T19:52:19.331327Z","level":"info","event":" 'prev_end_date_success': <Proxy at 0x7fb677766300 with factory <function RuntimeTaskInstance.get_template_context.<locals>.<lambda> at 0x7fb66fcd63e0>>,","chan":"stdout","logger":"task"}
{"timestamp":"2025-07-29T19:52:19.331400Z","level":"info","event":" 'prev_start_date_success': <Proxy at 0x7fb67827f3e0 with factory <function RuntimeTaskInstance.get_template_context.<locals>.<lambda> at 0x7fb66fcd5120>>,","chan":"stdout","logger":"task"}
{"timestamp":"2025-07-29T19:52:19.331458Z","level":"info","event":" 'run_id': 'scheduled__2023-06-24T06:42:00+00:00',","chan":"stdout","logger":"task"}
{"timestamp":"2025-07-29T19:52:19.331524Z","level":"info","event":" 'task': <Task(PythonOperator): python>,","chan":"stdout","logger":"task"}
{"timestamp":"2025-07-29T19:52:19.331599Z","level":"info","event":" 'task_instance': RuntimeTaskInstance(id=UUID('019857be-2d5f-7a3e-b72e-7be628ea7d8e'), task_id='python', dag_id='python_operator_v1', run_id='scheduled__2023-06-24T06:42:00+00:00', try_number=1, map_index=-1, hostname='bf6f1e7a6f11', context_carrier={}, task=<Task(PythonOperator): python>, bundle_instance=LocalDagBundle(name=dags-folder), max_tries=0, start_date=datetime.datetime(2025, 7, 29, 19, 52, 18, 602609, tzinfo=datetime.timezone.utc), end_date=None, state=<TaskInstanceState.RUNNING: 'running'>, is_mapped=False, rendered_map_index=None, log_url='http://localhost:8080/dags/python_operator_v1/runs/scheduled__2023-06-24T06%3A42%3A00%2B00%3A00/tasks/python?try_number=1'),","chan":"stdout","logger":"task"}
{"timestamp":"2025-07-29T19:52:19.331660Z","level":"info","event":" 'task_instance_key_str': 'python_operator_v1__python__20230624',","chan":"stdout","logger":"task"}
{"timestamp":"2025-07-29T19:52:19.331706Z","level":"info","event":" 'task_reschedule_count': 0,","chan":"stdout","logger":"task"}
{"timestamp":"2025-07-29T19:52:19.331749Z","level":"info","event":" 'templates_dict': None,","chan":"stdout","logger":"task"}
{"timestamp":"2025-07-29T19:52:19.331791Z","level":"info","event":" 'ti': RuntimeTaskInstance(id=UUID('019857be-2d5f-7a3e-b72e-7be628ea7d8e'), task_id='python', dag_id='python_operator_v1', run_id='scheduled__2023-06-24T06:42:00+00:00', try_number=1, map_index=-1, hostname='bf6f1e7a6f11', context_carrier={}, task=<Task(PythonOperator): python>, bundle_instance=LocalDagBundle(name=dags-folder), max_tries=0, start_date=datetime.datetime(2025, 7, 29, 19, 52, 18, 602609, tzinfo=datetime.timezone.utc), end_date=None, state=<TaskInstanceState.RUNNING: 'running'>, is_mapped=False, rendered_map_index=None, log_url='http://localhost:8080/dags/python_operator_v1/runs/scheduled__2023-06-24T06%3A42%3A00%2B00%3A00/tasks/python?try_number=1'),","chan":"stdout","logger":"task"}
{"timestamp":"2025-07-29T19:52:19.331835Z","level":"info","event":" 'triggering_asset_events': TriggeringAssetEventsAccessor(_events=defaultdict(<class 'list'>, {})),","chan":"stdout","logger":"task"}
{"timestamp":"2025-07-29T19:52:19.331878Z","level":"info","event":" 'ts': '2023-06-24T06:42:00+00:00',","chan":"stdout","logger":"task"}
{"timestamp":"2025-07-29T19:52:19.331918Z","level":"info","event":" 'ts_nodash': '20230624T064200',","chan":"stdout","logger":"task"}
{"timestamp":"2025-07-29T19:52:19.331959Z","level":"info","event":" 'ts_nodash_with_tz': '20230624T064200+0000',","chan":"stdout","logger":"task"}
{"timestamp":"2025-07-29T19:52:19.332050Z","level":"info","event":" 'var': {'json': <VariableAccessor (dynamic access)>,","chan":"stdout","logger":"task"}
{"timestamp":"2025-07-29T19:52:19.332159Z","level":"info","event":"         'value': <VariableAccessor (dynamic access)>}}","chan":"stdout","logger":"task"}
{"timestamp":"2025-07-29T19:52:19.331809","level":"info","event":"Done. Returned value was: 123","logger":"airflow.task.operators.airflow.providers.standard.operators.python.PythonOperator"}
{"timestamp":"2025-07-29T19:52:19.332023","level":"info","event":"Pushing xcom","ti":"RuntimeTaskInstance(id=UUID('019857be-2d5f-7a3e-b72e-7be628ea7d8e'), task_id='python', dag_id='python_operator_v1', run_id='scheduled__2023-06-24T06:42:00+00:00', try_number=1, map_index=-1, hostname='bf6f1e7a6f11', context_carrier={}, task=<Task(PythonOperator): python>, bundle_instance=LocalDagBundle(name=dags-folder), max_tries=0, start_date=datetime.datetime(2025, 7, 29, 19, 52, 18, 602609, tzinfo=datetime.timezone.utc), end_date=None, state=<TaskInstanceState.RUNNING: 'running'>, is_mapped=False, rendered_map_index=None, log_url='http://localhost:8080/dags/python_operator_v1/runs/scheduled__2023-06-24T06%3A42%3A00%2B00%3A00/tasks/python?try_number=1')","logger":"task"}
{"timestamp":"2025-07-29T19:52:19.357992Z","level":"info","event":"Task instance in success state","chan":"stdout","logger":"task"}
{"timestamp":"2025-07-29T19:52:19.358139Z","level":"info","event":" Previous state of the Task instance: TaskInstanceState.RUNNING","chan":"stdout","logger":"task"}
{"timestamp":"2025-07-29T19:52:19.358230Z","level":"info","event":"Task operator:<Task(PythonOperator): python>","chan":"stdout","logger":"task"}
