{"timestamp":"2025-07-29T20:07:57.896467","level":"info","event":"DAG bundles loaded: dags-folder, example_dags","logger":"airflow.dag_processing.bundles.manager.DagBundlesManager"}
{"timestamp":"2025-07-29T20:07:57.897632","level":"info","event":"Filling up the DagBag from /opt/airflow/dags/3_dag_principal.py","logger":"airflow.models.dagbag.DagBag"}
{"timestamp":"2025-07-29T20:07:57.932153Z","level":"info","event":"Task instance is in running state","chan":"stdout","logger":"task"}
{"timestamp":"2025-07-29T20:07:57.932338Z","level":"info","event":" Previous state of the Task instance: TaskInstanceState.QUEUED","chan":"stdout","logger":"task"}
{"timestamp":"2025-07-29T20:07:57.932749Z","level":"info","event":"Current task name:python_principal","chan":"stdout","logger":"task"}
{"timestamp":"2025-07-29T20:07:57.932831Z","level":"info","event":"Dag name:3_DAG_principal","chan":"stdout","logger":"task"}
{"timestamp":"2025-07-29T20:07:57.933804Z","level":"info","event":"DAG principal","chan":"stdout","logger":"task"}
{"timestamp":"2025-07-29T20:07:57.934383Z","level":"info","event":"{'conn': <ConnectionAccessor (dynamic access)>,","chan":"stdout","logger":"task"}
{"timestamp":"2025-07-29T20:07:57.934463Z","level":"info","event":" 'dag': <DAG: 3_DAG_principal>,","chan":"stdout","logger":"task"}
{"timestamp":"2025-07-29T20:07:57.934555Z","level":"info","event":" 'dag_run': DagRun(dag_id='3_DAG_principal', run_id='scheduled__2024-11-05T20:00:00+00:00', logical_date=datetime.datetime(2024, 11, 5, 20, 0, tzinfo=datetime.timezone.utc), data_interval_start=datetime.datetime(2024, 11, 5, 20, 0, tzinfo=datetime.timezone.utc), data_interval_end=datetime.datetime(2024, 11, 5, 20, 0, tzinfo=datetime.timezone.utc), run_after=datetime.datetime(2024, 11, 5, 20, 0, tzinfo=datetime.timezone.utc), start_date=datetime.datetime(2025, 7, 29, 20, 7, 56, 696001, tzinfo=datetime.timezone.utc), end_date=None, clear_number=0, run_type=<DagRunType.SCHEDULED: 'scheduled'>, conf={}, consumed_asset_events=[]),","chan":"stdout","logger":"task"}
{"timestamp":"2025-07-29T20:07:57.934630Z","level":"info","event":" 'data_interval_end': DateTime(2024, 11, 5, 20, 0, 0, tzinfo=Timezone('UTC')),","chan":"stdout","logger":"task"}
{"timestamp":"2025-07-29T20:07:57.934685Z","level":"info","event":" 'data_interval_start': DateTime(2024, 11, 5, 20, 0, 0, tzinfo=Timezone('UTC')),","chan":"stdout","logger":"task"}
{"timestamp":"2025-07-29T20:07:57.934729Z","level":"info","event":" 'ds': '2024-11-05',","chan":"stdout","logger":"task"}
{"timestamp":"2025-07-29T20:07:57.934771Z","level":"info","event":" 'ds_nodash': '20241105',","chan":"stdout","logger":"task"}
{"timestamp":"2025-07-29T20:07:57.934812Z","level":"info","event":" 'inlet_events': InletEventsAccessors(_inlets=[], _assets={}, _asset_aliases={}),","chan":"stdout","logger":"task"}
{"timestamp":"2025-07-29T20:07:57.934852Z","level":"info","event":" 'inlets': [],","chan":"stdout","logger":"task"}
{"timestamp":"2025-07-29T20:07:57.934893Z","level":"info","event":" 'logical_date': DateTime(2024, 11, 5, 20, 0, 0, tzinfo=Timezone('UTC')),","chan":"stdout","logger":"task"}
{"timestamp":"2025-07-29T20:07:57.934934Z","level":"info","event":" 'macros': <MacrosAccessor (dynamic access to macros)>,","chan":"stdout","logger":"task"}
{"timestamp":"2025-07-29T20:07:57.934975Z","level":"info","event":" 'map_index_template': None,","chan":"stdout","logger":"task"}
{"timestamp":"2025-07-29T20:07:57.935015Z","level":"info","event":" 'outlet_events': <airflow.sdk.execution_time.context.OutletEventAccessors object at 0x7fb67ebe4f20>,","chan":"stdout","logger":"task"}
{"timestamp":"2025-07-29T20:07:57.935055Z","level":"info","event":" 'outlets': [],","chan":"stdout","logger":"task"}
{"timestamp":"2025-07-29T20:07:57.935096Z","level":"info","event":" 'params': {},","chan":"stdout","logger":"task"}
{"timestamp":"2025-07-29T20:07:57.947403Z","level":"info","event":" 'prev_data_interval_end_success': <Proxy at 0x7fb66fca10a0 with factory <function RuntimeTaskInstance.get_template_context.<locals>.<lambda> at 0x7fb66fcb6660>>,","chan":"stdout","logger":"task"}
{"timestamp":"2025-07-29T20:07:57.947590Z","level":"info","event":" 'prev_data_interval_start_success': <Proxy at 0x7fb66fca0ec0 with factory <function RuntimeTaskInstance.get_template_context.<locals>.<lambda> at 0x7fb66fcb4ea0>>,","chan":"stdout","logger":"task"}
{"timestamp":"2025-07-29T20:07:57.947656Z","level":"info","event":" 'prev_end_date_success': <Proxy at 0x7fb66fca12e0 with factory <function RuntimeTaskInstance.get_template_context.<locals>.<lambda> at 0x7fb66fcb6700>>,","chan":"stdout","logger":"task"}
{"timestamp":"2025-07-29T20:07:57.947705Z","level":"info","event":" 'prev_start_date_success': <Proxy at 0x7fb66fca1370 with factory <function RuntimeTaskInstance.get_template_context.<locals>.<lambda> at 0x7fb66fcb5440>>,","chan":"stdout","logger":"task"}
{"timestamp":"2025-07-29T20:07:57.947805Z","level":"info","event":" 'run_id': 'scheduled__2024-11-05T20:00:00+00:00',","chan":"stdout","logger":"task"}
{"timestamp":"2025-07-29T20:07:57.947855Z","level":"info","event":" 'task': <Task(PythonOperator): python_principal>,","chan":"stdout","logger":"task"}
{"timestamp":"2025-07-29T20:07:57.947901Z","level":"info","event":" 'task_instance': RuntimeTaskInstance(id=UUID('019857cc-7ff5-724b-821e-2d686a164aa1'), task_id='python_principal', dag_id='3_DAG_principal', run_id='scheduled__2024-11-05T20:00:00+00:00', try_number=1, map_index=-1, hostname='bf6f1e7a6f11', context_carrier={}, task=<Task(PythonOperator): python_principal>, bundle_instance=LocalDagBundle(name=dags-folder), max_tries=0, start_date=datetime.datetime(2025, 7, 29, 20, 7, 57, 312352, tzinfo=datetime.timezone.utc), end_date=None, state=<TaskInstanceState.RUNNING: 'running'>, is_mapped=False, rendered_map_index=None, log_url='http://localhost:8080/dags/3_DAG_principal/runs/scheduled__2024-11-05T20%3A00%3A00%2B00%3A00/tasks/python_principal?try_number=1'),","chan":"stdout","logger":"task"}
{"timestamp":"2025-07-29T20:07:57.947947Z","level":"info","event":" 'task_instance_key_str': '3_DAG_principal__python_principal__20241105',","chan":"stdout","logger":"task"}
{"timestamp":"2025-07-29T20:07:57.947989Z","level":"info","event":" 'task_reschedule_count': 0,","chan":"stdout","logger":"task"}
{"timestamp":"2025-07-29T20:07:57.948031Z","level":"info","event":" 'templates_dict': None,","chan":"stdout","logger":"task"}
{"timestamp":"2025-07-29T20:07:57.948105Z","level":"info","event":" 'ti': RuntimeTaskInstance(id=UUID('019857cc-7ff5-724b-821e-2d686a164aa1'), task_id='python_principal', dag_id='3_DAG_principal', run_id='scheduled__2024-11-05T20:00:00+00:00', try_number=1, map_index=-1, hostname='bf6f1e7a6f11', context_carrier={}, task=<Task(PythonOperator): python_principal>, bundle_instance=LocalDagBundle(name=dags-folder), max_tries=0, start_date=datetime.datetime(2025, 7, 29, 20, 7, 57, 312352, tzinfo=datetime.timezone.utc), end_date=None, state=<TaskInstanceState.RUNNING: 'running'>, is_mapped=False, rendered_map_index=None, log_url='http://localhost:8080/dags/3_DAG_principal/runs/scheduled__2024-11-05T20%3A00%3A00%2B00%3A00/tasks/python_principal?try_number=1'),","chan":"stdout","logger":"task"}
{"timestamp":"2025-07-29T20:07:57.948156Z","level":"info","event":" 'triggering_asset_events': TriggeringAssetEventsAccessor(_events=defaultdict(<class 'list'>, {})),","chan":"stdout","logger":"task"}
{"timestamp":"2025-07-29T20:07:57.948236Z","level":"info","event":" 'ts': '2024-11-05T20:00:00+00:00',","chan":"stdout","logger":"task"}
{"timestamp":"2025-07-29T20:07:57.948285Z","level":"info","event":" 'ts_nodash': '20241105T200000',","chan":"stdout","logger":"task"}
{"timestamp":"2025-07-29T20:07:57.948327Z","level":"info","event":" 'ts_nodash_with_tz': '20241105T200000+0000',","chan":"stdout","logger":"task"}
{"timestamp":"2025-07-29T20:07:57.948368Z","level":"info","event":" 'var': {'json': <VariableAccessor (dynamic access)>,","chan":"stdout","logger":"task"}
{"timestamp":"2025-07-29T20:07:57.948409Z","level":"info","event":"         'value': <VariableAccessor (dynamic access)>}}","chan":"stdout","logger":"task"}
{"timestamp":"2025-07-29T20:07:57.947776","level":"info","event":"Done. Returned value was: principal","logger":"airflow.task.operators.airflow.providers.standard.operators.python.PythonOperator"}
{"timestamp":"2025-07-29T20:07:57.947960","level":"info","event":"Pushing xcom","ti":"RuntimeTaskInstance(id=UUID('019857cc-7ff5-724b-821e-2d686a164aa1'), task_id='python_principal', dag_id='3_DAG_principal', run_id='scheduled__2024-11-05T20:00:00+00:00', try_number=1, map_index=-1, hostname='bf6f1e7a6f11', context_carrier={}, task=<Task(PythonOperator): python_principal>, bundle_instance=LocalDagBundle(name=dags-folder), max_tries=0, start_date=datetime.datetime(2025, 7, 29, 20, 7, 57, 312352, tzinfo=datetime.timezone.utc), end_date=None, state=<TaskInstanceState.RUNNING: 'running'>, is_mapped=False, rendered_map_index=None, log_url='http://localhost:8080/dags/3_DAG_principal/runs/scheduled__2024-11-05T20%3A00%3A00%2B00%3A00/tasks/python_principal?try_number=1')","logger":"task"}
{"timestamp":"2025-07-29T20:07:57.982211Z","level":"info","event":"Task instance in success state","chan":"stdout","logger":"task"}
{"timestamp":"2025-07-29T20:07:57.982342Z","level":"info","event":" Previous state of the Task instance: TaskInstanceState.RUNNING","chan":"stdout","logger":"task"}
{"timestamp":"2025-07-29T20:07:57.982434Z","level":"info","event":"Task operator:<Task(PythonOperator): python_principal>","chan":"stdout","logger":"task"}
