{"timestamp":"2025-07-29T19:43:17.885024","level":"info","event":"DAG bundles loaded: dags-folder, example_dags","logger":"airflow.dag_processing.bundles.manager.DagBundlesManager"}
{"timestamp":"2025-07-29T19:43:17.885573","level":"info","event":"Filling up the DagBag from /opt/airflow/dags/python_operator_v1.py","logger":"airflow.models.dagbag.DagBag"}
{"timestamp":"2025-07-29T19:43:17.916859Z","level":"info","event":"Task instance is in running state","chan":"stdout","logger":"task"}
{"timestamp":"2025-07-29T19:43:17.917025Z","level":"info","event":" Previous state of the Task instance: TaskInstanceState.QUEUED","chan":"stdout","logger":"task"}
{"timestamp":"2025-07-29T19:43:17.917736Z","level":"info","event":"Current task name:python","chan":"stdout","logger":"task"}
{"timestamp":"2025-07-29T19:43:17.917834Z","level":"info","event":"Dag name:python_operator_v1","chan":"stdout","logger":"task"}
{"timestamp":"2025-07-29T19:43:17.919053Z","level":"info","event":"poliana","chan":"stdout","logger":"task"}
{"timestamp":"2025-07-29T19:43:17.919749Z","level":"info","event":"{'conn': <ConnectionAccessor (dynamic access)>,","chan":"stdout","logger":"task"}
{"timestamp":"2025-07-29T19:43:17.919872Z","level":"info","event":" 'dag': <DAG: python_operator_v1>,","chan":"stdout","logger":"task"}
{"timestamp":"2025-07-29T19:43:17.920048Z","level":"info","event":" 'dag_run': DagRun(dag_id='python_operator_v1', run_id='scheduled__2023-06-23T20:39:00+00:00', logical_date=datetime.datetime(2023, 6, 23, 20, 39, tzinfo=datetime.timezone.utc), data_interval_start=datetime.datetime(2023, 6, 23, 20, 39, tzinfo=datetime.timezone.utc), data_interval_end=datetime.datetime(2023, 6, 23, 20, 39, tzinfo=datetime.timezone.utc), run_after=datetime.datetime(2023, 6, 23, 20, 39, tzinfo=datetime.timezone.utc), start_date=datetime.datetime(2025, 7, 29, 19, 43, 17, 108271, tzinfo=datetime.timezone.utc), end_date=None, clear_number=0, run_type=<DagRunType.SCHEDULED: 'scheduled'>, conf={}, consumed_asset_events=[]),","chan":"stdout","logger":"task"}
{"timestamp":"2025-07-29T19:43:17.920194Z","level":"info","event":" 'data_interval_end': DateTime(2023, 6, 23, 20, 39, 0, tzinfo=Timezone('UTC')),","chan":"stdout","logger":"task"}
{"timestamp":"2025-07-29T19:43:17.920282Z","level":"info","event":" 'data_interval_start': DateTime(2023, 6, 23, 20, 39, 0, tzinfo=Timezone('UTC')),","chan":"stdout","logger":"task"}
{"timestamp":"2025-07-29T19:43:17.920356Z","level":"info","event":" 'ds': '2023-06-23',","chan":"stdout","logger":"task"}
{"timestamp":"2025-07-29T19:43:17.920426Z","level":"info","event":" 'ds_nodash': '20230623',","chan":"stdout","logger":"task"}
{"timestamp":"2025-07-29T19:43:17.920495Z","level":"info","event":" 'inlet_events': InletEventsAccessors(_inlets=[], _assets={}, _asset_aliases={}),","chan":"stdout","logger":"task"}
{"timestamp":"2025-07-29T19:43:17.920549Z","level":"info","event":" 'inlets': [],","chan":"stdout","logger":"task"}
{"timestamp":"2025-07-29T19:43:17.920594Z","level":"info","event":" 'logical_date': DateTime(2023, 6, 23, 20, 39, 0, tzinfo=Timezone('UTC')),","chan":"stdout","logger":"task"}
{"timestamp":"2025-07-29T19:43:17.920636Z","level":"info","event":" 'macros': <MacrosAccessor (dynamic access to macros)>,","chan":"stdout","logger":"task"}
{"timestamp":"2025-07-29T19:43:17.920678Z","level":"info","event":" 'map_index_template': None,","chan":"stdout","logger":"task"}
{"timestamp":"2025-07-29T19:43:17.920719Z","level":"info","event":" 'outlet_events': <airflow.sdk.execution_time.context.OutletEventAccessors object at 0x7fb67ebff560>,","chan":"stdout","logger":"task"}
{"timestamp":"2025-07-29T19:43:17.920760Z","level":"info","event":" 'outlets': [],","chan":"stdout","logger":"task"}
{"timestamp":"2025-07-29T19:43:17.920801Z","level":"info","event":" 'params': {},","chan":"stdout","logger":"task"}
{"timestamp":"2025-07-29T19:43:17.929650Z","level":"info","event":" 'prev_data_interval_end_success': <Proxy at 0x7fb66fdbd4c0 with factory <function RuntimeTaskInstance.get_template_context.<locals>.<lambda> at 0x7fb66fdd4220>>,","chan":"stdout","logger":"task"}
{"timestamp":"2025-07-29T19:43:17.929842Z","level":"info","event":" 'prev_data_interval_start_success': <Proxy at 0x7fb677a7cad0 with factory <function RuntimeTaskInstance.get_template_context.<locals>.<lambda> at 0x7fb66fdd5940>>,","chan":"stdout","logger":"task"}
{"timestamp":"2025-07-29T19:43:17.929911Z","level":"info","event":" 'prev_end_date_success': <Proxy at 0x7fb67ebe65d0 with factory <function RuntimeTaskInstance.get_template_context.<locals>.<lambda> at 0x7fb66fdd59e0>>,","chan":"stdout","logger":"task"}
{"timestamp":"2025-07-29T19:43:17.929963Z","level":"info","event":" 'prev_start_date_success': <Proxy at 0x7fb67ebe59a0 with factory <function RuntimeTaskInstance.get_template_context.<locals>.<lambda> at 0x7fb66fdd4720>>,","chan":"stdout","logger":"task"}
{"timestamp":"2025-07-29T19:43:17.930010Z","level":"info","event":" 'run_id': 'scheduled__2023-06-23T20:39:00+00:00',","chan":"stdout","logger":"task"}
{"timestamp":"2025-07-29T19:43:17.930053Z","level":"info","event":" 'task': <Task(PythonOperator): python>,","chan":"stdout","logger":"task"}
{"timestamp":"2025-07-29T19:43:17.930099Z","level":"info","event":" 'task_instance': RuntimeTaskInstance(id=UUID('019857b5-ec71-70ca-a0bf-714410ba8f28'), task_id='python', dag_id='python_operator_v1', run_id='scheduled__2023-06-23T20:39:00+00:00', try_number=1, map_index=-1, hostname='bf6f1e7a6f11', context_carrier={}, task=<Task(PythonOperator): python>, bundle_instance=LocalDagBundle(name=dags-folder), max_tries=0, start_date=datetime.datetime(2025, 7, 29, 19, 43, 17, 300662, tzinfo=datetime.timezone.utc), end_date=None, state=<TaskInstanceState.RUNNING: 'running'>, is_mapped=False, rendered_map_index=None, log_url='http://localhost:8080/dags/python_operator_v1/runs/scheduled__2023-06-23T20%3A39%3A00%2B00%3A00/tasks/python?try_number=1'),","chan":"stdout","logger":"task"}
{"timestamp":"2025-07-29T19:43:17.930143Z","level":"info","event":" 'task_instance_key_str': 'python_operator_v1__python__20230623',","chan":"stdout","logger":"task"}
{"timestamp":"2025-07-29T19:43:17.930185Z","level":"info","event":" 'task_reschedule_count': 0,","chan":"stdout","logger":"task"}
{"timestamp":"2025-07-29T19:43:17.930226Z","level":"info","event":" 'templates_dict': None,","chan":"stdout","logger":"task"}
{"timestamp":"2025-07-29T19:43:17.930270Z","level":"info","event":" 'ti': RuntimeTaskInstance(id=UUID('019857b5-ec71-70ca-a0bf-714410ba8f28'), task_id='python', dag_id='python_operator_v1', run_id='scheduled__2023-06-23T20:39:00+00:00', try_number=1, map_index=-1, hostname='bf6f1e7a6f11', context_carrier={}, task=<Task(PythonOperator): python>, bundle_instance=LocalDagBundle(name=dags-folder), max_tries=0, start_date=datetime.datetime(2025, 7, 29, 19, 43, 17, 300662, tzinfo=datetime.timezone.utc), end_date=None, state=<TaskInstanceState.RUNNING: 'running'>, is_mapped=False, rendered_map_index=None, log_url='http://localhost:8080/dags/python_operator_v1/runs/scheduled__2023-06-23T20%3A39%3A00%2B00%3A00/tasks/python?try_number=1'),","chan":"stdout","logger":"task"}
{"timestamp":"2025-07-29T19:43:17.930341Z","level":"info","event":" 'triggering_asset_events': TriggeringAssetEventsAccessor(_events=defaultdict(<class 'list'>, {})),","chan":"stdout","logger":"task"}
{"timestamp":"2025-07-29T19:43:17.930389Z","level":"info","event":" 'ts': '2023-06-23T20:39:00+00:00',","chan":"stdout","logger":"task"}
{"timestamp":"2025-07-29T19:43:17.930431Z","level":"info","event":" 'ts_nodash': '20230623T203900',","chan":"stdout","logger":"task"}
{"timestamp":"2025-07-29T19:43:17.930473Z","level":"info","event":" 'ts_nodash_with_tz': '20230623T203900+0000',","chan":"stdout","logger":"task"}
{"timestamp":"2025-07-29T19:43:17.930515Z","level":"info","event":" 'var': {'json': <VariableAccessor (dynamic access)>,","chan":"stdout","logger":"task"}
{"timestamp":"2025-07-29T19:43:17.930555Z","level":"info","event":"         'value': <VariableAccessor (dynamic access)>}}","chan":"stdout","logger":"task"}
{"timestamp":"2025-07-29T19:43:17.930331","level":"info","event":"Done. Returned value was: 123","logger":"airflow.task.operators.airflow.providers.standard.operators.python.PythonOperator"}
{"timestamp":"2025-07-29T19:43:17.930506","level":"info","event":"Pushing xcom","ti":"RuntimeTaskInstance(id=UUID('019857b5-ec71-70ca-a0bf-714410ba8f28'), task_id='python', dag_id='python_operator_v1', run_id='scheduled__2023-06-23T20:39:00+00:00', try_number=1, map_index=-1, hostname='bf6f1e7a6f11', context_carrier={}, task=<Task(PythonOperator): python>, bundle_instance=LocalDagBundle(name=dags-folder), max_tries=0, start_date=datetime.datetime(2025, 7, 29, 19, 43, 17, 300662, tzinfo=datetime.timezone.utc), end_date=None, state=<TaskInstanceState.RUNNING: 'running'>, is_mapped=False, rendered_map_index=None, log_url='http://localhost:8080/dags/python_operator_v1/runs/scheduled__2023-06-23T20%3A39%3A00%2B00%3A00/tasks/python?try_number=1')","logger":"task"}
{"timestamp":"2025-07-29T19:43:17.954239Z","level":"info","event":"Task instance in success state","chan":"stdout","logger":"task"}
{"timestamp":"2025-07-29T19:43:17.954384Z","level":"info","event":" Previous state of the Task instance: TaskInstanceState.RUNNING","chan":"stdout","logger":"task"}
{"timestamp":"2025-07-29T19:43:17.954569Z","level":"info","event":"Task operator:<Task(PythonOperator): python>","chan":"stdout","logger":"task"}
