{"timestamp":"2025-07-29T19:40:44.660354","level":"info","event":"DAG bundles loaded: dags-folder, example_dags","logger":"airflow.dag_processing.bundles.manager.DagBundlesManager"}
{"timestamp":"2025-07-29T19:40:44.661468","level":"info","event":"Filling up the DagBag from /opt/airflow/dags/python_operator_v1.py","logger":"airflow.models.dagbag.DagBag"}
{"timestamp":"2025-07-29T19:40:44.691006Z","level":"info","event":"Task instance is in running state","chan":"stdout","logger":"task"}
{"timestamp":"2025-07-29T19:40:44.691229Z","level":"info","event":" Previous state of the Task instance: TaskInstanceState.QUEUED","chan":"stdout","logger":"task"}
{"timestamp":"2025-07-29T19:40:44.691752Z","level":"info","event":"Current task name:python","chan":"stdout","logger":"task"}
{"timestamp":"2025-07-29T19:40:44.691858Z","level":"info","event":"Dag name:python_operator_v1","chan":"stdout","logger":"task"}
{"timestamp":"2025-07-29T19:40:44.693102Z","level":"info","event":"poliana","chan":"stdout","logger":"task"}
{"timestamp":"2025-07-29T19:40:44.693787Z","level":"info","event":"{'conn': <ConnectionAccessor (dynamic access)>,","chan":"stdout","logger":"task"}
{"timestamp":"2025-07-29T19:40:44.693924Z","level":"info","event":" 'dag': <DAG: python_operator_v1>,","chan":"stdout","logger":"task"}
{"timestamp":"2025-07-29T19:40:44.694064Z","level":"info","event":" 'dag_run': DagRun(dag_id='python_operator_v1', run_id='scheduled__2023-06-23T17:53:00+00:00', logical_date=datetime.datetime(2023, 6, 23, 17, 53, tzinfo=datetime.timezone.utc), data_interval_start=datetime.datetime(2023, 6, 23, 17, 53, tzinfo=datetime.timezone.utc), data_interval_end=datetime.datetime(2023, 6, 23, 17, 53, tzinfo=datetime.timezone.utc), run_after=datetime.datetime(2023, 6, 23, 17, 53, tzinfo=datetime.timezone.utc), start_date=datetime.datetime(2025, 7, 29, 19, 40, 43, 728104, tzinfo=datetime.timezone.utc), end_date=None, clear_number=0, run_type=<DagRunType.SCHEDULED: 'scheduled'>, conf={}, consumed_asset_events=[]),","chan":"stdout","logger":"task"}
{"timestamp":"2025-07-29T19:40:44.694143Z","level":"info","event":" 'data_interval_end': DateTime(2023, 6, 23, 17, 53, 0, tzinfo=Timezone('UTC')),","chan":"stdout","logger":"task"}
{"timestamp":"2025-07-29T19:40:44.694202Z","level":"info","event":" 'data_interval_start': DateTime(2023, 6, 23, 17, 53, 0, tzinfo=Timezone('UTC')),","chan":"stdout","logger":"task"}
{"timestamp":"2025-07-29T19:40:44.694260Z","level":"info","event":" 'ds': '2023-06-23',","chan":"stdout","logger":"task"}
{"timestamp":"2025-07-29T19:40:44.694319Z","level":"info","event":" 'ds_nodash': '20230623',","chan":"stdout","logger":"task"}
{"timestamp":"2025-07-29T19:40:44.694375Z","level":"info","event":" 'inlet_events': InletEventsAccessors(_inlets=[], _assets={}, _asset_aliases={}),","chan":"stdout","logger":"task"}
{"timestamp":"2025-07-29T19:40:44.694430Z","level":"info","event":" 'inlets': [],","chan":"stdout","logger":"task"}
{"timestamp":"2025-07-29T19:40:44.694486Z","level":"info","event":" 'logical_date': DateTime(2023, 6, 23, 17, 53, 0, tzinfo=Timezone('UTC')),","chan":"stdout","logger":"task"}
{"timestamp":"2025-07-29T19:40:44.694541Z","level":"info","event":" 'macros': <MacrosAccessor (dynamic access to macros)>,","chan":"stdout","logger":"task"}
{"timestamp":"2025-07-29T19:40:44.694596Z","level":"info","event":" 'map_index_template': None,","chan":"stdout","logger":"task"}
{"timestamp":"2025-07-29T19:40:44.694694Z","level":"info","event":" 'outlet_events': <airflow.sdk.execution_time.context.OutletEventAccessors object at 0x7fb678397f20>,","chan":"stdout","logger":"task"}
{"timestamp":"2025-07-29T19:40:44.694759Z","level":"info","event":" 'outlets': [],","chan":"stdout","logger":"task"}
{"timestamp":"2025-07-29T19:40:44.694815Z","level":"info","event":" 'params': {},","chan":"stdout","logger":"task"}
{"timestamp":"2025-07-29T19:40:44.705545Z","level":"info","event":" 'prev_data_interval_end_success': <Proxy at 0x7fb66fc9de80 with factory <function RuntimeTaskInstance.get_template_context.<locals>.<lambda> at 0x7fb66fcc8fe0>>,","chan":"stdout","logger":"task"}
{"timestamp":"2025-07-29T19:40:44.705799Z","level":"info","event":" 'prev_data_interval_start_success': <Proxy at 0x7fb66fe5dc70 with factory <function RuntimeTaskInstance.get_template_context.<locals>.<lambda> at 0x7fb66fcabe20>>,","chan":"stdout","logger":"task"}
{"timestamp":"2025-07-29T19:40:44.705895Z","level":"info","event":" 'prev_end_date_success': <Proxy at 0x7fb66fd7f410 with factory <function RuntimeTaskInstance.get_template_context.<locals>.<lambda> at 0x7fb66fcab7e0>>,","chan":"stdout","logger":"task"}
{"timestamp":"2025-07-29T19:40:44.705975Z","level":"info","event":" 'prev_start_date_success': <Proxy at 0x7fb66fd4afc0 with factory <function RuntimeTaskInstance.get_template_context.<locals>.<lambda> at 0x7fb66fcabce0>>,","chan":"stdout","logger":"task"}
{"timestamp":"2025-07-29T19:40:44.706046Z","level":"info","event":" 'run_id': 'scheduled__2023-06-23T17:53:00+00:00',","chan":"stdout","logger":"task"}
{"timestamp":"2025-07-29T19:40:44.706112Z","level":"info","event":" 'task': <Task(PythonOperator): python>,","chan":"stdout","logger":"task"}
{"timestamp":"2025-07-29T19:40:44.706176Z","level":"info","event":" 'task_instance': RuntimeTaskInstance(id=UUID('019857b3-954a-78cf-a891-234a5b2b1c0d'), task_id='python', dag_id='python_operator_v1', run_id='scheduled__2023-06-23T17:53:00+00:00', try_number=1, map_index=-1, hostname='bf6f1e7a6f11', context_carrier={}, task=<Task(PythonOperator): python>, bundle_instance=LocalDagBundle(name=dags-folder), max_tries=0, start_date=datetime.datetime(2025, 7, 29, 19, 40, 44, 12602, tzinfo=datetime.timezone.utc), end_date=None, state=<TaskInstanceState.RUNNING: 'running'>, is_mapped=False, rendered_map_index=None, log_url='http://localhost:8080/dags/python_operator_v1/runs/scheduled__2023-06-23T17%3A53%3A00%2B00%3A00/tasks/python?try_number=1'),","chan":"stdout","logger":"task"}
{"timestamp":"2025-07-29T19:40:44.706254Z","level":"info","event":" 'task_instance_key_str': 'python_operator_v1__python__20230623',","chan":"stdout","logger":"task"}
{"timestamp":"2025-07-29T19:40:44.706318Z","level":"info","event":" 'task_reschedule_count': 0,","chan":"stdout","logger":"task"}
{"timestamp":"2025-07-29T19:40:44.706379Z","level":"info","event":" 'templates_dict': None,","chan":"stdout","logger":"task"}
{"timestamp":"2025-07-29T19:40:44.706441Z","level":"info","event":" 'ti': RuntimeTaskInstance(id=UUID('019857b3-954a-78cf-a891-234a5b2b1c0d'), task_id='python', dag_id='python_operator_v1', run_id='scheduled__2023-06-23T17:53:00+00:00', try_number=1, map_index=-1, hostname='bf6f1e7a6f11', context_carrier={}, task=<Task(PythonOperator): python>, bundle_instance=LocalDagBundle(name=dags-folder), max_tries=0, start_date=datetime.datetime(2025, 7, 29, 19, 40, 44, 12602, tzinfo=datetime.timezone.utc), end_date=None, state=<TaskInstanceState.RUNNING: 'running'>, is_mapped=False, rendered_map_index=None, log_url='http://localhost:8080/dags/python_operator_v1/runs/scheduled__2023-06-23T17%3A53%3A00%2B00%3A00/tasks/python?try_number=1'),","chan":"stdout","logger":"task"}
{"timestamp":"2025-07-29T19:40:44.706514Z","level":"info","event":" 'triggering_asset_events': TriggeringAssetEventsAccessor(_events=defaultdict(<class 'list'>, {})),","chan":"stdout","logger":"task"}
{"timestamp":"2025-07-29T19:40:44.706581Z","level":"info","event":" 'ts': '2023-06-23T17:53:00+00:00',","chan":"stdout","logger":"task"}
{"timestamp":"2025-07-29T19:40:44.706649Z","level":"info","event":" 'ts_nodash': '20230623T175300',","chan":"stdout","logger":"task"}
{"timestamp":"2025-07-29T19:40:44.706718Z","level":"info","event":" 'ts_nodash_with_tz': '20230623T175300+0000',","chan":"stdout","logger":"task"}
{"timestamp":"2025-07-29T19:40:44.706841Z","level":"info","event":" 'var': {'json': <VariableAccessor (dynamic access)>,","chan":"stdout","logger":"task"}
{"timestamp":"2025-07-29T19:40:44.706919Z","level":"info","event":"         'value': <VariableAccessor (dynamic access)>}}","chan":"stdout","logger":"task"}
{"timestamp":"2025-07-29T19:40:44.706309","level":"info","event":"Done. Returned value was: 123","logger":"airflow.task.operators.airflow.providers.standard.operators.python.PythonOperator"}
{"timestamp":"2025-07-29T19:40:44.706502","level":"info","event":"Pushing xcom","ti":"RuntimeTaskInstance(id=UUID('019857b3-954a-78cf-a891-234a5b2b1c0d'), task_id='python', dag_id='python_operator_v1', run_id='scheduled__2023-06-23T17:53:00+00:00', try_number=1, map_index=-1, hostname='bf6f1e7a6f11', context_carrier={}, task=<Task(PythonOperator): python>, bundle_instance=LocalDagBundle(name=dags-folder), max_tries=0, start_date=datetime.datetime(2025, 7, 29, 19, 40, 44, 12602, tzinfo=datetime.timezone.utc), end_date=None, state=<TaskInstanceState.RUNNING: 'running'>, is_mapped=False, rendered_map_index=None, log_url='http://localhost:8080/dags/python_operator_v1/runs/scheduled__2023-06-23T17%3A53%3A00%2B00%3A00/tasks/python?try_number=1')","logger":"task"}
{"timestamp":"2025-07-29T19:40:44.739495Z","level":"info","event":"Task instance in success state","chan":"stdout","logger":"task"}
{"timestamp":"2025-07-29T19:40:44.739715Z","level":"info","event":" Previous state of the Task instance: TaskInstanceState.RUNNING","chan":"stdout","logger":"task"}
{"timestamp":"2025-07-29T19:40:44.739869Z","level":"info","event":"Task operator:<Task(PythonOperator): python>","chan":"stdout","logger":"task"}
