{"timestamp":"2025-07-29T20:02:35.523623","level":"info","event":"DAG bundles loaded: dags-folder, example_dags","logger":"airflow.dag_processing.bundles.manager.DagBundlesManager"}
{"timestamp":"2025-07-29T20:02:35.524195","level":"info","event":"Filling up the DagBag from /opt/airflow/dags/2_python_operator_v1.py","logger":"airflow.models.dagbag.DagBag"}
{"timestamp":"2025-07-29T20:02:35.553577Z","level":"info","event":"Task instance is in running state","chan":"stdout","logger":"task"}
{"timestamp":"2025-07-29T20:02:35.553857Z","level":"info","event":" Previous state of the Task instance: TaskInstanceState.QUEUED","chan":"stdout","logger":"task"}
{"timestamp":"2025-07-29T20:02:35.554499Z","level":"info","event":"Current task name:python","chan":"stdout","logger":"task"}
{"timestamp":"2025-07-29T20:02:35.554649Z","level":"info","event":"Dag name:python_operator_v1","chan":"stdout","logger":"task"}
{"timestamp":"2025-07-29T20:02:35.556060Z","level":"info","event":"poliana","chan":"stdout","logger":"task"}
{"timestamp":"2025-07-29T20:02:35.557027Z","level":"info","event":"{'conn': <ConnectionAccessor (dynamic access)>,","chan":"stdout","logger":"task"}
{"timestamp":"2025-07-29T20:02:35.557187Z","level":"info","event":" 'dag': <DAG: python_operator_v1>,","chan":"stdout","logger":"task"}
{"timestamp":"2025-07-29T20:02:35.557317Z","level":"info","event":" 'dag_run': DagRun(dag_id='python_operator_v1', run_id='scheduled__2023-06-24T16:43:00+00:00', logical_date=datetime.datetime(2023, 6, 24, 16, 43, tzinfo=datetime.timezone.utc), data_interval_start=datetime.datetime(2023, 6, 24, 16, 43, tzinfo=datetime.timezone.utc), data_interval_end=datetime.datetime(2023, 6, 24, 16, 43, tzinfo=datetime.timezone.utc), run_after=datetime.datetime(2023, 6, 24, 16, 43, tzinfo=datetime.timezone.utc), start_date=datetime.datetime(2025, 7, 29, 20, 2, 34, 359641, tzinfo=datetime.timezone.utc), end_date=None, clear_number=0, run_type=<DagRunType.SCHEDULED: 'scheduled'>, conf={}, consumed_asset_events=[]),","chan":"stdout","logger":"task"}
{"timestamp":"2025-07-29T20:02:35.557379Z","level":"info","event":" 'data_interval_end': DateTime(2023, 6, 24, 16, 43, 0, tzinfo=Timezone('UTC')),","chan":"stdout","logger":"task"}
{"timestamp":"2025-07-29T20:02:35.557425Z","level":"info","event":" 'data_interval_start': DateTime(2023, 6, 24, 16, 43, 0, tzinfo=Timezone('UTC')),","chan":"stdout","logger":"task"}
{"timestamp":"2025-07-29T20:02:35.557468Z","level":"info","event":" 'ds': '2023-06-24',","chan":"stdout","logger":"task"}
{"timestamp":"2025-07-29T20:02:35.557512Z","level":"info","event":" 'ds_nodash': '20230624',","chan":"stdout","logger":"task"}
{"timestamp":"2025-07-29T20:02:35.557555Z","level":"info","event":" 'inlet_events': InletEventsAccessors(_inlets=[], _assets={}, _asset_aliases={}),","chan":"stdout","logger":"task"}
{"timestamp":"2025-07-29T20:02:35.557595Z","level":"info","event":" 'inlets': [],","chan":"stdout","logger":"task"}
{"timestamp":"2025-07-29T20:02:35.557635Z","level":"info","event":" 'logical_date': DateTime(2023, 6, 24, 16, 43, 0, tzinfo=Timezone('UTC')),","chan":"stdout","logger":"task"}
{"timestamp":"2025-07-29T20:02:35.557675Z","level":"info","event":" 'macros': <MacrosAccessor (dynamic access to macros)>,","chan":"stdout","logger":"task"}
{"timestamp":"2025-07-29T20:02:35.557725Z","level":"info","event":" 'map_index_template': None,","chan":"stdout","logger":"task"}
{"timestamp":"2025-07-29T20:02:35.557773Z","level":"info","event":" 'outlet_events': <airflow.sdk.execution_time.context.OutletEventAccessors object at 0x7fb67e8565d0>,","chan":"stdout","logger":"task"}
{"timestamp":"2025-07-29T20:02:35.557819Z","level":"info","event":" 'outlets': [],","chan":"stdout","logger":"task"}
{"timestamp":"2025-07-29T20:02:35.557864Z","level":"info","event":" 'params': {},","chan":"stdout","logger":"task"}
{"timestamp":"2025-07-29T20:02:35.568836Z","level":"info","event":" 'prev_data_interval_end_success': <Proxy at 0x7fb66fddbb00 with factory <function RuntimeTaskInstance.get_template_context.<locals>.<lambda> at 0x7fb66fdfd6c0>>,","chan":"stdout","logger":"task"}
{"timestamp":"2025-07-29T20:02:35.569022Z","level":"info","event":" 'prev_data_interval_start_success': <Proxy at 0x7fb66fddbb30 with factory <function RuntimeTaskInstance.get_template_context.<locals>.<lambda> at 0x7fb66fdfede0>>,","chan":"stdout","logger":"task"}
{"timestamp":"2025-07-29T20:02:35.569091Z","level":"info","event":" 'prev_end_date_success': <Proxy at 0x7fb67e397e30 with factory <function RuntimeTaskInstance.get_template_context.<locals>.<lambda> at 0x7fb66fdfee80>>,","chan":"stdout","logger":"task"}
{"timestamp":"2025-07-29T20:02:35.569140Z","level":"info","event":" 'prev_start_date_success': <Proxy at 0x7fb66fddbb90 with factory <function RuntimeTaskInstance.get_template_context.<locals>.<lambda> at 0x7fb66fdfdbc0>>,","chan":"stdout","logger":"task"}
{"timestamp":"2025-07-29T20:02:35.569187Z","level":"info","event":" 'run_id': 'scheduled__2023-06-24T16:43:00+00:00',","chan":"stdout","logger":"task"}
{"timestamp":"2025-07-29T20:02:35.569234Z","level":"info","event":" 'task': <Task(PythonOperator): python>,","chan":"stdout","logger":"task"}
{"timestamp":"2025-07-29T20:02:35.569308Z","level":"info","event":" 'task_instance': RuntimeTaskInstance(id=UUID('019857c7-94ef-7d5d-9be2-8091616b092b'), task_id='python', dag_id='python_operator_v1', run_id='scheduled__2023-06-24T16:43:00+00:00', try_number=1, map_index=-1, hostname='bf6f1e7a6f11', context_carrier={}, task=<Task(PythonOperator): python>, bundle_instance=LocalDagBundle(name=dags-folder), max_tries=0, start_date=datetime.datetime(2025, 7, 29, 20, 2, 34, 996347, tzinfo=datetime.timezone.utc), end_date=None, state=<TaskInstanceState.RUNNING: 'running'>, is_mapped=False, rendered_map_index=None, log_url='http://localhost:8080/dags/python_operator_v1/runs/scheduled__2023-06-24T16%3A43%3A00%2B00%3A00/tasks/python?try_number=1'),","chan":"stdout","logger":"task"}
{"timestamp":"2025-07-29T20:02:35.569362Z","level":"info","event":" 'task_instance_key_str': 'python_operator_v1__python__20230624',","chan":"stdout","logger":"task"}
{"timestamp":"2025-07-29T20:02:35.569436Z","level":"info","event":" 'task_reschedule_count': 0,","chan":"stdout","logger":"task"}
{"timestamp":"2025-07-29T20:02:35.569511Z","level":"info","event":" 'templates_dict': None,","chan":"stdout","logger":"task"}
{"timestamp":"2025-07-29T20:02:35.569579Z","level":"info","event":" 'ti': RuntimeTaskInstance(id=UUID('019857c7-94ef-7d5d-9be2-8091616b092b'), task_id='python', dag_id='python_operator_v1', run_id='scheduled__2023-06-24T16:43:00+00:00', try_number=1, map_index=-1, hostname='bf6f1e7a6f11', context_carrier={}, task=<Task(PythonOperator): python>, bundle_instance=LocalDagBundle(name=dags-folder), max_tries=0, start_date=datetime.datetime(2025, 7, 29, 20, 2, 34, 996347, tzinfo=datetime.timezone.utc), end_date=None, state=<TaskInstanceState.RUNNING: 'running'>, is_mapped=False, rendered_map_index=None, log_url='http://localhost:8080/dags/python_operator_v1/runs/scheduled__2023-06-24T16%3A43%3A00%2B00%3A00/tasks/python?try_number=1'),","chan":"stdout","logger":"task"}
{"timestamp":"2025-07-29T20:02:35.569628Z","level":"info","event":" 'triggering_asset_events': TriggeringAssetEventsAccessor(_events=defaultdict(<class 'list'>, {})),","chan":"stdout","logger":"task"}
{"timestamp":"2025-07-29T20:02:35.569671Z","level":"info","event":" 'ts': '2023-06-24T16:43:00+00:00',","chan":"stdout","logger":"task"}
{"timestamp":"2025-07-29T20:02:35.569712Z","level":"info","event":" 'ts_nodash': '20230624T164300',","chan":"stdout","logger":"task"}
{"timestamp":"2025-07-29T20:02:35.569753Z","level":"info","event":" 'ts_nodash_with_tz': '20230624T164300+0000',","chan":"stdout","logger":"task"}
{"timestamp":"2025-07-29T20:02:35.569793Z","level":"info","event":" 'var': {'json': <VariableAccessor (dynamic access)>,","chan":"stdout","logger":"task"}
{"timestamp":"2025-07-29T20:02:35.569834Z","level":"info","event":"         'value': <VariableAccessor (dynamic access)>}}","chan":"stdout","logger":"task"}
{"timestamp":"2025-07-29T20:02:35.569807","level":"info","event":"Done. Returned value was: 123","logger":"airflow.task.operators.airflow.providers.standard.operators.python.PythonOperator"}
{"timestamp":"2025-07-29T20:02:35.570061","level":"info","event":"Pushing xcom","ti":"RuntimeTaskInstance(id=UUID('019857c7-94ef-7d5d-9be2-8091616b092b'), task_id='python', dag_id='python_operator_v1', run_id='scheduled__2023-06-24T16:43:00+00:00', try_number=1, map_index=-1, hostname='bf6f1e7a6f11', context_carrier={}, task=<Task(PythonOperator): python>, bundle_instance=LocalDagBundle(name=dags-folder), max_tries=0, start_date=datetime.datetime(2025, 7, 29, 20, 2, 34, 996347, tzinfo=datetime.timezone.utc), end_date=None, state=<TaskInstanceState.RUNNING: 'running'>, is_mapped=False, rendered_map_index=None, log_url='http://localhost:8080/dags/python_operator_v1/runs/scheduled__2023-06-24T16%3A43%3A00%2B00%3A00/tasks/python?try_number=1')","logger":"task"}
{"timestamp":"2025-07-29T20:02:35.594140Z","level":"info","event":"Task instance in success state","chan":"stdout","logger":"task"}
{"timestamp":"2025-07-29T20:02:35.594291Z","level":"info","event":" Previous state of the Task instance: TaskInstanceState.RUNNING","chan":"stdout","logger":"task"}
{"timestamp":"2025-07-29T20:02:35.594388Z","level":"info","event":"Task operator:<Task(PythonOperator): python>","chan":"stdout","logger":"task"}
