{"timestamp":"2025-07-29T19:56:49.436234","level":"info","event":"DAG bundles loaded: dags-folder, example_dags","logger":"airflow.dag_processing.bundles.manager.DagBundlesManager"}
{"timestamp":"2025-07-29T19:56:49.441232","level":"info","event":"Filling up the DagBag from /opt/airflow/dags/2_python_operator_v1.py","logger":"airflow.models.dagbag.DagBag"}
{"timestamp":"2025-07-29T19:56:49.491670Z","level":"info","event":"Task instance is in running state","chan":"stdout","logger":"task"}
{"timestamp":"2025-07-29T19:56:49.491904Z","level":"info","event":" Previous state of the Task instance: TaskInstanceState.QUEUED","chan":"stdout","logger":"task"}
{"timestamp":"2025-07-29T19:56:49.492677Z","level":"info","event":"Current task name:python","chan":"stdout","logger":"task"}
{"timestamp":"2025-07-29T19:56:49.492876Z","level":"info","event":"Dag name:python_operator_v1","chan":"stdout","logger":"task"}
{"timestamp":"2025-07-29T19:56:49.494502Z","level":"info","event":"poliana","chan":"stdout","logger":"task"}
{"timestamp":"2025-07-29T19:56:49.495318Z","level":"info","event":"{'conn': <ConnectionAccessor (dynamic access)>,","chan":"stdout","logger":"task"}
{"timestamp":"2025-07-29T19:56:49.495487Z","level":"info","event":" 'dag': <DAG: python_operator_v1>,","chan":"stdout","logger":"task"}
{"timestamp":"2025-07-29T19:56:49.495664Z","level":"info","event":" 'dag_run': DagRun(dag_id='python_operator_v1', run_id='scheduled__2023-06-24T11:10:00+00:00', logical_date=datetime.datetime(2023, 6, 24, 11, 10, tzinfo=datetime.timezone.utc), data_interval_start=datetime.datetime(2023, 6, 24, 11, 10, tzinfo=datetime.timezone.utc), data_interval_end=datetime.datetime(2023, 6, 24, 11, 10, tzinfo=datetime.timezone.utc), run_after=datetime.datetime(2023, 6, 24, 11, 10, tzinfo=datetime.timezone.utc), start_date=datetime.datetime(2025, 7, 29, 19, 56, 48, 605953, tzinfo=datetime.timezone.utc), end_date=None, clear_number=0, run_type=<DagRunType.SCHEDULED: 'scheduled'>, conf={}, consumed_asset_events=[]),","chan":"stdout","logger":"task"}
{"timestamp":"2025-07-29T19:56:49.495788Z","level":"info","event":" 'data_interval_end': DateTime(2023, 6, 24, 11, 10, 0, tzinfo=Timezone('UTC')),","chan":"stdout","logger":"task"}
{"timestamp":"2025-07-29T19:56:49.495877Z","level":"info","event":" 'data_interval_start': DateTime(2023, 6, 24, 11, 10, 0, tzinfo=Timezone('UTC')),","chan":"stdout","logger":"task"}
{"timestamp":"2025-07-29T19:56:49.495974Z","level":"info","event":" 'ds': '2023-06-24',","chan":"stdout","logger":"task"}
{"timestamp":"2025-07-29T19:56:49.497428Z","level":"info","event":" 'ds_nodash': '20230624',","chan":"stdout","logger":"task"}
{"timestamp":"2025-07-29T19:56:49.497634Z","level":"info","event":" 'inlet_events': InletEventsAccessors(_inlets=[], _assets={}, _asset_aliases={}),","chan":"stdout","logger":"task"}
{"timestamp":"2025-07-29T19:56:49.497734Z","level":"info","event":" 'inlets': [],","chan":"stdout","logger":"task"}
{"timestamp":"2025-07-29T19:56:49.497813Z","level":"info","event":" 'logical_date': DateTime(2023, 6, 24, 11, 10, 0, tzinfo=Timezone('UTC')),","chan":"stdout","logger":"task"}
{"timestamp":"2025-07-29T19:56:49.498018Z","level":"info","event":" 'macros': <MacrosAccessor (dynamic access to macros)>,","chan":"stdout","logger":"task"}
{"timestamp":"2025-07-29T19:56:49.498103Z","level":"info","event":" 'map_index_template': None,","chan":"stdout","logger":"task"}
{"timestamp":"2025-07-29T19:56:49.498176Z","level":"info","event":" 'outlet_events': <airflow.sdk.execution_time.context.OutletEventAccessors object at 0x7fb67bcc2690>,","chan":"stdout","logger":"task"}
{"timestamp":"2025-07-29T19:56:49.498259Z","level":"info","event":" 'outlets': [],","chan":"stdout","logger":"task"}
{"timestamp":"2025-07-29T19:56:49.498344Z","level":"info","event":" 'params': {},","chan":"stdout","logger":"task"}
{"timestamp":"2025-07-29T19:56:49.521164Z","level":"info","event":" 'prev_data_interval_end_success': <Proxy at 0x7fb66fdef680 with factory <function RuntimeTaskInstance.get_template_context.<locals>.<lambda> at 0x7fb66fc15d00>>,","chan":"stdout","logger":"task"}
{"timestamp":"2025-07-29T19:56:49.521501Z","level":"info","event":" 'prev_data_interval_start_success': <Proxy at 0x7fb66fd85c70 with factory <function RuntimeTaskInstance.get_template_context.<locals>.<lambda> at 0x7fb66fc17420>>,","chan":"stdout","logger":"task"}
{"timestamp":"2025-07-29T19:56:49.521680Z","level":"info","event":" 'prev_end_date_success': <Proxy at 0x7fb66fdef9e0 with factory <function RuntimeTaskInstance.get_template_context.<locals>.<lambda> at 0x7fb66fc174c0>>,","chan":"stdout","logger":"task"}
{"timestamp":"2025-07-29T19:56:49.521792Z","level":"info","event":" 'prev_start_date_success': <Proxy at 0x7fb66fded6d0 with factory <function RuntimeTaskInstance.get_template_context.<locals>.<lambda> at 0x7fb66fc16200>>,","chan":"stdout","logger":"task"}
{"timestamp":"2025-07-29T19:56:49.521873Z","level":"info","event":" 'run_id': 'scheduled__2023-06-24T11:10:00+00:00',","chan":"stdout","logger":"task"}
{"timestamp":"2025-07-29T19:56:49.521950Z","level":"info","event":" 'task': <Task(PythonOperator): python>,","chan":"stdout","logger":"task"}
{"timestamp":"2025-07-29T19:56:49.522032Z","level":"info","event":" 'task_instance': RuntimeTaskInstance(id=UUID('019857c2-4e55-7b6a-9bf2-ed67c0161c3e'), task_id='python', dag_id='python_operator_v1', run_id='scheduled__2023-06-24T11:10:00+00:00', try_number=1, map_index=-1, hostname='bf6f1e7a6f11', context_carrier={}, task=<Task(PythonOperator): python>, bundle_instance=LocalDagBundle(name=dags-folder), max_tries=0, start_date=datetime.datetime(2025, 7, 29, 19, 56, 48, 801198, tzinfo=datetime.timezone.utc), end_date=None, state=<TaskInstanceState.RUNNING: 'running'>, is_mapped=False, rendered_map_index=None, log_url='http://localhost:8080/dags/python_operator_v1/runs/scheduled__2023-06-24T11%3A10%3A00%2B00%3A00/tasks/python?try_number=1'),","chan":"stdout","logger":"task"}
{"timestamp":"2025-07-29T19:56:49.522119Z","level":"info","event":" 'task_instance_key_str': 'python_operator_v1__python__20230624',","chan":"stdout","logger":"task"}
{"timestamp":"2025-07-29T19:56:49.522196Z","level":"info","event":" 'task_reschedule_count': 0,","chan":"stdout","logger":"task"}
{"timestamp":"2025-07-29T19:56:49.522273Z","level":"info","event":" 'templates_dict': None,","chan":"stdout","logger":"task"}
{"timestamp":"2025-07-29T19:56:49.522346Z","level":"info","event":" 'ti': RuntimeTaskInstance(id=UUID('019857c2-4e55-7b6a-9bf2-ed67c0161c3e'), task_id='python', dag_id='python_operator_v1', run_id='scheduled__2023-06-24T11:10:00+00:00', try_number=1, map_index=-1, hostname='bf6f1e7a6f11', context_carrier={}, task=<Task(PythonOperator): python>, bundle_instance=LocalDagBundle(name=dags-folder), max_tries=0, start_date=datetime.datetime(2025, 7, 29, 19, 56, 48, 801198, tzinfo=datetime.timezone.utc), end_date=None, state=<TaskInstanceState.RUNNING: 'running'>, is_mapped=False, rendered_map_index=None, log_url='http://localhost:8080/dags/python_operator_v1/runs/scheduled__2023-06-24T11%3A10%3A00%2B00%3A00/tasks/python?try_number=1'),","chan":"stdout","logger":"task"}
{"timestamp":"2025-07-29T19:56:49.522490Z","level":"info","event":" 'triggering_asset_events': TriggeringAssetEventsAccessor(_events=defaultdict(<class 'list'>, {})),","chan":"stdout","logger":"task"}
{"timestamp":"2025-07-29T19:56:49.522575Z","level":"info","event":" 'ts': '2023-06-24T11:10:00+00:00',","chan":"stdout","logger":"task"}
{"timestamp":"2025-07-29T19:56:49.522655Z","level":"info","event":" 'ts_nodash': '20230624T111000',","chan":"stdout","logger":"task"}
{"timestamp":"2025-07-29T19:56:49.522732Z","level":"info","event":" 'ts_nodash_with_tz': '20230624T111000+0000',","chan":"stdout","logger":"task"}
{"timestamp":"2025-07-29T19:56:49.522807Z","level":"info","event":" 'var': {'json': <VariableAccessor (dynamic access)>,","chan":"stdout","logger":"task"}
{"timestamp":"2025-07-29T19:56:49.522919Z","level":"info","event":"         'value': <VariableAccessor (dynamic access)>}}","chan":"stdout","logger":"task"}
{"timestamp":"2025-07-29T19:56:49.522307","level":"info","event":"Done. Returned value was: 123","logger":"airflow.task.operators.airflow.providers.standard.operators.python.PythonOperator"}
{"timestamp":"2025-07-29T19:56:49.522621","level":"info","event":"Pushing xcom","ti":"RuntimeTaskInstance(id=UUID('019857c2-4e55-7b6a-9bf2-ed67c0161c3e'), task_id='python', dag_id='python_operator_v1', run_id='scheduled__2023-06-24T11:10:00+00:00', try_number=1, map_index=-1, hostname='bf6f1e7a6f11', context_carrier={}, task=<Task(PythonOperator): python>, bundle_instance=LocalDagBundle(name=dags-folder), max_tries=0, start_date=datetime.datetime(2025, 7, 29, 19, 56, 48, 801198, tzinfo=datetime.timezone.utc), end_date=None, state=<TaskInstanceState.RUNNING: 'running'>, is_mapped=False, rendered_map_index=None, log_url='http://localhost:8080/dags/python_operator_v1/runs/scheduled__2023-06-24T11%3A10%3A00%2B00%3A00/tasks/python?try_number=1')","logger":"task"}
{"timestamp":"2025-07-29T19:56:49.563342Z","level":"info","event":"Task instance in success state","chan":"stdout","logger":"task"}
{"timestamp":"2025-07-29T19:56:49.563496Z","level":"info","event":" Previous state of the Task instance: TaskInstanceState.RUNNING","chan":"stdout","logger":"task"}
{"timestamp":"2025-07-29T19:56:49.563688Z","level":"info","event":"Task operator:<Task(PythonOperator): python>","chan":"stdout","logger":"task"}
