{"timestamp":"2025-07-29T19:32:53.376236","level":"info","event":"DAG bundles loaded: dags-folder, example_dags","logger":"airflow.dag_processing.bundles.manager.DagBundlesManager"}
{"timestamp":"2025-07-29T19:32:53.377037","level":"info","event":"Filling up the DagBag from /opt/airflow/dags/python_operator_v1.py","logger":"airflow.models.dagbag.DagBag"}
{"timestamp":"2025-07-29T19:32:53.409654Z","level":"info","event":"Task instance is in running state","chan":"stdout","logger":"task"}
{"timestamp":"2025-07-29T19:32:53.409823Z","level":"info","event":" Previous state of the Task instance: TaskInstanceState.QUEUED","chan":"stdout","logger":"task"}
{"timestamp":"2025-07-29T19:32:53.410039Z","level":"info","event":"Current task name:python","chan":"stdout","logger":"task"}
{"timestamp":"2025-07-29T19:32:53.410134Z","level":"info","event":"Dag name:python_operator_v1","chan":"stdout","logger":"task"}
{"timestamp":"2025-07-29T19:32:53.412286Z","level":"info","event":"poliana","chan":"stdout","logger":"task"}
{"timestamp":"2025-07-29T19:32:53.413070Z","level":"info","event":"{'conn': <ConnectionAccessor (dynamic access)>,","chan":"stdout","logger":"task"}
{"timestamp":"2025-07-29T19:32:53.413236Z","level":"info","event":" 'dag': <DAG: python_operator_v1>,","chan":"stdout","logger":"task"}
{"timestamp":"2025-07-29T19:32:53.413398Z","level":"info","event":" 'dag_run': DagRun(dag_id='python_operator_v1', run_id='scheduled__2023-06-23T09:19:00+00:00', logical_date=datetime.datetime(2023, 6, 23, 9, 19, tzinfo=datetime.timezone.utc), data_interval_start=datetime.datetime(2023, 6, 23, 9, 19, tzinfo=datetime.timezone.utc), data_interval_end=datetime.datetime(2023, 6, 23, 9, 19, tzinfo=datetime.timezone.utc), run_after=datetime.datetime(2023, 6, 23, 9, 19, tzinfo=datetime.timezone.utc), start_date=datetime.datetime(2025, 7, 29, 19, 32, 52, 308091, tzinfo=datetime.timezone.utc), end_date=None, clear_number=0, run_type=<DagRunType.SCHEDULED: 'scheduled'>, conf={}, consumed_asset_events=[]),","chan":"stdout","logger":"task"}
{"timestamp":"2025-07-29T19:32:53.413481Z","level":"info","event":" 'data_interval_end': DateTime(2023, 6, 23, 9, 19, 0, tzinfo=Timezone('UTC')),","chan":"stdout","logger":"task"}
{"timestamp":"2025-07-29T19:32:53.413557Z","level":"info","event":" 'data_interval_start': DateTime(2023, 6, 23, 9, 19, 0, tzinfo=Timezone('UTC')),","chan":"stdout","logger":"task"}
{"timestamp":"2025-07-29T19:32:53.413630Z","level":"info","event":" 'ds': '2023-06-23',","chan":"stdout","logger":"task"}
{"timestamp":"2025-07-29T19:32:53.413704Z","level":"info","event":" 'ds_nodash': '20230623',","chan":"stdout","logger":"task"}
{"timestamp":"2025-07-29T19:32:53.413776Z","level":"info","event":" 'inlet_events': InletEventsAccessors(_inlets=[], _assets={}, _asset_aliases={}),","chan":"stdout","logger":"task"}
{"timestamp":"2025-07-29T19:32:53.413847Z","level":"info","event":" 'inlets': [],","chan":"stdout","logger":"task"}
{"timestamp":"2025-07-29T19:32:53.413913Z","level":"info","event":" 'logical_date': DateTime(2023, 6, 23, 9, 19, 0, tzinfo=Timezone('UTC')),","chan":"stdout","logger":"task"}
{"timestamp":"2025-07-29T19:32:53.413979Z","level":"info","event":" 'macros': <MacrosAccessor (dynamic access to macros)>,","chan":"stdout","logger":"task"}
{"timestamp":"2025-07-29T19:32:53.414046Z","level":"info","event":" 'map_index_template': None,","chan":"stdout","logger":"task"}
{"timestamp":"2025-07-29T19:32:53.414116Z","level":"info","event":" 'outlet_events': <airflow.sdk.execution_time.context.OutletEventAccessors object at 0x7fb67b50cce0>,","chan":"stdout","logger":"task"}
{"timestamp":"2025-07-29T19:32:53.414184Z","level":"info","event":" 'outlets': [],","chan":"stdout","logger":"task"}
{"timestamp":"2025-07-29T19:32:53.414252Z","level":"info","event":" 'params': {},","chan":"stdout","logger":"task"}
{"timestamp":"2025-07-29T19:32:53.427573Z","level":"info","event":" 'prev_data_interval_end_success': <Proxy at 0x7fb66fc51700 with factory <function RuntimeTaskInstance.get_template_context.<locals>.<lambda> at 0x7fb66fc60c20>>,","chan":"stdout","logger":"task"}
{"timestamp":"2025-07-29T19:32:53.427832Z","level":"info","event":" 'prev_data_interval_start_success': <Proxy at 0x7fb66fc518e0 with factory <function RuntimeTaskInstance.get_template_context.<locals>.<lambda> at 0x7fb66fc62340>>,","chan":"stdout","logger":"task"}
{"timestamp":"2025-07-29T19:32:53.427913Z","level":"info","event":" 'prev_end_date_success': <Proxy at 0x7fb67b53fcb0 with factory <function RuntimeTaskInstance.get_template_context.<locals>.<lambda> at 0x7fb66fc623e0>>,","chan":"stdout","logger":"task"}
{"timestamp":"2025-07-29T19:32:53.427965Z","level":"info","event":" 'prev_start_date_success': <Proxy at 0x7fb67b53fa70 with factory <function RuntimeTaskInstance.get_template_context.<locals>.<lambda> at 0x7fb66fc61120>>,","chan":"stdout","logger":"task"}
{"timestamp":"2025-07-29T19:32:53.428011Z","level":"info","event":" 'run_id': 'scheduled__2023-06-23T09:19:00+00:00',","chan":"stdout","logger":"task"}
{"timestamp":"2025-07-29T19:32:53.428056Z","level":"info","event":" 'task': <Task(PythonOperator): python>,","chan":"stdout","logger":"task"}
{"timestamp":"2025-07-29T19:32:53.428102Z","level":"info","event":" 'task_instance': RuntimeTaskInstance(id=UUID('019857ac-63cc-73df-93e3-46660f8cc7e8'), task_id='python', dag_id='python_operator_v1', run_id='scheduled__2023-06-23T09:19:00+00:00', try_number=1, map_index=-1, hostname='bf6f1e7a6f11', context_carrier={}, task=<Task(PythonOperator): python>, bundle_instance=LocalDagBundle(name=dags-folder), max_tries=0, start_date=datetime.datetime(2025, 7, 29, 19, 32, 52, 642907, tzinfo=datetime.timezone.utc), end_date=None, state=<TaskInstanceState.RUNNING: 'running'>, is_mapped=False, rendered_map_index=None, log_url='http://localhost:8080/dags/python_operator_v1/runs/scheduled__2023-06-23T09%3A19%3A00%2B00%3A00/tasks/python?try_number=1'),","chan":"stdout","logger":"task"}
{"timestamp":"2025-07-29T19:32:53.428148Z","level":"info","event":" 'task_instance_key_str': 'python_operator_v1__python__20230623',","chan":"stdout","logger":"task"}
{"timestamp":"2025-07-29T19:32:53.428192Z","level":"info","event":" 'task_reschedule_count': 0,","chan":"stdout","logger":"task"}
{"timestamp":"2025-07-29T19:32:53.428237Z","level":"info","event":" 'templates_dict': None,","chan":"stdout","logger":"task"}
{"timestamp":"2025-07-29T19:32:53.428280Z","level":"info","event":" 'ti': RuntimeTaskInstance(id=UUID('019857ac-63cc-73df-93e3-46660f8cc7e8'), task_id='python', dag_id='python_operator_v1', run_id='scheduled__2023-06-23T09:19:00+00:00', try_number=1, map_index=-1, hostname='bf6f1e7a6f11', context_carrier={}, task=<Task(PythonOperator): python>, bundle_instance=LocalDagBundle(name=dags-folder), max_tries=0, start_date=datetime.datetime(2025, 7, 29, 19, 32, 52, 642907, tzinfo=datetime.timezone.utc), end_date=None, state=<TaskInstanceState.RUNNING: 'running'>, is_mapped=False, rendered_map_index=None, log_url='http://localhost:8080/dags/python_operator_v1/runs/scheduled__2023-06-23T09%3A19%3A00%2B00%3A00/tasks/python?try_number=1'),","chan":"stdout","logger":"task"}
{"timestamp":"2025-07-29T19:32:53.428323Z","level":"info","event":" 'triggering_asset_events': TriggeringAssetEventsAccessor(_events=defaultdict(<class 'list'>, {})),","chan":"stdout","logger":"task"}
{"timestamp":"2025-07-29T19:32:53.428365Z","level":"info","event":" 'ts': '2023-06-23T09:19:00+00:00',","chan":"stdout","logger":"task"}
{"timestamp":"2025-07-29T19:32:53.428406Z","level":"info","event":" 'ts_nodash': '20230623T091900',","chan":"stdout","logger":"task"}
{"timestamp":"2025-07-29T19:32:53.428448Z","level":"info","event":" 'ts_nodash_with_tz': '20230623T091900+0000',","chan":"stdout","logger":"task"}
{"timestamp":"2025-07-29T19:32:53.428560Z","level":"info","event":" 'var': {'json': <VariableAccessor (dynamic access)>,","chan":"stdout","logger":"task"}
{"timestamp":"2025-07-29T19:32:53.428644Z","level":"info","event":"         'value': <VariableAccessor (dynamic access)>}}","chan":"stdout","logger":"task"}
{"timestamp":"2025-07-29T19:32:53.428520","level":"info","event":"Done. Returned value was: 123","logger":"airflow.task.operators.airflow.providers.standard.operators.python.PythonOperator"}
{"timestamp":"2025-07-29T19:32:53.428767","level":"info","event":"Pushing xcom","ti":"RuntimeTaskInstance(id=UUID('019857ac-63cc-73df-93e3-46660f8cc7e8'), task_id='python', dag_id='python_operator_v1', run_id='scheduled__2023-06-23T09:19:00+00:00', try_number=1, map_index=-1, hostname='bf6f1e7a6f11', context_carrier={}, task=<Task(PythonOperator): python>, bundle_instance=LocalDagBundle(name=dags-folder), max_tries=0, start_date=datetime.datetime(2025, 7, 29, 19, 32, 52, 642907, tzinfo=datetime.timezone.utc), end_date=None, state=<TaskInstanceState.RUNNING: 'running'>, is_mapped=False, rendered_map_index=None, log_url='http://localhost:8080/dags/python_operator_v1/runs/scheduled__2023-06-23T09%3A19%3A00%2B00%3A00/tasks/python?try_number=1')","logger":"task"}
{"timestamp":"2025-07-29T19:32:53.461188Z","level":"info","event":"Task instance in success state","chan":"stdout","logger":"task"}
{"timestamp":"2025-07-29T19:32:53.461687Z","level":"info","event":" Previous state of the Task instance: TaskInstanceState.RUNNING","chan":"stdout","logger":"task"}
{"timestamp":"2025-07-29T19:32:53.462165Z","level":"info","event":"Task operator:<Task(PythonOperator): python>","chan":"stdout","logger":"task"}
