{"timestamp":"2025-07-29T19:51:05.240910","level":"info","event":"DAG bundles loaded: dags-folder, example_dags","logger":"airflow.dag_processing.bundles.manager.DagBundlesManager"}
{"timestamp":"2025-07-29T19:51:05.241555","level":"info","event":"Filling up the DagBag from /opt/airflow/dags/2_python_operator_v1.py","logger":"airflow.models.dagbag.DagBag"}
{"timestamp":"2025-07-29T19:51:05.289791Z","level":"info","event":"Task instance is in running state","chan":"stdout","logger":"task"}
{"timestamp":"2025-07-29T19:51:05.289968Z","level":"info","event":" Previous state of the Task instance: TaskInstanceState.QUEUED","chan":"stdout","logger":"task"}
{"timestamp":"2025-07-29T19:51:05.290355Z","level":"info","event":"Current task name:python","chan":"stdout","logger":"task"}
{"timestamp":"2025-07-29T19:51:05.290474Z","level":"info","event":"Dag name:python_operator_v1","chan":"stdout","logger":"task"}
{"timestamp":"2025-07-29T19:51:05.291562Z","level":"info","event":"poliana","chan":"stdout","logger":"task"}
{"timestamp":"2025-07-29T19:51:05.292230Z","level":"info","event":"{'conn': <ConnectionAccessor (dynamic access)>,","chan":"stdout","logger":"task"}
{"timestamp":"2025-07-29T19:51:05.292363Z","level":"info","event":" 'dag': <DAG: python_operator_v1>,","chan":"stdout","logger":"task"}
{"timestamp":"2025-07-29T19:51:05.292503Z","level":"info","event":" 'dag_run': DagRun(dag_id='python_operator_v1', run_id='scheduled__2023-06-24T05:16:00+00:00', logical_date=datetime.datetime(2023, 6, 24, 5, 16, tzinfo=datetime.timezone.utc), data_interval_start=datetime.datetime(2023, 6, 24, 5, 16, tzinfo=datetime.timezone.utc), data_interval_end=datetime.datetime(2023, 6, 24, 5, 16, tzinfo=datetime.timezone.utc), run_after=datetime.datetime(2023, 6, 24, 5, 16, tzinfo=datetime.timezone.utc), start_date=datetime.datetime(2025, 7, 29, 19, 51, 4, 399407, tzinfo=datetime.timezone.utc), end_date=None, clear_number=0, run_type=<DagRunType.SCHEDULED: 'scheduled'>, conf={}, consumed_asset_events=[]),","chan":"stdout","logger":"task"}
{"timestamp":"2025-07-29T19:51:05.292577Z","level":"info","event":" 'data_interval_end': DateTime(2023, 6, 24, 5, 16, 0, tzinfo=Timezone('UTC')),","chan":"stdout","logger":"task"}
{"timestamp":"2025-07-29T19:51:05.292635Z","level":"info","event":" 'data_interval_start': DateTime(2023, 6, 24, 5, 16, 0, tzinfo=Timezone('UTC')),","chan":"stdout","logger":"task"}
{"timestamp":"2025-07-29T19:51:05.292685Z","level":"info","event":" 'ds': '2023-06-24',","chan":"stdout","logger":"task"}
{"timestamp":"2025-07-29T19:51:05.292726Z","level":"info","event":" 'ds_nodash': '20230624',","chan":"stdout","logger":"task"}
{"timestamp":"2025-07-29T19:51:05.292767Z","level":"info","event":" 'inlet_events': InletEventsAccessors(_inlets=[], _assets={}, _asset_aliases={}),","chan":"stdout","logger":"task"}
{"timestamp":"2025-07-29T19:51:05.292808Z","level":"info","event":" 'inlets': [],","chan":"stdout","logger":"task"}
{"timestamp":"2025-07-29T19:51:05.292855Z","level":"info","event":" 'logical_date': DateTime(2023, 6, 24, 5, 16, 0, tzinfo=Timezone('UTC')),","chan":"stdout","logger":"task"}
{"timestamp":"2025-07-29T19:51:05.292896Z","level":"info","event":" 'macros': <MacrosAccessor (dynamic access to macros)>,","chan":"stdout","logger":"task"}
{"timestamp":"2025-07-29T19:51:05.292935Z","level":"info","event":" 'map_index_template': None,","chan":"stdout","logger":"task"}
{"timestamp":"2025-07-29T19:51:05.292976Z","level":"info","event":" 'outlet_events': <airflow.sdk.execution_time.context.OutletEventAccessors object at 0x7fb67cbf7f20>,","chan":"stdout","logger":"task"}
{"timestamp":"2025-07-29T19:51:05.293017Z","level":"info","event":" 'outlets': [],","chan":"stdout","logger":"task"}
{"timestamp":"2025-07-29T19:51:05.293057Z","level":"info","event":" 'params': {},","chan":"stdout","logger":"task"}
{"timestamp":"2025-07-29T19:51:05.302574Z","level":"info","event":" 'prev_data_interval_end_success': <Proxy at 0x7fb66fc6a6f0 with factory <function RuntimeTaskInstance.get_template_context.<locals>.<lambda> at 0x7fb66fc940e0>>,","chan":"stdout","logger":"task"}
{"timestamp":"2025-07-29T19:51:05.302841Z","level":"info","event":" 'prev_data_interval_start_success': <Proxy at 0x7fb66fc6a630 with factory <function RuntimeTaskInstance.get_template_context.<locals>.<lambda> at 0x7fb66fc95580>>,","chan":"stdout","logger":"task"}
{"timestamp":"2025-07-29T19:51:05.302951Z","level":"info","event":" 'prev_end_date_success': <Proxy at 0x7fb67ebefe30 with factory <function RuntimeTaskInstance.get_template_context.<locals>.<lambda> at 0x7fb66fc95620>>,","chan":"stdout","logger":"task"}
{"timestamp":"2025-07-29T19:51:05.303018Z","level":"info","event":" 'prev_start_date_success': <Proxy at 0x7fb66fc15af0 with factory <function RuntimeTaskInstance.get_template_context.<locals>.<lambda> at 0x7fb66fc94360>>,","chan":"stdout","logger":"task"}
{"timestamp":"2025-07-29T19:51:05.303067Z","level":"info","event":" 'run_id': 'scheduled__2023-06-24T05:16:00+00:00',","chan":"stdout","logger":"task"}
{"timestamp":"2025-07-29T19:51:05.303112Z","level":"info","event":" 'task': <Task(PythonOperator): python>,","chan":"stdout","logger":"task"}
{"timestamp":"2025-07-29T19:51:05.303159Z","level":"info","event":" 'task_instance': RuntimeTaskInstance(id=UUID('019857bd-0dcb-74af-aa7f-31f0695d5f78'), task_id='python', dag_id='python_operator_v1', run_id='scheduled__2023-06-24T05:16:00+00:00', try_number=1, map_index=-1, hostname='bf6f1e7a6f11', context_carrier={}, task=<Task(PythonOperator): python>, bundle_instance=LocalDagBundle(name=dags-folder), max_tries=0, start_date=datetime.datetime(2025, 7, 29, 19, 51, 4, 680224, tzinfo=datetime.timezone.utc), end_date=None, state=<TaskInstanceState.RUNNING: 'running'>, is_mapped=False, rendered_map_index=None, log_url='http://localhost:8080/dags/python_operator_v1/runs/scheduled__2023-06-24T05%3A16%3A00%2B00%3A00/tasks/python?try_number=1'),","chan":"stdout","logger":"task"}
{"timestamp":"2025-07-29T19:51:05.303211Z","level":"info","event":" 'task_instance_key_str': 'python_operator_v1__python__20230624',","chan":"stdout","logger":"task"}
{"timestamp":"2025-07-29T19:51:05.303277Z","level":"info","event":" 'task_reschedule_count': 0,","chan":"stdout","logger":"task"}
{"timestamp":"2025-07-29T19:51:05.303341Z","level":"info","event":" 'templates_dict': None,","chan":"stdout","logger":"task"}
{"timestamp":"2025-07-29T19:51:05.303400Z","level":"info","event":" 'ti': RuntimeTaskInstance(id=UUID('019857bd-0dcb-74af-aa7f-31f0695d5f78'), task_id='python', dag_id='python_operator_v1', run_id='scheduled__2023-06-24T05:16:00+00:00', try_number=1, map_index=-1, hostname='bf6f1e7a6f11', context_carrier={}, task=<Task(PythonOperator): python>, bundle_instance=LocalDagBundle(name=dags-folder), max_tries=0, start_date=datetime.datetime(2025, 7, 29, 19, 51, 4, 680224, tzinfo=datetime.timezone.utc), end_date=None, state=<TaskInstanceState.RUNNING: 'running'>, is_mapped=False, rendered_map_index=None, log_url='http://localhost:8080/dags/python_operator_v1/runs/scheduled__2023-06-24T05%3A16%3A00%2B00%3A00/tasks/python?try_number=1'),","chan":"stdout","logger":"task"}
{"timestamp":"2025-07-29T19:51:05.303448Z","level":"info","event":" 'triggering_asset_events': TriggeringAssetEventsAccessor(_events=defaultdict(<class 'list'>, {})),","chan":"stdout","logger":"task"}
{"timestamp":"2025-07-29T19:51:05.303490Z","level":"info","event":" 'ts': '2023-06-24T05:16:00+00:00',","chan":"stdout","logger":"task"}
{"timestamp":"2025-07-29T19:51:05.303531Z","level":"info","event":" 'ts_nodash': '20230624T051600',","chan":"stdout","logger":"task"}
{"timestamp":"2025-07-29T19:51:05.303572Z","level":"info","event":" 'ts_nodash_with_tz': '20230624T051600+0000',","chan":"stdout","logger":"task"}
{"timestamp":"2025-07-29T19:51:05.303656Z","level":"info","event":" 'var': {'json': <VariableAccessor (dynamic access)>,","chan":"stdout","logger":"task"}
{"timestamp":"2025-07-29T19:51:05.303703Z","level":"info","event":"         'value': <VariableAccessor (dynamic access)>}}","chan":"stdout","logger":"task"}
{"timestamp":"2025-07-29T19:51:05.303489","level":"info","event":"Done. Returned value was: 123","logger":"airflow.task.operators.airflow.providers.standard.operators.python.PythonOperator"}
{"timestamp":"2025-07-29T19:51:05.303740","level":"info","event":"Pushing xcom","ti":"RuntimeTaskInstance(id=UUID('019857bd-0dcb-74af-aa7f-31f0695d5f78'), task_id='python', dag_id='python_operator_v1', run_id='scheduled__2023-06-24T05:16:00+00:00', try_number=1, map_index=-1, hostname='bf6f1e7a6f11', context_carrier={}, task=<Task(PythonOperator): python>, bundle_instance=LocalDagBundle(name=dags-folder), max_tries=0, start_date=datetime.datetime(2025, 7, 29, 19, 51, 4, 680224, tzinfo=datetime.timezone.utc), end_date=None, state=<TaskInstanceState.RUNNING: 'running'>, is_mapped=False, rendered_map_index=None, log_url='http://localhost:8080/dags/python_operator_v1/runs/scheduled__2023-06-24T05%3A16%3A00%2B00%3A00/tasks/python?try_number=1')","logger":"task"}
{"timestamp":"2025-07-29T19:51:05.339656Z","level":"info","event":"Task instance in success state","chan":"stdout","logger":"task"}
{"timestamp":"2025-07-29T19:51:05.339840Z","level":"info","event":" Previous state of the Task instance: TaskInstanceState.RUNNING","chan":"stdout","logger":"task"}
{"timestamp":"2025-07-29T19:51:05.340033Z","level":"info","event":"Task operator:<Task(PythonOperator): python>","chan":"stdout","logger":"task"}
