{"timestamp":"2025-07-29T20:08:47.494153","level":"info","event":"DAG bundles loaded: dags-folder, example_dags","logger":"airflow.dag_processing.bundles.manager.DagBundlesManager"}
{"timestamp":"2025-07-29T20:08:47.495528","level":"info","event":"Filling up the DagBag from /opt/airflow/dags/3_dag_principal.py","logger":"airflow.models.dagbag.DagBag"}
{"timestamp":"2025-07-29T20:08:47.552007Z","level":"info","event":"Task instance is in running state","chan":"stdout","logger":"task"}
{"timestamp":"2025-07-29T20:08:47.552300Z","level":"info","event":" Previous state of the Task instance: TaskInstanceState.QUEUED","chan":"stdout","logger":"task"}
{"timestamp":"2025-07-29T20:08:47.553341Z","level":"info","event":"Current task name:python_principal","chan":"stdout","logger":"task"}
{"timestamp":"2025-07-29T20:08:47.553661Z","level":"info","event":"Dag name:3_DAG_principal","chan":"stdout","logger":"task"}
{"timestamp":"2025-07-29T20:08:47.555013Z","level":"info","event":"DAG principal","chan":"stdout","logger":"task"}
{"timestamp":"2025-07-29T20:08:47.556298Z","level":"info","event":"{'conn': <ConnectionAccessor (dynamic access)>,","chan":"stdout","logger":"task"}
{"timestamp":"2025-07-29T20:08:47.556886Z","level":"info","event":" 'dag': <DAG: 3_DAG_principal>,","chan":"stdout","logger":"task"}
{"timestamp":"2025-07-29T20:08:47.557368Z","level":"info","event":" 'dag_run': DagRun(dag_id='3_DAG_principal', run_id='scheduled__2024-12-17T20:00:00+00:00', logical_date=datetime.datetime(2024, 12, 17, 20, 0, tzinfo=datetime.timezone.utc), data_interval_start=datetime.datetime(2024, 12, 17, 20, 0, tzinfo=datetime.timezone.utc), data_interval_end=datetime.datetime(2024, 12, 17, 20, 0, tzinfo=datetime.timezone.utc), run_after=datetime.datetime(2024, 12, 17, 20, 0, tzinfo=datetime.timezone.utc), start_date=datetime.datetime(2025, 7, 29, 20, 8, 46, 4962, tzinfo=datetime.timezone.utc), end_date=None, clear_number=0, run_type=<DagRunType.SCHEDULED: 'scheduled'>, conf={}, consumed_asset_events=[]),","chan":"stdout","logger":"task"}
{"timestamp":"2025-07-29T20:08:47.557523Z","level":"info","event":" 'data_interval_end': DateTime(2024, 12, 17, 20, 0, 0, tzinfo=Timezone('UTC')),","chan":"stdout","logger":"task"}
{"timestamp":"2025-07-29T20:08:47.557628Z","level":"info","event":" 'data_interval_start': DateTime(2024, 12, 17, 20, 0, 0, tzinfo=Timezone('UTC')),","chan":"stdout","logger":"task"}
{"timestamp":"2025-07-29T20:08:47.557711Z","level":"info","event":" 'ds': '2024-12-17',","chan":"stdout","logger":"task"}
{"timestamp":"2025-07-29T20:08:47.557783Z","level":"info","event":" 'ds_nodash': '20241217',","chan":"stdout","logger":"task"}
{"timestamp":"2025-07-29T20:08:47.557856Z","level":"info","event":" 'inlet_events': InletEventsAccessors(_inlets=[], _assets={}, _asset_aliases={}),","chan":"stdout","logger":"task"}
{"timestamp":"2025-07-29T20:08:47.557925Z","level":"info","event":" 'inlets': [],","chan":"stdout","logger":"task"}
{"timestamp":"2025-07-29T20:08:47.557992Z","level":"info","event":" 'logical_date': DateTime(2024, 12, 17, 20, 0, 0, tzinfo=Timezone('UTC')),","chan":"stdout","logger":"task"}
{"timestamp":"2025-07-29T20:08:47.558057Z","level":"info","event":" 'macros': <MacrosAccessor (dynamic access to macros)>,","chan":"stdout","logger":"task"}
{"timestamp":"2025-07-29T20:08:47.558121Z","level":"info","event":" 'map_index_template': None,","chan":"stdout","logger":"task"}
{"timestamp":"2025-07-29T20:08:47.558184Z","level":"info","event":" 'outlet_events': <airflow.sdk.execution_time.context.OutletEventAccessors object at 0x7fb677a77a70>,","chan":"stdout","logger":"task"}
{"timestamp":"2025-07-29T20:08:47.558250Z","level":"info","event":" 'outlets': [],","chan":"stdout","logger":"task"}
{"timestamp":"2025-07-29T20:08:47.558315Z","level":"info","event":" 'params': {},","chan":"stdout","logger":"task"}
{"timestamp":"2025-07-29T20:08:47.569704Z","level":"info","event":" 'prev_data_interval_end_success': <Proxy at 0x7fb66fca1130 with factory <function RuntimeTaskInstance.get_template_context.<locals>.<lambda> at 0x7fb66fcb59e0>>,","chan":"stdout","logger":"task"}
{"timestamp":"2025-07-29T20:08:47.570041Z","level":"info","event":" 'prev_data_interval_start_success': <Proxy at 0x7fb66fca1250 with factory <function RuntimeTaskInstance.get_template_context.<locals>.<lambda> at 0x7fb66fcb4220>>,","chan":"stdout","logger":"task"}
{"timestamp":"2025-07-29T20:08:47.570236Z","level":"info","event":" 'prev_end_date_success': <Proxy at 0x7fb67c5c7890 with factory <function RuntimeTaskInstance.get_template_context.<locals>.<lambda> at 0x7fb66fcb5a80>>,","chan":"stdout","logger":"task"}
{"timestamp":"2025-07-29T20:08:47.570330Z","level":"info","event":" 'prev_start_date_success': <Proxy at 0x7fb67c5c7710 with factory <function RuntimeTaskInstance.get_template_context.<locals>.<lambda> at 0x7fb66fcb47c0>>,","chan":"stdout","logger":"task"}
{"timestamp":"2025-07-29T20:08:47.570409Z","level":"info","event":" 'run_id': 'scheduled__2024-12-17T20:00:00+00:00',","chan":"stdout","logger":"task"}
{"timestamp":"2025-07-29T20:08:47.570477Z","level":"info","event":" 'task': <Task(PythonOperator): python_principal>,","chan":"stdout","logger":"task"}
{"timestamp":"2025-07-29T20:08:47.570552Z","level":"info","event":" 'task_instance': RuntimeTaskInstance(id=UUID('019857cd-4095-776a-8f98-bbaf1c1f787f'), task_id='python_principal', dag_id='3_DAG_principal', run_id='scheduled__2024-12-17T20:00:00+00:00', try_number=1, map_index=-1, hostname='bf6f1e7a6f11', context_carrier={}, task=<Task(PythonOperator): python_principal>, bundle_instance=LocalDagBundle(name=dags-folder), max_tries=0, start_date=datetime.datetime(2025, 7, 29, 20, 8, 46, 658281, tzinfo=datetime.timezone.utc), end_date=None, state=<TaskInstanceState.RUNNING: 'running'>, is_mapped=False, rendered_map_index=None, log_url='http://localhost:8080/dags/3_DAG_principal/runs/scheduled__2024-12-17T20%3A00%3A00%2B00%3A00/tasks/python_principal?try_number=1'),","chan":"stdout","logger":"task"}
{"timestamp":"2025-07-29T20:08:47.570633Z","level":"info","event":" 'task_instance_key_str': '3_DAG_principal__python_principal__20241217',","chan":"stdout","logger":"task"}
{"timestamp":"2025-07-29T20:08:47.570704Z","level":"info","event":" 'task_reschedule_count': 0,","chan":"stdout","logger":"task"}
{"timestamp":"2025-07-29T20:08:47.570775Z","level":"info","event":" 'templates_dict': None,","chan":"stdout","logger":"task"}
{"timestamp":"2025-07-29T20:08:47.570845Z","level":"info","event":" 'ti': RuntimeTaskInstance(id=UUID('019857cd-4095-776a-8f98-bbaf1c1f787f'), task_id='python_principal', dag_id='3_DAG_principal', run_id='scheduled__2024-12-17T20:00:00+00:00', try_number=1, map_index=-1, hostname='bf6f1e7a6f11', context_carrier={}, task=<Task(PythonOperator): python_principal>, bundle_instance=LocalDagBundle(name=dags-folder), max_tries=0, start_date=datetime.datetime(2025, 7, 29, 20, 8, 46, 658281, tzinfo=datetime.timezone.utc), end_date=None, state=<TaskInstanceState.RUNNING: 'running'>, is_mapped=False, rendered_map_index=None, log_url='http://localhost:8080/dags/3_DAG_principal/runs/scheduled__2024-12-17T20%3A00%3A00%2B00%3A00/tasks/python_principal?try_number=1'),","chan":"stdout","logger":"task"}
{"timestamp":"2025-07-29T20:08:47.570919Z","level":"info","event":" 'triggering_asset_events': TriggeringAssetEventsAccessor(_events=defaultdict(<class 'list'>, {})),","chan":"stdout","logger":"task"}
{"timestamp":"2025-07-29T20:08:47.570991Z","level":"info","event":" 'ts': '2024-12-17T20:00:00+00:00',","chan":"stdout","logger":"task"}
{"timestamp":"2025-07-29T20:08:47.571172Z","level":"info","event":" 'ts_nodash': '20241217T200000',","chan":"stdout","logger":"task"}
{"timestamp":"2025-07-29T20:08:47.571323Z","level":"info","event":" 'ts_nodash_with_tz': '20241217T200000+0000',","chan":"stdout","logger":"task"}
{"timestamp":"2025-07-29T20:08:47.571405Z","level":"info","event":" 'var': {'json': <VariableAccessor (dynamic access)>,","chan":"stdout","logger":"task"}
{"timestamp":"2025-07-29T20:08:47.571480Z","level":"info","event":"         'value': <VariableAccessor (dynamic access)>}}","chan":"stdout","logger":"task"}
{"timestamp":"2025-07-29T20:08:47.570320","level":"info","event":"Done. Returned value was: principal","logger":"airflow.task.operators.airflow.providers.standard.operators.python.PythonOperator"}
{"timestamp":"2025-07-29T20:08:47.570750","level":"info","event":"Pushing xcom","ti":"RuntimeTaskInstance(id=UUID('019857cd-4095-776a-8f98-bbaf1c1f787f'), task_id='python_principal', dag_id='3_DAG_principal', run_id='scheduled__2024-12-17T20:00:00+00:00', try_number=1, map_index=-1, hostname='bf6f1e7a6f11', context_carrier={}, task=<Task(PythonOperator): python_principal>, bundle_instance=LocalDagBundle(name=dags-folder), max_tries=0, start_date=datetime.datetime(2025, 7, 29, 20, 8, 46, 658281, tzinfo=datetime.timezone.utc), end_date=None, state=<TaskInstanceState.RUNNING: 'running'>, is_mapped=False, rendered_map_index=None, log_url='http://localhost:8080/dags/3_DAG_principal/runs/scheduled__2024-12-17T20%3A00%3A00%2B00%3A00/tasks/python_principal?try_number=1')","logger":"task"}
{"timestamp":"2025-07-29T20:08:47.609969Z","level":"info","event":"Task instance in success state","chan":"stdout","logger":"task"}
{"timestamp":"2025-07-29T20:08:47.610167Z","level":"info","event":" Previous state of the Task instance: TaskInstanceState.RUNNING","chan":"stdout","logger":"task"}
{"timestamp":"2025-07-29T20:08:47.610328Z","level":"info","event":"Task operator:<Task(PythonOperator): python_principal>","chan":"stdout","logger":"task"}
