{"timestamp":"2025-07-29T19:34:41.981911","level":"info","event":"DAG bundles loaded: dags-folder, example_dags","logger":"airflow.dag_processing.bundles.manager.DagBundlesManager"}
{"timestamp":"2025-07-29T19:34:41.982810","level":"info","event":"Filling up the DagBag from /opt/airflow/dags/python_operator_v1.py","logger":"airflow.models.dagbag.DagBag"}
{"timestamp":"2025-07-29T19:34:42.024355Z","level":"info","event":"Task instance is in running state","chan":"stdout","logger":"task"}
{"timestamp":"2025-07-29T19:34:42.024596Z","level":"info","event":" Previous state of the Task instance: TaskInstanceState.QUEUED","chan":"stdout","logger":"task"}
{"timestamp":"2025-07-29T19:34:42.025267Z","level":"info","event":"Current task name:python","chan":"stdout","logger":"task"}
{"timestamp":"2025-07-29T19:34:42.025452Z","level":"info","event":"Dag name:python_operator_v1","chan":"stdout","logger":"task"}
{"timestamp":"2025-07-29T19:34:42.026609Z","level":"info","event":"poliana","chan":"stdout","logger":"task"}
{"timestamp":"2025-07-29T19:34:42.027542Z","level":"info","event":"{'conn': <ConnectionAccessor (dynamic access)>,","chan":"stdout","logger":"task"}
{"timestamp":"2025-07-29T19:34:42.027859Z","level":"info","event":" 'dag': <DAG: python_operator_v1>,","chan":"stdout","logger":"task"}
{"timestamp":"2025-07-29T19:34:42.028169Z","level":"info","event":" 'dag_run': DagRun(dag_id='python_operator_v1', run_id='scheduled__2023-06-23T11:22:00+00:00', logical_date=datetime.datetime(2023, 6, 23, 11, 22, tzinfo=datetime.timezone.utc), data_interval_start=datetime.datetime(2023, 6, 23, 11, 22, tzinfo=datetime.timezone.utc), data_interval_end=datetime.datetime(2023, 6, 23, 11, 22, tzinfo=datetime.timezone.utc), run_after=datetime.datetime(2023, 6, 23, 11, 22, tzinfo=datetime.timezone.utc), start_date=datetime.datetime(2025, 7, 29, 19, 34, 41, 160284, tzinfo=datetime.timezone.utc), end_date=None, clear_number=0, run_type=<DagRunType.SCHEDULED: 'scheduled'>, conf={}, consumed_asset_events=[]),","chan":"stdout","logger":"task"}
{"timestamp":"2025-07-29T19:34:42.028314Z","level":"info","event":" 'data_interval_end': DateTime(2023, 6, 23, 11, 22, 0, tzinfo=Timezone('UTC')),","chan":"stdout","logger":"task"}
{"timestamp":"2025-07-29T19:34:42.028409Z","level":"info","event":" 'data_interval_start': DateTime(2023, 6, 23, 11, 22, 0, tzinfo=Timezone('UTC')),","chan":"stdout","logger":"task"}
{"timestamp":"2025-07-29T19:34:42.028498Z","level":"info","event":" 'ds': '2023-06-23',","chan":"stdout","logger":"task"}
{"timestamp":"2025-07-29T19:34:42.028575Z","level":"info","event":" 'ds_nodash': '20230623',","chan":"stdout","logger":"task"}
{"timestamp":"2025-07-29T19:34:42.028651Z","level":"info","event":" 'inlet_events': InletEventsAccessors(_inlets=[], _assets={}, _asset_aliases={}),","chan":"stdout","logger":"task"}
{"timestamp":"2025-07-29T19:34:42.028725Z","level":"info","event":" 'inlets': [],","chan":"stdout","logger":"task"}
{"timestamp":"2025-07-29T19:34:42.028799Z","level":"info","event":" 'logical_date': DateTime(2023, 6, 23, 11, 22, 0, tzinfo=Timezone('UTC')),","chan":"stdout","logger":"task"}
{"timestamp":"2025-07-29T19:34:42.028873Z","level":"info","event":" 'macros': <MacrosAccessor (dynamic access to macros)>,","chan":"stdout","logger":"task"}
{"timestamp":"2025-07-29T19:34:42.028962Z","level":"info","event":" 'map_index_template': None,","chan":"stdout","logger":"task"}
{"timestamp":"2025-07-29T19:34:42.029038Z","level":"info","event":" 'outlet_events': <airflow.sdk.execution_time.context.OutletEventAccessors object at 0x7fb67c5ffa70>,","chan":"stdout","logger":"task"}
{"timestamp":"2025-07-29T19:34:42.029115Z","level":"info","event":" 'outlets': [],","chan":"stdout","logger":"task"}
{"timestamp":"2025-07-29T19:34:42.029191Z","level":"info","event":" 'params': {},","chan":"stdout","logger":"task"}
{"timestamp":"2025-07-29T19:34:42.040883Z","level":"info","event":" 'prev_data_interval_end_success': <Proxy at 0x7fb66fc98a10 with factory <function RuntimeTaskInstance.get_template_context.<locals>.<lambda> at 0x7fb66fca2160>>,","chan":"stdout","logger":"task"}
{"timestamp":"2025-07-29T19:34:42.041185Z","level":"info","event":" 'prev_data_interval_start_success': <Proxy at 0x7fb66fc988f0 with factory <function RuntimeTaskInstance.get_template_context.<locals>.<lambda> at 0x7fb66fca3880>>,","chan":"stdout","logger":"task"}
{"timestamp":"2025-07-29T19:34:42.041279Z","level":"info","event":" 'prev_end_date_success': <Proxy at 0x7fb6785efe30 with factory <function RuntimeTaskInstance.get_template_context.<locals>.<lambda> at 0x7fb66fca3920>>,","chan":"stdout","logger":"task"}
{"timestamp":"2025-07-29T19:34:42.041349Z","level":"info","event":" 'prev_start_date_success': <Proxy at 0x7fb67c5c2210 with factory <function RuntimeTaskInstance.get_template_context.<locals>.<lambda> at 0x7fb66fca2660>>,","chan":"stdout","logger":"task"}
{"timestamp":"2025-07-29T19:34:42.041405Z","level":"info","event":" 'run_id': 'scheduled__2023-06-23T11:22:00+00:00',","chan":"stdout","logger":"task"}
{"timestamp":"2025-07-29T19:34:42.041469Z","level":"info","event":" 'task': <Task(PythonOperator): python>,","chan":"stdout","logger":"task"}
{"timestamp":"2025-07-29T19:34:42.041516Z","level":"info","event":" 'task_instance': RuntimeTaskInstance(id=UUID('019857ae-0cff-7f00-a618-92a91d87a40f'), task_id='python', dag_id='python_operator_v1', run_id='scheduled__2023-06-23T11:22:00+00:00', try_number=1, map_index=-1, hostname='bf6f1e7a6f11', context_carrier={}, task=<Task(PythonOperator): python>, bundle_instance=LocalDagBundle(name=dags-folder), max_tries=0, start_date=datetime.datetime(2025, 7, 29, 19, 34, 41, 333645, tzinfo=datetime.timezone.utc), end_date=None, state=<TaskInstanceState.RUNNING: 'running'>, is_mapped=False, rendered_map_index=None, log_url='http://localhost:8080/dags/python_operator_v1/runs/scheduled__2023-06-23T11%3A22%3A00%2B00%3A00/tasks/python?try_number=1'),","chan":"stdout","logger":"task"}
{"timestamp":"2025-07-29T19:34:42.041561Z","level":"info","event":" 'task_instance_key_str': 'python_operator_v1__python__20230623',","chan":"stdout","logger":"task"}
{"timestamp":"2025-07-29T19:34:42.041603Z","level":"info","event":" 'task_reschedule_count': 0,","chan":"stdout","logger":"task"}
{"timestamp":"2025-07-29T19:34:42.041643Z","level":"info","event":" 'templates_dict': None,","chan":"stdout","logger":"task"}
{"timestamp":"2025-07-29T19:34:42.041719Z","level":"info","event":" 'ti': RuntimeTaskInstance(id=UUID('019857ae-0cff-7f00-a618-92a91d87a40f'), task_id='python', dag_id='python_operator_v1', run_id='scheduled__2023-06-23T11:22:00+00:00', try_number=1, map_index=-1, hostname='bf6f1e7a6f11', context_carrier={}, task=<Task(PythonOperator): python>, bundle_instance=LocalDagBundle(name=dags-folder), max_tries=0, start_date=datetime.datetime(2025, 7, 29, 19, 34, 41, 333645, tzinfo=datetime.timezone.utc), end_date=None, state=<TaskInstanceState.RUNNING: 'running'>, is_mapped=False, rendered_map_index=None, log_url='http://localhost:8080/dags/python_operator_v1/runs/scheduled__2023-06-23T11%3A22%3A00%2B00%3A00/tasks/python?try_number=1'),","chan":"stdout","logger":"task"}
{"timestamp":"2025-07-29T19:34:42.041771Z","level":"info","event":" 'triggering_asset_events': TriggeringAssetEventsAccessor(_events=defaultdict(<class 'list'>, {})),","chan":"stdout","logger":"task"}
{"timestamp":"2025-07-29T19:34:42.041813Z","level":"info","event":" 'ts': '2023-06-23T11:22:00+00:00',","chan":"stdout","logger":"task"}
{"timestamp":"2025-07-29T19:34:42.041854Z","level":"info","event":" 'ts_nodash': '20230623T112200',","chan":"stdout","logger":"task"}
{"timestamp":"2025-07-29T19:34:42.041895Z","level":"info","event":" 'ts_nodash_with_tz': '20230623T112200+0000',","chan":"stdout","logger":"task"}
{"timestamp":"2025-07-29T19:34:42.041935Z","level":"info","event":" 'var': {'json': <VariableAccessor (dynamic access)>,","chan":"stdout","logger":"task"}
{"timestamp":"2025-07-29T19:34:42.041974Z","level":"info","event":"         'value': <VariableAccessor (dynamic access)>}}","chan":"stdout","logger":"task"}
{"timestamp":"2025-07-29T19:34:42.042060","level":"info","event":"Done. Returned value was: 123","logger":"airflow.task.operators.airflow.providers.standard.operators.python.PythonOperator"}
{"timestamp":"2025-07-29T19:34:42.042357","level":"info","event":"Pushing xcom","ti":"RuntimeTaskInstance(id=UUID('019857ae-0cff-7f00-a618-92a91d87a40f'), task_id='python', dag_id='python_operator_v1', run_id='scheduled__2023-06-23T11:22:00+00:00', try_number=1, map_index=-1, hostname='bf6f1e7a6f11', context_carrier={}, task=<Task(PythonOperator): python>, bundle_instance=LocalDagBundle(name=dags-folder), max_tries=0, start_date=datetime.datetime(2025, 7, 29, 19, 34, 41, 333645, tzinfo=datetime.timezone.utc), end_date=None, state=<TaskInstanceState.RUNNING: 'running'>, is_mapped=False, rendered_map_index=None, log_url='http://localhost:8080/dags/python_operator_v1/runs/scheduled__2023-06-23T11%3A22%3A00%2B00%3A00/tasks/python?try_number=1')","logger":"task"}
{"timestamp":"2025-07-29T19:34:42.070942Z","level":"info","event":"Task instance in success state","chan":"stdout","logger":"task"}
{"timestamp":"2025-07-29T19:34:42.071139Z","level":"info","event":" Previous state of the Task instance: TaskInstanceState.RUNNING","chan":"stdout","logger":"task"}
{"timestamp":"2025-07-29T19:34:42.071307Z","level":"info","event":"Task operator:<Task(PythonOperator): python>","chan":"stdout","logger":"task"}
