{"timestamp":"2025-07-29T20:00:01.416550","level":"info","event":"DAG bundles loaded: dags-folder, example_dags","logger":"airflow.dag_processing.bundles.manager.DagBundlesManager"}
{"timestamp":"2025-07-29T20:00:01.417076","level":"info","event":"Filling up the DagBag from /opt/airflow/dags/2_python_operator_v1.py","logger":"airflow.models.dagbag.DagBag"}
{"timestamp":"2025-07-29T20:00:01.440245Z","level":"info","event":"Task instance is in running state","chan":"stdout","logger":"task"}
{"timestamp":"2025-07-29T20:00:01.440402Z","level":"info","event":" Previous state of the Task instance: TaskInstanceState.QUEUED","chan":"stdout","logger":"task"}
{"timestamp":"2025-07-29T20:00:01.441735Z","level":"info","event":"Current task name:python","chan":"stdout","logger":"task"}
{"timestamp":"2025-07-29T20:00:01.441860Z","level":"info","event":"Dag name:python_operator_v1","chan":"stdout","logger":"task"}
{"timestamp":"2025-07-29T20:00:01.442918Z","level":"info","event":"poliana","chan":"stdout","logger":"task"}
{"timestamp":"2025-07-29T20:00:01.443645Z","level":"info","event":"{'conn': <ConnectionAccessor (dynamic access)>,","chan":"stdout","logger":"task"}
{"timestamp":"2025-07-29T20:00:01.443796Z","level":"info","event":" 'dag': <DAG: python_operator_v1>,","chan":"stdout","logger":"task"}
{"timestamp":"2025-07-29T20:00:01.443896Z","level":"info","event":" 'dag_run': DagRun(dag_id='python_operator_v1', run_id='scheduled__2023-06-24T14:19:00+00:00', logical_date=datetime.datetime(2023, 6, 24, 14, 19, tzinfo=datetime.timezone.utc), data_interval_start=datetime.datetime(2023, 6, 24, 14, 19, tzinfo=datetime.timezone.utc), data_interval_end=datetime.datetime(2023, 6, 24, 14, 19, tzinfo=datetime.timezone.utc), run_after=datetime.datetime(2023, 6, 24, 14, 19, tzinfo=datetime.timezone.utc), start_date=datetime.datetime(2025, 7, 29, 20, 0, 0, 191973, tzinfo=datetime.timezone.utc), end_date=None, clear_number=0, run_type=<DagRunType.SCHEDULED: 'scheduled'>, conf={}, consumed_asset_events=[]),","chan":"stdout","logger":"task"}
{"timestamp":"2025-07-29T20:00:01.443957Z","level":"info","event":" 'data_interval_end': DateTime(2023, 6, 24, 14, 19, 0, tzinfo=Timezone('UTC')),","chan":"stdout","logger":"task"}
{"timestamp":"2025-07-29T20:00:01.444003Z","level":"info","event":" 'data_interval_start': DateTime(2023, 6, 24, 14, 19, 0, tzinfo=Timezone('UTC')),","chan":"stdout","logger":"task"}
{"timestamp":"2025-07-29T20:00:01.444046Z","level":"info","event":" 'ds': '2023-06-24',","chan":"stdout","logger":"task"}
{"timestamp":"2025-07-29T20:00:01.444087Z","level":"info","event":" 'ds_nodash': '20230624',","chan":"stdout","logger":"task"}
{"timestamp":"2025-07-29T20:00:01.444134Z","level":"info","event":" 'inlet_events': InletEventsAccessors(_inlets=[], _assets={}, _asset_aliases={}),","chan":"stdout","logger":"task"}
{"timestamp":"2025-07-29T20:00:01.444177Z","level":"info","event":" 'inlets': [],","chan":"stdout","logger":"task"}
{"timestamp":"2025-07-29T20:00:01.444218Z","level":"info","event":" 'logical_date': DateTime(2023, 6, 24, 14, 19, 0, tzinfo=Timezone('UTC')),","chan":"stdout","logger":"task"}
{"timestamp":"2025-07-29T20:00:01.444259Z","level":"info","event":" 'macros': <MacrosAccessor (dynamic access to macros)>,","chan":"stdout","logger":"task"}
{"timestamp":"2025-07-29T20:00:01.444300Z","level":"info","event":" 'map_index_template': None,","chan":"stdout","logger":"task"}
{"timestamp":"2025-07-29T20:00:01.444341Z","level":"info","event":" 'outlet_events': <airflow.sdk.execution_time.context.OutletEventAccessors object at 0x7fb67cb8ca10>,","chan":"stdout","logger":"task"}
{"timestamp":"2025-07-29T20:00:01.444382Z","level":"info","event":" 'outlets': [],","chan":"stdout","logger":"task"}
{"timestamp":"2025-07-29T20:00:01.444423Z","level":"info","event":" 'params': {},","chan":"stdout","logger":"task"}
{"timestamp":"2025-07-29T20:00:01.457092Z","level":"info","event":" 'prev_data_interval_end_success': <Proxy at 0x7fb66fc89b20 with factory <function RuntimeTaskInstance.get_template_context.<locals>.<lambda> at 0x7fb66fcb5080>>,","chan":"stdout","logger":"task"}
{"timestamp":"2025-07-29T20:00:01.457460Z","level":"info","event":" 'prev_data_interval_start_success': <Proxy at 0x7fb67ebb4ef0 with factory <function RuntimeTaskInstance.get_template_context.<locals>.<lambda> at 0x7fb66fc9fec0>>,","chan":"stdout","logger":"task"}
{"timestamp":"2025-07-29T20:00:01.457571Z","level":"info","event":" 'prev_end_date_success': <Proxy at 0x7fb67ebefe30 with factory <function RuntimeTaskInstance.get_template_context.<locals>.<lambda> at 0x7fb66fc9f880>>,","chan":"stdout","logger":"task"}
{"timestamp":"2025-07-29T20:00:01.457652Z","level":"info","event":" 'prev_start_date_success': <Proxy at 0x7fb66fc89e80 with factory <function RuntimeTaskInstance.get_template_context.<locals>.<lambda> at 0x7fb66fc9fd80>>,","chan":"stdout","logger":"task"}
{"timestamp":"2025-07-29T20:00:01.457727Z","level":"info","event":" 'run_id': 'scheduled__2023-06-24T14:19:00+00:00',","chan":"stdout","logger":"task"}
{"timestamp":"2025-07-29T20:00:01.457799Z","level":"info","event":" 'task': <Task(PythonOperator): python>,","chan":"stdout","logger":"task"}
{"timestamp":"2025-07-29T20:00:01.457866Z","level":"info","event":" 'task_instance': RuntimeTaskInstance(id=UUID('019857c5-3aab-74fc-b939-5dc096cdf85d'), task_id='python', dag_id='python_operator_v1', run_id='scheduled__2023-06-24T14:19:00+00:00', try_number=1, map_index=-1, hostname='bf6f1e7a6f11', context_carrier={}, task=<Task(PythonOperator): python>, bundle_instance=LocalDagBundle(name=dags-folder), max_tries=0, start_date=datetime.datetime(2025, 7, 29, 20, 0, 0, 699365, tzinfo=datetime.timezone.utc), end_date=None, state=<TaskInstanceState.RUNNING: 'running'>, is_mapped=False, rendered_map_index=None, log_url='http://localhost:8080/dags/python_operator_v1/runs/scheduled__2023-06-24T14%3A19%3A00%2B00%3A00/tasks/python?try_number=1'),","chan":"stdout","logger":"task"}
{"timestamp":"2025-07-29T20:00:01.457927Z","level":"info","event":" 'task_instance_key_str': 'python_operator_v1__python__20230624',","chan":"stdout","logger":"task"}
{"timestamp":"2025-07-29T20:00:01.457972Z","level":"info","event":" 'task_reschedule_count': 0,","chan":"stdout","logger":"task"}
{"timestamp":"2025-07-29T20:00:01.458014Z","level":"info","event":" 'templates_dict': None,","chan":"stdout","logger":"task"}
{"timestamp":"2025-07-29T20:00:01.458057Z","level":"info","event":" 'ti': RuntimeTaskInstance(id=UUID('019857c5-3aab-74fc-b939-5dc096cdf85d'), task_id='python', dag_id='python_operator_v1', run_id='scheduled__2023-06-24T14:19:00+00:00', try_number=1, map_index=-1, hostname='bf6f1e7a6f11', context_carrier={}, task=<Task(PythonOperator): python>, bundle_instance=LocalDagBundle(name=dags-folder), max_tries=0, start_date=datetime.datetime(2025, 7, 29, 20, 0, 0, 699365, tzinfo=datetime.timezone.utc), end_date=None, state=<TaskInstanceState.RUNNING: 'running'>, is_mapped=False, rendered_map_index=None, log_url='http://localhost:8080/dags/python_operator_v1/runs/scheduled__2023-06-24T14%3A19%3A00%2B00%3A00/tasks/python?try_number=1'),","chan":"stdout","logger":"task"}
{"timestamp":"2025-07-29T20:00:01.458152Z","level":"info","event":" 'triggering_asset_events': TriggeringAssetEventsAccessor(_events=defaultdict(<class 'list'>, {})),","chan":"stdout","logger":"task"}
{"timestamp":"2025-07-29T20:00:01.458251Z","level":"info","event":" 'ts': '2023-06-24T14:19:00+00:00',","chan":"stdout","logger":"task"}
{"timestamp":"2025-07-29T20:00:01.458320Z","level":"info","event":" 'ts_nodash': '20230624T141900',","chan":"stdout","logger":"task"}
{"timestamp":"2025-07-29T20:00:01.458388Z","level":"info","event":" 'ts_nodash_with_tz': '20230624T141900+0000',","chan":"stdout","logger":"task"}
{"timestamp":"2025-07-29T20:00:01.458459Z","level":"info","event":" 'var': {'json': <VariableAccessor (dynamic access)>,","chan":"stdout","logger":"task"}
{"timestamp":"2025-07-29T20:00:01.458526Z","level":"info","event":"         'value': <VariableAccessor (dynamic access)>}}","chan":"stdout","logger":"task"}
{"timestamp":"2025-07-29T20:00:01.458109","level":"info","event":"Done. Returned value was: 123","logger":"airflow.task.operators.airflow.providers.standard.operators.python.PythonOperator"}
{"timestamp":"2025-07-29T20:00:01.458501","level":"info","event":"Pushing xcom","ti":"RuntimeTaskInstance(id=UUID('019857c5-3aab-74fc-b939-5dc096cdf85d'), task_id='python', dag_id='python_operator_v1', run_id='scheduled__2023-06-24T14:19:00+00:00', try_number=1, map_index=-1, hostname='bf6f1e7a6f11', context_carrier={}, task=<Task(PythonOperator): python>, bundle_instance=LocalDagBundle(name=dags-folder), max_tries=0, start_date=datetime.datetime(2025, 7, 29, 20, 0, 0, 699365, tzinfo=datetime.timezone.utc), end_date=None, state=<TaskInstanceState.RUNNING: 'running'>, is_mapped=False, rendered_map_index=None, log_url='http://localhost:8080/dags/python_operator_v1/runs/scheduled__2023-06-24T14%3A19%3A00%2B00%3A00/tasks/python?try_number=1')","logger":"task"}
{"timestamp":"2025-07-29T20:00:01.492784Z","level":"info","event":"Task instance in success state","chan":"stdout","logger":"task"}
{"timestamp":"2025-07-29T20:00:01.492921Z","level":"info","event":" Previous state of the Task instance: TaskInstanceState.RUNNING","chan":"stdout","logger":"task"}
{"timestamp":"2025-07-29T20:00:01.493018Z","level":"info","event":"Task operator:<Task(PythonOperator): python>","chan":"stdout","logger":"task"}
