{"timestamp":"2025-07-29T20:09:25.684709","level":"info","event":"DAG bundles loaded: dags-folder, example_dags","logger":"airflow.dag_processing.bundles.manager.DagBundlesManager"}
{"timestamp":"2025-07-29T20:09:25.685338","level":"info","event":"Filling up the DagBag from /opt/airflow/dags/3_dag_principal.py","logger":"airflow.models.dagbag.DagBag"}
{"timestamp":"2025-07-29T20:09:25.741662Z","level":"info","event":"Task instance is in running state","chan":"stdout","logger":"task"}
{"timestamp":"2025-07-29T20:09:25.741803Z","level":"info","event":" Previous state of the Task instance: TaskInstanceState.QUEUED","chan":"stdout","logger":"task"}
{"timestamp":"2025-07-29T20:09:25.742312Z","level":"info","event":"Current task name:python_principal","chan":"stdout","logger":"task"}
{"timestamp":"2025-07-29T20:09:25.742429Z","level":"info","event":"Dag name:3_DAG_principal","chan":"stdout","logger":"task"}
{"timestamp":"2025-07-29T20:09:25.743523Z","level":"info","event":"DAG principal","chan":"stdout","logger":"task"}
{"timestamp":"2025-07-29T20:09:25.744114Z","level":"info","event":"{'conn': <ConnectionAccessor (dynamic access)>,","chan":"stdout","logger":"task"}
{"timestamp":"2025-07-29T20:09:25.744234Z","level":"info","event":" 'dag': <DAG: 3_DAG_principal>,","chan":"stdout","logger":"task"}
{"timestamp":"2025-07-29T20:09:25.744371Z","level":"info","event":" 'dag_run': DagRun(dag_id='3_DAG_principal', run_id='scheduled__2025-01-23T20:00:00+00:00', logical_date=datetime.datetime(2025, 1, 23, 20, 0, tzinfo=datetime.timezone.utc), data_interval_start=datetime.datetime(2025, 1, 23, 20, 0, tzinfo=datetime.timezone.utc), data_interval_end=datetime.datetime(2025, 1, 23, 20, 0, tzinfo=datetime.timezone.utc), run_after=datetime.datetime(2025, 1, 23, 20, 0, tzinfo=datetime.timezone.utc), start_date=datetime.datetime(2025, 7, 29, 20, 9, 24, 322874, tzinfo=datetime.timezone.utc), end_date=None, clear_number=0, run_type=<DagRunType.SCHEDULED: 'scheduled'>, conf={}, consumed_asset_events=[]),","chan":"stdout","logger":"task"}
{"timestamp":"2025-07-29T20:09:25.744479Z","level":"info","event":" 'data_interval_end': DateTime(2025, 1, 23, 20, 0, 0, tzinfo=Timezone('UTC')),","chan":"stdout","logger":"task"}
{"timestamp":"2025-07-29T20:09:25.744554Z","level":"info","event":" 'data_interval_start': DateTime(2025, 1, 23, 20, 0, 0, tzinfo=Timezone('UTC')),","chan":"stdout","logger":"task"}
{"timestamp":"2025-07-29T20:09:25.744613Z","level":"info","event":" 'ds': '2025-01-23',","chan":"stdout","logger":"task"}
{"timestamp":"2025-07-29T20:09:25.744658Z","level":"info","event":" 'ds_nodash': '20250123',","chan":"stdout","logger":"task"}
{"timestamp":"2025-07-29T20:09:25.744700Z","level":"info","event":" 'inlet_events': InletEventsAccessors(_inlets=[], _assets={}, _asset_aliases={}),","chan":"stdout","logger":"task"}
{"timestamp":"2025-07-29T20:09:25.744743Z","level":"info","event":" 'inlets': [],","chan":"stdout","logger":"task"}
{"timestamp":"2025-07-29T20:09:25.744784Z","level":"info","event":" 'logical_date': DateTime(2025, 1, 23, 20, 0, 0, tzinfo=Timezone('UTC')),","chan":"stdout","logger":"task"}
{"timestamp":"2025-07-29T20:09:25.744825Z","level":"info","event":" 'macros': <MacrosAccessor (dynamic access to macros)>,","chan":"stdout","logger":"task"}
{"timestamp":"2025-07-29T20:09:25.744866Z","level":"info","event":" 'map_index_template': None,","chan":"stdout","logger":"task"}
{"timestamp":"2025-07-29T20:09:25.744907Z","level":"info","event":" 'outlet_events': <airflow.sdk.execution_time.context.OutletEventAccessors object at 0x7fb67ea264b0>,","chan":"stdout","logger":"task"}
{"timestamp":"2025-07-29T20:09:25.744948Z","level":"info","event":" 'outlets': [],","chan":"stdout","logger":"task"}
{"timestamp":"2025-07-29T20:09:25.744988Z","level":"info","event":" 'params': {},","chan":"stdout","logger":"task"}
{"timestamp":"2025-07-29T20:09:25.755959Z","level":"info","event":" 'prev_data_interval_end_success': <Proxy at 0x7fb66fc71880 with factory <function RuntimeTaskInstance.get_template_context.<locals>.<lambda> at 0x7fb66fc81580>>,","chan":"stdout","logger":"task"}
{"timestamp":"2025-07-29T20:09:25.756203Z","level":"info","event":" 'prev_data_interval_start_success': <Proxy at 0x7fb66fc718b0 with factory <function RuntimeTaskInstance.get_template_context.<locals>.<lambda> at 0x7fb66fc80040>>,","chan":"stdout","logger":"task"}
{"timestamp":"2025-07-29T20:09:25.756270Z","level":"info","event":" 'prev_end_date_success': <Proxy at 0x7fb66fc43fb0 with factory <function RuntimeTaskInstance.get_template_context.<locals>.<lambda> at 0x7fb66fc81620>>,","chan":"stdout","logger":"task"}
{"timestamp":"2025-07-29T20:09:25.756322Z","level":"info","event":" 'prev_start_date_success': <Proxy at 0x7fb66fc43ec0 with factory <function RuntimeTaskInstance.get_template_context.<locals>.<lambda> at 0x7fb66fc80360>>,","chan":"stdout","logger":"task"}
{"timestamp":"2025-07-29T20:09:25.756383Z","level":"info","event":" 'run_id': 'scheduled__2025-01-23T20:00:00+00:00',","chan":"stdout","logger":"task"}
{"timestamp":"2025-07-29T20:09:25.756432Z","level":"info","event":" 'task': <Task(PythonOperator): python_principal>,","chan":"stdout","logger":"task"}
{"timestamp":"2025-07-29T20:09:25.756484Z","level":"info","event":" 'task_instance': RuntimeTaskInstance(id=UUID('019857cd-d652-70e4-847d-15201ec79798'), task_id='python_principal', dag_id='3_DAG_principal', run_id='scheduled__2025-01-23T20:00:00+00:00', try_number=1, map_index=-1, hostname='bf6f1e7a6f11', context_carrier={}, task=<Task(PythonOperator): python_principal>, bundle_instance=LocalDagBundle(name=dags-folder), max_tries=0, start_date=datetime.datetime(2025, 7, 29, 20, 9, 25, 29334, tzinfo=datetime.timezone.utc), end_date=None, state=<TaskInstanceState.RUNNING: 'running'>, is_mapped=False, rendered_map_index=None, log_url='http://localhost:8080/dags/3_DAG_principal/runs/scheduled__2025-01-23T20%3A00%3A00%2B00%3A00/tasks/python_principal?try_number=1'),","chan":"stdout","logger":"task"}
{"timestamp":"2025-07-29T20:09:25.756535Z","level":"info","event":" 'task_instance_key_str': '3_DAG_principal__python_principal__20250123',","chan":"stdout","logger":"task"}
{"timestamp":"2025-07-29T20:09:25.756577Z","level":"info","event":" 'task_reschedule_count': 0,","chan":"stdout","logger":"task"}
{"timestamp":"2025-07-29T20:09:25.756618Z","level":"info","event":" 'templates_dict': None,","chan":"stdout","logger":"task"}
{"timestamp":"2025-07-29T20:09:25.756661Z","level":"info","event":" 'ti': RuntimeTaskInstance(id=UUID('019857cd-d652-70e4-847d-15201ec79798'), task_id='python_principal', dag_id='3_DAG_principal', run_id='scheduled__2025-01-23T20:00:00+00:00', try_number=1, map_index=-1, hostname='bf6f1e7a6f11', context_carrier={}, task=<Task(PythonOperator): python_principal>, bundle_instance=LocalDagBundle(name=dags-folder), max_tries=0, start_date=datetime.datetime(2025, 7, 29, 20, 9, 25, 29334, tzinfo=datetime.timezone.utc), end_date=None, state=<TaskInstanceState.RUNNING: 'running'>, is_mapped=False, rendered_map_index=None, log_url='http://localhost:8080/dags/3_DAG_principal/runs/scheduled__2025-01-23T20%3A00%3A00%2B00%3A00/tasks/python_principal?try_number=1'),","chan":"stdout","logger":"task"}
{"timestamp":"2025-07-29T20:09:25.756705Z","level":"info","event":" 'triggering_asset_events': TriggeringAssetEventsAccessor(_events=defaultdict(<class 'list'>, {})),","chan":"stdout","logger":"task"}
{"timestamp":"2025-07-29T20:09:25.756747Z","level":"info","event":" 'ts': '2025-01-23T20:00:00+00:00',","chan":"stdout","logger":"task"}
{"timestamp":"2025-07-29T20:09:25.756787Z","level":"info","event":" 'ts_nodash': '20250123T200000',","chan":"stdout","logger":"task"}
{"timestamp":"2025-07-29T20:09:25.756828Z","level":"info","event":" 'ts_nodash_with_tz': '20250123T200000+0000',","chan":"stdout","logger":"task"}
{"timestamp":"2025-07-29T20:09:25.756900Z","level":"info","event":" 'var': {'json': <VariableAccessor (dynamic access)>,","chan":"stdout","logger":"task"}
{"timestamp":"2025-07-29T20:09:25.756947Z","level":"info","event":"         'value': <VariableAccessor (dynamic access)>}}","chan":"stdout","logger":"task"}
{"timestamp":"2025-07-29T20:09:25.756348","level":"info","event":"Done. Returned value was: principal","logger":"airflow.task.operators.airflow.providers.standard.operators.python.PythonOperator"}
{"timestamp":"2025-07-29T20:09:25.756593","level":"info","event":"Pushing xcom","ti":"RuntimeTaskInstance(id=UUID('019857cd-d652-70e4-847d-15201ec79798'), task_id='python_principal', dag_id='3_DAG_principal', run_id='scheduled__2025-01-23T20:00:00+00:00', try_number=1, map_index=-1, hostname='bf6f1e7a6f11', context_carrier={}, task=<Task(PythonOperator): python_principal>, bundle_instance=LocalDagBundle(name=dags-folder), max_tries=0, start_date=datetime.datetime(2025, 7, 29, 20, 9, 25, 29334, tzinfo=datetime.timezone.utc), end_date=None, state=<TaskInstanceState.RUNNING: 'running'>, is_mapped=False, rendered_map_index=None, log_url='http://localhost:8080/dags/3_DAG_principal/runs/scheduled__2025-01-23T20%3A00%3A00%2B00%3A00/tasks/python_principal?try_number=1')","logger":"task"}
{"timestamp":"2025-07-29T20:09:25.784743Z","level":"info","event":"Task instance in success state","chan":"stdout","logger":"task"}
{"timestamp":"2025-07-29T20:09:25.784879Z","level":"info","event":" Previous state of the Task instance: TaskInstanceState.RUNNING","chan":"stdout","logger":"task"}
{"timestamp":"2025-07-29T20:09:25.784974Z","level":"info","event":"Task operator:<Task(PythonOperator): python_principal>","chan":"stdout","logger":"task"}
