{"timestamp":"2025-07-29T19:37:24.358136","level":"info","event":"DAG bundles loaded: dags-folder, example_dags","logger":"airflow.dag_processing.bundles.manager.DagBundlesManager"}
{"timestamp":"2025-07-29T19:37:24.358629","level":"info","event":"Filling up the DagBag from /opt/airflow/dags/python_operator_v1.py","logger":"airflow.models.dagbag.DagBag"}
{"timestamp":"2025-07-29T19:37:24.379661Z","level":"info","event":"Task instance is in running state","chan":"stdout","logger":"task"}
{"timestamp":"2025-07-29T19:37:24.379807Z","level":"info","event":" Previous state of the Task instance: TaskInstanceState.QUEUED","chan":"stdout","logger":"task"}
{"timestamp":"2025-07-29T19:37:24.379899Z","level":"info","event":"Current task name:python","chan":"stdout","logger":"task"}
{"timestamp":"2025-07-29T19:37:24.379949Z","level":"info","event":"Dag name:python_operator_v1","chan":"stdout","logger":"task"}
{"timestamp":"2025-07-29T19:37:24.381298Z","level":"info","event":"poliana","chan":"stdout","logger":"task"}
{"timestamp":"2025-07-29T19:37:24.381922Z","level":"info","event":"{'conn': <ConnectionAccessor (dynamic access)>,","chan":"stdout","logger":"task"}
{"timestamp":"2025-07-29T19:37:24.382030Z","level":"info","event":" 'dag': <DAG: python_operator_v1>,","chan":"stdout","logger":"task"}
{"timestamp":"2025-07-29T19:37:24.382122Z","level":"info","event":" 'dag_run': DagRun(dag_id='python_operator_v1', run_id='scheduled__2023-06-23T14:23:00+00:00', logical_date=datetime.datetime(2023, 6, 23, 14, 23, tzinfo=datetime.timezone.utc), data_interval_start=datetime.datetime(2023, 6, 23, 14, 23, tzinfo=datetime.timezone.utc), data_interval_end=datetime.datetime(2023, 6, 23, 14, 23, tzinfo=datetime.timezone.utc), run_after=datetime.datetime(2023, 6, 23, 14, 23, tzinfo=datetime.timezone.utc), start_date=datetime.datetime(2025, 7, 29, 19, 37, 23, 497967, tzinfo=datetime.timezone.utc), end_date=None, clear_number=0, run_type=<DagRunType.SCHEDULED: 'scheduled'>, conf={}, consumed_asset_events=[]),","chan":"stdout","logger":"task"}
{"timestamp":"2025-07-29T19:37:24.382177Z","level":"info","event":" 'data_interval_end': DateTime(2023, 6, 23, 14, 23, 0, tzinfo=Timezone('UTC')),","chan":"stdout","logger":"task"}
{"timestamp":"2025-07-29T19:37:24.382239Z","level":"info","event":" 'data_interval_start': DateTime(2023, 6, 23, 14, 23, 0, tzinfo=Timezone('UTC')),","chan":"stdout","logger":"task"}
{"timestamp":"2025-07-29T19:37:24.382297Z","level":"info","event":" 'ds': '2023-06-23',","chan":"stdout","logger":"task"}
{"timestamp":"2025-07-29T19:37:24.382338Z","level":"info","event":" 'ds_nodash': '20230623',","chan":"stdout","logger":"task"}
{"timestamp":"2025-07-29T19:37:24.382378Z","level":"info","event":" 'inlet_events': InletEventsAccessors(_inlets=[], _assets={}, _asset_aliases={}),","chan":"stdout","logger":"task"}
{"timestamp":"2025-07-29T19:37:24.382417Z","level":"info","event":" 'inlets': [],","chan":"stdout","logger":"task"}
{"timestamp":"2025-07-29T19:37:24.382459Z","level":"info","event":" 'logical_date': DateTime(2023, 6, 23, 14, 23, 0, tzinfo=Timezone('UTC')),","chan":"stdout","logger":"task"}
{"timestamp":"2025-07-29T19:37:24.382498Z","level":"info","event":" 'macros': <MacrosAccessor (dynamic access to macros)>,","chan":"stdout","logger":"task"}
{"timestamp":"2025-07-29T19:37:24.382538Z","level":"info","event":" 'map_index_template': None,","chan":"stdout","logger":"task"}
{"timestamp":"2025-07-29T19:37:24.382583Z","level":"info","event":" 'outlet_events': <airflow.sdk.execution_time.context.OutletEventAccessors object at 0x7fb67b51fa70>,","chan":"stdout","logger":"task"}
{"timestamp":"2025-07-29T19:37:24.382622Z","level":"info","event":" 'outlets': [],","chan":"stdout","logger":"task"}
{"timestamp":"2025-07-29T19:37:24.382662Z","level":"info","event":" 'params': {},","chan":"stdout","logger":"task"}
{"timestamp":"2025-07-29T19:37:24.397271Z","level":"info","event":" 'prev_data_interval_end_success': <Proxy at 0x7fb66fc95490 with factory <function RuntimeTaskInstance.get_template_context.<locals>.<lambda> at 0x7fb66fcb0400>>,","chan":"stdout","logger":"task"}
{"timestamp":"2025-07-29T19:37:24.397426Z","level":"info","event":" 'prev_data_interval_start_success': <Proxy at 0x7fb66fc96690 with factory <function RuntimeTaskInstance.get_template_context.<locals>.<lambda> at 0x7fb66fcb1b20>>,","chan":"stdout","logger":"task"}
{"timestamp":"2025-07-29T19:37:24.397543Z","level":"info","event":" 'prev_end_date_success': <Proxy at 0x7fb67b5ac740 with factory <function RuntimeTaskInstance.get_template_context.<locals>.<lambda> at 0x7fb66fcb1bc0>>,","chan":"stdout","logger":"task"}
{"timestamp":"2025-07-29T19:37:24.397618Z","level":"info","event":" 'prev_start_date_success': <Proxy at 0x7fb67b5acf20 with factory <function RuntimeTaskInstance.get_template_context.<locals>.<lambda> at 0x7fb66fcb0900>>,","chan":"stdout","logger":"task"}
{"timestamp":"2025-07-29T19:37:24.397664Z","level":"info","event":" 'run_id': 'scheduled__2023-06-23T14:23:00+00:00',","chan":"stdout","logger":"task"}
{"timestamp":"2025-07-29T19:37:24.397722Z","level":"info","event":" 'task': <Task(PythonOperator): python>,","chan":"stdout","logger":"task"}
{"timestamp":"2025-07-29T19:37:24.397764Z","level":"info","event":" 'task_instance': RuntimeTaskInstance(id=UUID('019857b0-8721-7b29-a210-31b97d789621'), task_id='python', dag_id='python_operator_v1', run_id='scheduled__2023-06-23T14:23:00+00:00', try_number=1, map_index=-1, hostname='bf6f1e7a6f11', context_carrier={}, task=<Task(PythonOperator): python>, bundle_instance=LocalDagBundle(name=dags-folder), max_tries=0, start_date=datetime.datetime(2025, 7, 29, 19, 37, 23, 813922, tzinfo=datetime.timezone.utc), end_date=None, state=<TaskInstanceState.RUNNING: 'running'>, is_mapped=False, rendered_map_index=None, log_url='http://localhost:8080/dags/python_operator_v1/runs/scheduled__2023-06-23T14%3A23%3A00%2B00%3A00/tasks/python?try_number=1'),","chan":"stdout","logger":"task"}
{"timestamp":"2025-07-29T19:37:24.397807Z","level":"info","event":" 'task_instance_key_str': 'python_operator_v1__python__20230623',","chan":"stdout","logger":"task"}
{"timestamp":"2025-07-29T19:37:24.397848Z","level":"info","event":" 'task_reschedule_count': 0,","chan":"stdout","logger":"task"}
{"timestamp":"2025-07-29T19:37:24.397887Z","level":"info","event":" 'templates_dict': None,","chan":"stdout","logger":"task"}
{"timestamp":"2025-07-29T19:37:24.397928Z","level":"info","event":" 'ti': RuntimeTaskInstance(id=UUID('019857b0-8721-7b29-a210-31b97d789621'), task_id='python', dag_id='python_operator_v1', run_id='scheduled__2023-06-23T14:23:00+00:00', try_number=1, map_index=-1, hostname='bf6f1e7a6f11', context_carrier={}, task=<Task(PythonOperator): python>, bundle_instance=LocalDagBundle(name=dags-folder), max_tries=0, start_date=datetime.datetime(2025, 7, 29, 19, 37, 23, 813922, tzinfo=datetime.timezone.utc), end_date=None, state=<TaskInstanceState.RUNNING: 'running'>, is_mapped=False, rendered_map_index=None, log_url='http://localhost:8080/dags/python_operator_v1/runs/scheduled__2023-06-23T14%3A23%3A00%2B00%3A00/tasks/python?try_number=1'),","chan":"stdout","logger":"task"}
{"timestamp":"2025-07-29T19:37:24.397969Z","level":"info","event":" 'triggering_asset_events': TriggeringAssetEventsAccessor(_events=defaultdict(<class 'list'>, {})),","chan":"stdout","logger":"task"}
{"timestamp":"2025-07-29T19:37:24.398009Z","level":"info","event":" 'ts': '2023-06-23T14:23:00+00:00',","chan":"stdout","logger":"task"}
{"timestamp":"2025-07-29T19:37:24.398048Z","level":"info","event":" 'ts_nodash': '20230623T142300',","chan":"stdout","logger":"task"}
{"timestamp":"2025-07-29T19:37:24.398086Z","level":"info","event":" 'ts_nodash_with_tz': '20230623T142300+0000',","chan":"stdout","logger":"task"}
{"timestamp":"2025-07-29T19:37:24.398125Z","level":"info","event":" 'var': {'json': <VariableAccessor (dynamic access)>,","chan":"stdout","logger":"task"}
{"timestamp":"2025-07-29T19:37:24.398164Z","level":"info","event":"         'value': <VariableAccessor (dynamic access)>}}","chan":"stdout","logger":"task"}
{"timestamp":"2025-07-29T19:37:24.397962","level":"info","event":"Done. Returned value was: 123","logger":"airflow.task.operators.airflow.providers.standard.operators.python.PythonOperator"}
{"timestamp":"2025-07-29T19:37:24.398124","level":"info","event":"Pushing xcom","ti":"RuntimeTaskInstance(id=UUID('019857b0-8721-7b29-a210-31b97d789621'), task_id='python', dag_id='python_operator_v1', run_id='scheduled__2023-06-23T14:23:00+00:00', try_number=1, map_index=-1, hostname='bf6f1e7a6f11', context_carrier={}, task=<Task(PythonOperator): python>, bundle_instance=LocalDagBundle(name=dags-folder), max_tries=0, start_date=datetime.datetime(2025, 7, 29, 19, 37, 23, 813922, tzinfo=datetime.timezone.utc), end_date=None, state=<TaskInstanceState.RUNNING: 'running'>, is_mapped=False, rendered_map_index=None, log_url='http://localhost:8080/dags/python_operator_v1/runs/scheduled__2023-06-23T14%3A23%3A00%2B00%3A00/tasks/python?try_number=1')","logger":"task"}
{"timestamp":"2025-07-29T19:37:24.422998Z","level":"info","event":"Task instance in success state","chan":"stdout","logger":"task"}
{"timestamp":"2025-07-29T19:37:24.423147Z","level":"info","event":" Previous state of the Task instance: TaskInstanceState.RUNNING","chan":"stdout","logger":"task"}
{"timestamp":"2025-07-29T19:37:24.423242Z","level":"info","event":"Task operator:<Task(PythonOperator): python>","chan":"stdout","logger":"task"}
