{"timestamp":"2025-07-29T20:01:08.343890","level":"info","event":"DAG bundles loaded: dags-folder, example_dags","logger":"airflow.dag_processing.bundles.manager.DagBundlesManager"}
{"timestamp":"2025-07-29T20:01:08.344464","level":"info","event":"Filling up the DagBag from /opt/airflow/dags/2_python_operator_v1.py","logger":"airflow.models.dagbag.DagBag"}
{"timestamp":"2025-07-29T20:01:08.378622Z","level":"info","event":"Task instance is in running state","chan":"stdout","logger":"task"}
{"timestamp":"2025-07-29T20:01:08.378848Z","level":"info","event":" Previous state of the Task instance: TaskInstanceState.QUEUED","chan":"stdout","logger":"task"}
{"timestamp":"2025-07-29T20:01:08.379912Z","level":"info","event":"Current task name:python","chan":"stdout","logger":"task"}
{"timestamp":"2025-07-29T20:01:08.380134Z","level":"info","event":"Dag name:python_operator_v1","chan":"stdout","logger":"task"}
{"timestamp":"2025-07-29T20:01:08.382039Z","level":"info","event":"poliana","chan":"stdout","logger":"task"}
{"timestamp":"2025-07-29T20:01:08.383338Z","level":"info","event":"{'conn': <ConnectionAccessor (dynamic access)>,","chan":"stdout","logger":"task"}
{"timestamp":"2025-07-29T20:01:08.383516Z","level":"info","event":" 'dag': <DAG: python_operator_v1>,","chan":"stdout","logger":"task"}
{"timestamp":"2025-07-29T20:01:08.383708Z","level":"info","event":" 'dag_run': DagRun(dag_id='python_operator_v1', run_id='scheduled__2023-06-24T15:19:00+00:00', logical_date=datetime.datetime(2023, 6, 24, 15, 19, tzinfo=datetime.timezone.utc), data_interval_start=datetime.datetime(2023, 6, 24, 15, 19, tzinfo=datetime.timezone.utc), data_interval_end=datetime.datetime(2023, 6, 24, 15, 19, tzinfo=datetime.timezone.utc), run_after=datetime.datetime(2023, 6, 24, 15, 19, tzinfo=datetime.timezone.utc), start_date=datetime.datetime(2025, 7, 29, 20, 1, 7, 201745, tzinfo=datetime.timezone.utc), end_date=None, clear_number=0, run_type=<DagRunType.SCHEDULED: 'scheduled'>, conf={}, consumed_asset_events=[]),","chan":"stdout","logger":"task"}
{"timestamp":"2025-07-29T20:01:08.383807Z","level":"info","event":" 'data_interval_end': DateTime(2023, 6, 24, 15, 19, 0, tzinfo=Timezone('UTC')),","chan":"stdout","logger":"task"}
{"timestamp":"2025-07-29T20:01:08.383876Z","level":"info","event":" 'data_interval_start': DateTime(2023, 6, 24, 15, 19, 0, tzinfo=Timezone('UTC')),","chan":"stdout","logger":"task"}
{"timestamp":"2025-07-29T20:01:08.383941Z","level":"info","event":" 'ds': '2023-06-24',","chan":"stdout","logger":"task"}
{"timestamp":"2025-07-29T20:01:08.384010Z","level":"info","event":" 'ds_nodash': '20230624',","chan":"stdout","logger":"task"}
{"timestamp":"2025-07-29T20:01:08.384076Z","level":"info","event":" 'inlet_events': InletEventsAccessors(_inlets=[], _assets={}, _asset_aliases={}),","chan":"stdout","logger":"task"}
{"timestamp":"2025-07-29T20:01:08.384141Z","level":"info","event":" 'inlets': [],","chan":"stdout","logger":"task"}
{"timestamp":"2025-07-29T20:01:08.384203Z","level":"info","event":" 'logical_date': DateTime(2023, 6, 24, 15, 19, 0, tzinfo=Timezone('UTC')),","chan":"stdout","logger":"task"}
{"timestamp":"2025-07-29T20:01:08.384267Z","level":"info","event":" 'macros': <MacrosAccessor (dynamic access to macros)>,","chan":"stdout","logger":"task"}
{"timestamp":"2025-07-29T20:01:08.384333Z","level":"info","event":" 'map_index_template': None,","chan":"stdout","logger":"task"}
{"timestamp":"2025-07-29T20:01:08.384420Z","level":"info","event":" 'outlet_events': <airflow.sdk.execution_time.context.OutletEventAccessors object at 0x7fb677b54830>,","chan":"stdout","logger":"task"}
{"timestamp":"2025-07-29T20:01:08.384506Z","level":"info","event":" 'outlets': [],","chan":"stdout","logger":"task"}
{"timestamp":"2025-07-29T20:01:08.384577Z","level":"info","event":" 'params': {},","chan":"stdout","logger":"task"}
{"timestamp":"2025-07-29T20:01:08.399446Z","level":"info","event":" 'prev_data_interval_end_success': <Proxy at 0x7fb66fdd5b50 with factory <function RuntimeTaskInstance.get_template_context.<locals>.<lambda> at 0x7fb66fdf8860>>,","chan":"stdout","logger":"task"}
{"timestamp":"2025-07-29T20:01:08.399680Z","level":"info","event":" 'prev_data_interval_start_success': <Proxy at 0x7fb677abeba0 with factory <function RuntimeTaskInstance.get_template_context.<locals>.<lambda> at 0x7fb66fdf9f80>>,","chan":"stdout","logger":"task"}
{"timestamp":"2025-07-29T20:01:08.399779Z","level":"info","event":" 'prev_end_date_success': <Proxy at 0x7fb66feaf770 with factory <function RuntimeTaskInstance.get_template_context.<locals>.<lambda> at 0x7fb66fdfa020>>,","chan":"stdout","logger":"task"}
{"timestamp":"2025-07-29T20:01:08.399862Z","level":"info","event":" 'prev_start_date_success': <Proxy at 0x7fb66feae690 with factory <function RuntimeTaskInstance.get_template_context.<locals>.<lambda> at 0x7fb66fdf8d60>>,","chan":"stdout","logger":"task"}
{"timestamp":"2025-07-29T20:01:08.399938Z","level":"info","event":" 'run_id': 'scheduled__2023-06-24T15:19:00+00:00',","chan":"stdout","logger":"task"}
{"timestamp":"2025-07-29T20:01:08.400005Z","level":"info","event":" 'task': <Task(PythonOperator): python>,","chan":"stdout","logger":"task"}
{"timestamp":"2025-07-29T20:01:08.400074Z","level":"info","event":" 'task_instance': RuntimeTaskInstance(id=UUID('019857c6-4063-7e33-abb3-cd10e8afb5f6'), task_id='python', dag_id='python_operator_v1', run_id='scheduled__2023-06-24T15:19:00+00:00', try_number=1, map_index=-1, hostname='bf6f1e7a6f11', context_carrier={}, task=<Task(PythonOperator): python>, bundle_instance=LocalDagBundle(name=dags-folder), max_tries=0, start_date=datetime.datetime(2025, 7, 29, 20, 1, 7, 761787, tzinfo=datetime.timezone.utc), end_date=None, state=<TaskInstanceState.RUNNING: 'running'>, is_mapped=False, rendered_map_index=None, log_url='http://localhost:8080/dags/python_operator_v1/runs/scheduled__2023-06-24T15%3A19%3A00%2B00%3A00/tasks/python?try_number=1'),","chan":"stdout","logger":"task"}
{"timestamp":"2025-07-29T20:01:08.400153Z","level":"info","event":" 'task_instance_key_str': 'python_operator_v1__python__20230624',","chan":"stdout","logger":"task"}
{"timestamp":"2025-07-29T20:01:08.400226Z","level":"info","event":" 'task_reschedule_count': 0,","chan":"stdout","logger":"task"}
{"timestamp":"2025-07-29T20:01:08.400288Z","level":"info","event":" 'templates_dict': None,","chan":"stdout","logger":"task"}
{"timestamp":"2025-07-29T20:01:08.400355Z","level":"info","event":" 'ti': RuntimeTaskInstance(id=UUID('019857c6-4063-7e33-abb3-cd10e8afb5f6'), task_id='python', dag_id='python_operator_v1', run_id='scheduled__2023-06-24T15:19:00+00:00', try_number=1, map_index=-1, hostname='bf6f1e7a6f11', context_carrier={}, task=<Task(PythonOperator): python>, bundle_instance=LocalDagBundle(name=dags-folder), max_tries=0, start_date=datetime.datetime(2025, 7, 29, 20, 1, 7, 761787, tzinfo=datetime.timezone.utc), end_date=None, state=<TaskInstanceState.RUNNING: 'running'>, is_mapped=False, rendered_map_index=None, log_url='http://localhost:8080/dags/python_operator_v1/runs/scheduled__2023-06-24T15%3A19%3A00%2B00%3A00/tasks/python?try_number=1'),","chan":"stdout","logger":"task"}
{"timestamp":"2025-07-29T20:01:08.400432Z","level":"info","event":" 'triggering_asset_events': TriggeringAssetEventsAccessor(_events=defaultdict(<class 'list'>, {})),","chan":"stdout","logger":"task"}
{"timestamp":"2025-07-29T20:01:08.400504Z","level":"info","event":" 'ts': '2023-06-24T15:19:00+00:00',","chan":"stdout","logger":"task"}
{"timestamp":"2025-07-29T20:01:08.400569Z","level":"info","event":" 'ts_nodash': '20230624T151900',","chan":"stdout","logger":"task"}
{"timestamp":"2025-07-29T20:01:08.400630Z","level":"info","event":" 'ts_nodash_with_tz': '20230624T151900+0000',","chan":"stdout","logger":"task"}
{"timestamp":"2025-07-29T20:01:08.400767Z","level":"info","event":" 'var': {'json': <VariableAccessor (dynamic access)>,","chan":"stdout","logger":"task"}
{"timestamp":"2025-07-29T20:01:08.400853Z","level":"info","event":"         'value': <VariableAccessor (dynamic access)>}}","chan":"stdout","logger":"task"}
{"timestamp":"2025-07-29T20:01:08.400276","level":"info","event":"Done. Returned value was: 123","logger":"airflow.task.operators.airflow.providers.standard.operators.python.PythonOperator"}
{"timestamp":"2025-07-29T20:01:08.400520","level":"info","event":"Pushing xcom","ti":"RuntimeTaskInstance(id=UUID('019857c6-4063-7e33-abb3-cd10e8afb5f6'), task_id='python', dag_id='python_operator_v1', run_id='scheduled__2023-06-24T15:19:00+00:00', try_number=1, map_index=-1, hostname='bf6f1e7a6f11', context_carrier={}, task=<Task(PythonOperator): python>, bundle_instance=LocalDagBundle(name=dags-folder), max_tries=0, start_date=datetime.datetime(2025, 7, 29, 20, 1, 7, 761787, tzinfo=datetime.timezone.utc), end_date=None, state=<TaskInstanceState.RUNNING: 'running'>, is_mapped=False, rendered_map_index=None, log_url='http://localhost:8080/dags/python_operator_v1/runs/scheduled__2023-06-24T15%3A19%3A00%2B00%3A00/tasks/python?try_number=1')","logger":"task"}
{"timestamp":"2025-07-29T20:01:08.438656Z","level":"info","event":"Task instance in success state","chan":"stdout","logger":"task"}
{"timestamp":"2025-07-29T20:01:08.438847Z","level":"info","event":" Previous state of the Task instance: TaskInstanceState.RUNNING","chan":"stdout","logger":"task"}
{"timestamp":"2025-07-29T20:01:08.439079Z","level":"info","event":"Task operator:<Task(PythonOperator): python>","chan":"stdout","logger":"task"}
