{"timestamp":"2025-07-29T20:07:42.549670","level":"info","event":"DAG bundles loaded: dags-folder, example_dags","logger":"airflow.dag_processing.bundles.manager.DagBundlesManager"}
{"timestamp":"2025-07-29T20:07:42.550395","level":"info","event":"Filling up the DagBag from /opt/airflow/dags/3_dag_principal.py","logger":"airflow.models.dagbag.DagBag"}
{"timestamp":"2025-07-29T20:07:42.617176Z","level":"info","event":"Task instance is in running state","chan":"stdout","logger":"task"}
{"timestamp":"2025-07-29T20:07:42.617436Z","level":"info","event":" Previous state of the Task instance: TaskInstanceState.QUEUED","chan":"stdout","logger":"task"}
{"timestamp":"2025-07-29T20:07:42.618378Z","level":"info","event":"Current task name:python_principal","chan":"stdout","logger":"task"}
{"timestamp":"2025-07-29T20:07:42.618674Z","level":"info","event":"Dag name:3_DAG_principal","chan":"stdout","logger":"task"}
{"timestamp":"2025-07-29T20:07:42.621072Z","level":"info","event":"DAG principal","chan":"stdout","logger":"task"}
{"timestamp":"2025-07-29T20:07:42.623071Z","level":"info","event":"{'conn': <ConnectionAccessor (dynamic access)>,","chan":"stdout","logger":"task"}
{"timestamp":"2025-07-29T20:07:42.623334Z","level":"info","event":" 'dag': <DAG: 3_DAG_principal>,","chan":"stdout","logger":"task"}
{"timestamp":"2025-07-29T20:07:42.623554Z","level":"info","event":" 'dag_run': DagRun(dag_id='3_DAG_principal', run_id='scheduled__2024-10-18T20:00:00+00:00', logical_date=datetime.datetime(2024, 10, 18, 20, 0, tzinfo=datetime.timezone.utc), data_interval_start=datetime.datetime(2024, 10, 18, 20, 0, tzinfo=datetime.timezone.utc), data_interval_end=datetime.datetime(2024, 10, 18, 20, 0, tzinfo=datetime.timezone.utc), run_after=datetime.datetime(2024, 10, 18, 20, 0, tzinfo=datetime.timezone.utc), start_date=datetime.datetime(2025, 7, 29, 20, 7, 41, 320296, tzinfo=datetime.timezone.utc), end_date=None, clear_number=0, run_type=<DagRunType.SCHEDULED: 'scheduled'>, conf={}, consumed_asset_events=[]),","chan":"stdout","logger":"task"}
{"timestamp":"2025-07-29T20:07:42.623686Z","level":"info","event":" 'data_interval_end': DateTime(2024, 10, 18, 20, 0, 0, tzinfo=Timezone('UTC')),","chan":"stdout","logger":"task"}
{"timestamp":"2025-07-29T20:07:42.623773Z","level":"info","event":" 'data_interval_start': DateTime(2024, 10, 18, 20, 0, 0, tzinfo=Timezone('UTC')),","chan":"stdout","logger":"task"}
{"timestamp":"2025-07-29T20:07:42.623849Z","level":"info","event":" 'ds': '2024-10-18',","chan":"stdout","logger":"task"}
{"timestamp":"2025-07-29T20:07:42.623922Z","level":"info","event":" 'ds_nodash': '20241018',","chan":"stdout","logger":"task"}
{"timestamp":"2025-07-29T20:07:42.623994Z","level":"info","event":" 'inlet_events': InletEventsAccessors(_inlets=[], _assets={}, _asset_aliases={}),","chan":"stdout","logger":"task"}
{"timestamp":"2025-07-29T20:07:42.624066Z","level":"info","event":" 'inlets': [],","chan":"stdout","logger":"task"}
{"timestamp":"2025-07-29T20:07:42.624139Z","level":"info","event":" 'logical_date': DateTime(2024, 10, 18, 20, 0, 0, tzinfo=Timezone('UTC')),","chan":"stdout","logger":"task"}
{"timestamp":"2025-07-29T20:07:42.624209Z","level":"info","event":" 'macros': <MacrosAccessor (dynamic access to macros)>,","chan":"stdout","logger":"task"}
{"timestamp":"2025-07-29T20:07:42.624279Z","level":"info","event":" 'map_index_template': None,","chan":"stdout","logger":"task"}
{"timestamp":"2025-07-29T20:07:42.624350Z","level":"info","event":" 'outlet_events': <airflow.sdk.execution_time.context.OutletEventAccessors object at 0x7fb67c5b6720>,","chan":"stdout","logger":"task"}
{"timestamp":"2025-07-29T20:07:42.624419Z","level":"info","event":" 'outlets': [],","chan":"stdout","logger":"task"}
{"timestamp":"2025-07-29T20:07:42.624487Z","level":"info","event":" 'params': {},","chan":"stdout","logger":"task"}
{"timestamp":"2025-07-29T20:07:42.645709Z","level":"info","event":" 'prev_data_interval_end_success': <Proxy at 0x7fb66fca1880 with factory <function RuntimeTaskInstance.get_template_context.<locals>.<lambda> at 0x7fb66fcb6660>>,","chan":"stdout","logger":"task"}
{"timestamp":"2025-07-29T20:07:42.645966Z","level":"info","event":" 'prev_data_interval_start_success': <Proxy at 0x7fb66fca17c0 with factory <function RuntimeTaskInstance.get_template_context.<locals>.<lambda> at 0x7fb66fcb4ea0>>,","chan":"stdout","logger":"task"}
{"timestamp":"2025-07-29T20:07:42.646066Z","level":"info","event":" 'prev_end_date_success': <Proxy at 0x7fb66fe57410 with factory <function RuntimeTaskInstance.get_template_context.<locals>.<lambda> at 0x7fb66fcb6700>>,","chan":"stdout","logger":"task"}
{"timestamp":"2025-07-29T20:07:42.646299Z","level":"info","event":" 'prev_start_date_success': <Proxy at 0x7fb66fca1430 with factory <function RuntimeTaskInstance.get_template_context.<locals>.<lambda> at 0x7fb66fcb5440>>,","chan":"stdout","logger":"task"}
{"timestamp":"2025-07-29T20:07:42.646386Z","level":"info","event":" 'run_id': 'scheduled__2024-10-18T20:00:00+00:00',","chan":"stdout","logger":"task"}
{"timestamp":"2025-07-29T20:07:42.646458Z","level":"info","event":" 'task': <Task(PythonOperator): python_principal>,","chan":"stdout","logger":"task"}
{"timestamp":"2025-07-29T20:07:42.646527Z","level":"info","event":" 'task_instance': RuntimeTaskInstance(id=UUID('019857cc-43fb-759d-ab83-ea7ddb6a85c0'), task_id='python_principal', dag_id='3_DAG_principal', run_id='scheduled__2024-10-18T20:00:00+00:00', try_number=1, map_index=-1, hostname='bf6f1e7a6f11', context_carrier={}, task=<Task(PythonOperator): python_principal>, bundle_instance=LocalDagBundle(name=dags-folder), max_tries=0, start_date=datetime.datetime(2025, 7, 29, 20, 7, 41, 810072, tzinfo=datetime.timezone.utc), end_date=None, state=<TaskInstanceState.RUNNING: 'running'>, is_mapped=False, rendered_map_index=None, log_url='http://localhost:8080/dags/3_DAG_principal/runs/scheduled__2024-10-18T20%3A00%3A00%2B00%3A00/tasks/python_principal?try_number=1'),","chan":"stdout","logger":"task"}
{"timestamp":"2025-07-29T20:07:42.646596Z","level":"info","event":" 'task_instance_key_str': '3_DAG_principal__python_principal__20241018',","chan":"stdout","logger":"task"}
{"timestamp":"2025-07-29T20:07:42.646660Z","level":"info","event":" 'task_reschedule_count': 0,","chan":"stdout","logger":"task"}
{"timestamp":"2025-07-29T20:07:42.646783Z","level":"info","event":" 'templates_dict': None,","chan":"stdout","logger":"task"}
{"timestamp":"2025-07-29T20:07:42.646856Z","level":"info","event":" 'ti': RuntimeTaskInstance(id=UUID('019857cc-43fb-759d-ab83-ea7ddb6a85c0'), task_id='python_principal', dag_id='3_DAG_principal', run_id='scheduled__2024-10-18T20:00:00+00:00', try_number=1, map_index=-1, hostname='bf6f1e7a6f11', context_carrier={}, task=<Task(PythonOperator): python_principal>, bundle_instance=LocalDagBundle(name=dags-folder), max_tries=0, start_date=datetime.datetime(2025, 7, 29, 20, 7, 41, 810072, tzinfo=datetime.timezone.utc), end_date=None, state=<TaskInstanceState.RUNNING: 'running'>, is_mapped=False, rendered_map_index=None, log_url='http://localhost:8080/dags/3_DAG_principal/runs/scheduled__2024-10-18T20%3A00%3A00%2B00%3A00/tasks/python_principal?try_number=1'),","chan":"stdout","logger":"task"}
{"timestamp":"2025-07-29T20:07:42.646994Z","level":"info","event":" 'triggering_asset_events': TriggeringAssetEventsAccessor(_events=defaultdict(<class 'list'>, {})),","chan":"stdout","logger":"task"}
{"timestamp":"2025-07-29T20:07:42.647072Z","level":"info","event":" 'ts': '2024-10-18T20:00:00+00:00',","chan":"stdout","logger":"task"}
{"timestamp":"2025-07-29T20:07:42.647139Z","level":"info","event":" 'ts_nodash': '20241018T200000',","chan":"stdout","logger":"task"}
{"timestamp":"2025-07-29T20:07:42.647201Z","level":"info","event":" 'ts_nodash_with_tz': '20241018T200000+0000',","chan":"stdout","logger":"task"}
{"timestamp":"2025-07-29T20:07:42.647329Z","level":"info","event":" 'var': {'json': <VariableAccessor (dynamic access)>,","chan":"stdout","logger":"task"}
{"timestamp":"2025-07-29T20:07:42.647402Z","level":"info","event":"         'value': <VariableAccessor (dynamic access)>}}","chan":"stdout","logger":"task"}
{"timestamp":"2025-07-29T20:07:42.646231","level":"info","event":"Done. Returned value was: principal","logger":"airflow.task.operators.airflow.providers.standard.operators.python.PythonOperator"}
{"timestamp":"2025-07-29T20:07:42.646501","level":"info","event":"Pushing xcom","ti":"RuntimeTaskInstance(id=UUID('019857cc-43fb-759d-ab83-ea7ddb6a85c0'), task_id='python_principal', dag_id='3_DAG_principal', run_id='scheduled__2024-10-18T20:00:00+00:00', try_number=1, map_index=-1, hostname='bf6f1e7a6f11', context_carrier={}, task=<Task(PythonOperator): python_principal>, bundle_instance=LocalDagBundle(name=dags-folder), max_tries=0, start_date=datetime.datetime(2025, 7, 29, 20, 7, 41, 810072, tzinfo=datetime.timezone.utc), end_date=None, state=<TaskInstanceState.RUNNING: 'running'>, is_mapped=False, rendered_map_index=None, log_url='http://localhost:8080/dags/3_DAG_principal/runs/scheduled__2024-10-18T20%3A00%3A00%2B00%3A00/tasks/python_principal?try_number=1')","logger":"task"}
{"timestamp":"2025-07-29T20:07:42.692954Z","level":"info","event":"Task instance in success state","chan":"stdout","logger":"task"}
{"timestamp":"2025-07-29T20:07:42.693095Z","level":"info","event":" Previous state of the Task instance: TaskInstanceState.RUNNING","chan":"stdout","logger":"task"}
{"timestamp":"2025-07-29T20:07:42.693184Z","level":"info","event":"Task operator:<Task(PythonOperator): python_principal>","chan":"stdout","logger":"task"}
