{"timestamp":"2025-07-29T19:45:24.801373","level":"info","event":"DAG bundles loaded: dags-folder, example_dags","logger":"airflow.dag_processing.bundles.manager.DagBundlesManager"}
{"timestamp":"2025-07-29T19:45:24.802318","level":"info","event":"Filling up the DagBag from /opt/airflow/dags/python_operator_v1.py","logger":"airflow.models.dagbag.DagBag"}
{"timestamp":"2025-07-29T19:45:24.831776Z","level":"info","event":"Task instance is in running state","chan":"stdout","logger":"task"}
{"timestamp":"2025-07-29T19:45:24.831989Z","level":"info","event":" Previous state of the Task instance: TaskInstanceState.QUEUED","chan":"stdout","logger":"task"}
{"timestamp":"2025-07-29T19:45:24.833614Z","level":"info","event":"Current task name:python","chan":"stdout","logger":"task"}
{"timestamp":"2025-07-29T19:45:24.833807Z","level":"info","event":"Dag name:python_operator_v1","chan":"stdout","logger":"task"}
{"timestamp":"2025-07-29T19:45:24.834889Z","level":"info","event":"poliana","chan":"stdout","logger":"task"}
{"timestamp":"2025-07-29T19:45:24.835661Z","level":"info","event":"{'conn': <ConnectionAccessor (dynamic access)>,","chan":"stdout","logger":"task"}
{"timestamp":"2025-07-29T19:45:24.835860Z","level":"info","event":" 'dag': <DAG: python_operator_v1>,","chan":"stdout","logger":"task"}
{"timestamp":"2025-07-29T19:45:24.836045Z","level":"info","event":" 'dag_run': DagRun(dag_id='python_operator_v1', run_id='scheduled__2023-06-23T23:10:00+00:00', logical_date=datetime.datetime(2023, 6, 23, 23, 10, tzinfo=datetime.timezone.utc), data_interval_start=datetime.datetime(2023, 6, 23, 23, 10, tzinfo=datetime.timezone.utc), data_interval_end=datetime.datetime(2023, 6, 23, 23, 10, tzinfo=datetime.timezone.utc), run_after=datetime.datetime(2023, 6, 23, 23, 10, tzinfo=datetime.timezone.utc), start_date=datetime.datetime(2025, 7, 29, 19, 45, 23, 996937, tzinfo=datetime.timezone.utc), end_date=None, clear_number=0, run_type=<DagRunType.SCHEDULED: 'scheduled'>, conf={}, consumed_asset_events=[]),","chan":"stdout","logger":"task"}
{"timestamp":"2025-07-29T19:45:24.836167Z","level":"info","event":" 'data_interval_end': DateTime(2023, 6, 23, 23, 10, 0, tzinfo=Timezone('UTC')),","chan":"stdout","logger":"task"}
{"timestamp":"2025-07-29T19:45:24.836258Z","level":"info","event":" 'data_interval_start': DateTime(2023, 6, 23, 23, 10, 0, tzinfo=Timezone('UTC')),","chan":"stdout","logger":"task"}
{"timestamp":"2025-07-29T19:45:24.836370Z","level":"info","event":" 'ds': '2023-06-23',","chan":"stdout","logger":"task"}
{"timestamp":"2025-07-29T19:45:24.836453Z","level":"info","event":" 'ds_nodash': '20230623',","chan":"stdout","logger":"task"}
{"timestamp":"2025-07-29T19:45:24.836531Z","level":"info","event":" 'inlet_events': InletEventsAccessors(_inlets=[], _assets={}, _asset_aliases={}),","chan":"stdout","logger":"task"}
{"timestamp":"2025-07-29T19:45:24.836611Z","level":"info","event":" 'inlets': [],","chan":"stdout","logger":"task"}
{"timestamp":"2025-07-29T19:45:24.836714Z","level":"info","event":" 'logical_date': DateTime(2023, 6, 23, 23, 10, 0, tzinfo=Timezone('UTC')),","chan":"stdout","logger":"task"}
{"timestamp":"2025-07-29T19:45:24.836798Z","level":"info","event":" 'macros': <MacrosAccessor (dynamic access to macros)>,","chan":"stdout","logger":"task"}
{"timestamp":"2025-07-29T19:45:24.836877Z","level":"info","event":" 'map_index_template': None,","chan":"stdout","logger":"task"}
{"timestamp":"2025-07-29T19:45:24.836954Z","level":"info","event":" 'outlet_events': <airflow.sdk.execution_time.context.OutletEventAccessors object at 0x7fb66fe0fa70>,","chan":"stdout","logger":"task"}
{"timestamp":"2025-07-29T19:45:24.837030Z","level":"info","event":" 'outlets': [],","chan":"stdout","logger":"task"}
{"timestamp":"2025-07-29T19:45:24.837108Z","level":"info","event":" 'params': {},","chan":"stdout","logger":"task"}
{"timestamp":"2025-07-29T19:45:24.854717Z","level":"info","event":" 'prev_data_interval_end_success': <Proxy at 0x7fb66fc5e0c0 with factory <function RuntimeTaskInstance.get_template_context.<locals>.<lambda> at 0x7fb66fc75300>>,","chan":"stdout","logger":"task"}
{"timestamp":"2025-07-29T19:45:24.854978Z","level":"info","event":" 'prev_data_interval_start_success': <Proxy at 0x7fb66fc5e150 with factory <function RuntimeTaskInstance.get_template_context.<locals>.<lambda> at 0x7fb66fc76a20>>,","chan":"stdout","logger":"task"}
{"timestamp":"2025-07-29T19:45:24.855060Z","level":"info","event":" 'prev_end_date_success': <Proxy at 0x7fb66fc5e510 with factory <function RuntimeTaskInstance.get_template_context.<locals>.<lambda> at 0x7fb66fc76ac0>>,","chan":"stdout","logger":"task"}
{"timestamp":"2025-07-29T19:45:24.855110Z","level":"info","event":" 'prev_start_date_success': <Proxy at 0x7fb66fc5cb60 with factory <function RuntimeTaskInstance.get_template_context.<locals>.<lambda> at 0x7fb66fc75800>>,","chan":"stdout","logger":"task"}
{"timestamp":"2025-07-29T19:45:24.855172Z","level":"info","event":" 'run_id': 'scheduled__2023-06-23T23:10:00+00:00',","chan":"stdout","logger":"task"}
{"timestamp":"2025-07-29T19:45:24.855219Z","level":"info","event":" 'task': <Task(PythonOperator): python>,","chan":"stdout","logger":"task"}
{"timestamp":"2025-07-29T19:45:24.855272Z","level":"info","event":" 'task_instance': RuntimeTaskInstance(id=UUID('019857b7-dc18-7a0d-804c-de30f31ce8be'), task_id='python', dag_id='python_operator_v1', run_id='scheduled__2023-06-23T23:10:00+00:00', try_number=1, map_index=-1, hostname='bf6f1e7a6f11', context_carrier={}, task=<Task(PythonOperator): python>, bundle_instance=LocalDagBundle(name=dags-folder), max_tries=0, start_date=datetime.datetime(2025, 7, 29, 19, 45, 24, 276108, tzinfo=datetime.timezone.utc), end_date=None, state=<TaskInstanceState.RUNNING: 'running'>, is_mapped=False, rendered_map_index=None, log_url='http://localhost:8080/dags/python_operator_v1/runs/scheduled__2023-06-23T23%3A10%3A00%2B00%3A00/tasks/python?try_number=1'),","chan":"stdout","logger":"task"}
{"timestamp":"2025-07-29T19:45:24.855319Z","level":"info","event":" 'task_instance_key_str': 'python_operator_v1__python__20230623',","chan":"stdout","logger":"task"}
{"timestamp":"2025-07-29T19:45:24.855360Z","level":"info","event":" 'task_reschedule_count': 0,","chan":"stdout","logger":"task"}
{"timestamp":"2025-07-29T19:45:24.855400Z","level":"info","event":" 'templates_dict': None,","chan":"stdout","logger":"task"}
{"timestamp":"2025-07-29T19:45:24.855445Z","level":"info","event":" 'ti': RuntimeTaskInstance(id=UUID('019857b7-dc18-7a0d-804c-de30f31ce8be'), task_id='python', dag_id='python_operator_v1', run_id='scheduled__2023-06-23T23:10:00+00:00', try_number=1, map_index=-1, hostname='bf6f1e7a6f11', context_carrier={}, task=<Task(PythonOperator): python>, bundle_instance=LocalDagBundle(name=dags-folder), max_tries=0, start_date=datetime.datetime(2025, 7, 29, 19, 45, 24, 276108, tzinfo=datetime.timezone.utc), end_date=None, state=<TaskInstanceState.RUNNING: 'running'>, is_mapped=False, rendered_map_index=None, log_url='http://localhost:8080/dags/python_operator_v1/runs/scheduled__2023-06-23T23%3A10%3A00%2B00%3A00/tasks/python?try_number=1'),","chan":"stdout","logger":"task"}
{"timestamp":"2025-07-29T19:45:24.855536Z","level":"info","event":" 'triggering_asset_events': TriggeringAssetEventsAccessor(_events=defaultdict(<class 'list'>, {})),","chan":"stdout","logger":"task"}
{"timestamp":"2025-07-29T19:45:24.855594Z","level":"info","event":" 'ts': '2023-06-23T23:10:00+00:00',","chan":"stdout","logger":"task"}
{"timestamp":"2025-07-29T19:45:24.855660Z","level":"info","event":" 'ts_nodash': '20230623T231000',","chan":"stdout","logger":"task"}
{"timestamp":"2025-07-29T19:45:24.855733Z","level":"info","event":" 'ts_nodash_with_tz': '20230623T231000+0000',","chan":"stdout","logger":"task"}
{"timestamp":"2025-07-29T19:45:24.855803Z","level":"info","event":" 'var': {'json': <VariableAccessor (dynamic access)>,","chan":"stdout","logger":"task"}
{"timestamp":"2025-07-29T19:45:24.855862Z","level":"info","event":"         'value': <VariableAccessor (dynamic access)>}}","chan":"stdout","logger":"task"}
{"timestamp":"2025-07-29T19:45:24.855542","level":"info","event":"Done. Returned value was: 123","logger":"airflow.task.operators.airflow.providers.standard.operators.python.PythonOperator"}
{"timestamp":"2025-07-29T19:45:24.855728","level":"info","event":"Pushing xcom","ti":"RuntimeTaskInstance(id=UUID('019857b7-dc18-7a0d-804c-de30f31ce8be'), task_id='python', dag_id='python_operator_v1', run_id='scheduled__2023-06-23T23:10:00+00:00', try_number=1, map_index=-1, hostname='bf6f1e7a6f11', context_carrier={}, task=<Task(PythonOperator): python>, bundle_instance=LocalDagBundle(name=dags-folder), max_tries=0, start_date=datetime.datetime(2025, 7, 29, 19, 45, 24, 276108, tzinfo=datetime.timezone.utc), end_date=None, state=<TaskInstanceState.RUNNING: 'running'>, is_mapped=False, rendered_map_index=None, log_url='http://localhost:8080/dags/python_operator_v1/runs/scheduled__2023-06-23T23%3A10%3A00%2B00%3A00/tasks/python?try_number=1')","logger":"task"}
{"timestamp":"2025-07-29T19:45:24.878553Z","level":"info","event":"Task instance in success state","chan":"stdout","logger":"task"}
{"timestamp":"2025-07-29T19:45:24.878683Z","level":"info","event":" Previous state of the Task instance: TaskInstanceState.RUNNING","chan":"stdout","logger":"task"}
{"timestamp":"2025-07-29T19:45:24.878777Z","level":"info","event":"Task operator:<Task(PythonOperator): python>","chan":"stdout","logger":"task"}
