{"timestamp":"2025-07-29T19:59:04.279935","level":"info","event":"DAG bundles loaded: dags-folder, example_dags","logger":"airflow.dag_processing.bundles.manager.DagBundlesManager"}
{"timestamp":"2025-07-29T19:59:04.280996","level":"info","event":"Filling up the DagBag from /opt/airflow/dags/3_dag_principal.py","logger":"airflow.models.dagbag.DagBag"}
{"timestamp":"2025-07-29T19:59:04.323753Z","level":"info","event":"Task instance is in running state","chan":"stdout","logger":"task"}
{"timestamp":"2025-07-29T19:59:04.324119Z","level":"info","event":" Previous state of the Task instance: TaskInstanceState.QUEUED","chan":"stdout","logger":"task"}
{"timestamp":"2025-07-29T19:59:04.325010Z","level":"info","event":"Current task name:python_principal","chan":"stdout","logger":"task"}
{"timestamp":"2025-07-29T19:59:04.325218Z","level":"info","event":"Dag name:3_DAG_principal","chan":"stdout","logger":"task"}
{"timestamp":"2025-07-29T19:59:04.327177Z","level":"info","event":"DAG principal","chan":"stdout","logger":"task"}
{"timestamp":"2025-07-29T19:59:04.328223Z","level":"info","event":"{'conn': <ConnectionAccessor (dynamic access)>,","chan":"stdout","logger":"task"}
{"timestamp":"2025-07-29T19:59:04.328471Z","level":"info","event":" 'dag': <DAG: 3_DAG_principal>,","chan":"stdout","logger":"task"}
{"timestamp":"2025-07-29T19:59:04.328638Z","level":"info","event":" 'dag_run': DagRun(dag_id='3_DAG_principal', run_id='scheduled__2023-07-19T20:00:00+00:00', logical_date=datetime.datetime(2023, 7, 19, 20, 0, tzinfo=datetime.timezone.utc), data_interval_start=datetime.datetime(2023, 7, 19, 20, 0, tzinfo=datetime.timezone.utc), data_interval_end=datetime.datetime(2023, 7, 19, 20, 0, tzinfo=datetime.timezone.utc), run_after=datetime.datetime(2023, 7, 19, 20, 0, tzinfo=datetime.timezone.utc), start_date=datetime.datetime(2025, 7, 29, 19, 59, 2, 972851, tzinfo=datetime.timezone.utc), end_date=None, clear_number=0, run_type=<DagRunType.SCHEDULED: 'scheduled'>, conf={}, consumed_asset_events=[]),","chan":"stdout","logger":"task"}
{"timestamp":"2025-07-29T19:59:04.328728Z","level":"info","event":" 'data_interval_end': DateTime(2023, 7, 19, 20, 0, 0, tzinfo=Timezone('UTC')),","chan":"stdout","logger":"task"}
{"timestamp":"2025-07-29T19:59:04.328803Z","level":"info","event":" 'data_interval_start': DateTime(2023, 7, 19, 20, 0, 0, tzinfo=Timezone('UTC')),","chan":"stdout","logger":"task"}
{"timestamp":"2025-07-29T19:59:04.328878Z","level":"info","event":" 'ds': '2023-07-19',","chan":"stdout","logger":"task"}
{"timestamp":"2025-07-29T19:59:04.328950Z","level":"info","event":" 'ds_nodash': '20230719',","chan":"stdout","logger":"task"}
{"timestamp":"2025-07-29T19:59:04.329019Z","level":"info","event":" 'inlet_events': InletEventsAccessors(_inlets=[], _assets={}, _asset_aliases={}),","chan":"stdout","logger":"task"}
{"timestamp":"2025-07-29T19:59:04.329093Z","level":"info","event":" 'inlets': [],","chan":"stdout","logger":"task"}
{"timestamp":"2025-07-29T19:59:04.329142Z","level":"info","event":" 'logical_date': DateTime(2023, 7, 19, 20, 0, 0, tzinfo=Timezone('UTC')),","chan":"stdout","logger":"task"}
{"timestamp":"2025-07-29T19:59:04.329184Z","level":"info","event":" 'macros': <MacrosAccessor (dynamic access to macros)>,","chan":"stdout","logger":"task"}
{"timestamp":"2025-07-29T19:59:04.329239Z","level":"info","event":" 'map_index_template': None,","chan":"stdout","logger":"task"}
{"timestamp":"2025-07-29T19:59:04.329308Z","level":"info","event":" 'outlet_events': <airflow.sdk.execution_time.context.OutletEventAccessors object at 0x7fb66fef7a70>,","chan":"stdout","logger":"task"}
{"timestamp":"2025-07-29T19:59:04.329375Z","level":"info","event":" 'outlets': [],","chan":"stdout","logger":"task"}
{"timestamp":"2025-07-29T19:59:04.329465Z","level":"info","event":" 'params': {},","chan":"stdout","logger":"task"}
{"timestamp":"2025-07-29T19:59:04.339850Z","level":"info","event":" 'prev_data_interval_end_success': <Proxy at 0x7fb66fc0dac0 with factory <function RuntimeTaskInstance.get_template_context.<locals>.<lambda> at 0x7fb66fc31580>>,","chan":"stdout","logger":"task"}
{"timestamp":"2025-07-29T19:59:04.340138Z","level":"info","event":" 'prev_data_interval_start_success': <Proxy at 0x7fb66fc0db80 with factory <function RuntimeTaskInstance.get_template_context.<locals>.<lambda> at 0x7fb66fc30040>>,","chan":"stdout","logger":"task"}
{"timestamp":"2025-07-29T19:59:04.340251Z","level":"info","event":" 'prev_end_date_success': <Proxy at 0x7fb66fc0d910 with factory <function RuntimeTaskInstance.get_template_context.<locals>.<lambda> at 0x7fb66fc31620>>,","chan":"stdout","logger":"task"}
{"timestamp":"2025-07-29T19:59:04.340333Z","level":"info","event":" 'prev_start_date_success': <Proxy at 0x7fb67ea74fb0 with factory <function RuntimeTaskInstance.get_template_context.<locals>.<lambda> at 0x7fb66fc30360>>,","chan":"stdout","logger":"task"}
{"timestamp":"2025-07-29T19:59:04.340423Z","level":"info","event":" 'run_id': 'scheduled__2023-07-19T20:00:00+00:00',","chan":"stdout","logger":"task"}
{"timestamp":"2025-07-29T19:59:04.340531Z","level":"info","event":" 'task': <Task(PythonOperator): python_principal>,","chan":"stdout","logger":"task"}
{"timestamp":"2025-07-29T19:59:04.340705Z","level":"info","event":" 'task_instance': RuntimeTaskInstance(id=UUID('019857c4-5b2d-7151-9789-a42772d9534b'), task_id='python_principal', dag_id='3_DAG_principal', run_id='scheduled__2023-07-19T20:00:00+00:00', try_number=1, map_index=-1, hostname='bf6f1e7a6f11', context_carrier={}, task=<Task(PythonOperator): python_principal>, bundle_instance=LocalDagBundle(name=dags-folder), max_tries=0, start_date=datetime.datetime(2025, 7, 29, 19, 59, 3, 556670, tzinfo=datetime.timezone.utc), end_date=None, state=<TaskInstanceState.RUNNING: 'running'>, is_mapped=False, rendered_map_index=None, log_url='http://localhost:8080/dags/3_DAG_principal/runs/scheduled__2023-07-19T20%3A00%3A00%2B00%3A00/tasks/python_principal?try_number=1'),","chan":"stdout","logger":"task"}
{"timestamp":"2025-07-29T19:59:04.340797Z","level":"info","event":" 'task_instance_key_str': '3_DAG_principal__python_principal__20230719',","chan":"stdout","logger":"task"}
{"timestamp":"2025-07-29T19:59:04.340875Z","level":"info","event":" 'task_reschedule_count': 0,","chan":"stdout","logger":"task"}
{"timestamp":"2025-07-29T19:59:04.340953Z","level":"info","event":" 'templates_dict': None,","chan":"stdout","logger":"task"}
{"timestamp":"2025-07-29T19:59:04.341091Z","level":"info","event":" 'ti': RuntimeTaskInstance(id=UUID('019857c4-5b2d-7151-9789-a42772d9534b'), task_id='python_principal', dag_id='3_DAG_principal', run_id='scheduled__2023-07-19T20:00:00+00:00', try_number=1, map_index=-1, hostname='bf6f1e7a6f11', context_carrier={}, task=<Task(PythonOperator): python_principal>, bundle_instance=LocalDagBundle(name=dags-folder), max_tries=0, start_date=datetime.datetime(2025, 7, 29, 19, 59, 3, 556670, tzinfo=datetime.timezone.utc), end_date=None, state=<TaskInstanceState.RUNNING: 'running'>, is_mapped=False, rendered_map_index=None, log_url='http://localhost:8080/dags/3_DAG_principal/runs/scheduled__2023-07-19T20%3A00%3A00%2B00%3A00/tasks/python_principal?try_number=1'),","chan":"stdout","logger":"task"}
{"timestamp":"2025-07-29T19:59:04.341183Z","level":"info","event":" 'triggering_asset_events': TriggeringAssetEventsAccessor(_events=defaultdict(<class 'list'>, {})),","chan":"stdout","logger":"task"}
{"timestamp":"2025-07-29T19:59:04.341288Z","level":"info","event":" 'ts': '2023-07-19T20:00:00+00:00',","chan":"stdout","logger":"task"}
{"timestamp":"2025-07-29T19:59:04.341577Z","level":"info","event":" 'ts_nodash': '20230719T200000',","chan":"stdout","logger":"task"}
{"timestamp":"2025-07-29T19:59:04.341721Z","level":"info","event":" 'ts_nodash_with_tz': '20230719T200000+0000',","chan":"stdout","logger":"task"}
{"timestamp":"2025-07-29T19:59:04.342111Z","level":"info","event":" 'var': {'json': <VariableAccessor (dynamic access)>,","chan":"stdout","logger":"task"}
{"timestamp":"2025-07-29T19:59:04.342538Z","level":"info","event":"         'value': <VariableAccessor (dynamic access)>}}","chan":"stdout","logger":"task"}
{"timestamp":"2025-07-29T19:59:04.340464","level":"info","event":"Done. Returned value was: principal","logger":"airflow.task.operators.airflow.providers.standard.operators.python.PythonOperator"}
{"timestamp":"2025-07-29T19:59:04.340781","level":"info","event":"Pushing xcom","ti":"RuntimeTaskInstance(id=UUID('019857c4-5b2d-7151-9789-a42772d9534b'), task_id='python_principal', dag_id='3_DAG_principal', run_id='scheduled__2023-07-19T20:00:00+00:00', try_number=1, map_index=-1, hostname='bf6f1e7a6f11', context_carrier={}, task=<Task(PythonOperator): python_principal>, bundle_instance=LocalDagBundle(name=dags-folder), max_tries=0, start_date=datetime.datetime(2025, 7, 29, 19, 59, 3, 556670, tzinfo=datetime.timezone.utc), end_date=None, state=<TaskInstanceState.RUNNING: 'running'>, is_mapped=False, rendered_map_index=None, log_url='http://localhost:8080/dags/3_DAG_principal/runs/scheduled__2023-07-19T20%3A00%3A00%2B00%3A00/tasks/python_principal?try_number=1')","logger":"task"}
{"timestamp":"2025-07-29T19:59:04.379622Z","level":"info","event":"Task instance in success state","chan":"stdout","logger":"task"}
{"timestamp":"2025-07-29T19:59:04.379830Z","level":"info","event":" Previous state of the Task instance: TaskInstanceState.RUNNING","chan":"stdout","logger":"task"}
{"timestamp":"2025-07-29T19:59:04.380051Z","level":"info","event":"Task operator:<Task(PythonOperator): python_principal>","chan":"stdout","logger":"task"}
