{"timestamp":"2025-07-29T20:06:39.146679","level":"info","event":"DAG bundles loaded: dags-folder, example_dags","logger":"airflow.dag_processing.bundles.manager.DagBundlesManager"}
{"timestamp":"2025-07-29T20:06:39.147895","level":"info","event":"Filling up the DagBag from /opt/airflow/dags/3_dag_principal.py","logger":"airflow.models.dagbag.DagBag"}
{"timestamp":"2025-07-29T20:06:39.193412Z","level":"info","event":"Task instance is in running state","chan":"stdout","logger":"task"}
{"timestamp":"2025-07-29T20:06:39.193591Z","level":"info","event":" Previous state of the Task instance: TaskInstanceState.QUEUED","chan":"stdout","logger":"task"}
{"timestamp":"2025-07-29T20:06:39.194165Z","level":"info","event":"Current task name:python_principal","chan":"stdout","logger":"task"}
{"timestamp":"2025-07-29T20:06:39.194299Z","level":"info","event":"Dag name:3_DAG_principal","chan":"stdout","logger":"task"}
{"timestamp":"2025-07-29T20:06:39.195366Z","level":"info","event":"DAG principal","chan":"stdout","logger":"task"}
{"timestamp":"2025-07-29T20:06:39.195935Z","level":"info","event":"{'conn': <ConnectionAccessor (dynamic access)>,","chan":"stdout","logger":"task"}
{"timestamp":"2025-07-29T20:06:39.196046Z","level":"info","event":" 'dag': <DAG: 3_DAG_principal>,","chan":"stdout","logger":"task"}
{"timestamp":"2025-07-29T20:06:39.196146Z","level":"info","event":" 'dag_run': DagRun(dag_id='3_DAG_principal', run_id='scheduled__2024-09-04T20:00:00+00:00', logical_date=datetime.datetime(2024, 9, 4, 20, 0, tzinfo=datetime.timezone.utc), data_interval_start=datetime.datetime(2024, 9, 4, 20, 0, tzinfo=datetime.timezone.utc), data_interval_end=datetime.datetime(2024, 9, 4, 20, 0, tzinfo=datetime.timezone.utc), run_after=datetime.datetime(2024, 9, 4, 20, 0, tzinfo=datetime.timezone.utc), start_date=datetime.datetime(2025, 7, 29, 20, 6, 38, 19326, tzinfo=datetime.timezone.utc), end_date=None, clear_number=0, run_type=<DagRunType.SCHEDULED: 'scheduled'>, conf={}, consumed_asset_events=[]),","chan":"stdout","logger":"task"}
{"timestamp":"2025-07-29T20:06:39.196207Z","level":"info","event":" 'data_interval_end': DateTime(2024, 9, 4, 20, 0, 0, tzinfo=Timezone('UTC')),","chan":"stdout","logger":"task"}
{"timestamp":"2025-07-29T20:06:39.196258Z","level":"info","event":" 'data_interval_start': DateTime(2024, 9, 4, 20, 0, 0, tzinfo=Timezone('UTC')),","chan":"stdout","logger":"task"}
{"timestamp":"2025-07-29T20:06:39.196302Z","level":"info","event":" 'ds': '2024-09-04',","chan":"stdout","logger":"task"}
{"timestamp":"2025-07-29T20:06:39.196346Z","level":"info","event":" 'ds_nodash': '20240904',","chan":"stdout","logger":"task"}
{"timestamp":"2025-07-29T20:06:39.196401Z","level":"info","event":" 'inlet_events': InletEventsAccessors(_inlets=[], _assets={}, _asset_aliases={}),","chan":"stdout","logger":"task"}
{"timestamp":"2025-07-29T20:06:39.196445Z","level":"info","event":" 'inlets': [],","chan":"stdout","logger":"task"}
{"timestamp":"2025-07-29T20:06:39.196486Z","level":"info","event":" 'logical_date': DateTime(2024, 9, 4, 20, 0, 0, tzinfo=Timezone('UTC')),","chan":"stdout","logger":"task"}
{"timestamp":"2025-07-29T20:06:39.196528Z","level":"info","event":" 'macros': <MacrosAccessor (dynamic access to macros)>,","chan":"stdout","logger":"task"}
{"timestamp":"2025-07-29T20:06:39.196580Z","level":"info","event":" 'map_index_template': None,","chan":"stdout","logger":"task"}
{"timestamp":"2025-07-29T20:06:39.196626Z","level":"info","event":" 'outlet_events': <airflow.sdk.execution_time.context.OutletEventAccessors object at 0x7fb66fde1a60>,","chan":"stdout","logger":"task"}
{"timestamp":"2025-07-29T20:06:39.196669Z","level":"info","event":" 'outlets': [],","chan":"stdout","logger":"task"}
{"timestamp":"2025-07-29T20:06:39.196710Z","level":"info","event":" 'params': {},","chan":"stdout","logger":"task"}
{"timestamp":"2025-07-29T20:06:39.210883Z","level":"info","event":" 'prev_data_interval_end_success': <Proxy at 0x7fb66fc546e0 with factory <function RuntimeTaskInstance.get_template_context.<locals>.<lambda> at 0x7fb66fc64c20>>,","chan":"stdout","logger":"task"}
{"timestamp":"2025-07-29T20:06:39.211100Z","level":"info","event":" 'prev_data_interval_start_success': <Proxy at 0x7fb67eba4ef0 with factory <function RuntimeTaskInstance.get_template_context.<locals>.<lambda> at 0x7fb66fc53380>>,","chan":"stdout","logger":"task"}
{"timestamp":"2025-07-29T20:06:39.211181Z","level":"info","event":" 'prev_end_date_success': <Proxy at 0x7fb67ebcfe30 with factory <function RuntimeTaskInstance.get_template_context.<locals>.<lambda> at 0x7fb66fc53a60>>,","chan":"stdout","logger":"task"}
{"timestamp":"2025-07-29T20:06:39.211234Z","level":"info","event":" 'prev_start_date_success': <Proxy at 0x7fb6779af590 with factory <function RuntimeTaskInstance.get_template_context.<locals>.<lambda> at 0x7fb66fc53920>>,","chan":"stdout","logger":"task"}
{"timestamp":"2025-07-29T20:06:39.211282Z","level":"info","event":" 'run_id': 'scheduled__2024-09-04T20:00:00+00:00',","chan":"stdout","logger":"task"}
{"timestamp":"2025-07-29T20:06:39.211328Z","level":"info","event":" 'task': <Task(PythonOperator): python_principal>,","chan":"stdout","logger":"task"}
{"timestamp":"2025-07-29T20:06:39.211376Z","level":"info","event":" 'task_instance': RuntimeTaskInstance(id=UUID('019857cb-4c9a-7011-aba7-16e45e2354a4'), task_id='python_principal', dag_id='3_DAG_principal', run_id='scheduled__2024-09-04T20:00:00+00:00', try_number=1, map_index=-1, hostname='bf6f1e7a6f11', context_carrier={}, task=<Task(PythonOperator): python_principal>, bundle_instance=LocalDagBundle(name=dags-folder), max_tries=0, start_date=datetime.datetime(2025, 7, 29, 20, 6, 38, 366575, tzinfo=datetime.timezone.utc), end_date=None, state=<TaskInstanceState.RUNNING: 'running'>, is_mapped=False, rendered_map_index=None, log_url='http://localhost:8080/dags/3_DAG_principal/runs/scheduled__2024-09-04T20%3A00%3A00%2B00%3A00/tasks/python_principal?try_number=1'),","chan":"stdout","logger":"task"}
{"timestamp":"2025-07-29T20:06:39.211428Z","level":"info","event":" 'task_instance_key_str': '3_DAG_principal__python_principal__20240904',","chan":"stdout","logger":"task"}
{"timestamp":"2025-07-29T20:06:39.211474Z","level":"info","event":" 'task_reschedule_count': 0,","chan":"stdout","logger":"task"}
{"timestamp":"2025-07-29T20:06:39.211519Z","level":"info","event":" 'templates_dict': None,","chan":"stdout","logger":"task"}
{"timestamp":"2025-07-29T20:06:39.211566Z","level":"info","event":" 'ti': RuntimeTaskInstance(id=UUID('019857cb-4c9a-7011-aba7-16e45e2354a4'), task_id='python_principal', dag_id='3_DAG_principal', run_id='scheduled__2024-09-04T20:00:00+00:00', try_number=1, map_index=-1, hostname='bf6f1e7a6f11', context_carrier={}, task=<Task(PythonOperator): python_principal>, bundle_instance=LocalDagBundle(name=dags-folder), max_tries=0, start_date=datetime.datetime(2025, 7, 29, 20, 6, 38, 366575, tzinfo=datetime.timezone.utc), end_date=None, state=<TaskInstanceState.RUNNING: 'running'>, is_mapped=False, rendered_map_index=None, log_url='http://localhost:8080/dags/3_DAG_principal/runs/scheduled__2024-09-04T20%3A00%3A00%2B00%3A00/tasks/python_principal?try_number=1'),","chan":"stdout","logger":"task"}
{"timestamp":"2025-07-29T20:06:39.211786Z","level":"info","event":" 'triggering_asset_events': TriggeringAssetEventsAccessor(_events=defaultdict(<class 'list'>, {})),","chan":"stdout","logger":"task"}
{"timestamp":"2025-07-29T20:06:39.211899Z","level":"info","event":" 'ts': '2024-09-04T20:00:00+00:00',","chan":"stdout","logger":"task"}
{"timestamp":"2025-07-29T20:06:39.211978Z","level":"info","event":" 'ts_nodash': '20240904T200000',","chan":"stdout","logger":"task"}
{"timestamp":"2025-07-29T20:06:39.212035Z","level":"info","event":" 'ts_nodash_with_tz': '20240904T200000+0000',","chan":"stdout","logger":"task"}
{"timestamp":"2025-07-29T20:06:39.212080Z","level":"info","event":" 'var': {'json': <VariableAccessor (dynamic access)>,","chan":"stdout","logger":"task"}
{"timestamp":"2025-07-29T20:06:39.212124Z","level":"info","event":"         'value': <VariableAccessor (dynamic access)>}}","chan":"stdout","logger":"task"}
{"timestamp":"2025-07-29T20:06:39.211279","level":"info","event":"Done. Returned value was: principal","logger":"airflow.task.operators.airflow.providers.standard.operators.python.PythonOperator"}
{"timestamp":"2025-07-29T20:06:39.211527","level":"info","event":"Pushing xcom","ti":"RuntimeTaskInstance(id=UUID('019857cb-4c9a-7011-aba7-16e45e2354a4'), task_id='python_principal', dag_id='3_DAG_principal', run_id='scheduled__2024-09-04T20:00:00+00:00', try_number=1, map_index=-1, hostname='bf6f1e7a6f11', context_carrier={}, task=<Task(PythonOperator): python_principal>, bundle_instance=LocalDagBundle(name=dags-folder), max_tries=0, start_date=datetime.datetime(2025, 7, 29, 20, 6, 38, 366575, tzinfo=datetime.timezone.utc), end_date=None, state=<TaskInstanceState.RUNNING: 'running'>, is_mapped=False, rendered_map_index=None, log_url='http://localhost:8080/dags/3_DAG_principal/runs/scheduled__2024-09-04T20%3A00%3A00%2B00%3A00/tasks/python_principal?try_number=1')","logger":"task"}
{"timestamp":"2025-07-29T20:06:39.247369Z","level":"info","event":"Task instance in success state","chan":"stdout","logger":"task"}
{"timestamp":"2025-07-29T20:06:39.247724Z","level":"info","event":" Previous state of the Task instance: TaskInstanceState.RUNNING","chan":"stdout","logger":"task"}
{"timestamp":"2025-07-29T20:06:39.248091Z","level":"info","event":"Task operator:<Task(PythonOperator): python_principal>","chan":"stdout","logger":"task"}
