{"timestamp":"2025-07-29T19:27:29.285195","level":"info","event":"DAG bundles loaded: dags-folder, example_dags","logger":"airflow.dag_processing.bundles.manager.DagBundlesManager"}
{"timestamp":"2025-07-29T19:27:29.285763","level":"info","event":"Filling up the DagBag from /opt/airflow/dags/python_operator_v1.py","logger":"airflow.models.dagbag.DagBag"}
{"timestamp":"2025-07-29T19:27:29.309929Z","level":"info","event":"Task instance is in running state","chan":"stdout","logger":"task"}
{"timestamp":"2025-07-29T19:27:29.310117Z","level":"info","event":" Previous state of the Task instance: TaskInstanceState.QUEUED","chan":"stdout","logger":"task"}
{"timestamp":"2025-07-29T19:27:29.311634Z","level":"info","event":"Current task name:python","chan":"stdout","logger":"task"}
{"timestamp":"2025-07-29T19:27:29.311775Z","level":"info","event":"Dag name:python_operator_v1","chan":"stdout","logger":"task"}
{"timestamp":"2025-07-29T19:27:29.312807Z","level":"info","event":"poliana","chan":"stdout","logger":"task"}
{"timestamp":"2025-07-29T19:27:29.313560Z","level":"info","event":"{'conn': <ConnectionAccessor (dynamic access)>,","chan":"stdout","logger":"task"}
{"timestamp":"2025-07-29T19:27:29.313707Z","level":"info","event":" 'dag': <DAG: python_operator_v1>,","chan":"stdout","logger":"task"}
{"timestamp":"2025-07-29T19:27:29.313808Z","level":"info","event":" 'dag_run': DagRun(dag_id='python_operator_v1', run_id='scheduled__2023-06-23T03:38:00+00:00', logical_date=datetime.datetime(2023, 6, 23, 3, 38, tzinfo=datetime.timezone.utc), data_interval_start=datetime.datetime(2023, 6, 23, 3, 38, tzinfo=datetime.timezone.utc), data_interval_end=datetime.datetime(2023, 6, 23, 3, 38, tzinfo=datetime.timezone.utc), run_after=datetime.datetime(2023, 6, 23, 3, 38, tzinfo=datetime.timezone.utc), start_date=datetime.datetime(2025, 7, 29, 19, 27, 28, 467790, tzinfo=datetime.timezone.utc), end_date=None, clear_number=0, run_type=<DagRunType.SCHEDULED: 'scheduled'>, conf={}, consumed_asset_events=[]),","chan":"stdout","logger":"task"}
{"timestamp":"2025-07-29T19:27:29.313874Z","level":"info","event":" 'data_interval_end': DateTime(2023, 6, 23, 3, 38, 0, tzinfo=Timezone('UTC')),","chan":"stdout","logger":"task"}
{"timestamp":"2025-07-29T19:27:29.313923Z","level":"info","event":" 'data_interval_start': DateTime(2023, 6, 23, 3, 38, 0, tzinfo=Timezone('UTC')),","chan":"stdout","logger":"task"}
{"timestamp":"2025-07-29T19:27:29.313968Z","level":"info","event":" 'ds': '2023-06-23',","chan":"stdout","logger":"task"}
{"timestamp":"2025-07-29T19:27:29.314015Z","level":"info","event":" 'ds_nodash': '20230623',","chan":"stdout","logger":"task"}
{"timestamp":"2025-07-29T19:27:29.314058Z","level":"info","event":" 'inlet_events': InletEventsAccessors(_inlets=[], _assets={}, _asset_aliases={}),","chan":"stdout","logger":"task"}
{"timestamp":"2025-07-29T19:27:29.314099Z","level":"info","event":" 'inlets': [],","chan":"stdout","logger":"task"}
{"timestamp":"2025-07-29T19:27:29.314139Z","level":"info","event":" 'logical_date': DateTime(2023, 6, 23, 3, 38, 0, tzinfo=Timezone('UTC')),","chan":"stdout","logger":"task"}
{"timestamp":"2025-07-29T19:27:29.314181Z","level":"info","event":" 'macros': <MacrosAccessor (dynamic access to macros)>,","chan":"stdout","logger":"task"}
{"timestamp":"2025-07-29T19:27:29.314221Z","level":"info","event":" 'map_index_template': None,","chan":"stdout","logger":"task"}
{"timestamp":"2025-07-29T19:27:29.314263Z","level":"info","event":" 'outlet_events': <airflow.sdk.execution_time.context.OutletEventAccessors object at 0x7fb67e394ad0>,","chan":"stdout","logger":"task"}
{"timestamp":"2025-07-29T19:27:29.314305Z","level":"info","event":" 'outlets': [],","chan":"stdout","logger":"task"}
{"timestamp":"2025-07-29T19:27:29.314346Z","level":"info","event":" 'params': {},","chan":"stdout","logger":"task"}
{"timestamp":"2025-07-29T19:27:29.325405Z","level":"info","event":" 'prev_data_interval_end_success': <Proxy at 0x7fb66fc79970 with factory <function RuntimeTaskInstance.get_template_context.<locals>.<lambda> at 0x7fb66fc8d760>>,","chan":"stdout","logger":"task"}
{"timestamp":"2025-07-29T19:27:29.325727Z","level":"info","event":" 'prev_data_interval_start_success': <Proxy at 0x7fb66fc798b0 with factory <function RuntimeTaskInstance.get_template_context.<locals>.<lambda> at 0x7fb66fc8ee80>>,","chan":"stdout","logger":"task"}
{"timestamp":"2025-07-29T19:27:29.325838Z","level":"info","event":" 'prev_end_date_success': <Proxy at 0x7fb678277e30 with factory <function RuntimeTaskInstance.get_template_context.<locals>.<lambda> at 0x7fb66fc8ef20>>,","chan":"stdout","logger":"task"}
{"timestamp":"2025-07-29T19:27:29.325916Z","level":"info","event":" 'prev_start_date_success': <Proxy at 0x7fb66fc79d60 with factory <function RuntimeTaskInstance.get_template_context.<locals>.<lambda> at 0x7fb66fc8dc60>>,","chan":"stdout","logger":"task"}
{"timestamp":"2025-07-29T19:27:29.325985Z","level":"info","event":" 'run_id': 'scheduled__2023-06-23T03:38:00+00:00',","chan":"stdout","logger":"task"}
{"timestamp":"2025-07-29T19:27:29.326079Z","level":"info","event":" 'task': <Task(PythonOperator): python>,","chan":"stdout","logger":"task"}
{"timestamp":"2025-07-29T19:27:29.326161Z","level":"info","event":" 'task_instance': RuntimeTaskInstance(id=UUID('019857a7-72d0-7b4d-8996-0a51bf3abc52'), task_id='python', dag_id='python_operator_v1', run_id='scheduled__2023-06-23T03:38:00+00:00', try_number=1, map_index=-1, hostname='bf6f1e7a6f11', context_carrier={}, task=<Task(PythonOperator): python>, bundle_instance=LocalDagBundle(name=dags-folder), max_tries=0, start_date=datetime.datetime(2025, 7, 29, 19, 27, 28, 677570, tzinfo=datetime.timezone.utc), end_date=None, state=<TaskInstanceState.RUNNING: 'running'>, is_mapped=False, rendered_map_index=None, log_url='http://localhost:8080/dags/python_operator_v1/runs/scheduled__2023-06-23T03%3A38%3A00%2B00%3A00/tasks/python?try_number=1'),","chan":"stdout","logger":"task"}
{"timestamp":"2025-07-29T19:27:29.326237Z","level":"info","event":" 'task_instance_key_str': 'python_operator_v1__python__20230623',","chan":"stdout","logger":"task"}
{"timestamp":"2025-07-29T19:27:29.326307Z","level":"info","event":" 'task_reschedule_count': 0,","chan":"stdout","logger":"task"}
{"timestamp":"2025-07-29T19:27:29.326377Z","level":"info","event":" 'templates_dict': None,","chan":"stdout","logger":"task"}
{"timestamp":"2025-07-29T19:27:29.326446Z","level":"info","event":" 'ti': RuntimeTaskInstance(id=UUID('019857a7-72d0-7b4d-8996-0a51bf3abc52'), task_id='python', dag_id='python_operator_v1', run_id='scheduled__2023-06-23T03:38:00+00:00', try_number=1, map_index=-1, hostname='bf6f1e7a6f11', context_carrier={}, task=<Task(PythonOperator): python>, bundle_instance=LocalDagBundle(name=dags-folder), max_tries=0, start_date=datetime.datetime(2025, 7, 29, 19, 27, 28, 677570, tzinfo=datetime.timezone.utc), end_date=None, state=<TaskInstanceState.RUNNING: 'running'>, is_mapped=False, rendered_map_index=None, log_url='http://localhost:8080/dags/python_operator_v1/runs/scheduled__2023-06-23T03%3A38%3A00%2B00%3A00/tasks/python?try_number=1'),","chan":"stdout","logger":"task"}
{"timestamp":"2025-07-29T19:27:29.326582Z","level":"info","event":" 'triggering_asset_events': TriggeringAssetEventsAccessor(_events=defaultdict(<class 'list'>, {})),","chan":"stdout","logger":"task"}
{"timestamp":"2025-07-29T19:27:29.326665Z","level":"info","event":" 'ts': '2023-06-23T03:38:00+00:00',","chan":"stdout","logger":"task"}
{"timestamp":"2025-07-29T19:27:29.326735Z","level":"info","event":" 'ts_nodash': '20230623T033800',","chan":"stdout","logger":"task"}
{"timestamp":"2025-07-29T19:27:29.326804Z","level":"info","event":" 'ts_nodash_with_tz': '20230623T033800+0000',","chan":"stdout","logger":"task"}
{"timestamp":"2025-07-29T19:27:29.326870Z","level":"info","event":" 'var': {'json': <VariableAccessor (dynamic access)>,","chan":"stdout","logger":"task"}
{"timestamp":"2025-07-29T19:27:29.326935Z","level":"info","event":"         'value': <VariableAccessor (dynamic access)>}}","chan":"stdout","logger":"task"}
{"timestamp":"2025-07-29T19:27:29.326520","level":"info","event":"Done. Returned value was: 123","logger":"airflow.task.operators.airflow.providers.standard.operators.python.PythonOperator"}
{"timestamp":"2025-07-29T19:27:29.326800","level":"info","event":"Pushing xcom","ti":"RuntimeTaskInstance(id=UUID('019857a7-72d0-7b4d-8996-0a51bf3abc52'), task_id='python', dag_id='python_operator_v1', run_id='scheduled__2023-06-23T03:38:00+00:00', try_number=1, map_index=-1, hostname='bf6f1e7a6f11', context_carrier={}, task=<Task(PythonOperator): python>, bundle_instance=LocalDagBundle(name=dags-folder), max_tries=0, start_date=datetime.datetime(2025, 7, 29, 19, 27, 28, 677570, tzinfo=datetime.timezone.utc), end_date=None, state=<TaskInstanceState.RUNNING: 'running'>, is_mapped=False, rendered_map_index=None, log_url='http://localhost:8080/dags/python_operator_v1/runs/scheduled__2023-06-23T03%3A38%3A00%2B00%3A00/tasks/python?try_number=1')","logger":"task"}
{"timestamp":"2025-07-29T19:27:29.350388Z","level":"info","event":"Task instance in success state","chan":"stdout","logger":"task"}
{"timestamp":"2025-07-29T19:27:29.350525Z","level":"info","event":" Previous state of the Task instance: TaskInstanceState.RUNNING","chan":"stdout","logger":"task"}
{"timestamp":"2025-07-29T19:27:29.350698Z","level":"info","event":"Task operator:<Task(PythonOperator): python>","chan":"stdout","logger":"task"}
