{"timestamp":"2025-07-29T19:50:35.115298","level":"info","event":"DAG bundles loaded: dags-folder, example_dags","logger":"airflow.dag_processing.bundles.manager.DagBundlesManager"}
{"timestamp":"2025-07-29T19:50:35.115933","level":"info","event":"Filling up the DagBag from /opt/airflow/dags/2_python_operator_v1.py","logger":"airflow.models.dagbag.DagBag"}
{"timestamp":"2025-07-29T19:50:35.142641Z","level":"info","event":"Task instance is in running state","chan":"stdout","logger":"task"}
{"timestamp":"2025-07-29T19:50:35.142831Z","level":"info","event":" Previous state of the Task instance: TaskInstanceState.QUEUED","chan":"stdout","logger":"task"}
{"timestamp":"2025-07-29T19:50:35.143253Z","level":"info","event":"Current task name:python","chan":"stdout","logger":"task"}
{"timestamp":"2025-07-29T19:50:35.143356Z","level":"info","event":"Dag name:python_operator_v1","chan":"stdout","logger":"task"}
{"timestamp":"2025-07-29T19:50:35.144470Z","level":"info","event":"poliana","chan":"stdout","logger":"task"}
{"timestamp":"2025-07-29T19:50:35.145132Z","level":"info","event":"{'conn': <ConnectionAccessor (dynamic access)>,","chan":"stdout","logger":"task"}
{"timestamp":"2025-07-29T19:50:35.145241Z","level":"info","event":" 'dag': <DAG: python_operator_v1>,","chan":"stdout","logger":"task"}
{"timestamp":"2025-07-29T19:50:35.145344Z","level":"info","event":" 'dag_run': DagRun(dag_id='python_operator_v1', run_id='scheduled__2023-06-24T04:39:00+00:00', logical_date=datetime.datetime(2023, 6, 24, 4, 39, tzinfo=datetime.timezone.utc), data_interval_start=datetime.datetime(2023, 6, 24, 4, 39, tzinfo=datetime.timezone.utc), data_interval_end=datetime.datetime(2023, 6, 24, 4, 39, tzinfo=datetime.timezone.utc), run_after=datetime.datetime(2023, 6, 24, 4, 39, tzinfo=datetime.timezone.utc), start_date=datetime.datetime(2025, 7, 29, 19, 50, 34, 346237, tzinfo=datetime.timezone.utc), end_date=None, clear_number=0, run_type=<DagRunType.SCHEDULED: 'scheduled'>, conf={}, consumed_asset_events=[]),","chan":"stdout","logger":"task"}
{"timestamp":"2025-07-29T19:50:35.145408Z","level":"info","event":" 'data_interval_end': DateTime(2023, 6, 24, 4, 39, 0, tzinfo=Timezone('UTC')),","chan":"stdout","logger":"task"}
{"timestamp":"2025-07-29T19:50:35.145475Z","level":"info","event":" 'data_interval_start': DateTime(2023, 6, 24, 4, 39, 0, tzinfo=Timezone('UTC')),","chan":"stdout","logger":"task"}
{"timestamp":"2025-07-29T19:50:35.145550Z","level":"info","event":" 'ds': '2023-06-24',","chan":"stdout","logger":"task"}
{"timestamp":"2025-07-29T19:50:35.145597Z","level":"info","event":" 'ds_nodash': '20230624',","chan":"stdout","logger":"task"}
{"timestamp":"2025-07-29T19:50:35.145638Z","level":"info","event":" 'inlet_events': InletEventsAccessors(_inlets=[], _assets={}, _asset_aliases={}),","chan":"stdout","logger":"task"}
{"timestamp":"2025-07-29T19:50:35.145679Z","level":"info","event":" 'inlets': [],","chan":"stdout","logger":"task"}
{"timestamp":"2025-07-29T19:50:35.145720Z","level":"info","event":" 'logical_date': DateTime(2023, 6, 24, 4, 39, 0, tzinfo=Timezone('UTC')),","chan":"stdout","logger":"task"}
{"timestamp":"2025-07-29T19:50:35.145761Z","level":"info","event":" 'macros': <MacrosAccessor (dynamic access to macros)>,","chan":"stdout","logger":"task"}
{"timestamp":"2025-07-29T19:50:35.145820Z","level":"info","event":" 'map_index_template': None,","chan":"stdout","logger":"task"}
{"timestamp":"2025-07-29T19:50:35.145875Z","level":"info","event":" 'outlet_events': <airflow.sdk.execution_time.context.OutletEventAccessors object at 0x7fb67b8c7a70>,","chan":"stdout","logger":"task"}
{"timestamp":"2025-07-29T19:50:35.145974Z","level":"info","event":" 'outlets': [],","chan":"stdout","logger":"task"}
{"timestamp":"2025-07-29T19:50:35.146031Z","level":"info","event":" 'params': {},","chan":"stdout","logger":"task"}
{"timestamp":"2025-07-29T19:50:35.155048Z","level":"info","event":" 'prev_data_interval_end_success': <Proxy at 0x7fb66fcbc0e0 with factory <function RuntimeTaskInstance.get_template_context.<locals>.<lambda> at 0x7fb66fcdd120>>,","chan":"stdout","logger":"task"}
{"timestamp":"2025-07-29T19:50:35.155314Z","level":"info","event":" 'prev_data_interval_start_success': <Proxy at 0x7fb66fcbcd40 with factory <function RuntimeTaskInstance.get_template_context.<locals>.<lambda> at 0x7fb66fccff60>>,","chan":"stdout","logger":"task"}
{"timestamp":"2025-07-29T19:50:35.155410Z","level":"info","event":" 'prev_end_date_success': <Proxy at 0x7fb677bd4f20 with factory <function RuntimeTaskInstance.get_template_context.<locals>.<lambda> at 0x7fb66fccf920>>,","chan":"stdout","logger":"task"}
{"timestamp":"2025-07-29T19:50:35.155474Z","level":"info","event":" 'prev_start_date_success': <Proxy at 0x7fb67b97e5d0 with factory <function RuntimeTaskInstance.get_template_context.<locals>.<lambda> at 0x7fb66fccfe20>>,","chan":"stdout","logger":"task"}
{"timestamp":"2025-07-29T19:50:35.155522Z","level":"info","event":" 'run_id': 'scheduled__2023-06-24T04:39:00+00:00',","chan":"stdout","logger":"task"}
{"timestamp":"2025-07-29T19:50:35.155565Z","level":"info","event":" 'task': <Task(PythonOperator): python>,","chan":"stdout","logger":"task"}
{"timestamp":"2025-07-29T19:50:35.155611Z","level":"info","event":" 'task_instance': RuntimeTaskInstance(id=UUID('019857bc-9864-723d-870f-6140d056b4f7'), task_id='python', dag_id='python_operator_v1', run_id='scheduled__2023-06-24T04:39:00+00:00', try_number=1, map_index=-1, hostname='bf6f1e7a6f11', context_carrier={}, task=<Task(PythonOperator): python>, bundle_instance=LocalDagBundle(name=dags-folder), max_tries=0, start_date=datetime.datetime(2025, 7, 29, 19, 50, 34, 558373, tzinfo=datetime.timezone.utc), end_date=None, state=<TaskInstanceState.RUNNING: 'running'>, is_mapped=False, rendered_map_index=None, log_url='http://localhost:8080/dags/python_operator_v1/runs/scheduled__2023-06-24T04%3A39%3A00%2B00%3A00/tasks/python?try_number=1'),","chan":"stdout","logger":"task"}
{"timestamp":"2025-07-29T19:50:35.155656Z","level":"info","event":" 'task_instance_key_str': 'python_operator_v1__python__20230624',","chan":"stdout","logger":"task"}
{"timestamp":"2025-07-29T19:50:35.155697Z","level":"info","event":" 'task_reschedule_count': 0,","chan":"stdout","logger":"task"}
{"timestamp":"2025-07-29T19:50:35.155738Z","level":"info","event":" 'templates_dict': None,","chan":"stdout","logger":"task"}
{"timestamp":"2025-07-29T19:50:35.155817Z","level":"info","event":" 'ti': RuntimeTaskInstance(id=UUID('019857bc-9864-723d-870f-6140d056b4f7'), task_id='python', dag_id='python_operator_v1', run_id='scheduled__2023-06-24T04:39:00+00:00', try_number=1, map_index=-1, hostname='bf6f1e7a6f11', context_carrier={}, task=<Task(PythonOperator): python>, bundle_instance=LocalDagBundle(name=dags-folder), max_tries=0, start_date=datetime.datetime(2025, 7, 29, 19, 50, 34, 558373, tzinfo=datetime.timezone.utc), end_date=None, state=<TaskInstanceState.RUNNING: 'running'>, is_mapped=False, rendered_map_index=None, log_url='http://localhost:8080/dags/python_operator_v1/runs/scheduled__2023-06-24T04%3A39%3A00%2B00%3A00/tasks/python?try_number=1'),","chan":"stdout","logger":"task"}
{"timestamp":"2025-07-29T19:50:35.155868Z","level":"info","event":" 'triggering_asset_events': TriggeringAssetEventsAccessor(_events=defaultdict(<class 'list'>, {})),","chan":"stdout","logger":"task"}
{"timestamp":"2025-07-29T19:50:35.155912Z","level":"info","event":" 'ts': '2023-06-24T04:39:00+00:00',","chan":"stdout","logger":"task"}
{"timestamp":"2025-07-29T19:50:35.155976Z","level":"info","event":" 'ts_nodash': '20230624T043900',","chan":"stdout","logger":"task"}
{"timestamp":"2025-07-29T19:50:35.156033Z","level":"info","event":" 'ts_nodash_with_tz': '20230624T043900+0000',","chan":"stdout","logger":"task"}
{"timestamp":"2025-07-29T19:50:35.156097Z","level":"info","event":" 'var': {'json': <VariableAccessor (dynamic access)>,","chan":"stdout","logger":"task"}
{"timestamp":"2025-07-29T19:50:35.156156Z","level":"info","event":"         'value': <VariableAccessor (dynamic access)>}}","chan":"stdout","logger":"task"}
{"timestamp":"2025-07-29T19:50:35.155929","level":"info","event":"Done. Returned value was: 123","logger":"airflow.task.operators.airflow.providers.standard.operators.python.PythonOperator"}
{"timestamp":"2025-07-29T19:50:35.156129","level":"info","event":"Pushing xcom","ti":"RuntimeTaskInstance(id=UUID('019857bc-9864-723d-870f-6140d056b4f7'), task_id='python', dag_id='python_operator_v1', run_id='scheduled__2023-06-24T04:39:00+00:00', try_number=1, map_index=-1, hostname='bf6f1e7a6f11', context_carrier={}, task=<Task(PythonOperator): python>, bundle_instance=LocalDagBundle(name=dags-folder), max_tries=0, start_date=datetime.datetime(2025, 7, 29, 19, 50, 34, 558373, tzinfo=datetime.timezone.utc), end_date=None, state=<TaskInstanceState.RUNNING: 'running'>, is_mapped=False, rendered_map_index=None, log_url='http://localhost:8080/dags/python_operator_v1/runs/scheduled__2023-06-24T04%3A39%3A00%2B00%3A00/tasks/python?try_number=1')","logger":"task"}
{"timestamp":"2025-07-29T19:50:35.188003Z","level":"info","event":"Task instance in success state","chan":"stdout","logger":"task"}
{"timestamp":"2025-07-29T19:50:35.188149Z","level":"info","event":" Previous state of the Task instance: TaskInstanceState.RUNNING","chan":"stdout","logger":"task"}
{"timestamp":"2025-07-29T19:50:35.188354Z","level":"info","event":"Task operator:<Task(PythonOperator): python>","chan":"stdout","logger":"task"}
