{"timestamp":"2025-07-29T19:35:33.831197","level":"info","event":"DAG bundles loaded: dags-folder, example_dags","logger":"airflow.dag_processing.bundles.manager.DagBundlesManager"}
{"timestamp":"2025-07-29T19:35:33.831973","level":"info","event":"Filling up the DagBag from /opt/airflow/dags/python_operator_v1.py","logger":"airflow.models.dagbag.DagBag"}
{"timestamp":"2025-07-29T19:35:33.856660Z","level":"info","event":"Task instance is in running state","chan":"stdout","logger":"task"}
{"timestamp":"2025-07-29T19:35:33.856803Z","level":"info","event":" Previous state of the Task instance: TaskInstanceState.QUEUED","chan":"stdout","logger":"task"}
{"timestamp":"2025-07-29T19:35:33.858085Z","level":"info","event":"Current task name:python","chan":"stdout","logger":"task"}
{"timestamp":"2025-07-29T19:35:33.858204Z","level":"info","event":"Dag name:python_operator_v1","chan":"stdout","logger":"task"}
{"timestamp":"2025-07-29T19:35:33.859255Z","level":"info","event":"poliana","chan":"stdout","logger":"task"}
{"timestamp":"2025-07-29T19:35:33.859866Z","level":"info","event":"{'conn': <ConnectionAccessor (dynamic access)>,","chan":"stdout","logger":"task"}
{"timestamp":"2025-07-29T19:35:33.859961Z","level":"info","event":" 'dag': <DAG: python_operator_v1>,","chan":"stdout","logger":"task"}
{"timestamp":"2025-07-29T19:35:33.860056Z","level":"info","event":" 'dag_run': DagRun(dag_id='python_operator_v1', run_id='scheduled__2023-06-23T12:19:00+00:00', logical_date=datetime.datetime(2023, 6, 23, 12, 19, tzinfo=datetime.timezone.utc), data_interval_start=datetime.datetime(2023, 6, 23, 12, 19, tzinfo=datetime.timezone.utc), data_interval_end=datetime.datetime(2023, 6, 23, 12, 19, tzinfo=datetime.timezone.utc), run_after=datetime.datetime(2023, 6, 23, 12, 19, tzinfo=datetime.timezone.utc), start_date=datetime.datetime(2025, 7, 29, 19, 35, 32, 728296, tzinfo=datetime.timezone.utc), end_date=None, clear_number=0, run_type=<DagRunType.SCHEDULED: 'scheduled'>, conf={}, consumed_asset_events=[]),","chan":"stdout","logger":"task"}
{"timestamp":"2025-07-29T19:35:33.860119Z","level":"info","event":" 'data_interval_end': DateTime(2023, 6, 23, 12, 19, 0, tzinfo=Timezone('UTC')),","chan":"stdout","logger":"task"}
{"timestamp":"2025-07-29T19:35:33.860194Z","level":"info","event":" 'data_interval_start': DateTime(2023, 6, 23, 12, 19, 0, tzinfo=Timezone('UTC')),","chan":"stdout","logger":"task"}
{"timestamp":"2025-07-29T19:35:33.860241Z","level":"info","event":" 'ds': '2023-06-23',","chan":"stdout","logger":"task"}
{"timestamp":"2025-07-29T19:35:33.860283Z","level":"info","event":" 'ds_nodash': '20230623',","chan":"stdout","logger":"task"}
{"timestamp":"2025-07-29T19:35:33.860324Z","level":"info","event":" 'inlet_events': InletEventsAccessors(_inlets=[], _assets={}, _asset_aliases={}),","chan":"stdout","logger":"task"}
{"timestamp":"2025-07-29T19:35:33.860365Z","level":"info","event":" 'inlets': [],","chan":"stdout","logger":"task"}
{"timestamp":"2025-07-29T19:35:33.860406Z","level":"info","event":" 'logical_date': DateTime(2023, 6, 23, 12, 19, 0, tzinfo=Timezone('UTC')),","chan":"stdout","logger":"task"}
{"timestamp":"2025-07-29T19:35:33.860446Z","level":"info","event":" 'macros': <MacrosAccessor (dynamic access to macros)>,","chan":"stdout","logger":"task"}
{"timestamp":"2025-07-29T19:35:33.860486Z","level":"info","event":" 'map_index_template': None,","chan":"stdout","logger":"task"}
{"timestamp":"2025-07-29T19:35:33.860527Z","level":"info","event":" 'outlet_events': <airflow.sdk.execution_time.context.OutletEventAccessors object at 0x7fb66fe2cd40>,","chan":"stdout","logger":"task"}
{"timestamp":"2025-07-29T19:35:33.860567Z","level":"info","event":" 'outlets': [],","chan":"stdout","logger":"task"}
{"timestamp":"2025-07-29T19:35:33.860607Z","level":"info","event":" 'params': {},","chan":"stdout","logger":"task"}
{"timestamp":"2025-07-29T19:35:33.870244Z","level":"info","event":" 'prev_data_interval_end_success': <Proxy at 0x7fb66fc4a4b0 with factory <function RuntimeTaskInstance.get_template_context.<locals>.<lambda> at 0x7fb66fc74720>>,","chan":"stdout","logger":"task"}
{"timestamp":"2025-07-29T19:35:33.870449Z","level":"info","event":" 'prev_data_interval_start_success': <Proxy at 0x7fb66fc4b0b0 with factory <function RuntimeTaskInstance.get_template_context.<locals>.<lambda> at 0x7fb66fc67560>>,","chan":"stdout","logger":"task"}
{"timestamp":"2025-07-29T19:35:33.870565Z","level":"info","event":" 'prev_end_date_success': <Proxy at 0x7fb66fc49a90 with factory <function RuntimeTaskInstance.get_template_context.<locals>.<lambda> at 0x7fb66fc66f20>>,","chan":"stdout","logger":"task"}
{"timestamp":"2025-07-29T19:35:33.870641Z","level":"info","event":" 'prev_start_date_success': <Proxy at 0x7fb66fc49790 with factory <function RuntimeTaskInstance.get_template_context.<locals>.<lambda> at 0x7fb66fc67420>>,","chan":"stdout","logger":"task"}
{"timestamp":"2025-07-29T19:35:33.870707Z","level":"info","event":" 'run_id': 'scheduled__2023-06-23T12:19:00+00:00',","chan":"stdout","logger":"task"}
{"timestamp":"2025-07-29T19:35:33.870771Z","level":"info","event":" 'task': <Task(PythonOperator): python>,","chan":"stdout","logger":"task"}
{"timestamp":"2025-07-29T19:35:33.870836Z","level":"info","event":" 'task_instance': RuntimeTaskInstance(id=UUID('019857ae-d674-7c63-b00b-91ddfe31f863'), task_id='python', dag_id='python_operator_v1', run_id='scheduled__2023-06-23T12:19:00+00:00', try_number=1, map_index=-1, hostname='bf6f1e7a6f11', context_carrier={}, task=<Task(PythonOperator): python>, bundle_instance=LocalDagBundle(name=dags-folder), max_tries=0, start_date=datetime.datetime(2025, 7, 29, 19, 35, 33, 35946, tzinfo=datetime.timezone.utc), end_date=None, state=<TaskInstanceState.RUNNING: 'running'>, is_mapped=False, rendered_map_index=None, log_url='http://localhost:8080/dags/python_operator_v1/runs/scheduled__2023-06-23T12%3A19%3A00%2B00%3A00/tasks/python?try_number=1'),","chan":"stdout","logger":"task"}
{"timestamp":"2025-07-29T19:35:33.870904Z","level":"info","event":" 'task_instance_key_str': 'python_operator_v1__python__20230623',","chan":"stdout","logger":"task"}
{"timestamp":"2025-07-29T19:35:33.871000Z","level":"info","event":" 'task_reschedule_count': 0,","chan":"stdout","logger":"task"}
{"timestamp":"2025-07-29T19:35:33.871068Z","level":"info","event":" 'templates_dict': None,","chan":"stdout","logger":"task"}
{"timestamp":"2025-07-29T19:35:33.871133Z","level":"info","event":" 'ti': RuntimeTaskInstance(id=UUID('019857ae-d674-7c63-b00b-91ddfe31f863'), task_id='python', dag_id='python_operator_v1', run_id='scheduled__2023-06-23T12:19:00+00:00', try_number=1, map_index=-1, hostname='bf6f1e7a6f11', context_carrier={}, task=<Task(PythonOperator): python>, bundle_instance=LocalDagBundle(name=dags-folder), max_tries=0, start_date=datetime.datetime(2025, 7, 29, 19, 35, 33, 35946, tzinfo=datetime.timezone.utc), end_date=None, state=<TaskInstanceState.RUNNING: 'running'>, is_mapped=False, rendered_map_index=None, log_url='http://localhost:8080/dags/python_operator_v1/runs/scheduled__2023-06-23T12%3A19%3A00%2B00%3A00/tasks/python?try_number=1'),","chan":"stdout","logger":"task"}
{"timestamp":"2025-07-29T19:35:33.871199Z","level":"info","event":" 'triggering_asset_events': TriggeringAssetEventsAccessor(_events=defaultdict(<class 'list'>, {})),","chan":"stdout","logger":"task"}
{"timestamp":"2025-07-29T19:35:33.871261Z","level":"info","event":" 'ts': '2023-06-23T12:19:00+00:00',","chan":"stdout","logger":"task"}
{"timestamp":"2025-07-29T19:35:33.871367Z","level":"info","event":" 'ts_nodash': '20230623T121900',","chan":"stdout","logger":"task"}
{"timestamp":"2025-07-29T19:35:33.871477Z","level":"info","event":" 'ts_nodash_with_tz': '20230623T121900+0000',","chan":"stdout","logger":"task"}
{"timestamp":"2025-07-29T19:35:33.871547Z","level":"info","event":" 'var': {'json': <VariableAccessor (dynamic access)>,","chan":"stdout","logger":"task"}
{"timestamp":"2025-07-29T19:35:33.871611Z","level":"info","event":"         'value': <VariableAccessor (dynamic access)>}}","chan":"stdout","logger":"task"}
{"timestamp":"2025-07-29T19:35:33.870983","level":"info","event":"Done. Returned value was: 123","logger":"airflow.task.operators.airflow.providers.standard.operators.python.PythonOperator"}
{"timestamp":"2025-07-29T19:35:33.871211","level":"info","event":"Pushing xcom","ti":"RuntimeTaskInstance(id=UUID('019857ae-d674-7c63-b00b-91ddfe31f863'), task_id='python', dag_id='python_operator_v1', run_id='scheduled__2023-06-23T12:19:00+00:00', try_number=1, map_index=-1, hostname='bf6f1e7a6f11', context_carrier={}, task=<Task(PythonOperator): python>, bundle_instance=LocalDagBundle(name=dags-folder), max_tries=0, start_date=datetime.datetime(2025, 7, 29, 19, 35, 33, 35946, tzinfo=datetime.timezone.utc), end_date=None, state=<TaskInstanceState.RUNNING: 'running'>, is_mapped=False, rendered_map_index=None, log_url='http://localhost:8080/dags/python_operator_v1/runs/scheduled__2023-06-23T12%3A19%3A00%2B00%3A00/tasks/python?try_number=1')","logger":"task"}
{"timestamp":"2025-07-29T19:35:33.901190Z","level":"info","event":"Task instance in success state","chan":"stdout","logger":"task"}
{"timestamp":"2025-07-29T19:35:33.901325Z","level":"info","event":" Previous state of the Task instance: TaskInstanceState.RUNNING","chan":"stdout","logger":"task"}
{"timestamp":"2025-07-29T19:35:33.901517Z","level":"info","event":"Task operator:<Task(PythonOperator): python>","chan":"stdout","logger":"task"}
