{"timestamp":"2025-07-29T19:33:01.542193","level":"info","event":"DAG bundles loaded: dags-folder, example_dags","logger":"airflow.dag_processing.bundles.manager.DagBundlesManager"}
{"timestamp":"2025-07-29T19:33:01.542890","level":"info","event":"Filling up the DagBag from /opt/airflow/dags/python_operator_v1.py","logger":"airflow.models.dagbag.DagBag"}
{"timestamp":"2025-07-29T19:33:01.564990Z","level":"info","event":"Task instance is in running state","chan":"stdout","logger":"task"}
{"timestamp":"2025-07-29T19:33:01.565140Z","level":"info","event":" Previous state of the Task instance: TaskInstanceState.QUEUED","chan":"stdout","logger":"task"}
{"timestamp":"2025-07-29T19:33:01.565638Z","level":"info","event":"Current task name:python","chan":"stdout","logger":"task"}
{"timestamp":"2025-07-29T19:33:01.565764Z","level":"info","event":"Dag name:python_operator_v1","chan":"stdout","logger":"task"}
{"timestamp":"2025-07-29T19:33:01.567068Z","level":"info","event":"poliana","chan":"stdout","logger":"task"}
{"timestamp":"2025-07-29T19:33:01.567661Z","level":"info","event":"{'conn': <ConnectionAccessor (dynamic access)>,","chan":"stdout","logger":"task"}
{"timestamp":"2025-07-29T19:33:01.567772Z","level":"info","event":" 'dag': <DAG: python_operator_v1>,","chan":"stdout","logger":"task"}
{"timestamp":"2025-07-29T19:33:01.567867Z","level":"info","event":" 'dag_run': DagRun(dag_id='python_operator_v1', run_id='scheduled__2023-06-23T09:32:00+00:00', logical_date=datetime.datetime(2023, 6, 23, 9, 32, tzinfo=datetime.timezone.utc), data_interval_start=datetime.datetime(2023, 6, 23, 9, 32, tzinfo=datetime.timezone.utc), data_interval_end=datetime.datetime(2023, 6, 23, 9, 32, tzinfo=datetime.timezone.utc), run_after=datetime.datetime(2023, 6, 23, 9, 32, tzinfo=datetime.timezone.utc), start_date=datetime.datetime(2025, 7, 29, 19, 33, 0, 778836, tzinfo=datetime.timezone.utc), end_date=None, clear_number=0, run_type=<DagRunType.SCHEDULED: 'scheduled'>, conf={}, consumed_asset_events=[]),","chan":"stdout","logger":"task"}
{"timestamp":"2025-07-29T19:33:01.567939Z","level":"info","event":" 'data_interval_end': DateTime(2023, 6, 23, 9, 32, 0, tzinfo=Timezone('UTC')),","chan":"stdout","logger":"task"}
{"timestamp":"2025-07-29T19:33:01.567985Z","level":"info","event":" 'data_interval_start': DateTime(2023, 6, 23, 9, 32, 0, tzinfo=Timezone('UTC')),","chan":"stdout","logger":"task"}
{"timestamp":"2025-07-29T19:33:01.568027Z","level":"info","event":" 'ds': '2023-06-23',","chan":"stdout","logger":"task"}
{"timestamp":"2025-07-29T19:33:01.568068Z","level":"info","event":" 'ds_nodash': '20230623',","chan":"stdout","logger":"task"}
{"timestamp":"2025-07-29T19:33:01.568108Z","level":"info","event":" 'inlet_events': InletEventsAccessors(_inlets=[], _assets={}, _asset_aliases={}),","chan":"stdout","logger":"task"}
{"timestamp":"2025-07-29T19:33:01.568147Z","level":"info","event":" 'inlets': [],","chan":"stdout","logger":"task"}
{"timestamp":"2025-07-29T19:33:01.568187Z","level":"info","event":" 'logical_date': DateTime(2023, 6, 23, 9, 32, 0, tzinfo=Timezone('UTC')),","chan":"stdout","logger":"task"}
{"timestamp":"2025-07-29T19:33:01.568226Z","level":"info","event":" 'macros': <MacrosAccessor (dynamic access to macros)>,","chan":"stdout","logger":"task"}
{"timestamp":"2025-07-29T19:33:01.568265Z","level":"info","event":" 'map_index_template': None,","chan":"stdout","logger":"task"}
{"timestamp":"2025-07-29T19:33:01.568306Z","level":"info","event":" 'outlet_events': <airflow.sdk.execution_time.context.OutletEventAccessors object at 0x7fb66fd96ba0>,","chan":"stdout","logger":"task"}
{"timestamp":"2025-07-29T19:33:01.568346Z","level":"info","event":" 'outlets': [],","chan":"stdout","logger":"task"}
{"timestamp":"2025-07-29T19:33:01.568385Z","level":"info","event":" 'params': {},","chan":"stdout","logger":"task"}
{"timestamp":"2025-07-29T19:33:01.576120Z","level":"info","event":" 'prev_data_interval_end_success': <Proxy at 0x7fb66fcb01a0 with factory <function RuntimeTaskInstance.get_template_context.<locals>.<lambda> at 0x7fb66fc98a40>>,","chan":"stdout","logger":"task"}
{"timestamp":"2025-07-29T19:33:01.576248Z","level":"info","event":" 'prev_data_interval_start_success': <Proxy at 0x7fb66fc7bf20 with factory <function RuntimeTaskInstance.get_template_context.<locals>.<lambda> at 0x7fb66fc9a160>>,","chan":"stdout","logger":"task"}
{"timestamp":"2025-07-29T19:33:01.576342Z","level":"info","event":" 'prev_end_date_success': <Proxy at 0x7fb66fc7a900 with factory <function RuntimeTaskInstance.get_template_context.<locals>.<lambda> at 0x7fb66fc9a200>>,","chan":"stdout","logger":"task"}
{"timestamp":"2025-07-29T19:33:01.576394Z","level":"info","event":" 'prev_start_date_success': <Proxy at 0x7fb66fc7a720 with factory <function RuntimeTaskInstance.get_template_context.<locals>.<lambda> at 0x7fb66fc98f40>>,","chan":"stdout","logger":"task"}
{"timestamp":"2025-07-29T19:33:01.576437Z","level":"info","event":" 'run_id': 'scheduled__2023-06-23T09:32:00+00:00',","chan":"stdout","logger":"task"}
{"timestamp":"2025-07-29T19:33:01.576478Z","level":"info","event":" 'task': <Task(PythonOperator): python>,","chan":"stdout","logger":"task"}
{"timestamp":"2025-07-29T19:33:01.576522Z","level":"info","event":" 'task_instance': RuntimeTaskInstance(id=UUID('019857ac-84e5-70fc-8358-c67676896944'), task_id='python', dag_id='python_operator_v1', run_id='scheduled__2023-06-23T09:32:00+00:00', try_number=1, map_index=-1, hostname='bf6f1e7a6f11', context_carrier={}, task=<Task(PythonOperator): python>, bundle_instance=LocalDagBundle(name=dags-folder), max_tries=0, start_date=datetime.datetime(2025, 7, 29, 19, 33, 1, 100961, tzinfo=datetime.timezone.utc), end_date=None, state=<TaskInstanceState.RUNNING: 'running'>, is_mapped=False, rendered_map_index=None, log_url='http://localhost:8080/dags/python_operator_v1/runs/scheduled__2023-06-23T09%3A32%3A00%2B00%3A00/tasks/python?try_number=1'),","chan":"stdout","logger":"task"}
{"timestamp":"2025-07-29T19:33:01.576567Z","level":"info","event":" 'task_instance_key_str': 'python_operator_v1__python__20230623',","chan":"stdout","logger":"task"}
{"timestamp":"2025-07-29T19:33:01.576612Z","level":"info","event":" 'task_reschedule_count': 0,","chan":"stdout","logger":"task"}
{"timestamp":"2025-07-29T19:33:01.576651Z","level":"info","event":" 'templates_dict': None,","chan":"stdout","logger":"task"}
{"timestamp":"2025-07-29T19:33:01.576695Z","level":"info","event":" 'ti': RuntimeTaskInstance(id=UUID('019857ac-84e5-70fc-8358-c67676896944'), task_id='python', dag_id='python_operator_v1', run_id='scheduled__2023-06-23T09:32:00+00:00', try_number=1, map_index=-1, hostname='bf6f1e7a6f11', context_carrier={}, task=<Task(PythonOperator): python>, bundle_instance=LocalDagBundle(name=dags-folder), max_tries=0, start_date=datetime.datetime(2025, 7, 29, 19, 33, 1, 100961, tzinfo=datetime.timezone.utc), end_date=None, state=<TaskInstanceState.RUNNING: 'running'>, is_mapped=False, rendered_map_index=None, log_url='http://localhost:8080/dags/python_operator_v1/runs/scheduled__2023-06-23T09%3A32%3A00%2B00%3A00/tasks/python?try_number=1'),","chan":"stdout","logger":"task"}
{"timestamp":"2025-07-29T19:33:01.576738Z","level":"info","event":" 'triggering_asset_events': TriggeringAssetEventsAccessor(_events=defaultdict(<class 'list'>, {})),","chan":"stdout","logger":"task"}
{"timestamp":"2025-07-29T19:33:01.576778Z","level":"info","event":" 'ts': '2023-06-23T09:32:00+00:00',","chan":"stdout","logger":"task"}
{"timestamp":"2025-07-29T19:33:01.576817Z","level":"info","event":" 'ts_nodash': '20230623T093200',","chan":"stdout","logger":"task"}
{"timestamp":"2025-07-29T19:33:01.576857Z","level":"info","event":" 'ts_nodash_with_tz': '20230623T093200+0000',","chan":"stdout","logger":"task"}
{"timestamp":"2025-07-29T19:33:01.576896Z","level":"info","event":" 'var': {'json': <VariableAccessor (dynamic access)>,","chan":"stdout","logger":"task"}
{"timestamp":"2025-07-29T19:33:01.576935Z","level":"info","event":"         'value': <VariableAccessor (dynamic access)>}}","chan":"stdout","logger":"task"}
{"timestamp":"2025-07-29T19:33:01.576716","level":"info","event":"Done. Returned value was: 123","logger":"airflow.task.operators.airflow.providers.standard.operators.python.PythonOperator"}
{"timestamp":"2025-07-29T19:33:01.576872","level":"info","event":"Pushing xcom","ti":"RuntimeTaskInstance(id=UUID('019857ac-84e5-70fc-8358-c67676896944'), task_id='python', dag_id='python_operator_v1', run_id='scheduled__2023-06-23T09:32:00+00:00', try_number=1, map_index=-1, hostname='bf6f1e7a6f11', context_carrier={}, task=<Task(PythonOperator): python>, bundle_instance=LocalDagBundle(name=dags-folder), max_tries=0, start_date=datetime.datetime(2025, 7, 29, 19, 33, 1, 100961, tzinfo=datetime.timezone.utc), end_date=None, state=<TaskInstanceState.RUNNING: 'running'>, is_mapped=False, rendered_map_index=None, log_url='http://localhost:8080/dags/python_operator_v1/runs/scheduled__2023-06-23T09%3A32%3A00%2B00%3A00/tasks/python?try_number=1')","logger":"task"}
{"timestamp":"2025-07-29T19:33:01.598088Z","level":"info","event":"Task instance in success state","chan":"stdout","logger":"task"}
{"timestamp":"2025-07-29T19:33:01.598218Z","level":"info","event":" Previous state of the Task instance: TaskInstanceState.RUNNING","chan":"stdout","logger":"task"}
{"timestamp":"2025-07-29T19:33:01.598306Z","level":"info","event":"Task operator:<Task(PythonOperator): python>","chan":"stdout","logger":"task"}
