{"timestamp":"2025-07-29T19:46:58.799292","level":"info","event":"DAG bundles loaded: dags-folder, example_dags","logger":"airflow.dag_processing.bundles.manager.DagBundlesManager"}
{"timestamp":"2025-07-29T19:46:58.800114","level":"info","event":"Filling up the DagBag from /opt/airflow/dags/python_operator_v1.py","logger":"airflow.models.dagbag.DagBag"}
{"timestamp":"2025-07-29T19:46:58.826168Z","level":"info","event":"Task instance is in running state","chan":"stdout","logger":"task"}
{"timestamp":"2025-07-29T19:46:58.826431Z","level":"info","event":" Previous state of the Task instance: TaskInstanceState.QUEUED","chan":"stdout","logger":"task"}
{"timestamp":"2025-07-29T19:46:58.826879Z","level":"info","event":"Current task name:python","chan":"stdout","logger":"task"}
{"timestamp":"2025-07-29T19:46:58.826968Z","level":"info","event":"Dag name:python_operator_v1","chan":"stdout","logger":"task"}
{"timestamp":"2025-07-29T19:46:58.827980Z","level":"info","event":"poliana","chan":"stdout","logger":"task"}
{"timestamp":"2025-07-29T19:46:58.828567Z","level":"info","event":"{'conn': <ConnectionAccessor (dynamic access)>,","chan":"stdout","logger":"task"}
{"timestamp":"2025-07-29T19:46:58.828649Z","level":"info","event":" 'dag': <DAG: python_operator_v1>,","chan":"stdout","logger":"task"}
{"timestamp":"2025-07-29T19:46:58.828741Z","level":"info","event":" 'dag_run': DagRun(dag_id='python_operator_v1', run_id='scheduled__2023-06-24T00:59:00+00:00', logical_date=datetime.datetime(2023, 6, 24, 0, 59, tzinfo=datetime.timezone.utc), data_interval_start=datetime.datetime(2023, 6, 24, 0, 59, tzinfo=datetime.timezone.utc), data_interval_end=datetime.datetime(2023, 6, 24, 0, 59, tzinfo=datetime.timezone.utc), run_after=datetime.datetime(2023, 6, 24, 0, 59, tzinfo=datetime.timezone.utc), start_date=datetime.datetime(2025, 7, 29, 19, 46, 57, 934414, tzinfo=datetime.timezone.utc), end_date=None, clear_number=0, run_type=<DagRunType.SCHEDULED: 'scheduled'>, conf={}, consumed_asset_events=[]),","chan":"stdout","logger":"task"}
{"timestamp":"2025-07-29T19:46:58.828817Z","level":"info","event":" 'data_interval_end': DateTime(2023, 6, 24, 0, 59, 0, tzinfo=Timezone('UTC')),","chan":"stdout","logger":"task"}
{"timestamp":"2025-07-29T19:46:58.828873Z","level":"info","event":" 'data_interval_start': DateTime(2023, 6, 24, 0, 59, 0, tzinfo=Timezone('UTC')),","chan":"stdout","logger":"task"}
{"timestamp":"2025-07-29T19:46:58.828917Z","level":"info","event":" 'ds': '2023-06-24',","chan":"stdout","logger":"task"}
{"timestamp":"2025-07-29T19:46:58.828958Z","level":"info","event":" 'ds_nodash': '20230624',","chan":"stdout","logger":"task"}
{"timestamp":"2025-07-29T19:46:58.828999Z","level":"info","event":" 'inlet_events': InletEventsAccessors(_inlets=[], _assets={}, _asset_aliases={}),","chan":"stdout","logger":"task"}
{"timestamp":"2025-07-29T19:46:58.829039Z","level":"info","event":" 'inlets': [],","chan":"stdout","logger":"task"}
{"timestamp":"2025-07-29T19:46:58.829079Z","level":"info","event":" 'logical_date': DateTime(2023, 6, 24, 0, 59, 0, tzinfo=Timezone('UTC')),","chan":"stdout","logger":"task"}
{"timestamp":"2025-07-29T19:46:58.829119Z","level":"info","event":" 'macros': <MacrosAccessor (dynamic access to macros)>,","chan":"stdout","logger":"task"}
{"timestamp":"2025-07-29T19:46:58.829159Z","level":"info","event":" 'map_index_template': None,","chan":"stdout","logger":"task"}
{"timestamp":"2025-07-29T19:46:58.829199Z","level":"info","event":" 'outlet_events': <airflow.sdk.execution_time.context.OutletEventAccessors object at 0x7fb66fc03410>,","chan":"stdout","logger":"task"}
{"timestamp":"2025-07-29T19:46:58.829240Z","level":"info","event":" 'outlets': [],","chan":"stdout","logger":"task"}
{"timestamp":"2025-07-29T19:46:58.829280Z","level":"info","event":" 'params': {},","chan":"stdout","logger":"task"}
{"timestamp":"2025-07-29T19:46:58.837966Z","level":"info","event":" 'prev_data_interval_end_success': <Proxy at 0x7fb66fc59b50 with factory <function RuntimeTaskInstance.get_template_context.<locals>.<lambda> at 0x7fb66fc75a80>>,","chan":"stdout","logger":"task"}
{"timestamp":"2025-07-29T19:46:58.838157Z","level":"info","event":" 'prev_data_interval_start_success': <Proxy at 0x7fb66fc5ae40 with factory <function RuntimeTaskInstance.get_template_context.<locals>.<lambda> at 0x7fb66fc771a0>>,","chan":"stdout","logger":"task"}
{"timestamp":"2025-07-29T19:46:58.838230Z","level":"info","event":" 'prev_end_date_success': <Proxy at 0x7fb66fc5aa80 with factory <function RuntimeTaskInstance.get_template_context.<locals>.<lambda> at 0x7fb66fc77240>>,","chan":"stdout","logger":"task"}
{"timestamp":"2025-07-29T19:46:58.838278Z","level":"info","event":" 'prev_start_date_success': <Proxy at 0x7fb66fc5aba0 with factory <function RuntimeTaskInstance.get_template_context.<locals>.<lambda> at 0x7fb66fc75f80>>,","chan":"stdout","logger":"task"}
{"timestamp":"2025-07-29T19:46:58.838323Z","level":"info","event":" 'run_id': 'scheduled__2023-06-24T00:59:00+00:00',","chan":"stdout","logger":"task"}
{"timestamp":"2025-07-29T19:46:58.838368Z","level":"info","event":" 'task': <Task(PythonOperator): python>,","chan":"stdout","logger":"task"}
{"timestamp":"2025-07-29T19:46:58.838416Z","level":"info","event":" 'task_instance': RuntimeTaskInstance(id=UUID('019857b9-4b09-7ea5-8d12-45639e27e795'), task_id='python', dag_id='python_operator_v1', run_id='scheduled__2023-06-24T00:59:00+00:00', try_number=1, map_index=-1, hostname='bf6f1e7a6f11', context_carrier={}, task=<Task(PythonOperator): python>, bundle_instance=LocalDagBundle(name=dags-folder), max_tries=0, start_date=datetime.datetime(2025, 7, 29, 19, 46, 58, 215318, tzinfo=datetime.timezone.utc), end_date=None, state=<TaskInstanceState.RUNNING: 'running'>, is_mapped=False, rendered_map_index=None, log_url='http://localhost:8080/dags/python_operator_v1/runs/scheduled__2023-06-24T00%3A59%3A00%2B00%3A00/tasks/python?try_number=1'),","chan":"stdout","logger":"task"}
{"timestamp":"2025-07-29T19:46:58.838461Z","level":"info","event":" 'task_instance_key_str': 'python_operator_v1__python__20230624',","chan":"stdout","logger":"task"}
{"timestamp":"2025-07-29T19:46:58.838503Z","level":"info","event":" 'task_reschedule_count': 0,","chan":"stdout","logger":"task"}
{"timestamp":"2025-07-29T19:46:58.838544Z","level":"info","event":" 'templates_dict': None,","chan":"stdout","logger":"task"}
{"timestamp":"2025-07-29T19:46:58.838584Z","level":"info","event":" 'ti': RuntimeTaskInstance(id=UUID('019857b9-4b09-7ea5-8d12-45639e27e795'), task_id='python', dag_id='python_operator_v1', run_id='scheduled__2023-06-24T00:59:00+00:00', try_number=1, map_index=-1, hostname='bf6f1e7a6f11', context_carrier={}, task=<Task(PythonOperator): python>, bundle_instance=LocalDagBundle(name=dags-folder), max_tries=0, start_date=datetime.datetime(2025, 7, 29, 19, 46, 58, 215318, tzinfo=datetime.timezone.utc), end_date=None, state=<TaskInstanceState.RUNNING: 'running'>, is_mapped=False, rendered_map_index=None, log_url='http://localhost:8080/dags/python_operator_v1/runs/scheduled__2023-06-24T00%3A59%3A00%2B00%3A00/tasks/python?try_number=1'),","chan":"stdout","logger":"task"}
{"timestamp":"2025-07-29T19:46:58.838653Z","level":"info","event":" 'triggering_asset_events': TriggeringAssetEventsAccessor(_events=defaultdict(<class 'list'>, {})),","chan":"stdout","logger":"task"}
{"timestamp":"2025-07-29T19:46:58.838700Z","level":"info","event":" 'ts': '2023-06-24T00:59:00+00:00',","chan":"stdout","logger":"task"}
{"timestamp":"2025-07-29T19:46:58.838742Z","level":"info","event":" 'ts_nodash': '20230624T005900',","chan":"stdout","logger":"task"}
{"timestamp":"2025-07-29T19:46:58.838785Z","level":"info","event":" 'ts_nodash_with_tz': '20230624T005900+0000',","chan":"stdout","logger":"task"}
{"timestamp":"2025-07-29T19:46:58.838825Z","level":"info","event":" 'var': {'json': <VariableAccessor (dynamic access)>,","chan":"stdout","logger":"task"}
{"timestamp":"2025-07-29T19:46:58.838866Z","level":"info","event":"         'value': <VariableAccessor (dynamic access)>}}","chan":"stdout","logger":"task"}
{"timestamp":"2025-07-29T19:46:58.838684","level":"info","event":"Done. Returned value was: 123","logger":"airflow.task.operators.airflow.providers.standard.operators.python.PythonOperator"}
{"timestamp":"2025-07-29T19:46:58.838872","level":"info","event":"Pushing xcom","ti":"RuntimeTaskInstance(id=UUID('019857b9-4b09-7ea5-8d12-45639e27e795'), task_id='python', dag_id='python_operator_v1', run_id='scheduled__2023-06-24T00:59:00+00:00', try_number=1, map_index=-1, hostname='bf6f1e7a6f11', context_carrier={}, task=<Task(PythonOperator): python>, bundle_instance=LocalDagBundle(name=dags-folder), max_tries=0, start_date=datetime.datetime(2025, 7, 29, 19, 46, 58, 215318, tzinfo=datetime.timezone.utc), end_date=None, state=<TaskInstanceState.RUNNING: 'running'>, is_mapped=False, rendered_map_index=None, log_url='http://localhost:8080/dags/python_operator_v1/runs/scheduled__2023-06-24T00%3A59%3A00%2B00%3A00/tasks/python?try_number=1')","logger":"task"}
{"timestamp":"2025-07-29T19:46:58.863886Z","level":"info","event":"Task instance in success state","chan":"stdout","logger":"task"}
{"timestamp":"2025-07-29T19:46:58.864106Z","level":"info","event":" Previous state of the Task instance: TaskInstanceState.RUNNING","chan":"stdout","logger":"task"}
{"timestamp":"2025-07-29T19:46:58.864272Z","level":"info","event":"Task operator:<Task(PythonOperator): python>","chan":"stdout","logger":"task"}
