{"timestamp":"2025-07-29T19:50:03.373731","level":"info","event":"DAG bundles loaded: dags-folder, example_dags","logger":"airflow.dag_processing.bundles.manager.DagBundlesManager"}
{"timestamp":"2025-07-29T19:50:03.374244","level":"info","event":"Filling up the DagBag from /opt/airflow/dags/2_python_operator_v1.py","logger":"airflow.models.dagbag.DagBag"}
{"timestamp":"2025-07-29T19:50:03.399689Z","level":"info","event":"Task instance is in running state","chan":"stdout","logger":"task"}
{"timestamp":"2025-07-29T19:50:03.399860Z","level":"info","event":" Previous state of the Task instance: TaskInstanceState.QUEUED","chan":"stdout","logger":"task"}
{"timestamp":"2025-07-29T19:50:03.400369Z","level":"info","event":"Current task name:python","chan":"stdout","logger":"task"}
{"timestamp":"2025-07-29T19:50:03.400458Z","level":"info","event":"Dag name:python_operator_v1","chan":"stdout","logger":"task"}
{"timestamp":"2025-07-29T19:50:03.401652Z","level":"info","event":"poliana","chan":"stdout","logger":"task"}
{"timestamp":"2025-07-29T19:50:03.402286Z","level":"info","event":"{'conn': <ConnectionAccessor (dynamic access)>,","chan":"stdout","logger":"task"}
{"timestamp":"2025-07-29T19:50:03.402379Z","level":"info","event":" 'dag': <DAG: python_operator_v1>,","chan":"stdout","logger":"task"}
{"timestamp":"2025-07-29T19:50:03.402480Z","level":"info","event":" 'dag_run': DagRun(dag_id='python_operator_v1', run_id='scheduled__2023-06-24T04:07:00+00:00', logical_date=datetime.datetime(2023, 6, 24, 4, 7, tzinfo=datetime.timezone.utc), data_interval_start=datetime.datetime(2023, 6, 24, 4, 7, tzinfo=datetime.timezone.utc), data_interval_end=datetime.datetime(2023, 6, 24, 4, 7, tzinfo=datetime.timezone.utc), run_after=datetime.datetime(2023, 6, 24, 4, 7, tzinfo=datetime.timezone.utc), start_date=datetime.datetime(2025, 7, 29, 19, 50, 2, 347079, tzinfo=datetime.timezone.utc), end_date=None, clear_number=0, run_type=<DagRunType.SCHEDULED: 'scheduled'>, conf={}, consumed_asset_events=[]),","chan":"stdout","logger":"task"}
{"timestamp":"2025-07-29T19:50:03.402541Z","level":"info","event":" 'data_interval_end': DateTime(2023, 6, 24, 4, 7, 0, tzinfo=Timezone('UTC')),","chan":"stdout","logger":"task"}
{"timestamp":"2025-07-29T19:50:03.402627Z","level":"info","event":" 'data_interval_start': DateTime(2023, 6, 24, 4, 7, 0, tzinfo=Timezone('UTC')),","chan":"stdout","logger":"task"}
{"timestamp":"2025-07-29T19:50:03.402677Z","level":"info","event":" 'ds': '2023-06-24',","chan":"stdout","logger":"task"}
{"timestamp":"2025-07-29T19:50:03.402722Z","level":"info","event":" 'ds_nodash': '20230624',","chan":"stdout","logger":"task"}
{"timestamp":"2025-07-29T19:50:03.402784Z","level":"info","event":" 'inlet_events': InletEventsAccessors(_inlets=[], _assets={}, _asset_aliases={}),","chan":"stdout","logger":"task"}
{"timestamp":"2025-07-29T19:50:03.402844Z","level":"info","event":" 'inlets': [],","chan":"stdout","logger":"task"}
{"timestamp":"2025-07-29T19:50:03.402908Z","level":"info","event":" 'logical_date': DateTime(2023, 6, 24, 4, 7, 0, tzinfo=Timezone('UTC')),","chan":"stdout","logger":"task"}
{"timestamp":"2025-07-29T19:50:03.402960Z","level":"info","event":" 'macros': <MacrosAccessor (dynamic access to macros)>,","chan":"stdout","logger":"task"}
{"timestamp":"2025-07-29T19:50:03.403004Z","level":"info","event":" 'map_index_template': None,","chan":"stdout","logger":"task"}
{"timestamp":"2025-07-29T19:50:03.403047Z","level":"info","event":" 'outlet_events': <airflow.sdk.execution_time.context.OutletEventAccessors object at 0x7fb66fe13650>,","chan":"stdout","logger":"task"}
{"timestamp":"2025-07-29T19:50:03.403089Z","level":"info","event":" 'outlets': [],","chan":"stdout","logger":"task"}
{"timestamp":"2025-07-29T19:50:03.403130Z","level":"info","event":" 'params': {},","chan":"stdout","logger":"task"}
{"timestamp":"2025-07-29T19:50:03.413712Z","level":"info","event":" 'prev_data_interval_end_success': <Proxy at 0x7fb66fdf0b00 with factory <function RuntimeTaskInstance.get_template_context.<locals>.<lambda> at 0x7fb6782840e0>>,","chan":"stdout","logger":"task"}
{"timestamp":"2025-07-29T19:50:03.413898Z","level":"info","event":" 'prev_data_interval_start_success': <Proxy at 0x7fb66fec80b0 with factory <function RuntimeTaskInstance.get_template_context.<locals>.<lambda> at 0x7fb678285800>>,","chan":"stdout","logger":"task"}
{"timestamp":"2025-07-29T19:50:03.413974Z","level":"info","event":" 'prev_end_date_success': <Proxy at 0x7fb677a9c380 with factory <function RuntimeTaskInstance.get_template_context.<locals>.<lambda> at 0x7fb6782858a0>>,","chan":"stdout","logger":"task"}
{"timestamp":"2025-07-29T19:50:03.414028Z","level":"info","event":" 'prev_start_date_success': <Proxy at 0x7fb67eb82720 with factory <function RuntimeTaskInstance.get_template_context.<locals>.<lambda> at 0x7fb6782845e0>>,","chan":"stdout","logger":"task"}
{"timestamp":"2025-07-29T19:50:03.414079Z","level":"info","event":" 'run_id': 'scheduled__2023-06-24T04:07:00+00:00',","chan":"stdout","logger":"task"}
{"timestamp":"2025-07-29T19:50:03.414126Z","level":"info","event":" 'task': <Task(PythonOperator): python>,","chan":"stdout","logger":"task"}
{"timestamp":"2025-07-29T19:50:03.414182Z","level":"info","event":" 'task_instance': RuntimeTaskInstance(id=UUID('019857bc-1b63-7d1e-9537-39c31dd517d5'), task_id='python', dag_id='python_operator_v1', run_id='scheduled__2023-06-24T04:07:00+00:00', try_number=1, map_index=-1, hostname='bf6f1e7a6f11', context_carrier={}, task=<Task(PythonOperator): python>, bundle_instance=LocalDagBundle(name=dags-folder), max_tries=0, start_date=datetime.datetime(2025, 7, 29, 19, 50, 2, 752429, tzinfo=datetime.timezone.utc), end_date=None, state=<TaskInstanceState.RUNNING: 'running'>, is_mapped=False, rendered_map_index=None, log_url='http://localhost:8080/dags/python_operator_v1/runs/scheduled__2023-06-24T04%3A07%3A00%2B00%3A00/tasks/python?try_number=1'),","chan":"stdout","logger":"task"}
{"timestamp":"2025-07-29T19:50:03.414234Z","level":"info","event":" 'task_instance_key_str': 'python_operator_v1__python__20230624',","chan":"stdout","logger":"task"}
{"timestamp":"2025-07-29T19:50:03.414277Z","level":"info","event":" 'task_reschedule_count': 0,","chan":"stdout","logger":"task"}
{"timestamp":"2025-07-29T19:50:03.414319Z","level":"info","event":" 'templates_dict': None,","chan":"stdout","logger":"task"}
{"timestamp":"2025-07-29T19:50:03.414363Z","level":"info","event":" 'ti': RuntimeTaskInstance(id=UUID('019857bc-1b63-7d1e-9537-39c31dd517d5'), task_id='python', dag_id='python_operator_v1', run_id='scheduled__2023-06-24T04:07:00+00:00', try_number=1, map_index=-1, hostname='bf6f1e7a6f11', context_carrier={}, task=<Task(PythonOperator): python>, bundle_instance=LocalDagBundle(name=dags-folder), max_tries=0, start_date=datetime.datetime(2025, 7, 29, 19, 50, 2, 752429, tzinfo=datetime.timezone.utc), end_date=None, state=<TaskInstanceState.RUNNING: 'running'>, is_mapped=False, rendered_map_index=None, log_url='http://localhost:8080/dags/python_operator_v1/runs/scheduled__2023-06-24T04%3A07%3A00%2B00%3A00/tasks/python?try_number=1'),","chan":"stdout","logger":"task"}
{"timestamp":"2025-07-29T19:50:03.414436Z","level":"info","event":" 'triggering_asset_events': TriggeringAssetEventsAccessor(_events=defaultdict(<class 'list'>, {})),","chan":"stdout","logger":"task"}
{"timestamp":"2025-07-29T19:50:03.414485Z","level":"info","event":" 'ts': '2023-06-24T04:07:00+00:00',","chan":"stdout","logger":"task"}
{"timestamp":"2025-07-29T19:50:03.414529Z","level":"info","event":" 'ts_nodash': '20230624T040700',","chan":"stdout","logger":"task"}
{"timestamp":"2025-07-29T19:50:03.414570Z","level":"info","event":" 'ts_nodash_with_tz': '20230624T040700+0000',","chan":"stdout","logger":"task"}
{"timestamp":"2025-07-29T19:50:03.414611Z","level":"info","event":" 'var': {'json': <VariableAccessor (dynamic access)>,","chan":"stdout","logger":"task"}
{"timestamp":"2025-07-29T19:50:03.414652Z","level":"info","event":"         'value': <VariableAccessor (dynamic access)>}}","chan":"stdout","logger":"task"}
{"timestamp":"2025-07-29T19:50:03.414416","level":"info","event":"Done. Returned value was: 123","logger":"airflow.task.operators.airflow.providers.standard.operators.python.PythonOperator"}
{"timestamp":"2025-07-29T19:50:03.414590","level":"info","event":"Pushing xcom","ti":"RuntimeTaskInstance(id=UUID('019857bc-1b63-7d1e-9537-39c31dd517d5'), task_id='python', dag_id='python_operator_v1', run_id='scheduled__2023-06-24T04:07:00+00:00', try_number=1, map_index=-1, hostname='bf6f1e7a6f11', context_carrier={}, task=<Task(PythonOperator): python>, bundle_instance=LocalDagBundle(name=dags-folder), max_tries=0, start_date=datetime.datetime(2025, 7, 29, 19, 50, 2, 752429, tzinfo=datetime.timezone.utc), end_date=None, state=<TaskInstanceState.RUNNING: 'running'>, is_mapped=False, rendered_map_index=None, log_url='http://localhost:8080/dags/python_operator_v1/runs/scheduled__2023-06-24T04%3A07%3A00%2B00%3A00/tasks/python?try_number=1')","logger":"task"}
{"timestamp":"2025-07-29T19:50:03.437630Z","level":"info","event":"Task instance in success state","chan":"stdout","logger":"task"}
{"timestamp":"2025-07-29T19:50:03.437946Z","level":"info","event":" Previous state of the Task instance: TaskInstanceState.RUNNING","chan":"stdout","logger":"task"}
{"timestamp":"2025-07-29T19:50:03.438147Z","level":"info","event":"Task operator:<Task(PythonOperator): python>","chan":"stdout","logger":"task"}
