{"timestamp":"2025-07-29T20:03:55.499612","level":"info","event":"DAG bundles loaded: dags-folder, example_dags","logger":"airflow.dag_processing.bundles.manager.DagBundlesManager"}
{"timestamp":"2025-07-29T20:03:55.500325","level":"info","event":"Filling up the DagBag from /opt/airflow/dags/3_dag_principal.py","logger":"airflow.models.dagbag.DagBag"}
{"timestamp":"2025-07-29T20:03:55.528417Z","level":"info","event":"Task instance is in running state","chan":"stdout","logger":"task"}
{"timestamp":"2025-07-29T20:03:55.528629Z","level":"info","event":" Previous state of the Task instance: TaskInstanceState.QUEUED","chan":"stdout","logger":"task"}
{"timestamp":"2025-07-29T20:03:55.529366Z","level":"info","event":"Current task name:python_principal","chan":"stdout","logger":"task"}
{"timestamp":"2025-07-29T20:03:55.529529Z","level":"info","event":"Dag name:3_DAG_principal","chan":"stdout","logger":"task"}
{"timestamp":"2025-07-29T20:03:55.531130Z","level":"info","event":"DAG principal","chan":"stdout","logger":"task"}
{"timestamp":"2025-07-29T20:03:55.532159Z","level":"info","event":"{'conn': <ConnectionAccessor (dynamic access)>,","chan":"stdout","logger":"task"}
{"timestamp":"2025-07-29T20:03:55.532438Z","level":"info","event":" 'dag': <DAG: 3_DAG_principal>,","chan":"stdout","logger":"task"}
{"timestamp":"2025-07-29T20:03:55.532652Z","level":"info","event":" 'dag_run': DagRun(dag_id='3_DAG_principal', run_id='scheduled__2024-04-08T20:00:00+00:00', logical_date=datetime.datetime(2024, 4, 8, 20, 0, tzinfo=datetime.timezone.utc), data_interval_start=datetime.datetime(2024, 4, 8, 20, 0, tzinfo=datetime.timezone.utc), data_interval_end=datetime.datetime(2024, 4, 8, 20, 0, tzinfo=datetime.timezone.utc), run_after=datetime.datetime(2024, 4, 8, 20, 0, tzinfo=datetime.timezone.utc), start_date=datetime.datetime(2025, 7, 29, 20, 3, 54, 388214, tzinfo=datetime.timezone.utc), end_date=None, clear_number=0, run_type=<DagRunType.SCHEDULED: 'scheduled'>, conf={}, consumed_asset_events=[]),","chan":"stdout","logger":"task"}
{"timestamp":"2025-07-29T20:03:55.532763Z","level":"info","event":" 'data_interval_end': DateTime(2024, 4, 8, 20, 0, 0, tzinfo=Timezone('UTC')),","chan":"stdout","logger":"task"}
{"timestamp":"2025-07-29T20:03:55.532846Z","level":"info","event":" 'data_interval_start': DateTime(2024, 4, 8, 20, 0, 0, tzinfo=Timezone('UTC')),","chan":"stdout","logger":"task"}
{"timestamp":"2025-07-29T20:03:55.532923Z","level":"info","event":" 'ds': '2024-04-08',","chan":"stdout","logger":"task"}
{"timestamp":"2025-07-29T20:03:55.533003Z","level":"info","event":" 'ds_nodash': '20240408',","chan":"stdout","logger":"task"}
{"timestamp":"2025-07-29T20:03:55.533077Z","level":"info","event":" 'inlet_events': InletEventsAccessors(_inlets=[], _assets={}, _asset_aliases={}),","chan":"stdout","logger":"task"}
{"timestamp":"2025-07-29T20:03:55.533150Z","level":"info","event":" 'inlets': [],","chan":"stdout","logger":"task"}
{"timestamp":"2025-07-29T20:03:55.533221Z","level":"info","event":" 'logical_date': DateTime(2024, 4, 8, 20, 0, 0, tzinfo=Timezone('UTC')),","chan":"stdout","logger":"task"}
{"timestamp":"2025-07-29T20:03:55.533415Z","level":"info","event":" 'macros': <MacrosAccessor (dynamic access to macros)>,","chan":"stdout","logger":"task"}
{"timestamp":"2025-07-29T20:03:55.533507Z","level":"info","event":" 'map_index_template': None,","chan":"stdout","logger":"task"}
{"timestamp":"2025-07-29T20:03:55.533584Z","level":"info","event":" 'outlet_events': <airflow.sdk.execution_time.context.OutletEventAccessors object at 0x7fb67ebbfa70>,","chan":"stdout","logger":"task"}
{"timestamp":"2025-07-29T20:03:55.533658Z","level":"info","event":" 'outlets': [],","chan":"stdout","logger":"task"}
{"timestamp":"2025-07-29T20:03:55.533731Z","level":"info","event":" 'params': {},","chan":"stdout","logger":"task"}
{"timestamp":"2025-07-29T20:03:55.557618Z","level":"info","event":" 'prev_data_interval_end_success': <Proxy at 0x7fb677987890 with factory <function RuntimeTaskInstance.get_template_context.<locals>.<lambda> at 0x7fb66fc45a80>>,","chan":"stdout","logger":"task"}
{"timestamp":"2025-07-29T20:03:55.557899Z","level":"info","event":" 'prev_data_interval_start_success': <Proxy at 0x7fb66fc1e540 with factory <function RuntimeTaskInstance.get_template_context.<locals>.<lambda> at 0x7fb66fc442c0>>,","chan":"stdout","logger":"task"}
{"timestamp":"2025-07-29T20:03:55.558042Z","level":"info","event":" 'prev_end_date_success': <Proxy at 0x7fb67ea173b0 with factory <function RuntimeTaskInstance.get_template_context.<locals>.<lambda> at 0x7fb66fc45b20>>,","chan":"stdout","logger":"task"}
{"timestamp":"2025-07-29T20:03:55.558127Z","level":"info","event":" 'prev_start_date_success': <Proxy at 0x7fb67c277980 with factory <function RuntimeTaskInstance.get_template_context.<locals>.<lambda> at 0x7fb66fc44860>>,","chan":"stdout","logger":"task"}
{"timestamp":"2025-07-29T20:03:55.558202Z","level":"info","event":" 'run_id': 'scheduled__2024-04-08T20:00:00+00:00',","chan":"stdout","logger":"task"}
{"timestamp":"2025-07-29T20:03:55.558275Z","level":"info","event":" 'task': <Task(PythonOperator): python_principal>,","chan":"stdout","logger":"task"}
{"timestamp":"2025-07-29T20:03:55.558351Z","level":"info","event":" 'task_instance': RuntimeTaskInstance(id=UUID('019857c8-cd7c-75cb-acb3-4e4a5bc7117f'), task_id='python_principal', dag_id='3_DAG_principal', run_id='scheduled__2024-04-08T20:00:00+00:00', try_number=1, map_index=-1, hostname='bf6f1e7a6f11', context_carrier={}, task=<Task(PythonOperator): python_principal>, bundle_instance=LocalDagBundle(name=dags-folder), max_tries=0, start_date=datetime.datetime(2025, 7, 29, 20, 3, 54, 866385, tzinfo=datetime.timezone.utc), end_date=None, state=<TaskInstanceState.RUNNING: 'running'>, is_mapped=False, rendered_map_index=None, log_url='http://localhost:8080/dags/3_DAG_principal/runs/scheduled__2024-04-08T20%3A00%3A00%2B00%3A00/tasks/python_principal?try_number=1'),","chan":"stdout","logger":"task"}
{"timestamp":"2025-07-29T20:03:55.558423Z","level":"info","event":" 'task_instance_key_str': '3_DAG_principal__python_principal__20240408',","chan":"stdout","logger":"task"}
{"timestamp":"2025-07-29T20:03:55.558492Z","level":"info","event":" 'task_reschedule_count': 0,","chan":"stdout","logger":"task"}
{"timestamp":"2025-07-29T20:03:55.558560Z","level":"info","event":" 'templates_dict': None,","chan":"stdout","logger":"task"}
{"timestamp":"2025-07-29T20:03:55.558627Z","level":"info","event":" 'ti': RuntimeTaskInstance(id=UUID('019857c8-cd7c-75cb-acb3-4e4a5bc7117f'), task_id='python_principal', dag_id='3_DAG_principal', run_id='scheduled__2024-04-08T20:00:00+00:00', try_number=1, map_index=-1, hostname='bf6f1e7a6f11', context_carrier={}, task=<Task(PythonOperator): python_principal>, bundle_instance=LocalDagBundle(name=dags-folder), max_tries=0, start_date=datetime.datetime(2025, 7, 29, 20, 3, 54, 866385, tzinfo=datetime.timezone.utc), end_date=None, state=<TaskInstanceState.RUNNING: 'running'>, is_mapped=False, rendered_map_index=None, log_url='http://localhost:8080/dags/3_DAG_principal/runs/scheduled__2024-04-08T20%3A00%3A00%2B00%3A00/tasks/python_principal?try_number=1'),","chan":"stdout","logger":"task"}
{"timestamp":"2025-07-29T20:03:55.558772Z","level":"info","event":" 'triggering_asset_events': TriggeringAssetEventsAccessor(_events=defaultdict(<class 'list'>, {})),","chan":"stdout","logger":"task"}
{"timestamp":"2025-07-29T20:03:55.558885Z","level":"info","event":" 'ts': '2024-04-08T20:00:00+00:00',","chan":"stdout","logger":"task"}
{"timestamp":"2025-07-29T20:03:55.558962Z","level":"info","event":" 'ts_nodash': '20240408T200000',","chan":"stdout","logger":"task"}
{"timestamp":"2025-07-29T20:03:55.559030Z","level":"info","event":" 'ts_nodash_with_tz': '20240408T200000+0000',","chan":"stdout","logger":"task"}
{"timestamp":"2025-07-29T20:03:55.559097Z","level":"info","event":" 'var': {'json': <VariableAccessor (dynamic access)>,","chan":"stdout","logger":"task"}
{"timestamp":"2025-07-29T20:03:55.559180Z","level":"info","event":"         'value': <VariableAccessor (dynamic access)>}}","chan":"stdout","logger":"task"}
{"timestamp":"2025-07-29T20:03:55.558134","level":"info","event":"Done. Returned value was: principal","logger":"airflow.task.operators.airflow.providers.standard.operators.python.PythonOperator"}
{"timestamp":"2025-07-29T20:03:55.558382","level":"info","event":"Pushing xcom","ti":"RuntimeTaskInstance(id=UUID('019857c8-cd7c-75cb-acb3-4e4a5bc7117f'), task_id='python_principal', dag_id='3_DAG_principal', run_id='scheduled__2024-04-08T20:00:00+00:00', try_number=1, map_index=-1, hostname='bf6f1e7a6f11', context_carrier={}, task=<Task(PythonOperator): python_principal>, bundle_instance=LocalDagBundle(name=dags-folder), max_tries=0, start_date=datetime.datetime(2025, 7, 29, 20, 3, 54, 866385, tzinfo=datetime.timezone.utc), end_date=None, state=<TaskInstanceState.RUNNING: 'running'>, is_mapped=False, rendered_map_index=None, log_url='http://localhost:8080/dags/3_DAG_principal/runs/scheduled__2024-04-08T20%3A00%3A00%2B00%3A00/tasks/python_principal?try_number=1')","logger":"task"}
{"timestamp":"2025-07-29T20:03:55.596890Z","level":"info","event":"Task instance in success state","chan":"stdout","logger":"task"}
{"timestamp":"2025-07-29T20:03:55.597076Z","level":"info","event":" Previous state of the Task instance: TaskInstanceState.RUNNING","chan":"stdout","logger":"task"}
{"timestamp":"2025-07-29T20:03:55.597253Z","level":"info","event":"Task operator:<Task(PythonOperator): python_principal>","chan":"stdout","logger":"task"}
