{"timestamp":"2025-07-29T19:34:42.418532","level":"info","event":"DAG bundles loaded: dags-folder, example_dags","logger":"airflow.dag_processing.bundles.manager.DagBundlesManager"}
{"timestamp":"2025-07-29T19:34:42.419149","level":"info","event":"Filling up the DagBag from /opt/airflow/dags/python_operator_v1.py","logger":"airflow.models.dagbag.DagBag"}
{"timestamp":"2025-07-29T19:34:42.449541Z","level":"info","event":"Task instance is in running state","chan":"stdout","logger":"task"}
{"timestamp":"2025-07-29T19:34:42.449737Z","level":"info","event":" Previous state of the Task instance: TaskInstanceState.QUEUED","chan":"stdout","logger":"task"}
{"timestamp":"2025-07-29T19:34:42.450361Z","level":"info","event":"Current task name:python","chan":"stdout","logger":"task"}
{"timestamp":"2025-07-29T19:34:42.450498Z","level":"info","event":"Dag name:python_operator_v1","chan":"stdout","logger":"task"}
{"timestamp":"2025-07-29T19:34:42.451714Z","level":"info","event":"poliana","chan":"stdout","logger":"task"}
{"timestamp":"2025-07-29T19:34:42.452454Z","level":"info","event":"{'conn': <ConnectionAccessor (dynamic access)>,","chan":"stdout","logger":"task"}
{"timestamp":"2025-07-29T19:34:42.452626Z","level":"info","event":" 'dag': <DAG: python_operator_v1>,","chan":"stdout","logger":"task"}
{"timestamp":"2025-07-29T19:34:42.452800Z","level":"info","event":" 'dag_run': DagRun(dag_id='python_operator_v1', run_id='scheduled__2023-06-23T11:25:00+00:00', logical_date=datetime.datetime(2023, 6, 23, 11, 25, tzinfo=datetime.timezone.utc), data_interval_start=datetime.datetime(2023, 6, 23, 11, 25, tzinfo=datetime.timezone.utc), data_interval_end=datetime.datetime(2023, 6, 23, 11, 25, tzinfo=datetime.timezone.utc), run_after=datetime.datetime(2023, 6, 23, 11, 25, tzinfo=datetime.timezone.utc), start_date=datetime.datetime(2025, 7, 29, 19, 34, 41, 450617, tzinfo=datetime.timezone.utc), end_date=None, clear_number=0, run_type=<DagRunType.SCHEDULED: 'scheduled'>, conf={}, consumed_asset_events=[]),","chan":"stdout","logger":"task"}
{"timestamp":"2025-07-29T19:34:42.452920Z","level":"info","event":" 'data_interval_end': DateTime(2023, 6, 23, 11, 25, 0, tzinfo=Timezone('UTC')),","chan":"stdout","logger":"task"}
{"timestamp":"2025-07-29T19:34:42.453003Z","level":"info","event":" 'data_interval_start': DateTime(2023, 6, 23, 11, 25, 0, tzinfo=Timezone('UTC')),","chan":"stdout","logger":"task"}
{"timestamp":"2025-07-29T19:34:42.453084Z","level":"info","event":" 'ds': '2023-06-23',","chan":"stdout","logger":"task"}
{"timestamp":"2025-07-29T19:34:42.453184Z","level":"info","event":" 'ds_nodash': '20230623',","chan":"stdout","logger":"task"}
{"timestamp":"2025-07-29T19:34:42.453257Z","level":"info","event":" 'inlet_events': InletEventsAccessors(_inlets=[], _assets={}, _asset_aliases={}),","chan":"stdout","logger":"task"}
{"timestamp":"2025-07-29T19:34:42.453324Z","level":"info","event":" 'inlets': [],","chan":"stdout","logger":"task"}
{"timestamp":"2025-07-29T19:34:42.453395Z","level":"info","event":" 'logical_date': DateTime(2023, 6, 23, 11, 25, 0, tzinfo=Timezone('UTC')),","chan":"stdout","logger":"task"}
{"timestamp":"2025-07-29T19:34:42.453460Z","level":"info","event":" 'macros': <MacrosAccessor (dynamic access to macros)>,","chan":"stdout","logger":"task"}
{"timestamp":"2025-07-29T19:34:42.453524Z","level":"info","event":" 'map_index_template': None,","chan":"stdout","logger":"task"}
{"timestamp":"2025-07-29T19:34:42.453589Z","level":"info","event":" 'outlet_events': <airflow.sdk.execution_time.context.OutletEventAccessors object at 0x7fb66fd7b830>,","chan":"stdout","logger":"task"}
{"timestamp":"2025-07-29T19:34:42.453653Z","level":"info","event":" 'outlets': [],","chan":"stdout","logger":"task"}
{"timestamp":"2025-07-29T19:34:42.453722Z","level":"info","event":" 'params': {},","chan":"stdout","logger":"task"}
{"timestamp":"2025-07-29T19:34:42.467491Z","level":"info","event":" 'prev_data_interval_end_success': <Proxy at 0x7fb66fc4aed0 with factory <function RuntimeTaskInstance.get_template_context.<locals>.<lambda> at 0x7fb66fc74540>>,","chan":"stdout","logger":"task"}
{"timestamp":"2025-07-29T19:34:42.467811Z","level":"info","event":" 'prev_data_interval_start_success': <Proxy at 0x7fb66fc4aea0 with factory <function RuntimeTaskInstance.get_template_context.<locals>.<lambda> at 0x7fb66fc67380>>,","chan":"stdout","logger":"task"}
{"timestamp":"2025-07-29T19:34:42.467887Z","level":"info","event":" 'prev_end_date_success': <Proxy at 0x7fb66fc49ac0 with factory <function RuntimeTaskInstance.get_template_context.<locals>.<lambda> at 0x7fb66fc66d40>>,","chan":"stdout","logger":"task"}
{"timestamp":"2025-07-29T19:34:42.467937Z","level":"info","event":" 'prev_start_date_success': <Proxy at 0x7fb66fc499d0 with factory <function RuntimeTaskInstance.get_template_context.<locals>.<lambda> at 0x7fb66fc67240>>,","chan":"stdout","logger":"task"}
{"timestamp":"2025-07-29T19:34:42.467982Z","level":"info","event":" 'run_id': 'scheduled__2023-06-23T11:25:00+00:00',","chan":"stdout","logger":"task"}
{"timestamp":"2025-07-29T19:34:42.468027Z","level":"info","event":" 'task': <Task(PythonOperator): python>,","chan":"stdout","logger":"task"}
{"timestamp":"2025-07-29T19:34:42.468090Z","level":"info","event":" 'task_instance': RuntimeTaskInstance(id=UUID('019857ae-0e24-7a1f-8f51-af39bacfd274'), task_id='python', dag_id='python_operator_v1', run_id='scheduled__2023-06-23T11:25:00+00:00', try_number=1, map_index=-1, hostname='bf6f1e7a6f11', context_carrier={}, task=<Task(PythonOperator): python>, bundle_instance=LocalDagBundle(name=dags-folder), max_tries=0, start_date=datetime.datetime(2025, 7, 29, 19, 34, 41, 760246, tzinfo=datetime.timezone.utc), end_date=None, state=<TaskInstanceState.RUNNING: 'running'>, is_mapped=False, rendered_map_index=None, log_url='http://localhost:8080/dags/python_operator_v1/runs/scheduled__2023-06-23T11%3A25%3A00%2B00%3A00/tasks/python?try_number=1'),","chan":"stdout","logger":"task"}
{"timestamp":"2025-07-29T19:34:42.468199Z","level":"info","event":" 'task_instance_key_str': 'python_operator_v1__python__20230623',","chan":"stdout","logger":"task"}
{"timestamp":"2025-07-29T19:34:42.468276Z","level":"info","event":" 'task_reschedule_count': 0,","chan":"stdout","logger":"task"}
{"timestamp":"2025-07-29T19:34:42.468352Z","level":"info","event":" 'templates_dict': None,","chan":"stdout","logger":"task"}
{"timestamp":"2025-07-29T19:34:42.468421Z","level":"info","event":" 'ti': RuntimeTaskInstance(id=UUID('019857ae-0e24-7a1f-8f51-af39bacfd274'), task_id='python', dag_id='python_operator_v1', run_id='scheduled__2023-06-23T11:25:00+00:00', try_number=1, map_index=-1, hostname='bf6f1e7a6f11', context_carrier={}, task=<Task(PythonOperator): python>, bundle_instance=LocalDagBundle(name=dags-folder), max_tries=0, start_date=datetime.datetime(2025, 7, 29, 19, 34, 41, 760246, tzinfo=datetime.timezone.utc), end_date=None, state=<TaskInstanceState.RUNNING: 'running'>, is_mapped=False, rendered_map_index=None, log_url='http://localhost:8080/dags/python_operator_v1/runs/scheduled__2023-06-23T11%3A25%3A00%2B00%3A00/tasks/python?try_number=1'),","chan":"stdout","logger":"task"}
{"timestamp":"2025-07-29T19:34:42.468499Z","level":"info","event":" 'triggering_asset_events': TriggeringAssetEventsAccessor(_events=defaultdict(<class 'list'>, {})),","chan":"stdout","logger":"task"}
{"timestamp":"2025-07-29T19:34:42.468573Z","level":"info","event":" 'ts': '2023-06-23T11:25:00+00:00',","chan":"stdout","logger":"task"}
{"timestamp":"2025-07-29T19:34:42.468701Z","level":"info","event":" 'ts_nodash': '20230623T112500',","chan":"stdout","logger":"task"}
{"timestamp":"2025-07-29T19:34:42.468780Z","level":"info","event":" 'ts_nodash_with_tz': '20230623T112500+0000',","chan":"stdout","logger":"task"}
{"timestamp":"2025-07-29T19:34:42.468850Z","level":"info","event":" 'var': {'json': <VariableAccessor (dynamic access)>,","chan":"stdout","logger":"task"}
{"timestamp":"2025-07-29T19:34:42.468919Z","level":"info","event":"         'value': <VariableAccessor (dynamic access)>}}","chan":"stdout","logger":"task"}
{"timestamp":"2025-07-29T19:34:42.468634","level":"info","event":"Done. Returned value was: 123","logger":"airflow.task.operators.airflow.providers.standard.operators.python.PythonOperator"}
{"timestamp":"2025-07-29T19:34:42.469016","level":"info","event":"Pushing xcom","ti":"RuntimeTaskInstance(id=UUID('019857ae-0e24-7a1f-8f51-af39bacfd274'), task_id='python', dag_id='python_operator_v1', run_id='scheduled__2023-06-23T11:25:00+00:00', try_number=1, map_index=-1, hostname='bf6f1e7a6f11', context_carrier={}, task=<Task(PythonOperator): python>, bundle_instance=LocalDagBundle(name=dags-folder), max_tries=0, start_date=datetime.datetime(2025, 7, 29, 19, 34, 41, 760246, tzinfo=datetime.timezone.utc), end_date=None, state=<TaskInstanceState.RUNNING: 'running'>, is_mapped=False, rendered_map_index=None, log_url='http://localhost:8080/dags/python_operator_v1/runs/scheduled__2023-06-23T11%3A25%3A00%2B00%3A00/tasks/python?try_number=1')","logger":"task"}
{"timestamp":"2025-07-29T19:34:42.506870Z","level":"info","event":"Task instance in success state","chan":"stdout","logger":"task"}
{"timestamp":"2025-07-29T19:34:42.507150Z","level":"info","event":" Previous state of the Task instance: TaskInstanceState.RUNNING","chan":"stdout","logger":"task"}
{"timestamp":"2025-07-29T19:34:42.507416Z","level":"info","event":"Task operator:<Task(PythonOperator): python>","chan":"stdout","logger":"task"}
