{"timestamp":"2025-07-29T19:25:36.446578","level":"info","event":"DAG bundles loaded: dags-folder, example_dags","logger":"airflow.dag_processing.bundles.manager.DagBundlesManager"}
{"timestamp":"2025-07-29T19:25:36.447466","level":"info","event":"Filling up the DagBag from /opt/airflow/dags/python_operator_v1.py","logger":"airflow.models.dagbag.DagBag"}
{"timestamp":"2025-07-29T19:25:36.489140Z","level":"info","event":"Task instance is in running state","chan":"stdout","logger":"task"}
{"timestamp":"2025-07-29T19:25:36.489541Z","level":"info","event":" Previous state of the Task instance: TaskInstanceState.QUEUED","chan":"stdout","logger":"task"}
{"timestamp":"2025-07-29T19:25:36.490415Z","level":"info","event":"Current task name:python","chan":"stdout","logger":"task"}
{"timestamp":"2025-07-29T19:25:36.490635Z","level":"info","event":"Dag name:python_operator_v1","chan":"stdout","logger":"task"}
{"timestamp":"2025-07-29T19:25:36.491840Z","level":"info","event":"poliana","chan":"stdout","logger":"task"}
{"timestamp":"2025-07-29T19:25:36.492547Z","level":"info","event":"{'conn': <ConnectionAccessor (dynamic access)>,","chan":"stdout","logger":"task"}
{"timestamp":"2025-07-29T19:25:36.492677Z","level":"info","event":" 'dag': <DAG: python_operator_v1>,","chan":"stdout","logger":"task"}
{"timestamp":"2025-07-29T19:25:36.492843Z","level":"info","event":" 'dag_run': DagRun(dag_id='python_operator_v1', run_id='scheduled__2023-06-23T01:32:00+00:00', logical_date=datetime.datetime(2023, 6, 23, 1, 32, tzinfo=datetime.timezone.utc), data_interval_start=datetime.datetime(2023, 6, 23, 1, 32, tzinfo=datetime.timezone.utc), data_interval_end=datetime.datetime(2023, 6, 23, 1, 32, tzinfo=datetime.timezone.utc), run_after=datetime.datetime(2023, 6, 23, 1, 32, tzinfo=datetime.timezone.utc), start_date=datetime.datetime(2025, 7, 29, 19, 25, 35, 409511, tzinfo=datetime.timezone.utc), end_date=None, clear_number=0, run_type=<DagRunType.SCHEDULED: 'scheduled'>, conf={}, consumed_asset_events=[]),","chan":"stdout","logger":"task"}
{"timestamp":"2025-07-29T19:25:36.492936Z","level":"info","event":" 'data_interval_end': DateTime(2023, 6, 23, 1, 32, 0, tzinfo=Timezone('UTC')),","chan":"stdout","logger":"task"}
{"timestamp":"2025-07-29T19:25:36.493012Z","level":"info","event":" 'data_interval_start': DateTime(2023, 6, 23, 1, 32, 0, tzinfo=Timezone('UTC')),","chan":"stdout","logger":"task"}
{"timestamp":"2025-07-29T19:25:36.493085Z","level":"info","event":" 'ds': '2023-06-23',","chan":"stdout","logger":"task"}
{"timestamp":"2025-07-29T19:25:36.493167Z","level":"info","event":" 'ds_nodash': '20230623',","chan":"stdout","logger":"task"}
{"timestamp":"2025-07-29T19:25:36.493242Z","level":"info","event":" 'inlet_events': InletEventsAccessors(_inlets=[], _assets={}, _asset_aliases={}),","chan":"stdout","logger":"task"}
{"timestamp":"2025-07-29T19:25:36.493317Z","level":"info","event":" 'inlets': [],","chan":"stdout","logger":"task"}
{"timestamp":"2025-07-29T19:25:36.493392Z","level":"info","event":" 'logical_date': DateTime(2023, 6, 23, 1, 32, 0, tzinfo=Timezone('UTC')),","chan":"stdout","logger":"task"}
{"timestamp":"2025-07-29T19:25:36.493464Z","level":"info","event":" 'macros': <MacrosAccessor (dynamic access to macros)>,","chan":"stdout","logger":"task"}
{"timestamp":"2025-07-29T19:25:36.493535Z","level":"info","event":" 'map_index_template': None,","chan":"stdout","logger":"task"}
{"timestamp":"2025-07-29T19:25:36.493607Z","level":"info","event":" 'outlet_events': <airflow.sdk.execution_time.context.OutletEventAccessors object at 0x7fb66fc16360>,","chan":"stdout","logger":"task"}
{"timestamp":"2025-07-29T19:25:36.493677Z","level":"info","event":" 'outlets': [],","chan":"stdout","logger":"task"}
{"timestamp":"2025-07-29T19:25:36.493751Z","level":"info","event":" 'params': {},","chan":"stdout","logger":"task"}
{"timestamp":"2025-07-29T19:25:36.507558Z","level":"info","event":" 'prev_data_interval_end_success': <Proxy at 0x7fb66fc794f0 with factory <function RuntimeTaskInstance.get_template_context.<locals>.<lambda> at 0x7fb67e30c4a0>>,","chan":"stdout","logger":"task"}
{"timestamp":"2025-07-29T19:25:36.507910Z","level":"info","event":" 'prev_data_interval_start_success': <Proxy at 0x7fb66fc792b0 with factory <function RuntimeTaskInstance.get_template_context.<locals>.<lambda> at 0x7fb67e30dbc0>>,","chan":"stdout","logger":"task"}
{"timestamp":"2025-07-29T19:25:36.508056Z","level":"info","event":" 'prev_end_date_success': <Proxy at 0x7fb66fc79820 with factory <function RuntimeTaskInstance.get_template_context.<locals>.<lambda> at 0x7fb67e30dc60>>,","chan":"stdout","logger":"task"}
{"timestamp":"2025-07-29T19:25:36.508192Z","level":"info","event":" 'prev_start_date_success': <Proxy at 0x7fb66fc797c0 with factory <function RuntimeTaskInstance.get_template_context.<locals>.<lambda> at 0x7fb67e30c9a0>>,","chan":"stdout","logger":"task"}
{"timestamp":"2025-07-29T19:25:36.508276Z","level":"info","event":" 'run_id': 'scheduled__2023-06-23T01:32:00+00:00',","chan":"stdout","logger":"task"}
{"timestamp":"2025-07-29T19:25:36.508352Z","level":"info","event":" 'task': <Task(PythonOperator): python>,","chan":"stdout","logger":"task"}
{"timestamp":"2025-07-29T19:25:36.508429Z","level":"info","event":" 'task_instance': RuntimeTaskInstance(id=UUID('019857a5-b929-7c8e-a819-c2543c13663f'), task_id='python', dag_id='python_operator_v1', run_id='scheduled__2023-06-23T01:32:00+00:00', try_number=1, map_index=-1, hostname='bf6f1e7a6f11', context_carrier={}, task=<Task(PythonOperator): python>, bundle_instance=LocalDagBundle(name=dags-folder), max_tries=0, start_date=datetime.datetime(2025, 7, 29, 19, 25, 35, 763897, tzinfo=datetime.timezone.utc), end_date=None, state=<TaskInstanceState.RUNNING: 'running'>, is_mapped=False, rendered_map_index=None, log_url='http://localhost:8080/dags/python_operator_v1/runs/scheduled__2023-06-23T01%3A32%3A00%2B00%3A00/tasks/python?try_number=1'),","chan":"stdout","logger":"task"}
{"timestamp":"2025-07-29T19:25:36.508510Z","level":"info","event":" 'task_instance_key_str': 'python_operator_v1__python__20230623',","chan":"stdout","logger":"task"}
{"timestamp":"2025-07-29T19:25:36.508585Z","level":"info","event":" 'task_reschedule_count': 0,","chan":"stdout","logger":"task"}
{"timestamp":"2025-07-29T19:25:36.508663Z","level":"info","event":" 'templates_dict': None,","chan":"stdout","logger":"task"}
{"timestamp":"2025-07-29T19:25:36.508741Z","level":"info","event":" 'ti': RuntimeTaskInstance(id=UUID('019857a5-b929-7c8e-a819-c2543c13663f'), task_id='python', dag_id='python_operator_v1', run_id='scheduled__2023-06-23T01:32:00+00:00', try_number=1, map_index=-1, hostname='bf6f1e7a6f11', context_carrier={}, task=<Task(PythonOperator): python>, bundle_instance=LocalDagBundle(name=dags-folder), max_tries=0, start_date=datetime.datetime(2025, 7, 29, 19, 25, 35, 763897, tzinfo=datetime.timezone.utc), end_date=None, state=<TaskInstanceState.RUNNING: 'running'>, is_mapped=False, rendered_map_index=None, log_url='http://localhost:8080/dags/python_operator_v1/runs/scheduled__2023-06-23T01%3A32%3A00%2B00%3A00/tasks/python?try_number=1'),","chan":"stdout","logger":"task"}
{"timestamp":"2025-07-29T19:25:36.508827Z","level":"info","event":" 'triggering_asset_events': TriggeringAssetEventsAccessor(_events=defaultdict(<class 'list'>, {})),","chan":"stdout","logger":"task"}
{"timestamp":"2025-07-29T19:25:36.508902Z","level":"info","event":" 'ts': '2023-06-23T01:32:00+00:00',","chan":"stdout","logger":"task"}
{"timestamp":"2025-07-29T19:25:36.508972Z","level":"info","event":" 'ts_nodash': '20230623T013200',","chan":"stdout","logger":"task"}
{"timestamp":"2025-07-29T19:25:36.509044Z","level":"info","event":" 'ts_nodash_with_tz': '20230623T013200+0000',","chan":"stdout","logger":"task"}
{"timestamp":"2025-07-29T19:25:36.509201Z","level":"info","event":" 'var': {'json': <VariableAccessor (dynamic access)>,","chan":"stdout","logger":"task"}
{"timestamp":"2025-07-29T19:25:36.509307Z","level":"info","event":"         'value': <VariableAccessor (dynamic access)>}}","chan":"stdout","logger":"task"}
{"timestamp":"2025-07-29T19:25:36.508820","level":"info","event":"Done. Returned value was: 123","logger":"airflow.task.operators.airflow.providers.standard.operators.python.PythonOperator"}
{"timestamp":"2025-07-29T19:25:36.509187","level":"info","event":"Pushing xcom","ti":"RuntimeTaskInstance(id=UUID('019857a5-b929-7c8e-a819-c2543c13663f'), task_id='python', dag_id='python_operator_v1', run_id='scheduled__2023-06-23T01:32:00+00:00', try_number=1, map_index=-1, hostname='bf6f1e7a6f11', context_carrier={}, task=<Task(PythonOperator): python>, bundle_instance=LocalDagBundle(name=dags-folder), max_tries=0, start_date=datetime.datetime(2025, 7, 29, 19, 25, 35, 763897, tzinfo=datetime.timezone.utc), end_date=None, state=<TaskInstanceState.RUNNING: 'running'>, is_mapped=False, rendered_map_index=None, log_url='http://localhost:8080/dags/python_operator_v1/runs/scheduled__2023-06-23T01%3A32%3A00%2B00%3A00/tasks/python?try_number=1')","logger":"task"}
{"timestamp":"2025-07-29T19:25:36.545435Z","level":"info","event":"Task instance in success state","chan":"stdout","logger":"task"}
{"timestamp":"2025-07-29T19:25:36.545629Z","level":"info","event":" Previous state of the Task instance: TaskInstanceState.RUNNING","chan":"stdout","logger":"task"}
{"timestamp":"2025-07-29T19:25:36.545753Z","level":"info","event":"Task operator:<Task(PythonOperator): python>","chan":"stdout","logger":"task"}
