{"timestamp":"2025-07-29T20:02:29.111223","level":"info","event":"DAG bundles loaded: dags-folder, example_dags","logger":"airflow.dag_processing.bundles.manager.DagBundlesManager"}
{"timestamp":"2025-07-29T20:02:29.112071","level":"info","event":"Filling up the DagBag from /opt/airflow/dags/3_dag_principal.py","logger":"airflow.models.dagbag.DagBag"}
{"timestamp":"2025-07-29T20:02:29.162366Z","level":"info","event":"Task instance is in running state","chan":"stdout","logger":"task"}
{"timestamp":"2025-07-29T20:02:29.162638Z","level":"info","event":" Previous state of the Task instance: TaskInstanceState.QUEUED","chan":"stdout","logger":"task"}
{"timestamp":"2025-07-29T20:02:29.163316Z","level":"info","event":"Current task name:python_principal","chan":"stdout","logger":"task"}
{"timestamp":"2025-07-29T20:02:29.163432Z","level":"info","event":"Dag name:3_DAG_principal","chan":"stdout","logger":"task"}
{"timestamp":"2025-07-29T20:02:29.164760Z","level":"info","event":"DAG principal","chan":"stdout","logger":"task"}
{"timestamp":"2025-07-29T20:02:29.165691Z","level":"info","event":"{'conn': <ConnectionAccessor (dynamic access)>,","chan":"stdout","logger":"task"}
{"timestamp":"2025-07-29T20:02:29.165872Z","level":"info","event":" 'dag': <DAG: 3_DAG_principal>,","chan":"stdout","logger":"task"}
{"timestamp":"2025-07-29T20:02:29.166158Z","level":"info","event":" 'dag_run': DagRun(dag_id='3_DAG_principal', run_id='scheduled__2024-01-14T20:00:00+00:00', logical_date=datetime.datetime(2024, 1, 14, 20, 0, tzinfo=datetime.timezone.utc), data_interval_start=datetime.datetime(2024, 1, 14, 20, 0, tzinfo=datetime.timezone.utc), data_interval_end=datetime.datetime(2024, 1, 14, 20, 0, tzinfo=datetime.timezone.utc), run_after=datetime.datetime(2024, 1, 14, 20, 0, tzinfo=datetime.timezone.utc), start_date=datetime.datetime(2025, 7, 29, 20, 2, 28, 64993, tzinfo=datetime.timezone.utc), end_date=None, clear_number=0, run_type=<DagRunType.SCHEDULED: 'scheduled'>, conf={}, consumed_asset_events=[]),","chan":"stdout","logger":"task"}
{"timestamp":"2025-07-29T20:02:29.166283Z","level":"info","event":" 'data_interval_end': DateTime(2024, 1, 14, 20, 0, 0, tzinfo=Timezone('UTC')),","chan":"stdout","logger":"task"}
{"timestamp":"2025-07-29T20:02:29.166369Z","level":"info","event":" 'data_interval_start': DateTime(2024, 1, 14, 20, 0, 0, tzinfo=Timezone('UTC')),","chan":"stdout","logger":"task"}
{"timestamp":"2025-07-29T20:02:29.166440Z","level":"info","event":" 'ds': '2024-01-14',","chan":"stdout","logger":"task"}
{"timestamp":"2025-07-29T20:02:29.166512Z","level":"info","event":" 'ds_nodash': '20240114',","chan":"stdout","logger":"task"}
{"timestamp":"2025-07-29T20:02:29.166581Z","level":"info","event":" 'inlet_events': InletEventsAccessors(_inlets=[], _assets={}, _asset_aliases={}),","chan":"stdout","logger":"task"}
{"timestamp":"2025-07-29T20:02:29.166656Z","level":"info","event":" 'inlets': [],","chan":"stdout","logger":"task"}
{"timestamp":"2025-07-29T20:02:29.166722Z","level":"info","event":" 'logical_date': DateTime(2024, 1, 14, 20, 0, 0, tzinfo=Timezone('UTC')),","chan":"stdout","logger":"task"}
{"timestamp":"2025-07-29T20:02:29.166783Z","level":"info","event":" 'macros': <MacrosAccessor (dynamic access to macros)>,","chan":"stdout","logger":"task"}
{"timestamp":"2025-07-29T20:02:29.166853Z","level":"info","event":" 'map_index_template': None,","chan":"stdout","logger":"task"}
{"timestamp":"2025-07-29T20:02:29.166961Z","level":"info","event":" 'outlet_events': <airflow.sdk.execution_time.context.OutletEventAccessors object at 0x7fb67c5aff20>,","chan":"stdout","logger":"task"}
{"timestamp":"2025-07-29T20:02:29.167159Z","level":"info","event":" 'outlets': [],","chan":"stdout","logger":"task"}
{"timestamp":"2025-07-29T20:02:29.167469Z","level":"info","event":" 'params': {},","chan":"stdout","logger":"task"}
{"timestamp":"2025-07-29T20:02:29.180228Z","level":"info","event":" 'prev_data_interval_end_success': <Proxy at 0x7fb66fc8f800 with factory <function RuntimeTaskInstance.get_template_context.<locals>.<lambda> at 0x7fb66fcba660>>,","chan":"stdout","logger":"task"}
{"timestamp":"2025-07-29T20:02:29.180671Z","level":"info","event":" 'prev_data_interval_start_success': <Proxy at 0x7fb66fc8f980 with factory <function RuntimeTaskInstance.get_template_context.<locals>.<lambda> at 0x7fb66fcb8ea0>>,","chan":"stdout","logger":"task"}
{"timestamp":"2025-07-29T20:02:29.180856Z","level":"info","event":" 'prev_end_date_success': <Proxy at 0x7fb67ebefe30 with factory <function RuntimeTaskInstance.get_template_context.<locals>.<lambda> at 0x7fb66fcba700>>,","chan":"stdout","logger":"task"}
{"timestamp":"2025-07-29T20:02:29.180963Z","level":"info","event":" 'prev_start_date_success': <Proxy at 0x7fb66fd37050 with factory <function RuntimeTaskInstance.get_template_context.<locals>.<lambda> at 0x7fb66fcb9440>>,","chan":"stdout","logger":"task"}
{"timestamp":"2025-07-29T20:02:29.181057Z","level":"info","event":" 'run_id': 'scheduled__2024-01-14T20:00:00+00:00',","chan":"stdout","logger":"task"}
{"timestamp":"2025-07-29T20:02:29.181138Z","level":"info","event":" 'task': <Task(PythonOperator): python_principal>,","chan":"stdout","logger":"task"}
{"timestamp":"2025-07-29T20:02:29.181244Z","level":"info","event":" 'task_instance': RuntimeTaskInstance(id=UUID('019857c7-7c53-7bf9-b4b8-9d49080d5809'), task_id='python_principal', dag_id='3_DAG_principal', run_id='scheduled__2024-01-14T20:00:00+00:00', try_number=1, map_index=-1, hostname='bf6f1e7a6f11', context_carrier={}, task=<Task(PythonOperator): python_principal>, bundle_instance=LocalDagBundle(name=dags-folder), max_tries=0, start_date=datetime.datetime(2025, 7, 29, 20, 2, 28, 430154, tzinfo=datetime.timezone.utc), end_date=None, state=<TaskInstanceState.RUNNING: 'running'>, is_mapped=False, rendered_map_index=None, log_url='http://localhost:8080/dags/3_DAG_principal/runs/scheduled__2024-01-14T20%3A00%3A00%2B00%3A00/tasks/python_principal?try_number=1'),","chan":"stdout","logger":"task"}
{"timestamp":"2025-07-29T20:02:29.181335Z","level":"info","event":" 'task_instance_key_str': '3_DAG_principal__python_principal__20240114',","chan":"stdout","logger":"task"}
{"timestamp":"2025-07-29T20:02:29.181409Z","level":"info","event":" 'task_reschedule_count': 0,","chan":"stdout","logger":"task"}
{"timestamp":"2025-07-29T20:02:29.181494Z","level":"info","event":" 'templates_dict': None,","chan":"stdout","logger":"task"}
{"timestamp":"2025-07-29T20:02:29.181577Z","level":"info","event":" 'ti': RuntimeTaskInstance(id=UUID('019857c7-7c53-7bf9-b4b8-9d49080d5809'), task_id='python_principal', dag_id='3_DAG_principal', run_id='scheduled__2024-01-14T20:00:00+00:00', try_number=1, map_index=-1, hostname='bf6f1e7a6f11', context_carrier={}, task=<Task(PythonOperator): python_principal>, bundle_instance=LocalDagBundle(name=dags-folder), max_tries=0, start_date=datetime.datetime(2025, 7, 29, 20, 2, 28, 430154, tzinfo=datetime.timezone.utc), end_date=None, state=<TaskInstanceState.RUNNING: 'running'>, is_mapped=False, rendered_map_index=None, log_url='http://localhost:8080/dags/3_DAG_principal/runs/scheduled__2024-01-14T20%3A00%3A00%2B00%3A00/tasks/python_principal?try_number=1'),","chan":"stdout","logger":"task"}
{"timestamp":"2025-07-29T20:02:29.181776Z","level":"info","event":" 'triggering_asset_events': TriggeringAssetEventsAccessor(_events=defaultdict(<class 'list'>, {})),","chan":"stdout","logger":"task"}
{"timestamp":"2025-07-29T20:02:29.181899Z","level":"info","event":" 'ts': '2024-01-14T20:00:00+00:00',","chan":"stdout","logger":"task"}
{"timestamp":"2025-07-29T20:02:29.182075Z","level":"info","event":" 'ts_nodash': '20240114T200000',","chan":"stdout","logger":"task"}
{"timestamp":"2025-07-29T20:02:29.182145Z","level":"info","event":" 'ts_nodash_with_tz': '20240114T200000+0000',","chan":"stdout","logger":"task"}
{"timestamp":"2025-07-29T20:02:29.182210Z","level":"info","event":" 'var': {'json': <VariableAccessor (dynamic access)>,","chan":"stdout","logger":"task"}
{"timestamp":"2025-07-29T20:02:29.182273Z","level":"info","event":"         'value': <VariableAccessor (dynamic access)>}}","chan":"stdout","logger":"task"}
{"timestamp":"2025-07-29T20:02:29.180932","level":"info","event":"Done. Returned value was: principal","logger":"airflow.task.operators.airflow.providers.standard.operators.python.PythonOperator"}
{"timestamp":"2025-07-29T20:02:29.181246","level":"info","event":"Pushing xcom","ti":"RuntimeTaskInstance(id=UUID('019857c7-7c53-7bf9-b4b8-9d49080d5809'), task_id='python_principal', dag_id='3_DAG_principal', run_id='scheduled__2024-01-14T20:00:00+00:00', try_number=1, map_index=-1, hostname='bf6f1e7a6f11', context_carrier={}, task=<Task(PythonOperator): python_principal>, bundle_instance=LocalDagBundle(name=dags-folder), max_tries=0, start_date=datetime.datetime(2025, 7, 29, 20, 2, 28, 430154, tzinfo=datetime.timezone.utc), end_date=None, state=<TaskInstanceState.RUNNING: 'running'>, is_mapped=False, rendered_map_index=None, log_url='http://localhost:8080/dags/3_DAG_principal/runs/scheduled__2024-01-14T20%3A00%3A00%2B00%3A00/tasks/python_principal?try_number=1')","logger":"task"}
{"timestamp":"2025-07-29T20:02:29.220544Z","level":"info","event":"Task instance in success state","chan":"stdout","logger":"task"}
{"timestamp":"2025-07-29T20:02:29.220927Z","level":"info","event":" Previous state of the Task instance: TaskInstanceState.RUNNING","chan":"stdout","logger":"task"}
{"timestamp":"2025-07-29T20:02:29.221165Z","level":"info","event":"Task operator:<Task(PythonOperator): python_principal>","chan":"stdout","logger":"task"}
