{"timestamp":"2025-07-29T19:51:23.022770","level":"info","event":"DAG bundles loaded: dags-folder, example_dags","logger":"airflow.dag_processing.bundles.manager.DagBundlesManager"}
{"timestamp":"2025-07-29T19:51:23.024505","level":"info","event":"Filling up the DagBag from /opt/airflow/dags/2_python_operator_v1.py","logger":"airflow.models.dagbag.DagBag"}
{"timestamp":"2025-07-29T19:51:23.086229Z","level":"info","event":"Task instance is in running state","chan":"stdout","logger":"task"}
{"timestamp":"2025-07-29T19:51:23.086625Z","level":"info","event":" Previous state of the Task instance: TaskInstanceState.QUEUED","chan":"stdout","logger":"task"}
{"timestamp":"2025-07-29T19:51:23.086926Z","level":"info","event":"Current task name:python","chan":"stdout","logger":"task"}
{"timestamp":"2025-07-29T19:51:23.087142Z","level":"info","event":"Dag name:python_operator_v1","chan":"stdout","logger":"task"}
{"timestamp":"2025-07-29T19:51:23.090950Z","level":"info","event":"poliana","chan":"stdout","logger":"task"}
{"timestamp":"2025-07-29T19:51:23.102418Z","level":"info","event":"{'conn': <ConnectionAccessor (dynamic access)>,","chan":"stdout","logger":"task"}
{"timestamp":"2025-07-29T19:51:23.102793Z","level":"info","event":" 'dag': <DAG: python_operator_v1>,","chan":"stdout","logger":"task"}
{"timestamp":"2025-07-29T19:51:23.103057Z","level":"info","event":" 'dag_run': DagRun(dag_id='python_operator_v1', run_id='scheduled__2023-06-24T05:30:00+00:00', logical_date=datetime.datetime(2023, 6, 24, 5, 30, tzinfo=datetime.timezone.utc), data_interval_start=datetime.datetime(2023, 6, 24, 5, 30, tzinfo=datetime.timezone.utc), data_interval_end=datetime.datetime(2023, 6, 24, 5, 30, tzinfo=datetime.timezone.utc), run_after=datetime.datetime(2023, 6, 24, 5, 30, tzinfo=datetime.timezone.utc), start_date=datetime.datetime(2025, 7, 29, 19, 51, 21, 71626, tzinfo=datetime.timezone.utc), end_date=None, clear_number=0, run_type=<DagRunType.SCHEDULED: 'scheduled'>, conf={}, consumed_asset_events=[]),","chan":"stdout","logger":"task"}
{"timestamp":"2025-07-29T19:51:23.103273Z","level":"info","event":" 'data_interval_end': DateTime(2023, 6, 24, 5, 30, 0, tzinfo=Timezone('UTC')),","chan":"stdout","logger":"task"}
{"timestamp":"2025-07-29T19:51:23.103479Z","level":"info","event":" 'data_interval_start': DateTime(2023, 6, 24, 5, 30, 0, tzinfo=Timezone('UTC')),","chan":"stdout","logger":"task"}
{"timestamp":"2025-07-29T19:51:23.103678Z","level":"info","event":" 'ds': '2023-06-24',","chan":"stdout","logger":"task"}
{"timestamp":"2025-07-29T19:51:23.103876Z","level":"info","event":" 'ds_nodash': '20230624',","chan":"stdout","logger":"task"}
{"timestamp":"2025-07-29T19:51:23.104081Z","level":"info","event":" 'inlet_events': InletEventsAccessors(_inlets=[], _assets={}, _asset_aliases={}),","chan":"stdout","logger":"task"}
{"timestamp":"2025-07-29T19:51:23.104283Z","level":"info","event":" 'inlets': [],","chan":"stdout","logger":"task"}
{"timestamp":"2025-07-29T19:51:23.104530Z","level":"info","event":" 'logical_date': DateTime(2023, 6, 24, 5, 30, 0, tzinfo=Timezone('UTC')),","chan":"stdout","logger":"task"}
{"timestamp":"2025-07-29T19:51:23.104755Z","level":"info","event":" 'macros': <MacrosAccessor (dynamic access to macros)>,","chan":"stdout","logger":"task"}
{"timestamp":"2025-07-29T19:51:23.104885Z","level":"info","event":" 'map_index_template': None,","chan":"stdout","logger":"task"}
{"timestamp":"2025-07-29T19:51:23.104967Z","level":"info","event":" 'outlet_events': <airflow.sdk.execution_time.context.OutletEventAccessors object at 0x7fb677b37a70>,","chan":"stdout","logger":"task"}
{"timestamp":"2025-07-29T19:51:23.105046Z","level":"info","event":" 'outlets': [],","chan":"stdout","logger":"task"}
{"timestamp":"2025-07-29T19:51:23.105117Z","level":"info","event":" 'params': {},","chan":"stdout","logger":"task"}
{"timestamp":"2025-07-29T19:51:23.117445Z","level":"info","event":" 'prev_data_interval_end_success': <Proxy at 0x7fb66fc043b0 with factory <function RuntimeTaskInstance.get_template_context.<locals>.<lambda> at 0x7fb66fdfc540>>,","chan":"stdout","logger":"task"}
{"timestamp":"2025-07-29T19:51:23.117836Z","level":"info","event":" 'prev_data_interval_start_success': <Proxy at 0x7fb67bad72c0 with factory <function RuntimeTaskInstance.get_template_context.<locals>.<lambda> at 0x7fb66fdfdc60>>,","chan":"stdout","logger":"task"}
{"timestamp":"2025-07-29T19:51:23.118076Z","level":"info","event":" 'prev_end_date_success': <Proxy at 0x7fb66fc04650 with factory <function RuntimeTaskInstance.get_template_context.<locals>.<lambda> at 0x7fb66fdfdd00>>,","chan":"stdout","logger":"task"}
{"timestamp":"2025-07-29T19:51:23.118287Z","level":"info","event":" 'prev_start_date_success': <Proxy at 0x7fb66fea6990 with factory <function RuntimeTaskInstance.get_template_context.<locals>.<lambda> at 0x7fb66fdfca40>>,","chan":"stdout","logger":"task"}
{"timestamp":"2025-07-29T19:51:23.118515Z","level":"info","event":" 'run_id': 'scheduled__2023-06-24T05:30:00+00:00',","chan":"stdout","logger":"task"}
{"timestamp":"2025-07-29T19:51:23.118725Z","level":"info","event":" 'task': <Task(PythonOperator): python>,","chan":"stdout","logger":"task"}
{"timestamp":"2025-07-29T19:51:23.118926Z","level":"info","event":" 'task_instance': RuntimeTaskInstance(id=UUID('019857bd-4eeb-75b3-8f50-72750fb54048'), task_id='python', dag_id='python_operator_v1', run_id='scheduled__2023-06-24T05:30:00+00:00', try_number=1, map_index=-1, hostname='bf6f1e7a6f11', context_carrier={}, task=<Task(PythonOperator): python>, bundle_instance=LocalDagBundle(name=dags-folder), max_tries=0, start_date=datetime.datetime(2025, 7, 29, 19, 51, 22, 243975, tzinfo=datetime.timezone.utc), end_date=None, state=<TaskInstanceState.RUNNING: 'running'>, is_mapped=False, rendered_map_index=None, log_url='http://localhost:8080/dags/python_operator_v1/runs/scheduled__2023-06-24T05%3A30%3A00%2B00%3A00/tasks/python?try_number=1'),","chan":"stdout","logger":"task"}
{"timestamp":"2025-07-29T19:51:23.119169Z","level":"info","event":" 'task_instance_key_str': 'python_operator_v1__python__20230624',","chan":"stdout","logger":"task"}
{"timestamp":"2025-07-29T19:51:23.119376Z","level":"info","event":" 'task_reschedule_count': 0,","chan":"stdout","logger":"task"}
{"timestamp":"2025-07-29T19:51:23.119584Z","level":"info","event":" 'templates_dict': None,","chan":"stdout","logger":"task"}
{"timestamp":"2025-07-29T19:51:23.119814Z","level":"info","event":" 'ti': RuntimeTaskInstance(id=UUID('019857bd-4eeb-75b3-8f50-72750fb54048'), task_id='python', dag_id='python_operator_v1', run_id='scheduled__2023-06-24T05:30:00+00:00', try_number=1, map_index=-1, hostname='bf6f1e7a6f11', context_carrier={}, task=<Task(PythonOperator): python>, bundle_instance=LocalDagBundle(name=dags-folder), max_tries=0, start_date=datetime.datetime(2025, 7, 29, 19, 51, 22, 243975, tzinfo=datetime.timezone.utc), end_date=None, state=<TaskInstanceState.RUNNING: 'running'>, is_mapped=False, rendered_map_index=None, log_url='http://localhost:8080/dags/python_operator_v1/runs/scheduled__2023-06-24T05%3A30%3A00%2B00%3A00/tasks/python?try_number=1'),","chan":"stdout","logger":"task"}
{"timestamp":"2025-07-29T19:51:23.119932Z","level":"info","event":" 'triggering_asset_events': TriggeringAssetEventsAccessor(_events=defaultdict(<class 'list'>, {})),","chan":"stdout","logger":"task"}
{"timestamp":"2025-07-29T19:51:23.120017Z","level":"info","event":" 'ts': '2023-06-24T05:30:00+00:00',","chan":"stdout","logger":"task"}
{"timestamp":"2025-07-29T19:51:23.120093Z","level":"info","event":" 'ts_nodash': '20230624T053000',","chan":"stdout","logger":"task"}
{"timestamp":"2025-07-29T19:51:23.120163Z","level":"info","event":" 'ts_nodash_with_tz': '20230624T053000+0000',","chan":"stdout","logger":"task"}
{"timestamp":"2025-07-29T19:51:23.120293Z","level":"info","event":" 'var': {'json': <VariableAccessor (dynamic access)>,","chan":"stdout","logger":"task"}
{"timestamp":"2025-07-29T19:51:23.120378Z","level":"info","event":"         'value': <VariableAccessor (dynamic access)>}}","chan":"stdout","logger":"task"}
{"timestamp":"2025-07-29T19:51:23.118576","level":"info","event":"Done. Returned value was: 123","logger":"airflow.task.operators.airflow.providers.standard.operators.python.PythonOperator"}
{"timestamp":"2025-07-29T19:51:23.119015","level":"info","event":"Pushing xcom","ti":"RuntimeTaskInstance(id=UUID('019857bd-4eeb-75b3-8f50-72750fb54048'), task_id='python', dag_id='python_operator_v1', run_id='scheduled__2023-06-24T05:30:00+00:00', try_number=1, map_index=-1, hostname='bf6f1e7a6f11', context_carrier={}, task=<Task(PythonOperator): python>, bundle_instance=LocalDagBundle(name=dags-folder), max_tries=0, start_date=datetime.datetime(2025, 7, 29, 19, 51, 22, 243975, tzinfo=datetime.timezone.utc), end_date=None, state=<TaskInstanceState.RUNNING: 'running'>, is_mapped=False, rendered_map_index=None, log_url='http://localhost:8080/dags/python_operator_v1/runs/scheduled__2023-06-24T05%3A30%3A00%2B00%3A00/tasks/python?try_number=1')","logger":"task"}
{"timestamp":"2025-07-29T19:51:23.161266Z","level":"info","event":"Task instance in success state","chan":"stdout","logger":"task"}
{"timestamp":"2025-07-29T19:51:23.161514Z","level":"info","event":" Previous state of the Task instance: TaskInstanceState.RUNNING","chan":"stdout","logger":"task"}
{"timestamp":"2025-07-29T19:51:23.161612Z","level":"info","event":"Task operator:<Task(PythonOperator): python>","chan":"stdout","logger":"task"}
