{"timestamp":"2025-07-29T19:53:46.097930","level":"info","event":"DAG bundles loaded: dags-folder, example_dags","logger":"airflow.dag_processing.bundles.manager.DagBundlesManager"}
{"timestamp":"2025-07-29T19:53:46.098892","level":"info","event":"Filling up the DagBag from /opt/airflow/dags/2_python_operator_v1.py","logger":"airflow.models.dagbag.DagBag"}
{"timestamp":"2025-07-29T19:53:46.132771Z","level":"info","event":"Task instance is in running state","chan":"stdout","logger":"task"}
{"timestamp":"2025-07-29T19:53:46.132963Z","level":"info","event":" Previous state of the Task instance: TaskInstanceState.QUEUED","chan":"stdout","logger":"task"}
{"timestamp":"2025-07-29T19:53:46.134099Z","level":"info","event":"Current task name:python","chan":"stdout","logger":"task"}
{"timestamp":"2025-07-29T19:53:46.134265Z","level":"info","event":"Dag name:python_operator_v1","chan":"stdout","logger":"task"}
{"timestamp":"2025-07-29T19:53:46.135484Z","level":"info","event":"poliana","chan":"stdout","logger":"task"}
{"timestamp":"2025-07-29T19:53:46.136117Z","level":"info","event":"{'conn': <ConnectionAccessor (dynamic access)>,","chan":"stdout","logger":"task"}
{"timestamp":"2025-07-29T19:53:46.136243Z","level":"info","event":" 'dag': <DAG: python_operator_v1>,","chan":"stdout","logger":"task"}
{"timestamp":"2025-07-29T19:53:46.136361Z","level":"info","event":" 'dag_run': DagRun(dag_id='python_operator_v1', run_id='scheduled__2023-06-24T08:16:00+00:00', logical_date=datetime.datetime(2023, 6, 24, 8, 16, tzinfo=datetime.timezone.utc), data_interval_start=datetime.datetime(2023, 6, 24, 8, 16, tzinfo=datetime.timezone.utc), data_interval_end=datetime.datetime(2023, 6, 24, 8, 16, tzinfo=datetime.timezone.utc), run_after=datetime.datetime(2023, 6, 24, 8, 16, tzinfo=datetime.timezone.utc), start_date=datetime.datetime(2025, 7, 29, 19, 53, 45, 233728, tzinfo=datetime.timezone.utc), end_date=None, clear_number=0, run_type=<DagRunType.SCHEDULED: 'scheduled'>, conf={}, consumed_asset_events=[]),","chan":"stdout","logger":"task"}
{"timestamp":"2025-07-29T19:53:46.136424Z","level":"info","event":" 'data_interval_end': DateTime(2023, 6, 24, 8, 16, 0, tzinfo=Timezone('UTC')),","chan":"stdout","logger":"task"}
{"timestamp":"2025-07-29T19:53:46.136473Z","level":"info","event":" 'data_interval_start': DateTime(2023, 6, 24, 8, 16, 0, tzinfo=Timezone('UTC')),","chan":"stdout","logger":"task"}
{"timestamp":"2025-07-29T19:53:46.136518Z","level":"info","event":" 'ds': '2023-06-24',","chan":"stdout","logger":"task"}
{"timestamp":"2025-07-29T19:53:46.136562Z","level":"info","event":" 'ds_nodash': '20230624',","chan":"stdout","logger":"task"}
{"timestamp":"2025-07-29T19:53:46.136603Z","level":"info","event":" 'inlet_events': InletEventsAccessors(_inlets=[], _assets={}, _asset_aliases={}),","chan":"stdout","logger":"task"}
{"timestamp":"2025-07-29T19:53:46.136644Z","level":"info","event":" 'inlets': [],","chan":"stdout","logger":"task"}
{"timestamp":"2025-07-29T19:53:46.136684Z","level":"info","event":" 'logical_date': DateTime(2023, 6, 24, 8, 16, 0, tzinfo=Timezone('UTC')),","chan":"stdout","logger":"task"}
{"timestamp":"2025-07-29T19:53:46.136725Z","level":"info","event":" 'macros': <MacrosAccessor (dynamic access to macros)>,","chan":"stdout","logger":"task"}
{"timestamp":"2025-07-29T19:53:46.136765Z","level":"info","event":" 'map_index_template': None,","chan":"stdout","logger":"task"}
{"timestamp":"2025-07-29T19:53:46.136808Z","level":"info","event":" 'outlet_events': <airflow.sdk.execution_time.context.OutletEventAccessors object at 0x7fb66fd7de20>,","chan":"stdout","logger":"task"}
{"timestamp":"2025-07-29T19:53:46.136849Z","level":"info","event":" 'outlets': [],","chan":"stdout","logger":"task"}
{"timestamp":"2025-07-29T19:53:46.136889Z","level":"info","event":" 'params': {},","chan":"stdout","logger":"task"}
{"timestamp":"2025-07-29T19:53:46.150133Z","level":"info","event":" 'prev_data_interval_end_success': <Proxy at 0x7fb66fddec00 with factory <function RuntimeTaskInstance.get_template_context.<locals>.<lambda> at 0x7fb678280040>>,","chan":"stdout","logger":"task"}
{"timestamp":"2025-07-29T19:53:46.150549Z","level":"info","event":" 'prev_data_interval_start_success': <Proxy at 0x7fb66fdde9f0 with factory <function RuntimeTaskInstance.get_template_context.<locals>.<lambda> at 0x7fb678281760>>,","chan":"stdout","logger":"task"}
{"timestamp":"2025-07-29T19:53:46.150699Z","level":"info","event":" 'prev_end_date_success': <Proxy at 0x7fb67ea17e30 with factory <function RuntimeTaskInstance.get_template_context.<locals>.<lambda> at 0x7fb678281800>>,","chan":"stdout","logger":"task"}
{"timestamp":"2025-07-29T19:53:46.150816Z","level":"info","event":" 'prev_start_date_success': <Proxy at 0x7fb67ebe7fb0 with factory <function RuntimeTaskInstance.get_template_context.<locals>.<lambda> at 0x7fb678280540>>,","chan":"stdout","logger":"task"}
{"timestamp":"2025-07-29T19:53:46.150902Z","level":"info","event":" 'run_id': 'scheduled__2023-06-24T08:16:00+00:00',","chan":"stdout","logger":"task"}
{"timestamp":"2025-07-29T19:53:46.150975Z","level":"info","event":" 'task': <Task(PythonOperator): python>,","chan":"stdout","logger":"task"}
{"timestamp":"2025-07-29T19:53:46.151052Z","level":"info","event":" 'task_instance': RuntimeTaskInstance(id=UUID('019857bf-820b-78b2-81b3-0a7d998212fd'), task_id='python', dag_id='python_operator_v1', run_id='scheduled__2023-06-24T08:16:00+00:00', try_number=1, map_index=-1, hostname='bf6f1e7a6f11', context_carrier={}, task=<Task(PythonOperator): python>, bundle_instance=LocalDagBundle(name=dags-folder), max_tries=0, start_date=datetime.datetime(2025, 7, 29, 19, 53, 45, 458591, tzinfo=datetime.timezone.utc), end_date=None, state=<TaskInstanceState.RUNNING: 'running'>, is_mapped=False, rendered_map_index=None, log_url='http://localhost:8080/dags/python_operator_v1/runs/scheduled__2023-06-24T08%3A16%3A00%2B00%3A00/tasks/python?try_number=1'),","chan":"stdout","logger":"task"}
{"timestamp":"2025-07-29T19:53:46.151127Z","level":"info","event":" 'task_instance_key_str': 'python_operator_v1__python__20230624',","chan":"stdout","logger":"task"}
{"timestamp":"2025-07-29T19:53:46.151193Z","level":"info","event":" 'task_reschedule_count': 0,","chan":"stdout","logger":"task"}
{"timestamp":"2025-07-29T19:53:46.151257Z","level":"info","event":" 'templates_dict': None,","chan":"stdout","logger":"task"}
{"timestamp":"2025-07-29T19:53:46.151329Z","level":"info","event":" 'ti': RuntimeTaskInstance(id=UUID('019857bf-820b-78b2-81b3-0a7d998212fd'), task_id='python', dag_id='python_operator_v1', run_id='scheduled__2023-06-24T08:16:00+00:00', try_number=1, map_index=-1, hostname='bf6f1e7a6f11', context_carrier={}, task=<Task(PythonOperator): python>, bundle_instance=LocalDagBundle(name=dags-folder), max_tries=0, start_date=datetime.datetime(2025, 7, 29, 19, 53, 45, 458591, tzinfo=datetime.timezone.utc), end_date=None, state=<TaskInstanceState.RUNNING: 'running'>, is_mapped=False, rendered_map_index=None, log_url='http://localhost:8080/dags/python_operator_v1/runs/scheduled__2023-06-24T08%3A16%3A00%2B00%3A00/tasks/python?try_number=1'),","chan":"stdout","logger":"task"}
{"timestamp":"2025-07-29T19:53:46.151430Z","level":"info","event":" 'triggering_asset_events': TriggeringAssetEventsAccessor(_events=defaultdict(<class 'list'>, {})),","chan":"stdout","logger":"task"}
{"timestamp":"2025-07-29T19:53:46.151508Z","level":"info","event":" 'ts': '2023-06-24T08:16:00+00:00',","chan":"stdout","logger":"task"}
{"timestamp":"2025-07-29T19:53:46.151579Z","level":"info","event":" 'ts_nodash': '20230624T081600',","chan":"stdout","logger":"task"}
{"timestamp":"2025-07-29T19:53:46.151644Z","level":"info","event":" 'ts_nodash_with_tz': '20230624T081600+0000',","chan":"stdout","logger":"task"}
{"timestamp":"2025-07-29T19:53:46.151805Z","level":"info","event":" 'var': {'json': <VariableAccessor (dynamic access)>,","chan":"stdout","logger":"task"}
{"timestamp":"2025-07-29T19:53:46.151909Z","level":"info","event":"         'value': <VariableAccessor (dynamic access)>}}","chan":"stdout","logger":"task"}
{"timestamp":"2025-07-29T19:53:46.151381","level":"info","event":"Done. Returned value was: 123","logger":"airflow.task.operators.airflow.providers.standard.operators.python.PythonOperator"}
{"timestamp":"2025-07-29T19:53:46.151666","level":"info","event":"Pushing xcom","ti":"RuntimeTaskInstance(id=UUID('019857bf-820b-78b2-81b3-0a7d998212fd'), task_id='python', dag_id='python_operator_v1', run_id='scheduled__2023-06-24T08:16:00+00:00', try_number=1, map_index=-1, hostname='bf6f1e7a6f11', context_carrier={}, task=<Task(PythonOperator): python>, bundle_instance=LocalDagBundle(name=dags-folder), max_tries=0, start_date=datetime.datetime(2025, 7, 29, 19, 53, 45, 458591, tzinfo=datetime.timezone.utc), end_date=None, state=<TaskInstanceState.RUNNING: 'running'>, is_mapped=False, rendered_map_index=None, log_url='http://localhost:8080/dags/python_operator_v1/runs/scheduled__2023-06-24T08%3A16%3A00%2B00%3A00/tasks/python?try_number=1')","logger":"task"}
{"timestamp":"2025-07-29T19:53:46.184850Z","level":"info","event":"Task instance in success state","chan":"stdout","logger":"task"}
{"timestamp":"2025-07-29T19:53:46.185078Z","level":"info","event":" Previous state of the Task instance: TaskInstanceState.RUNNING","chan":"stdout","logger":"task"}
{"timestamp":"2025-07-29T19:53:46.185249Z","level":"info","event":"Task operator:<Task(PythonOperator): python>","chan":"stdout","logger":"task"}
