{"timestamp":"2025-07-29T19:44:21.698131","level":"info","event":"DAG bundles loaded: dags-folder, example_dags","logger":"airflow.dag_processing.bundles.manager.DagBundlesManager"}
{"timestamp":"2025-07-29T19:44:21.698886","level":"info","event":"Filling up the DagBag from /opt/airflow/dags/python_operator_v1.py","logger":"airflow.models.dagbag.DagBag"}
{"timestamp":"2025-07-29T19:44:21.725418Z","level":"info","event":"Task instance is in running state","chan":"stdout","logger":"task"}
{"timestamp":"2025-07-29T19:44:21.725561Z","level":"info","event":" Previous state of the Task instance: TaskInstanceState.QUEUED","chan":"stdout","logger":"task"}
{"timestamp":"2025-07-29T19:44:21.726157Z","level":"info","event":"Current task name:python","chan":"stdout","logger":"task"}
{"timestamp":"2025-07-29T19:44:21.726288Z","level":"info","event":"Dag name:python_operator_v1","chan":"stdout","logger":"task"}
{"timestamp":"2025-07-29T19:44:21.727457Z","level":"info","event":"poliana","chan":"stdout","logger":"task"}
{"timestamp":"2025-07-29T19:44:21.728114Z","level":"info","event":"{'conn': <ConnectionAccessor (dynamic access)>,","chan":"stdout","logger":"task"}
{"timestamp":"2025-07-29T19:44:21.728247Z","level":"info","event":" 'dag': <DAG: python_operator_v1>,","chan":"stdout","logger":"task"}
{"timestamp":"2025-07-29T19:44:21.728388Z","level":"info","event":" 'dag_run': DagRun(dag_id='python_operator_v1', run_id='scheduled__2023-06-23T21:55:00+00:00', logical_date=datetime.datetime(2023, 6, 23, 21, 55, tzinfo=datetime.timezone.utc), data_interval_start=datetime.datetime(2023, 6, 23, 21, 55, tzinfo=datetime.timezone.utc), data_interval_end=datetime.datetime(2023, 6, 23, 21, 55, tzinfo=datetime.timezone.utc), run_after=datetime.datetime(2023, 6, 23, 21, 55, tzinfo=datetime.timezone.utc), start_date=datetime.datetime(2025, 7, 29, 19, 44, 20, 742014, tzinfo=datetime.timezone.utc), end_date=None, clear_number=0, run_type=<DagRunType.SCHEDULED: 'scheduled'>, conf={}, consumed_asset_events=[]),","chan":"stdout","logger":"task"}
{"timestamp":"2025-07-29T19:44:21.728475Z","level":"info","event":" 'data_interval_end': DateTime(2023, 6, 23, 21, 55, 0, tzinfo=Timezone('UTC')),","chan":"stdout","logger":"task"}
{"timestamp":"2025-07-29T19:44:21.728548Z","level":"info","event":" 'data_interval_start': DateTime(2023, 6, 23, 21, 55, 0, tzinfo=Timezone('UTC')),","chan":"stdout","logger":"task"}
{"timestamp":"2025-07-29T19:44:21.728620Z","level":"info","event":" 'ds': '2023-06-23',","chan":"stdout","logger":"task"}
{"timestamp":"2025-07-29T19:44:21.728694Z","level":"info","event":" 'ds_nodash': '20230623',","chan":"stdout","logger":"task"}
{"timestamp":"2025-07-29T19:44:21.728761Z","level":"info","event":" 'inlet_events': InletEventsAccessors(_inlets=[], _assets={}, _asset_aliases={}),","chan":"stdout","logger":"task"}
{"timestamp":"2025-07-29T19:44:21.728829Z","level":"info","event":" 'inlets': [],","chan":"stdout","logger":"task"}
{"timestamp":"2025-07-29T19:44:21.728900Z","level":"info","event":" 'logical_date': DateTime(2023, 6, 23, 21, 55, 0, tzinfo=Timezone('UTC')),","chan":"stdout","logger":"task"}
{"timestamp":"2025-07-29T19:44:21.728971Z","level":"info","event":" 'macros': <MacrosAccessor (dynamic access to macros)>,","chan":"stdout","logger":"task"}
{"timestamp":"2025-07-29T19:44:21.729038Z","level":"info","event":" 'map_index_template': None,","chan":"stdout","logger":"task"}
{"timestamp":"2025-07-29T19:44:21.729106Z","level":"info","event":" 'outlet_events': <airflow.sdk.execution_time.context.OutletEventAccessors object at 0x7fb66fc59e20>,","chan":"stdout","logger":"task"}
{"timestamp":"2025-07-29T19:44:21.729175Z","level":"info","event":" 'outlets': [],","chan":"stdout","logger":"task"}
{"timestamp":"2025-07-29T19:44:21.729244Z","level":"info","event":" 'params': {},","chan":"stdout","logger":"task"}
{"timestamp":"2025-07-29T19:44:21.742845Z","level":"info","event":" 'prev_data_interval_end_success': <Proxy at 0x7fb66fc5a5a0 with factory <function RuntimeTaskInstance.get_template_context.<locals>.<lambda> at 0x7fb66fc74e00>>,","chan":"stdout","logger":"task"}
{"timestamp":"2025-07-29T19:44:21.743048Z","level":"info","event":" 'prev_data_interval_start_success': <Proxy at 0x7fb66fc59e80 with factory <function RuntimeTaskInstance.get_template_context.<locals>.<lambda> at 0x7fb66fc76520>>,","chan":"stdout","logger":"task"}
{"timestamp":"2025-07-29T19:44:21.743114Z","level":"info","event":" 'prev_end_date_success': <Proxy at 0x7fb66fc59f40 with factory <function RuntimeTaskInstance.get_template_context.<locals>.<lambda> at 0x7fb66fc765c0>>,","chan":"stdout","logger":"task"}
{"timestamp":"2025-07-29T19:44:21.743162Z","level":"info","event":" 'prev_start_date_success': <Proxy at 0x7fb66fc5a240 with factory <function RuntimeTaskInstance.get_template_context.<locals>.<lambda> at 0x7fb66fc75300>>,","chan":"stdout","logger":"task"}
{"timestamp":"2025-07-29T19:44:21.743206Z","level":"info","event":" 'run_id': 'scheduled__2023-06-23T21:55:00+00:00',","chan":"stdout","logger":"task"}
{"timestamp":"2025-07-29T19:44:21.743248Z","level":"info","event":" 'task': <Task(PythonOperator): python>,","chan":"stdout","logger":"task"}
{"timestamp":"2025-07-29T19:44:21.743290Z","level":"info","event":" 'task_instance': RuntimeTaskInstance(id=UUID('019857b6-e500-77ed-8ff1-021a4e6be105'), task_id='python', dag_id='python_operator_v1', run_id='scheduled__2023-06-23T21:55:00+00:00', try_number=1, map_index=-1, hostname='bf6f1e7a6f11', context_carrier={}, task=<Task(PythonOperator): python>, bundle_instance=LocalDagBundle(name=dags-folder), max_tries=0, start_date=datetime.datetime(2025, 7, 29, 19, 44, 21, 55890, tzinfo=datetime.timezone.utc), end_date=None, state=<TaskInstanceState.RUNNING: 'running'>, is_mapped=False, rendered_map_index=None, log_url='http://localhost:8080/dags/python_operator_v1/runs/scheduled__2023-06-23T21%3A55%3A00%2B00%3A00/tasks/python?try_number=1'),","chan":"stdout","logger":"task"}
{"timestamp":"2025-07-29T19:44:21.743333Z","level":"info","event":" 'task_instance_key_str': 'python_operator_v1__python__20230623',","chan":"stdout","logger":"task"}
{"timestamp":"2025-07-29T19:44:21.743374Z","level":"info","event":" 'task_reschedule_count': 0,","chan":"stdout","logger":"task"}
{"timestamp":"2025-07-29T19:44:21.743414Z","level":"info","event":" 'templates_dict': None,","chan":"stdout","logger":"task"}
{"timestamp":"2025-07-29T19:44:21.743454Z","level":"info","event":" 'ti': RuntimeTaskInstance(id=UUID('019857b6-e500-77ed-8ff1-021a4e6be105'), task_id='python', dag_id='python_operator_v1', run_id='scheduled__2023-06-23T21:55:00+00:00', try_number=1, map_index=-1, hostname='bf6f1e7a6f11', context_carrier={}, task=<Task(PythonOperator): python>, bundle_instance=LocalDagBundle(name=dags-folder), max_tries=0, start_date=datetime.datetime(2025, 7, 29, 19, 44, 21, 55890, tzinfo=datetime.timezone.utc), end_date=None, state=<TaskInstanceState.RUNNING: 'running'>, is_mapped=False, rendered_map_index=None, log_url='http://localhost:8080/dags/python_operator_v1/runs/scheduled__2023-06-23T21%3A55%3A00%2B00%3A00/tasks/python?try_number=1'),","chan":"stdout","logger":"task"}
{"timestamp":"2025-07-29T19:44:21.743521Z","level":"info","event":" 'triggering_asset_events': TriggeringAssetEventsAccessor(_events=defaultdict(<class 'list'>, {})),","chan":"stdout","logger":"task"}
{"timestamp":"2025-07-29T19:44:21.743568Z","level":"info","event":" 'ts': '2023-06-23T21:55:00+00:00',","chan":"stdout","logger":"task"}
{"timestamp":"2025-07-29T19:44:21.743610Z","level":"info","event":" 'ts_nodash': '20230623T215500',","chan":"stdout","logger":"task"}
{"timestamp":"2025-07-29T19:44:21.743651Z","level":"info","event":" 'ts_nodash_with_tz': '20230623T215500+0000',","chan":"stdout","logger":"task"}
{"timestamp":"2025-07-29T19:44:21.743692Z","level":"info","event":" 'var': {'json': <VariableAccessor (dynamic access)>,","chan":"stdout","logger":"task"}
{"timestamp":"2025-07-29T19:44:21.743731Z","level":"info","event":"         'value': <VariableAccessor (dynamic access)>}}","chan":"stdout","logger":"task"}
{"timestamp":"2025-07-29T19:44:21.743547","level":"info","event":"Done. Returned value was: 123","logger":"airflow.task.operators.airflow.providers.standard.operators.python.PythonOperator"}
{"timestamp":"2025-07-29T19:44:21.743718","level":"info","event":"Pushing xcom","ti":"RuntimeTaskInstance(id=UUID('019857b6-e500-77ed-8ff1-021a4e6be105'), task_id='python', dag_id='python_operator_v1', run_id='scheduled__2023-06-23T21:55:00+00:00', try_number=1, map_index=-1, hostname='bf6f1e7a6f11', context_carrier={}, task=<Task(PythonOperator): python>, bundle_instance=LocalDagBundle(name=dags-folder), max_tries=0, start_date=datetime.datetime(2025, 7, 29, 19, 44, 21, 55890, tzinfo=datetime.timezone.utc), end_date=None, state=<TaskInstanceState.RUNNING: 'running'>, is_mapped=False, rendered_map_index=None, log_url='http://localhost:8080/dags/python_operator_v1/runs/scheduled__2023-06-23T21%3A55%3A00%2B00%3A00/tasks/python?try_number=1')","logger":"task"}
{"timestamp":"2025-07-29T19:44:21.769589Z","level":"info","event":"Task instance in success state","chan":"stdout","logger":"task"}
{"timestamp":"2025-07-29T19:44:21.769733Z","level":"info","event":" Previous state of the Task instance: TaskInstanceState.RUNNING","chan":"stdout","logger":"task"}
{"timestamp":"2025-07-29T19:44:21.769824Z","level":"info","event":"Task operator:<Task(PythonOperator): python>","chan":"stdout","logger":"task"}
