{"timestamp":"2025-07-29T19:47:41.370845","level":"info","event":"DAG bundles loaded: dags-folder, example_dags","logger":"airflow.dag_processing.bundles.manager.DagBundlesManager"}
{"timestamp":"2025-07-29T19:47:41.371591","level":"info","event":"Filling up the DagBag from /opt/airflow/dags/python_operator_v1.py","logger":"airflow.models.dagbag.DagBag"}
{"timestamp":"2025-07-29T19:47:41.418037Z","level":"info","event":"Task instance is in running state","chan":"stdout","logger":"task"}
{"timestamp":"2025-07-29T19:47:41.418227Z","level":"info","event":" Previous state of the Task instance: TaskInstanceState.QUEUED","chan":"stdout","logger":"task"}
{"timestamp":"2025-07-29T19:47:41.418369Z","level":"info","event":"Current task name:python","chan":"stdout","logger":"task"}
{"timestamp":"2025-07-29T19:47:41.418460Z","level":"info","event":"Dag name:python_operator_v1","chan":"stdout","logger":"task"}
{"timestamp":"2025-07-29T19:47:41.421444Z","level":"info","event":"poliana","chan":"stdout","logger":"task"}
{"timestamp":"2025-07-29T19:47:41.422641Z","level":"info","event":"{'conn': <ConnectionAccessor (dynamic access)>,","chan":"stdout","logger":"task"}
{"timestamp":"2025-07-29T19:47:41.422829Z","level":"info","event":" 'dag': <DAG: python_operator_v1>,","chan":"stdout","logger":"task"}
{"timestamp":"2025-07-29T19:47:41.423017Z","level":"info","event":" 'dag_run': DagRun(dag_id='python_operator_v1', run_id='scheduled__2023-06-24T01:41:00+00:00', logical_date=datetime.datetime(2023, 6, 24, 1, 41, tzinfo=datetime.timezone.utc), data_interval_start=datetime.datetime(2023, 6, 24, 1, 41, tzinfo=datetime.timezone.utc), data_interval_end=datetime.datetime(2023, 6, 24, 1, 41, tzinfo=datetime.timezone.utc), run_after=datetime.datetime(2023, 6, 24, 1, 41, tzinfo=datetime.timezone.utc), start_date=datetime.datetime(2025, 7, 29, 19, 47, 40, 346051, tzinfo=datetime.timezone.utc), end_date=None, clear_number=0, run_type=<DagRunType.SCHEDULED: 'scheduled'>, conf={}, consumed_asset_events=[]),","chan":"stdout","logger":"task"}
{"timestamp":"2025-07-29T19:47:41.423129Z","level":"info","event":" 'data_interval_end': DateTime(2023, 6, 24, 1, 41, 0, tzinfo=Timezone('UTC')),","chan":"stdout","logger":"task"}
{"timestamp":"2025-07-29T19:47:41.423236Z","level":"info","event":" 'data_interval_start': DateTime(2023, 6, 24, 1, 41, 0, tzinfo=Timezone('UTC')),","chan":"stdout","logger":"task"}
{"timestamp":"2025-07-29T19:47:41.423317Z","level":"info","event":" 'ds': '2023-06-24',","chan":"stdout","logger":"task"}
{"timestamp":"2025-07-29T19:47:41.423393Z","level":"info","event":" 'ds_nodash': '20230624',","chan":"stdout","logger":"task"}
{"timestamp":"2025-07-29T19:47:41.423472Z","level":"info","event":" 'inlet_events': InletEventsAccessors(_inlets=[], _assets={}, _asset_aliases={}),","chan":"stdout","logger":"task"}
{"timestamp":"2025-07-29T19:47:41.423544Z","level":"info","event":" 'inlets': [],","chan":"stdout","logger":"task"}
{"timestamp":"2025-07-29T19:47:41.423616Z","level":"info","event":" 'logical_date': DateTime(2023, 6, 24, 1, 41, 0, tzinfo=Timezone('UTC')),","chan":"stdout","logger":"task"}
{"timestamp":"2025-07-29T19:47:41.423688Z","level":"info","event":" 'macros': <MacrosAccessor (dynamic access to macros)>,","chan":"stdout","logger":"task"}
{"timestamp":"2025-07-29T19:47:41.423791Z","level":"info","event":" 'map_index_template': None,","chan":"stdout","logger":"task"}
{"timestamp":"2025-07-29T19:47:41.423871Z","level":"info","event":" 'outlet_events': <airflow.sdk.execution_time.context.OutletEventAccessors object at 0x7fb677b27a70>,","chan":"stdout","logger":"task"}
{"timestamp":"2025-07-29T19:47:41.423944Z","level":"info","event":" 'outlets': [],","chan":"stdout","logger":"task"}
{"timestamp":"2025-07-29T19:47:41.424015Z","level":"info","event":" 'params': {},","chan":"stdout","logger":"task"}
{"timestamp":"2025-07-29T19:47:41.433655Z","level":"info","event":" 'prev_data_interval_end_success': <Proxy at 0x7fb66fdc3020 with factory <function RuntimeTaskInstance.get_template_context.<locals>.<lambda> at 0x7fb66fdf0360>>,","chan":"stdout","logger":"task"}
{"timestamp":"2025-07-29T19:47:41.433881Z","level":"info","event":" 'prev_data_interval_start_success': <Proxy at 0x7fb66fdc3080 with factory <function RuntimeTaskInstance.get_template_context.<locals>.<lambda> at 0x7fb66fddf1a0>>,","chan":"stdout","logger":"task"}
{"timestamp":"2025-07-29T19:47:41.433981Z","level":"info","event":" 'prev_end_date_success': <Proxy at 0x7fb67ea6e390 with factory <function RuntimeTaskInstance.get_template_context.<locals>.<lambda> at 0x7fb66fddeb60>>,","chan":"stdout","logger":"task"}
{"timestamp":"2025-07-29T19:47:41.434069Z","level":"info","event":" 'prev_start_date_success': <Proxy at 0x7fb6785ec410 with factory <function RuntimeTaskInstance.get_template_context.<locals>.<lambda> at 0x7fb66fddf060>>,","chan":"stdout","logger":"task"}
{"timestamp":"2025-07-29T19:47:41.434155Z","level":"info","event":" 'run_id': 'scheduled__2023-06-24T01:41:00+00:00',","chan":"stdout","logger":"task"}
{"timestamp":"2025-07-29T19:47:41.434232Z","level":"info","event":" 'task': <Task(PythonOperator): python>,","chan":"stdout","logger":"task"}
{"timestamp":"2025-07-29T19:47:41.434331Z","level":"info","event":" 'task_instance': RuntimeTaskInstance(id=UUID('019857b9-f0b1-732c-984e-e799cb31a703'), task_id='python', dag_id='python_operator_v1', run_id='scheduled__2023-06-24T01:41:00+00:00', try_number=1, map_index=-1, hostname='bf6f1e7a6f11', context_carrier={}, task=<Task(PythonOperator): python>, bundle_instance=LocalDagBundle(name=dags-folder), max_tries=0, start_date=datetime.datetime(2025, 7, 29, 19, 47, 40, 628093, tzinfo=datetime.timezone.utc), end_date=None, state=<TaskInstanceState.RUNNING: 'running'>, is_mapped=False, rendered_map_index=None, log_url='http://localhost:8080/dags/python_operator_v1/runs/scheduled__2023-06-24T01%3A41%3A00%2B00%3A00/tasks/python?try_number=1'),","chan":"stdout","logger":"task"}
{"timestamp":"2025-07-29T19:47:41.434413Z","level":"info","event":" 'task_instance_key_str': 'python_operator_v1__python__20230624',","chan":"stdout","logger":"task"}
{"timestamp":"2025-07-29T19:47:41.434487Z","level":"info","event":" 'task_reschedule_count': 0,","chan":"stdout","logger":"task"}
{"timestamp":"2025-07-29T19:47:41.434562Z","level":"info","event":" 'templates_dict': None,","chan":"stdout","logger":"task"}
{"timestamp":"2025-07-29T19:47:41.434635Z","level":"info","event":" 'ti': RuntimeTaskInstance(id=UUID('019857b9-f0b1-732c-984e-e799cb31a703'), task_id='python', dag_id='python_operator_v1', run_id='scheduled__2023-06-24T01:41:00+00:00', try_number=1, map_index=-1, hostname='bf6f1e7a6f11', context_carrier={}, task=<Task(PythonOperator): python>, bundle_instance=LocalDagBundle(name=dags-folder), max_tries=0, start_date=datetime.datetime(2025, 7, 29, 19, 47, 40, 628093, tzinfo=datetime.timezone.utc), end_date=None, state=<TaskInstanceState.RUNNING: 'running'>, is_mapped=False, rendered_map_index=None, log_url='http://localhost:8080/dags/python_operator_v1/runs/scheduled__2023-06-24T01%3A41%3A00%2B00%3A00/tasks/python?try_number=1'),","chan":"stdout","logger":"task"}
{"timestamp":"2025-07-29T19:47:41.434714Z","level":"info","event":" 'triggering_asset_events': TriggeringAssetEventsAccessor(_events=defaultdict(<class 'list'>, {})),","chan":"stdout","logger":"task"}
{"timestamp":"2025-07-29T19:47:41.434788Z","level":"info","event":" 'ts': '2023-06-24T01:41:00+00:00',","chan":"stdout","logger":"task"}
{"timestamp":"2025-07-29T19:47:41.434863Z","level":"info","event":" 'ts_nodash': '20230624T014100',","chan":"stdout","logger":"task"}
{"timestamp":"2025-07-29T19:47:41.434938Z","level":"info","event":" 'ts_nodash_with_tz': '20230624T014100+0000',","chan":"stdout","logger":"task"}
{"timestamp":"2025-07-29T19:47:41.435088Z","level":"info","event":" 'var': {'json': <VariableAccessor (dynamic access)>,","chan":"stdout","logger":"task"}
{"timestamp":"2025-07-29T19:47:41.435235Z","level":"info","event":"         'value': <VariableAccessor (dynamic access)>}}","chan":"stdout","logger":"task"}
{"timestamp":"2025-07-29T19:47:41.434912","level":"info","event":"Done. Returned value was: 123","logger":"airflow.task.operators.airflow.providers.standard.operators.python.PythonOperator"}
{"timestamp":"2025-07-29T19:47:41.435257","level":"info","event":"Pushing xcom","ti":"RuntimeTaskInstance(id=UUID('019857b9-f0b1-732c-984e-e799cb31a703'), task_id='python', dag_id='python_operator_v1', run_id='scheduled__2023-06-24T01:41:00+00:00', try_number=1, map_index=-1, hostname='bf6f1e7a6f11', context_carrier={}, task=<Task(PythonOperator): python>, bundle_instance=LocalDagBundle(name=dags-folder), max_tries=0, start_date=datetime.datetime(2025, 7, 29, 19, 47, 40, 628093, tzinfo=datetime.timezone.utc), end_date=None, state=<TaskInstanceState.RUNNING: 'running'>, is_mapped=False, rendered_map_index=None, log_url='http://localhost:8080/dags/python_operator_v1/runs/scheduled__2023-06-24T01%3A41%3A00%2B00%3A00/tasks/python?try_number=1')","logger":"task"}
{"timestamp":"2025-07-29T19:47:41.461392Z","level":"info","event":"Task instance in success state","chan":"stdout","logger":"task"}
{"timestamp":"2025-07-29T19:47:41.461546Z","level":"info","event":" Previous state of the Task instance: TaskInstanceState.RUNNING","chan":"stdout","logger":"task"}
{"timestamp":"2025-07-29T19:47:41.461778Z","level":"info","event":"Task operator:<Task(PythonOperator): python>","chan":"stdout","logger":"task"}
