{"timestamp":"2025-07-29T20:08:48.164025","level":"info","event":"DAG bundles loaded: dags-folder, example_dags","logger":"airflow.dag_processing.bundles.manager.DagBundlesManager"}
{"timestamp":"2025-07-29T20:08:48.164508","level":"info","event":"Filling up the DagBag from /opt/airflow/dags/3_dag_principal.py","logger":"airflow.models.dagbag.DagBag"}
{"timestamp":"2025-07-29T20:08:48.188700Z","level":"info","event":"Task instance is in running state","chan":"stdout","logger":"task"}
{"timestamp":"2025-07-29T20:08:48.188870Z","level":"info","event":" Previous state of the Task instance: TaskInstanceState.QUEUED","chan":"stdout","logger":"task"}
{"timestamp":"2025-07-29T20:08:48.189348Z","level":"info","event":"Current task name:python_principal","chan":"stdout","logger":"task"}
{"timestamp":"2025-07-29T20:08:48.189450Z","level":"info","event":"Dag name:3_DAG_principal","chan":"stdout","logger":"task"}
{"timestamp":"2025-07-29T20:08:48.190499Z","level":"info","event":"DAG principal","chan":"stdout","logger":"task"}
{"timestamp":"2025-07-29T20:08:48.191202Z","level":"info","event":"{'conn': <ConnectionAccessor (dynamic access)>,","chan":"stdout","logger":"task"}
{"timestamp":"2025-07-29T20:08:48.191301Z","level":"info","event":" 'dag': <DAG: 3_DAG_principal>,","chan":"stdout","logger":"task"}
{"timestamp":"2025-07-29T20:08:48.191395Z","level":"info","event":" 'dag_run': DagRun(dag_id='3_DAG_principal', run_id='scheduled__2024-12-19T20:00:00+00:00', logical_date=datetime.datetime(2024, 12, 19, 20, 0, tzinfo=datetime.timezone.utc), data_interval_start=datetime.datetime(2024, 12, 19, 20, 0, tzinfo=datetime.timezone.utc), data_interval_end=datetime.datetime(2024, 12, 19, 20, 0, tzinfo=datetime.timezone.utc), run_after=datetime.datetime(2024, 12, 19, 20, 0, tzinfo=datetime.timezone.utc), start_date=datetime.datetime(2025, 7, 29, 20, 8, 46, 758432, tzinfo=datetime.timezone.utc), end_date=None, clear_number=0, run_type=<DagRunType.SCHEDULED: 'scheduled'>, conf={}, consumed_asset_events=[]),","chan":"stdout","logger":"task"}
{"timestamp":"2025-07-29T20:08:48.191451Z","level":"info","event":" 'data_interval_end': DateTime(2024, 12, 19, 20, 0, 0, tzinfo=Timezone('UTC')),","chan":"stdout","logger":"task"}
{"timestamp":"2025-07-29T20:08:48.191495Z","level":"info","event":" 'data_interval_start': DateTime(2024, 12, 19, 20, 0, 0, tzinfo=Timezone('UTC')),","chan":"stdout","logger":"task"}
{"timestamp":"2025-07-29T20:08:48.191537Z","level":"info","event":" 'ds': '2024-12-19',","chan":"stdout","logger":"task"}
{"timestamp":"2025-07-29T20:08:48.191580Z","level":"info","event":" 'ds_nodash': '20241219',","chan":"stdout","logger":"task"}
{"timestamp":"2025-07-29T20:08:48.191621Z","level":"info","event":" 'inlet_events': InletEventsAccessors(_inlets=[], _assets={}, _asset_aliases={}),","chan":"stdout","logger":"task"}
{"timestamp":"2025-07-29T20:08:48.191661Z","level":"info","event":" 'inlets': [],","chan":"stdout","logger":"task"}
{"timestamp":"2025-07-29T20:08:48.191704Z","level":"info","event":" 'logical_date': DateTime(2024, 12, 19, 20, 0, 0, tzinfo=Timezone('UTC')),","chan":"stdout","logger":"task"}
{"timestamp":"2025-07-29T20:08:48.191754Z","level":"info","event":" 'macros': <MacrosAccessor (dynamic access to macros)>,","chan":"stdout","logger":"task"}
{"timestamp":"2025-07-29T20:08:48.191797Z","level":"info","event":" 'map_index_template': None,","chan":"stdout","logger":"task"}
{"timestamp":"2025-07-29T20:08:48.191838Z","level":"info","event":" 'outlet_events': <airflow.sdk.execution_time.context.OutletEventAccessors object at 0x7fb67796c860>,","chan":"stdout","logger":"task"}
{"timestamp":"2025-07-29T20:08:48.191878Z","level":"info","event":" 'outlets': [],","chan":"stdout","logger":"task"}
{"timestamp":"2025-07-29T20:08:48.191917Z","level":"info","event":" 'params': {},","chan":"stdout","logger":"task"}
{"timestamp":"2025-07-29T20:08:48.208778Z","level":"info","event":" 'prev_data_interval_end_success': <Proxy at 0x7fb66fdfddf0 with factory <function RuntimeTaskInstance.get_template_context.<locals>.<lambda> at 0x7fb66fc1a660>>,","chan":"stdout","logger":"task"}
{"timestamp":"2025-07-29T20:08:48.208982Z","level":"info","event":" 'prev_data_interval_start_success': <Proxy at 0x7fb66fdfde50 with factory <function RuntimeTaskInstance.get_template_context.<locals>.<lambda> at 0x7fb66fc18ea0>>,","chan":"stdout","logger":"task"}
{"timestamp":"2025-07-29T20:08:48.209053Z","level":"info","event":" 'prev_end_date_success': <Proxy at 0x7fb67827c2f0 with factory <function RuntimeTaskInstance.get_template_context.<locals>.<lambda> at 0x7fb66fc1a700>>,","chan":"stdout","logger":"task"}
{"timestamp":"2025-07-29T20:08:48.209106Z","level":"info","event":" 'prev_start_date_success': <Proxy at 0x7fb677a7c8c0 with factory <function RuntimeTaskInstance.get_template_context.<locals>.<lambda> at 0x7fb66fc19440>>,","chan":"stdout","logger":"task"}
{"timestamp":"2025-07-29T20:08:48.209152Z","level":"info","event":" 'run_id': 'scheduled__2024-12-19T20:00:00+00:00',","chan":"stdout","logger":"task"}
{"timestamp":"2025-07-29T20:08:48.209195Z","level":"info","event":" 'task': <Task(PythonOperator): python_principal>,","chan":"stdout","logger":"task"}
{"timestamp":"2025-07-29T20:08:48.209242Z","level":"info","event":" 'task_instance': RuntimeTaskInstance(id=UUID('019857cd-4389-7a1a-ba23-83de4318df5a'), task_id='python_principal', dag_id='3_DAG_principal', run_id='scheduled__2024-12-19T20:00:00+00:00', try_number=1, map_index=-1, hostname='bf6f1e7a6f11', context_carrier={}, task=<Task(PythonOperator): python_principal>, bundle_instance=LocalDagBundle(name=dags-folder), max_tries=0, start_date=datetime.datetime(2025, 7, 29, 20, 8, 47, 492337, tzinfo=datetime.timezone.utc), end_date=None, state=<TaskInstanceState.RUNNING: 'running'>, is_mapped=False, rendered_map_index=None, log_url='http://localhost:8080/dags/3_DAG_principal/runs/scheduled__2024-12-19T20%3A00%3A00%2B00%3A00/tasks/python_principal?try_number=1'),","chan":"stdout","logger":"task"}
{"timestamp":"2025-07-29T20:08:48.209287Z","level":"info","event":" 'task_instance_key_str': '3_DAG_principal__python_principal__20241219',","chan":"stdout","logger":"task"}
{"timestamp":"2025-07-29T20:08:48.209329Z","level":"info","event":" 'task_reschedule_count': 0,","chan":"stdout","logger":"task"}
{"timestamp":"2025-07-29T20:08:48.209370Z","level":"info","event":" 'templates_dict': None,","chan":"stdout","logger":"task"}
{"timestamp":"2025-07-29T20:08:48.209412Z","level":"info","event":" 'ti': RuntimeTaskInstance(id=UUID('019857cd-4389-7a1a-ba23-83de4318df5a'), task_id='python_principal', dag_id='3_DAG_principal', run_id='scheduled__2024-12-19T20:00:00+00:00', try_number=1, map_index=-1, hostname='bf6f1e7a6f11', context_carrier={}, task=<Task(PythonOperator): python_principal>, bundle_instance=LocalDagBundle(name=dags-folder), max_tries=0, start_date=datetime.datetime(2025, 7, 29, 20, 8, 47, 492337, tzinfo=datetime.timezone.utc), end_date=None, state=<TaskInstanceState.RUNNING: 'running'>, is_mapped=False, rendered_map_index=None, log_url='http://localhost:8080/dags/3_DAG_principal/runs/scheduled__2024-12-19T20%3A00%3A00%2B00%3A00/tasks/python_principal?try_number=1'),","chan":"stdout","logger":"task"}
{"timestamp":"2025-07-29T20:08:48.209485Z","level":"info","event":" 'triggering_asset_events': TriggeringAssetEventsAccessor(_events=defaultdict(<class 'list'>, {})),","chan":"stdout","logger":"task"}
{"timestamp":"2025-07-29T20:08:48.209534Z","level":"info","event":" 'ts': '2024-12-19T20:00:00+00:00',","chan":"stdout","logger":"task"}
{"timestamp":"2025-07-29T20:08:48.209576Z","level":"info","event":" 'ts_nodash': '20241219T200000',","chan":"stdout","logger":"task"}
{"timestamp":"2025-07-29T20:08:48.209617Z","level":"info","event":" 'ts_nodash_with_tz': '20241219T200000+0000',","chan":"stdout","logger":"task"}
{"timestamp":"2025-07-29T20:08:48.209658Z","level":"info","event":" 'var': {'json': <VariableAccessor (dynamic access)>,","chan":"stdout","logger":"task"}
{"timestamp":"2025-07-29T20:08:48.209699Z","level":"info","event":"         'value': <VariableAccessor (dynamic access)>}}","chan":"stdout","logger":"task"}
{"timestamp":"2025-07-29T20:08:48.209165","level":"info","event":"Done. Returned value was: principal","logger":"airflow.task.operators.airflow.providers.standard.operators.python.PythonOperator"}
{"timestamp":"2025-07-29T20:08:48.209357","level":"info","event":"Pushing xcom","ti":"RuntimeTaskInstance(id=UUID('019857cd-4389-7a1a-ba23-83de4318df5a'), task_id='python_principal', dag_id='3_DAG_principal', run_id='scheduled__2024-12-19T20:00:00+00:00', try_number=1, map_index=-1, hostname='bf6f1e7a6f11', context_carrier={}, task=<Task(PythonOperator): python_principal>, bundle_instance=LocalDagBundle(name=dags-folder), max_tries=0, start_date=datetime.datetime(2025, 7, 29, 20, 8, 47, 492337, tzinfo=datetime.timezone.utc), end_date=None, state=<TaskInstanceState.RUNNING: 'running'>, is_mapped=False, rendered_map_index=None, log_url='http://localhost:8080/dags/3_DAG_principal/runs/scheduled__2024-12-19T20%3A00%3A00%2B00%3A00/tasks/python_principal?try_number=1')","logger":"task"}
{"timestamp":"2025-07-29T20:08:48.235810Z","level":"info","event":"Task instance in success state","chan":"stdout","logger":"task"}
{"timestamp":"2025-07-29T20:08:48.235946Z","level":"info","event":" Previous state of the Task instance: TaskInstanceState.RUNNING","chan":"stdout","logger":"task"}
{"timestamp":"2025-07-29T20:08:48.236044Z","level":"info","event":"Task operator:<Task(PythonOperator): python_principal>","chan":"stdout","logger":"task"}
