{"timestamp":"2025-07-29T19:31:09.847445","level":"info","event":"DAG bundles loaded: dags-folder, example_dags","logger":"airflow.dag_processing.bundles.manager.DagBundlesManager"}
{"timestamp":"2025-07-29T19:31:09.848100","level":"info","event":"Filling up the DagBag from /opt/airflow/dags/python_operator_v1.py","logger":"airflow.models.dagbag.DagBag"}
{"timestamp":"2025-07-29T19:31:09.879353Z","level":"info","event":"Task instance is in running state","chan":"stdout","logger":"task"}
{"timestamp":"2025-07-29T19:31:09.879553Z","level":"info","event":" Previous state of the Task instance: TaskInstanceState.QUEUED","chan":"stdout","logger":"task"}
{"timestamp":"2025-07-29T19:31:09.880047Z","level":"info","event":"Current task name:python","chan":"stdout","logger":"task"}
{"timestamp":"2025-07-29T19:31:09.880173Z","level":"info","event":"Dag name:python_operator_v1","chan":"stdout","logger":"task"}
{"timestamp":"2025-07-29T19:31:09.881133Z","level":"info","event":"poliana","chan":"stdout","logger":"task"}
{"timestamp":"2025-07-29T19:31:09.881738Z","level":"info","event":"{'conn': <ConnectionAccessor (dynamic access)>,","chan":"stdout","logger":"task"}
{"timestamp":"2025-07-29T19:31:09.881845Z","level":"info","event":" 'dag': <DAG: python_operator_v1>,","chan":"stdout","logger":"task"}
{"timestamp":"2025-07-29T19:31:09.881981Z","level":"info","event":" 'dag_run': DagRun(dag_id='python_operator_v1', run_id='scheduled__2023-06-23T07:20:00+00:00', logical_date=datetime.datetime(2023, 6, 23, 7, 20, tzinfo=datetime.timezone.utc), data_interval_start=datetime.datetime(2023, 6, 23, 7, 20, tzinfo=datetime.timezone.utc), data_interval_end=datetime.datetime(2023, 6, 23, 7, 20, tzinfo=datetime.timezone.utc), run_after=datetime.datetime(2023, 6, 23, 7, 20, tzinfo=datetime.timezone.utc), start_date=datetime.datetime(2025, 7, 29, 19, 31, 9, 120004, tzinfo=datetime.timezone.utc), end_date=None, clear_number=0, run_type=<DagRunType.SCHEDULED: 'scheduled'>, conf={}, consumed_asset_events=[]),","chan":"stdout","logger":"task"}
{"timestamp":"2025-07-29T19:31:09.882100Z","level":"info","event":" 'data_interval_end': DateTime(2023, 6, 23, 7, 20, 0, tzinfo=Timezone('UTC')),","chan":"stdout","logger":"task"}
{"timestamp":"2025-07-29T19:31:09.882183Z","level":"info","event":" 'data_interval_start': DateTime(2023, 6, 23, 7, 20, 0, tzinfo=Timezone('UTC')),","chan":"stdout","logger":"task"}
{"timestamp":"2025-07-29T19:31:09.882260Z","level":"info","event":" 'ds': '2023-06-23',","chan":"stdout","logger":"task"}
{"timestamp":"2025-07-29T19:31:09.882336Z","level":"info","event":" 'ds_nodash': '20230623',","chan":"stdout","logger":"task"}
{"timestamp":"2025-07-29T19:31:09.882409Z","level":"info","event":" 'inlet_events': InletEventsAccessors(_inlets=[], _assets={}, _asset_aliases={}),","chan":"stdout","logger":"task"}
{"timestamp":"2025-07-29T19:31:09.882481Z","level":"info","event":" 'inlets': [],","chan":"stdout","logger":"task"}
{"timestamp":"2025-07-29T19:31:09.882552Z","level":"info","event":" 'logical_date': DateTime(2023, 6, 23, 7, 20, 0, tzinfo=Timezone('UTC')),","chan":"stdout","logger":"task"}
{"timestamp":"2025-07-29T19:31:09.882625Z","level":"info","event":" 'macros': <MacrosAccessor (dynamic access to macros)>,","chan":"stdout","logger":"task"}
{"timestamp":"2025-07-29T19:31:09.882697Z","level":"info","event":" 'map_index_template': None,","chan":"stdout","logger":"task"}
{"timestamp":"2025-07-29T19:31:09.882768Z","level":"info","event":" 'outlet_events': <airflow.sdk.execution_time.context.OutletEventAccessors object at 0x7fb67ebc7cb0>,","chan":"stdout","logger":"task"}
{"timestamp":"2025-07-29T19:31:09.882843Z","level":"info","event":" 'outlets': [],","chan":"stdout","logger":"task"}
{"timestamp":"2025-07-29T19:31:09.882915Z","level":"info","event":" 'params': {},","chan":"stdout","logger":"task"}
{"timestamp":"2025-07-29T19:31:09.893046Z","level":"info","event":" 'prev_data_interval_end_success': <Proxy at 0x7fb66fc49a90 with factory <function RuntimeTaskInstance.get_template_context.<locals>.<lambda> at 0x7fb66fc654e0>>,","chan":"stdout","logger":"task"}
{"timestamp":"2025-07-29T19:31:09.893238Z","level":"info","event":" 'prev_data_interval_start_success': <Proxy at 0x7fb66fc49af0 with factory <function RuntimeTaskInstance.get_template_context.<locals>.<lambda> at 0x7fb66fc66c00>>,","chan":"stdout","logger":"task"}
{"timestamp":"2025-07-29T19:31:09.893304Z","level":"info","event":" 'prev_end_date_success': <Proxy at 0x7fb66fc49970 with factory <function RuntimeTaskInstance.get_template_context.<locals>.<lambda> at 0x7fb66fc66ca0>>,","chan":"stdout","logger":"task"}
{"timestamp":"2025-07-29T19:31:09.893354Z","level":"info","event":" 'prev_start_date_success': <Proxy at 0x7fb66fc49f40 with factory <function RuntimeTaskInstance.get_template_context.<locals>.<lambda> at 0x7fb66fc659e0>>,","chan":"stdout","logger":"task"}
{"timestamp":"2025-07-29T19:31:09.893399Z","level":"info","event":" 'run_id': 'scheduled__2023-06-23T07:20:00+00:00',","chan":"stdout","logger":"task"}
{"timestamp":"2025-07-29T19:31:09.893441Z","level":"info","event":" 'task': <Task(PythonOperator): python>,","chan":"stdout","logger":"task"}
{"timestamp":"2025-07-29T19:31:09.893485Z","level":"info","event":" 'task_instance': RuntimeTaskInstance(id=UUID('019857aa-d0bb-71a7-b723-1947ee20f9fc'), task_id='python', dag_id='python_operator_v1', run_id='scheduled__2023-06-23T07:20:00+00:00', try_number=1, map_index=-1, hostname='bf6f1e7a6f11', context_carrier={}, task=<Task(PythonOperator): python>, bundle_instance=LocalDagBundle(name=dags-folder), max_tries=0, start_date=datetime.datetime(2025, 7, 29, 19, 31, 9, 343626, tzinfo=datetime.timezone.utc), end_date=None, state=<TaskInstanceState.RUNNING: 'running'>, is_mapped=False, rendered_map_index=None, log_url='http://localhost:8080/dags/python_operator_v1/runs/scheduled__2023-06-23T07%3A20%3A00%2B00%3A00/tasks/python?try_number=1'),","chan":"stdout","logger":"task"}
{"timestamp":"2025-07-29T19:31:09.893553Z","level":"info","event":" 'task_instance_key_str': 'python_operator_v1__python__20230623',","chan":"stdout","logger":"task"}
{"timestamp":"2025-07-29T19:31:09.893605Z","level":"info","event":" 'task_reschedule_count': 0,","chan":"stdout","logger":"task"}
{"timestamp":"2025-07-29T19:31:09.893649Z","level":"info","event":" 'templates_dict': None,","chan":"stdout","logger":"task"}
{"timestamp":"2025-07-29T19:31:09.893693Z","level":"info","event":" 'ti': RuntimeTaskInstance(id=UUID('019857aa-d0bb-71a7-b723-1947ee20f9fc'), task_id='python', dag_id='python_operator_v1', run_id='scheduled__2023-06-23T07:20:00+00:00', try_number=1, map_index=-1, hostname='bf6f1e7a6f11', context_carrier={}, task=<Task(PythonOperator): python>, bundle_instance=LocalDagBundle(name=dags-folder), max_tries=0, start_date=datetime.datetime(2025, 7, 29, 19, 31, 9, 343626, tzinfo=datetime.timezone.utc), end_date=None, state=<TaskInstanceState.RUNNING: 'running'>, is_mapped=False, rendered_map_index=None, log_url='http://localhost:8080/dags/python_operator_v1/runs/scheduled__2023-06-23T07%3A20%3A00%2B00%3A00/tasks/python?try_number=1'),","chan":"stdout","logger":"task"}
{"timestamp":"2025-07-29T19:31:09.893766Z","level":"info","event":" 'triggering_asset_events': TriggeringAssetEventsAccessor(_events=defaultdict(<class 'list'>, {})),","chan":"stdout","logger":"task"}
{"timestamp":"2025-07-29T19:31:09.893815Z","level":"info","event":" 'ts': '2023-06-23T07:20:00+00:00',","chan":"stdout","logger":"task"}
{"timestamp":"2025-07-29T19:31:09.893873Z","level":"info","event":" 'ts_nodash': '20230623T072000',","chan":"stdout","logger":"task"}
{"timestamp":"2025-07-29T19:31:09.893925Z","level":"info","event":" 'ts_nodash_with_tz': '20230623T072000+0000',","chan":"stdout","logger":"task"}
{"timestamp":"2025-07-29T19:31:09.893967Z","level":"info","event":" 'var': {'json': <VariableAccessor (dynamic access)>,","chan":"stdout","logger":"task"}
{"timestamp":"2025-07-29T19:31:09.894009Z","level":"info","event":"         'value': <VariableAccessor (dynamic access)>}}","chan":"stdout","logger":"task"}
{"timestamp":"2025-07-29T19:31:09.893764","level":"info","event":"Done. Returned value was: 123","logger":"airflow.task.operators.airflow.providers.standard.operators.python.PythonOperator"}
{"timestamp":"2025-07-29T19:31:09.893941","level":"info","event":"Pushing xcom","ti":"RuntimeTaskInstance(id=UUID('019857aa-d0bb-71a7-b723-1947ee20f9fc'), task_id='python', dag_id='python_operator_v1', run_id='scheduled__2023-06-23T07:20:00+00:00', try_number=1, map_index=-1, hostname='bf6f1e7a6f11', context_carrier={}, task=<Task(PythonOperator): python>, bundle_instance=LocalDagBundle(name=dags-folder), max_tries=0, start_date=datetime.datetime(2025, 7, 29, 19, 31, 9, 343626, tzinfo=datetime.timezone.utc), end_date=None, state=<TaskInstanceState.RUNNING: 'running'>, is_mapped=False, rendered_map_index=None, log_url='http://localhost:8080/dags/python_operator_v1/runs/scheduled__2023-06-23T07%3A20%3A00%2B00%3A00/tasks/python?try_number=1')","logger":"task"}
{"timestamp":"2025-07-29T19:31:09.917234Z","level":"info","event":"Task instance in success state","chan":"stdout","logger":"task"}
{"timestamp":"2025-07-29T19:31:09.917413Z","level":"info","event":" Previous state of the Task instance: TaskInstanceState.RUNNING","chan":"stdout","logger":"task"}
{"timestamp":"2025-07-29T19:31:09.917554Z","level":"info","event":"Task operator:<Task(PythonOperator): python>","chan":"stdout","logger":"task"}
