{"timestamp":"2025-07-29T20:10:02.943457","level":"info","event":"DAG bundles loaded: dags-folder, example_dags","logger":"airflow.dag_processing.bundles.manager.DagBundlesManager"}
{"timestamp":"2025-07-29T20:10:02.944330","level":"info","event":"Filling up the DagBag from /opt/airflow/dags/2_python_operator_v1.py","logger":"airflow.models.dagbag.DagBag"}
{"timestamp":"2025-07-29T20:10:02.989629Z","level":"info","event":"Task instance is in running state","chan":"stdout","logger":"task"}
{"timestamp":"2025-07-29T20:10:02.989800Z","level":"info","event":" Previous state of the Task instance: TaskInstanceState.QUEUED","chan":"stdout","logger":"task"}
{"timestamp":"2025-07-29T20:10:02.990663Z","level":"info","event":"Current task name:python","chan":"stdout","logger":"task"}
{"timestamp":"2025-07-29T20:10:02.990806Z","level":"info","event":"Dag name:python_operator_v1","chan":"stdout","logger":"task"}
{"timestamp":"2025-07-29T20:10:02.992083Z","level":"info","event":"poliana","chan":"stdout","logger":"task"}
{"timestamp":"2025-07-29T20:10:02.993212Z","level":"info","event":"{'conn': <ConnectionAccessor (dynamic access)>,","chan":"stdout","logger":"task"}
{"timestamp":"2025-07-29T20:10:02.993454Z","level":"info","event":" 'dag': <DAG: python_operator_v1>,","chan":"stdout","logger":"task"}
{"timestamp":"2025-07-29T20:10:02.993706Z","level":"info","event":" 'dag_run': DagRun(dag_id='python_operator_v1', run_id='scheduled__2023-06-24T23:22:00+00:00', logical_date=datetime.datetime(2023, 6, 24, 23, 22, tzinfo=datetime.timezone.utc), data_interval_start=datetime.datetime(2023, 6, 24, 23, 22, tzinfo=datetime.timezone.utc), data_interval_end=datetime.datetime(2023, 6, 24, 23, 22, tzinfo=datetime.timezone.utc), run_after=datetime.datetime(2023, 6, 24, 23, 22, tzinfo=datetime.timezone.utc), start_date=datetime.datetime(2025, 7, 29, 20, 10, 1, 444255, tzinfo=datetime.timezone.utc), end_date=None, clear_number=0, run_type=<DagRunType.SCHEDULED: 'scheduled'>, conf={}, consumed_asset_events=[]),","chan":"stdout","logger":"task"}
{"timestamp":"2025-07-29T20:10:02.993816Z","level":"info","event":" 'data_interval_end': DateTime(2023, 6, 24, 23, 22, 0, tzinfo=Timezone('UTC')),","chan":"stdout","logger":"task"}
{"timestamp":"2025-07-29T20:10:02.993918Z","level":"info","event":" 'data_interval_start': DateTime(2023, 6, 24, 23, 22, 0, tzinfo=Timezone('UTC')),","chan":"stdout","logger":"task"}
{"timestamp":"2025-07-29T20:10:02.994029Z","level":"info","event":" 'ds': '2023-06-24',","chan":"stdout","logger":"task"}
{"timestamp":"2025-07-29T20:10:02.994139Z","level":"info","event":" 'ds_nodash': '20230624',","chan":"stdout","logger":"task"}
{"timestamp":"2025-07-29T20:10:02.994253Z","level":"info","event":" 'inlet_events': InletEventsAccessors(_inlets=[], _assets={}, _asset_aliases={}),","chan":"stdout","logger":"task"}
{"timestamp":"2025-07-29T20:10:02.994374Z","level":"info","event":" 'inlets': [],","chan":"stdout","logger":"task"}
{"timestamp":"2025-07-29T20:10:02.994507Z","level":"info","event":" 'logical_date': DateTime(2023, 6, 24, 23, 22, 0, tzinfo=Timezone('UTC')),","chan":"stdout","logger":"task"}
{"timestamp":"2025-07-29T20:10:02.994632Z","level":"info","event":" 'macros': <MacrosAccessor (dynamic access to macros)>,","chan":"stdout","logger":"task"}
{"timestamp":"2025-07-29T20:10:02.994828Z","level":"info","event":" 'map_index_template': None,","chan":"stdout","logger":"task"}
{"timestamp":"2025-07-29T20:10:02.994904Z","level":"info","event":" 'outlet_events': <airflow.sdk.execution_time.context.OutletEventAccessors object at 0x7fb67cbb7ad0>,","chan":"stdout","logger":"task"}
{"timestamp":"2025-07-29T20:10:02.994978Z","level":"info","event":" 'outlets': [],","chan":"stdout","logger":"task"}
{"timestamp":"2025-07-29T20:10:02.995072Z","level":"info","event":" 'params': {},","chan":"stdout","logger":"task"}
{"timestamp":"2025-07-29T20:10:03.008131Z","level":"info","event":" 'prev_data_interval_end_success': <Proxy at 0x7fb66fdbaf90 with factory <function RuntimeTaskInstance.get_template_context.<locals>.<lambda> at 0x7fb66fde4400>>,","chan":"stdout","logger":"task"}
{"timestamp":"2025-07-29T20:10:03.009338Z","level":"info","event":" 'prev_data_interval_start_success': <Proxy at 0x7fb66fdba480 with factory <function RuntimeTaskInstance.get_template_context.<locals>.<lambda> at 0x7fb66fde5b20>>,","chan":"stdout","logger":"task"}
{"timestamp":"2025-07-29T20:10:03.009704Z","level":"info","event":" 'prev_end_date_success': <Proxy at 0x7fb67ebefe30 with factory <function RuntimeTaskInstance.get_template_context.<locals>.<lambda> at 0x7fb66fde5bc0>>,","chan":"stdout","logger":"task"}
{"timestamp":"2025-07-29T20:10:03.009826Z","level":"info","event":" 'prev_start_date_success': <Proxy at 0x7fb66fdb9bb0 with factory <function RuntimeTaskInstance.get_template_context.<locals>.<lambda> at 0x7fb66fde4900>>,","chan":"stdout","logger":"task"}
{"timestamp":"2025-07-29T20:10:03.009902Z","level":"info","event":" 'run_id': 'scheduled__2023-06-24T23:22:00+00:00',","chan":"stdout","logger":"task"}
{"timestamp":"2025-07-29T20:10:03.009972Z","level":"info","event":" 'task': <Task(PythonOperator): python>,","chan":"stdout","logger":"task"}
{"timestamp":"2025-07-29T20:10:03.010067Z","level":"info","event":" 'task_instance': RuntimeTaskInstance(id=UUID('019857ce-6740-7368-bc52-f2e13fc7f8bd'), task_id='python', dag_id='python_operator_v1', run_id='scheduled__2023-06-24T23:22:00+00:00', try_number=1, map_index=-1, hostname='bf6f1e7a6f11', context_carrier={}, task=<Task(PythonOperator): python>, bundle_instance=LocalDagBundle(name=dags-folder), max_tries=0, start_date=datetime.datetime(2025, 7, 29, 20, 10, 2, 228691, tzinfo=datetime.timezone.utc), end_date=None, state=<TaskInstanceState.RUNNING: 'running'>, is_mapped=False, rendered_map_index=None, log_url='http://localhost:8080/dags/python_operator_v1/runs/scheduled__2023-06-24T23%3A22%3A00%2B00%3A00/tasks/python?try_number=1'),","chan":"stdout","logger":"task"}
{"timestamp":"2025-07-29T20:10:03.010139Z","level":"info","event":" 'task_instance_key_str': 'python_operator_v1__python__20230624',","chan":"stdout","logger":"task"}
{"timestamp":"2025-07-29T20:10:03.010203Z","level":"info","event":" 'task_reschedule_count': 0,","chan":"stdout","logger":"task"}
{"timestamp":"2025-07-29T20:10:03.010269Z","level":"info","event":" 'templates_dict': None,","chan":"stdout","logger":"task"}
{"timestamp":"2025-07-29T20:10:03.010415Z","level":"info","event":" 'ti': RuntimeTaskInstance(id=UUID('019857ce-6740-7368-bc52-f2e13fc7f8bd'), task_id='python', dag_id='python_operator_v1', run_id='scheduled__2023-06-24T23:22:00+00:00', try_number=1, map_index=-1, hostname='bf6f1e7a6f11', context_carrier={}, task=<Task(PythonOperator): python>, bundle_instance=LocalDagBundle(name=dags-folder), max_tries=0, start_date=datetime.datetime(2025, 7, 29, 20, 10, 2, 228691, tzinfo=datetime.timezone.utc), end_date=None, state=<TaskInstanceState.RUNNING: 'running'>, is_mapped=False, rendered_map_index=None, log_url='http://localhost:8080/dags/python_operator_v1/runs/scheduled__2023-06-24T23%3A22%3A00%2B00%3A00/tasks/python?try_number=1'),","chan":"stdout","logger":"task"}
{"timestamp":"2025-07-29T20:10:03.010480Z","level":"info","event":" 'triggering_asset_events': TriggeringAssetEventsAccessor(_events=defaultdict(<class 'list'>, {})),","chan":"stdout","logger":"task"}
{"timestamp":"2025-07-29T20:10:03.010532Z","level":"info","event":" 'ts': '2023-06-24T23:22:00+00:00',","chan":"stdout","logger":"task"}
{"timestamp":"2025-07-29T20:10:03.010591Z","level":"info","event":" 'ts_nodash': '20230624T232200',","chan":"stdout","logger":"task"}
{"timestamp":"2025-07-29T20:10:03.010652Z","level":"info","event":" 'ts_nodash_with_tz': '20230624T232200+0000',","chan":"stdout","logger":"task"}
{"timestamp":"2025-07-29T20:10:03.010713Z","level":"info","event":" 'var': {'json': <VariableAccessor (dynamic access)>,","chan":"stdout","logger":"task"}
{"timestamp":"2025-07-29T20:10:03.010761Z","level":"info","event":"         'value': <VariableAccessor (dynamic access)>}}","chan":"stdout","logger":"task"}
{"timestamp":"2025-07-29T20:10:03.011622","level":"info","event":"Done. Returned value was: 123","logger":"airflow.task.operators.airflow.providers.standard.operators.python.PythonOperator"}
{"timestamp":"2025-07-29T20:10:03.012117","level":"info","event":"Pushing xcom","ti":"RuntimeTaskInstance(id=UUID('019857ce-6740-7368-bc52-f2e13fc7f8bd'), task_id='python', dag_id='python_operator_v1', run_id='scheduled__2023-06-24T23:22:00+00:00', try_number=1, map_index=-1, hostname='bf6f1e7a6f11', context_carrier={}, task=<Task(PythonOperator): python>, bundle_instance=LocalDagBundle(name=dags-folder), max_tries=0, start_date=datetime.datetime(2025, 7, 29, 20, 10, 2, 228691, tzinfo=datetime.timezone.utc), end_date=None, state=<TaskInstanceState.RUNNING: 'running'>, is_mapped=False, rendered_map_index=None, log_url='http://localhost:8080/dags/python_operator_v1/runs/scheduled__2023-06-24T23%3A22%3A00%2B00%3A00/tasks/python?try_number=1')","logger":"task"}
{"timestamp":"2025-07-29T20:10:03.046875Z","level":"info","event":"Task instance in success state","chan":"stdout","logger":"task"}
{"timestamp":"2025-07-29T20:10:03.047039Z","level":"info","event":" Previous state of the Task instance: TaskInstanceState.RUNNING","chan":"stdout","logger":"task"}
{"timestamp":"2025-07-29T20:10:03.047214Z","level":"info","event":"Task operator:<Task(PythonOperator): python>","chan":"stdout","logger":"task"}
