{"timestamp":"2025-07-29T19:49:42.076786","level":"info","event":"DAG bundles loaded: dags-folder, example_dags","logger":"airflow.dag_processing.bundles.manager.DagBundlesManager"}
{"timestamp":"2025-07-29T19:49:42.077513","level":"info","event":"Filling up the DagBag from /opt/airflow/dags/2_python_operator_v1.py","logger":"airflow.models.dagbag.DagBag"}
{"timestamp":"2025-07-29T19:49:42.105324Z","level":"info","event":"Task instance is in running state","chan":"stdout","logger":"task"}
{"timestamp":"2025-07-29T19:49:42.105573Z","level":"info","event":" Previous state of the Task instance: TaskInstanceState.QUEUED","chan":"stdout","logger":"task"}
{"timestamp":"2025-07-29T19:49:42.106458Z","level":"info","event":"Current task name:python","chan":"stdout","logger":"task"}
{"timestamp":"2025-07-29T19:49:42.106670Z","level":"info","event":"Dag name:python_operator_v1","chan":"stdout","logger":"task"}
{"timestamp":"2025-07-29T19:49:42.108171Z","level":"info","event":"poliana","chan":"stdout","logger":"task"}
{"timestamp":"2025-07-29T19:49:42.109091Z","level":"info","event":"{'conn': <ConnectionAccessor (dynamic access)>,","chan":"stdout","logger":"task"}
{"timestamp":"2025-07-29T19:49:42.109239Z","level":"info","event":" 'dag': <DAG: python_operator_v1>,","chan":"stdout","logger":"task"}
{"timestamp":"2025-07-29T19:49:42.109393Z","level":"info","event":" 'dag_run': DagRun(dag_id='python_operator_v1', run_id='scheduled__2023-06-24T03:37:00+00:00', logical_date=datetime.datetime(2023, 6, 24, 3, 37, tzinfo=datetime.timezone.utc), data_interval_start=datetime.datetime(2023, 6, 24, 3, 37, tzinfo=datetime.timezone.utc), data_interval_end=datetime.datetime(2023, 6, 24, 3, 37, tzinfo=datetime.timezone.utc), run_after=datetime.datetime(2023, 6, 24, 3, 37, tzinfo=datetime.timezone.utc), start_date=datetime.datetime(2025, 7, 29, 19, 49, 41, 214959, tzinfo=datetime.timezone.utc), end_date=None, clear_number=0, run_type=<DagRunType.SCHEDULED: 'scheduled'>, conf={}, consumed_asset_events=[]),","chan":"stdout","logger":"task"}
{"timestamp":"2025-07-29T19:49:42.109475Z","level":"info","event":" 'data_interval_end': DateTime(2023, 6, 24, 3, 37, 0, tzinfo=Timezone('UTC')),","chan":"stdout","logger":"task"}
{"timestamp":"2025-07-29T19:49:42.109548Z","level":"info","event":" 'data_interval_start': DateTime(2023, 6, 24, 3, 37, 0, tzinfo=Timezone('UTC')),","chan":"stdout","logger":"task"}
{"timestamp":"2025-07-29T19:49:42.109595Z","level":"info","event":" 'ds': '2023-06-24',","chan":"stdout","logger":"task"}
{"timestamp":"2025-07-29T19:49:42.109638Z","level":"info","event":" 'ds_nodash': '20230624',","chan":"stdout","logger":"task"}
{"timestamp":"2025-07-29T19:49:42.109679Z","level":"info","event":" 'inlet_events': InletEventsAccessors(_inlets=[], _assets={}, _asset_aliases={}),","chan":"stdout","logger":"task"}
{"timestamp":"2025-07-29T19:49:42.109720Z","level":"info","event":" 'inlets': [],","chan":"stdout","logger":"task"}
{"timestamp":"2025-07-29T19:49:42.109760Z","level":"info","event":" 'logical_date': DateTime(2023, 6, 24, 3, 37, 0, tzinfo=Timezone('UTC')),","chan":"stdout","logger":"task"}
{"timestamp":"2025-07-29T19:49:42.109800Z","level":"info","event":" 'macros': <MacrosAccessor (dynamic access to macros)>,","chan":"stdout","logger":"task"}
{"timestamp":"2025-07-29T19:49:42.109843Z","level":"info","event":" 'map_index_template': None,","chan":"stdout","logger":"task"}
{"timestamp":"2025-07-29T19:49:42.109903Z","level":"info","event":" 'outlet_events': <airflow.sdk.execution_time.context.OutletEventAccessors object at 0x7fb66fd6a690>,","chan":"stdout","logger":"task"}
{"timestamp":"2025-07-29T19:49:42.109962Z","level":"info","event":" 'outlets': [],","chan":"stdout","logger":"task"}
{"timestamp":"2025-07-29T19:49:42.110022Z","level":"info","event":" 'params': {},","chan":"stdout","logger":"task"}
{"timestamp":"2025-07-29T19:49:42.124495Z","level":"info","event":" 'prev_data_interval_end_success': <Proxy at 0x7fb66fc6e810 with factory <function RuntimeTaskInstance.get_template_context.<locals>.<lambda> at 0x7fb66fc90180>>,","chan":"stdout","logger":"task"}
{"timestamp":"2025-07-29T19:49:42.124838Z","level":"info","event":" 'prev_data_interval_start_success': <Proxy at 0x7fb66fc6e8a0 with factory <function RuntimeTaskInstance.get_template_context.<locals>.<lambda> at 0x7fb66fc918a0>>,","chan":"stdout","logger":"task"}
{"timestamp":"2025-07-29T19:49:42.125000Z","level":"info","event":" 'prev_end_date_success': <Proxy at 0x7fb66fc0f410 with factory <function RuntimeTaskInstance.get_template_context.<locals>.<lambda> at 0x7fb66fc91940>>,","chan":"stdout","logger":"task"}
{"timestamp":"2025-07-29T19:49:42.125090Z","level":"info","event":" 'prev_start_date_success': <Proxy at 0x7fb66fc6ed20 with factory <function RuntimeTaskInstance.get_template_context.<locals>.<lambda> at 0x7fb66fc90680>>,","chan":"stdout","logger":"task"}
{"timestamp":"2025-07-29T19:49:42.125164Z","level":"info","event":" 'run_id': 'scheduled__2023-06-24T03:37:00+00:00',","chan":"stdout","logger":"task"}
{"timestamp":"2025-07-29T19:49:42.125240Z","level":"info","event":" 'task': <Task(PythonOperator): python>,","chan":"stdout","logger":"task"}
{"timestamp":"2025-07-29T19:49:42.125332Z","level":"info","event":" 'task_instance': RuntimeTaskInstance(id=UUID('019857bb-c8d3-76d8-a3d7-d4ebb308f478'), task_id='python', dag_id='python_operator_v1', run_id='scheduled__2023-06-24T03:37:00+00:00', try_number=1, map_index=-1, hostname='bf6f1e7a6f11', context_carrier={}, task=<Task(PythonOperator): python>, bundle_instance=LocalDagBundle(name=dags-folder), max_tries=0, start_date=datetime.datetime(2025, 7, 29, 19, 49, 41, 496506, tzinfo=datetime.timezone.utc), end_date=None, state=<TaskInstanceState.RUNNING: 'running'>, is_mapped=False, rendered_map_index=None, log_url='http://localhost:8080/dags/python_operator_v1/runs/scheduled__2023-06-24T03%3A37%3A00%2B00%3A00/tasks/python?try_number=1'),","chan":"stdout","logger":"task"}
{"timestamp":"2025-07-29T19:49:42.125418Z","level":"info","event":" 'task_instance_key_str': 'python_operator_v1__python__20230624',","chan":"stdout","logger":"task"}
{"timestamp":"2025-07-29T19:49:42.125500Z","level":"info","event":" 'task_reschedule_count': 0,","chan":"stdout","logger":"task"}
{"timestamp":"2025-07-29T19:49:42.125587Z","level":"info","event":" 'templates_dict': None,","chan":"stdout","logger":"task"}
{"timestamp":"2025-07-29T19:49:42.125640Z","level":"info","event":" 'ti': RuntimeTaskInstance(id=UUID('019857bb-c8d3-76d8-a3d7-d4ebb308f478'), task_id='python', dag_id='python_operator_v1', run_id='scheduled__2023-06-24T03:37:00+00:00', try_number=1, map_index=-1, hostname='bf6f1e7a6f11', context_carrier={}, task=<Task(PythonOperator): python>, bundle_instance=LocalDagBundle(name=dags-folder), max_tries=0, start_date=datetime.datetime(2025, 7, 29, 19, 49, 41, 496506, tzinfo=datetime.timezone.utc), end_date=None, state=<TaskInstanceState.RUNNING: 'running'>, is_mapped=False, rendered_map_index=None, log_url='http://localhost:8080/dags/python_operator_v1/runs/scheduled__2023-06-24T03%3A37%3A00%2B00%3A00/tasks/python?try_number=1'),","chan":"stdout","logger":"task"}
{"timestamp":"2025-07-29T19:49:42.125743Z","level":"info","event":" 'triggering_asset_events': TriggeringAssetEventsAccessor(_events=defaultdict(<class 'list'>, {})),","chan":"stdout","logger":"task"}
{"timestamp":"2025-07-29T19:49:42.125794Z","level":"info","event":" 'ts': '2023-06-24T03:37:00+00:00',","chan":"stdout","logger":"task"}
{"timestamp":"2025-07-29T19:49:42.125837Z","level":"info","event":" 'ts_nodash': '20230624T033700',","chan":"stdout","logger":"task"}
{"timestamp":"2025-07-29T19:49:42.125878Z","level":"info","event":" 'ts_nodash_with_tz': '20230624T033700+0000',","chan":"stdout","logger":"task"}
{"timestamp":"2025-07-29T19:49:42.125920Z","level":"info","event":" 'var': {'json': <VariableAccessor (dynamic access)>,","chan":"stdout","logger":"task"}
{"timestamp":"2025-07-29T19:49:42.125962Z","level":"info","event":"         'value': <VariableAccessor (dynamic access)>}}","chan":"stdout","logger":"task"}
{"timestamp":"2025-07-29T19:49:42.125834","level":"info","event":"Done. Returned value was: 123","logger":"airflow.task.operators.airflow.providers.standard.operators.python.PythonOperator"}
{"timestamp":"2025-07-29T19:49:42.126131","level":"info","event":"Pushing xcom","ti":"RuntimeTaskInstance(id=UUID('019857bb-c8d3-76d8-a3d7-d4ebb308f478'), task_id='python', dag_id='python_operator_v1', run_id='scheduled__2023-06-24T03:37:00+00:00', try_number=1, map_index=-1, hostname='bf6f1e7a6f11', context_carrier={}, task=<Task(PythonOperator): python>, bundle_instance=LocalDagBundle(name=dags-folder), max_tries=0, start_date=datetime.datetime(2025, 7, 29, 19, 49, 41, 496506, tzinfo=datetime.timezone.utc), end_date=None, state=<TaskInstanceState.RUNNING: 'running'>, is_mapped=False, rendered_map_index=None, log_url='http://localhost:8080/dags/python_operator_v1/runs/scheduled__2023-06-24T03%3A37%3A00%2B00%3A00/tasks/python?try_number=1')","logger":"task"}
{"timestamp":"2025-07-29T19:49:42.156777Z","level":"info","event":"Task instance in success state","chan":"stdout","logger":"task"}
{"timestamp":"2025-07-29T19:49:42.156978Z","level":"info","event":" Previous state of the Task instance: TaskInstanceState.RUNNING","chan":"stdout","logger":"task"}
{"timestamp":"2025-07-29T19:49:42.157149Z","level":"info","event":"Task operator:<Task(PythonOperator): python>","chan":"stdout","logger":"task"}
