{"timestamp":"2025-07-29T19:42:49.751725","level":"info","event":"DAG bundles loaded: dags-folder, example_dags","logger":"airflow.dag_processing.bundles.manager.DagBundlesManager"}
{"timestamp":"2025-07-29T19:42:49.752480","level":"info","event":"Filling up the DagBag from /opt/airflow/dags/python_operator_v1.py","logger":"airflow.models.dagbag.DagBag"}
{"timestamp":"2025-07-29T19:42:49.785215Z","level":"info","event":"Task instance is in running state","chan":"stdout","logger":"task"}
{"timestamp":"2025-07-29T19:42:49.785465Z","level":"info","event":" Previous state of the Task instance: TaskInstanceState.QUEUED","chan":"stdout","logger":"task"}
{"timestamp":"2025-07-29T19:42:49.788283Z","level":"info","event":"Current task name:python","chan":"stdout","logger":"task"}
{"timestamp":"2025-07-29T19:42:49.788541Z","level":"info","event":"Dag name:python_operator_v1","chan":"stdout","logger":"task"}
{"timestamp":"2025-07-29T19:42:49.789729Z","level":"info","event":"poliana","chan":"stdout","logger":"task"}
{"timestamp":"2025-07-29T19:42:49.790574Z","level":"info","event":"{'conn': <ConnectionAccessor (dynamic access)>,","chan":"stdout","logger":"task"}
{"timestamp":"2025-07-29T19:42:49.790851Z","level":"info","event":" 'dag': <DAG: python_operator_v1>,","chan":"stdout","logger":"task"}
{"timestamp":"2025-07-29T19:42:49.791098Z","level":"info","event":" 'dag_run': DagRun(dag_id='python_operator_v1', run_id='scheduled__2023-06-23T20:12:00+00:00', logical_date=datetime.datetime(2023, 6, 23, 20, 12, tzinfo=datetime.timezone.utc), data_interval_start=datetime.datetime(2023, 6, 23, 20, 12, tzinfo=datetime.timezone.utc), data_interval_end=datetime.datetime(2023, 6, 23, 20, 12, tzinfo=datetime.timezone.utc), run_after=datetime.datetime(2023, 6, 23, 20, 12, tzinfo=datetime.timezone.utc), start_date=datetime.datetime(2025, 7, 29, 19, 42, 48, 962833, tzinfo=datetime.timezone.utc), end_date=None, clear_number=0, run_type=<DagRunType.SCHEDULED: 'scheduled'>, conf={}, consumed_asset_events=[]),","chan":"stdout","logger":"task"}
{"timestamp":"2025-07-29T19:42:49.791263Z","level":"info","event":" 'data_interval_end': DateTime(2023, 6, 23, 20, 12, 0, tzinfo=Timezone('UTC')),","chan":"stdout","logger":"task"}
{"timestamp":"2025-07-29T19:42:49.791359Z","level":"info","event":" 'data_interval_start': DateTime(2023, 6, 23, 20, 12, 0, tzinfo=Timezone('UTC')),","chan":"stdout","logger":"task"}
{"timestamp":"2025-07-29T19:42:49.791427Z","level":"info","event":" 'ds': '2023-06-23',","chan":"stdout","logger":"task"}
{"timestamp":"2025-07-29T19:42:49.791512Z","level":"info","event":" 'ds_nodash': '20230623',","chan":"stdout","logger":"task"}
{"timestamp":"2025-07-29T19:42:49.791576Z","level":"info","event":" 'inlet_events': InletEventsAccessors(_inlets=[], _assets={}, _asset_aliases={}),","chan":"stdout","logger":"task"}
{"timestamp":"2025-07-29T19:42:49.791640Z","level":"info","event":" 'inlets': [],","chan":"stdout","logger":"task"}
{"timestamp":"2025-07-29T19:42:49.791700Z","level":"info","event":" 'logical_date': DateTime(2023, 6, 23, 20, 12, 0, tzinfo=Timezone('UTC')),","chan":"stdout","logger":"task"}
{"timestamp":"2025-07-29T19:42:49.791796Z","level":"info","event":" 'macros': <MacrosAccessor (dynamic access to macros)>,","chan":"stdout","logger":"task"}
{"timestamp":"2025-07-29T19:42:49.791956Z","level":"info","event":" 'map_index_template': None,","chan":"stdout","logger":"task"}
{"timestamp":"2025-07-29T19:42:49.792050Z","level":"info","event":" 'outlet_events': <airflow.sdk.execution_time.context.OutletEventAccessors object at 0x7fb677bd4a10>,","chan":"stdout","logger":"task"}
{"timestamp":"2025-07-29T19:42:49.792129Z","level":"info","event":" 'outlets': [],","chan":"stdout","logger":"task"}
{"timestamp":"2025-07-29T19:42:49.792187Z","level":"info","event":" 'params': {},","chan":"stdout","logger":"task"}
{"timestamp":"2025-07-29T19:42:49.811889Z","level":"info","event":" 'prev_data_interval_end_success': <Proxy at 0x7fb66fc6c0b0 with factory <function RuntimeTaskInstance.get_template_context.<locals>.<lambda> at 0x7fb66fc7d800>>,","chan":"stdout","logger":"task"}
{"timestamp":"2025-07-29T19:42:49.812140Z","level":"info","event":" 'prev_data_interval_start_success': <Proxy at 0x7fb66fd17d70 with factory <function RuntimeTaskInstance.get_template_context.<locals>.<lambda> at 0x7fb66fc7ef20>>,","chan":"stdout","logger":"task"}
{"timestamp":"2025-07-29T19:42:49.812278Z","level":"info","event":" 'prev_end_date_success': <Proxy at 0x7fb66fc57290 with factory <function RuntimeTaskInstance.get_template_context.<locals>.<lambda> at 0x7fb66fc7efc0>>,","chan":"stdout","logger":"task"}
{"timestamp":"2025-07-29T19:42:49.812368Z","level":"info","event":" 'prev_start_date_success': <Proxy at 0x7fb66fc57dd0 with factory <function RuntimeTaskInstance.get_template_context.<locals>.<lambda> at 0x7fb66fc7dd00>>,","chan":"stdout","logger":"task"}
{"timestamp":"2025-07-29T19:42:49.812449Z","level":"info","event":" 'run_id': 'scheduled__2023-06-23T20:12:00+00:00',","chan":"stdout","logger":"task"}
{"timestamp":"2025-07-29T19:42:49.812527Z","level":"info","event":" 'task': <Task(PythonOperator): python>,","chan":"stdout","logger":"task"}
{"timestamp":"2025-07-29T19:42:49.812606Z","level":"info","event":" 'task_instance': RuntimeTaskInstance(id=UUID('019857b5-7e7f-7227-8bd6-02859657cdfe'), task_id='python', dag_id='python_operator_v1', run_id='scheduled__2023-06-23T20:12:00+00:00', try_number=1, map_index=-1, hostname='bf6f1e7a6f11', context_carrier={}, task=<Task(PythonOperator): python>, bundle_instance=LocalDagBundle(name=dags-folder), max_tries=0, start_date=datetime.datetime(2025, 7, 29, 19, 42, 49, 198705, tzinfo=datetime.timezone.utc), end_date=None, state=<TaskInstanceState.RUNNING: 'running'>, is_mapped=False, rendered_map_index=None, log_url='http://localhost:8080/dags/python_operator_v1/runs/scheduled__2023-06-23T20%3A12%3A00%2B00%3A00/tasks/python?try_number=1'),","chan":"stdout","logger":"task"}
{"timestamp":"2025-07-29T19:42:49.812681Z","level":"info","event":" 'task_instance_key_str': 'python_operator_v1__python__20230623',","chan":"stdout","logger":"task"}
{"timestamp":"2025-07-29T19:42:49.812757Z","level":"info","event":" 'task_reschedule_count': 0,","chan":"stdout","logger":"task"}
{"timestamp":"2025-07-29T19:42:49.812830Z","level":"info","event":" 'templates_dict': None,","chan":"stdout","logger":"task"}
{"timestamp":"2025-07-29T19:42:49.812964Z","level":"info","event":" 'ti': RuntimeTaskInstance(id=UUID('019857b5-7e7f-7227-8bd6-02859657cdfe'), task_id='python', dag_id='python_operator_v1', run_id='scheduled__2023-06-23T20:12:00+00:00', try_number=1, map_index=-1, hostname='bf6f1e7a6f11', context_carrier={}, task=<Task(PythonOperator): python>, bundle_instance=LocalDagBundle(name=dags-folder), max_tries=0, start_date=datetime.datetime(2025, 7, 29, 19, 42, 49, 198705, tzinfo=datetime.timezone.utc), end_date=None, state=<TaskInstanceState.RUNNING: 'running'>, is_mapped=False, rendered_map_index=None, log_url='http://localhost:8080/dags/python_operator_v1/runs/scheduled__2023-06-23T20%3A12%3A00%2B00%3A00/tasks/python?try_number=1'),","chan":"stdout","logger":"task"}
{"timestamp":"2025-07-29T19:42:49.813054Z","level":"info","event":" 'triggering_asset_events': TriggeringAssetEventsAccessor(_events=defaultdict(<class 'list'>, {})),","chan":"stdout","logger":"task"}
{"timestamp":"2025-07-29T19:42:49.813128Z","level":"info","event":" 'ts': '2023-06-23T20:12:00+00:00',","chan":"stdout","logger":"task"}
{"timestamp":"2025-07-29T19:42:49.813228Z","level":"info","event":" 'ts_nodash': '20230623T201200',","chan":"stdout","logger":"task"}
{"timestamp":"2025-07-29T19:42:49.813324Z","level":"info","event":" 'ts_nodash_with_tz': '20230623T201200+0000',","chan":"stdout","logger":"task"}
{"timestamp":"2025-07-29T19:42:49.813404Z","level":"info","event":" 'var': {'json': <VariableAccessor (dynamic access)>,","chan":"stdout","logger":"task"}
{"timestamp":"2025-07-29T19:42:49.813478Z","level":"info","event":"         'value': <VariableAccessor (dynamic access)>}}","chan":"stdout","logger":"task"}
{"timestamp":"2025-07-29T19:42:49.812913","level":"info","event":"Done. Returned value was: 123","logger":"airflow.task.operators.airflow.providers.standard.operators.python.PythonOperator"}
{"timestamp":"2025-07-29T19:42:49.813216","level":"info","event":"Pushing xcom","ti":"RuntimeTaskInstance(id=UUID('019857b5-7e7f-7227-8bd6-02859657cdfe'), task_id='python', dag_id='python_operator_v1', run_id='scheduled__2023-06-23T20:12:00+00:00', try_number=1, map_index=-1, hostname='bf6f1e7a6f11', context_carrier={}, task=<Task(PythonOperator): python>, bundle_instance=LocalDagBundle(name=dags-folder), max_tries=0, start_date=datetime.datetime(2025, 7, 29, 19, 42, 49, 198705, tzinfo=datetime.timezone.utc), end_date=None, state=<TaskInstanceState.RUNNING: 'running'>, is_mapped=False, rendered_map_index=None, log_url='http://localhost:8080/dags/python_operator_v1/runs/scheduled__2023-06-23T20%3A12%3A00%2B00%3A00/tasks/python?try_number=1')","logger":"task"}
{"timestamp":"2025-07-29T19:42:49.853891Z","level":"info","event":"Task instance in success state","chan":"stdout","logger":"task"}
{"timestamp":"2025-07-29T19:42:49.854144Z","level":"info","event":" Previous state of the Task instance: TaskInstanceState.RUNNING","chan":"stdout","logger":"task"}
{"timestamp":"2025-07-29T19:42:49.854331Z","level":"info","event":"Task operator:<Task(PythonOperator): python>","chan":"stdout","logger":"task"}
