{"timestamp":"2025-07-29T19:35:26.392819","level":"info","event":"DAG bundles loaded: dags-folder, example_dags","logger":"airflow.dag_processing.bundles.manager.DagBundlesManager"}
{"timestamp":"2025-07-29T19:35:26.393318","level":"info","event":"Filling up the DagBag from /opt/airflow/dags/python_operator_v1.py","logger":"airflow.models.dagbag.DagBag"}
{"timestamp":"2025-07-29T19:35:26.414818Z","level":"info","event":"Task instance is in running state","chan":"stdout","logger":"task"}
{"timestamp":"2025-07-29T19:35:26.414985Z","level":"info","event":" Previous state of the Task instance: TaskInstanceState.QUEUED","chan":"stdout","logger":"task"}
{"timestamp":"2025-07-29T19:35:26.416189Z","level":"info","event":"Current task name:python","chan":"stdout","logger":"task"}
{"timestamp":"2025-07-29T19:35:26.416297Z","level":"info","event":"Dag name:python_operator_v1","chan":"stdout","logger":"task"}
{"timestamp":"2025-07-29T19:35:26.417728Z","level":"info","event":"poliana","chan":"stdout","logger":"task"}
{"timestamp":"2025-07-29T19:35:26.419228Z","level":"info","event":"{'conn': <ConnectionAccessor (dynamic access)>,","chan":"stdout","logger":"task"}
{"timestamp":"2025-07-29T19:35:26.419458Z","level":"info","event":" 'dag': <DAG: python_operator_v1>,","chan":"stdout","logger":"task"}
{"timestamp":"2025-07-29T19:35:26.419563Z","level":"info","event":" 'dag_run': DagRun(dag_id='python_operator_v1', run_id='scheduled__2023-06-23T12:14:00+00:00', logical_date=datetime.datetime(2023, 6, 23, 12, 14, tzinfo=datetime.timezone.utc), data_interval_start=datetime.datetime(2023, 6, 23, 12, 14, tzinfo=datetime.timezone.utc), data_interval_end=datetime.datetime(2023, 6, 23, 12, 14, tzinfo=datetime.timezone.utc), run_after=datetime.datetime(2023, 6, 23, 12, 14, tzinfo=datetime.timezone.utc), start_date=datetime.datetime(2025, 7, 29, 19, 35, 25, 403308, tzinfo=datetime.timezone.utc), end_date=None, clear_number=0, run_type=<DagRunType.SCHEDULED: 'scheduled'>, conf={}, consumed_asset_events=[]),","chan":"stdout","logger":"task"}
{"timestamp":"2025-07-29T19:35:26.419724Z","level":"info","event":" 'data_interval_end': DateTime(2023, 6, 23, 12, 14, 0, tzinfo=Timezone('UTC')),","chan":"stdout","logger":"task"}
{"timestamp":"2025-07-29T19:35:26.419884Z","level":"info","event":" 'data_interval_start': DateTime(2023, 6, 23, 12, 14, 0, tzinfo=Timezone('UTC')),","chan":"stdout","logger":"task"}
{"timestamp":"2025-07-29T19:35:26.419966Z","level":"info","event":" 'ds': '2023-06-23',","chan":"stdout","logger":"task"}
{"timestamp":"2025-07-29T19:35:26.420036Z","level":"info","event":" 'ds_nodash': '20230623',","chan":"stdout","logger":"task"}
{"timestamp":"2025-07-29T19:35:26.420181Z","level":"info","event":" 'inlet_events': InletEventsAccessors(_inlets=[], _assets={}, _asset_aliases={}),","chan":"stdout","logger":"task"}
{"timestamp":"2025-07-29T19:35:26.420264Z","level":"info","event":" 'inlets': [],","chan":"stdout","logger":"task"}
{"timestamp":"2025-07-29T19:35:26.420339Z","level":"info","event":" 'logical_date': DateTime(2023, 6, 23, 12, 14, 0, tzinfo=Timezone('UTC')),","chan":"stdout","logger":"task"}
{"timestamp":"2025-07-29T19:35:26.420409Z","level":"info","event":" 'macros': <MacrosAccessor (dynamic access to macros)>,","chan":"stdout","logger":"task"}
{"timestamp":"2025-07-29T19:35:26.420477Z","level":"info","event":" 'map_index_template': None,","chan":"stdout","logger":"task"}
{"timestamp":"2025-07-29T19:35:26.420543Z","level":"info","event":" 'outlet_events': <airflow.sdk.execution_time.context.OutletEventAccessors object at 0x7fb66fc07a70>,","chan":"stdout","logger":"task"}
{"timestamp":"2025-07-29T19:35:26.420647Z","level":"info","event":" 'outlets': [],","chan":"stdout","logger":"task"}
{"timestamp":"2025-07-29T19:35:26.420748Z","level":"info","event":" 'params': {},","chan":"stdout","logger":"task"}
{"timestamp":"2025-07-29T19:35:26.430099Z","level":"info","event":" 'prev_data_interval_end_success': <Proxy at 0x7fb66fc94740 with factory <function RuntimeTaskInstance.get_template_context.<locals>.<lambda> at 0x7fb66fca2f20>>,","chan":"stdout","logger":"task"}
{"timestamp":"2025-07-29T19:35:26.430287Z","level":"info","event":" 'prev_data_interval_start_success': <Proxy at 0x7fb66fc947d0 with factory <function RuntimeTaskInstance.get_template_context.<locals>.<lambda> at 0x7fb66fca3f60>>,","chan":"stdout","logger":"task"}
{"timestamp":"2025-07-29T19:35:26.430352Z","level":"info","event":" 'prev_end_date_success': <Proxy at 0x7fb66fc94a70 with factory <function RuntimeTaskInstance.get_template_context.<locals>.<lambda> at 0x7fb66fca28e0>>,","chan":"stdout","logger":"task"}
{"timestamp":"2025-07-29T19:35:26.430400Z","level":"info","event":" 'prev_start_date_success': <Proxy at 0x7fb66fc94bf0 with factory <function RuntimeTaskInstance.get_template_context.<locals>.<lambda> at 0x7fb66fca2de0>>,","chan":"stdout","logger":"task"}
{"timestamp":"2025-07-29T19:35:26.430444Z","level":"info","event":" 'run_id': 'scheduled__2023-06-23T12:14:00+00:00',","chan":"stdout","logger":"task"}
{"timestamp":"2025-07-29T19:35:26.430487Z","level":"info","event":" 'task': <Task(PythonOperator): python>,","chan":"stdout","logger":"task"}
{"timestamp":"2025-07-29T19:35:26.430531Z","level":"info","event":" 'task_instance': RuntimeTaskInstance(id=UUID('019857ae-b9d1-772d-9b0e-936de135649d'), task_id='python', dag_id='python_operator_v1', run_id='scheduled__2023-06-23T12:14:00+00:00', try_number=1, map_index=-1, hostname='bf6f1e7a6f11', context_carrier={}, task=<Task(PythonOperator): python>, bundle_instance=LocalDagBundle(name=dags-folder), max_tries=0, start_date=datetime.datetime(2025, 7, 29, 19, 35, 25, 845347, tzinfo=datetime.timezone.utc), end_date=None, state=<TaskInstanceState.RUNNING: 'running'>, is_mapped=False, rendered_map_index=None, log_url='http://localhost:8080/dags/python_operator_v1/runs/scheduled__2023-06-23T12%3A14%3A00%2B00%3A00/tasks/python?try_number=1'),","chan":"stdout","logger":"task"}
{"timestamp":"2025-07-29T19:35:26.430575Z","level":"info","event":" 'task_instance_key_str': 'python_operator_v1__python__20230623',","chan":"stdout","logger":"task"}
{"timestamp":"2025-07-29T19:35:26.430616Z","level":"info","event":" 'task_reschedule_count': 0,","chan":"stdout","logger":"task"}
{"timestamp":"2025-07-29T19:35:26.430656Z","level":"info","event":" 'templates_dict': None,","chan":"stdout","logger":"task"}
{"timestamp":"2025-07-29T19:35:26.430698Z","level":"info","event":" 'ti': RuntimeTaskInstance(id=UUID('019857ae-b9d1-772d-9b0e-936de135649d'), task_id='python', dag_id='python_operator_v1', run_id='scheduled__2023-06-23T12:14:00+00:00', try_number=1, map_index=-1, hostname='bf6f1e7a6f11', context_carrier={}, task=<Task(PythonOperator): python>, bundle_instance=LocalDagBundle(name=dags-folder), max_tries=0, start_date=datetime.datetime(2025, 7, 29, 19, 35, 25, 845347, tzinfo=datetime.timezone.utc), end_date=None, state=<TaskInstanceState.RUNNING: 'running'>, is_mapped=False, rendered_map_index=None, log_url='http://localhost:8080/dags/python_operator_v1/runs/scheduled__2023-06-23T12%3A14%3A00%2B00%3A00/tasks/python?try_number=1'),","chan":"stdout","logger":"task"}
{"timestamp":"2025-07-29T19:35:26.430766Z","level":"info","event":" 'triggering_asset_events': TriggeringAssetEventsAccessor(_events=defaultdict(<class 'list'>, {})),","chan":"stdout","logger":"task"}
{"timestamp":"2025-07-29T19:35:26.430814Z","level":"info","event":" 'ts': '2023-06-23T12:14:00+00:00',","chan":"stdout","logger":"task"}
{"timestamp":"2025-07-29T19:35:26.430859Z","level":"info","event":" 'ts_nodash': '20230623T121400',","chan":"stdout","logger":"task"}
{"timestamp":"2025-07-29T19:35:26.430918Z","level":"info","event":" 'ts_nodash_with_tz': '20230623T121400+0000',","chan":"stdout","logger":"task"}
{"timestamp":"2025-07-29T19:35:26.430979Z","level":"info","event":" 'var': {'json': <VariableAccessor (dynamic access)>,","chan":"stdout","logger":"task"}
{"timestamp":"2025-07-29T19:35:26.431043Z","level":"info","event":"         'value': <VariableAccessor (dynamic access)>}}","chan":"stdout","logger":"task"}
{"timestamp":"2025-07-29T19:35:26.430846","level":"info","event":"Done. Returned value was: 123","logger":"airflow.task.operators.airflow.providers.standard.operators.python.PythonOperator"}
{"timestamp":"2025-07-29T19:35:26.431088","level":"info","event":"Pushing xcom","ti":"RuntimeTaskInstance(id=UUID('019857ae-b9d1-772d-9b0e-936de135649d'), task_id='python', dag_id='python_operator_v1', run_id='scheduled__2023-06-23T12:14:00+00:00', try_number=1, map_index=-1, hostname='bf6f1e7a6f11', context_carrier={}, task=<Task(PythonOperator): python>, bundle_instance=LocalDagBundle(name=dags-folder), max_tries=0, start_date=datetime.datetime(2025, 7, 29, 19, 35, 25, 845347, tzinfo=datetime.timezone.utc), end_date=None, state=<TaskInstanceState.RUNNING: 'running'>, is_mapped=False, rendered_map_index=None, log_url='http://localhost:8080/dags/python_operator_v1/runs/scheduled__2023-06-23T12%3A14%3A00%2B00%3A00/tasks/python?try_number=1')","logger":"task"}
{"timestamp":"2025-07-29T19:35:26.456276Z","level":"info","event":"Task instance in success state","chan":"stdout","logger":"task"}
{"timestamp":"2025-07-29T19:35:26.456413Z","level":"info","event":" Previous state of the Task instance: TaskInstanceState.RUNNING","chan":"stdout","logger":"task"}
{"timestamp":"2025-07-29T19:35:26.456507Z","level":"info","event":"Task operator:<Task(PythonOperator): python>","chan":"stdout","logger":"task"}
