{"timestamp":"2025-07-29T19:42:29.083079","level":"info","event":"DAG bundles loaded: dags-folder, example_dags","logger":"airflow.dag_processing.bundles.manager.DagBundlesManager"}
{"timestamp":"2025-07-29T19:42:29.084768","level":"info","event":"Filling up the DagBag from /opt/airflow/dags/python_operator_v1.py","logger":"airflow.models.dagbag.DagBag"}
{"timestamp":"2025-07-29T19:42:29.126033Z","level":"info","event":"Task instance is in running state","chan":"stdout","logger":"task"}
{"timestamp":"2025-07-29T19:42:29.126254Z","level":"info","event":" Previous state of the Task instance: TaskInstanceState.QUEUED","chan":"stdout","logger":"task"}
{"timestamp":"2025-07-29T19:42:29.127164Z","level":"info","event":"Current task name:python","chan":"stdout","logger":"task"}
{"timestamp":"2025-07-29T19:42:29.127366Z","level":"info","event":"Dag name:python_operator_v1","chan":"stdout","logger":"task"}
{"timestamp":"2025-07-29T19:42:29.128850Z","level":"info","event":"poliana","chan":"stdout","logger":"task"}
{"timestamp":"2025-07-29T19:42:29.130036Z","level":"info","event":"{'conn': <ConnectionAccessor (dynamic access)>,","chan":"stdout","logger":"task"}
{"timestamp":"2025-07-29T19:42:29.130450Z","level":"info","event":" 'dag': <DAG: python_operator_v1>,","chan":"stdout","logger":"task"}
{"timestamp":"2025-07-29T19:42:29.131191Z","level":"info","event":" 'dag_run': DagRun(dag_id='python_operator_v1', run_id='scheduled__2023-06-23T19:45:00+00:00', logical_date=datetime.datetime(2023, 6, 23, 19, 45, tzinfo=datetime.timezone.utc), data_interval_start=datetime.datetime(2023, 6, 23, 19, 45, tzinfo=datetime.timezone.utc), data_interval_end=datetime.datetime(2023, 6, 23, 19, 45, tzinfo=datetime.timezone.utc), run_after=datetime.datetime(2023, 6, 23, 19, 45, tzinfo=datetime.timezone.utc), start_date=datetime.datetime(2025, 7, 29, 19, 42, 28, 241992, tzinfo=datetime.timezone.utc), end_date=None, clear_number=0, run_type=<DagRunType.SCHEDULED: 'scheduled'>, conf={}, consumed_asset_events=[]),","chan":"stdout","logger":"task"}
{"timestamp":"2025-07-29T19:42:29.131369Z","level":"info","event":" 'data_interval_end': DateTime(2023, 6, 23, 19, 45, 0, tzinfo=Timezone('UTC')),","chan":"stdout","logger":"task"}
{"timestamp":"2025-07-29T19:42:29.131458Z","level":"info","event":" 'data_interval_start': DateTime(2023, 6, 23, 19, 45, 0, tzinfo=Timezone('UTC')),","chan":"stdout","logger":"task"}
{"timestamp":"2025-07-29T19:42:29.131529Z","level":"info","event":" 'ds': '2023-06-23',","chan":"stdout","logger":"task"}
{"timestamp":"2025-07-29T19:42:29.131599Z","level":"info","event":" 'ds_nodash': '20230623',","chan":"stdout","logger":"task"}
{"timestamp":"2025-07-29T19:42:29.131667Z","level":"info","event":" 'inlet_events': InletEventsAccessors(_inlets=[], _assets={}, _asset_aliases={}),","chan":"stdout","logger":"task"}
{"timestamp":"2025-07-29T19:42:29.131741Z","level":"info","event":" 'inlets': [],","chan":"stdout","logger":"task"}
{"timestamp":"2025-07-29T19:42:29.131814Z","level":"info","event":" 'logical_date': DateTime(2023, 6, 23, 19, 45, 0, tzinfo=Timezone('UTC')),","chan":"stdout","logger":"task"}
{"timestamp":"2025-07-29T19:42:29.131888Z","level":"info","event":" 'macros': <MacrosAccessor (dynamic access to macros)>,","chan":"stdout","logger":"task"}
{"timestamp":"2025-07-29T19:42:29.131985Z","level":"info","event":" 'map_index_template': None,","chan":"stdout","logger":"task"}
{"timestamp":"2025-07-29T19:42:29.132055Z","level":"info","event":" 'outlet_events': <airflow.sdk.execution_time.context.OutletEventAccessors object at 0x7fb67c4cfa70>,","chan":"stdout","logger":"task"}
{"timestamp":"2025-07-29T19:42:29.132121Z","level":"info","event":" 'outlets': [],","chan":"stdout","logger":"task"}
{"timestamp":"2025-07-29T19:42:29.132192Z","level":"info","event":" 'params': {},","chan":"stdout","logger":"task"}
{"timestamp":"2025-07-29T19:42:29.143099Z","level":"info","event":" 'prev_data_interval_end_success': <Proxy at 0x7fb66fc70a10 with factory <function RuntimeTaskInstance.get_template_context.<locals>.<lambda> at 0x7fb66fc7d800>>,","chan":"stdout","logger":"task"}
{"timestamp":"2025-07-29T19:42:29.143310Z","level":"info","event":" 'prev_data_interval_start_success': <Proxy at 0x7fb66fc70aa0 with factory <function RuntimeTaskInstance.get_template_context.<locals>.<lambda> at 0x7fb66fc7ef20>>,","chan":"stdout","logger":"task"}
{"timestamp":"2025-07-29T19:42:29.143478Z","level":"info","event":" 'prev_end_date_success': <Proxy at 0x7fb66fc70bf0 with factory <function RuntimeTaskInstance.get_template_context.<locals>.<lambda> at 0x7fb66fc7efc0>>,","chan":"stdout","logger":"task"}
{"timestamp":"2025-07-29T19:42:29.143593Z","level":"info","event":" 'prev_start_date_success': <Proxy at 0x7fb66fc70860 with factory <function RuntimeTaskInstance.get_template_context.<locals>.<lambda> at 0x7fb66fc7dd00>>,","chan":"stdout","logger":"task"}
{"timestamp":"2025-07-29T19:42:29.143675Z","level":"info","event":" 'run_id': 'scheduled__2023-06-23T19:45:00+00:00',","chan":"stdout","logger":"task"}
{"timestamp":"2025-07-29T19:42:29.143753Z","level":"info","event":" 'task': <Task(PythonOperator): python>,","chan":"stdout","logger":"task"}
{"timestamp":"2025-07-29T19:42:29.143841Z","level":"info","event":" 'task_instance': RuntimeTaskInstance(id=UUID('019857b5-2d8c-78f8-9fdd-85d450ad769e'), task_id='python', dag_id='python_operator_v1', run_id='scheduled__2023-06-23T19:45:00+00:00', try_number=1, map_index=-1, hostname='bf6f1e7a6f11', context_carrier={}, task=<Task(PythonOperator): python>, bundle_instance=LocalDagBundle(name=dags-folder), max_tries=0, start_date=datetime.datetime(2025, 7, 29, 19, 42, 28, 534585, tzinfo=datetime.timezone.utc), end_date=None, state=<TaskInstanceState.RUNNING: 'running'>, is_mapped=False, rendered_map_index=None, log_url='http://localhost:8080/dags/python_operator_v1/runs/scheduled__2023-06-23T19%3A45%3A00%2B00%3A00/tasks/python?try_number=1'),","chan":"stdout","logger":"task"}
{"timestamp":"2025-07-29T19:42:29.143923Z","level":"info","event":" 'task_instance_key_str': 'python_operator_v1__python__20230623',","chan":"stdout","logger":"task"}
{"timestamp":"2025-07-29T19:42:29.144043Z","level":"info","event":" 'task_reschedule_count': 0,","chan":"stdout","logger":"task"}
{"timestamp":"2025-07-29T19:42:29.144131Z","level":"info","event":" 'templates_dict': None,","chan":"stdout","logger":"task"}
{"timestamp":"2025-07-29T19:42:29.144226Z","level":"info","event":" 'ti': RuntimeTaskInstance(id=UUID('019857b5-2d8c-78f8-9fdd-85d450ad769e'), task_id='python', dag_id='python_operator_v1', run_id='scheduled__2023-06-23T19:45:00+00:00', try_number=1, map_index=-1, hostname='bf6f1e7a6f11', context_carrier={}, task=<Task(PythonOperator): python>, bundle_instance=LocalDagBundle(name=dags-folder), max_tries=0, start_date=datetime.datetime(2025, 7, 29, 19, 42, 28, 534585, tzinfo=datetime.timezone.utc), end_date=None, state=<TaskInstanceState.RUNNING: 'running'>, is_mapped=False, rendered_map_index=None, log_url='http://localhost:8080/dags/python_operator_v1/runs/scheduled__2023-06-23T19%3A45%3A00%2B00%3A00/tasks/python?try_number=1'),","chan":"stdout","logger":"task"}
{"timestamp":"2025-07-29T19:42:29.144319Z","level":"info","event":" 'triggering_asset_events': TriggeringAssetEventsAccessor(_events=defaultdict(<class 'list'>, {})),","chan":"stdout","logger":"task"}
{"timestamp":"2025-07-29T19:42:29.144413Z","level":"info","event":" 'ts': '2023-06-23T19:45:00+00:00',","chan":"stdout","logger":"task"}
{"timestamp":"2025-07-29T19:42:29.144499Z","level":"info","event":" 'ts_nodash': '20230623T194500',","chan":"stdout","logger":"task"}
{"timestamp":"2025-07-29T19:42:29.144654Z","level":"info","event":" 'ts_nodash_with_tz': '20230623T194500+0000',","chan":"stdout","logger":"task"}
{"timestamp":"2025-07-29T19:42:29.144748Z","level":"info","event":" 'var': {'json': <VariableAccessor (dynamic access)>,","chan":"stdout","logger":"task"}
{"timestamp":"2025-07-29T19:42:29.144839Z","level":"info","event":"         'value': <VariableAccessor (dynamic access)>}}","chan":"stdout","logger":"task"}
{"timestamp":"2025-07-29T19:42:29.144193","level":"info","event":"Done. Returned value was: 123","logger":"airflow.task.operators.airflow.providers.standard.operators.python.PythonOperator"}
{"timestamp":"2025-07-29T19:42:29.144508","level":"info","event":"Pushing xcom","ti":"RuntimeTaskInstance(id=UUID('019857b5-2d8c-78f8-9fdd-85d450ad769e'), task_id='python', dag_id='python_operator_v1', run_id='scheduled__2023-06-23T19:45:00+00:00', try_number=1, map_index=-1, hostname='bf6f1e7a6f11', context_carrier={}, task=<Task(PythonOperator): python>, bundle_instance=LocalDagBundle(name=dags-folder), max_tries=0, start_date=datetime.datetime(2025, 7, 29, 19, 42, 28, 534585, tzinfo=datetime.timezone.utc), end_date=None, state=<TaskInstanceState.RUNNING: 'running'>, is_mapped=False, rendered_map_index=None, log_url='http://localhost:8080/dags/python_operator_v1/runs/scheduled__2023-06-23T19%3A45%3A00%2B00%3A00/tasks/python?try_number=1')","logger":"task"}
{"timestamp":"2025-07-29T19:42:29.179854Z","level":"info","event":"Task instance in success state","chan":"stdout","logger":"task"}
{"timestamp":"2025-07-29T19:42:29.180233Z","level":"info","event":" Previous state of the Task instance: TaskInstanceState.RUNNING","chan":"stdout","logger":"task"}
{"timestamp":"2025-07-29T19:42:29.180586Z","level":"info","event":"Task operator:<Task(PythonOperator): python>","chan":"stdout","logger":"task"}
