{"timestamp":"2025-07-29T19:48:04.594670","level":"info","event":"DAG bundles loaded: dags-folder, example_dags","logger":"airflow.dag_processing.bundles.manager.DagBundlesManager"}
{"timestamp":"2025-07-29T19:48:04.595988","level":"info","event":"Filling up the DagBag from /opt/airflow/dags/python_operator_v1.py","logger":"airflow.models.dagbag.DagBag"}
{"timestamp":"2025-07-29T19:48:04.634999Z","level":"info","event":"Task instance is in running state","chan":"stdout","logger":"task"}
{"timestamp":"2025-07-29T19:48:04.635225Z","level":"info","event":" Previous state of the Task instance: TaskInstanceState.QUEUED","chan":"stdout","logger":"task"}
{"timestamp":"2025-07-29T19:48:04.635882Z","level":"info","event":"Current task name:python","chan":"stdout","logger":"task"}
{"timestamp":"2025-07-29T19:48:04.636046Z","level":"info","event":"Dag name:python_operator_v1","chan":"stdout","logger":"task"}
{"timestamp":"2025-07-29T19:48:04.637866Z","level":"info","event":"poliana","chan":"stdout","logger":"task"}
{"timestamp":"2025-07-29T19:48:04.638954Z","level":"info","event":"{'conn': <ConnectionAccessor (dynamic access)>,","chan":"stdout","logger":"task"}
{"timestamp":"2025-07-29T19:48:04.639139Z","level":"info","event":" 'dag': <DAG: python_operator_v1>,","chan":"stdout","logger":"task"}
{"timestamp":"2025-07-29T19:48:04.639309Z","level":"info","event":" 'dag_run': DagRun(dag_id='python_operator_v1', run_id='scheduled__2023-06-24T02:10:00+00:00', logical_date=datetime.datetime(2023, 6, 24, 2, 10, tzinfo=datetime.timezone.utc), data_interval_start=datetime.datetime(2023, 6, 24, 2, 10, tzinfo=datetime.timezone.utc), data_interval_end=datetime.datetime(2023, 6, 24, 2, 10, tzinfo=datetime.timezone.utc), run_after=datetime.datetime(2023, 6, 24, 2, 10, tzinfo=datetime.timezone.utc), start_date=datetime.datetime(2025, 7, 29, 19, 48, 3, 721560, tzinfo=datetime.timezone.utc), end_date=None, clear_number=0, run_type=<DagRunType.SCHEDULED: 'scheduled'>, conf={}, consumed_asset_events=[]),","chan":"stdout","logger":"task"}
{"timestamp":"2025-07-29T19:48:04.639401Z","level":"info","event":" 'data_interval_end': DateTime(2023, 6, 24, 2, 10, 0, tzinfo=Timezone('UTC')),","chan":"stdout","logger":"task"}
{"timestamp":"2025-07-29T19:48:04.639476Z","level":"info","event":" 'data_interval_start': DateTime(2023, 6, 24, 2, 10, 0, tzinfo=Timezone('UTC')),","chan":"stdout","logger":"task"}
{"timestamp":"2025-07-29T19:48:04.639576Z","level":"info","event":" 'ds': '2023-06-24',","chan":"stdout","logger":"task"}
{"timestamp":"2025-07-29T19:48:04.639664Z","level":"info","event":" 'ds_nodash': '20230624',","chan":"stdout","logger":"task"}
{"timestamp":"2025-07-29T19:48:04.639753Z","level":"info","event":" 'inlet_events': InletEventsAccessors(_inlets=[], _assets={}, _asset_aliases={}),","chan":"stdout","logger":"task"}
{"timestamp":"2025-07-29T19:48:04.639897Z","level":"info","event":" 'inlets': [],","chan":"stdout","logger":"task"}
{"timestamp":"2025-07-29T19:48:04.639975Z","level":"info","event":" 'logical_date': DateTime(2023, 6, 24, 2, 10, 0, tzinfo=Timezone('UTC')),","chan":"stdout","logger":"task"}
{"timestamp":"2025-07-29T19:48:04.640038Z","level":"info","event":" 'macros': <MacrosAccessor (dynamic access to macros)>,","chan":"stdout","logger":"task"}
{"timestamp":"2025-07-29T19:48:04.640126Z","level":"info","event":" 'map_index_template': None,","chan":"stdout","logger":"task"}
{"timestamp":"2025-07-29T19:48:04.640192Z","level":"info","event":" 'outlet_events': <airflow.sdk.execution_time.context.OutletEventAccessors object at 0x7fb66fc0f680>,","chan":"stdout","logger":"task"}
{"timestamp":"2025-07-29T19:48:04.640277Z","level":"info","event":" 'outlets': [],","chan":"stdout","logger":"task"}
{"timestamp":"2025-07-29T19:48:04.640350Z","level":"info","event":" 'params': {},","chan":"stdout","logger":"task"}
{"timestamp":"2025-07-29T19:48:04.654728Z","level":"info","event":" 'prev_data_interval_end_success': <Proxy at 0x7fb66fc69850 with factory <function RuntimeTaskInstance.get_template_context.<locals>.<lambda> at 0x7fb66fc98040>>,","chan":"stdout","logger":"task"}
{"timestamp":"2025-07-29T19:48:04.655042Z","level":"info","event":" 'prev_data_interval_start_success': <Proxy at 0x7fb66fc6ad20 with factory <function RuntimeTaskInstance.get_template_context.<locals>.<lambda> at 0x7fb66fc99260>>,","chan":"stdout","logger":"task"}
{"timestamp":"2025-07-29T19:48:04.655166Z","level":"info","event":" 'prev_end_date_success': <Proxy at 0x7fb67ebefe30 with factory <function RuntimeTaskInstance.get_template_context.<locals>.<lambda> at 0x7fb66fc99300>>,","chan":"stdout","logger":"task"}
{"timestamp":"2025-07-29T19:48:04.655247Z","level":"info","event":" 'prev_start_date_success': <Proxy at 0x7fb66fc6aa50 with factory <function RuntimeTaskInstance.get_template_context.<locals>.<lambda> at 0x7fb66fc7fb00>>,","chan":"stdout","logger":"task"}
{"timestamp":"2025-07-29T19:48:04.655349Z","level":"info","event":" 'run_id': 'scheduled__2023-06-24T02:10:00+00:00',","chan":"stdout","logger":"task"}
{"timestamp":"2025-07-29T19:48:04.655441Z","level":"info","event":" 'task': <Task(PythonOperator): python>,","chan":"stdout","logger":"task"}
{"timestamp":"2025-07-29T19:48:04.655517Z","level":"info","event":" 'task_instance': RuntimeTaskInstance(id=UUID('019857ba-4c04-7866-8b7b-660efb5cb846'), task_id='python', dag_id='python_operator_v1', run_id='scheduled__2023-06-24T02:10:00+00:00', try_number=1, map_index=-1, hostname='bf6f1e7a6f11', context_carrier={}, task=<Task(PythonOperator): python>, bundle_instance=LocalDagBundle(name=dags-folder), max_tries=0, start_date=datetime.datetime(2025, 7, 29, 19, 48, 3, 995917, tzinfo=datetime.timezone.utc), end_date=None, state=<TaskInstanceState.RUNNING: 'running'>, is_mapped=False, rendered_map_index=None, log_url='http://localhost:8080/dags/python_operator_v1/runs/scheduled__2023-06-24T02%3A10%3A00%2B00%3A00/tasks/python?try_number=1'),","chan":"stdout","logger":"task"}
{"timestamp":"2025-07-29T19:48:04.655584Z","level":"info","event":" 'task_instance_key_str': 'python_operator_v1__python__20230624',","chan":"stdout","logger":"task"}
{"timestamp":"2025-07-29T19:48:04.655666Z","level":"info","event":" 'task_reschedule_count': 0,","chan":"stdout","logger":"task"}
{"timestamp":"2025-07-29T19:48:04.655729Z","level":"info","event":" 'templates_dict': None,","chan":"stdout","logger":"task"}
{"timestamp":"2025-07-29T19:48:04.655809Z","level":"info","event":" 'ti': RuntimeTaskInstance(id=UUID('019857ba-4c04-7866-8b7b-660efb5cb846'), task_id='python', dag_id='python_operator_v1', run_id='scheduled__2023-06-24T02:10:00+00:00', try_number=1, map_index=-1, hostname='bf6f1e7a6f11', context_carrier={}, task=<Task(PythonOperator): python>, bundle_instance=LocalDagBundle(name=dags-folder), max_tries=0, start_date=datetime.datetime(2025, 7, 29, 19, 48, 3, 995917, tzinfo=datetime.timezone.utc), end_date=None, state=<TaskInstanceState.RUNNING: 'running'>, is_mapped=False, rendered_map_index=None, log_url='http://localhost:8080/dags/python_operator_v1/runs/scheduled__2023-06-24T02%3A10%3A00%2B00%3A00/tasks/python?try_number=1'),","chan":"stdout","logger":"task"}
{"timestamp":"2025-07-29T19:48:04.655973Z","level":"info","event":" 'triggering_asset_events': TriggeringAssetEventsAccessor(_events=defaultdict(<class 'list'>, {})),","chan":"stdout","logger":"task"}
{"timestamp":"2025-07-29T19:48:04.656064Z","level":"info","event":" 'ts': '2023-06-24T02:10:00+00:00',","chan":"stdout","logger":"task"}
{"timestamp":"2025-07-29T19:48:04.656161Z","level":"info","event":" 'ts_nodash': '20230624T021000',","chan":"stdout","logger":"task"}
{"timestamp":"2025-07-29T19:48:04.656236Z","level":"info","event":" 'ts_nodash_with_tz': '20230624T021000+0000',","chan":"stdout","logger":"task"}
{"timestamp":"2025-07-29T19:48:04.656327Z","level":"info","event":" 'var': {'json': <VariableAccessor (dynamic access)>,","chan":"stdout","logger":"task"}
{"timestamp":"2025-07-29T19:48:04.656389Z","level":"info","event":"         'value': <VariableAccessor (dynamic access)>}}","chan":"stdout","logger":"task"}
{"timestamp":"2025-07-29T19:48:04.656221","level":"info","event":"Done. Returned value was: 123","logger":"airflow.task.operators.airflow.providers.standard.operators.python.PythonOperator"}
{"timestamp":"2025-07-29T19:48:04.656531","level":"info","event":"Pushing xcom","ti":"RuntimeTaskInstance(id=UUID('019857ba-4c04-7866-8b7b-660efb5cb846'), task_id='python', dag_id='python_operator_v1', run_id='scheduled__2023-06-24T02:10:00+00:00', try_number=1, map_index=-1, hostname='bf6f1e7a6f11', context_carrier={}, task=<Task(PythonOperator): python>, bundle_instance=LocalDagBundle(name=dags-folder), max_tries=0, start_date=datetime.datetime(2025, 7, 29, 19, 48, 3, 995917, tzinfo=datetime.timezone.utc), end_date=None, state=<TaskInstanceState.RUNNING: 'running'>, is_mapped=False, rendered_map_index=None, log_url='http://localhost:8080/dags/python_operator_v1/runs/scheduled__2023-06-24T02%3A10%3A00%2B00%3A00/tasks/python?try_number=1')","logger":"task"}
{"timestamp":"2025-07-29T19:48:04.691433Z","level":"info","event":"Task instance in success state","chan":"stdout","logger":"task"}
{"timestamp":"2025-07-29T19:48:04.691632Z","level":"info","event":" Previous state of the Task instance: TaskInstanceState.RUNNING","chan":"stdout","logger":"task"}
{"timestamp":"2025-07-29T19:48:04.691932Z","level":"info","event":"Task operator:<Task(PythonOperator): python>","chan":"stdout","logger":"task"}
