{"timestamp":"2025-07-29T19:49:49.408387","level":"info","event":"DAG bundles loaded: dags-folder, example_dags","logger":"airflow.dag_processing.bundles.manager.DagBundlesManager"}
{"timestamp":"2025-07-29T19:49:49.408848","level":"info","event":"Filling up the DagBag from /opt/airflow/dags/2_python_operator_v1.py","logger":"airflow.models.dagbag.DagBag"}
{"timestamp":"2025-07-29T19:49:49.431565Z","level":"info","event":"Task instance is in running state","chan":"stdout","logger":"task"}
{"timestamp":"2025-07-29T19:49:49.431727Z","level":"info","event":" Previous state of the Task instance: TaskInstanceState.QUEUED","chan":"stdout","logger":"task"}
{"timestamp":"2025-07-29T19:49:49.432098Z","level":"info","event":"Current task name:python","chan":"stdout","logger":"task"}
{"timestamp":"2025-07-29T19:49:49.432188Z","level":"info","event":"Dag name:python_operator_v1","chan":"stdout","logger":"task"}
{"timestamp":"2025-07-29T19:49:49.433112Z","level":"info","event":"poliana","chan":"stdout","logger":"task"}
{"timestamp":"2025-07-29T19:49:49.433657Z","level":"info","event":"{'conn': <ConnectionAccessor (dynamic access)>,","chan":"stdout","logger":"task"}
{"timestamp":"2025-07-29T19:49:49.433740Z","level":"info","event":" 'dag': <DAG: python_operator_v1>,","chan":"stdout","logger":"task"}
{"timestamp":"2025-07-29T19:49:49.433828Z","level":"info","event":" 'dag_run': DagRun(dag_id='python_operator_v1', run_id='scheduled__2023-06-24T03:49:00+00:00', logical_date=datetime.datetime(2023, 6, 24, 3, 49, tzinfo=datetime.timezone.utc), data_interval_start=datetime.datetime(2023, 6, 24, 3, 49, tzinfo=datetime.timezone.utc), data_interval_end=datetime.datetime(2023, 6, 24, 3, 49, tzinfo=datetime.timezone.utc), run_after=datetime.datetime(2023, 6, 24, 3, 49, tzinfo=datetime.timezone.utc), start_date=datetime.datetime(2025, 7, 29, 19, 49, 48, 493558, tzinfo=datetime.timezone.utc), end_date=None, clear_number=0, run_type=<DagRunType.SCHEDULED: 'scheduled'>, conf={}, consumed_asset_events=[]),","chan":"stdout","logger":"task"}
{"timestamp":"2025-07-29T19:49:49.433885Z","level":"info","event":" 'data_interval_end': DateTime(2023, 6, 24, 3, 49, 0, tzinfo=Timezone('UTC')),","chan":"stdout","logger":"task"}
{"timestamp":"2025-07-29T19:49:49.433932Z","level":"info","event":" 'data_interval_start': DateTime(2023, 6, 24, 3, 49, 0, tzinfo=Timezone('UTC')),","chan":"stdout","logger":"task"}
{"timestamp":"2025-07-29T19:49:49.433975Z","level":"info","event":" 'ds': '2023-06-24',","chan":"stdout","logger":"task"}
{"timestamp":"2025-07-29T19:49:49.434017Z","level":"info","event":" 'ds_nodash': '20230624',","chan":"stdout","logger":"task"}
{"timestamp":"2025-07-29T19:49:49.434058Z","level":"info","event":" 'inlet_events': InletEventsAccessors(_inlets=[], _assets={}, _asset_aliases={}),","chan":"stdout","logger":"task"}
{"timestamp":"2025-07-29T19:49:49.434099Z","level":"info","event":" 'inlets': [],","chan":"stdout","logger":"task"}
{"timestamp":"2025-07-29T19:49:49.434140Z","level":"info","event":" 'logical_date': DateTime(2023, 6, 24, 3, 49, 0, tzinfo=Timezone('UTC')),","chan":"stdout","logger":"task"}
{"timestamp":"2025-07-29T19:49:49.434180Z","level":"info","event":" 'macros': <MacrosAccessor (dynamic access to macros)>,","chan":"stdout","logger":"task"}
{"timestamp":"2025-07-29T19:49:49.434221Z","level":"info","event":" 'map_index_template': None,","chan":"stdout","logger":"task"}
{"timestamp":"2025-07-29T19:49:49.434262Z","level":"info","event":" 'outlet_events': <airflow.sdk.execution_time.context.OutletEventAccessors object at 0x7fb66fd27a70>,","chan":"stdout","logger":"task"}
{"timestamp":"2025-07-29T19:49:49.434303Z","level":"info","event":" 'outlets': [],","chan":"stdout","logger":"task"}
{"timestamp":"2025-07-29T19:49:49.434343Z","level":"info","event":" 'params': {},","chan":"stdout","logger":"task"}
{"timestamp":"2025-07-29T19:49:49.443936Z","level":"info","event":" 'prev_data_interval_end_success': <Proxy at 0x7fb66fde4b90 with factory <function RuntimeTaskInstance.get_template_context.<locals>.<lambda> at 0x7fb66fdf20c0>>,","chan":"stdout","logger":"task"}
{"timestamp":"2025-07-29T19:49:49.444186Z","level":"info","event":" 'prev_data_interval_start_success': <Proxy at 0x7fb66fde4ef0 with factory <function RuntimeTaskInstance.get_template_context.<locals>.<lambda> at 0x7fb66fdf37e0>>,","chan":"stdout","logger":"task"}
{"timestamp":"2025-07-29T19:49:49.444257Z","level":"info","event":" 'prev_end_date_success': <Proxy at 0x7fb66fde5100 with factory <function RuntimeTaskInstance.get_template_context.<locals>.<lambda> at 0x7fb66fdf3880>>,","chan":"stdout","logger":"task"}
{"timestamp":"2025-07-29T19:49:49.444312Z","level":"info","event":" 'prev_start_date_success': <Proxy at 0x7fb66fde50a0 with factory <function RuntimeTaskInstance.get_template_context.<locals>.<lambda> at 0x7fb66fdf25c0>>,","chan":"stdout","logger":"task"}
{"timestamp":"2025-07-29T19:49:49.444357Z","level":"info","event":" 'run_id': 'scheduled__2023-06-24T03:49:00+00:00',","chan":"stdout","logger":"task"}
{"timestamp":"2025-07-29T19:49:49.444401Z","level":"info","event":" 'task': <Task(PythonOperator): python>,","chan":"stdout","logger":"task"}
{"timestamp":"2025-07-29T19:49:49.444446Z","level":"info","event":" 'task_instance': RuntimeTaskInstance(id=UUID('019857bb-e543-7156-884e-9a024f7534da'), task_id='python', dag_id='python_operator_v1', run_id='scheduled__2023-06-24T03:49:00+00:00', try_number=1, map_index=-1, hostname='bf6f1e7a6f11', context_carrier={}, task=<Task(PythonOperator): python>, bundle_instance=LocalDagBundle(name=dags-folder), max_tries=0, start_date=datetime.datetime(2025, 7, 29, 19, 49, 48, 907251, tzinfo=datetime.timezone.utc), end_date=None, state=<TaskInstanceState.RUNNING: 'running'>, is_mapped=False, rendered_map_index=None, log_url='http://localhost:8080/dags/python_operator_v1/runs/scheduled__2023-06-24T03%3A49%3A00%2B00%3A00/tasks/python?try_number=1'),","chan":"stdout","logger":"task"}
{"timestamp":"2025-07-29T19:49:49.444512Z","level":"info","event":" 'task_instance_key_str': 'python_operator_v1__python__20230624',","chan":"stdout","logger":"task"}
{"timestamp":"2025-07-29T19:49:49.444567Z","level":"info","event":" 'task_reschedule_count': 0,","chan":"stdout","logger":"task"}
{"timestamp":"2025-07-29T19:49:49.444637Z","level":"info","event":" 'templates_dict': None,","chan":"stdout","logger":"task"}
{"timestamp":"2025-07-29T19:49:49.444727Z","level":"info","event":" 'ti': RuntimeTaskInstance(id=UUID('019857bb-e543-7156-884e-9a024f7534da'), task_id='python', dag_id='python_operator_v1', run_id='scheduled__2023-06-24T03:49:00+00:00', try_number=1, map_index=-1, hostname='bf6f1e7a6f11', context_carrier={}, task=<Task(PythonOperator): python>, bundle_instance=LocalDagBundle(name=dags-folder), max_tries=0, start_date=datetime.datetime(2025, 7, 29, 19, 49, 48, 907251, tzinfo=datetime.timezone.utc), end_date=None, state=<TaskInstanceState.RUNNING: 'running'>, is_mapped=False, rendered_map_index=None, log_url='http://localhost:8080/dags/python_operator_v1/runs/scheduled__2023-06-24T03%3A49%3A00%2B00%3A00/tasks/python?try_number=1'),","chan":"stdout","logger":"task"}
{"timestamp":"2025-07-29T19:49:49.444782Z","level":"info","event":" 'triggering_asset_events': TriggeringAssetEventsAccessor(_events=defaultdict(<class 'list'>, {})),","chan":"stdout","logger":"task"}
{"timestamp":"2025-07-29T19:49:49.444826Z","level":"info","event":" 'ts': '2023-06-24T03:49:00+00:00',","chan":"stdout","logger":"task"}
{"timestamp":"2025-07-29T19:49:49.444868Z","level":"info","event":" 'ts_nodash': '20230624T034900',","chan":"stdout","logger":"task"}
{"timestamp":"2025-07-29T19:49:49.444909Z","level":"info","event":" 'ts_nodash_with_tz': '20230624T034900+0000',","chan":"stdout","logger":"task"}
{"timestamp":"2025-07-29T19:49:49.444949Z","level":"info","event":" 'var': {'json': <VariableAccessor (dynamic access)>,","chan":"stdout","logger":"task"}
{"timestamp":"2025-07-29T19:49:49.445033Z","level":"info","event":"         'value': <VariableAccessor (dynamic access)>}}","chan":"stdout","logger":"task"}
{"timestamp":"2025-07-29T19:49:49.444814","level":"info","event":"Done. Returned value was: 123","logger":"airflow.task.operators.airflow.providers.standard.operators.python.PythonOperator"}
{"timestamp":"2025-07-29T19:49:49.445005","level":"info","event":"Pushing xcom","ti":"RuntimeTaskInstance(id=UUID('019857bb-e543-7156-884e-9a024f7534da'), task_id='python', dag_id='python_operator_v1', run_id='scheduled__2023-06-24T03:49:00+00:00', try_number=1, map_index=-1, hostname='bf6f1e7a6f11', context_carrier={}, task=<Task(PythonOperator): python>, bundle_instance=LocalDagBundle(name=dags-folder), max_tries=0, start_date=datetime.datetime(2025, 7, 29, 19, 49, 48, 907251, tzinfo=datetime.timezone.utc), end_date=None, state=<TaskInstanceState.RUNNING: 'running'>, is_mapped=False, rendered_map_index=None, log_url='http://localhost:8080/dags/python_operator_v1/runs/scheduled__2023-06-24T03%3A49%3A00%2B00%3A00/tasks/python?try_number=1')","logger":"task"}
{"timestamp":"2025-07-29T19:49:49.466142Z","level":"info","event":"Task instance in success state","chan":"stdout","logger":"task"}
{"timestamp":"2025-07-29T19:49:49.466278Z","level":"info","event":" Previous state of the Task instance: TaskInstanceState.RUNNING","chan":"stdout","logger":"task"}
{"timestamp":"2025-07-29T19:49:49.466369Z","level":"info","event":"Task operator:<Task(PythonOperator): python>","chan":"stdout","logger":"task"}
