{"timestamp":"2025-07-29T20:08:42.332905","level":"info","event":"DAG bundles loaded: dags-folder, example_dags","logger":"airflow.dag_processing.bundles.manager.DagBundlesManager"}
{"timestamp":"2025-07-29T20:08:42.333694","level":"info","event":"Filling up the DagBag from /opt/airflow/dags/2_python_operator_v1.py","logger":"airflow.models.dagbag.DagBag"}
{"timestamp":"2025-07-29T20:08:42.375584Z","level":"info","event":"Task instance is in running state","chan":"stdout","logger":"task"}
{"timestamp":"2025-07-29T20:08:42.375770Z","level":"info","event":" Previous state of the Task instance: TaskInstanceState.QUEUED","chan":"stdout","logger":"task"}
{"timestamp":"2025-07-29T20:08:42.376332Z","level":"info","event":"Current task name:python","chan":"stdout","logger":"task"}
{"timestamp":"2025-07-29T20:08:42.376435Z","level":"info","event":"Dag name:python_operator_v1","chan":"stdout","logger":"task"}
{"timestamp":"2025-07-29T20:08:42.377400Z","level":"info","event":"poliana","chan":"stdout","logger":"task"}
{"timestamp":"2025-07-29T20:08:42.378004Z","level":"info","event":"{'conn': <ConnectionAccessor (dynamic access)>,","chan":"stdout","logger":"task"}
{"timestamp":"2025-07-29T20:08:42.378094Z","level":"info","event":" 'dag': <DAG: python_operator_v1>,","chan":"stdout","logger":"task"}
{"timestamp":"2025-07-29T20:08:42.378197Z","level":"info","event":" 'dag_run': DagRun(dag_id='python_operator_v1', run_id='scheduled__2023-06-24T22:08:00+00:00', logical_date=datetime.datetime(2023, 6, 24, 22, 8, tzinfo=datetime.timezone.utc), data_interval_start=datetime.datetime(2023, 6, 24, 22, 8, tzinfo=datetime.timezone.utc), data_interval_end=datetime.datetime(2023, 6, 24, 22, 8, tzinfo=datetime.timezone.utc), run_after=datetime.datetime(2023, 6, 24, 22, 8, tzinfo=datetime.timezone.utc), start_date=datetime.datetime(2025, 7, 29, 20, 8, 40, 167435, tzinfo=datetime.timezone.utc), end_date=None, clear_number=0, run_type=<DagRunType.SCHEDULED: 'scheduled'>, conf={}, consumed_asset_events=[]),","chan":"stdout","logger":"task"}
{"timestamp":"2025-07-29T20:08:42.378255Z","level":"info","event":" 'data_interval_end': DateTime(2023, 6, 24, 22, 8, 0, tzinfo=Timezone('UTC')),","chan":"stdout","logger":"task"}
{"timestamp":"2025-07-29T20:08:42.378302Z","level":"info","event":" 'data_interval_start': DateTime(2023, 6, 24, 22, 8, 0, tzinfo=Timezone('UTC')),","chan":"stdout","logger":"task"}
{"timestamp":"2025-07-29T20:08:42.378345Z","level":"info","event":" 'ds': '2023-06-24',","chan":"stdout","logger":"task"}
{"timestamp":"2025-07-29T20:08:42.378388Z","level":"info","event":" 'ds_nodash': '20230624',","chan":"stdout","logger":"task"}
{"timestamp":"2025-07-29T20:08:42.378430Z","level":"info","event":" 'inlet_events': InletEventsAccessors(_inlets=[], _assets={}, _asset_aliases={}),","chan":"stdout","logger":"task"}
{"timestamp":"2025-07-29T20:08:42.378471Z","level":"info","event":" 'inlets': [],","chan":"stdout","logger":"task"}
{"timestamp":"2025-07-29T20:08:42.378513Z","level":"info","event":" 'logical_date': DateTime(2023, 6, 24, 22, 8, 0, tzinfo=Timezone('UTC')),","chan":"stdout","logger":"task"}
{"timestamp":"2025-07-29T20:08:42.378555Z","level":"info","event":" 'macros': <MacrosAccessor (dynamic access to macros)>,","chan":"stdout","logger":"task"}
{"timestamp":"2025-07-29T20:08:42.378596Z","level":"info","event":" 'map_index_template': None,","chan":"stdout","logger":"task"}
{"timestamp":"2025-07-29T20:08:42.378637Z","level":"info","event":" 'outlet_events': <airflow.sdk.execution_time.context.OutletEventAccessors object at 0x7fb67ebcca40>,","chan":"stdout","logger":"task"}
{"timestamp":"2025-07-29T20:08:42.378679Z","level":"info","event":" 'outlets': [],","chan":"stdout","logger":"task"}
{"timestamp":"2025-07-29T20:08:42.378719Z","level":"info","event":" 'params': {},","chan":"stdout","logger":"task"}
{"timestamp":"2025-07-29T20:08:42.403544Z","level":"info","event":" 'prev_data_interval_end_success': <Proxy at 0x7fb66fc517c0 with factory <function RuntimeTaskInstance.get_template_context.<locals>.<lambda> at 0x7fb66fc6d260>>,","chan":"stdout","logger":"task"}
{"timestamp":"2025-07-29T20:08:42.404278Z","level":"info","event":" 'prev_data_interval_start_success': <Proxy at 0x7fb66fc51700 with factory <function RuntimeTaskInstance.get_template_context.<locals>.<lambda> at 0x7fb66fc6e980>>,","chan":"stdout","logger":"task"}
{"timestamp":"2025-07-29T20:08:42.404434Z","level":"info","event":" 'prev_end_date_success': <Proxy at 0x7fb67ebcfe30 with factory <function RuntimeTaskInstance.get_template_context.<locals>.<lambda> at 0x7fb66fc6ea20>>,","chan":"stdout","logger":"task"}
{"timestamp":"2025-07-29T20:08:42.404510Z","level":"info","event":" 'prev_start_date_success': <Proxy at 0x7fb66fc51b20 with factory <function RuntimeTaskInstance.get_template_context.<locals>.<lambda> at 0x7fb66fc6d760>>,","chan":"stdout","logger":"task"}
{"timestamp":"2025-07-29T20:08:42.404573Z","level":"info","event":" 'run_id': 'scheduled__2023-06-24T22:08:00+00:00',","chan":"stdout","logger":"task"}
{"timestamp":"2025-07-29T20:08:42.404636Z","level":"info","event":" 'task': <Task(PythonOperator): python>,","chan":"stdout","logger":"task"}
{"timestamp":"2025-07-29T20:08:42.404702Z","level":"info","event":" 'task_instance': RuntimeTaskInstance(id=UUID('019857cd-29d5-79f3-a3d1-f9b3a10ded18'), task_id='python', dag_id='python_operator_v1', run_id='scheduled__2023-06-24T22:08:00+00:00', try_number=1, map_index=-1, hostname='bf6f1e7a6f11', context_carrier={}, task=<Task(PythonOperator): python>, bundle_instance=LocalDagBundle(name=dags-folder), max_tries=0, start_date=datetime.datetime(2025, 7, 29, 20, 8, 41, 551232, tzinfo=datetime.timezone.utc), end_date=None, state=<TaskInstanceState.RUNNING: 'running'>, is_mapped=False, rendered_map_index=None, log_url='http://localhost:8080/dags/python_operator_v1/runs/scheduled__2023-06-24T22%3A08%3A00%2B00%3A00/tasks/python?try_number=1'),","chan":"stdout","logger":"task"}
{"timestamp":"2025-07-29T20:08:42.404870Z","level":"info","event":" 'task_instance_key_str': 'python_operator_v1__python__20230624',","chan":"stdout","logger":"task"}
{"timestamp":"2025-07-29T20:08:42.404958Z","level":"info","event":" 'task_reschedule_count': 0,","chan":"stdout","logger":"task"}
{"timestamp":"2025-07-29T20:08:42.405032Z","level":"info","event":" 'templates_dict': None,","chan":"stdout","logger":"task"}
{"timestamp":"2025-07-29T20:08:42.405192Z","level":"info","event":" 'ti': RuntimeTaskInstance(id=UUID('019857cd-29d5-79f3-a3d1-f9b3a10ded18'), task_id='python', dag_id='python_operator_v1', run_id='scheduled__2023-06-24T22:08:00+00:00', try_number=1, map_index=-1, hostname='bf6f1e7a6f11', context_carrier={}, task=<Task(PythonOperator): python>, bundle_instance=LocalDagBundle(name=dags-folder), max_tries=0, start_date=datetime.datetime(2025, 7, 29, 20, 8, 41, 551232, tzinfo=datetime.timezone.utc), end_date=None, state=<TaskInstanceState.RUNNING: 'running'>, is_mapped=False, rendered_map_index=None, log_url='http://localhost:8080/dags/python_operator_v1/runs/scheduled__2023-06-24T22%3A08%3A00%2B00%3A00/tasks/python?try_number=1'),","chan":"stdout","logger":"task"}
{"timestamp":"2025-07-29T20:08:42.405262Z","level":"info","event":" 'triggering_asset_events': TriggeringAssetEventsAccessor(_events=defaultdict(<class 'list'>, {})),","chan":"stdout","logger":"task"}
{"timestamp":"2025-07-29T20:08:42.405310Z","level":"info","event":" 'ts': '2023-06-24T22:08:00+00:00',","chan":"stdout","logger":"task"}
{"timestamp":"2025-07-29T20:08:42.405352Z","level":"info","event":" 'ts_nodash': '20230624T220800',","chan":"stdout","logger":"task"}
{"timestamp":"2025-07-29T20:08:42.405394Z","level":"info","event":" 'ts_nodash_with_tz': '20230624T220800+0000',","chan":"stdout","logger":"task"}
{"timestamp":"2025-07-29T20:08:42.405436Z","level":"info","event":" 'var': {'json': <VariableAccessor (dynamic access)>,","chan":"stdout","logger":"task"}
{"timestamp":"2025-07-29T20:08:42.405477Z","level":"info","event":"         'value': <VariableAccessor (dynamic access)>}}","chan":"stdout","logger":"task"}
{"timestamp":"2025-07-29T20:08:42.405415","level":"info","event":"Done. Returned value was: 123","logger":"airflow.task.operators.airflow.providers.standard.operators.python.PythonOperator"}
{"timestamp":"2025-07-29T20:08:42.405663","level":"info","event":"Pushing xcom","ti":"RuntimeTaskInstance(id=UUID('019857cd-29d5-79f3-a3d1-f9b3a10ded18'), task_id='python', dag_id='python_operator_v1', run_id='scheduled__2023-06-24T22:08:00+00:00', try_number=1, map_index=-1, hostname='bf6f1e7a6f11', context_carrier={}, task=<Task(PythonOperator): python>, bundle_instance=LocalDagBundle(name=dags-folder), max_tries=0, start_date=datetime.datetime(2025, 7, 29, 20, 8, 41, 551232, tzinfo=datetime.timezone.utc), end_date=None, state=<TaskInstanceState.RUNNING: 'running'>, is_mapped=False, rendered_map_index=None, log_url='http://localhost:8080/dags/python_operator_v1/runs/scheduled__2023-06-24T22%3A08%3A00%2B00%3A00/tasks/python?try_number=1')","logger":"task"}
{"timestamp":"2025-07-29T20:08:42.436446Z","level":"info","event":"Task instance in success state","chan":"stdout","logger":"task"}
{"timestamp":"2025-07-29T20:08:42.436681Z","level":"info","event":" Previous state of the Task instance: TaskInstanceState.RUNNING","chan":"stdout","logger":"task"}
{"timestamp":"2025-07-29T20:08:42.436867Z","level":"info","event":"Task operator:<Task(PythonOperator): python>","chan":"stdout","logger":"task"}
