{"timestamp":"2025-07-29T20:03:33.141885","level":"info","event":"DAG bundles loaded: dags-folder, example_dags","logger":"airflow.dag_processing.bundles.manager.DagBundlesManager"}
{"timestamp":"2025-07-29T20:03:33.142469","level":"info","event":"Filling up the DagBag from /opt/airflow/dags/2_python_operator_v1.py","logger":"airflow.models.dagbag.DagBag"}
{"timestamp":"2025-07-29T20:03:33.202365Z","level":"info","event":"Task instance is in running state","chan":"stdout","logger":"task"}
{"timestamp":"2025-07-29T20:03:33.202735Z","level":"info","event":" Previous state of the Task instance: TaskInstanceState.QUEUED","chan":"stdout","logger":"task"}
{"timestamp":"2025-07-29T20:03:33.203872Z","level":"info","event":"Current task name:python","chan":"stdout","logger":"task"}
{"timestamp":"2025-07-29T20:03:33.204054Z","level":"info","event":"Dag name:python_operator_v1","chan":"stdout","logger":"task"}
{"timestamp":"2025-07-29T20:03:33.205800Z","level":"info","event":"poliana","chan":"stdout","logger":"task"}
{"timestamp":"2025-07-29T20:03:33.207029Z","level":"info","event":"{'conn': <ConnectionAccessor (dynamic access)>,","chan":"stdout","logger":"task"}
{"timestamp":"2025-07-29T20:03:33.207233Z","level":"info","event":" 'dag': <DAG: python_operator_v1>,","chan":"stdout","logger":"task"}
{"timestamp":"2025-07-29T20:03:33.207459Z","level":"info","event":" 'dag_run': DagRun(dag_id='python_operator_v1', run_id='scheduled__2023-06-24T17:35:00+00:00', logical_date=datetime.datetime(2023, 6, 24, 17, 35, tzinfo=datetime.timezone.utc), data_interval_start=datetime.datetime(2023, 6, 24, 17, 35, tzinfo=datetime.timezone.utc), data_interval_end=datetime.datetime(2023, 6, 24, 17, 35, tzinfo=datetime.timezone.utc), run_after=datetime.datetime(2023, 6, 24, 17, 35, tzinfo=datetime.timezone.utc), start_date=datetime.datetime(2025, 7, 29, 20, 3, 32, 53085, tzinfo=datetime.timezone.utc), end_date=None, clear_number=0, run_type=<DagRunType.SCHEDULED: 'scheduled'>, conf={}, consumed_asset_events=[]),","chan":"stdout","logger":"task"}
{"timestamp":"2025-07-29T20:03:33.207579Z","level":"info","event":" 'data_interval_end': DateTime(2023, 6, 24, 17, 35, 0, tzinfo=Timezone('UTC')),","chan":"stdout","logger":"task"}
{"timestamp":"2025-07-29T20:03:33.207690Z","level":"info","event":" 'data_interval_start': DateTime(2023, 6, 24, 17, 35, 0, tzinfo=Timezone('UTC')),","chan":"stdout","logger":"task"}
{"timestamp":"2025-07-29T20:03:33.207774Z","level":"info","event":" 'ds': '2023-06-24',","chan":"stdout","logger":"task"}
{"timestamp":"2025-07-29T20:03:33.207846Z","level":"info","event":" 'ds_nodash': '20230624',","chan":"stdout","logger":"task"}
{"timestamp":"2025-07-29T20:03:33.207912Z","level":"info","event":" 'inlet_events': InletEventsAccessors(_inlets=[], _assets={}, _asset_aliases={}),","chan":"stdout","logger":"task"}
{"timestamp":"2025-07-29T20:03:33.207979Z","level":"info","event":" 'inlets': [],","chan":"stdout","logger":"task"}
{"timestamp":"2025-07-29T20:03:33.208044Z","level":"info","event":" 'logical_date': DateTime(2023, 6, 24, 17, 35, 0, tzinfo=Timezone('UTC')),","chan":"stdout","logger":"task"}
{"timestamp":"2025-07-29T20:03:33.208109Z","level":"info","event":" 'macros': <MacrosAccessor (dynamic access to macros)>,","chan":"stdout","logger":"task"}
{"timestamp":"2025-07-29T20:03:33.208173Z","level":"info","event":" 'map_index_template': None,","chan":"stdout","logger":"task"}
{"timestamp":"2025-07-29T20:03:33.208239Z","level":"info","event":" 'outlet_events': <airflow.sdk.execution_time.context.OutletEventAccessors object at 0x7fb67ebb6c90>,","chan":"stdout","logger":"task"}
{"timestamp":"2025-07-29T20:03:33.208307Z","level":"info","event":" 'outlets': [],","chan":"stdout","logger":"task"}
{"timestamp":"2025-07-29T20:03:33.208378Z","level":"info","event":" 'params': {},","chan":"stdout","logger":"task"}
{"timestamp":"2025-07-29T20:03:33.229566Z","level":"info","event":" 'prev_data_interval_end_success': <Proxy at 0x7fb66fc8f140 with factory <function RuntimeTaskInstance.get_template_context.<locals>.<lambda> at 0x7fb66fcc0ea0>>,","chan":"stdout","logger":"task"}
{"timestamp":"2025-07-29T20:03:33.229958Z","level":"info","event":" 'prev_data_interval_start_success': <Proxy at 0x7fb66fc8f1d0 with factory <function RuntimeTaskInstance.get_template_context.<locals>.<lambda> at 0x7fb66fcc25c0>>,","chan":"stdout","logger":"task"}
{"timestamp":"2025-07-29T20:03:33.230126Z","level":"info","event":" 'prev_end_date_success': <Proxy at 0x7fb67ebefe30 with factory <function RuntimeTaskInstance.get_template_context.<locals>.<lambda> at 0x7fb66fcc2660>>,","chan":"stdout","logger":"task"}
{"timestamp":"2025-07-29T20:03:33.230238Z","level":"info","event":" 'prev_start_date_success': <Proxy at 0x7fb66fc8f0e0 with factory <function RuntimeTaskInstance.get_template_context.<locals>.<lambda> at 0x7fb66fcc13a0>>,","chan":"stdout","logger":"task"}
{"timestamp":"2025-07-29T20:03:33.230314Z","level":"info","event":" 'run_id': 'scheduled__2023-06-24T17:35:00+00:00',","chan":"stdout","logger":"task"}
{"timestamp":"2025-07-29T20:03:33.230383Z","level":"info","event":" 'task': <Task(PythonOperator): python>,","chan":"stdout","logger":"task"}
{"timestamp":"2025-07-29T20:03:33.230456Z","level":"info","event":" 'task_instance': RuntimeTaskInstance(id=UUID('019857c8-7646-7cef-ad35-c67c0c576730'), task_id='python', dag_id='python_operator_v1', run_id='scheduled__2023-06-24T17:35:00+00:00', try_number=1, map_index=-1, hostname='bf6f1e7a6f11', context_carrier={}, task=<Task(PythonOperator): python>, bundle_instance=LocalDagBundle(name=dags-folder), max_tries=0, start_date=datetime.datetime(2025, 7, 29, 20, 3, 32, 428444, tzinfo=datetime.timezone.utc), end_date=None, state=<TaskInstanceState.RUNNING: 'running'>, is_mapped=False, rendered_map_index=None, log_url='http://localhost:8080/dags/python_operator_v1/runs/scheduled__2023-06-24T17%3A35%3A00%2B00%3A00/tasks/python?try_number=1'),","chan":"stdout","logger":"task"}
{"timestamp":"2025-07-29T20:03:33.230531Z","level":"info","event":" 'task_instance_key_str': 'python_operator_v1__python__20230624',","chan":"stdout","logger":"task"}
{"timestamp":"2025-07-29T20:03:33.230599Z","level":"info","event":" 'task_reschedule_count': 0,","chan":"stdout","logger":"task"}
{"timestamp":"2025-07-29T20:03:33.230666Z","level":"info","event":" 'templates_dict': None,","chan":"stdout","logger":"task"}
{"timestamp":"2025-07-29T20:03:33.230735Z","level":"info","event":" 'ti': RuntimeTaskInstance(id=UUID('019857c8-7646-7cef-ad35-c67c0c576730'), task_id='python', dag_id='python_operator_v1', run_id='scheduled__2023-06-24T17:35:00+00:00', try_number=1, map_index=-1, hostname='bf6f1e7a6f11', context_carrier={}, task=<Task(PythonOperator): python>, bundle_instance=LocalDagBundle(name=dags-folder), max_tries=0, start_date=datetime.datetime(2025, 7, 29, 20, 3, 32, 428444, tzinfo=datetime.timezone.utc), end_date=None, state=<TaskInstanceState.RUNNING: 'running'>, is_mapped=False, rendered_map_index=None, log_url='http://localhost:8080/dags/python_operator_v1/runs/scheduled__2023-06-24T17%3A35%3A00%2B00%3A00/tasks/python?try_number=1'),","chan":"stdout","logger":"task"}
{"timestamp":"2025-07-29T20:03:33.230827Z","level":"info","event":" 'triggering_asset_events': TriggeringAssetEventsAccessor(_events=defaultdict(<class 'list'>, {})),","chan":"stdout","logger":"task"}
{"timestamp":"2025-07-29T20:03:33.230910Z","level":"info","event":" 'ts': '2023-06-24T17:35:00+00:00',","chan":"stdout","logger":"task"}
{"timestamp":"2025-07-29T20:03:33.230978Z","level":"info","event":" 'ts_nodash': '20230624T173500',","chan":"stdout","logger":"task"}
{"timestamp":"2025-07-29T20:03:33.231097Z","level":"info","event":" 'ts_nodash_with_tz': '20230624T173500+0000',","chan":"stdout","logger":"task"}
{"timestamp":"2025-07-29T20:03:33.231626Z","level":"info","event":" 'var': {'json': <VariableAccessor (dynamic access)>,","chan":"stdout","logger":"task"}
{"timestamp":"2025-07-29T20:03:33.231762Z","level":"info","event":"         'value': <VariableAccessor (dynamic access)>}}","chan":"stdout","logger":"task"}
{"timestamp":"2025-07-29T20:03:33.230963","level":"info","event":"Done. Returned value was: 123","logger":"airflow.task.operators.airflow.providers.standard.operators.python.PythonOperator"}
{"timestamp":"2025-07-29T20:03:33.231309","level":"info","event":"Pushing xcom","ti":"RuntimeTaskInstance(id=UUID('019857c8-7646-7cef-ad35-c67c0c576730'), task_id='python', dag_id='python_operator_v1', run_id='scheduled__2023-06-24T17:35:00+00:00', try_number=1, map_index=-1, hostname='bf6f1e7a6f11', context_carrier={}, task=<Task(PythonOperator): python>, bundle_instance=LocalDagBundle(name=dags-folder), max_tries=0, start_date=datetime.datetime(2025, 7, 29, 20, 3, 32, 428444, tzinfo=datetime.timezone.utc), end_date=None, state=<TaskInstanceState.RUNNING: 'running'>, is_mapped=False, rendered_map_index=None, log_url='http://localhost:8080/dags/python_operator_v1/runs/scheduled__2023-06-24T17%3A35%3A00%2B00%3A00/tasks/python?try_number=1')","logger":"task"}
{"timestamp":"2025-07-29T20:03:33.263241Z","level":"info","event":"Task instance in success state","chan":"stdout","logger":"task"}
{"timestamp":"2025-07-29T20:03:33.263378Z","level":"info","event":" Previous state of the Task instance: TaskInstanceState.RUNNING","chan":"stdout","logger":"task"}
{"timestamp":"2025-07-29T20:03:33.263524Z","level":"info","event":"Task operator:<Task(PythonOperator): python>","chan":"stdout","logger":"task"}
