{"timestamp":"2025-07-29T20:02:42.848648","level":"info","event":"DAG bundles loaded: dags-folder, example_dags","logger":"airflow.dag_processing.bundles.manager.DagBundlesManager"}
{"timestamp":"2025-07-29T20:02:42.849655","level":"info","event":"Filling up the DagBag from /opt/airflow/dags/3_dag_principal.py","logger":"airflow.models.dagbag.DagBag"}
{"timestamp":"2025-07-29T20:02:42.892882Z","level":"info","event":"Task instance is in running state","chan":"stdout","logger":"task"}
{"timestamp":"2025-07-29T20:02:42.893181Z","level":"info","event":" Previous state of the Task instance: TaskInstanceState.QUEUED","chan":"stdout","logger":"task"}
{"timestamp":"2025-07-29T20:02:42.896851Z","level":"info","event":"Current task name:python_principal","chan":"stdout","logger":"task"}
{"timestamp":"2025-07-29T20:02:42.897090Z","level":"info","event":"Dag name:3_DAG_principal","chan":"stdout","logger":"task"}
{"timestamp":"2025-07-29T20:02:42.898750Z","level":"info","event":"DAG principal","chan":"stdout","logger":"task"}
{"timestamp":"2025-07-29T20:02:42.899724Z","level":"info","event":"{'conn': <ConnectionAccessor (dynamic access)>,","chan":"stdout","logger":"task"}
{"timestamp":"2025-07-29T20:02:42.899890Z","level":"info","event":" 'dag': <DAG: 3_DAG_principal>,","chan":"stdout","logger":"task"}
{"timestamp":"2025-07-29T20:02:42.900088Z","level":"info","event":" 'dag_run': DagRun(dag_id='3_DAG_principal', run_id='scheduled__2024-01-26T20:00:00+00:00', logical_date=datetime.datetime(2024, 1, 26, 20, 0, tzinfo=datetime.timezone.utc), data_interval_start=datetime.datetime(2024, 1, 26, 20, 0, tzinfo=datetime.timezone.utc), data_interval_end=datetime.datetime(2024, 1, 26, 20, 0, tzinfo=datetime.timezone.utc), run_after=datetime.datetime(2024, 1, 26, 20, 0, tzinfo=datetime.timezone.utc), start_date=datetime.datetime(2025, 7, 29, 20, 2, 40, 963275, tzinfo=datetime.timezone.utc), end_date=None, clear_number=0, run_type=<DagRunType.SCHEDULED: 'scheduled'>, conf={}, consumed_asset_events=[]),","chan":"stdout","logger":"task"}
{"timestamp":"2025-07-29T20:02:42.900191Z","level":"info","event":" 'data_interval_end': DateTime(2024, 1, 26, 20, 0, 0, tzinfo=Timezone('UTC')),","chan":"stdout","logger":"task"}
{"timestamp":"2025-07-29T20:02:42.900271Z","level":"info","event":" 'data_interval_start': DateTime(2024, 1, 26, 20, 0, 0, tzinfo=Timezone('UTC')),","chan":"stdout","logger":"task"}
{"timestamp":"2025-07-29T20:02:42.900340Z","level":"info","event":" 'ds': '2024-01-26',","chan":"stdout","logger":"task"}
{"timestamp":"2025-07-29T20:02:42.900410Z","level":"info","event":" 'ds_nodash': '20240126',","chan":"stdout","logger":"task"}
{"timestamp":"2025-07-29T20:02:42.900482Z","level":"info","event":" 'inlet_events': InletEventsAccessors(_inlets=[], _assets={}, _asset_aliases={}),","chan":"stdout","logger":"task"}
{"timestamp":"2025-07-29T20:02:42.900583Z","level":"info","event":" 'inlets': [],","chan":"stdout","logger":"task"}
{"timestamp":"2025-07-29T20:02:42.900664Z","level":"info","event":" 'logical_date': DateTime(2024, 1, 26, 20, 0, 0, tzinfo=Timezone('UTC')),","chan":"stdout","logger":"task"}
{"timestamp":"2025-07-29T20:02:42.900736Z","level":"info","event":" 'macros': <MacrosAccessor (dynamic access to macros)>,","chan":"stdout","logger":"task"}
{"timestamp":"2025-07-29T20:02:42.900803Z","level":"info","event":" 'map_index_template': None,","chan":"stdout","logger":"task"}
{"timestamp":"2025-07-29T20:02:42.900875Z","level":"info","event":" 'outlet_events': <airflow.sdk.execution_time.context.OutletEventAccessors object at 0x7fb67ea7d9a0>,","chan":"stdout","logger":"task"}
{"timestamp":"2025-07-29T20:02:42.900945Z","level":"info","event":" 'outlets': [],","chan":"stdout","logger":"task"}
{"timestamp":"2025-07-29T20:02:42.901014Z","level":"info","event":" 'params': {},","chan":"stdout","logger":"task"}
{"timestamp":"2025-07-29T20:02:42.927178Z","level":"info","event":" 'prev_data_interval_end_success': <Proxy at 0x7fb66fc1df70 with factory <function RuntimeTaskInstance.get_template_context.<locals>.<lambda> at 0x7fb678281800>>,","chan":"stdout","logger":"task"}
{"timestamp":"2025-07-29T20:02:42.927764Z","level":"info","event":" 'prev_data_interval_start_success': <Proxy at 0x7fb66fc1e060 with factory <function RuntimeTaskInstance.get_template_context.<locals>.<lambda> at 0x7fb678280040>>,","chan":"stdout","logger":"task"}
{"timestamp":"2025-07-29T20:02:42.928046Z","level":"info","event":" 'prev_end_date_success': <Proxy at 0x7fb66fef6990 with factory <function RuntimeTaskInstance.get_template_context.<locals>.<lambda> at 0x7fb6782818a0>>,","chan":"stdout","logger":"task"}
{"timestamp":"2025-07-29T20:02:42.928289Z","level":"info","event":" 'prev_start_date_success': <Proxy at 0x7fb6785effb0 with factory <function RuntimeTaskInstance.get_template_context.<locals>.<lambda> at 0x7fb6782805e0>>,","chan":"stdout","logger":"task"}
{"timestamp":"2025-07-29T20:02:42.928518Z","level":"info","event":" 'run_id': 'scheduled__2024-01-26T20:00:00+00:00',","chan":"stdout","logger":"task"}
{"timestamp":"2025-07-29T20:02:42.928753Z","level":"info","event":" 'task': <Task(PythonOperator): python_principal>,","chan":"stdout","logger":"task"}
{"timestamp":"2025-07-29T20:02:42.928993Z","level":"info","event":" 'task_instance': RuntimeTaskInstance(id=UUID('019857c7-aebe-7acb-b513-ca5531998723'), task_id='python_principal', dag_id='3_DAG_principal', run_id='scheduled__2024-01-26T20:00:00+00:00', try_number=1, map_index=-1, hostname='bf6f1e7a6f11', context_carrier={}, task=<Task(PythonOperator): python_principal>, bundle_instance=LocalDagBundle(name=dags-folder), max_tries=0, start_date=datetime.datetime(2025, 7, 29, 20, 2, 42, 191982, tzinfo=datetime.timezone.utc), end_date=None, state=<TaskInstanceState.RUNNING: 'running'>, is_mapped=False, rendered_map_index=None, log_url='http://localhost:8080/dags/3_DAG_principal/runs/scheduled__2024-01-26T20%3A00%3A00%2B00%3A00/tasks/python_principal?try_number=1'),","chan":"stdout","logger":"task"}
{"timestamp":"2025-07-29T20:02:42.929231Z","level":"info","event":" 'task_instance_key_str': '3_DAG_principal__python_principal__20240126',","chan":"stdout","logger":"task"}
{"timestamp":"2025-07-29T20:02:42.929456Z","level":"info","event":" 'task_reschedule_count': 0,","chan":"stdout","logger":"task"}
{"timestamp":"2025-07-29T20:02:42.929680Z","level":"info","event":" 'templates_dict': None,","chan":"stdout","logger":"task"}
{"timestamp":"2025-07-29T20:02:42.929905Z","level":"info","event":" 'ti': RuntimeTaskInstance(id=UUID('019857c7-aebe-7acb-b513-ca5531998723'), task_id='python_principal', dag_id='3_DAG_principal', run_id='scheduled__2024-01-26T20:00:00+00:00', try_number=1, map_index=-1, hostname='bf6f1e7a6f11', context_carrier={}, task=<Task(PythonOperator): python_principal>, bundle_instance=LocalDagBundle(name=dags-folder), max_tries=0, start_date=datetime.datetime(2025, 7, 29, 20, 2, 42, 191982, tzinfo=datetime.timezone.utc), end_date=None, state=<TaskInstanceState.RUNNING: 'running'>, is_mapped=False, rendered_map_index=None, log_url='http://localhost:8080/dags/3_DAG_principal/runs/scheduled__2024-01-26T20%3A00%3A00%2B00%3A00/tasks/python_principal?try_number=1'),","chan":"stdout","logger":"task"}
{"timestamp":"2025-07-29T20:02:42.930139Z","level":"info","event":" 'triggering_asset_events': TriggeringAssetEventsAccessor(_events=defaultdict(<class 'list'>, {})),","chan":"stdout","logger":"task"}
{"timestamp":"2025-07-29T20:02:42.930377Z","level":"info","event":" 'ts': '2024-01-26T20:00:00+00:00',","chan":"stdout","logger":"task"}
{"timestamp":"2025-07-29T20:02:42.930615Z","level":"info","event":" 'ts_nodash': '20240126T200000',","chan":"stdout","logger":"task"}
{"timestamp":"2025-07-29T20:02:42.930845Z","level":"info","event":" 'ts_nodash_with_tz': '20240126T200000+0000',","chan":"stdout","logger":"task"}
{"timestamp":"2025-07-29T20:02:42.931117Z","level":"info","event":" 'var': {'json': <VariableAccessor (dynamic access)>,","chan":"stdout","logger":"task"}
{"timestamp":"2025-07-29T20:02:42.931349Z","level":"info","event":"         'value': <VariableAccessor (dynamic access)>}}","chan":"stdout","logger":"task"}
{"timestamp":"2025-07-29T20:02:42.927537","level":"info","event":"Done. Returned value was: principal","logger":"airflow.task.operators.airflow.providers.standard.operators.python.PythonOperator"}
{"timestamp":"2025-07-29T20:02:42.927744","level":"info","event":"Pushing xcom","ti":"RuntimeTaskInstance(id=UUID('019857c7-aebe-7acb-b513-ca5531998723'), task_id='python_principal', dag_id='3_DAG_principal', run_id='scheduled__2024-01-26T20:00:00+00:00', try_number=1, map_index=-1, hostname='bf6f1e7a6f11', context_carrier={}, task=<Task(PythonOperator): python_principal>, bundle_instance=LocalDagBundle(name=dags-folder), max_tries=0, start_date=datetime.datetime(2025, 7, 29, 20, 2, 42, 191982, tzinfo=datetime.timezone.utc), end_date=None, state=<TaskInstanceState.RUNNING: 'running'>, is_mapped=False, rendered_map_index=None, log_url='http://localhost:8080/dags/3_DAG_principal/runs/scheduled__2024-01-26T20%3A00%3A00%2B00%3A00/tasks/python_principal?try_number=1')","logger":"task"}
{"timestamp":"2025-07-29T20:02:42.973929Z","level":"info","event":"Task instance in success state","chan":"stdout","logger":"task"}
{"timestamp":"2025-07-29T20:02:42.974529Z","level":"info","event":" Previous state of the Task instance: TaskInstanceState.RUNNING","chan":"stdout","logger":"task"}
{"timestamp":"2025-07-29T20:02:42.975027Z","level":"info","event":"Task operator:<Task(PythonOperator): python_principal>","chan":"stdout","logger":"task"}
