{"timestamp":"2025-07-29T19:44:44.098917","level":"info","event":"DAG bundles loaded: dags-folder, example_dags","logger":"airflow.dag_processing.bundles.manager.DagBundlesManager"}
{"timestamp":"2025-07-29T19:44:44.099648","level":"info","event":"Filling up the DagBag from /opt/airflow/dags/python_operator_v1.py","logger":"airflow.models.dagbag.DagBag"}
{"timestamp":"2025-07-29T19:44:44.129185Z","level":"info","event":"Task instance is in running state","chan":"stdout","logger":"task"}
{"timestamp":"2025-07-29T19:44:44.129517Z","level":"info","event":" Previous state of the Task instance: TaskInstanceState.QUEUED","chan":"stdout","logger":"task"}
{"timestamp":"2025-07-29T19:44:44.133067Z","level":"info","event":"Current task name:python","chan":"stdout","logger":"task"}
{"timestamp":"2025-07-29T19:44:44.133254Z","level":"info","event":"Dag name:python_operator_v1","chan":"stdout","logger":"task"}
{"timestamp":"2025-07-29T19:44:44.134497Z","level":"info","event":"poliana","chan":"stdout","logger":"task"}
{"timestamp":"2025-07-29T19:44:44.135373Z","level":"info","event":"{'conn': <ConnectionAccessor (dynamic access)>,","chan":"stdout","logger":"task"}
{"timestamp":"2025-07-29T19:44:44.135582Z","level":"info","event":" 'dag': <DAG: python_operator_v1>,","chan":"stdout","logger":"task"}
{"timestamp":"2025-07-29T19:44:44.135800Z","level":"info","event":" 'dag_run': DagRun(dag_id='python_operator_v1', run_id='scheduled__2023-06-23T22:18:00+00:00', logical_date=datetime.datetime(2023, 6, 23, 22, 18, tzinfo=datetime.timezone.utc), data_interval_start=datetime.datetime(2023, 6, 23, 22, 18, tzinfo=datetime.timezone.utc), data_interval_end=datetime.datetime(2023, 6, 23, 22, 18, tzinfo=datetime.timezone.utc), run_after=datetime.datetime(2023, 6, 23, 22, 18, tzinfo=datetime.timezone.utc), start_date=datetime.datetime(2025, 7, 29, 19, 44, 43, 376571, tzinfo=datetime.timezone.utc), end_date=None, clear_number=0, run_type=<DagRunType.SCHEDULED: 'scheduled'>, conf={}, consumed_asset_events=[]),","chan":"stdout","logger":"task"}
{"timestamp":"2025-07-29T19:44:44.135921Z","level":"info","event":" 'data_interval_end': DateTime(2023, 6, 23, 22, 18, 0, tzinfo=Timezone('UTC')),","chan":"stdout","logger":"task"}
{"timestamp":"2025-07-29T19:44:44.136009Z","level":"info","event":" 'data_interval_start': DateTime(2023, 6, 23, 22, 18, 0, tzinfo=Timezone('UTC')),","chan":"stdout","logger":"task"}
{"timestamp":"2025-07-29T19:44:44.136093Z","level":"info","event":" 'ds': '2023-06-23',","chan":"stdout","logger":"task"}
{"timestamp":"2025-07-29T19:44:44.136169Z","level":"info","event":" 'ds_nodash': '20230623',","chan":"stdout","logger":"task"}
{"timestamp":"2025-07-29T19:44:44.136243Z","level":"info","event":" 'inlet_events': InletEventsAccessors(_inlets=[], _assets={}, _asset_aliases={}),","chan":"stdout","logger":"task"}
{"timestamp":"2025-07-29T19:44:44.136316Z","level":"info","event":" 'inlets': [],","chan":"stdout","logger":"task"}
{"timestamp":"2025-07-29T19:44:44.136392Z","level":"info","event":" 'logical_date': DateTime(2023, 6, 23, 22, 18, 0, tzinfo=Timezone('UTC')),","chan":"stdout","logger":"task"}
{"timestamp":"2025-07-29T19:44:44.136465Z","level":"info","event":" 'macros': <MacrosAccessor (dynamic access to macros)>,","chan":"stdout","logger":"task"}
{"timestamp":"2025-07-29T19:44:44.136540Z","level":"info","event":" 'map_index_template': None,","chan":"stdout","logger":"task"}
{"timestamp":"2025-07-29T19:44:44.136613Z","level":"info","event":" 'outlet_events': <airflow.sdk.execution_time.context.OutletEventAccessors object at 0x7fb677fe7a70>,","chan":"stdout","logger":"task"}
{"timestamp":"2025-07-29T19:44:44.136687Z","level":"info","event":" 'outlets': [],","chan":"stdout","logger":"task"}
{"timestamp":"2025-07-29T19:44:44.136762Z","level":"info","event":" 'params': {},","chan":"stdout","logger":"task"}
{"timestamp":"2025-07-29T19:44:44.153989Z","level":"info","event":" 'prev_data_interval_end_success': <Proxy at 0x7fb66fdc5af0 with factory <function RuntimeTaskInstance.get_template_context.<locals>.<lambda> at 0x7fb66fde9120>>,","chan":"stdout","logger":"task"}
{"timestamp":"2025-07-29T19:44:44.154188Z","level":"info","event":" 'prev_data_interval_start_success': <Proxy at 0x7fb66fdc5c40 with factory <function RuntimeTaskInstance.get_template_context.<locals>.<lambda> at 0x7fb66fddbf60>>,","chan":"stdout","logger":"task"}
{"timestamp":"2025-07-29T19:44:44.154259Z","level":"info","event":" 'prev_end_date_success': <Proxy at 0x7fb66fdc4620 with factory <function RuntimeTaskInstance.get_template_context.<locals>.<lambda> at 0x7fb66fddb920>>,","chan":"stdout","logger":"task"}
{"timestamp":"2025-07-29T19:44:44.154328Z","level":"info","event":" 'prev_start_date_success': <Proxy at 0x7fb66fd66990 with factory <function RuntimeTaskInstance.get_template_context.<locals>.<lambda> at 0x7fb66fddbe20>>,","chan":"stdout","logger":"task"}
{"timestamp":"2025-07-29T19:44:44.154378Z","level":"info","event":" 'run_id': 'scheduled__2023-06-23T22:18:00+00:00',","chan":"stdout","logger":"task"}
{"timestamp":"2025-07-29T19:44:44.154421Z","level":"info","event":" 'task': <Task(PythonOperator): python>,","chan":"stdout","logger":"task"}
{"timestamp":"2025-07-29T19:44:44.154464Z","level":"info","event":" 'task_instance': RuntimeTaskInstance(id=UUID('019857b7-3d66-7c94-812a-c6d00cc86b36'), task_id='python', dag_id='python_operator_v1', run_id='scheduled__2023-06-23T22:18:00+00:00', try_number=1, map_index=-1, hostname='bf6f1e7a6f11', context_carrier={}, task=<Task(PythonOperator): python>, bundle_instance=LocalDagBundle(name=dags-folder), max_tries=0, start_date=datetime.datetime(2025, 7, 29, 19, 44, 43, 617869, tzinfo=datetime.timezone.utc), end_date=None, state=<TaskInstanceState.RUNNING: 'running'>, is_mapped=False, rendered_map_index=None, log_url='http://localhost:8080/dags/python_operator_v1/runs/scheduled__2023-06-23T22%3A18%3A00%2B00%3A00/tasks/python?try_number=1'),","chan":"stdout","logger":"task"}
{"timestamp":"2025-07-29T19:44:44.154510Z","level":"info","event":" 'task_instance_key_str': 'python_operator_v1__python__20230623',","chan":"stdout","logger":"task"}
{"timestamp":"2025-07-29T19:44:44.154603Z","level":"info","event":" 'task_reschedule_count': 0,","chan":"stdout","logger":"task"}
{"timestamp":"2025-07-29T19:44:44.154673Z","level":"info","event":" 'templates_dict': None,","chan":"stdout","logger":"task"}
{"timestamp":"2025-07-29T19:44:44.154718Z","level":"info","event":" 'ti': RuntimeTaskInstance(id=UUID('019857b7-3d66-7c94-812a-c6d00cc86b36'), task_id='python', dag_id='python_operator_v1', run_id='scheduled__2023-06-23T22:18:00+00:00', try_number=1, map_index=-1, hostname='bf6f1e7a6f11', context_carrier={}, task=<Task(PythonOperator): python>, bundle_instance=LocalDagBundle(name=dags-folder), max_tries=0, start_date=datetime.datetime(2025, 7, 29, 19, 44, 43, 617869, tzinfo=datetime.timezone.utc), end_date=None, state=<TaskInstanceState.RUNNING: 'running'>, is_mapped=False, rendered_map_index=None, log_url='http://localhost:8080/dags/python_operator_v1/runs/scheduled__2023-06-23T22%3A18%3A00%2B00%3A00/tasks/python?try_number=1'),","chan":"stdout","logger":"task"}
{"timestamp":"2025-07-29T19:44:44.154766Z","level":"info","event":" 'triggering_asset_events': TriggeringAssetEventsAccessor(_events=defaultdict(<class 'list'>, {})),","chan":"stdout","logger":"task"}
{"timestamp":"2025-07-29T19:44:44.154842Z","level":"info","event":" 'ts': '2023-06-23T22:18:00+00:00',","chan":"stdout","logger":"task"}
{"timestamp":"2025-07-29T19:44:44.154928Z","level":"info","event":" 'ts_nodash': '20230623T221800',","chan":"stdout","logger":"task"}
{"timestamp":"2025-07-29T19:44:44.154981Z","level":"info","event":" 'ts_nodash_with_tz': '20230623T221800+0000',","chan":"stdout","logger":"task"}
{"timestamp":"2025-07-29T19:44:44.155023Z","level":"info","event":" 'var': {'json': <VariableAccessor (dynamic access)>,","chan":"stdout","logger":"task"}
{"timestamp":"2025-07-29T19:44:44.155065Z","level":"info","event":"         'value': <VariableAccessor (dynamic access)>}}","chan":"stdout","logger":"task"}
{"timestamp":"2025-07-29T19:44:44.154780","level":"info","event":"Done. Returned value was: 123","logger":"airflow.task.operators.airflow.providers.standard.operators.python.PythonOperator"}
{"timestamp":"2025-07-29T19:44:44.154987","level":"info","event":"Pushing xcom","ti":"RuntimeTaskInstance(id=UUID('019857b7-3d66-7c94-812a-c6d00cc86b36'), task_id='python', dag_id='python_operator_v1', run_id='scheduled__2023-06-23T22:18:00+00:00', try_number=1, map_index=-1, hostname='bf6f1e7a6f11', context_carrier={}, task=<Task(PythonOperator): python>, bundle_instance=LocalDagBundle(name=dags-folder), max_tries=0, start_date=datetime.datetime(2025, 7, 29, 19, 44, 43, 617869, tzinfo=datetime.timezone.utc), end_date=None, state=<TaskInstanceState.RUNNING: 'running'>, is_mapped=False, rendered_map_index=None, log_url='http://localhost:8080/dags/python_operator_v1/runs/scheduled__2023-06-23T22%3A18%3A00%2B00%3A00/tasks/python?try_number=1')","logger":"task"}
{"timestamp":"2025-07-29T19:44:44.181904Z","level":"info","event":"Task instance in success state","chan":"stdout","logger":"task"}
{"timestamp":"2025-07-29T19:44:44.182055Z","level":"info","event":" Previous state of the Task instance: TaskInstanceState.RUNNING","chan":"stdout","logger":"task"}
{"timestamp":"2025-07-29T19:44:44.182249Z","level":"info","event":"Task operator:<Task(PythonOperator): python>","chan":"stdout","logger":"task"}
