{"timestamp":"2025-07-29T19:31:02.697176","level":"info","event":"DAG bundles loaded: dags-folder, example_dags","logger":"airflow.dag_processing.bundles.manager.DagBundlesManager"}
{"timestamp":"2025-07-29T19:31:02.697848","level":"info","event":"Filling up the DagBag from /opt/airflow/dags/python_operator_v1.py","logger":"airflow.models.dagbag.DagBag"}
{"timestamp":"2025-07-29T19:31:02.723630Z","level":"info","event":"Task instance is in running state","chan":"stdout","logger":"task"}
{"timestamp":"2025-07-29T19:31:02.723842Z","level":"info","event":" Previous state of the Task instance: TaskInstanceState.QUEUED","chan":"stdout","logger":"task"}
{"timestamp":"2025-07-29T19:31:02.724208Z","level":"info","event":"Current task name:python","chan":"stdout","logger":"task"}
{"timestamp":"2025-07-29T19:31:02.724329Z","level":"info","event":"Dag name:python_operator_v1","chan":"stdout","logger":"task"}
{"timestamp":"2025-07-29T19:31:02.725254Z","level":"info","event":"poliana","chan":"stdout","logger":"task"}
{"timestamp":"2025-07-29T19:31:02.725812Z","level":"info","event":"{'conn': <ConnectionAccessor (dynamic access)>,","chan":"stdout","logger":"task"}
{"timestamp":"2025-07-29T19:31:02.725928Z","level":"info","event":" 'dag': <DAG: python_operator_v1>,","chan":"stdout","logger":"task"}
{"timestamp":"2025-07-29T19:31:02.726054Z","level":"info","event":" 'dag_run': DagRun(dag_id='python_operator_v1', run_id='scheduled__2023-06-23T07:13:00+00:00', logical_date=datetime.datetime(2023, 6, 23, 7, 13, tzinfo=datetime.timezone.utc), data_interval_start=datetime.datetime(2023, 6, 23, 7, 13, tzinfo=datetime.timezone.utc), data_interval_end=datetime.datetime(2023, 6, 23, 7, 13, tzinfo=datetime.timezone.utc), run_after=datetime.datetime(2023, 6, 23, 7, 13, tzinfo=datetime.timezone.utc), start_date=datetime.datetime(2025, 7, 29, 19, 31, 1, 581008, tzinfo=datetime.timezone.utc), end_date=None, clear_number=0, run_type=<DagRunType.SCHEDULED: 'scheduled'>, conf={}, consumed_asset_events=[]),","chan":"stdout","logger":"task"}
{"timestamp":"2025-07-29T19:31:02.726135Z","level":"info","event":" 'data_interval_end': DateTime(2023, 6, 23, 7, 13, 0, tzinfo=Timezone('UTC')),","chan":"stdout","logger":"task"}
{"timestamp":"2025-07-29T19:31:02.726203Z","level":"info","event":" 'data_interval_start': DateTime(2023, 6, 23, 7, 13, 0, tzinfo=Timezone('UTC')),","chan":"stdout","logger":"task"}
{"timestamp":"2025-07-29T19:31:02.726266Z","level":"info","event":" 'ds': '2023-06-23',","chan":"stdout","logger":"task"}
{"timestamp":"2025-07-29T19:31:02.726327Z","level":"info","event":" 'ds_nodash': '20230623',","chan":"stdout","logger":"task"}
{"timestamp":"2025-07-29T19:31:02.726389Z","level":"info","event":" 'inlet_events': InletEventsAccessors(_inlets=[], _assets={}, _asset_aliases={}),","chan":"stdout","logger":"task"}
{"timestamp":"2025-07-29T19:31:02.726450Z","level":"info","event":" 'inlets': [],","chan":"stdout","logger":"task"}
{"timestamp":"2025-07-29T19:31:02.726512Z","level":"info","event":" 'logical_date': DateTime(2023, 6, 23, 7, 13, 0, tzinfo=Timezone('UTC')),","chan":"stdout","logger":"task"}
{"timestamp":"2025-07-29T19:31:02.726573Z","level":"info","event":" 'macros': <MacrosAccessor (dynamic access to macros)>,","chan":"stdout","logger":"task"}
{"timestamp":"2025-07-29T19:31:02.726633Z","level":"info","event":" 'map_index_template': None,","chan":"stdout","logger":"task"}
{"timestamp":"2025-07-29T19:31:02.726694Z","level":"info","event":" 'outlet_events': <airflow.sdk.execution_time.context.OutletEventAccessors object at 0x7fb677f3fa70>,","chan":"stdout","logger":"task"}
{"timestamp":"2025-07-29T19:31:02.726756Z","level":"info","event":" 'outlets': [],","chan":"stdout","logger":"task"}
{"timestamp":"2025-07-29T19:31:02.726815Z","level":"info","event":" 'params': {},","chan":"stdout","logger":"task"}
{"timestamp":"2025-07-29T19:31:02.736520Z","level":"info","event":" 'prev_data_interval_end_success': <Proxy at 0x7fb66fc6e360 with factory <function RuntimeTaskInstance.get_template_context.<locals>.<lambda> at 0x7fb66fc86200>>,","chan":"stdout","logger":"task"}
{"timestamp":"2025-07-29T19:31:02.736792Z","level":"info","event":" 'prev_data_interval_start_success': <Proxy at 0x7fb66fc6e3c0 with factory <function RuntimeTaskInstance.get_template_context.<locals>.<lambda> at 0x7fb66fc87920>>,","chan":"stdout","logger":"task"}
{"timestamp":"2025-07-29T19:31:02.736904Z","level":"info","event":" 'prev_end_date_success': <Proxy at 0x7fb6785efe30 with factory <function RuntimeTaskInstance.get_template_context.<locals>.<lambda> at 0x7fb66fc879c0>>,","chan":"stdout","logger":"task"}
{"timestamp":"2025-07-29T19:31:02.736976Z","level":"info","event":" 'prev_start_date_success': <Proxy at 0x7fb66fc39e20 with factory <function RuntimeTaskInstance.get_template_context.<locals>.<lambda> at 0x7fb66fc86700>>,","chan":"stdout","logger":"task"}
{"timestamp":"2025-07-29T19:31:02.737037Z","level":"info","event":" 'run_id': 'scheduled__2023-06-23T07:13:00+00:00',","chan":"stdout","logger":"task"}
{"timestamp":"2025-07-29T19:31:02.737107Z","level":"info","event":" 'task': <Task(PythonOperator): python>,","chan":"stdout","logger":"task"}
{"timestamp":"2025-07-29T19:31:02.737171Z","level":"info","event":" 'task_instance': RuntimeTaskInstance(id=UUID('019857aa-b33e-7499-8c79-eb44fcf2da57'), task_id='python', dag_id='python_operator_v1', run_id='scheduled__2023-06-23T07:13:00+00:00', try_number=1, map_index=-1, hostname='bf6f1e7a6f11', context_carrier={}, task=<Task(PythonOperator): python>, bundle_instance=LocalDagBundle(name=dags-folder), max_tries=0, start_date=datetime.datetime(2025, 7, 29, 19, 31, 2, 23543, tzinfo=datetime.timezone.utc), end_date=None, state=<TaskInstanceState.RUNNING: 'running'>, is_mapped=False, rendered_map_index=None, log_url='http://localhost:8080/dags/python_operator_v1/runs/scheduled__2023-06-23T07%3A13%3A00%2B00%3A00/tasks/python?try_number=1'),","chan":"stdout","logger":"task"}
{"timestamp":"2025-07-29T19:31:02.737233Z","level":"info","event":" 'task_instance_key_str': 'python_operator_v1__python__20230623',","chan":"stdout","logger":"task"}
{"timestamp":"2025-07-29T19:31:02.737293Z","level":"info","event":" 'task_reschedule_count': 0,","chan":"stdout","logger":"task"}
{"timestamp":"2025-07-29T19:31:02.737351Z","level":"info","event":" 'templates_dict': None,","chan":"stdout","logger":"task"}
{"timestamp":"2025-07-29T19:31:02.737408Z","level":"info","event":" 'ti': RuntimeTaskInstance(id=UUID('019857aa-b33e-7499-8c79-eb44fcf2da57'), task_id='python', dag_id='python_operator_v1', run_id='scheduled__2023-06-23T07:13:00+00:00', try_number=1, map_index=-1, hostname='bf6f1e7a6f11', context_carrier={}, task=<Task(PythonOperator): python>, bundle_instance=LocalDagBundle(name=dags-folder), max_tries=0, start_date=datetime.datetime(2025, 7, 29, 19, 31, 2, 23543, tzinfo=datetime.timezone.utc), end_date=None, state=<TaskInstanceState.RUNNING: 'running'>, is_mapped=False, rendered_map_index=None, log_url='http://localhost:8080/dags/python_operator_v1/runs/scheduled__2023-06-23T07%3A13%3A00%2B00%3A00/tasks/python?try_number=1'),","chan":"stdout","logger":"task"}
{"timestamp":"2025-07-29T19:31:02.737507Z","level":"info","event":" 'triggering_asset_events': TriggeringAssetEventsAccessor(_events=defaultdict(<class 'list'>, {})),","chan":"stdout","logger":"task"}
{"timestamp":"2025-07-29T19:31:02.737575Z","level":"info","event":" 'ts': '2023-06-23T07:13:00+00:00',","chan":"stdout","logger":"task"}
{"timestamp":"2025-07-29T19:31:02.737634Z","level":"info","event":" 'ts_nodash': '20230623T071300',","chan":"stdout","logger":"task"}
{"timestamp":"2025-07-29T19:31:02.737691Z","level":"info","event":" 'ts_nodash_with_tz': '20230623T071300+0000',","chan":"stdout","logger":"task"}
{"timestamp":"2025-07-29T19:31:02.737748Z","level":"info","event":" 'var': {'json': <VariableAccessor (dynamic access)>,","chan":"stdout","logger":"task"}
{"timestamp":"2025-07-29T19:31:02.737805Z","level":"info","event":"         'value': <VariableAccessor (dynamic access)>}}","chan":"stdout","logger":"task"}
{"timestamp":"2025-07-29T19:31:02.737606","level":"info","event":"Done. Returned value was: 123","logger":"airflow.task.operators.airflow.providers.standard.operators.python.PythonOperator"}
{"timestamp":"2025-07-29T19:31:02.737887","level":"info","event":"Pushing xcom","ti":"RuntimeTaskInstance(id=UUID('019857aa-b33e-7499-8c79-eb44fcf2da57'), task_id='python', dag_id='python_operator_v1', run_id='scheduled__2023-06-23T07:13:00+00:00', try_number=1, map_index=-1, hostname='bf6f1e7a6f11', context_carrier={}, task=<Task(PythonOperator): python>, bundle_instance=LocalDagBundle(name=dags-folder), max_tries=0, start_date=datetime.datetime(2025, 7, 29, 19, 31, 2, 23543, tzinfo=datetime.timezone.utc), end_date=None, state=<TaskInstanceState.RUNNING: 'running'>, is_mapped=False, rendered_map_index=None, log_url='http://localhost:8080/dags/python_operator_v1/runs/scheduled__2023-06-23T07%3A13%3A00%2B00%3A00/tasks/python?try_number=1')","logger":"task"}
{"timestamp":"2025-07-29T19:31:02.762328Z","level":"info","event":"Task instance in success state","chan":"stdout","logger":"task"}
{"timestamp":"2025-07-29T19:31:02.762472Z","level":"info","event":" Previous state of the Task instance: TaskInstanceState.RUNNING","chan":"stdout","logger":"task"}
{"timestamp":"2025-07-29T19:31:02.762659Z","level":"info","event":"Task operator:<Task(PythonOperator): python>","chan":"stdout","logger":"task"}
