{"timestamp":"2025-07-29T19:34:01.598691","level":"info","event":"DAG bundles loaded: dags-folder, example_dags","logger":"airflow.dag_processing.bundles.manager.DagBundlesManager"}
{"timestamp":"2025-07-29T19:34:01.599311","level":"info","event":"Filling up the DagBag from /opt/airflow/dags/python_operator_v1.py","logger":"airflow.models.dagbag.DagBag"}
{"timestamp":"2025-07-29T19:34:01.626264Z","level":"info","event":"Task instance is in running state","chan":"stdout","logger":"task"}
{"timestamp":"2025-07-29T19:34:01.626480Z","level":"info","event":" Previous state of the Task instance: TaskInstanceState.QUEUED","chan":"stdout","logger":"task"}
{"timestamp":"2025-07-29T19:34:01.626614Z","level":"info","event":"Current task name:python","chan":"stdout","logger":"task"}
{"timestamp":"2025-07-29T19:34:01.626672Z","level":"info","event":"Dag name:python_operator_v1","chan":"stdout","logger":"task"}
{"timestamp":"2025-07-29T19:34:01.628214Z","level":"info","event":"poliana","chan":"stdout","logger":"task"}
{"timestamp":"2025-07-29T19:34:01.628855Z","level":"info","event":"{'conn': <ConnectionAccessor (dynamic access)>,","chan":"stdout","logger":"task"}
{"timestamp":"2025-07-29T19:34:01.628993Z","level":"info","event":" 'dag': <DAG: python_operator_v1>,","chan":"stdout","logger":"task"}
{"timestamp":"2025-07-29T19:34:01.629140Z","level":"info","event":" 'dag_run': DagRun(dag_id='python_operator_v1', run_id='scheduled__2023-06-23T10:41:00+00:00', logical_date=datetime.datetime(2023, 6, 23, 10, 41, tzinfo=datetime.timezone.utc), data_interval_start=datetime.datetime(2023, 6, 23, 10, 41, tzinfo=datetime.timezone.utc), data_interval_end=datetime.datetime(2023, 6, 23, 10, 41, tzinfo=datetime.timezone.utc), run_after=datetime.datetime(2023, 6, 23, 10, 41, tzinfo=datetime.timezone.utc), start_date=datetime.datetime(2025, 7, 29, 19, 34, 0, 775721, tzinfo=datetime.timezone.utc), end_date=None, clear_number=0, run_type=<DagRunType.SCHEDULED: 'scheduled'>, conf={}, consumed_asset_events=[]),","chan":"stdout","logger":"task"}
{"timestamp":"2025-07-29T19:34:01.629262Z","level":"info","event":" 'data_interval_end': DateTime(2023, 6, 23, 10, 41, 0, tzinfo=Timezone('UTC')),","chan":"stdout","logger":"task"}
{"timestamp":"2025-07-29T19:34:01.629350Z","level":"info","event":" 'data_interval_start': DateTime(2023, 6, 23, 10, 41, 0, tzinfo=Timezone('UTC')),","chan":"stdout","logger":"task"}
{"timestamp":"2025-07-29T19:34:01.629432Z","level":"info","event":" 'ds': '2023-06-23',","chan":"stdout","logger":"task"}
{"timestamp":"2025-07-29T19:34:01.629513Z","level":"info","event":" 'ds_nodash': '20230623',","chan":"stdout","logger":"task"}
{"timestamp":"2025-07-29T19:34:01.629577Z","level":"info","event":" 'inlet_events': InletEventsAccessors(_inlets=[], _assets={}, _asset_aliases={}),","chan":"stdout","logger":"task"}
{"timestamp":"2025-07-29T19:34:01.629623Z","level":"info","event":" 'inlets': [],","chan":"stdout","logger":"task"}
{"timestamp":"2025-07-29T19:34:01.629666Z","level":"info","event":" 'logical_date': DateTime(2023, 6, 23, 10, 41, 0, tzinfo=Timezone('UTC')),","chan":"stdout","logger":"task"}
{"timestamp":"2025-07-29T19:34:01.629708Z","level":"info","event":" 'macros': <MacrosAccessor (dynamic access to macros)>,","chan":"stdout","logger":"task"}
{"timestamp":"2025-07-29T19:34:01.629750Z","level":"info","event":" 'map_index_template': None,","chan":"stdout","logger":"task"}
{"timestamp":"2025-07-29T19:34:01.629792Z","level":"info","event":" 'outlet_events': <airflow.sdk.execution_time.context.OutletEventAccessors object at 0x7fb66fd97a70>,","chan":"stdout","logger":"task"}
{"timestamp":"2025-07-29T19:34:01.629833Z","level":"info","event":" 'outlets': [],","chan":"stdout","logger":"task"}
{"timestamp":"2025-07-29T19:34:01.629874Z","level":"info","event":" 'params': {},","chan":"stdout","logger":"task"}
{"timestamp":"2025-07-29T19:34:01.639289Z","level":"info","event":" 'prev_data_interval_end_success': <Proxy at 0x7fb66fc68050 with factory <function RuntimeTaskInstance.get_template_context.<locals>.<lambda> at 0x7fb66fc5c7c0>>,","chan":"stdout","logger":"task"}
{"timestamp":"2025-07-29T19:34:01.639505Z","level":"info","event":" 'prev_data_interval_start_success': <Proxy at 0x7fb66fc68230 with factory <function RuntimeTaskInstance.get_template_context.<locals>.<lambda> at 0x7fb66fc5dee0>>,","chan":"stdout","logger":"task"}
{"timestamp":"2025-07-29T19:34:01.639604Z","level":"info","event":" 'prev_end_date_success': <Proxy at 0x7fb66fc35f70 with factory <function RuntimeTaskInstance.get_template_context.<locals>.<lambda> at 0x7fb66fc5df80>>,","chan":"stdout","logger":"task"}
{"timestamp":"2025-07-29T19:34:01.639669Z","level":"info","event":" 'prev_start_date_success': <Proxy at 0x7fb66fc37ec0 with factory <function RuntimeTaskInstance.get_template_context.<locals>.<lambda> at 0x7fb66fc5ccc0>>,","chan":"stdout","logger":"task"}
{"timestamp":"2025-07-29T19:34:01.639717Z","level":"info","event":" 'run_id': 'scheduled__2023-06-23T10:41:00+00:00',","chan":"stdout","logger":"task"}
{"timestamp":"2025-07-29T19:34:01.639761Z","level":"info","event":" 'task': <Task(PythonOperator): python>,","chan":"stdout","logger":"task"}
{"timestamp":"2025-07-29T19:34:01.639806Z","level":"info","event":" 'task_instance': RuntimeTaskInstance(id=UUID('019857ad-6f42-7744-a79f-8f510a02e59e'), task_id='python', dag_id='python_operator_v1', run_id='scheduled__2023-06-23T10:41:00+00:00', try_number=1, map_index=-1, hostname='bf6f1e7a6f11', context_carrier={}, task=<Task(PythonOperator): python>, bundle_instance=LocalDagBundle(name=dags-folder), max_tries=0, start_date=datetime.datetime(2025, 7, 29, 19, 34, 1, 68597, tzinfo=datetime.timezone.utc), end_date=None, state=<TaskInstanceState.RUNNING: 'running'>, is_mapped=False, rendered_map_index=None, log_url='http://localhost:8080/dags/python_operator_v1/runs/scheduled__2023-06-23T10%3A41%3A00%2B00%3A00/tasks/python?try_number=1'),","chan":"stdout","logger":"task"}
{"timestamp":"2025-07-29T19:34:01.639850Z","level":"info","event":" 'task_instance_key_str': 'python_operator_v1__python__20230623',","chan":"stdout","logger":"task"}
{"timestamp":"2025-07-29T19:34:01.639891Z","level":"info","event":" 'task_reschedule_count': 0,","chan":"stdout","logger":"task"}
{"timestamp":"2025-07-29T19:34:01.639932Z","level":"info","event":" 'templates_dict': None,","chan":"stdout","logger":"task"}
{"timestamp":"2025-07-29T19:34:01.639973Z","level":"info","event":" 'ti': RuntimeTaskInstance(id=UUID('019857ad-6f42-7744-a79f-8f510a02e59e'), task_id='python', dag_id='python_operator_v1', run_id='scheduled__2023-06-23T10:41:00+00:00', try_number=1, map_index=-1, hostname='bf6f1e7a6f11', context_carrier={}, task=<Task(PythonOperator): python>, bundle_instance=LocalDagBundle(name=dags-folder), max_tries=0, start_date=datetime.datetime(2025, 7, 29, 19, 34, 1, 68597, tzinfo=datetime.timezone.utc), end_date=None, state=<TaskInstanceState.RUNNING: 'running'>, is_mapped=False, rendered_map_index=None, log_url='http://localhost:8080/dags/python_operator_v1/runs/scheduled__2023-06-23T10%3A41%3A00%2B00%3A00/tasks/python?try_number=1'),","chan":"stdout","logger":"task"}
{"timestamp":"2025-07-29T19:34:01.640046Z","level":"info","event":" 'triggering_asset_events': TriggeringAssetEventsAccessor(_events=defaultdict(<class 'list'>, {})),","chan":"stdout","logger":"task"}
{"timestamp":"2025-07-29T19:34:01.640094Z","level":"info","event":" 'ts': '2023-06-23T10:41:00+00:00',","chan":"stdout","logger":"task"}
{"timestamp":"2025-07-29T19:34:01.640136Z","level":"info","event":" 'ts_nodash': '20230623T104100',","chan":"stdout","logger":"task"}
{"timestamp":"2025-07-29T19:34:01.640180Z","level":"info","event":" 'ts_nodash_with_tz': '20230623T104100+0000',","chan":"stdout","logger":"task"}
{"timestamp":"2025-07-29T19:34:01.640221Z","level":"info","event":" 'var': {'json': <VariableAccessor (dynamic access)>,","chan":"stdout","logger":"task"}
{"timestamp":"2025-07-29T19:34:01.640264Z","level":"info","event":"         'value': <VariableAccessor (dynamic access)>}}","chan":"stdout","logger":"task"}
{"timestamp":"2025-07-29T19:34:01.640198","level":"info","event":"Done. Returned value was: 123","logger":"airflow.task.operators.airflow.providers.standard.operators.python.PythonOperator"}
{"timestamp":"2025-07-29T19:34:01.640425","level":"info","event":"Pushing xcom","ti":"RuntimeTaskInstance(id=UUID('019857ad-6f42-7744-a79f-8f510a02e59e'), task_id='python', dag_id='python_operator_v1', run_id='scheduled__2023-06-23T10:41:00+00:00', try_number=1, map_index=-1, hostname='bf6f1e7a6f11', context_carrier={}, task=<Task(PythonOperator): python>, bundle_instance=LocalDagBundle(name=dags-folder), max_tries=0, start_date=datetime.datetime(2025, 7, 29, 19, 34, 1, 68597, tzinfo=datetime.timezone.utc), end_date=None, state=<TaskInstanceState.RUNNING: 'running'>, is_mapped=False, rendered_map_index=None, log_url='http://localhost:8080/dags/python_operator_v1/runs/scheduled__2023-06-23T10%3A41%3A00%2B00%3A00/tasks/python?try_number=1')","logger":"task"}
{"timestamp":"2025-07-29T19:34:01.663892Z","level":"info","event":"Task instance in success state","chan":"stdout","logger":"task"}
{"timestamp":"2025-07-29T19:34:01.664049Z","level":"info","event":" Previous state of the Task instance: TaskInstanceState.RUNNING","chan":"stdout","logger":"task"}
{"timestamp":"2025-07-29T19:34:01.664152Z","level":"info","event":"Task operator:<Task(PythonOperator): python>","chan":"stdout","logger":"task"}
