{"timestamp":"2025-07-29T19:44:09.798536","level":"info","event":"DAG bundles loaded: dags-folder, example_dags","logger":"airflow.dag_processing.bundles.manager.DagBundlesManager"}
{"timestamp":"2025-07-29T19:44:09.799253","level":"info","event":"Filling up the DagBag from /opt/airflow/dags/python_operator_v1.py","logger":"airflow.models.dagbag.DagBag"}
{"timestamp":"2025-07-29T19:44:09.833935Z","level":"info","event":"Task instance is in running state","chan":"stdout","logger":"task"}
{"timestamp":"2025-07-29T19:44:09.834199Z","level":"info","event":" Previous state of the Task instance: TaskInstanceState.QUEUED","chan":"stdout","logger":"task"}
{"timestamp":"2025-07-29T19:44:09.835293Z","level":"info","event":"Current task name:python","chan":"stdout","logger":"task"}
{"timestamp":"2025-07-29T19:44:09.835523Z","level":"info","event":"Dag name:python_operator_v1","chan":"stdout","logger":"task"}
{"timestamp":"2025-07-29T19:44:09.836937Z","level":"info","event":"poliana","chan":"stdout","logger":"task"}
{"timestamp":"2025-07-29T19:44:09.837868Z","level":"info","event":"{'conn': <ConnectionAccessor (dynamic access)>,","chan":"stdout","logger":"task"}
{"timestamp":"2025-07-29T19:44:09.838043Z","level":"info","event":" 'dag': <DAG: python_operator_v1>,","chan":"stdout","logger":"task"}
{"timestamp":"2025-07-29T19:44:09.838220Z","level":"info","event":" 'dag_run': DagRun(dag_id='python_operator_v1', run_id='scheduled__2023-06-23T21:37:00+00:00', logical_date=datetime.datetime(2023, 6, 23, 21, 37, tzinfo=datetime.timezone.utc), data_interval_start=datetime.datetime(2023, 6, 23, 21, 37, tzinfo=datetime.timezone.utc), data_interval_end=datetime.datetime(2023, 6, 23, 21, 37, tzinfo=datetime.timezone.utc), run_after=datetime.datetime(2023, 6, 23, 21, 37, tzinfo=datetime.timezone.utc), start_date=datetime.datetime(2025, 7, 29, 19, 44, 8, 729396, tzinfo=datetime.timezone.utc), end_date=None, clear_number=0, run_type=<DagRunType.SCHEDULED: 'scheduled'>, conf={}, consumed_asset_events=[]),","chan":"stdout","logger":"task"}
{"timestamp":"2025-07-29T19:44:09.838310Z","level":"info","event":" 'data_interval_end': DateTime(2023, 6, 23, 21, 37, 0, tzinfo=Timezone('UTC')),","chan":"stdout","logger":"task"}
{"timestamp":"2025-07-29T19:44:09.838379Z","level":"info","event":" 'data_interval_start': DateTime(2023, 6, 23, 21, 37, 0, tzinfo=Timezone('UTC')),","chan":"stdout","logger":"task"}
{"timestamp":"2025-07-29T19:44:09.838443Z","level":"info","event":" 'ds': '2023-06-23',","chan":"stdout","logger":"task"}
{"timestamp":"2025-07-29T19:44:09.838506Z","level":"info","event":" 'ds_nodash': '20230623',","chan":"stdout","logger":"task"}
{"timestamp":"2025-07-29T19:44:09.838574Z","level":"info","event":" 'inlet_events': InletEventsAccessors(_inlets=[], _assets={}, _asset_aliases={}),","chan":"stdout","logger":"task"}
{"timestamp":"2025-07-29T19:44:09.838645Z","level":"info","event":" 'inlets': [],","chan":"stdout","logger":"task"}
{"timestamp":"2025-07-29T19:44:09.838722Z","level":"info","event":" 'logical_date': DateTime(2023, 6, 23, 21, 37, 0, tzinfo=Timezone('UTC')),","chan":"stdout","logger":"task"}
{"timestamp":"2025-07-29T19:44:09.838797Z","level":"info","event":" 'macros': <MacrosAccessor (dynamic access to macros)>,","chan":"stdout","logger":"task"}
{"timestamp":"2025-07-29T19:44:09.838867Z","level":"info","event":" 'map_index_template': None,","chan":"stdout","logger":"task"}
{"timestamp":"2025-07-29T19:44:09.838946Z","level":"info","event":" 'outlet_events': <airflow.sdk.execution_time.context.OutletEventAccessors object at 0x7fb677ac48f0>,","chan":"stdout","logger":"task"}
{"timestamp":"2025-07-29T19:44:09.839023Z","level":"info","event":" 'outlets': [],","chan":"stdout","logger":"task"}
{"timestamp":"2025-07-29T19:44:09.839104Z","level":"info","event":" 'params': {},","chan":"stdout","logger":"task"}
{"timestamp":"2025-07-29T19:44:09.863365Z","level":"info","event":" 'prev_data_interval_end_success': <Proxy at 0x7fb66fc5a210 with factory <function RuntimeTaskInstance.get_template_context.<locals>.<lambda> at 0x7fb66fc74c20>>,","chan":"stdout","logger":"task"}
{"timestamp":"2025-07-29T19:44:09.863837Z","level":"info","event":" 'prev_data_interval_start_success': <Proxy at 0x7fb66fc5a270 with factory <function RuntimeTaskInstance.get_template_context.<locals>.<lambda> at 0x7fb66fc76340>>,","chan":"stdout","logger":"task"}
{"timestamp":"2025-07-29T19:44:09.863992Z","level":"info","event":" 'prev_end_date_success': <Proxy at 0x7fb66fc58c50 with factory <function RuntimeTaskInstance.get_template_context.<locals>.<lambda> at 0x7fb66fc763e0>>,","chan":"stdout","logger":"task"}
{"timestamp":"2025-07-29T19:44:09.864083Z","level":"info","event":" 'prev_start_date_success': <Proxy at 0x7fb66fc58b60 with factory <function RuntimeTaskInstance.get_template_context.<locals>.<lambda> at 0x7fb66fc75120>>,","chan":"stdout","logger":"task"}
{"timestamp":"2025-07-29T19:44:09.864159Z","level":"info","event":" 'run_id': 'scheduled__2023-06-23T21:37:00+00:00',","chan":"stdout","logger":"task"}
{"timestamp":"2025-07-29T19:44:09.864237Z","level":"info","event":" 'task': <Task(PythonOperator): python>,","chan":"stdout","logger":"task"}
{"timestamp":"2025-07-29T19:44:09.864315Z","level":"info","event":" 'task_instance': RuntimeTaskInstance(id=UUID('019857b6-b610-794c-9607-dfc7936d5d1c'), task_id='python', dag_id='python_operator_v1', run_id='scheduled__2023-06-23T21:37:00+00:00', try_number=1, map_index=-1, hostname='bf6f1e7a6f11', context_carrier={}, task=<Task(PythonOperator): python>, bundle_instance=LocalDagBundle(name=dags-folder), max_tries=0, start_date=datetime.datetime(2025, 7, 29, 19, 44, 9, 122964, tzinfo=datetime.timezone.utc), end_date=None, state=<TaskInstanceState.RUNNING: 'running'>, is_mapped=False, rendered_map_index=None, log_url='http://localhost:8080/dags/python_operator_v1/runs/scheduled__2023-06-23T21%3A37%3A00%2B00%3A00/tasks/python?try_number=1'),","chan":"stdout","logger":"task"}
{"timestamp":"2025-07-29T19:44:09.864395Z","level":"info","event":" 'task_instance_key_str': 'python_operator_v1__python__20230623',","chan":"stdout","logger":"task"}
{"timestamp":"2025-07-29T19:44:09.864471Z","level":"info","event":" 'task_reschedule_count': 0,","chan":"stdout","logger":"task"}
{"timestamp":"2025-07-29T19:44:09.864545Z","level":"info","event":" 'templates_dict': None,","chan":"stdout","logger":"task"}
{"timestamp":"2025-07-29T19:44:09.864624Z","level":"info","event":" 'ti': RuntimeTaskInstance(id=UUID('019857b6-b610-794c-9607-dfc7936d5d1c'), task_id='python', dag_id='python_operator_v1', run_id='scheduled__2023-06-23T21:37:00+00:00', try_number=1, map_index=-1, hostname='bf6f1e7a6f11', context_carrier={}, task=<Task(PythonOperator): python>, bundle_instance=LocalDagBundle(name=dags-folder), max_tries=0, start_date=datetime.datetime(2025, 7, 29, 19, 44, 9, 122964, tzinfo=datetime.timezone.utc), end_date=None, state=<TaskInstanceState.RUNNING: 'running'>, is_mapped=False, rendered_map_index=None, log_url='http://localhost:8080/dags/python_operator_v1/runs/scheduled__2023-06-23T21%3A37%3A00%2B00%3A00/tasks/python?try_number=1'),","chan":"stdout","logger":"task"}
{"timestamp":"2025-07-29T19:44:09.864701Z","level":"info","event":" 'triggering_asset_events': TriggeringAssetEventsAccessor(_events=defaultdict(<class 'list'>, {})),","chan":"stdout","logger":"task"}
{"timestamp":"2025-07-29T19:44:09.864769Z","level":"info","event":" 'ts': '2023-06-23T21:37:00+00:00',","chan":"stdout","logger":"task"}
{"timestamp":"2025-07-29T19:44:09.864842Z","level":"info","event":" 'ts_nodash': '20230623T213700',","chan":"stdout","logger":"task"}
{"timestamp":"2025-07-29T19:44:09.864969Z","level":"info","event":" 'ts_nodash_with_tz': '20230623T213700+0000',","chan":"stdout","logger":"task"}
{"timestamp":"2025-07-29T19:44:09.865043Z","level":"info","event":" 'var': {'json': <VariableAccessor (dynamic access)>,","chan":"stdout","logger":"task"}
{"timestamp":"2025-07-29T19:44:09.865285Z","level":"info","event":"         'value': <VariableAccessor (dynamic access)>}}","chan":"stdout","logger":"task"}
{"timestamp":"2025-07-29T19:44:09.864652","level":"info","event":"Done. Returned value was: 123","logger":"airflow.task.operators.airflow.providers.standard.operators.python.PythonOperator"}
{"timestamp":"2025-07-29T19:44:09.865026","level":"info","event":"Pushing xcom","ti":"RuntimeTaskInstance(id=UUID('019857b6-b610-794c-9607-dfc7936d5d1c'), task_id='python', dag_id='python_operator_v1', run_id='scheduled__2023-06-23T21:37:00+00:00', try_number=1, map_index=-1, hostname='bf6f1e7a6f11', context_carrier={}, task=<Task(PythonOperator): python>, bundle_instance=LocalDagBundle(name=dags-folder), max_tries=0, start_date=datetime.datetime(2025, 7, 29, 19, 44, 9, 122964, tzinfo=datetime.timezone.utc), end_date=None, state=<TaskInstanceState.RUNNING: 'running'>, is_mapped=False, rendered_map_index=None, log_url='http://localhost:8080/dags/python_operator_v1/runs/scheduled__2023-06-23T21%3A37%3A00%2B00%3A00/tasks/python?try_number=1')","logger":"task"}
{"timestamp":"2025-07-29T19:44:09.897373Z","level":"info","event":"Task instance in success state","chan":"stdout","logger":"task"}
{"timestamp":"2025-07-29T19:44:09.897526Z","level":"info","event":" Previous state of the Task instance: TaskInstanceState.RUNNING","chan":"stdout","logger":"task"}
{"timestamp":"2025-07-29T19:44:09.897623Z","level":"info","event":"Task operator:<Task(PythonOperator): python>","chan":"stdout","logger":"task"}
