{"timestamp":"2025-07-29T19:56:50.335341","level":"info","event":"DAG bundles loaded: dags-folder, example_dags","logger":"airflow.dag_processing.bundles.manager.DagBundlesManager"}
{"timestamp":"2025-07-29T19:56:50.335776","level":"info","event":"Filling up the DagBag from /opt/airflow/dags/2_python_operator_v1.py","logger":"airflow.models.dagbag.DagBag"}
{"timestamp":"2025-07-29T19:56:50.362802Z","level":"info","event":"Task instance is in running state","chan":"stdout","logger":"task"}
{"timestamp":"2025-07-29T19:56:50.362934Z","level":"info","event":" Previous state of the Task instance: TaskInstanceState.QUEUED","chan":"stdout","logger":"task"}
{"timestamp":"2025-07-29T19:56:50.363022Z","level":"info","event":"Current task name:python","chan":"stdout","logger":"task"}
{"timestamp":"2025-07-29T19:56:50.363074Z","level":"info","event":"Dag name:python_operator_v1","chan":"stdout","logger":"task"}
{"timestamp":"2025-07-29T19:56:50.364366Z","level":"info","event":"poliana","chan":"stdout","logger":"task"}
{"timestamp":"2025-07-29T19:56:50.364933Z","level":"info","event":"{'conn': <ConnectionAccessor (dynamic access)>,","chan":"stdout","logger":"task"}
{"timestamp":"2025-07-29T19:56:50.365034Z","level":"info","event":" 'dag': <DAG: python_operator_v1>,","chan":"stdout","logger":"task"}
{"timestamp":"2025-07-29T19:56:50.365130Z","level":"info","event":" 'dag_run': DagRun(dag_id='python_operator_v1', run_id='scheduled__2023-06-24T11:15:00+00:00', logical_date=datetime.datetime(2023, 6, 24, 11, 15, tzinfo=datetime.timezone.utc), data_interval_start=datetime.datetime(2023, 6, 24, 11, 15, tzinfo=datetime.timezone.utc), data_interval_end=datetime.datetime(2023, 6, 24, 11, 15, tzinfo=datetime.timezone.utc), run_after=datetime.datetime(2023, 6, 24, 11, 15, tzinfo=datetime.timezone.utc), start_date=datetime.datetime(2025, 7, 29, 19, 56, 49, 295571, tzinfo=datetime.timezone.utc), end_date=None, clear_number=0, run_type=<DagRunType.SCHEDULED: 'scheduled'>, conf={}, consumed_asset_events=[]),","chan":"stdout","logger":"task"}
{"timestamp":"2025-07-29T19:56:50.365191Z","level":"info","event":" 'data_interval_end': DateTime(2023, 6, 24, 11, 15, 0, tzinfo=Timezone('UTC')),","chan":"stdout","logger":"task"}
{"timestamp":"2025-07-29T19:56:50.365238Z","level":"info","event":" 'data_interval_start': DateTime(2023, 6, 24, 11, 15, 0, tzinfo=Timezone('UTC')),","chan":"stdout","logger":"task"}
{"timestamp":"2025-07-29T19:56:50.365282Z","level":"info","event":" 'ds': '2023-06-24',","chan":"stdout","logger":"task"}
{"timestamp":"2025-07-29T19:56:50.365325Z","level":"info","event":" 'ds_nodash': '20230624',","chan":"stdout","logger":"task"}
{"timestamp":"2025-07-29T19:56:50.365367Z","level":"info","event":" 'inlet_events': InletEventsAccessors(_inlets=[], _assets={}, _asset_aliases={}),","chan":"stdout","logger":"task"}
{"timestamp":"2025-07-29T19:56:50.365408Z","level":"info","event":" 'inlets': [],","chan":"stdout","logger":"task"}
{"timestamp":"2025-07-29T19:56:50.365453Z","level":"info","event":" 'logical_date': DateTime(2023, 6, 24, 11, 15, 0, tzinfo=Timezone('UTC')),","chan":"stdout","logger":"task"}
{"timestamp":"2025-07-29T19:56:50.365494Z","level":"info","event":" 'macros': <MacrosAccessor (dynamic access to macros)>,","chan":"stdout","logger":"task"}
{"timestamp":"2025-07-29T19:56:50.365535Z","level":"info","event":" 'map_index_template': None,","chan":"stdout","logger":"task"}
{"timestamp":"2025-07-29T19:56:50.365576Z","level":"info","event":" 'outlet_events': <airflow.sdk.execution_time.context.OutletEventAccessors object at 0x7fb67796ff50>,","chan":"stdout","logger":"task"}
{"timestamp":"2025-07-29T19:56:50.365616Z","level":"info","event":" 'outlets': [],","chan":"stdout","logger":"task"}
{"timestamp":"2025-07-29T19:56:50.365657Z","level":"info","event":" 'params': {},","chan":"stdout","logger":"task"}
{"timestamp":"2025-07-29T19:56:50.380905Z","level":"info","event":" 'prev_data_interval_end_success': <Proxy at 0x7fb66fdf6ea0 with factory <function RuntimeTaskInstance.get_template_context.<locals>.<lambda> at 0x7fb66fc1af20>>,","chan":"stdout","logger":"task"}
{"timestamp":"2025-07-29T19:56:50.381045Z","level":"info","event":" 'prev_data_interval_start_success': <Proxy at 0x7fb66fdf68d0 with factory <function RuntimeTaskInstance.get_template_context.<locals>.<lambda> at 0x7fb66fc1bf60>>,","chan":"stdout","logger":"task"}
{"timestamp":"2025-07-29T19:56:50.381141Z","level":"info","event":" 'prev_end_date_success': <Proxy at 0x7fb67ebcfe30 with factory <function RuntimeTaskInstance.get_template_context.<locals>.<lambda> at 0x7fb66fc1a8e0>>,","chan":"stdout","logger":"task"}
{"timestamp":"2025-07-29T19:56:50.381194Z","level":"info","event":" 'prev_start_date_success': <Proxy at 0x7fb66fdf4f20 with factory <function RuntimeTaskInstance.get_template_context.<locals>.<lambda> at 0x7fb66fc1ade0>>,","chan":"stdout","logger":"task"}
{"timestamp":"2025-07-29T19:56:50.381239Z","level":"info","event":" 'run_id': 'scheduled__2023-06-24T11:15:00+00:00',","chan":"stdout","logger":"task"}
{"timestamp":"2025-07-29T19:56:50.381281Z","level":"info","event":" 'task': <Task(PythonOperator): python>,","chan":"stdout","logger":"task"}
{"timestamp":"2025-07-29T19:56:50.381324Z","level":"info","event":" 'task_instance': RuntimeTaskInstance(id=UUID('019857c2-5103-7dc1-9f26-d34acdc306b9'), task_id='python', dag_id='python_operator_v1', run_id='scheduled__2023-06-24T11:15:00+00:00', try_number=1, map_index=-1, hostname='bf6f1e7a6f11', context_carrier={}, task=<Task(PythonOperator): python>, bundle_instance=LocalDagBundle(name=dags-folder), max_tries=0, start_date=datetime.datetime(2025, 7, 29, 19, 56, 49, 769137, tzinfo=datetime.timezone.utc), end_date=None, state=<TaskInstanceState.RUNNING: 'running'>, is_mapped=False, rendered_map_index=None, log_url='http://localhost:8080/dags/python_operator_v1/runs/scheduled__2023-06-24T11%3A15%3A00%2B00%3A00/tasks/python?try_number=1'),","chan":"stdout","logger":"task"}
{"timestamp":"2025-07-29T19:56:50.381368Z","level":"info","event":" 'task_instance_key_str': 'python_operator_v1__python__20230624',","chan":"stdout","logger":"task"}
{"timestamp":"2025-07-29T19:56:50.381408Z","level":"info","event":" 'task_reschedule_count': 0,","chan":"stdout","logger":"task"}
{"timestamp":"2025-07-29T19:56:50.381448Z","level":"info","event":" 'templates_dict': None,","chan":"stdout","logger":"task"}
{"timestamp":"2025-07-29T19:56:50.381488Z","level":"info","event":" 'ti': RuntimeTaskInstance(id=UUID('019857c2-5103-7dc1-9f26-d34acdc306b9'), task_id='python', dag_id='python_operator_v1', run_id='scheduled__2023-06-24T11:15:00+00:00', try_number=1, map_index=-1, hostname='bf6f1e7a6f11', context_carrier={}, task=<Task(PythonOperator): python>, bundle_instance=LocalDagBundle(name=dags-folder), max_tries=0, start_date=datetime.datetime(2025, 7, 29, 19, 56, 49, 769137, tzinfo=datetime.timezone.utc), end_date=None, state=<TaskInstanceState.RUNNING: 'running'>, is_mapped=False, rendered_map_index=None, log_url='http://localhost:8080/dags/python_operator_v1/runs/scheduled__2023-06-24T11%3A15%3A00%2B00%3A00/tasks/python?try_number=1'),","chan":"stdout","logger":"task"}
{"timestamp":"2025-07-29T19:56:50.381530Z","level":"info","event":" 'triggering_asset_events': TriggeringAssetEventsAccessor(_events=defaultdict(<class 'list'>, {})),","chan":"stdout","logger":"task"}
{"timestamp":"2025-07-29T19:56:50.381570Z","level":"info","event":" 'ts': '2023-06-24T11:15:00+00:00',","chan":"stdout","logger":"task"}
{"timestamp":"2025-07-29T19:56:50.381609Z","level":"info","event":" 'ts_nodash': '20230624T111500',","chan":"stdout","logger":"task"}
{"timestamp":"2025-07-29T19:56:50.381648Z","level":"info","event":" 'ts_nodash_with_tz': '20230624T111500+0000',","chan":"stdout","logger":"task"}
{"timestamp":"2025-07-29T19:56:50.381688Z","level":"info","event":" 'var': {'json': <VariableAccessor (dynamic access)>,","chan":"stdout","logger":"task"}
{"timestamp":"2025-07-29T19:56:50.381728Z","level":"info","event":"         'value': <VariableAccessor (dynamic access)>}}","chan":"stdout","logger":"task"}
{"timestamp":"2025-07-29T19:56:50.381531","level":"info","event":"Done. Returned value was: 123","logger":"airflow.task.operators.airflow.providers.standard.operators.python.PythonOperator"}
{"timestamp":"2025-07-29T19:56:50.381694","level":"info","event":"Pushing xcom","ti":"RuntimeTaskInstance(id=UUID('019857c2-5103-7dc1-9f26-d34acdc306b9'), task_id='python', dag_id='python_operator_v1', run_id='scheduled__2023-06-24T11:15:00+00:00', try_number=1, map_index=-1, hostname='bf6f1e7a6f11', context_carrier={}, task=<Task(PythonOperator): python>, bundle_instance=LocalDagBundle(name=dags-folder), max_tries=0, start_date=datetime.datetime(2025, 7, 29, 19, 56, 49, 769137, tzinfo=datetime.timezone.utc), end_date=None, state=<TaskInstanceState.RUNNING: 'running'>, is_mapped=False, rendered_map_index=None, log_url='http://localhost:8080/dags/python_operator_v1/runs/scheduled__2023-06-24T11%3A15%3A00%2B00%3A00/tasks/python?try_number=1')","logger":"task"}
{"timestamp":"2025-07-29T19:56:50.407418Z","level":"info","event":"Task instance in success state","chan":"stdout","logger":"task"}
{"timestamp":"2025-07-29T19:56:50.407547Z","level":"info","event":" Previous state of the Task instance: TaskInstanceState.RUNNING","chan":"stdout","logger":"task"}
{"timestamp":"2025-07-29T19:56:50.407636Z","level":"info","event":"Task operator:<Task(PythonOperator): python>","chan":"stdout","logger":"task"}
