{"timestamp":"2025-07-29T20:07:35.765570","level":"info","event":"DAG bundles loaded: dags-folder, example_dags","logger":"airflow.dag_processing.bundles.manager.DagBundlesManager"}
{"timestamp":"2025-07-29T20:07:35.766406","level":"info","event":"Filling up the DagBag from /opt/airflow/dags/3_dag_principal.py","logger":"airflow.models.dagbag.DagBag"}
{"timestamp":"2025-07-29T20:07:35.828467Z","level":"info","event":"Task instance is in running state","chan":"stdout","logger":"task"}
{"timestamp":"2025-07-29T20:07:35.828614Z","level":"info","event":" Previous state of the Task instance: TaskInstanceState.QUEUED","chan":"stdout","logger":"task"}
{"timestamp":"2025-07-29T20:07:35.829070Z","level":"info","event":"Current task name:python_principal","chan":"stdout","logger":"task"}
{"timestamp":"2025-07-29T20:07:35.829183Z","level":"info","event":"Dag name:3_DAG_principal","chan":"stdout","logger":"task"}
{"timestamp":"2025-07-29T20:07:35.831709Z","level":"info","event":"DAG principal","chan":"stdout","logger":"task"}
{"timestamp":"2025-07-29T20:07:35.833647Z","level":"info","event":"{'conn': <ConnectionAccessor (dynamic access)>,","chan":"stdout","logger":"task"}
{"timestamp":"2025-07-29T20:07:35.833908Z","level":"info","event":" 'dag': <DAG: 3_DAG_principal>,","chan":"stdout","logger":"task"}
{"timestamp":"2025-07-29T20:07:35.834132Z","level":"info","event":" 'dag_run': DagRun(dag_id='3_DAG_principal', run_id='scheduled__2024-10-12T20:00:00+00:00', logical_date=datetime.datetime(2024, 10, 12, 20, 0, tzinfo=datetime.timezone.utc), data_interval_start=datetime.datetime(2024, 10, 12, 20, 0, tzinfo=datetime.timezone.utc), data_interval_end=datetime.datetime(2024, 10, 12, 20, 0, tzinfo=datetime.timezone.utc), run_after=datetime.datetime(2024, 10, 12, 20, 0, tzinfo=datetime.timezone.utc), start_date=datetime.datetime(2025, 7, 29, 20, 7, 34, 341634, tzinfo=datetime.timezone.utc), end_date=None, clear_number=0, run_type=<DagRunType.SCHEDULED: 'scheduled'>, conf={}, consumed_asset_events=[]),","chan":"stdout","logger":"task"}
{"timestamp":"2025-07-29T20:07:35.834235Z","level":"info","event":" 'data_interval_end': DateTime(2024, 10, 12, 20, 0, 0, tzinfo=Timezone('UTC')),","chan":"stdout","logger":"task"}
{"timestamp":"2025-07-29T20:07:35.834294Z","level":"info","event":" 'data_interval_start': DateTime(2024, 10, 12, 20, 0, 0, tzinfo=Timezone('UTC')),","chan":"stdout","logger":"task"}
{"timestamp":"2025-07-29T20:07:35.834340Z","level":"info","event":" 'ds': '2024-10-12',","chan":"stdout","logger":"task"}
{"timestamp":"2025-07-29T20:07:35.834386Z","level":"info","event":" 'ds_nodash': '20241012',","chan":"stdout","logger":"task"}
{"timestamp":"2025-07-29T20:07:35.834429Z","level":"info","event":" 'inlet_events': InletEventsAccessors(_inlets=[], _assets={}, _asset_aliases={}),","chan":"stdout","logger":"task"}
{"timestamp":"2025-07-29T20:07:35.834470Z","level":"info","event":" 'inlets': [],","chan":"stdout","logger":"task"}
{"timestamp":"2025-07-29T20:07:35.834513Z","level":"info","event":" 'logical_date': DateTime(2024, 10, 12, 20, 0, 0, tzinfo=Timezone('UTC')),","chan":"stdout","logger":"task"}
{"timestamp":"2025-07-29T20:07:35.834580Z","level":"info","event":" 'macros': <MacrosAccessor (dynamic access to macros)>,","chan":"stdout","logger":"task"}
{"timestamp":"2025-07-29T20:07:35.834648Z","level":"info","event":" 'map_index_template': None,","chan":"stdout","logger":"task"}
{"timestamp":"2025-07-29T20:07:35.834790Z","level":"info","event":" 'outlet_events': <airflow.sdk.execution_time.context.OutletEventAccessors object at 0x7fb66fc31b80>,","chan":"stdout","logger":"task"}
{"timestamp":"2025-07-29T20:07:35.834964Z","level":"info","event":" 'outlets': [],","chan":"stdout","logger":"task"}
{"timestamp":"2025-07-29T20:07:35.835048Z","level":"info","event":" 'params': {},","chan":"stdout","logger":"task"}
{"timestamp":"2025-07-29T20:07:35.851663Z","level":"info","event":" 'prev_data_interval_end_success': <Proxy at 0x7fb66fc31d30 with factory <function RuntimeTaskInstance.get_template_context.<locals>.<lambda> at 0x7fb66fc54e00>>,","chan":"stdout","logger":"task"}
{"timestamp":"2025-07-29T20:07:35.852040Z","level":"info","event":" 'prev_data_interval_start_success': <Proxy at 0x7fb66fc31c40 with factory <function RuntimeTaskInstance.get_template_context.<locals>.<lambda> at 0x7fb66fc47560>>,","chan":"stdout","logger":"task"}
{"timestamp":"2025-07-29T20:07:35.852155Z","level":"info","event":" 'prev_end_date_success': <Proxy at 0x7fb67ea17e30 with factory <function RuntimeTaskInstance.get_template_context.<locals>.<lambda> at 0x7fb66fc47c40>>,","chan":"stdout","logger":"task"}
{"timestamp":"2025-07-29T20:07:35.852229Z","level":"info","event":" 'prev_start_date_success': <Proxy at 0x7fb66fc32030 with factory <function RuntimeTaskInstance.get_template_context.<locals>.<lambda> at 0x7fb66fc47b00>>,","chan":"stdout","logger":"task"}
{"timestamp":"2025-07-29T20:07:35.852298Z","level":"info","event":" 'run_id': 'scheduled__2024-10-12T20:00:00+00:00',","chan":"stdout","logger":"task"}
{"timestamp":"2025-07-29T20:07:35.852369Z","level":"info","event":" 'task': <Task(PythonOperator): python_principal>,","chan":"stdout","logger":"task"}
{"timestamp":"2025-07-29T20:07:35.852446Z","level":"info","event":" 'task_instance': RuntimeTaskInstance(id=UUID('019857cc-28b8-7886-8ed0-12e622c62552'), task_id='python_principal', dag_id='3_DAG_principal', run_id='scheduled__2024-10-12T20:00:00+00:00', try_number=1, map_index=-1, hostname='bf6f1e7a6f11', context_carrier={}, task=<Task(PythonOperator): python_principal>, bundle_instance=LocalDagBundle(name=dags-folder), max_tries=0, start_date=datetime.datetime(2025, 7, 29, 20, 7, 34, 900538, tzinfo=datetime.timezone.utc), end_date=None, state=<TaskInstanceState.RUNNING: 'running'>, is_mapped=False, rendered_map_index=None, log_url='http://localhost:8080/dags/3_DAG_principal/runs/scheduled__2024-10-12T20%3A00%3A00%2B00%3A00/tasks/python_principal?try_number=1'),","chan":"stdout","logger":"task"}
{"timestamp":"2025-07-29T20:07:35.852529Z","level":"info","event":" 'task_instance_key_str': '3_DAG_principal__python_principal__20241012',","chan":"stdout","logger":"task"}
{"timestamp":"2025-07-29T20:07:35.852603Z","level":"info","event":" 'task_reschedule_count': 0,","chan":"stdout","logger":"task"}
{"timestamp":"2025-07-29T20:07:35.852666Z","level":"info","event":" 'templates_dict': None,","chan":"stdout","logger":"task"}
{"timestamp":"2025-07-29T20:07:35.852719Z","level":"info","event":" 'ti': RuntimeTaskInstance(id=UUID('019857cc-28b8-7886-8ed0-12e622c62552'), task_id='python_principal', dag_id='3_DAG_principal', run_id='scheduled__2024-10-12T20:00:00+00:00', try_number=1, map_index=-1, hostname='bf6f1e7a6f11', context_carrier={}, task=<Task(PythonOperator): python_principal>, bundle_instance=LocalDagBundle(name=dags-folder), max_tries=0, start_date=datetime.datetime(2025, 7, 29, 20, 7, 34, 900538, tzinfo=datetime.timezone.utc), end_date=None, state=<TaskInstanceState.RUNNING: 'running'>, is_mapped=False, rendered_map_index=None, log_url='http://localhost:8080/dags/3_DAG_principal/runs/scheduled__2024-10-12T20%3A00%3A00%2B00%3A00/tasks/python_principal?try_number=1'),","chan":"stdout","logger":"task"}
{"timestamp":"2025-07-29T20:07:35.852787Z","level":"info","event":" 'triggering_asset_events': TriggeringAssetEventsAccessor(_events=defaultdict(<class 'list'>, {})),","chan":"stdout","logger":"task"}
{"timestamp":"2025-07-29T20:07:35.852844Z","level":"info","event":" 'ts': '2024-10-12T20:00:00+00:00',","chan":"stdout","logger":"task"}
{"timestamp":"2025-07-29T20:07:35.852975Z","level":"info","event":" 'ts_nodash': '20241012T200000',","chan":"stdout","logger":"task"}
{"timestamp":"2025-07-29T20:07:35.853055Z","level":"info","event":" 'ts_nodash_with_tz': '20241012T200000+0000',","chan":"stdout","logger":"task"}
{"timestamp":"2025-07-29T20:07:35.853122Z","level":"info","event":" 'var': {'json': <VariableAccessor (dynamic access)>,","chan":"stdout","logger":"task"}
{"timestamp":"2025-07-29T20:07:35.853217Z","level":"info","event":"         'value': <VariableAccessor (dynamic access)>}}","chan":"stdout","logger":"task"}
{"timestamp":"2025-07-29T20:07:35.852306","level":"info","event":"Done. Returned value was: principal","logger":"airflow.task.operators.airflow.providers.standard.operators.python.PythonOperator"}
{"timestamp":"2025-07-29T20:07:35.852624","level":"info","event":"Pushing xcom","ti":"RuntimeTaskInstance(id=UUID('019857cc-28b8-7886-8ed0-12e622c62552'), task_id='python_principal', dag_id='3_DAG_principal', run_id='scheduled__2024-10-12T20:00:00+00:00', try_number=1, map_index=-1, hostname='bf6f1e7a6f11', context_carrier={}, task=<Task(PythonOperator): python_principal>, bundle_instance=LocalDagBundle(name=dags-folder), max_tries=0, start_date=datetime.datetime(2025, 7, 29, 20, 7, 34, 900538, tzinfo=datetime.timezone.utc), end_date=None, state=<TaskInstanceState.RUNNING: 'running'>, is_mapped=False, rendered_map_index=None, log_url='http://localhost:8080/dags/3_DAG_principal/runs/scheduled__2024-10-12T20%3A00%3A00%2B00%3A00/tasks/python_principal?try_number=1')","logger":"task"}
{"timestamp":"2025-07-29T20:07:35.896511Z","level":"info","event":"Task instance in success state","chan":"stdout","logger":"task"}
{"timestamp":"2025-07-29T20:07:35.896668Z","level":"info","event":" Previous state of the Task instance: TaskInstanceState.RUNNING","chan":"stdout","logger":"task"}
{"timestamp":"2025-07-29T20:07:35.896893Z","level":"info","event":"Task operator:<Task(PythonOperator): python_principal>","chan":"stdout","logger":"task"}
