{"timestamp":"2025-07-29T19:46:25.165048","level":"info","event":"DAG bundles loaded: dags-folder, example_dags","logger":"airflow.dag_processing.bundles.manager.DagBundlesManager"}
{"timestamp":"2025-07-29T19:46:25.165613","level":"info","event":"Filling up the DagBag from /opt/airflow/dags/python_operator_v1.py","logger":"airflow.models.dagbag.DagBag"}
{"timestamp":"2025-07-29T19:46:25.198907Z","level":"info","event":"Task instance is in running state","chan":"stdout","logger":"task"}
{"timestamp":"2025-07-29T19:46:25.199172Z","level":"info","event":" Previous state of the Task instance: TaskInstanceState.QUEUED","chan":"stdout","logger":"task"}
{"timestamp":"2025-07-29T19:46:25.199873Z","level":"info","event":"Current task name:python","chan":"stdout","logger":"task"}
{"timestamp":"2025-07-29T19:46:25.199979Z","level":"info","event":"Dag name:python_operator_v1","chan":"stdout","logger":"task"}
{"timestamp":"2025-07-29T19:46:25.201545Z","level":"info","event":"poliana","chan":"stdout","logger":"task"}
{"timestamp":"2025-07-29T19:46:25.202447Z","level":"info","event":"{'conn': <ConnectionAccessor (dynamic access)>,","chan":"stdout","logger":"task"}
{"timestamp":"2025-07-29T19:46:25.202569Z","level":"info","event":" 'dag': <DAG: python_operator_v1>,","chan":"stdout","logger":"task"}
{"timestamp":"2025-07-29T19:46:25.202708Z","level":"info","event":" 'dag_run': DagRun(dag_id='python_operator_v1', run_id='scheduled__2023-06-24T00:23:00+00:00', logical_date=datetime.datetime(2023, 6, 24, 0, 23, tzinfo=datetime.timezone.utc), data_interval_start=datetime.datetime(2023, 6, 24, 0, 23, tzinfo=datetime.timezone.utc), data_interval_end=datetime.datetime(2023, 6, 24, 0, 23, tzinfo=datetime.timezone.utc), run_after=datetime.datetime(2023, 6, 24, 0, 23, tzinfo=datetime.timezone.utc), start_date=datetime.datetime(2025, 7, 29, 19, 46, 24, 80879, tzinfo=datetime.timezone.utc), end_date=None, clear_number=0, run_type=<DagRunType.SCHEDULED: 'scheduled'>, conf={}, consumed_asset_events=[]),","chan":"stdout","logger":"task"}
{"timestamp":"2025-07-29T19:46:25.202788Z","level":"info","event":" 'data_interval_end': DateTime(2023, 6, 24, 0, 23, 0, tzinfo=Timezone('UTC')),","chan":"stdout","logger":"task"}
{"timestamp":"2025-07-29T19:46:25.202861Z","level":"info","event":" 'data_interval_start': DateTime(2023, 6, 24, 0, 23, 0, tzinfo=Timezone('UTC')),","chan":"stdout","logger":"task"}
{"timestamp":"2025-07-29T19:46:25.202926Z","level":"info","event":" 'ds': '2023-06-24',","chan":"stdout","logger":"task"}
{"timestamp":"2025-07-29T19:46:25.202987Z","level":"info","event":" 'ds_nodash': '20230624',","chan":"stdout","logger":"task"}
{"timestamp":"2025-07-29T19:46:25.203049Z","level":"info","event":" 'inlet_events': InletEventsAccessors(_inlets=[], _assets={}, _asset_aliases={}),","chan":"stdout","logger":"task"}
{"timestamp":"2025-07-29T19:46:25.203109Z","level":"info","event":" 'inlets': [],","chan":"stdout","logger":"task"}
{"timestamp":"2025-07-29T19:46:25.203169Z","level":"info","event":" 'logical_date': DateTime(2023, 6, 24, 0, 23, 0, tzinfo=Timezone('UTC')),","chan":"stdout","logger":"task"}
{"timestamp":"2025-07-29T19:46:25.203230Z","level":"info","event":" 'macros': <MacrosAccessor (dynamic access to macros)>,","chan":"stdout","logger":"task"}
{"timestamp":"2025-07-29T19:46:25.203297Z","level":"info","event":" 'map_index_template': None,","chan":"stdout","logger":"task"}
{"timestamp":"2025-07-29T19:46:25.203357Z","level":"info","event":" 'outlet_events': <airflow.sdk.execution_time.context.OutletEventAccessors object at 0x7fb67b8e7a70>,","chan":"stdout","logger":"task"}
{"timestamp":"2025-07-29T19:46:25.203418Z","level":"info","event":" 'outlets': [],","chan":"stdout","logger":"task"}
{"timestamp":"2025-07-29T19:46:25.203478Z","level":"info","event":" 'params': {},","chan":"stdout","logger":"task"}
{"timestamp":"2025-07-29T19:46:25.243350Z","level":"info","event":" 'prev_data_interval_end_success': <Proxy at 0x7fb66fc55fd0 with factory <function RuntimeTaskInstance.get_template_context.<locals>.<lambda> at 0x7fb66fc70fe0>>,","chan":"stdout","logger":"task"}
{"timestamp":"2025-07-29T19:46:25.243555Z","level":"info","event":" 'prev_data_interval_start_success': <Proxy at 0x7fb66fc55ee0 with factory <function RuntimeTaskInstance.get_template_context.<locals>.<lambda> at 0x7fb66fc72700>>,","chan":"stdout","logger":"task"}
{"timestamp":"2025-07-29T19:46:25.243635Z","level":"info","event":" 'prev_end_date_success': <Proxy at 0x7fb66fc562a0 with factory <function RuntimeTaskInstance.get_template_context.<locals>.<lambda> at 0x7fb66fc727a0>>,","chan":"stdout","logger":"task"}
{"timestamp":"2025-07-29T19:46:25.243682Z","level":"info","event":" 'prev_start_date_success': <Proxy at 0x7fb66fc56360 with factory <function RuntimeTaskInstance.get_template_context.<locals>.<lambda> at 0x7fb66fc714e0>>,","chan":"stdout","logger":"task"}
{"timestamp":"2025-07-29T19:46:25.243726Z","level":"info","event":" 'run_id': 'scheduled__2023-06-24T00:23:00+00:00',","chan":"stdout","logger":"task"}
{"timestamp":"2025-07-29T19:46:25.243768Z","level":"info","event":" 'task': <Task(PythonOperator): python>,","chan":"stdout","logger":"task"}
{"timestamp":"2025-07-29T19:46:25.243852Z","level":"info","event":" 'task_instance': RuntimeTaskInstance(id=UUID('019857b8-c6c9-793c-a450-f6bda1c49b71'), task_id='python', dag_id='python_operator_v1', run_id='scheduled__2023-06-24T00:23:00+00:00', try_number=1, map_index=-1, hostname='bf6f1e7a6f11', context_carrier={}, task=<Task(PythonOperator): python>, bundle_instance=LocalDagBundle(name=dags-folder), max_tries=0, start_date=datetime.datetime(2025, 7, 29, 19, 46, 24, 436210, tzinfo=datetime.timezone.utc), end_date=None, state=<TaskInstanceState.RUNNING: 'running'>, is_mapped=False, rendered_map_index=None, log_url='http://localhost:8080/dags/python_operator_v1/runs/scheduled__2023-06-24T00%3A23%3A00%2B00%3A00/tasks/python?try_number=1'),","chan":"stdout","logger":"task"}
{"timestamp":"2025-07-29T19:46:25.243905Z","level":"info","event":" 'task_instance_key_str': 'python_operator_v1__python__20230624',","chan":"stdout","logger":"task"}
{"timestamp":"2025-07-29T19:46:25.243948Z","level":"info","event":" 'task_reschedule_count': 0,","chan":"stdout","logger":"task"}
{"timestamp":"2025-07-29T19:46:25.243989Z","level":"info","event":" 'templates_dict': None,","chan":"stdout","logger":"task"}
{"timestamp":"2025-07-29T19:46:25.244030Z","level":"info","event":" 'ti': RuntimeTaskInstance(id=UUID('019857b8-c6c9-793c-a450-f6bda1c49b71'), task_id='python', dag_id='python_operator_v1', run_id='scheduled__2023-06-24T00:23:00+00:00', try_number=1, map_index=-1, hostname='bf6f1e7a6f11', context_carrier={}, task=<Task(PythonOperator): python>, bundle_instance=LocalDagBundle(name=dags-folder), max_tries=0, start_date=datetime.datetime(2025, 7, 29, 19, 46, 24, 436210, tzinfo=datetime.timezone.utc), end_date=None, state=<TaskInstanceState.RUNNING: 'running'>, is_mapped=False, rendered_map_index=None, log_url='http://localhost:8080/dags/python_operator_v1/runs/scheduled__2023-06-24T00%3A23%3A00%2B00%3A00/tasks/python?try_number=1'),","chan":"stdout","logger":"task"}
{"timestamp":"2025-07-29T19:46:25.244073Z","level":"info","event":" 'triggering_asset_events': TriggeringAssetEventsAccessor(_events=defaultdict(<class 'list'>, {})),","chan":"stdout","logger":"task"}
{"timestamp":"2025-07-29T19:46:25.244114Z","level":"info","event":" 'ts': '2023-06-24T00:23:00+00:00',","chan":"stdout","logger":"task"}
{"timestamp":"2025-07-29T19:46:25.244153Z","level":"info","event":" 'ts_nodash': '20230624T002300',","chan":"stdout","logger":"task"}
{"timestamp":"2025-07-29T19:46:25.244195Z","level":"info","event":" 'ts_nodash_with_tz': '20230624T002300+0000',","chan":"stdout","logger":"task"}
{"timestamp":"2025-07-29T19:46:25.244235Z","level":"info","event":" 'var': {'json': <VariableAccessor (dynamic access)>,","chan":"stdout","logger":"task"}
{"timestamp":"2025-07-29T19:46:25.244276Z","level":"info","event":"         'value': <VariableAccessor (dynamic access)>}}","chan":"stdout","logger":"task"}
{"timestamp":"2025-07-29T19:46:25.244330","level":"info","event":"Done. Returned value was: 123","logger":"airflow.task.operators.airflow.providers.standard.operators.python.PythonOperator"}
{"timestamp":"2025-07-29T19:46:25.244550","level":"info","event":"Pushing xcom","ti":"RuntimeTaskInstance(id=UUID('019857b8-c6c9-793c-a450-f6bda1c49b71'), task_id='python', dag_id='python_operator_v1', run_id='scheduled__2023-06-24T00:23:00+00:00', try_number=1, map_index=-1, hostname='bf6f1e7a6f11', context_carrier={}, task=<Task(PythonOperator): python>, bundle_instance=LocalDagBundle(name=dags-folder), max_tries=0, start_date=datetime.datetime(2025, 7, 29, 19, 46, 24, 436210, tzinfo=datetime.timezone.utc), end_date=None, state=<TaskInstanceState.RUNNING: 'running'>, is_mapped=False, rendered_map_index=None, log_url='http://localhost:8080/dags/python_operator_v1/runs/scheduled__2023-06-24T00%3A23%3A00%2B00%3A00/tasks/python?try_number=1')","logger":"task"}
{"timestamp":"2025-07-29T19:46:25.270878Z","level":"info","event":"Task instance in success state","chan":"stdout","logger":"task"}
{"timestamp":"2025-07-29T19:46:25.271046Z","level":"info","event":" Previous state of the Task instance: TaskInstanceState.RUNNING","chan":"stdout","logger":"task"}
{"timestamp":"2025-07-29T19:46:25.271185Z","level":"info","event":"Task operator:<Task(PythonOperator): python>","chan":"stdout","logger":"task"}
