{"timestamp":"2025-07-29T20:09:30.754213","level":"info","event":"DAG bundles loaded: dags-folder, example_dags","logger":"airflow.dag_processing.bundles.manager.DagBundlesManager"}
{"timestamp":"2025-07-29T20:09:30.755239","level":"info","event":"Filling up the DagBag from /opt/airflow/dags/2_python_operator_v1.py","logger":"airflow.models.dagbag.DagBag"}
{"timestamp":"2025-07-29T20:09:30.793161Z","level":"info","event":"Task instance is in running state","chan":"stdout","logger":"task"}
{"timestamp":"2025-07-29T20:09:30.793502Z","level":"info","event":" Previous state of the Task instance: TaskInstanceState.QUEUED","chan":"stdout","logger":"task"}
{"timestamp":"2025-07-29T20:09:30.794372Z","level":"info","event":"Current task name:python","chan":"stdout","logger":"task"}
{"timestamp":"2025-07-29T20:09:30.794535Z","level":"info","event":"Dag name:python_operator_v1","chan":"stdout","logger":"task"}
{"timestamp":"2025-07-29T20:09:30.796038Z","level":"info","event":"poliana","chan":"stdout","logger":"task"}
{"timestamp":"2025-07-29T20:09:30.797362Z","level":"info","event":"{'conn': <ConnectionAccessor (dynamic access)>,","chan":"stdout","logger":"task"}
{"timestamp":"2025-07-29T20:09:30.797705Z","level":"info","event":" 'dag': <DAG: python_operator_v1>,","chan":"stdout","logger":"task"}
{"timestamp":"2025-07-29T20:09:30.797979Z","level":"info","event":" 'dag_run': DagRun(dag_id='python_operator_v1', run_id='scheduled__2023-06-24T22:50:00+00:00', logical_date=datetime.datetime(2023, 6, 24, 22, 50, tzinfo=datetime.timezone.utc), data_interval_start=datetime.datetime(2023, 6, 24, 22, 50, tzinfo=datetime.timezone.utc), data_interval_end=datetime.datetime(2023, 6, 24, 22, 50, tzinfo=datetime.timezone.utc), run_after=datetime.datetime(2023, 6, 24, 22, 50, tzinfo=datetime.timezone.utc), start_date=datetime.datetime(2025, 7, 29, 20, 9, 28, 907095, tzinfo=datetime.timezone.utc), end_date=None, clear_number=0, run_type=<DagRunType.SCHEDULED: 'scheduled'>, conf={}, consumed_asset_events=[]),","chan":"stdout","logger":"task"}
{"timestamp":"2025-07-29T20:09:30.798269Z","level":"info","event":" 'data_interval_end': DateTime(2023, 6, 24, 22, 50, 0, tzinfo=Timezone('UTC')),","chan":"stdout","logger":"task"}
{"timestamp":"2025-07-29T20:09:30.798743Z","level":"info","event":" 'data_interval_start': DateTime(2023, 6, 24, 22, 50, 0, tzinfo=Timezone('UTC')),","chan":"stdout","logger":"task"}
{"timestamp":"2025-07-29T20:09:30.798921Z","level":"info","event":" 'ds': '2023-06-24',","chan":"stdout","logger":"task"}
{"timestamp":"2025-07-29T20:09:30.799058Z","level":"info","event":" 'ds_nodash': '20230624',","chan":"stdout","logger":"task"}
{"timestamp":"2025-07-29T20:09:30.799337Z","level":"info","event":" 'inlet_events': InletEventsAccessors(_inlets=[], _assets={}, _asset_aliases={}),","chan":"stdout","logger":"task"}
{"timestamp":"2025-07-29T20:09:30.799435Z","level":"info","event":" 'inlets': [],","chan":"stdout","logger":"task"}
{"timestamp":"2025-07-29T20:09:30.799510Z","level":"info","event":" 'logical_date': DateTime(2023, 6, 24, 22, 50, 0, tzinfo=Timezone('UTC')),","chan":"stdout","logger":"task"}
{"timestamp":"2025-07-29T20:09:30.799576Z","level":"info","event":" 'macros': <MacrosAccessor (dynamic access to macros)>,","chan":"stdout","logger":"task"}
{"timestamp":"2025-07-29T20:09:30.799640Z","level":"info","event":" 'map_index_template': None,","chan":"stdout","logger":"task"}
{"timestamp":"2025-07-29T20:09:30.799708Z","level":"info","event":" 'outlet_events': <airflow.sdk.execution_time.context.OutletEventAccessors object at 0x7fb67ebbc5c0>,","chan":"stdout","logger":"task"}
{"timestamp":"2025-07-29T20:09:30.799777Z","level":"info","event":" 'outlets': [],","chan":"stdout","logger":"task"}
{"timestamp":"2025-07-29T20:09:30.799842Z","level":"info","event":" 'params': {},","chan":"stdout","logger":"task"}
{"timestamp":"2025-07-29T20:09:30.863878Z","level":"info","event":" 'prev_data_interval_end_success': <Proxy at 0x7fb66fc54f80 with factory <function RuntimeTaskInstance.get_template_context.<locals>.<lambda> at 0x7fb66fc6d120>>,","chan":"stdout","logger":"task"}
{"timestamp":"2025-07-29T20:09:30.864221Z","level":"info","event":" 'prev_data_interval_start_success': <Proxy at 0x7fb6779bf2c0 with factory <function RuntimeTaskInstance.get_template_context.<locals>.<lambda> at 0x7fb66fc6e840>>,","chan":"stdout","logger":"task"}
{"timestamp":"2025-07-29T20:09:30.864383Z","level":"info","event":" 'prev_end_date_success': <Proxy at 0x7fb677766300 with factory <function RuntimeTaskInstance.get_template_context.<locals>.<lambda> at 0x7fb66fc6e8e0>>,","chan":"stdout","logger":"task"}
{"timestamp":"2025-07-29T20:09:30.864467Z","level":"info","event":" 'prev_start_date_success': <Proxy at 0x7fb66fc37950 with factory <function RuntimeTaskInstance.get_template_context.<locals>.<lambda> at 0x7fb66fc6d620>>,","chan":"stdout","logger":"task"}
{"timestamp":"2025-07-29T20:09:30.864544Z","level":"info","event":" 'run_id': 'scheduled__2023-06-24T22:50:00+00:00',","chan":"stdout","logger":"task"}
{"timestamp":"2025-07-29T20:09:30.864611Z","level":"info","event":" 'task': <Task(PythonOperator): python>,","chan":"stdout","logger":"task"}
{"timestamp":"2025-07-29T20:09:30.864683Z","level":"info","event":" 'task_instance': RuntimeTaskInstance(id=UUID('019857cd-e846-7915-8ca2-d954dcf4e314'), task_id='python', dag_id='python_operator_v1', run_id='scheduled__2023-06-24T22:50:00+00:00', try_number=1, map_index=-1, hostname='bf6f1e7a6f11', context_carrier={}, task=<Task(PythonOperator): python>, bundle_instance=LocalDagBundle(name=dags-folder), max_tries=0, start_date=datetime.datetime(2025, 7, 29, 20, 9, 30, 153106, tzinfo=datetime.timezone.utc), end_date=None, state=<TaskInstanceState.RUNNING: 'running'>, is_mapped=False, rendered_map_index=None, log_url='http://localhost:8080/dags/python_operator_v1/runs/scheduled__2023-06-24T22%3A50%3A00%2B00%3A00/tasks/python?try_number=1'),","chan":"stdout","logger":"task"}
{"timestamp":"2025-07-29T20:09:30.864755Z","level":"info","event":" 'task_instance_key_str': 'python_operator_v1__python__20230624',","chan":"stdout","logger":"task"}
{"timestamp":"2025-07-29T20:09:30.864823Z","level":"info","event":" 'task_reschedule_count': 0,","chan":"stdout","logger":"task"}
{"timestamp":"2025-07-29T20:09:30.864893Z","level":"info","event":" 'templates_dict': None,","chan":"stdout","logger":"task"}
{"timestamp":"2025-07-29T20:09:30.865033Z","level":"info","event":" 'ti': RuntimeTaskInstance(id=UUID('019857cd-e846-7915-8ca2-d954dcf4e314'), task_id='python', dag_id='python_operator_v1', run_id='scheduled__2023-06-24T22:50:00+00:00', try_number=1, map_index=-1, hostname='bf6f1e7a6f11', context_carrier={}, task=<Task(PythonOperator): python>, bundle_instance=LocalDagBundle(name=dags-folder), max_tries=0, start_date=datetime.datetime(2025, 7, 29, 20, 9, 30, 153106, tzinfo=datetime.timezone.utc), end_date=None, state=<TaskInstanceState.RUNNING: 'running'>, is_mapped=False, rendered_map_index=None, log_url='http://localhost:8080/dags/python_operator_v1/runs/scheduled__2023-06-24T22%3A50%3A00%2B00%3A00/tasks/python?try_number=1'),","chan":"stdout","logger":"task"}
{"timestamp":"2025-07-29T20:09:30.865148Z","level":"info","event":" 'triggering_asset_events': TriggeringAssetEventsAccessor(_events=defaultdict(<class 'list'>, {})),","chan":"stdout","logger":"task"}
{"timestamp":"2025-07-29T20:09:30.865231Z","level":"info","event":" 'ts': '2023-06-24T22:50:00+00:00',","chan":"stdout","logger":"task"}
{"timestamp":"2025-07-29T20:09:30.865298Z","level":"info","event":" 'ts_nodash': '20230624T225000',","chan":"stdout","logger":"task"}
{"timestamp":"2025-07-29T20:09:30.865367Z","level":"info","event":" 'ts_nodash_with_tz': '20230624T225000+0000',","chan":"stdout","logger":"task"}
{"timestamp":"2025-07-29T20:09:30.865489Z","level":"info","event":" 'var': {'json': <VariableAccessor (dynamic access)>,","chan":"stdout","logger":"task"}
{"timestamp":"2025-07-29T20:09:30.865563Z","level":"info","event":"         'value': <VariableAccessor (dynamic access)>}}","chan":"stdout","logger":"task"}
{"timestamp":"2025-07-29T20:09:30.865042","level":"info","event":"Done. Returned value was: 123","logger":"airflow.task.operators.airflow.providers.standard.operators.python.PythonOperator"}
{"timestamp":"2025-07-29T20:09:30.865307","level":"info","event":"Pushing xcom","ti":"RuntimeTaskInstance(id=UUID('019857cd-e846-7915-8ca2-d954dcf4e314'), task_id='python', dag_id='python_operator_v1', run_id='scheduled__2023-06-24T22:50:00+00:00', try_number=1, map_index=-1, hostname='bf6f1e7a6f11', context_carrier={}, task=<Task(PythonOperator): python>, bundle_instance=LocalDagBundle(name=dags-folder), max_tries=0, start_date=datetime.datetime(2025, 7, 29, 20, 9, 30, 153106, tzinfo=datetime.timezone.utc), end_date=None, state=<TaskInstanceState.RUNNING: 'running'>, is_mapped=False, rendered_map_index=None, log_url='http://localhost:8080/dags/python_operator_v1/runs/scheduled__2023-06-24T22%3A50%3A00%2B00%3A00/tasks/python?try_number=1')","logger":"task"}
{"timestamp":"2025-07-29T20:09:30.895477Z","level":"info","event":"Task instance in success state","chan":"stdout","logger":"task"}
{"timestamp":"2025-07-29T20:09:30.895627Z","level":"info","event":" Previous state of the Task instance: TaskInstanceState.RUNNING","chan":"stdout","logger":"task"}
{"timestamp":"2025-07-29T20:09:30.895818Z","level":"info","event":"Task operator:<Task(PythonOperator): python>","chan":"stdout","logger":"task"}
