{"timestamp":"2025-07-29T20:02:50.574436","level":"info","event":"DAG bundles loaded: dags-folder, example_dags","logger":"airflow.dag_processing.bundles.manager.DagBundlesManager"}
{"timestamp":"2025-07-29T20:02:50.575000","level":"info","event":"Filling up the DagBag from /opt/airflow/dags/3_dag_principal.py","logger":"airflow.models.dagbag.DagBag"}
{"timestamp":"2025-07-29T20:02:50.610620Z","level":"info","event":"Task instance is in running state","chan":"stdout","logger":"task"}
{"timestamp":"2025-07-29T20:02:50.610874Z","level":"info","event":" Previous state of the Task instance: TaskInstanceState.QUEUED","chan":"stdout","logger":"task"}
{"timestamp":"2025-07-29T20:02:50.611414Z","level":"info","event":"Current task name:python_principal","chan":"stdout","logger":"task"}
{"timestamp":"2025-07-29T20:02:50.611548Z","level":"info","event":"Dag name:3_DAG_principal","chan":"stdout","logger":"task"}
{"timestamp":"2025-07-29T20:02:50.612755Z","level":"info","event":"DAG principal","chan":"stdout","logger":"task"}
{"timestamp":"2025-07-29T20:02:50.613693Z","level":"info","event":"{'conn': <ConnectionAccessor (dynamic access)>,","chan":"stdout","logger":"task"}
{"timestamp":"2025-07-29T20:02:50.613873Z","level":"info","event":" 'dag': <DAG: 3_DAG_principal>,","chan":"stdout","logger":"task"}
{"timestamp":"2025-07-29T20:02:50.614193Z","level":"info","event":" 'dag_run': DagRun(dag_id='3_DAG_principal', run_id='scheduled__2024-02-04T20:00:00+00:00', logical_date=datetime.datetime(2024, 2, 4, 20, 0, tzinfo=datetime.timezone.utc), data_interval_start=datetime.datetime(2024, 2, 4, 20, 0, tzinfo=datetime.timezone.utc), data_interval_end=datetime.datetime(2024, 2, 4, 20, 0, tzinfo=datetime.timezone.utc), run_after=datetime.datetime(2024, 2, 4, 20, 0, tzinfo=datetime.timezone.utc), start_date=datetime.datetime(2025, 7, 29, 20, 2, 49, 356525, tzinfo=datetime.timezone.utc), end_date=None, clear_number=0, run_type=<DagRunType.SCHEDULED: 'scheduled'>, conf={}, consumed_asset_events=[]),","chan":"stdout","logger":"task"}
{"timestamp":"2025-07-29T20:02:50.614327Z","level":"info","event":" 'data_interval_end': DateTime(2024, 2, 4, 20, 0, 0, tzinfo=Timezone('UTC')),","chan":"stdout","logger":"task"}
{"timestamp":"2025-07-29T20:02:50.614407Z","level":"info","event":" 'data_interval_start': DateTime(2024, 2, 4, 20, 0, 0, tzinfo=Timezone('UTC')),","chan":"stdout","logger":"task"}
{"timestamp":"2025-07-29T20:02:50.614472Z","level":"info","event":" 'ds': '2024-02-04',","chan":"stdout","logger":"task"}
{"timestamp":"2025-07-29T20:02:50.614532Z","level":"info","event":" 'ds_nodash': '20240204',","chan":"stdout","logger":"task"}
{"timestamp":"2025-07-29T20:02:50.614592Z","level":"info","event":" 'inlet_events': InletEventsAccessors(_inlets=[], _assets={}, _asset_aliases={}),","chan":"stdout","logger":"task"}
{"timestamp":"2025-07-29T20:02:50.614649Z","level":"info","event":" 'inlets': [],","chan":"stdout","logger":"task"}
{"timestamp":"2025-07-29T20:02:50.614711Z","level":"info","event":" 'logical_date': DateTime(2024, 2, 4, 20, 0, 0, tzinfo=Timezone('UTC')),","chan":"stdout","logger":"task"}
{"timestamp":"2025-07-29T20:02:50.614776Z","level":"info","event":" 'macros': <MacrosAccessor (dynamic access to macros)>,","chan":"stdout","logger":"task"}
{"timestamp":"2025-07-29T20:02:50.614842Z","level":"info","event":" 'map_index_template': None,","chan":"stdout","logger":"task"}
{"timestamp":"2025-07-29T20:02:50.614907Z","level":"info","event":" 'outlet_events': <airflow.sdk.execution_time.context.OutletEventAccessors object at 0x7fb66fd37a70>,","chan":"stdout","logger":"task"}
{"timestamp":"2025-07-29T20:02:50.614973Z","level":"info","event":" 'outlets': [],","chan":"stdout","logger":"task"}
{"timestamp":"2025-07-29T20:02:50.615038Z","level":"info","event":" 'params': {},","chan":"stdout","logger":"task"}
{"timestamp":"2025-07-29T20:02:50.626890Z","level":"info","event":" 'prev_data_interval_end_success': <Proxy at 0x7fb66fc97bf0 with factory <function RuntimeTaskInstance.get_template_context.<locals>.<lambda> at 0x7fb66fcbeac0>>,","chan":"stdout","logger":"task"}
{"timestamp":"2025-07-29T20:02:50.627159Z","level":"info","event":" 'prev_data_interval_start_success': <Proxy at 0x7fb66fc97e90 with factory <function RuntimeTaskInstance.get_template_context.<locals>.<lambda> at 0x7fb66fcbd300>>,","chan":"stdout","logger":"task"}
{"timestamp":"2025-07-29T20:02:50.627285Z","level":"info","event":" 'prev_end_date_success': <Proxy at 0x7fb66fc979e0 with factory <function RuntimeTaskInstance.get_template_context.<locals>.<lambda> at 0x7fb66fcbeb60>>,","chan":"stdout","logger":"task"}
{"timestamp":"2025-07-29T20:02:50.627373Z","level":"info","event":" 'prev_start_date_success': <Proxy at 0x7fb66fc977a0 with factory <function RuntimeTaskInstance.get_template_context.<locals>.<lambda> at 0x7fb66fcbd8a0>>,","chan":"stdout","logger":"task"}
{"timestamp":"2025-07-29T20:02:50.627493Z","level":"info","event":" 'run_id': 'scheduled__2024-02-04T20:00:00+00:00',","chan":"stdout","logger":"task"}
{"timestamp":"2025-07-29T20:02:50.627594Z","level":"info","event":" 'task': <Task(PythonOperator): python_principal>,","chan":"stdout","logger":"task"}
{"timestamp":"2025-07-29T20:02:50.627671Z","level":"info","event":" 'task_instance': RuntimeTaskInstance(id=UUID('019857c7-cf74-7b4a-85b8-2a48a01b6064'), task_id='python_principal', dag_id='3_DAG_principal', run_id='scheduled__2024-02-04T20:00:00+00:00', try_number=1, map_index=-1, hostname='bf6f1e7a6f11', context_carrier={}, task=<Task(PythonOperator): python_principal>, bundle_instance=LocalDagBundle(name=dags-folder), max_tries=0, start_date=datetime.datetime(2025, 7, 29, 20, 2, 49, 891551, tzinfo=datetime.timezone.utc), end_date=None, state=<TaskInstanceState.RUNNING: 'running'>, is_mapped=False, rendered_map_index=None, log_url='http://localhost:8080/dags/3_DAG_principal/runs/scheduled__2024-02-04T20%3A00%3A00%2B00%3A00/tasks/python_principal?try_number=1'),","chan":"stdout","logger":"task"}
{"timestamp":"2025-07-29T20:02:50.627745Z","level":"info","event":" 'task_instance_key_str': '3_DAG_principal__python_principal__20240204',","chan":"stdout","logger":"task"}
{"timestamp":"2025-07-29T20:02:50.627818Z","level":"info","event":" 'task_reschedule_count': 0,","chan":"stdout","logger":"task"}
{"timestamp":"2025-07-29T20:02:50.627886Z","level":"info","event":" 'templates_dict': None,","chan":"stdout","logger":"task"}
{"timestamp":"2025-07-29T20:02:50.628013Z","level":"info","event":" 'ti': RuntimeTaskInstance(id=UUID('019857c7-cf74-7b4a-85b8-2a48a01b6064'), task_id='python_principal', dag_id='3_DAG_principal', run_id='scheduled__2024-02-04T20:00:00+00:00', try_number=1, map_index=-1, hostname='bf6f1e7a6f11', context_carrier={}, task=<Task(PythonOperator): python_principal>, bundle_instance=LocalDagBundle(name=dags-folder), max_tries=0, start_date=datetime.datetime(2025, 7, 29, 20, 2, 49, 891551, tzinfo=datetime.timezone.utc), end_date=None, state=<TaskInstanceState.RUNNING: 'running'>, is_mapped=False, rendered_map_index=None, log_url='http://localhost:8080/dags/3_DAG_principal/runs/scheduled__2024-02-04T20%3A00%3A00%2B00%3A00/tasks/python_principal?try_number=1'),","chan":"stdout","logger":"task"}
{"timestamp":"2025-07-29T20:02:50.628083Z","level":"info","event":" 'triggering_asset_events': TriggeringAssetEventsAccessor(_events=defaultdict(<class 'list'>, {})),","chan":"stdout","logger":"task"}
{"timestamp":"2025-07-29T20:02:50.628140Z","level":"info","event":" 'ts': '2024-02-04T20:00:00+00:00',","chan":"stdout","logger":"task"}
{"timestamp":"2025-07-29T20:02:50.628194Z","level":"info","event":" 'ts_nodash': '20240204T200000',","chan":"stdout","logger":"task"}
{"timestamp":"2025-07-29T20:02:50.628282Z","level":"info","event":" 'ts_nodash_with_tz': '20240204T200000+0000',","chan":"stdout","logger":"task"}
{"timestamp":"2025-07-29T20:02:50.628337Z","level":"info","event":" 'var': {'json': <VariableAccessor (dynamic access)>,","chan":"stdout","logger":"task"}
{"timestamp":"2025-07-29T20:02:50.628404Z","level":"info","event":"         'value': <VariableAccessor (dynamic access)>}}","chan":"stdout","logger":"task"}
{"timestamp":"2025-07-29T20:02:50.627405","level":"info","event":"Done. Returned value was: principal","logger":"airflow.task.operators.airflow.providers.standard.operators.python.PythonOperator"}
{"timestamp":"2025-07-29T20:02:50.627654","level":"info","event":"Pushing xcom","ti":"RuntimeTaskInstance(id=UUID('019857c7-cf74-7b4a-85b8-2a48a01b6064'), task_id='python_principal', dag_id='3_DAG_principal', run_id='scheduled__2024-02-04T20:00:00+00:00', try_number=1, map_index=-1, hostname='bf6f1e7a6f11', context_carrier={}, task=<Task(PythonOperator): python_principal>, bundle_instance=LocalDagBundle(name=dags-folder), max_tries=0, start_date=datetime.datetime(2025, 7, 29, 20, 2, 49, 891551, tzinfo=datetime.timezone.utc), end_date=None, state=<TaskInstanceState.RUNNING: 'running'>, is_mapped=False, rendered_map_index=None, log_url='http://localhost:8080/dags/3_DAG_principal/runs/scheduled__2024-02-04T20%3A00%3A00%2B00%3A00/tasks/python_principal?try_number=1')","logger":"task"}
{"timestamp":"2025-07-29T20:02:50.662228Z","level":"info","event":"Task instance in success state","chan":"stdout","logger":"task"}
{"timestamp":"2025-07-29T20:02:50.662485Z","level":"info","event":" Previous state of the Task instance: TaskInstanceState.RUNNING","chan":"stdout","logger":"task"}
{"timestamp":"2025-07-29T20:02:50.662682Z","level":"info","event":"Task operator:<Task(PythonOperator): python_principal>","chan":"stdout","logger":"task"}
