{"timestamp":"2025-07-29T19:29:01.745588","level":"info","event":"DAG bundles loaded: dags-folder, example_dags","logger":"airflow.dag_processing.bundles.manager.DagBundlesManager"}
{"timestamp":"2025-07-29T19:29:01.746552","level":"info","event":"Filling up the DagBag from /opt/airflow/dags/python_operator_v1.py","logger":"airflow.models.dagbag.DagBag"}
{"timestamp":"2025-07-29T19:29:01.780659Z","level":"info","event":"Task instance is in running state","chan":"stdout","logger":"task"}
{"timestamp":"2025-07-29T19:29:01.780957Z","level":"info","event":" Previous state of the Task instance: TaskInstanceState.QUEUED","chan":"stdout","logger":"task"}
{"timestamp":"2025-07-29T19:29:01.782120Z","level":"info","event":"Current task name:python","chan":"stdout","logger":"task"}
{"timestamp":"2025-07-29T19:29:01.782428Z","level":"info","event":"Dag name:python_operator_v1","chan":"stdout","logger":"task"}
{"timestamp":"2025-07-29T19:29:01.784323Z","level":"info","event":"poliana","chan":"stdout","logger":"task"}
{"timestamp":"2025-07-29T19:29:01.785283Z","level":"info","event":"{'conn': <ConnectionAccessor (dynamic access)>,","chan":"stdout","logger":"task"}
{"timestamp":"2025-07-29T19:29:01.785465Z","level":"info","event":" 'dag': <DAG: python_operator_v1>,","chan":"stdout","logger":"task"}
{"timestamp":"2025-07-29T19:29:01.785626Z","level":"info","event":" 'dag_run': DagRun(dag_id='python_operator_v1', run_id='scheduled__2023-06-23T05:14:00+00:00', logical_date=datetime.datetime(2023, 6, 23, 5, 14, tzinfo=datetime.timezone.utc), data_interval_start=datetime.datetime(2023, 6, 23, 5, 14, tzinfo=datetime.timezone.utc), data_interval_end=datetime.datetime(2023, 6, 23, 5, 14, tzinfo=datetime.timezone.utc), run_after=datetime.datetime(2023, 6, 23, 5, 14, tzinfo=datetime.timezone.utc), start_date=datetime.datetime(2025, 7, 29, 19, 28, 59, 983196, tzinfo=datetime.timezone.utc), end_date=None, clear_number=0, run_type=<DagRunType.SCHEDULED: 'scheduled'>, conf={}, consumed_asset_events=[]),","chan":"stdout","logger":"task"}
{"timestamp":"2025-07-29T19:29:01.785717Z","level":"info","event":" 'data_interval_end': DateTime(2023, 6, 23, 5, 14, 0, tzinfo=Timezone('UTC')),","chan":"stdout","logger":"task"}
{"timestamp":"2025-07-29T19:29:01.785799Z","level":"info","event":" 'data_interval_start': DateTime(2023, 6, 23, 5, 14, 0, tzinfo=Timezone('UTC')),","chan":"stdout","logger":"task"}
{"timestamp":"2025-07-29T19:29:01.785866Z","level":"info","event":" 'ds': '2023-06-23',","chan":"stdout","logger":"task"}
{"timestamp":"2025-07-29T19:29:01.785928Z","level":"info","event":" 'ds_nodash': '20230623',","chan":"stdout","logger":"task"}
{"timestamp":"2025-07-29T19:29:01.785989Z","level":"info","event":" 'inlet_events': InletEventsAccessors(_inlets=[], _assets={}, _asset_aliases={}),","chan":"stdout","logger":"task"}
{"timestamp":"2025-07-29T19:29:01.786050Z","level":"info","event":" 'inlets': [],","chan":"stdout","logger":"task"}
{"timestamp":"2025-07-29T19:29:01.786110Z","level":"info","event":" 'logical_date': DateTime(2023, 6, 23, 5, 14, 0, tzinfo=Timezone('UTC')),","chan":"stdout","logger":"task"}
{"timestamp":"2025-07-29T19:29:01.786171Z","level":"info","event":" 'macros': <MacrosAccessor (dynamic access to macros)>,","chan":"stdout","logger":"task"}
{"timestamp":"2025-07-29T19:29:01.786232Z","level":"info","event":" 'map_index_template': None,","chan":"stdout","logger":"task"}
{"timestamp":"2025-07-29T19:29:01.786291Z","level":"info","event":" 'outlet_events': <airflow.sdk.execution_time.context.OutletEventAccessors object at 0x7fb66fe17a70>,","chan":"stdout","logger":"task"}
{"timestamp":"2025-07-29T19:29:01.786352Z","level":"info","event":" 'outlets': [],","chan":"stdout","logger":"task"}
{"timestamp":"2025-07-29T19:29:01.786412Z","level":"info","event":" 'params': {},","chan":"stdout","logger":"task"}
{"timestamp":"2025-07-29T19:29:01.805213Z","level":"info","event":" 'prev_data_interval_end_success': <Proxy at 0x7fb66fc90110 with factory <function RuntimeTaskInstance.get_template_context.<locals>.<lambda> at 0x7fb66fc86340>>,","chan":"stdout","logger":"task"}
{"timestamp":"2025-07-29T19:29:01.805481Z","level":"info","event":" 'prev_data_interval_start_success': <Proxy at 0x7fb66fc90140 with factory <function RuntimeTaskInstance.get_template_context.<locals>.<lambda> at 0x7fb66fc87a60>>,","chan":"stdout","logger":"task"}
{"timestamp":"2025-07-29T19:29:01.805584Z","level":"info","event":" 'prev_end_date_success': <Proxy at 0x7fb66fc6e990 with factory <function RuntimeTaskInstance.get_template_context.<locals>.<lambda> at 0x7fb66fc87b00>>,","chan":"stdout","logger":"task"}
{"timestamp":"2025-07-29T19:29:01.805665Z","level":"info","event":" 'prev_start_date_success': <Proxy at 0x7fb66fc6ffe0 with factory <function RuntimeTaskInstance.get_template_context.<locals>.<lambda> at 0x7fb66fc86840>>,","chan":"stdout","logger":"task"}
{"timestamp":"2025-07-29T19:29:01.805745Z","level":"info","event":" 'run_id': 'scheduled__2023-06-23T05:14:00+00:00',","chan":"stdout","logger":"task"}
{"timestamp":"2025-07-29T19:29:01.805821Z","level":"info","event":" 'task': <Task(PythonOperator): python>,","chan":"stdout","logger":"task"}
{"timestamp":"2025-07-29T19:29:01.805893Z","level":"info","event":" 'task_instance': RuntimeTaskInstance(id=UUID('019857a8-d84a-7351-8501-9c91b1efcf86'), task_id='python', dag_id='python_operator_v1', run_id='scheduled__2023-06-23T05:14:00+00:00', try_number=1, map_index=-1, hostname='bf6f1e7a6f11', context_carrier={}, task=<Task(PythonOperator): python>, bundle_instance=LocalDagBundle(name=dags-folder), max_tries=0, start_date=datetime.datetime(2025, 7, 29, 19, 29, 1, 140084, tzinfo=datetime.timezone.utc), end_date=None, state=<TaskInstanceState.RUNNING: 'running'>, is_mapped=False, rendered_map_index=None, log_url='http://localhost:8080/dags/python_operator_v1/runs/scheduled__2023-06-23T05%3A14%3A00%2B00%3A00/tasks/python?try_number=1'),","chan":"stdout","logger":"task"}
{"timestamp":"2025-07-29T19:29:01.805969Z","level":"info","event":" 'task_instance_key_str': 'python_operator_v1__python__20230623',","chan":"stdout","logger":"task"}
{"timestamp":"2025-07-29T19:29:01.806289Z","level":"info","event":" 'task_reschedule_count': 0,","chan":"stdout","logger":"task"}
{"timestamp":"2025-07-29T19:29:01.806384Z","level":"info","event":" 'templates_dict': None,","chan":"stdout","logger":"task"}
{"timestamp":"2025-07-29T19:29:01.806465Z","level":"info","event":" 'ti': RuntimeTaskInstance(id=UUID('019857a8-d84a-7351-8501-9c91b1efcf86'), task_id='python', dag_id='python_operator_v1', run_id='scheduled__2023-06-23T05:14:00+00:00', try_number=1, map_index=-1, hostname='bf6f1e7a6f11', context_carrier={}, task=<Task(PythonOperator): python>, bundle_instance=LocalDagBundle(name=dags-folder), max_tries=0, start_date=datetime.datetime(2025, 7, 29, 19, 29, 1, 140084, tzinfo=datetime.timezone.utc), end_date=None, state=<TaskInstanceState.RUNNING: 'running'>, is_mapped=False, rendered_map_index=None, log_url='http://localhost:8080/dags/python_operator_v1/runs/scheduled__2023-06-23T05%3A14%3A00%2B00%3A00/tasks/python?try_number=1'),","chan":"stdout","logger":"task"}
{"timestamp":"2025-07-29T19:29:01.806538Z","level":"info","event":" 'triggering_asset_events': TriggeringAssetEventsAccessor(_events=defaultdict(<class 'list'>, {})),","chan":"stdout","logger":"task"}
{"timestamp":"2025-07-29T19:29:01.806586Z","level":"info","event":" 'ts': '2023-06-23T05:14:00+00:00',","chan":"stdout","logger":"task"}
{"timestamp":"2025-07-29T19:29:01.806634Z","level":"info","event":" 'ts_nodash': '20230623T051400',","chan":"stdout","logger":"task"}
{"timestamp":"2025-07-29T19:29:01.806698Z","level":"info","event":" 'ts_nodash_with_tz': '20230623T051400+0000',","chan":"stdout","logger":"task"}
{"timestamp":"2025-07-29T19:29:01.806842Z","level":"info","event":" 'var': {'json': <VariableAccessor (dynamic access)>,","chan":"stdout","logger":"task"}
{"timestamp":"2025-07-29T19:29:01.806948Z","level":"info","event":"         'value': <VariableAccessor (dynamic access)>}}","chan":"stdout","logger":"task"}
{"timestamp":"2025-07-29T19:29:01.806152","level":"info","event":"Done. Returned value was: 123","logger":"airflow.task.operators.airflow.providers.standard.operators.python.PythonOperator"}
{"timestamp":"2025-07-29T19:29:01.806503","level":"info","event":"Pushing xcom","ti":"RuntimeTaskInstance(id=UUID('019857a8-d84a-7351-8501-9c91b1efcf86'), task_id='python', dag_id='python_operator_v1', run_id='scheduled__2023-06-23T05:14:00+00:00', try_number=1, map_index=-1, hostname='bf6f1e7a6f11', context_carrier={}, task=<Task(PythonOperator): python>, bundle_instance=LocalDagBundle(name=dags-folder), max_tries=0, start_date=datetime.datetime(2025, 7, 29, 19, 29, 1, 140084, tzinfo=datetime.timezone.utc), end_date=None, state=<TaskInstanceState.RUNNING: 'running'>, is_mapped=False, rendered_map_index=None, log_url='http://localhost:8080/dags/python_operator_v1/runs/scheduled__2023-06-23T05%3A14%3A00%2B00%3A00/tasks/python?try_number=1')","logger":"task"}
{"timestamp":"2025-07-29T19:29:01.842229Z","level":"info","event":"Task instance in success state","chan":"stdout","logger":"task"}
{"timestamp":"2025-07-29T19:29:01.842519Z","level":"info","event":" Previous state of the Task instance: TaskInstanceState.RUNNING","chan":"stdout","logger":"task"}
{"timestamp":"2025-07-29T19:29:01.842710Z","level":"info","event":"Task operator:<Task(PythonOperator): python>","chan":"stdout","logger":"task"}
