{"timestamp":"2025-07-29T19:58:57.817257","level":"info","event":"DAG bundles loaded: dags-folder, example_dags","logger":"airflow.dag_processing.bundles.manager.DagBundlesManager"}
{"timestamp":"2025-07-29T19:58:57.818448","level":"info","event":"Filling up the DagBag from /opt/airflow/dags/2_python_operator_v1.py","logger":"airflow.models.dagbag.DagBag"}
{"timestamp":"2025-07-29T19:58:57.868162Z","level":"info","event":"Task instance is in running state","chan":"stdout","logger":"task"}
{"timestamp":"2025-07-29T19:58:57.868430Z","level":"info","event":" Previous state of the Task instance: TaskInstanceState.QUEUED","chan":"stdout","logger":"task"}
{"timestamp":"2025-07-29T19:58:57.869058Z","level":"info","event":"Current task name:python","chan":"stdout","logger":"task"}
{"timestamp":"2025-07-29T19:58:57.869199Z","level":"info","event":"Dag name:python_operator_v1","chan":"stdout","logger":"task"}
{"timestamp":"2025-07-29T19:58:57.870605Z","level":"info","event":"poliana","chan":"stdout","logger":"task"}
{"timestamp":"2025-07-29T19:58:57.871515Z","level":"info","event":"{'conn': <ConnectionAccessor (dynamic access)>,","chan":"stdout","logger":"task"}
{"timestamp":"2025-07-29T19:58:57.871732Z","level":"info","event":" 'dag': <DAG: python_operator_v1>,","chan":"stdout","logger":"task"}
{"timestamp":"2025-07-29T19:58:57.871940Z","level":"info","event":" 'dag_run': DagRun(dag_id='python_operator_v1', run_id='scheduled__2023-06-24T13:28:00+00:00', logical_date=datetime.datetime(2023, 6, 24, 13, 28, tzinfo=datetime.timezone.utc), data_interval_start=datetime.datetime(2023, 6, 24, 13, 28, tzinfo=datetime.timezone.utc), data_interval_end=datetime.datetime(2023, 6, 24, 13, 28, tzinfo=datetime.timezone.utc), run_after=datetime.datetime(2023, 6, 24, 13, 28, tzinfo=datetime.timezone.utc), start_date=datetime.datetime(2025, 7, 29, 19, 58, 56, 736819, tzinfo=datetime.timezone.utc), end_date=None, clear_number=0, run_type=<DagRunType.SCHEDULED: 'scheduled'>, conf={}, consumed_asset_events=[]),","chan":"stdout","logger":"task"}
{"timestamp":"2025-07-29T19:58:57.872060Z","level":"info","event":" 'data_interval_end': DateTime(2023, 6, 24, 13, 28, 0, tzinfo=Timezone('UTC')),","chan":"stdout","logger":"task"}
{"timestamp":"2025-07-29T19:58:57.872142Z","level":"info","event":" 'data_interval_start': DateTime(2023, 6, 24, 13, 28, 0, tzinfo=Timezone('UTC')),","chan":"stdout","logger":"task"}
{"timestamp":"2025-07-29T19:58:57.872217Z","level":"info","event":" 'ds': '2023-06-24',","chan":"stdout","logger":"task"}
{"timestamp":"2025-07-29T19:58:57.872319Z","level":"info","event":" 'ds_nodash': '20230624',","chan":"stdout","logger":"task"}
{"timestamp":"2025-07-29T19:58:57.872390Z","level":"info","event":" 'inlet_events': InletEventsAccessors(_inlets=[], _assets={}, _asset_aliases={}),","chan":"stdout","logger":"task"}
{"timestamp":"2025-07-29T19:58:57.872461Z","level":"info","event":" 'inlets': [],","chan":"stdout","logger":"task"}
{"timestamp":"2025-07-29T19:58:57.872534Z","level":"info","event":" 'logical_date': DateTime(2023, 6, 24, 13, 28, 0, tzinfo=Timezone('UTC')),","chan":"stdout","logger":"task"}
{"timestamp":"2025-07-29T19:58:57.872601Z","level":"info","event":" 'macros': <MacrosAccessor (dynamic access to macros)>,","chan":"stdout","logger":"task"}
{"timestamp":"2025-07-29T19:58:57.872667Z","level":"info","event":" 'map_index_template': None,","chan":"stdout","logger":"task"}
{"timestamp":"2025-07-29T19:58:57.872728Z","level":"info","event":" 'outlet_events': <airflow.sdk.execution_time.context.OutletEventAccessors object at 0x7fb678274a70>,","chan":"stdout","logger":"task"}
{"timestamp":"2025-07-29T19:58:57.872794Z","level":"info","event":" 'outlets': [],","chan":"stdout","logger":"task"}
{"timestamp":"2025-07-29T19:58:57.872853Z","level":"info","event":" 'params': {},","chan":"stdout","logger":"task"}
{"timestamp":"2025-07-29T19:58:57.896024Z","level":"info","event":" 'prev_data_interval_end_success': <Proxy at 0x7fb66fdd2810 with factory <function RuntimeTaskInstance.get_template_context.<locals>.<lambda> at 0x7fb66fdfce00>>,","chan":"stdout","logger":"task"}
{"timestamp":"2025-07-29T19:58:57.896214Z","level":"info","event":" 'prev_data_interval_start_success': <Proxy at 0x7fb66fdd2960 with factory <function RuntimeTaskInstance.get_template_context.<locals>.<lambda> at 0x7fb66fdebc40>>,","chan":"stdout","logger":"task"}
{"timestamp":"2025-07-29T19:58:57.896309Z","level":"info","event":" 'prev_end_date_success': <Proxy at 0x7fb67e397e30 with factory <function RuntimeTaskInstance.get_template_context.<locals>.<lambda> at 0x7fb66fdeb600>>,","chan":"stdout","logger":"task"}
{"timestamp":"2025-07-29T19:58:57.896380Z","level":"info","event":" 'prev_start_date_success': <Proxy at 0x7fb67e397ad0 with factory <function RuntimeTaskInstance.get_template_context.<locals>.<lambda> at 0x7fb66fdebb00>>,","chan":"stdout","logger":"task"}
{"timestamp":"2025-07-29T19:58:57.896446Z","level":"info","event":" 'run_id': 'scheduled__2023-06-24T13:28:00+00:00',","chan":"stdout","logger":"task"}
{"timestamp":"2025-07-29T19:58:57.896516Z","level":"info","event":" 'task': <Task(PythonOperator): python>,","chan":"stdout","logger":"task"}
{"timestamp":"2025-07-29T19:58:57.896581Z","level":"info","event":" 'task_instance': RuntimeTaskInstance(id=UUID('019857c4-42d3-79d3-9b37-505b62f7ef4b'), task_id='python', dag_id='python_operator_v1', run_id='scheduled__2023-06-24T13:28:00+00:00', try_number=1, map_index=-1, hostname='bf6f1e7a6f11', context_carrier={}, task=<Task(PythonOperator): python>, bundle_instance=LocalDagBundle(name=dags-folder), max_tries=0, start_date=datetime.datetime(2025, 7, 29, 19, 58, 57, 111475, tzinfo=datetime.timezone.utc), end_date=None, state=<TaskInstanceState.RUNNING: 'running'>, is_mapped=False, rendered_map_index=None, log_url='http://localhost:8080/dags/python_operator_v1/runs/scheduled__2023-06-24T13%3A28%3A00%2B00%3A00/tasks/python?try_number=1'),","chan":"stdout","logger":"task"}
{"timestamp":"2025-07-29T19:58:57.896645Z","level":"info","event":" 'task_instance_key_str': 'python_operator_v1__python__20230624',","chan":"stdout","logger":"task"}
{"timestamp":"2025-07-29T19:58:57.896713Z","level":"info","event":" 'task_reschedule_count': 0,","chan":"stdout","logger":"task"}
{"timestamp":"2025-07-29T19:58:57.896776Z","level":"info","event":" 'templates_dict': None,","chan":"stdout","logger":"task"}
{"timestamp":"2025-07-29T19:58:57.896889Z","level":"info","event":" 'ti': RuntimeTaskInstance(id=UUID('019857c4-42d3-79d3-9b37-505b62f7ef4b'), task_id='python', dag_id='python_operator_v1', run_id='scheduled__2023-06-24T13:28:00+00:00', try_number=1, map_index=-1, hostname='bf6f1e7a6f11', context_carrier={}, task=<Task(PythonOperator): python>, bundle_instance=LocalDagBundle(name=dags-folder), max_tries=0, start_date=datetime.datetime(2025, 7, 29, 19, 58, 57, 111475, tzinfo=datetime.timezone.utc), end_date=None, state=<TaskInstanceState.RUNNING: 'running'>, is_mapped=False, rendered_map_index=None, log_url='http://localhost:8080/dags/python_operator_v1/runs/scheduled__2023-06-24T13%3A28%3A00%2B00%3A00/tasks/python?try_number=1'),","chan":"stdout","logger":"task"}
{"timestamp":"2025-07-29T19:58:57.896969Z","level":"info","event":" 'triggering_asset_events': TriggeringAssetEventsAccessor(_events=defaultdict(<class 'list'>, {})),","chan":"stdout","logger":"task"}
{"timestamp":"2025-07-29T19:58:57.897038Z","level":"info","event":" 'ts': '2023-06-24T13:28:00+00:00',","chan":"stdout","logger":"task"}
{"timestamp":"2025-07-29T19:58:57.897101Z","level":"info","event":" 'ts_nodash': '20230624T132800',","chan":"stdout","logger":"task"}
{"timestamp":"2025-07-29T19:58:57.897164Z","level":"info","event":" 'ts_nodash_with_tz': '20230624T132800+0000',","chan":"stdout","logger":"task"}
{"timestamp":"2025-07-29T19:58:57.897227Z","level":"info","event":" 'var': {'json': <VariableAccessor (dynamic access)>,","chan":"stdout","logger":"task"}
{"timestamp":"2025-07-29T19:58:57.897288Z","level":"info","event":"         'value': <VariableAccessor (dynamic access)>}}","chan":"stdout","logger":"task"}
{"timestamp":"2025-07-29T19:58:57.896772","level":"info","event":"Done. Returned value was: 123","logger":"airflow.task.operators.airflow.providers.standard.operators.python.PythonOperator"}
{"timestamp":"2025-07-29T19:58:57.897002","level":"info","event":"Pushing xcom","ti":"RuntimeTaskInstance(id=UUID('019857c4-42d3-79d3-9b37-505b62f7ef4b'), task_id='python', dag_id='python_operator_v1', run_id='scheduled__2023-06-24T13:28:00+00:00', try_number=1, map_index=-1, hostname='bf6f1e7a6f11', context_carrier={}, task=<Task(PythonOperator): python>, bundle_instance=LocalDagBundle(name=dags-folder), max_tries=0, start_date=datetime.datetime(2025, 7, 29, 19, 58, 57, 111475, tzinfo=datetime.timezone.utc), end_date=None, state=<TaskInstanceState.RUNNING: 'running'>, is_mapped=False, rendered_map_index=None, log_url='http://localhost:8080/dags/python_operator_v1/runs/scheduled__2023-06-24T13%3A28%3A00%2B00%3A00/tasks/python?try_number=1')","logger":"task"}
{"timestamp":"2025-07-29T19:58:57.934032Z","level":"info","event":"Task instance in success state","chan":"stdout","logger":"task"}
{"timestamp":"2025-07-29T19:58:57.934256Z","level":"info","event":" Previous state of the Task instance: TaskInstanceState.RUNNING","chan":"stdout","logger":"task"}
{"timestamp":"2025-07-29T19:58:57.934504Z","level":"info","event":"Task operator:<Task(PythonOperator): python>","chan":"stdout","logger":"task"}
