{"timestamp":"2025-07-29T19:42:19.137397","level":"info","event":"DAG bundles loaded: dags-folder, example_dags","logger":"airflow.dag_processing.bundles.manager.DagBundlesManager"}
{"timestamp":"2025-07-29T19:42:19.137929","level":"info","event":"Filling up the DagBag from /opt/airflow/dags/python_operator_v1.py","logger":"airflow.models.dagbag.DagBag"}
{"timestamp":"2025-07-29T19:42:19.158085Z","level":"info","event":"Task instance is in running state","chan":"stdout","logger":"task"}
{"timestamp":"2025-07-29T19:42:19.158237Z","level":"info","event":" Previous state of the Task instance: TaskInstanceState.QUEUED","chan":"stdout","logger":"task"}
{"timestamp":"2025-07-29T19:42:19.158627Z","level":"info","event":"Current task name:python","chan":"stdout","logger":"task"}
{"timestamp":"2025-07-29T19:42:19.158707Z","level":"info","event":"Dag name:python_operator_v1","chan":"stdout","logger":"task"}
{"timestamp":"2025-07-29T19:42:19.159648Z","level":"info","event":"poliana","chan":"stdout","logger":"task"}
{"timestamp":"2025-07-29T19:42:19.160204Z","level":"info","event":"{'conn': <ConnectionAccessor (dynamic access)>,","chan":"stdout","logger":"task"}
{"timestamp":"2025-07-29T19:42:19.160284Z","level":"info","event":" 'dag': <DAG: python_operator_v1>,","chan":"stdout","logger":"task"}
{"timestamp":"2025-07-29T19:42:19.160372Z","level":"info","event":" 'dag_run': DagRun(dag_id='python_operator_v1', run_id='scheduled__2023-06-23T19:38:00+00:00', logical_date=datetime.datetime(2023, 6, 23, 19, 38, tzinfo=datetime.timezone.utc), data_interval_start=datetime.datetime(2023, 6, 23, 19, 38, tzinfo=datetime.timezone.utc), data_interval_end=datetime.datetime(2023, 6, 23, 19, 38, tzinfo=datetime.timezone.utc), run_after=datetime.datetime(2023, 6, 23, 19, 38, tzinfo=datetime.timezone.utc), start_date=datetime.datetime(2025, 7, 29, 19, 42, 18, 338935, tzinfo=datetime.timezone.utc), end_date=None, clear_number=0, run_type=<DagRunType.SCHEDULED: 'scheduled'>, conf={}, consumed_asset_events=[]),","chan":"stdout","logger":"task"}
{"timestamp":"2025-07-29T19:42:19.160426Z","level":"info","event":" 'data_interval_end': DateTime(2023, 6, 23, 19, 38, 0, tzinfo=Timezone('UTC')),","chan":"stdout","logger":"task"}
{"timestamp":"2025-07-29T19:42:19.160471Z","level":"info","event":" 'data_interval_start': DateTime(2023, 6, 23, 19, 38, 0, tzinfo=Timezone('UTC')),","chan":"stdout","logger":"task"}
{"timestamp":"2025-07-29T19:42:19.160514Z","level":"info","event":" 'ds': '2023-06-23',","chan":"stdout","logger":"task"}
{"timestamp":"2025-07-29T19:42:19.160555Z","level":"info","event":" 'ds_nodash': '20230623',","chan":"stdout","logger":"task"}
{"timestamp":"2025-07-29T19:42:19.160595Z","level":"info","event":" 'inlet_events': InletEventsAccessors(_inlets=[], _assets={}, _asset_aliases={}),","chan":"stdout","logger":"task"}
{"timestamp":"2025-07-29T19:42:19.160636Z","level":"info","event":" 'inlets': [],","chan":"stdout","logger":"task"}
{"timestamp":"2025-07-29T19:42:19.160676Z","level":"info","event":" 'logical_date': DateTime(2023, 6, 23, 19, 38, 0, tzinfo=Timezone('UTC')),","chan":"stdout","logger":"task"}
{"timestamp":"2025-07-29T19:42:19.160716Z","level":"info","event":" 'macros': <MacrosAccessor (dynamic access to macros)>,","chan":"stdout","logger":"task"}
{"timestamp":"2025-07-29T19:42:19.160757Z","level":"info","event":" 'map_index_template': None,","chan":"stdout","logger":"task"}
{"timestamp":"2025-07-29T19:42:19.160797Z","level":"info","event":" 'outlet_events': <airflow.sdk.execution_time.context.OutletEventAccessors object at 0x7fb66fdc7a70>,","chan":"stdout","logger":"task"}
{"timestamp":"2025-07-29T19:42:19.160838Z","level":"info","event":" 'outlets': [],","chan":"stdout","logger":"task"}
{"timestamp":"2025-07-29T19:42:19.160878Z","level":"info","event":" 'params': {},","chan":"stdout","logger":"task"}
{"timestamp":"2025-07-29T19:42:19.169395Z","level":"info","event":" 'prev_data_interval_end_success': <Proxy at 0x7fb66fcc0e00 with factory <function RuntimeTaskInstance.get_template_context.<locals>.<lambda> at 0x7fb66fccd760>>,","chan":"stdout","logger":"task"}
{"timestamp":"2025-07-29T19:42:19.169576Z","level":"info","event":" 'prev_data_interval_start_success': <Proxy at 0x7fb66fcc0c20 with factory <function RuntimeTaskInstance.get_template_context.<locals>.<lambda> at 0x7fb66fccee80>>,","chan":"stdout","logger":"task"}
{"timestamp":"2025-07-29T19:42:19.169648Z","level":"info","event":" 'prev_end_date_success': <Proxy at 0x7fb66fcc1130 with factory <function RuntimeTaskInstance.get_template_context.<locals>.<lambda> at 0x7fb66fccef20>>,","chan":"stdout","logger":"task"}
{"timestamp":"2025-07-29T19:42:19.169721Z","level":"info","event":" 'prev_start_date_success': <Proxy at 0x7fb66fd96990 with factory <function RuntimeTaskInstance.get_template_context.<locals>.<lambda> at 0x7fb66fccdc60>>,","chan":"stdout","logger":"task"}
{"timestamp":"2025-07-29T19:42:19.169771Z","level":"info","event":" 'run_id': 'scheduled__2023-06-23T19:38:00+00:00',","chan":"stdout","logger":"task"}
{"timestamp":"2025-07-29T19:42:19.169816Z","level":"info","event":" 'task': <Task(PythonOperator): python>,","chan":"stdout","logger":"task"}
{"timestamp":"2025-07-29T19:42:19.169865Z","level":"info","event":" 'task_instance': RuntimeTaskInstance(id=UUID('019857b5-06da-710f-8c1d-72412a2ec252'), task_id='python', dag_id='python_operator_v1', run_id='scheduled__2023-06-23T19:38:00+00:00', try_number=1, map_index=-1, hostname='bf6f1e7a6f11', context_carrier={}, task=<Task(PythonOperator): python>, bundle_instance=LocalDagBundle(name=dags-folder), max_tries=0, start_date=datetime.datetime(2025, 7, 29, 19, 42, 18, 655901, tzinfo=datetime.timezone.utc), end_date=None, state=<TaskInstanceState.RUNNING: 'running'>, is_mapped=False, rendered_map_index=None, log_url='http://localhost:8080/dags/python_operator_v1/runs/scheduled__2023-06-23T19%3A38%3A00%2B00%3A00/tasks/python?try_number=1'),","chan":"stdout","logger":"task"}
{"timestamp":"2025-07-29T19:42:19.169915Z","level":"info","event":" 'task_instance_key_str': 'python_operator_v1__python__20230623',","chan":"stdout","logger":"task"}
{"timestamp":"2025-07-29T19:42:19.169957Z","level":"info","event":" 'task_reschedule_count': 0,","chan":"stdout","logger":"task"}
{"timestamp":"2025-07-29T19:42:19.169998Z","level":"info","event":" 'templates_dict': None,","chan":"stdout","logger":"task"}
{"timestamp":"2025-07-29T19:42:19.170042Z","level":"info","event":" 'ti': RuntimeTaskInstance(id=UUID('019857b5-06da-710f-8c1d-72412a2ec252'), task_id='python', dag_id='python_operator_v1', run_id='scheduled__2023-06-23T19:38:00+00:00', try_number=1, map_index=-1, hostname='bf6f1e7a6f11', context_carrier={}, task=<Task(PythonOperator): python>, bundle_instance=LocalDagBundle(name=dags-folder), max_tries=0, start_date=datetime.datetime(2025, 7, 29, 19, 42, 18, 655901, tzinfo=datetime.timezone.utc), end_date=None, state=<TaskInstanceState.RUNNING: 'running'>, is_mapped=False, rendered_map_index=None, log_url='http://localhost:8080/dags/python_operator_v1/runs/scheduled__2023-06-23T19%3A38%3A00%2B00%3A00/tasks/python?try_number=1'),","chan":"stdout","logger":"task"}
{"timestamp":"2025-07-29T19:42:19.170116Z","level":"info","event":" 'triggering_asset_events': TriggeringAssetEventsAccessor(_events=defaultdict(<class 'list'>, {})),","chan":"stdout","logger":"task"}
{"timestamp":"2025-07-29T19:42:19.170164Z","level":"info","event":" 'ts': '2023-06-23T19:38:00+00:00',","chan":"stdout","logger":"task"}
{"timestamp":"2025-07-29T19:42:19.170206Z","level":"info","event":" 'ts_nodash': '20230623T193800',","chan":"stdout","logger":"task"}
{"timestamp":"2025-07-29T19:42:19.170247Z","level":"info","event":" 'ts_nodash_with_tz': '20230623T193800+0000',","chan":"stdout","logger":"task"}
{"timestamp":"2025-07-29T19:42:19.170287Z","level":"info","event":" 'var': {'json': <VariableAccessor (dynamic access)>,","chan":"stdout","logger":"task"}
{"timestamp":"2025-07-29T19:42:19.170329Z","level":"info","event":"         'value': <VariableAccessor (dynamic access)>}}","chan":"stdout","logger":"task"}
{"timestamp":"2025-07-29T19:42:19.170089","level":"info","event":"Done. Returned value was: 123","logger":"airflow.task.operators.airflow.providers.standard.operators.python.PythonOperator"}
{"timestamp":"2025-07-29T19:42:19.170253","level":"info","event":"Pushing xcom","ti":"RuntimeTaskInstance(id=UUID('019857b5-06da-710f-8c1d-72412a2ec252'), task_id='python', dag_id='python_operator_v1', run_id='scheduled__2023-06-23T19:38:00+00:00', try_number=1, map_index=-1, hostname='bf6f1e7a6f11', context_carrier={}, task=<Task(PythonOperator): python>, bundle_instance=LocalDagBundle(name=dags-folder), max_tries=0, start_date=datetime.datetime(2025, 7, 29, 19, 42, 18, 655901, tzinfo=datetime.timezone.utc), end_date=None, state=<TaskInstanceState.RUNNING: 'running'>, is_mapped=False, rendered_map_index=None, log_url='http://localhost:8080/dags/python_operator_v1/runs/scheduled__2023-06-23T19%3A38%3A00%2B00%3A00/tasks/python?try_number=1')","logger":"task"}
{"timestamp":"2025-07-29T19:42:19.191239Z","level":"info","event":"Task instance in success state","chan":"stdout","logger":"task"}
{"timestamp":"2025-07-29T19:42:19.191380Z","level":"info","event":" Previous state of the Task instance: TaskInstanceState.RUNNING","chan":"stdout","logger":"task"}
{"timestamp":"2025-07-29T19:42:19.191474Z","level":"info","event":"Task operator:<Task(PythonOperator): python>","chan":"stdout","logger":"task"}
