{"timestamp":"2025-07-29T19:58:41.262484","level":"info","event":"DAG bundles loaded: dags-folder, example_dags","logger":"airflow.dag_processing.bundles.manager.DagBundlesManager"}
{"timestamp":"2025-07-29T19:58:41.263296","level":"info","event":"Filling up the DagBag from /opt/airflow/dags/3_dag_principal.py","logger":"airflow.models.dagbag.DagBag"}
{"timestamp":"2025-07-29T19:58:41.296129Z","level":"info","event":"Task instance is in running state","chan":"stdout","logger":"task"}
{"timestamp":"2025-07-29T19:58:41.296443Z","level":"info","event":" Previous state of the Task instance: TaskInstanceState.QUEUED","chan":"stdout","logger":"task"}
{"timestamp":"2025-07-29T19:58:41.297942Z","level":"info","event":"Current task name:python_principal","chan":"stdout","logger":"task"}
{"timestamp":"2025-07-29T19:58:41.298234Z","level":"info","event":"Dag name:3_DAG_principal","chan":"stdout","logger":"task"}
{"timestamp":"2025-07-29T19:58:41.299345Z","level":"info","event":"DAG principal","chan":"stdout","logger":"task"}
{"timestamp":"2025-07-29T19:58:41.300051Z","level":"info","event":"{'conn': <ConnectionAccessor (dynamic access)>,","chan":"stdout","logger":"task"}
{"timestamp":"2025-07-29T19:58:41.300196Z","level":"info","event":" 'dag': <DAG: 3_DAG_principal>,","chan":"stdout","logger":"task"}
{"timestamp":"2025-07-29T19:58:41.300363Z","level":"info","event":" 'dag_run': DagRun(dag_id='3_DAG_principal', run_id='scheduled__2023-07-01T20:00:00+00:00', logical_date=datetime.datetime(2023, 7, 1, 20, 0, tzinfo=datetime.timezone.utc), data_interval_start=datetime.datetime(2023, 7, 1, 20, 0, tzinfo=datetime.timezone.utc), data_interval_end=datetime.datetime(2023, 7, 1, 20, 0, tzinfo=datetime.timezone.utc), run_after=datetime.datetime(2023, 7, 1, 20, 0, tzinfo=datetime.timezone.utc), start_date=datetime.datetime(2025, 7, 29, 19, 58, 39, 385123, tzinfo=datetime.timezone.utc), end_date=None, clear_number=0, run_type=<DagRunType.SCHEDULED: 'scheduled'>, conf={}, consumed_asset_events=[]),","chan":"stdout","logger":"task"}
{"timestamp":"2025-07-29T19:58:41.300446Z","level":"info","event":" 'data_interval_end': DateTime(2023, 7, 1, 20, 0, 0, tzinfo=Timezone('UTC')),","chan":"stdout","logger":"task"}
{"timestamp":"2025-07-29T19:58:41.300519Z","level":"info","event":" 'data_interval_start': DateTime(2023, 7, 1, 20, 0, 0, tzinfo=Timezone('UTC')),","chan":"stdout","logger":"task"}
{"timestamp":"2025-07-29T19:58:41.300592Z","level":"info","event":" 'ds': '2023-07-01',","chan":"stdout","logger":"task"}
{"timestamp":"2025-07-29T19:58:41.300657Z","level":"info","event":" 'ds_nodash': '20230701',","chan":"stdout","logger":"task"}
{"timestamp":"2025-07-29T19:58:41.300721Z","level":"info","event":" 'inlet_events': InletEventsAccessors(_inlets=[], _assets={}, _asset_aliases={}),","chan":"stdout","logger":"task"}
{"timestamp":"2025-07-29T19:58:41.300781Z","level":"info","event":" 'inlets': [],","chan":"stdout","logger":"task"}
{"timestamp":"2025-07-29T19:58:41.300842Z","level":"info","event":" 'logical_date': DateTime(2023, 7, 1, 20, 0, 0, tzinfo=Timezone('UTC')),","chan":"stdout","logger":"task"}
{"timestamp":"2025-07-29T19:58:41.300901Z","level":"info","event":" 'macros': <MacrosAccessor (dynamic access to macros)>,","chan":"stdout","logger":"task"}
{"timestamp":"2025-07-29T19:58:41.300962Z","level":"info","event":" 'map_index_template': None,","chan":"stdout","logger":"task"}
{"timestamp":"2025-07-29T19:58:41.301023Z","level":"info","event":" 'outlet_events': <airflow.sdk.execution_time.context.OutletEventAccessors object at 0x7fb66fd07a70>,","chan":"stdout","logger":"task"}
{"timestamp":"2025-07-29T19:58:41.301086Z","level":"info","event":" 'outlets': [],","chan":"stdout","logger":"task"}
{"timestamp":"2025-07-29T19:58:41.301146Z","level":"info","event":" 'params': {},","chan":"stdout","logger":"task"}
{"timestamp":"2025-07-29T19:58:41.315400Z","level":"info","event":" 'prev_data_interval_end_success': <Proxy at 0x7fb66fc8d7f0 with factory <function RuntimeTaskInstance.get_template_context.<locals>.<lambda> at 0x7fb66fcb09a0>>,","chan":"stdout","logger":"task"}
{"timestamp":"2025-07-29T19:58:41.315627Z","level":"info","event":" 'prev_data_interval_start_success': <Proxy at 0x7fb66fc8db80 with factory <function RuntimeTaskInstance.get_template_context.<locals>.<lambda> at 0x7fb66fc9b100>>,","chan":"stdout","logger":"task"}
{"timestamp":"2025-07-29T19:58:41.315697Z","level":"info","event":" 'prev_end_date_success': <Proxy at 0x7fb66fc8d8e0 with factory <function RuntimeTaskInstance.get_template_context.<locals>.<lambda> at 0x7fb66fc9b7e0>>,","chan":"stdout","logger":"task"}
{"timestamp":"2025-07-29T19:58:41.315748Z","level":"info","event":" 'prev_start_date_success': <Proxy at 0x7fb66fc8daf0 with factory <function RuntimeTaskInstance.get_template_context.<locals>.<lambda> at 0x7fb66fc9b6a0>>,","chan":"stdout","logger":"task"}
{"timestamp":"2025-07-29T19:58:41.315815Z","level":"info","event":" 'run_id': 'scheduled__2023-07-01T20:00:00+00:00',","chan":"stdout","logger":"task"}
{"timestamp":"2025-07-29T19:58:41.315890Z","level":"info","event":" 'task': <Task(PythonOperator): python_principal>,","chan":"stdout","logger":"task"}
{"timestamp":"2025-07-29T19:58:41.315958Z","level":"info","event":" 'task_instance': RuntimeTaskInstance(id=UUID('019857c3-ff01-7bf6-914b-5764d3fb2fe6'), task_id='python_principal', dag_id='3_DAG_principal', run_id='scheduled__2023-07-01T20:00:00+00:00', try_number=1, map_index=-1, hostname='bf6f1e7a6f11', context_carrier={}, task=<Task(PythonOperator): python_principal>, bundle_instance=LocalDagBundle(name=dags-folder), max_tries=0, start_date=datetime.datetime(2025, 7, 29, 19, 58, 40, 474306, tzinfo=datetime.timezone.utc), end_date=None, state=<TaskInstanceState.RUNNING: 'running'>, is_mapped=False, rendered_map_index=None, log_url='http://localhost:8080/dags/3_DAG_principal/runs/scheduled__2023-07-01T20%3A00%3A00%2B00%3A00/tasks/python_principal?try_number=1'),","chan":"stdout","logger":"task"}
{"timestamp":"2025-07-29T19:58:41.316032Z","level":"info","event":" 'task_instance_key_str': '3_DAG_principal__python_principal__20230701',","chan":"stdout","logger":"task"}
{"timestamp":"2025-07-29T19:58:41.316077Z","level":"info","event":" 'task_reschedule_count': 0,","chan":"stdout","logger":"task"}
{"timestamp":"2025-07-29T19:58:41.316119Z","level":"info","event":" 'templates_dict': None,","chan":"stdout","logger":"task"}
{"timestamp":"2025-07-29T19:58:41.316180Z","level":"info","event":" 'ti': RuntimeTaskInstance(id=UUID('019857c3-ff01-7bf6-914b-5764d3fb2fe6'), task_id='python_principal', dag_id='3_DAG_principal', run_id='scheduled__2023-07-01T20:00:00+00:00', try_number=1, map_index=-1, hostname='bf6f1e7a6f11', context_carrier={}, task=<Task(PythonOperator): python_principal>, bundle_instance=LocalDagBundle(name=dags-folder), max_tries=0, start_date=datetime.datetime(2025, 7, 29, 19, 58, 40, 474306, tzinfo=datetime.timezone.utc), end_date=None, state=<TaskInstanceState.RUNNING: 'running'>, is_mapped=False, rendered_map_index=None, log_url='http://localhost:8080/dags/3_DAG_principal/runs/scheduled__2023-07-01T20%3A00%3A00%2B00%3A00/tasks/python_principal?try_number=1'),","chan":"stdout","logger":"task"}
{"timestamp":"2025-07-29T19:58:41.316270Z","level":"info","event":" 'triggering_asset_events': TriggeringAssetEventsAccessor(_events=defaultdict(<class 'list'>, {})),","chan":"stdout","logger":"task"}
{"timestamp":"2025-07-29T19:58:41.316320Z","level":"info","event":" 'ts': '2023-07-01T20:00:00+00:00',","chan":"stdout","logger":"task"}
{"timestamp":"2025-07-29T19:58:41.316362Z","level":"info","event":" 'ts_nodash': '20230701T200000',","chan":"stdout","logger":"task"}
{"timestamp":"2025-07-29T19:58:41.316403Z","level":"info","event":" 'ts_nodash_with_tz': '20230701T200000+0000',","chan":"stdout","logger":"task"}
{"timestamp":"2025-07-29T19:58:41.316444Z","level":"info","event":" 'var': {'json': <VariableAccessor (dynamic access)>,","chan":"stdout","logger":"task"}
{"timestamp":"2025-07-29T19:58:41.316485Z","level":"info","event":"         'value': <VariableAccessor (dynamic access)>}}","chan":"stdout","logger":"task"}
{"timestamp":"2025-07-29T19:58:41.315795","level":"info","event":"Done. Returned value was: principal","logger":"airflow.task.operators.airflow.providers.standard.operators.python.PythonOperator"}
{"timestamp":"2025-07-29T19:58:41.316043","level":"info","event":"Pushing xcom","ti":"RuntimeTaskInstance(id=UUID('019857c3-ff01-7bf6-914b-5764d3fb2fe6'), task_id='python_principal', dag_id='3_DAG_principal', run_id='scheduled__2023-07-01T20:00:00+00:00', try_number=1, map_index=-1, hostname='bf6f1e7a6f11', context_carrier={}, task=<Task(PythonOperator): python_principal>, bundle_instance=LocalDagBundle(name=dags-folder), max_tries=0, start_date=datetime.datetime(2025, 7, 29, 19, 58, 40, 474306, tzinfo=datetime.timezone.utc), end_date=None, state=<TaskInstanceState.RUNNING: 'running'>, is_mapped=False, rendered_map_index=None, log_url='http://localhost:8080/dags/3_DAG_principal/runs/scheduled__2023-07-01T20%3A00%3A00%2B00%3A00/tasks/python_principal?try_number=1')","logger":"task"}
{"timestamp":"2025-07-29T19:58:41.349404Z","level":"info","event":"Task instance in success state","chan":"stdout","logger":"task"}
{"timestamp":"2025-07-29T19:58:41.349586Z","level":"info","event":" Previous state of the Task instance: TaskInstanceState.RUNNING","chan":"stdout","logger":"task"}
{"timestamp":"2025-07-29T19:58:41.349819Z","level":"info","event":"Task operator:<Task(PythonOperator): python_principal>","chan":"stdout","logger":"task"}
