{"timestamp":"2025-07-29T19:46:25.347983","level":"info","event":"DAG bundles loaded: dags-folder, example_dags","logger":"airflow.dag_processing.bundles.manager.DagBundlesManager"}
{"timestamp":"2025-07-29T19:46:25.348536","level":"info","event":"Filling up the DagBag from /opt/airflow/dags/python_operator_v1.py","logger":"airflow.models.dagbag.DagBag"}
{"timestamp":"2025-07-29T19:46:25.380066Z","level":"info","event":"Task instance is in running state","chan":"stdout","logger":"task"}
{"timestamp":"2025-07-29T19:46:25.380209Z","level":"info","event":" Previous state of the Task instance: TaskInstanceState.QUEUED","chan":"stdout","logger":"task"}
{"timestamp":"2025-07-29T19:46:25.380679Z","level":"info","event":"Current task name:python","chan":"stdout","logger":"task"}
{"timestamp":"2025-07-29T19:46:25.380815Z","level":"info","event":"Dag name:python_operator_v1","chan":"stdout","logger":"task"}
{"timestamp":"2025-07-29T19:46:25.381959Z","level":"info","event":"poliana","chan":"stdout","logger":"task"}
{"timestamp":"2025-07-29T19:46:25.382644Z","level":"info","event":"{'conn': <ConnectionAccessor (dynamic access)>,","chan":"stdout","logger":"task"}
{"timestamp":"2025-07-29T19:46:25.382761Z","level":"info","event":" 'dag': <DAG: python_operator_v1>,","chan":"stdout","logger":"task"}
{"timestamp":"2025-07-29T19:46:25.382873Z","level":"info","event":" 'dag_run': DagRun(dag_id='python_operator_v1', run_id='scheduled__2023-06-24T00:24:00+00:00', logical_date=datetime.datetime(2023, 6, 24, 0, 24, tzinfo=datetime.timezone.utc), data_interval_start=datetime.datetime(2023, 6, 24, 0, 24, tzinfo=datetime.timezone.utc), data_interval_end=datetime.datetime(2023, 6, 24, 0, 24, tzinfo=datetime.timezone.utc), run_after=datetime.datetime(2023, 6, 24, 0, 24, tzinfo=datetime.timezone.utc), start_date=datetime.datetime(2025, 7, 29, 19, 46, 24, 216793, tzinfo=datetime.timezone.utc), end_date=None, clear_number=0, run_type=<DagRunType.SCHEDULED: 'scheduled'>, conf={}, consumed_asset_events=[]),","chan":"stdout","logger":"task"}
{"timestamp":"2025-07-29T19:46:25.382950Z","level":"info","event":" 'data_interval_end': DateTime(2023, 6, 24, 0, 24, 0, tzinfo=Timezone('UTC')),","chan":"stdout","logger":"task"}
{"timestamp":"2025-07-29T19:46:25.382999Z","level":"info","event":" 'data_interval_start': DateTime(2023, 6, 24, 0, 24, 0, tzinfo=Timezone('UTC')),","chan":"stdout","logger":"task"}
{"timestamp":"2025-07-29T19:46:25.383042Z","level":"info","event":" 'ds': '2023-06-24',","chan":"stdout","logger":"task"}
{"timestamp":"2025-07-29T19:46:25.383085Z","level":"info","event":" 'ds_nodash': '20230624',","chan":"stdout","logger":"task"}
{"timestamp":"2025-07-29T19:46:25.383133Z","level":"info","event":" 'inlet_events': InletEventsAccessors(_inlets=[], _assets={}, _asset_aliases={}),","chan":"stdout","logger":"task"}
{"timestamp":"2025-07-29T19:46:25.383181Z","level":"info","event":" 'inlets': [],","chan":"stdout","logger":"task"}
{"timestamp":"2025-07-29T19:46:25.383223Z","level":"info","event":" 'logical_date': DateTime(2023, 6, 24, 0, 24, 0, tzinfo=Timezone('UTC')),","chan":"stdout","logger":"task"}
{"timestamp":"2025-07-29T19:46:25.383264Z","level":"info","event":" 'macros': <MacrosAccessor (dynamic access to macros)>,","chan":"stdout","logger":"task"}
{"timestamp":"2025-07-29T19:46:25.383305Z","level":"info","event":" 'map_index_template': None,","chan":"stdout","logger":"task"}
{"timestamp":"2025-07-29T19:46:25.383345Z","level":"info","event":" 'outlet_events': <airflow.sdk.execution_time.context.OutletEventAccessors object at 0x7fb67cbd46e0>,","chan":"stdout","logger":"task"}
{"timestamp":"2025-07-29T19:46:25.383387Z","level":"info","event":" 'outlets': [],","chan":"stdout","logger":"task"}
{"timestamp":"2025-07-29T19:46:25.383429Z","level":"info","event":" 'params': {},","chan":"stdout","logger":"task"}
{"timestamp":"2025-07-29T19:46:25.392838Z","level":"info","event":" 'prev_data_interval_end_success': <Proxy at 0x7fb66fdbeea0 with factory <function RuntimeTaskInstance.get_template_context.<locals>.<lambda> at 0x7fb66fdf4e00>>,","chan":"stdout","logger":"task"}
{"timestamp":"2025-07-29T19:46:25.393078Z","level":"info","event":" 'prev_data_interval_start_success': <Proxy at 0x7fb66fdbef30 with factory <function RuntimeTaskInstance.get_template_context.<locals>.<lambda> at 0x7fb66fddfc40>>,","chan":"stdout","logger":"task"}
{"timestamp":"2025-07-29T19:46:25.393198Z","level":"info","event":" 'prev_end_date_success': <Proxy at 0x7fb67ebcfe30 with factory <function RuntimeTaskInstance.get_template_context.<locals>.<lambda> at 0x7fb66fddf600>>,","chan":"stdout","logger":"task"}
{"timestamp":"2025-07-29T19:46:25.393270Z","level":"info","event":" 'prev_start_date_success': <Proxy at 0x7fb66fdbf1a0 with factory <function RuntimeTaskInstance.get_template_context.<locals>.<lambda> at 0x7fb66fddfb00>>,","chan":"stdout","logger":"task"}
{"timestamp":"2025-07-29T19:46:25.393336Z","level":"info","event":" 'run_id': 'scheduled__2023-06-24T00:24:00+00:00',","chan":"stdout","logger":"task"}
{"timestamp":"2025-07-29T19:46:25.393399Z","level":"info","event":" 'task': <Task(PythonOperator): python>,","chan":"stdout","logger":"task"}
{"timestamp":"2025-07-29T19:46:25.393463Z","level":"info","event":" 'task_instance': RuntimeTaskInstance(id=UUID('019857b8-c751-7bcc-911e-ffb4d08c8dc5'), task_id='python', dag_id='python_operator_v1', run_id='scheduled__2023-06-24T00:24:00+00:00', try_number=1, map_index=-1, hostname='bf6f1e7a6f11', context_carrier={}, task=<Task(PythonOperator): python>, bundle_instance=LocalDagBundle(name=dags-folder), max_tries=0, start_date=datetime.datetime(2025, 7, 29, 19, 46, 24, 707272, tzinfo=datetime.timezone.utc), end_date=None, state=<TaskInstanceState.RUNNING: 'running'>, is_mapped=False, rendered_map_index=None, log_url='http://localhost:8080/dags/python_operator_v1/runs/scheduled__2023-06-24T00%3A24%3A00%2B00%3A00/tasks/python?try_number=1'),","chan":"stdout","logger":"task"}
{"timestamp":"2025-07-29T19:46:25.393552Z","level":"info","event":" 'task_instance_key_str': 'python_operator_v1__python__20230624',","chan":"stdout","logger":"task"}
{"timestamp":"2025-07-29T19:46:25.393648Z","level":"info","event":" 'task_reschedule_count': 0,","chan":"stdout","logger":"task"}
{"timestamp":"2025-07-29T19:46:25.393713Z","level":"info","event":" 'templates_dict': None,","chan":"stdout","logger":"task"}
{"timestamp":"2025-07-29T19:46:25.393832Z","level":"info","event":" 'ti': RuntimeTaskInstance(id=UUID('019857b8-c751-7bcc-911e-ffb4d08c8dc5'), task_id='python', dag_id='python_operator_v1', run_id='scheduled__2023-06-24T00:24:00+00:00', try_number=1, map_index=-1, hostname='bf6f1e7a6f11', context_carrier={}, task=<Task(PythonOperator): python>, bundle_instance=LocalDagBundle(name=dags-folder), max_tries=0, start_date=datetime.datetime(2025, 7, 29, 19, 46, 24, 707272, tzinfo=datetime.timezone.utc), end_date=None, state=<TaskInstanceState.RUNNING: 'running'>, is_mapped=False, rendered_map_index=None, log_url='http://localhost:8080/dags/python_operator_v1/runs/scheduled__2023-06-24T00%3A24%3A00%2B00%3A00/tasks/python?try_number=1'),","chan":"stdout","logger":"task"}
{"timestamp":"2025-07-29T19:46:25.393912Z","level":"info","event":" 'triggering_asset_events': TriggeringAssetEventsAccessor(_events=defaultdict(<class 'list'>, {})),","chan":"stdout","logger":"task"}
{"timestamp":"2025-07-29T19:46:25.393984Z","level":"info","event":" 'ts': '2023-06-24T00:24:00+00:00',","chan":"stdout","logger":"task"}
{"timestamp":"2025-07-29T19:46:25.394047Z","level":"info","event":" 'ts_nodash': '20230624T002400',","chan":"stdout","logger":"task"}
{"timestamp":"2025-07-29T19:46:25.394108Z","level":"info","event":" 'ts_nodash_with_tz': '20230624T002400+0000',","chan":"stdout","logger":"task"}
{"timestamp":"2025-07-29T19:46:25.394169Z","level":"info","event":" 'var': {'json': <VariableAccessor (dynamic access)>,","chan":"stdout","logger":"task"}
{"timestamp":"2025-07-29T19:46:25.394231Z","level":"info","event":"         'value': <VariableAccessor (dynamic access)>}}","chan":"stdout","logger":"task"}
{"timestamp":"2025-07-29T19:46:25.393954","level":"info","event":"Done. Returned value was: 123","logger":"airflow.task.operators.airflow.providers.standard.operators.python.PythonOperator"}
{"timestamp":"2025-07-29T19:46:25.394277","level":"info","event":"Pushing xcom","ti":"RuntimeTaskInstance(id=UUID('019857b8-c751-7bcc-911e-ffb4d08c8dc5'), task_id='python', dag_id='python_operator_v1', run_id='scheduled__2023-06-24T00:24:00+00:00', try_number=1, map_index=-1, hostname='bf6f1e7a6f11', context_carrier={}, task=<Task(PythonOperator): python>, bundle_instance=LocalDagBundle(name=dags-folder), max_tries=0, start_date=datetime.datetime(2025, 7, 29, 19, 46, 24, 707272, tzinfo=datetime.timezone.utc), end_date=None, state=<TaskInstanceState.RUNNING: 'running'>, is_mapped=False, rendered_map_index=None, log_url='http://localhost:8080/dags/python_operator_v1/runs/scheduled__2023-06-24T00%3A24%3A00%2B00%3A00/tasks/python?try_number=1')","logger":"task"}
{"timestamp":"2025-07-29T19:46:25.427277Z","level":"info","event":"Task instance in success state","chan":"stdout","logger":"task"}
{"timestamp":"2025-07-29T19:46:25.427419Z","level":"info","event":" Previous state of the Task instance: TaskInstanceState.RUNNING","chan":"stdout","logger":"task"}
{"timestamp":"2025-07-29T19:46:25.427539Z","level":"info","event":"Task operator:<Task(PythonOperator): python>","chan":"stdout","logger":"task"}
