{"timestamp":"2025-07-29T19:21:34.414663","level":"info","event":"DAG bundles loaded: dags-folder, example_dags","logger":"airflow.dag_processing.bundles.manager.DagBundlesManager"}
{"timestamp":"2025-07-29T19:21:34.415821","level":"info","event":"Filling up the DagBag from /opt/airflow/dags/python_operator_v1.py","logger":"airflow.models.dagbag.DagBag"}
{"timestamp":"2025-07-29T19:21:34.448532Z","level":"info","event":"Task instance is in running state","chan":"stdout","logger":"task"}
{"timestamp":"2025-07-29T19:21:34.448872Z","level":"info","event":" Previous state of the Task instance: TaskInstanceState.QUEUED","chan":"stdout","logger":"task"}
{"timestamp":"2025-07-29T19:21:34.449761Z","level":"info","event":"Current task name:python","chan":"stdout","logger":"task"}
{"timestamp":"2025-07-29T19:21:34.449945Z","level":"info","event":"Dag name:python_operator_v1","chan":"stdout","logger":"task"}
{"timestamp":"2025-07-29T19:21:34.451709Z","level":"info","event":"poliana","chan":"stdout","logger":"task"}
{"timestamp":"2025-07-29T19:21:34.452698Z","level":"info","event":"{'conn': <ConnectionAccessor (dynamic access)>,","chan":"stdout","logger":"task"}
{"timestamp":"2025-07-29T19:21:34.452875Z","level":"info","event":" 'dag': <DAG: python_operator_v1>,","chan":"stdout","logger":"task"}
{"timestamp":"2025-07-29T19:21:34.453050Z","level":"info","event":" 'dag_run': DagRun(dag_id='python_operator_v1', run_id='scheduled__2023-06-22T21:06:00+00:00', logical_date=datetime.datetime(2023, 6, 22, 21, 6, tzinfo=datetime.timezone.utc), data_interval_start=datetime.datetime(2023, 6, 22, 21, 6, tzinfo=datetime.timezone.utc), data_interval_end=datetime.datetime(2023, 6, 22, 21, 6, tzinfo=datetime.timezone.utc), run_after=datetime.datetime(2023, 6, 22, 21, 6, tzinfo=datetime.timezone.utc), start_date=datetime.datetime(2025, 7, 29, 19, 21, 32, 725080, tzinfo=datetime.timezone.utc), end_date=None, clear_number=0, run_type=<DagRunType.SCHEDULED: 'scheduled'>, conf={}, consumed_asset_events=[]),","chan":"stdout","logger":"task"}
{"timestamp":"2025-07-29T19:21:34.453303Z","level":"info","event":" 'data_interval_end': DateTime(2023, 6, 22, 21, 6, 0, tzinfo=Timezone('UTC')),","chan":"stdout","logger":"task"}
{"timestamp":"2025-07-29T19:21:34.453388Z","level":"info","event":" 'data_interval_start': DateTime(2023, 6, 22, 21, 6, 0, tzinfo=Timezone('UTC')),","chan":"stdout","logger":"task"}
{"timestamp":"2025-07-29T19:21:34.453455Z","level":"info","event":" 'ds': '2023-06-22',","chan":"stdout","logger":"task"}
{"timestamp":"2025-07-29T19:21:34.453527Z","level":"info","event":" 'ds_nodash': '20230622',","chan":"stdout","logger":"task"}
{"timestamp":"2025-07-29T19:21:34.453599Z","level":"info","event":" 'inlet_events': InletEventsAccessors(_inlets=[], _assets={}, _asset_aliases={}),","chan":"stdout","logger":"task"}
{"timestamp":"2025-07-29T19:21:34.453667Z","level":"info","event":" 'inlets': [],","chan":"stdout","logger":"task"}
{"timestamp":"2025-07-29T19:21:34.453730Z","level":"info","event":" 'logical_date': DateTime(2023, 6, 22, 21, 6, 0, tzinfo=Timezone('UTC')),","chan":"stdout","logger":"task"}
{"timestamp":"2025-07-29T19:21:34.453822Z","level":"info","event":" 'macros': <MacrosAccessor (dynamic access to macros)>,","chan":"stdout","logger":"task"}
{"timestamp":"2025-07-29T19:21:34.453899Z","level":"info","event":" 'map_index_template': None,","chan":"stdout","logger":"task"}
{"timestamp":"2025-07-29T19:21:34.453966Z","level":"info","event":" 'outlet_events': <airflow.sdk.execution_time.context.OutletEventAccessors object at 0x7fb66fc379b0>,","chan":"stdout","logger":"task"}
{"timestamp":"2025-07-29T19:21:34.454031Z","level":"info","event":" 'outlets': [],","chan":"stdout","logger":"task"}
{"timestamp":"2025-07-29T19:21:34.454099Z","level":"info","event":" 'params': {},","chan":"stdout","logger":"task"}
{"timestamp":"2025-07-29T19:21:34.474359Z","level":"info","event":" 'prev_data_interval_end_success': <Proxy at 0x7fb66fc58ec0 with factory <function RuntimeTaskInstance.get_template_context.<locals>.<lambda> at 0x7fb66fc70220>>,","chan":"stdout","logger":"task"}
{"timestamp":"2025-07-29T19:21:34.474546Z","level":"info","event":" 'prev_data_interval_start_success': <Proxy at 0x7fb66fdf5c70 with factory <function RuntimeTaskInstance.get_template_context.<locals>.<lambda> at 0x7fb66fc71440>>,","chan":"stdout","logger":"task"}
{"timestamp":"2025-07-29T19:21:34.474615Z","level":"info","event":" 'prev_end_date_success': <Proxy at 0x7fb66fc59070 with factory <function RuntimeTaskInstance.get_template_context.<locals>.<lambda> at 0x7fb66fc714e0>>,","chan":"stdout","logger":"task"}
{"timestamp":"2025-07-29T19:21:34.474664Z","level":"info","event":" 'prev_start_date_success': <Proxy at 0x7fb66fc59040 with factory <function RuntimeTaskInstance.get_template_context.<locals>.<lambda> at 0x7fb66fc5fce0>>,","chan":"stdout","logger":"task"}
{"timestamp":"2025-07-29T19:21:34.474719Z","level":"info","event":" 'run_id': 'scheduled__2023-06-22T21:06:00+00:00',","chan":"stdout","logger":"task"}
{"timestamp":"2025-07-29T19:21:34.474786Z","level":"info","event":" 'task': <Task(PythonOperator): python>,","chan":"stdout","logger":"task"}
{"timestamp":"2025-07-29T19:21:34.474857Z","level":"info","event":" 'task_instance': RuntimeTaskInstance(id=UUID('019857a2-052d-75ae-9237-f66e2aa8bcc1'), task_id='python', dag_id='python_operator_v1', run_id='scheduled__2023-06-22T21:06:00+00:00', try_number=1, map_index=-1, hostname='bf6f1e7a6f11', context_carrier={}, task=<Task(PythonOperator): python>, bundle_instance=LocalDagBundle(name=dags-folder), max_tries=0, start_date=datetime.datetime(2025, 7, 29, 19, 21, 33, 901584, tzinfo=datetime.timezone.utc), end_date=None, state=<TaskInstanceState.RUNNING: 'running'>, is_mapped=False, rendered_map_index=None, log_url='http://localhost:8080/dags/python_operator_v1/runs/scheduled__2023-06-22T21%3A06%3A00%2B00%3A00/tasks/python?try_number=1'),","chan":"stdout","logger":"task"}
{"timestamp":"2025-07-29T19:21:34.474931Z","level":"info","event":" 'task_instance_key_str': 'python_operator_v1__python__20230622',","chan":"stdout","logger":"task"}
{"timestamp":"2025-07-29T19:21:34.474994Z","level":"info","event":" 'task_reschedule_count': 0,","chan":"stdout","logger":"task"}
{"timestamp":"2025-07-29T19:21:34.475039Z","level":"info","event":" 'templates_dict': None,","chan":"stdout","logger":"task"}
{"timestamp":"2025-07-29T19:21:34.475116Z","level":"info","event":" 'ti': RuntimeTaskInstance(id=UUID('019857a2-052d-75ae-9237-f66e2aa8bcc1'), task_id='python', dag_id='python_operator_v1', run_id='scheduled__2023-06-22T21:06:00+00:00', try_number=1, map_index=-1, hostname='bf6f1e7a6f11', context_carrier={}, task=<Task(PythonOperator): python>, bundle_instance=LocalDagBundle(name=dags-folder), max_tries=0, start_date=datetime.datetime(2025, 7, 29, 19, 21, 33, 901584, tzinfo=datetime.timezone.utc), end_date=None, state=<TaskInstanceState.RUNNING: 'running'>, is_mapped=False, rendered_map_index=None, log_url='http://localhost:8080/dags/python_operator_v1/runs/scheduled__2023-06-22T21%3A06%3A00%2B00%3A00/tasks/python?try_number=1'),","chan":"stdout","logger":"task"}
{"timestamp":"2025-07-29T19:21:34.475166Z","level":"info","event":" 'triggering_asset_events': TriggeringAssetEventsAccessor(_events=defaultdict(<class 'list'>, {})),","chan":"stdout","logger":"task"}
{"timestamp":"2025-07-29T19:21:34.475219Z","level":"info","event":" 'ts': '2023-06-22T21:06:00+00:00',","chan":"stdout","logger":"task"}
{"timestamp":"2025-07-29T19:21:34.475282Z","level":"info","event":" 'ts_nodash': '20230622T210600',","chan":"stdout","logger":"task"}
{"timestamp":"2025-07-29T19:21:34.475341Z","level":"info","event":" 'ts_nodash_with_tz': '20230622T210600+0000',","chan":"stdout","logger":"task"}
{"timestamp":"2025-07-29T19:21:34.475384Z","level":"info","event":" 'var': {'json': <VariableAccessor (dynamic access)>,","chan":"stdout","logger":"task"}
{"timestamp":"2025-07-29T19:21:34.475424Z","level":"info","event":"         'value': <VariableAccessor (dynamic access)>}}","chan":"stdout","logger":"task"}
{"timestamp":"2025-07-29T19:21:34.475295","level":"info","event":"Done. Returned value was: 123","logger":"airflow.task.operators.airflow.providers.standard.operators.python.PythonOperator"}
{"timestamp":"2025-07-29T19:21:34.475549","level":"info","event":"Pushing xcom","ti":"RuntimeTaskInstance(id=UUID('019857a2-052d-75ae-9237-f66e2aa8bcc1'), task_id='python', dag_id='python_operator_v1', run_id='scheduled__2023-06-22T21:06:00+00:00', try_number=1, map_index=-1, hostname='bf6f1e7a6f11', context_carrier={}, task=<Task(PythonOperator): python>, bundle_instance=LocalDagBundle(name=dags-folder), max_tries=0, start_date=datetime.datetime(2025, 7, 29, 19, 21, 33, 901584, tzinfo=datetime.timezone.utc), end_date=None, state=<TaskInstanceState.RUNNING: 'running'>, is_mapped=False, rendered_map_index=None, log_url='http://localhost:8080/dags/python_operator_v1/runs/scheduled__2023-06-22T21%3A06%3A00%2B00%3A00/tasks/python?try_number=1')","logger":"task"}
{"timestamp":"2025-07-29T19:21:34.506349Z","level":"info","event":"Task instance in success state","chan":"stdout","logger":"task"}
{"timestamp":"2025-07-29T19:21:34.506541Z","level":"info","event":" Previous state of the Task instance: TaskInstanceState.RUNNING","chan":"stdout","logger":"task"}
{"timestamp":"2025-07-29T19:21:34.506701Z","level":"info","event":"Task operator:<Task(PythonOperator): python>","chan":"stdout","logger":"task"}
