{"timestamp":"2025-07-29T20:00:45.751914","level":"info","event":"DAG bundles loaded: dags-folder, example_dags","logger":"airflow.dag_processing.bundles.manager.DagBundlesManager"}
{"timestamp":"2025-07-29T20:00:45.752759","level":"info","event":"Filling up the DagBag from /opt/airflow/dags/2_python_operator_v1.py","logger":"airflow.models.dagbag.DagBag"}
{"timestamp":"2025-07-29T20:00:45.782254Z","level":"info","event":"Task instance is in running state","chan":"stdout","logger":"task"}
{"timestamp":"2025-07-29T20:00:45.782442Z","level":"info","event":" Previous state of the Task instance: TaskInstanceState.QUEUED","chan":"stdout","logger":"task"}
{"timestamp":"2025-07-29T20:00:45.782990Z","level":"info","event":"Current task name:python","chan":"stdout","logger":"task"}
{"timestamp":"2025-07-29T20:00:45.783117Z","level":"info","event":"Dag name:python_operator_v1","chan":"stdout","logger":"task"}
{"timestamp":"2025-07-29T20:00:45.784225Z","level":"info","event":"poliana","chan":"stdout","logger":"task"}
{"timestamp":"2025-07-29T20:00:45.784944Z","level":"info","event":"{'conn': <ConnectionAccessor (dynamic access)>,","chan":"stdout","logger":"task"}
{"timestamp":"2025-07-29T20:00:45.785059Z","level":"info","event":" 'dag': <DAG: python_operator_v1>,","chan":"stdout","logger":"task"}
{"timestamp":"2025-07-29T20:00:45.785234Z","level":"info","event":" 'dag_run': DagRun(dag_id='python_operator_v1', run_id='scheduled__2023-06-24T14:59:00+00:00', logical_date=datetime.datetime(2023, 6, 24, 14, 59, tzinfo=datetime.timezone.utc), data_interval_start=datetime.datetime(2023, 6, 24, 14, 59, tzinfo=datetime.timezone.utc), data_interval_end=datetime.datetime(2023, 6, 24, 14, 59, tzinfo=datetime.timezone.utc), run_after=datetime.datetime(2023, 6, 24, 14, 59, tzinfo=datetime.timezone.utc), start_date=datetime.datetime(2025, 7, 29, 20, 0, 44, 311898, tzinfo=datetime.timezone.utc), end_date=None, clear_number=0, run_type=<DagRunType.SCHEDULED: 'scheduled'>, conf={}, consumed_asset_events=[]),","chan":"stdout","logger":"task"}
{"timestamp":"2025-07-29T20:00:45.785346Z","level":"info","event":" 'data_interval_end': DateTime(2023, 6, 24, 14, 59, 0, tzinfo=Timezone('UTC')),","chan":"stdout","logger":"task"}
{"timestamp":"2025-07-29T20:00:45.785427Z","level":"info","event":" 'data_interval_start': DateTime(2023, 6, 24, 14, 59, 0, tzinfo=Timezone('UTC')),","chan":"stdout","logger":"task"}
{"timestamp":"2025-07-29T20:00:45.785495Z","level":"info","event":" 'ds': '2023-06-24',","chan":"stdout","logger":"task"}
{"timestamp":"2025-07-29T20:00:45.785566Z","level":"info","event":" 'ds_nodash': '20230624',","chan":"stdout","logger":"task"}
{"timestamp":"2025-07-29T20:00:45.785629Z","level":"info","event":" 'inlet_events': InletEventsAccessors(_inlets=[], _assets={}, _asset_aliases={}),","chan":"stdout","logger":"task"}
{"timestamp":"2025-07-29T20:00:45.785677Z","level":"info","event":" 'inlets': [],","chan":"stdout","logger":"task"}
{"timestamp":"2025-07-29T20:00:45.785719Z","level":"info","event":" 'logical_date': DateTime(2023, 6, 24, 14, 59, 0, tzinfo=Timezone('UTC')),","chan":"stdout","logger":"task"}
{"timestamp":"2025-07-29T20:00:45.785761Z","level":"info","event":" 'macros': <MacrosAccessor (dynamic access to macros)>,","chan":"stdout","logger":"task"}
{"timestamp":"2025-07-29T20:00:45.785802Z","level":"info","event":" 'map_index_template': None,","chan":"stdout","logger":"task"}
{"timestamp":"2025-07-29T20:00:45.785844Z","level":"info","event":" 'outlet_events': <airflow.sdk.execution_time.context.OutletEventAccessors object at 0x7fb67827fa70>,","chan":"stdout","logger":"task"}
{"timestamp":"2025-07-29T20:00:45.785885Z","level":"info","event":" 'outlets': [],","chan":"stdout","logger":"task"}
{"timestamp":"2025-07-29T20:00:45.785926Z","level":"info","event":" 'params': {},","chan":"stdout","logger":"task"}
{"timestamp":"2025-07-29T20:00:45.796087Z","level":"info","event":" 'prev_data_interval_end_success': <Proxy at 0x7fb66fdd3110 with factory <function RuntimeTaskInstance.get_template_context.<locals>.<lambda> at 0x7fb67e30c400>>,","chan":"stdout","logger":"task"}
{"timestamp":"2025-07-29T20:00:45.796331Z","level":"info","event":" 'prev_data_interval_start_success': <Proxy at 0x7fb66fdd2de0 with factory <function RuntimeTaskInstance.get_template_context.<locals>.<lambda> at 0x7fb67e30db20>>,","chan":"stdout","logger":"task"}
{"timestamp":"2025-07-29T20:00:45.796437Z","level":"info","event":" 'prev_end_date_success': <Proxy at 0x7fb66fdd1af0 with factory <function RuntimeTaskInstance.get_template_context.<locals>.<lambda> at 0x7fb67e30dbc0>>,","chan":"stdout","logger":"task"}
{"timestamp":"2025-07-29T20:00:45.796519Z","level":"info","event":" 'prev_start_date_success': <Proxy at 0x7fb66fdd3440 with factory <function RuntimeTaskInstance.get_template_context.<locals>.<lambda> at 0x7fb67e30c900>>,","chan":"stdout","logger":"task"}
{"timestamp":"2025-07-29T20:00:45.796597Z","level":"info","event":" 'run_id': 'scheduled__2023-06-24T14:59:00+00:00',","chan":"stdout","logger":"task"}
{"timestamp":"2025-07-29T20:00:45.796673Z","level":"info","event":" 'task': <Task(PythonOperator): python>,","chan":"stdout","logger":"task"}
{"timestamp":"2025-07-29T20:00:45.796750Z","level":"info","event":" 'task_instance': RuntimeTaskInstance(id=UUID('019857c5-e70f-7b27-a9eb-9d71de096191'), task_id='python', dag_id='python_operator_v1', run_id='scheduled__2023-06-24T14:59:00+00:00', try_number=1, map_index=-1, hostname='bf6f1e7a6f11', context_carrier={}, task=<Task(PythonOperator): python>, bundle_instance=LocalDagBundle(name=dags-folder), max_tries=0, start_date=datetime.datetime(2025, 7, 29, 20, 0, 45, 65902, tzinfo=datetime.timezone.utc), end_date=None, state=<TaskInstanceState.RUNNING: 'running'>, is_mapped=False, rendered_map_index=None, log_url='http://localhost:8080/dags/python_operator_v1/runs/scheduled__2023-06-24T14%3A59%3A00%2B00%3A00/tasks/python?try_number=1'),","chan":"stdout","logger":"task"}
{"timestamp":"2025-07-29T20:00:45.796827Z","level":"info","event":" 'task_instance_key_str': 'python_operator_v1__python__20230624',","chan":"stdout","logger":"task"}
{"timestamp":"2025-07-29T20:00:45.796878Z","level":"info","event":" 'task_reschedule_count': 0,","chan":"stdout","logger":"task"}
{"timestamp":"2025-07-29T20:00:45.796923Z","level":"info","event":" 'templates_dict': None,","chan":"stdout","logger":"task"}
{"timestamp":"2025-07-29T20:00:45.796974Z","level":"info","event":" 'ti': RuntimeTaskInstance(id=UUID('019857c5-e70f-7b27-a9eb-9d71de096191'), task_id='python', dag_id='python_operator_v1', run_id='scheduled__2023-06-24T14:59:00+00:00', try_number=1, map_index=-1, hostname='bf6f1e7a6f11', context_carrier={}, task=<Task(PythonOperator): python>, bundle_instance=LocalDagBundle(name=dags-folder), max_tries=0, start_date=datetime.datetime(2025, 7, 29, 20, 0, 45, 65902, tzinfo=datetime.timezone.utc), end_date=None, state=<TaskInstanceState.RUNNING: 'running'>, is_mapped=False, rendered_map_index=None, log_url='http://localhost:8080/dags/python_operator_v1/runs/scheduled__2023-06-24T14%3A59%3A00%2B00%3A00/tasks/python?try_number=1'),","chan":"stdout","logger":"task"}
{"timestamp":"2025-07-29T20:00:45.797050Z","level":"info","event":" 'triggering_asset_events': TriggeringAssetEventsAccessor(_events=defaultdict(<class 'list'>, {})),","chan":"stdout","logger":"task"}
{"timestamp":"2025-07-29T20:00:45.797121Z","level":"info","event":" 'ts': '2023-06-24T14:59:00+00:00',","chan":"stdout","logger":"task"}
{"timestamp":"2025-07-29T20:00:45.797191Z","level":"info","event":" 'ts_nodash': '20230624T145900',","chan":"stdout","logger":"task"}
{"timestamp":"2025-07-29T20:00:45.797262Z","level":"info","event":" 'ts_nodash_with_tz': '20230624T145900+0000',","chan":"stdout","logger":"task"}
{"timestamp":"2025-07-29T20:00:45.797335Z","level":"info","event":" 'var': {'json': <VariableAccessor (dynamic access)>,","chan":"stdout","logger":"task"}
{"timestamp":"2025-07-29T20:00:45.797458Z","level":"info","event":"         'value': <VariableAccessor (dynamic access)>}}","chan":"stdout","logger":"task"}
{"timestamp":"2025-07-29T20:00:45.796884","level":"info","event":"Done. Returned value was: 123","logger":"airflow.task.operators.airflow.providers.standard.operators.python.PythonOperator"}
{"timestamp":"2025-07-29T20:00:45.797071","level":"info","event":"Pushing xcom","ti":"RuntimeTaskInstance(id=UUID('019857c5-e70f-7b27-a9eb-9d71de096191'), task_id='python', dag_id='python_operator_v1', run_id='scheduled__2023-06-24T14:59:00+00:00', try_number=1, map_index=-1, hostname='bf6f1e7a6f11', context_carrier={}, task=<Task(PythonOperator): python>, bundle_instance=LocalDagBundle(name=dags-folder), max_tries=0, start_date=datetime.datetime(2025, 7, 29, 20, 0, 45, 65902, tzinfo=datetime.timezone.utc), end_date=None, state=<TaskInstanceState.RUNNING: 'running'>, is_mapped=False, rendered_map_index=None, log_url='http://localhost:8080/dags/python_operator_v1/runs/scheduled__2023-06-24T14%3A59%3A00%2B00%3A00/tasks/python?try_number=1')","logger":"task"}
{"timestamp":"2025-07-29T20:00:45.823660Z","level":"info","event":"Task instance in success state","chan":"stdout","logger":"task"}
{"timestamp":"2025-07-29T20:00:45.823875Z","level":"info","event":" Previous state of the Task instance: TaskInstanceState.RUNNING","chan":"stdout","logger":"task"}
{"timestamp":"2025-07-29T20:00:45.824092Z","level":"info","event":"Task operator:<Task(PythonOperator): python>","chan":"stdout","logger":"task"}
