{"timestamp":"2025-07-29T19:19:30.064602","level":"info","event":"DAG bundles loaded: dags-folder, example_dags","logger":"airflow.dag_processing.bundles.manager.DagBundlesManager"}
{"timestamp":"2025-07-29T19:19:30.065039","level":"info","event":"Filling up the DagBag from /opt/airflow/dags/python_operator_v1.py","logger":"airflow.models.dagbag.DagBag"}
{"timestamp":"2025-07-29T19:19:30.085009Z","level":"info","event":"Task instance is in running state","chan":"stdout","logger":"task"}
{"timestamp":"2025-07-29T19:19:30.085135Z","level":"info","event":" Previous state of the Task instance: TaskInstanceState.QUEUED","chan":"stdout","logger":"task"}
{"timestamp":"2025-07-29T19:19:30.085598Z","level":"info","event":"Current task name:python","chan":"stdout","logger":"task"}
{"timestamp":"2025-07-29T19:19:30.085659Z","level":"info","event":"Dag name:python_operator_v1","chan":"stdout","logger":"task"}
{"timestamp":"2025-07-29T19:19:30.086632Z","level":"info","event":"poliana","chan":"stdout","logger":"task"}
{"timestamp":"2025-07-29T19:19:30.087174Z","level":"info","event":"{'conn': <ConnectionAccessor (dynamic access)>,","chan":"stdout","logger":"task"}
{"timestamp":"2025-07-29T19:19:30.087251Z","level":"info","event":" 'dag': <DAG: python_operator_v1>,","chan":"stdout","logger":"task"}
{"timestamp":"2025-07-29T19:19:30.087338Z","level":"info","event":" 'dag_run': DagRun(dag_id='python_operator_v1', run_id='scheduled__2023-06-22T19:02:00+00:00', logical_date=datetime.datetime(2023, 6, 22, 19, 2, tzinfo=datetime.timezone.utc), data_interval_start=datetime.datetime(2023, 6, 22, 19, 2, tzinfo=datetime.timezone.utc), data_interval_end=datetime.datetime(2023, 6, 22, 19, 2, tzinfo=datetime.timezone.utc), run_after=datetime.datetime(2023, 6, 22, 19, 2, tzinfo=datetime.timezone.utc), start_date=datetime.datetime(2025, 7, 29, 19, 19, 29, 316790, tzinfo=datetime.timezone.utc), end_date=None, clear_number=0, run_type=<DagRunType.SCHEDULED: 'scheduled'>, conf={}, consumed_asset_events=[]),","chan":"stdout","logger":"task"}
{"timestamp":"2025-07-29T19:19:30.087395Z","level":"info","event":" 'data_interval_end': DateTime(2023, 6, 22, 19, 2, 0, tzinfo=Timezone('UTC')),","chan":"stdout","logger":"task"}
{"timestamp":"2025-07-29T19:19:30.087440Z","level":"info","event":" 'data_interval_start': DateTime(2023, 6, 22, 19, 2, 0, tzinfo=Timezone('UTC')),","chan":"stdout","logger":"task"}
{"timestamp":"2025-07-29T19:19:30.087482Z","level":"info","event":" 'ds': '2023-06-22',","chan":"stdout","logger":"task"}
{"timestamp":"2025-07-29T19:19:30.087522Z","level":"info","event":" 'ds_nodash': '20230622',","chan":"stdout","logger":"task"}
{"timestamp":"2025-07-29T19:19:30.087562Z","level":"info","event":" 'inlet_events': InletEventsAccessors(_inlets=[], _assets={}, _asset_aliases={}),","chan":"stdout","logger":"task"}
{"timestamp":"2025-07-29T19:19:30.087602Z","level":"info","event":" 'inlets': [],","chan":"stdout","logger":"task"}
{"timestamp":"2025-07-29T19:19:30.087641Z","level":"info","event":" 'logical_date': DateTime(2023, 6, 22, 19, 2, 0, tzinfo=Timezone('UTC')),","chan":"stdout","logger":"task"}
{"timestamp":"2025-07-29T19:19:30.087680Z","level":"info","event":" 'macros': <MacrosAccessor (dynamic access to macros)>,","chan":"stdout","logger":"task"}
{"timestamp":"2025-07-29T19:19:30.087720Z","level":"info","event":" 'map_index_template': None,","chan":"stdout","logger":"task"}
{"timestamp":"2025-07-29T19:19:30.087761Z","level":"info","event":" 'outlet_events': <airflow.sdk.execution_time.context.OutletEventAccessors object at 0x7fb67bd57a70>,","chan":"stdout","logger":"task"}
{"timestamp":"2025-07-29T19:19:30.087801Z","level":"info","event":" 'outlets': [],","chan":"stdout","logger":"task"}
{"timestamp":"2025-07-29T19:19:30.087839Z","level":"info","event":" 'params': {},","chan":"stdout","logger":"task"}
{"timestamp":"2025-07-29T19:19:30.095879Z","level":"info","event":" 'prev_data_interval_end_success': <Proxy at 0x7fb66fc60350 with factory <function RuntimeTaskInstance.get_template_context.<locals>.<lambda> at 0x7fb66fc522a0>>,","chan":"stdout","logger":"task"}
{"timestamp":"2025-07-29T19:19:30.095985Z","level":"info","event":" 'prev_data_interval_start_success': <Proxy at 0x7fb66fc600b0 with factory <function RuntimeTaskInstance.get_template_context.<locals>.<lambda> at 0x7fb66fc539c0>>,","chan":"stdout","logger":"task"}
{"timestamp":"2025-07-29T19:19:30.096068Z","level":"info","event":" 'prev_end_date_success': <Proxy at 0x7fb66fc2bfe0 with factory <function RuntimeTaskInstance.get_template_context.<locals>.<lambda> at 0x7fb66fc53a60>>,","chan":"stdout","logger":"task"}
{"timestamp":"2025-07-29T19:19:30.096119Z","level":"info","event":" 'prev_start_date_success': <Proxy at 0x7fb66fc2bb90 with factory <function RuntimeTaskInstance.get_template_context.<locals>.<lambda> at 0x7fb66fc527a0>>,","chan":"stdout","logger":"task"}
{"timestamp":"2025-07-29T19:19:30.096162Z","level":"info","event":" 'run_id': 'scheduled__2023-06-22T19:02:00+00:00',","chan":"stdout","logger":"task"}
{"timestamp":"2025-07-29T19:19:30.096205Z","level":"info","event":" 'task': <Task(PythonOperator): python>,","chan":"stdout","logger":"task"}
{"timestamp":"2025-07-29T19:19:30.096248Z","level":"info","event":" 'task_instance': RuntimeTaskInstance(id=UUID('019857a0-231a-7ca4-ac1c-6b436a38c632'), task_id='python', dag_id='python_operator_v1', run_id='scheduled__2023-06-22T19:02:00+00:00', try_number=1, map_index=-1, hostname='bf6f1e7a6f11', context_carrier={}, task=<Task(PythonOperator): python>, bundle_instance=LocalDagBundle(name=dags-folder), max_tries=0, start_date=datetime.datetime(2025, 7, 29, 19, 19, 29, 646664, tzinfo=datetime.timezone.utc), end_date=None, state=<TaskInstanceState.RUNNING: 'running'>, is_mapped=False, rendered_map_index=None, log_url='http://localhost:8080/dags/python_operator_v1/runs/scheduled__2023-06-22T19%3A02%3A00%2B00%3A00/tasks/python?try_number=1'),","chan":"stdout","logger":"task"}
{"timestamp":"2025-07-29T19:19:30.096292Z","level":"info","event":" 'task_instance_key_str': 'python_operator_v1__python__20230622',","chan":"stdout","logger":"task"}
{"timestamp":"2025-07-29T19:19:30.096333Z","level":"info","event":" 'task_reschedule_count': 0,","chan":"stdout","logger":"task"}
{"timestamp":"2025-07-29T19:19:30.096373Z","level":"info","event":" 'templates_dict': None,","chan":"stdout","logger":"task"}
{"timestamp":"2025-07-29T19:19:30.096414Z","level":"info","event":" 'ti': RuntimeTaskInstance(id=UUID('019857a0-231a-7ca4-ac1c-6b436a38c632'), task_id='python', dag_id='python_operator_v1', run_id='scheduled__2023-06-22T19:02:00+00:00', try_number=1, map_index=-1, hostname='bf6f1e7a6f11', context_carrier={}, task=<Task(PythonOperator): python>, bundle_instance=LocalDagBundle(name=dags-folder), max_tries=0, start_date=datetime.datetime(2025, 7, 29, 19, 19, 29, 646664, tzinfo=datetime.timezone.utc), end_date=None, state=<TaskInstanceState.RUNNING: 'running'>, is_mapped=False, rendered_map_index=None, log_url='http://localhost:8080/dags/python_operator_v1/runs/scheduled__2023-06-22T19%3A02%3A00%2B00%3A00/tasks/python?try_number=1'),","chan":"stdout","logger":"task"}
{"timestamp":"2025-07-29T19:19:30.096455Z","level":"info","event":" 'triggering_asset_events': TriggeringAssetEventsAccessor(_events=defaultdict(<class 'list'>, {})),","chan":"stdout","logger":"task"}
{"timestamp":"2025-07-29T19:19:30.096495Z","level":"info","event":" 'ts': '2023-06-22T19:02:00+00:00',","chan":"stdout","logger":"task"}
{"timestamp":"2025-07-29T19:19:30.096533Z","level":"info","event":" 'ts_nodash': '20230622T190200',","chan":"stdout","logger":"task"}
{"timestamp":"2025-07-29T19:19:30.096572Z","level":"info","event":" 'ts_nodash_with_tz': '20230622T190200+0000',","chan":"stdout","logger":"task"}
{"timestamp":"2025-07-29T19:19:30.096635Z","level":"info","event":" 'var': {'json': <VariableAccessor (dynamic access)>,","chan":"stdout","logger":"task"}
{"timestamp":"2025-07-29T19:19:30.096680Z","level":"info","event":"         'value': <VariableAccessor (dynamic access)>}}","chan":"stdout","logger":"task"}
{"timestamp":"2025-07-29T19:19:30.096502","level":"info","event":"Done. Returned value was: 123","logger":"airflow.task.operators.airflow.providers.standard.operators.python.PythonOperator"}
{"timestamp":"2025-07-29T19:19:30.096700","level":"info","event":"Pushing xcom","ti":"RuntimeTaskInstance(id=UUID('019857a0-231a-7ca4-ac1c-6b436a38c632'), task_id='python', dag_id='python_operator_v1', run_id='scheduled__2023-06-22T19:02:00+00:00', try_number=1, map_index=-1, hostname='bf6f1e7a6f11', context_carrier={}, task=<Task(PythonOperator): python>, bundle_instance=LocalDagBundle(name=dags-folder), max_tries=0, start_date=datetime.datetime(2025, 7, 29, 19, 19, 29, 646664, tzinfo=datetime.timezone.utc), end_date=None, state=<TaskInstanceState.RUNNING: 'running'>, is_mapped=False, rendered_map_index=None, log_url='http://localhost:8080/dags/python_operator_v1/runs/scheduled__2023-06-22T19%3A02%3A00%2B00%3A00/tasks/python?try_number=1')","logger":"task"}
{"timestamp":"2025-07-29T19:19:30.115858Z","level":"info","event":"Task instance in success state","chan":"stdout","logger":"task"}
{"timestamp":"2025-07-29T19:19:30.115958Z","level":"info","event":" Previous state of the Task instance: TaskInstanceState.RUNNING","chan":"stdout","logger":"task"}
{"timestamp":"2025-07-29T19:19:30.116090Z","level":"info","event":"Task operator:<Task(PythonOperator): python>","chan":"stdout","logger":"task"}
