{"timestamp":"2025-07-29T19:53:38.638979","level":"info","event":"DAG bundles loaded: dags-folder, example_dags","logger":"airflow.dag_processing.bundles.manager.DagBundlesManager"}
{"timestamp":"2025-07-29T19:53:38.640217","level":"info","event":"Filling up the DagBag from /opt/airflow/dags/2_python_operator_v1.py","logger":"airflow.models.dagbag.DagBag"}
{"timestamp":"2025-07-29T19:53:38.675050Z","level":"info","event":"Task instance is in running state","chan":"stdout","logger":"task"}
{"timestamp":"2025-07-29T19:53:38.675246Z","level":"info","event":" Previous state of the Task instance: TaskInstanceState.QUEUED","chan":"stdout","logger":"task"}
{"timestamp":"2025-07-29T19:53:38.675387Z","level":"info","event":"Current task name:python","chan":"stdout","logger":"task"}
{"timestamp":"2025-07-29T19:53:38.675472Z","level":"info","event":"Dag name:python_operator_v1","chan":"stdout","logger":"task"}
{"timestamp":"2025-07-29T19:53:38.676992Z","level":"info","event":"poliana","chan":"stdout","logger":"task"}
{"timestamp":"2025-07-29T19:53:38.677716Z","level":"info","event":"{'conn': <ConnectionAccessor (dynamic access)>,","chan":"stdout","logger":"task"}
{"timestamp":"2025-07-29T19:53:38.677870Z","level":"info","event":" 'dag': <DAG: python_operator_v1>,","chan":"stdout","logger":"task"}
{"timestamp":"2025-07-29T19:53:38.678053Z","level":"info","event":" 'dag_run': DagRun(dag_id='python_operator_v1', run_id='scheduled__2023-06-24T08:06:00+00:00', logical_date=datetime.datetime(2023, 6, 24, 8, 6, tzinfo=datetime.timezone.utc), data_interval_start=datetime.datetime(2023, 6, 24, 8, 6, tzinfo=datetime.timezone.utc), data_interval_end=datetime.datetime(2023, 6, 24, 8, 6, tzinfo=datetime.timezone.utc), run_after=datetime.datetime(2023, 6, 24, 8, 6, tzinfo=datetime.timezone.utc), start_date=datetime.datetime(2025, 7, 29, 19, 53, 37, 861932, tzinfo=datetime.timezone.utc), end_date=None, clear_number=0, run_type=<DagRunType.SCHEDULED: 'scheduled'>, conf={}, consumed_asset_events=[]),","chan":"stdout","logger":"task"}
{"timestamp":"2025-07-29T19:53:38.678172Z","level":"info","event":" 'data_interval_end': DateTime(2023, 6, 24, 8, 6, 0, tzinfo=Timezone('UTC')),","chan":"stdout","logger":"task"}
{"timestamp":"2025-07-29T19:53:38.678280Z","level":"info","event":" 'data_interval_start': DateTime(2023, 6, 24, 8, 6, 0, tzinfo=Timezone('UTC')),","chan":"stdout","logger":"task"}
{"timestamp":"2025-07-29T19:53:38.678386Z","level":"info","event":" 'ds': '2023-06-24',","chan":"stdout","logger":"task"}
{"timestamp":"2025-07-29T19:53:38.678491Z","level":"info","event":" 'ds_nodash': '20230624',","chan":"stdout","logger":"task"}
{"timestamp":"2025-07-29T19:53:38.678550Z","level":"info","event":" 'inlet_events': InletEventsAccessors(_inlets=[], _assets={}, _asset_aliases={}),","chan":"stdout","logger":"task"}
{"timestamp":"2025-07-29T19:53:38.678595Z","level":"info","event":" 'inlets': [],","chan":"stdout","logger":"task"}
{"timestamp":"2025-07-29T19:53:38.678638Z","level":"info","event":" 'logical_date': DateTime(2023, 6, 24, 8, 6, 0, tzinfo=Timezone('UTC')),","chan":"stdout","logger":"task"}
{"timestamp":"2025-07-29T19:53:38.678679Z","level":"info","event":" 'macros': <MacrosAccessor (dynamic access to macros)>,","chan":"stdout","logger":"task"}
{"timestamp":"2025-07-29T19:53:38.678728Z","level":"info","event":" 'map_index_template': None,","chan":"stdout","logger":"task"}
{"timestamp":"2025-07-29T19:53:38.678798Z","level":"info","event":" 'outlet_events': <airflow.sdk.execution_time.context.OutletEventAccessors object at 0x7fb66fdc7a10>,","chan":"stdout","logger":"task"}
{"timestamp":"2025-07-29T19:53:38.678868Z","level":"info","event":" 'outlets': [],","chan":"stdout","logger":"task"}
{"timestamp":"2025-07-29T19:53:38.678986Z","level":"info","event":" 'params': {},","chan":"stdout","logger":"task"}
{"timestamp":"2025-07-29T19:53:38.703404Z","level":"info","event":" 'prev_data_interval_end_success': <Proxy at 0x7fb66fdedb20 with factory <function RuntimeTaskInstance.get_template_context.<locals>.<lambda> at 0x7fb66fc080e0>>,","chan":"stdout","logger":"task"}
{"timestamp":"2025-07-29T19:53:38.703598Z","level":"info","event":" 'prev_data_interval_start_success': <Proxy at 0x7fb67eba4ef0 with factory <function RuntimeTaskInstance.get_template_context.<locals>.<lambda> at 0x7fb66fc09800>>,","chan":"stdout","logger":"task"}
{"timestamp":"2025-07-29T19:53:38.703677Z","level":"info","event":" 'prev_end_date_success': <Proxy at 0x7fb67ebcfe30 with factory <function RuntimeTaskInstance.get_template_context.<locals>.<lambda> at 0x7fb66fc098a0>>,","chan":"stdout","logger":"task"}
{"timestamp":"2025-07-29T19:53:38.703727Z","level":"info","event":" 'prev_start_date_success': <Proxy at 0x7fb66fd27590 with factory <function RuntimeTaskInstance.get_template_context.<locals>.<lambda> at 0x7fb66fc085e0>>,","chan":"stdout","logger":"task"}
{"timestamp":"2025-07-29T19:53:38.703772Z","level":"info","event":" 'run_id': 'scheduled__2023-06-24T08:06:00+00:00',","chan":"stdout","logger":"task"}
{"timestamp":"2025-07-29T19:53:38.703815Z","level":"info","event":" 'task': <Task(PythonOperator): python>,","chan":"stdout","logger":"task"}
{"timestamp":"2025-07-29T19:53:38.703889Z","level":"info","event":" 'task_instance': RuntimeTaskInstance(id=UUID('019857bf-6541-703a-8c32-9eb01ff076f5'), task_id='python', dag_id='python_operator_v1', run_id='scheduled__2023-06-24T08:06:00+00:00', try_number=1, map_index=-1, hostname='bf6f1e7a6f11', context_carrier={}, task=<Task(PythonOperator): python>, bundle_instance=LocalDagBundle(name=dags-folder), max_tries=0, start_date=datetime.datetime(2025, 7, 29, 19, 53, 38, 44130, tzinfo=datetime.timezone.utc), end_date=None, state=<TaskInstanceState.RUNNING: 'running'>, is_mapped=False, rendered_map_index=None, log_url='http://localhost:8080/dags/python_operator_v1/runs/scheduled__2023-06-24T08%3A06%3A00%2B00%3A00/tasks/python?try_number=1'),","chan":"stdout","logger":"task"}
{"timestamp":"2025-07-29T19:53:38.703943Z","level":"info","event":" 'task_instance_key_str': 'python_operator_v1__python__20230624',","chan":"stdout","logger":"task"}
{"timestamp":"2025-07-29T19:53:38.703987Z","level":"info","event":" 'task_reschedule_count': 0,","chan":"stdout","logger":"task"}
{"timestamp":"2025-07-29T19:53:38.704029Z","level":"info","event":" 'templates_dict': None,","chan":"stdout","logger":"task"}
{"timestamp":"2025-07-29T19:53:38.704072Z","level":"info","event":" 'ti': RuntimeTaskInstance(id=UUID('019857bf-6541-703a-8c32-9eb01ff076f5'), task_id='python', dag_id='python_operator_v1', run_id='scheduled__2023-06-24T08:06:00+00:00', try_number=1, map_index=-1, hostname='bf6f1e7a6f11', context_carrier={}, task=<Task(PythonOperator): python>, bundle_instance=LocalDagBundle(name=dags-folder), max_tries=0, start_date=datetime.datetime(2025, 7, 29, 19, 53, 38, 44130, tzinfo=datetime.timezone.utc), end_date=None, state=<TaskInstanceState.RUNNING: 'running'>, is_mapped=False, rendered_map_index=None, log_url='http://localhost:8080/dags/python_operator_v1/runs/scheduled__2023-06-24T08%3A06%3A00%2B00%3A00/tasks/python?try_number=1'),","chan":"stdout","logger":"task"}
{"timestamp":"2025-07-29T19:53:38.704115Z","level":"info","event":" 'triggering_asset_events': TriggeringAssetEventsAccessor(_events=defaultdict(<class 'list'>, {})),","chan":"stdout","logger":"task"}
{"timestamp":"2025-07-29T19:53:38.704157Z","level":"info","event":" 'ts': '2023-06-24T08:06:00+00:00',","chan":"stdout","logger":"task"}
{"timestamp":"2025-07-29T19:53:38.704197Z","level":"info","event":" 'ts_nodash': '20230624T080600',","chan":"stdout","logger":"task"}
{"timestamp":"2025-07-29T19:53:38.704237Z","level":"info","event":" 'ts_nodash_with_tz': '20230624T080600+0000',","chan":"stdout","logger":"task"}
{"timestamp":"2025-07-29T19:53:38.704278Z","level":"info","event":" 'var': {'json': <VariableAccessor (dynamic access)>,","chan":"stdout","logger":"task"}
{"timestamp":"2025-07-29T19:53:38.704318Z","level":"info","event":"         'value': <VariableAccessor (dynamic access)>}}","chan":"stdout","logger":"task"}
{"timestamp":"2025-07-29T19:53:38.704485","level":"info","event":"Done. Returned value was: 123","logger":"airflow.task.operators.airflow.providers.standard.operators.python.PythonOperator"}
{"timestamp":"2025-07-29T19:53:38.704787","level":"info","event":"Pushing xcom","ti":"RuntimeTaskInstance(id=UUID('019857bf-6541-703a-8c32-9eb01ff076f5'), task_id='python', dag_id='python_operator_v1', run_id='scheduled__2023-06-24T08:06:00+00:00', try_number=1, map_index=-1, hostname='bf6f1e7a6f11', context_carrier={}, task=<Task(PythonOperator): python>, bundle_instance=LocalDagBundle(name=dags-folder), max_tries=0, start_date=datetime.datetime(2025, 7, 29, 19, 53, 38, 44130, tzinfo=datetime.timezone.utc), end_date=None, state=<TaskInstanceState.RUNNING: 'running'>, is_mapped=False, rendered_map_index=None, log_url='http://localhost:8080/dags/python_operator_v1/runs/scheduled__2023-06-24T08%3A06%3A00%2B00%3A00/tasks/python?try_number=1')","logger":"task"}
{"timestamp":"2025-07-29T19:53:38.736730Z","level":"info","event":"Task instance in success state","chan":"stdout","logger":"task"}
{"timestamp":"2025-07-29T19:53:38.736911Z","level":"info","event":" Previous state of the Task instance: TaskInstanceState.RUNNING","chan":"stdout","logger":"task"}
{"timestamp":"2025-07-29T19:53:38.737054Z","level":"info","event":"Task operator:<Task(PythonOperator): python>","chan":"stdout","logger":"task"}
