{"timestamp":"2025-07-29T20:03:56.335821","level":"info","event":"DAG bundles loaded: dags-folder, example_dags","logger":"airflow.dag_processing.bundles.manager.DagBundlesManager"}
{"timestamp":"2025-07-29T20:03:56.336427","level":"info","event":"Filling up the DagBag from /opt/airflow/dags/3_dag_principal.py","logger":"airflow.models.dagbag.DagBag"}
{"timestamp":"2025-07-29T20:03:56.363981Z","level":"info","event":"Task instance is in running state","chan":"stdout","logger":"task"}
{"timestamp":"2025-07-29T20:03:56.364145Z","level":"info","event":" Previous state of the Task instance: TaskInstanceState.QUEUED","chan":"stdout","logger":"task"}
{"timestamp":"2025-07-29T20:03:56.365271Z","level":"info","event":"Current task name:python_principal","chan":"stdout","logger":"task"}
{"timestamp":"2025-07-29T20:03:56.365362Z","level":"info","event":"Dag name:3_DAG_principal","chan":"stdout","logger":"task"}
{"timestamp":"2025-07-29T20:03:56.366319Z","level":"info","event":"DAG principal","chan":"stdout","logger":"task"}
{"timestamp":"2025-07-29T20:03:56.366879Z","level":"info","event":"{'conn': <ConnectionAccessor (dynamic access)>,","chan":"stdout","logger":"task"}
{"timestamp":"2025-07-29T20:03:56.366984Z","level":"info","event":" 'dag': <DAG: 3_DAG_principal>,","chan":"stdout","logger":"task"}
{"timestamp":"2025-07-29T20:03:56.367064Z","level":"info","event":" 'dag_run': DagRun(dag_id='3_DAG_principal', run_id='scheduled__2024-04-11T20:00:00+00:00', logical_date=datetime.datetime(2024, 4, 11, 20, 0, tzinfo=datetime.timezone.utc), data_interval_start=datetime.datetime(2024, 4, 11, 20, 0, tzinfo=datetime.timezone.utc), data_interval_end=datetime.datetime(2024, 4, 11, 20, 0, tzinfo=datetime.timezone.utc), run_after=datetime.datetime(2024, 4, 11, 20, 0, tzinfo=datetime.timezone.utc), start_date=datetime.datetime(2025, 7, 29, 20, 3, 55, 294770, tzinfo=datetime.timezone.utc), end_date=None, clear_number=0, run_type=<DagRunType.SCHEDULED: 'scheduled'>, conf={}, consumed_asset_events=[]),","chan":"stdout","logger":"task"}
{"timestamp":"2025-07-29T20:03:56.367124Z","level":"info","event":" 'data_interval_end': DateTime(2024, 4, 11, 20, 0, 0, tzinfo=Timezone('UTC')),","chan":"stdout","logger":"task"}
{"timestamp":"2025-07-29T20:03:56.367168Z","level":"info","event":" 'data_interval_start': DateTime(2024, 4, 11, 20, 0, 0, tzinfo=Timezone('UTC')),","chan":"stdout","logger":"task"}
{"timestamp":"2025-07-29T20:03:56.367209Z","level":"info","event":" 'ds': '2024-04-11',","chan":"stdout","logger":"task"}
{"timestamp":"2025-07-29T20:03:56.367250Z","level":"info","event":" 'ds_nodash': '20240411',","chan":"stdout","logger":"task"}
{"timestamp":"2025-07-29T20:03:56.367290Z","level":"info","event":" 'inlet_events': InletEventsAccessors(_inlets=[], _assets={}, _asset_aliases={}),","chan":"stdout","logger":"task"}
{"timestamp":"2025-07-29T20:03:56.367331Z","level":"info","event":" 'inlets': [],","chan":"stdout","logger":"task"}
{"timestamp":"2025-07-29T20:03:56.367371Z","level":"info","event":" 'logical_date': DateTime(2024, 4, 11, 20, 0, 0, tzinfo=Timezone('UTC')),","chan":"stdout","logger":"task"}
{"timestamp":"2025-07-29T20:03:56.367412Z","level":"info","event":" 'macros': <MacrosAccessor (dynamic access to macros)>,","chan":"stdout","logger":"task"}
{"timestamp":"2025-07-29T20:03:56.367452Z","level":"info","event":" 'map_index_template': None,","chan":"stdout","logger":"task"}
{"timestamp":"2025-07-29T20:03:56.367517Z","level":"info","event":" 'outlet_events': <airflow.sdk.execution_time.context.OutletEventAccessors object at 0x7fb67b57fa70>,","chan":"stdout","logger":"task"}
{"timestamp":"2025-07-29T20:03:56.367564Z","level":"info","event":" 'outlets': [],","chan":"stdout","logger":"task"}
{"timestamp":"2025-07-29T20:03:56.367605Z","level":"info","event":" 'params': {},","chan":"stdout","logger":"task"}
{"timestamp":"2025-07-29T20:03:56.375507Z","level":"info","event":" 'prev_data_interval_end_success': <Proxy at 0x7fb66fc41040 with factory <function RuntimeTaskInstance.get_template_context.<locals>.<lambda> at 0x7fb66fc5d440>>,","chan":"stdout","logger":"task"}
{"timestamp":"2025-07-29T20:03:56.375682Z","level":"info","event":" 'prev_data_interval_start_success': <Proxy at 0x7fb66fc41250 with factory <function RuntimeTaskInstance.get_template_context.<locals>.<lambda> at 0x7fb66fc5c220>>,","chan":"stdout","logger":"task"}
{"timestamp":"2025-07-29T20:03:56.375748Z","level":"info","event":" 'prev_end_date_success': <Proxy at 0x7fb66fc41340 with factory <function RuntimeTaskInstance.get_template_context.<locals>.<lambda> at 0x7fb66fc5d4e0>>,","chan":"stdout","logger":"task"}
{"timestamp":"2025-07-29T20:03:56.375797Z","level":"info","event":" 'prev_start_date_success': <Proxy at 0x7fb66fc41460 with factory <function RuntimeTaskInstance.get_template_context.<locals>.<lambda> at 0x7fb66fc57c40>>,","chan":"stdout","logger":"task"}
{"timestamp":"2025-07-29T20:03:56.375842Z","level":"info","event":" 'run_id': 'scheduled__2024-04-11T20:00:00+00:00',","chan":"stdout","logger":"task"}
{"timestamp":"2025-07-29T20:03:56.375886Z","level":"info","event":" 'task': <Task(PythonOperator): python_principal>,","chan":"stdout","logger":"task"}
{"timestamp":"2025-07-29T20:03:56.375930Z","level":"info","event":" 'task_instance': RuntimeTaskInstance(id=UUID('019857c8-d0fa-7fd3-a9af-516d06590915'), task_id='python_principal', dag_id='3_DAG_principal', run_id='scheduled__2024-04-11T20:00:00+00:00', try_number=1, map_index=-1, hostname='bf6f1e7a6f11', context_carrier={}, task=<Task(PythonOperator): python_principal>, bundle_instance=LocalDagBundle(name=dags-folder), max_tries=0, start_date=datetime.datetime(2025, 7, 29, 20, 3, 55, 818266, tzinfo=datetime.timezone.utc), end_date=None, state=<TaskInstanceState.RUNNING: 'running'>, is_mapped=False, rendered_map_index=None, log_url='http://localhost:8080/dags/3_DAG_principal/runs/scheduled__2024-04-11T20%3A00%3A00%2B00%3A00/tasks/python_principal?try_number=1'),","chan":"stdout","logger":"task"}
{"timestamp":"2025-07-29T20:03:56.375974Z","level":"info","event":" 'task_instance_key_str': '3_DAG_principal__python_principal__20240411',","chan":"stdout","logger":"task"}
{"timestamp":"2025-07-29T20:03:56.376015Z","level":"info","event":" 'task_reschedule_count': 0,","chan":"stdout","logger":"task"}
{"timestamp":"2025-07-29T20:03:56.376055Z","level":"info","event":" 'templates_dict': None,","chan":"stdout","logger":"task"}
{"timestamp":"2025-07-29T20:03:56.376096Z","level":"info","event":" 'ti': RuntimeTaskInstance(id=UUID('019857c8-d0fa-7fd3-a9af-516d06590915'), task_id='python_principal', dag_id='3_DAG_principal', run_id='scheduled__2024-04-11T20:00:00+00:00', try_number=1, map_index=-1, hostname='bf6f1e7a6f11', context_carrier={}, task=<Task(PythonOperator): python_principal>, bundle_instance=LocalDagBundle(name=dags-folder), max_tries=0, start_date=datetime.datetime(2025, 7, 29, 20, 3, 55, 818266, tzinfo=datetime.timezone.utc), end_date=None, state=<TaskInstanceState.RUNNING: 'running'>, is_mapped=False, rendered_map_index=None, log_url='http://localhost:8080/dags/3_DAG_principal/runs/scheduled__2024-04-11T20%3A00%3A00%2B00%3A00/tasks/python_principal?try_number=1'),","chan":"stdout","logger":"task"}
{"timestamp":"2025-07-29T20:03:56.376164Z","level":"info","event":" 'triggering_asset_events': TriggeringAssetEventsAccessor(_events=defaultdict(<class 'list'>, {})),","chan":"stdout","logger":"task"}
{"timestamp":"2025-07-29T20:03:56.376212Z","level":"info","event":" 'ts': '2024-04-11T20:00:00+00:00',","chan":"stdout","logger":"task"}
{"timestamp":"2025-07-29T20:03:56.376254Z","level":"info","event":" 'ts_nodash': '20240411T200000',","chan":"stdout","logger":"task"}
{"timestamp":"2025-07-29T20:03:56.376294Z","level":"info","event":" 'ts_nodash_with_tz': '20240411T200000+0000',","chan":"stdout","logger":"task"}
{"timestamp":"2025-07-29T20:03:56.376334Z","level":"info","event":" 'var': {'json': <VariableAccessor (dynamic access)>,","chan":"stdout","logger":"task"}
{"timestamp":"2025-07-29T20:03:56.376375Z","level":"info","event":"         'value': <VariableAccessor (dynamic access)>}}","chan":"stdout","logger":"task"}
{"timestamp":"2025-07-29T20:03:56.375841","level":"info","event":"Done. Returned value was: principal","logger":"airflow.task.operators.airflow.providers.standard.operators.python.PythonOperator"}
{"timestamp":"2025-07-29T20:03:56.376017","level":"info","event":"Pushing xcom","ti":"RuntimeTaskInstance(id=UUID('019857c8-d0fa-7fd3-a9af-516d06590915'), task_id='python_principal', dag_id='3_DAG_principal', run_id='scheduled__2024-04-11T20:00:00+00:00', try_number=1, map_index=-1, hostname='bf6f1e7a6f11', context_carrier={}, task=<Task(PythonOperator): python_principal>, bundle_instance=LocalDagBundle(name=dags-folder), max_tries=0, start_date=datetime.datetime(2025, 7, 29, 20, 3, 55, 818266, tzinfo=datetime.timezone.utc), end_date=None, state=<TaskInstanceState.RUNNING: 'running'>, is_mapped=False, rendered_map_index=None, log_url='http://localhost:8080/dags/3_DAG_principal/runs/scheduled__2024-04-11T20%3A00%3A00%2B00%3A00/tasks/python_principal?try_number=1')","logger":"task"}
{"timestamp":"2025-07-29T20:03:56.396616Z","level":"info","event":"Task instance in success state","chan":"stdout","logger":"task"}
{"timestamp":"2025-07-29T20:03:56.396748Z","level":"info","event":" Previous state of the Task instance: TaskInstanceState.RUNNING","chan":"stdout","logger":"task"}
{"timestamp":"2025-07-29T20:03:56.396838Z","level":"info","event":"Task operator:<Task(PythonOperator): python_principal>","chan":"stdout","logger":"task"}
