{"timestamp":"2025-07-29T20:03:27.881465","level":"info","event":"DAG bundles loaded: dags-folder, example_dags","logger":"airflow.dag_processing.bundles.manager.DagBundlesManager"}
{"timestamp":"2025-07-29T20:03:27.881930","level":"info","event":"Filling up the DagBag from /opt/airflow/dags/2_python_operator_v1.py","logger":"airflow.models.dagbag.DagBag"}
{"timestamp":"2025-07-29T20:03:27.903205Z","level":"info","event":"Task instance is in running state","chan":"stdout","logger":"task"}
{"timestamp":"2025-07-29T20:03:27.903335Z","level":"info","event":" Previous state of the Task instance: TaskInstanceState.QUEUED","chan":"stdout","logger":"task"}
{"timestamp":"2025-07-29T20:03:27.903745Z","level":"info","event":"Current task name:python","chan":"stdout","logger":"task"}
{"timestamp":"2025-07-29T20:03:27.903852Z","level":"info","event":"Dag name:python_operator_v1","chan":"stdout","logger":"task"}
{"timestamp":"2025-07-29T20:03:27.904787Z","level":"info","event":"poliana","chan":"stdout","logger":"task"}
{"timestamp":"2025-07-29T20:03:27.905349Z","level":"info","event":"{'conn': <ConnectionAccessor (dynamic access)>,","chan":"stdout","logger":"task"}
{"timestamp":"2025-07-29T20:03:27.905442Z","level":"info","event":" 'dag': <DAG: python_operator_v1>,","chan":"stdout","logger":"task"}
{"timestamp":"2025-07-29T20:03:27.905536Z","level":"info","event":" 'dag_run': DagRun(dag_id='python_operator_v1', run_id='scheduled__2023-06-24T17:33:00+00:00', logical_date=datetime.datetime(2023, 6, 24, 17, 33, tzinfo=datetime.timezone.utc), data_interval_start=datetime.datetime(2023, 6, 24, 17, 33, tzinfo=datetime.timezone.utc), data_interval_end=datetime.datetime(2023, 6, 24, 17, 33, tzinfo=datetime.timezone.utc), run_after=datetime.datetime(2023, 6, 24, 17, 33, tzinfo=datetime.timezone.utc), start_date=datetime.datetime(2025, 7, 29, 20, 3, 26, 929921, tzinfo=datetime.timezone.utc), end_date=None, clear_number=0, run_type=<DagRunType.SCHEDULED: 'scheduled'>, conf={}, consumed_asset_events=[]),","chan":"stdout","logger":"task"}
{"timestamp":"2025-07-29T20:03:27.905602Z","level":"info","event":" 'data_interval_end': DateTime(2023, 6, 24, 17, 33, 0, tzinfo=Timezone('UTC')),","chan":"stdout","logger":"task"}
{"timestamp":"2025-07-29T20:03:27.905655Z","level":"info","event":" 'data_interval_start': DateTime(2023, 6, 24, 17, 33, 0, tzinfo=Timezone('UTC')),","chan":"stdout","logger":"task"}
{"timestamp":"2025-07-29T20:03:27.905697Z","level":"info","event":" 'ds': '2023-06-24',","chan":"stdout","logger":"task"}
{"timestamp":"2025-07-29T20:03:27.905738Z","level":"info","event":" 'ds_nodash': '20230624',","chan":"stdout","logger":"task"}
{"timestamp":"2025-07-29T20:03:27.905778Z","level":"info","event":" 'inlet_events': InletEventsAccessors(_inlets=[], _assets={}, _asset_aliases={}),","chan":"stdout","logger":"task"}
{"timestamp":"2025-07-29T20:03:27.905818Z","level":"info","event":" 'inlets': [],","chan":"stdout","logger":"task"}
{"timestamp":"2025-07-29T20:03:27.905858Z","level":"info","event":" 'logical_date': DateTime(2023, 6, 24, 17, 33, 0, tzinfo=Timezone('UTC')),","chan":"stdout","logger":"task"}
{"timestamp":"2025-07-29T20:03:27.905898Z","level":"info","event":" 'macros': <MacrosAccessor (dynamic access to macros)>,","chan":"stdout","logger":"task"}
{"timestamp":"2025-07-29T20:03:27.905938Z","level":"info","event":" 'map_index_template': None,","chan":"stdout","logger":"task"}
{"timestamp":"2025-07-29T20:03:27.905978Z","level":"info","event":" 'outlet_events': <airflow.sdk.execution_time.context.OutletEventAccessors object at 0x7fb66ffd4860>,","chan":"stdout","logger":"task"}
{"timestamp":"2025-07-29T20:03:27.906018Z","level":"info","event":" 'outlets': [],","chan":"stdout","logger":"task"}
{"timestamp":"2025-07-29T20:03:27.906058Z","level":"info","event":" 'params': {},","chan":"stdout","logger":"task"}
{"timestamp":"2025-07-29T20:03:27.914315Z","level":"info","event":" 'prev_data_interval_end_success': <Proxy at 0x7fb66fc1e7e0 with factory <function RuntimeTaskInstance.get_template_context.<locals>.<lambda> at 0x7fb66fc44cc0>>,","chan":"stdout","logger":"task"}
{"timestamp":"2025-07-29T20:03:27.914468Z","level":"info","event":" 'prev_data_interval_start_success': <Proxy at 0x7fb66fc1e930 with factory <function RuntimeTaskInstance.get_template_context.<locals>.<lambda> at 0x7fb66fc463e0>>,","chan":"stdout","logger":"task"}
{"timestamp":"2025-07-29T20:03:27.914575Z","level":"info","event":" 'prev_end_date_success': <Proxy at 0x7fb67ebbfe30 with factory <function RuntimeTaskInstance.get_template_context.<locals>.<lambda> at 0x7fb66fc46480>>,","chan":"stdout","logger":"task"}
{"timestamp":"2025-07-29T20:03:27.914635Z","level":"info","event":" 'prev_start_date_success': <Proxy at 0x7fb677f27830 with factory <function RuntimeTaskInstance.get_template_context.<locals>.<lambda> at 0x7fb66fc451c0>>,","chan":"stdout","logger":"task"}
{"timestamp":"2025-07-29T20:03:27.914681Z","level":"info","event":" 'run_id': 'scheduled__2023-06-24T17:33:00+00:00',","chan":"stdout","logger":"task"}
{"timestamp":"2025-07-29T20:03:27.914726Z","level":"info","event":" 'task': <Task(PythonOperator): python>,","chan":"stdout","logger":"task"}
{"timestamp":"2025-07-29T20:03:27.914772Z","level":"info","event":" 'task_instance': RuntimeTaskInstance(id=UUID('019857c8-6248-7b12-9f58-924008ce89c3'), task_id='python', dag_id='python_operator_v1', run_id='scheduled__2023-06-24T17:33:00+00:00', try_number=1, map_index=-1, hostname='bf6f1e7a6f11', context_carrier={}, task=<Task(PythonOperator): python>, bundle_instance=LocalDagBundle(name=dags-folder), max_tries=0, start_date=datetime.datetime(2025, 7, 29, 20, 3, 27, 414695, tzinfo=datetime.timezone.utc), end_date=None, state=<TaskInstanceState.RUNNING: 'running'>, is_mapped=False, rendered_map_index=None, log_url='http://localhost:8080/dags/python_operator_v1/runs/scheduled__2023-06-24T17%3A33%3A00%2B00%3A00/tasks/python?try_number=1'),","chan":"stdout","logger":"task"}
{"timestamp":"2025-07-29T20:03:27.914839Z","level":"info","event":" 'task_instance_key_str': 'python_operator_v1__python__20230624',","chan":"stdout","logger":"task"}
{"timestamp":"2025-07-29T20:03:27.914887Z","level":"info","event":" 'task_reschedule_count': 0,","chan":"stdout","logger":"task"}
{"timestamp":"2025-07-29T20:03:27.914930Z","level":"info","event":" 'templates_dict': None,","chan":"stdout","logger":"task"}
{"timestamp":"2025-07-29T20:03:27.914974Z","level":"info","event":" 'ti': RuntimeTaskInstance(id=UUID('019857c8-6248-7b12-9f58-924008ce89c3'), task_id='python', dag_id='python_operator_v1', run_id='scheduled__2023-06-24T17:33:00+00:00', try_number=1, map_index=-1, hostname='bf6f1e7a6f11', context_carrier={}, task=<Task(PythonOperator): python>, bundle_instance=LocalDagBundle(name=dags-folder), max_tries=0, start_date=datetime.datetime(2025, 7, 29, 20, 3, 27, 414695, tzinfo=datetime.timezone.utc), end_date=None, state=<TaskInstanceState.RUNNING: 'running'>, is_mapped=False, rendered_map_index=None, log_url='http://localhost:8080/dags/python_operator_v1/runs/scheduled__2023-06-24T17%3A33%3A00%2B00%3A00/tasks/python?try_number=1'),","chan":"stdout","logger":"task"}
{"timestamp":"2025-07-29T20:03:27.915018Z","level":"info","event":" 'triggering_asset_events': TriggeringAssetEventsAccessor(_events=defaultdict(<class 'list'>, {})),","chan":"stdout","logger":"task"}
{"timestamp":"2025-07-29T20:03:27.915060Z","level":"info","event":" 'ts': '2023-06-24T17:33:00+00:00',","chan":"stdout","logger":"task"}
{"timestamp":"2025-07-29T20:03:27.915102Z","level":"info","event":" 'ts_nodash': '20230624T173300',","chan":"stdout","logger":"task"}
{"timestamp":"2025-07-29T20:03:27.915142Z","level":"info","event":" 'ts_nodash_with_tz': '20230624T173300+0000',","chan":"stdout","logger":"task"}
{"timestamp":"2025-07-29T20:03:27.915183Z","level":"info","event":" 'var': {'json': <VariableAccessor (dynamic access)>,","chan":"stdout","logger":"task"}
{"timestamp":"2025-07-29T20:03:27.915224Z","level":"info","event":"         'value': <VariableAccessor (dynamic access)>}}","chan":"stdout","logger":"task"}
{"timestamp":"2025-07-29T20:03:27.915109","level":"info","event":"Done. Returned value was: 123","logger":"airflow.task.operators.airflow.providers.standard.operators.python.PythonOperator"}
{"timestamp":"2025-07-29T20:03:27.915324","level":"info","event":"Pushing xcom","ti":"RuntimeTaskInstance(id=UUID('019857c8-6248-7b12-9f58-924008ce89c3'), task_id='python', dag_id='python_operator_v1', run_id='scheduled__2023-06-24T17:33:00+00:00', try_number=1, map_index=-1, hostname='bf6f1e7a6f11', context_carrier={}, task=<Task(PythonOperator): python>, bundle_instance=LocalDagBundle(name=dags-folder), max_tries=0, start_date=datetime.datetime(2025, 7, 29, 20, 3, 27, 414695, tzinfo=datetime.timezone.utc), end_date=None, state=<TaskInstanceState.RUNNING: 'running'>, is_mapped=False, rendered_map_index=None, log_url='http://localhost:8080/dags/python_operator_v1/runs/scheduled__2023-06-24T17%3A33%3A00%2B00%3A00/tasks/python?try_number=1')","logger":"task"}
{"timestamp":"2025-07-29T20:03:27.936571Z","level":"info","event":"Task instance in success state","chan":"stdout","logger":"task"}
{"timestamp":"2025-07-29T20:03:27.936702Z","level":"info","event":" Previous state of the Task instance: TaskInstanceState.RUNNING","chan":"stdout","logger":"task"}
{"timestamp":"2025-07-29T20:03:27.936793Z","level":"info","event":"Task operator:<Task(PythonOperator): python>","chan":"stdout","logger":"task"}
