{"timestamp":"2025-07-29T20:09:37.695995","level":"info","event":"DAG bundles loaded: dags-folder, example_dags","logger":"airflow.dag_processing.bundles.manager.DagBundlesManager"}
{"timestamp":"2025-07-29T20:09:37.697356","level":"info","event":"Filling up the DagBag from /opt/airflow/dags/3_dag_principal.py","logger":"airflow.models.dagbag.DagBag"}
{"timestamp":"2025-07-29T20:09:37.764466Z","level":"info","event":"Task instance is in running state","chan":"stdout","logger":"task"}
{"timestamp":"2025-07-29T20:09:37.764725Z","level":"info","event":" Previous state of the Task instance: TaskInstanceState.QUEUED","chan":"stdout","logger":"task"}
{"timestamp":"2025-07-29T20:09:37.766083Z","level":"info","event":"Current task name:python_principal","chan":"stdout","logger":"task"}
{"timestamp":"2025-07-29T20:09:37.766301Z","level":"info","event":"Dag name:3_DAG_principal","chan":"stdout","logger":"task"}
{"timestamp":"2025-07-29T20:09:37.767712Z","level":"info","event":"DAG principal","chan":"stdout","logger":"task"}
{"timestamp":"2025-07-29T20:09:37.768616Z","level":"info","event":"{'conn': <ConnectionAccessor (dynamic access)>,","chan":"stdout","logger":"task"}
{"timestamp":"2025-07-29T20:09:37.768778Z","level":"info","event":" 'dag': <DAG: 3_DAG_principal>,","chan":"stdout","logger":"task"}
{"timestamp":"2025-07-29T20:09:37.768939Z","level":"info","event":" 'dag_run': DagRun(dag_id='3_DAG_principal', run_id='scheduled__2025-02-01T20:00:00+00:00', logical_date=datetime.datetime(2025, 2, 1, 20, 0, tzinfo=datetime.timezone.utc), data_interval_start=datetime.datetime(2025, 2, 1, 20, 0, tzinfo=datetime.timezone.utc), data_interval_end=datetime.datetime(2025, 2, 1, 20, 0, tzinfo=datetime.timezone.utc), run_after=datetime.datetime(2025, 2, 1, 20, 0, tzinfo=datetime.timezone.utc), start_date=datetime.datetime(2025, 7, 29, 20, 9, 36, 777609, tzinfo=datetime.timezone.utc), end_date=None, clear_number=0, run_type=<DagRunType.SCHEDULED: 'scheduled'>, conf={}, consumed_asset_events=[]),","chan":"stdout","logger":"task"}
{"timestamp":"2025-07-29T20:09:37.769039Z","level":"info","event":" 'data_interval_end': DateTime(2025, 2, 1, 20, 0, 0, tzinfo=Timezone('UTC')),","chan":"stdout","logger":"task"}
{"timestamp":"2025-07-29T20:09:37.769108Z","level":"info","event":" 'data_interval_start': DateTime(2025, 2, 1, 20, 0, 0, tzinfo=Timezone('UTC')),","chan":"stdout","logger":"task"}
{"timestamp":"2025-07-29T20:09:37.769170Z","level":"info","event":" 'ds': '2025-02-01',","chan":"stdout","logger":"task"}
{"timestamp":"2025-07-29T20:09:37.769234Z","level":"info","event":" 'ds_nodash': '20250201',","chan":"stdout","logger":"task"}
{"timestamp":"2025-07-29T20:09:37.769297Z","level":"info","event":" 'inlet_events': InletEventsAccessors(_inlets=[], _assets={}, _asset_aliases={}),","chan":"stdout","logger":"task"}
{"timestamp":"2025-07-29T20:09:37.769361Z","level":"info","event":" 'inlets': [],","chan":"stdout","logger":"task"}
{"timestamp":"2025-07-29T20:09:37.769436Z","level":"info","event":" 'logical_date': DateTime(2025, 2, 1, 20, 0, 0, tzinfo=Timezone('UTC')),","chan":"stdout","logger":"task"}
{"timestamp":"2025-07-29T20:09:37.769510Z","level":"info","event":" 'macros': <MacrosAccessor (dynamic access to macros)>,","chan":"stdout","logger":"task"}
{"timestamp":"2025-07-29T20:09:37.769581Z","level":"info","event":" 'map_index_template': None,","chan":"stdout","logger":"task"}
{"timestamp":"2025-07-29T20:09:37.769649Z","level":"info","event":" 'outlet_events': <airflow.sdk.execution_time.context.OutletEventAccessors object at 0x7fb67b9bfa70>,","chan":"stdout","logger":"task"}
{"timestamp":"2025-07-29T20:09:37.769717Z","level":"info","event":" 'outlets': [],","chan":"stdout","logger":"task"}
{"timestamp":"2025-07-29T20:09:37.769784Z","level":"info","event":" 'params': {},","chan":"stdout","logger":"task"}
{"timestamp":"2025-07-29T20:09:37.797340Z","level":"info","event":" 'prev_data_interval_end_success': <Proxy at 0x7fb66fc6c3e0 with factory <function RuntimeTaskInstance.get_template_context.<locals>.<lambda> at 0x7fb66fc5efc0>>,","chan":"stdout","logger":"task"}
{"timestamp":"2025-07-29T20:09:37.797614Z","level":"info","event":" 'prev_data_interval_start_success': <Proxy at 0x7fb66fc6c2f0 with factory <function RuntimeTaskInstance.get_template_context.<locals>.<lambda> at 0x7fb66fc5d800>>,","chan":"stdout","logger":"task"}
{"timestamp":"2025-07-29T20:09:37.797732Z","level":"info","event":" 'prev_end_date_success': <Proxy at 0x7fb67ea17e30 with factory <function RuntimeTaskInstance.get_template_context.<locals>.<lambda> at 0x7fb66fc5f060>>,","chan":"stdout","logger":"task"}
{"timestamp":"2025-07-29T20:09:37.797819Z","level":"info","event":" 'prev_start_date_success': <Proxy at 0x7fb66fc3bd40 with factory <function RuntimeTaskInstance.get_template_context.<locals>.<lambda> at 0x7fb66fc5dda0>>,","chan":"stdout","logger":"task"}
{"timestamp":"2025-07-29T20:09:37.797899Z","level":"info","event":" 'run_id': 'scheduled__2025-02-01T20:00:00+00:00',","chan":"stdout","logger":"task"}
{"timestamp":"2025-07-29T20:09:37.797975Z","level":"info","event":" 'task': <Task(PythonOperator): python_principal>,","chan":"stdout","logger":"task"}
{"timestamp":"2025-07-29T20:09:37.798060Z","level":"info","event":" 'task_instance': RuntimeTaskInstance(id=UUID('019857ce-0700-7491-8449-874323155ddb'), task_id='python_principal', dag_id='3_DAG_principal', run_id='scheduled__2025-02-01T20:00:00+00:00', try_number=1, map_index=-1, hostname='bf6f1e7a6f11', context_carrier={}, task=<Task(PythonOperator): python_principal>, bundle_instance=LocalDagBundle(name=dags-folder), max_tries=0, start_date=datetime.datetime(2025, 7, 29, 20, 9, 37, 52824, tzinfo=datetime.timezone.utc), end_date=None, state=<TaskInstanceState.RUNNING: 'running'>, is_mapped=False, rendered_map_index=None, log_url='http://localhost:8080/dags/3_DAG_principal/runs/scheduled__2025-02-01T20%3A00%3A00%2B00%3A00/tasks/python_principal?try_number=1'),","chan":"stdout","logger":"task"}
{"timestamp":"2025-07-29T20:09:37.798134Z","level":"info","event":" 'task_instance_key_str': '3_DAG_principal__python_principal__20250201',","chan":"stdout","logger":"task"}
{"timestamp":"2025-07-29T20:09:37.798202Z","level":"info","event":" 'task_reschedule_count': 0,","chan":"stdout","logger":"task"}
{"timestamp":"2025-07-29T20:09:37.798270Z","level":"info","event":" 'templates_dict': None,","chan":"stdout","logger":"task"}
{"timestamp":"2025-07-29T20:09:37.798452Z","level":"info","event":" 'ti': RuntimeTaskInstance(id=UUID('019857ce-0700-7491-8449-874323155ddb'), task_id='python_principal', dag_id='3_DAG_principal', run_id='scheduled__2025-02-01T20:00:00+00:00', try_number=1, map_index=-1, hostname='bf6f1e7a6f11', context_carrier={}, task=<Task(PythonOperator): python_principal>, bundle_instance=LocalDagBundle(name=dags-folder), max_tries=0, start_date=datetime.datetime(2025, 7, 29, 20, 9, 37, 52824, tzinfo=datetime.timezone.utc), end_date=None, state=<TaskInstanceState.RUNNING: 'running'>, is_mapped=False, rendered_map_index=None, log_url='http://localhost:8080/dags/3_DAG_principal/runs/scheduled__2025-02-01T20%3A00%3A00%2B00%3A00/tasks/python_principal?try_number=1'),","chan":"stdout","logger":"task"}
{"timestamp":"2025-07-29T20:09:37.798539Z","level":"info","event":" 'triggering_asset_events': TriggeringAssetEventsAccessor(_events=defaultdict(<class 'list'>, {})),","chan":"stdout","logger":"task"}
{"timestamp":"2025-07-29T20:09:37.798611Z","level":"info","event":" 'ts': '2025-02-01T20:00:00+00:00',","chan":"stdout","logger":"task"}
{"timestamp":"2025-07-29T20:09:37.798681Z","level":"info","event":" 'ts_nodash': '20250201T200000',","chan":"stdout","logger":"task"}
{"timestamp":"2025-07-29T20:09:37.798751Z","level":"info","event":" 'ts_nodash_with_tz': '20250201T200000+0000',","chan":"stdout","logger":"task"}
{"timestamp":"2025-07-29T20:09:37.798818Z","level":"info","event":" 'var': {'json': <VariableAccessor (dynamic access)>,","chan":"stdout","logger":"task"}
{"timestamp":"2025-07-29T20:09:37.798909Z","level":"info","event":"         'value': <VariableAccessor (dynamic access)>}}","chan":"stdout","logger":"task"}
{"timestamp":"2025-07-29T20:09:37.797886","level":"info","event":"Done. Returned value was: principal","logger":"airflow.task.operators.airflow.providers.standard.operators.python.PythonOperator"}
{"timestamp":"2025-07-29T20:09:37.798183","level":"info","event":"Pushing xcom","ti":"RuntimeTaskInstance(id=UUID('019857ce-0700-7491-8449-874323155ddb'), task_id='python_principal', dag_id='3_DAG_principal', run_id='scheduled__2025-02-01T20:00:00+00:00', try_number=1, map_index=-1, hostname='bf6f1e7a6f11', context_carrier={}, task=<Task(PythonOperator): python_principal>, bundle_instance=LocalDagBundle(name=dags-folder), max_tries=0, start_date=datetime.datetime(2025, 7, 29, 20, 9, 37, 52824, tzinfo=datetime.timezone.utc), end_date=None, state=<TaskInstanceState.RUNNING: 'running'>, is_mapped=False, rendered_map_index=None, log_url='http://localhost:8080/dags/3_DAG_principal/runs/scheduled__2025-02-01T20%3A00%3A00%2B00%3A00/tasks/python_principal?try_number=1')","logger":"task"}
{"timestamp":"2025-07-29T20:09:37.856393Z","level":"info","event":"Task instance in success state","chan":"stdout","logger":"task"}
{"timestamp":"2025-07-29T20:09:37.856644Z","level":"info","event":" Previous state of the Task instance: TaskInstanceState.RUNNING","chan":"stdout","logger":"task"}
{"timestamp":"2025-07-29T20:09:37.856833Z","level":"info","event":"Task operator:<Task(PythonOperator): python_principal>","chan":"stdout","logger":"task"}
