{"timestamp":"2025-07-29T19:28:53.774788","level":"info","event":"DAG bundles loaded: dags-folder, example_dags","logger":"airflow.dag_processing.bundles.manager.DagBundlesManager"}
{"timestamp":"2025-07-29T19:28:53.775541","level":"info","event":"Filling up the DagBag from /opt/airflow/dags/python_operator_v1.py","logger":"airflow.models.dagbag.DagBag"}
{"timestamp":"2025-07-29T19:28:53.841764Z","level":"info","event":"Task instance is in running state","chan":"stdout","logger":"task"}
{"timestamp":"2025-07-29T19:28:53.842039Z","level":"info","event":" Previous state of the Task instance: TaskInstanceState.QUEUED","chan":"stdout","logger":"task"}
{"timestamp":"2025-07-29T19:28:53.842984Z","level":"info","event":"Current task name:python","chan":"stdout","logger":"task"}
{"timestamp":"2025-07-29T19:28:53.843191Z","level":"info","event":"Dag name:python_operator_v1","chan":"stdout","logger":"task"}
{"timestamp":"2025-07-29T19:28:53.844936Z","level":"info","event":"poliana","chan":"stdout","logger":"task"}
{"timestamp":"2025-07-29T19:28:53.846327Z","level":"info","event":"{'conn': <ConnectionAccessor (dynamic access)>,","chan":"stdout","logger":"task"}
{"timestamp":"2025-07-29T19:28:53.846603Z","level":"info","event":" 'dag': <DAG: python_operator_v1>,","chan":"stdout","logger":"task"}
{"timestamp":"2025-07-29T19:28:53.847023Z","level":"info","event":" 'dag_run': DagRun(dag_id='python_operator_v1', run_id='scheduled__2023-06-23T05:08:00+00:00', logical_date=datetime.datetime(2023, 6, 23, 5, 8, tzinfo=datetime.timezone.utc), data_interval_start=datetime.datetime(2023, 6, 23, 5, 8, tzinfo=datetime.timezone.utc), data_interval_end=datetime.datetime(2023, 6, 23, 5, 8, tzinfo=datetime.timezone.utc), run_after=datetime.datetime(2023, 6, 23, 5, 8, tzinfo=datetime.timezone.utc), start_date=datetime.datetime(2025, 7, 29, 19, 28, 52, 437623, tzinfo=datetime.timezone.utc), end_date=None, clear_number=0, run_type=<DagRunType.SCHEDULED: 'scheduled'>, conf={}, consumed_asset_events=[]),","chan":"stdout","logger":"task"}
{"timestamp":"2025-07-29T19:28:53.847394Z","level":"info","event":" 'data_interval_end': DateTime(2023, 6, 23, 5, 8, 0, tzinfo=Timezone('UTC')),","chan":"stdout","logger":"task"}
{"timestamp":"2025-07-29T19:28:53.847578Z","level":"info","event":" 'data_interval_start': DateTime(2023, 6, 23, 5, 8, 0, tzinfo=Timezone('UTC')),","chan":"stdout","logger":"task"}
{"timestamp":"2025-07-29T19:28:53.847677Z","level":"info","event":" 'ds': '2023-06-23',","chan":"stdout","logger":"task"}
{"timestamp":"2025-07-29T19:28:53.847760Z","level":"info","event":" 'ds_nodash': '20230623',","chan":"stdout","logger":"task"}
{"timestamp":"2025-07-29T19:28:53.847864Z","level":"info","event":" 'inlet_events': InletEventsAccessors(_inlets=[], _assets={}, _asset_aliases={}),","chan":"stdout","logger":"task"}
{"timestamp":"2025-07-29T19:28:53.848002Z","level":"info","event":" 'inlets': [],","chan":"stdout","logger":"task"}
{"timestamp":"2025-07-29T19:28:53.848125Z","level":"info","event":" 'logical_date': DateTime(2023, 6, 23, 5, 8, 0, tzinfo=Timezone('UTC')),","chan":"stdout","logger":"task"}
{"timestamp":"2025-07-29T19:28:53.848278Z","level":"info","event":" 'macros': <MacrosAccessor (dynamic access to macros)>,","chan":"stdout","logger":"task"}
{"timestamp":"2025-07-29T19:28:53.848378Z","level":"info","event":" 'map_index_template': None,","chan":"stdout","logger":"task"}
{"timestamp":"2025-07-29T19:28:53.848483Z","level":"info","event":" 'outlet_events': <airflow.sdk.execution_time.context.OutletEventAccessors object at 0x7fb677e26360>,","chan":"stdout","logger":"task"}
{"timestamp":"2025-07-29T19:28:53.848593Z","level":"info","event":" 'outlets': [],","chan":"stdout","logger":"task"}
{"timestamp":"2025-07-29T19:28:53.848676Z","level":"info","event":" 'params': {},","chan":"stdout","logger":"task"}
{"timestamp":"2025-07-29T19:28:53.877460Z","level":"info","event":" 'prev_data_interval_end_success': <Proxy at 0x7fb66fc74b30 with factory <function RuntimeTaskInstance.get_template_context.<locals>.<lambda> at 0x7fb66fc8a480>>,","chan":"stdout","logger":"task"}
{"timestamp":"2025-07-29T19:28:53.878044Z","level":"info","event":" 'prev_data_interval_start_success': <Proxy at 0x7fb66fc76060 with factory <function RuntimeTaskInstance.get_template_context.<locals>.<lambda> at 0x7fb66fc8bba0>>,","chan":"stdout","logger":"task"}
{"timestamp":"2025-07-29T19:28:53.878189Z","level":"info","event":" 'prev_end_date_success': <Proxy at 0x7fb66fc75ee0 with factory <function RuntimeTaskInstance.get_template_context.<locals>.<lambda> at 0x7fb66fc8bc40>>,","chan":"stdout","logger":"task"}
{"timestamp":"2025-07-29T19:28:53.878272Z","level":"info","event":" 'prev_start_date_success': <Proxy at 0x7fb66fc76450 with factory <function RuntimeTaskInstance.get_template_context.<locals>.<lambda> at 0x7fb66fc8a980>>,","chan":"stdout","logger":"task"}
{"timestamp":"2025-07-29T19:28:53.878338Z","level":"info","event":" 'run_id': 'scheduled__2023-06-23T05:08:00+00:00',","chan":"stdout","logger":"task"}
{"timestamp":"2025-07-29T19:28:53.878416Z","level":"info","event":" 'task': <Task(PythonOperator): python>,","chan":"stdout","logger":"task"}
{"timestamp":"2025-07-29T19:28:53.878531Z","level":"info","event":" 'task_instance': RuntimeTaskInstance(id=UUID('019857a8-bac4-7c41-93fc-013b0b1efca8'), task_id='python', dag_id='python_operator_v1', run_id='scheduled__2023-06-23T05:08:00+00:00', try_number=1, map_index=-1, hostname='bf6f1e7a6f11', context_carrier={}, task=<Task(PythonOperator): python>, bundle_instance=LocalDagBundle(name=dags-folder), max_tries=0, start_date=datetime.datetime(2025, 7, 29, 19, 28, 52, 861299, tzinfo=datetime.timezone.utc), end_date=None, state=<TaskInstanceState.RUNNING: 'running'>, is_mapped=False, rendered_map_index=None, log_url='http://localhost:8080/dags/python_operator_v1/runs/scheduled__2023-06-23T05%3A08%3A00%2B00%3A00/tasks/python?try_number=1'),","chan":"stdout","logger":"task"}
{"timestamp":"2025-07-29T19:28:53.878609Z","level":"info","event":" 'task_instance_key_str': 'python_operator_v1__python__20230623',","chan":"stdout","logger":"task"}
{"timestamp":"2025-07-29T19:28:53.878679Z","level":"info","event":" 'task_reschedule_count': 0,","chan":"stdout","logger":"task"}
{"timestamp":"2025-07-29T19:28:53.878744Z","level":"info","event":" 'templates_dict': None,","chan":"stdout","logger":"task"}
{"timestamp":"2025-07-29T19:28:53.878809Z","level":"info","event":" 'ti': RuntimeTaskInstance(id=UUID('019857a8-bac4-7c41-93fc-013b0b1efca8'), task_id='python', dag_id='python_operator_v1', run_id='scheduled__2023-06-23T05:08:00+00:00', try_number=1, map_index=-1, hostname='bf6f1e7a6f11', context_carrier={}, task=<Task(PythonOperator): python>, bundle_instance=LocalDagBundle(name=dags-folder), max_tries=0, start_date=datetime.datetime(2025, 7, 29, 19, 28, 52, 861299, tzinfo=datetime.timezone.utc), end_date=None, state=<TaskInstanceState.RUNNING: 'running'>, is_mapped=False, rendered_map_index=None, log_url='http://localhost:8080/dags/python_operator_v1/runs/scheduled__2023-06-23T05%3A08%3A00%2B00%3A00/tasks/python?try_number=1'),","chan":"stdout","logger":"task"}
{"timestamp":"2025-07-29T19:28:53.878877Z","level":"info","event":" 'triggering_asset_events': TriggeringAssetEventsAccessor(_events=defaultdict(<class 'list'>, {})),","chan":"stdout","logger":"task"}
{"timestamp":"2025-07-29T19:28:53.879234Z","level":"info","event":" 'ts': '2023-06-23T05:08:00+00:00',","chan":"stdout","logger":"task"}
{"timestamp":"2025-07-29T19:28:53.879439Z","level":"info","event":" 'ts_nodash': '20230623T050800',","chan":"stdout","logger":"task"}
{"timestamp":"2025-07-29T19:28:53.879549Z","level":"info","event":" 'ts_nodash_with_tz': '20230623T050800+0000',","chan":"stdout","logger":"task"}
{"timestamp":"2025-07-29T19:28:53.879630Z","level":"info","event":" 'var': {'json': <VariableAccessor (dynamic access)>,","chan":"stdout","logger":"task"}
{"timestamp":"2025-07-29T19:28:53.879705Z","level":"info","event":"         'value': <VariableAccessor (dynamic access)>}}","chan":"stdout","logger":"task"}
{"timestamp":"2025-07-29T19:28:53.879068","level":"info","event":"Done. Returned value was: 123","logger":"airflow.task.operators.airflow.providers.standard.operators.python.PythonOperator"}
{"timestamp":"2025-07-29T19:28:53.879807","level":"info","event":"Pushing xcom","ti":"RuntimeTaskInstance(id=UUID('019857a8-bac4-7c41-93fc-013b0b1efca8'), task_id='python', dag_id='python_operator_v1', run_id='scheduled__2023-06-23T05:08:00+00:00', try_number=1, map_index=-1, hostname='bf6f1e7a6f11', context_carrier={}, task=<Task(PythonOperator): python>, bundle_instance=LocalDagBundle(name=dags-folder), max_tries=0, start_date=datetime.datetime(2025, 7, 29, 19, 28, 52, 861299, tzinfo=datetime.timezone.utc), end_date=None, state=<TaskInstanceState.RUNNING: 'running'>, is_mapped=False, rendered_map_index=None, log_url='http://localhost:8080/dags/python_operator_v1/runs/scheduled__2023-06-23T05%3A08%3A00%2B00%3A00/tasks/python?try_number=1')","logger":"task"}
{"timestamp":"2025-07-29T19:28:53.962124Z","level":"info","event":"Task instance in success state","chan":"stdout","logger":"task"}
{"timestamp":"2025-07-29T19:28:53.962395Z","level":"info","event":" Previous state of the Task instance: TaskInstanceState.RUNNING","chan":"stdout","logger":"task"}
{"timestamp":"2025-07-29T19:28:53.962626Z","level":"info","event":"Task operator:<Task(PythonOperator): python>","chan":"stdout","logger":"task"}
