{"timestamp":"2025-07-29T19:50:34.889690","level":"info","event":"DAG bundles loaded: dags-folder, example_dags","logger":"airflow.dag_processing.bundles.manager.DagBundlesManager"}
{"timestamp":"2025-07-29T19:50:34.890463","level":"info","event":"Filling up the DagBag from /opt/airflow/dags/2_python_operator_v1.py","logger":"airflow.models.dagbag.DagBag"}
{"timestamp":"2025-07-29T19:50:34.919980Z","level":"info","event":"Task instance is in running state","chan":"stdout","logger":"task"}
{"timestamp":"2025-07-29T19:50:34.920254Z","level":"info","event":" Previous state of the Task instance: TaskInstanceState.QUEUED","chan":"stdout","logger":"task"}
{"timestamp":"2025-07-29T19:50:34.920741Z","level":"info","event":"Current task name:python","chan":"stdout","logger":"task"}
{"timestamp":"2025-07-29T19:50:34.920849Z","level":"info","event":"Dag name:python_operator_v1","chan":"stdout","logger":"task"}
{"timestamp":"2025-07-29T19:50:34.922400Z","level":"info","event":"poliana","chan":"stdout","logger":"task"}
{"timestamp":"2025-07-29T19:50:34.923431Z","level":"info","event":"{'conn': <ConnectionAccessor (dynamic access)>,","chan":"stdout","logger":"task"}
{"timestamp":"2025-07-29T19:50:34.923618Z","level":"info","event":" 'dag': <DAG: python_operator_v1>,","chan":"stdout","logger":"task"}
{"timestamp":"2025-07-29T19:50:34.923774Z","level":"info","event":" 'dag_run': DagRun(dag_id='python_operator_v1', run_id='scheduled__2023-06-24T04:37:00+00:00', logical_date=datetime.datetime(2023, 6, 24, 4, 37, tzinfo=datetime.timezone.utc), data_interval_start=datetime.datetime(2023, 6, 24, 4, 37, tzinfo=datetime.timezone.utc), data_interval_end=datetime.datetime(2023, 6, 24, 4, 37, tzinfo=datetime.timezone.utc), run_after=datetime.datetime(2023, 6, 24, 4, 37, tzinfo=datetime.timezone.utc), start_date=datetime.datetime(2025, 7, 29, 19, 50, 34, 160905, tzinfo=datetime.timezone.utc), end_date=None, clear_number=0, run_type=<DagRunType.SCHEDULED: 'scheduled'>, conf={}, consumed_asset_events=[]),","chan":"stdout","logger":"task"}
{"timestamp":"2025-07-29T19:50:34.923857Z","level":"info","event":" 'data_interval_end': DateTime(2023, 6, 24, 4, 37, 0, tzinfo=Timezone('UTC')),","chan":"stdout","logger":"task"}
{"timestamp":"2025-07-29T19:50:34.923927Z","level":"info","event":" 'data_interval_start': DateTime(2023, 6, 24, 4, 37, 0, tzinfo=Timezone('UTC')),","chan":"stdout","logger":"task"}
{"timestamp":"2025-07-29T19:50:34.923993Z","level":"info","event":" 'ds': '2023-06-24',","chan":"stdout","logger":"task"}
{"timestamp":"2025-07-29T19:50:34.924058Z","level":"info","event":" 'ds_nodash': '20230624',","chan":"stdout","logger":"task"}
{"timestamp":"2025-07-29T19:50:34.924119Z","level":"info","event":" 'inlet_events': InletEventsAccessors(_inlets=[], _assets={}, _asset_aliases={}),","chan":"stdout","logger":"task"}
{"timestamp":"2025-07-29T19:50:34.924182Z","level":"info","event":" 'inlets': [],","chan":"stdout","logger":"task"}
{"timestamp":"2025-07-29T19:50:34.924247Z","level":"info","event":" 'logical_date': DateTime(2023, 6, 24, 4, 37, 0, tzinfo=Timezone('UTC')),","chan":"stdout","logger":"task"}
{"timestamp":"2025-07-29T19:50:34.924308Z","level":"info","event":" 'macros': <MacrosAccessor (dynamic access to macros)>,","chan":"stdout","logger":"task"}
{"timestamp":"2025-07-29T19:50:34.924370Z","level":"info","event":" 'map_index_template': None,","chan":"stdout","logger":"task"}
{"timestamp":"2025-07-29T19:50:34.924431Z","level":"info","event":" 'outlet_events': <airflow.sdk.execution_time.context.OutletEventAccessors object at 0x7fb66fd80980>,","chan":"stdout","logger":"task"}
{"timestamp":"2025-07-29T19:50:34.924492Z","level":"info","event":" 'outlets': [],","chan":"stdout","logger":"task"}
{"timestamp":"2025-07-29T19:50:34.924554Z","level":"info","event":" 'params': {},","chan":"stdout","logger":"task"}
{"timestamp":"2025-07-29T19:50:34.946260Z","level":"info","event":" 'prev_data_interval_end_success': <Proxy at 0x7fb66fde4b30 with factory <function RuntimeTaskInstance.get_template_context.<locals>.<lambda> at 0x7fb66fdf1b20>>,","chan":"stdout","logger":"task"}
{"timestamp":"2025-07-29T19:50:34.946479Z","level":"info","event":" 'prev_data_interval_start_success': <Proxy at 0x7fb66fde4d70 with factory <function RuntimeTaskInstance.get_template_context.<locals>.<lambda> at 0x7fb66fdf3240>>,","chan":"stdout","logger":"task"}
{"timestamp":"2025-07-29T19:50:34.946564Z","level":"info","event":" 'prev_end_date_success': <Proxy at 0x7fb677f4ec90 with factory <function RuntimeTaskInstance.get_template_context.<locals>.<lambda> at 0x7fb66fdf32e0>>,","chan":"stdout","logger":"task"}
{"timestamp":"2025-07-29T19:50:34.946614Z","level":"info","event":" 'prev_start_date_success': <Proxy at 0x7fb67ebceae0 with factory <function RuntimeTaskInstance.get_template_context.<locals>.<lambda> at 0x7fb66fdf2020>>,","chan":"stdout","logger":"task"}
{"timestamp":"2025-07-29T19:50:34.946658Z","level":"info","event":" 'run_id': 'scheduled__2023-06-24T04:37:00+00:00',","chan":"stdout","logger":"task"}
{"timestamp":"2025-07-29T19:50:34.946701Z","level":"info","event":" 'task': <Task(PythonOperator): python>,","chan":"stdout","logger":"task"}
{"timestamp":"2025-07-29T19:50:34.946774Z","level":"info","event":" 'task_instance': RuntimeTaskInstance(id=UUID('019857bc-97a2-7cf2-a374-a977dcec933a'), task_id='python', dag_id='python_operator_v1', run_id='scheduled__2023-06-24T04:37:00+00:00', try_number=1, map_index=-1, hostname='bf6f1e7a6f11', context_carrier={}, task=<Task(PythonOperator): python>, bundle_instance=LocalDagBundle(name=dags-folder), max_tries=0, start_date=datetime.datetime(2025, 7, 29, 19, 50, 34, 347004, tzinfo=datetime.timezone.utc), end_date=None, state=<TaskInstanceState.RUNNING: 'running'>, is_mapped=False, rendered_map_index=None, log_url='http://localhost:8080/dags/python_operator_v1/runs/scheduled__2023-06-24T04%3A37%3A00%2B00%3A00/tasks/python?try_number=1'),","chan":"stdout","logger":"task"}
{"timestamp":"2025-07-29T19:50:34.946825Z","level":"info","event":" 'task_instance_key_str': 'python_operator_v1__python__20230624',","chan":"stdout","logger":"task"}
{"timestamp":"2025-07-29T19:50:34.946869Z","level":"info","event":" 'task_reschedule_count': 0,","chan":"stdout","logger":"task"}
{"timestamp":"2025-07-29T19:50:34.946912Z","level":"info","event":" 'templates_dict': None,","chan":"stdout","logger":"task"}
{"timestamp":"2025-07-29T19:50:34.946956Z","level":"info","event":" 'ti': RuntimeTaskInstance(id=UUID('019857bc-97a2-7cf2-a374-a977dcec933a'), task_id='python', dag_id='python_operator_v1', run_id='scheduled__2023-06-24T04:37:00+00:00', try_number=1, map_index=-1, hostname='bf6f1e7a6f11', context_carrier={}, task=<Task(PythonOperator): python>, bundle_instance=LocalDagBundle(name=dags-folder), max_tries=0, start_date=datetime.datetime(2025, 7, 29, 19, 50, 34, 347004, tzinfo=datetime.timezone.utc), end_date=None, state=<TaskInstanceState.RUNNING: 'running'>, is_mapped=False, rendered_map_index=None, log_url='http://localhost:8080/dags/python_operator_v1/runs/scheduled__2023-06-24T04%3A37%3A00%2B00%3A00/tasks/python?try_number=1'),","chan":"stdout","logger":"task"}
{"timestamp":"2025-07-29T19:50:34.947003Z","level":"info","event":" 'triggering_asset_events': TriggeringAssetEventsAccessor(_events=defaultdict(<class 'list'>, {})),","chan":"stdout","logger":"task"}
{"timestamp":"2025-07-29T19:50:34.947071Z","level":"info","event":" 'ts': '2023-06-24T04:37:00+00:00',","chan":"stdout","logger":"task"}
{"timestamp":"2025-07-29T19:50:34.947140Z","level":"info","event":" 'ts_nodash': '20230624T043700',","chan":"stdout","logger":"task"}
{"timestamp":"2025-07-29T19:50:34.947210Z","level":"info","event":" 'ts_nodash_with_tz': '20230624T043700+0000',","chan":"stdout","logger":"task"}
{"timestamp":"2025-07-29T19:50:34.947278Z","level":"info","event":" 'var': {'json': <VariableAccessor (dynamic access)>,","chan":"stdout","logger":"task"}
{"timestamp":"2025-07-29T19:50:34.947349Z","level":"info","event":"         'value': <VariableAccessor (dynamic access)>}}","chan":"stdout","logger":"task"}
{"timestamp":"2025-07-29T19:50:34.947462","level":"info","event":"Done. Returned value was: 123","logger":"airflow.task.operators.airflow.providers.standard.operators.python.PythonOperator"}
{"timestamp":"2025-07-29T19:50:34.947772","level":"info","event":"Pushing xcom","ti":"RuntimeTaskInstance(id=UUID('019857bc-97a2-7cf2-a374-a977dcec933a'), task_id='python', dag_id='python_operator_v1', run_id='scheduled__2023-06-24T04:37:00+00:00', try_number=1, map_index=-1, hostname='bf6f1e7a6f11', context_carrier={}, task=<Task(PythonOperator): python>, bundle_instance=LocalDagBundle(name=dags-folder), max_tries=0, start_date=datetime.datetime(2025, 7, 29, 19, 50, 34, 347004, tzinfo=datetime.timezone.utc), end_date=None, state=<TaskInstanceState.RUNNING: 'running'>, is_mapped=False, rendered_map_index=None, log_url='http://localhost:8080/dags/python_operator_v1/runs/scheduled__2023-06-24T04%3A37%3A00%2B00%3A00/tasks/python?try_number=1')","logger":"task"}
{"timestamp":"2025-07-29T19:50:34.983483Z","level":"info","event":"Task instance in success state","chan":"stdout","logger":"task"}
{"timestamp":"2025-07-29T19:50:34.983650Z","level":"info","event":" Previous state of the Task instance: TaskInstanceState.RUNNING","chan":"stdout","logger":"task"}
{"timestamp":"2025-07-29T19:50:34.983790Z","level":"info","event":"Task operator:<Task(PythonOperator): python>","chan":"stdout","logger":"task"}
