{"timestamp":"2025-07-29T19:37:03.635587","level":"info","event":"DAG bundles loaded: dags-folder, example_dags","logger":"airflow.dag_processing.bundles.manager.DagBundlesManager"}
{"timestamp":"2025-07-29T19:37:03.636284","level":"info","event":"Filling up the DagBag from /opt/airflow/dags/python_operator_v1.py","logger":"airflow.models.dagbag.DagBag"}
{"timestamp":"2025-07-29T19:37:03.666886Z","level":"info","event":"Task instance is in running state","chan":"stdout","logger":"task"}
{"timestamp":"2025-07-29T19:37:03.667021Z","level":"info","event":" Previous state of the Task instance: TaskInstanceState.QUEUED","chan":"stdout","logger":"task"}
{"timestamp":"2025-07-29T19:37:03.668289Z","level":"info","event":"Current task name:python","chan":"stdout","logger":"task"}
{"timestamp":"2025-07-29T19:37:03.668402Z","level":"info","event":"Dag name:python_operator_v1","chan":"stdout","logger":"task"}
{"timestamp":"2025-07-29T19:37:03.669454Z","level":"info","event":"poliana","chan":"stdout","logger":"task"}
{"timestamp":"2025-07-29T19:37:03.670041Z","level":"info","event":"{'conn': <ConnectionAccessor (dynamic access)>,","chan":"stdout","logger":"task"}
{"timestamp":"2025-07-29T19:37:03.670129Z","level":"info","event":" 'dag': <DAG: python_operator_v1>,","chan":"stdout","logger":"task"}
{"timestamp":"2025-07-29T19:37:03.670256Z","level":"info","event":" 'dag_run': DagRun(dag_id='python_operator_v1', run_id='scheduled__2023-06-23T13:57:00+00:00', logical_date=datetime.datetime(2023, 6, 23, 13, 57, tzinfo=datetime.timezone.utc), data_interval_start=datetime.datetime(2023, 6, 23, 13, 57, tzinfo=datetime.timezone.utc), data_interval_end=datetime.datetime(2023, 6, 23, 13, 57, tzinfo=datetime.timezone.utc), run_after=datetime.datetime(2023, 6, 23, 13, 57, tzinfo=datetime.timezone.utc), start_date=datetime.datetime(2025, 7, 29, 19, 37, 2, 633500, tzinfo=datetime.timezone.utc), end_date=None, clear_number=0, run_type=<DagRunType.SCHEDULED: 'scheduled'>, conf={}, consumed_asset_events=[]),","chan":"stdout","logger":"task"}
{"timestamp":"2025-07-29T19:37:03.670319Z","level":"info","event":" 'data_interval_end': DateTime(2023, 6, 23, 13, 57, 0, tzinfo=Timezone('UTC')),","chan":"stdout","logger":"task"}
{"timestamp":"2025-07-29T19:37:03.670366Z","level":"info","event":" 'data_interval_start': DateTime(2023, 6, 23, 13, 57, 0, tzinfo=Timezone('UTC')),","chan":"stdout","logger":"task"}
{"timestamp":"2025-07-29T19:37:03.670443Z","level":"info","event":" 'ds': '2023-06-23',","chan":"stdout","logger":"task"}
{"timestamp":"2025-07-29T19:37:03.670485Z","level":"info","event":" 'ds_nodash': '20230623',","chan":"stdout","logger":"task"}
{"timestamp":"2025-07-29T19:37:03.670541Z","level":"info","event":" 'inlet_events': InletEventsAccessors(_inlets=[], _assets={}, _asset_aliases={}),","chan":"stdout","logger":"task"}
{"timestamp":"2025-07-29T19:37:03.670690Z","level":"info","event":" 'inlets': [],","chan":"stdout","logger":"task"}
{"timestamp":"2025-07-29T19:37:03.670768Z","level":"info","event":" 'logical_date': DateTime(2023, 6, 23, 13, 57, 0, tzinfo=Timezone('UTC')),","chan":"stdout","logger":"task"}
{"timestamp":"2025-07-29T19:37:03.670866Z","level":"info","event":" 'macros': <MacrosAccessor (dynamic access to macros)>,","chan":"stdout","logger":"task"}
{"timestamp":"2025-07-29T19:37:03.670961Z","level":"info","event":" 'map_index_template': None,","chan":"stdout","logger":"task"}
{"timestamp":"2025-07-29T19:37:03.671034Z","level":"info","event":" 'outlet_events': <airflow.sdk.execution_time.context.OutletEventAccessors object at 0x7fb677bd7a70>,","chan":"stdout","logger":"task"}
{"timestamp":"2025-07-29T19:37:03.671116Z","level":"info","event":" 'outlets': [],","chan":"stdout","logger":"task"}
{"timestamp":"2025-07-29T19:37:03.671159Z","level":"info","event":" 'params': {},","chan":"stdout","logger":"task"}
{"timestamp":"2025-07-29T19:37:03.680088Z","level":"info","event":" 'prev_data_interval_end_success': <Proxy at 0x7fb66fc91df0 with factory <function RuntimeTaskInstance.get_template_context.<locals>.<lambda> at 0x7fb66fcb4220>>,","chan":"stdout","logger":"task"}
{"timestamp":"2025-07-29T19:37:03.680261Z","level":"info","event":" 'prev_data_interval_start_success': <Proxy at 0x7fb66fc91cd0 with factory <function RuntimeTaskInstance.get_template_context.<locals>.<lambda> at 0x7fb66fcb5440>>,","chan":"stdout","logger":"task"}
{"timestamp":"2025-07-29T19:37:03.680349Z","level":"info","event":" 'prev_end_date_success': <Proxy at 0x7fb66fc92270 with factory <function RuntimeTaskInstance.get_template_context.<locals>.<lambda> at 0x7fb66fcb54e0>>,","chan":"stdout","logger":"task"}
{"timestamp":"2025-07-29T19:37:03.680398Z","level":"info","event":" 'prev_start_date_success': <Proxy at 0x7fb66fc90590 with factory <function RuntimeTaskInstance.get_template_context.<locals>.<lambda> at 0x7fb66fca7ce0>>,","chan":"stdout","logger":"task"}
{"timestamp":"2025-07-29T19:37:03.680459Z","level":"info","event":" 'run_id': 'scheduled__2023-06-23T13:57:00+00:00',","chan":"stdout","logger":"task"}
{"timestamp":"2025-07-29T19:37:03.680500Z","level":"info","event":" 'task': <Task(PythonOperator): python>,","chan":"stdout","logger":"task"}
{"timestamp":"2025-07-29T19:37:03.680620Z","level":"info","event":" 'task_instance': RuntimeTaskInstance(id=UUID('019857b0-359d-7794-b850-9a90a1fe6323'), task_id='python', dag_id='python_operator_v1', run_id='scheduled__2023-06-23T13:57:00+00:00', try_number=1, map_index=-1, hostname='bf6f1e7a6f11', context_carrier={}, task=<Task(PythonOperator): python>, bundle_instance=LocalDagBundle(name=dags-folder), max_tries=0, start_date=datetime.datetime(2025, 7, 29, 19, 37, 3, 27119, tzinfo=datetime.timezone.utc), end_date=None, state=<TaskInstanceState.RUNNING: 'running'>, is_mapped=False, rendered_map_index=None, log_url='http://localhost:8080/dags/python_operator_v1/runs/scheduled__2023-06-23T13%3A57%3A00%2B00%3A00/tasks/python?try_number=1'),","chan":"stdout","logger":"task"}
{"timestamp":"2025-07-29T19:37:03.680715Z","level":"info","event":" 'task_instance_key_str': 'python_operator_v1__python__20230623',","chan":"stdout","logger":"task"}
{"timestamp":"2025-07-29T19:37:03.680829Z","level":"info","event":" 'task_reschedule_count': 0,","chan":"stdout","logger":"task"}
{"timestamp":"2025-07-29T19:37:03.680900Z","level":"info","event":" 'templates_dict': None,","chan":"stdout","logger":"task"}
{"timestamp":"2025-07-29T19:37:03.680970Z","level":"info","event":" 'ti': RuntimeTaskInstance(id=UUID('019857b0-359d-7794-b850-9a90a1fe6323'), task_id='python', dag_id='python_operator_v1', run_id='scheduled__2023-06-23T13:57:00+00:00', try_number=1, map_index=-1, hostname='bf6f1e7a6f11', context_carrier={}, task=<Task(PythonOperator): python>, bundle_instance=LocalDagBundle(name=dags-folder), max_tries=0, start_date=datetime.datetime(2025, 7, 29, 19, 37, 3, 27119, tzinfo=datetime.timezone.utc), end_date=None, state=<TaskInstanceState.RUNNING: 'running'>, is_mapped=False, rendered_map_index=None, log_url='http://localhost:8080/dags/python_operator_v1/runs/scheduled__2023-06-23T13%3A57%3A00%2B00%3A00/tasks/python?try_number=1'),","chan":"stdout","logger":"task"}
{"timestamp":"2025-07-29T19:37:03.681051Z","level":"info","event":" 'triggering_asset_events': TriggeringAssetEventsAccessor(_events=defaultdict(<class 'list'>, {})),","chan":"stdout","logger":"task"}
{"timestamp":"2025-07-29T19:37:03.681104Z","level":"info","event":" 'ts': '2023-06-23T13:57:00+00:00',","chan":"stdout","logger":"task"}
{"timestamp":"2025-07-29T19:37:03.681156Z","level":"info","event":" 'ts_nodash': '20230623T135700',","chan":"stdout","logger":"task"}
{"timestamp":"2025-07-29T19:37:03.681199Z","level":"info","event":" 'ts_nodash_with_tz': '20230623T135700+0000',","chan":"stdout","logger":"task"}
{"timestamp":"2025-07-29T19:37:03.681240Z","level":"info","event":" 'var': {'json': <VariableAccessor (dynamic access)>,","chan":"stdout","logger":"task"}
{"timestamp":"2025-07-29T19:37:03.681282Z","level":"info","event":"         'value': <VariableAccessor (dynamic access)>}}","chan":"stdout","logger":"task"}
{"timestamp":"2025-07-29T19:37:03.681348","level":"info","event":"Done. Returned value was: 123","logger":"airflow.task.operators.airflow.providers.standard.operators.python.PythonOperator"}
{"timestamp":"2025-07-29T19:37:03.681564","level":"info","event":"Pushing xcom","ti":"RuntimeTaskInstance(id=UUID('019857b0-359d-7794-b850-9a90a1fe6323'), task_id='python', dag_id='python_operator_v1', run_id='scheduled__2023-06-23T13:57:00+00:00', try_number=1, map_index=-1, hostname='bf6f1e7a6f11', context_carrier={}, task=<Task(PythonOperator): python>, bundle_instance=LocalDagBundle(name=dags-folder), max_tries=0, start_date=datetime.datetime(2025, 7, 29, 19, 37, 3, 27119, tzinfo=datetime.timezone.utc), end_date=None, state=<TaskInstanceState.RUNNING: 'running'>, is_mapped=False, rendered_map_index=None, log_url='http://localhost:8080/dags/python_operator_v1/runs/scheduled__2023-06-23T13%3A57%3A00%2B00%3A00/tasks/python?try_number=1')","logger":"task"}
{"timestamp":"2025-07-29T19:37:03.706150Z","level":"info","event":"Task instance in success state","chan":"stdout","logger":"task"}
{"timestamp":"2025-07-29T19:37:03.706282Z","level":"info","event":" Previous state of the Task instance: TaskInstanceState.RUNNING","chan":"stdout","logger":"task"}
{"timestamp":"2025-07-29T19:37:03.706378Z","level":"info","event":"Task operator:<Task(PythonOperator): python>","chan":"stdout","logger":"task"}
