{"timestamp":"2025-07-29T20:05:50.438084","level":"info","event":"DAG bundles loaded: dags-folder, example_dags","logger":"airflow.dag_processing.bundles.manager.DagBundlesManager"}
{"timestamp":"2025-07-29T20:05:50.439077","level":"info","event":"Filling up the DagBag from /opt/airflow/dags/3_dag_principal.py","logger":"airflow.models.dagbag.DagBag"}
{"timestamp":"2025-07-29T20:05:50.479067Z","level":"info","event":"Task instance is in running state","chan":"stdout","logger":"task"}
{"timestamp":"2025-07-29T20:05:50.479303Z","level":"info","event":" Previous state of the Task instance: TaskInstanceState.QUEUED","chan":"stdout","logger":"task"}
{"timestamp":"2025-07-29T20:05:50.479918Z","level":"info","event":"Current task name:python_principal","chan":"stdout","logger":"task"}
{"timestamp":"2025-07-29T20:05:50.480014Z","level":"info","event":"Dag name:3_DAG_principal","chan":"stdout","logger":"task"}
{"timestamp":"2025-07-29T20:05:50.481411Z","level":"info","event":"DAG principal","chan":"stdout","logger":"task"}
{"timestamp":"2025-07-29T20:05:50.482413Z","level":"info","event":"{'conn': <ConnectionAccessor (dynamic access)>,","chan":"stdout","logger":"task"}
{"timestamp":"2025-07-29T20:05:50.482557Z","level":"info","event":" 'dag': <DAG: 3_DAG_principal>,","chan":"stdout","logger":"task"}
{"timestamp":"2025-07-29T20:05:50.482696Z","level":"info","event":" 'dag_run': DagRun(dag_id='3_DAG_principal', run_id='scheduled__2024-07-29T20:00:00+00:00', logical_date=datetime.datetime(2024, 7, 29, 20, 0, tzinfo=datetime.timezone.utc), data_interval_start=datetime.datetime(2024, 7, 29, 20, 0, tzinfo=datetime.timezone.utc), data_interval_end=datetime.datetime(2024, 7, 29, 20, 0, tzinfo=datetime.timezone.utc), run_after=datetime.datetime(2024, 7, 29, 20, 0, tzinfo=datetime.timezone.utc), start_date=datetime.datetime(2025, 7, 29, 20, 5, 49, 402405, tzinfo=datetime.timezone.utc), end_date=None, clear_number=0, run_type=<DagRunType.SCHEDULED: 'scheduled'>, conf={}, consumed_asset_events=[]),","chan":"stdout","logger":"task"}
{"timestamp":"2025-07-29T20:05:50.482771Z","level":"info","event":" 'data_interval_end': DateTime(2024, 7, 29, 20, 0, 0, tzinfo=Timezone('UTC')),","chan":"stdout","logger":"task"}
{"timestamp":"2025-07-29T20:05:50.482833Z","level":"info","event":" 'data_interval_start': DateTime(2024, 7, 29, 20, 0, 0, tzinfo=Timezone('UTC')),","chan":"stdout","logger":"task"}
{"timestamp":"2025-07-29T20:05:50.482899Z","level":"info","event":" 'ds': '2024-07-29',","chan":"stdout","logger":"task"}
{"timestamp":"2025-07-29T20:05:50.482959Z","level":"info","event":" 'ds_nodash': '20240729',","chan":"stdout","logger":"task"}
{"timestamp":"2025-07-29T20:05:50.483021Z","level":"info","event":" 'inlet_events': InletEventsAccessors(_inlets=[], _assets={}, _asset_aliases={}),","chan":"stdout","logger":"task"}
{"timestamp":"2025-07-29T20:05:50.483093Z","level":"info","event":" 'inlets': [],","chan":"stdout","logger":"task"}
{"timestamp":"2025-07-29T20:05:50.483153Z","level":"info","event":" 'logical_date': DateTime(2024, 7, 29, 20, 0, 0, tzinfo=Timezone('UTC')),","chan":"stdout","logger":"task"}
{"timestamp":"2025-07-29T20:05:50.483218Z","level":"info","event":" 'macros': <MacrosAccessor (dynamic access to macros)>,","chan":"stdout","logger":"task"}
{"timestamp":"2025-07-29T20:05:50.483288Z","level":"info","event":" 'map_index_template': None,","chan":"stdout","logger":"task"}
{"timestamp":"2025-07-29T20:05:50.483350Z","level":"info","event":" 'outlet_events': <airflow.sdk.execution_time.context.OutletEventAccessors object at 0x7fb66fc8bec0>,","chan":"stdout","logger":"task"}
{"timestamp":"2025-07-29T20:05:50.483417Z","level":"info","event":" 'outlets': [],","chan":"stdout","logger":"task"}
{"timestamp":"2025-07-29T20:05:50.483496Z","level":"info","event":" 'params': {},","chan":"stdout","logger":"task"}
{"timestamp":"2025-07-29T20:05:50.496177Z","level":"info","event":" 'prev_data_interval_end_success': <Proxy at 0x7fb66fcc0140 with factory <function RuntimeTaskInstance.get_template_context.<locals>.<lambda> at 0x7fb66fcbd120>>,","chan":"stdout","logger":"task"}
{"timestamp":"2025-07-29T20:05:50.496472Z","level":"info","event":" 'prev_data_interval_start_success': <Proxy at 0x7fb66fcc0050 with factory <function RuntimeTaskInstance.get_template_context.<locals>.<lambda> at 0x7fb66fc9f880>>,","chan":"stdout","logger":"task"}
{"timestamp":"2025-07-29T20:05:50.496589Z","level":"info","event":" 'prev_end_date_success': <Proxy at 0x7fb66fcc0470 with factory <function RuntimeTaskInstance.get_template_context.<locals>.<lambda> at 0x7fb66fc9ff60>>,","chan":"stdout","logger":"task"}
{"timestamp":"2025-07-29T20:05:50.496668Z","level":"info","event":" 'prev_start_date_success': <Proxy at 0x7fb67cb865d0 with factory <function RuntimeTaskInstance.get_template_context.<locals>.<lambda> at 0x7fb66fc9fe20>>,","chan":"stdout","logger":"task"}
{"timestamp":"2025-07-29T20:05:50.496745Z","level":"info","event":" 'run_id': 'scheduled__2024-07-29T20:00:00+00:00',","chan":"stdout","logger":"task"}
{"timestamp":"2025-07-29T20:05:50.496814Z","level":"info","event":" 'task': <Task(PythonOperator): python_principal>,","chan":"stdout","logger":"task"}
{"timestamp":"2025-07-29T20:05:50.496883Z","level":"info","event":" 'task_instance': RuntimeTaskInstance(id=UUID('019857ca-8ec7-7ab4-8f23-e11fc2fca54f'), task_id='python_principal', dag_id='3_DAG_principal', run_id='scheduled__2024-07-29T20:00:00+00:00', try_number=1, map_index=-1, hostname='bf6f1e7a6f11', context_carrier={}, task=<Task(PythonOperator): python_principal>, bundle_instance=LocalDagBundle(name=dags-folder), max_tries=0, start_date=datetime.datetime(2025, 7, 29, 20, 5, 49, 832412, tzinfo=datetime.timezone.utc), end_date=None, state=<TaskInstanceState.RUNNING: 'running'>, is_mapped=False, rendered_map_index=None, log_url='http://localhost:8080/dags/3_DAG_principal/runs/scheduled__2024-07-29T20%3A00%3A00%2B00%3A00/tasks/python_principal?try_number=1'),","chan":"stdout","logger":"task"}
{"timestamp":"2025-07-29T20:05:50.496948Z","level":"info","event":" 'task_instance_key_str': '3_DAG_principal__python_principal__20240729',","chan":"stdout","logger":"task"}
{"timestamp":"2025-07-29T20:05:50.497011Z","level":"info","event":" 'task_reschedule_count': 0,","chan":"stdout","logger":"task"}
{"timestamp":"2025-07-29T20:05:50.497075Z","level":"info","event":" 'templates_dict': None,","chan":"stdout","logger":"task"}
{"timestamp":"2025-07-29T20:05:50.497235Z","level":"info","event":" 'ti': RuntimeTaskInstance(id=UUID('019857ca-8ec7-7ab4-8f23-e11fc2fca54f'), task_id='python_principal', dag_id='3_DAG_principal', run_id='scheduled__2024-07-29T20:00:00+00:00', try_number=1, map_index=-1, hostname='bf6f1e7a6f11', context_carrier={}, task=<Task(PythonOperator): python_principal>, bundle_instance=LocalDagBundle(name=dags-folder), max_tries=0, start_date=datetime.datetime(2025, 7, 29, 20, 5, 49, 832412, tzinfo=datetime.timezone.utc), end_date=None, state=<TaskInstanceState.RUNNING: 'running'>, is_mapped=False, rendered_map_index=None, log_url='http://localhost:8080/dags/3_DAG_principal/runs/scheduled__2024-07-29T20%3A00%3A00%2B00%3A00/tasks/python_principal?try_number=1'),","chan":"stdout","logger":"task"}
{"timestamp":"2025-07-29T20:05:50.497356Z","level":"info","event":" 'triggering_asset_events': TriggeringAssetEventsAccessor(_events=defaultdict(<class 'list'>, {})),","chan":"stdout","logger":"task"}
{"timestamp":"2025-07-29T20:05:50.497440Z","level":"info","event":" 'ts': '2024-07-29T20:00:00+00:00',","chan":"stdout","logger":"task"}
{"timestamp":"2025-07-29T20:05:50.497513Z","level":"info","event":" 'ts_nodash': '20240729T200000',","chan":"stdout","logger":"task"}
{"timestamp":"2025-07-29T20:05:50.497582Z","level":"info","event":" 'ts_nodash_with_tz': '20240729T200000+0000',","chan":"stdout","logger":"task"}
{"timestamp":"2025-07-29T20:05:50.497651Z","level":"info","event":" 'var': {'json': <VariableAccessor (dynamic access)>,","chan":"stdout","logger":"task"}
{"timestamp":"2025-07-29T20:05:50.497744Z","level":"info","event":"         'value': <VariableAccessor (dynamic access)>}}","chan":"stdout","logger":"task"}
{"timestamp":"2025-07-29T20:05:50.496767","level":"info","event":"Done. Returned value was: principal","logger":"airflow.task.operators.airflow.providers.standard.operators.python.PythonOperator"}
{"timestamp":"2025-07-29T20:05:50.497075","level":"info","event":"Pushing xcom","ti":"RuntimeTaskInstance(id=UUID('019857ca-8ec7-7ab4-8f23-e11fc2fca54f'), task_id='python_principal', dag_id='3_DAG_principal', run_id='scheduled__2024-07-29T20:00:00+00:00', try_number=1, map_index=-1, hostname='bf6f1e7a6f11', context_carrier={}, task=<Task(PythonOperator): python_principal>, bundle_instance=LocalDagBundle(name=dags-folder), max_tries=0, start_date=datetime.datetime(2025, 7, 29, 20, 5, 49, 832412, tzinfo=datetime.timezone.utc), end_date=None, state=<TaskInstanceState.RUNNING: 'running'>, is_mapped=False, rendered_map_index=None, log_url='http://localhost:8080/dags/3_DAG_principal/runs/scheduled__2024-07-29T20%3A00%3A00%2B00%3A00/tasks/python_principal?try_number=1')","logger":"task"}
{"timestamp":"2025-07-29T20:05:50.530297Z","level":"info","event":"Task instance in success state","chan":"stdout","logger":"task"}
{"timestamp":"2025-07-29T20:05:50.530521Z","level":"info","event":" Previous state of the Task instance: TaskInstanceState.RUNNING","chan":"stdout","logger":"task"}
{"timestamp":"2025-07-29T20:05:50.530681Z","level":"info","event":"Task operator:<Task(PythonOperator): python_principal>","chan":"stdout","logger":"task"}
