{"timestamp":"2025-07-29T19:37:03.114247","level":"info","event":"DAG bundles loaded: dags-folder, example_dags","logger":"airflow.dag_processing.bundles.manager.DagBundlesManager"}
{"timestamp":"2025-07-29T19:37:03.115168","level":"info","event":"Filling up the DagBag from /opt/airflow/dags/python_operator_v1.py","logger":"airflow.models.dagbag.DagBag"}
{"timestamp":"2025-07-29T19:37:03.151688Z","level":"info","event":"Task instance is in running state","chan":"stdout","logger":"task"}
{"timestamp":"2025-07-29T19:37:03.151928Z","level":"info","event":" Previous state of the Task instance: TaskInstanceState.QUEUED","chan":"stdout","logger":"task"}
{"timestamp":"2025-07-29T19:37:03.152587Z","level":"info","event":"Current task name:python","chan":"stdout","logger":"task"}
{"timestamp":"2025-07-29T19:37:03.152701Z","level":"info","event":"Dag name:python_operator_v1","chan":"stdout","logger":"task"}
{"timestamp":"2025-07-29T19:37:03.154183Z","level":"info","event":"poliana","chan":"stdout","logger":"task"}
{"timestamp":"2025-07-29T19:37:03.155158Z","level":"info","event":"{'conn': <ConnectionAccessor (dynamic access)>,","chan":"stdout","logger":"task"}
{"timestamp":"2025-07-29T19:37:03.155390Z","level":"info","event":" 'dag': <DAG: python_operator_v1>,","chan":"stdout","logger":"task"}
{"timestamp":"2025-07-29T19:37:03.155589Z","level":"info","event":" 'dag_run': DagRun(dag_id='python_operator_v1', run_id='scheduled__2023-06-23T13:54:00+00:00', logical_date=datetime.datetime(2023, 6, 23, 13, 54, tzinfo=datetime.timezone.utc), data_interval_start=datetime.datetime(2023, 6, 23, 13, 54, tzinfo=datetime.timezone.utc), data_interval_end=datetime.datetime(2023, 6, 23, 13, 54, tzinfo=datetime.timezone.utc), run_after=datetime.datetime(2023, 6, 23, 13, 54, tzinfo=datetime.timezone.utc), start_date=datetime.datetime(2025, 7, 29, 19, 37, 2, 203201, tzinfo=datetime.timezone.utc), end_date=None, clear_number=0, run_type=<DagRunType.SCHEDULED: 'scheduled'>, conf={}, consumed_asset_events=[]),","chan":"stdout","logger":"task"}
{"timestamp":"2025-07-29T19:37:03.155706Z","level":"info","event":" 'data_interval_end': DateTime(2023, 6, 23, 13, 54, 0, tzinfo=Timezone('UTC')),","chan":"stdout","logger":"task"}
{"timestamp":"2025-07-29T19:37:03.155789Z","level":"info","event":" 'data_interval_start': DateTime(2023, 6, 23, 13, 54, 0, tzinfo=Timezone('UTC')),","chan":"stdout","logger":"task"}
{"timestamp":"2025-07-29T19:37:03.155859Z","level":"info","event":" 'ds': '2023-06-23',","chan":"stdout","logger":"task"}
{"timestamp":"2025-07-29T19:37:03.155931Z","level":"info","event":" 'ds_nodash': '20230623',","chan":"stdout","logger":"task"}
{"timestamp":"2025-07-29T19:37:03.155999Z","level":"info","event":" 'inlet_events': InletEventsAccessors(_inlets=[], _assets={}, _asset_aliases={}),","chan":"stdout","logger":"task"}
{"timestamp":"2025-07-29T19:37:03.156067Z","level":"info","event":" 'inlets': [],","chan":"stdout","logger":"task"}
{"timestamp":"2025-07-29T19:37:03.156145Z","level":"info","event":" 'logical_date': DateTime(2023, 6, 23, 13, 54, 0, tzinfo=Timezone('UTC')),","chan":"stdout","logger":"task"}
{"timestamp":"2025-07-29T19:37:03.156212Z","level":"info","event":" 'macros': <MacrosAccessor (dynamic access to macros)>,","chan":"stdout","logger":"task"}
{"timestamp":"2025-07-29T19:37:03.156280Z","level":"info","event":" 'map_index_template': None,","chan":"stdout","logger":"task"}
{"timestamp":"2025-07-29T19:37:03.156401Z","level":"info","event":" 'outlet_events': <airflow.sdk.execution_time.context.OutletEventAccessors object at 0x7fb67ea1fa70>,","chan":"stdout","logger":"task"}
{"timestamp":"2025-07-29T19:37:03.156475Z","level":"info","event":" 'outlets': [],","chan":"stdout","logger":"task"}
{"timestamp":"2025-07-29T19:37:03.156540Z","level":"info","event":" 'params': {},","chan":"stdout","logger":"task"}
{"timestamp":"2025-07-29T19:37:03.169381Z","level":"info","event":" 'prev_data_interval_end_success': <Proxy at 0x7fb66fc9cef0 with factory <function RuntimeTaskInstance.get_template_context.<locals>.<lambda> at 0x7fb66fcadbc0>>,","chan":"stdout","logger":"task"}
{"timestamp":"2025-07-29T19:37:03.169702Z","level":"info","event":" 'prev_data_interval_start_success': <Proxy at 0x7fb66fc9cfe0 with factory <function RuntimeTaskInstance.get_template_context.<locals>.<lambda> at 0x7fb66fcaf2e0>>,","chan":"stdout","logger":"task"}
{"timestamp":"2025-07-29T19:37:03.169859Z","level":"info","event":" 'prev_end_date_success': <Proxy at 0x7fb66fc39dc0 with factory <function RuntimeTaskInstance.get_template_context.<locals>.<lambda> at 0x7fb66fcaf380>>,","chan":"stdout","logger":"task"}
{"timestamp":"2025-07-29T19:37:03.169943Z","level":"info","event":" 'prev_start_date_success': <Proxy at 0x7fb677e15df0 with factory <function RuntimeTaskInstance.get_template_context.<locals>.<lambda> at 0x7fb66fcae0c0>>,","chan":"stdout","logger":"task"}
{"timestamp":"2025-07-29T19:37:03.170011Z","level":"info","event":" 'run_id': 'scheduled__2023-06-23T13:54:00+00:00',","chan":"stdout","logger":"task"}
{"timestamp":"2025-07-29T19:37:03.170077Z","level":"info","event":" 'task': <Task(PythonOperator): python>,","chan":"stdout","logger":"task"}
{"timestamp":"2025-07-29T19:37:03.170145Z","level":"info","event":" 'task_instance': RuntimeTaskInstance(id=UUID('019857b0-33f5-7384-b208-9c309f5eac34'), task_id='python', dag_id='python_operator_v1', run_id='scheduled__2023-06-23T13:54:00+00:00', try_number=1, map_index=-1, hostname='bf6f1e7a6f11', context_carrier={}, task=<Task(PythonOperator): python>, bundle_instance=LocalDagBundle(name=dags-folder), max_tries=0, start_date=datetime.datetime(2025, 7, 29, 19, 37, 2, 470572, tzinfo=datetime.timezone.utc), end_date=None, state=<TaskInstanceState.RUNNING: 'running'>, is_mapped=False, rendered_map_index=None, log_url='http://localhost:8080/dags/python_operator_v1/runs/scheduled__2023-06-23T13%3A54%3A00%2B00%3A00/tasks/python?try_number=1'),","chan":"stdout","logger":"task"}
{"timestamp":"2025-07-29T19:37:03.170214Z","level":"info","event":" 'task_instance_key_str': 'python_operator_v1__python__20230623',","chan":"stdout","logger":"task"}
{"timestamp":"2025-07-29T19:37:03.170278Z","level":"info","event":" 'task_reschedule_count': 0,","chan":"stdout","logger":"task"}
{"timestamp":"2025-07-29T19:37:03.170341Z","level":"info","event":" 'templates_dict': None,","chan":"stdout","logger":"task"}
{"timestamp":"2025-07-29T19:37:03.170460Z","level":"info","event":" 'ti': RuntimeTaskInstance(id=UUID('019857b0-33f5-7384-b208-9c309f5eac34'), task_id='python', dag_id='python_operator_v1', run_id='scheduled__2023-06-23T13:54:00+00:00', try_number=1, map_index=-1, hostname='bf6f1e7a6f11', context_carrier={}, task=<Task(PythonOperator): python>, bundle_instance=LocalDagBundle(name=dags-folder), max_tries=0, start_date=datetime.datetime(2025, 7, 29, 19, 37, 2, 470572, tzinfo=datetime.timezone.utc), end_date=None, state=<TaskInstanceState.RUNNING: 'running'>, is_mapped=False, rendered_map_index=None, log_url='http://localhost:8080/dags/python_operator_v1/runs/scheduled__2023-06-23T13%3A54%3A00%2B00%3A00/tasks/python?try_number=1'),","chan":"stdout","logger":"task"}
{"timestamp":"2025-07-29T19:37:03.170539Z","level":"info","event":" 'triggering_asset_events': TriggeringAssetEventsAccessor(_events=defaultdict(<class 'list'>, {})),","chan":"stdout","logger":"task"}
{"timestamp":"2025-07-29T19:37:03.170604Z","level":"info","event":" 'ts': '2023-06-23T13:54:00+00:00',","chan":"stdout","logger":"task"}
{"timestamp":"2025-07-29T19:37:03.170666Z","level":"info","event":" 'ts_nodash': '20230623T135400',","chan":"stdout","logger":"task"}
{"timestamp":"2025-07-29T19:37:03.170728Z","level":"info","event":" 'ts_nodash_with_tz': '20230623T135400+0000',","chan":"stdout","logger":"task"}
{"timestamp":"2025-07-29T19:37:03.170789Z","level":"info","event":" 'var': {'json': <VariableAccessor (dynamic access)>,","chan":"stdout","logger":"task"}
{"timestamp":"2025-07-29T19:37:03.170850Z","level":"info","event":"         'value': <VariableAccessor (dynamic access)>}}","chan":"stdout","logger":"task"}
{"timestamp":"2025-07-29T19:37:03.170638","level":"info","event":"Done. Returned value was: 123","logger":"airflow.task.operators.airflow.providers.standard.operators.python.PythonOperator"}
{"timestamp":"2025-07-29T19:37:03.170884","level":"info","event":"Pushing xcom","ti":"RuntimeTaskInstance(id=UUID('019857b0-33f5-7384-b208-9c309f5eac34'), task_id='python', dag_id='python_operator_v1', run_id='scheduled__2023-06-23T13:54:00+00:00', try_number=1, map_index=-1, hostname='bf6f1e7a6f11', context_carrier={}, task=<Task(PythonOperator): python>, bundle_instance=LocalDagBundle(name=dags-folder), max_tries=0, start_date=datetime.datetime(2025, 7, 29, 19, 37, 2, 470572, tzinfo=datetime.timezone.utc), end_date=None, state=<TaskInstanceState.RUNNING: 'running'>, is_mapped=False, rendered_map_index=None, log_url='http://localhost:8080/dags/python_operator_v1/runs/scheduled__2023-06-23T13%3A54%3A00%2B00%3A00/tasks/python?try_number=1')","logger":"task"}
{"timestamp":"2025-07-29T19:37:03.200355Z","level":"info","event":"Task instance in success state","chan":"stdout","logger":"task"}
{"timestamp":"2025-07-29T19:37:03.200586Z","level":"info","event":" Previous state of the Task instance: TaskInstanceState.RUNNING","chan":"stdout","logger":"task"}
{"timestamp":"2025-07-29T19:37:03.200754Z","level":"info","event":"Task operator:<Task(PythonOperator): python>","chan":"stdout","logger":"task"}
