{"timestamp":"2025-07-29T20:03:16.236916","level":"info","event":"DAG bundles loaded: dags-folder, example_dags","logger":"airflow.dag_processing.bundles.manager.DagBundlesManager"}
{"timestamp":"2025-07-29T20:03:16.237596","level":"info","event":"Filling up the DagBag from /opt/airflow/dags/3_dag_principal.py","logger":"airflow.models.dagbag.DagBag"}
{"timestamp":"2025-07-29T20:03:16.264009Z","level":"info","event":"Task instance is in running state","chan":"stdout","logger":"task"}
{"timestamp":"2025-07-29T20:03:16.264198Z","level":"info","event":" Previous state of the Task instance: TaskInstanceState.QUEUED","chan":"stdout","logger":"task"}
{"timestamp":"2025-07-29T20:03:16.264861Z","level":"info","event":"Current task name:python_principal","chan":"stdout","logger":"task"}
{"timestamp":"2025-07-29T20:03:16.264973Z","level":"info","event":"Dag name:3_DAG_principal","chan":"stdout","logger":"task"}
{"timestamp":"2025-07-29T20:03:16.266401Z","level":"info","event":"DAG principal","chan":"stdout","logger":"task"}
{"timestamp":"2025-07-29T20:03:16.267386Z","level":"info","event":"{'conn': <ConnectionAccessor (dynamic access)>,","chan":"stdout","logger":"task"}
{"timestamp":"2025-07-29T20:03:16.267524Z","level":"info","event":" 'dag': <DAG: 3_DAG_principal>,","chan":"stdout","logger":"task"}
{"timestamp":"2025-07-29T20:03:16.267648Z","level":"info","event":" 'dag_run': DagRun(dag_id='3_DAG_principal', run_id='scheduled__2024-02-28T20:00:00+00:00', logical_date=datetime.datetime(2024, 2, 28, 20, 0, tzinfo=datetime.timezone.utc), data_interval_start=datetime.datetime(2024, 2, 28, 20, 0, tzinfo=datetime.timezone.utc), data_interval_end=datetime.datetime(2024, 2, 28, 20, 0, tzinfo=datetime.timezone.utc), run_after=datetime.datetime(2024, 2, 28, 20, 0, tzinfo=datetime.timezone.utc), start_date=datetime.datetime(2025, 7, 29, 20, 3, 14, 655777, tzinfo=datetime.timezone.utc), end_date=None, clear_number=0, run_type=<DagRunType.SCHEDULED: 'scheduled'>, conf={}, consumed_asset_events=[]),","chan":"stdout","logger":"task"}
{"timestamp":"2025-07-29T20:03:16.267740Z","level":"info","event":" 'data_interval_end': DateTime(2024, 2, 28, 20, 0, 0, tzinfo=Timezone('UTC')),","chan":"stdout","logger":"task"}
{"timestamp":"2025-07-29T20:03:16.267812Z","level":"info","event":" 'data_interval_start': DateTime(2024, 2, 28, 20, 0, 0, tzinfo=Timezone('UTC')),","chan":"stdout","logger":"task"}
{"timestamp":"2025-07-29T20:03:16.267887Z","level":"info","event":" 'ds': '2024-02-28',","chan":"stdout","logger":"task"}
{"timestamp":"2025-07-29T20:03:16.267940Z","level":"info","event":" 'ds_nodash': '20240228',","chan":"stdout","logger":"task"}
{"timestamp":"2025-07-29T20:03:16.267982Z","level":"info","event":" 'inlet_events': InletEventsAccessors(_inlets=[], _assets={}, _asset_aliases={}),","chan":"stdout","logger":"task"}
{"timestamp":"2025-07-29T20:03:16.268025Z","level":"info","event":" 'inlets': [],","chan":"stdout","logger":"task"}
{"timestamp":"2025-07-29T20:03:16.268066Z","level":"info","event":" 'logical_date': DateTime(2024, 2, 28, 20, 0, 0, tzinfo=Timezone('UTC')),","chan":"stdout","logger":"task"}
{"timestamp":"2025-07-29T20:03:16.268107Z","level":"info","event":" 'macros': <MacrosAccessor (dynamic access to macros)>,","chan":"stdout","logger":"task"}
{"timestamp":"2025-07-29T20:03:16.268153Z","level":"info","event":" 'map_index_template': None,","chan":"stdout","logger":"task"}
{"timestamp":"2025-07-29T20:03:16.268194Z","level":"info","event":" 'outlet_events': <airflow.sdk.execution_time.context.OutletEventAccessors object at 0x7fb67bd17a70>,","chan":"stdout","logger":"task"}
{"timestamp":"2025-07-29T20:03:16.268235Z","level":"info","event":" 'outlets': [],","chan":"stdout","logger":"task"}
{"timestamp":"2025-07-29T20:03:16.268275Z","level":"info","event":" 'params': {},","chan":"stdout","logger":"task"}
{"timestamp":"2025-07-29T20:03:16.278971Z","level":"info","event":" 'prev_data_interval_end_success': <Proxy at 0x7fb66fc22270 with factory <function RuntimeTaskInstance.get_template_context.<locals>.<lambda> at 0x7fb66fc49da0>>,","chan":"stdout","logger":"task"}
{"timestamp":"2025-07-29T20:03:16.279173Z","level":"info","event":" 'prev_data_interval_start_success': <Proxy at 0x7fb66fc223c0 with factory <function RuntimeTaskInstance.get_template_context.<locals>.<lambda> at 0x7fb66fc485e0>>,","chan":"stdout","logger":"task"}
{"timestamp":"2025-07-29T20:03:16.279256Z","level":"info","event":" 'prev_end_date_success': <Proxy at 0x7fb67ebbfe30 with factory <function RuntimeTaskInstance.get_template_context.<locals>.<lambda> at 0x7fb66fc49e40>>,","chan":"stdout","logger":"task"}
{"timestamp":"2025-07-29T20:03:16.279310Z","level":"info","event":" 'prev_start_date_success': <Proxy at 0x7fb66fdc25d0 with factory <function RuntimeTaskInstance.get_template_context.<locals>.<lambda> at 0x7fb66fc48b80>>,","chan":"stdout","logger":"task"}
{"timestamp":"2025-07-29T20:03:16.279364Z","level":"info","event":" 'run_id': 'scheduled__2024-02-28T20:00:00+00:00',","chan":"stdout","logger":"task"}
{"timestamp":"2025-07-29T20:03:16.279417Z","level":"info","event":" 'task': <Task(PythonOperator): python_principal>,","chan":"stdout","logger":"task"}
{"timestamp":"2025-07-29T20:03:16.279471Z","level":"info","event":" 'task_instance': RuntimeTaskInstance(id=UUID('019857c8-3234-7758-9456-c33434149a37'), task_id='python_principal', dag_id='3_DAG_principal', run_id='scheduled__2024-02-28T20:00:00+00:00', try_number=1, map_index=-1, hostname='bf6f1e7a6f11', context_carrier={}, task=<Task(PythonOperator): python_principal>, bundle_instance=LocalDagBundle(name=dags-folder), max_tries=0, start_date=datetime.datetime(2025, 7, 29, 20, 3, 15, 631804, tzinfo=datetime.timezone.utc), end_date=None, state=<TaskInstanceState.RUNNING: 'running'>, is_mapped=False, rendered_map_index=None, log_url='http://localhost:8080/dags/3_DAG_principal/runs/scheduled__2024-02-28T20%3A00%3A00%2B00%3A00/tasks/python_principal?try_number=1'),","chan":"stdout","logger":"task"}
{"timestamp":"2025-07-29T20:03:16.279522Z","level":"info","event":" 'task_instance_key_str': '3_DAG_principal__python_principal__20240228',","chan":"stdout","logger":"task"}
{"timestamp":"2025-07-29T20:03:16.279565Z","level":"info","event":" 'task_reschedule_count': 0,","chan":"stdout","logger":"task"}
{"timestamp":"2025-07-29T20:03:16.279606Z","level":"info","event":" 'templates_dict': None,","chan":"stdout","logger":"task"}
{"timestamp":"2025-07-29T20:03:16.279650Z","level":"info","event":" 'ti': RuntimeTaskInstance(id=UUID('019857c8-3234-7758-9456-c33434149a37'), task_id='python_principal', dag_id='3_DAG_principal', run_id='scheduled__2024-02-28T20:00:00+00:00', try_number=1, map_index=-1, hostname='bf6f1e7a6f11', context_carrier={}, task=<Task(PythonOperator): python_principal>, bundle_instance=LocalDagBundle(name=dags-folder), max_tries=0, start_date=datetime.datetime(2025, 7, 29, 20, 3, 15, 631804, tzinfo=datetime.timezone.utc), end_date=None, state=<TaskInstanceState.RUNNING: 'running'>, is_mapped=False, rendered_map_index=None, log_url='http://localhost:8080/dags/3_DAG_principal/runs/scheduled__2024-02-28T20%3A00%3A00%2B00%3A00/tasks/python_principal?try_number=1'),","chan":"stdout","logger":"task"}
{"timestamp":"2025-07-29T20:03:16.279724Z","level":"info","event":" 'triggering_asset_events': TriggeringAssetEventsAccessor(_events=defaultdict(<class 'list'>, {})),","chan":"stdout","logger":"task"}
{"timestamp":"2025-07-29T20:03:16.279772Z","level":"info","event":" 'ts': '2024-02-28T20:00:00+00:00',","chan":"stdout","logger":"task"}
{"timestamp":"2025-07-29T20:03:16.279814Z","level":"info","event":" 'ts_nodash': '20240228T200000',","chan":"stdout","logger":"task"}
{"timestamp":"2025-07-29T20:03:16.279855Z","level":"info","event":" 'ts_nodash_with_tz': '20240228T200000+0000',","chan":"stdout","logger":"task"}
{"timestamp":"2025-07-29T20:03:16.279895Z","level":"info","event":" 'var': {'json': <VariableAccessor (dynamic access)>,","chan":"stdout","logger":"task"}
{"timestamp":"2025-07-29T20:03:16.279936Z","level":"info","event":"         'value': <VariableAccessor (dynamic access)>}}","chan":"stdout","logger":"task"}
{"timestamp":"2025-07-29T20:03:16.279309","level":"info","event":"Done. Returned value was: principal","logger":"airflow.task.operators.airflow.providers.standard.operators.python.PythonOperator"}
{"timestamp":"2025-07-29T20:03:16.279509","level":"info","event":"Pushing xcom","ti":"RuntimeTaskInstance(id=UUID('019857c8-3234-7758-9456-c33434149a37'), task_id='python_principal', dag_id='3_DAG_principal', run_id='scheduled__2024-02-28T20:00:00+00:00', try_number=1, map_index=-1, hostname='bf6f1e7a6f11', context_carrier={}, task=<Task(PythonOperator): python_principal>, bundle_instance=LocalDagBundle(name=dags-folder), max_tries=0, start_date=datetime.datetime(2025, 7, 29, 20, 3, 15, 631804, tzinfo=datetime.timezone.utc), end_date=None, state=<TaskInstanceState.RUNNING: 'running'>, is_mapped=False, rendered_map_index=None, log_url='http://localhost:8080/dags/3_DAG_principal/runs/scheduled__2024-02-28T20%3A00%3A00%2B00%3A00/tasks/python_principal?try_number=1')","logger":"task"}
{"timestamp":"2025-07-29T20:03:16.322545Z","level":"info","event":"Task instance in success state","chan":"stdout","logger":"task"}
{"timestamp":"2025-07-29T20:03:16.322711Z","level":"info","event":" Previous state of the Task instance: TaskInstanceState.RUNNING","chan":"stdout","logger":"task"}
{"timestamp":"2025-07-29T20:03:16.322950Z","level":"info","event":"Task operator:<Task(PythonOperator): python_principal>","chan":"stdout","logger":"task"}
