{"timestamp":"2025-07-29T20:07:42.513001","level":"info","event":"DAG bundles loaded: dags-folder, example_dags","logger":"airflow.dag_processing.bundles.manager.DagBundlesManager"}
{"timestamp":"2025-07-29T20:07:42.515438","level":"info","event":"Filling up the DagBag from /opt/airflow/dags/2_python_operator_v1.py","logger":"airflow.models.dagbag.DagBag"}
{"timestamp":"2025-07-29T20:07:42.552236Z","level":"info","event":"Task instance is in running state","chan":"stdout","logger":"task"}
{"timestamp":"2025-07-29T20:07:42.552530Z","level":"info","event":" Previous state of the Task instance: TaskInstanceState.QUEUED","chan":"stdout","logger":"task"}
{"timestamp":"2025-07-29T20:07:42.553799Z","level":"info","event":"Current task name:python","chan":"stdout","logger":"task"}
{"timestamp":"2025-07-29T20:07:42.554098Z","level":"info","event":"Dag name:python_operator_v1","chan":"stdout","logger":"task"}
{"timestamp":"2025-07-29T20:07:42.556269Z","level":"info","event":"poliana","chan":"stdout","logger":"task"}
{"timestamp":"2025-07-29T20:07:42.557653Z","level":"info","event":"{'conn': <ConnectionAccessor (dynamic access)>,","chan":"stdout","logger":"task"}
{"timestamp":"2025-07-29T20:07:42.557958Z","level":"info","event":" 'dag': <DAG: python_operator_v1>,","chan":"stdout","logger":"task"}
{"timestamp":"2025-07-29T20:07:42.558259Z","level":"info","event":" 'dag_run': DagRun(dag_id='python_operator_v1', run_id='scheduled__2023-06-24T21:12:00+00:00', logical_date=datetime.datetime(2023, 6, 24, 21, 12, tzinfo=datetime.timezone.utc), data_interval_start=datetime.datetime(2023, 6, 24, 21, 12, tzinfo=datetime.timezone.utc), data_interval_end=datetime.datetime(2023, 6, 24, 21, 12, tzinfo=datetime.timezone.utc), run_after=datetime.datetime(2023, 6, 24, 21, 12, tzinfo=datetime.timezone.utc), start_date=datetime.datetime(2025, 7, 29, 20, 7, 41, 315685, tzinfo=datetime.timezone.utc), end_date=None, clear_number=0, run_type=<DagRunType.SCHEDULED: 'scheduled'>, conf={}, consumed_asset_events=[]),","chan":"stdout","logger":"task"}
{"timestamp":"2025-07-29T20:07:42.558418Z","level":"info","event":" 'data_interval_end': DateTime(2023, 6, 24, 21, 12, 0, tzinfo=Timezone('UTC')),","chan":"stdout","logger":"task"}
{"timestamp":"2025-07-29T20:07:42.558509Z","level":"info","event":" 'data_interval_start': DateTime(2023, 6, 24, 21, 12, 0, tzinfo=Timezone('UTC')),","chan":"stdout","logger":"task"}
{"timestamp":"2025-07-29T20:07:42.558784Z","level":"info","event":" 'ds': '2023-06-24',","chan":"stdout","logger":"task"}
{"timestamp":"2025-07-29T20:07:42.558878Z","level":"info","event":" 'ds_nodash': '20230624',","chan":"stdout","logger":"task"}
{"timestamp":"2025-07-29T20:07:42.559027Z","level":"info","event":" 'inlet_events': InletEventsAccessors(_inlets=[], _assets={}, _asset_aliases={}),","chan":"stdout","logger":"task"}
{"timestamp":"2025-07-29T20:07:42.559138Z","level":"info","event":" 'inlets': [],","chan":"stdout","logger":"task"}
{"timestamp":"2025-07-29T20:07:42.559492Z","level":"info","event":" 'logical_date': DateTime(2023, 6, 24, 21, 12, 0, tzinfo=Timezone('UTC')),","chan":"stdout","logger":"task"}
{"timestamp":"2025-07-29T20:07:42.559654Z","level":"info","event":" 'macros': <MacrosAccessor (dynamic access to macros)>,","chan":"stdout","logger":"task"}
{"timestamp":"2025-07-29T20:07:42.559738Z","level":"info","event":" 'map_index_template': None,","chan":"stdout","logger":"task"}
{"timestamp":"2025-07-29T20:07:42.559813Z","level":"info","event":" 'outlet_events': <airflow.sdk.execution_time.context.OutletEventAccessors object at 0x7fb677b1c230>,","chan":"stdout","logger":"task"}
{"timestamp":"2025-07-29T20:07:42.560946Z","level":"info","event":" 'outlets': [],","chan":"stdout","logger":"task"}
{"timestamp":"2025-07-29T20:07:42.561727Z","level":"info","event":" 'params': {},","chan":"stdout","logger":"task"}
{"timestamp":"2025-07-29T20:07:42.583062Z","level":"info","event":" 'prev_data_interval_end_success': <Proxy at 0x7fb66fdad9d0 with factory <function RuntimeTaskInstance.get_template_context.<locals>.<lambda> at 0x7fb66fde8900>>,","chan":"stdout","logger":"task"}
{"timestamp":"2025-07-29T20:07:42.583466Z","level":"info","event":" 'prev_data_interval_start_success': <Proxy at 0x7fb66fdadbe0 with factory <function RuntimeTaskInstance.get_template_context.<locals>.<lambda> at 0x7fb66fdc3740>>,","chan":"stdout","logger":"task"}
{"timestamp":"2025-07-29T20:07:42.583622Z","level":"info","event":" 'prev_end_date_success': <Proxy at 0x7fb66fdac5f0 with factory <function RuntimeTaskInstance.get_template_context.<locals>.<lambda> at 0x7fb66fdc3100>>,","chan":"stdout","logger":"task"}
{"timestamp":"2025-07-29T20:07:42.583718Z","level":"info","event":" 'prev_start_date_success': <Proxy at 0x7fb66fdade80 with factory <function RuntimeTaskInstance.get_template_context.<locals>.<lambda> at 0x7fb66fdc3600>>,","chan":"stdout","logger":"task"}
{"timestamp":"2025-07-29T20:07:42.583798Z","level":"info","event":" 'run_id': 'scheduled__2023-06-24T21:12:00+00:00',","chan":"stdout","logger":"task"}
{"timestamp":"2025-07-29T20:07:42.583870Z","level":"info","event":" 'task': <Task(PythonOperator): python>,","chan":"stdout","logger":"task"}
{"timestamp":"2025-07-29T20:07:42.583947Z","level":"info","event":" 'task_instance': RuntimeTaskInstance(id=UUID('019857cc-43f2-7554-9978-ebf1f3e63c26'), task_id='python', dag_id='python_operator_v1', run_id='scheduled__2023-06-24T21:12:00+00:00', try_number=1, map_index=-1, hostname='bf6f1e7a6f11', context_carrier={}, task=<Task(PythonOperator): python>, bundle_instance=LocalDagBundle(name=dags-folder), max_tries=0, start_date=datetime.datetime(2025, 7, 29, 20, 7, 41, 790501, tzinfo=datetime.timezone.utc), end_date=None, state=<TaskInstanceState.RUNNING: 'running'>, is_mapped=False, rendered_map_index=None, log_url='http://localhost:8080/dags/python_operator_v1/runs/scheduled__2023-06-24T21%3A12%3A00%2B00%3A00/tasks/python?try_number=1'),","chan":"stdout","logger":"task"}
{"timestamp":"2025-07-29T20:07:42.584023Z","level":"info","event":" 'task_instance_key_str': 'python_operator_v1__python__20230624',","chan":"stdout","logger":"task"}
{"timestamp":"2025-07-29T20:07:42.584100Z","level":"info","event":" 'task_reschedule_count': 0,","chan":"stdout","logger":"task"}
{"timestamp":"2025-07-29T20:07:42.584168Z","level":"info","event":" 'templates_dict': None,","chan":"stdout","logger":"task"}
{"timestamp":"2025-07-29T20:07:42.584236Z","level":"info","event":" 'ti': RuntimeTaskInstance(id=UUID('019857cc-43f2-7554-9978-ebf1f3e63c26'), task_id='python', dag_id='python_operator_v1', run_id='scheduled__2023-06-24T21:12:00+00:00', try_number=1, map_index=-1, hostname='bf6f1e7a6f11', context_carrier={}, task=<Task(PythonOperator): python>, bundle_instance=LocalDagBundle(name=dags-folder), max_tries=0, start_date=datetime.datetime(2025, 7, 29, 20, 7, 41, 790501, tzinfo=datetime.timezone.utc), end_date=None, state=<TaskInstanceState.RUNNING: 'running'>, is_mapped=False, rendered_map_index=None, log_url='http://localhost:8080/dags/python_operator_v1/runs/scheduled__2023-06-24T21%3A12%3A00%2B00%3A00/tasks/python?try_number=1'),","chan":"stdout","logger":"task"}
{"timestamp":"2025-07-29T20:07:42.584319Z","level":"info","event":" 'triggering_asset_events': TriggeringAssetEventsAccessor(_events=defaultdict(<class 'list'>, {})),","chan":"stdout","logger":"task"}
{"timestamp":"2025-07-29T20:07:42.584540Z","level":"info","event":" 'ts': '2023-06-24T21:12:00+00:00',","chan":"stdout","logger":"task"}
{"timestamp":"2025-07-29T20:07:42.584609Z","level":"info","event":" 'ts_nodash': '20230624T211200',","chan":"stdout","logger":"task"}
{"timestamp":"2025-07-29T20:07:42.584663Z","level":"info","event":" 'ts_nodash_with_tz': '20230624T211200+0000',","chan":"stdout","logger":"task"}
{"timestamp":"2025-07-29T20:07:42.584804Z","level":"info","event":" 'var': {'json': <VariableAccessor (dynamic access)>,","chan":"stdout","logger":"task"}
{"timestamp":"2025-07-29T20:07:42.584917Z","level":"info","event":"         'value': <VariableAccessor (dynamic access)>}}","chan":"stdout","logger":"task"}
{"timestamp":"2025-07-29T20:07:42.584188","level":"info","event":"Done. Returned value was: 123","logger":"airflow.task.operators.airflow.providers.standard.operators.python.PythonOperator"}
{"timestamp":"2025-07-29T20:07:42.584521","level":"info","event":"Pushing xcom","ti":"RuntimeTaskInstance(id=UUID('019857cc-43f2-7554-9978-ebf1f3e63c26'), task_id='python', dag_id='python_operator_v1', run_id='scheduled__2023-06-24T21:12:00+00:00', try_number=1, map_index=-1, hostname='bf6f1e7a6f11', context_carrier={}, task=<Task(PythonOperator): python>, bundle_instance=LocalDagBundle(name=dags-folder), max_tries=0, start_date=datetime.datetime(2025, 7, 29, 20, 7, 41, 790501, tzinfo=datetime.timezone.utc), end_date=None, state=<TaskInstanceState.RUNNING: 'running'>, is_mapped=False, rendered_map_index=None, log_url='http://localhost:8080/dags/python_operator_v1/runs/scheduled__2023-06-24T21%3A12%3A00%2B00%3A00/tasks/python?try_number=1')","logger":"task"}
{"timestamp":"2025-07-29T20:07:42.638910Z","level":"info","event":"Task instance in success state","chan":"stdout","logger":"task"}
{"timestamp":"2025-07-29T20:07:42.639261Z","level":"info","event":" Previous state of the Task instance: TaskInstanceState.RUNNING","chan":"stdout","logger":"task"}
{"timestamp":"2025-07-29T20:07:42.639842Z","level":"info","event":"Task operator:<Task(PythonOperator): python>","chan":"stdout","logger":"task"}
