{"timestamp":"2025-07-29T19:43:00.910453","level":"info","event":"DAG bundles loaded: dags-folder, example_dags","logger":"airflow.dag_processing.bundles.manager.DagBundlesManager"}
{"timestamp":"2025-07-29T19:43:00.910990","level":"info","event":"Filling up the DagBag from /opt/airflow/dags/python_operator_v1.py","logger":"airflow.models.dagbag.DagBag"}
{"timestamp":"2025-07-29T19:43:00.933811Z","level":"info","event":"Task instance is in running state","chan":"stdout","logger":"task"}
{"timestamp":"2025-07-29T19:43:00.934015Z","level":"info","event":" Previous state of the Task instance: TaskInstanceState.QUEUED","chan":"stdout","logger":"task"}
{"timestamp":"2025-07-29T19:43:00.934639Z","level":"info","event":"Current task name:python","chan":"stdout","logger":"task"}
{"timestamp":"2025-07-29T19:43:00.934734Z","level":"info","event":"Dag name:python_operator_v1","chan":"stdout","logger":"task"}
{"timestamp":"2025-07-29T19:43:00.935750Z","level":"info","event":"poliana","chan":"stdout","logger":"task"}
{"timestamp":"2025-07-29T19:43:00.936416Z","level":"info","event":"{'conn': <ConnectionAccessor (dynamic access)>,","chan":"stdout","logger":"task"}
{"timestamp":"2025-07-29T19:43:00.936526Z","level":"info","event":" 'dag': <DAG: python_operator_v1>,","chan":"stdout","logger":"task"}
{"timestamp":"2025-07-29T19:43:00.936632Z","level":"info","event":" 'dag_run': DagRun(dag_id='python_operator_v1', run_id='scheduled__2023-06-23T20:20:00+00:00', logical_date=datetime.datetime(2023, 6, 23, 20, 20, tzinfo=datetime.timezone.utc), data_interval_start=datetime.datetime(2023, 6, 23, 20, 20, tzinfo=datetime.timezone.utc), data_interval_end=datetime.datetime(2023, 6, 23, 20, 20, tzinfo=datetime.timezone.utc), run_after=datetime.datetime(2023, 6, 23, 20, 20, tzinfo=datetime.timezone.utc), start_date=datetime.datetime(2025, 7, 29, 19, 42, 57, 457456, tzinfo=datetime.timezone.utc), end_date=None, clear_number=0, run_type=<DagRunType.SCHEDULED: 'scheduled'>, conf={}, consumed_asset_events=[]),","chan":"stdout","logger":"task"}
{"timestamp":"2025-07-29T19:43:00.936713Z","level":"info","event":" 'data_interval_end': DateTime(2023, 6, 23, 20, 20, 0, tzinfo=Timezone('UTC')),","chan":"stdout","logger":"task"}
{"timestamp":"2025-07-29T19:43:00.936769Z","level":"info","event":" 'data_interval_start': DateTime(2023, 6, 23, 20, 20, 0, tzinfo=Timezone('UTC')),","chan":"stdout","logger":"task"}
{"timestamp":"2025-07-29T19:43:00.936814Z","level":"info","event":" 'ds': '2023-06-23',","chan":"stdout","logger":"task"}
{"timestamp":"2025-07-29T19:43:00.936859Z","level":"info","event":" 'ds_nodash': '20230623',","chan":"stdout","logger":"task"}
{"timestamp":"2025-07-29T19:43:00.936900Z","level":"info","event":" 'inlet_events': InletEventsAccessors(_inlets=[], _assets={}, _asset_aliases={}),","chan":"stdout","logger":"task"}
{"timestamp":"2025-07-29T19:43:00.936941Z","level":"info","event":" 'inlets': [],","chan":"stdout","logger":"task"}
{"timestamp":"2025-07-29T19:43:00.936983Z","level":"info","event":" 'logical_date': DateTime(2023, 6, 23, 20, 20, 0, tzinfo=Timezone('UTC')),","chan":"stdout","logger":"task"}
{"timestamp":"2025-07-29T19:43:00.937024Z","level":"info","event":" 'macros': <MacrosAccessor (dynamic access to macros)>,","chan":"stdout","logger":"task"}
{"timestamp":"2025-07-29T19:43:00.937065Z","level":"info","event":" 'map_index_template': None,","chan":"stdout","logger":"task"}
{"timestamp":"2025-07-29T19:43:00.937107Z","level":"info","event":" 'outlet_events': <airflow.sdk.execution_time.context.OutletEventAccessors object at 0x7fb678274d40>,","chan":"stdout","logger":"task"}
{"timestamp":"2025-07-29T19:43:00.937148Z","level":"info","event":" 'outlets': [],","chan":"stdout","logger":"task"}
{"timestamp":"2025-07-29T19:43:00.937188Z","level":"info","event":" 'params': {},","chan":"stdout","logger":"task"}
{"timestamp":"2025-07-29T19:43:00.946554Z","level":"info","event":" 'prev_data_interval_end_success': <Proxy at 0x7fb66fc9a7e0 with factory <function RuntimeTaskInstance.get_template_context.<locals>.<lambda> at 0x7fb67e30c180>>,","chan":"stdout","logger":"task"}
{"timestamp":"2025-07-29T19:43:00.946803Z","level":"info","event":" 'prev_data_interval_start_success': <Proxy at 0x7fb66fc9ac30 with factory <function RuntimeTaskInstance.get_template_context.<locals>.<lambda> at 0x7fb67e30d8a0>>,","chan":"stdout","logger":"task"}
{"timestamp":"2025-07-29T19:43:00.946884Z","level":"info","event":" 'prev_end_date_success': <Proxy at 0x7fb66fc9aa80 with factory <function RuntimeTaskInstance.get_template_context.<locals>.<lambda> at 0x7fb67e30d940>>,","chan":"stdout","logger":"task"}
{"timestamp":"2025-07-29T19:43:00.946956Z","level":"info","event":" 'prev_start_date_success': <Proxy at 0x7fb66fc9ad20 with factory <function RuntimeTaskInstance.get_template_context.<locals>.<lambda> at 0x7fb67e30c680>>,","chan":"stdout","logger":"task"}
{"timestamp":"2025-07-29T19:43:00.947021Z","level":"info","event":" 'run_id': 'scheduled__2023-06-23T20:20:00+00:00',","chan":"stdout","logger":"task"}
{"timestamp":"2025-07-29T19:43:00.947076Z","level":"info","event":" 'task': <Task(PythonOperator): python>,","chan":"stdout","logger":"task"}
{"timestamp":"2025-07-29T19:43:00.947123Z","level":"info","event":" 'task_instance': RuntimeTaskInstance(id=UUID('019857b5-9fac-72bc-8060-819adebd533f'), task_id='python', dag_id='python_operator_v1', run_id='scheduled__2023-06-23T20:20:00+00:00', try_number=1, map_index=-1, hostname='bf6f1e7a6f11', context_carrier={}, task=<Task(PythonOperator): python>, bundle_instance=LocalDagBundle(name=dags-folder), max_tries=0, start_date=datetime.datetime(2025, 7, 29, 19, 42, 57, 669758, tzinfo=datetime.timezone.utc), end_date=None, state=<TaskInstanceState.RUNNING: 'running'>, is_mapped=False, rendered_map_index=None, log_url='http://localhost:8080/dags/python_operator_v1/runs/scheduled__2023-06-23T20%3A20%3A00%2B00%3A00/tasks/python?try_number=1'),","chan":"stdout","logger":"task"}
{"timestamp":"2025-07-29T19:43:00.947169Z","level":"info","event":" 'task_instance_key_str': 'python_operator_v1__python__20230623',","chan":"stdout","logger":"task"}
{"timestamp":"2025-07-29T19:43:00.947213Z","level":"info","event":" 'task_reschedule_count': 0,","chan":"stdout","logger":"task"}
{"timestamp":"2025-07-29T19:43:00.947255Z","level":"info","event":" 'templates_dict': None,","chan":"stdout","logger":"task"}
{"timestamp":"2025-07-29T19:43:00.947337Z","level":"info","event":" 'ti': RuntimeTaskInstance(id=UUID('019857b5-9fac-72bc-8060-819adebd533f'), task_id='python', dag_id='python_operator_v1', run_id='scheduled__2023-06-23T20:20:00+00:00', try_number=1, map_index=-1, hostname='bf6f1e7a6f11', context_carrier={}, task=<Task(PythonOperator): python>, bundle_instance=LocalDagBundle(name=dags-folder), max_tries=0, start_date=datetime.datetime(2025, 7, 29, 19, 42, 57, 669758, tzinfo=datetime.timezone.utc), end_date=None, state=<TaskInstanceState.RUNNING: 'running'>, is_mapped=False, rendered_map_index=None, log_url='http://localhost:8080/dags/python_operator_v1/runs/scheduled__2023-06-23T20%3A20%3A00%2B00%3A00/tasks/python?try_number=1'),","chan":"stdout","logger":"task"}
{"timestamp":"2025-07-29T19:43:00.947388Z","level":"info","event":" 'triggering_asset_events': TriggeringAssetEventsAccessor(_events=defaultdict(<class 'list'>, {})),","chan":"stdout","logger":"task"}
{"timestamp":"2025-07-29T19:43:00.947430Z","level":"info","event":" 'ts': '2023-06-23T20:20:00+00:00',","chan":"stdout","logger":"task"}
{"timestamp":"2025-07-29T19:43:00.947470Z","level":"info","event":" 'ts_nodash': '20230623T202000',","chan":"stdout","logger":"task"}
{"timestamp":"2025-07-29T19:43:00.947510Z","level":"info","event":" 'ts_nodash_with_tz': '20230623T202000+0000',","chan":"stdout","logger":"task"}
{"timestamp":"2025-07-29T19:43:00.947550Z","level":"info","event":" 'var': {'json': <VariableAccessor (dynamic access)>,","chan":"stdout","logger":"task"}
{"timestamp":"2025-07-29T19:43:00.947590Z","level":"info","event":"         'value': <VariableAccessor (dynamic access)>}}","chan":"stdout","logger":"task"}
{"timestamp":"2025-07-29T19:43:00.947647","level":"info","event":"Done. Returned value was: 123","logger":"airflow.task.operators.airflow.providers.standard.operators.python.PythonOperator"}
{"timestamp":"2025-07-29T19:43:00.947982","level":"info","event":"Pushing xcom","ti":"RuntimeTaskInstance(id=UUID('019857b5-9fac-72bc-8060-819adebd533f'), task_id='python', dag_id='python_operator_v1', run_id='scheduled__2023-06-23T20:20:00+00:00', try_number=1, map_index=-1, hostname='bf6f1e7a6f11', context_carrier={}, task=<Task(PythonOperator): python>, bundle_instance=LocalDagBundle(name=dags-folder), max_tries=0, start_date=datetime.datetime(2025, 7, 29, 19, 42, 57, 669758, tzinfo=datetime.timezone.utc), end_date=None, state=<TaskInstanceState.RUNNING: 'running'>, is_mapped=False, rendered_map_index=None, log_url='http://localhost:8080/dags/python_operator_v1/runs/scheduled__2023-06-23T20%3A20%3A00%2B00%3A00/tasks/python?try_number=1')","logger":"task"}
{"timestamp":"2025-07-29T19:43:00.976619Z","level":"info","event":"Task instance in success state","chan":"stdout","logger":"task"}
{"timestamp":"2025-07-29T19:43:00.976811Z","level":"info","event":" Previous state of the Task instance: TaskInstanceState.RUNNING","chan":"stdout","logger":"task"}
{"timestamp":"2025-07-29T19:43:00.976950Z","level":"info","event":"Task operator:<Task(PythonOperator): python>","chan":"stdout","logger":"task"}
