{"timestamp":"2025-07-29T19:31:09.383527","level":"info","event":"DAG bundles loaded: dags-folder, example_dags","logger":"airflow.dag_processing.bundles.manager.DagBundlesManager"}
{"timestamp":"2025-07-29T19:31:09.384042","level":"info","event":"Filling up the DagBag from /opt/airflow/dags/python_operator_v1.py","logger":"airflow.models.dagbag.DagBag"}
{"timestamp":"2025-07-29T19:31:09.408479Z","level":"info","event":"Task instance is in running state","chan":"stdout","logger":"task"}
{"timestamp":"2025-07-29T19:31:09.408621Z","level":"info","event":" Previous state of the Task instance: TaskInstanceState.QUEUED","chan":"stdout","logger":"task"}
{"timestamp":"2025-07-29T19:31:09.408833Z","level":"info","event":"Current task name:python","chan":"stdout","logger":"task"}
{"timestamp":"2025-07-29T19:31:09.408943Z","level":"info","event":"Dag name:python_operator_v1","chan":"stdout","logger":"task"}
{"timestamp":"2025-07-29T19:31:09.410556Z","level":"info","event":"poliana","chan":"stdout","logger":"task"}
{"timestamp":"2025-07-29T19:31:09.411410Z","level":"info","event":"{'conn': <ConnectionAccessor (dynamic access)>,","chan":"stdout","logger":"task"}
{"timestamp":"2025-07-29T19:31:09.411552Z","level":"info","event":" 'dag': <DAG: python_operator_v1>,","chan":"stdout","logger":"task"}
{"timestamp":"2025-07-29T19:31:09.411675Z","level":"info","event":" 'dag_run': DagRun(dag_id='python_operator_v1', run_id='scheduled__2023-06-23T07:16:00+00:00', logical_date=datetime.datetime(2023, 6, 23, 7, 16, tzinfo=datetime.timezone.utc), data_interval_start=datetime.datetime(2023, 6, 23, 7, 16, tzinfo=datetime.timezone.utc), data_interval_end=datetime.datetime(2023, 6, 23, 7, 16, tzinfo=datetime.timezone.utc), run_after=datetime.datetime(2023, 6, 23, 7, 16, tzinfo=datetime.timezone.utc), start_date=datetime.datetime(2025, 7, 29, 19, 31, 7, 810457, tzinfo=datetime.timezone.utc), end_date=None, clear_number=0, run_type=<DagRunType.SCHEDULED: 'scheduled'>, conf={}, consumed_asset_events=[]),","chan":"stdout","logger":"task"}
{"timestamp":"2025-07-29T19:31:09.411758Z","level":"info","event":" 'data_interval_end': DateTime(2023, 6, 23, 7, 16, 0, tzinfo=Timezone('UTC')),","chan":"stdout","logger":"task"}
{"timestamp":"2025-07-29T19:31:09.411831Z","level":"info","event":" 'data_interval_start': DateTime(2023, 6, 23, 7, 16, 0, tzinfo=Timezone('UTC')),","chan":"stdout","logger":"task"}
{"timestamp":"2025-07-29T19:31:09.411892Z","level":"info","event":" 'ds': '2023-06-23',","chan":"stdout","logger":"task"}
{"timestamp":"2025-07-29T19:31:09.411960Z","level":"info","event":" 'ds_nodash': '20230623',","chan":"stdout","logger":"task"}
{"timestamp":"2025-07-29T19:31:09.412018Z","level":"info","event":" 'inlet_events': InletEventsAccessors(_inlets=[], _assets={}, _asset_aliases={}),","chan":"stdout","logger":"task"}
{"timestamp":"2025-07-29T19:31:09.412067Z","level":"info","event":" 'inlets': [],","chan":"stdout","logger":"task"}
{"timestamp":"2025-07-29T19:31:09.412130Z","level":"info","event":" 'logical_date': DateTime(2023, 6, 23, 7, 16, 0, tzinfo=Timezone('UTC')),","chan":"stdout","logger":"task"}
{"timestamp":"2025-07-29T19:31:09.412175Z","level":"info","event":" 'macros': <MacrosAccessor (dynamic access to macros)>,","chan":"stdout","logger":"task"}
{"timestamp":"2025-07-29T19:31:09.412228Z","level":"info","event":" 'map_index_template': None,","chan":"stdout","logger":"task"}
{"timestamp":"2025-07-29T19:31:09.412271Z","level":"info","event":" 'outlet_events': <airflow.sdk.execution_time.context.OutletEventAccessors object at 0x7fb67baffa70>,","chan":"stdout","logger":"task"}
{"timestamp":"2025-07-29T19:31:09.412318Z","level":"info","event":" 'outlets': [],","chan":"stdout","logger":"task"}
{"timestamp":"2025-07-29T19:31:09.412367Z","level":"info","event":" 'params': {},","chan":"stdout","logger":"task"}
{"timestamp":"2025-07-29T19:31:09.428730Z","level":"info","event":" 'prev_data_interval_end_success': <Proxy at 0x7fb66fc8c3b0 with factory <function RuntimeTaskInstance.get_template_context.<locals>.<lambda> at 0x7fb66fca0860>>,","chan":"stdout","logger":"task"}
{"timestamp":"2025-07-29T19:31:09.428956Z","level":"info","event":" 'prev_data_interval_start_success': <Proxy at 0x7fb66fc8c1d0 with factory <function RuntimeTaskInstance.get_template_context.<locals>.<lambda> at 0x7fb66fc8b6a0>>,","chan":"stdout","logger":"task"}
{"timestamp":"2025-07-29T19:31:09.429045Z","level":"info","event":" 'prev_end_date_success': <Proxy at 0x7fb66fc8c620 with factory <function RuntimeTaskInstance.get_template_context.<locals>.<lambda> at 0x7fb66fc8b060>>,","chan":"stdout","logger":"task"}
{"timestamp":"2025-07-29T19:31:09.429096Z","level":"info","event":" 'prev_start_date_success': <Proxy at 0x7fb6785effb0 with factory <function RuntimeTaskInstance.get_template_context.<locals>.<lambda> at 0x7fb66fc8b560>>,","chan":"stdout","logger":"task"}
{"timestamp":"2025-07-29T19:31:09.429154Z","level":"info","event":" 'run_id': 'scheduled__2023-06-23T07:16:00+00:00',","chan":"stdout","logger":"task"}
{"timestamp":"2025-07-29T19:31:09.429225Z","level":"info","event":" 'task': <Task(PythonOperator): python>,","chan":"stdout","logger":"task"}
{"timestamp":"2025-07-29T19:31:09.429315Z","level":"info","event":" 'task_instance': RuntimeTaskInstance(id=UUID('019857aa-cb93-717c-b087-fcd39ecf63f1'), task_id='python', dag_id='python_operator_v1', run_id='scheduled__2023-06-23T07:16:00+00:00', try_number=1, map_index=-1, hostname='bf6f1e7a6f11', context_carrier={}, task=<Task(PythonOperator): python>, bundle_instance=LocalDagBundle(name=dags-folder), max_tries=0, start_date=datetime.datetime(2025, 7, 29, 19, 31, 8, 936490, tzinfo=datetime.timezone.utc), end_date=None, state=<TaskInstanceState.RUNNING: 'running'>, is_mapped=False, rendered_map_index=None, log_url='http://localhost:8080/dags/python_operator_v1/runs/scheduled__2023-06-23T07%3A16%3A00%2B00%3A00/tasks/python?try_number=1'),","chan":"stdout","logger":"task"}
{"timestamp":"2025-07-29T19:31:09.429391Z","level":"info","event":" 'task_instance_key_str': 'python_operator_v1__python__20230623',","chan":"stdout","logger":"task"}
{"timestamp":"2025-07-29T19:31:09.429459Z","level":"info","event":" 'task_reschedule_count': 0,","chan":"stdout","logger":"task"}
{"timestamp":"2025-07-29T19:31:09.429525Z","level":"info","event":" 'templates_dict': None,","chan":"stdout","logger":"task"}
{"timestamp":"2025-07-29T19:31:09.429591Z","level":"info","event":" 'ti': RuntimeTaskInstance(id=UUID('019857aa-cb93-717c-b087-fcd39ecf63f1'), task_id='python', dag_id='python_operator_v1', run_id='scheduled__2023-06-23T07:16:00+00:00', try_number=1, map_index=-1, hostname='bf6f1e7a6f11', context_carrier={}, task=<Task(PythonOperator): python>, bundle_instance=LocalDagBundle(name=dags-folder), max_tries=0, start_date=datetime.datetime(2025, 7, 29, 19, 31, 8, 936490, tzinfo=datetime.timezone.utc), end_date=None, state=<TaskInstanceState.RUNNING: 'running'>, is_mapped=False, rendered_map_index=None, log_url='http://localhost:8080/dags/python_operator_v1/runs/scheduled__2023-06-23T07%3A16%3A00%2B00%3A00/tasks/python?try_number=1'),","chan":"stdout","logger":"task"}
{"timestamp":"2025-07-29T19:31:09.429712Z","level":"info","event":" 'triggering_asset_events': TriggeringAssetEventsAccessor(_events=defaultdict(<class 'list'>, {})),","chan":"stdout","logger":"task"}
{"timestamp":"2025-07-29T19:31:09.429791Z","level":"info","event":" 'ts': '2023-06-23T07:16:00+00:00',","chan":"stdout","logger":"task"}
{"timestamp":"2025-07-29T19:31:09.429863Z","level":"info","event":" 'ts_nodash': '20230623T071600',","chan":"stdout","logger":"task"}
{"timestamp":"2025-07-29T19:31:09.429925Z","level":"info","event":" 'ts_nodash_with_tz': '20230623T071600+0000',","chan":"stdout","logger":"task"}
{"timestamp":"2025-07-29T19:31:09.429970Z","level":"info","event":" 'var': {'json': <VariableAccessor (dynamic access)>,","chan":"stdout","logger":"task"}
{"timestamp":"2025-07-29T19:31:09.430012Z","level":"info","event":"         'value': <VariableAccessor (dynamic access)>}}","chan":"stdout","logger":"task"}
{"timestamp":"2025-07-29T19:31:09.429545","level":"info","event":"Done. Returned value was: 123","logger":"airflow.task.operators.airflow.providers.standard.operators.python.PythonOperator"}
{"timestamp":"2025-07-29T19:31:09.429755","level":"info","event":"Pushing xcom","ti":"RuntimeTaskInstance(id=UUID('019857aa-cb93-717c-b087-fcd39ecf63f1'), task_id='python', dag_id='python_operator_v1', run_id='scheduled__2023-06-23T07:16:00+00:00', try_number=1, map_index=-1, hostname='bf6f1e7a6f11', context_carrier={}, task=<Task(PythonOperator): python>, bundle_instance=LocalDagBundle(name=dags-folder), max_tries=0, start_date=datetime.datetime(2025, 7, 29, 19, 31, 8, 936490, tzinfo=datetime.timezone.utc), end_date=None, state=<TaskInstanceState.RUNNING: 'running'>, is_mapped=False, rendered_map_index=None, log_url='http://localhost:8080/dags/python_operator_v1/runs/scheduled__2023-06-23T07%3A16%3A00%2B00%3A00/tasks/python?try_number=1')","logger":"task"}
{"timestamp":"2025-07-29T19:31:09.458681Z","level":"info","event":"Task instance in success state","chan":"stdout","logger":"task"}
{"timestamp":"2025-07-29T19:31:09.458854Z","level":"info","event":" Previous state of the Task instance: TaskInstanceState.RUNNING","chan":"stdout","logger":"task"}
{"timestamp":"2025-07-29T19:31:09.458995Z","level":"info","event":"Task operator:<Task(PythonOperator): python>","chan":"stdout","logger":"task"}
