{"timestamp":"2025-07-29T19:22:52.989748","level":"info","event":"DAG bundles loaded: dags-folder, example_dags","logger":"airflow.dag_processing.bundles.manager.DagBundlesManager"}
{"timestamp":"2025-07-29T19:22:52.990703","level":"info","event":"Filling up the DagBag from /opt/airflow/dags/python_operator_v1.py","logger":"airflow.models.dagbag.DagBag"}
{"timestamp":"2025-07-29T19:22:53.028595Z","level":"info","event":"Task instance is in running state","chan":"stdout","logger":"task"}
{"timestamp":"2025-07-29T19:22:53.028915Z","level":"info","event":" Previous state of the Task instance: TaskInstanceState.QUEUED","chan":"stdout","logger":"task"}
{"timestamp":"2025-07-29T19:22:53.030492Z","level":"info","event":"Current task name:python","chan":"stdout","logger":"task"}
{"timestamp":"2025-07-29T19:22:53.030699Z","level":"info","event":"Dag name:python_operator_v1","chan":"stdout","logger":"task"}
{"timestamp":"2025-07-29T19:22:53.032440Z","level":"info","event":"poliana","chan":"stdout","logger":"task"}
{"timestamp":"2025-07-29T19:22:53.033397Z","level":"info","event":"{'conn': <ConnectionAccessor (dynamic access)>,","chan":"stdout","logger":"task"}
{"timestamp":"2025-07-29T19:22:53.033610Z","level":"info","event":" 'dag': <DAG: python_operator_v1>,","chan":"stdout","logger":"task"}
{"timestamp":"2025-07-29T19:22:53.033819Z","level":"info","event":" 'dag_run': DagRun(dag_id='python_operator_v1', run_id='scheduled__2023-06-22T22:30:00+00:00', logical_date=datetime.datetime(2023, 6, 22, 22, 30, tzinfo=datetime.timezone.utc), data_interval_start=datetime.datetime(2023, 6, 22, 22, 30, tzinfo=datetime.timezone.utc), data_interval_end=datetime.datetime(2023, 6, 22, 22, 30, tzinfo=datetime.timezone.utc), run_after=datetime.datetime(2023, 6, 22, 22, 30, tzinfo=datetime.timezone.utc), start_date=datetime.datetime(2025, 7, 29, 19, 22, 51, 936366, tzinfo=datetime.timezone.utc), end_date=None, clear_number=0, run_type=<DagRunType.SCHEDULED: 'scheduled'>, conf={}, consumed_asset_events=[]),","chan":"stdout","logger":"task"}
{"timestamp":"2025-07-29T19:22:53.033958Z","level":"info","event":" 'data_interval_end': DateTime(2023, 6, 22, 22, 30, 0, tzinfo=Timezone('UTC')),","chan":"stdout","logger":"task"}
{"timestamp":"2025-07-29T19:22:53.034070Z","level":"info","event":" 'data_interval_start': DateTime(2023, 6, 22, 22, 30, 0, tzinfo=Timezone('UTC')),","chan":"stdout","logger":"task"}
{"timestamp":"2025-07-29T19:22:53.034147Z","level":"info","event":" 'ds': '2023-06-22',","chan":"stdout","logger":"task"}
{"timestamp":"2025-07-29T19:22:53.034219Z","level":"info","event":" 'ds_nodash': '20230622',","chan":"stdout","logger":"task"}
{"timestamp":"2025-07-29T19:22:53.034288Z","level":"info","event":" 'inlet_events': InletEventsAccessors(_inlets=[], _assets={}, _asset_aliases={}),","chan":"stdout","logger":"task"}
{"timestamp":"2025-07-29T19:22:53.034358Z","level":"info","event":" 'inlets': [],","chan":"stdout","logger":"task"}
{"timestamp":"2025-07-29T19:22:53.034457Z","level":"info","event":" 'logical_date': DateTime(2023, 6, 22, 22, 30, 0, tzinfo=Timezone('UTC')),","chan":"stdout","logger":"task"}
{"timestamp":"2025-07-29T19:22:53.034560Z","level":"info","event":" 'macros': <MacrosAccessor (dynamic access to macros)>,","chan":"stdout","logger":"task"}
{"timestamp":"2025-07-29T19:22:53.034643Z","level":"info","event":" 'map_index_template': None,","chan":"stdout","logger":"task"}
{"timestamp":"2025-07-29T19:22:53.034719Z","level":"info","event":" 'outlet_events': <airflow.sdk.execution_time.context.OutletEventAccessors object at 0x7fb677e97a70>,","chan":"stdout","logger":"task"}
{"timestamp":"2025-07-29T19:22:53.034793Z","level":"info","event":" 'outlets': [],","chan":"stdout","logger":"task"}
{"timestamp":"2025-07-29T19:22:53.034864Z","level":"info","event":" 'params': {},","chan":"stdout","logger":"task"}
{"timestamp":"2025-07-29T19:22:53.050113Z","level":"info","event":" 'prev_data_interval_end_success': <Proxy at 0x7fb66fc840e0 with factory <function RuntimeTaskInstance.get_template_context.<locals>.<lambda> at 0x7fb66fc8cb80>>,","chan":"stdout","logger":"task"}
{"timestamp":"2025-07-29T19:22:53.050521Z","level":"info","event":" 'prev_data_interval_start_success': <Proxy at 0x7fb66fc841d0 with factory <function RuntimeTaskInstance.get_template_context.<locals>.<lambda> at 0x7fb66fc7b9c0>>,","chan":"stdout","logger":"task"}
{"timestamp":"2025-07-29T19:22:53.050684Z","level":"info","event":" 'prev_end_date_success': <Proxy at 0x7fb66fc13890 with factory <function RuntimeTaskInstance.get_template_context.<locals>.<lambda> at 0x7fb66fc7b380>>,","chan":"stdout","logger":"task"}
{"timestamp":"2025-07-29T19:22:53.050772Z","level":"info","event":" 'prev_start_date_success': <Proxy at 0x7fb67bac65d0 with factory <function RuntimeTaskInstance.get_template_context.<locals>.<lambda> at 0x7fb66fc7b880>>,","chan":"stdout","logger":"task"}
{"timestamp":"2025-07-29T19:22:53.050847Z","level":"info","event":" 'run_id': 'scheduled__2023-06-22T22:30:00+00:00',","chan":"stdout","logger":"task"}
{"timestamp":"2025-07-29T19:22:53.050928Z","level":"info","event":" 'task': <Task(PythonOperator): python>,","chan":"stdout","logger":"task"}
{"timestamp":"2025-07-29T19:22:53.051012Z","level":"info","event":" 'task_instance': RuntimeTaskInstance(id=UUID('019857a3-3a96-73f4-b5bf-fd4c07311975'), task_id='python', dag_id='python_operator_v1', run_id='scheduled__2023-06-22T22:30:00+00:00', try_number=1, map_index=-1, hostname='bf6f1e7a6f11', context_carrier={}, task=<Task(PythonOperator): python>, bundle_instance=LocalDagBundle(name=dags-folder), max_tries=0, start_date=datetime.datetime(2025, 7, 29, 19, 22, 52, 258874, tzinfo=datetime.timezone.utc), end_date=None, state=<TaskInstanceState.RUNNING: 'running'>, is_mapped=False, rendered_map_index=None, log_url='http://localhost:8080/dags/python_operator_v1/runs/scheduled__2023-06-22T22%3A30%3A00%2B00%3A00/tasks/python?try_number=1'),","chan":"stdout","logger":"task"}
{"timestamp":"2025-07-29T19:22:53.051091Z","level":"info","event":" 'task_instance_key_str': 'python_operator_v1__python__20230622',","chan":"stdout","logger":"task"}
{"timestamp":"2025-07-29T19:22:53.051171Z","level":"info","event":" 'task_reschedule_count': 0,","chan":"stdout","logger":"task"}
{"timestamp":"2025-07-29T19:22:53.051249Z","level":"info","event":" 'templates_dict': None,","chan":"stdout","logger":"task"}
{"timestamp":"2025-07-29T19:22:53.051327Z","level":"info","event":" 'ti': RuntimeTaskInstance(id=UUID('019857a3-3a96-73f4-b5bf-fd4c07311975'), task_id='python', dag_id='python_operator_v1', run_id='scheduled__2023-06-22T22:30:00+00:00', try_number=1, map_index=-1, hostname='bf6f1e7a6f11', context_carrier={}, task=<Task(PythonOperator): python>, bundle_instance=LocalDagBundle(name=dags-folder), max_tries=0, start_date=datetime.datetime(2025, 7, 29, 19, 22, 52, 258874, tzinfo=datetime.timezone.utc), end_date=None, state=<TaskInstanceState.RUNNING: 'running'>, is_mapped=False, rendered_map_index=None, log_url='http://localhost:8080/dags/python_operator_v1/runs/scheduled__2023-06-22T22%3A30%3A00%2B00%3A00/tasks/python?try_number=1'),","chan":"stdout","logger":"task"}
{"timestamp":"2025-07-29T19:22:53.051400Z","level":"info","event":" 'triggering_asset_events': TriggeringAssetEventsAccessor(_events=defaultdict(<class 'list'>, {})),","chan":"stdout","logger":"task"}
{"timestamp":"2025-07-29T19:22:53.051554Z","level":"info","event":" 'ts': '2023-06-22T22:30:00+00:00',","chan":"stdout","logger":"task"}
{"timestamp":"2025-07-29T19:22:53.051669Z","level":"info","event":" 'ts_nodash': '20230622T223000',","chan":"stdout","logger":"task"}
{"timestamp":"2025-07-29T19:22:53.051742Z","level":"info","event":" 'ts_nodash_with_tz': '20230622T223000+0000',","chan":"stdout","logger":"task"}
{"timestamp":"2025-07-29T19:22:53.051804Z","level":"info","event":" 'var': {'json': <VariableAccessor (dynamic access)>,","chan":"stdout","logger":"task"}
{"timestamp":"2025-07-29T19:22:53.051866Z","level":"info","event":"         'value': <VariableAccessor (dynamic access)>}}","chan":"stdout","logger":"task"}
{"timestamp":"2025-07-29T19:22:53.051558","level":"info","event":"Done. Returned value was: 123","logger":"airflow.task.operators.airflow.providers.standard.operators.python.PythonOperator"}
{"timestamp":"2025-07-29T19:22:53.051976","level":"info","event":"Pushing xcom","ti":"RuntimeTaskInstance(id=UUID('019857a3-3a96-73f4-b5bf-fd4c07311975'), task_id='python', dag_id='python_operator_v1', run_id='scheduled__2023-06-22T22:30:00+00:00', try_number=1, map_index=-1, hostname='bf6f1e7a6f11', context_carrier={}, task=<Task(PythonOperator): python>, bundle_instance=LocalDagBundle(name=dags-folder), max_tries=0, start_date=datetime.datetime(2025, 7, 29, 19, 22, 52, 258874, tzinfo=datetime.timezone.utc), end_date=None, state=<TaskInstanceState.RUNNING: 'running'>, is_mapped=False, rendered_map_index=None, log_url='http://localhost:8080/dags/python_operator_v1/runs/scheduled__2023-06-22T22%3A30%3A00%2B00%3A00/tasks/python?try_number=1')","logger":"task"}
{"timestamp":"2025-07-29T19:22:53.109463Z","level":"info","event":"Task instance in success state","chan":"stdout","logger":"task"}
{"timestamp":"2025-07-29T19:22:53.109677Z","level":"info","event":" Previous state of the Task instance: TaskInstanceState.RUNNING","chan":"stdout","logger":"task"}
{"timestamp":"2025-07-29T19:22:53.109888Z","level":"info","event":"Task operator:<Task(PythonOperator): python>","chan":"stdout","logger":"task"}
