{"timestamp":"2025-07-29T19:37:34.410345","level":"info","event":"DAG bundles loaded: dags-folder, example_dags","logger":"airflow.dag_processing.bundles.manager.DagBundlesManager"}
{"timestamp":"2025-07-29T19:37:34.411408","level":"info","event":"Filling up the DagBag from /opt/airflow/dags/python_operator_v1.py","logger":"airflow.models.dagbag.DagBag"}
{"timestamp":"2025-07-29T19:37:34.451110Z","level":"info","event":"Task instance is in running state","chan":"stdout","logger":"task"}
{"timestamp":"2025-07-29T19:37:34.451338Z","level":"info","event":" Previous state of the Task instance: TaskInstanceState.QUEUED","chan":"stdout","logger":"task"}
{"timestamp":"2025-07-29T19:37:34.451579Z","level":"info","event":"Current task name:python","chan":"stdout","logger":"task"}
{"timestamp":"2025-07-29T19:37:34.451762Z","level":"info","event":"Dag name:python_operator_v1","chan":"stdout","logger":"task"}
{"timestamp":"2025-07-29T19:37:34.454081Z","level":"info","event":"poliana","chan":"stdout","logger":"task"}
{"timestamp":"2025-07-29T19:37:34.455057Z","level":"info","event":"{'conn': <ConnectionAccessor (dynamic access)>,","chan":"stdout","logger":"task"}
{"timestamp":"2025-07-29T19:37:34.455213Z","level":"info","event":" 'dag': <DAG: python_operator_v1>,","chan":"stdout","logger":"task"}
{"timestamp":"2025-07-29T19:37:34.455426Z","level":"info","event":" 'dag_run': DagRun(dag_id='python_operator_v1', run_id='scheduled__2023-06-23T14:26:00+00:00', logical_date=datetime.datetime(2023, 6, 23, 14, 26, tzinfo=datetime.timezone.utc), data_interval_start=datetime.datetime(2023, 6, 23, 14, 26, tzinfo=datetime.timezone.utc), data_interval_end=datetime.datetime(2023, 6, 23, 14, 26, tzinfo=datetime.timezone.utc), run_after=datetime.datetime(2023, 6, 23, 14, 26, tzinfo=datetime.timezone.utc), start_date=datetime.datetime(2025, 7, 29, 19, 37, 30, 10139, tzinfo=datetime.timezone.utc), end_date=None, clear_number=0, run_type=<DagRunType.SCHEDULED: 'scheduled'>, conf={}, consumed_asset_events=[]),","chan":"stdout","logger":"task"}
{"timestamp":"2025-07-29T19:37:34.455538Z","level":"info","event":" 'data_interval_end': DateTime(2023, 6, 23, 14, 26, 0, tzinfo=Timezone('UTC')),","chan":"stdout","logger":"task"}
{"timestamp":"2025-07-29T19:37:34.455610Z","level":"info","event":" 'data_interval_start': DateTime(2023, 6, 23, 14, 26, 0, tzinfo=Timezone('UTC')),","chan":"stdout","logger":"task"}
{"timestamp":"2025-07-29T19:37:34.455658Z","level":"info","event":" 'ds': '2023-06-23',","chan":"stdout","logger":"task"}
{"timestamp":"2025-07-29T19:37:34.455708Z","level":"info","event":" 'ds_nodash': '20230623',","chan":"stdout","logger":"task"}
{"timestamp":"2025-07-29T19:37:34.455753Z","level":"info","event":" 'inlet_events': InletEventsAccessors(_inlets=[], _assets={}, _asset_aliases={}),","chan":"stdout","logger":"task"}
{"timestamp":"2025-07-29T19:37:34.455795Z","level":"info","event":" 'inlets': [],","chan":"stdout","logger":"task"}
{"timestamp":"2025-07-29T19:37:34.455838Z","level":"info","event":" 'logical_date': DateTime(2023, 6, 23, 14, 26, 0, tzinfo=Timezone('UTC')),","chan":"stdout","logger":"task"}
{"timestamp":"2025-07-29T19:37:34.455879Z","level":"info","event":" 'macros': <MacrosAccessor (dynamic access to macros)>,","chan":"stdout","logger":"task"}
{"timestamp":"2025-07-29T19:37:34.455921Z","level":"info","event":" 'map_index_template': None,","chan":"stdout","logger":"task"}
{"timestamp":"2025-07-29T19:37:34.455962Z","level":"info","event":" 'outlet_events': <airflow.sdk.execution_time.context.OutletEventAccessors object at 0x7fb67c5bfa70>,","chan":"stdout","logger":"task"}
{"timestamp":"2025-07-29T19:37:34.456008Z","level":"info","event":" 'outlets': [],","chan":"stdout","logger":"task"}
{"timestamp":"2025-07-29T19:37:34.456065Z","level":"info","event":" 'params': {},","chan":"stdout","logger":"task"}
{"timestamp":"2025-07-29T19:37:34.466431Z","level":"info","event":" 'prev_data_interval_end_success': <Proxy at 0x7fb66fc96b10 with factory <function RuntimeTaskInstance.get_template_context.<locals>.<lambda> at 0x7fb66fcb04a0>>,","chan":"stdout","logger":"task"}
{"timestamp":"2025-07-29T19:37:34.466717Z","level":"info","event":" 'prev_data_interval_start_success': <Proxy at 0x7fb66fc96ba0 with factory <function RuntimeTaskInstance.get_template_context.<locals>.<lambda> at 0x7fb66fcb1bc0>>,","chan":"stdout","logger":"task"}
{"timestamp":"2025-07-29T19:37:34.466830Z","level":"info","event":" 'prev_end_date_success': <Proxy at 0x7fb66fd57410 with factory <function RuntimeTaskInstance.get_template_context.<locals>.<lambda> at 0x7fb66fcb1c60>>,","chan":"stdout","logger":"task"}
{"timestamp":"2025-07-29T19:37:34.466912Z","level":"info","event":" 'prev_start_date_success': <Proxy at 0x7fb66fdbea20 with factory <function RuntimeTaskInstance.get_template_context.<locals>.<lambda> at 0x7fb66fcb09a0>>,","chan":"stdout","logger":"task"}
{"timestamp":"2025-07-29T19:37:34.466985Z","level":"info","event":" 'run_id': 'scheduled__2023-06-23T14:26:00+00:00',","chan":"stdout","logger":"task"}
{"timestamp":"2025-07-29T19:37:34.467052Z","level":"info","event":" 'task': <Task(PythonOperator): python>,","chan":"stdout","logger":"task"}
{"timestamp":"2025-07-29T19:37:34.467118Z","level":"info","event":" 'task_instance': RuntimeTaskInstance(id=UUID('019857b0-a089-7e58-89d7-f6097b1437fe'), task_id='python', dag_id='python_operator_v1', run_id='scheduled__2023-06-23T14:26:00+00:00', try_number=1, map_index=-1, hostname='bf6f1e7a6f11', context_carrier={}, task=<Task(PythonOperator): python>, bundle_instance=LocalDagBundle(name=dags-folder), max_tries=0, start_date=datetime.datetime(2025, 7, 29, 19, 37, 33, 889697, tzinfo=datetime.timezone.utc), end_date=None, state=<TaskInstanceState.RUNNING: 'running'>, is_mapped=False, rendered_map_index=None, log_url='http://localhost:8080/dags/python_operator_v1/runs/scheduled__2023-06-23T14%3A26%3A00%2B00%3A00/tasks/python?try_number=1'),","chan":"stdout","logger":"task"}
{"timestamp":"2025-07-29T19:37:34.467183Z","level":"info","event":" 'task_instance_key_str': 'python_operator_v1__python__20230623',","chan":"stdout","logger":"task"}
{"timestamp":"2025-07-29T19:37:34.467248Z","level":"info","event":" 'task_reschedule_count': 0,","chan":"stdout","logger":"task"}
{"timestamp":"2025-07-29T19:37:34.467314Z","level":"info","event":" 'templates_dict': None,","chan":"stdout","logger":"task"}
{"timestamp":"2025-07-29T19:37:34.467375Z","level":"info","event":" 'ti': RuntimeTaskInstance(id=UUID('019857b0-a089-7e58-89d7-f6097b1437fe'), task_id='python', dag_id='python_operator_v1', run_id='scheduled__2023-06-23T14:26:00+00:00', try_number=1, map_index=-1, hostname='bf6f1e7a6f11', context_carrier={}, task=<Task(PythonOperator): python>, bundle_instance=LocalDagBundle(name=dags-folder), max_tries=0, start_date=datetime.datetime(2025, 7, 29, 19, 37, 33, 889697, tzinfo=datetime.timezone.utc), end_date=None, state=<TaskInstanceState.RUNNING: 'running'>, is_mapped=False, rendered_map_index=None, log_url='http://localhost:8080/dags/python_operator_v1/runs/scheduled__2023-06-23T14%3A26%3A00%2B00%3A00/tasks/python?try_number=1'),","chan":"stdout","logger":"task"}
{"timestamp":"2025-07-29T19:37:34.467496Z","level":"info","event":" 'triggering_asset_events': TriggeringAssetEventsAccessor(_events=defaultdict(<class 'list'>, {})),","chan":"stdout","logger":"task"}
{"timestamp":"2025-07-29T19:37:34.467574Z","level":"info","event":" 'ts': '2023-06-23T14:26:00+00:00',","chan":"stdout","logger":"task"}
{"timestamp":"2025-07-29T19:37:34.467638Z","level":"info","event":" 'ts_nodash': '20230623T142600',","chan":"stdout","logger":"task"}
{"timestamp":"2025-07-29T19:37:34.467697Z","level":"info","event":" 'ts_nodash_with_tz': '20230623T142600+0000',","chan":"stdout","logger":"task"}
{"timestamp":"2025-07-29T19:37:34.467761Z","level":"info","event":" 'var': {'json': <VariableAccessor (dynamic access)>,","chan":"stdout","logger":"task"}
{"timestamp":"2025-07-29T19:37:34.467830Z","level":"info","event":"         'value': <VariableAccessor (dynamic access)>}}","chan":"stdout","logger":"task"}
{"timestamp":"2025-07-29T19:37:34.467708","level":"info","event":"Done. Returned value was: 123","logger":"airflow.task.operators.airflow.providers.standard.operators.python.PythonOperator"}
{"timestamp":"2025-07-29T19:37:34.468178","level":"info","event":"Pushing xcom","ti":"RuntimeTaskInstance(id=UUID('019857b0-a089-7e58-89d7-f6097b1437fe'), task_id='python', dag_id='python_operator_v1', run_id='scheduled__2023-06-23T14:26:00+00:00', try_number=1, map_index=-1, hostname='bf6f1e7a6f11', context_carrier={}, task=<Task(PythonOperator): python>, bundle_instance=LocalDagBundle(name=dags-folder), max_tries=0, start_date=datetime.datetime(2025, 7, 29, 19, 37, 33, 889697, tzinfo=datetime.timezone.utc), end_date=None, state=<TaskInstanceState.RUNNING: 'running'>, is_mapped=False, rendered_map_index=None, log_url='http://localhost:8080/dags/python_operator_v1/runs/scheduled__2023-06-23T14%3A26%3A00%2B00%3A00/tasks/python?try_number=1')","logger":"task"}
{"timestamp":"2025-07-29T19:37:34.500042Z","level":"info","event":"Task instance in success state","chan":"stdout","logger":"task"}
{"timestamp":"2025-07-29T19:37:34.500273Z","level":"info","event":" Previous state of the Task instance: TaskInstanceState.RUNNING","chan":"stdout","logger":"task"}
{"timestamp":"2025-07-29T19:37:34.500437Z","level":"info","event":"Task operator:<Task(PythonOperator): python>","chan":"stdout","logger":"task"}
