{"timestamp":"2025-07-29T20:03:26.501602","level":"info","event":"DAG bundles loaded: dags-folder, example_dags","logger":"airflow.dag_processing.bundles.manager.DagBundlesManager"}
{"timestamp":"2025-07-29T20:03:26.502186","level":"info","event":"Filling up the DagBag from /opt/airflow/dags/3_dag_principal.py","logger":"airflow.models.dagbag.DagBag"}
{"timestamp":"2025-07-29T20:03:26.538797Z","level":"info","event":"Task instance is in running state","chan":"stdout","logger":"task"}
{"timestamp":"2025-07-29T20:03:26.539013Z","level":"info","event":" Previous state of the Task instance: TaskInstanceState.QUEUED","chan":"stdout","logger":"task"}
{"timestamp":"2025-07-29T20:03:26.539863Z","level":"info","event":"Current task name:python_principal","chan":"stdout","logger":"task"}
{"timestamp":"2025-07-29T20:03:26.540026Z","level":"info","event":"Dag name:3_DAG_principal","chan":"stdout","logger":"task"}
{"timestamp":"2025-07-29T20:03:26.541406Z","level":"info","event":"DAG principal","chan":"stdout","logger":"task"}
{"timestamp":"2025-07-29T20:03:26.542443Z","level":"info","event":"{'conn': <ConnectionAccessor (dynamic access)>,","chan":"stdout","logger":"task"}
{"timestamp":"2025-07-29T20:03:26.542768Z","level":"info","event":" 'dag': <DAG: 3_DAG_principal>,","chan":"stdout","logger":"task"}
{"timestamp":"2025-07-29T20:03:26.542925Z","level":"info","event":" 'dag_run': DagRun(dag_id='3_DAG_principal', run_id='scheduled__2024-03-10T20:00:00+00:00', logical_date=datetime.datetime(2024, 3, 10, 20, 0, tzinfo=datetime.timezone.utc), data_interval_start=datetime.datetime(2024, 3, 10, 20, 0, tzinfo=datetime.timezone.utc), data_interval_end=datetime.datetime(2024, 3, 10, 20, 0, tzinfo=datetime.timezone.utc), run_after=datetime.datetime(2024, 3, 10, 20, 0, tzinfo=datetime.timezone.utc), start_date=datetime.datetime(2025, 7, 29, 20, 3, 25, 365749, tzinfo=datetime.timezone.utc), end_date=None, clear_number=0, run_type=<DagRunType.SCHEDULED: 'scheduled'>, conf={}, consumed_asset_events=[]),","chan":"stdout","logger":"task"}
{"timestamp":"2025-07-29T20:03:26.542992Z","level":"info","event":" 'data_interval_end': DateTime(2024, 3, 10, 20, 0, 0, tzinfo=Timezone('UTC')),","chan":"stdout","logger":"task"}
{"timestamp":"2025-07-29T20:03:26.543053Z","level":"info","event":" 'data_interval_start': DateTime(2024, 3, 10, 20, 0, 0, tzinfo=Timezone('UTC')),","chan":"stdout","logger":"task"}
{"timestamp":"2025-07-29T20:03:26.543100Z","level":"info","event":" 'ds': '2024-03-10',","chan":"stdout","logger":"task"}
{"timestamp":"2025-07-29T20:03:26.543147Z","level":"info","event":" 'ds_nodash': '20240310',","chan":"stdout","logger":"task"}
{"timestamp":"2025-07-29T20:03:26.543189Z","level":"info","event":" 'inlet_events': InletEventsAccessors(_inlets=[], _assets={}, _asset_aliases={}),","chan":"stdout","logger":"task"}
{"timestamp":"2025-07-29T20:03:26.543231Z","level":"info","event":" 'inlets': [],","chan":"stdout","logger":"task"}
{"timestamp":"2025-07-29T20:03:26.543273Z","level":"info","event":" 'logical_date': DateTime(2024, 3, 10, 20, 0, 0, tzinfo=Timezone('UTC')),","chan":"stdout","logger":"task"}
{"timestamp":"2025-07-29T20:03:26.543317Z","level":"info","event":" 'macros': <MacrosAccessor (dynamic access to macros)>,","chan":"stdout","logger":"task"}
{"timestamp":"2025-07-29T20:03:26.543376Z","level":"info","event":" 'map_index_template': None,","chan":"stdout","logger":"task"}
{"timestamp":"2025-07-29T20:03:26.543425Z","level":"info","event":" 'outlet_events': <airflow.sdk.execution_time.context.OutletEventAccessors object at 0x7fb677b5cd40>,","chan":"stdout","logger":"task"}
{"timestamp":"2025-07-29T20:03:26.543495Z","level":"info","event":" 'outlets': [],","chan":"stdout","logger":"task"}
{"timestamp":"2025-07-29T20:03:26.543565Z","level":"info","event":" 'params': {},","chan":"stdout","logger":"task"}
{"timestamp":"2025-07-29T20:03:26.573865Z","level":"info","event":" 'prev_data_interval_end_success': <Proxy at 0x7fb66fc0c050 with factory <function RuntimeTaskInstance.get_template_context.<locals>.<lambda> at 0x7fb66fdfefc0>>,","chan":"stdout","logger":"task"}
{"timestamp":"2025-07-29T20:03:26.574096Z","level":"info","event":" 'prev_data_interval_start_success': <Proxy at 0x7fb66fc0c140 with factory <function RuntimeTaskInstance.get_template_context.<locals>.<lambda> at 0x7fb66fdfd800>>,","chan":"stdout","logger":"task"}
{"timestamp":"2025-07-29T20:03:26.574196Z","level":"info","event":" 'prev_end_date_success': <Proxy at 0x7fb66fc0c3b0 with factory <function RuntimeTaskInstance.get_template_context.<locals>.<lambda> at 0x7fb66fdff060>>,","chan":"stdout","logger":"task"}
{"timestamp":"2025-07-29T20:03:26.574265Z","level":"info","event":" 'prev_start_date_success': <Proxy at 0x7fb66fd4aa20 with factory <function RuntimeTaskInstance.get_template_context.<locals>.<lambda> at 0x7fb66fdfdda0>>,","chan":"stdout","logger":"task"}
{"timestamp":"2025-07-29T20:03:26.574330Z","level":"info","event":" 'run_id': 'scheduled__2024-03-10T20:00:00+00:00',","chan":"stdout","logger":"task"}
{"timestamp":"2025-07-29T20:03:26.574402Z","level":"info","event":" 'task': <Task(PythonOperator): python_principal>,","chan":"stdout","logger":"task"}
{"timestamp":"2025-07-29T20:03:26.574467Z","level":"info","event":" 'task_instance': RuntimeTaskInstance(id=UUID('019857c8-5c1f-702c-a93f-b86c4ba87e01'), task_id='python_principal', dag_id='3_DAG_principal', run_id='scheduled__2024-03-10T20:00:00+00:00', try_number=1, map_index=-1, hostname='bf6f1e7a6f11', context_carrier={}, task=<Task(PythonOperator): python_principal>, bundle_instance=LocalDagBundle(name=dags-folder), max_tries=0, start_date=datetime.datetime(2025, 7, 29, 20, 3, 25, 824129, tzinfo=datetime.timezone.utc), end_date=None, state=<TaskInstanceState.RUNNING: 'running'>, is_mapped=False, rendered_map_index=None, log_url='http://localhost:8080/dags/3_DAG_principal/runs/scheduled__2024-03-10T20%3A00%3A00%2B00%3A00/tasks/python_principal?try_number=1'),","chan":"stdout","logger":"task"}
{"timestamp":"2025-07-29T20:03:26.574583Z","level":"info","event":" 'task_instance_key_str': '3_DAG_principal__python_principal__20240310',","chan":"stdout","logger":"task"}
{"timestamp":"2025-07-29T20:03:26.574657Z","level":"info","event":" 'task_reschedule_count': 0,","chan":"stdout","logger":"task"}
{"timestamp":"2025-07-29T20:03:26.574721Z","level":"info","event":" 'templates_dict': None,","chan":"stdout","logger":"task"}
{"timestamp":"2025-07-29T20:03:26.574784Z","level":"info","event":" 'ti': RuntimeTaskInstance(id=UUID('019857c8-5c1f-702c-a93f-b86c4ba87e01'), task_id='python_principal', dag_id='3_DAG_principal', run_id='scheduled__2024-03-10T20:00:00+00:00', try_number=1, map_index=-1, hostname='bf6f1e7a6f11', context_carrier={}, task=<Task(PythonOperator): python_principal>, bundle_instance=LocalDagBundle(name=dags-folder), max_tries=0, start_date=datetime.datetime(2025, 7, 29, 20, 3, 25, 824129, tzinfo=datetime.timezone.utc), end_date=None, state=<TaskInstanceState.RUNNING: 'running'>, is_mapped=False, rendered_map_index=None, log_url='http://localhost:8080/dags/3_DAG_principal/runs/scheduled__2024-03-10T20%3A00%3A00%2B00%3A00/tasks/python_principal?try_number=1'),","chan":"stdout","logger":"task"}
{"timestamp":"2025-07-29T20:03:26.574849Z","level":"info","event":" 'triggering_asset_events': TriggeringAssetEventsAccessor(_events=defaultdict(<class 'list'>, {})),","chan":"stdout","logger":"task"}
{"timestamp":"2025-07-29T20:03:26.574911Z","level":"info","event":" 'ts': '2024-03-10T20:00:00+00:00',","chan":"stdout","logger":"task"}
{"timestamp":"2025-07-29T20:03:26.575010Z","level":"info","event":" 'ts_nodash': '20240310T200000',","chan":"stdout","logger":"task"}
{"timestamp":"2025-07-29T20:03:26.575239Z","level":"info","event":" 'ts_nodash_with_tz': '20240310T200000+0000',","chan":"stdout","logger":"task"}
{"timestamp":"2025-07-29T20:03:26.575337Z","level":"info","event":" 'var': {'json': <VariableAccessor (dynamic access)>,","chan":"stdout","logger":"task"}
{"timestamp":"2025-07-29T20:03:26.575419Z","level":"info","event":"         'value': <VariableAccessor (dynamic access)>}}","chan":"stdout","logger":"task"}
{"timestamp":"2025-07-29T20:03:26.574459","level":"info","event":"Done. Returned value was: principal","logger":"airflow.task.operators.airflow.providers.standard.operators.python.PythonOperator"}
{"timestamp":"2025-07-29T20:03:26.574774","level":"info","event":"Pushing xcom","ti":"RuntimeTaskInstance(id=UUID('019857c8-5c1f-702c-a93f-b86c4ba87e01'), task_id='python_principal', dag_id='3_DAG_principal', run_id='scheduled__2024-03-10T20:00:00+00:00', try_number=1, map_index=-1, hostname='bf6f1e7a6f11', context_carrier={}, task=<Task(PythonOperator): python_principal>, bundle_instance=LocalDagBundle(name=dags-folder), max_tries=0, start_date=datetime.datetime(2025, 7, 29, 20, 3, 25, 824129, tzinfo=datetime.timezone.utc), end_date=None, state=<TaskInstanceState.RUNNING: 'running'>, is_mapped=False, rendered_map_index=None, log_url='http://localhost:8080/dags/3_DAG_principal/runs/scheduled__2024-03-10T20%3A00%3A00%2B00%3A00/tasks/python_principal?try_number=1')","logger":"task"}
{"timestamp":"2025-07-29T20:03:26.605582Z","level":"info","event":"Task instance in success state","chan":"stdout","logger":"task"}
{"timestamp":"2025-07-29T20:03:26.605780Z","level":"info","event":" Previous state of the Task instance: TaskInstanceState.RUNNING","chan":"stdout","logger":"task"}
{"timestamp":"2025-07-29T20:03:26.605930Z","level":"info","event":"Task operator:<Task(PythonOperator): python_principal>","chan":"stdout","logger":"task"}
