{"timestamp":"2025-07-29T20:04:19.369611","level":"info","event":"DAG bundles loaded: dags-folder, example_dags","logger":"airflow.dag_processing.bundles.manager.DagBundlesManager"}
{"timestamp":"2025-07-29T20:04:19.370456","level":"info","event":"Filling up the DagBag from /opt/airflow/dags/3_dag_principal.py","logger":"airflow.models.dagbag.DagBag"}
{"timestamp":"2025-07-29T20:04:19.412291Z","level":"info","event":"Task instance is in running state","chan":"stdout","logger":"task"}
{"timestamp":"2025-07-29T20:04:19.412486Z","level":"info","event":" Previous state of the Task instance: TaskInstanceState.QUEUED","chan":"stdout","logger":"task"}
{"timestamp":"2025-07-29T20:04:19.413041Z","level":"info","event":"Current task name:python_principal","chan":"stdout","logger":"task"}
{"timestamp":"2025-07-29T20:04:19.413181Z","level":"info","event":"Dag name:3_DAG_principal","chan":"stdout","logger":"task"}
{"timestamp":"2025-07-29T20:04:19.414268Z","level":"info","event":"DAG principal","chan":"stdout","logger":"task"}
{"timestamp":"2025-07-29T20:04:19.414900Z","level":"info","event":"{'conn': <ConnectionAccessor (dynamic access)>,","chan":"stdout","logger":"task"}
{"timestamp":"2025-07-29T20:04:19.415059Z","level":"info","event":" 'dag': <DAG: 3_DAG_principal>,","chan":"stdout","logger":"task"}
{"timestamp":"2025-07-29T20:04:19.415238Z","level":"info","event":" 'dag_run': DagRun(dag_id='3_DAG_principal', run_id='scheduled__2024-04-30T20:00:00+00:00', logical_date=datetime.datetime(2024, 4, 30, 20, 0, tzinfo=datetime.timezone.utc), data_interval_start=datetime.datetime(2024, 4, 30, 20, 0, tzinfo=datetime.timezone.utc), data_interval_end=datetime.datetime(2024, 4, 30, 20, 0, tzinfo=datetime.timezone.utc), run_after=datetime.datetime(2024, 4, 30, 20, 0, tzinfo=datetime.timezone.utc), start_date=datetime.datetime(2025, 7, 29, 20, 4, 17, 776074, tzinfo=datetime.timezone.utc), end_date=None, clear_number=0, run_type=<DagRunType.SCHEDULED: 'scheduled'>, conf={}, consumed_asset_events=[]),","chan":"stdout","logger":"task"}
{"timestamp":"2025-07-29T20:04:19.415355Z","level":"info","event":" 'data_interval_end': DateTime(2024, 4, 30, 20, 0, 0, tzinfo=Timezone('UTC')),","chan":"stdout","logger":"task"}
{"timestamp":"2025-07-29T20:04:19.415438Z","level":"info","event":" 'data_interval_start': DateTime(2024, 4, 30, 20, 0, 0, tzinfo=Timezone('UTC')),","chan":"stdout","logger":"task"}
{"timestamp":"2025-07-29T20:04:19.415510Z","level":"info","event":" 'ds': '2024-04-30',","chan":"stdout","logger":"task"}
{"timestamp":"2025-07-29T20:04:19.415586Z","level":"info","event":" 'ds_nodash': '20240430',","chan":"stdout","logger":"task"}
{"timestamp":"2025-07-29T20:04:19.415660Z","level":"info","event":" 'inlet_events': InletEventsAccessors(_inlets=[], _assets={}, _asset_aliases={}),","chan":"stdout","logger":"task"}
{"timestamp":"2025-07-29T20:04:19.415731Z","level":"info","event":" 'inlets': [],","chan":"stdout","logger":"task"}
{"timestamp":"2025-07-29T20:04:19.415805Z","level":"info","event":" 'logical_date': DateTime(2024, 4, 30, 20, 0, 0, tzinfo=Timezone('UTC')),","chan":"stdout","logger":"task"}
{"timestamp":"2025-07-29T20:04:19.415875Z","level":"info","event":" 'macros': <MacrosAccessor (dynamic access to macros)>,","chan":"stdout","logger":"task"}
{"timestamp":"2025-07-29T20:04:19.415947Z","level":"info","event":" 'map_index_template': None,","chan":"stdout","logger":"task"}
{"timestamp":"2025-07-29T20:04:19.416019Z","level":"info","event":" 'outlet_events': <airflow.sdk.execution_time.context.OutletEventAccessors object at 0x7fb66fc12fc0>,","chan":"stdout","logger":"task"}
{"timestamp":"2025-07-29T20:04:19.416088Z","level":"info","event":" 'outlets': [],","chan":"stdout","logger":"task"}
{"timestamp":"2025-07-29T20:04:19.416152Z","level":"info","event":" 'params': {},","chan":"stdout","logger":"task"}
{"timestamp":"2025-07-29T20:04:19.433105Z","level":"info","event":" 'prev_data_interval_end_success': <Proxy at 0x7fb66fc34680 with factory <function RuntimeTaskInstance.get_template_context.<locals>.<lambda> at 0x7fb66fc3bec0>>,","chan":"stdout","logger":"task"}
{"timestamp":"2025-07-29T20:04:19.433330Z","level":"info","event":" 'prev_data_interval_start_success': <Proxy at 0x7fb66fc345f0 with factory <function RuntimeTaskInstance.get_template_context.<locals>.<lambda> at 0x7fb66fc3a700>>,","chan":"stdout","logger":"task"}
{"timestamp":"2025-07-29T20:04:19.433499Z","level":"info","event":" 'prev_end_date_success': <Proxy at 0x7fb66ffb7410 with factory <function RuntimeTaskInstance.get_template_context.<locals>.<lambda> at 0x7fb66fc3bf60>>,","chan":"stdout","logger":"task"}
{"timestamp":"2025-07-29T20:04:19.433561Z","level":"info","event":" 'prev_start_date_success': <Proxy at 0x7fb67d332e10 with factory <function RuntimeTaskInstance.get_template_context.<locals>.<lambda> at 0x7fb66fc3aca0>>,","chan":"stdout","logger":"task"}
{"timestamp":"2025-07-29T20:04:19.433608Z","level":"info","event":" 'run_id': 'scheduled__2024-04-30T20:00:00+00:00',","chan":"stdout","logger":"task"}
{"timestamp":"2025-07-29T20:04:19.433652Z","level":"info","event":" 'task': <Task(PythonOperator): python_principal>,","chan":"stdout","logger":"task"}
{"timestamp":"2025-07-29T20:04:19.433696Z","level":"info","event":" 'task_instance': RuntimeTaskInstance(id=UUID('019857c9-28d1-7e6d-8ab3-b326f483b770'), task_id='python_principal', dag_id='3_DAG_principal', run_id='scheduled__2024-04-30T20:00:00+00:00', try_number=1, map_index=-1, hostname='bf6f1e7a6f11', context_carrier={}, task=<Task(PythonOperator): python_principal>, bundle_instance=LocalDagBundle(name=dags-folder), max_tries=0, start_date=datetime.datetime(2025, 7, 29, 20, 4, 18, 508604, tzinfo=datetime.timezone.utc), end_date=None, state=<TaskInstanceState.RUNNING: 'running'>, is_mapped=False, rendered_map_index=None, log_url='http://localhost:8080/dags/3_DAG_principal/runs/scheduled__2024-04-30T20%3A00%3A00%2B00%3A00/tasks/python_principal?try_number=1'),","chan":"stdout","logger":"task"}
{"timestamp":"2025-07-29T20:04:19.433753Z","level":"info","event":" 'task_instance_key_str': '3_DAG_principal__python_principal__20240430',","chan":"stdout","logger":"task"}
{"timestamp":"2025-07-29T20:04:19.433812Z","level":"info","event":" 'task_reschedule_count': 0,","chan":"stdout","logger":"task"}
{"timestamp":"2025-07-29T20:04:19.433857Z","level":"info","event":" 'templates_dict': None,","chan":"stdout","logger":"task"}
{"timestamp":"2025-07-29T20:04:19.433932Z","level":"info","event":" 'ti': RuntimeTaskInstance(id=UUID('019857c9-28d1-7e6d-8ab3-b326f483b770'), task_id='python_principal', dag_id='3_DAG_principal', run_id='scheduled__2024-04-30T20:00:00+00:00', try_number=1, map_index=-1, hostname='bf6f1e7a6f11', context_carrier={}, task=<Task(PythonOperator): python_principal>, bundle_instance=LocalDagBundle(name=dags-folder), max_tries=0, start_date=datetime.datetime(2025, 7, 29, 20, 4, 18, 508604, tzinfo=datetime.timezone.utc), end_date=None, state=<TaskInstanceState.RUNNING: 'running'>, is_mapped=False, rendered_map_index=None, log_url='http://localhost:8080/dags/3_DAG_principal/runs/scheduled__2024-04-30T20%3A00%3A00%2B00%3A00/tasks/python_principal?try_number=1'),","chan":"stdout","logger":"task"}
{"timestamp":"2025-07-29T20:04:19.433999Z","level":"info","event":" 'triggering_asset_events': TriggeringAssetEventsAccessor(_events=defaultdict(<class 'list'>, {})),","chan":"stdout","logger":"task"}
{"timestamp":"2025-07-29T20:04:19.434070Z","level":"info","event":" 'ts': '2024-04-30T20:00:00+00:00',","chan":"stdout","logger":"task"}
{"timestamp":"2025-07-29T20:04:19.434138Z","level":"info","event":" 'ts_nodash': '20240430T200000',","chan":"stdout","logger":"task"}
{"timestamp":"2025-07-29T20:04:19.434208Z","level":"info","event":" 'ts_nodash_with_tz': '20240430T200000+0000',","chan":"stdout","logger":"task"}
{"timestamp":"2025-07-29T20:04:19.434283Z","level":"info","event":" 'var': {'json': <VariableAccessor (dynamic access)>,","chan":"stdout","logger":"task"}
{"timestamp":"2025-07-29T20:04:19.434355Z","level":"info","event":"         'value': <VariableAccessor (dynamic access)>}}","chan":"stdout","logger":"task"}
{"timestamp":"2025-07-29T20:04:19.432618","level":"info","event":"Done. Returned value was: principal","logger":"airflow.task.operators.airflow.providers.standard.operators.python.PythonOperator"}
{"timestamp":"2025-07-29T20:04:19.433003","level":"info","event":"Pushing xcom","ti":"RuntimeTaskInstance(id=UUID('019857c9-28d1-7e6d-8ab3-b326f483b770'), task_id='python_principal', dag_id='3_DAG_principal', run_id='scheduled__2024-04-30T20:00:00+00:00', try_number=1, map_index=-1, hostname='bf6f1e7a6f11', context_carrier={}, task=<Task(PythonOperator): python_principal>, bundle_instance=LocalDagBundle(name=dags-folder), max_tries=0, start_date=datetime.datetime(2025, 7, 29, 20, 4, 18, 508604, tzinfo=datetime.timezone.utc), end_date=None, state=<TaskInstanceState.RUNNING: 'running'>, is_mapped=False, rendered_map_index=None, log_url='http://localhost:8080/dags/3_DAG_principal/runs/scheduled__2024-04-30T20%3A00%3A00%2B00%3A00/tasks/python_principal?try_number=1')","logger":"task"}
{"timestamp":"2025-07-29T20:04:19.512093Z","level":"info","event":"Task instance in success state","chan":"stdout","logger":"task"}
{"timestamp":"2025-07-29T20:04:19.512443Z","level":"info","event":" Previous state of the Task instance: TaskInstanceState.RUNNING","chan":"stdout","logger":"task"}
{"timestamp":"2025-07-29T20:04:19.512568Z","level":"info","event":"Task operator:<Task(PythonOperator): python_principal>","chan":"stdout","logger":"task"}
