{"timestamp":"2025-07-29T19:49:48.765797","level":"info","event":"DAG bundles loaded: dags-folder, example_dags","logger":"airflow.dag_processing.bundles.manager.DagBundlesManager"}
{"timestamp":"2025-07-29T19:49:48.766700","level":"info","event":"Filling up the DagBag from /opt/airflow/dags/2_python_operator_v1.py","logger":"airflow.models.dagbag.DagBag"}
{"timestamp":"2025-07-29T19:49:48.792602Z","level":"info","event":"Task instance is in running state","chan":"stdout","logger":"task"}
{"timestamp":"2025-07-29T19:49:48.792818Z","level":"info","event":" Previous state of the Task instance: TaskInstanceState.QUEUED","chan":"stdout","logger":"task"}
{"timestamp":"2025-07-29T19:49:48.793428Z","level":"info","event":"Current task name:python","chan":"stdout","logger":"task"}
{"timestamp":"2025-07-29T19:49:48.793664Z","level":"info","event":"Dag name:python_operator_v1","chan":"stdout","logger":"task"}
{"timestamp":"2025-07-29T19:49:48.795155Z","level":"info","event":"poliana","chan":"stdout","logger":"task"}
{"timestamp":"2025-07-29T19:49:48.795967Z","level":"info","event":"{'conn': <ConnectionAccessor (dynamic access)>,","chan":"stdout","logger":"task"}
{"timestamp":"2025-07-29T19:49:48.796089Z","level":"info","event":" 'dag': <DAG: python_operator_v1>,","chan":"stdout","logger":"task"}
{"timestamp":"2025-07-29T19:49:48.796226Z","level":"info","event":" 'dag_run': DagRun(dag_id='python_operator_v1', run_id='scheduled__2023-06-24T03:45:00+00:00', logical_date=datetime.datetime(2023, 6, 24, 3, 45, tzinfo=datetime.timezone.utc), data_interval_start=datetime.datetime(2023, 6, 24, 3, 45, tzinfo=datetime.timezone.utc), data_interval_end=datetime.datetime(2023, 6, 24, 3, 45, tzinfo=datetime.timezone.utc), run_after=datetime.datetime(2023, 6, 24, 3, 45, tzinfo=datetime.timezone.utc), start_date=datetime.datetime(2025, 7, 29, 19, 49, 47, 860506, tzinfo=datetime.timezone.utc), end_date=None, clear_number=0, run_type=<DagRunType.SCHEDULED: 'scheduled'>, conf={}, consumed_asset_events=[]),","chan":"stdout","logger":"task"}
{"timestamp":"2025-07-29T19:49:48.796347Z","level":"info","event":" 'data_interval_end': DateTime(2023, 6, 24, 3, 45, 0, tzinfo=Timezone('UTC')),","chan":"stdout","logger":"task"}
{"timestamp":"2025-07-29T19:49:48.796434Z","level":"info","event":" 'data_interval_start': DateTime(2023, 6, 24, 3, 45, 0, tzinfo=Timezone('UTC')),","chan":"stdout","logger":"task"}
{"timestamp":"2025-07-29T19:49:48.796511Z","level":"info","event":" 'ds': '2023-06-24',","chan":"stdout","logger":"task"}
{"timestamp":"2025-07-29T19:49:48.796589Z","level":"info","event":" 'ds_nodash': '20230624',","chan":"stdout","logger":"task"}
{"timestamp":"2025-07-29T19:49:48.796659Z","level":"info","event":" 'inlet_events': InletEventsAccessors(_inlets=[], _assets={}, _asset_aliases={}),","chan":"stdout","logger":"task"}
{"timestamp":"2025-07-29T19:49:48.796732Z","level":"info","event":" 'inlets': [],","chan":"stdout","logger":"task"}
{"timestamp":"2025-07-29T19:49:48.796806Z","level":"info","event":" 'logical_date': DateTime(2023, 6, 24, 3, 45, 0, tzinfo=Timezone('UTC')),","chan":"stdout","logger":"task"}
{"timestamp":"2025-07-29T19:49:48.796907Z","level":"info","event":" 'macros': <MacrosAccessor (dynamic access to macros)>,","chan":"stdout","logger":"task"}
{"timestamp":"2025-07-29T19:49:48.796988Z","level":"info","event":" 'map_index_template': None,","chan":"stdout","logger":"task"}
{"timestamp":"2025-07-29T19:49:48.797061Z","level":"info","event":" 'outlet_events': <airflow.sdk.execution_time.context.OutletEventAccessors object at 0x7fb67badfa70>,","chan":"stdout","logger":"task"}
{"timestamp":"2025-07-29T19:49:48.797135Z","level":"info","event":" 'outlets': [],","chan":"stdout","logger":"task"}
{"timestamp":"2025-07-29T19:49:48.797207Z","level":"info","event":" 'params': {},","chan":"stdout","logger":"task"}
{"timestamp":"2025-07-29T19:49:48.807718Z","level":"info","event":" 'prev_data_interval_end_success': <Proxy at 0x7fb66fcbcf50 with factory <function RuntimeTaskInstance.get_template_context.<locals>.<lambda> at 0x7fb66fcdcd60>>,","chan":"stdout","logger":"task"}
{"timestamp":"2025-07-29T19:49:48.808024Z","level":"info","event":" 'prev_data_interval_start_success': <Proxy at 0x7fb67e394ef0 with factory <function RuntimeTaskInstance.get_template_context.<locals>.<lambda> at 0x7fb66fcc7ba0>>,","chan":"stdout","logger":"task"}
{"timestamp":"2025-07-29T19:49:48.808182Z","level":"info","event":" 'prev_end_date_success': <Proxy at 0x7fb677e8cbc0 with factory <function RuntimeTaskInstance.get_template_context.<locals>.<lambda> at 0x7fb66fcc7560>>,","chan":"stdout","logger":"task"}
{"timestamp":"2025-07-29T19:49:48.808270Z","level":"info","event":" 'prev_start_date_success': <Proxy at 0x7fb677e8cb00 with factory <function RuntimeTaskInstance.get_template_context.<locals>.<lambda> at 0x7fb66fcc7a60>>,","chan":"stdout","logger":"task"}
{"timestamp":"2025-07-29T19:49:48.808363Z","level":"info","event":" 'run_id': 'scheduled__2023-06-24T03:45:00+00:00',","chan":"stdout","logger":"task"}
{"timestamp":"2025-07-29T19:49:48.808461Z","level":"info","event":" 'task': <Task(PythonOperator): python>,","chan":"stdout","logger":"task"}
{"timestamp":"2025-07-29T19:49:48.808546Z","level":"info","event":" 'task_instance': RuntimeTaskInstance(id=UUID('019857bb-e2cd-79fc-87a4-eb163fa1450a'), task_id='python', dag_id='python_operator_v1', run_id='scheduled__2023-06-24T03:45:00+00:00', try_number=1, map_index=-1, hostname='bf6f1e7a6f11', context_carrier={}, task=<Task(PythonOperator): python>, bundle_instance=LocalDagBundle(name=dags-folder), max_tries=0, start_date=datetime.datetime(2025, 7, 29, 19, 49, 48, 138645, tzinfo=datetime.timezone.utc), end_date=None, state=<TaskInstanceState.RUNNING: 'running'>, is_mapped=False, rendered_map_index=None, log_url='http://localhost:8080/dags/python_operator_v1/runs/scheduled__2023-06-24T03%3A45%3A00%2B00%3A00/tasks/python?try_number=1'),","chan":"stdout","logger":"task"}
{"timestamp":"2025-07-29T19:49:48.808622Z","level":"info","event":" 'task_instance_key_str': 'python_operator_v1__python__20230624',","chan":"stdout","logger":"task"}
{"timestamp":"2025-07-29T19:49:48.808688Z","level":"info","event":" 'task_reschedule_count': 0,","chan":"stdout","logger":"task"}
{"timestamp":"2025-07-29T19:49:48.808761Z","level":"info","event":" 'templates_dict': None,","chan":"stdout","logger":"task"}
{"timestamp":"2025-07-29T19:49:48.808827Z","level":"info","event":" 'ti': RuntimeTaskInstance(id=UUID('019857bb-e2cd-79fc-87a4-eb163fa1450a'), task_id='python', dag_id='python_operator_v1', run_id='scheduled__2023-06-24T03:45:00+00:00', try_number=1, map_index=-1, hostname='bf6f1e7a6f11', context_carrier={}, task=<Task(PythonOperator): python>, bundle_instance=LocalDagBundle(name=dags-folder), max_tries=0, start_date=datetime.datetime(2025, 7, 29, 19, 49, 48, 138645, tzinfo=datetime.timezone.utc), end_date=None, state=<TaskInstanceState.RUNNING: 'running'>, is_mapped=False, rendered_map_index=None, log_url='http://localhost:8080/dags/python_operator_v1/runs/scheduled__2023-06-24T03%3A45%3A00%2B00%3A00/tasks/python?try_number=1'),","chan":"stdout","logger":"task"}
{"timestamp":"2025-07-29T19:49:48.808891Z","level":"info","event":" 'triggering_asset_events': TriggeringAssetEventsAccessor(_events=defaultdict(<class 'list'>, {})),","chan":"stdout","logger":"task"}
{"timestamp":"2025-07-29T19:49:48.809036Z","level":"info","event":" 'ts': '2023-06-24T03:45:00+00:00',","chan":"stdout","logger":"task"}
{"timestamp":"2025-07-29T19:49:48.809115Z","level":"info","event":" 'ts_nodash': '20230624T034500',","chan":"stdout","logger":"task"}
{"timestamp":"2025-07-29T19:49:48.809179Z","level":"info","event":" 'ts_nodash_with_tz': '20230624T034500+0000',","chan":"stdout","logger":"task"}
{"timestamp":"2025-07-29T19:49:48.809241Z","level":"info","event":" 'var': {'json': <VariableAccessor (dynamic access)>,","chan":"stdout","logger":"task"}
{"timestamp":"2025-07-29T19:49:48.809347Z","level":"info","event":"         'value': <VariableAccessor (dynamic access)>}}","chan":"stdout","logger":"task"}
{"timestamp":"2025-07-29T19:49:48.808811","level":"info","event":"Done. Returned value was: 123","logger":"airflow.task.operators.airflow.providers.standard.operators.python.PythonOperator"}
{"timestamp":"2025-07-29T19:49:48.809169","level":"info","event":"Pushing xcom","ti":"RuntimeTaskInstance(id=UUID('019857bb-e2cd-79fc-87a4-eb163fa1450a'), task_id='python', dag_id='python_operator_v1', run_id='scheduled__2023-06-24T03:45:00+00:00', try_number=1, map_index=-1, hostname='bf6f1e7a6f11', context_carrier={}, task=<Task(PythonOperator): python>, bundle_instance=LocalDagBundle(name=dags-folder), max_tries=0, start_date=datetime.datetime(2025, 7, 29, 19, 49, 48, 138645, tzinfo=datetime.timezone.utc), end_date=None, state=<TaskInstanceState.RUNNING: 'running'>, is_mapped=False, rendered_map_index=None, log_url='http://localhost:8080/dags/python_operator_v1/runs/scheduled__2023-06-24T03%3A45%3A00%2B00%3A00/tasks/python?try_number=1')","logger":"task"}
{"timestamp":"2025-07-29T19:49:48.841192Z","level":"info","event":"Task instance in success state","chan":"stdout","logger":"task"}
{"timestamp":"2025-07-29T19:49:48.841367Z","level":"info","event":" Previous state of the Task instance: TaskInstanceState.RUNNING","chan":"stdout","logger":"task"}
{"timestamp":"2025-07-29T19:49:48.841509Z","level":"info","event":"Task operator:<Task(PythonOperator): python>","chan":"stdout","logger":"task"}
