{"timestamp":"2025-07-29T20:01:08.004546","level":"info","event":"DAG bundles loaded: dags-folder, example_dags","logger":"airflow.dag_processing.bundles.manager.DagBundlesManager"}
{"timestamp":"2025-07-29T20:01:08.005096","level":"info","event":"Filling up the DagBag from /opt/airflow/dags/2_python_operator_v1.py","logger":"airflow.models.dagbag.DagBag"}
{"timestamp":"2025-07-29T20:01:08.030621Z","level":"info","event":"Task instance is in running state","chan":"stdout","logger":"task"}
{"timestamp":"2025-07-29T20:01:08.030791Z","level":"info","event":" Previous state of the Task instance: TaskInstanceState.QUEUED","chan":"stdout","logger":"task"}
{"timestamp":"2025-07-29T20:01:08.031323Z","level":"info","event":"Current task name:python","chan":"stdout","logger":"task"}
{"timestamp":"2025-07-29T20:01:08.031467Z","level":"info","event":"Dag name:python_operator_v1","chan":"stdout","logger":"task"}
{"timestamp":"2025-07-29T20:01:08.032538Z","level":"info","event":"poliana","chan":"stdout","logger":"task"}
{"timestamp":"2025-07-29T20:01:08.033137Z","level":"info","event":"{'conn': <ConnectionAccessor (dynamic access)>,","chan":"stdout","logger":"task"}
{"timestamp":"2025-07-29T20:01:08.033250Z","level":"info","event":" 'dag': <DAG: python_operator_v1>,","chan":"stdout","logger":"task"}
{"timestamp":"2025-07-29T20:01:08.033394Z","level":"info","event":" 'dag_run': DagRun(dag_id='python_operator_v1', run_id='scheduled__2023-06-24T15:18:00+00:00', logical_date=datetime.datetime(2023, 6, 24, 15, 18, tzinfo=datetime.timezone.utc), data_interval_start=datetime.datetime(2023, 6, 24, 15, 18, tzinfo=datetime.timezone.utc), data_interval_end=datetime.datetime(2023, 6, 24, 15, 18, tzinfo=datetime.timezone.utc), run_after=datetime.datetime(2023, 6, 24, 15, 18, tzinfo=datetime.timezone.utc), start_date=datetime.datetime(2025, 7, 29, 20, 1, 6, 909983, tzinfo=datetime.timezone.utc), end_date=None, clear_number=0, run_type=<DagRunType.SCHEDULED: 'scheduled'>, conf={}, consumed_asset_events=[]),","chan":"stdout","logger":"task"}
{"timestamp":"2025-07-29T20:01:08.033500Z","level":"info","event":" 'data_interval_end': DateTime(2023, 6, 24, 15, 18, 0, tzinfo=Timezone('UTC')),","chan":"stdout","logger":"task"}
{"timestamp":"2025-07-29T20:01:08.033611Z","level":"info","event":" 'data_interval_start': DateTime(2023, 6, 24, 15, 18, 0, tzinfo=Timezone('UTC')),","chan":"stdout","logger":"task"}
{"timestamp":"2025-07-29T20:01:08.033694Z","level":"info","event":" 'ds': '2023-06-24',","chan":"stdout","logger":"task"}
{"timestamp":"2025-07-29T20:01:08.033759Z","level":"info","event":" 'ds_nodash': '20230624',","chan":"stdout","logger":"task"}
{"timestamp":"2025-07-29T20:01:08.033821Z","level":"info","event":" 'inlet_events': InletEventsAccessors(_inlets=[], _assets={}, _asset_aliases={}),","chan":"stdout","logger":"task"}
{"timestamp":"2025-07-29T20:01:08.033883Z","level":"info","event":" 'inlets': [],","chan":"stdout","logger":"task"}
{"timestamp":"2025-07-29T20:01:08.033944Z","level":"info","event":" 'logical_date': DateTime(2023, 6, 24, 15, 18, 0, tzinfo=Timezone('UTC')),","chan":"stdout","logger":"task"}
{"timestamp":"2025-07-29T20:01:08.034025Z","level":"info","event":" 'macros': <MacrosAccessor (dynamic access to macros)>,","chan":"stdout","logger":"task"}
{"timestamp":"2025-07-29T20:01:08.034101Z","level":"info","event":" 'map_index_template': None,","chan":"stdout","logger":"task"}
{"timestamp":"2025-07-29T20:01:08.034164Z","level":"info","event":" 'outlet_events': <airflow.sdk.execution_time.context.OutletEventAccessors object at 0x7fb67ea14860>,","chan":"stdout","logger":"task"}
{"timestamp":"2025-07-29T20:01:08.034226Z","level":"info","event":" 'outlets': [],","chan":"stdout","logger":"task"}
{"timestamp":"2025-07-29T20:01:08.034287Z","level":"info","event":" 'params': {},","chan":"stdout","logger":"task"}
{"timestamp":"2025-07-29T20:01:08.046136Z","level":"info","event":" 'prev_data_interval_end_success': <Proxy at 0x7fb66fc193a0 with factory <function RuntimeTaskInstance.get_template_context.<locals>.<lambda> at 0x7fb66fc3c360>>,","chan":"stdout","logger":"task"}
{"timestamp":"2025-07-29T20:01:08.046403Z","level":"info","event":" 'prev_data_interval_start_success': <Proxy at 0x7fb66fc19400 with factory <function RuntimeTaskInstance.get_template_context.<locals>.<lambda> at 0x7fb66fc2f1a0>>,","chan":"stdout","logger":"task"}
{"timestamp":"2025-07-29T20:01:08.046509Z","level":"info","event":" 'prev_end_date_success': <Proxy at 0x7fb67797c2f0 with factory <function RuntimeTaskInstance.get_template_context.<locals>.<lambda> at 0x7fb66fc2eb60>>,","chan":"stdout","logger":"task"}
{"timestamp":"2025-07-29T20:01:08.046590Z","level":"info","event":" 'prev_start_date_success': <Proxy at 0x7fb67797c830 with factory <function RuntimeTaskInstance.get_template_context.<locals>.<lambda> at 0x7fb66fc2f060>>,","chan":"stdout","logger":"task"}
{"timestamp":"2025-07-29T20:01:08.046663Z","level":"info","event":" 'run_id': 'scheduled__2023-06-24T15:18:00+00:00',","chan":"stdout","logger":"task"}
{"timestamp":"2025-07-29T20:01:08.046728Z","level":"info","event":" 'task': <Task(PythonOperator): python>,","chan":"stdout","logger":"task"}
{"timestamp":"2025-07-29T20:01:08.046828Z","level":"info","event":" 'task_instance': RuntimeTaskInstance(id=UUID('019857c6-3f55-76f1-8103-fe06470415f1'), task_id='python', dag_id='python_operator_v1', run_id='scheduled__2023-06-24T15:18:00+00:00', try_number=1, map_index=-1, hostname='bf6f1e7a6f11', context_carrier={}, task=<Task(PythonOperator): python>, bundle_instance=LocalDagBundle(name=dags-folder), max_tries=0, start_date=datetime.datetime(2025, 7, 29, 20, 1, 7, 457044, tzinfo=datetime.timezone.utc), end_date=None, state=<TaskInstanceState.RUNNING: 'running'>, is_mapped=False, rendered_map_index=None, log_url='http://localhost:8080/dags/python_operator_v1/runs/scheduled__2023-06-24T15%3A18%3A00%2B00%3A00/tasks/python?try_number=1'),","chan":"stdout","logger":"task"}
{"timestamp":"2025-07-29T20:01:08.047009Z","level":"info","event":" 'task_instance_key_str': 'python_operator_v1__python__20230624',","chan":"stdout","logger":"task"}
{"timestamp":"2025-07-29T20:01:08.047113Z","level":"info","event":" 'task_reschedule_count': 0,","chan":"stdout","logger":"task"}
{"timestamp":"2025-07-29T20:01:08.047188Z","level":"info","event":" 'templates_dict': None,","chan":"stdout","logger":"task"}
{"timestamp":"2025-07-29T20:01:08.047328Z","level":"info","event":" 'ti': RuntimeTaskInstance(id=UUID('019857c6-3f55-76f1-8103-fe06470415f1'), task_id='python', dag_id='python_operator_v1', run_id='scheduled__2023-06-24T15:18:00+00:00', try_number=1, map_index=-1, hostname='bf6f1e7a6f11', context_carrier={}, task=<Task(PythonOperator): python>, bundle_instance=LocalDagBundle(name=dags-folder), max_tries=0, start_date=datetime.datetime(2025, 7, 29, 20, 1, 7, 457044, tzinfo=datetime.timezone.utc), end_date=None, state=<TaskInstanceState.RUNNING: 'running'>, is_mapped=False, rendered_map_index=None, log_url='http://localhost:8080/dags/python_operator_v1/runs/scheduled__2023-06-24T15%3A18%3A00%2B00%3A00/tasks/python?try_number=1'),","chan":"stdout","logger":"task"}
{"timestamp":"2025-07-29T20:01:08.047429Z","level":"info","event":" 'triggering_asset_events': TriggeringAssetEventsAccessor(_events=defaultdict(<class 'list'>, {})),","chan":"stdout","logger":"task"}
{"timestamp":"2025-07-29T20:01:08.047552Z","level":"info","event":" 'ts': '2023-06-24T15:18:00+00:00',","chan":"stdout","logger":"task"}
{"timestamp":"2025-07-29T20:01:08.047612Z","level":"info","event":" 'ts_nodash': '20230624T151800',","chan":"stdout","logger":"task"}
{"timestamp":"2025-07-29T20:01:08.047655Z","level":"info","event":" 'ts_nodash_with_tz': '20230624T151800+0000',","chan":"stdout","logger":"task"}
{"timestamp":"2025-07-29T20:01:08.047698Z","level":"info","event":" 'var': {'json': <VariableAccessor (dynamic access)>,","chan":"stdout","logger":"task"}
{"timestamp":"2025-07-29T20:01:08.047739Z","level":"info","event":"         'value': <VariableAccessor (dynamic access)>}}","chan":"stdout","logger":"task"}
{"timestamp":"2025-07-29T20:01:08.047312","level":"info","event":"Done. Returned value was: 123","logger":"airflow.task.operators.airflow.providers.standard.operators.python.PythonOperator"}
{"timestamp":"2025-07-29T20:01:08.047660","level":"info","event":"Pushing xcom","ti":"RuntimeTaskInstance(id=UUID('019857c6-3f55-76f1-8103-fe06470415f1'), task_id='python', dag_id='python_operator_v1', run_id='scheduled__2023-06-24T15:18:00+00:00', try_number=1, map_index=-1, hostname='bf6f1e7a6f11', context_carrier={}, task=<Task(PythonOperator): python>, bundle_instance=LocalDagBundle(name=dags-folder), max_tries=0, start_date=datetime.datetime(2025, 7, 29, 20, 1, 7, 457044, tzinfo=datetime.timezone.utc), end_date=None, state=<TaskInstanceState.RUNNING: 'running'>, is_mapped=False, rendered_map_index=None, log_url='http://localhost:8080/dags/python_operator_v1/runs/scheduled__2023-06-24T15%3A18%3A00%2B00%3A00/tasks/python?try_number=1')","logger":"task"}
{"timestamp":"2025-07-29T20:01:08.090243Z","level":"info","event":"Task instance in success state","chan":"stdout","logger":"task"}
{"timestamp":"2025-07-29T20:01:08.090469Z","level":"info","event":" Previous state of the Task instance: TaskInstanceState.RUNNING","chan":"stdout","logger":"task"}
{"timestamp":"2025-07-29T20:01:08.090628Z","level":"info","event":"Task operator:<Task(PythonOperator): python>","chan":"stdout","logger":"task"}
