{"timestamp":"2025-07-29T20:02:30.494658","level":"info","event":"DAG bundles loaded: dags-folder, example_dags","logger":"airflow.dag_processing.bundles.manager.DagBundlesManager"}
{"timestamp":"2025-07-29T20:02:30.495543","level":"info","event":"Filling up the DagBag from /opt/airflow/dags/2_python_operator_v1.py","logger":"airflow.models.dagbag.DagBag"}
{"timestamp":"2025-07-29T20:02:30.523923Z","level":"info","event":"Task instance is in running state","chan":"stdout","logger":"task"}
{"timestamp":"2025-07-29T20:02:30.524069Z","level":"info","event":" Previous state of the Task instance: TaskInstanceState.QUEUED","chan":"stdout","logger":"task"}
{"timestamp":"2025-07-29T20:02:30.524770Z","level":"info","event":"Current task name:python","chan":"stdout","logger":"task"}
{"timestamp":"2025-07-29T20:02:30.524908Z","level":"info","event":"Dag name:python_operator_v1","chan":"stdout","logger":"task"}
{"timestamp":"2025-07-29T20:02:30.526317Z","level":"info","event":"poliana","chan":"stdout","logger":"task"}
{"timestamp":"2025-07-29T20:02:30.527304Z","level":"info","event":"{'conn': <ConnectionAccessor (dynamic access)>,","chan":"stdout","logger":"task"}
{"timestamp":"2025-07-29T20:02:30.527416Z","level":"info","event":" 'dag': <DAG: python_operator_v1>,","chan":"stdout","logger":"task"}
{"timestamp":"2025-07-29T20:02:30.527524Z","level":"info","event":" 'dag_run': DagRun(dag_id='python_operator_v1', run_id='scheduled__2023-06-24T16:37:00+00:00', logical_date=datetime.datetime(2023, 6, 24, 16, 37, tzinfo=datetime.timezone.utc), data_interval_start=datetime.datetime(2023, 6, 24, 16, 37, tzinfo=datetime.timezone.utc), data_interval_end=datetime.datetime(2023, 6, 24, 16, 37, tzinfo=datetime.timezone.utc), run_after=datetime.datetime(2023, 6, 24, 16, 37, tzinfo=datetime.timezone.utc), start_date=datetime.datetime(2025, 7, 29, 20, 2, 29, 247192, tzinfo=datetime.timezone.utc), end_date=None, clear_number=0, run_type=<DagRunType.SCHEDULED: 'scheduled'>, conf={}, consumed_asset_events=[]),","chan":"stdout","logger":"task"}
{"timestamp":"2025-07-29T20:02:30.527583Z","level":"info","event":" 'data_interval_end': DateTime(2023, 6, 24, 16, 37, 0, tzinfo=Timezone('UTC')),","chan":"stdout","logger":"task"}
{"timestamp":"2025-07-29T20:02:30.527631Z","level":"info","event":" 'data_interval_start': DateTime(2023, 6, 24, 16, 37, 0, tzinfo=Timezone('UTC')),","chan":"stdout","logger":"task"}
{"timestamp":"2025-07-29T20:02:30.527674Z","level":"info","event":" 'ds': '2023-06-24',","chan":"stdout","logger":"task"}
{"timestamp":"2025-07-29T20:02:30.527718Z","level":"info","event":" 'ds_nodash': '20230624',","chan":"stdout","logger":"task"}
{"timestamp":"2025-07-29T20:02:30.527759Z","level":"info","event":" 'inlet_events': InletEventsAccessors(_inlets=[], _assets={}, _asset_aliases={}),","chan":"stdout","logger":"task"}
{"timestamp":"2025-07-29T20:02:30.527815Z","level":"info","event":" 'inlets': [],","chan":"stdout","logger":"task"}
{"timestamp":"2025-07-29T20:02:30.527854Z","level":"info","event":" 'logical_date': DateTime(2023, 6, 24, 16, 37, 0, tzinfo=Timezone('UTC')),","chan":"stdout","logger":"task"}
{"timestamp":"2025-07-29T20:02:30.527894Z","level":"info","event":" 'macros': <MacrosAccessor (dynamic access to macros)>,","chan":"stdout","logger":"task"}
{"timestamp":"2025-07-29T20:02:30.527936Z","level":"info","event":" 'map_index_template': None,","chan":"stdout","logger":"task"}
{"timestamp":"2025-07-29T20:02:30.527977Z","level":"info","event":" 'outlet_events': <airflow.sdk.execution_time.context.OutletEventAccessors object at 0x7fb66ffd6060>,","chan":"stdout","logger":"task"}
{"timestamp":"2025-07-29T20:02:30.528036Z","level":"info","event":" 'outlets': [],","chan":"stdout","logger":"task"}
{"timestamp":"2025-07-29T20:02:30.528079Z","level":"info","event":" 'params': {},","chan":"stdout","logger":"task"}
{"timestamp":"2025-07-29T20:02:30.540504Z","level":"info","event":" 'prev_data_interval_end_success': <Proxy at 0x7fb66fc8f830 with factory <function RuntimeTaskInstance.get_template_context.<locals>.<lambda> at 0x7fb66fcb8f40>>,","chan":"stdout","logger":"task"}
{"timestamp":"2025-07-29T20:02:30.540753Z","level":"info","event":" 'prev_data_interval_start_success': <Proxy at 0x7fb66fc8f770 with factory <function RuntimeTaskInstance.get_template_context.<locals>.<lambda> at 0x7fb66fcba660>>,","chan":"stdout","logger":"task"}
{"timestamp":"2025-07-29T20:02:30.540830Z","level":"info","event":" 'prev_end_date_success': <Proxy at 0x7fb66fc8f6b0 with factory <function RuntimeTaskInstance.get_template_context.<locals>.<lambda> at 0x7fb66fcba700>>,","chan":"stdout","logger":"task"}
{"timestamp":"2025-07-29T20:02:30.540879Z","level":"info","event":" 'prev_start_date_success': <Proxy at 0x7fb66fc8f620 with factory <function RuntimeTaskInstance.get_template_context.<locals>.<lambda> at 0x7fb66fcb9440>>,","chan":"stdout","logger":"task"}
{"timestamp":"2025-07-29T20:02:30.540923Z","level":"info","event":" 'run_id': 'scheduled__2023-06-24T16:37:00+00:00',","chan":"stdout","logger":"task"}
{"timestamp":"2025-07-29T20:02:30.540967Z","level":"info","event":" 'task': <Task(PythonOperator): python>,","chan":"stdout","logger":"task"}
{"timestamp":"2025-07-29T20:02:30.541013Z","level":"info","event":" 'task_instance': RuntimeTaskInstance(id=UUID('019857c7-80f5-7aae-9b3e-d0de1674a8c0'), task_id='python', dag_id='python_operator_v1', run_id='scheduled__2023-06-24T16:37:00+00:00', try_number=1, map_index=-1, hostname='bf6f1e7a6f11', context_carrier={}, task=<Task(PythonOperator): python>, bundle_instance=LocalDagBundle(name=dags-folder), max_tries=0, start_date=datetime.datetime(2025, 7, 29, 20, 2, 29, 874022, tzinfo=datetime.timezone.utc), end_date=None, state=<TaskInstanceState.RUNNING: 'running'>, is_mapped=False, rendered_map_index=None, log_url='http://localhost:8080/dags/python_operator_v1/runs/scheduled__2023-06-24T16%3A37%3A00%2B00%3A00/tasks/python?try_number=1'),","chan":"stdout","logger":"task"}
{"timestamp":"2025-07-29T20:02:30.541059Z","level":"info","event":" 'task_instance_key_str': 'python_operator_v1__python__20230624',","chan":"stdout","logger":"task"}
{"timestamp":"2025-07-29T20:02:30.541101Z","level":"info","event":" 'task_reschedule_count': 0,","chan":"stdout","logger":"task"}
{"timestamp":"2025-07-29T20:02:30.541146Z","level":"info","event":" 'templates_dict': None,","chan":"stdout","logger":"task"}
{"timestamp":"2025-07-29T20:02:30.541255Z","level":"info","event":" 'ti': RuntimeTaskInstance(id=UUID('019857c7-80f5-7aae-9b3e-d0de1674a8c0'), task_id='python', dag_id='python_operator_v1', run_id='scheduled__2023-06-24T16:37:00+00:00', try_number=1, map_index=-1, hostname='bf6f1e7a6f11', context_carrier={}, task=<Task(PythonOperator): python>, bundle_instance=LocalDagBundle(name=dags-folder), max_tries=0, start_date=datetime.datetime(2025, 7, 29, 20, 2, 29, 874022, tzinfo=datetime.timezone.utc), end_date=None, state=<TaskInstanceState.RUNNING: 'running'>, is_mapped=False, rendered_map_index=None, log_url='http://localhost:8080/dags/python_operator_v1/runs/scheduled__2023-06-24T16%3A37%3A00%2B00%3A00/tasks/python?try_number=1'),","chan":"stdout","logger":"task"}
{"timestamp":"2025-07-29T20:02:30.541313Z","level":"info","event":" 'triggering_asset_events': TriggeringAssetEventsAccessor(_events=defaultdict(<class 'list'>, {})),","chan":"stdout","logger":"task"}
{"timestamp":"2025-07-29T20:02:30.541357Z","level":"info","event":" 'ts': '2023-06-24T16:37:00+00:00',","chan":"stdout","logger":"task"}
{"timestamp":"2025-07-29T20:02:30.541399Z","level":"info","event":" 'ts_nodash': '20230624T163700',","chan":"stdout","logger":"task"}
{"timestamp":"2025-07-29T20:02:30.541457Z","level":"info","event":" 'ts_nodash_with_tz': '20230624T163700+0000',","chan":"stdout","logger":"task"}
{"timestamp":"2025-07-29T20:02:30.541497Z","level":"info","event":" 'var': {'json': <VariableAccessor (dynamic access)>,","chan":"stdout","logger":"task"}
{"timestamp":"2025-07-29T20:02:30.541537Z","level":"info","event":"         'value': <VariableAccessor (dynamic access)>}}","chan":"stdout","logger":"task"}
{"timestamp":"2025-07-29T20:02:30.541578","level":"info","event":"Done. Returned value was: 123","logger":"airflow.task.operators.airflow.providers.standard.operators.python.PythonOperator"}
{"timestamp":"2025-07-29T20:02:30.541958","level":"info","event":"Pushing xcom","ti":"RuntimeTaskInstance(id=UUID('019857c7-80f5-7aae-9b3e-d0de1674a8c0'), task_id='python', dag_id='python_operator_v1', run_id='scheduled__2023-06-24T16:37:00+00:00', try_number=1, map_index=-1, hostname='bf6f1e7a6f11', context_carrier={}, task=<Task(PythonOperator): python>, bundle_instance=LocalDagBundle(name=dags-folder), max_tries=0, start_date=datetime.datetime(2025, 7, 29, 20, 2, 29, 874022, tzinfo=datetime.timezone.utc), end_date=None, state=<TaskInstanceState.RUNNING: 'running'>, is_mapped=False, rendered_map_index=None, log_url='http://localhost:8080/dags/python_operator_v1/runs/scheduled__2023-06-24T16%3A37%3A00%2B00%3A00/tasks/python?try_number=1')","logger":"task"}
{"timestamp":"2025-07-29T20:02:30.568722Z","level":"info","event":"Task instance in success state","chan":"stdout","logger":"task"}
{"timestamp":"2025-07-29T20:02:30.568856Z","level":"info","event":" Previous state of the Task instance: TaskInstanceState.RUNNING","chan":"stdout","logger":"task"}
{"timestamp":"2025-07-29T20:02:30.568949Z","level":"info","event":"Task operator:<Task(PythonOperator): python>","chan":"stdout","logger":"task"}
