{"timestamp":"2025-07-29T19:27:03.939134","level":"info","event":"DAG bundles loaded: dags-folder, example_dags","logger":"airflow.dag_processing.bundles.manager.DagBundlesManager"}
{"timestamp":"2025-07-29T19:27:03.939716","level":"info","event":"Filling up the DagBag from /opt/airflow/dags/python_operator_v1.py","logger":"airflow.models.dagbag.DagBag"}
{"timestamp":"2025-07-29T19:27:03.985560Z","level":"info","event":"Task instance is in running state","chan":"stdout","logger":"task"}
{"timestamp":"2025-07-29T19:27:03.985771Z","level":"info","event":" Previous state of the Task instance: TaskInstanceState.QUEUED","chan":"stdout","logger":"task"}
{"timestamp":"2025-07-29T19:27:03.985923Z","level":"info","event":"Current task name:python","chan":"stdout","logger":"task"}
{"timestamp":"2025-07-29T19:27:03.985995Z","level":"info","event":"Dag name:python_operator_v1","chan":"stdout","logger":"task"}
{"timestamp":"2025-07-29T19:27:03.987726Z","level":"info","event":"poliana","chan":"stdout","logger":"task"}
{"timestamp":"2025-07-29T19:27:03.988415Z","level":"info","event":"{'conn': <ConnectionAccessor (dynamic access)>,","chan":"stdout","logger":"task"}
{"timestamp":"2025-07-29T19:27:03.988538Z","level":"info","event":" 'dag': <DAG: python_operator_v1>,","chan":"stdout","logger":"task"}
{"timestamp":"2025-07-29T19:27:03.988641Z","level":"info","event":" 'dag_run': DagRun(dag_id='python_operator_v1', run_id='scheduled__2023-06-23T03:10:00+00:00', logical_date=datetime.datetime(2023, 6, 23, 3, 10, tzinfo=datetime.timezone.utc), data_interval_start=datetime.datetime(2023, 6, 23, 3, 10, tzinfo=datetime.timezone.utc), data_interval_end=datetime.datetime(2023, 6, 23, 3, 10, tzinfo=datetime.timezone.utc), run_after=datetime.datetime(2023, 6, 23, 3, 10, tzinfo=datetime.timezone.utc), start_date=datetime.datetime(2025, 7, 29, 19, 27, 2, 842588, tzinfo=datetime.timezone.utc), end_date=None, clear_number=0, run_type=<DagRunType.SCHEDULED: 'scheduled'>, conf={}, consumed_asset_events=[]),","chan":"stdout","logger":"task"}
{"timestamp":"2025-07-29T19:27:03.988720Z","level":"info","event":" 'data_interval_end': DateTime(2023, 6, 23, 3, 10, 0, tzinfo=Timezone('UTC')),","chan":"stdout","logger":"task"}
{"timestamp":"2025-07-29T19:27:03.988776Z","level":"info","event":" 'data_interval_start': DateTime(2023, 6, 23, 3, 10, 0, tzinfo=Timezone('UTC')),","chan":"stdout","logger":"task"}
{"timestamp":"2025-07-29T19:27:03.988821Z","level":"info","event":" 'ds': '2023-06-23',","chan":"stdout","logger":"task"}
{"timestamp":"2025-07-29T19:27:03.988864Z","level":"info","event":" 'ds_nodash': '20230623',","chan":"stdout","logger":"task"}
{"timestamp":"2025-07-29T19:27:03.988905Z","level":"info","event":" 'inlet_events': InletEventsAccessors(_inlets=[], _assets={}, _asset_aliases={}),","chan":"stdout","logger":"task"}
{"timestamp":"2025-07-29T19:27:03.988967Z","level":"info","event":" 'inlets': [],","chan":"stdout","logger":"task"}
{"timestamp":"2025-07-29T19:27:03.989037Z","level":"info","event":" 'logical_date': DateTime(2023, 6, 23, 3, 10, 0, tzinfo=Timezone('UTC')),","chan":"stdout","logger":"task"}
{"timestamp":"2025-07-29T19:27:03.989108Z","level":"info","event":" 'macros': <MacrosAccessor (dynamic access to macros)>,","chan":"stdout","logger":"task"}
{"timestamp":"2025-07-29T19:27:03.989180Z","level":"info","event":" 'map_index_template': None,","chan":"stdout","logger":"task"}
{"timestamp":"2025-07-29T19:27:03.989253Z","level":"info","event":" 'outlet_events': <airflow.sdk.execution_time.context.OutletEventAccessors object at 0x7fb67c4e7a70>,","chan":"stdout","logger":"task"}
{"timestamp":"2025-07-29T19:27:03.989327Z","level":"info","event":" 'outlets': [],","chan":"stdout","logger":"task"}
{"timestamp":"2025-07-29T19:27:03.989400Z","level":"info","event":" 'params': {},","chan":"stdout","logger":"task"}
{"timestamp":"2025-07-29T19:27:04.003457Z","level":"info","event":" 'prev_data_interval_end_success': <Proxy at 0x7fb66fc8c1a0 with factory <function RuntimeTaskInstance.get_template_context.<locals>.<lambda> at 0x7fb66fc84ae0>>,","chan":"stdout","logger":"task"}
{"timestamp":"2025-07-29T19:27:04.003689Z","level":"info","event":" 'prev_data_interval_start_success': <Proxy at 0x7fb66fc8c380 with factory <function RuntimeTaskInstance.get_template_context.<locals>.<lambda> at 0x7fb66fc6f920>>,","chan":"stdout","logger":"task"}
{"timestamp":"2025-07-29T19:27:04.003826Z","level":"info","event":" 'prev_end_date_success': <Proxy at 0x7fb67ebe7fb0 with factory <function RuntimeTaskInstance.get_template_context.<locals>.<lambda> at 0x7fb66fc6f2e0>>,","chan":"stdout","logger":"task"}
{"timestamp":"2025-07-29T19:27:04.003916Z","level":"info","event":" 'prev_start_date_success': <Proxy at 0x7fb67ebe4770 with factory <function RuntimeTaskInstance.get_template_context.<locals>.<lambda> at 0x7fb66fc6f7e0>>,","chan":"stdout","logger":"task"}
{"timestamp":"2025-07-29T19:27:04.004033Z","level":"info","event":" 'run_id': 'scheduled__2023-06-23T03:10:00+00:00',","chan":"stdout","logger":"task"}
{"timestamp":"2025-07-29T19:27:04.004184Z","level":"info","event":" 'task': <Task(PythonOperator): python>,","chan":"stdout","logger":"task"}
{"timestamp":"2025-07-29T19:27:04.004296Z","level":"info","event":" 'task_instance': RuntimeTaskInstance(id=UUID('019857a7-0eb5-79f3-865f-b0b813020118'), task_id='python', dag_id='python_operator_v1', run_id='scheduled__2023-06-23T03:10:00+00:00', try_number=1, map_index=-1, hostname='bf6f1e7a6f11', context_carrier={}, task=<Task(PythonOperator): python>, bundle_instance=LocalDagBundle(name=dags-folder), max_tries=0, start_date=datetime.datetime(2025, 7, 29, 19, 27, 3, 68838, tzinfo=datetime.timezone.utc), end_date=None, state=<TaskInstanceState.RUNNING: 'running'>, is_mapped=False, rendered_map_index=None, log_url='http://localhost:8080/dags/python_operator_v1/runs/scheduled__2023-06-23T03%3A10%3A00%2B00%3A00/tasks/python?try_number=1'),","chan":"stdout","logger":"task"}
{"timestamp":"2025-07-29T19:27:04.004426Z","level":"info","event":" 'task_instance_key_str': 'python_operator_v1__python__20230623',","chan":"stdout","logger":"task"}
{"timestamp":"2025-07-29T19:27:04.004535Z","level":"info","event":" 'task_reschedule_count': 0,","chan":"stdout","logger":"task"}
{"timestamp":"2025-07-29T19:27:04.004656Z","level":"info","event":" 'templates_dict': None,","chan":"stdout","logger":"task"}
{"timestamp":"2025-07-29T19:27:04.004763Z","level":"info","event":" 'ti': RuntimeTaskInstance(id=UUID('019857a7-0eb5-79f3-865f-b0b813020118'), task_id='python', dag_id='python_operator_v1', run_id='scheduled__2023-06-23T03:10:00+00:00', try_number=1, map_index=-1, hostname='bf6f1e7a6f11', context_carrier={}, task=<Task(PythonOperator): python>, bundle_instance=LocalDagBundle(name=dags-folder), max_tries=0, start_date=datetime.datetime(2025, 7, 29, 19, 27, 3, 68838, tzinfo=datetime.timezone.utc), end_date=None, state=<TaskInstanceState.RUNNING: 'running'>, is_mapped=False, rendered_map_index=None, log_url='http://localhost:8080/dags/python_operator_v1/runs/scheduled__2023-06-23T03%3A10%3A00%2B00%3A00/tasks/python?try_number=1'),","chan":"stdout","logger":"task"}
{"timestamp":"2025-07-29T19:27:04.004870Z","level":"info","event":" 'triggering_asset_events': TriggeringAssetEventsAccessor(_events=defaultdict(<class 'list'>, {})),","chan":"stdout","logger":"task"}
{"timestamp":"2025-07-29T19:27:04.004975Z","level":"info","event":" 'ts': '2023-06-23T03:10:00+00:00',","chan":"stdout","logger":"task"}
{"timestamp":"2025-07-29T19:27:04.005105Z","level":"info","event":" 'ts_nodash': '20230623T031000',","chan":"stdout","logger":"task"}
{"timestamp":"2025-07-29T19:27:04.005214Z","level":"info","event":" 'ts_nodash_with_tz': '20230623T031000+0000',","chan":"stdout","logger":"task"}
{"timestamp":"2025-07-29T19:27:04.005292Z","level":"info","event":" 'var': {'json': <VariableAccessor (dynamic access)>,","chan":"stdout","logger":"task"}
{"timestamp":"2025-07-29T19:27:04.005423Z","level":"info","event":"         'value': <VariableAccessor (dynamic access)>}}","chan":"stdout","logger":"task"}
{"timestamp":"2025-07-29T19:27:04.004249","level":"info","event":"Done. Returned value was: 123","logger":"airflow.task.operators.airflow.providers.standard.operators.python.PythonOperator"}
{"timestamp":"2025-07-29T19:27:04.004506","level":"info","event":"Pushing xcom","ti":"RuntimeTaskInstance(id=UUID('019857a7-0eb5-79f3-865f-b0b813020118'), task_id='python', dag_id='python_operator_v1', run_id='scheduled__2023-06-23T03:10:00+00:00', try_number=1, map_index=-1, hostname='bf6f1e7a6f11', context_carrier={}, task=<Task(PythonOperator): python>, bundle_instance=LocalDagBundle(name=dags-folder), max_tries=0, start_date=datetime.datetime(2025, 7, 29, 19, 27, 3, 68838, tzinfo=datetime.timezone.utc), end_date=None, state=<TaskInstanceState.RUNNING: 'running'>, is_mapped=False, rendered_map_index=None, log_url='http://localhost:8080/dags/python_operator_v1/runs/scheduled__2023-06-23T03%3A10%3A00%2B00%3A00/tasks/python?try_number=1')","logger":"task"}
{"timestamp":"2025-07-29T19:27:04.043510Z","level":"info","event":"Task instance in success state","chan":"stdout","logger":"task"}
{"timestamp":"2025-07-29T19:27:04.043718Z","level":"info","event":" Previous state of the Task instance: TaskInstanceState.RUNNING","chan":"stdout","logger":"task"}
{"timestamp":"2025-07-29T19:27:04.043887Z","level":"info","event":"Task operator:<Task(PythonOperator): python>","chan":"stdout","logger":"task"}
