{"timestamp":"2025-07-29T19:34:34.584914","level":"info","event":"DAG bundles loaded: dags-folder, example_dags","logger":"airflow.dag_processing.bundles.manager.DagBundlesManager"}
{"timestamp":"2025-07-29T19:34:34.585359","level":"info","event":"Filling up the DagBag from /opt/airflow/dags/python_operator_v1.py","logger":"airflow.models.dagbag.DagBag"}
{"timestamp":"2025-07-29T19:34:34.607752Z","level":"info","event":"Task instance is in running state","chan":"stdout","logger":"task"}
{"timestamp":"2025-07-29T19:34:34.608017Z","level":"info","event":" Previous state of the Task instance: TaskInstanceState.QUEUED","chan":"stdout","logger":"task"}
{"timestamp":"2025-07-29T19:34:34.609071Z","level":"info","event":"Current task name:python","chan":"stdout","logger":"task"}
{"timestamp":"2025-07-29T19:34:34.609243Z","level":"info","event":"Dag name:python_operator_v1","chan":"stdout","logger":"task"}
{"timestamp":"2025-07-29T19:34:34.611641Z","level":"info","event":"poliana","chan":"stdout","logger":"task"}
{"timestamp":"2025-07-29T19:34:34.612547Z","level":"info","event":"{'conn': <ConnectionAccessor (dynamic access)>,","chan":"stdout","logger":"task"}
{"timestamp":"2025-07-29T19:34:34.612656Z","level":"info","event":" 'dag': <DAG: python_operator_v1>,","chan":"stdout","logger":"task"}
{"timestamp":"2025-07-29T19:34:34.612755Z","level":"info","event":" 'dag_run': DagRun(dag_id='python_operator_v1', run_id='scheduled__2023-06-23T11:18:00+00:00', logical_date=datetime.datetime(2023, 6, 23, 11, 18, tzinfo=datetime.timezone.utc), data_interval_start=datetime.datetime(2023, 6, 23, 11, 18, tzinfo=datetime.timezone.utc), data_interval_end=datetime.datetime(2023, 6, 23, 11, 18, tzinfo=datetime.timezone.utc), run_after=datetime.datetime(2023, 6, 23, 11, 18, tzinfo=datetime.timezone.utc), start_date=datetime.datetime(2025, 7, 29, 19, 34, 33, 726718, tzinfo=datetime.timezone.utc), end_date=None, clear_number=0, run_type=<DagRunType.SCHEDULED: 'scheduled'>, conf={}, consumed_asset_events=[]),","chan":"stdout","logger":"task"}
{"timestamp":"2025-07-29T19:34:34.612852Z","level":"info","event":" 'data_interval_end': DateTime(2023, 6, 23, 11, 18, 0, tzinfo=Timezone('UTC')),","chan":"stdout","logger":"task"}
{"timestamp":"2025-07-29T19:34:34.612926Z","level":"info","event":" 'data_interval_start': DateTime(2023, 6, 23, 11, 18, 0, tzinfo=Timezone('UTC')),","chan":"stdout","logger":"task"}
{"timestamp":"2025-07-29T19:34:34.612969Z","level":"info","event":" 'ds': '2023-06-23',","chan":"stdout","logger":"task"}
{"timestamp":"2025-07-29T19:34:34.613011Z","level":"info","event":" 'ds_nodash': '20230623',","chan":"stdout","logger":"task"}
{"timestamp":"2025-07-29T19:34:34.613052Z","level":"info","event":" 'inlet_events': InletEventsAccessors(_inlets=[], _assets={}, _asset_aliases={}),","chan":"stdout","logger":"task"}
{"timestamp":"2025-07-29T19:34:34.613093Z","level":"info","event":" 'inlets': [],","chan":"stdout","logger":"task"}
{"timestamp":"2025-07-29T19:34:34.613134Z","level":"info","event":" 'logical_date': DateTime(2023, 6, 23, 11, 18, 0, tzinfo=Timezone('UTC')),","chan":"stdout","logger":"task"}
{"timestamp":"2025-07-29T19:34:34.613175Z","level":"info","event":" 'macros': <MacrosAccessor (dynamic access to macros)>,","chan":"stdout","logger":"task"}
{"timestamp":"2025-07-29T19:34:34.613234Z","level":"info","event":" 'map_index_template': None,","chan":"stdout","logger":"task"}
{"timestamp":"2025-07-29T19:34:34.613276Z","level":"info","event":" 'outlet_events': <airflow.sdk.execution_time.context.OutletEventAccessors object at 0x7fb67c5cc6e0>,","chan":"stdout","logger":"task"}
{"timestamp":"2025-07-29T19:34:34.613318Z","level":"info","event":" 'outlets': [],","chan":"stdout","logger":"task"}
{"timestamp":"2025-07-29T19:34:34.613374Z","level":"info","event":" 'params': {},","chan":"stdout","logger":"task"}
{"timestamp":"2025-07-29T19:34:34.642214Z","level":"info","event":" 'prev_data_interval_end_success': <Proxy at 0x7fb66fc91610 with factory <function RuntimeTaskInstance.get_template_context.<locals>.<lambda> at 0x7fb66fca6520>>,","chan":"stdout","logger":"task"}
{"timestamp":"2025-07-29T19:34:34.642449Z","level":"info","event":" 'prev_data_interval_start_success': <Proxy at 0x7fb66fc91430 with factory <function RuntimeTaskInstance.get_template_context.<locals>.<lambda> at 0x7fb66fca7c40>>,","chan":"stdout","logger":"task"}
{"timestamp":"2025-07-29T19:34:34.642538Z","level":"info","event":" 'prev_end_date_success': <Proxy at 0x7fb66fc63830 with factory <function RuntimeTaskInstance.get_template_context.<locals>.<lambda> at 0x7fb66fca7ce0>>,","chan":"stdout","logger":"task"}
{"timestamp":"2025-07-29T19:34:34.642600Z","level":"info","event":" 'prev_start_date_success': <Proxy at 0x7fb66fe45af0 with factory <function RuntimeTaskInstance.get_template_context.<locals>.<lambda> at 0x7fb66fca6a20>>,","chan":"stdout","logger":"task"}
{"timestamp":"2025-07-29T19:34:34.642659Z","level":"info","event":" 'run_id': 'scheduled__2023-06-23T11:18:00+00:00',","chan":"stdout","logger":"task"}
{"timestamp":"2025-07-29T19:34:34.642711Z","level":"info","event":" 'task': <Task(PythonOperator): python>,","chan":"stdout","logger":"task"}
{"timestamp":"2025-07-29T19:34:34.642764Z","level":"info","event":" 'task_instance': RuntimeTaskInstance(id=UUID('019857ad-eff8-7767-a7a4-1dff17da5ff5'), task_id='python', dag_id='python_operator_v1', run_id='scheduled__2023-06-23T11:18:00+00:00', try_number=1, map_index=-1, hostname='bf6f1e7a6f11', context_carrier={}, task=<Task(PythonOperator): python>, bundle_instance=LocalDagBundle(name=dags-folder), max_tries=0, start_date=datetime.datetime(2025, 7, 29, 19, 34, 34, 39753, tzinfo=datetime.timezone.utc), end_date=None, state=<TaskInstanceState.RUNNING: 'running'>, is_mapped=False, rendered_map_index=None, log_url='http://localhost:8080/dags/python_operator_v1/runs/scheduled__2023-06-23T11%3A18%3A00%2B00%3A00/tasks/python?try_number=1'),","chan":"stdout","logger":"task"}
{"timestamp":"2025-07-29T19:34:34.642820Z","level":"info","event":" 'task_instance_key_str': 'python_operator_v1__python__20230623',","chan":"stdout","logger":"task"}
{"timestamp":"2025-07-29T19:34:34.642873Z","level":"info","event":" 'task_reschedule_count': 0,","chan":"stdout","logger":"task"}
{"timestamp":"2025-07-29T19:34:34.642918Z","level":"info","event":" 'templates_dict': None,","chan":"stdout","logger":"task"}
{"timestamp":"2025-07-29T19:34:34.642972Z","level":"info","event":" 'ti': RuntimeTaskInstance(id=UUID('019857ad-eff8-7767-a7a4-1dff17da5ff5'), task_id='python', dag_id='python_operator_v1', run_id='scheduled__2023-06-23T11:18:00+00:00', try_number=1, map_index=-1, hostname='bf6f1e7a6f11', context_carrier={}, task=<Task(PythonOperator): python>, bundle_instance=LocalDagBundle(name=dags-folder), max_tries=0, start_date=datetime.datetime(2025, 7, 29, 19, 34, 34, 39753, tzinfo=datetime.timezone.utc), end_date=None, state=<TaskInstanceState.RUNNING: 'running'>, is_mapped=False, rendered_map_index=None, log_url='http://localhost:8080/dags/python_operator_v1/runs/scheduled__2023-06-23T11%3A18%3A00%2B00%3A00/tasks/python?try_number=1'),","chan":"stdout","logger":"task"}
{"timestamp":"2025-07-29T19:34:34.643059Z","level":"info","event":" 'triggering_asset_events': TriggeringAssetEventsAccessor(_events=defaultdict(<class 'list'>, {})),","chan":"stdout","logger":"task"}
{"timestamp":"2025-07-29T19:34:34.643112Z","level":"info","event":" 'ts': '2023-06-23T11:18:00+00:00',","chan":"stdout","logger":"task"}
{"timestamp":"2025-07-29T19:34:34.643153Z","level":"info","event":" 'ts_nodash': '20230623T111800',","chan":"stdout","logger":"task"}
{"timestamp":"2025-07-29T19:34:34.643194Z","level":"info","event":" 'ts_nodash_with_tz': '20230623T111800+0000',","chan":"stdout","logger":"task"}
{"timestamp":"2025-07-29T19:34:34.643234Z","level":"info","event":" 'var': {'json': <VariableAccessor (dynamic access)>,","chan":"stdout","logger":"task"}
{"timestamp":"2025-07-29T19:34:34.643274Z","level":"info","event":"         'value': <VariableAccessor (dynamic access)>}}","chan":"stdout","logger":"task"}
{"timestamp":"2025-07-29T19:34:34.643171","level":"info","event":"Done. Returned value was: 123","logger":"airflow.task.operators.airflow.providers.standard.operators.python.PythonOperator"}
{"timestamp":"2025-07-29T19:34:34.643389","level":"info","event":"Pushing xcom","ti":"RuntimeTaskInstance(id=UUID('019857ad-eff8-7767-a7a4-1dff17da5ff5'), task_id='python', dag_id='python_operator_v1', run_id='scheduled__2023-06-23T11:18:00+00:00', try_number=1, map_index=-1, hostname='bf6f1e7a6f11', context_carrier={}, task=<Task(PythonOperator): python>, bundle_instance=LocalDagBundle(name=dags-folder), max_tries=0, start_date=datetime.datetime(2025, 7, 29, 19, 34, 34, 39753, tzinfo=datetime.timezone.utc), end_date=None, state=<TaskInstanceState.RUNNING: 'running'>, is_mapped=False, rendered_map_index=None, log_url='http://localhost:8080/dags/python_operator_v1/runs/scheduled__2023-06-23T11%3A18%3A00%2B00%3A00/tasks/python?try_number=1')","logger":"task"}
{"timestamp":"2025-07-29T19:34:34.668669Z","level":"info","event":"Task instance in success state","chan":"stdout","logger":"task"}
{"timestamp":"2025-07-29T19:34:34.668816Z","level":"info","event":" Previous state of the Task instance: TaskInstanceState.RUNNING","chan":"stdout","logger":"task"}
{"timestamp":"2025-07-29T19:34:34.668939Z","level":"info","event":"Task operator:<Task(PythonOperator): python>","chan":"stdout","logger":"task"}
