{"timestamp":"2025-07-29T20:02:49.946074","level":"info","event":"DAG bundles loaded: dags-folder, example_dags","logger":"airflow.dag_processing.bundles.manager.DagBundlesManager"}
{"timestamp":"2025-07-29T20:02:49.946992","level":"info","event":"Filling up the DagBag from /opt/airflow/dags/3_dag_principal.py","logger":"airflow.models.dagbag.DagBag"}
{"timestamp":"2025-07-29T20:02:49.985774Z","level":"info","event":"Task instance is in running state","chan":"stdout","logger":"task"}
{"timestamp":"2025-07-29T20:02:49.986020Z","level":"info","event":" Previous state of the Task instance: TaskInstanceState.QUEUED","chan":"stdout","logger":"task"}
{"timestamp":"2025-07-29T20:02:49.986214Z","level":"info","event":"Current task name:python_principal","chan":"stdout","logger":"task"}
{"timestamp":"2025-07-29T20:02:49.986315Z","level":"info","event":"Dag name:3_DAG_principal","chan":"stdout","logger":"task"}
{"timestamp":"2025-07-29T20:02:49.988998Z","level":"info","event":"DAG principal","chan":"stdout","logger":"task"}
{"timestamp":"2025-07-29T20:02:49.990058Z","level":"info","event":"{'conn': <ConnectionAccessor (dynamic access)>,","chan":"stdout","logger":"task"}
{"timestamp":"2025-07-29T20:02:49.990241Z","level":"info","event":" 'dag': <DAG: 3_DAG_principal>,","chan":"stdout","logger":"task"}
{"timestamp":"2025-07-29T20:02:49.990424Z","level":"info","event":" 'dag_run': DagRun(dag_id='3_DAG_principal', run_id='scheduled__2024-02-02T20:00:00+00:00', logical_date=datetime.datetime(2024, 2, 2, 20, 0, tzinfo=datetime.timezone.utc), data_interval_start=datetime.datetime(2024, 2, 2, 20, 0, tzinfo=datetime.timezone.utc), data_interval_end=datetime.datetime(2024, 2, 2, 20, 0, tzinfo=datetime.timezone.utc), run_after=datetime.datetime(2024, 2, 2, 20, 0, tzinfo=datetime.timezone.utc), start_date=datetime.datetime(2025, 7, 29, 20, 2, 48, 948013, tzinfo=datetime.timezone.utc), end_date=None, clear_number=0, run_type=<DagRunType.SCHEDULED: 'scheduled'>, conf={}, consumed_asset_events=[]),","chan":"stdout","logger":"task"}
{"timestamp":"2025-07-29T20:02:49.990566Z","level":"info","event":" 'data_interval_end': DateTime(2024, 2, 2, 20, 0, 0, tzinfo=Timezone('UTC')),","chan":"stdout","logger":"task"}
{"timestamp":"2025-07-29T20:02:49.990654Z","level":"info","event":" 'data_interval_start': DateTime(2024, 2, 2, 20, 0, 0, tzinfo=Timezone('UTC')),","chan":"stdout","logger":"task"}
{"timestamp":"2025-07-29T20:02:49.990754Z","level":"info","event":" 'ds': '2024-02-02',","chan":"stdout","logger":"task"}
{"timestamp":"2025-07-29T20:02:49.990828Z","level":"info","event":" 'ds_nodash': '20240202',","chan":"stdout","logger":"task"}
{"timestamp":"2025-07-29T20:02:49.990893Z","level":"info","event":" 'inlet_events': InletEventsAccessors(_inlets=[], _assets={}, _asset_aliases={}),","chan":"stdout","logger":"task"}
{"timestamp":"2025-07-29T20:02:49.990960Z","level":"info","event":" 'inlets': [],","chan":"stdout","logger":"task"}
{"timestamp":"2025-07-29T20:02:49.991026Z","level":"info","event":" 'logical_date': DateTime(2024, 2, 2, 20, 0, 0, tzinfo=Timezone('UTC')),","chan":"stdout","logger":"task"}
{"timestamp":"2025-07-29T20:02:49.991091Z","level":"info","event":" 'macros': <MacrosAccessor (dynamic access to macros)>,","chan":"stdout","logger":"task"}
{"timestamp":"2025-07-29T20:02:49.991156Z","level":"info","event":" 'map_index_template': None,","chan":"stdout","logger":"task"}
{"timestamp":"2025-07-29T20:02:49.991221Z","level":"info","event":" 'outlet_events': <airflow.sdk.execution_time.context.OutletEventAccessors object at 0x7fb67ea7d9a0>,","chan":"stdout","logger":"task"}
{"timestamp":"2025-07-29T20:02:49.991285Z","level":"info","event":" 'outlets': [],","chan":"stdout","logger":"task"}
{"timestamp":"2025-07-29T20:02:49.991349Z","level":"info","event":" 'params': {},","chan":"stdout","logger":"task"}
{"timestamp":"2025-07-29T20:02:50.032265Z","level":"info","event":" 'prev_data_interval_end_success': <Proxy at 0x7fb66fc21a30 with factory <function RuntimeTaskInstance.get_template_context.<locals>.<lambda> at 0x7fb66fc44a40>>,","chan":"stdout","logger":"task"}
{"timestamp":"2025-07-29T20:02:50.032566Z","level":"info","event":" 'prev_data_interval_start_success': <Proxy at 0x7fb66fc21970 with factory <function RuntimeTaskInstance.get_template_context.<locals>.<lambda> at 0x7fb66fc331a0>>,","chan":"stdout","logger":"task"}
{"timestamp":"2025-07-29T20:02:50.032714Z","level":"info","event":" 'prev_end_date_success': <Proxy at 0x7fb66fc21d90 with factory <function RuntimeTaskInstance.get_template_context.<locals>.<lambda> at 0x7fb66fc33880>>,","chan":"stdout","logger":"task"}
{"timestamp":"2025-07-29T20:02:50.032807Z","level":"info","event":" 'prev_start_date_success': <Proxy at 0x7fb66fd8e990 with factory <function RuntimeTaskInstance.get_template_context.<locals>.<lambda> at 0x7fb66fc33740>>,","chan":"stdout","logger":"task"}
{"timestamp":"2025-07-29T20:02:50.033092Z","level":"info","event":" 'run_id': 'scheduled__2024-02-02T20:00:00+00:00',","chan":"stdout","logger":"task"}
{"timestamp":"2025-07-29T20:02:50.033244Z","level":"info","event":" 'task': <Task(PythonOperator): python_principal>,","chan":"stdout","logger":"task"}
{"timestamp":"2025-07-29T20:02:50.033339Z","level":"info","event":" 'task_instance': RuntimeTaskInstance(id=UUID('019857c7-cde2-7447-ac3b-fd08fed5415e'), task_id='python_principal', dag_id='3_DAG_principal', run_id='scheduled__2024-02-02T20:00:00+00:00', try_number=1, map_index=-1, hostname='bf6f1e7a6f11', context_carrier={}, task=<Task(PythonOperator): python_principal>, bundle_instance=LocalDagBundle(name=dags-folder), max_tries=0, start_date=datetime.datetime(2025, 7, 29, 20, 2, 49, 289199, tzinfo=datetime.timezone.utc), end_date=None, state=<TaskInstanceState.RUNNING: 'running'>, is_mapped=False, rendered_map_index=None, log_url='http://localhost:8080/dags/3_DAG_principal/runs/scheduled__2024-02-02T20%3A00%3A00%2B00%3A00/tasks/python_principal?try_number=1'),","chan":"stdout","logger":"task"}
{"timestamp":"2025-07-29T20:02:50.033412Z","level":"info","event":" 'task_instance_key_str': '3_DAG_principal__python_principal__20240202',","chan":"stdout","logger":"task"}
{"timestamp":"2025-07-29T20:02:50.033474Z","level":"info","event":" 'task_reschedule_count': 0,","chan":"stdout","logger":"task"}
{"timestamp":"2025-07-29T20:02:50.033534Z","level":"info","event":" 'templates_dict': None,","chan":"stdout","logger":"task"}
{"timestamp":"2025-07-29T20:02:50.033693Z","level":"info","event":" 'ti': RuntimeTaskInstance(id=UUID('019857c7-cde2-7447-ac3b-fd08fed5415e'), task_id='python_principal', dag_id='3_DAG_principal', run_id='scheduled__2024-02-02T20:00:00+00:00', try_number=1, map_index=-1, hostname='bf6f1e7a6f11', context_carrier={}, task=<Task(PythonOperator): python_principal>, bundle_instance=LocalDagBundle(name=dags-folder), max_tries=0, start_date=datetime.datetime(2025, 7, 29, 20, 2, 49, 289199, tzinfo=datetime.timezone.utc), end_date=None, state=<TaskInstanceState.RUNNING: 'running'>, is_mapped=False, rendered_map_index=None, log_url='http://localhost:8080/dags/3_DAG_principal/runs/scheduled__2024-02-02T20%3A00%3A00%2B00%3A00/tasks/python_principal?try_number=1'),","chan":"stdout","logger":"task"}
{"timestamp":"2025-07-29T20:02:50.033782Z","level":"info","event":" 'triggering_asset_events': TriggeringAssetEventsAccessor(_events=defaultdict(<class 'list'>, {})),","chan":"stdout","logger":"task"}
{"timestamp":"2025-07-29T20:02:50.033856Z","level":"info","event":" 'ts': '2024-02-02T20:00:00+00:00',","chan":"stdout","logger":"task"}
{"timestamp":"2025-07-29T20:02:50.033925Z","level":"info","event":" 'ts_nodash': '20240202T200000',","chan":"stdout","logger":"task"}
{"timestamp":"2025-07-29T20:02:50.033993Z","level":"info","event":" 'ts_nodash_with_tz': '20240202T200000+0000',","chan":"stdout","logger":"task"}
{"timestamp":"2025-07-29T20:02:50.034060Z","level":"info","event":" 'var': {'json': <VariableAccessor (dynamic access)>,","chan":"stdout","logger":"task"}
{"timestamp":"2025-07-29T20:02:50.034128Z","level":"info","event":"         'value': <VariableAccessor (dynamic access)>}}","chan":"stdout","logger":"task"}
{"timestamp":"2025-07-29T20:02:50.032896","level":"info","event":"Done. Returned value was: principal","logger":"airflow.task.operators.airflow.providers.standard.operators.python.PythonOperator"}
{"timestamp":"2025-07-29T20:02:50.033271","level":"info","event":"Pushing xcom","ti":"RuntimeTaskInstance(id=UUID('019857c7-cde2-7447-ac3b-fd08fed5415e'), task_id='python_principal', dag_id='3_DAG_principal', run_id='scheduled__2024-02-02T20:00:00+00:00', try_number=1, map_index=-1, hostname='bf6f1e7a6f11', context_carrier={}, task=<Task(PythonOperator): python_principal>, bundle_instance=LocalDagBundle(name=dags-folder), max_tries=0, start_date=datetime.datetime(2025, 7, 29, 20, 2, 49, 289199, tzinfo=datetime.timezone.utc), end_date=None, state=<TaskInstanceState.RUNNING: 'running'>, is_mapped=False, rendered_map_index=None, log_url='http://localhost:8080/dags/3_DAG_principal/runs/scheduled__2024-02-02T20%3A00%3A00%2B00%3A00/tasks/python_principal?try_number=1')","logger":"task"}
{"timestamp":"2025-07-29T20:02:50.071896Z","level":"info","event":"Task instance in success state","chan":"stdout","logger":"task"}
{"timestamp":"2025-07-29T20:02:50.072120Z","level":"info","event":" Previous state of the Task instance: TaskInstanceState.RUNNING","chan":"stdout","logger":"task"}
{"timestamp":"2025-07-29T20:02:50.072296Z","level":"info","event":"Task operator:<Task(PythonOperator): python_principal>","chan":"stdout","logger":"task"}
