{"timestamp":"2025-07-29T19:50:28.518001","level":"info","event":"DAG bundles loaded: dags-folder, example_dags","logger":"airflow.dag_processing.bundles.manager.DagBundlesManager"}
{"timestamp":"2025-07-29T19:50:28.518480","level":"info","event":"Filling up the DagBag from /opt/airflow/dags/2_python_operator_v1.py","logger":"airflow.models.dagbag.DagBag"}
{"timestamp":"2025-07-29T19:50:28.541912Z","level":"info","event":"Task instance is in running state","chan":"stdout","logger":"task"}
{"timestamp":"2025-07-29T19:50:28.542044Z","level":"info","event":" Previous state of the Task instance: TaskInstanceState.QUEUED","chan":"stdout","logger":"task"}
{"timestamp":"2025-07-29T19:50:28.542438Z","level":"info","event":"Current task name:python","chan":"stdout","logger":"task"}
{"timestamp":"2025-07-29T19:50:28.542532Z","level":"info","event":"Dag name:python_operator_v1","chan":"stdout","logger":"task"}
{"timestamp":"2025-07-29T19:50:28.543634Z","level":"info","event":"poliana","chan":"stdout","logger":"task"}
{"timestamp":"2025-07-29T19:50:28.544244Z","level":"info","event":"{'conn': <ConnectionAccessor (dynamic access)>,","chan":"stdout","logger":"task"}
{"timestamp":"2025-07-29T19:50:28.544341Z","level":"info","event":" 'dag': <DAG: python_operator_v1>,","chan":"stdout","logger":"task"}
{"timestamp":"2025-07-29T19:50:28.544438Z","level":"info","event":" 'dag_run': DagRun(dag_id='python_operator_v1', run_id='scheduled__2023-06-24T04:33:00+00:00', logical_date=datetime.datetime(2023, 6, 24, 4, 33, tzinfo=datetime.timezone.utc), data_interval_start=datetime.datetime(2023, 6, 24, 4, 33, tzinfo=datetime.timezone.utc), data_interval_end=datetime.datetime(2023, 6, 24, 4, 33, tzinfo=datetime.timezone.utc), run_after=datetime.datetime(2023, 6, 24, 4, 33, tzinfo=datetime.timezone.utc), start_date=datetime.datetime(2025, 7, 29, 19, 50, 26, 854367, tzinfo=datetime.timezone.utc), end_date=None, clear_number=0, run_type=<DagRunType.SCHEDULED: 'scheduled'>, conf={}, consumed_asset_events=[]),","chan":"stdout","logger":"task"}
{"timestamp":"2025-07-29T19:50:28.544495Z","level":"info","event":" 'data_interval_end': DateTime(2023, 6, 24, 4, 33, 0, tzinfo=Timezone('UTC')),","chan":"stdout","logger":"task"}
{"timestamp":"2025-07-29T19:50:28.544542Z","level":"info","event":" 'data_interval_start': DateTime(2023, 6, 24, 4, 33, 0, tzinfo=Timezone('UTC')),","chan":"stdout","logger":"task"}
{"timestamp":"2025-07-29T19:50:28.544584Z","level":"info","event":" 'ds': '2023-06-24',","chan":"stdout","logger":"task"}
{"timestamp":"2025-07-29T19:50:28.544625Z","level":"info","event":" 'ds_nodash': '20230624',","chan":"stdout","logger":"task"}
{"timestamp":"2025-07-29T19:50:28.544666Z","level":"info","event":" 'inlet_events': InletEventsAccessors(_inlets=[], _assets={}, _asset_aliases={}),","chan":"stdout","logger":"task"}
{"timestamp":"2025-07-29T19:50:28.544706Z","level":"info","event":" 'inlets': [],","chan":"stdout","logger":"task"}
{"timestamp":"2025-07-29T19:50:28.544747Z","level":"info","event":" 'logical_date': DateTime(2023, 6, 24, 4, 33, 0, tzinfo=Timezone('UTC')),","chan":"stdout","logger":"task"}
{"timestamp":"2025-07-29T19:50:28.544797Z","level":"info","event":" 'macros': <MacrosAccessor (dynamic access to macros)>,","chan":"stdout","logger":"task"}
{"timestamp":"2025-07-29T19:50:28.544841Z","level":"info","event":" 'map_index_template': None,","chan":"stdout","logger":"task"}
{"timestamp":"2025-07-29T19:50:28.544882Z","level":"info","event":" 'outlet_events': <airflow.sdk.execution_time.context.OutletEventAccessors object at 0x7fb66fdd2ed0>,","chan":"stdout","logger":"task"}
{"timestamp":"2025-07-29T19:50:28.544922Z","level":"info","event":" 'outlets': [],","chan":"stdout","logger":"task"}
{"timestamp":"2025-07-29T19:50:28.544962Z","level":"info","event":" 'params': {},","chan":"stdout","logger":"task"}
{"timestamp":"2025-07-29T19:50:28.553722Z","level":"info","event":" 'prev_data_interval_end_success': <Proxy at 0x7fb66fdf0a10 with factory <function RuntimeTaskInstance.get_template_context.<locals>.<lambda> at 0x7fb66fdfcc20>>,","chan":"stdout","logger":"task"}
{"timestamp":"2025-07-29T19:50:28.553860Z","level":"info","event":" 'prev_data_interval_start_success': <Proxy at 0x7fb66fdf0aa0 with factory <function RuntimeTaskInstance.get_template_context.<locals>.<lambda> at 0x7fb66fdfe340>>,","chan":"stdout","logger":"task"}
{"timestamp":"2025-07-29T19:50:28.553954Z","level":"info","event":" 'prev_end_date_success': <Proxy at 0x7fb66fdf0c50 with factory <function RuntimeTaskInstance.get_template_context.<locals>.<lambda> at 0x7fb66fdfe3e0>>,","chan":"stdout","logger":"task"}
{"timestamp":"2025-07-29T19:50:28.554007Z","level":"info","event":" 'prev_start_date_success': <Proxy at 0x7fb66fdf0ce0 with factory <function RuntimeTaskInstance.get_template_context.<locals>.<lambda> at 0x7fb66fdfd120>>,","chan":"stdout","logger":"task"}
{"timestamp":"2025-07-29T19:50:28.554099Z","level":"info","event":" 'run_id': 'scheduled__2023-06-24T04:33:00+00:00',","chan":"stdout","logger":"task"}
{"timestamp":"2025-07-29T19:50:28.554143Z","level":"info","event":" 'task': <Task(PythonOperator): python>,","chan":"stdout","logger":"task"}
{"timestamp":"2025-07-29T19:50:28.554190Z","level":"info","event":" 'task_instance': RuntimeTaskInstance(id=UUID('019857bc-7b20-730f-ad93-e0003aa3b79e'), task_id='python', dag_id='python_operator_v1', run_id='scheduled__2023-06-24T04:33:00+00:00', try_number=1, map_index=-1, hostname='bf6f1e7a6f11', context_carrier={}, task=<Task(PythonOperator): python>, bundle_instance=LocalDagBundle(name=dags-folder), max_tries=0, start_date=datetime.datetime(2025, 7, 29, 19, 50, 28, 101518, tzinfo=datetime.timezone.utc), end_date=None, state=<TaskInstanceState.RUNNING: 'running'>, is_mapped=False, rendered_map_index=None, log_url='http://localhost:8080/dags/python_operator_v1/runs/scheduled__2023-06-24T04%3A33%3A00%2B00%3A00/tasks/python?try_number=1'),","chan":"stdout","logger":"task"}
{"timestamp":"2025-07-29T19:50:28.554236Z","level":"info","event":" 'task_instance_key_str': 'python_operator_v1__python__20230624',","chan":"stdout","logger":"task"}
{"timestamp":"2025-07-29T19:50:28.554277Z","level":"info","event":" 'task_reschedule_count': 0,","chan":"stdout","logger":"task"}
{"timestamp":"2025-07-29T19:50:28.554317Z","level":"info","event":" 'templates_dict': None,","chan":"stdout","logger":"task"}
{"timestamp":"2025-07-29T19:50:28.554359Z","level":"info","event":" 'ti': RuntimeTaskInstance(id=UUID('019857bc-7b20-730f-ad93-e0003aa3b79e'), task_id='python', dag_id='python_operator_v1', run_id='scheduled__2023-06-24T04:33:00+00:00', try_number=1, map_index=-1, hostname='bf6f1e7a6f11', context_carrier={}, task=<Task(PythonOperator): python>, bundle_instance=LocalDagBundle(name=dags-folder), max_tries=0, start_date=datetime.datetime(2025, 7, 29, 19, 50, 28, 101518, tzinfo=datetime.timezone.utc), end_date=None, state=<TaskInstanceState.RUNNING: 'running'>, is_mapped=False, rendered_map_index=None, log_url='http://localhost:8080/dags/python_operator_v1/runs/scheduled__2023-06-24T04%3A33%3A00%2B00%3A00/tasks/python?try_number=1'),","chan":"stdout","logger":"task"}
{"timestamp":"2025-07-29T19:50:28.554402Z","level":"info","event":" 'triggering_asset_events': TriggeringAssetEventsAccessor(_events=defaultdict(<class 'list'>, {})),","chan":"stdout","logger":"task"}
{"timestamp":"2025-07-29T19:50:28.554443Z","level":"info","event":" 'ts': '2023-06-24T04:33:00+00:00',","chan":"stdout","logger":"task"}
{"timestamp":"2025-07-29T19:50:28.554486Z","level":"info","event":" 'ts_nodash': '20230624T043300',","chan":"stdout","logger":"task"}
{"timestamp":"2025-07-29T19:50:28.554531Z","level":"info","event":" 'ts_nodash_with_tz': '20230624T043300+0000',","chan":"stdout","logger":"task"}
{"timestamp":"2025-07-29T19:50:28.554570Z","level":"info","event":" 'var': {'json': <VariableAccessor (dynamic access)>,","chan":"stdout","logger":"task"}
{"timestamp":"2025-07-29T19:50:28.554613Z","level":"info","event":"         'value': <VariableAccessor (dynamic access)>}}","chan":"stdout","logger":"task"}
{"timestamp":"2025-07-29T19:50:28.554373","level":"info","event":"Done. Returned value was: 123","logger":"airflow.task.operators.airflow.providers.standard.operators.python.PythonOperator"}
{"timestamp":"2025-07-29T19:50:28.554550","level":"info","event":"Pushing xcom","ti":"RuntimeTaskInstance(id=UUID('019857bc-7b20-730f-ad93-e0003aa3b79e'), task_id='python', dag_id='python_operator_v1', run_id='scheduled__2023-06-24T04:33:00+00:00', try_number=1, map_index=-1, hostname='bf6f1e7a6f11', context_carrier={}, task=<Task(PythonOperator): python>, bundle_instance=LocalDagBundle(name=dags-folder), max_tries=0, start_date=datetime.datetime(2025, 7, 29, 19, 50, 28, 101518, tzinfo=datetime.timezone.utc), end_date=None, state=<TaskInstanceState.RUNNING: 'running'>, is_mapped=False, rendered_map_index=None, log_url='http://localhost:8080/dags/python_operator_v1/runs/scheduled__2023-06-24T04%3A33%3A00%2B00%3A00/tasks/python?try_number=1')","logger":"task"}
{"timestamp":"2025-07-29T19:50:28.577827Z","level":"info","event":"Task instance in success state","chan":"stdout","logger":"task"}
{"timestamp":"2025-07-29T19:50:28.577996Z","level":"info","event":" Previous state of the Task instance: TaskInstanceState.RUNNING","chan":"stdout","logger":"task"}
{"timestamp":"2025-07-29T19:50:28.578098Z","level":"info","event":"Task operator:<Task(PythonOperator): python>","chan":"stdout","logger":"task"}
