{"timestamp":"2025-07-29T19:39:28.914544","level":"info","event":"DAG bundles loaded: dags-folder, example_dags","logger":"airflow.dag_processing.bundles.manager.DagBundlesManager"}
{"timestamp":"2025-07-29T19:39:28.914983","level":"info","event":"Filling up the DagBag from /opt/airflow/dags/python_operator_v1.py","logger":"airflow.models.dagbag.DagBag"}
{"timestamp":"2025-07-29T19:39:28.943619Z","level":"info","event":"Task instance is in running state","chan":"stdout","logger":"task"}
{"timestamp":"2025-07-29T19:39:28.943796Z","level":"info","event":" Previous state of the Task instance: TaskInstanceState.QUEUED","chan":"stdout","logger":"task"}
{"timestamp":"2025-07-29T19:39:28.944180Z","level":"info","event":"Current task name:python","chan":"stdout","logger":"task"}
{"timestamp":"2025-07-29T19:39:28.944263Z","level":"info","event":"Dag name:python_operator_v1","chan":"stdout","logger":"task"}
{"timestamp":"2025-07-29T19:39:28.945313Z","level":"info","event":"poliana","chan":"stdout","logger":"task"}
{"timestamp":"2025-07-29T19:39:28.945967Z","level":"info","event":"{'conn': <ConnectionAccessor (dynamic access)>,","chan":"stdout","logger":"task"}
{"timestamp":"2025-07-29T19:39:28.946046Z","level":"info","event":" 'dag': <DAG: python_operator_v1>,","chan":"stdout","logger":"task"}
{"timestamp":"2025-07-29T19:39:28.946130Z","level":"info","event":" 'dag_run': DagRun(dag_id='python_operator_v1', run_id='scheduled__2023-06-23T16:37:00+00:00', logical_date=datetime.datetime(2023, 6, 23, 16, 37, tzinfo=datetime.timezone.utc), data_interval_start=datetime.datetime(2023, 6, 23, 16, 37, tzinfo=datetime.timezone.utc), data_interval_end=datetime.datetime(2023, 6, 23, 16, 37, tzinfo=datetime.timezone.utc), run_after=datetime.datetime(2023, 6, 23, 16, 37, tzinfo=datetime.timezone.utc), start_date=datetime.datetime(2025, 7, 29, 19, 39, 28, 199968, tzinfo=datetime.timezone.utc), end_date=None, clear_number=0, run_type=<DagRunType.SCHEDULED: 'scheduled'>, conf={}, consumed_asset_events=[]),","chan":"stdout","logger":"task"}
{"timestamp":"2025-07-29T19:39:28.946215Z","level":"info","event":" 'data_interval_end': DateTime(2023, 6, 23, 16, 37, 0, tzinfo=Timezone('UTC')),","chan":"stdout","logger":"task"}
{"timestamp":"2025-07-29T19:39:28.946274Z","level":"info","event":" 'data_interval_start': DateTime(2023, 6, 23, 16, 37, 0, tzinfo=Timezone('UTC')),","chan":"stdout","logger":"task"}
{"timestamp":"2025-07-29T19:39:28.946324Z","level":"info","event":" 'ds': '2023-06-23',","chan":"stdout","logger":"task"}
{"timestamp":"2025-07-29T19:39:28.946370Z","level":"info","event":" 'ds_nodash': '20230623',","chan":"stdout","logger":"task"}
{"timestamp":"2025-07-29T19:39:28.946417Z","level":"info","event":" 'inlet_events': InletEventsAccessors(_inlets=[], _assets={}, _asset_aliases={}),","chan":"stdout","logger":"task"}
{"timestamp":"2025-07-29T19:39:28.946480Z","level":"info","event":" 'inlets': [],","chan":"stdout","logger":"task"}
{"timestamp":"2025-07-29T19:39:28.946539Z","level":"info","event":" 'logical_date': DateTime(2023, 6, 23, 16, 37, 0, tzinfo=Timezone('UTC')),","chan":"stdout","logger":"task"}
{"timestamp":"2025-07-29T19:39:28.946583Z","level":"info","event":" 'macros': <MacrosAccessor (dynamic access to macros)>,","chan":"stdout","logger":"task"}
{"timestamp":"2025-07-29T19:39:28.946625Z","level":"info","event":" 'map_index_template': None,","chan":"stdout","logger":"task"}
{"timestamp":"2025-07-29T19:39:28.946666Z","level":"info","event":" 'outlet_events': <airflow.sdk.execution_time.context.OutletEventAccessors object at 0x7fb67ebffa70>,","chan":"stdout","logger":"task"}
{"timestamp":"2025-07-29T19:39:28.946714Z","level":"info","event":" 'outlets': [],","chan":"stdout","logger":"task"}
{"timestamp":"2025-07-29T19:39:28.946813Z","level":"info","event":" 'params': {},","chan":"stdout","logger":"task"}
{"timestamp":"2025-07-29T19:39:28.954292Z","level":"info","event":" 'prev_data_interval_end_success': <Proxy at 0x7fb66fc9e810 with factory <function RuntimeTaskInstance.get_template_context.<locals>.<lambda> at 0x7fb66fcb8900>>,","chan":"stdout","logger":"task"}
{"timestamp":"2025-07-29T19:39:28.954499Z","level":"info","event":" 'prev_data_interval_start_success': <Proxy at 0x7fb66fc9e060 with factory <function RuntimeTaskInstance.get_template_context.<locals>.<lambda> at 0x7fb66fcba020>>,","chan":"stdout","logger":"task"}
{"timestamp":"2025-07-29T19:39:28.954603Z","level":"info","event":" 'prev_end_date_success': <Proxy at 0x7fb66fc9e360 with factory <function RuntimeTaskInstance.get_template_context.<locals>.<lambda> at 0x7fb66fcba0c0>>,","chan":"stdout","logger":"task"}
{"timestamp":"2025-07-29T19:39:28.954658Z","level":"info","event":" 'prev_start_date_success': <Proxy at 0x7fb66fc9e420 with factory <function RuntimeTaskInstance.get_template_context.<locals>.<lambda> at 0x7fb66fcb8e00>>,","chan":"stdout","logger":"task"}
{"timestamp":"2025-07-29T19:39:28.954704Z","level":"info","event":" 'run_id': 'scheduled__2023-06-23T16:37:00+00:00',","chan":"stdout","logger":"task"}
{"timestamp":"2025-07-29T19:39:28.954747Z","level":"info","event":" 'task': <Task(PythonOperator): python>,","chan":"stdout","logger":"task"}
{"timestamp":"2025-07-29T19:39:28.954791Z","level":"info","event":" 'task_instance': RuntimeTaskInstance(id=UUID('019857b2-6e3e-7812-8848-6d4ac45971b5'), task_id='python', dag_id='python_operator_v1', run_id='scheduled__2023-06-23T16:37:00+00:00', try_number=1, map_index=-1, hostname='bf6f1e7a6f11', context_carrier={}, task=<Task(PythonOperator): python>, bundle_instance=LocalDagBundle(name=dags-folder), max_tries=0, start_date=datetime.datetime(2025, 7, 29, 19, 39, 28, 478865, tzinfo=datetime.timezone.utc), end_date=None, state=<TaskInstanceState.RUNNING: 'running'>, is_mapped=False, rendered_map_index=None, log_url='http://localhost:8080/dags/python_operator_v1/runs/scheduled__2023-06-23T16%3A37%3A00%2B00%3A00/tasks/python?try_number=1'),","chan":"stdout","logger":"task"}
{"timestamp":"2025-07-29T19:39:28.954836Z","level":"info","event":" 'task_instance_key_str': 'python_operator_v1__python__20230623',","chan":"stdout","logger":"task"}
{"timestamp":"2025-07-29T19:39:28.954878Z","level":"info","event":" 'task_reschedule_count': 0,","chan":"stdout","logger":"task"}
{"timestamp":"2025-07-29T19:39:28.954919Z","level":"info","event":" 'templates_dict': None,","chan":"stdout","logger":"task"}
{"timestamp":"2025-07-29T19:39:28.954960Z","level":"info","event":" 'ti': RuntimeTaskInstance(id=UUID('019857b2-6e3e-7812-8848-6d4ac45971b5'), task_id='python', dag_id='python_operator_v1', run_id='scheduled__2023-06-23T16:37:00+00:00', try_number=1, map_index=-1, hostname='bf6f1e7a6f11', context_carrier={}, task=<Task(PythonOperator): python>, bundle_instance=LocalDagBundle(name=dags-folder), max_tries=0, start_date=datetime.datetime(2025, 7, 29, 19, 39, 28, 478865, tzinfo=datetime.timezone.utc), end_date=None, state=<TaskInstanceState.RUNNING: 'running'>, is_mapped=False, rendered_map_index=None, log_url='http://localhost:8080/dags/python_operator_v1/runs/scheduled__2023-06-23T16%3A37%3A00%2B00%3A00/tasks/python?try_number=1'),","chan":"stdout","logger":"task"}
{"timestamp":"2025-07-29T19:39:28.955002Z","level":"info","event":" 'triggering_asset_events': TriggeringAssetEventsAccessor(_events=defaultdict(<class 'list'>, {})),","chan":"stdout","logger":"task"}
{"timestamp":"2025-07-29T19:39:28.955043Z","level":"info","event":" 'ts': '2023-06-23T16:37:00+00:00',","chan":"stdout","logger":"task"}
{"timestamp":"2025-07-29T19:39:28.955083Z","level":"info","event":" 'ts_nodash': '20230623T163700',","chan":"stdout","logger":"task"}
{"timestamp":"2025-07-29T19:39:28.955125Z","level":"info","event":" 'ts_nodash_with_tz': '20230623T163700+0000',","chan":"stdout","logger":"task"}
{"timestamp":"2025-07-29T19:39:28.955165Z","level":"info","event":" 'var': {'json': <VariableAccessor (dynamic access)>,","chan":"stdout","logger":"task"}
{"timestamp":"2025-07-29T19:39:28.955205Z","level":"info","event":"         'value': <VariableAccessor (dynamic access)>}}","chan":"stdout","logger":"task"}
{"timestamp":"2025-07-29T19:39:28.954912","level":"info","event":"Done. Returned value was: 123","logger":"airflow.task.operators.airflow.providers.standard.operators.python.PythonOperator"}
{"timestamp":"2025-07-29T19:39:28.955084","level":"info","event":"Pushing xcom","ti":"RuntimeTaskInstance(id=UUID('019857b2-6e3e-7812-8848-6d4ac45971b5'), task_id='python', dag_id='python_operator_v1', run_id='scheduled__2023-06-23T16:37:00+00:00', try_number=1, map_index=-1, hostname='bf6f1e7a6f11', context_carrier={}, task=<Task(PythonOperator): python>, bundle_instance=LocalDagBundle(name=dags-folder), max_tries=0, start_date=datetime.datetime(2025, 7, 29, 19, 39, 28, 478865, tzinfo=datetime.timezone.utc), end_date=None, state=<TaskInstanceState.RUNNING: 'running'>, is_mapped=False, rendered_map_index=None, log_url='http://localhost:8080/dags/python_operator_v1/runs/scheduled__2023-06-23T16%3A37%3A00%2B00%3A00/tasks/python?try_number=1')","logger":"task"}
{"timestamp":"2025-07-29T19:39:28.974645Z","level":"info","event":"Task instance in success state","chan":"stdout","logger":"task"}
{"timestamp":"2025-07-29T19:39:28.974773Z","level":"info","event":" Previous state of the Task instance: TaskInstanceState.RUNNING","chan":"stdout","logger":"task"}
{"timestamp":"2025-07-29T19:39:28.974861Z","level":"info","event":"Task operator:<Task(PythonOperator): python>","chan":"stdout","logger":"task"}
