{"timestamp":"2025-07-29T19:58:50.882732","level":"info","event":"DAG bundles loaded: dags-folder, example_dags","logger":"airflow.dag_processing.bundles.manager.DagBundlesManager"}
{"timestamp":"2025-07-29T19:58:50.883949","level":"info","event":"Filling up the DagBag from /opt/airflow/dags/3_dag_principal.py","logger":"airflow.models.dagbag.DagBag"}
{"timestamp":"2025-07-29T19:58:50.940379Z","level":"info","event":"Task instance is in running state","chan":"stdout","logger":"task"}
{"timestamp":"2025-07-29T19:58:50.940804Z","level":"info","event":" Previous state of the Task instance: TaskInstanceState.QUEUED","chan":"stdout","logger":"task"}
{"timestamp":"2025-07-29T19:58:50.941073Z","level":"info","event":"Current task name:python_principal","chan":"stdout","logger":"task"}
{"timestamp":"2025-07-29T19:58:50.941286Z","level":"info","event":"Dag name:3_DAG_principal","chan":"stdout","logger":"task"}
{"timestamp":"2025-07-29T19:58:50.946666Z","level":"info","event":"DAG principal","chan":"stdout","logger":"task"}
{"timestamp":"2025-07-29T19:58:50.951275Z","level":"info","event":"{'conn': <ConnectionAccessor (dynamic access)>,","chan":"stdout","logger":"task"}
{"timestamp":"2025-07-29T19:58:50.951529Z","level":"info","event":" 'dag': <DAG: 3_DAG_principal>,","chan":"stdout","logger":"task"}
{"timestamp":"2025-07-29T19:58:50.951642Z","level":"info","event":" 'dag_run': DagRun(dag_id='3_DAG_principal', run_id='scheduled__2023-07-05T20:00:00+00:00', logical_date=datetime.datetime(2023, 7, 5, 20, 0, tzinfo=datetime.timezone.utc), data_interval_start=datetime.datetime(2023, 7, 5, 20, 0, tzinfo=datetime.timezone.utc), data_interval_end=datetime.datetime(2023, 7, 5, 20, 0, tzinfo=datetime.timezone.utc), run_after=datetime.datetime(2023, 7, 5, 20, 0, tzinfo=datetime.timezone.utc), start_date=datetime.datetime(2025, 7, 29, 19, 58, 46, 701708, tzinfo=datetime.timezone.utc), end_date=None, clear_number=0, run_type=<DagRunType.SCHEDULED: 'scheduled'>, conf={}, consumed_asset_events=[]),","chan":"stdout","logger":"task"}
{"timestamp":"2025-07-29T19:58:50.951727Z","level":"info","event":" 'data_interval_end': DateTime(2023, 7, 5, 20, 0, 0, tzinfo=Timezone('UTC')),","chan":"stdout","logger":"task"}
{"timestamp":"2025-07-29T19:58:50.951800Z","level":"info","event":" 'data_interval_start': DateTime(2023, 7, 5, 20, 0, 0, tzinfo=Timezone('UTC')),","chan":"stdout","logger":"task"}
{"timestamp":"2025-07-29T19:58:50.951872Z","level":"info","event":" 'ds': '2023-07-05',","chan":"stdout","logger":"task"}
{"timestamp":"2025-07-29T19:58:50.951950Z","level":"info","event":" 'ds_nodash': '20230705',","chan":"stdout","logger":"task"}
{"timestamp":"2025-07-29T19:58:50.952036Z","level":"info","event":" 'inlet_events': InletEventsAccessors(_inlets=[], _assets={}, _asset_aliases={}),","chan":"stdout","logger":"task"}
{"timestamp":"2025-07-29T19:58:50.952113Z","level":"info","event":" 'inlets': [],","chan":"stdout","logger":"task"}
{"timestamp":"2025-07-29T19:58:50.952173Z","level":"info","event":" 'logical_date': DateTime(2023, 7, 5, 20, 0, 0, tzinfo=Timezone('UTC')),","chan":"stdout","logger":"task"}
{"timestamp":"2025-07-29T19:58:50.952236Z","level":"info","event":" 'macros': <MacrosAccessor (dynamic access to macros)>,","chan":"stdout","logger":"task"}
{"timestamp":"2025-07-29T19:58:50.952295Z","level":"info","event":" 'map_index_template': None,","chan":"stdout","logger":"task"}
{"timestamp":"2025-07-29T19:58:50.952357Z","level":"info","event":" 'outlet_events': <airflow.sdk.execution_time.context.OutletEventAccessors object at 0x7fb677ae7a70>,","chan":"stdout","logger":"task"}
{"timestamp":"2025-07-29T19:58:50.952420Z","level":"info","event":" 'outlets': [],","chan":"stdout","logger":"task"}
{"timestamp":"2025-07-29T19:58:50.952480Z","level":"info","event":" 'params': {},","chan":"stdout","logger":"task"}
{"timestamp":"2025-07-29T19:58:50.974712Z","level":"info","event":" 'prev_data_interval_end_success': <Proxy at 0x7fb66fc8da60 with factory <function RuntimeTaskInstance.get_template_context.<locals>.<lambda> at 0x7fb66fcb4c20>>,","chan":"stdout","logger":"task"}
{"timestamp":"2025-07-29T19:58:50.975022Z","level":"info","event":" 'prev_data_interval_start_success': <Proxy at 0x7fb67b5872c0 with factory <function RuntimeTaskInstance.get_template_context.<locals>.<lambda> at 0x7fb66fc9f380>>,","chan":"stdout","logger":"task"}
{"timestamp":"2025-07-29T19:58:50.975145Z","level":"info","event":" 'prev_end_date_success': <Proxy at 0x7fb66fc5cf80 with factory <function RuntimeTaskInstance.get_template_context.<locals>.<lambda> at 0x7fb66fc9fa60>>,","chan":"stdout","logger":"task"}
{"timestamp":"2025-07-29T19:58:50.975227Z","level":"info","event":" 'prev_start_date_success': <Proxy at 0x7fb66fc5f3e0 with factory <function RuntimeTaskInstance.get_template_context.<locals>.<lambda> at 0x7fb66fc9f920>>,","chan":"stdout","logger":"task"}
{"timestamp":"2025-07-29T19:58:50.975337Z","level":"info","event":" 'run_id': 'scheduled__2023-07-05T20:00:00+00:00',","chan":"stdout","logger":"task"}
{"timestamp":"2025-07-29T19:58:50.975433Z","level":"info","event":" 'task': <Task(PythonOperator): python_principal>,","chan":"stdout","logger":"task"}
{"timestamp":"2025-07-29T19:58:50.975511Z","level":"info","event":" 'task_instance': RuntimeTaskInstance(id=UUID('019857c4-1b97-769f-a00d-dab3543dddf2'), task_id='python_principal', dag_id='3_DAG_principal', run_id='scheduled__2023-07-05T20:00:00+00:00', try_number=1, map_index=-1, hostname='bf6f1e7a6f11', context_carrier={}, task=<Task(PythonOperator): python_principal>, bundle_instance=LocalDagBundle(name=dags-folder), max_tries=0, start_date=datetime.datetime(2025, 7, 29, 19, 58, 47, 160830, tzinfo=datetime.timezone.utc), end_date=None, state=<TaskInstanceState.RUNNING: 'running'>, is_mapped=False, rendered_map_index=None, log_url='http://localhost:8080/dags/3_DAG_principal/runs/scheduled__2023-07-05T20%3A00%3A00%2B00%3A00/tasks/python_principal?try_number=1'),","chan":"stdout","logger":"task"}
{"timestamp":"2025-07-29T19:58:50.975594Z","level":"info","event":" 'task_instance_key_str': '3_DAG_principal__python_principal__20230705',","chan":"stdout","logger":"task"}
{"timestamp":"2025-07-29T19:58:50.975664Z","level":"info","event":" 'task_reschedule_count': 0,","chan":"stdout","logger":"task"}
{"timestamp":"2025-07-29T19:58:50.975729Z","level":"info","event":" 'templates_dict': None,","chan":"stdout","logger":"task"}
{"timestamp":"2025-07-29T19:58:50.975798Z","level":"info","event":" 'ti': RuntimeTaskInstance(id=UUID('019857c4-1b97-769f-a00d-dab3543dddf2'), task_id='python_principal', dag_id='3_DAG_principal', run_id='scheduled__2023-07-05T20:00:00+00:00', try_number=1, map_index=-1, hostname='bf6f1e7a6f11', context_carrier={}, task=<Task(PythonOperator): python_principal>, bundle_instance=LocalDagBundle(name=dags-folder), max_tries=0, start_date=datetime.datetime(2025, 7, 29, 19, 58, 47, 160830, tzinfo=datetime.timezone.utc), end_date=None, state=<TaskInstanceState.RUNNING: 'running'>, is_mapped=False, rendered_map_index=None, log_url='http://localhost:8080/dags/3_DAG_principal/runs/scheduled__2023-07-05T20%3A00%3A00%2B00%3A00/tasks/python_principal?try_number=1'),","chan":"stdout","logger":"task"}
{"timestamp":"2025-07-29T19:58:50.975877Z","level":"info","event":" 'triggering_asset_events': TriggeringAssetEventsAccessor(_events=defaultdict(<class 'list'>, {})),","chan":"stdout","logger":"task"}
{"timestamp":"2025-07-29T19:58:50.975949Z","level":"info","event":" 'ts': '2023-07-05T20:00:00+00:00',","chan":"stdout","logger":"task"}
{"timestamp":"2025-07-29T19:58:50.976017Z","level":"info","event":" 'ts_nodash': '20230705T200000',","chan":"stdout","logger":"task"}
{"timestamp":"2025-07-29T19:58:50.976085Z","level":"info","event":" 'ts_nodash_with_tz': '20230705T200000+0000',","chan":"stdout","logger":"task"}
{"timestamp":"2025-07-29T19:58:50.976156Z","level":"info","event":" 'var': {'json': <VariableAccessor (dynamic access)>,","chan":"stdout","logger":"task"}
{"timestamp":"2025-07-29T19:58:50.976274Z","level":"info","event":"         'value': <VariableAccessor (dynamic access)>}}","chan":"stdout","logger":"task"}
{"timestamp":"2025-07-29T19:58:50.974031","level":"info","event":"Done. Returned value was: principal","logger":"airflow.task.operators.airflow.providers.standard.operators.python.PythonOperator"}
{"timestamp":"2025-07-29T19:58:50.974496","level":"info","event":"Pushing xcom","ti":"RuntimeTaskInstance(id=UUID('019857c4-1b97-769f-a00d-dab3543dddf2'), task_id='python_principal', dag_id='3_DAG_principal', run_id='scheduled__2023-07-05T20:00:00+00:00', try_number=1, map_index=-1, hostname='bf6f1e7a6f11', context_carrier={}, task=<Task(PythonOperator): python_principal>, bundle_instance=LocalDagBundle(name=dags-folder), max_tries=0, start_date=datetime.datetime(2025, 7, 29, 19, 58, 47, 160830, tzinfo=datetime.timezone.utc), end_date=None, state=<TaskInstanceState.RUNNING: 'running'>, is_mapped=False, rendered_map_index=None, log_url='http://localhost:8080/dags/3_DAG_principal/runs/scheduled__2023-07-05T20%3A00%3A00%2B00%3A00/tasks/python_principal?try_number=1')","logger":"task"}
{"timestamp":"2025-07-29T19:58:51.025204Z","level":"info","event":"Task instance in success state","chan":"stdout","logger":"task"}
{"timestamp":"2025-07-29T19:58:51.025515Z","level":"info","event":" Previous state of the Task instance: TaskInstanceState.RUNNING","chan":"stdout","logger":"task"}
{"timestamp":"2025-07-29T19:58:51.025637Z","level":"info","event":"Task operator:<Task(PythonOperator): python_principal>","chan":"stdout","logger":"task"}
