{"timestamp":"2025-07-29T19:59:59.188896","level":"info","event":"DAG bundles loaded: dags-folder, example_dags","logger":"airflow.dag_processing.bundles.manager.DagBundlesManager"}
{"timestamp":"2025-07-29T19:59:59.189521","level":"info","event":"Filling up the DagBag from /opt/airflow/dags/3_dag_principal.py","logger":"airflow.models.dagbag.DagBag"}
{"timestamp":"2025-07-29T19:59:59.218511Z","level":"info","event":"Task instance is in running state","chan":"stdout","logger":"task"}
{"timestamp":"2025-07-29T19:59:59.218688Z","level":"info","event":" Previous state of the Task instance: TaskInstanceState.QUEUED","chan":"stdout","logger":"task"}
{"timestamp":"2025-07-29T19:59:59.218777Z","level":"info","event":"Current task name:python_principal","chan":"stdout","logger":"task"}
{"timestamp":"2025-07-29T19:59:59.218829Z","level":"info","event":"Dag name:3_DAG_principal","chan":"stdout","logger":"task"}
{"timestamp":"2025-07-29T19:59:59.220187Z","level":"info","event":"DAG principal","chan":"stdout","logger":"task"}
{"timestamp":"2025-07-29T19:59:59.220837Z","level":"info","event":"{'conn': <ConnectionAccessor (dynamic access)>,","chan":"stdout","logger":"task"}
{"timestamp":"2025-07-29T19:59:59.220994Z","level":"info","event":" 'dag': <DAG: 3_DAG_principal>,","chan":"stdout","logger":"task"}
{"timestamp":"2025-07-29T19:59:59.221160Z","level":"info","event":" 'dag_run': DagRun(dag_id='3_DAG_principal', run_id='scheduled__2023-08-29T20:00:00+00:00', logical_date=datetime.datetime(2023, 8, 29, 20, 0, tzinfo=datetime.timezone.utc), data_interval_start=datetime.datetime(2023, 8, 29, 20, 0, tzinfo=datetime.timezone.utc), data_interval_end=datetime.datetime(2023, 8, 29, 20, 0, tzinfo=datetime.timezone.utc), run_after=datetime.datetime(2023, 8, 29, 20, 0, tzinfo=datetime.timezone.utc), start_date=datetime.datetime(2025, 7, 29, 19, 59, 58, 64712, tzinfo=datetime.timezone.utc), end_date=None, clear_number=0, run_type=<DagRunType.SCHEDULED: 'scheduled'>, conf={}, consumed_asset_events=[]),","chan":"stdout","logger":"task"}
{"timestamp":"2025-07-29T19:59:59.221259Z","level":"info","event":" 'data_interval_end': DateTime(2023, 8, 29, 20, 0, 0, tzinfo=Timezone('UTC')),","chan":"stdout","logger":"task"}
{"timestamp":"2025-07-29T19:59:59.221335Z","level":"info","event":" 'data_interval_start': DateTime(2023, 8, 29, 20, 0, 0, tzinfo=Timezone('UTC')),","chan":"stdout","logger":"task"}
{"timestamp":"2025-07-29T19:59:59.221406Z","level":"info","event":" 'ds': '2023-08-29',","chan":"stdout","logger":"task"}
{"timestamp":"2025-07-29T19:59:59.221478Z","level":"info","event":" 'ds_nodash': '20230829',","chan":"stdout","logger":"task"}
{"timestamp":"2025-07-29T19:59:59.221553Z","level":"info","event":" 'inlet_events': InletEventsAccessors(_inlets=[], _assets={}, _asset_aliases={}),","chan":"stdout","logger":"task"}
{"timestamp":"2025-07-29T19:59:59.221628Z","level":"info","event":" 'inlets': [],","chan":"stdout","logger":"task"}
{"timestamp":"2025-07-29T19:59:59.221699Z","level":"info","event":" 'logical_date': DateTime(2023, 8, 29, 20, 0, 0, tzinfo=Timezone('UTC')),","chan":"stdout","logger":"task"}
{"timestamp":"2025-07-29T19:59:59.221769Z","level":"info","event":" 'macros': <MacrosAccessor (dynamic access to macros)>,","chan":"stdout","logger":"task"}
{"timestamp":"2025-07-29T19:59:59.221837Z","level":"info","event":" 'map_index_template': None,","chan":"stdout","logger":"task"}
{"timestamp":"2025-07-29T19:59:59.221902Z","level":"info","event":" 'outlet_events': <airflow.sdk.execution_time.context.OutletEventAccessors object at 0x7fb6782848f0>,","chan":"stdout","logger":"task"}
{"timestamp":"2025-07-29T19:59:59.221967Z","level":"info","event":" 'outlets': [],","chan":"stdout","logger":"task"}
{"timestamp":"2025-07-29T19:59:59.222034Z","level":"info","event":" 'params': {},","chan":"stdout","logger":"task"}
{"timestamp":"2025-07-29T19:59:59.240933Z","level":"info","event":" 'prev_data_interval_end_success': <Proxy at 0x7fb66fdd5fd0 with factory <function RuntimeTaskInstance.get_template_context.<locals>.<lambda> at 0x7fb66fdeefc0>>,","chan":"stdout","logger":"task"}
{"timestamp":"2025-07-29T19:59:59.241189Z","level":"info","event":" 'prev_data_interval_start_success': <Proxy at 0x7fb66fdd57f0 with factory <function RuntimeTaskInstance.get_template_context.<locals>.<lambda> at 0x7fb66fdee8e0>>,","chan":"stdout","logger":"task"}
{"timestamp":"2025-07-29T19:59:59.241288Z","level":"info","event":" 'prev_end_date_success': <Proxy at 0x7fb67e397e30 with factory <function RuntimeTaskInstance.get_template_context.<locals>.<lambda> at 0x7fb66fdeff60>>,","chan":"stdout","logger":"task"}
{"timestamp":"2025-07-29T19:59:59.241343Z","level":"info","event":" 'prev_start_date_success': <Proxy at 0x7fb66fdd63f0 with factory <function RuntimeTaskInstance.get_template_context.<locals>.<lambda> at 0x7fb66fdeee80>>,","chan":"stdout","logger":"task"}
{"timestamp":"2025-07-29T19:59:59.241406Z","level":"info","event":" 'run_id': 'scheduled__2023-08-29T20:00:00+00:00',","chan":"stdout","logger":"task"}
{"timestamp":"2025-07-29T19:59:59.241476Z","level":"info","event":" 'task': <Task(PythonOperator): python_principal>,","chan":"stdout","logger":"task"}
{"timestamp":"2025-07-29T19:59:59.241568Z","level":"info","event":" 'task_instance': RuntimeTaskInstance(id=UUID('019857c5-325b-7cf0-8ec0-138f2b4b6998'), task_id='python_principal', dag_id='3_DAG_principal', run_id='scheduled__2023-08-29T20:00:00+00:00', try_number=1, map_index=-1, hostname='bf6f1e7a6f11', context_carrier={}, task=<Task(PythonOperator): python_principal>, bundle_instance=LocalDagBundle(name=dags-folder), max_tries=0, start_date=datetime.datetime(2025, 7, 29, 19, 59, 58, 463523, tzinfo=datetime.timezone.utc), end_date=None, state=<TaskInstanceState.RUNNING: 'running'>, is_mapped=False, rendered_map_index=None, log_url='http://localhost:8080/dags/3_DAG_principal/runs/scheduled__2023-08-29T20%3A00%3A00%2B00%3A00/tasks/python_principal?try_number=1'),","chan":"stdout","logger":"task"}
{"timestamp":"2025-07-29T19:59:59.241631Z","level":"info","event":" 'task_instance_key_str': '3_DAG_principal__python_principal__20230829',","chan":"stdout","logger":"task"}
{"timestamp":"2025-07-29T19:59:59.241692Z","level":"info","event":" 'task_reschedule_count': 0,","chan":"stdout","logger":"task"}
{"timestamp":"2025-07-29T19:59:59.241737Z","level":"info","event":" 'templates_dict': None,","chan":"stdout","logger":"task"}
{"timestamp":"2025-07-29T19:59:59.241781Z","level":"info","event":" 'ti': RuntimeTaskInstance(id=UUID('019857c5-325b-7cf0-8ec0-138f2b4b6998'), task_id='python_principal', dag_id='3_DAG_principal', run_id='scheduled__2023-08-29T20:00:00+00:00', try_number=1, map_index=-1, hostname='bf6f1e7a6f11', context_carrier={}, task=<Task(PythonOperator): python_principal>, bundle_instance=LocalDagBundle(name=dags-folder), max_tries=0, start_date=datetime.datetime(2025, 7, 29, 19, 59, 58, 463523, tzinfo=datetime.timezone.utc), end_date=None, state=<TaskInstanceState.RUNNING: 'running'>, is_mapped=False, rendered_map_index=None, log_url='http://localhost:8080/dags/3_DAG_principal/runs/scheduled__2023-08-29T20%3A00%3A00%2B00%3A00/tasks/python_principal?try_number=1'),","chan":"stdout","logger":"task"}
{"timestamp":"2025-07-29T19:59:59.241825Z","level":"info","event":" 'triggering_asset_events': TriggeringAssetEventsAccessor(_events=defaultdict(<class 'list'>, {})),","chan":"stdout","logger":"task"}
{"timestamp":"2025-07-29T19:59:59.241866Z","level":"info","event":" 'ts': '2023-08-29T20:00:00+00:00',","chan":"stdout","logger":"task"}
{"timestamp":"2025-07-29T19:59:59.241907Z","level":"info","event":" 'ts_nodash': '20230829T200000',","chan":"stdout","logger":"task"}
{"timestamp":"2025-07-29T19:59:59.241947Z","level":"info","event":" 'ts_nodash_with_tz': '20230829T200000+0000',","chan":"stdout","logger":"task"}
{"timestamp":"2025-07-29T19:59:59.241988Z","level":"info","event":" 'var': {'json': <VariableAccessor (dynamic access)>,","chan":"stdout","logger":"task"}
{"timestamp":"2025-07-29T19:59:59.242031Z","level":"info","event":"         'value': <VariableAccessor (dynamic access)>}}","chan":"stdout","logger":"task"}
{"timestamp":"2025-07-29T19:59:59.241540","level":"info","event":"Done. Returned value was: principal","logger":"airflow.task.operators.airflow.providers.standard.operators.python.PythonOperator"}
{"timestamp":"2025-07-29T19:59:59.241815","level":"info","event":"Pushing xcom","ti":"RuntimeTaskInstance(id=UUID('019857c5-325b-7cf0-8ec0-138f2b4b6998'), task_id='python_principal', dag_id='3_DAG_principal', run_id='scheduled__2023-08-29T20:00:00+00:00', try_number=1, map_index=-1, hostname='bf6f1e7a6f11', context_carrier={}, task=<Task(PythonOperator): python_principal>, bundle_instance=LocalDagBundle(name=dags-folder), max_tries=0, start_date=datetime.datetime(2025, 7, 29, 19, 59, 58, 463523, tzinfo=datetime.timezone.utc), end_date=None, state=<TaskInstanceState.RUNNING: 'running'>, is_mapped=False, rendered_map_index=None, log_url='http://localhost:8080/dags/3_DAG_principal/runs/scheduled__2023-08-29T20%3A00%3A00%2B00%3A00/tasks/python_principal?try_number=1')","logger":"task"}
{"timestamp":"2025-07-29T19:59:59.265574Z","level":"info","event":"Task instance in success state","chan":"stdout","logger":"task"}
{"timestamp":"2025-07-29T19:59:59.265709Z","level":"info","event":" Previous state of the Task instance: TaskInstanceState.RUNNING","chan":"stdout","logger":"task"}
{"timestamp":"2025-07-29T19:59:59.265806Z","level":"info","event":"Task operator:<Task(PythonOperator): python_principal>","chan":"stdout","logger":"task"}
