{"timestamp":"2025-07-29T19:21:28.394141","level":"info","event":"DAG bundles loaded: dags-folder, example_dags","logger":"airflow.dag_processing.bundles.manager.DagBundlesManager"}
{"timestamp":"2025-07-29T19:21:28.394742","level":"info","event":"Filling up the DagBag from /opt/airflow/dags/python_operator_v1.py","logger":"airflow.models.dagbag.DagBag"}
{"timestamp":"2025-07-29T19:21:28.417926Z","level":"info","event":"Task instance is in running state","chan":"stdout","logger":"task"}
{"timestamp":"2025-07-29T19:21:28.418101Z","level":"info","event":" Previous state of the Task instance: TaskInstanceState.QUEUED","chan":"stdout","logger":"task"}
{"timestamp":"2025-07-29T19:21:28.418608Z","level":"info","event":"Current task name:python","chan":"stdout","logger":"task"}
{"timestamp":"2025-07-29T19:21:28.418739Z","level":"info","event":"Dag name:python_operator_v1","chan":"stdout","logger":"task"}
{"timestamp":"2025-07-29T19:21:28.419732Z","level":"info","event":"poliana","chan":"stdout","logger":"task"}
{"timestamp":"2025-07-29T19:21:28.420336Z","level":"info","event":"{'conn': <ConnectionAccessor (dynamic access)>,","chan":"stdout","logger":"task"}
{"timestamp":"2025-07-29T19:21:28.420435Z","level":"info","event":" 'dag': <DAG: python_operator_v1>,","chan":"stdout","logger":"task"}
{"timestamp":"2025-07-29T19:21:28.420552Z","level":"info","event":" 'dag_run': DagRun(dag_id='python_operator_v1', run_id='scheduled__2023-06-22T21:02:00+00:00', logical_date=datetime.datetime(2023, 6, 22, 21, 2, tzinfo=datetime.timezone.utc), data_interval_start=datetime.datetime(2023, 6, 22, 21, 2, tzinfo=datetime.timezone.utc), data_interval_end=datetime.datetime(2023, 6, 22, 21, 2, tzinfo=datetime.timezone.utc), run_after=datetime.datetime(2023, 6, 22, 21, 2, tzinfo=datetime.timezone.utc), start_date=datetime.datetime(2025, 7, 29, 19, 21, 27, 540878, tzinfo=datetime.timezone.utc), end_date=None, clear_number=0, run_type=<DagRunType.SCHEDULED: 'scheduled'>, conf={}, consumed_asset_events=[]),","chan":"stdout","logger":"task"}
{"timestamp":"2025-07-29T19:21:28.420636Z","level":"info","event":" 'data_interval_end': DateTime(2023, 6, 22, 21, 2, 0, tzinfo=Timezone('UTC')),","chan":"stdout","logger":"task"}
{"timestamp":"2025-07-29T19:21:28.420694Z","level":"info","event":" 'data_interval_start': DateTime(2023, 6, 22, 21, 2, 0, tzinfo=Timezone('UTC')),","chan":"stdout","logger":"task"}
{"timestamp":"2025-07-29T19:21:28.420740Z","level":"info","event":" 'ds': '2023-06-22',","chan":"stdout","logger":"task"}
{"timestamp":"2025-07-29T19:21:28.420783Z","level":"info","event":" 'ds_nodash': '20230622',","chan":"stdout","logger":"task"}
{"timestamp":"2025-07-29T19:21:28.420824Z","level":"info","event":" 'inlet_events': InletEventsAccessors(_inlets=[], _assets={}, _asset_aliases={}),","chan":"stdout","logger":"task"}
{"timestamp":"2025-07-29T19:21:28.420867Z","level":"info","event":" 'inlets': [],","chan":"stdout","logger":"task"}
{"timestamp":"2025-07-29T19:21:28.420909Z","level":"info","event":" 'logical_date': DateTime(2023, 6, 22, 21, 2, 0, tzinfo=Timezone('UTC')),","chan":"stdout","logger":"task"}
{"timestamp":"2025-07-29T19:21:28.420950Z","level":"info","event":" 'macros': <MacrosAccessor (dynamic access to macros)>,","chan":"stdout","logger":"task"}
{"timestamp":"2025-07-29T19:21:28.420991Z","level":"info","event":" 'map_index_template': None,","chan":"stdout","logger":"task"}
{"timestamp":"2025-07-29T19:21:28.421032Z","level":"info","event":" 'outlet_events': <airflow.sdk.execution_time.context.OutletEventAccessors object at 0x7fb66fd1f950>,","chan":"stdout","logger":"task"}
{"timestamp":"2025-07-29T19:21:28.421073Z","level":"info","event":" 'outlets': [],","chan":"stdout","logger":"task"}
{"timestamp":"2025-07-29T19:21:28.421114Z","level":"info","event":" 'params': {},","chan":"stdout","logger":"task"}
{"timestamp":"2025-07-29T19:21:28.434072Z","level":"info","event":" 'prev_data_interval_end_success': <Proxy at 0x7fb66fc26f00 with factory <function RuntimeTaskInstance.get_template_context.<locals>.<lambda> at 0x7fb66fc44fe0>>,","chan":"stdout","logger":"task"}
{"timestamp":"2025-07-29T19:21:28.434320Z","level":"info","event":" 'prev_data_interval_start_success': <Proxy at 0x7fb66fc26750 with factory <function RuntimeTaskInstance.get_template_context.<locals>.<lambda> at 0x7fb66fc46700>>,","chan":"stdout","logger":"task"}
{"timestamp":"2025-07-29T19:21:28.434423Z","level":"info","event":" 'prev_end_date_success': <Proxy at 0x7fb66fc266f0 with factory <function RuntimeTaskInstance.get_template_context.<locals>.<lambda> at 0x7fb66fc467a0>>,","chan":"stdout","logger":"task"}
{"timestamp":"2025-07-29T19:21:28.434501Z","level":"info","event":" 'prev_start_date_success': <Proxy at 0x7fb66fc26b10 with factory <function RuntimeTaskInstance.get_template_context.<locals>.<lambda> at 0x7fb66fc454e0>>,","chan":"stdout","logger":"task"}
{"timestamp":"2025-07-29T19:21:28.434572Z","level":"info","event":" 'run_id': 'scheduled__2023-06-22T21:02:00+00:00',","chan":"stdout","logger":"task"}
{"timestamp":"2025-07-29T19:21:28.434639Z","level":"info","event":" 'task': <Task(PythonOperator): python>,","chan":"stdout","logger":"task"}
{"timestamp":"2025-07-29T19:21:28.434710Z","level":"info","event":" 'task_instance': RuntimeTaskInstance(id=UUID('019857a1-f0eb-7ea9-865d-9a46030e3103'), task_id='python', dag_id='python_operator_v1', run_id='scheduled__2023-06-22T21:02:00+00:00', try_number=1, map_index=-1, hostname='bf6f1e7a6f11', context_carrier={}, task=<Task(PythonOperator): python>, bundle_instance=LocalDagBundle(name=dags-folder), max_tries=0, start_date=datetime.datetime(2025, 7, 29, 19, 21, 27, 839168, tzinfo=datetime.timezone.utc), end_date=None, state=<TaskInstanceState.RUNNING: 'running'>, is_mapped=False, rendered_map_index=None, log_url='http://localhost:8080/dags/python_operator_v1/runs/scheduled__2023-06-22T21%3A02%3A00%2B00%3A00/tasks/python?try_number=1'),","chan":"stdout","logger":"task"}
{"timestamp":"2025-07-29T19:21:28.434782Z","level":"info","event":" 'task_instance_key_str': 'python_operator_v1__python__20230622',","chan":"stdout","logger":"task"}
{"timestamp":"2025-07-29T19:21:28.434849Z","level":"info","event":" 'task_reschedule_count': 0,","chan":"stdout","logger":"task"}
{"timestamp":"2025-07-29T19:21:28.434916Z","level":"info","event":" 'templates_dict': None,","chan":"stdout","logger":"task"}
{"timestamp":"2025-07-29T19:21:28.434983Z","level":"info","event":" 'ti': RuntimeTaskInstance(id=UUID('019857a1-f0eb-7ea9-865d-9a46030e3103'), task_id='python', dag_id='python_operator_v1', run_id='scheduled__2023-06-22T21:02:00+00:00', try_number=1, map_index=-1, hostname='bf6f1e7a6f11', context_carrier={}, task=<Task(PythonOperator): python>, bundle_instance=LocalDagBundle(name=dags-folder), max_tries=0, start_date=datetime.datetime(2025, 7, 29, 19, 21, 27, 839168, tzinfo=datetime.timezone.utc), end_date=None, state=<TaskInstanceState.RUNNING: 'running'>, is_mapped=False, rendered_map_index=None, log_url='http://localhost:8080/dags/python_operator_v1/runs/scheduled__2023-06-22T21%3A02%3A00%2B00%3A00/tasks/python?try_number=1'),","chan":"stdout","logger":"task"}
{"timestamp":"2025-07-29T19:21:28.435051Z","level":"info","event":" 'triggering_asset_events': TriggeringAssetEventsAccessor(_events=defaultdict(<class 'list'>, {})),","chan":"stdout","logger":"task"}
{"timestamp":"2025-07-29T19:21:28.435117Z","level":"info","event":" 'ts': '2023-06-22T21:02:00+00:00',","chan":"stdout","logger":"task"}
{"timestamp":"2025-07-29T19:21:28.435181Z","level":"info","event":" 'ts_nodash': '20230622T210200',","chan":"stdout","logger":"task"}
{"timestamp":"2025-07-29T19:21:28.435254Z","level":"info","event":" 'ts_nodash_with_tz': '20230622T210200+0000',","chan":"stdout","logger":"task"}
{"timestamp":"2025-07-29T19:21:28.435359Z","level":"info","event":" 'var': {'json': <VariableAccessor (dynamic access)>,","chan":"stdout","logger":"task"}
{"timestamp":"2025-07-29T19:21:28.435409Z","level":"info","event":"         'value': <VariableAccessor (dynamic access)>}}","chan":"stdout","logger":"task"}
{"timestamp":"2025-07-29T19:21:28.434862","level":"info","event":"Done. Returned value was: 123","logger":"airflow.task.operators.airflow.providers.standard.operators.python.PythonOperator"}
{"timestamp":"2025-07-29T19:21:28.435086","level":"info","event":"Pushing xcom","ti":"RuntimeTaskInstance(id=UUID('019857a1-f0eb-7ea9-865d-9a46030e3103'), task_id='python', dag_id='python_operator_v1', run_id='scheduled__2023-06-22T21:02:00+00:00', try_number=1, map_index=-1, hostname='bf6f1e7a6f11', context_carrier={}, task=<Task(PythonOperator): python>, bundle_instance=LocalDagBundle(name=dags-folder), max_tries=0, start_date=datetime.datetime(2025, 7, 29, 19, 21, 27, 839168, tzinfo=datetime.timezone.utc), end_date=None, state=<TaskInstanceState.RUNNING: 'running'>, is_mapped=False, rendered_map_index=None, log_url='http://localhost:8080/dags/python_operator_v1/runs/scheduled__2023-06-22T21%3A02%3A00%2B00%3A00/tasks/python?try_number=1')","logger":"task"}
{"timestamp":"2025-07-29T19:21:28.459970Z","level":"info","event":"Task instance in success state","chan":"stdout","logger":"task"}
{"timestamp":"2025-07-29T19:21:28.460102Z","level":"info","event":" Previous state of the Task instance: TaskInstanceState.RUNNING","chan":"stdout","logger":"task"}
{"timestamp":"2025-07-29T19:21:28.460194Z","level":"info","event":"Task operator:<Task(PythonOperator): python>","chan":"stdout","logger":"task"}
