{"timestamp":"2025-07-29T20:05:38.083683","level":"info","event":"DAG bundles loaded: dags-folder, example_dags","logger":"airflow.dag_processing.bundles.manager.DagBundlesManager"}
{"timestamp":"2025-07-29T20:05:38.084287","level":"info","event":"Filling up the DagBag from /opt/airflow/dags/3_dag_principal.py","logger":"airflow.models.dagbag.DagBag"}
{"timestamp":"2025-07-29T20:05:38.115581Z","level":"info","event":"Task instance is in running state","chan":"stdout","logger":"task"}
{"timestamp":"2025-07-29T20:05:38.116116Z","level":"info","event":" Previous state of the Task instance: TaskInstanceState.QUEUED","chan":"stdout","logger":"task"}
{"timestamp":"2025-07-29T20:05:38.117148Z","level":"info","event":"Current task name:python_principal","chan":"stdout","logger":"task"}
{"timestamp":"2025-07-29T20:05:38.117325Z","level":"info","event":"Dag name:3_DAG_principal","chan":"stdout","logger":"task"}
{"timestamp":"2025-07-29T20:05:38.118929Z","level":"info","event":"DAG principal","chan":"stdout","logger":"task"}
{"timestamp":"2025-07-29T20:05:38.119971Z","level":"info","event":"{'conn': <ConnectionAccessor (dynamic access)>,","chan":"stdout","logger":"task"}
{"timestamp":"2025-07-29T20:05:38.120156Z","level":"info","event":" 'dag': <DAG: 3_DAG_principal>,","chan":"stdout","logger":"task"}
{"timestamp":"2025-07-29T20:05:38.120339Z","level":"info","event":" 'dag_run': DagRun(dag_id='3_DAG_principal', run_id='scheduled__2024-07-18T20:00:00+00:00', logical_date=datetime.datetime(2024, 7, 18, 20, 0, tzinfo=datetime.timezone.utc), data_interval_start=datetime.datetime(2024, 7, 18, 20, 0, tzinfo=datetime.timezone.utc), data_interval_end=datetime.datetime(2024, 7, 18, 20, 0, tzinfo=datetime.timezone.utc), run_after=datetime.datetime(2024, 7, 18, 20, 0, tzinfo=datetime.timezone.utc), start_date=datetime.datetime(2025, 7, 29, 20, 5, 36, 875204, tzinfo=datetime.timezone.utc), end_date=None, clear_number=0, run_type=<DagRunType.SCHEDULED: 'scheduled'>, conf={}, consumed_asset_events=[]),","chan":"stdout","logger":"task"}
{"timestamp":"2025-07-29T20:05:38.120474Z","level":"info","event":" 'data_interval_end': DateTime(2024, 7, 18, 20, 0, 0, tzinfo=Timezone('UTC')),","chan":"stdout","logger":"task"}
{"timestamp":"2025-07-29T20:05:38.120565Z","level":"info","event":" 'data_interval_start': DateTime(2024, 7, 18, 20, 0, 0, tzinfo=Timezone('UTC')),","chan":"stdout","logger":"task"}
{"timestamp":"2025-07-29T20:05:38.120640Z","level":"info","event":" 'ds': '2024-07-18',","chan":"stdout","logger":"task"}
{"timestamp":"2025-07-29T20:05:38.120715Z","level":"info","event":" 'ds_nodash': '20240718',","chan":"stdout","logger":"task"}
{"timestamp":"2025-07-29T20:05:38.120794Z","level":"info","event":" 'inlet_events': InletEventsAccessors(_inlets=[], _assets={}, _asset_aliases={}),","chan":"stdout","logger":"task"}
{"timestamp":"2025-07-29T20:05:38.120868Z","level":"info","event":" 'inlets': [],","chan":"stdout","logger":"task"}
{"timestamp":"2025-07-29T20:05:38.120944Z","level":"info","event":" 'logical_date': DateTime(2024, 7, 18, 20, 0, 0, tzinfo=Timezone('UTC')),","chan":"stdout","logger":"task"}
{"timestamp":"2025-07-29T20:05:38.121016Z","level":"info","event":" 'macros': <MacrosAccessor (dynamic access to macros)>,","chan":"stdout","logger":"task"}
{"timestamp":"2025-07-29T20:05:38.121136Z","level":"info","event":" 'map_index_template': None,","chan":"stdout","logger":"task"}
{"timestamp":"2025-07-29T20:05:38.121240Z","level":"info","event":" 'outlet_events': <airflow.sdk.execution_time.context.OutletEventAccessors object at 0x7fb67ea740b0>,","chan":"stdout","logger":"task"}
{"timestamp":"2025-07-29T20:05:38.121315Z","level":"info","event":" 'outlets': [],","chan":"stdout","logger":"task"}
{"timestamp":"2025-07-29T20:05:38.121388Z","level":"info","event":" 'params': {},","chan":"stdout","logger":"task"}
{"timestamp":"2025-07-29T20:05:38.132325Z","level":"info","event":" 'prev_data_interval_end_success': <Proxy at 0x7fb66fc46db0 with factory <function RuntimeTaskInstance.get_template_context.<locals>.<lambda> at 0x7fb66fc627a0>>,","chan":"stdout","logger":"task"}
{"timestamp":"2025-07-29T20:05:38.132545Z","level":"info","event":" 'prev_data_interval_start_success': <Proxy at 0x7fb66fc46fc0 with factory <function RuntimeTaskInstance.get_template_context.<locals>.<lambda> at 0x7fb66fc60fe0>>,","chan":"stdout","logger":"task"}
{"timestamp":"2025-07-29T20:05:38.132648Z","level":"info","event":" 'prev_end_date_success': <Proxy at 0x7fb66fc44e00 with factory <function RuntimeTaskInstance.get_template_context.<locals>.<lambda> at 0x7fb66fc62840>>,","chan":"stdout","logger":"task"}
{"timestamp":"2025-07-29T20:05:38.132727Z","level":"info","event":" 'prev_start_date_success': <Proxy at 0x7fb66fc46f30 with factory <function RuntimeTaskInstance.get_template_context.<locals>.<lambda> at 0x7fb66fc61580>>,","chan":"stdout","logger":"task"}
{"timestamp":"2025-07-29T20:05:38.132803Z","level":"info","event":" 'run_id': 'scheduled__2024-07-18T20:00:00+00:00',","chan":"stdout","logger":"task"}
{"timestamp":"2025-07-29T20:05:38.132875Z","level":"info","event":" 'task': <Task(PythonOperator): python_principal>,","chan":"stdout","logger":"task"}
{"timestamp":"2025-07-29T20:05:38.132961Z","level":"info","event":" 'task_instance': RuntimeTaskInstance(id=UUID('019857ca-5dd3-7a3d-b152-8992468f6e9d'), task_id='python_principal', dag_id='3_DAG_principal', run_id='scheduled__2024-07-18T20:00:00+00:00', try_number=1, map_index=-1, hostname='bf6f1e7a6f11', context_carrier={}, task=<Task(PythonOperator): python_principal>, bundle_instance=LocalDagBundle(name=dags-folder), max_tries=0, start_date=datetime.datetime(2025, 7, 29, 20, 5, 37, 512273, tzinfo=datetime.timezone.utc), end_date=None, state=<TaskInstanceState.RUNNING: 'running'>, is_mapped=False, rendered_map_index=None, log_url='http://localhost:8080/dags/3_DAG_principal/runs/scheduled__2024-07-18T20%3A00%3A00%2B00%3A00/tasks/python_principal?try_number=1'),","chan":"stdout","logger":"task"}
{"timestamp":"2025-07-29T20:05:38.133041Z","level":"info","event":" 'task_instance_key_str': '3_DAG_principal__python_principal__20240718',","chan":"stdout","logger":"task"}
{"timestamp":"2025-07-29T20:05:38.133111Z","level":"info","event":" 'task_reschedule_count': 0,","chan":"stdout","logger":"task"}
{"timestamp":"2025-07-29T20:05:38.133182Z","level":"info","event":" 'templates_dict': None,","chan":"stdout","logger":"task"}
{"timestamp":"2025-07-29T20:05:38.133300Z","level":"info","event":" 'ti': RuntimeTaskInstance(id=UUID('019857ca-5dd3-7a3d-b152-8992468f6e9d'), task_id='python_principal', dag_id='3_DAG_principal', run_id='scheduled__2024-07-18T20:00:00+00:00', try_number=1, map_index=-1, hostname='bf6f1e7a6f11', context_carrier={}, task=<Task(PythonOperator): python_principal>, bundle_instance=LocalDagBundle(name=dags-folder), max_tries=0, start_date=datetime.datetime(2025, 7, 29, 20, 5, 37, 512273, tzinfo=datetime.timezone.utc), end_date=None, state=<TaskInstanceState.RUNNING: 'running'>, is_mapped=False, rendered_map_index=None, log_url='http://localhost:8080/dags/3_DAG_principal/runs/scheduled__2024-07-18T20%3A00%3A00%2B00%3A00/tasks/python_principal?try_number=1'),","chan":"stdout","logger":"task"}
{"timestamp":"2025-07-29T20:05:38.133406Z","level":"info","event":" 'triggering_asset_events': TriggeringAssetEventsAccessor(_events=defaultdict(<class 'list'>, {})),","chan":"stdout","logger":"task"}
{"timestamp":"2025-07-29T20:05:38.133472Z","level":"info","event":" 'ts': '2024-07-18T20:00:00+00:00',","chan":"stdout","logger":"task"}
{"timestamp":"2025-07-29T20:05:38.133529Z","level":"info","event":" 'ts_nodash': '20240718T200000',","chan":"stdout","logger":"task"}
{"timestamp":"2025-07-29T20:05:38.133582Z","level":"info","event":" 'ts_nodash_with_tz': '20240718T200000+0000',","chan":"stdout","logger":"task"}
{"timestamp":"2025-07-29T20:05:38.133643Z","level":"info","event":" 'var': {'json': <VariableAccessor (dynamic access)>,","chan":"stdout","logger":"task"}
{"timestamp":"2025-07-29T20:05:38.133698Z","level":"info","event":"         'value': <VariableAccessor (dynamic access)>}}","chan":"stdout","logger":"task"}
{"timestamp":"2025-07-29T20:05:38.132803","level":"info","event":"Done. Returned value was: principal","logger":"airflow.task.operators.airflow.providers.standard.operators.python.PythonOperator"}
{"timestamp":"2025-07-29T20:05:38.133030","level":"info","event":"Pushing xcom","ti":"RuntimeTaskInstance(id=UUID('019857ca-5dd3-7a3d-b152-8992468f6e9d'), task_id='python_principal', dag_id='3_DAG_principal', run_id='scheduled__2024-07-18T20:00:00+00:00', try_number=1, map_index=-1, hostname='bf6f1e7a6f11', context_carrier={}, task=<Task(PythonOperator): python_principal>, bundle_instance=LocalDagBundle(name=dags-folder), max_tries=0, start_date=datetime.datetime(2025, 7, 29, 20, 5, 37, 512273, tzinfo=datetime.timezone.utc), end_date=None, state=<TaskInstanceState.RUNNING: 'running'>, is_mapped=False, rendered_map_index=None, log_url='http://localhost:8080/dags/3_DAG_principal/runs/scheduled__2024-07-18T20%3A00%3A00%2B00%3A00/tasks/python_principal?try_number=1')","logger":"task"}
{"timestamp":"2025-07-29T20:05:38.158848Z","level":"info","event":"Task instance in success state","chan":"stdout","logger":"task"}
{"timestamp":"2025-07-29T20:05:38.158999Z","level":"info","event":" Previous state of the Task instance: TaskInstanceState.RUNNING","chan":"stdout","logger":"task"}
{"timestamp":"2025-07-29T20:05:38.159221Z","level":"info","event":"Task operator:<Task(PythonOperator): python_principal>","chan":"stdout","logger":"task"}
