{"timestamp":"2025-07-29T19:41:39.695180","level":"info","event":"DAG bundles loaded: dags-folder, example_dags","logger":"airflow.dag_processing.bundles.manager.DagBundlesManager"}
{"timestamp":"2025-07-29T19:41:39.695714","level":"info","event":"Filling up the DagBag from /opt/airflow/dags/python_operator_v1.py","logger":"airflow.models.dagbag.DagBag"}
{"timestamp":"2025-07-29T19:41:39.722226Z","level":"info","event":"Task instance is in running state","chan":"stdout","logger":"task"}
{"timestamp":"2025-07-29T19:41:39.722532Z","level":"info","event":" Previous state of the Task instance: TaskInstanceState.QUEUED","chan":"stdout","logger":"task"}
{"timestamp":"2025-07-29T19:41:39.724708Z","level":"info","event":"Current task name:python","chan":"stdout","logger":"task"}
{"timestamp":"2025-07-29T19:41:39.724910Z","level":"info","event":"Dag name:python_operator_v1","chan":"stdout","logger":"task"}
{"timestamp":"2025-07-29T19:41:39.726596Z","level":"info","event":"poliana","chan":"stdout","logger":"task"}
{"timestamp":"2025-07-29T19:41:39.727431Z","level":"info","event":"{'conn': <ConnectionAccessor (dynamic access)>,","chan":"stdout","logger":"task"}
{"timestamp":"2025-07-29T19:41:39.727578Z","level":"info","event":" 'dag': <DAG: python_operator_v1>,","chan":"stdout","logger":"task"}
{"timestamp":"2025-07-29T19:41:39.727699Z","level":"info","event":" 'dag_run': DagRun(dag_id='python_operator_v1', run_id='scheduled__2023-06-23T18:59:00+00:00', logical_date=datetime.datetime(2023, 6, 23, 18, 59, tzinfo=datetime.timezone.utc), data_interval_start=datetime.datetime(2023, 6, 23, 18, 59, tzinfo=datetime.timezone.utc), data_interval_end=datetime.datetime(2023, 6, 23, 18, 59, tzinfo=datetime.timezone.utc), run_after=datetime.datetime(2023, 6, 23, 18, 59, tzinfo=datetime.timezone.utc), start_date=datetime.datetime(2025, 7, 29, 19, 41, 38, 779063, tzinfo=datetime.timezone.utc), end_date=None, clear_number=0, run_type=<DagRunType.SCHEDULED: 'scheduled'>, conf={}, consumed_asset_events=[]),","chan":"stdout","logger":"task"}
{"timestamp":"2025-07-29T19:41:39.727776Z","level":"info","event":" 'data_interval_end': DateTime(2023, 6, 23, 18, 59, 0, tzinfo=Timezone('UTC')),","chan":"stdout","logger":"task"}
{"timestamp":"2025-07-29T19:41:39.727842Z","level":"info","event":" 'data_interval_start': DateTime(2023, 6, 23, 18, 59, 0, tzinfo=Timezone('UTC')),","chan":"stdout","logger":"task"}
{"timestamp":"2025-07-29T19:41:39.727895Z","level":"info","event":" 'ds': '2023-06-23',","chan":"stdout","logger":"task"}
{"timestamp":"2025-07-29T19:41:39.727984Z","level":"info","event":" 'ds_nodash': '20230623',","chan":"stdout","logger":"task"}
{"timestamp":"2025-07-29T19:41:39.728054Z","level":"info","event":" 'inlet_events': InletEventsAccessors(_inlets=[], _assets={}, _asset_aliases={}),","chan":"stdout","logger":"task"}
{"timestamp":"2025-07-29T19:41:39.728110Z","level":"info","event":" 'inlets': [],","chan":"stdout","logger":"task"}
{"timestamp":"2025-07-29T19:41:39.728163Z","level":"info","event":" 'logical_date': DateTime(2023, 6, 23, 18, 59, 0, tzinfo=Timezone('UTC')),","chan":"stdout","logger":"task"}
{"timestamp":"2025-07-29T19:41:39.728255Z","level":"info","event":" 'macros': <MacrosAccessor (dynamic access to macros)>,","chan":"stdout","logger":"task"}
{"timestamp":"2025-07-29T19:41:39.728326Z","level":"info","event":" 'map_index_template': None,","chan":"stdout","logger":"task"}
{"timestamp":"2025-07-29T19:41:39.728406Z","level":"info","event":" 'outlet_events': <airflow.sdk.execution_time.context.OutletEventAccessors object at 0x7fb66fd97a70>,","chan":"stdout","logger":"task"}
{"timestamp":"2025-07-29T19:41:39.728459Z","level":"info","event":" 'outlets': [],","chan":"stdout","logger":"task"}
{"timestamp":"2025-07-29T19:41:39.728555Z","level":"info","event":" 'params': {},","chan":"stdout","logger":"task"}
{"timestamp":"2025-07-29T19:41:39.744906Z","level":"info","event":" 'prev_data_interval_end_success': <Proxy at 0x7fb66fcc4800 with factory <function RuntimeTaskInstance.get_template_context.<locals>.<lambda> at 0x7fb66fcccfe0>>,","chan":"stdout","logger":"task"}
{"timestamp":"2025-07-29T19:41:39.745084Z","level":"info","event":" 'prev_data_interval_start_success': <Proxy at 0x7fb66fcc4950 with factory <function RuntimeTaskInstance.get_template_context.<locals>.<lambda> at 0x7fb66fcce700>>,","chan":"stdout","logger":"task"}
{"timestamp":"2025-07-29T19:41:39.745148Z","level":"info","event":" 'prev_end_date_success': <Proxy at 0x7fb677bd7c50 with factory <function RuntimeTaskInstance.get_template_context.<locals>.<lambda> at 0x7fb66fcce7a0>>,","chan":"stdout","logger":"task"}
{"timestamp":"2025-07-29T19:41:39.745195Z","level":"info","event":" 'prev_start_date_success': <Proxy at 0x7fb67b5aeba0 with factory <function RuntimeTaskInstance.get_template_context.<locals>.<lambda> at 0x7fb66fccd4e0>>,","chan":"stdout","logger":"task"}
{"timestamp":"2025-07-29T19:41:39.745239Z","level":"info","event":" 'run_id': 'scheduled__2023-06-23T18:59:00+00:00',","chan":"stdout","logger":"task"}
{"timestamp":"2025-07-29T19:41:39.745280Z","level":"info","event":" 'task': <Task(PythonOperator): python>,","chan":"stdout","logger":"task"}
{"timestamp":"2025-07-29T19:41:39.745348Z","level":"info","event":" 'task_instance': RuntimeTaskInstance(id=UUID('019857b4-6c52-7f76-802c-ca95c42f2f81'), task_id='python', dag_id='python_operator_v1', run_id='scheduled__2023-06-23T18:59:00+00:00', try_number=1, map_index=-1, hostname='bf6f1e7a6f11', context_carrier={}, task=<Task(PythonOperator): python>, bundle_instance=LocalDagBundle(name=dags-folder), max_tries=0, start_date=datetime.datetime(2025, 7, 29, 19, 41, 39, 104404, tzinfo=datetime.timezone.utc), end_date=None, state=<TaskInstanceState.RUNNING: 'running'>, is_mapped=False, rendered_map_index=None, log_url='http://localhost:8080/dags/python_operator_v1/runs/scheduled__2023-06-23T18%3A59%3A00%2B00%3A00/tasks/python?try_number=1'),","chan":"stdout","logger":"task"}
{"timestamp":"2025-07-29T19:41:39.745449Z","level":"info","event":" 'task_instance_key_str': 'python_operator_v1__python__20230623',","chan":"stdout","logger":"task"}
{"timestamp":"2025-07-29T19:41:39.745519Z","level":"info","event":" 'task_reschedule_count': 0,","chan":"stdout","logger":"task"}
{"timestamp":"2025-07-29T19:41:39.745584Z","level":"info","event":" 'templates_dict': None,","chan":"stdout","logger":"task"}
{"timestamp":"2025-07-29T19:41:39.745648Z","level":"info","event":" 'ti': RuntimeTaskInstance(id=UUID('019857b4-6c52-7f76-802c-ca95c42f2f81'), task_id='python', dag_id='python_operator_v1', run_id='scheduled__2023-06-23T18:59:00+00:00', try_number=1, map_index=-1, hostname='bf6f1e7a6f11', context_carrier={}, task=<Task(PythonOperator): python>, bundle_instance=LocalDagBundle(name=dags-folder), max_tries=0, start_date=datetime.datetime(2025, 7, 29, 19, 41, 39, 104404, tzinfo=datetime.timezone.utc), end_date=None, state=<TaskInstanceState.RUNNING: 'running'>, is_mapped=False, rendered_map_index=None, log_url='http://localhost:8080/dags/python_operator_v1/runs/scheduled__2023-06-23T18%3A59%3A00%2B00%3A00/tasks/python?try_number=1'),","chan":"stdout","logger":"task"}
{"timestamp":"2025-07-29T19:41:39.745713Z","level":"info","event":" 'triggering_asset_events': TriggeringAssetEventsAccessor(_events=defaultdict(<class 'list'>, {})),","chan":"stdout","logger":"task"}
{"timestamp":"2025-07-29T19:41:39.745774Z","level":"info","event":" 'ts': '2023-06-23T18:59:00+00:00',","chan":"stdout","logger":"task"}
{"timestamp":"2025-07-29T19:41:39.745817Z","level":"info","event":" 'ts_nodash': '20230623T185900',","chan":"stdout","logger":"task"}
{"timestamp":"2025-07-29T19:41:39.746041Z","level":"info","event":" 'ts_nodash_with_tz': '20230623T185900+0000',","chan":"stdout","logger":"task"}
{"timestamp":"2025-07-29T19:41:39.746170Z","level":"info","event":" 'var': {'json': <VariableAccessor (dynamic access)>,","chan":"stdout","logger":"task"}
{"timestamp":"2025-07-29T19:41:39.746249Z","level":"info","event":"         'value': <VariableAccessor (dynamic access)>}}","chan":"stdout","logger":"task"}
{"timestamp":"2025-07-29T19:41:39.745769","level":"info","event":"Done. Returned value was: 123","logger":"airflow.task.operators.airflow.providers.standard.operators.python.PythonOperator"}
{"timestamp":"2025-07-29T19:41:39.746063","level":"info","event":"Pushing xcom","ti":"RuntimeTaskInstance(id=UUID('019857b4-6c52-7f76-802c-ca95c42f2f81'), task_id='python', dag_id='python_operator_v1', run_id='scheduled__2023-06-23T18:59:00+00:00', try_number=1, map_index=-1, hostname='bf6f1e7a6f11', context_carrier={}, task=<Task(PythonOperator): python>, bundle_instance=LocalDagBundle(name=dags-folder), max_tries=0, start_date=datetime.datetime(2025, 7, 29, 19, 41, 39, 104404, tzinfo=datetime.timezone.utc), end_date=None, state=<TaskInstanceState.RUNNING: 'running'>, is_mapped=False, rendered_map_index=None, log_url='http://localhost:8080/dags/python_operator_v1/runs/scheduled__2023-06-23T18%3A59%3A00%2B00%3A00/tasks/python?try_number=1')","logger":"task"}
{"timestamp":"2025-07-29T19:41:39.769165Z","level":"info","event":"Task instance in success state","chan":"stdout","logger":"task"}
{"timestamp":"2025-07-29T19:41:39.769362Z","level":"info","event":" Previous state of the Task instance: TaskInstanceState.RUNNING","chan":"stdout","logger":"task"}
{"timestamp":"2025-07-29T19:41:39.769461Z","level":"info","event":"Task operator:<Task(PythonOperator): python>","chan":"stdout","logger":"task"}
