{"timestamp":"2025-07-29T20:08:21.759541","level":"info","event":"DAG bundles loaded: dags-folder, example_dags","logger":"airflow.dag_processing.bundles.manager.DagBundlesManager"}
{"timestamp":"2025-07-29T20:08:21.760106","level":"info","event":"Filling up the DagBag from /opt/airflow/dags/3_dag_principal.py","logger":"airflow.models.dagbag.DagBag"}
{"timestamp":"2025-07-29T20:08:21.793610Z","level":"info","event":"Task instance is in running state","chan":"stdout","logger":"task"}
{"timestamp":"2025-07-29T20:08:21.793830Z","level":"info","event":" Previous state of the Task instance: TaskInstanceState.QUEUED","chan":"stdout","logger":"task"}
{"timestamp":"2025-07-29T20:08:21.794534Z","level":"info","event":"Current task name:python_principal","chan":"stdout","logger":"task"}
{"timestamp":"2025-07-29T20:08:21.794697Z","level":"info","event":"Dag name:3_DAG_principal","chan":"stdout","logger":"task"}
{"timestamp":"2025-07-29T20:08:21.796134Z","level":"info","event":"DAG principal","chan":"stdout","logger":"task"}
{"timestamp":"2025-07-29T20:08:21.797447Z","level":"info","event":"{'conn': <ConnectionAccessor (dynamic access)>,","chan":"stdout","logger":"task"}
{"timestamp":"2025-07-29T20:08:21.798208Z","level":"info","event":" 'dag': <DAG: 3_DAG_principal>,","chan":"stdout","logger":"task"}
{"timestamp":"2025-07-29T20:08:21.798583Z","level":"info","event":" 'dag_run': DagRun(dag_id='3_DAG_principal', run_id='scheduled__2024-11-24T20:00:00+00:00', logical_date=datetime.datetime(2024, 11, 24, 20, 0, tzinfo=datetime.timezone.utc), data_interval_start=datetime.datetime(2024, 11, 24, 20, 0, tzinfo=datetime.timezone.utc), data_interval_end=datetime.datetime(2024, 11, 24, 20, 0, tzinfo=datetime.timezone.utc), run_after=datetime.datetime(2024, 11, 24, 20, 0, tzinfo=datetime.timezone.utc), start_date=datetime.datetime(2025, 7, 29, 20, 8, 20, 440496, tzinfo=datetime.timezone.utc), end_date=None, clear_number=0, run_type=<DagRunType.SCHEDULED: 'scheduled'>, conf={}, consumed_asset_events=[]),","chan":"stdout","logger":"task"}
{"timestamp":"2025-07-29T20:08:21.798693Z","level":"info","event":" 'data_interval_end': DateTime(2024, 11, 24, 20, 0, 0, tzinfo=Timezone('UTC')),","chan":"stdout","logger":"task"}
{"timestamp":"2025-07-29T20:08:21.798771Z","level":"info","event":" 'data_interval_start': DateTime(2024, 11, 24, 20, 0, 0, tzinfo=Timezone('UTC')),","chan":"stdout","logger":"task"}
{"timestamp":"2025-07-29T20:08:21.798843Z","level":"info","event":" 'ds': '2024-11-24',","chan":"stdout","logger":"task"}
{"timestamp":"2025-07-29T20:08:21.798919Z","level":"info","event":" 'ds_nodash': '20241124',","chan":"stdout","logger":"task"}
{"timestamp":"2025-07-29T20:08:21.798995Z","level":"info","event":" 'inlet_events': InletEventsAccessors(_inlets=[], _assets={}, _asset_aliases={}),","chan":"stdout","logger":"task"}
{"timestamp":"2025-07-29T20:08:21.799075Z","level":"info","event":" 'inlets': [],","chan":"stdout","logger":"task"}
{"timestamp":"2025-07-29T20:08:21.799152Z","level":"info","event":" 'logical_date': DateTime(2024, 11, 24, 20, 0, 0, tzinfo=Timezone('UTC')),","chan":"stdout","logger":"task"}
{"timestamp":"2025-07-29T20:08:21.799233Z","level":"info","event":" 'macros': <MacrosAccessor (dynamic access to macros)>,","chan":"stdout","logger":"task"}
{"timestamp":"2025-07-29T20:08:21.799302Z","level":"info","event":" 'map_index_template': None,","chan":"stdout","logger":"task"}
{"timestamp":"2025-07-29T20:08:21.799368Z","level":"info","event":" 'outlet_events': <airflow.sdk.execution_time.context.OutletEventAccessors object at 0x7fb67ebffa70>,","chan":"stdout","logger":"task"}
{"timestamp":"2025-07-29T20:08:21.799471Z","level":"info","event":" 'outlets': [],","chan":"stdout","logger":"task"}
{"timestamp":"2025-07-29T20:08:21.799535Z","level":"info","event":" 'params': {},","chan":"stdout","logger":"task"}
{"timestamp":"2025-07-29T20:08:21.810889Z","level":"info","event":" 'prev_data_interval_end_success': <Proxy at 0x7fb66fc36ba0 with factory <function RuntimeTaskInstance.get_template_context.<locals>.<lambda> at 0x7fb66fc5a480>>,","chan":"stdout","logger":"task"}
{"timestamp":"2025-07-29T20:08:21.811097Z","level":"info","event":" 'prev_data_interval_start_success': <Proxy at 0x7fb66fc36cf0 with factory <function RuntimeTaskInstance.get_template_context.<locals>.<lambda> at 0x7fb66fc58cc0>>,","chan":"stdout","logger":"task"}
{"timestamp":"2025-07-29T20:08:21.811227Z","level":"info","event":" 'prev_end_date_success': <Proxy at 0x7fb66fd67410 with factory <function RuntimeTaskInstance.get_template_context.<locals>.<lambda> at 0x7fb66fc5a520>>,","chan":"stdout","logger":"task"}
{"timestamp":"2025-07-29T20:08:21.811306Z","level":"info","event":" 'prev_start_date_success': <Proxy at 0x7fb66fc36ff0 with factory <function RuntimeTaskInstance.get_template_context.<locals>.<lambda> at 0x7fb66fc59260>>,","chan":"stdout","logger":"task"}
{"timestamp":"2025-07-29T20:08:21.811383Z","level":"info","event":" 'run_id': 'scheduled__2024-11-24T20:00:00+00:00',","chan":"stdout","logger":"task"}
{"timestamp":"2025-07-29T20:08:21.811460Z","level":"info","event":" 'task': <Task(PythonOperator): python_principal>,","chan":"stdout","logger":"task"}
{"timestamp":"2025-07-29T20:08:21.811535Z","level":"info","event":" 'task_instance': RuntimeTaskInstance(id=UUID('019857cc-dcbc-74da-b12b-df1e3087e5e4'), task_id='python_principal', dag_id='3_DAG_principal', run_id='scheduled__2024-11-24T20:00:00+00:00', try_number=1, map_index=-1, hostname='bf6f1e7a6f11', context_carrier={}, task=<Task(PythonOperator): python_principal>, bundle_instance=LocalDagBundle(name=dags-folder), max_tries=0, start_date=datetime.datetime(2025, 7, 29, 20, 8, 21, 98654, tzinfo=datetime.timezone.utc), end_date=None, state=<TaskInstanceState.RUNNING: 'running'>, is_mapped=False, rendered_map_index=None, log_url='http://localhost:8080/dags/3_DAG_principal/runs/scheduled__2024-11-24T20%3A00%3A00%2B00%3A00/tasks/python_principal?try_number=1'),","chan":"stdout","logger":"task"}
{"timestamp":"2025-07-29T20:08:21.811616Z","level":"info","event":" 'task_instance_key_str': '3_DAG_principal__python_principal__20241124',","chan":"stdout","logger":"task"}
{"timestamp":"2025-07-29T20:08:21.811751Z","level":"info","event":" 'task_reschedule_count': 0,","chan":"stdout","logger":"task"}
{"timestamp":"2025-07-29T20:08:21.811845Z","level":"info","event":" 'templates_dict': None,","chan":"stdout","logger":"task"}
{"timestamp":"2025-07-29T20:08:21.811934Z","level":"info","event":" 'ti': RuntimeTaskInstance(id=UUID('019857cc-dcbc-74da-b12b-df1e3087e5e4'), task_id='python_principal', dag_id='3_DAG_principal', run_id='scheduled__2024-11-24T20:00:00+00:00', try_number=1, map_index=-1, hostname='bf6f1e7a6f11', context_carrier={}, task=<Task(PythonOperator): python_principal>, bundle_instance=LocalDagBundle(name=dags-folder), max_tries=0, start_date=datetime.datetime(2025, 7, 29, 20, 8, 21, 98654, tzinfo=datetime.timezone.utc), end_date=None, state=<TaskInstanceState.RUNNING: 'running'>, is_mapped=False, rendered_map_index=None, log_url='http://localhost:8080/dags/3_DAG_principal/runs/scheduled__2024-11-24T20%3A00%3A00%2B00%3A00/tasks/python_principal?try_number=1'),","chan":"stdout","logger":"task"}
{"timestamp":"2025-07-29T20:08:21.812009Z","level":"info","event":" 'triggering_asset_events': TriggeringAssetEventsAccessor(_events=defaultdict(<class 'list'>, {})),","chan":"stdout","logger":"task"}
{"timestamp":"2025-07-29T20:08:21.812083Z","level":"info","event":" 'ts': '2024-11-24T20:00:00+00:00',","chan":"stdout","logger":"task"}
{"timestamp":"2025-07-29T20:08:21.812157Z","level":"info","event":" 'ts_nodash': '20241124T200000',","chan":"stdout","logger":"task"}
{"timestamp":"2025-07-29T20:08:21.812224Z","level":"info","event":" 'ts_nodash_with_tz': '20241124T200000+0000',","chan":"stdout","logger":"task"}
{"timestamp":"2025-07-29T20:08:21.812356Z","level":"info","event":" 'var': {'json': <VariableAccessor (dynamic access)>,","chan":"stdout","logger":"task"}
{"timestamp":"2025-07-29T20:08:21.812467Z","level":"info","event":"         'value': <VariableAccessor (dynamic access)>}}","chan":"stdout","logger":"task"}
{"timestamp":"2025-07-29T20:08:21.812407","level":"info","event":"Done. Returned value was: principal","logger":"airflow.task.operators.airflow.providers.standard.operators.python.PythonOperator"}
{"timestamp":"2025-07-29T20:08:21.812872","level":"info","event":"Pushing xcom","ti":"RuntimeTaskInstance(id=UUID('019857cc-dcbc-74da-b12b-df1e3087e5e4'), task_id='python_principal', dag_id='3_DAG_principal', run_id='scheduled__2024-11-24T20:00:00+00:00', try_number=1, map_index=-1, hostname='bf6f1e7a6f11', context_carrier={}, task=<Task(PythonOperator): python_principal>, bundle_instance=LocalDagBundle(name=dags-folder), max_tries=0, start_date=datetime.datetime(2025, 7, 29, 20, 8, 21, 98654, tzinfo=datetime.timezone.utc), end_date=None, state=<TaskInstanceState.RUNNING: 'running'>, is_mapped=False, rendered_map_index=None, log_url='http://localhost:8080/dags/3_DAG_principal/runs/scheduled__2024-11-24T20%3A00%3A00%2B00%3A00/tasks/python_principal?try_number=1')","logger":"task"}
{"timestamp":"2025-07-29T20:08:21.848784Z","level":"info","event":"Task instance in success state","chan":"stdout","logger":"task"}
{"timestamp":"2025-07-29T20:08:21.848934Z","level":"info","event":" Previous state of the Task instance: TaskInstanceState.RUNNING","chan":"stdout","logger":"task"}
{"timestamp":"2025-07-29T20:08:21.849129Z","level":"info","event":"Task operator:<Task(PythonOperator): python_principal>","chan":"stdout","logger":"task"}
