{"timestamp":"2025-07-29T20:07:22.638255","level":"info","event":"DAG bundles loaded: dags-folder, example_dags","logger":"airflow.dag_processing.bundles.manager.DagBundlesManager"}
{"timestamp":"2025-07-29T20:07:22.639176","level":"info","event":"Filling up the DagBag from /opt/airflow/dags/2_python_operator_v1.py","logger":"airflow.models.dagbag.DagBag"}
{"timestamp":"2025-07-29T20:07:22.669477Z","level":"info","event":"Task instance is in running state","chan":"stdout","logger":"task"}
{"timestamp":"2025-07-29T20:07:22.669619Z","level":"info","event":" Previous state of the Task instance: TaskInstanceState.QUEUED","chan":"stdout","logger":"task"}
{"timestamp":"2025-07-29T20:07:22.669737Z","level":"info","event":"Current task name:python","chan":"stdout","logger":"task"}
{"timestamp":"2025-07-29T20:07:22.669796Z","level":"info","event":"Dag name:python_operator_v1","chan":"stdout","logger":"task"}
{"timestamp":"2025-07-29T20:07:22.671144Z","level":"info","event":"poliana","chan":"stdout","logger":"task"}
{"timestamp":"2025-07-29T20:07:22.671723Z","level":"info","event":"{'conn': <ConnectionAccessor (dynamic access)>,","chan":"stdout","logger":"task"}
{"timestamp":"2025-07-29T20:07:22.671848Z","level":"info","event":" 'dag': <DAG: python_operator_v1>,","chan":"stdout","logger":"task"}
{"timestamp":"2025-07-29T20:07:22.671981Z","level":"info","event":" 'dag_run': DagRun(dag_id='python_operator_v1', run_id='scheduled__2023-06-24T20:56:00+00:00', logical_date=datetime.datetime(2023, 6, 24, 20, 56, tzinfo=datetime.timezone.utc), data_interval_start=datetime.datetime(2023, 6, 24, 20, 56, tzinfo=datetime.timezone.utc), data_interval_end=datetime.datetime(2023, 6, 24, 20, 56, tzinfo=datetime.timezone.utc), run_after=datetime.datetime(2023, 6, 24, 20, 56, tzinfo=datetime.timezone.utc), start_date=datetime.datetime(2025, 7, 29, 20, 7, 21, 482263, tzinfo=datetime.timezone.utc), end_date=None, clear_number=0, run_type=<DagRunType.SCHEDULED: 'scheduled'>, conf={}, consumed_asset_events=[]),","chan":"stdout","logger":"task"}
{"timestamp":"2025-07-29T20:07:22.672085Z","level":"info","event":" 'data_interval_end': DateTime(2023, 6, 24, 20, 56, 0, tzinfo=Timezone('UTC')),","chan":"stdout","logger":"task"}
{"timestamp":"2025-07-29T20:07:22.672161Z","level":"info","event":" 'data_interval_start': DateTime(2023, 6, 24, 20, 56, 0, tzinfo=Timezone('UTC')),","chan":"stdout","logger":"task"}
{"timestamp":"2025-07-29T20:07:22.672226Z","level":"info","event":" 'ds': '2023-06-24',","chan":"stdout","logger":"task"}
{"timestamp":"2025-07-29T20:07:22.672293Z","level":"info","event":" 'ds_nodash': '20230624',","chan":"stdout","logger":"task"}
{"timestamp":"2025-07-29T20:07:22.672354Z","level":"info","event":" 'inlet_events': InletEventsAccessors(_inlets=[], _assets={}, _asset_aliases={}),","chan":"stdout","logger":"task"}
{"timestamp":"2025-07-29T20:07:22.672416Z","level":"info","event":" 'inlets': [],","chan":"stdout","logger":"task"}
{"timestamp":"2025-07-29T20:07:22.672477Z","level":"info","event":" 'logical_date': DateTime(2023, 6, 24, 20, 56, 0, tzinfo=Timezone('UTC')),","chan":"stdout","logger":"task"}
{"timestamp":"2025-07-29T20:07:22.672540Z","level":"info","event":" 'macros': <MacrosAccessor (dynamic access to macros)>,","chan":"stdout","logger":"task"}
{"timestamp":"2025-07-29T20:07:22.672603Z","level":"info","event":" 'map_index_template': None,","chan":"stdout","logger":"task"}
{"timestamp":"2025-07-29T20:07:22.672665Z","level":"info","event":" 'outlet_events': <airflow.sdk.execution_time.context.OutletEventAccessors object at 0x7fb67ea24ef0>,","chan":"stdout","logger":"task"}
{"timestamp":"2025-07-29T20:07:22.672730Z","level":"info","event":" 'outlets': [],","chan":"stdout","logger":"task"}
{"timestamp":"2025-07-29T20:07:22.672795Z","level":"info","event":" 'params': {},","chan":"stdout","logger":"task"}
{"timestamp":"2025-07-29T20:07:22.683193Z","level":"info","event":" 'prev_data_interval_end_success': <Proxy at 0x7fb66fc4bdd0 with factory <function RuntimeTaskInstance.get_template_context.<locals>.<lambda> at 0x7fb66fc6d620>>,","chan":"stdout","logger":"task"}
{"timestamp":"2025-07-29T20:07:22.683367Z","level":"info","event":" 'prev_data_interval_start_success': <Proxy at 0x7fb66fc4b800 with factory <function RuntimeTaskInstance.get_template_context.<locals>.<lambda> at 0x7fb66fc6ed40>>,","chan":"stdout","logger":"task"}
{"timestamp":"2025-07-29T20:07:22.683431Z","level":"info","event":" 'prev_end_date_success': <Proxy at 0x7fb66fc4bad0 with factory <function RuntimeTaskInstance.get_template_context.<locals>.<lambda> at 0x7fb66fc6ede0>>,","chan":"stdout","logger":"task"}
{"timestamp":"2025-07-29T20:07:22.683479Z","level":"info","event":" 'prev_start_date_success': <Proxy at 0x7fb66fc4ba70 with factory <function RuntimeTaskInstance.get_template_context.<locals>.<lambda> at 0x7fb66fc6db20>>,","chan":"stdout","logger":"task"}
{"timestamp":"2025-07-29T20:07:22.683524Z","level":"info","event":" 'run_id': 'scheduled__2023-06-24T20:56:00+00:00',","chan":"stdout","logger":"task"}
{"timestamp":"2025-07-29T20:07:22.683567Z","level":"info","event":" 'task': <Task(PythonOperator): python>,","chan":"stdout","logger":"task"}
{"timestamp":"2025-07-29T20:07:22.683612Z","level":"info","event":" 'task_instance': RuntimeTaskInstance(id=UUID('019857cb-f686-73f3-af81-5e88ad5ddc5b'), task_id='python', dag_id='python_operator_v1', run_id='scheduled__2023-06-24T20:56:00+00:00', try_number=1, map_index=-1, hostname='bf6f1e7a6f11', context_carrier={}, task=<Task(PythonOperator): python>, bundle_instance=LocalDagBundle(name=dags-folder), max_tries=0, start_date=datetime.datetime(2025, 7, 29, 20, 7, 21, 956724, tzinfo=datetime.timezone.utc), end_date=None, state=<TaskInstanceState.RUNNING: 'running'>, is_mapped=False, rendered_map_index=None, log_url='http://localhost:8080/dags/python_operator_v1/runs/scheduled__2023-06-24T20%3A56%3A00%2B00%3A00/tasks/python?try_number=1'),","chan":"stdout","logger":"task"}
{"timestamp":"2025-07-29T20:07:22.683656Z","level":"info","event":" 'task_instance_key_str': 'python_operator_v1__python__20230624',","chan":"stdout","logger":"task"}
{"timestamp":"2025-07-29T20:07:22.683700Z","level":"info","event":" 'task_reschedule_count': 0,","chan":"stdout","logger":"task"}
{"timestamp":"2025-07-29T20:07:22.683741Z","level":"info","event":" 'templates_dict': None,","chan":"stdout","logger":"task"}
{"timestamp":"2025-07-29T20:07:22.683812Z","level":"info","event":" 'ti': RuntimeTaskInstance(id=UUID('019857cb-f686-73f3-af81-5e88ad5ddc5b'), task_id='python', dag_id='python_operator_v1', run_id='scheduled__2023-06-24T20:56:00+00:00', try_number=1, map_index=-1, hostname='bf6f1e7a6f11', context_carrier={}, task=<Task(PythonOperator): python>, bundle_instance=LocalDagBundle(name=dags-folder), max_tries=0, start_date=datetime.datetime(2025, 7, 29, 20, 7, 21, 956724, tzinfo=datetime.timezone.utc), end_date=None, state=<TaskInstanceState.RUNNING: 'running'>, is_mapped=False, rendered_map_index=None, log_url='http://localhost:8080/dags/python_operator_v1/runs/scheduled__2023-06-24T20%3A56%3A00%2B00%3A00/tasks/python?try_number=1'),","chan":"stdout","logger":"task"}
{"timestamp":"2025-07-29T20:07:22.683868Z","level":"info","event":" 'triggering_asset_events': TriggeringAssetEventsAccessor(_events=defaultdict(<class 'list'>, {})),","chan":"stdout","logger":"task"}
{"timestamp":"2025-07-29T20:07:22.683917Z","level":"info","event":" 'ts': '2023-06-24T20:56:00+00:00',","chan":"stdout","logger":"task"}
{"timestamp":"2025-07-29T20:07:22.683963Z","level":"info","event":" 'ts_nodash': '20230624T205600',","chan":"stdout","logger":"task"}
{"timestamp":"2025-07-29T20:07:22.684009Z","level":"info","event":" 'ts_nodash_with_tz': '20230624T205600+0000',","chan":"stdout","logger":"task"}
{"timestamp":"2025-07-29T20:07:22.684055Z","level":"info","event":" 'var': {'json': <VariableAccessor (dynamic access)>,","chan":"stdout","logger":"task"}
{"timestamp":"2025-07-29T20:07:22.684099Z","level":"info","event":"         'value': <VariableAccessor (dynamic access)>}}","chan":"stdout","logger":"task"}
{"timestamp":"2025-07-29T20:07:22.684013","level":"info","event":"Done. Returned value was: 123","logger":"airflow.task.operators.airflow.providers.standard.operators.python.PythonOperator"}
{"timestamp":"2025-07-29T20:07:22.684215","level":"info","event":"Pushing xcom","ti":"RuntimeTaskInstance(id=UUID('019857cb-f686-73f3-af81-5e88ad5ddc5b'), task_id='python', dag_id='python_operator_v1', run_id='scheduled__2023-06-24T20:56:00+00:00', try_number=1, map_index=-1, hostname='bf6f1e7a6f11', context_carrier={}, task=<Task(PythonOperator): python>, bundle_instance=LocalDagBundle(name=dags-folder), max_tries=0, start_date=datetime.datetime(2025, 7, 29, 20, 7, 21, 956724, tzinfo=datetime.timezone.utc), end_date=None, state=<TaskInstanceState.RUNNING: 'running'>, is_mapped=False, rendered_map_index=None, log_url='http://localhost:8080/dags/python_operator_v1/runs/scheduled__2023-06-24T20%3A56%3A00%2B00%3A00/tasks/python?try_number=1')","logger":"task"}
{"timestamp":"2025-07-29T20:07:22.706695Z","level":"info","event":"Task instance in success state","chan":"stdout","logger":"task"}
{"timestamp":"2025-07-29T20:07:22.706847Z","level":"info","event":" Previous state of the Task instance: TaskInstanceState.RUNNING","chan":"stdout","logger":"task"}
{"timestamp":"2025-07-29T20:07:22.706950Z","level":"info","event":"Task operator:<Task(PythonOperator): python>","chan":"stdout","logger":"task"}
