{"timestamp":"2025-07-29T19:39:21.878771","level":"info","event":"DAG bundles loaded: dags-folder, example_dags","logger":"airflow.dag_processing.bundles.manager.DagBundlesManager"}
{"timestamp":"2025-07-29T19:39:21.879406","level":"info","event":"Filling up the DagBag from /opt/airflow/dags/python_operator_v1.py","logger":"airflow.models.dagbag.DagBag"}
{"timestamp":"2025-07-29T19:39:21.908753Z","level":"info","event":"Task instance is in running state","chan":"stdout","logger":"task"}
{"timestamp":"2025-07-29T19:39:21.908930Z","level":"info","event":" Previous state of the Task instance: TaskInstanceState.QUEUED","chan":"stdout","logger":"task"}
{"timestamp":"2025-07-29T19:39:21.910407Z","level":"info","event":"Current task name:python","chan":"stdout","logger":"task"}
{"timestamp":"2025-07-29T19:39:21.910579Z","level":"info","event":"Dag name:python_operator_v1","chan":"stdout","logger":"task"}
{"timestamp":"2025-07-29T19:39:21.911524Z","level":"info","event":"poliana","chan":"stdout","logger":"task"}
{"timestamp":"2025-07-29T19:39:21.912248Z","level":"info","event":"{'conn': <ConnectionAccessor (dynamic access)>,","chan":"stdout","logger":"task"}
{"timestamp":"2025-07-29T19:39:21.912348Z","level":"info","event":" 'dag': <DAG: python_operator_v1>,","chan":"stdout","logger":"task"}
{"timestamp":"2025-07-29T19:39:21.912448Z","level":"info","event":" 'dag_run': DagRun(dag_id='python_operator_v1', run_id='scheduled__2023-06-23T16:23:00+00:00', logical_date=datetime.datetime(2023, 6, 23, 16, 23, tzinfo=datetime.timezone.utc), data_interval_start=datetime.datetime(2023, 6, 23, 16, 23, tzinfo=datetime.timezone.utc), data_interval_end=datetime.datetime(2023, 6, 23, 16, 23, tzinfo=datetime.timezone.utc), run_after=datetime.datetime(2023, 6, 23, 16, 23, tzinfo=datetime.timezone.utc), start_date=datetime.datetime(2025, 7, 29, 19, 39, 21, 54936, tzinfo=datetime.timezone.utc), end_date=None, clear_number=0, run_type=<DagRunType.SCHEDULED: 'scheduled'>, conf={}, consumed_asset_events=[]),","chan":"stdout","logger":"task"}
{"timestamp":"2025-07-29T19:39:21.912519Z","level":"info","event":" 'data_interval_end': DateTime(2023, 6, 23, 16, 23, 0, tzinfo=Timezone('UTC')),","chan":"stdout","logger":"task"}
{"timestamp":"2025-07-29T19:39:21.912564Z","level":"info","event":" 'data_interval_start': DateTime(2023, 6, 23, 16, 23, 0, tzinfo=Timezone('UTC')),","chan":"stdout","logger":"task"}
{"timestamp":"2025-07-29T19:39:21.912605Z","level":"info","event":" 'ds': '2023-06-23',","chan":"stdout","logger":"task"}
{"timestamp":"2025-07-29T19:39:21.912646Z","level":"info","event":" 'ds_nodash': '20230623',","chan":"stdout","logger":"task"}
{"timestamp":"2025-07-29T19:39:21.912686Z","level":"info","event":" 'inlet_events': InletEventsAccessors(_inlets=[], _assets={}, _asset_aliases={}),","chan":"stdout","logger":"task"}
{"timestamp":"2025-07-29T19:39:21.912726Z","level":"info","event":" 'inlets': [],","chan":"stdout","logger":"task"}
{"timestamp":"2025-07-29T19:39:21.912765Z","level":"info","event":" 'logical_date': DateTime(2023, 6, 23, 16, 23, 0, tzinfo=Timezone('UTC')),","chan":"stdout","logger":"task"}
{"timestamp":"2025-07-29T19:39:21.912806Z","level":"info","event":" 'macros': <MacrosAccessor (dynamic access to macros)>,","chan":"stdout","logger":"task"}
{"timestamp":"2025-07-29T19:39:21.912846Z","level":"info","event":" 'map_index_template': None,","chan":"stdout","logger":"task"}
{"timestamp":"2025-07-29T19:39:21.912885Z","level":"info","event":" 'outlet_events': <airflow.sdk.execution_time.context.OutletEventAccessors object at 0x7fb66fc4fa40>,","chan":"stdout","logger":"task"}
{"timestamp":"2025-07-29T19:39:21.912925Z","level":"info","event":" 'outlets': [],","chan":"stdout","logger":"task"}
{"timestamp":"2025-07-29T19:39:21.912965Z","level":"info","event":" 'params': {},","chan":"stdout","logger":"task"}
{"timestamp":"2025-07-29T19:39:21.924584Z","level":"info","event":" 'prev_data_interval_end_success': <Proxy at 0x7fb66fc4fe60 with factory <function RuntimeTaskInstance.get_template_context.<locals>.<lambda> at 0x7fb66fc74360>>,","chan":"stdout","logger":"task"}
{"timestamp":"2025-07-29T19:39:21.924807Z","level":"info","event":" 'prev_data_interval_start_success': <Proxy at 0x7fb66fc4fda0 with factory <function RuntimeTaskInstance.get_template_context.<locals>.<lambda> at 0x7fb66fc75a80>>,","chan":"stdout","logger":"task"}
{"timestamp":"2025-07-29T19:39:21.924871Z","level":"info","event":" 'prev_end_date_success': <Proxy at 0x7fb66fc4f500 with factory <function RuntimeTaskInstance.get_template_context.<locals>.<lambda> at 0x7fb66fc75b20>>,","chan":"stdout","logger":"task"}
{"timestamp":"2025-07-29T19:39:21.924921Z","level":"info","event":" 'prev_start_date_success': <Proxy at 0x7fb66fc4f950 with factory <function RuntimeTaskInstance.get_template_context.<locals>.<lambda> at 0x7fb66fc74860>>,","chan":"stdout","logger":"task"}
{"timestamp":"2025-07-29T19:39:21.924966Z","level":"info","event":" 'run_id': 'scheduled__2023-06-23T16:23:00+00:00',","chan":"stdout","logger":"task"}
{"timestamp":"2025-07-29T19:39:21.925009Z","level":"info","event":" 'task': <Task(PythonOperator): python>,","chan":"stdout","logger":"task"}
{"timestamp":"2025-07-29T19:39:21.925071Z","level":"info","event":" 'task_instance': RuntimeTaskInstance(id=UUID('019857b2-525a-7244-887a-e97c68fac0c9'), task_id='python', dag_id='python_operator_v1', run_id='scheduled__2023-06-23T16:23:00+00:00', try_number=1, map_index=-1, hostname='bf6f1e7a6f11', context_carrier={}, task=<Task(PythonOperator): python>, bundle_instance=LocalDagBundle(name=dags-folder), max_tries=0, start_date=datetime.datetime(2025, 7, 29, 19, 39, 21, 291173, tzinfo=datetime.timezone.utc), end_date=None, state=<TaskInstanceState.RUNNING: 'running'>, is_mapped=False, rendered_map_index=None, log_url='http://localhost:8080/dags/python_operator_v1/runs/scheduled__2023-06-23T16%3A23%3A00%2B00%3A00/tasks/python?try_number=1'),","chan":"stdout","logger":"task"}
{"timestamp":"2025-07-29T19:39:21.925136Z","level":"info","event":" 'task_instance_key_str': 'python_operator_v1__python__20230623',","chan":"stdout","logger":"task"}
{"timestamp":"2025-07-29T19:39:21.925179Z","level":"info","event":" 'task_reschedule_count': 0,","chan":"stdout","logger":"task"}
{"timestamp":"2025-07-29T19:39:21.925220Z","level":"info","event":" 'templates_dict': None,","chan":"stdout","logger":"task"}
{"timestamp":"2025-07-29T19:39:21.925321Z","level":"info","event":" 'ti': RuntimeTaskInstance(id=UUID('019857b2-525a-7244-887a-e97c68fac0c9'), task_id='python', dag_id='python_operator_v1', run_id='scheduled__2023-06-23T16:23:00+00:00', try_number=1, map_index=-1, hostname='bf6f1e7a6f11', context_carrier={}, task=<Task(PythonOperator): python>, bundle_instance=LocalDagBundle(name=dags-folder), max_tries=0, start_date=datetime.datetime(2025, 7, 29, 19, 39, 21, 291173, tzinfo=datetime.timezone.utc), end_date=None, state=<TaskInstanceState.RUNNING: 'running'>, is_mapped=False, rendered_map_index=None, log_url='http://localhost:8080/dags/python_operator_v1/runs/scheduled__2023-06-23T16%3A23%3A00%2B00%3A00/tasks/python?try_number=1'),","chan":"stdout","logger":"task"}
{"timestamp":"2025-07-29T19:39:21.925383Z","level":"info","event":" 'triggering_asset_events': TriggeringAssetEventsAccessor(_events=defaultdict(<class 'list'>, {})),","chan":"stdout","logger":"task"}
{"timestamp":"2025-07-29T19:39:21.925427Z","level":"info","event":" 'ts': '2023-06-23T16:23:00+00:00',","chan":"stdout","logger":"task"}
{"timestamp":"2025-07-29T19:39:21.925467Z","level":"info","event":" 'ts_nodash': '20230623T162300',","chan":"stdout","logger":"task"}
{"timestamp":"2025-07-29T19:39:21.925507Z","level":"info","event":" 'ts_nodash_with_tz': '20230623T162300+0000',","chan":"stdout","logger":"task"}
{"timestamp":"2025-07-29T19:39:21.925548Z","level":"info","event":" 'var': {'json': <VariableAccessor (dynamic access)>,","chan":"stdout","logger":"task"}
{"timestamp":"2025-07-29T19:39:21.925588Z","level":"info","event":"         'value': <VariableAccessor (dynamic access)>}}","chan":"stdout","logger":"task"}
{"timestamp":"2025-07-29T19:39:21.925483","level":"info","event":"Done. Returned value was: 123","logger":"airflow.task.operators.airflow.providers.standard.operators.python.PythonOperator"}
{"timestamp":"2025-07-29T19:39:21.925700","level":"info","event":"Pushing xcom","ti":"RuntimeTaskInstance(id=UUID('019857b2-525a-7244-887a-e97c68fac0c9'), task_id='python', dag_id='python_operator_v1', run_id='scheduled__2023-06-23T16:23:00+00:00', try_number=1, map_index=-1, hostname='bf6f1e7a6f11', context_carrier={}, task=<Task(PythonOperator): python>, bundle_instance=LocalDagBundle(name=dags-folder), max_tries=0, start_date=datetime.datetime(2025, 7, 29, 19, 39, 21, 291173, tzinfo=datetime.timezone.utc), end_date=None, state=<TaskInstanceState.RUNNING: 'running'>, is_mapped=False, rendered_map_index=None, log_url='http://localhost:8080/dags/python_operator_v1/runs/scheduled__2023-06-23T16%3A23%3A00%2B00%3A00/tasks/python?try_number=1')","logger":"task"}
{"timestamp":"2025-07-29T19:39:21.953136Z","level":"info","event":"Task instance in success state","chan":"stdout","logger":"task"}
{"timestamp":"2025-07-29T19:39:21.953367Z","level":"info","event":" Previous state of the Task instance: TaskInstanceState.RUNNING","chan":"stdout","logger":"task"}
{"timestamp":"2025-07-29T19:39:21.953507Z","level":"info","event":"Task operator:<Task(PythonOperator): python>","chan":"stdout","logger":"task"}
