{"timestamp":"2025-07-29T19:37:53.490053","level":"info","event":"DAG bundles loaded: dags-folder, example_dags","logger":"airflow.dag_processing.bundles.manager.DagBundlesManager"}
{"timestamp":"2025-07-29T19:37:53.490680","level":"info","event":"Filling up the DagBag from /opt/airflow/dags/python_operator_v1.py","logger":"airflow.models.dagbag.DagBag"}
{"timestamp":"2025-07-29T19:37:53.528837Z","level":"info","event":"Task instance is in running state","chan":"stdout","logger":"task"}
{"timestamp":"2025-07-29T19:37:53.529047Z","level":"info","event":" Previous state of the Task instance: TaskInstanceState.QUEUED","chan":"stdout","logger":"task"}
{"timestamp":"2025-07-29T19:37:53.529636Z","level":"info","event":"Current task name:python","chan":"stdout","logger":"task"}
{"timestamp":"2025-07-29T19:37:53.529744Z","level":"info","event":"Dag name:python_operator_v1","chan":"stdout","logger":"task"}
{"timestamp":"2025-07-29T19:37:53.530844Z","level":"info","event":"poliana","chan":"stdout","logger":"task"}
{"timestamp":"2025-07-29T19:37:53.531667Z","level":"info","event":"{'conn': <ConnectionAccessor (dynamic access)>,","chan":"stdout","logger":"task"}
{"timestamp":"2025-07-29T19:37:53.531826Z","level":"info","event":" 'dag': <DAG: python_operator_v1>,","chan":"stdout","logger":"task"}
{"timestamp":"2025-07-29T19:37:53.531986Z","level":"info","event":" 'dag_run': DagRun(dag_id='python_operator_v1', run_id='scheduled__2023-06-23T14:55:00+00:00', logical_date=datetime.datetime(2023, 6, 23, 14, 55, tzinfo=datetime.timezone.utc), data_interval_start=datetime.datetime(2023, 6, 23, 14, 55, tzinfo=datetime.timezone.utc), data_interval_end=datetime.datetime(2023, 6, 23, 14, 55, tzinfo=datetime.timezone.utc), run_after=datetime.datetime(2023, 6, 23, 14, 55, tzinfo=datetime.timezone.utc), start_date=datetime.datetime(2025, 7, 29, 19, 37, 52, 746079, tzinfo=datetime.timezone.utc), end_date=None, clear_number=0, run_type=<DagRunType.SCHEDULED: 'scheduled'>, conf={}, consumed_asset_events=[]),","chan":"stdout","logger":"task"}
{"timestamp":"2025-07-29T19:37:53.532074Z","level":"info","event":" 'data_interval_end': DateTime(2023, 6, 23, 14, 55, 0, tzinfo=Timezone('UTC')),","chan":"stdout","logger":"task"}
{"timestamp":"2025-07-29T19:37:53.532131Z","level":"info","event":" 'data_interval_start': DateTime(2023, 6, 23, 14, 55, 0, tzinfo=Timezone('UTC')),","chan":"stdout","logger":"task"}
{"timestamp":"2025-07-29T19:37:53.532177Z","level":"info","event":" 'ds': '2023-06-23',","chan":"stdout","logger":"task"}
{"timestamp":"2025-07-29T19:37:53.532219Z","level":"info","event":" 'ds_nodash': '20230623',","chan":"stdout","logger":"task"}
{"timestamp":"2025-07-29T19:37:53.532261Z","level":"info","event":" 'inlet_events': InletEventsAccessors(_inlets=[], _assets={}, _asset_aliases={}),","chan":"stdout","logger":"task"}
{"timestamp":"2025-07-29T19:37:53.532302Z","level":"info","event":" 'inlets': [],","chan":"stdout","logger":"task"}
{"timestamp":"2025-07-29T19:37:53.532344Z","level":"info","event":" 'logical_date': DateTime(2023, 6, 23, 14, 55, 0, tzinfo=Timezone('UTC')),","chan":"stdout","logger":"task"}
{"timestamp":"2025-07-29T19:37:53.532415Z","level":"info","event":" 'macros': <MacrosAccessor (dynamic access to macros)>,","chan":"stdout","logger":"task"}
{"timestamp":"2025-07-29T19:37:53.532574Z","level":"info","event":" 'map_index_template': None,","chan":"stdout","logger":"task"}
{"timestamp":"2025-07-29T19:37:53.532640Z","level":"info","event":" 'outlet_events': <airflow.sdk.execution_time.context.OutletEventAccessors object at 0x7fb677ea7f20>,","chan":"stdout","logger":"task"}
{"timestamp":"2025-07-29T19:37:53.532705Z","level":"info","event":" 'outlets': [],","chan":"stdout","logger":"task"}
{"timestamp":"2025-07-29T19:37:53.532767Z","level":"info","event":" 'params': {},","chan":"stdout","logger":"task"}
{"timestamp":"2025-07-29T19:37:53.542857Z","level":"info","event":" 'prev_data_interval_end_success': <Proxy at 0x7fb66fc92480 with factory <function RuntimeTaskInstance.get_template_context.<locals>.<lambda> at 0x7fb66fcb47c0>>,","chan":"stdout","logger":"task"}
{"timestamp":"2025-07-29T19:37:53.543108Z","level":"info","event":" 'prev_data_interval_start_success': <Proxy at 0x7fb66fc92510 with factory <function RuntimeTaskInstance.get_template_context.<locals>.<lambda> at 0x7fb66fcb5ee0>>,","chan":"stdout","logger":"task"}
{"timestamp":"2025-07-29T19:37:53.543217Z","level":"info","event":" 'prev_end_date_success': <Proxy at 0x7fb66fc92a50 with factory <function RuntimeTaskInstance.get_template_context.<locals>.<lambda> at 0x7fb66fcb5f80>>,","chan":"stdout","logger":"task"}
{"timestamp":"2025-07-29T19:37:53.543308Z","level":"info","event":" 'prev_start_date_success': <Proxy at 0x7fb66fc92a20 with factory <function RuntimeTaskInstance.get_template_context.<locals>.<lambda> at 0x7fb66fcb4cc0>>,","chan":"stdout","logger":"task"}
{"timestamp":"2025-07-29T19:37:53.543391Z","level":"info","event":" 'run_id': 'scheduled__2023-06-23T14:55:00+00:00',","chan":"stdout","logger":"task"}
{"timestamp":"2025-07-29T19:37:53.543471Z","level":"info","event":" 'task': <Task(PythonOperator): python>,","chan":"stdout","logger":"task"}
{"timestamp":"2025-07-29T19:37:53.543551Z","level":"info","event":" 'task_instance': RuntimeTaskInstance(id=UUID('019857b0-f966-7436-adec-108de81b46e1'), task_id='python', dag_id='python_operator_v1', run_id='scheduled__2023-06-23T14:55:00+00:00', try_number=1, map_index=-1, hostname='bf6f1e7a6f11', context_carrier={}, task=<Task(PythonOperator): python>, bundle_instance=LocalDagBundle(name=dags-folder), max_tries=0, start_date=datetime.datetime(2025, 7, 29, 19, 37, 52, 953882, tzinfo=datetime.timezone.utc), end_date=None, state=<TaskInstanceState.RUNNING: 'running'>, is_mapped=False, rendered_map_index=None, log_url='http://localhost:8080/dags/python_operator_v1/runs/scheduled__2023-06-23T14%3A55%3A00%2B00%3A00/tasks/python?try_number=1'),","chan":"stdout","logger":"task"}
{"timestamp":"2025-07-29T19:37:53.543634Z","level":"info","event":" 'task_instance_key_str': 'python_operator_v1__python__20230623',","chan":"stdout","logger":"task"}
{"timestamp":"2025-07-29T19:37:53.543716Z","level":"info","event":" 'task_reschedule_count': 0,","chan":"stdout","logger":"task"}
{"timestamp":"2025-07-29T19:37:53.543793Z","level":"info","event":" 'templates_dict': None,","chan":"stdout","logger":"task"}
{"timestamp":"2025-07-29T19:37:53.543874Z","level":"info","event":" 'ti': RuntimeTaskInstance(id=UUID('019857b0-f966-7436-adec-108de81b46e1'), task_id='python', dag_id='python_operator_v1', run_id='scheduled__2023-06-23T14:55:00+00:00', try_number=1, map_index=-1, hostname='bf6f1e7a6f11', context_carrier={}, task=<Task(PythonOperator): python>, bundle_instance=LocalDagBundle(name=dags-folder), max_tries=0, start_date=datetime.datetime(2025, 7, 29, 19, 37, 52, 953882, tzinfo=datetime.timezone.utc), end_date=None, state=<TaskInstanceState.RUNNING: 'running'>, is_mapped=False, rendered_map_index=None, log_url='http://localhost:8080/dags/python_operator_v1/runs/scheduled__2023-06-23T14%3A55%3A00%2B00%3A00/tasks/python?try_number=1'),","chan":"stdout","logger":"task"}
{"timestamp":"2025-07-29T19:37:53.543956Z","level":"info","event":" 'triggering_asset_events': TriggeringAssetEventsAccessor(_events=defaultdict(<class 'list'>, {})),","chan":"stdout","logger":"task"}
{"timestamp":"2025-07-29T19:37:53.544034Z","level":"info","event":" 'ts': '2023-06-23T14:55:00+00:00',","chan":"stdout","logger":"task"}
{"timestamp":"2025-07-29T19:37:53.544112Z","level":"info","event":" 'ts_nodash': '20230623T145500',","chan":"stdout","logger":"task"}
{"timestamp":"2025-07-29T19:37:53.544187Z","level":"info","event":" 'ts_nodash_with_tz': '20230623T145500+0000',","chan":"stdout","logger":"task"}
{"timestamp":"2025-07-29T19:37:53.544310Z","level":"info","event":" 'var': {'json': <VariableAccessor (dynamic access)>,","chan":"stdout","logger":"task"}
{"timestamp":"2025-07-29T19:37:53.544430Z","level":"info","event":"         'value': <VariableAccessor (dynamic access)>}}","chan":"stdout","logger":"task"}
{"timestamp":"2025-07-29T19:37:53.543704","level":"info","event":"Done. Returned value was: 123","logger":"airflow.task.operators.airflow.providers.standard.operators.python.PythonOperator"}
{"timestamp":"2025-07-29T19:37:53.543918","level":"info","event":"Pushing xcom","ti":"RuntimeTaskInstance(id=UUID('019857b0-f966-7436-adec-108de81b46e1'), task_id='python', dag_id='python_operator_v1', run_id='scheduled__2023-06-23T14:55:00+00:00', try_number=1, map_index=-1, hostname='bf6f1e7a6f11', context_carrier={}, task=<Task(PythonOperator): python>, bundle_instance=LocalDagBundle(name=dags-folder), max_tries=0, start_date=datetime.datetime(2025, 7, 29, 19, 37, 52, 953882, tzinfo=datetime.timezone.utc), end_date=None, state=<TaskInstanceState.RUNNING: 'running'>, is_mapped=False, rendered_map_index=None, log_url='http://localhost:8080/dags/python_operator_v1/runs/scheduled__2023-06-23T14%3A55%3A00%2B00%3A00/tasks/python?try_number=1')","logger":"task"}
{"timestamp":"2025-07-29T19:37:53.571373Z","level":"info","event":"Task instance in success state","chan":"stdout","logger":"task"}
{"timestamp":"2025-07-29T19:37:53.571573Z","level":"info","event":" Previous state of the Task instance: TaskInstanceState.RUNNING","chan":"stdout","logger":"task"}
{"timestamp":"2025-07-29T19:37:53.571738Z","level":"info","event":"Task operator:<Task(PythonOperator): python>","chan":"stdout","logger":"task"}
