{"timestamp":"2025-07-29T19:48:12.777655","level":"info","event":"DAG bundles loaded: dags-folder, example_dags","logger":"airflow.dag_processing.bundles.manager.DagBundlesManager"}
{"timestamp":"2025-07-29T19:48:12.778221","level":"info","event":"Filling up the DagBag from /opt/airflow/dags/python_operator_v1.py","logger":"airflow.models.dagbag.DagBag"}
{"timestamp":"2025-07-29T19:48:12.802049Z","level":"info","event":"Task instance is in running state","chan":"stdout","logger":"task"}
{"timestamp":"2025-07-29T19:48:12.802265Z","level":"info","event":" Previous state of the Task instance: TaskInstanceState.QUEUED","chan":"stdout","logger":"task"}
{"timestamp":"2025-07-29T19:48:12.803009Z","level":"info","event":"Current task name:python","chan":"stdout","logger":"task"}
{"timestamp":"2025-07-29T19:48:12.803135Z","level":"info","event":"Dag name:python_operator_v1","chan":"stdout","logger":"task"}
{"timestamp":"2025-07-29T19:48:12.804450Z","level":"info","event":"poliana","chan":"stdout","logger":"task"}
{"timestamp":"2025-07-29T19:48:12.805346Z","level":"info","event":"{'conn': <ConnectionAccessor (dynamic access)>,","chan":"stdout","logger":"task"}
{"timestamp":"2025-07-29T19:48:12.805447Z","level":"info","event":" 'dag': <DAG: python_operator_v1>,","chan":"stdout","logger":"task"}
{"timestamp":"2025-07-29T19:48:12.805543Z","level":"info","event":" 'dag_run': DagRun(dag_id='python_operator_v1', run_id='scheduled__2023-06-24T02:20:00+00:00', logical_date=datetime.datetime(2023, 6, 24, 2, 20, tzinfo=datetime.timezone.utc), data_interval_start=datetime.datetime(2023, 6, 24, 2, 20, tzinfo=datetime.timezone.utc), data_interval_end=datetime.datetime(2023, 6, 24, 2, 20, tzinfo=datetime.timezone.utc), run_after=datetime.datetime(2023, 6, 24, 2, 20, tzinfo=datetime.timezone.utc), start_date=datetime.datetime(2025, 7, 29, 19, 48, 11, 894017, tzinfo=datetime.timezone.utc), end_date=None, clear_number=0, run_type=<DagRunType.SCHEDULED: 'scheduled'>, conf={}, consumed_asset_events=[]),","chan":"stdout","logger":"task"}
{"timestamp":"2025-07-29T19:48:12.805615Z","level":"info","event":" 'data_interval_end': DateTime(2023, 6, 24, 2, 20, 0, tzinfo=Timezone('UTC')),","chan":"stdout","logger":"task"}
{"timestamp":"2025-07-29T19:48:12.805687Z","level":"info","event":" 'data_interval_start': DateTime(2023, 6, 24, 2, 20, 0, tzinfo=Timezone('UTC')),","chan":"stdout","logger":"task"}
{"timestamp":"2025-07-29T19:48:12.805757Z","level":"info","event":" 'ds': '2023-06-24',","chan":"stdout","logger":"task"}
{"timestamp":"2025-07-29T19:48:12.805827Z","level":"info","event":" 'ds_nodash': '20230624',","chan":"stdout","logger":"task"}
{"timestamp":"2025-07-29T19:48:12.805901Z","level":"info","event":" 'inlet_events': InletEventsAccessors(_inlets=[], _assets={}, _asset_aliases={}),","chan":"stdout","logger":"task"}
{"timestamp":"2025-07-29T19:48:12.805948Z","level":"info","event":" 'inlets': [],","chan":"stdout","logger":"task"}
{"timestamp":"2025-07-29T19:48:12.805991Z","level":"info","event":" 'logical_date': DateTime(2023, 6, 24, 2, 20, 0, tzinfo=Timezone('UTC')),","chan":"stdout","logger":"task"}
{"timestamp":"2025-07-29T19:48:12.806033Z","level":"info","event":" 'macros': <MacrosAccessor (dynamic access to macros)>,","chan":"stdout","logger":"task"}
{"timestamp":"2025-07-29T19:48:12.806073Z","level":"info","event":" 'map_index_template': None,","chan":"stdout","logger":"task"}
{"timestamp":"2025-07-29T19:48:12.806119Z","level":"info","event":" 'outlet_events': <airflow.sdk.execution_time.context.OutletEventAccessors object at 0x7fb67b574a70>,","chan":"stdout","logger":"task"}
{"timestamp":"2025-07-29T19:48:12.806187Z","level":"info","event":" 'outlets': [],","chan":"stdout","logger":"task"}
{"timestamp":"2025-07-29T19:48:12.806246Z","level":"info","event":" 'params': {},","chan":"stdout","logger":"task"}
{"timestamp":"2025-07-29T19:48:12.818306Z","level":"info","event":" 'prev_data_interval_end_success': <Proxy at 0x7fb66fc5ad50 with factory <function RuntimeTaskInstance.get_template_context.<locals>.<lambda> at 0x7fb66fc765c0>>,","chan":"stdout","logger":"task"}
{"timestamp":"2025-07-29T19:48:12.818567Z","level":"info","event":" 'prev_data_interval_start_success': <Proxy at 0x7fb66fc5ac30 with factory <function RuntimeTaskInstance.get_template_context.<locals>.<lambda> at 0x7fb66fc77ce0>>,","chan":"stdout","logger":"task"}
{"timestamp":"2025-07-29T19:48:12.818660Z","level":"info","event":" 'prev_end_date_success': <Proxy at 0x7fb66fc5ab40 with factory <function RuntimeTaskInstance.get_template_context.<locals>.<lambda> at 0x7fb66fc77d80>>,","chan":"stdout","logger":"task"}
{"timestamp":"2025-07-29T19:48:12.818718Z","level":"info","event":" 'prev_start_date_success': <Proxy at 0x7fb677ad1b20 with factory <function RuntimeTaskInstance.get_template_context.<locals>.<lambda> at 0x7fb66fc76ac0>>,","chan":"stdout","logger":"task"}
{"timestamp":"2025-07-29T19:48:12.818763Z","level":"info","event":" 'run_id': 'scheduled__2023-06-24T02:20:00+00:00',","chan":"stdout","logger":"task"}
{"timestamp":"2025-07-29T19:48:12.818806Z","level":"info","event":" 'task': <Task(PythonOperator): python>,","chan":"stdout","logger":"task"}
{"timestamp":"2025-07-29T19:48:12.818848Z","level":"info","event":" 'task_instance': RuntimeTaskInstance(id=UUID('019857ba-6bee-79f7-8e37-de61b296eb60'), task_id='python', dag_id='python_operator_v1', run_id='scheduled__2023-06-24T02:20:00+00:00', try_number=1, map_index=-1, hostname='bf6f1e7a6f11', context_carrier={}, task=<Task(PythonOperator): python>, bundle_instance=LocalDagBundle(name=dags-folder), max_tries=0, start_date=datetime.datetime(2025, 7, 29, 19, 48, 12, 249012, tzinfo=datetime.timezone.utc), end_date=None, state=<TaskInstanceState.RUNNING: 'running'>, is_mapped=False, rendered_map_index=None, log_url='http://localhost:8080/dags/python_operator_v1/runs/scheduled__2023-06-24T02%3A20%3A00%2B00%3A00/tasks/python?try_number=1'),","chan":"stdout","logger":"task"}
{"timestamp":"2025-07-29T19:48:12.818891Z","level":"info","event":" 'task_instance_key_str': 'python_operator_v1__python__20230624',","chan":"stdout","logger":"task"}
{"timestamp":"2025-07-29T19:48:12.818932Z","level":"info","event":" 'task_reschedule_count': 0,","chan":"stdout","logger":"task"}
{"timestamp":"2025-07-29T19:48:12.818972Z","level":"info","event":" 'templates_dict': None,","chan":"stdout","logger":"task"}
{"timestamp":"2025-07-29T19:48:12.819013Z","level":"info","event":" 'ti': RuntimeTaskInstance(id=UUID('019857ba-6bee-79f7-8e37-de61b296eb60'), task_id='python', dag_id='python_operator_v1', run_id='scheduled__2023-06-24T02:20:00+00:00', try_number=1, map_index=-1, hostname='bf6f1e7a6f11', context_carrier={}, task=<Task(PythonOperator): python>, bundle_instance=LocalDagBundle(name=dags-folder), max_tries=0, start_date=datetime.datetime(2025, 7, 29, 19, 48, 12, 249012, tzinfo=datetime.timezone.utc), end_date=None, state=<TaskInstanceState.RUNNING: 'running'>, is_mapped=False, rendered_map_index=None, log_url='http://localhost:8080/dags/python_operator_v1/runs/scheduled__2023-06-24T02%3A20%3A00%2B00%3A00/tasks/python?try_number=1'),","chan":"stdout","logger":"task"}
{"timestamp":"2025-07-29T19:48:12.819055Z","level":"info","event":" 'triggering_asset_events': TriggeringAssetEventsAccessor(_events=defaultdict(<class 'list'>, {})),","chan":"stdout","logger":"task"}
{"timestamp":"2025-07-29T19:48:12.819096Z","level":"info","event":" 'ts': '2023-06-24T02:20:00+00:00',","chan":"stdout","logger":"task"}
{"timestamp":"2025-07-29T19:48:12.819139Z","level":"info","event":" 'ts_nodash': '20230624T022000',","chan":"stdout","logger":"task"}
{"timestamp":"2025-07-29T19:48:12.819179Z","level":"info","event":" 'ts_nodash_with_tz': '20230624T022000+0000',","chan":"stdout","logger":"task"}
{"timestamp":"2025-07-29T19:48:12.819219Z","level":"info","event":" 'var': {'json': <VariableAccessor (dynamic access)>,","chan":"stdout","logger":"task"}
{"timestamp":"2025-07-29T19:48:12.819285Z","level":"info","event":"         'value': <VariableAccessor (dynamic access)>}}","chan":"stdout","logger":"task"}
{"timestamp":"2025-07-29T19:48:12.818979","level":"info","event":"Done. Returned value was: 123","logger":"airflow.task.operators.airflow.providers.standard.operators.python.PythonOperator"}
{"timestamp":"2025-07-29T19:48:12.819143","level":"info","event":"Pushing xcom","ti":"RuntimeTaskInstance(id=UUID('019857ba-6bee-79f7-8e37-de61b296eb60'), task_id='python', dag_id='python_operator_v1', run_id='scheduled__2023-06-24T02:20:00+00:00', try_number=1, map_index=-1, hostname='bf6f1e7a6f11', context_carrier={}, task=<Task(PythonOperator): python>, bundle_instance=LocalDagBundle(name=dags-folder), max_tries=0, start_date=datetime.datetime(2025, 7, 29, 19, 48, 12, 249012, tzinfo=datetime.timezone.utc), end_date=None, state=<TaskInstanceState.RUNNING: 'running'>, is_mapped=False, rendered_map_index=None, log_url='http://localhost:8080/dags/python_operator_v1/runs/scheduled__2023-06-24T02%3A20%3A00%2B00%3A00/tasks/python?try_number=1')","logger":"task"}
{"timestamp":"2025-07-29T19:48:12.839554Z","level":"info","event":"Task instance in success state","chan":"stdout","logger":"task"}
{"timestamp":"2025-07-29T19:48:12.839688Z","level":"info","event":" Previous state of the Task instance: TaskInstanceState.RUNNING","chan":"stdout","logger":"task"}
{"timestamp":"2025-07-29T19:48:12.839783Z","level":"info","event":"Task operator:<Task(PythonOperator): python>","chan":"stdout","logger":"task"}
