{"timestamp":"2025-07-29T20:00:44.955715","level":"info","event":"DAG bundles loaded: dags-folder, example_dags","logger":"airflow.dag_processing.bundles.manager.DagBundlesManager"}
{"timestamp":"2025-07-29T20:00:44.956346","level":"info","event":"Filling up the DagBag from /opt/airflow/dags/2_python_operator_v1.py","logger":"airflow.models.dagbag.DagBag"}
{"timestamp":"2025-07-29T20:00:44.998010Z","level":"info","event":"Task instance is in running state","chan":"stdout","logger":"task"}
{"timestamp":"2025-07-29T20:00:44.998198Z","level":"info","event":" Previous state of the Task instance: TaskInstanceState.QUEUED","chan":"stdout","logger":"task"}
{"timestamp":"2025-07-29T20:00:44.998361Z","level":"info","event":"Current task name:python","chan":"stdout","logger":"task"}
{"timestamp":"2025-07-29T20:00:44.998445Z","level":"info","event":"Dag name:python_operator_v1","chan":"stdout","logger":"task"}
{"timestamp":"2025-07-29T20:00:45.000699Z","level":"info","event":"poliana","chan":"stdout","logger":"task"}
{"timestamp":"2025-07-29T20:00:45.001781Z","level":"info","event":"{'conn': <ConnectionAccessor (dynamic access)>,","chan":"stdout","logger":"task"}
{"timestamp":"2025-07-29T20:00:45.001985Z","level":"info","event":" 'dag': <DAG: python_operator_v1>,","chan":"stdout","logger":"task"}
{"timestamp":"2025-07-29T20:00:45.002096Z","level":"info","event":" 'dag_run': DagRun(dag_id='python_operator_v1', run_id='scheduled__2023-06-24T14:57:00+00:00', logical_date=datetime.datetime(2023, 6, 24, 14, 57, tzinfo=datetime.timezone.utc), data_interval_start=datetime.datetime(2023, 6, 24, 14, 57, tzinfo=datetime.timezone.utc), data_interval_end=datetime.datetime(2023, 6, 24, 14, 57, tzinfo=datetime.timezone.utc), run_after=datetime.datetime(2023, 6, 24, 14, 57, tzinfo=datetime.timezone.utc), start_date=datetime.datetime(2025, 7, 29, 20, 0, 43, 584642, tzinfo=datetime.timezone.utc), end_date=None, clear_number=0, run_type=<DagRunType.SCHEDULED: 'scheduled'>, conf={}, consumed_asset_events=[]),","chan":"stdout","logger":"task"}
{"timestamp":"2025-07-29T20:00:45.002177Z","level":"info","event":" 'data_interval_end': DateTime(2023, 6, 24, 14, 57, 0, tzinfo=Timezone('UTC')),","chan":"stdout","logger":"task"}
{"timestamp":"2025-07-29T20:00:45.002237Z","level":"info","event":" 'data_interval_start': DateTime(2023, 6, 24, 14, 57, 0, tzinfo=Timezone('UTC')),","chan":"stdout","logger":"task"}
{"timestamp":"2025-07-29T20:00:45.002297Z","level":"info","event":" 'ds': '2023-06-24',","chan":"stdout","logger":"task"}
{"timestamp":"2025-07-29T20:00:45.002355Z","level":"info","event":" 'ds_nodash': '20230624',","chan":"stdout","logger":"task"}
{"timestamp":"2025-07-29T20:00:45.002502Z","level":"info","event":" 'inlet_events': InletEventsAccessors(_inlets=[], _assets={}, _asset_aliases={}),","chan":"stdout","logger":"task"}
{"timestamp":"2025-07-29T20:00:45.002578Z","level":"info","event":" 'inlets': [],","chan":"stdout","logger":"task"}
{"timestamp":"2025-07-29T20:00:45.002635Z","level":"info","event":" 'logical_date': DateTime(2023, 6, 24, 14, 57, 0, tzinfo=Timezone('UTC')),","chan":"stdout","logger":"task"}
{"timestamp":"2025-07-29T20:00:45.002692Z","level":"info","event":" 'macros': <MacrosAccessor (dynamic access to macros)>,","chan":"stdout","logger":"task"}
{"timestamp":"2025-07-29T20:00:45.002748Z","level":"info","event":" 'map_index_template': None,","chan":"stdout","logger":"task"}
{"timestamp":"2025-07-29T20:00:45.002805Z","level":"info","event":" 'outlet_events': <airflow.sdk.execution_time.context.OutletEventAccessors object at 0x7fb677eb7a70>,","chan":"stdout","logger":"task"}
{"timestamp":"2025-07-29T20:00:45.002862Z","level":"info","event":" 'outlets': [],","chan":"stdout","logger":"task"}
{"timestamp":"2025-07-29T20:00:45.002915Z","level":"info","event":" 'params': {},","chan":"stdout","logger":"task"}
{"timestamp":"2025-07-29T20:00:45.017595Z","level":"info","event":" 'prev_data_interval_end_success': <Proxy at 0x7fb66fc81880 with factory <function RuntimeTaskInstance.get_template_context.<locals>.<lambda> at 0x7fb66fc95080>>,","chan":"stdout","logger":"task"}
{"timestamp":"2025-07-29T20:00:45.018131Z","level":"info","event":" 'prev_data_interval_start_success': <Proxy at 0x7fb66fd75c70 with factory <function RuntimeTaskInstance.get_template_context.<locals>.<lambda> at 0x7fb66fc967a0>>,","chan":"stdout","logger":"task"}
{"timestamp":"2025-07-29T20:00:45.018324Z","level":"info","event":" 'prev_end_date_success': <Proxy at 0x7fb67ebe46e0 with factory <function RuntimeTaskInstance.get_template_context.<locals>.<lambda> at 0x7fb66fc96840>>,","chan":"stdout","logger":"task"}
{"timestamp":"2025-07-29T20:00:45.018430Z","level":"info","event":" 'prev_start_date_success': <Proxy at 0x7fb67ebe4a10 with factory <function RuntimeTaskInstance.get_template_context.<locals>.<lambda> at 0x7fb66fc95580>>,","chan":"stdout","logger":"task"}
{"timestamp":"2025-07-29T20:00:45.018511Z","level":"info","event":" 'run_id': 'scheduled__2023-06-24T14:57:00+00:00',","chan":"stdout","logger":"task"}
{"timestamp":"2025-07-29T20:00:45.018587Z","level":"info","event":" 'task': <Task(PythonOperator): python>,","chan":"stdout","logger":"task"}
{"timestamp":"2025-07-29T20:00:45.018663Z","level":"info","event":" 'task_instance': RuntimeTaskInstance(id=UUID('019857c5-e42b-7644-8aa0-4ca6ed4c1888'), task_id='python', dag_id='python_operator_v1', run_id='scheduled__2023-06-24T14:57:00+00:00', try_number=1, map_index=-1, hostname='bf6f1e7a6f11', context_carrier={}, task=<Task(PythonOperator): python>, bundle_instance=LocalDagBundle(name=dags-folder), max_tries=0, start_date=datetime.datetime(2025, 7, 29, 20, 0, 44, 226706, tzinfo=datetime.timezone.utc), end_date=None, state=<TaskInstanceState.RUNNING: 'running'>, is_mapped=False, rendered_map_index=None, log_url='http://localhost:8080/dags/python_operator_v1/runs/scheduled__2023-06-24T14%3A57%3A00%2B00%3A00/tasks/python?try_number=1'),","chan":"stdout","logger":"task"}
{"timestamp":"2025-07-29T20:00:45.018745Z","level":"info","event":" 'task_instance_key_str': 'python_operator_v1__python__20230624',","chan":"stdout","logger":"task"}
{"timestamp":"2025-07-29T20:00:45.018821Z","level":"info","event":" 'task_reschedule_count': 0,","chan":"stdout","logger":"task"}
{"timestamp":"2025-07-29T20:00:45.018890Z","level":"info","event":" 'templates_dict': None,","chan":"stdout","logger":"task"}
{"timestamp":"2025-07-29T20:00:45.018965Z","level":"info","event":" 'ti': RuntimeTaskInstance(id=UUID('019857c5-e42b-7644-8aa0-4ca6ed4c1888'), task_id='python', dag_id='python_operator_v1', run_id='scheduled__2023-06-24T14:57:00+00:00', try_number=1, map_index=-1, hostname='bf6f1e7a6f11', context_carrier={}, task=<Task(PythonOperator): python>, bundle_instance=LocalDagBundle(name=dags-folder), max_tries=0, start_date=datetime.datetime(2025, 7, 29, 20, 0, 44, 226706, tzinfo=datetime.timezone.utc), end_date=None, state=<TaskInstanceState.RUNNING: 'running'>, is_mapped=False, rendered_map_index=None, log_url='http://localhost:8080/dags/python_operator_v1/runs/scheduled__2023-06-24T14%3A57%3A00%2B00%3A00/tasks/python?try_number=1'),","chan":"stdout","logger":"task"}
{"timestamp":"2025-07-29T20:00:45.019038Z","level":"info","event":" 'triggering_asset_events': TriggeringAssetEventsAccessor(_events=defaultdict(<class 'list'>, {})),","chan":"stdout","logger":"task"}
{"timestamp":"2025-07-29T20:00:45.019109Z","level":"info","event":" 'ts': '2023-06-24T14:57:00+00:00',","chan":"stdout","logger":"task"}
{"timestamp":"2025-07-29T20:00:45.019179Z","level":"info","event":" 'ts_nodash': '20230624T145700',","chan":"stdout","logger":"task"}
{"timestamp":"2025-07-29T20:00:45.019256Z","level":"info","event":" 'ts_nodash_with_tz': '20230624T145700+0000',","chan":"stdout","logger":"task"}
{"timestamp":"2025-07-29T20:00:45.019332Z","level":"info","event":" 'var': {'json': <VariableAccessor (dynamic access)>,","chan":"stdout","logger":"task"}
{"timestamp":"2025-07-29T20:00:45.019405Z","level":"info","event":"         'value': <VariableAccessor (dynamic access)>}}","chan":"stdout","logger":"task"}
{"timestamp":"2025-07-29T20:00:45.018777","level":"info","event":"Done. Returned value was: 123","logger":"airflow.task.operators.airflow.providers.standard.operators.python.PythonOperator"}
{"timestamp":"2025-07-29T20:00:45.019094","level":"info","event":"Pushing xcom","ti":"RuntimeTaskInstance(id=UUID('019857c5-e42b-7644-8aa0-4ca6ed4c1888'), task_id='python', dag_id='python_operator_v1', run_id='scheduled__2023-06-24T14:57:00+00:00', try_number=1, map_index=-1, hostname='bf6f1e7a6f11', context_carrier={}, task=<Task(PythonOperator): python>, bundle_instance=LocalDagBundle(name=dags-folder), max_tries=0, start_date=datetime.datetime(2025, 7, 29, 20, 0, 44, 226706, tzinfo=datetime.timezone.utc), end_date=None, state=<TaskInstanceState.RUNNING: 'running'>, is_mapped=False, rendered_map_index=None, log_url='http://localhost:8080/dags/python_operator_v1/runs/scheduled__2023-06-24T14%3A57%3A00%2B00%3A00/tasks/python?try_number=1')","logger":"task"}
{"timestamp":"2025-07-29T20:00:45.087517Z","level":"info","event":"Task instance in success state","chan":"stdout","logger":"task"}
{"timestamp":"2025-07-29T20:00:45.087940Z","level":"info","event":" Previous state of the Task instance: TaskInstanceState.RUNNING","chan":"stdout","logger":"task"}
{"timestamp":"2025-07-29T20:00:45.088239Z","level":"info","event":"Task operator:<Task(PythonOperator): python>","chan":"stdout","logger":"task"}
