{"timestamp":"2025-07-29T19:45:01.152629","level":"info","event":"DAG bundles loaded: dags-folder, example_dags","logger":"airflow.dag_processing.bundles.manager.DagBundlesManager"}
{"timestamp":"2025-07-29T19:45:01.153089","level":"info","event":"Filling up the DagBag from /opt/airflow/dags/python_operator_v1.py","logger":"airflow.models.dagbag.DagBag"}
{"timestamp":"2025-07-29T19:45:01.180523Z","level":"info","event":"Task instance is in running state","chan":"stdout","logger":"task"}
{"timestamp":"2025-07-29T19:45:01.180766Z","level":"info","event":" Previous state of the Task instance: TaskInstanceState.QUEUED","chan":"stdout","logger":"task"}
{"timestamp":"2025-07-29T19:45:01.180913Z","level":"info","event":"Current task name:python","chan":"stdout","logger":"task"}
{"timestamp":"2025-07-29T19:45:01.180983Z","level":"info","event":"Dag name:python_operator_v1","chan":"stdout","logger":"task"}
{"timestamp":"2025-07-29T19:45:01.182478Z","level":"info","event":"poliana","chan":"stdout","logger":"task"}
{"timestamp":"2025-07-29T19:45:01.183164Z","level":"info","event":"{'conn': <ConnectionAccessor (dynamic access)>,","chan":"stdout","logger":"task"}
{"timestamp":"2025-07-29T19:45:01.183268Z","level":"info","event":" 'dag': <DAG: python_operator_v1>,","chan":"stdout","logger":"task"}
{"timestamp":"2025-07-29T19:45:01.183385Z","level":"info","event":" 'dag_run': DagRun(dag_id='python_operator_v1', run_id='scheduled__2023-06-23T22:44:00+00:00', logical_date=datetime.datetime(2023, 6, 23, 22, 44, tzinfo=datetime.timezone.utc), data_interval_start=datetime.datetime(2023, 6, 23, 22, 44, tzinfo=datetime.timezone.utc), data_interval_end=datetime.datetime(2023, 6, 23, 22, 44, tzinfo=datetime.timezone.utc), run_after=datetime.datetime(2023, 6, 23, 22, 44, tzinfo=datetime.timezone.utc), start_date=datetime.datetime(2025, 7, 29, 19, 45, 0, 240866, tzinfo=datetime.timezone.utc), end_date=None, clear_number=0, run_type=<DagRunType.SCHEDULED: 'scheduled'>, conf={}, consumed_asset_events=[]),","chan":"stdout","logger":"task"}
{"timestamp":"2025-07-29T19:45:01.183448Z","level":"info","event":" 'data_interval_end': DateTime(2023, 6, 23, 22, 44, 0, tzinfo=Timezone('UTC')),","chan":"stdout","logger":"task"}
{"timestamp":"2025-07-29T19:45:01.183495Z","level":"info","event":" 'data_interval_start': DateTime(2023, 6, 23, 22, 44, 0, tzinfo=Timezone('UTC')),","chan":"stdout","logger":"task"}
{"timestamp":"2025-07-29T19:45:01.183538Z","level":"info","event":" 'ds': '2023-06-23',","chan":"stdout","logger":"task"}
{"timestamp":"2025-07-29T19:45:01.183579Z","level":"info","event":" 'ds_nodash': '20230623',","chan":"stdout","logger":"task"}
{"timestamp":"2025-07-29T19:45:01.183619Z","level":"info","event":" 'inlet_events': InletEventsAccessors(_inlets=[], _assets={}, _asset_aliases={}),","chan":"stdout","logger":"task"}
{"timestamp":"2025-07-29T19:45:01.183659Z","level":"info","event":" 'inlets': [],","chan":"stdout","logger":"task"}
{"timestamp":"2025-07-29T19:45:01.183700Z","level":"info","event":" 'logical_date': DateTime(2023, 6, 23, 22, 44, 0, tzinfo=Timezone('UTC')),","chan":"stdout","logger":"task"}
{"timestamp":"2025-07-29T19:45:01.183742Z","level":"info","event":" 'macros': <MacrosAccessor (dynamic access to macros)>,","chan":"stdout","logger":"task"}
{"timestamp":"2025-07-29T19:45:01.183782Z","level":"info","event":" 'map_index_template': None,","chan":"stdout","logger":"task"}
{"timestamp":"2025-07-29T19:45:01.183821Z","level":"info","event":" 'outlet_events': <airflow.sdk.execution_time.context.OutletEventAccessors object at 0x7fb66fd57ce0>,","chan":"stdout","logger":"task"}
{"timestamp":"2025-07-29T19:45:01.183861Z","level":"info","event":" 'outlets': [],","chan":"stdout","logger":"task"}
{"timestamp":"2025-07-29T19:45:01.183901Z","level":"info","event":" 'params': {},","chan":"stdout","logger":"task"}
{"timestamp":"2025-07-29T19:45:01.194158Z","level":"info","event":" 'prev_data_interval_end_success': <Proxy at 0x7fb66fdc1ca0 with factory <function RuntimeTaskInstance.get_template_context.<locals>.<lambda> at 0x7fb66fdd56c0>>,","chan":"stdout","logger":"task"}
{"timestamp":"2025-07-29T19:45:01.194417Z","level":"info","event":" 'prev_data_interval_start_success': <Proxy at 0x7fb66fdc1e80 with factory <function RuntimeTaskInstance.get_template_context.<locals>.<lambda> at 0x7fb66fdd6de0>>,","chan":"stdout","logger":"task"}
{"timestamp":"2025-07-29T19:45:01.194518Z","level":"info","event":" 'prev_end_date_success': <Proxy at 0x7fb67bb1fcb0 with factory <function RuntimeTaskInstance.get_template_context.<locals>.<lambda> at 0x7fb66fdd6e80>>,","chan":"stdout","logger":"task"}
{"timestamp":"2025-07-29T19:45:01.194579Z","level":"info","event":" 'prev_start_date_success': <Proxy at 0x7fb67b5cc6e0 with factory <function RuntimeTaskInstance.get_template_context.<locals>.<lambda> at 0x7fb66fdd5bc0>>,","chan":"stdout","logger":"task"}
{"timestamp":"2025-07-29T19:45:01.194635Z","level":"info","event":" 'run_id': 'scheduled__2023-06-23T22:44:00+00:00',","chan":"stdout","logger":"task"}
{"timestamp":"2025-07-29T19:45:01.194679Z","level":"info","event":" 'task': <Task(PythonOperator): python>,","chan":"stdout","logger":"task"}
{"timestamp":"2025-07-29T19:45:01.194723Z","level":"info","event":" 'task_instance': RuntimeTaskInstance(id=UUID('019857b7-7f49-71dc-8162-fc17a493106d'), task_id='python', dag_id='python_operator_v1', run_id='scheduled__2023-06-23T22:44:00+00:00', try_number=1, map_index=-1, hostname='bf6f1e7a6f11', context_carrier={}, task=<Task(PythonOperator): python>, bundle_instance=LocalDagBundle(name=dags-folder), max_tries=0, start_date=datetime.datetime(2025, 7, 29, 19, 45, 0, 598725, tzinfo=datetime.timezone.utc), end_date=None, state=<TaskInstanceState.RUNNING: 'running'>, is_mapped=False, rendered_map_index=None, log_url='http://localhost:8080/dags/python_operator_v1/runs/scheduled__2023-06-23T22%3A44%3A00%2B00%3A00/tasks/python?try_number=1'),","chan":"stdout","logger":"task"}
{"timestamp":"2025-07-29T19:45:01.194766Z","level":"info","event":" 'task_instance_key_str': 'python_operator_v1__python__20230623',","chan":"stdout","logger":"task"}
{"timestamp":"2025-07-29T19:45:01.194807Z","level":"info","event":" 'task_reschedule_count': 0,","chan":"stdout","logger":"task"}
{"timestamp":"2025-07-29T19:45:01.194847Z","level":"info","event":" 'templates_dict': None,","chan":"stdout","logger":"task"}
{"timestamp":"2025-07-29T19:45:01.194916Z","level":"info","event":" 'ti': RuntimeTaskInstance(id=UUID('019857b7-7f49-71dc-8162-fc17a493106d'), task_id='python', dag_id='python_operator_v1', run_id='scheduled__2023-06-23T22:44:00+00:00', try_number=1, map_index=-1, hostname='bf6f1e7a6f11', context_carrier={}, task=<Task(PythonOperator): python>, bundle_instance=LocalDagBundle(name=dags-folder), max_tries=0, start_date=datetime.datetime(2025, 7, 29, 19, 45, 0, 598725, tzinfo=datetime.timezone.utc), end_date=None, state=<TaskInstanceState.RUNNING: 'running'>, is_mapped=False, rendered_map_index=None, log_url='http://localhost:8080/dags/python_operator_v1/runs/scheduled__2023-06-23T22%3A44%3A00%2B00%3A00/tasks/python?try_number=1'),","chan":"stdout","logger":"task"}
{"timestamp":"2025-07-29T19:45:01.194970Z","level":"info","event":" 'triggering_asset_events': TriggeringAssetEventsAccessor(_events=defaultdict(<class 'list'>, {})),","chan":"stdout","logger":"task"}
{"timestamp":"2025-07-29T19:45:01.195013Z","level":"info","event":" 'ts': '2023-06-23T22:44:00+00:00',","chan":"stdout","logger":"task"}
{"timestamp":"2025-07-29T19:45:01.195065Z","level":"info","event":" 'ts_nodash': '20230623T224400',","chan":"stdout","logger":"task"}
{"timestamp":"2025-07-29T19:45:01.195219Z","level":"info","event":" 'ts_nodash_with_tz': '20230623T224400+0000',","chan":"stdout","logger":"task"}
{"timestamp":"2025-07-29T19:45:01.195264Z","level":"info","event":" 'var': {'json': <VariableAccessor (dynamic access)>,","chan":"stdout","logger":"task"}
{"timestamp":"2025-07-29T19:45:01.195305Z","level":"info","event":"         'value': <VariableAccessor (dynamic access)>}}","chan":"stdout","logger":"task"}
{"timestamp":"2025-07-29T19:45:01.194923","level":"info","event":"Done. Returned value was: 123","logger":"airflow.task.operators.airflow.providers.standard.operators.python.PythonOperator"}
{"timestamp":"2025-07-29T19:45:01.195113","level":"info","event":"Pushing xcom","ti":"RuntimeTaskInstance(id=UUID('019857b7-7f49-71dc-8162-fc17a493106d'), task_id='python', dag_id='python_operator_v1', run_id='scheduled__2023-06-23T22:44:00+00:00', try_number=1, map_index=-1, hostname='bf6f1e7a6f11', context_carrier={}, task=<Task(PythonOperator): python>, bundle_instance=LocalDagBundle(name=dags-folder), max_tries=0, start_date=datetime.datetime(2025, 7, 29, 19, 45, 0, 598725, tzinfo=datetime.timezone.utc), end_date=None, state=<TaskInstanceState.RUNNING: 'running'>, is_mapped=False, rendered_map_index=None, log_url='http://localhost:8080/dags/python_operator_v1/runs/scheduled__2023-06-23T22%3A44%3A00%2B00%3A00/tasks/python?try_number=1')","logger":"task"}
{"timestamp":"2025-07-29T19:45:01.216783Z","level":"info","event":"Task instance in success state","chan":"stdout","logger":"task"}
{"timestamp":"2025-07-29T19:45:01.216911Z","level":"info","event":" Previous state of the Task instance: TaskInstanceState.RUNNING","chan":"stdout","logger":"task"}
{"timestamp":"2025-07-29T19:45:01.217002Z","level":"info","event":"Task operator:<Task(PythonOperator): python>","chan":"stdout","logger":"task"}
