{"timestamp":"2025-07-29T20:02:58.437181","level":"info","event":"DAG bundles loaded: dags-folder, example_dags","logger":"airflow.dag_processing.bundles.manager.DagBundlesManager"}
{"timestamp":"2025-07-29T20:02:58.437955","level":"info","event":"Filling up the DagBag from /opt/airflow/dags/3_dag_principal.py","logger":"airflow.models.dagbag.DagBag"}
{"timestamp":"2025-07-29T20:02:58.480791Z","level":"info","event":"Task instance is in running state","chan":"stdout","logger":"task"}
{"timestamp":"2025-07-29T20:02:58.481064Z","level":"info","event":" Previous state of the Task instance: TaskInstanceState.QUEUED","chan":"stdout","logger":"task"}
{"timestamp":"2025-07-29T20:02:58.484216Z","level":"info","event":"Current task name:python_principal","chan":"stdout","logger":"task"}
{"timestamp":"2025-07-29T20:02:58.484490Z","level":"info","event":"Dag name:3_DAG_principal","chan":"stdout","logger":"task"}
{"timestamp":"2025-07-29T20:02:58.485844Z","level":"info","event":"DAG principal","chan":"stdout","logger":"task"}
{"timestamp":"2025-07-29T20:02:58.486677Z","level":"info","event":"{'conn': <ConnectionAccessor (dynamic access)>,","chan":"stdout","logger":"task"}
{"timestamp":"2025-07-29T20:02:58.486868Z","level":"info","event":" 'dag': <DAG: 3_DAG_principal>,","chan":"stdout","logger":"task"}
{"timestamp":"2025-07-29T20:02:58.487696Z","level":"info","event":" 'dag_run': DagRun(dag_id='3_DAG_principal', run_id='scheduled__2024-02-13T20:00:00+00:00', logical_date=datetime.datetime(2024, 2, 13, 20, 0, tzinfo=datetime.timezone.utc), data_interval_start=datetime.datetime(2024, 2, 13, 20, 0, tzinfo=datetime.timezone.utc), data_interval_end=datetime.datetime(2024, 2, 13, 20, 0, tzinfo=datetime.timezone.utc), run_after=datetime.datetime(2024, 2, 13, 20, 0, tzinfo=datetime.timezone.utc), start_date=datetime.datetime(2025, 7, 29, 20, 2, 57, 258787, tzinfo=datetime.timezone.utc), end_date=None, clear_number=0, run_type=<DagRunType.SCHEDULED: 'scheduled'>, conf={}, consumed_asset_events=[]),","chan":"stdout","logger":"task"}
{"timestamp":"2025-07-29T20:02:58.487891Z","level":"info","event":" 'data_interval_end': DateTime(2024, 2, 13, 20, 0, 0, tzinfo=Timezone('UTC')),","chan":"stdout","logger":"task"}
{"timestamp":"2025-07-29T20:02:58.487980Z","level":"info","event":" 'data_interval_start': DateTime(2024, 2, 13, 20, 0, 0, tzinfo=Timezone('UTC')),","chan":"stdout","logger":"task"}
{"timestamp":"2025-07-29T20:02:58.488238Z","level":"info","event":" 'ds': '2024-02-13',","chan":"stdout","logger":"task"}
{"timestamp":"2025-07-29T20:02:58.488332Z","level":"info","event":" 'ds_nodash': '20240213',","chan":"stdout","logger":"task"}
{"timestamp":"2025-07-29T20:02:58.488401Z","level":"info","event":" 'inlet_events': InletEventsAccessors(_inlets=[], _assets={}, _asset_aliases={}),","chan":"stdout","logger":"task"}
{"timestamp":"2025-07-29T20:02:58.488466Z","level":"info","event":" 'inlets': [],","chan":"stdout","logger":"task"}
{"timestamp":"2025-07-29T20:02:58.488529Z","level":"info","event":" 'logical_date': DateTime(2024, 2, 13, 20, 0, 0, tzinfo=Timezone('UTC')),","chan":"stdout","logger":"task"}
{"timestamp":"2025-07-29T20:02:58.488591Z","level":"info","event":" 'macros': <MacrosAccessor (dynamic access to macros)>,","chan":"stdout","logger":"task"}
{"timestamp":"2025-07-29T20:02:58.488652Z","level":"info","event":" 'map_index_template': None,","chan":"stdout","logger":"task"}
{"timestamp":"2025-07-29T20:02:58.488758Z","level":"info","event":" 'outlet_events': <airflow.sdk.execution_time.context.OutletEventAccessors object at 0x7fb66fddf950>,","chan":"stdout","logger":"task"}
{"timestamp":"2025-07-29T20:02:58.488829Z","level":"info","event":" 'outlets': [],","chan":"stdout","logger":"task"}
{"timestamp":"2025-07-29T20:02:58.488893Z","level":"info","event":" 'params': {},","chan":"stdout","logger":"task"}
{"timestamp":"2025-07-29T20:02:58.507322Z","level":"info","event":" 'prev_data_interval_end_success': <Proxy at 0x7fb66fddff20 with factory <function RuntimeTaskInstance.get_template_context.<locals>.<lambda> at 0x7fb66fc02de0>>,","chan":"stdout","logger":"task"}
{"timestamp":"2025-07-29T20:02:58.507609Z","level":"info","event":" 'prev_data_interval_start_success': <Proxy at 0x7fb66fddfa40 with factory <function RuntimeTaskInstance.get_template_context.<locals>.<lambda> at 0x7fb66fc01620>>,","chan":"stdout","logger":"task"}
{"timestamp":"2025-07-29T20:02:58.507716Z","level":"info","event":" 'prev_end_date_success': <Proxy at 0x7fb66fddfdd0 with factory <function RuntimeTaskInstance.get_template_context.<locals>.<lambda> at 0x7fb66fc02e80>>,","chan":"stdout","logger":"task"}
{"timestamp":"2025-07-29T20:02:58.507800Z","level":"info","event":" 'prev_start_date_success': <Proxy at 0x7fb66fddfe30 with factory <function RuntimeTaskInstance.get_template_context.<locals>.<lambda> at 0x7fb66fc01bc0>>,","chan":"stdout","logger":"task"}
{"timestamp":"2025-07-29T20:02:58.507877Z","level":"info","event":" 'run_id': 'scheduled__2024-02-13T20:00:00+00:00',","chan":"stdout","logger":"task"}
{"timestamp":"2025-07-29T20:02:58.507951Z","level":"info","event":" 'task': <Task(PythonOperator): python_principal>,","chan":"stdout","logger":"task"}
{"timestamp":"2025-07-29T20:02:58.508030Z","level":"info","event":" 'task_instance': RuntimeTaskInstance(id=UUID('019857c7-ee24-7396-bcdd-6629b6bb814a'), task_id='python_principal', dag_id='3_DAG_principal', run_id='scheduled__2024-02-13T20:00:00+00:00', try_number=1, map_index=-1, hostname='bf6f1e7a6f11', context_carrier={}, task=<Task(PythonOperator): python_principal>, bundle_instance=LocalDagBundle(name=dags-folder), max_tries=0, start_date=datetime.datetime(2025, 7, 29, 20, 2, 57, 860365, tzinfo=datetime.timezone.utc), end_date=None, state=<TaskInstanceState.RUNNING: 'running'>, is_mapped=False, rendered_map_index=None, log_url='http://localhost:8080/dags/3_DAG_principal/runs/scheduled__2024-02-13T20%3A00%3A00%2B00%3A00/tasks/python_principal?try_number=1'),","chan":"stdout","logger":"task"}
{"timestamp":"2025-07-29T20:02:58.508106Z","level":"info","event":" 'task_instance_key_str': '3_DAG_principal__python_principal__20240213',","chan":"stdout","logger":"task"}
{"timestamp":"2025-07-29T20:02:58.508179Z","level":"info","event":" 'task_reschedule_count': 0,","chan":"stdout","logger":"task"}
{"timestamp":"2025-07-29T20:02:58.508250Z","level":"info","event":" 'templates_dict': None,","chan":"stdout","logger":"task"}
{"timestamp":"2025-07-29T20:02:58.508388Z","level":"info","event":" 'ti': RuntimeTaskInstance(id=UUID('019857c7-ee24-7396-bcdd-6629b6bb814a'), task_id='python_principal', dag_id='3_DAG_principal', run_id='scheduled__2024-02-13T20:00:00+00:00', try_number=1, map_index=-1, hostname='bf6f1e7a6f11', context_carrier={}, task=<Task(PythonOperator): python_principal>, bundle_instance=LocalDagBundle(name=dags-folder), max_tries=0, start_date=datetime.datetime(2025, 7, 29, 20, 2, 57, 860365, tzinfo=datetime.timezone.utc), end_date=None, state=<TaskInstanceState.RUNNING: 'running'>, is_mapped=False, rendered_map_index=None, log_url='http://localhost:8080/dags/3_DAG_principal/runs/scheduled__2024-02-13T20%3A00%3A00%2B00%3A00/tasks/python_principal?try_number=1'),","chan":"stdout","logger":"task"}
{"timestamp":"2025-07-29T20:02:58.508451Z","level":"info","event":" 'triggering_asset_events': TriggeringAssetEventsAccessor(_events=defaultdict(<class 'list'>, {})),","chan":"stdout","logger":"task"}
{"timestamp":"2025-07-29T20:02:58.508497Z","level":"info","event":" 'ts': '2024-02-13T20:00:00+00:00',","chan":"stdout","logger":"task"}
{"timestamp":"2025-07-29T20:02:58.508568Z","level":"info","event":" 'ts_nodash': '20240213T200000',","chan":"stdout","logger":"task"}
{"timestamp":"2025-07-29T20:02:58.508620Z","level":"info","event":" 'ts_nodash_with_tz': '20240213T200000+0000',","chan":"stdout","logger":"task"}
{"timestamp":"2025-07-29T20:02:58.508664Z","level":"info","event":" 'var': {'json': <VariableAccessor (dynamic access)>,","chan":"stdout","logger":"task"}
{"timestamp":"2025-07-29T20:02:58.508707Z","level":"info","event":"         'value': <VariableAccessor (dynamic access)>}}","chan":"stdout","logger":"task"}
{"timestamp":"2025-07-29T20:02:58.507919","level":"info","event":"Done. Returned value was: principal","logger":"airflow.task.operators.airflow.providers.standard.operators.python.PythonOperator"}
{"timestamp":"2025-07-29T20:02:58.508210","level":"info","event":"Pushing xcom","ti":"RuntimeTaskInstance(id=UUID('019857c7-ee24-7396-bcdd-6629b6bb814a'), task_id='python_principal', dag_id='3_DAG_principal', run_id='scheduled__2024-02-13T20:00:00+00:00', try_number=1, map_index=-1, hostname='bf6f1e7a6f11', context_carrier={}, task=<Task(PythonOperator): python_principal>, bundle_instance=LocalDagBundle(name=dags-folder), max_tries=0, start_date=datetime.datetime(2025, 7, 29, 20, 2, 57, 860365, tzinfo=datetime.timezone.utc), end_date=None, state=<TaskInstanceState.RUNNING: 'running'>, is_mapped=False, rendered_map_index=None, log_url='http://localhost:8080/dags/3_DAG_principal/runs/scheduled__2024-02-13T20%3A00%3A00%2B00%3A00/tasks/python_principal?try_number=1')","logger":"task"}
{"timestamp":"2025-07-29T20:02:58.541943Z","level":"info","event":"Task instance in success state","chan":"stdout","logger":"task"}
{"timestamp":"2025-07-29T20:02:58.542097Z","level":"info","event":" Previous state of the Task instance: TaskInstanceState.RUNNING","chan":"stdout","logger":"task"}
{"timestamp":"2025-07-29T20:02:58.542328Z","level":"info","event":"Task operator:<Task(PythonOperator): python_principal>","chan":"stdout","logger":"task"}
