{"timestamp":"2025-07-29T20:08:22.426487","level":"info","event":"DAG bundles loaded: dags-folder, example_dags","logger":"airflow.dag_processing.bundles.manager.DagBundlesManager"}
{"timestamp":"2025-07-29T20:08:22.427181","level":"info","event":"Filling up the DagBag from /opt/airflow/dags/3_dag_principal.py","logger":"airflow.models.dagbag.DagBag"}
{"timestamp":"2025-07-29T20:08:22.450764Z","level":"info","event":"Task instance is in running state","chan":"stdout","logger":"task"}
{"timestamp":"2025-07-29T20:08:22.450912Z","level":"info","event":" Previous state of the Task instance: TaskInstanceState.QUEUED","chan":"stdout","logger":"task"}
{"timestamp":"2025-07-29T20:08:22.452258Z","level":"info","event":"Current task name:python_principal","chan":"stdout","logger":"task"}
{"timestamp":"2025-07-29T20:08:22.452387Z","level":"info","event":"Dag name:3_DAG_principal","chan":"stdout","logger":"task"}
{"timestamp":"2025-07-29T20:08:22.453351Z","level":"info","event":"DAG principal","chan":"stdout","logger":"task"}
{"timestamp":"2025-07-29T20:08:22.454519Z","level":"info","event":"{'conn': <ConnectionAccessor (dynamic access)>,","chan":"stdout","logger":"task"}
{"timestamp":"2025-07-29T20:08:22.454709Z","level":"info","event":" 'dag': <DAG: 3_DAG_principal>,","chan":"stdout","logger":"task"}
{"timestamp":"2025-07-29T20:08:22.454789Z","level":"info","event":" 'dag_run': DagRun(dag_id='3_DAG_principal', run_id='scheduled__2024-11-26T20:00:00+00:00', logical_date=datetime.datetime(2024, 11, 26, 20, 0, tzinfo=datetime.timezone.utc), data_interval_start=datetime.datetime(2024, 11, 26, 20, 0, tzinfo=datetime.timezone.utc), data_interval_end=datetime.datetime(2024, 11, 26, 20, 0, tzinfo=datetime.timezone.utc), run_after=datetime.datetime(2024, 11, 26, 20, 0, tzinfo=datetime.timezone.utc), start_date=datetime.datetime(2025, 7, 29, 20, 8, 21, 181664, tzinfo=datetime.timezone.utc), end_date=None, clear_number=0, run_type=<DagRunType.SCHEDULED: 'scheduled'>, conf={}, consumed_asset_events=[]),","chan":"stdout","logger":"task"}
{"timestamp":"2025-07-29T20:08:22.455061Z","level":"info","event":" 'data_interval_end': DateTime(2024, 11, 26, 20, 0, 0, tzinfo=Timezone('UTC')),","chan":"stdout","logger":"task"}
{"timestamp":"2025-07-29T20:08:22.455189Z","level":"info","event":" 'data_interval_start': DateTime(2024, 11, 26, 20, 0, 0, tzinfo=Timezone('UTC')),","chan":"stdout","logger":"task"}
{"timestamp":"2025-07-29T20:08:22.455266Z","level":"info","event":" 'ds': '2024-11-26',","chan":"stdout","logger":"task"}
{"timestamp":"2025-07-29T20:08:22.455329Z","level":"info","event":" 'ds_nodash': '20241126',","chan":"stdout","logger":"task"}
{"timestamp":"2025-07-29T20:08:22.455385Z","level":"info","event":" 'inlet_events': InletEventsAccessors(_inlets=[], _assets={}, _asset_aliases={}),","chan":"stdout","logger":"task"}
{"timestamp":"2025-07-29T20:08:22.455436Z","level":"info","event":" 'inlets': [],","chan":"stdout","logger":"task"}
{"timestamp":"2025-07-29T20:08:22.455494Z","level":"info","event":" 'logical_date': DateTime(2024, 11, 26, 20, 0, 0, tzinfo=Timezone('UTC')),","chan":"stdout","logger":"task"}
{"timestamp":"2025-07-29T20:08:22.455560Z","level":"info","event":" 'macros': <MacrosAccessor (dynamic access to macros)>,","chan":"stdout","logger":"task"}
{"timestamp":"2025-07-29T20:08:22.455611Z","level":"info","event":" 'map_index_template': None,","chan":"stdout","logger":"task"}
{"timestamp":"2025-07-29T20:08:22.455666Z","level":"info","event":" 'outlet_events': <airflow.sdk.execution_time.context.OutletEventAccessors object at 0x7fb67c61fce0>,","chan":"stdout","logger":"task"}
{"timestamp":"2025-07-29T20:08:22.455717Z","level":"info","event":" 'outlets': [],","chan":"stdout","logger":"task"}
{"timestamp":"2025-07-29T20:08:22.455758Z","level":"info","event":" 'params': {},","chan":"stdout","logger":"task"}
{"timestamp":"2025-07-29T20:08:22.464388Z","level":"info","event":" 'prev_data_interval_end_success': <Proxy at 0x7fb66fca8d70 with factory <function RuntimeTaskInstance.get_template_context.<locals>.<lambda> at 0x7fb66fcb6520>>,","chan":"stdout","logger":"task"}
{"timestamp":"2025-07-29T20:08:22.464526Z","level":"info","event":" 'prev_data_interval_start_success': <Proxy at 0x7fb66fca8cb0 with factory <function RuntimeTaskInstance.get_template_context.<locals>.<lambda> at 0x7fb66fcb4d60>>,","chan":"stdout","logger":"task"}
{"timestamp":"2025-07-29T20:08:22.464626Z","level":"info","event":" 'prev_end_date_success': <Proxy at 0x7fb66fca8ef0 with factory <function RuntimeTaskInstance.get_template_context.<locals>.<lambda> at 0x7fb66fcb65c0>>,","chan":"stdout","logger":"task"}
{"timestamp":"2025-07-29T20:08:22.464679Z","level":"info","event":" 'prev_start_date_success': <Proxy at 0x7fb66fca8fb0 with factory <function RuntimeTaskInstance.get_template_context.<locals>.<lambda> at 0x7fb66fcb5300>>,","chan":"stdout","logger":"task"}
{"timestamp":"2025-07-29T20:08:22.464723Z","level":"info","event":" 'run_id': 'scheduled__2024-11-26T20:00:00+00:00',","chan":"stdout","logger":"task"}
{"timestamp":"2025-07-29T20:08:22.464766Z","level":"info","event":" 'task': <Task(PythonOperator): python_principal>,","chan":"stdout","logger":"task"}
{"timestamp":"2025-07-29T20:08:22.464811Z","level":"info","event":" 'task_instance': RuntimeTaskInstance(id=UUID('019857cc-dfb0-742a-bd53-4ebec58b9115'), task_id='python_principal', dag_id='3_DAG_principal', run_id='scheduled__2024-11-26T20:00:00+00:00', try_number=1, map_index=-1, hostname='bf6f1e7a6f11', context_carrier={}, task=<Task(PythonOperator): python_principal>, bundle_instance=LocalDagBundle(name=dags-folder), max_tries=0, start_date=datetime.datetime(2025, 7, 29, 20, 8, 21, 861182, tzinfo=datetime.timezone.utc), end_date=None, state=<TaskInstanceState.RUNNING: 'running'>, is_mapped=False, rendered_map_index=None, log_url='http://localhost:8080/dags/3_DAG_principal/runs/scheduled__2024-11-26T20%3A00%3A00%2B00%3A00/tasks/python_principal?try_number=1'),","chan":"stdout","logger":"task"}
{"timestamp":"2025-07-29T20:08:22.464856Z","level":"info","event":" 'task_instance_key_str': '3_DAG_principal__python_principal__20241126',","chan":"stdout","logger":"task"}
{"timestamp":"2025-07-29T20:08:22.464897Z","level":"info","event":" 'task_reschedule_count': 0,","chan":"stdout","logger":"task"}
{"timestamp":"2025-07-29T20:08:22.464937Z","level":"info","event":" 'templates_dict': None,","chan":"stdout","logger":"task"}
{"timestamp":"2025-07-29T20:08:22.464998Z","level":"info","event":" 'ti': RuntimeTaskInstance(id=UUID('019857cc-dfb0-742a-bd53-4ebec58b9115'), task_id='python_principal', dag_id='3_DAG_principal', run_id='scheduled__2024-11-26T20:00:00+00:00', try_number=1, map_index=-1, hostname='bf6f1e7a6f11', context_carrier={}, task=<Task(PythonOperator): python_principal>, bundle_instance=LocalDagBundle(name=dags-folder), max_tries=0, start_date=datetime.datetime(2025, 7, 29, 20, 8, 21, 861182, tzinfo=datetime.timezone.utc), end_date=None, state=<TaskInstanceState.RUNNING: 'running'>, is_mapped=False, rendered_map_index=None, log_url='http://localhost:8080/dags/3_DAG_principal/runs/scheduled__2024-11-26T20%3A00%3A00%2B00%3A00/tasks/python_principal?try_number=1'),","chan":"stdout","logger":"task"}
{"timestamp":"2025-07-29T20:08:22.465062Z","level":"info","event":" 'triggering_asset_events': TriggeringAssetEventsAccessor(_events=defaultdict(<class 'list'>, {})),","chan":"stdout","logger":"task"}
{"timestamp":"2025-07-29T20:08:22.465130Z","level":"info","event":" 'ts': '2024-11-26T20:00:00+00:00',","chan":"stdout","logger":"task"}
{"timestamp":"2025-07-29T20:08:22.465189Z","level":"info","event":" 'ts_nodash': '20241126T200000',","chan":"stdout","logger":"task"}
{"timestamp":"2025-07-29T20:08:22.465232Z","level":"info","event":" 'ts_nodash_with_tz': '20241126T200000+0000',","chan":"stdout","logger":"task"}
{"timestamp":"2025-07-29T20:08:22.465271Z","level":"info","event":" 'var': {'json': <VariableAccessor (dynamic access)>,","chan":"stdout","logger":"task"}
{"timestamp":"2025-07-29T20:08:22.465312Z","level":"info","event":"         'value': <VariableAccessor (dynamic access)>}}","chan":"stdout","logger":"task"}
{"timestamp":"2025-07-29T20:08:22.464697","level":"info","event":"Done. Returned value was: principal","logger":"airflow.task.operators.airflow.providers.standard.operators.python.PythonOperator"}
{"timestamp":"2025-07-29T20:08:22.464867","level":"info","event":"Pushing xcom","ti":"RuntimeTaskInstance(id=UUID('019857cc-dfb0-742a-bd53-4ebec58b9115'), task_id='python_principal', dag_id='3_DAG_principal', run_id='scheduled__2024-11-26T20:00:00+00:00', try_number=1, map_index=-1, hostname='bf6f1e7a6f11', context_carrier={}, task=<Task(PythonOperator): python_principal>, bundle_instance=LocalDagBundle(name=dags-folder), max_tries=0, start_date=datetime.datetime(2025, 7, 29, 20, 8, 21, 861182, tzinfo=datetime.timezone.utc), end_date=None, state=<TaskInstanceState.RUNNING: 'running'>, is_mapped=False, rendered_map_index=None, log_url='http://localhost:8080/dags/3_DAG_principal/runs/scheduled__2024-11-26T20%3A00%3A00%2B00%3A00/tasks/python_principal?try_number=1')","logger":"task"}
{"timestamp":"2025-07-29T20:08:22.492059Z","level":"info","event":"Task instance in success state","chan":"stdout","logger":"task"}
{"timestamp":"2025-07-29T20:08:22.492193Z","level":"info","event":" Previous state of the Task instance: TaskInstanceState.RUNNING","chan":"stdout","logger":"task"}
{"timestamp":"2025-07-29T20:08:22.492387Z","level":"info","event":"Task operator:<Task(PythonOperator): python_principal>","chan":"stdout","logger":"task"}
