{"timestamp":"2025-07-29T19:43:52.912594","level":"info","event":"DAG bundles loaded: dags-folder, example_dags","logger":"airflow.dag_processing.bundles.manager.DagBundlesManager"}
{"timestamp":"2025-07-29T19:43:52.913503","level":"info","event":"Filling up the DagBag from /opt/airflow/dags/python_operator_v1.py","logger":"airflow.models.dagbag.DagBag"}
{"timestamp":"2025-07-29T19:43:52.945710Z","level":"info","event":"Task instance is in running state","chan":"stdout","logger":"task"}
{"timestamp":"2025-07-29T19:43:52.945982Z","level":"info","event":" Previous state of the Task instance: TaskInstanceState.QUEUED","chan":"stdout","logger":"task"}
{"timestamp":"2025-07-29T19:43:52.946508Z","level":"info","event":"Current task name:python","chan":"stdout","logger":"task"}
{"timestamp":"2025-07-29T19:43:52.946648Z","level":"info","event":"Dag name:python_operator_v1","chan":"stdout","logger":"task"}
{"timestamp":"2025-07-29T19:43:52.947949Z","level":"info","event":"poliana","chan":"stdout","logger":"task"}
{"timestamp":"2025-07-29T19:43:52.948677Z","level":"info","event":"{'conn': <ConnectionAccessor (dynamic access)>,","chan":"stdout","logger":"task"}
{"timestamp":"2025-07-29T19:43:52.948849Z","level":"info","event":" 'dag': <DAG: python_operator_v1>,","chan":"stdout","logger":"task"}
{"timestamp":"2025-07-29T19:43:52.949028Z","level":"info","event":" 'dag_run': DagRun(dag_id='python_operator_v1', run_id='scheduled__2023-06-23T21:15:00+00:00', logical_date=datetime.datetime(2023, 6, 23, 21, 15, tzinfo=datetime.timezone.utc), data_interval_start=datetime.datetime(2023, 6, 23, 21, 15, tzinfo=datetime.timezone.utc), data_interval_end=datetime.datetime(2023, 6, 23, 21, 15, tzinfo=datetime.timezone.utc), run_after=datetime.datetime(2023, 6, 23, 21, 15, tzinfo=datetime.timezone.utc), start_date=datetime.datetime(2025, 7, 29, 19, 43, 52, 132384, tzinfo=datetime.timezone.utc), end_date=None, clear_number=0, run_type=<DagRunType.SCHEDULED: 'scheduled'>, conf={}, consumed_asset_events=[]),","chan":"stdout","logger":"task"}
{"timestamp":"2025-07-29T19:43:52.949155Z","level":"info","event":" 'data_interval_end': DateTime(2023, 6, 23, 21, 15, 0, tzinfo=Timezone('UTC')),","chan":"stdout","logger":"task"}
{"timestamp":"2025-07-29T19:43:52.949248Z","level":"info","event":" 'data_interval_start': DateTime(2023, 6, 23, 21, 15, 0, tzinfo=Timezone('UTC')),","chan":"stdout","logger":"task"}
{"timestamp":"2025-07-29T19:43:52.949338Z","level":"info","event":" 'ds': '2023-06-23',","chan":"stdout","logger":"task"}
{"timestamp":"2025-07-29T19:43:52.949421Z","level":"info","event":" 'ds_nodash': '20230623',","chan":"stdout","logger":"task"}
{"timestamp":"2025-07-29T19:43:52.949495Z","level":"info","event":" 'inlet_events': InletEventsAccessors(_inlets=[], _assets={}, _asset_aliases={}),","chan":"stdout","logger":"task"}
{"timestamp":"2025-07-29T19:43:52.949566Z","level":"info","event":" 'inlets': [],","chan":"stdout","logger":"task"}
{"timestamp":"2025-07-29T19:43:52.949636Z","level":"info","event":" 'logical_date': DateTime(2023, 6, 23, 21, 15, 0, tzinfo=Timezone('UTC')),","chan":"stdout","logger":"task"}
{"timestamp":"2025-07-29T19:43:52.949705Z","level":"info","event":" 'macros': <MacrosAccessor (dynamic access to macros)>,","chan":"stdout","logger":"task"}
{"timestamp":"2025-07-29T19:43:52.949772Z","level":"info","event":" 'map_index_template': None,","chan":"stdout","logger":"task"}
{"timestamp":"2025-07-29T19:43:52.949837Z","level":"info","event":" 'outlet_events': <airflow.sdk.execution_time.context.OutletEventAccessors object at 0x7fb66fe37a70>,","chan":"stdout","logger":"task"}
{"timestamp":"2025-07-29T19:43:52.949908Z","level":"info","event":" 'outlets': [],","chan":"stdout","logger":"task"}
{"timestamp":"2025-07-29T19:43:52.950005Z","level":"info","event":" 'params': {},","chan":"stdout","logger":"task"}
{"timestamp":"2025-07-29T19:43:52.961472Z","level":"info","event":" 'prev_data_interval_end_success': <Proxy at 0x7fb66fdc1220 with factory <function RuntimeTaskInstance.get_template_context.<locals>.<lambda> at 0x7fb66fdd47c0>>,","chan":"stdout","logger":"task"}
{"timestamp":"2025-07-29T19:43:52.961727Z","level":"info","event":" 'prev_data_interval_start_success': <Proxy at 0x7fb66fdc1250 with factory <function RuntimeTaskInstance.get_template_context.<locals>.<lambda> at 0x7fb66fdd5ee0>>,","chan":"stdout","logger":"task"}
{"timestamp":"2025-07-29T19:43:52.961824Z","level":"info","event":" 'prev_end_date_success': <Proxy at 0x7fb677ec65d0 with factory <function RuntimeTaskInstance.get_template_context.<locals>.<lambda> at 0x7fb66fdd5f80>>,","chan":"stdout","logger":"task"}
{"timestamp":"2025-07-29T19:43:52.961891Z","level":"info","event":" 'prev_start_date_success': <Proxy at 0x7fb67ea173b0 with factory <function RuntimeTaskInstance.get_template_context.<locals>.<lambda> at 0x7fb66fdd4cc0>>,","chan":"stdout","logger":"task"}
{"timestamp":"2025-07-29T19:43:52.961952Z","level":"info","event":" 'run_id': 'scheduled__2023-06-23T21:15:00+00:00',","chan":"stdout","logger":"task"}
{"timestamp":"2025-07-29T19:43:52.962010Z","level":"info","event":" 'task': <Task(PythonOperator): python>,","chan":"stdout","logger":"task"}
{"timestamp":"2025-07-29T19:43:52.962068Z","level":"info","event":" 'task_instance': RuntimeTaskInstance(id=UUID('019857b6-7535-7336-ae68-db7e08733026'), task_id='python', dag_id='python_operator_v1', run_id='scheduled__2023-06-23T21:15:00+00:00', try_number=1, map_index=-1, hostname='bf6f1e7a6f11', context_carrier={}, task=<Task(PythonOperator): python>, bundle_instance=LocalDagBundle(name=dags-folder), max_tries=0, start_date=datetime.datetime(2025, 7, 29, 19, 43, 52, 325807, tzinfo=datetime.timezone.utc), end_date=None, state=<TaskInstanceState.RUNNING: 'running'>, is_mapped=False, rendered_map_index=None, log_url='http://localhost:8080/dags/python_operator_v1/runs/scheduled__2023-06-23T21%3A15%3A00%2B00%3A00/tasks/python?try_number=1'),","chan":"stdout","logger":"task"}
{"timestamp":"2025-07-29T19:43:52.962131Z","level":"info","event":" 'task_instance_key_str': 'python_operator_v1__python__20230623',","chan":"stdout","logger":"task"}
{"timestamp":"2025-07-29T19:43:52.962189Z","level":"info","event":" 'task_reschedule_count': 0,","chan":"stdout","logger":"task"}
{"timestamp":"2025-07-29T19:43:52.962248Z","level":"info","event":" 'templates_dict': None,","chan":"stdout","logger":"task"}
{"timestamp":"2025-07-29T19:43:52.962306Z","level":"info","event":" 'ti': RuntimeTaskInstance(id=UUID('019857b6-7535-7336-ae68-db7e08733026'), task_id='python', dag_id='python_operator_v1', run_id='scheduled__2023-06-23T21:15:00+00:00', try_number=1, map_index=-1, hostname='bf6f1e7a6f11', context_carrier={}, task=<Task(PythonOperator): python>, bundle_instance=LocalDagBundle(name=dags-folder), max_tries=0, start_date=datetime.datetime(2025, 7, 29, 19, 43, 52, 325807, tzinfo=datetime.timezone.utc), end_date=None, state=<TaskInstanceState.RUNNING: 'running'>, is_mapped=False, rendered_map_index=None, log_url='http://localhost:8080/dags/python_operator_v1/runs/scheduled__2023-06-23T21%3A15%3A00%2B00%3A00/tasks/python?try_number=1'),","chan":"stdout","logger":"task"}
{"timestamp":"2025-07-29T19:43:52.962366Z","level":"info","event":" 'triggering_asset_events': TriggeringAssetEventsAccessor(_events=defaultdict(<class 'list'>, {})),","chan":"stdout","logger":"task"}
{"timestamp":"2025-07-29T19:43:52.962421Z","level":"info","event":" 'ts': '2023-06-23T21:15:00+00:00',","chan":"stdout","logger":"task"}
{"timestamp":"2025-07-29T19:43:52.962477Z","level":"info","event":" 'ts_nodash': '20230623T211500',","chan":"stdout","logger":"task"}
{"timestamp":"2025-07-29T19:43:52.962531Z","level":"info","event":" 'ts_nodash_with_tz': '20230623T211500+0000',","chan":"stdout","logger":"task"}
{"timestamp":"2025-07-29T19:43:52.962650Z","level":"info","event":" 'var': {'json': <VariableAccessor (dynamic access)>,","chan":"stdout","logger":"task"}
{"timestamp":"2025-07-29T19:43:52.962728Z","level":"info","event":"         'value': <VariableAccessor (dynamic access)>}}","chan":"stdout","logger":"task"}
{"timestamp":"2025-07-29T19:43:52.962224","level":"info","event":"Done. Returned value was: 123","logger":"airflow.task.operators.airflow.providers.standard.operators.python.PythonOperator"}
{"timestamp":"2025-07-29T19:43:52.962412","level":"info","event":"Pushing xcom","ti":"RuntimeTaskInstance(id=UUID('019857b6-7535-7336-ae68-db7e08733026'), task_id='python', dag_id='python_operator_v1', run_id='scheduled__2023-06-23T21:15:00+00:00', try_number=1, map_index=-1, hostname='bf6f1e7a6f11', context_carrier={}, task=<Task(PythonOperator): python>, bundle_instance=LocalDagBundle(name=dags-folder), max_tries=0, start_date=datetime.datetime(2025, 7, 29, 19, 43, 52, 325807, tzinfo=datetime.timezone.utc), end_date=None, state=<TaskInstanceState.RUNNING: 'running'>, is_mapped=False, rendered_map_index=None, log_url='http://localhost:8080/dags/python_operator_v1/runs/scheduled__2023-06-23T21%3A15%3A00%2B00%3A00/tasks/python?try_number=1')","logger":"task"}
{"timestamp":"2025-07-29T19:43:52.992668Z","level":"info","event":"Task instance in success state","chan":"stdout","logger":"task"}
{"timestamp":"2025-07-29T19:43:52.992873Z","level":"info","event":" Previous state of the Task instance: TaskInstanceState.RUNNING","chan":"stdout","logger":"task"}
{"timestamp":"2025-07-29T19:43:52.993036Z","level":"info","event":"Task operator:<Task(PythonOperator): python>","chan":"stdout","logger":"task"}
