{"timestamp":"2025-07-29T20:06:45.280808","level":"info","event":"DAG bundles loaded: dags-folder, example_dags","logger":"airflow.dag_processing.bundles.manager.DagBundlesManager"}
{"timestamp":"2025-07-29T20:06:45.282734","level":"info","event":"Filling up the DagBag from /opt/airflow/dags/3_dag_principal.py","logger":"airflow.models.dagbag.DagBag"}
{"timestamp":"2025-07-29T20:06:45.333115Z","level":"info","event":"Task instance is in running state","chan":"stdout","logger":"task"}
{"timestamp":"2025-07-29T20:06:45.333324Z","level":"info","event":" Previous state of the Task instance: TaskInstanceState.QUEUED","chan":"stdout","logger":"task"}
{"timestamp":"2025-07-29T20:06:45.333669Z","level":"info","event":"Current task name:python_principal","chan":"stdout","logger":"task"}
{"timestamp":"2025-07-29T20:06:45.333787Z","level":"info","event":"Dag name:3_DAG_principal","chan":"stdout","logger":"task"}
{"timestamp":"2025-07-29T20:06:45.334985Z","level":"info","event":"DAG principal","chan":"stdout","logger":"task"}
{"timestamp":"2025-07-29T20:06:45.335640Z","level":"info","event":"{'conn': <ConnectionAccessor (dynamic access)>,","chan":"stdout","logger":"task"}
{"timestamp":"2025-07-29T20:06:45.335781Z","level":"info","event":" 'dag': <DAG: 3_DAG_principal>,","chan":"stdout","logger":"task"}
{"timestamp":"2025-07-29T20:06:45.335925Z","level":"info","event":" 'dag_run': DagRun(dag_id='3_DAG_principal', run_id='scheduled__2024-09-09T20:00:00+00:00', logical_date=datetime.datetime(2024, 9, 9, 20, 0, tzinfo=datetime.timezone.utc), data_interval_start=datetime.datetime(2024, 9, 9, 20, 0, tzinfo=datetime.timezone.utc), data_interval_end=datetime.datetime(2024, 9, 9, 20, 0, tzinfo=datetime.timezone.utc), run_after=datetime.datetime(2024, 9, 9, 20, 0, tzinfo=datetime.timezone.utc), start_date=datetime.datetime(2025, 7, 29, 20, 6, 44, 297680, tzinfo=datetime.timezone.utc), end_date=None, clear_number=0, run_type=<DagRunType.SCHEDULED: 'scheduled'>, conf={}, consumed_asset_events=[]),","chan":"stdout","logger":"task"}
{"timestamp":"2025-07-29T20:06:45.336042Z","level":"info","event":" 'data_interval_end': DateTime(2024, 9, 9, 20, 0, 0, tzinfo=Timezone('UTC')),","chan":"stdout","logger":"task"}
{"timestamp":"2025-07-29T20:06:45.336125Z","level":"info","event":" 'data_interval_start': DateTime(2024, 9, 9, 20, 0, 0, tzinfo=Timezone('UTC')),","chan":"stdout","logger":"task"}
{"timestamp":"2025-07-29T20:06:45.336195Z","level":"info","event":" 'ds': '2024-09-09',","chan":"stdout","logger":"task"}
{"timestamp":"2025-07-29T20:06:45.336265Z","level":"info","event":" 'ds_nodash': '20240909',","chan":"stdout","logger":"task"}
{"timestamp":"2025-07-29T20:06:45.336331Z","level":"info","event":" 'inlet_events': InletEventsAccessors(_inlets=[], _assets={}, _asset_aliases={}),","chan":"stdout","logger":"task"}
{"timestamp":"2025-07-29T20:06:45.336398Z","level":"info","event":" 'inlets': [],","chan":"stdout","logger":"task"}
{"timestamp":"2025-07-29T20:06:45.336466Z","level":"info","event":" 'logical_date': DateTime(2024, 9, 9, 20, 0, 0, tzinfo=Timezone('UTC')),","chan":"stdout","logger":"task"}
{"timestamp":"2025-07-29T20:06:45.336535Z","level":"info","event":" 'macros': <MacrosAccessor (dynamic access to macros)>,","chan":"stdout","logger":"task"}
{"timestamp":"2025-07-29T20:06:45.336611Z","level":"info","event":" 'map_index_template': None,","chan":"stdout","logger":"task"}
{"timestamp":"2025-07-29T20:06:45.336679Z","level":"info","event":" 'outlet_events': <airflow.sdk.execution_time.context.OutletEventAccessors object at 0x7fb6779a4a70>,","chan":"stdout","logger":"task"}
{"timestamp":"2025-07-29T20:06:45.336749Z","level":"info","event":" 'outlets': [],","chan":"stdout","logger":"task"}
{"timestamp":"2025-07-29T20:06:45.336813Z","level":"info","event":" 'params': {},","chan":"stdout","logger":"task"}
{"timestamp":"2025-07-29T20:06:45.359133Z","level":"info","event":" 'prev_data_interval_end_success': <Proxy at 0x7fb66fc64230 with factory <function RuntimeTaskInstance.get_template_context.<locals>.<lambda> at 0x7fb66fc60fe0>>,","chan":"stdout","logger":"task"}
{"timestamp":"2025-07-29T20:06:45.359333Z","level":"info","event":" 'prev_data_interval_start_success': <Proxy at 0x7fb677bd7a70 with factory <function RuntimeTaskInstance.get_template_context.<locals>.<lambda> at 0x7fb66fc57740>>,","chan":"stdout","logger":"task"}
{"timestamp":"2025-07-29T20:06:45.359401Z","level":"info","event":" 'prev_end_date_success': <Proxy at 0x7fb67ebcfe30 with factory <function RuntimeTaskInstance.get_template_context.<locals>.<lambda> at 0x7fb66fc57e20>>,","chan":"stdout","logger":"task"}
{"timestamp":"2025-07-29T20:06:45.359451Z","level":"info","event":" 'prev_start_date_success': <Proxy at 0x7fb66fc367e0 with factory <function RuntimeTaskInstance.get_template_context.<locals>.<lambda> at 0x7fb66fc57ce0>>,","chan":"stdout","logger":"task"}
{"timestamp":"2025-07-29T20:06:45.359495Z","level":"info","event":" 'run_id': 'scheduled__2024-09-09T20:00:00+00:00',","chan":"stdout","logger":"task"}
{"timestamp":"2025-07-29T20:06:45.359538Z","level":"info","event":" 'task': <Task(PythonOperator): python_principal>,","chan":"stdout","logger":"task"}
{"timestamp":"2025-07-29T20:06:45.359584Z","level":"info","event":" 'task_instance': RuntimeTaskInstance(id=UUID('019857cb-6520-77a7-bd22-53f0fc63353e'), task_id='python_principal', dag_id='3_DAG_principal', run_id='scheduled__2024-09-09T20:00:00+00:00', try_number=1, map_index=-1, hostname='bf6f1e7a6f11', context_carrier={}, task=<Task(PythonOperator): python_principal>, bundle_instance=LocalDagBundle(name=dags-folder), max_tries=0, start_date=datetime.datetime(2025, 7, 29, 20, 6, 44, 694611, tzinfo=datetime.timezone.utc), end_date=None, state=<TaskInstanceState.RUNNING: 'running'>, is_mapped=False, rendered_map_index=None, log_url='http://localhost:8080/dags/3_DAG_principal/runs/scheduled__2024-09-09T20%3A00%3A00%2B00%3A00/tasks/python_principal?try_number=1'),","chan":"stdout","logger":"task"}
{"timestamp":"2025-07-29T20:06:45.359629Z","level":"info","event":" 'task_instance_key_str': '3_DAG_principal__python_principal__20240909',","chan":"stdout","logger":"task"}
{"timestamp":"2025-07-29T20:06:45.359679Z","level":"info","event":" 'task_reschedule_count': 0,","chan":"stdout","logger":"task"}
{"timestamp":"2025-07-29T20:06:45.359756Z","level":"info","event":" 'templates_dict': None,","chan":"stdout","logger":"task"}
{"timestamp":"2025-07-29T20:06:45.359813Z","level":"info","event":" 'ti': RuntimeTaskInstance(id=UUID('019857cb-6520-77a7-bd22-53f0fc63353e'), task_id='python_principal', dag_id='3_DAG_principal', run_id='scheduled__2024-09-09T20:00:00+00:00', try_number=1, map_index=-1, hostname='bf6f1e7a6f11', context_carrier={}, task=<Task(PythonOperator): python_principal>, bundle_instance=LocalDagBundle(name=dags-folder), max_tries=0, start_date=datetime.datetime(2025, 7, 29, 20, 6, 44, 694611, tzinfo=datetime.timezone.utc), end_date=None, state=<TaskInstanceState.RUNNING: 'running'>, is_mapped=False, rendered_map_index=None, log_url='http://localhost:8080/dags/3_DAG_principal/runs/scheduled__2024-09-09T20%3A00%3A00%2B00%3A00/tasks/python_principal?try_number=1'),","chan":"stdout","logger":"task"}
{"timestamp":"2025-07-29T20:06:45.359889Z","level":"info","event":" 'triggering_asset_events': TriggeringAssetEventsAccessor(_events=defaultdict(<class 'list'>, {})),","chan":"stdout","logger":"task"}
{"timestamp":"2025-07-29T20:06:45.359942Z","level":"info","event":" 'ts': '2024-09-09T20:00:00+00:00',","chan":"stdout","logger":"task"}
{"timestamp":"2025-07-29T20:06:45.359985Z","level":"info","event":" 'ts_nodash': '20240909T200000',","chan":"stdout","logger":"task"}
{"timestamp":"2025-07-29T20:06:45.360025Z","level":"info","event":" 'ts_nodash_with_tz': '20240909T200000+0000',","chan":"stdout","logger":"task"}
{"timestamp":"2025-07-29T20:06:45.360066Z","level":"info","event":" 'var': {'json': <VariableAccessor (dynamic access)>,","chan":"stdout","logger":"task"}
{"timestamp":"2025-07-29T20:06:45.360106Z","level":"info","event":"         'value': <VariableAccessor (dynamic access)>}}","chan":"stdout","logger":"task"}
{"timestamp":"2025-07-29T20:06:45.359479","level":"info","event":"Done. Returned value was: principal","logger":"airflow.task.operators.airflow.providers.standard.operators.python.PythonOperator"}
{"timestamp":"2025-07-29T20:06:45.359658","level":"info","event":"Pushing xcom","ti":"RuntimeTaskInstance(id=UUID('019857cb-6520-77a7-bd22-53f0fc63353e'), task_id='python_principal', dag_id='3_DAG_principal', run_id='scheduled__2024-09-09T20:00:00+00:00', try_number=1, map_index=-1, hostname='bf6f1e7a6f11', context_carrier={}, task=<Task(PythonOperator): python_principal>, bundle_instance=LocalDagBundle(name=dags-folder), max_tries=0, start_date=datetime.datetime(2025, 7, 29, 20, 6, 44, 694611, tzinfo=datetime.timezone.utc), end_date=None, state=<TaskInstanceState.RUNNING: 'running'>, is_mapped=False, rendered_map_index=None, log_url='http://localhost:8080/dags/3_DAG_principal/runs/scheduled__2024-09-09T20%3A00%3A00%2B00%3A00/tasks/python_principal?try_number=1')","logger":"task"}
{"timestamp":"2025-07-29T20:06:45.381963Z","level":"info","event":"Task instance in success state","chan":"stdout","logger":"task"}
{"timestamp":"2025-07-29T20:06:45.382094Z","level":"info","event":" Previous state of the Task instance: TaskInstanceState.RUNNING","chan":"stdout","logger":"task"}
{"timestamp":"2025-07-29T20:06:45.382184Z","level":"info","event":"Task operator:<Task(PythonOperator): python_principal>","chan":"stdout","logger":"task"}
