{"timestamp":"2025-07-29T20:07:29.767662","level":"info","event":"DAG bundles loaded: dags-folder, example_dags","logger":"airflow.dag_processing.bundles.manager.DagBundlesManager"}
{"timestamp":"2025-07-29T20:07:29.768188","level":"info","event":"Filling up the DagBag from /opt/airflow/dags/2_python_operator_v1.py","logger":"airflow.models.dagbag.DagBag"}
{"timestamp":"2025-07-29T20:07:29.833930Z","level":"info","event":"Task instance is in running state","chan":"stdout","logger":"task"}
{"timestamp":"2025-07-29T20:07:29.834064Z","level":"info","event":" Previous state of the Task instance: TaskInstanceState.QUEUED","chan":"stdout","logger":"task"}
{"timestamp":"2025-07-29T20:07:29.834499Z","level":"info","event":"Current task name:python","chan":"stdout","logger":"task"}
{"timestamp":"2025-07-29T20:07:29.834556Z","level":"info","event":"Dag name:python_operator_v1","chan":"stdout","logger":"task"}
{"timestamp":"2025-07-29T20:07:29.835942Z","level":"info","event":"poliana","chan":"stdout","logger":"task"}
{"timestamp":"2025-07-29T20:07:29.837449Z","level":"info","event":"{'conn': <ConnectionAccessor (dynamic access)>,","chan":"stdout","logger":"task"}
{"timestamp":"2025-07-29T20:07:29.837628Z","level":"info","event":" 'dag': <DAG: python_operator_v1>,","chan":"stdout","logger":"task"}
{"timestamp":"2025-07-29T20:07:29.837807Z","level":"info","event":" 'dag_run': DagRun(dag_id='python_operator_v1', run_id='scheduled__2023-06-24T21:01:00+00:00', logical_date=datetime.datetime(2023, 6, 24, 21, 1, tzinfo=datetime.timezone.utc), data_interval_start=datetime.datetime(2023, 6, 24, 21, 1, tzinfo=datetime.timezone.utc), data_interval_end=datetime.datetime(2023, 6, 24, 21, 1, tzinfo=datetime.timezone.utc), run_after=datetime.datetime(2023, 6, 24, 21, 1, tzinfo=datetime.timezone.utc), start_date=datetime.datetime(2025, 7, 29, 20, 7, 28, 83426, tzinfo=datetime.timezone.utc), end_date=None, clear_number=0, run_type=<DagRunType.SCHEDULED: 'scheduled'>, conf={}, consumed_asset_events=[]),","chan":"stdout","logger":"task"}
{"timestamp":"2025-07-29T20:07:29.837911Z","level":"info","event":" 'data_interval_end': DateTime(2023, 6, 24, 21, 1, 0, tzinfo=Timezone('UTC')),","chan":"stdout","logger":"task"}
{"timestamp":"2025-07-29T20:07:29.837983Z","level":"info","event":" 'data_interval_start': DateTime(2023, 6, 24, 21, 1, 0, tzinfo=Timezone('UTC')),","chan":"stdout","logger":"task"}
{"timestamp":"2025-07-29T20:07:29.838056Z","level":"info","event":" 'ds': '2023-06-24',","chan":"stdout","logger":"task"}
{"timestamp":"2025-07-29T20:07:29.838182Z","level":"info","event":" 'ds_nodash': '20230624',","chan":"stdout","logger":"task"}
{"timestamp":"2025-07-29T20:07:29.838263Z","level":"info","event":" 'inlet_events': InletEventsAccessors(_inlets=[], _assets={}, _asset_aliases={}),","chan":"stdout","logger":"task"}
{"timestamp":"2025-07-29T20:07:29.838339Z","level":"info","event":" 'inlets': [],","chan":"stdout","logger":"task"}
{"timestamp":"2025-07-29T20:07:29.838414Z","level":"info","event":" 'logical_date': DateTime(2023, 6, 24, 21, 1, 0, tzinfo=Timezone('UTC')),","chan":"stdout","logger":"task"}
{"timestamp":"2025-07-29T20:07:29.838485Z","level":"info","event":" 'macros': <MacrosAccessor (dynamic access to macros)>,","chan":"stdout","logger":"task"}
{"timestamp":"2025-07-29T20:07:29.838555Z","level":"info","event":" 'map_index_template': None,","chan":"stdout","logger":"task"}
{"timestamp":"2025-07-29T20:07:29.838638Z","level":"info","event":" 'outlet_events': <airflow.sdk.execution_time.context.OutletEventAccessors object at 0x7fb66fdff6b0>,","chan":"stdout","logger":"task"}
{"timestamp":"2025-07-29T20:07:29.838718Z","level":"info","event":" 'outlets': [],","chan":"stdout","logger":"task"}
{"timestamp":"2025-07-29T20:07:29.838789Z","level":"info","event":" 'params': {},","chan":"stdout","logger":"task"}
{"timestamp":"2025-07-29T20:07:29.847949Z","level":"info","event":" 'prev_data_interval_end_success': <Proxy at 0x7fb66fc70290 with factory <function RuntimeTaskInstance.get_template_context.<locals>.<lambda> at 0x7fb66fc6e020>>,","chan":"stdout","logger":"task"}
{"timestamp":"2025-07-29T20:07:29.848097Z","level":"info","event":" 'prev_data_interval_start_success': <Proxy at 0x7fb66fc47da0 with factory <function RuntimeTaskInstance.get_template_context.<locals>.<lambda> at 0x7fb66fc6f740>>,","chan":"stdout","logger":"task"}
{"timestamp":"2025-07-29T20:07:29.848174Z","level":"info","event":" 'prev_end_date_success': <Proxy at 0x7fb6779b6ba0 with factory <function RuntimeTaskInstance.get_template_context.<locals>.<lambda> at 0x7fb66fc6f7e0>>,","chan":"stdout","logger":"task"}
{"timestamp":"2025-07-29T20:07:29.848226Z","level":"info","event":" 'prev_start_date_success': <Proxy at 0x7fb677f1af60 with factory <function RuntimeTaskInstance.get_template_context.<locals>.<lambda> at 0x7fb66fc6e520>>,","chan":"stdout","logger":"task"}
{"timestamp":"2025-07-29T20:07:29.848276Z","level":"info","event":" 'run_id': 'scheduled__2023-06-24T21:01:00+00:00',","chan":"stdout","logger":"task"}
{"timestamp":"2025-07-29T20:07:29.848318Z","level":"info","event":" 'task': <Task(PythonOperator): python>,","chan":"stdout","logger":"task"}
{"timestamp":"2025-07-29T20:07:29.848360Z","level":"info","event":" 'task_instance': RuntimeTaskInstance(id=UUID('019857cc-1049-751e-be55-a964032850db'), task_id='python', dag_id='python_operator_v1', run_id='scheduled__2023-06-24T21:01:00+00:00', try_number=1, map_index=-1, hostname='bf6f1e7a6f11', context_carrier={}, task=<Task(PythonOperator): python>, bundle_instance=LocalDagBundle(name=dags-folder), max_tries=0, start_date=datetime.datetime(2025, 7, 29, 20, 7, 29, 157525, tzinfo=datetime.timezone.utc), end_date=None, state=<TaskInstanceState.RUNNING: 'running'>, is_mapped=False, rendered_map_index=None, log_url='http://localhost:8080/dags/python_operator_v1/runs/scheduled__2023-06-24T21%3A01%3A00%2B00%3A00/tasks/python?try_number=1'),","chan":"stdout","logger":"task"}
{"timestamp":"2025-07-29T20:07:29.848402Z","level":"info","event":" 'task_instance_key_str': 'python_operator_v1__python__20230624',","chan":"stdout","logger":"task"}
{"timestamp":"2025-07-29T20:07:29.848442Z","level":"info","event":" 'task_reschedule_count': 0,","chan":"stdout","logger":"task"}
{"timestamp":"2025-07-29T20:07:29.848508Z","level":"info","event":" 'templates_dict': None,","chan":"stdout","logger":"task"}
{"timestamp":"2025-07-29T20:07:29.848553Z","level":"info","event":" 'ti': RuntimeTaskInstance(id=UUID('019857cc-1049-751e-be55-a964032850db'), task_id='python', dag_id='python_operator_v1', run_id='scheduled__2023-06-24T21:01:00+00:00', try_number=1, map_index=-1, hostname='bf6f1e7a6f11', context_carrier={}, task=<Task(PythonOperator): python>, bundle_instance=LocalDagBundle(name=dags-folder), max_tries=0, start_date=datetime.datetime(2025, 7, 29, 20, 7, 29, 157525, tzinfo=datetime.timezone.utc), end_date=None, state=<TaskInstanceState.RUNNING: 'running'>, is_mapped=False, rendered_map_index=None, log_url='http://localhost:8080/dags/python_operator_v1/runs/scheduled__2023-06-24T21%3A01%3A00%2B00%3A00/tasks/python?try_number=1'),","chan":"stdout","logger":"task"}
{"timestamp":"2025-07-29T20:07:29.848596Z","level":"info","event":" 'triggering_asset_events': TriggeringAssetEventsAccessor(_events=defaultdict(<class 'list'>, {})),","chan":"stdout","logger":"task"}
{"timestamp":"2025-07-29T20:07:29.848636Z","level":"info","event":" 'ts': '2023-06-24T21:01:00+00:00',","chan":"stdout","logger":"task"}
{"timestamp":"2025-07-29T20:07:29.848675Z","level":"info","event":" 'ts_nodash': '20230624T210100',","chan":"stdout","logger":"task"}
{"timestamp":"2025-07-29T20:07:29.848714Z","level":"info","event":" 'ts_nodash_with_tz': '20230624T210100+0000',","chan":"stdout","logger":"task"}
{"timestamp":"2025-07-29T20:07:29.848753Z","level":"info","event":" 'var': {'json': <VariableAccessor (dynamic access)>,","chan":"stdout","logger":"task"}
{"timestamp":"2025-07-29T20:07:29.848792Z","level":"info","event":"         'value': <VariableAccessor (dynamic access)>}}","chan":"stdout","logger":"task"}
{"timestamp":"2025-07-29T20:07:29.848662","level":"info","event":"Done. Returned value was: 123","logger":"airflow.task.operators.airflow.providers.standard.operators.python.PythonOperator"}
{"timestamp":"2025-07-29T20:07:29.848843","level":"info","event":"Pushing xcom","ti":"RuntimeTaskInstance(id=UUID('019857cc-1049-751e-be55-a964032850db'), task_id='python', dag_id='python_operator_v1', run_id='scheduled__2023-06-24T21:01:00+00:00', try_number=1, map_index=-1, hostname='bf6f1e7a6f11', context_carrier={}, task=<Task(PythonOperator): python>, bundle_instance=LocalDagBundle(name=dags-folder), max_tries=0, start_date=datetime.datetime(2025, 7, 29, 20, 7, 29, 157525, tzinfo=datetime.timezone.utc), end_date=None, state=<TaskInstanceState.RUNNING: 'running'>, is_mapped=False, rendered_map_index=None, log_url='http://localhost:8080/dags/python_operator_v1/runs/scheduled__2023-06-24T21%3A01%3A00%2B00%3A00/tasks/python?try_number=1')","logger":"task"}
{"timestamp":"2025-07-29T20:07:29.873701Z","level":"info","event":"Task instance in success state","chan":"stdout","logger":"task"}
{"timestamp":"2025-07-29T20:07:29.873813Z","level":"info","event":" Previous state of the Task instance: TaskInstanceState.RUNNING","chan":"stdout","logger":"task"}
{"timestamp":"2025-07-29T20:07:29.873942Z","level":"info","event":"Task operator:<Task(PythonOperator): python>","chan":"stdout","logger":"task"}
