{"timestamp":"2025-07-29T19:30:22.303215","level":"info","event":"DAG bundles loaded: dags-folder, example_dags","logger":"airflow.dag_processing.bundles.manager.DagBundlesManager"}
{"timestamp":"2025-07-29T19:30:22.303695","level":"info","event":"Filling up the DagBag from /opt/airflow/dags/python_operator_v1.py","logger":"airflow.models.dagbag.DagBag"}
{"timestamp":"2025-07-29T19:30:22.327188Z","level":"info","event":"Task instance is in running state","chan":"stdout","logger":"task"}
{"timestamp":"2025-07-29T19:30:22.327347Z","level":"info","event":" Previous state of the Task instance: TaskInstanceState.QUEUED","chan":"stdout","logger":"task"}
{"timestamp":"2025-07-29T19:30:22.327789Z","level":"info","event":"Current task name:python","chan":"stdout","logger":"task"}
{"timestamp":"2025-07-29T19:30:22.327872Z","level":"info","event":"Dag name:python_operator_v1","chan":"stdout","logger":"task"}
{"timestamp":"2025-07-29T19:30:22.328864Z","level":"info","event":"poliana","chan":"stdout","logger":"task"}
{"timestamp":"2025-07-29T19:30:22.329413Z","level":"info","event":"{'conn': <ConnectionAccessor (dynamic access)>,","chan":"stdout","logger":"task"}
{"timestamp":"2025-07-29T19:30:22.329498Z","level":"info","event":" 'dag': <DAG: python_operator_v1>,","chan":"stdout","logger":"task"}
{"timestamp":"2025-07-29T19:30:22.329599Z","level":"info","event":" 'dag_run': DagRun(dag_id='python_operator_v1', run_id='scheduled__2023-06-23T06:29:00+00:00', logical_date=datetime.datetime(2023, 6, 23, 6, 29, tzinfo=datetime.timezone.utc), data_interval_start=datetime.datetime(2023, 6, 23, 6, 29, tzinfo=datetime.timezone.utc), data_interval_end=datetime.datetime(2023, 6, 23, 6, 29, tzinfo=datetime.timezone.utc), run_after=datetime.datetime(2023, 6, 23, 6, 29, tzinfo=datetime.timezone.utc), start_date=datetime.datetime(2025, 7, 29, 19, 30, 21, 418786, tzinfo=datetime.timezone.utc), end_date=None, clear_number=0, run_type=<DagRunType.SCHEDULED: 'scheduled'>, conf={}, consumed_asset_events=[]),","chan":"stdout","logger":"task"}
{"timestamp":"2025-07-29T19:30:22.329656Z","level":"info","event":" 'data_interval_end': DateTime(2023, 6, 23, 6, 29, 0, tzinfo=Timezone('UTC')),","chan":"stdout","logger":"task"}
{"timestamp":"2025-07-29T19:30:22.329701Z","level":"info","event":" 'data_interval_start': DateTime(2023, 6, 23, 6, 29, 0, tzinfo=Timezone('UTC')),","chan":"stdout","logger":"task"}
{"timestamp":"2025-07-29T19:30:22.329744Z","level":"info","event":" 'ds': '2023-06-23',","chan":"stdout","logger":"task"}
{"timestamp":"2025-07-29T19:30:22.329786Z","level":"info","event":" 'ds_nodash': '20230623',","chan":"stdout","logger":"task"}
{"timestamp":"2025-07-29T19:30:22.329827Z","level":"info","event":" 'inlet_events': InletEventsAccessors(_inlets=[], _assets={}, _asset_aliases={}),","chan":"stdout","logger":"task"}
{"timestamp":"2025-07-29T19:30:22.329869Z","level":"info","event":" 'inlets': [],","chan":"stdout","logger":"task"}
{"timestamp":"2025-07-29T19:30:22.329910Z","level":"info","event":" 'logical_date': DateTime(2023, 6, 23, 6, 29, 0, tzinfo=Timezone('UTC')),","chan":"stdout","logger":"task"}
{"timestamp":"2025-07-29T19:30:22.329951Z","level":"info","event":" 'macros': <MacrosAccessor (dynamic access to macros)>,","chan":"stdout","logger":"task"}
{"timestamp":"2025-07-29T19:30:22.329992Z","level":"info","event":" 'map_index_template': None,","chan":"stdout","logger":"task"}
{"timestamp":"2025-07-29T19:30:22.330033Z","level":"info","event":" 'outlet_events': <airflow.sdk.execution_time.context.OutletEventAccessors object at 0x7fb66fd9edb0>,","chan":"stdout","logger":"task"}
{"timestamp":"2025-07-29T19:30:22.330073Z","level":"info","event":" 'outlets': [],","chan":"stdout","logger":"task"}
{"timestamp":"2025-07-29T19:30:22.330114Z","level":"info","event":" 'params': {},","chan":"stdout","logger":"task"}
{"timestamp":"2025-07-29T19:30:22.339710Z","level":"info","event":" 'prev_data_interval_end_success': <Proxy at 0x7fb66fc6e6f0 with factory <function RuntimeTaskInstance.get_template_context.<locals>.<lambda> at 0x7fb66fcb4040>>,","chan":"stdout","logger":"task"}
{"timestamp":"2025-07-29T19:30:22.339897Z","level":"info","event":" 'prev_data_interval_start_success': <Proxy at 0x7fb66fc6e780 with factory <function RuntimeTaskInstance.get_template_context.<locals>.<lambda> at 0x7fb66fc8b060>>,","chan":"stdout","logger":"task"}
{"timestamp":"2025-07-29T19:30:22.339966Z","level":"info","event":" 'prev_end_date_success': <Proxy at 0x7fb66fc6e540 with factory <function RuntimeTaskInstance.get_template_context.<locals>.<lambda> at 0x7fb66fc8aa20>>,","chan":"stdout","logger":"task"}
{"timestamp":"2025-07-29T19:30:22.340015Z","level":"info","event":" 'prev_start_date_success': <Proxy at 0x7fb66fc6eb10 with factory <function RuntimeTaskInstance.get_template_context.<locals>.<lambda> at 0x7fb66fc8af20>>,","chan":"stdout","logger":"task"}
{"timestamp":"2025-07-29T19:30:22.340059Z","level":"info","event":" 'run_id': 'scheduled__2023-06-23T06:29:00+00:00',","chan":"stdout","logger":"task"}
{"timestamp":"2025-07-29T19:30:22.340102Z","level":"info","event":" 'task': <Task(PythonOperator): python>,","chan":"stdout","logger":"task"}
{"timestamp":"2025-07-29T19:30:22.340148Z","level":"info","event":" 'task_instance': RuntimeTaskInstance(id=UUID('019857aa-1663-7b9a-b76c-8376900d2205'), task_id='python', dag_id='python_operator_v1', run_id='scheduled__2023-06-23T06:29:00+00:00', try_number=1, map_index=-1, hostname='bf6f1e7a6f11', context_carrier={}, task=<Task(PythonOperator): python>, bundle_instance=LocalDagBundle(name=dags-folder), max_tries=0, start_date=datetime.datetime(2025, 7, 29, 19, 30, 21, 803535, tzinfo=datetime.timezone.utc), end_date=None, state=<TaskInstanceState.RUNNING: 'running'>, is_mapped=False, rendered_map_index=None, log_url='http://localhost:8080/dags/python_operator_v1/runs/scheduled__2023-06-23T06%3A29%3A00%2B00%3A00/tasks/python?try_number=1'),","chan":"stdout","logger":"task"}
{"timestamp":"2025-07-29T19:30:22.340194Z","level":"info","event":" 'task_instance_key_str': 'python_operator_v1__python__20230623',","chan":"stdout","logger":"task"}
{"timestamp":"2025-07-29T19:30:22.340237Z","level":"info","event":" 'task_reschedule_count': 0,","chan":"stdout","logger":"task"}
{"timestamp":"2025-07-29T19:30:22.340278Z","level":"info","event":" 'templates_dict': None,","chan":"stdout","logger":"task"}
{"timestamp":"2025-07-29T19:30:22.340319Z","level":"info","event":" 'ti': RuntimeTaskInstance(id=UUID('019857aa-1663-7b9a-b76c-8376900d2205'), task_id='python', dag_id='python_operator_v1', run_id='scheduled__2023-06-23T06:29:00+00:00', try_number=1, map_index=-1, hostname='bf6f1e7a6f11', context_carrier={}, task=<Task(PythonOperator): python>, bundle_instance=LocalDagBundle(name=dags-folder), max_tries=0, start_date=datetime.datetime(2025, 7, 29, 19, 30, 21, 803535, tzinfo=datetime.timezone.utc), end_date=None, state=<TaskInstanceState.RUNNING: 'running'>, is_mapped=False, rendered_map_index=None, log_url='http://localhost:8080/dags/python_operator_v1/runs/scheduled__2023-06-23T06%3A29%3A00%2B00%3A00/tasks/python?try_number=1'),","chan":"stdout","logger":"task"}
{"timestamp":"2025-07-29T19:30:22.340387Z","level":"info","event":" 'triggering_asset_events': TriggeringAssetEventsAccessor(_events=defaultdict(<class 'list'>, {})),","chan":"stdout","logger":"task"}
{"timestamp":"2025-07-29T19:30:22.340435Z","level":"info","event":" 'ts': '2023-06-23T06:29:00+00:00',","chan":"stdout","logger":"task"}
{"timestamp":"2025-07-29T19:30:22.340478Z","level":"info","event":" 'ts_nodash': '20230623T062900',","chan":"stdout","logger":"task"}
{"timestamp":"2025-07-29T19:30:22.340519Z","level":"info","event":" 'ts_nodash_with_tz': '20230623T062900+0000',","chan":"stdout","logger":"task"}
{"timestamp":"2025-07-29T19:30:22.340582Z","level":"info","event":" 'var': {'json': <VariableAccessor (dynamic access)>,","chan":"stdout","logger":"task"}
{"timestamp":"2025-07-29T19:30:22.340634Z","level":"info","event":"         'value': <VariableAccessor (dynamic access)>}}","chan":"stdout","logger":"task"}
{"timestamp":"2025-07-29T19:30:22.340389","level":"info","event":"Done. Returned value was: 123","logger":"airflow.task.operators.airflow.providers.standard.operators.python.PythonOperator"}
{"timestamp":"2025-07-29T19:30:22.340555","level":"info","event":"Pushing xcom","ti":"RuntimeTaskInstance(id=UUID('019857aa-1663-7b9a-b76c-8376900d2205'), task_id='python', dag_id='python_operator_v1', run_id='scheduled__2023-06-23T06:29:00+00:00', try_number=1, map_index=-1, hostname='bf6f1e7a6f11', context_carrier={}, task=<Task(PythonOperator): python>, bundle_instance=LocalDagBundle(name=dags-folder), max_tries=0, start_date=datetime.datetime(2025, 7, 29, 19, 30, 21, 803535, tzinfo=datetime.timezone.utc), end_date=None, state=<TaskInstanceState.RUNNING: 'running'>, is_mapped=False, rendered_map_index=None, log_url='http://localhost:8080/dags/python_operator_v1/runs/scheduled__2023-06-23T06%3A29%3A00%2B00%3A00/tasks/python?try_number=1')","logger":"task"}
{"timestamp":"2025-07-29T19:30:22.362125Z","level":"info","event":"Task instance in success state","chan":"stdout","logger":"task"}
{"timestamp":"2025-07-29T19:30:22.362256Z","level":"info","event":" Previous state of the Task instance: TaskInstanceState.RUNNING","chan":"stdout","logger":"task"}
{"timestamp":"2025-07-29T19:30:22.362371Z","level":"info","event":"Task operator:<Task(PythonOperator): python>","chan":"stdout","logger":"task"}
