{"timestamp":"2025-07-29T19:22:36.937565","level":"info","event":"DAG bundles loaded: dags-folder, example_dags","logger":"airflow.dag_processing.bundles.manager.DagBundlesManager"}
{"timestamp":"2025-07-29T19:22:36.938404","level":"info","event":"Filling up the DagBag from /opt/airflow/dags/python_operator_v1.py","logger":"airflow.models.dagbag.DagBag"}
{"timestamp":"2025-07-29T19:22:36.964653Z","level":"info","event":"Task instance is in running state","chan":"stdout","logger":"task"}
{"timestamp":"2025-07-29T19:22:36.964873Z","level":"info","event":" Previous state of the Task instance: TaskInstanceState.QUEUED","chan":"stdout","logger":"task"}
{"timestamp":"2025-07-29T19:22:36.965508Z","level":"info","event":"Current task name:python","chan":"stdout","logger":"task"}
{"timestamp":"2025-07-29T19:22:36.965621Z","level":"info","event":"Dag name:python_operator_v1","chan":"stdout","logger":"task"}
{"timestamp":"2025-07-29T19:22:36.966583Z","level":"info","event":"poliana","chan":"stdout","logger":"task"}
{"timestamp":"2025-07-29T19:22:36.967204Z","level":"info","event":"{'conn': <ConnectionAccessor (dynamic access)>,","chan":"stdout","logger":"task"}
{"timestamp":"2025-07-29T19:22:36.967317Z","level":"info","event":" 'dag': <DAG: python_operator_v1>,","chan":"stdout","logger":"task"}
{"timestamp":"2025-07-29T19:22:36.967449Z","level":"info","event":" 'dag_run': DagRun(dag_id='python_operator_v1', run_id='scheduled__2023-06-22T22:14:00+00:00', logical_date=datetime.datetime(2023, 6, 22, 22, 14, tzinfo=datetime.timezone.utc), data_interval_start=datetime.datetime(2023, 6, 22, 22, 14, tzinfo=datetime.timezone.utc), data_interval_end=datetime.datetime(2023, 6, 22, 22, 14, tzinfo=datetime.timezone.utc), run_after=datetime.datetime(2023, 6, 22, 22, 14, tzinfo=datetime.timezone.utc), start_date=datetime.datetime(2025, 7, 29, 19, 22, 35, 993918, tzinfo=datetime.timezone.utc), end_date=None, clear_number=0, run_type=<DagRunType.SCHEDULED: 'scheduled'>, conf={}, consumed_asset_events=[]),","chan":"stdout","logger":"task"}
{"timestamp":"2025-07-29T19:22:36.967529Z","level":"info","event":" 'data_interval_end': DateTime(2023, 6, 22, 22, 14, 0, tzinfo=Timezone('UTC')),","chan":"stdout","logger":"task"}
{"timestamp":"2025-07-29T19:22:36.967577Z","level":"info","event":" 'data_interval_start': DateTime(2023, 6, 22, 22, 14, 0, tzinfo=Timezone('UTC')),","chan":"stdout","logger":"task"}
{"timestamp":"2025-07-29T19:22:36.967618Z","level":"info","event":" 'ds': '2023-06-22',","chan":"stdout","logger":"task"}
{"timestamp":"2025-07-29T19:22:36.967660Z","level":"info","event":" 'ds_nodash': '20230622',","chan":"stdout","logger":"task"}
{"timestamp":"2025-07-29T19:22:36.967700Z","level":"info","event":" 'inlet_events': InletEventsAccessors(_inlets=[], _assets={}, _asset_aliases={}),","chan":"stdout","logger":"task"}
{"timestamp":"2025-07-29T19:22:36.967739Z","level":"info","event":" 'inlets': [],","chan":"stdout","logger":"task"}
{"timestamp":"2025-07-29T19:22:36.967779Z","level":"info","event":" 'logical_date': DateTime(2023, 6, 22, 22, 14, 0, tzinfo=Timezone('UTC')),","chan":"stdout","logger":"task"}
{"timestamp":"2025-07-29T19:22:36.967819Z","level":"info","event":" 'macros': <MacrosAccessor (dynamic access to macros)>,","chan":"stdout","logger":"task"}
{"timestamp":"2025-07-29T19:22:36.967858Z","level":"info","event":" 'map_index_template': None,","chan":"stdout","logger":"task"}
{"timestamp":"2025-07-29T19:22:36.967896Z","level":"info","event":" 'outlet_events': <airflow.sdk.execution_time.context.OutletEventAccessors object at 0x7fb66fef6570>,","chan":"stdout","logger":"task"}
{"timestamp":"2025-07-29T19:22:36.967936Z","level":"info","event":" 'outlets': [],","chan":"stdout","logger":"task"}
{"timestamp":"2025-07-29T19:22:36.967975Z","level":"info","event":" 'params': {},","chan":"stdout","logger":"task"}
{"timestamp":"2025-07-29T19:22:36.976337Z","level":"info","event":" 'prev_data_interval_end_success': <Proxy at 0x7fb66fc266c0 with factory <function RuntimeTaskInstance.get_template_context.<locals>.<lambda> at 0x7fb66fc451c0>>,","chan":"stdout","logger":"task"}
{"timestamp":"2025-07-29T19:22:36.976482Z","level":"info","event":" 'prev_data_interval_start_success': <Proxy at 0x7fb66fc265a0 with factory <function RuntimeTaskInstance.get_template_context.<locals>.<lambda> at 0x7fb66fc468e0>>,","chan":"stdout","logger":"task"}
{"timestamp":"2025-07-29T19:22:36.976541Z","level":"info","event":" 'prev_end_date_success': <Proxy at 0x7fb67b50ffe0 with factory <function RuntimeTaskInstance.get_template_context.<locals>.<lambda> at 0x7fb66fc46980>>,","chan":"stdout","logger":"task"}
{"timestamp":"2025-07-29T19:22:36.976589Z","level":"info","event":" 'prev_start_date_success': <Proxy at 0x7fb677bd7f50 with factory <function RuntimeTaskInstance.get_template_context.<locals>.<lambda> at 0x7fb66fc456c0>>,","chan":"stdout","logger":"task"}
{"timestamp":"2025-07-29T19:22:36.976650Z","level":"info","event":" 'run_id': 'scheduled__2023-06-22T22:14:00+00:00',","chan":"stdout","logger":"task"}
{"timestamp":"2025-07-29T19:22:36.976695Z","level":"info","event":" 'task': <Task(PythonOperator): python>,","chan":"stdout","logger":"task"}
{"timestamp":"2025-07-29T19:22:36.976741Z","level":"info","event":" 'task_instance': RuntimeTaskInstance(id=UUID('019857a2-fc55-75c0-b1c0-b9de72caa634'), task_id='python', dag_id='python_operator_v1', run_id='scheduled__2023-06-22T22:14:00+00:00', try_number=1, map_index=-1, hostname='bf6f1e7a6f11', context_carrier={}, task=<Task(PythonOperator): python>, bundle_instance=LocalDagBundle(name=dags-folder), max_tries=0, start_date=datetime.datetime(2025, 7, 29, 19, 22, 36, 320188, tzinfo=datetime.timezone.utc), end_date=None, state=<TaskInstanceState.RUNNING: 'running'>, is_mapped=False, rendered_map_index=None, log_url='http://localhost:8080/dags/python_operator_v1/runs/scheduled__2023-06-22T22%3A14%3A00%2B00%3A00/tasks/python?try_number=1'),","chan":"stdout","logger":"task"}
{"timestamp":"2025-07-29T19:22:36.976784Z","level":"info","event":" 'task_instance_key_str': 'python_operator_v1__python__20230622',","chan":"stdout","logger":"task"}
{"timestamp":"2025-07-29T19:22:36.976826Z","level":"info","event":" 'task_reschedule_count': 0,","chan":"stdout","logger":"task"}
{"timestamp":"2025-07-29T19:22:36.976865Z","level":"info","event":" 'templates_dict': None,","chan":"stdout","logger":"task"}
{"timestamp":"2025-07-29T19:22:36.976946Z","level":"info","event":" 'ti': RuntimeTaskInstance(id=UUID('019857a2-fc55-75c0-b1c0-b9de72caa634'), task_id='python', dag_id='python_operator_v1', run_id='scheduled__2023-06-22T22:14:00+00:00', try_number=1, map_index=-1, hostname='bf6f1e7a6f11', context_carrier={}, task=<Task(PythonOperator): python>, bundle_instance=LocalDagBundle(name=dags-folder), max_tries=0, start_date=datetime.datetime(2025, 7, 29, 19, 22, 36, 320188, tzinfo=datetime.timezone.utc), end_date=None, state=<TaskInstanceState.RUNNING: 'running'>, is_mapped=False, rendered_map_index=None, log_url='http://localhost:8080/dags/python_operator_v1/runs/scheduled__2023-06-22T22%3A14%3A00%2B00%3A00/tasks/python?try_number=1'),","chan":"stdout","logger":"task"}
{"timestamp":"2025-07-29T19:22:36.977027Z","level":"info","event":" 'triggering_asset_events': TriggeringAssetEventsAccessor(_events=defaultdict(<class 'list'>, {})),","chan":"stdout","logger":"task"}
{"timestamp":"2025-07-29T19:22:36.977076Z","level":"info","event":" 'ts': '2023-06-22T22:14:00+00:00',","chan":"stdout","logger":"task"}
{"timestamp":"2025-07-29T19:22:36.977117Z","level":"info","event":" 'ts_nodash': '20230622T221400',","chan":"stdout","logger":"task"}
{"timestamp":"2025-07-29T19:22:36.977159Z","level":"info","event":" 'ts_nodash_with_tz': '20230622T221400+0000',","chan":"stdout","logger":"task"}
{"timestamp":"2025-07-29T19:22:36.977199Z","level":"info","event":" 'var': {'json': <VariableAccessor (dynamic access)>,","chan":"stdout","logger":"task"}
{"timestamp":"2025-07-29T19:22:36.977320Z","level":"info","event":"         'value': <VariableAccessor (dynamic access)>}}","chan":"stdout","logger":"task"}
{"timestamp":"2025-07-29T19:22:36.977013","level":"info","event":"Done. Returned value was: 123","logger":"airflow.task.operators.airflow.providers.standard.operators.python.PythonOperator"}
{"timestamp":"2025-07-29T19:22:36.977183","level":"info","event":"Pushing xcom","ti":"RuntimeTaskInstance(id=UUID('019857a2-fc55-75c0-b1c0-b9de72caa634'), task_id='python', dag_id='python_operator_v1', run_id='scheduled__2023-06-22T22:14:00+00:00', try_number=1, map_index=-1, hostname='bf6f1e7a6f11', context_carrier={}, task=<Task(PythonOperator): python>, bundle_instance=LocalDagBundle(name=dags-folder), max_tries=0, start_date=datetime.datetime(2025, 7, 29, 19, 22, 36, 320188, tzinfo=datetime.timezone.utc), end_date=None, state=<TaskInstanceState.RUNNING: 'running'>, is_mapped=False, rendered_map_index=None, log_url='http://localhost:8080/dags/python_operator_v1/runs/scheduled__2023-06-22T22%3A14%3A00%2B00%3A00/tasks/python?try_number=1')","logger":"task"}
{"timestamp":"2025-07-29T19:22:37.002273Z","level":"info","event":"Task instance in success state","chan":"stdout","logger":"task"}
{"timestamp":"2025-07-29T19:22:37.002382Z","level":"info","event":" Previous state of the Task instance: TaskInstanceState.RUNNING","chan":"stdout","logger":"task"}
{"timestamp":"2025-07-29T19:22:37.002497Z","level":"info","event":"Task operator:<Task(PythonOperator): python>","chan":"stdout","logger":"task"}
