{"timestamp":"2025-07-29T20:03:21.525728","level":"info","event":"DAG bundles loaded: dags-folder, example_dags","logger":"airflow.dag_processing.bundles.manager.DagBundlesManager"}
{"timestamp":"2025-07-29T20:03:21.526264","level":"info","event":"Filling up the DagBag from /opt/airflow/dags/3_dag_principal.py","logger":"airflow.models.dagbag.DagBag"}
{"timestamp":"2025-07-29T20:03:21.564593Z","level":"info","event":"Task instance is in running state","chan":"stdout","logger":"task"}
{"timestamp":"2025-07-29T20:03:21.564767Z","level":"info","event":" Previous state of the Task instance: TaskInstanceState.QUEUED","chan":"stdout","logger":"task"}
{"timestamp":"2025-07-29T20:03:21.565110Z","level":"info","event":"Current task name:python_principal","chan":"stdout","logger":"task"}
{"timestamp":"2025-07-29T20:03:21.565236Z","level":"info","event":"Dag name:3_DAG_principal","chan":"stdout","logger":"task"}
{"timestamp":"2025-07-29T20:03:21.567152Z","level":"info","event":"DAG principal","chan":"stdout","logger":"task"}
{"timestamp":"2025-07-29T20:03:21.567997Z","level":"info","event":"{'conn': <ConnectionAccessor (dynamic access)>,","chan":"stdout","logger":"task"}
{"timestamp":"2025-07-29T20:03:21.568200Z","level":"info","event":" 'dag': <DAG: 3_DAG_principal>,","chan":"stdout","logger":"task"}
{"timestamp":"2025-07-29T20:03:21.568298Z","level":"info","event":" 'dag_run': DagRun(dag_id='3_DAG_principal', run_id='scheduled__2024-03-05T20:00:00+00:00', logical_date=datetime.datetime(2024, 3, 5, 20, 0, tzinfo=datetime.timezone.utc), data_interval_start=datetime.datetime(2024, 3, 5, 20, 0, tzinfo=datetime.timezone.utc), data_interval_end=datetime.datetime(2024, 3, 5, 20, 0, tzinfo=datetime.timezone.utc), run_after=datetime.datetime(2024, 3, 5, 20, 0, tzinfo=datetime.timezone.utc), start_date=datetime.datetime(2025, 7, 29, 20, 3, 20, 320576, tzinfo=datetime.timezone.utc), end_date=None, clear_number=0, run_type=<DagRunType.SCHEDULED: 'scheduled'>, conf={}, consumed_asset_events=[]),","chan":"stdout","logger":"task"}
{"timestamp":"2025-07-29T20:03:21.568398Z","level":"info","event":" 'data_interval_end': DateTime(2024, 3, 5, 20, 0, 0, tzinfo=Timezone('UTC')),","chan":"stdout","logger":"task"}
{"timestamp":"2025-07-29T20:03:21.568469Z","level":"info","event":" 'data_interval_start': DateTime(2024, 3, 5, 20, 0, 0, tzinfo=Timezone('UTC')),","chan":"stdout","logger":"task"}
{"timestamp":"2025-07-29T20:03:21.568625Z","level":"info","event":" 'ds': '2024-03-05',","chan":"stdout","logger":"task"}
{"timestamp":"2025-07-29T20:03:21.568701Z","level":"info","event":" 'ds_nodash': '20240305',","chan":"stdout","logger":"task"}
{"timestamp":"2025-07-29T20:03:21.568769Z","level":"info","event":" 'inlet_events': InletEventsAccessors(_inlets=[], _assets={}, _asset_aliases={}),","chan":"stdout","logger":"task"}
{"timestamp":"2025-07-29T20:03:21.568832Z","level":"info","event":" 'inlets': [],","chan":"stdout","logger":"task"}
{"timestamp":"2025-07-29T20:03:21.568892Z","level":"info","event":" 'logical_date': DateTime(2024, 3, 5, 20, 0, 0, tzinfo=Timezone('UTC')),","chan":"stdout","logger":"task"}
{"timestamp":"2025-07-29T20:03:21.568952Z","level":"info","event":" 'macros': <MacrosAccessor (dynamic access to macros)>,","chan":"stdout","logger":"task"}
{"timestamp":"2025-07-29T20:03:21.569014Z","level":"info","event":" 'map_index_template': None,","chan":"stdout","logger":"task"}
{"timestamp":"2025-07-29T20:03:21.569073Z","level":"info","event":" 'outlet_events': <airflow.sdk.execution_time.context.OutletEventAccessors object at 0x7fb66fde2b70>,","chan":"stdout","logger":"task"}
{"timestamp":"2025-07-29T20:03:21.569135Z","level":"info","event":" 'outlets': [],","chan":"stdout","logger":"task"}
{"timestamp":"2025-07-29T20:03:21.569194Z","level":"info","event":" 'params': {},","chan":"stdout","logger":"task"}
{"timestamp":"2025-07-29T20:03:21.579321Z","level":"info","event":" 'prev_data_interval_end_success': <Proxy at 0x7fb66fc0e420 with factory <function RuntimeTaskInstance.get_template_context.<locals>.<lambda> at 0x7fb66fc323e0>>,","chan":"stdout","logger":"task"}
{"timestamp":"2025-07-29T20:03:21.579525Z","level":"info","event":" 'prev_data_interval_start_success': <Proxy at 0x7fb67ea14ef0 with factory <function RuntimeTaskInstance.get_template_context.<locals>.<lambda> at 0x7fb66fc30c20>>,","chan":"stdout","logger":"task"}
{"timestamp":"2025-07-29T20:03:21.579619Z","level":"info","event":" 'prev_end_date_success': <Proxy at 0x7fb66fc0ea80 with factory <function RuntimeTaskInstance.get_template_context.<locals>.<lambda> at 0x7fb66fc32480>>,","chan":"stdout","logger":"task"}
{"timestamp":"2025-07-29T20:03:21.579701Z","level":"info","event":" 'prev_start_date_success': <Proxy at 0x7fb66fc0eba0 with factory <function RuntimeTaskInstance.get_template_context.<locals>.<lambda> at 0x7fb66fc311c0>>,","chan":"stdout","logger":"task"}
{"timestamp":"2025-07-29T20:03:21.579756Z","level":"info","event":" 'run_id': 'scheduled__2024-03-05T20:00:00+00:00',","chan":"stdout","logger":"task"}
{"timestamp":"2025-07-29T20:03:21.579802Z","level":"info","event":" 'task': <Task(PythonOperator): python_principal>,","chan":"stdout","logger":"task"}
{"timestamp":"2025-07-29T20:03:21.579849Z","level":"info","event":" 'task_instance': RuntimeTaskInstance(id=UUID('019857c8-4859-7da3-8410-155d3cbf12b7'), task_id='python_principal', dag_id='3_DAG_principal', run_id='scheduled__2024-03-05T20:00:00+00:00', try_number=1, map_index=-1, hostname='bf6f1e7a6f11', context_carrier={}, task=<Task(PythonOperator): python_principal>, bundle_instance=LocalDagBundle(name=dags-folder), max_tries=0, start_date=datetime.datetime(2025, 7, 29, 20, 3, 20, 991022, tzinfo=datetime.timezone.utc), end_date=None, state=<TaskInstanceState.RUNNING: 'running'>, is_mapped=False, rendered_map_index=None, log_url='http://localhost:8080/dags/3_DAG_principal/runs/scheduled__2024-03-05T20%3A00%3A00%2B00%3A00/tasks/python_principal?try_number=1'),","chan":"stdout","logger":"task"}
{"timestamp":"2025-07-29T20:03:21.579895Z","level":"info","event":" 'task_instance_key_str': '3_DAG_principal__python_principal__20240305',","chan":"stdout","logger":"task"}
{"timestamp":"2025-07-29T20:03:21.579938Z","level":"info","event":" 'task_reschedule_count': 0,","chan":"stdout","logger":"task"}
{"timestamp":"2025-07-29T20:03:21.579979Z","level":"info","event":" 'templates_dict': None,","chan":"stdout","logger":"task"}
{"timestamp":"2025-07-29T20:03:21.580021Z","level":"info","event":" 'ti': RuntimeTaskInstance(id=UUID('019857c8-4859-7da3-8410-155d3cbf12b7'), task_id='python_principal', dag_id='3_DAG_principal', run_id='scheduled__2024-03-05T20:00:00+00:00', try_number=1, map_index=-1, hostname='bf6f1e7a6f11', context_carrier={}, task=<Task(PythonOperator): python_principal>, bundle_instance=LocalDagBundle(name=dags-folder), max_tries=0, start_date=datetime.datetime(2025, 7, 29, 20, 3, 20, 991022, tzinfo=datetime.timezone.utc), end_date=None, state=<TaskInstanceState.RUNNING: 'running'>, is_mapped=False, rendered_map_index=None, log_url='http://localhost:8080/dags/3_DAG_principal/runs/scheduled__2024-03-05T20%3A00%3A00%2B00%3A00/tasks/python_principal?try_number=1'),","chan":"stdout","logger":"task"}
{"timestamp":"2025-07-29T20:03:21.580117Z","level":"info","event":" 'triggering_asset_events': TriggeringAssetEventsAccessor(_events=defaultdict(<class 'list'>, {})),","chan":"stdout","logger":"task"}
{"timestamp":"2025-07-29T20:03:21.580195Z","level":"info","event":" 'ts': '2024-03-05T20:00:00+00:00',","chan":"stdout","logger":"task"}
{"timestamp":"2025-07-29T20:03:21.580260Z","level":"info","event":" 'ts_nodash': '20240305T200000',","chan":"stdout","logger":"task"}
{"timestamp":"2025-07-29T20:03:21.580322Z","level":"info","event":" 'ts_nodash_with_tz': '20240305T200000+0000',","chan":"stdout","logger":"task"}
{"timestamp":"2025-07-29T20:03:21.580368Z","level":"info","event":" 'var': {'json': <VariableAccessor (dynamic access)>,","chan":"stdout","logger":"task"}
{"timestamp":"2025-07-29T20:03:21.580410Z","level":"info","event":"         'value': <VariableAccessor (dynamic access)>}}","chan":"stdout","logger":"task"}
{"timestamp":"2025-07-29T20:03:21.579670","level":"info","event":"Done. Returned value was: principal","logger":"airflow.task.operators.airflow.providers.standard.operators.python.PythonOperator"}
{"timestamp":"2025-07-29T20:03:21.579848","level":"info","event":"Pushing xcom","ti":"RuntimeTaskInstance(id=UUID('019857c8-4859-7da3-8410-155d3cbf12b7'), task_id='python_principal', dag_id='3_DAG_principal', run_id='scheduled__2024-03-05T20:00:00+00:00', try_number=1, map_index=-1, hostname='bf6f1e7a6f11', context_carrier={}, task=<Task(PythonOperator): python_principal>, bundle_instance=LocalDagBundle(name=dags-folder), max_tries=0, start_date=datetime.datetime(2025, 7, 29, 20, 3, 20, 991022, tzinfo=datetime.timezone.utc), end_date=None, state=<TaskInstanceState.RUNNING: 'running'>, is_mapped=False, rendered_map_index=None, log_url='http://localhost:8080/dags/3_DAG_principal/runs/scheduled__2024-03-05T20%3A00%3A00%2B00%3A00/tasks/python_principal?try_number=1')","logger":"task"}
{"timestamp":"2025-07-29T20:03:21.612663Z","level":"info","event":"Task instance in success state","chan":"stdout","logger":"task"}
{"timestamp":"2025-07-29T20:03:21.612845Z","level":"info","event":" Previous state of the Task instance: TaskInstanceState.RUNNING","chan":"stdout","logger":"task"}
{"timestamp":"2025-07-29T20:03:21.612969Z","level":"info","event":"Task operator:<Task(PythonOperator): python_principal>","chan":"stdout","logger":"task"}
