{"timestamp":"2025-07-29T19:47:49.070187","level":"info","event":"DAG bundles loaded: dags-folder, example_dags","logger":"airflow.dag_processing.bundles.manager.DagBundlesManager"}
{"timestamp":"2025-07-29T19:47:49.070777","level":"info","event":"Filling up the DagBag from /opt/airflow/dags/python_operator_v1.py","logger":"airflow.models.dagbag.DagBag"}
{"timestamp":"2025-07-29T19:47:49.097493Z","level":"info","event":"Task instance is in running state","chan":"stdout","logger":"task"}
{"timestamp":"2025-07-29T19:47:49.098352Z","level":"info","event":" Previous state of the Task instance: TaskInstanceState.QUEUED","chan":"stdout","logger":"task"}
{"timestamp":"2025-07-29T19:47:49.099621Z","level":"info","event":"Current task name:python","chan":"stdout","logger":"task"}
{"timestamp":"2025-07-29T19:47:49.099811Z","level":"info","event":"Dag name:python_operator_v1","chan":"stdout","logger":"task"}
{"timestamp":"2025-07-29T19:47:49.101122Z","level":"info","event":"poliana","chan":"stdout","logger":"task"}
{"timestamp":"2025-07-29T19:47:49.102201Z","level":"info","event":"{'conn': <ConnectionAccessor (dynamic access)>,","chan":"stdout","logger":"task"}
{"timestamp":"2025-07-29T19:47:49.102423Z","level":"info","event":" 'dag': <DAG: python_operator_v1>,","chan":"stdout","logger":"task"}
{"timestamp":"2025-07-29T19:47:49.102616Z","level":"info","event":" 'dag_run': DagRun(dag_id='python_operator_v1', run_id='scheduled__2023-06-24T01:48:00+00:00', logical_date=datetime.datetime(2023, 6, 24, 1, 48, tzinfo=datetime.timezone.utc), data_interval_start=datetime.datetime(2023, 6, 24, 1, 48, tzinfo=datetime.timezone.utc), data_interval_end=datetime.datetime(2023, 6, 24, 1, 48, tzinfo=datetime.timezone.utc), run_after=datetime.datetime(2023, 6, 24, 1, 48, tzinfo=datetime.timezone.utc), start_date=datetime.datetime(2025, 7, 29, 19, 47, 47, 327231, tzinfo=datetime.timezone.utc), end_date=None, clear_number=0, run_type=<DagRunType.SCHEDULED: 'scheduled'>, conf={}, consumed_asset_events=[]),","chan":"stdout","logger":"task"}
{"timestamp":"2025-07-29T19:47:49.102738Z","level":"info","event":" 'data_interval_end': DateTime(2023, 6, 24, 1, 48, 0, tzinfo=Timezone('UTC')),","chan":"stdout","logger":"task"}
{"timestamp":"2025-07-29T19:47:49.102821Z","level":"info","event":" 'data_interval_start': DateTime(2023, 6, 24, 1, 48, 0, tzinfo=Timezone('UTC')),","chan":"stdout","logger":"task"}
{"timestamp":"2025-07-29T19:47:49.102899Z","level":"info","event":" 'ds': '2023-06-24',","chan":"stdout","logger":"task"}
{"timestamp":"2025-07-29T19:47:49.102951Z","level":"info","event":" 'ds_nodash': '20230624',","chan":"stdout","logger":"task"}
{"timestamp":"2025-07-29T19:47:49.102995Z","level":"info","event":" 'inlet_events': InletEventsAccessors(_inlets=[], _assets={}, _asset_aliases={}),","chan":"stdout","logger":"task"}
{"timestamp":"2025-07-29T19:47:49.103038Z","level":"info","event":" 'inlets': [],","chan":"stdout","logger":"task"}
{"timestamp":"2025-07-29T19:47:49.103080Z","level":"info","event":" 'logical_date': DateTime(2023, 6, 24, 1, 48, 0, tzinfo=Timezone('UTC')),","chan":"stdout","logger":"task"}
{"timestamp":"2025-07-29T19:47:49.103126Z","level":"info","event":" 'macros': <MacrosAccessor (dynamic access to macros)>,","chan":"stdout","logger":"task"}
{"timestamp":"2025-07-29T19:47:49.103167Z","level":"info","event":" 'map_index_template': None,","chan":"stdout","logger":"task"}
{"timestamp":"2025-07-29T19:47:49.103208Z","level":"info","event":" 'outlet_events': <airflow.sdk.execution_time.context.OutletEventAccessors object at 0x7fb67bad4a70>,","chan":"stdout","logger":"task"}
{"timestamp":"2025-07-29T19:47:49.103250Z","level":"info","event":" 'outlets': [],","chan":"stdout","logger":"task"}
{"timestamp":"2025-07-29T19:47:49.103290Z","level":"info","event":" 'params': {},","chan":"stdout","logger":"task"}
{"timestamp":"2025-07-29T19:47:49.116566Z","level":"info","event":" 'prev_data_interval_end_success': <Proxy at 0x7fb66fdc69c0 with factory <function RuntimeTaskInstance.get_template_context.<locals>.<lambda> at 0x7fb66fdee020>>,","chan":"stdout","logger":"task"}
{"timestamp":"2025-07-29T19:47:49.116781Z","level":"info","event":" 'prev_data_interval_start_success': <Proxy at 0x7fb677b358b0 with factory <function RuntimeTaskInstance.get_template_context.<locals>.<lambda> at 0x7fb66fdef740>>,","chan":"stdout","logger":"task"}
{"timestamp":"2025-07-29T19:47:49.116875Z","level":"info","event":" 'prev_end_date_success': <Proxy at 0x7fb66fdc6de0 with factory <function RuntimeTaskInstance.get_template_context.<locals>.<lambda> at 0x7fb66fdef7e0>>,","chan":"stdout","logger":"task"}
{"timestamp":"2025-07-29T19:47:49.116948Z","level":"info","event":" 'prev_start_date_success': <Proxy at 0x7fb67ea264b0 with factory <function RuntimeTaskInstance.get_template_context.<locals>.<lambda> at 0x7fb66fdee520>>,","chan":"stdout","logger":"task"}
{"timestamp":"2025-07-29T19:47:49.117012Z","level":"info","event":" 'run_id': 'scheduled__2023-06-24T01:48:00+00:00',","chan":"stdout","logger":"task"}
{"timestamp":"2025-07-29T19:47:49.117075Z","level":"info","event":" 'task': <Task(PythonOperator): python>,","chan":"stdout","logger":"task"}
{"timestamp":"2025-07-29T19:47:49.117143Z","level":"info","event":" 'task_instance': RuntimeTaskInstance(id=UUID('019857ba-0bf5-7fda-bad4-cd9415abfddc'), task_id='python', dag_id='python_operator_v1', run_id='scheduled__2023-06-24T01:48:00+00:00', try_number=1, map_index=-1, hostname='bf6f1e7a6f11', context_carrier={}, task=<Task(PythonOperator): python>, bundle_instance=LocalDagBundle(name=dags-folder), max_tries=0, start_date=datetime.datetime(2025, 7, 29, 19, 47, 48, 468983, tzinfo=datetime.timezone.utc), end_date=None, state=<TaskInstanceState.RUNNING: 'running'>, is_mapped=False, rendered_map_index=None, log_url='http://localhost:8080/dags/python_operator_v1/runs/scheduled__2023-06-24T01%3A48%3A00%2B00%3A00/tasks/python?try_number=1'),","chan":"stdout","logger":"task"}
{"timestamp":"2025-07-29T19:47:49.117210Z","level":"info","event":" 'task_instance_key_str': 'python_operator_v1__python__20230624',","chan":"stdout","logger":"task"}
{"timestamp":"2025-07-29T19:47:49.117272Z","level":"info","event":" 'task_reschedule_count': 0,","chan":"stdout","logger":"task"}
{"timestamp":"2025-07-29T19:47:49.117356Z","level":"info","event":" 'templates_dict': None,","chan":"stdout","logger":"task"}
{"timestamp":"2025-07-29T19:47:49.117421Z","level":"info","event":" 'ti': RuntimeTaskInstance(id=UUID('019857ba-0bf5-7fda-bad4-cd9415abfddc'), task_id='python', dag_id='python_operator_v1', run_id='scheduled__2023-06-24T01:48:00+00:00', try_number=1, map_index=-1, hostname='bf6f1e7a6f11', context_carrier={}, task=<Task(PythonOperator): python>, bundle_instance=LocalDagBundle(name=dags-folder), max_tries=0, start_date=datetime.datetime(2025, 7, 29, 19, 47, 48, 468983, tzinfo=datetime.timezone.utc), end_date=None, state=<TaskInstanceState.RUNNING: 'running'>, is_mapped=False, rendered_map_index=None, log_url='http://localhost:8080/dags/python_operator_v1/runs/scheduled__2023-06-24T01%3A48%3A00%2B00%3A00/tasks/python?try_number=1'),","chan":"stdout","logger":"task"}
{"timestamp":"2025-07-29T19:47:49.117485Z","level":"info","event":" 'triggering_asset_events': TriggeringAssetEventsAccessor(_events=defaultdict(<class 'list'>, {})),","chan":"stdout","logger":"task"}
{"timestamp":"2025-07-29T19:47:49.117547Z","level":"info","event":" 'ts': '2023-06-24T01:48:00+00:00',","chan":"stdout","logger":"task"}
{"timestamp":"2025-07-29T19:47:49.117608Z","level":"info","event":" 'ts_nodash': '20230624T014800',","chan":"stdout","logger":"task"}
{"timestamp":"2025-07-29T19:47:49.117667Z","level":"info","event":" 'ts_nodash_with_tz': '20230624T014800+0000',","chan":"stdout","logger":"task"}
{"timestamp":"2025-07-29T19:47:49.117769Z","level":"info","event":" 'var': {'json': <VariableAccessor (dynamic access)>,","chan":"stdout","logger":"task"}
{"timestamp":"2025-07-29T19:47:49.117839Z","level":"info","event":"         'value': <VariableAccessor (dynamic access)>}}","chan":"stdout","logger":"task"}
{"timestamp":"2025-07-29T19:47:49.117278","level":"info","event":"Done. Returned value was: 123","logger":"airflow.task.operators.airflow.providers.standard.operators.python.PythonOperator"}
{"timestamp":"2025-07-29T19:47:49.117492","level":"info","event":"Pushing xcom","ti":"RuntimeTaskInstance(id=UUID('019857ba-0bf5-7fda-bad4-cd9415abfddc'), task_id='python', dag_id='python_operator_v1', run_id='scheduled__2023-06-24T01:48:00+00:00', try_number=1, map_index=-1, hostname='bf6f1e7a6f11', context_carrier={}, task=<Task(PythonOperator): python>, bundle_instance=LocalDagBundle(name=dags-folder), max_tries=0, start_date=datetime.datetime(2025, 7, 29, 19, 47, 48, 468983, tzinfo=datetime.timezone.utc), end_date=None, state=<TaskInstanceState.RUNNING: 'running'>, is_mapped=False, rendered_map_index=None, log_url='http://localhost:8080/dags/python_operator_v1/runs/scheduled__2023-06-24T01%3A48%3A00%2B00%3A00/tasks/python?try_number=1')","logger":"task"}
{"timestamp":"2025-07-29T19:47:49.152991Z","level":"info","event":"Task instance in success state","chan":"stdout","logger":"task"}
{"timestamp":"2025-07-29T19:47:49.153225Z","level":"info","event":" Previous state of the Task instance: TaskInstanceState.RUNNING","chan":"stdout","logger":"task"}
{"timestamp":"2025-07-29T19:47:49.153394Z","level":"info","event":"Task operator:<Task(PythonOperator): python>","chan":"stdout","logger":"task"}
