{"timestamp":"2025-07-29T19:51:58.095188","level":"info","event":"DAG bundles loaded: dags-folder, example_dags","logger":"airflow.dag_processing.bundles.manager.DagBundlesManager"}
{"timestamp":"2025-07-29T19:51:58.096899","level":"info","event":"Filling up the DagBag from /opt/airflow/dags/2_python_operator_v1.py","logger":"airflow.models.dagbag.DagBag"}
{"timestamp":"2025-07-29T19:51:58.135494Z","level":"info","event":"Task instance is in running state","chan":"stdout","logger":"task"}
{"timestamp":"2025-07-29T19:51:58.135933Z","level":"info","event":" Previous state of the Task instance: TaskInstanceState.QUEUED","chan":"stdout","logger":"task"}
{"timestamp":"2025-07-29T19:51:58.136672Z","level":"info","event":"Current task name:python","chan":"stdout","logger":"task"}
{"timestamp":"2025-07-29T19:51:58.137056Z","level":"info","event":"Dag name:python_operator_v1","chan":"stdout","logger":"task"}
{"timestamp":"2025-07-29T19:51:58.139639Z","level":"info","event":"poliana","chan":"stdout","logger":"task"}
{"timestamp":"2025-07-29T19:51:58.140790Z","level":"info","event":"{'conn': <ConnectionAccessor (dynamic access)>,","chan":"stdout","logger":"task"}
{"timestamp":"2025-07-29T19:51:58.141132Z","level":"info","event":" 'dag': <DAG: python_operator_v1>,","chan":"stdout","logger":"task"}
{"timestamp":"2025-07-29T19:51:58.141507Z","level":"info","event":" 'dag_run': DagRun(dag_id='python_operator_v1', run_id='scheduled__2023-06-24T06:18:00+00:00', logical_date=datetime.datetime(2023, 6, 24, 6, 18, tzinfo=datetime.timezone.utc), data_interval_start=datetime.datetime(2023, 6, 24, 6, 18, tzinfo=datetime.timezone.utc), data_interval_end=datetime.datetime(2023, 6, 24, 6, 18, tzinfo=datetime.timezone.utc), run_after=datetime.datetime(2023, 6, 24, 6, 18, tzinfo=datetime.timezone.utc), start_date=datetime.datetime(2025, 7, 29, 19, 51, 57, 304121, tzinfo=datetime.timezone.utc), end_date=None, clear_number=0, run_type=<DagRunType.SCHEDULED: 'scheduled'>, conf={}, consumed_asset_events=[]),","chan":"stdout","logger":"task"}
{"timestamp":"2025-07-29T19:51:58.141790Z","level":"info","event":" 'data_interval_end': DateTime(2023, 6, 24, 6, 18, 0, tzinfo=Timezone('UTC')),","chan":"stdout","logger":"task"}
{"timestamp":"2025-07-29T19:51:58.142023Z","level":"info","event":" 'data_interval_start': DateTime(2023, 6, 24, 6, 18, 0, tzinfo=Timezone('UTC')),","chan":"stdout","logger":"task"}
{"timestamp":"2025-07-29T19:51:58.142244Z","level":"info","event":" 'ds': '2023-06-24',","chan":"stdout","logger":"task"}
{"timestamp":"2025-07-29T19:51:58.142460Z","level":"info","event":" 'ds_nodash': '20230624',","chan":"stdout","logger":"task"}
{"timestamp":"2025-07-29T19:51:58.142695Z","level":"info","event":" 'inlet_events': InletEventsAccessors(_inlets=[], _assets={}, _asset_aliases={}),","chan":"stdout","logger":"task"}
{"timestamp":"2025-07-29T19:51:58.142933Z","level":"info","event":" 'inlets': [],","chan":"stdout","logger":"task"}
{"timestamp":"2025-07-29T19:51:58.143251Z","level":"info","event":" 'logical_date': DateTime(2023, 6, 24, 6, 18, 0, tzinfo=Timezone('UTC')),","chan":"stdout","logger":"task"}
{"timestamp":"2025-07-29T19:51:58.143498Z","level":"info","event":" 'macros': <MacrosAccessor (dynamic access to macros)>,","chan":"stdout","logger":"task"}
{"timestamp":"2025-07-29T19:51:58.143663Z","level":"info","event":" 'map_index_template': None,","chan":"stdout","logger":"task"}
{"timestamp":"2025-07-29T19:51:58.143806Z","level":"info","event":" 'outlet_events': <airflow.sdk.execution_time.context.OutletEventAccessors object at 0x7fb66fd84d70>,","chan":"stdout","logger":"task"}
{"timestamp":"2025-07-29T19:51:58.144059Z","level":"info","event":" 'outlets': [],","chan":"stdout","logger":"task"}
{"timestamp":"2025-07-29T19:51:58.144209Z","level":"info","event":" 'params': {},","chan":"stdout","logger":"task"}
{"timestamp":"2025-07-29T19:51:58.170352Z","level":"info","event":" 'prev_data_interval_end_success': <Proxy at 0x7fb66fde8f20 with factory <function RuntimeTaskInstance.get_template_context.<locals>.<lambda> at 0x7fb66fc10400>>,","chan":"stdout","logger":"task"}
{"timestamp":"2025-07-29T19:51:58.170585Z","level":"info","event":" 'prev_data_interval_start_success': <Proxy at 0x7fb67eba4ef0 with factory <function RuntimeTaskInstance.get_template_context.<locals>.<lambda> at 0x7fb66fdf3240>>,","chan":"stdout","logger":"task"}
{"timestamp":"2025-07-29T19:51:58.170706Z","level":"info","event":" 'prev_end_date_success': <Proxy at 0x7fb66fde9370 with factory <function RuntimeTaskInstance.get_template_context.<locals>.<lambda> at 0x7fb66fdf2c00>>,","chan":"stdout","logger":"task"}
{"timestamp":"2025-07-29T19:51:58.170790Z","level":"info","event":" 'prev_start_date_success': <Proxy at 0x7fb66fde9310 with factory <function RuntimeTaskInstance.get_template_context.<locals>.<lambda> at 0x7fb66fdf3100>>,","chan":"stdout","logger":"task"}
{"timestamp":"2025-07-29T19:51:58.170870Z","level":"info","event":" 'run_id': 'scheduled__2023-06-24T06:18:00+00:00',","chan":"stdout","logger":"task"}
{"timestamp":"2025-07-29T19:51:58.170946Z","level":"info","event":" 'task': <Task(PythonOperator): python>,","chan":"stdout","logger":"task"}
{"timestamp":"2025-07-29T19:51:58.171015Z","level":"info","event":" 'task_instance': RuntimeTaskInstance(id=UUID('019857bd-dc73-7649-9c7e-2d4f9a859a8c'), task_id='python', dag_id='python_operator_v1', run_id='scheduled__2023-06-24T06:18:00+00:00', try_number=1, map_index=-1, hostname='bf6f1e7a6f11', context_carrier={}, task=<Task(PythonOperator): python>, bundle_instance=LocalDagBundle(name=dags-folder), max_tries=0, start_date=datetime.datetime(2025, 7, 29, 19, 51, 57, 477624, tzinfo=datetime.timezone.utc), end_date=None, state=<TaskInstanceState.RUNNING: 'running'>, is_mapped=False, rendered_map_index=None, log_url='http://localhost:8080/dags/python_operator_v1/runs/scheduled__2023-06-24T06%3A18%3A00%2B00%3A00/tasks/python?try_number=1'),","chan":"stdout","logger":"task"}
{"timestamp":"2025-07-29T19:51:58.171085Z","level":"info","event":" 'task_instance_key_str': 'python_operator_v1__python__20230624',","chan":"stdout","logger":"task"}
{"timestamp":"2025-07-29T19:51:58.171157Z","level":"info","event":" 'task_reschedule_count': 0,","chan":"stdout","logger":"task"}
{"timestamp":"2025-07-29T19:51:58.171227Z","level":"info","event":" 'templates_dict': None,","chan":"stdout","logger":"task"}
{"timestamp":"2025-07-29T19:51:58.171302Z","level":"info","event":" 'ti': RuntimeTaskInstance(id=UUID('019857bd-dc73-7649-9c7e-2d4f9a859a8c'), task_id='python', dag_id='python_operator_v1', run_id='scheduled__2023-06-24T06:18:00+00:00', try_number=1, map_index=-1, hostname='bf6f1e7a6f11', context_carrier={}, task=<Task(PythonOperator): python>, bundle_instance=LocalDagBundle(name=dags-folder), max_tries=0, start_date=datetime.datetime(2025, 7, 29, 19, 51, 57, 477624, tzinfo=datetime.timezone.utc), end_date=None, state=<TaskInstanceState.RUNNING: 'running'>, is_mapped=False, rendered_map_index=None, log_url='http://localhost:8080/dags/python_operator_v1/runs/scheduled__2023-06-24T06%3A18%3A00%2B00%3A00/tasks/python?try_number=1'),","chan":"stdout","logger":"task"}
{"timestamp":"2025-07-29T19:51:58.171450Z","level":"info","event":" 'triggering_asset_events': TriggeringAssetEventsAccessor(_events=defaultdict(<class 'list'>, {})),","chan":"stdout","logger":"task"}
{"timestamp":"2025-07-29T19:51:58.171534Z","level":"info","event":" 'ts': '2023-06-24T06:18:00+00:00',","chan":"stdout","logger":"task"}
{"timestamp":"2025-07-29T19:51:58.171583Z","level":"info","event":" 'ts_nodash': '20230624T061800',","chan":"stdout","logger":"task"}
{"timestamp":"2025-07-29T19:51:58.171626Z","level":"info","event":" 'ts_nodash_with_tz': '20230624T061800+0000',","chan":"stdout","logger":"task"}
{"timestamp":"2025-07-29T19:51:58.171667Z","level":"info","event":" 'var': {'json': <VariableAccessor (dynamic access)>,","chan":"stdout","logger":"task"}
{"timestamp":"2025-07-29T19:51:58.171708Z","level":"info","event":"         'value': <VariableAccessor (dynamic access)>}}","chan":"stdout","logger":"task"}
{"timestamp":"2025-07-29T19:51:58.171170","level":"info","event":"Done. Returned value was: 123","logger":"airflow.task.operators.airflow.providers.standard.operators.python.PythonOperator"}
{"timestamp":"2025-07-29T19:51:58.171490","level":"info","event":"Pushing xcom","ti":"RuntimeTaskInstance(id=UUID('019857bd-dc73-7649-9c7e-2d4f9a859a8c'), task_id='python', dag_id='python_operator_v1', run_id='scheduled__2023-06-24T06:18:00+00:00', try_number=1, map_index=-1, hostname='bf6f1e7a6f11', context_carrier={}, task=<Task(PythonOperator): python>, bundle_instance=LocalDagBundle(name=dags-folder), max_tries=0, start_date=datetime.datetime(2025, 7, 29, 19, 51, 57, 477624, tzinfo=datetime.timezone.utc), end_date=None, state=<TaskInstanceState.RUNNING: 'running'>, is_mapped=False, rendered_map_index=None, log_url='http://localhost:8080/dags/python_operator_v1/runs/scheduled__2023-06-24T06%3A18%3A00%2B00%3A00/tasks/python?try_number=1')","logger":"task"}
{"timestamp":"2025-07-29T19:51:58.204676Z","level":"info","event":"Task instance in success state","chan":"stdout","logger":"task"}
{"timestamp":"2025-07-29T19:51:58.204838Z","level":"info","event":" Previous state of the Task instance: TaskInstanceState.RUNNING","chan":"stdout","logger":"task"}
{"timestamp":"2025-07-29T19:51:58.205061Z","level":"info","event":"Task operator:<Task(PythonOperator): python>","chan":"stdout","logger":"task"}
