{"timestamp":"2025-07-29T19:34:20.867965","level":"info","event":"DAG bundles loaded: dags-folder, example_dags","logger":"airflow.dag_processing.bundles.manager.DagBundlesManager"}
{"timestamp":"2025-07-29T19:34:20.868654","level":"info","event":"Filling up the DagBag from /opt/airflow/dags/python_operator_v1.py","logger":"airflow.models.dagbag.DagBag"}
{"timestamp":"2025-07-29T19:34:20.898746Z","level":"info","event":"Task instance is in running state","chan":"stdout","logger":"task"}
{"timestamp":"2025-07-29T19:34:20.898918Z","level":"info","event":" Previous state of the Task instance: TaskInstanceState.QUEUED","chan":"stdout","logger":"task"}
{"timestamp":"2025-07-29T19:34:20.899045Z","level":"info","event":"Current task name:python","chan":"stdout","logger":"task"}
{"timestamp":"2025-07-29T19:34:20.899163Z","level":"info","event":"Dag name:python_operator_v1","chan":"stdout","logger":"task"}
{"timestamp":"2025-07-29T19:34:20.901061Z","level":"info","event":"poliana","chan":"stdout","logger":"task"}
{"timestamp":"2025-07-29T19:34:20.901820Z","level":"info","event":"{'conn': <ConnectionAccessor (dynamic access)>,","chan":"stdout","logger":"task"}
{"timestamp":"2025-07-29T19:34:20.901938Z","level":"info","event":" 'dag': <DAG: python_operator_v1>,","chan":"stdout","logger":"task"}
{"timestamp":"2025-07-29T19:34:20.902050Z","level":"info","event":" 'dag_run': DagRun(dag_id='python_operator_v1', run_id='scheduled__2023-06-23T11:00:00+00:00', logical_date=datetime.datetime(2023, 6, 23, 11, 0, tzinfo=datetime.timezone.utc), data_interval_start=datetime.datetime(2023, 6, 23, 11, 0, tzinfo=datetime.timezone.utc), data_interval_end=datetime.datetime(2023, 6, 23, 11, 0, tzinfo=datetime.timezone.utc), run_after=datetime.datetime(2023, 6, 23, 11, 0, tzinfo=datetime.timezone.utc), start_date=datetime.datetime(2025, 7, 29, 19, 34, 19, 781332, tzinfo=datetime.timezone.utc), end_date=None, clear_number=0, run_type=<DagRunType.SCHEDULED: 'scheduled'>, conf={}, consumed_asset_events=[]),","chan":"stdout","logger":"task"}
{"timestamp":"2025-07-29T19:34:20.902111Z","level":"info","event":" 'data_interval_end': DateTime(2023, 6, 23, 11, 0, 0, tzinfo=Timezone('UTC')),","chan":"stdout","logger":"task"}
{"timestamp":"2025-07-29T19:34:20.902159Z","level":"info","event":" 'data_interval_start': DateTime(2023, 6, 23, 11, 0, 0, tzinfo=Timezone('UTC')),","chan":"stdout","logger":"task"}
{"timestamp":"2025-07-29T19:34:20.902202Z","level":"info","event":" 'ds': '2023-06-23',","chan":"stdout","logger":"task"}
{"timestamp":"2025-07-29T19:34:20.902244Z","level":"info","event":" 'ds_nodash': '20230623',","chan":"stdout","logger":"task"}
{"timestamp":"2025-07-29T19:34:20.902286Z","level":"info","event":" 'inlet_events': InletEventsAccessors(_inlets=[], _assets={}, _asset_aliases={}),","chan":"stdout","logger":"task"}
{"timestamp":"2025-07-29T19:34:20.902328Z","level":"info","event":" 'inlets': [],","chan":"stdout","logger":"task"}
{"timestamp":"2025-07-29T19:34:20.902369Z","level":"info","event":" 'logical_date': DateTime(2023, 6, 23, 11, 0, 0, tzinfo=Timezone('UTC')),","chan":"stdout","logger":"task"}
{"timestamp":"2025-07-29T19:34:20.902410Z","level":"info","event":" 'macros': <MacrosAccessor (dynamic access to macros)>,","chan":"stdout","logger":"task"}
{"timestamp":"2025-07-29T19:34:20.902451Z","level":"info","event":" 'map_index_template': None,","chan":"stdout","logger":"task"}
{"timestamp":"2025-07-29T19:34:20.902492Z","level":"info","event":" 'outlet_events': <airflow.sdk.execution_time.context.OutletEventAccessors object at 0x7fb67c5aa960>,","chan":"stdout","logger":"task"}
{"timestamp":"2025-07-29T19:34:20.902534Z","level":"info","event":" 'outlets': [],","chan":"stdout","logger":"task"}
{"timestamp":"2025-07-29T19:34:20.902574Z","level":"info","event":" 'params': {},","chan":"stdout","logger":"task"}
{"timestamp":"2025-07-29T19:34:20.923020Z","level":"info","event":" 'prev_data_interval_end_success': <Proxy at 0x7fb66fc91580 with factory <function RuntimeTaskInstance.get_template_context.<locals>.<lambda> at 0x7fb66fca5bc0>>,","chan":"stdout","logger":"task"}
{"timestamp":"2025-07-29T19:34:20.923263Z","level":"info","event":" 'prev_data_interval_start_success': <Proxy at 0x7fb66fd6a5a0 with factory <function RuntimeTaskInstance.get_template_context.<locals>.<lambda> at 0x7fb66fca72e0>>,","chan":"stdout","logger":"task"}
{"timestamp":"2025-07-29T19:34:20.923370Z","level":"info","event":" 'prev_end_date_success': <Proxy at 0x7fb66fc91a00 with factory <function RuntimeTaskInstance.get_template_context.<locals>.<lambda> at 0x7fb66fca7380>>,","chan":"stdout","logger":"task"}
{"timestamp":"2025-07-29T19:34:20.923446Z","level":"info","event":" 'prev_start_date_success': <Proxy at 0x7fb66fc91940 with factory <function RuntimeTaskInstance.get_template_context.<locals>.<lambda> at 0x7fb66fca60c0>>,","chan":"stdout","logger":"task"}
{"timestamp":"2025-07-29T19:34:20.923513Z","level":"info","event":" 'run_id': 'scheduled__2023-06-23T11:00:00+00:00',","chan":"stdout","logger":"task"}
{"timestamp":"2025-07-29T19:34:20.923579Z","level":"info","event":" 'task': <Task(PythonOperator): python>,","chan":"stdout","logger":"task"}
{"timestamp":"2025-07-29T19:34:20.923643Z","level":"info","event":" 'task_instance': RuntimeTaskInstance(id=UUID('019857ad-b979-7654-aceb-9df011c975e8'), task_id='python', dag_id='python_operator_v1', run_id='scheduled__2023-06-23T11:00:00+00:00', try_number=1, map_index=-1, hostname='bf6f1e7a6f11', context_carrier={}, task=<Task(PythonOperator): python>, bundle_instance=LocalDagBundle(name=dags-folder), max_tries=0, start_date=datetime.datetime(2025, 7, 29, 19, 34, 20, 243210, tzinfo=datetime.timezone.utc), end_date=None, state=<TaskInstanceState.RUNNING: 'running'>, is_mapped=False, rendered_map_index=None, log_url='http://localhost:8080/dags/python_operator_v1/runs/scheduled__2023-06-23T11%3A00%3A00%2B00%3A00/tasks/python?try_number=1'),","chan":"stdout","logger":"task"}
{"timestamp":"2025-07-29T19:34:20.923710Z","level":"info","event":" 'task_instance_key_str': 'python_operator_v1__python__20230623',","chan":"stdout","logger":"task"}
{"timestamp":"2025-07-29T19:34:20.923772Z","level":"info","event":" 'task_reschedule_count': 0,","chan":"stdout","logger":"task"}
{"timestamp":"2025-07-29T19:34:20.923833Z","level":"info","event":" 'templates_dict': None,","chan":"stdout","logger":"task"}
{"timestamp":"2025-07-29T19:34:20.923894Z","level":"info","event":" 'ti': RuntimeTaskInstance(id=UUID('019857ad-b979-7654-aceb-9df011c975e8'), task_id='python', dag_id='python_operator_v1', run_id='scheduled__2023-06-23T11:00:00+00:00', try_number=1, map_index=-1, hostname='bf6f1e7a6f11', context_carrier={}, task=<Task(PythonOperator): python>, bundle_instance=LocalDagBundle(name=dags-folder), max_tries=0, start_date=datetime.datetime(2025, 7, 29, 19, 34, 20, 243210, tzinfo=datetime.timezone.utc), end_date=None, state=<TaskInstanceState.RUNNING: 'running'>, is_mapped=False, rendered_map_index=None, log_url='http://localhost:8080/dags/python_operator_v1/runs/scheduled__2023-06-23T11%3A00%3A00%2B00%3A00/tasks/python?try_number=1'),","chan":"stdout","logger":"task"}
{"timestamp":"2025-07-29T19:34:20.923958Z","level":"info","event":" 'triggering_asset_events': TriggeringAssetEventsAccessor(_events=defaultdict(<class 'list'>, {})),","chan":"stdout","logger":"task"}
{"timestamp":"2025-07-29T19:34:20.924018Z","level":"info","event":" 'ts': '2023-06-23T11:00:00+00:00',","chan":"stdout","logger":"task"}
{"timestamp":"2025-07-29T19:34:20.924079Z","level":"info","event":" 'ts_nodash': '20230623T110000',","chan":"stdout","logger":"task"}
{"timestamp":"2025-07-29T19:34:20.924138Z","level":"info","event":" 'ts_nodash_with_tz': '20230623T110000+0000',","chan":"stdout","logger":"task"}
{"timestamp":"2025-07-29T19:34:20.924248Z","level":"info","event":" 'var': {'json': <VariableAccessor (dynamic access)>,","chan":"stdout","logger":"task"}
{"timestamp":"2025-07-29T19:34:20.924321Z","level":"info","event":"         'value': <VariableAccessor (dynamic access)>}}","chan":"stdout","logger":"task"}
{"timestamp":"2025-07-29T19:34:20.923796","level":"info","event":"Done. Returned value was: 123","logger":"airflow.task.operators.airflow.providers.standard.operators.python.PythonOperator"}
{"timestamp":"2025-07-29T19:34:20.923989","level":"info","event":"Pushing xcom","ti":"RuntimeTaskInstance(id=UUID('019857ad-b979-7654-aceb-9df011c975e8'), task_id='python', dag_id='python_operator_v1', run_id='scheduled__2023-06-23T11:00:00+00:00', try_number=1, map_index=-1, hostname='bf6f1e7a6f11', context_carrier={}, task=<Task(PythonOperator): python>, bundle_instance=LocalDagBundle(name=dags-folder), max_tries=0, start_date=datetime.datetime(2025, 7, 29, 19, 34, 20, 243210, tzinfo=datetime.timezone.utc), end_date=None, state=<TaskInstanceState.RUNNING: 'running'>, is_mapped=False, rendered_map_index=None, log_url='http://localhost:8080/dags/python_operator_v1/runs/scheduled__2023-06-23T11%3A00%3A00%2B00%3A00/tasks/python?try_number=1')","logger":"task"}
{"timestamp":"2025-07-29T19:34:20.957344Z","level":"info","event":"Task instance in success state","chan":"stdout","logger":"task"}
{"timestamp":"2025-07-29T19:34:20.957568Z","level":"info","event":" Previous state of the Task instance: TaskInstanceState.RUNNING","chan":"stdout","logger":"task"}
{"timestamp":"2025-07-29T19:34:20.957715Z","level":"info","event":"Task operator:<Task(PythonOperator): python>","chan":"stdout","logger":"task"}
