{"timestamp":"2025-07-29T20:05:37.781835","level":"info","event":"DAG bundles loaded: dags-folder, example_dags","logger":"airflow.dag_processing.bundles.manager.DagBundlesManager"}
{"timestamp":"2025-07-29T20:05:37.783516","level":"info","event":"Filling up the DagBag from /opt/airflow/dags/2_python_operator_v1.py","logger":"airflow.models.dagbag.DagBag"}
{"timestamp":"2025-07-29T20:05:37.814823Z","level":"info","event":"Task instance is in running state","chan":"stdout","logger":"task"}
{"timestamp":"2025-07-29T20:05:37.815072Z","level":"info","event":" Previous state of the Task instance: TaskInstanceState.QUEUED","chan":"stdout","logger":"task"}
{"timestamp":"2025-07-29T20:05:37.815976Z","level":"info","event":"Current task name:python","chan":"stdout","logger":"task"}
{"timestamp":"2025-07-29T20:05:37.816134Z","level":"info","event":"Dag name:python_operator_v1","chan":"stdout","logger":"task"}
{"timestamp":"2025-07-29T20:05:37.817518Z","level":"info","event":"poliana","chan":"stdout","logger":"task"}
{"timestamp":"2025-07-29T20:05:37.818474Z","level":"info","event":"{'conn': <ConnectionAccessor (dynamic access)>,","chan":"stdout","logger":"task"}
{"timestamp":"2025-07-29T20:05:37.819151Z","level":"info","event":" 'dag': <DAG: python_operator_v1>,","chan":"stdout","logger":"task"}
{"timestamp":"2025-07-29T20:05:37.819520Z","level":"info","event":" 'dag_run': DagRun(dag_id='python_operator_v1', run_id='scheduled__2023-06-24T19:36:00+00:00', logical_date=datetime.datetime(2023, 6, 24, 19, 36, tzinfo=datetime.timezone.utc), data_interval_start=datetime.datetime(2023, 6, 24, 19, 36, tzinfo=datetime.timezone.utc), data_interval_end=datetime.datetime(2023, 6, 24, 19, 36, tzinfo=datetime.timezone.utc), run_after=datetime.datetime(2023, 6, 24, 19, 36, tzinfo=datetime.timezone.utc), start_date=datetime.datetime(2025, 7, 29, 20, 5, 36, 492146, tzinfo=datetime.timezone.utc), end_date=None, clear_number=0, run_type=<DagRunType.SCHEDULED: 'scheduled'>, conf={}, consumed_asset_events=[]),","chan":"stdout","logger":"task"}
{"timestamp":"2025-07-29T20:05:37.819742Z","level":"info","event":" 'data_interval_end': DateTime(2023, 6, 24, 19, 36, 0, tzinfo=Timezone('UTC')),","chan":"stdout","logger":"task"}
{"timestamp":"2025-07-29T20:05:37.819858Z","level":"info","event":" 'data_interval_start': DateTime(2023, 6, 24, 19, 36, 0, tzinfo=Timezone('UTC')),","chan":"stdout","logger":"task"}
{"timestamp":"2025-07-29T20:05:37.819942Z","level":"info","event":" 'ds': '2023-06-24',","chan":"stdout","logger":"task"}
{"timestamp":"2025-07-29T20:05:37.820025Z","level":"info","event":" 'ds_nodash': '20230624',","chan":"stdout","logger":"task"}
{"timestamp":"2025-07-29T20:05:37.820100Z","level":"info","event":" 'inlet_events': InletEventsAccessors(_inlets=[], _assets={}, _asset_aliases={}),","chan":"stdout","logger":"task"}
{"timestamp":"2025-07-29T20:05:37.820170Z","level":"info","event":" 'inlets': [],","chan":"stdout","logger":"task"}
{"timestamp":"2025-07-29T20:05:37.820240Z","level":"info","event":" 'logical_date': DateTime(2023, 6, 24, 19, 36, 0, tzinfo=Timezone('UTC')),","chan":"stdout","logger":"task"}
{"timestamp":"2025-07-29T20:05:37.820303Z","level":"info","event":" 'macros': <MacrosAccessor (dynamic access to macros)>,","chan":"stdout","logger":"task"}
{"timestamp":"2025-07-29T20:05:37.820373Z","level":"info","event":" 'map_index_template': None,","chan":"stdout","logger":"task"}
{"timestamp":"2025-07-29T20:05:37.820443Z","level":"info","event":" 'outlet_events': <airflow.sdk.execution_time.context.OutletEventAccessors object at 0x7fb67b7d7a70>,","chan":"stdout","logger":"task"}
{"timestamp":"2025-07-29T20:05:37.820509Z","level":"info","event":" 'outlets': [],","chan":"stdout","logger":"task"}
{"timestamp":"2025-07-29T20:05:37.820576Z","level":"info","event":" 'params': {},","chan":"stdout","logger":"task"}
{"timestamp":"2025-07-29T20:05:37.834812Z","level":"info","event":" 'prev_data_interval_end_success': <Proxy at 0x7fb66fc00ce0 with factory <function RuntimeTaskInstance.get_template_context.<locals>.<lambda> at 0x7fb66fc185e0>>,","chan":"stdout","logger":"task"}
{"timestamp":"2025-07-29T20:05:37.835293Z","level":"info","event":" 'prev_data_interval_start_success': <Proxy at 0x7fb66fc00d40 with factory <function RuntimeTaskInstance.get_template_context.<locals>.<lambda> at 0x7fb66fc0b420>>,","chan":"stdout","logger":"task"}
{"timestamp":"2025-07-29T20:05:37.835526Z","level":"info","event":" 'prev_end_date_success': <Proxy at 0x7fb678284680 with factory <function RuntimeTaskInstance.get_template_context.<locals>.<lambda> at 0x7fb66fc0ade0>>,","chan":"stdout","logger":"task"}
{"timestamp":"2025-07-29T20:05:37.835728Z","level":"info","event":" 'prev_start_date_success': <Proxy at 0x7fb66fddf290 with factory <function RuntimeTaskInstance.get_template_context.<locals>.<lambda> at 0x7fb66fc0b2e0>>,","chan":"stdout","logger":"task"}
{"timestamp":"2025-07-29T20:05:37.835932Z","level":"info","event":" 'run_id': 'scheduled__2023-06-24T19:36:00+00:00',","chan":"stdout","logger":"task"}
{"timestamp":"2025-07-29T20:05:37.836140Z","level":"info","event":" 'task': <Task(PythonOperator): python>,","chan":"stdout","logger":"task"}
{"timestamp":"2025-07-29T20:05:37.836369Z","level":"info","event":" 'task_instance': RuntimeTaskInstance(id=UUID('019857ca-5c5c-74f5-aaf1-b3d081523095'), task_id='python', dag_id='python_operator_v1', run_id='scheduled__2023-06-24T19:36:00+00:00', try_number=1, map_index=-1, hostname='bf6f1e7a6f11', context_carrier={}, task=<Task(PythonOperator): python>, bundle_instance=LocalDagBundle(name=dags-folder), max_tries=0, start_date=datetime.datetime(2025, 7, 29, 20, 5, 37, 156360, tzinfo=datetime.timezone.utc), end_date=None, state=<TaskInstanceState.RUNNING: 'running'>, is_mapped=False, rendered_map_index=None, log_url='http://localhost:8080/dags/python_operator_v1/runs/scheduled__2023-06-24T19%3A36%3A00%2B00%3A00/tasks/python?try_number=1'),","chan":"stdout","logger":"task"}
{"timestamp":"2025-07-29T20:05:37.836572Z","level":"info","event":" 'task_instance_key_str': 'python_operator_v1__python__20230624',","chan":"stdout","logger":"task"}
{"timestamp":"2025-07-29T20:05:37.836694Z","level":"info","event":" 'task_reschedule_count': 0,","chan":"stdout","logger":"task"}
{"timestamp":"2025-07-29T20:05:37.836782Z","level":"info","event":" 'templates_dict': None,","chan":"stdout","logger":"task"}
{"timestamp":"2025-07-29T20:05:37.836864Z","level":"info","event":" 'ti': RuntimeTaskInstance(id=UUID('019857ca-5c5c-74f5-aaf1-b3d081523095'), task_id='python', dag_id='python_operator_v1', run_id='scheduled__2023-06-24T19:36:00+00:00', try_number=1, map_index=-1, hostname='bf6f1e7a6f11', context_carrier={}, task=<Task(PythonOperator): python>, bundle_instance=LocalDagBundle(name=dags-folder), max_tries=0, start_date=datetime.datetime(2025, 7, 29, 20, 5, 37, 156360, tzinfo=datetime.timezone.utc), end_date=None, state=<TaskInstanceState.RUNNING: 'running'>, is_mapped=False, rendered_map_index=None, log_url='http://localhost:8080/dags/python_operator_v1/runs/scheduled__2023-06-24T19%3A36%3A00%2B00%3A00/tasks/python?try_number=1'),","chan":"stdout","logger":"task"}
{"timestamp":"2025-07-29T20:05:37.836946Z","level":"info","event":" 'triggering_asset_events': TriggeringAssetEventsAccessor(_events=defaultdict(<class 'list'>, {})),","chan":"stdout","logger":"task"}
{"timestamp":"2025-07-29T20:05:37.837020Z","level":"info","event":" 'ts': '2023-06-24T19:36:00+00:00',","chan":"stdout","logger":"task"}
{"timestamp":"2025-07-29T20:05:37.837092Z","level":"info","event":" 'ts_nodash': '20230624T193600',","chan":"stdout","logger":"task"}
{"timestamp":"2025-07-29T20:05:37.837153Z","level":"info","event":" 'ts_nodash_with_tz': '20230624T193600+0000',","chan":"stdout","logger":"task"}
{"timestamp":"2025-07-29T20:05:37.837219Z","level":"info","event":" 'var': {'json': <VariableAccessor (dynamic access)>,","chan":"stdout","logger":"task"}
{"timestamp":"2025-07-29T20:05:37.837283Z","level":"info","event":"         'value': <VariableAccessor (dynamic access)>}}","chan":"stdout","logger":"task"}
{"timestamp":"2025-07-29T20:05:37.835955","level":"info","event":"Done. Returned value was: 123","logger":"airflow.task.operators.airflow.providers.standard.operators.python.PythonOperator"}
{"timestamp":"2025-07-29T20:05:37.836253","level":"info","event":"Pushing xcom","ti":"RuntimeTaskInstance(id=UUID('019857ca-5c5c-74f5-aaf1-b3d081523095'), task_id='python', dag_id='python_operator_v1', run_id='scheduled__2023-06-24T19:36:00+00:00', try_number=1, map_index=-1, hostname='bf6f1e7a6f11', context_carrier={}, task=<Task(PythonOperator): python>, bundle_instance=LocalDagBundle(name=dags-folder), max_tries=0, start_date=datetime.datetime(2025, 7, 29, 20, 5, 37, 156360, tzinfo=datetime.timezone.utc), end_date=None, state=<TaskInstanceState.RUNNING: 'running'>, is_mapped=False, rendered_map_index=None, log_url='http://localhost:8080/dags/python_operator_v1/runs/scheduled__2023-06-24T19%3A36%3A00%2B00%3A00/tasks/python?try_number=1')","logger":"task"}
{"timestamp":"2025-07-29T20:05:37.874113Z","level":"info","event":"Task instance in success state","chan":"stdout","logger":"task"}
{"timestamp":"2025-07-29T20:05:37.874550Z","level":"info","event":" Previous state of the Task instance: TaskInstanceState.RUNNING","chan":"stdout","logger":"task"}
{"timestamp":"2025-07-29T20:05:37.874900Z","level":"info","event":"Task operator:<Task(PythonOperator): python>","chan":"stdout","logger":"task"}
