{"timestamp":"2025-07-29T19:59:58.897761","level":"info","event":"DAG bundles loaded: dags-folder, example_dags","logger":"airflow.dag_processing.bundles.manager.DagBundlesManager"}
{"timestamp":"2025-07-29T19:59:58.898321","level":"info","event":"Filling up the DagBag from /opt/airflow/dags/3_dag_principal.py","logger":"airflow.models.dagbag.DagBag"}
{"timestamp":"2025-07-29T19:59:58.929148Z","level":"info","event":"Task instance is in running state","chan":"stdout","logger":"task"}
{"timestamp":"2025-07-29T19:59:58.929323Z","level":"info","event":" Previous state of the Task instance: TaskInstanceState.QUEUED","chan":"stdout","logger":"task"}
{"timestamp":"2025-07-29T19:59:58.930147Z","level":"info","event":"Current task name:python_principal","chan":"stdout","logger":"task"}
{"timestamp":"2025-07-29T19:59:58.930308Z","level":"info","event":"Dag name:3_DAG_principal","chan":"stdout","logger":"task"}
{"timestamp":"2025-07-29T19:59:58.931817Z","level":"info","event":"DAG principal","chan":"stdout","logger":"task"}
{"timestamp":"2025-07-29T19:59:58.932658Z","level":"info","event":"{'conn': <ConnectionAccessor (dynamic access)>,","chan":"stdout","logger":"task"}
{"timestamp":"2025-07-29T19:59:58.932778Z","level":"info","event":" 'dag': <DAG: 3_DAG_principal>,","chan":"stdout","logger":"task"}
{"timestamp":"2025-07-29T19:59:58.932938Z","level":"info","event":" 'dag_run': DagRun(dag_id='3_DAG_principal', run_id='scheduled__2023-08-28T20:00:00+00:00', logical_date=datetime.datetime(2023, 8, 28, 20, 0, tzinfo=datetime.timezone.utc), data_interval_start=datetime.datetime(2023, 8, 28, 20, 0, tzinfo=datetime.timezone.utc), data_interval_end=datetime.datetime(2023, 8, 28, 20, 0, tzinfo=datetime.timezone.utc), run_after=datetime.datetime(2023, 8, 28, 20, 0, tzinfo=datetime.timezone.utc), start_date=datetime.datetime(2025, 7, 29, 19, 59, 56, 921852, tzinfo=datetime.timezone.utc), end_date=None, clear_number=0, run_type=<DagRunType.SCHEDULED: 'scheduled'>, conf={}, consumed_asset_events=[]),","chan":"stdout","logger":"task"}
{"timestamp":"2025-07-29T19:59:58.933029Z","level":"info","event":" 'data_interval_end': DateTime(2023, 8, 28, 20, 0, 0, tzinfo=Timezone('UTC')),","chan":"stdout","logger":"task"}
{"timestamp":"2025-07-29T19:59:58.933104Z","level":"info","event":" 'data_interval_start': DateTime(2023, 8, 28, 20, 0, 0, tzinfo=Timezone('UTC')),","chan":"stdout","logger":"task"}
{"timestamp":"2025-07-29T19:59:58.933214Z","level":"info","event":" 'ds': '2023-08-28',","chan":"stdout","logger":"task"}
{"timestamp":"2025-07-29T19:59:58.933282Z","level":"info","event":" 'ds_nodash': '20230828',","chan":"stdout","logger":"task"}
{"timestamp":"2025-07-29T19:59:58.933345Z","level":"info","event":" 'inlet_events': InletEventsAccessors(_inlets=[], _assets={}, _asset_aliases={}),","chan":"stdout","logger":"task"}
{"timestamp":"2025-07-29T19:59:58.933412Z","level":"info","event":" 'inlets': [],","chan":"stdout","logger":"task"}
{"timestamp":"2025-07-29T19:59:58.933475Z","level":"info","event":" 'logical_date': DateTime(2023, 8, 28, 20, 0, 0, tzinfo=Timezone('UTC')),","chan":"stdout","logger":"task"}
{"timestamp":"2025-07-29T19:59:58.933536Z","level":"info","event":" 'macros': <MacrosAccessor (dynamic access to macros)>,","chan":"stdout","logger":"task"}
{"timestamp":"2025-07-29T19:59:58.933597Z","level":"info","event":" 'map_index_template': None,","chan":"stdout","logger":"task"}
{"timestamp":"2025-07-29T19:59:58.933658Z","level":"info","event":" 'outlet_events': <airflow.sdk.execution_time.context.OutletEventAccessors object at 0x7fb67ca97f20>,","chan":"stdout","logger":"task"}
{"timestamp":"2025-07-29T19:59:58.933720Z","level":"info","event":" 'outlets': [],","chan":"stdout","logger":"task"}
{"timestamp":"2025-07-29T19:59:58.933781Z","level":"info","event":" 'params': {},","chan":"stdout","logger":"task"}
{"timestamp":"2025-07-29T19:59:58.945401Z","level":"info","event":" 'prev_data_interval_end_success': <Proxy at 0x7fb66fc20890 with factory <function RuntimeTaskInstance.get_template_context.<locals>.<lambda> at 0x7fb66fc2f380>>,","chan":"stdout","logger":"task"}
{"timestamp":"2025-07-29T19:59:58.945622Z","level":"info","event":" 'prev_data_interval_start_success': <Proxy at 0x7fb66fdb5c70 with factory <function RuntimeTaskInstance.get_template_context.<locals>.<lambda> at 0x7fb66fc2dbc0>>,","chan":"stdout","logger":"task"}
{"timestamp":"2025-07-29T19:59:58.945723Z","level":"info","event":" 'prev_end_date_success': <Proxy at 0x7fb66fc20b30 with factory <function RuntimeTaskInstance.get_template_context.<locals>.<lambda> at 0x7fb66fc2f420>>,","chan":"stdout","logger":"task"}
{"timestamp":"2025-07-29T19:59:58.945793Z","level":"info","event":" 'prev_start_date_success': <Proxy at 0x7fb66fdb5490 with factory <function RuntimeTaskInstance.get_template_context.<locals>.<lambda> at 0x7fb66fc2e160>>,","chan":"stdout","logger":"task"}
{"timestamp":"2025-07-29T19:59:58.945841Z","level":"info","event":" 'run_id': 'scheduled__2023-08-28T20:00:00+00:00',","chan":"stdout","logger":"task"}
{"timestamp":"2025-07-29T19:59:58.945887Z","level":"info","event":" 'task': <Task(PythonOperator): python_principal>,","chan":"stdout","logger":"task"}
{"timestamp":"2025-07-29T19:59:58.945981Z","level":"info","event":" 'task_instance': RuntimeTaskInstance(id=UUID('019857c5-2de7-75fc-9842-5335be8b74f1'), task_id='python_principal', dag_id='3_DAG_principal', run_id='scheduled__2023-08-28T20:00:00+00:00', try_number=1, map_index=-1, hostname='bf6f1e7a6f11', context_carrier={}, task=<Task(PythonOperator): python_principal>, bundle_instance=LocalDagBundle(name=dags-folder), max_tries=0, start_date=datetime.datetime(2025, 7, 29, 19, 59, 58, 263196, tzinfo=datetime.timezone.utc), end_date=None, state=<TaskInstanceState.RUNNING: 'running'>, is_mapped=False, rendered_map_index=None, log_url='http://localhost:8080/dags/3_DAG_principal/runs/scheduled__2023-08-28T20%3A00%3A00%2B00%3A00/tasks/python_principal?try_number=1'),","chan":"stdout","logger":"task"}
{"timestamp":"2025-07-29T19:59:58.946045Z","level":"info","event":" 'task_instance_key_str': '3_DAG_principal__python_principal__20230828',","chan":"stdout","logger":"task"}
{"timestamp":"2025-07-29T19:59:58.946100Z","level":"info","event":" 'task_reschedule_count': 0,","chan":"stdout","logger":"task"}
{"timestamp":"2025-07-29T19:59:58.946159Z","level":"info","event":" 'templates_dict': None,","chan":"stdout","logger":"task"}
{"timestamp":"2025-07-29T19:59:58.946203Z","level":"info","event":" 'ti': RuntimeTaskInstance(id=UUID('019857c5-2de7-75fc-9842-5335be8b74f1'), task_id='python_principal', dag_id='3_DAG_principal', run_id='scheduled__2023-08-28T20:00:00+00:00', try_number=1, map_index=-1, hostname='bf6f1e7a6f11', context_carrier={}, task=<Task(PythonOperator): python_principal>, bundle_instance=LocalDagBundle(name=dags-folder), max_tries=0, start_date=datetime.datetime(2025, 7, 29, 19, 59, 58, 263196, tzinfo=datetime.timezone.utc), end_date=None, state=<TaskInstanceState.RUNNING: 'running'>, is_mapped=False, rendered_map_index=None, log_url='http://localhost:8080/dags/3_DAG_principal/runs/scheduled__2023-08-28T20%3A00%3A00%2B00%3A00/tasks/python_principal?try_number=1'),","chan":"stdout","logger":"task"}
{"timestamp":"2025-07-29T19:59:58.946254Z","level":"info","event":" 'triggering_asset_events': TriggeringAssetEventsAccessor(_events=defaultdict(<class 'list'>, {})),","chan":"stdout","logger":"task"}
{"timestamp":"2025-07-29T19:59:58.946296Z","level":"info","event":" 'ts': '2023-08-28T20:00:00+00:00',","chan":"stdout","logger":"task"}
{"timestamp":"2025-07-29T19:59:58.946337Z","level":"info","event":" 'ts_nodash': '20230828T200000',","chan":"stdout","logger":"task"}
{"timestamp":"2025-07-29T19:59:58.946378Z","level":"info","event":" 'ts_nodash_with_tz': '20230828T200000+0000',","chan":"stdout","logger":"task"}
{"timestamp":"2025-07-29T19:59:58.946428Z","level":"info","event":" 'var': {'json': <VariableAccessor (dynamic access)>,","chan":"stdout","logger":"task"}
{"timestamp":"2025-07-29T19:59:58.946472Z","level":"info","event":"         'value': <VariableAccessor (dynamic access)>}}","chan":"stdout","logger":"task"}
{"timestamp":"2025-07-29T19:59:58.945901","level":"info","event":"Done. Returned value was: principal","logger":"airflow.task.operators.airflow.providers.standard.operators.python.PythonOperator"}
{"timestamp":"2025-07-29T19:59:58.946198","level":"info","event":"Pushing xcom","ti":"RuntimeTaskInstance(id=UUID('019857c5-2de7-75fc-9842-5335be8b74f1'), task_id='python_principal', dag_id='3_DAG_principal', run_id='scheduled__2023-08-28T20:00:00+00:00', try_number=1, map_index=-1, hostname='bf6f1e7a6f11', context_carrier={}, task=<Task(PythonOperator): python_principal>, bundle_instance=LocalDagBundle(name=dags-folder), max_tries=0, start_date=datetime.datetime(2025, 7, 29, 19, 59, 58, 263196, tzinfo=datetime.timezone.utc), end_date=None, state=<TaskInstanceState.RUNNING: 'running'>, is_mapped=False, rendered_map_index=None, log_url='http://localhost:8080/dags/3_DAG_principal/runs/scheduled__2023-08-28T20%3A00%3A00%2B00%3A00/tasks/python_principal?try_number=1')","logger":"task"}
{"timestamp":"2025-07-29T19:59:58.972684Z","level":"info","event":"Task instance in success state","chan":"stdout","logger":"task"}
{"timestamp":"2025-07-29T19:59:58.972838Z","level":"info","event":" Previous state of the Task instance: TaskInstanceState.RUNNING","chan":"stdout","logger":"task"}
{"timestamp":"2025-07-29T19:59:58.972940Z","level":"info","event":"Task operator:<Task(PythonOperator): python_principal>","chan":"stdout","logger":"task"}
