{"timestamp":"2025-07-29T19:19:52.959044","level":"info","event":"DAG bundles loaded: dags-folder, example_dags","logger":"airflow.dag_processing.bundles.manager.DagBundlesManager"}
{"timestamp":"2025-07-29T19:19:52.959749","level":"info","event":"Filling up the DagBag from /opt/airflow/dags/python_operator_v1.py","logger":"airflow.models.dagbag.DagBag"}
{"timestamp":"2025-07-29T19:19:52.986847Z","level":"info","event":"Task instance is in running state","chan":"stdout","logger":"task"}
{"timestamp":"2025-07-29T19:19:52.987001Z","level":"info","event":" Previous state of the Task instance: TaskInstanceState.QUEUED","chan":"stdout","logger":"task"}
{"timestamp":"2025-07-29T19:19:52.987579Z","level":"info","event":"Current task name:python","chan":"stdout","logger":"task"}
{"timestamp":"2025-07-29T19:19:52.987717Z","level":"info","event":"Dag name:python_operator_v1","chan":"stdout","logger":"task"}
{"timestamp":"2025-07-29T19:19:52.988889Z","level":"info","event":"poliana","chan":"stdout","logger":"task"}
{"timestamp":"2025-07-29T19:19:52.989679Z","level":"info","event":"{'conn': <ConnectionAccessor (dynamic access)>,","chan":"stdout","logger":"task"}
{"timestamp":"2025-07-29T19:19:52.989824Z","level":"info","event":" 'dag': <DAG: python_operator_v1>,","chan":"stdout","logger":"task"}
{"timestamp":"2025-07-29T19:19:52.989934Z","level":"info","event":" 'dag_run': DagRun(dag_id='python_operator_v1', run_id='scheduled__2023-06-22T19:21:00+00:00', logical_date=datetime.datetime(2023, 6, 22, 19, 21, tzinfo=datetime.timezone.utc), data_interval_start=datetime.datetime(2023, 6, 22, 19, 21, tzinfo=datetime.timezone.utc), data_interval_end=datetime.datetime(2023, 6, 22, 19, 21, tzinfo=datetime.timezone.utc), run_after=datetime.datetime(2023, 6, 22, 19, 21, tzinfo=datetime.timezone.utc), start_date=datetime.datetime(2025, 7, 29, 19, 19, 51, 349959, tzinfo=datetime.timezone.utc), end_date=None, clear_number=0, run_type=<DagRunType.SCHEDULED: 'scheduled'>, conf={}, consumed_asset_events=[]),","chan":"stdout","logger":"task"}
{"timestamp":"2025-07-29T19:19:52.990003Z","level":"info","event":" 'data_interval_end': DateTime(2023, 6, 22, 19, 21, 0, tzinfo=Timezone('UTC')),","chan":"stdout","logger":"task"}
{"timestamp":"2025-07-29T19:19:52.990068Z","level":"info","event":" 'data_interval_start': DateTime(2023, 6, 22, 19, 21, 0, tzinfo=Timezone('UTC')),","chan":"stdout","logger":"task"}
{"timestamp":"2025-07-29T19:19:52.990123Z","level":"info","event":" 'ds': '2023-06-22',","chan":"stdout","logger":"task"}
{"timestamp":"2025-07-29T19:19:52.990171Z","level":"info","event":" 'ds_nodash': '20230622',","chan":"stdout","logger":"task"}
{"timestamp":"2025-07-29T19:19:52.990213Z","level":"info","event":" 'inlet_events': InletEventsAccessors(_inlets=[], _assets={}, _asset_aliases={}),","chan":"stdout","logger":"task"}
{"timestamp":"2025-07-29T19:19:52.990254Z","level":"info","event":" 'inlets': [],","chan":"stdout","logger":"task"}
{"timestamp":"2025-07-29T19:19:52.990295Z","level":"info","event":" 'logical_date': DateTime(2023, 6, 22, 19, 21, 0, tzinfo=Timezone('UTC')),","chan":"stdout","logger":"task"}
{"timestamp":"2025-07-29T19:19:52.990335Z","level":"info","event":" 'macros': <MacrosAccessor (dynamic access to macros)>,","chan":"stdout","logger":"task"}
{"timestamp":"2025-07-29T19:19:52.990376Z","level":"info","event":" 'map_index_template': None,","chan":"stdout","logger":"task"}
{"timestamp":"2025-07-29T19:19:52.990417Z","level":"info","event":" 'outlet_events': <airflow.sdk.execution_time.context.OutletEventAccessors object at 0x7fb66ffefa70>,","chan":"stdout","logger":"task"}
{"timestamp":"2025-07-29T19:19:52.990459Z","level":"info","event":" 'outlets': [],","chan":"stdout","logger":"task"}
{"timestamp":"2025-07-29T19:19:52.990499Z","level":"info","event":" 'params': {},","chan":"stdout","logger":"task"}
{"timestamp":"2025-07-29T19:19:53.004510Z","level":"info","event":" 'prev_data_interval_end_success': <Proxy at 0x7fb66fc68260 with factory <function RuntimeTaskInstance.get_template_context.<locals>.<lambda> at 0x7fb66fc562a0>>,","chan":"stdout","logger":"task"}
{"timestamp":"2025-07-29T19:19:53.004814Z","level":"info","event":" 'prev_data_interval_start_success': <Proxy at 0x7fb66fc680b0 with factory <function RuntimeTaskInstance.get_template_context.<locals>.<lambda> at 0x7fb66fc579c0>>,","chan":"stdout","logger":"task"}
{"timestamp":"2025-07-29T19:19:53.004919Z","level":"info","event":" 'prev_end_date_success': <Proxy at 0x7fb66fc686e0 with factory <function RuntimeTaskInstance.get_template_context.<locals>.<lambda> at 0x7fb66fc57a60>>,","chan":"stdout","logger":"task"}
{"timestamp":"2025-07-29T19:19:53.005001Z","level":"info","event":" 'prev_start_date_success': <Proxy at 0x7fb66fc684a0 with factory <function RuntimeTaskInstance.get_template_context.<locals>.<lambda> at 0x7fb66fc567a0>>,","chan":"stdout","logger":"task"}
{"timestamp":"2025-07-29T19:19:53.005082Z","level":"info","event":" 'run_id': 'scheduled__2023-06-22T19:21:00+00:00',","chan":"stdout","logger":"task"}
{"timestamp":"2025-07-29T19:19:53.005157Z","level":"info","event":" 'task': <Task(PythonOperator): python>,","chan":"stdout","logger":"task"}
{"timestamp":"2025-07-29T19:19:53.005228Z","level":"info","event":" 'task_instance': RuntimeTaskInstance(id=UUID('019857a0-792b-72a0-ae6d-8a125aedb8f1'), task_id='python', dag_id='python_operator_v1', run_id='scheduled__2023-06-22T19:21:00+00:00', try_number=1, map_index=-1, hostname='bf6f1e7a6f11', context_carrier={}, task=<Task(PythonOperator): python>, bundle_instance=LocalDagBundle(name=dags-folder), max_tries=0, start_date=datetime.datetime(2025, 7, 29, 19, 19, 52, 494105, tzinfo=datetime.timezone.utc), end_date=None, state=<TaskInstanceState.RUNNING: 'running'>, is_mapped=False, rendered_map_index=None, log_url='http://localhost:8080/dags/python_operator_v1/runs/scheduled__2023-06-22T19%3A21%3A00%2B00%3A00/tasks/python?try_number=1'),","chan":"stdout","logger":"task"}
{"timestamp":"2025-07-29T19:19:53.005296Z","level":"info","event":" 'task_instance_key_str': 'python_operator_v1__python__20230622',","chan":"stdout","logger":"task"}
{"timestamp":"2025-07-29T19:19:53.005370Z","level":"info","event":" 'task_reschedule_count': 0,","chan":"stdout","logger":"task"}
{"timestamp":"2025-07-29T19:19:53.005475Z","level":"info","event":" 'templates_dict': None,","chan":"stdout","logger":"task"}
{"timestamp":"2025-07-29T19:19:53.005555Z","level":"info","event":" 'ti': RuntimeTaskInstance(id=UUID('019857a0-792b-72a0-ae6d-8a125aedb8f1'), task_id='python', dag_id='python_operator_v1', run_id='scheduled__2023-06-22T19:21:00+00:00', try_number=1, map_index=-1, hostname='bf6f1e7a6f11', context_carrier={}, task=<Task(PythonOperator): python>, bundle_instance=LocalDagBundle(name=dags-folder), max_tries=0, start_date=datetime.datetime(2025, 7, 29, 19, 19, 52, 494105, tzinfo=datetime.timezone.utc), end_date=None, state=<TaskInstanceState.RUNNING: 'running'>, is_mapped=False, rendered_map_index=None, log_url='http://localhost:8080/dags/python_operator_v1/runs/scheduled__2023-06-22T19%3A21%3A00%2B00%3A00/tasks/python?try_number=1'),","chan":"stdout","logger":"task"}
{"timestamp":"2025-07-29T19:19:53.005694Z","level":"info","event":" 'triggering_asset_events': TriggeringAssetEventsAccessor(_events=defaultdict(<class 'list'>, {})),","chan":"stdout","logger":"task"}
{"timestamp":"2025-07-29T19:19:53.005812Z","level":"info","event":" 'ts': '2023-06-22T19:21:00+00:00',","chan":"stdout","logger":"task"}
{"timestamp":"2025-07-29T19:19:53.005897Z","level":"info","event":" 'ts_nodash': '20230622T192100',","chan":"stdout","logger":"task"}
{"timestamp":"2025-07-29T19:19:53.005974Z","level":"info","event":" 'ts_nodash_with_tz': '20230622T192100+0000',","chan":"stdout","logger":"task"}
{"timestamp":"2025-07-29T19:19:53.006093Z","level":"info","event":" 'var': {'json': <VariableAccessor (dynamic access)>,","chan":"stdout","logger":"task"}
{"timestamp":"2025-07-29T19:19:53.006179Z","level":"info","event":"         'value': <VariableAccessor (dynamic access)>}}","chan":"stdout","logger":"task"}
{"timestamp":"2025-07-29T19:19:53.005629","level":"info","event":"Done. Returned value was: 123","logger":"airflow.task.operators.airflow.providers.standard.operators.python.PythonOperator"}
{"timestamp":"2025-07-29T19:19:53.005899","level":"info","event":"Pushing xcom","ti":"RuntimeTaskInstance(id=UUID('019857a0-792b-72a0-ae6d-8a125aedb8f1'), task_id='python', dag_id='python_operator_v1', run_id='scheduled__2023-06-22T19:21:00+00:00', try_number=1, map_index=-1, hostname='bf6f1e7a6f11', context_carrier={}, task=<Task(PythonOperator): python>, bundle_instance=LocalDagBundle(name=dags-folder), max_tries=0, start_date=datetime.datetime(2025, 7, 29, 19, 19, 52, 494105, tzinfo=datetime.timezone.utc), end_date=None, state=<TaskInstanceState.RUNNING: 'running'>, is_mapped=False, rendered_map_index=None, log_url='http://localhost:8080/dags/python_operator_v1/runs/scheduled__2023-06-22T19%3A21%3A00%2B00%3A00/tasks/python?try_number=1')","logger":"task"}
{"timestamp":"2025-07-29T19:19:53.031117Z","level":"info","event":"Task instance in success state","chan":"stdout","logger":"task"}
{"timestamp":"2025-07-29T19:19:53.031253Z","level":"info","event":" Previous state of the Task instance: TaskInstanceState.RUNNING","chan":"stdout","logger":"task"}
{"timestamp":"2025-07-29T19:19:53.031429Z","level":"info","event":"Task operator:<Task(PythonOperator): python>","chan":"stdout","logger":"task"}
