{"timestamp":"2025-07-29T20:02:44.730472","level":"info","event":"DAG bundles loaded: dags-folder, example_dags","logger":"airflow.dag_processing.bundles.manager.DagBundlesManager"}
{"timestamp":"2025-07-29T20:02:44.731426","level":"info","event":"Filling up the DagBag from /opt/airflow/dags/2_python_operator_v1.py","logger":"airflow.models.dagbag.DagBag"}
{"timestamp":"2025-07-29T20:02:44.759324Z","level":"info","event":"Task instance is in running state","chan":"stdout","logger":"task"}
{"timestamp":"2025-07-29T20:02:44.759470Z","level":"info","event":" Previous state of the Task instance: TaskInstanceState.QUEUED","chan":"stdout","logger":"task"}
{"timestamp":"2025-07-29T20:02:44.759997Z","level":"info","event":"Current task name:python","chan":"stdout","logger":"task"}
{"timestamp":"2025-07-29T20:02:44.760099Z","level":"info","event":"Dag name:python_operator_v1","chan":"stdout","logger":"task"}
{"timestamp":"2025-07-29T20:02:44.761272Z","level":"info","event":"poliana","chan":"stdout","logger":"task"}
{"timestamp":"2025-07-29T20:02:44.761935Z","level":"info","event":"{'conn': <ConnectionAccessor (dynamic access)>,","chan":"stdout","logger":"task"}
{"timestamp":"2025-07-29T20:02:44.762051Z","level":"info","event":" 'dag': <DAG: python_operator_v1>,","chan":"stdout","logger":"task"}
{"timestamp":"2025-07-29T20:02:44.762190Z","level":"info","event":" 'dag_run': DagRun(dag_id='python_operator_v1', run_id='scheduled__2023-06-24T16:50:00+00:00', logical_date=datetime.datetime(2023, 6, 24, 16, 50, tzinfo=datetime.timezone.utc), data_interval_start=datetime.datetime(2023, 6, 24, 16, 50, tzinfo=datetime.timezone.utc), data_interval_end=datetime.datetime(2023, 6, 24, 16, 50, tzinfo=datetime.timezone.utc), run_after=datetime.datetime(2023, 6, 24, 16, 50, tzinfo=datetime.timezone.utc), start_date=datetime.datetime(2025, 7, 29, 20, 2, 43, 186990, tzinfo=datetime.timezone.utc), end_date=None, clear_number=0, run_type=<DagRunType.SCHEDULED: 'scheduled'>, conf={}, consumed_asset_events=[]),","chan":"stdout","logger":"task"}
{"timestamp":"2025-07-29T20:02:44.762274Z","level":"info","event":" 'data_interval_end': DateTime(2023, 6, 24, 16, 50, 0, tzinfo=Timezone('UTC')),","chan":"stdout","logger":"task"}
{"timestamp":"2025-07-29T20:02:44.762348Z","level":"info","event":" 'data_interval_start': DateTime(2023, 6, 24, 16, 50, 0, tzinfo=Timezone('UTC')),","chan":"stdout","logger":"task"}
{"timestamp":"2025-07-29T20:02:44.762417Z","level":"info","event":" 'ds': '2023-06-24',","chan":"stdout","logger":"task"}
{"timestamp":"2025-07-29T20:02:44.762488Z","level":"info","event":" 'ds_nodash': '20230624',","chan":"stdout","logger":"task"}
{"timestamp":"2025-07-29T20:02:44.762557Z","level":"info","event":" 'inlet_events': InletEventsAccessors(_inlets=[], _assets={}, _asset_aliases={}),","chan":"stdout","logger":"task"}
{"timestamp":"2025-07-29T20:02:44.762624Z","level":"info","event":" 'inlets': [],","chan":"stdout","logger":"task"}
{"timestamp":"2025-07-29T20:02:44.762727Z","level":"info","event":" 'logical_date': DateTime(2023, 6, 24, 16, 50, 0, tzinfo=Timezone('UTC')),","chan":"stdout","logger":"task"}
{"timestamp":"2025-07-29T20:02:44.762799Z","level":"info","event":" 'macros': <MacrosAccessor (dynamic access to macros)>,","chan":"stdout","logger":"task"}
{"timestamp":"2025-07-29T20:02:44.762865Z","level":"info","event":" 'map_index_template': None,","chan":"stdout","logger":"task"}
{"timestamp":"2025-07-29T20:02:44.762932Z","level":"info","event":" 'outlet_events': <airflow.sdk.execution_time.context.OutletEventAccessors object at 0x7fb66fc91d30>,","chan":"stdout","logger":"task"}
{"timestamp":"2025-07-29T20:02:44.763000Z","level":"info","event":" 'outlets': [],","chan":"stdout","logger":"task"}
{"timestamp":"2025-07-29T20:02:44.763061Z","level":"info","event":" 'params': {},","chan":"stdout","logger":"task"}
{"timestamp":"2025-07-29T20:02:44.773828Z","level":"info","event":" 'prev_data_interval_end_success': <Proxy at 0x7fb66fc93f50 with factory <function RuntimeTaskInstance.get_template_context.<locals>.<lambda> at 0x7fb66fcb9300>>,","chan":"stdout","logger":"task"}
{"timestamp":"2025-07-29T20:02:44.773981Z","level":"info","event":" 'prev_data_interval_start_success': <Proxy at 0x7fb66fc937d0 with factory <function RuntimeTaskInstance.get_template_context.<locals>.<lambda> at 0x7fb66fcbaa20>>,","chan":"stdout","logger":"task"}
{"timestamp":"2025-07-29T20:02:44.774041Z","level":"info","event":" 'prev_end_date_success': <Proxy at 0x7fb66fc93b00 with factory <function RuntimeTaskInstance.get_template_context.<locals>.<lambda> at 0x7fb66fcbaac0>>,","chan":"stdout","logger":"task"}
{"timestamp":"2025-07-29T20:02:44.774088Z","level":"info","event":" 'prev_start_date_success': <Proxy at 0x7fb66fc93a40 with factory <function RuntimeTaskInstance.get_template_context.<locals>.<lambda> at 0x7fb66fcb9800>>,","chan":"stdout","logger":"task"}
{"timestamp":"2025-07-29T20:02:44.774130Z","level":"info","event":" 'run_id': 'scheduled__2023-06-24T16:50:00+00:00',","chan":"stdout","logger":"task"}
{"timestamp":"2025-07-29T20:02:44.774172Z","level":"info","event":" 'task': <Task(PythonOperator): python>,","chan":"stdout","logger":"task"}
{"timestamp":"2025-07-29T20:02:44.774217Z","level":"info","event":" 'task_instance': RuntimeTaskInstance(id=UUID('019857c7-b764-72bd-bd88-b03d06a6dc1c'), task_id='python', dag_id='python_operator_v1', run_id='scheduled__2023-06-24T16:50:00+00:00', try_number=1, map_index=-1, hostname='bf6f1e7a6f11', context_carrier={}, task=<Task(PythonOperator): python>, bundle_instance=LocalDagBundle(name=dags-folder), max_tries=0, start_date=datetime.datetime(2025, 7, 29, 20, 2, 44, 34412, tzinfo=datetime.timezone.utc), end_date=None, state=<TaskInstanceState.RUNNING: 'running'>, is_mapped=False, rendered_map_index=None, log_url='http://localhost:8080/dags/python_operator_v1/runs/scheduled__2023-06-24T16%3A50%3A00%2B00%3A00/tasks/python?try_number=1'),","chan":"stdout","logger":"task"}
{"timestamp":"2025-07-29T20:02:44.774261Z","level":"info","event":" 'task_instance_key_str': 'python_operator_v1__python__20230624',","chan":"stdout","logger":"task"}
{"timestamp":"2025-07-29T20:02:44.774302Z","level":"info","event":" 'task_reschedule_count': 0,","chan":"stdout","logger":"task"}
{"timestamp":"2025-07-29T20:02:44.774351Z","level":"info","event":" 'templates_dict': None,","chan":"stdout","logger":"task"}
{"timestamp":"2025-07-29T20:02:44.774422Z","level":"info","event":" 'ti': RuntimeTaskInstance(id=UUID('019857c7-b764-72bd-bd88-b03d06a6dc1c'), task_id='python', dag_id='python_operator_v1', run_id='scheduled__2023-06-24T16:50:00+00:00', try_number=1, map_index=-1, hostname='bf6f1e7a6f11', context_carrier={}, task=<Task(PythonOperator): python>, bundle_instance=LocalDagBundle(name=dags-folder), max_tries=0, start_date=datetime.datetime(2025, 7, 29, 20, 2, 44, 34412, tzinfo=datetime.timezone.utc), end_date=None, state=<TaskInstanceState.RUNNING: 'running'>, is_mapped=False, rendered_map_index=None, log_url='http://localhost:8080/dags/python_operator_v1/runs/scheduled__2023-06-24T16%3A50%3A00%2B00%3A00/tasks/python?try_number=1'),","chan":"stdout","logger":"task"}
{"timestamp":"2025-07-29T20:02:44.774471Z","level":"info","event":" 'triggering_asset_events': TriggeringAssetEventsAccessor(_events=defaultdict(<class 'list'>, {})),","chan":"stdout","logger":"task"}
{"timestamp":"2025-07-29T20:02:44.774513Z","level":"info","event":" 'ts': '2023-06-24T16:50:00+00:00',","chan":"stdout","logger":"task"}
{"timestamp":"2025-07-29T20:02:44.774553Z","level":"info","event":" 'ts_nodash': '20230624T165000',","chan":"stdout","logger":"task"}
{"timestamp":"2025-07-29T20:02:44.774594Z","level":"info","event":" 'ts_nodash_with_tz': '20230624T165000+0000',","chan":"stdout","logger":"task"}
{"timestamp":"2025-07-29T20:02:44.774633Z","level":"info","event":" 'var': {'json': <VariableAccessor (dynamic access)>,","chan":"stdout","logger":"task"}
{"timestamp":"2025-07-29T20:02:44.774674Z","level":"info","event":"         'value': <VariableAccessor (dynamic access)>}}","chan":"stdout","logger":"task"}
{"timestamp":"2025-07-29T20:02:44.774603","level":"info","event":"Done. Returned value was: 123","logger":"airflow.task.operators.airflow.providers.standard.operators.python.PythonOperator"}
{"timestamp":"2025-07-29T20:02:44.774821","level":"info","event":"Pushing xcom","ti":"RuntimeTaskInstance(id=UUID('019857c7-b764-72bd-bd88-b03d06a6dc1c'), task_id='python', dag_id='python_operator_v1', run_id='scheduled__2023-06-24T16:50:00+00:00', try_number=1, map_index=-1, hostname='bf6f1e7a6f11', context_carrier={}, task=<Task(PythonOperator): python>, bundle_instance=LocalDagBundle(name=dags-folder), max_tries=0, start_date=datetime.datetime(2025, 7, 29, 20, 2, 44, 34412, tzinfo=datetime.timezone.utc), end_date=None, state=<TaskInstanceState.RUNNING: 'running'>, is_mapped=False, rendered_map_index=None, log_url='http://localhost:8080/dags/python_operator_v1/runs/scheduled__2023-06-24T16%3A50%3A00%2B00%3A00/tasks/python?try_number=1')","logger":"task"}
{"timestamp":"2025-07-29T20:02:44.800431Z","level":"info","event":"Task instance in success state","chan":"stdout","logger":"task"}
{"timestamp":"2025-07-29T20:02:44.800579Z","level":"info","event":" Previous state of the Task instance: TaskInstanceState.RUNNING","chan":"stdout","logger":"task"}
{"timestamp":"2025-07-29T20:02:44.800693Z","level":"info","event":"Task operator:<Task(PythonOperator): python>","chan":"stdout","logger":"task"}
