{"timestamp":"2025-07-29T19:41:39.355096","level":"info","event":"DAG bundles loaded: dags-folder, example_dags","logger":"airflow.dag_processing.bundles.manager.DagBundlesManager"}
{"timestamp":"2025-07-29T19:41:39.355916","level":"info","event":"Filling up the DagBag from /opt/airflow/dags/python_operator_v1.py","logger":"airflow.models.dagbag.DagBag"}
{"timestamp":"2025-07-29T19:41:39.381756Z","level":"info","event":"Task instance is in running state","chan":"stdout","logger":"task"}
{"timestamp":"2025-07-29T19:41:39.381997Z","level":"info","event":" Previous state of the Task instance: TaskInstanceState.QUEUED","chan":"stdout","logger":"task"}
{"timestamp":"2025-07-29T19:41:39.382776Z","level":"info","event":"Current task name:python","chan":"stdout","logger":"task"}
{"timestamp":"2025-07-29T19:41:39.382903Z","level":"info","event":"Dag name:python_operator_v1","chan":"stdout","logger":"task"}
{"timestamp":"2025-07-29T19:41:39.384351Z","level":"info","event":"poliana","chan":"stdout","logger":"task"}
{"timestamp":"2025-07-29T19:41:39.385677Z","level":"info","event":"{'conn': <ConnectionAccessor (dynamic access)>,","chan":"stdout","logger":"task"}
{"timestamp":"2025-07-29T19:41:39.385987Z","level":"info","event":" 'dag': <DAG: python_operator_v1>,","chan":"stdout","logger":"task"}
{"timestamp":"2025-07-29T19:41:39.386253Z","level":"info","event":" 'dag_run': DagRun(dag_id='python_operator_v1', run_id='scheduled__2023-06-23T18:57:00+00:00', logical_date=datetime.datetime(2023, 6, 23, 18, 57, tzinfo=datetime.timezone.utc), data_interval_start=datetime.datetime(2023, 6, 23, 18, 57, tzinfo=datetime.timezone.utc), data_interval_end=datetime.datetime(2023, 6, 23, 18, 57, tzinfo=datetime.timezone.utc), run_after=datetime.datetime(2023, 6, 23, 18, 57, tzinfo=datetime.timezone.utc), start_date=datetime.datetime(2025, 7, 29, 19, 41, 38, 504853, tzinfo=datetime.timezone.utc), end_date=None, clear_number=0, run_type=<DagRunType.SCHEDULED: 'scheduled'>, conf={}, consumed_asset_events=[]),","chan":"stdout","logger":"task"}
{"timestamp":"2025-07-29T19:41:39.386407Z","level":"info","event":" 'data_interval_end': DateTime(2023, 6, 23, 18, 57, 0, tzinfo=Timezone('UTC')),","chan":"stdout","logger":"task"}
{"timestamp":"2025-07-29T19:41:39.386529Z","level":"info","event":" 'data_interval_start': DateTime(2023, 6, 23, 18, 57, 0, tzinfo=Timezone('UTC')),","chan":"stdout","logger":"task"}
{"timestamp":"2025-07-29T19:41:39.386615Z","level":"info","event":" 'ds': '2023-06-23',","chan":"stdout","logger":"task"}
{"timestamp":"2025-07-29T19:41:39.386689Z","level":"info","event":" 'ds_nodash': '20230623',","chan":"stdout","logger":"task"}
{"timestamp":"2025-07-29T19:41:39.386757Z","level":"info","event":" 'inlet_events': InletEventsAccessors(_inlets=[], _assets={}, _asset_aliases={}),","chan":"stdout","logger":"task"}
{"timestamp":"2025-07-29T19:41:39.386823Z","level":"info","event":" 'inlets': [],","chan":"stdout","logger":"task"}
{"timestamp":"2025-07-29T19:41:39.387026Z","level":"info","event":" 'logical_date': DateTime(2023, 6, 23, 18, 57, 0, tzinfo=Timezone('UTC')),","chan":"stdout","logger":"task"}
{"timestamp":"2025-07-29T19:41:39.387198Z","level":"info","event":" 'macros': <MacrosAccessor (dynamic access to macros)>,","chan":"stdout","logger":"task"}
{"timestamp":"2025-07-29T19:41:39.387266Z","level":"info","event":" 'map_index_template': None,","chan":"stdout","logger":"task"}
{"timestamp":"2025-07-29T19:41:39.387337Z","level":"info","event":" 'outlet_events': <airflow.sdk.execution_time.context.OutletEventAccessors object at 0x7fb67ebdd5b0>,","chan":"stdout","logger":"task"}
{"timestamp":"2025-07-29T19:41:39.387438Z","level":"info","event":" 'outlets': [],","chan":"stdout","logger":"task"}
{"timestamp":"2025-07-29T19:41:39.387515Z","level":"info","event":" 'params': {},","chan":"stdout","logger":"task"}
{"timestamp":"2025-07-29T19:41:39.415503Z","level":"info","event":" 'prev_data_interval_end_success': <Proxy at 0x7fb66fc65040 with factory <function RuntimeTaskInstance.get_template_context.<locals>.<lambda> at 0x7fb66fc79620>>,","chan":"stdout","logger":"task"}
{"timestamp":"2025-07-29T19:41:39.415863Z","level":"info","event":" 'prev_data_interval_start_success': <Proxy at 0x7fb66fd45c70 with factory <function RuntimeTaskInstance.get_template_context.<locals>.<lambda> at 0x7fb66fc7ad40>>,","chan":"stdout","logger":"task"}
{"timestamp":"2025-07-29T19:41:39.415964Z","level":"info","event":" 'prev_end_date_success': <Proxy at 0x7fb66fd77410 with factory <function RuntimeTaskInstance.get_template_context.<locals>.<lambda> at 0x7fb66fc7ade0>>,","chan":"stdout","logger":"task"}
{"timestamp":"2025-07-29T19:41:39.416040Z","level":"info","event":" 'prev_start_date_success': <Proxy at 0x7fb66ff86ba0 with factory <function RuntimeTaskInstance.get_template_context.<locals>.<lambda> at 0x7fb66fc79b20>>,","chan":"stdout","logger":"task"}
{"timestamp":"2025-07-29T19:41:39.416112Z","level":"info","event":" 'run_id': 'scheduled__2023-06-23T18:57:00+00:00',","chan":"stdout","logger":"task"}
{"timestamp":"2025-07-29T19:41:39.416184Z","level":"info","event":" 'task': <Task(PythonOperator): python>,","chan":"stdout","logger":"task"}
{"timestamp":"2025-07-29T19:41:39.416259Z","level":"info","event":" 'task_instance': RuntimeTaskInstance(id=UUID('019857b4-6b43-778e-be39-d3c8a69a85d9'), task_id='python', dag_id='python_operator_v1', run_id='scheduled__2023-06-23T18:57:00+00:00', try_number=1, map_index=-1, hostname='bf6f1e7a6f11', context_carrier={}, task=<Task(PythonOperator): python>, bundle_instance=LocalDagBundle(name=dags-folder), max_tries=0, start_date=datetime.datetime(2025, 7, 29, 19, 41, 38, 782655, tzinfo=datetime.timezone.utc), end_date=None, state=<TaskInstanceState.RUNNING: 'running'>, is_mapped=False, rendered_map_index=None, log_url='http://localhost:8080/dags/python_operator_v1/runs/scheduled__2023-06-23T18%3A57%3A00%2B00%3A00/tasks/python?try_number=1'),","chan":"stdout","logger":"task"}
{"timestamp":"2025-07-29T19:41:39.416338Z","level":"info","event":" 'task_instance_key_str': 'python_operator_v1__python__20230623',","chan":"stdout","logger":"task"}
{"timestamp":"2025-07-29T19:41:39.416407Z","level":"info","event":" 'task_reschedule_count': 0,","chan":"stdout","logger":"task"}
{"timestamp":"2025-07-29T19:41:39.416474Z","level":"info","event":" 'templates_dict': None,","chan":"stdout","logger":"task"}
{"timestamp":"2025-07-29T19:41:39.416543Z","level":"info","event":" 'ti': RuntimeTaskInstance(id=UUID('019857b4-6b43-778e-be39-d3c8a69a85d9'), task_id='python', dag_id='python_operator_v1', run_id='scheduled__2023-06-23T18:57:00+00:00', try_number=1, map_index=-1, hostname='bf6f1e7a6f11', context_carrier={}, task=<Task(PythonOperator): python>, bundle_instance=LocalDagBundle(name=dags-folder), max_tries=0, start_date=datetime.datetime(2025, 7, 29, 19, 41, 38, 782655, tzinfo=datetime.timezone.utc), end_date=None, state=<TaskInstanceState.RUNNING: 'running'>, is_mapped=False, rendered_map_index=None, log_url='http://localhost:8080/dags/python_operator_v1/runs/scheduled__2023-06-23T18%3A57%3A00%2B00%3A00/tasks/python?try_number=1'),","chan":"stdout","logger":"task"}
{"timestamp":"2025-07-29T19:41:39.416617Z","level":"info","event":" 'triggering_asset_events': TriggeringAssetEventsAccessor(_events=defaultdict(<class 'list'>, {})),","chan":"stdout","logger":"task"}
{"timestamp":"2025-07-29T19:41:39.416681Z","level":"info","event":" 'ts': '2023-06-23T18:57:00+00:00',","chan":"stdout","logger":"task"}
{"timestamp":"2025-07-29T19:41:39.416744Z","level":"info","event":" 'ts_nodash': '20230623T185700',","chan":"stdout","logger":"task"}
{"timestamp":"2025-07-29T19:41:39.416811Z","level":"info","event":" 'ts_nodash_with_tz': '20230623T185700+0000',","chan":"stdout","logger":"task"}
{"timestamp":"2025-07-29T19:41:39.416873Z","level":"info","event":" 'var': {'json': <VariableAccessor (dynamic access)>,","chan":"stdout","logger":"task"}
{"timestamp":"2025-07-29T19:41:39.416937Z","level":"info","event":"         'value': <VariableAccessor (dynamic access)>}}","chan":"stdout","logger":"task"}
{"timestamp":"2025-07-29T19:41:39.414814","level":"info","event":"Done. Returned value was: 123","logger":"airflow.task.operators.airflow.providers.standard.operators.python.PythonOperator"}
{"timestamp":"2025-07-29T19:41:39.415125","level":"info","event":"Pushing xcom","ti":"RuntimeTaskInstance(id=UUID('019857b4-6b43-778e-be39-d3c8a69a85d9'), task_id='python', dag_id='python_operator_v1', run_id='scheduled__2023-06-23T18:57:00+00:00', try_number=1, map_index=-1, hostname='bf6f1e7a6f11', context_carrier={}, task=<Task(PythonOperator): python>, bundle_instance=LocalDagBundle(name=dags-folder), max_tries=0, start_date=datetime.datetime(2025, 7, 29, 19, 41, 38, 782655, tzinfo=datetime.timezone.utc), end_date=None, state=<TaskInstanceState.RUNNING: 'running'>, is_mapped=False, rendered_map_index=None, log_url='http://localhost:8080/dags/python_operator_v1/runs/scheduled__2023-06-23T18%3A57%3A00%2B00%3A00/tasks/python?try_number=1')","logger":"task"}
{"timestamp":"2025-07-29T19:41:39.460215Z","level":"info","event":"Task instance in success state","chan":"stdout","logger":"task"}
{"timestamp":"2025-07-29T19:41:39.460366Z","level":"info","event":" Previous state of the Task instance: TaskInstanceState.RUNNING","chan":"stdout","logger":"task"}
{"timestamp":"2025-07-29T19:41:39.460467Z","level":"info","event":"Task operator:<Task(PythonOperator): python>","chan":"stdout","logger":"task"}
