{"timestamp":"2025-07-29T19:29:49.360810","level":"info","event":"DAG bundles loaded: dags-folder, example_dags","logger":"airflow.dag_processing.bundles.manager.DagBundlesManager"}
{"timestamp":"2025-07-29T19:29:49.361346","level":"info","event":"Filling up the DagBag from /opt/airflow/dags/python_operator_v1.py","logger":"airflow.models.dagbag.DagBag"}
{"timestamp":"2025-07-29T19:29:49.382231Z","level":"info","event":"Task instance is in running state","chan":"stdout","logger":"task"}
{"timestamp":"2025-07-29T19:29:49.382376Z","level":"info","event":" Previous state of the Task instance: TaskInstanceState.QUEUED","chan":"stdout","logger":"task"}
{"timestamp":"2025-07-29T19:29:49.382794Z","level":"info","event":"Current task name:python","chan":"stdout","logger":"task"}
{"timestamp":"2025-07-29T19:29:49.382890Z","level":"info","event":"Dag name:python_operator_v1","chan":"stdout","logger":"task"}
{"timestamp":"2025-07-29T19:29:49.384007Z","level":"info","event":"poliana","chan":"stdout","logger":"task"}
{"timestamp":"2025-07-29T19:29:49.384583Z","level":"info","event":"{'conn': <ConnectionAccessor (dynamic access)>,","chan":"stdout","logger":"task"}
{"timestamp":"2025-07-29T19:29:49.384664Z","level":"info","event":" 'dag': <DAG: python_operator_v1>,","chan":"stdout","logger":"task"}
{"timestamp":"2025-07-29T19:29:49.384755Z","level":"info","event":" 'dag_run': DagRun(dag_id='python_operator_v1', run_id='scheduled__2023-06-23T06:00:00+00:00', logical_date=datetime.datetime(2023, 6, 23, 6, 0, tzinfo=datetime.timezone.utc), data_interval_start=datetime.datetime(2023, 6, 23, 6, 0, tzinfo=datetime.timezone.utc), data_interval_end=datetime.datetime(2023, 6, 23, 6, 0, tzinfo=datetime.timezone.utc), run_after=datetime.datetime(2023, 6, 23, 6, 0, tzinfo=datetime.timezone.utc), start_date=datetime.datetime(2025, 7, 29, 19, 29, 48, 734735, tzinfo=datetime.timezone.utc), end_date=None, clear_number=0, run_type=<DagRunType.SCHEDULED: 'scheduled'>, conf={}, consumed_asset_events=[]),","chan":"stdout","logger":"task"}
{"timestamp":"2025-07-29T19:29:49.384815Z","level":"info","event":" 'data_interval_end': DateTime(2023, 6, 23, 6, 0, 0, tzinfo=Timezone('UTC')),","chan":"stdout","logger":"task"}
{"timestamp":"2025-07-29T19:29:49.384863Z","level":"info","event":" 'data_interval_start': DateTime(2023, 6, 23, 6, 0, 0, tzinfo=Timezone('UTC')),","chan":"stdout","logger":"task"}
{"timestamp":"2025-07-29T19:29:49.384905Z","level":"info","event":" 'ds': '2023-06-23',","chan":"stdout","logger":"task"}
{"timestamp":"2025-07-29T19:29:49.384949Z","level":"info","event":" 'ds_nodash': '20230623',","chan":"stdout","logger":"task"}
{"timestamp":"2025-07-29T19:29:49.384990Z","level":"info","event":" 'inlet_events': InletEventsAccessors(_inlets=[], _assets={}, _asset_aliases={}),","chan":"stdout","logger":"task"}
{"timestamp":"2025-07-29T19:29:49.385031Z","level":"info","event":" 'inlets': [],","chan":"stdout","logger":"task"}
{"timestamp":"2025-07-29T19:29:49.385072Z","level":"info","event":" 'logical_date': DateTime(2023, 6, 23, 6, 0, 0, tzinfo=Timezone('UTC')),","chan":"stdout","logger":"task"}
{"timestamp":"2025-07-29T19:29:49.385112Z","level":"info","event":" 'macros': <MacrosAccessor (dynamic access to macros)>,","chan":"stdout","logger":"task"}
{"timestamp":"2025-07-29T19:29:49.385153Z","level":"info","event":" 'map_index_template': None,","chan":"stdout","logger":"task"}
{"timestamp":"2025-07-29T19:29:49.385193Z","level":"info","event":" 'outlet_events': <airflow.sdk.execution_time.context.OutletEventAccessors object at 0x7fb67cb5ca10>,","chan":"stdout","logger":"task"}
{"timestamp":"2025-07-29T19:29:49.385246Z","level":"info","event":" 'outlets': [],","chan":"stdout","logger":"task"}
{"timestamp":"2025-07-29T19:29:49.385299Z","level":"info","event":" 'params': {},","chan":"stdout","logger":"task"}
{"timestamp":"2025-07-29T19:29:49.393439Z","level":"info","event":" 'prev_data_interval_end_success': <Proxy at 0x7fb66fc6e2d0 with factory <function RuntimeTaskInstance.get_template_context.<locals>.<lambda> at 0x7fb66fc863e0>>,","chan":"stdout","logger":"task"}
{"timestamp":"2025-07-29T19:29:49.393576Z","level":"info","event":" 'prev_data_interval_start_success': <Proxy at 0x7fb67ebfd8b0 with factory <function RuntimeTaskInstance.get_template_context.<locals>.<lambda> at 0x7fb66fc87b00>>,","chan":"stdout","logger":"task"}
{"timestamp":"2025-07-29T19:29:49.393671Z","level":"info","event":" 'prev_end_date_success': <Proxy at 0x7fb66fc6e480 with factory <function RuntimeTaskInstance.get_template_context.<locals>.<lambda> at 0x7fb66fc87ba0>>,","chan":"stdout","logger":"task"}
{"timestamp":"2025-07-29T19:29:49.393725Z","level":"info","event":" 'prev_start_date_success': <Proxy at 0x7fb66fc6e510 with factory <function RuntimeTaskInstance.get_template_context.<locals>.<lambda> at 0x7fb66fc868e0>>,","chan":"stdout","logger":"task"}
{"timestamp":"2025-07-29T19:29:49.393770Z","level":"info","event":" 'run_id': 'scheduled__2023-06-23T06:00:00+00:00',","chan":"stdout","logger":"task"}
{"timestamp":"2025-07-29T19:29:49.393814Z","level":"info","event":" 'task': <Task(PythonOperator): python>,","chan":"stdout","logger":"task"}
{"timestamp":"2025-07-29T19:29:49.393859Z","level":"info","event":" 'task_instance': RuntimeTaskInstance(id=UUID('019857a9-96b7-7aae-bf0a-c7817ea82c98'), task_id='python', dag_id='python_operator_v1', run_id='scheduled__2023-06-23T06:00:00+00:00', try_number=1, map_index=-1, hostname='bf6f1e7a6f11', context_carrier={}, task=<Task(PythonOperator): python>, bundle_instance=LocalDagBundle(name=dags-folder), max_tries=0, start_date=datetime.datetime(2025, 7, 29, 19, 29, 48, 909480, tzinfo=datetime.timezone.utc), end_date=None, state=<TaskInstanceState.RUNNING: 'running'>, is_mapped=False, rendered_map_index=None, log_url='http://localhost:8080/dags/python_operator_v1/runs/scheduled__2023-06-23T06%3A00%3A00%2B00%3A00/tasks/python?try_number=1'),","chan":"stdout","logger":"task"}
{"timestamp":"2025-07-29T19:29:49.393905Z","level":"info","event":" 'task_instance_key_str': 'python_operator_v1__python__20230623',","chan":"stdout","logger":"task"}
{"timestamp":"2025-07-29T19:29:49.393954Z","level":"info","event":" 'task_reschedule_count': 0,","chan":"stdout","logger":"task"}
{"timestamp":"2025-07-29T19:29:49.394021Z","level":"info","event":" 'templates_dict': None,","chan":"stdout","logger":"task"}
{"timestamp":"2025-07-29T19:29:49.394103Z","level":"info","event":" 'ti': RuntimeTaskInstance(id=UUID('019857a9-96b7-7aae-bf0a-c7817ea82c98'), task_id='python', dag_id='python_operator_v1', run_id='scheduled__2023-06-23T06:00:00+00:00', try_number=1, map_index=-1, hostname='bf6f1e7a6f11', context_carrier={}, task=<Task(PythonOperator): python>, bundle_instance=LocalDagBundle(name=dags-folder), max_tries=0, start_date=datetime.datetime(2025, 7, 29, 19, 29, 48, 909480, tzinfo=datetime.timezone.utc), end_date=None, state=<TaskInstanceState.RUNNING: 'running'>, is_mapped=False, rendered_map_index=None, log_url='http://localhost:8080/dags/python_operator_v1/runs/scheduled__2023-06-23T06%3A00%3A00%2B00%3A00/tasks/python?try_number=1'),","chan":"stdout","logger":"task"}
{"timestamp":"2025-07-29T19:29:49.394158Z","level":"info","event":" 'triggering_asset_events': TriggeringAssetEventsAccessor(_events=defaultdict(<class 'list'>, {})),","chan":"stdout","logger":"task"}
{"timestamp":"2025-07-29T19:29:49.394201Z","level":"info","event":" 'ts': '2023-06-23T06:00:00+00:00',","chan":"stdout","logger":"task"}
{"timestamp":"2025-07-29T19:29:49.394242Z","level":"info","event":" 'ts_nodash': '20230623T060000',","chan":"stdout","logger":"task"}
{"timestamp":"2025-07-29T19:29:49.394283Z","level":"info","event":" 'ts_nodash_with_tz': '20230623T060000+0000',","chan":"stdout","logger":"task"}
{"timestamp":"2025-07-29T19:29:49.394324Z","level":"info","event":" 'var': {'json': <VariableAccessor (dynamic access)>,","chan":"stdout","logger":"task"}
{"timestamp":"2025-07-29T19:29:49.394365Z","level":"info","event":"         'value': <VariableAccessor (dynamic access)>}}","chan":"stdout","logger":"task"}
{"timestamp":"2025-07-29T19:29:49.394091","level":"info","event":"Done. Returned value was: 123","logger":"airflow.task.operators.airflow.providers.standard.operators.python.PythonOperator"}
{"timestamp":"2025-07-29T19:29:49.394257","level":"info","event":"Pushing xcom","ti":"RuntimeTaskInstance(id=UUID('019857a9-96b7-7aae-bf0a-c7817ea82c98'), task_id='python', dag_id='python_operator_v1', run_id='scheduled__2023-06-23T06:00:00+00:00', try_number=1, map_index=-1, hostname='bf6f1e7a6f11', context_carrier={}, task=<Task(PythonOperator): python>, bundle_instance=LocalDagBundle(name=dags-folder), max_tries=0, start_date=datetime.datetime(2025, 7, 29, 19, 29, 48, 909480, tzinfo=datetime.timezone.utc), end_date=None, state=<TaskInstanceState.RUNNING: 'running'>, is_mapped=False, rendered_map_index=None, log_url='http://localhost:8080/dags/python_operator_v1/runs/scheduled__2023-06-23T06%3A00%3A00%2B00%3A00/tasks/python?try_number=1')","logger":"task"}
{"timestamp":"2025-07-29T19:29:49.415860Z","level":"info","event":"Task instance in success state","chan":"stdout","logger":"task"}
{"timestamp":"2025-07-29T19:29:49.416042Z","level":"info","event":" Previous state of the Task instance: TaskInstanceState.RUNNING","chan":"stdout","logger":"task"}
{"timestamp":"2025-07-29T19:29:49.416136Z","level":"info","event":"Task operator:<Task(PythonOperator): python>","chan":"stdout","logger":"task"}
