{"timestamp":"2025-07-29T19:20:53.614640","level":"info","event":"DAG bundles loaded: dags-folder, example_dags","logger":"airflow.dag_processing.bundles.manager.DagBundlesManager"}
{"timestamp":"2025-07-29T19:20:53.615182","level":"info","event":"Filling up the DagBag from /opt/airflow/dags/python_operator_v1.py","logger":"airflow.models.dagbag.DagBag"}
{"timestamp":"2025-07-29T19:20:53.637795Z","level":"info","event":"Task instance is in running state","chan":"stdout","logger":"task"}
{"timestamp":"2025-07-29T19:20:53.637982Z","level":"info","event":" Previous state of the Task instance: TaskInstanceState.QUEUED","chan":"stdout","logger":"task"}
{"timestamp":"2025-07-29T19:20:53.638406Z","level":"info","event":"Current task name:python","chan":"stdout","logger":"task"}
{"timestamp":"2025-07-29T19:20:53.638533Z","level":"info","event":"Dag name:python_operator_v1","chan":"stdout","logger":"task"}
{"timestamp":"2025-07-29T19:20:53.639740Z","level":"info","event":"poliana","chan":"stdout","logger":"task"}
{"timestamp":"2025-07-29T19:20:53.640646Z","level":"info","event":"{'conn': <ConnectionAccessor (dynamic access)>,","chan":"stdout","logger":"task"}
{"timestamp":"2025-07-29T19:20:53.640835Z","level":"info","event":" 'dag': <DAG: python_operator_v1>,","chan":"stdout","logger":"task"}
{"timestamp":"2025-07-29T19:20:53.641038Z","level":"info","event":" 'dag_run': DagRun(dag_id='python_operator_v1', run_id='scheduled__2023-06-22T20:27:00+00:00', logical_date=datetime.datetime(2023, 6, 22, 20, 27, tzinfo=datetime.timezone.utc), data_interval_start=datetime.datetime(2023, 6, 22, 20, 27, tzinfo=datetime.timezone.utc), data_interval_end=datetime.datetime(2023, 6, 22, 20, 27, tzinfo=datetime.timezone.utc), run_after=datetime.datetime(2023, 6, 22, 20, 27, tzinfo=datetime.timezone.utc), start_date=datetime.datetime(2025, 7, 29, 19, 20, 52, 690553, tzinfo=datetime.timezone.utc), end_date=None, clear_number=0, run_type=<DagRunType.SCHEDULED: 'scheduled'>, conf={}, consumed_asset_events=[]),","chan":"stdout","logger":"task"}
{"timestamp":"2025-07-29T19:20:53.641176Z","level":"info","event":" 'data_interval_end': DateTime(2023, 6, 22, 20, 27, 0, tzinfo=Timezone('UTC')),","chan":"stdout","logger":"task"}
{"timestamp":"2025-07-29T19:20:53.641291Z","level":"info","event":" 'data_interval_start': DateTime(2023, 6, 22, 20, 27, 0, tzinfo=Timezone('UTC')),","chan":"stdout","logger":"task"}
{"timestamp":"2025-07-29T19:20:53.641355Z","level":"info","event":" 'ds': '2023-06-22',","chan":"stdout","logger":"task"}
{"timestamp":"2025-07-29T19:20:53.641417Z","level":"info","event":" 'ds_nodash': '20230622',","chan":"stdout","logger":"task"}
{"timestamp":"2025-07-29T19:20:53.641477Z","level":"info","event":" 'inlet_events': InletEventsAccessors(_inlets=[], _assets={}, _asset_aliases={}),","chan":"stdout","logger":"task"}
{"timestamp":"2025-07-29T19:20:53.641537Z","level":"info","event":" 'inlets': [],","chan":"stdout","logger":"task"}
{"timestamp":"2025-07-29T19:20:53.641596Z","level":"info","event":" 'logical_date': DateTime(2023, 6, 22, 20, 27, 0, tzinfo=Timezone('UTC')),","chan":"stdout","logger":"task"}
{"timestamp":"2025-07-29T19:20:53.641654Z","level":"info","event":" 'macros': <MacrosAccessor (dynamic access to macros)>,","chan":"stdout","logger":"task"}
{"timestamp":"2025-07-29T19:20:53.641713Z","level":"info","event":" 'map_index_template': None,","chan":"stdout","logger":"task"}
{"timestamp":"2025-07-29T19:20:53.641772Z","level":"info","event":" 'outlet_events': <airflow.sdk.execution_time.context.OutletEventAccessors object at 0x7fb67802f710>,","chan":"stdout","logger":"task"}
{"timestamp":"2025-07-29T19:20:53.641832Z","level":"info","event":" 'outlets': [],","chan":"stdout","logger":"task"}
{"timestamp":"2025-07-29T19:20:53.641891Z","level":"info","event":" 'params': {},","chan":"stdout","logger":"task"}
{"timestamp":"2025-07-29T19:20:53.653323Z","level":"info","event":" 'prev_data_interval_end_success': <Proxy at 0x7fb66fc22f90 with factory <function RuntimeTaskInstance.get_template_context.<locals>.<lambda> at 0x7fb66fc44ea0>>,","chan":"stdout","logger":"task"}
{"timestamp":"2025-07-29T19:20:53.653506Z","level":"info","event":" 'prev_data_interval_start_success': <Proxy at 0x7fb66fc22ff0 with factory <function RuntimeTaskInstance.get_template_context.<locals>.<lambda> at 0x7fb66fc465c0>>,","chan":"stdout","logger":"task"}
{"timestamp":"2025-07-29T19:20:53.653577Z","level":"info","event":" 'prev_end_date_success': <Proxy at 0x7fb66fc21610 with factory <function RuntimeTaskInstance.get_template_context.<locals>.<lambda> at 0x7fb66fc46660>>,","chan":"stdout","logger":"task"}
{"timestamp":"2025-07-29T19:20:53.653674Z","level":"info","event":" 'prev_start_date_success': <Proxy at 0x7fb66fe16ba0 with factory <function RuntimeTaskInstance.get_template_context.<locals>.<lambda> at 0x7fb66fc453a0>>,","chan":"stdout","logger":"task"}
{"timestamp":"2025-07-29T19:20:53.653727Z","level":"info","event":" 'run_id': 'scheduled__2023-06-22T20:27:00+00:00',","chan":"stdout","logger":"task"}
{"timestamp":"2025-07-29T19:20:53.653772Z","level":"info","event":" 'task': <Task(PythonOperator): python>,","chan":"stdout","logger":"task"}
{"timestamp":"2025-07-29T19:20:53.653817Z","level":"info","event":" 'task_instance': RuntimeTaskInstance(id=UUID('019857a1-68c6-7cc1-9d5b-8181d0ad285e'), task_id='python', dag_id='python_operator_v1', run_id='scheduled__2023-06-22T20:27:00+00:00', try_number=1, map_index=-1, hostname='bf6f1e7a6f11', context_carrier={}, task=<Task(PythonOperator): python>, bundle_instance=LocalDagBundle(name=dags-folder), max_tries=0, start_date=datetime.datetime(2025, 7, 29, 19, 20, 53, 49378, tzinfo=datetime.timezone.utc), end_date=None, state=<TaskInstanceState.RUNNING: 'running'>, is_mapped=False, rendered_map_index=None, log_url='http://localhost:8080/dags/python_operator_v1/runs/scheduled__2023-06-22T20%3A27%3A00%2B00%3A00/tasks/python?try_number=1'),","chan":"stdout","logger":"task"}
{"timestamp":"2025-07-29T19:20:53.653863Z","level":"info","event":" 'task_instance_key_str': 'python_operator_v1__python__20230622',","chan":"stdout","logger":"task"}
{"timestamp":"2025-07-29T19:20:53.653905Z","level":"info","event":" 'task_reschedule_count': 0,","chan":"stdout","logger":"task"}
{"timestamp":"2025-07-29T19:20:53.653947Z","level":"info","event":" 'templates_dict': None,","chan":"stdout","logger":"task"}
{"timestamp":"2025-07-29T19:20:53.653989Z","level":"info","event":" 'ti': RuntimeTaskInstance(id=UUID('019857a1-68c6-7cc1-9d5b-8181d0ad285e'), task_id='python', dag_id='python_operator_v1', run_id='scheduled__2023-06-22T20:27:00+00:00', try_number=1, map_index=-1, hostname='bf6f1e7a6f11', context_carrier={}, task=<Task(PythonOperator): python>, bundle_instance=LocalDagBundle(name=dags-folder), max_tries=0, start_date=datetime.datetime(2025, 7, 29, 19, 20, 53, 49378, tzinfo=datetime.timezone.utc), end_date=None, state=<TaskInstanceState.RUNNING: 'running'>, is_mapped=False, rendered_map_index=None, log_url='http://localhost:8080/dags/python_operator_v1/runs/scheduled__2023-06-22T20%3A27%3A00%2B00%3A00/tasks/python?try_number=1'),","chan":"stdout","logger":"task"}
{"timestamp":"2025-07-29T19:20:53.654060Z","level":"info","event":" 'triggering_asset_events': TriggeringAssetEventsAccessor(_events=defaultdict(<class 'list'>, {})),","chan":"stdout","logger":"task"}
{"timestamp":"2025-07-29T19:20:53.654109Z","level":"info","event":" 'ts': '2023-06-22T20:27:00+00:00',","chan":"stdout","logger":"task"}
{"timestamp":"2025-07-29T19:20:53.654152Z","level":"info","event":" 'ts_nodash': '20230622T202700',","chan":"stdout","logger":"task"}
{"timestamp":"2025-07-29T19:20:53.654197Z","level":"info","event":" 'ts_nodash_with_tz': '20230622T202700+0000',","chan":"stdout","logger":"task"}
{"timestamp":"2025-07-29T19:20:53.654239Z","level":"info","event":" 'var': {'json': <VariableAccessor (dynamic access)>,","chan":"stdout","logger":"task"}
{"timestamp":"2025-07-29T19:20:53.654280Z","level":"info","event":"         'value': <VariableAccessor (dynamic access)>}}","chan":"stdout","logger":"task"}
{"timestamp":"2025-07-29T19:20:53.654012","level":"info","event":"Done. Returned value was: 123","logger":"airflow.task.operators.airflow.providers.standard.operators.python.PythonOperator"}
{"timestamp":"2025-07-29T19:20:53.654187","level":"info","event":"Pushing xcom","ti":"RuntimeTaskInstance(id=UUID('019857a1-68c6-7cc1-9d5b-8181d0ad285e'), task_id='python', dag_id='python_operator_v1', run_id='scheduled__2023-06-22T20:27:00+00:00', try_number=1, map_index=-1, hostname='bf6f1e7a6f11', context_carrier={}, task=<Task(PythonOperator): python>, bundle_instance=LocalDagBundle(name=dags-folder), max_tries=0, start_date=datetime.datetime(2025, 7, 29, 19, 20, 53, 49378, tzinfo=datetime.timezone.utc), end_date=None, state=<TaskInstanceState.RUNNING: 'running'>, is_mapped=False, rendered_map_index=None, log_url='http://localhost:8080/dags/python_operator_v1/runs/scheduled__2023-06-22T20%3A27%3A00%2B00%3A00/tasks/python?try_number=1')","logger":"task"}
{"timestamp":"2025-07-29T19:20:53.676041Z","level":"info","event":"Task instance in success state","chan":"stdout","logger":"task"}
{"timestamp":"2025-07-29T19:20:53.676171Z","level":"info","event":" Previous state of the Task instance: TaskInstanceState.RUNNING","chan":"stdout","logger":"task"}
{"timestamp":"2025-07-29T19:20:53.676267Z","level":"info","event":"Task operator:<Task(PythonOperator): python>","chan":"stdout","logger":"task"}
