{"timestamp":"2025-07-29T20:10:41.285877","level":"info","event":"DAG bundles loaded: dags-folder, example_dags","logger":"airflow.dag_processing.bundles.manager.DagBundlesManager"}
{"timestamp":"2025-07-29T20:10:41.286829","level":"info","event":"Filling up the DagBag from /opt/airflow/dags/2_python_operator_v1.py","logger":"airflow.models.dagbag.DagBag"}
{"timestamp":"2025-07-29T20:10:41.351974Z","level":"info","event":"Task instance is in running state","chan":"stdout","logger":"task"}
{"timestamp":"2025-07-29T20:10:41.352455Z","level":"info","event":" Previous state of the Task instance: TaskInstanceState.QUEUED","chan":"stdout","logger":"task"}
{"timestamp":"2025-07-29T20:10:41.353460Z","level":"info","event":"Current task name:python","chan":"stdout","logger":"task"}
{"timestamp":"2025-07-29T20:10:41.353683Z","level":"info","event":"Dag name:python_operator_v1","chan":"stdout","logger":"task"}
{"timestamp":"2025-07-29T20:10:41.355351Z","level":"info","event":"poliana","chan":"stdout","logger":"task"}
{"timestamp":"2025-07-29T20:10:41.356459Z","level":"info","event":"{'conn': <ConnectionAccessor (dynamic access)>,","chan":"stdout","logger":"task"}
{"timestamp":"2025-07-29T20:10:41.356671Z","level":"info","event":" 'dag': <DAG: python_operator_v1>,","chan":"stdout","logger":"task"}
{"timestamp":"2025-07-29T20:10:41.356889Z","level":"info","event":" 'dag_run': DagRun(dag_id='python_operator_v1', run_id='scheduled__2023-06-24T23:56:00+00:00', logical_date=datetime.datetime(2023, 6, 24, 23, 56, tzinfo=datetime.timezone.utc), data_interval_start=datetime.datetime(2023, 6, 24, 23, 56, tzinfo=datetime.timezone.utc), data_interval_end=datetime.datetime(2023, 6, 24, 23, 56, tzinfo=datetime.timezone.utc), run_after=datetime.datetime(2023, 6, 24, 23, 56, tzinfo=datetime.timezone.utc), start_date=datetime.datetime(2025, 7, 29, 20, 10, 39, 582933, tzinfo=datetime.timezone.utc), end_date=None, clear_number=0, run_type=<DagRunType.SCHEDULED: 'scheduled'>, conf={}, consumed_asset_events=[]),","chan":"stdout","logger":"task"}
{"timestamp":"2025-07-29T20:10:41.357021Z","level":"info","event":" 'data_interval_end': DateTime(2023, 6, 24, 23, 56, 0, tzinfo=Timezone('UTC')),","chan":"stdout","logger":"task"}
{"timestamp":"2025-07-29T20:10:41.357100Z","level":"info","event":" 'data_interval_start': DateTime(2023, 6, 24, 23, 56, 0, tzinfo=Timezone('UTC')),","chan":"stdout","logger":"task"}
{"timestamp":"2025-07-29T20:10:41.357167Z","level":"info","event":" 'ds': '2023-06-24',","chan":"stdout","logger":"task"}
{"timestamp":"2025-07-29T20:10:41.357243Z","level":"info","event":" 'ds_nodash': '20230624',","chan":"stdout","logger":"task"}
{"timestamp":"2025-07-29T20:10:41.357307Z","level":"info","event":" 'inlet_events': InletEventsAccessors(_inlets=[], _assets={}, _asset_aliases={}),","chan":"stdout","logger":"task"}
{"timestamp":"2025-07-29T20:10:41.357370Z","level":"info","event":" 'inlets': [],","chan":"stdout","logger":"task"}
{"timestamp":"2025-07-29T20:10:41.357431Z","level":"info","event":" 'logical_date': DateTime(2023, 6, 24, 23, 56, 0, tzinfo=Timezone('UTC')),","chan":"stdout","logger":"task"}
{"timestamp":"2025-07-29T20:10:41.357493Z","level":"info","event":" 'macros': <MacrosAccessor (dynamic access to macros)>,","chan":"stdout","logger":"task"}
{"timestamp":"2025-07-29T20:10:41.357559Z","level":"info","event":" 'map_index_template': None,","chan":"stdout","logger":"task"}
{"timestamp":"2025-07-29T20:10:41.357623Z","level":"info","event":" 'outlet_events': <airflow.sdk.execution_time.context.OutletEventAccessors object at 0x7fb67d2e7a70>,","chan":"stdout","logger":"task"}
{"timestamp":"2025-07-29T20:10:41.357710Z","level":"info","event":" 'outlets': [],","chan":"stdout","logger":"task"}
{"timestamp":"2025-07-29T20:10:41.357786Z","level":"info","event":" 'params': {},","chan":"stdout","logger":"task"}
{"timestamp":"2025-07-29T20:10:41.370341Z","level":"info","event":" 'prev_data_interval_end_success': <Proxy at 0x7fb66fc6b740 with factory <function RuntimeTaskInstance.get_template_context.<locals>.<lambda> at 0x7fb66fc85c60>>,","chan":"stdout","logger":"task"}
{"timestamp":"2025-07-29T20:10:41.370633Z","level":"info","event":" 'prev_data_interval_start_success': <Proxy at 0x7fb66fc6b560 with factory <function RuntimeTaskInstance.get_template_context.<locals>.<lambda> at 0x7fb66fc87380>>,","chan":"stdout","logger":"task"}
{"timestamp":"2025-07-29T20:10:41.370778Z","level":"info","event":" 'prev_end_date_success': <Proxy at 0x7fb66fc6b9b0 with factory <function RuntimeTaskInstance.get_template_context.<locals>.<lambda> at 0x7fb66fc87420>>,","chan":"stdout","logger":"task"}
{"timestamp":"2025-07-29T20:10:41.370874Z","level":"info","event":" 'prev_start_date_success': <Proxy at 0x7fb66fc6ba70 with factory <function RuntimeTaskInstance.get_template_context.<locals>.<lambda> at 0x7fb66fc86160>>,","chan":"stdout","logger":"task"}
{"timestamp":"2025-07-29T20:10:41.370934Z","level":"info","event":" 'run_id': 'scheduled__2023-06-24T23:56:00+00:00',","chan":"stdout","logger":"task"}
{"timestamp":"2025-07-29T20:10:41.370985Z","level":"info","event":" 'task': <Task(PythonOperator): python>,","chan":"stdout","logger":"task"}
{"timestamp":"2025-07-29T20:10:41.371036Z","level":"info","event":" 'task_instance': RuntimeTaskInstance(id=UUID('019857ce-fc36-7239-8d69-4bc7f4242b13'), task_id='python', dag_id='python_operator_v1', run_id='scheduled__2023-06-24T23:56:00+00:00', try_number=1, map_index=-1, hostname='bf6f1e7a6f11', context_carrier={}, task=<Task(PythonOperator): python>, bundle_instance=LocalDagBundle(name=dags-folder), max_tries=0, start_date=datetime.datetime(2025, 7, 29, 20, 10, 40, 463779, tzinfo=datetime.timezone.utc), end_date=None, state=<TaskInstanceState.RUNNING: 'running'>, is_mapped=False, rendered_map_index=None, log_url='http://localhost:8080/dags/python_operator_v1/runs/scheduled__2023-06-24T23%3A56%3A00%2B00%3A00/tasks/python?try_number=1'),","chan":"stdout","logger":"task"}
{"timestamp":"2025-07-29T20:10:41.371088Z","level":"info","event":" 'task_instance_key_str': 'python_operator_v1__python__20230624',","chan":"stdout","logger":"task"}
{"timestamp":"2025-07-29T20:10:41.371146Z","level":"info","event":" 'task_reschedule_count': 0,","chan":"stdout","logger":"task"}
{"timestamp":"2025-07-29T20:10:41.371214Z","level":"info","event":" 'templates_dict': None,","chan":"stdout","logger":"task"}
{"timestamp":"2025-07-29T20:10:41.371289Z","level":"info","event":" 'ti': RuntimeTaskInstance(id=UUID('019857ce-fc36-7239-8d69-4bc7f4242b13'), task_id='python', dag_id='python_operator_v1', run_id='scheduled__2023-06-24T23:56:00+00:00', try_number=1, map_index=-1, hostname='bf6f1e7a6f11', context_carrier={}, task=<Task(PythonOperator): python>, bundle_instance=LocalDagBundle(name=dags-folder), max_tries=0, start_date=datetime.datetime(2025, 7, 29, 20, 10, 40, 463779, tzinfo=datetime.timezone.utc), end_date=None, state=<TaskInstanceState.RUNNING: 'running'>, is_mapped=False, rendered_map_index=None, log_url='http://localhost:8080/dags/python_operator_v1/runs/scheduled__2023-06-24T23%3A56%3A00%2B00%3A00/tasks/python?try_number=1'),","chan":"stdout","logger":"task"}
{"timestamp":"2025-07-29T20:10:41.371417Z","level":"info","event":" 'triggering_asset_events': TriggeringAssetEventsAccessor(_events=defaultdict(<class 'list'>, {})),","chan":"stdout","logger":"task"}
{"timestamp":"2025-07-29T20:10:41.371499Z","level":"info","event":" 'ts': '2023-06-24T23:56:00+00:00',","chan":"stdout","logger":"task"}
{"timestamp":"2025-07-29T20:10:41.371577Z","level":"info","event":" 'ts_nodash': '20230624T235600',","chan":"stdout","logger":"task"}
{"timestamp":"2025-07-29T20:10:41.371649Z","level":"info","event":" 'ts_nodash_with_tz': '20230624T235600+0000',","chan":"stdout","logger":"task"}
{"timestamp":"2025-07-29T20:10:41.371720Z","level":"info","event":" 'var': {'json': <VariableAccessor (dynamic access)>,","chan":"stdout","logger":"task"}
{"timestamp":"2025-07-29T20:10:41.371789Z","level":"info","event":"         'value': <VariableAccessor (dynamic access)>}}","chan":"stdout","logger":"task"}
{"timestamp":"2025-07-29T20:10:41.371369","level":"info","event":"Done. Returned value was: 123","logger":"airflow.task.operators.airflow.providers.standard.operators.python.PythonOperator"}
{"timestamp":"2025-07-29T20:10:41.371646","level":"info","event":"Pushing xcom","ti":"RuntimeTaskInstance(id=UUID('019857ce-fc36-7239-8d69-4bc7f4242b13'), task_id='python', dag_id='python_operator_v1', run_id='scheduled__2023-06-24T23:56:00+00:00', try_number=1, map_index=-1, hostname='bf6f1e7a6f11', context_carrier={}, task=<Task(PythonOperator): python>, bundle_instance=LocalDagBundle(name=dags-folder), max_tries=0, start_date=datetime.datetime(2025, 7, 29, 20, 10, 40, 463779, tzinfo=datetime.timezone.utc), end_date=None, state=<TaskInstanceState.RUNNING: 'running'>, is_mapped=False, rendered_map_index=None, log_url='http://localhost:8080/dags/python_operator_v1/runs/scheduled__2023-06-24T23%3A56%3A00%2B00%3A00/tasks/python?try_number=1')","logger":"task"}
{"timestamp":"2025-07-29T20:10:41.402613Z","level":"info","event":"Task instance in success state","chan":"stdout","logger":"task"}
{"timestamp":"2025-07-29T20:10:41.402845Z","level":"info","event":" Previous state of the Task instance: TaskInstanceState.RUNNING","chan":"stdout","logger":"task"}
{"timestamp":"2025-07-29T20:10:41.403215Z","level":"info","event":"Task operator:<Task(PythonOperator): python>","chan":"stdout","logger":"task"}
