{"timestamp":"2025-07-29T19:55:30.092156","level":"info","event":"DAG bundles loaded: dags-folder, example_dags","logger":"airflow.dag_processing.bundles.manager.DagBundlesManager"}
{"timestamp":"2025-07-29T19:55:30.092591","level":"info","event":"Filling up the DagBag from /opt/airflow/dags/2_python_operator_v1.py","logger":"airflow.models.dagbag.DagBag"}
{"timestamp":"2025-07-29T19:55:30.119714Z","level":"info","event":"Task instance is in running state","chan":"stdout","logger":"task"}
{"timestamp":"2025-07-29T19:55:30.119863Z","level":"info","event":" Previous state of the Task instance: TaskInstanceState.QUEUED","chan":"stdout","logger":"task"}
{"timestamp":"2025-07-29T19:55:30.120303Z","level":"info","event":"Current task name:python","chan":"stdout","logger":"task"}
{"timestamp":"2025-07-29T19:55:30.120383Z","level":"info","event":"Dag name:python_operator_v1","chan":"stdout","logger":"task"}
{"timestamp":"2025-07-29T19:55:30.121356Z","level":"info","event":"poliana","chan":"stdout","logger":"task"}
{"timestamp":"2025-07-29T19:55:30.122022Z","level":"info","event":"{'conn': <ConnectionAccessor (dynamic access)>,","chan":"stdout","logger":"task"}
{"timestamp":"2025-07-29T19:55:30.122099Z","level":"info","event":" 'dag': <DAG: python_operator_v1>,","chan":"stdout","logger":"task"}
{"timestamp":"2025-07-29T19:55:30.122185Z","level":"info","event":" 'dag_run': DagRun(dag_id='python_operator_v1', run_id='scheduled__2023-06-24T10:05:00+00:00', logical_date=datetime.datetime(2023, 6, 24, 10, 5, tzinfo=datetime.timezone.utc), data_interval_start=datetime.datetime(2023, 6, 24, 10, 5, tzinfo=datetime.timezone.utc), data_interval_end=datetime.datetime(2023, 6, 24, 10, 5, tzinfo=datetime.timezone.utc), run_after=datetime.datetime(2023, 6, 24, 10, 5, tzinfo=datetime.timezone.utc), start_date=datetime.datetime(2025, 7, 29, 19, 55, 29, 522599, tzinfo=datetime.timezone.utc), end_date=None, clear_number=0, run_type=<DagRunType.SCHEDULED: 'scheduled'>, conf={}, consumed_asset_events=[]),","chan":"stdout","logger":"task"}
{"timestamp":"2025-07-29T19:55:30.122239Z","level":"info","event":" 'data_interval_end': DateTime(2023, 6, 24, 10, 5, 0, tzinfo=Timezone('UTC')),","chan":"stdout","logger":"task"}
{"timestamp":"2025-07-29T19:55:30.122284Z","level":"info","event":" 'data_interval_start': DateTime(2023, 6, 24, 10, 5, 0, tzinfo=Timezone('UTC')),","chan":"stdout","logger":"task"}
{"timestamp":"2025-07-29T19:55:30.122326Z","level":"info","event":" 'ds': '2023-06-24',","chan":"stdout","logger":"task"}
{"timestamp":"2025-07-29T19:55:30.122368Z","level":"info","event":" 'ds_nodash': '20230624',","chan":"stdout","logger":"task"}
{"timestamp":"2025-07-29T19:55:30.122408Z","level":"info","event":" 'inlet_events': InletEventsAccessors(_inlets=[], _assets={}, _asset_aliases={}),","chan":"stdout","logger":"task"}
{"timestamp":"2025-07-29T19:55:30.122472Z","level":"info","event":" 'inlets': [],","chan":"stdout","logger":"task"}
{"timestamp":"2025-07-29T19:55:30.122521Z","level":"info","event":" 'logical_date': DateTime(2023, 6, 24, 10, 5, 0, tzinfo=Timezone('UTC')),","chan":"stdout","logger":"task"}
{"timestamp":"2025-07-29T19:55:30.122562Z","level":"info","event":" 'macros': <MacrosAccessor (dynamic access to macros)>,","chan":"stdout","logger":"task"}
{"timestamp":"2025-07-29T19:55:30.122603Z","level":"info","event":" 'map_index_template': None,","chan":"stdout","logger":"task"}
{"timestamp":"2025-07-29T19:55:30.122660Z","level":"info","event":" 'outlet_events': <airflow.sdk.execution_time.context.OutletEventAccessors object at 0x7fb67cbc65d0>,","chan":"stdout","logger":"task"}
{"timestamp":"2025-07-29T19:55:30.122704Z","level":"info","event":" 'outlets': [],","chan":"stdout","logger":"task"}
{"timestamp":"2025-07-29T19:55:30.122744Z","level":"info","event":" 'params': {},","chan":"stdout","logger":"task"}
{"timestamp":"2025-07-29T19:55:30.131670Z","level":"info","event":" 'prev_data_interval_end_success': <Proxy at 0x7fb66fdf2870 with factory <function RuntimeTaskInstance.get_template_context.<locals>.<lambda> at 0x7fb66fc0d9e0>>,","chan":"stdout","logger":"task"}
{"timestamp":"2025-07-29T19:55:30.131861Z","level":"info","event":" 'prev_data_interval_start_success': <Proxy at 0x7fb66fdf2a50 with factory <function RuntimeTaskInstance.get_template_context.<locals>.<lambda> at 0x7fb66fc0f100>>,","chan":"stdout","logger":"task"}
{"timestamp":"2025-07-29T19:55:30.131925Z","level":"info","event":" 'prev_end_date_success': <Proxy at 0x7fb66fd0f410 with factory <function RuntimeTaskInstance.get_template_context.<locals>.<lambda> at 0x7fb66fc0f1a0>>,","chan":"stdout","logger":"task"}
{"timestamp":"2025-07-29T19:55:30.131972Z","level":"info","event":" 'prev_start_date_success': <Proxy at 0x7fb67eba73b0 with factory <function RuntimeTaskInstance.get_template_context.<locals>.<lambda> at 0x7fb66fc0dee0>>,","chan":"stdout","logger":"task"}
{"timestamp":"2025-07-29T19:55:30.132014Z","level":"info","event":" 'run_id': 'scheduled__2023-06-24T10:05:00+00:00',","chan":"stdout","logger":"task"}
{"timestamp":"2025-07-29T19:55:30.132056Z","level":"info","event":" 'task': <Task(PythonOperator): python>,","chan":"stdout","logger":"task"}
{"timestamp":"2025-07-29T19:55:30.132118Z","level":"info","event":" 'task_instance': RuntimeTaskInstance(id=UUID('019857c1-1964-7a04-97ad-3c64643222b0'), task_id='python', dag_id='python_operator_v1', run_id='scheduled__2023-06-24T10:05:00+00:00', try_number=1, map_index=-1, hostname='bf6f1e7a6f11', context_carrier={}, task=<Task(PythonOperator): python>, bundle_instance=LocalDagBundle(name=dags-folder), max_tries=0, start_date=datetime.datetime(2025, 7, 29, 19, 55, 29, 679405, tzinfo=datetime.timezone.utc), end_date=None, state=<TaskInstanceState.RUNNING: 'running'>, is_mapped=False, rendered_map_index=None, log_url='http://localhost:8080/dags/python_operator_v1/runs/scheduled__2023-06-24T10%3A05%3A00%2B00%3A00/tasks/python?try_number=1'),","chan":"stdout","logger":"task"}
{"timestamp":"2025-07-29T19:55:30.132178Z","level":"info","event":" 'task_instance_key_str': 'python_operator_v1__python__20230624',","chan":"stdout","logger":"task"}
{"timestamp":"2025-07-29T19:55:30.132218Z","level":"info","event":" 'task_reschedule_count': 0,","chan":"stdout","logger":"task"}
{"timestamp":"2025-07-29T19:55:30.132258Z","level":"info","event":" 'templates_dict': None,","chan":"stdout","logger":"task"}
{"timestamp":"2025-07-29T19:55:30.132298Z","level":"info","event":" 'ti': RuntimeTaskInstance(id=UUID('019857c1-1964-7a04-97ad-3c64643222b0'), task_id='python', dag_id='python_operator_v1', run_id='scheduled__2023-06-24T10:05:00+00:00', try_number=1, map_index=-1, hostname='bf6f1e7a6f11', context_carrier={}, task=<Task(PythonOperator): python>, bundle_instance=LocalDagBundle(name=dags-folder), max_tries=0, start_date=datetime.datetime(2025, 7, 29, 19, 55, 29, 679405, tzinfo=datetime.timezone.utc), end_date=None, state=<TaskInstanceState.RUNNING: 'running'>, is_mapped=False, rendered_map_index=None, log_url='http://localhost:8080/dags/python_operator_v1/runs/scheduled__2023-06-24T10%3A05%3A00%2B00%3A00/tasks/python?try_number=1'),","chan":"stdout","logger":"task"}
{"timestamp":"2025-07-29T19:55:30.132399Z","level":"info","event":" 'triggering_asset_events': TriggeringAssetEventsAccessor(_events=defaultdict(<class 'list'>, {})),","chan":"stdout","logger":"task"}
{"timestamp":"2025-07-29T19:55:30.132465Z","level":"info","event":" 'ts': '2023-06-24T10:05:00+00:00',","chan":"stdout","logger":"task"}
{"timestamp":"2025-07-29T19:55:30.132524Z","level":"info","event":" 'ts_nodash': '20230624T100500',","chan":"stdout","logger":"task"}
{"timestamp":"2025-07-29T19:55:30.132581Z","level":"info","event":" 'ts_nodash_with_tz': '20230624T100500+0000',","chan":"stdout","logger":"task"}
{"timestamp":"2025-07-29T19:55:30.132638Z","level":"info","event":" 'var': {'json': <VariableAccessor (dynamic access)>,","chan":"stdout","logger":"task"}
{"timestamp":"2025-07-29T19:55:30.132696Z","level":"info","event":"         'value': <VariableAccessor (dynamic access)>}}","chan":"stdout","logger":"task"}
{"timestamp":"2025-07-29T19:55:30.132418","level":"info","event":"Done. Returned value was: 123","logger":"airflow.task.operators.airflow.providers.standard.operators.python.PythonOperator"}
{"timestamp":"2025-07-29T19:55:30.132676","level":"info","event":"Pushing xcom","ti":"RuntimeTaskInstance(id=UUID('019857c1-1964-7a04-97ad-3c64643222b0'), task_id='python', dag_id='python_operator_v1', run_id='scheduled__2023-06-24T10:05:00+00:00', try_number=1, map_index=-1, hostname='bf6f1e7a6f11', context_carrier={}, task=<Task(PythonOperator): python>, bundle_instance=LocalDagBundle(name=dags-folder), max_tries=0, start_date=datetime.datetime(2025, 7, 29, 19, 55, 29, 679405, tzinfo=datetime.timezone.utc), end_date=None, state=<TaskInstanceState.RUNNING: 'running'>, is_mapped=False, rendered_map_index=None, log_url='http://localhost:8080/dags/python_operator_v1/runs/scheduled__2023-06-24T10%3A05%3A00%2B00%3A00/tasks/python?try_number=1')","logger":"task"}
{"timestamp":"2025-07-29T19:55:30.153084Z","level":"info","event":"Task instance in success state","chan":"stdout","logger":"task"}
{"timestamp":"2025-07-29T19:55:30.153259Z","level":"info","event":" Previous state of the Task instance: TaskInstanceState.RUNNING","chan":"stdout","logger":"task"}
{"timestamp":"2025-07-29T19:55:30.153388Z","level":"info","event":"Task operator:<Task(PythonOperator): python>","chan":"stdout","logger":"task"}
