{"timestamp":"2025-07-29T19:28:20.348686","level":"info","event":"DAG bundles loaded: dags-folder, example_dags","logger":"airflow.dag_processing.bundles.manager.DagBundlesManager"}
{"timestamp":"2025-07-29T19:28:20.349511","level":"info","event":"Filling up the DagBag from /opt/airflow/dags/python_operator_v1.py","logger":"airflow.models.dagbag.DagBag"}
{"timestamp":"2025-07-29T19:28:20.390380Z","level":"info","event":"Task instance is in running state","chan":"stdout","logger":"task"}
{"timestamp":"2025-07-29T19:28:20.390795Z","level":"info","event":" Previous state of the Task instance: TaskInstanceState.QUEUED","chan":"stdout","logger":"task"}
{"timestamp":"2025-07-29T19:28:20.391478Z","level":"info","event":"Current task name:python","chan":"stdout","logger":"task"}
{"timestamp":"2025-07-29T19:28:20.391762Z","level":"info","event":"Dag name:python_operator_v1","chan":"stdout","logger":"task"}
{"timestamp":"2025-07-29T19:28:20.393434Z","level":"info","event":"poliana","chan":"stdout","logger":"task"}
{"timestamp":"2025-07-29T19:28:20.394441Z","level":"info","event":"{'conn': <ConnectionAccessor (dynamic access)>,","chan":"stdout","logger":"task"}
{"timestamp":"2025-07-29T19:28:20.394871Z","level":"info","event":" 'dag': <DAG: python_operator_v1>,","chan":"stdout","logger":"task"}
{"timestamp":"2025-07-29T19:28:20.395155Z","level":"info","event":" 'dag_run': DagRun(dag_id='python_operator_v1', run_id='scheduled__2023-06-23T04:31:00+00:00', logical_date=datetime.datetime(2023, 6, 23, 4, 31, tzinfo=datetime.timezone.utc), data_interval_start=datetime.datetime(2023, 6, 23, 4, 31, tzinfo=datetime.timezone.utc), data_interval_end=datetime.datetime(2023, 6, 23, 4, 31, tzinfo=datetime.timezone.utc), run_after=datetime.datetime(2023, 6, 23, 4, 31, tzinfo=datetime.timezone.utc), start_date=datetime.datetime(2025, 7, 29, 19, 28, 19, 231324, tzinfo=datetime.timezone.utc), end_date=None, clear_number=0, run_type=<DagRunType.SCHEDULED: 'scheduled'>, conf={}, consumed_asset_events=[]),","chan":"stdout","logger":"task"}
{"timestamp":"2025-07-29T19:28:20.395391Z","level":"info","event":" 'data_interval_end': DateTime(2023, 6, 23, 4, 31, 0, tzinfo=Timezone('UTC')),","chan":"stdout","logger":"task"}
{"timestamp":"2025-07-29T19:28:20.395619Z","level":"info","event":" 'data_interval_start': DateTime(2023, 6, 23, 4, 31, 0, tzinfo=Timezone('UTC')),","chan":"stdout","logger":"task"}
{"timestamp":"2025-07-29T19:28:20.395860Z","level":"info","event":" 'ds': '2023-06-23',","chan":"stdout","logger":"task"}
{"timestamp":"2025-07-29T19:28:20.396110Z","level":"info","event":" 'ds_nodash': '20230623',","chan":"stdout","logger":"task"}
{"timestamp":"2025-07-29T19:28:20.396339Z","level":"info","event":" 'inlet_events': InletEventsAccessors(_inlets=[], _assets={}, _asset_aliases={}),","chan":"stdout","logger":"task"}
{"timestamp":"2025-07-29T19:28:20.396570Z","level":"info","event":" 'inlets': [],","chan":"stdout","logger":"task"}
{"timestamp":"2025-07-29T19:28:20.396790Z","level":"info","event":" 'logical_date': DateTime(2023, 6, 23, 4, 31, 0, tzinfo=Timezone('UTC')),","chan":"stdout","logger":"task"}
{"timestamp":"2025-07-29T19:28:20.397011Z","level":"info","event":" 'macros': <MacrosAccessor (dynamic access to macros)>,","chan":"stdout","logger":"task"}
{"timestamp":"2025-07-29T19:28:20.397229Z","level":"info","event":" 'map_index_template': None,","chan":"stdout","logger":"task"}
{"timestamp":"2025-07-29T19:28:20.397478Z","level":"info","event":" 'outlet_events': <airflow.sdk.execution_time.context.OutletEventAccessors object at 0x7fb67bad7a70>,","chan":"stdout","logger":"task"}
{"timestamp":"2025-07-29T19:28:20.397703Z","level":"info","event":" 'outlets': [],","chan":"stdout","logger":"task"}
{"timestamp":"2025-07-29T19:28:20.397921Z","level":"info","event":" 'params': {},","chan":"stdout","logger":"task"}
{"timestamp":"2025-07-29T19:28:20.410762Z","level":"info","event":" 'prev_data_interval_end_success': <Proxy at 0x7fb66fc6d1f0 with factory <function RuntimeTaskInstance.get_template_context.<locals>.<lambda> at 0x7fb66fc854e0>>,","chan":"stdout","logger":"task"}
{"timestamp":"2025-07-29T19:28:20.411057Z","level":"info","event":" 'prev_data_interval_start_success': <Proxy at 0x7fb66fd7dc70 with factory <function RuntimeTaskInstance.get_template_context.<locals>.<lambda> at 0x7fb66fc86c00>>,","chan":"stdout","logger":"task"}
{"timestamp":"2025-07-29T19:28:20.411207Z","level":"info","event":" 'prev_end_date_success': <Proxy at 0x7fb66fc6d460 with factory <function RuntimeTaskInstance.get_template_context.<locals>.<lambda> at 0x7fb66fc86ca0>>,","chan":"stdout","logger":"task"}
{"timestamp":"2025-07-29T19:28:20.411292Z","level":"info","event":" 'prev_start_date_success': <Proxy at 0x7fb66fc6d520 with factory <function RuntimeTaskInstance.get_template_context.<locals>.<lambda> at 0x7fb66fc859e0>>,","chan":"stdout","logger":"task"}
{"timestamp":"2025-07-29T19:28:20.411360Z","level":"info","event":" 'run_id': 'scheduled__2023-06-23T04:31:00+00:00',","chan":"stdout","logger":"task"}
{"timestamp":"2025-07-29T19:28:20.411426Z","level":"info","event":" 'task': <Task(PythonOperator): python>,","chan":"stdout","logger":"task"}
{"timestamp":"2025-07-29T19:28:20.411492Z","level":"info","event":" 'task_instance': RuntimeTaskInstance(id=UUID('019857a8-3918-7f6a-801c-24097ca6cf53'), task_id='python', dag_id='python_operator_v1', run_id='scheduled__2023-06-23T04:31:00+00:00', try_number=1, map_index=-1, hostname='bf6f1e7a6f11', context_carrier={}, task=<Task(PythonOperator): python>, bundle_instance=LocalDagBundle(name=dags-folder), max_tries=0, start_date=datetime.datetime(2025, 7, 29, 19, 28, 19, 518103, tzinfo=datetime.timezone.utc), end_date=None, state=<TaskInstanceState.RUNNING: 'running'>, is_mapped=False, rendered_map_index=None, log_url='http://localhost:8080/dags/python_operator_v1/runs/scheduled__2023-06-23T04%3A31%3A00%2B00%3A00/tasks/python?try_number=1'),","chan":"stdout","logger":"task"}
{"timestamp":"2025-07-29T19:28:20.411560Z","level":"info","event":" 'task_instance_key_str': 'python_operator_v1__python__20230623',","chan":"stdout","logger":"task"}
{"timestamp":"2025-07-29T19:28:20.411624Z","level":"info","event":" 'task_reschedule_count': 0,","chan":"stdout","logger":"task"}
{"timestamp":"2025-07-29T19:28:20.411687Z","level":"info","event":" 'templates_dict': None,","chan":"stdout","logger":"task"}
{"timestamp":"2025-07-29T19:28:20.411751Z","level":"info","event":" 'ti': RuntimeTaskInstance(id=UUID('019857a8-3918-7f6a-801c-24097ca6cf53'), task_id='python', dag_id='python_operator_v1', run_id='scheduled__2023-06-23T04:31:00+00:00', try_number=1, map_index=-1, hostname='bf6f1e7a6f11', context_carrier={}, task=<Task(PythonOperator): python>, bundle_instance=LocalDagBundle(name=dags-folder), max_tries=0, start_date=datetime.datetime(2025, 7, 29, 19, 28, 19, 518103, tzinfo=datetime.timezone.utc), end_date=None, state=<TaskInstanceState.RUNNING: 'running'>, is_mapped=False, rendered_map_index=None, log_url='http://localhost:8080/dags/python_operator_v1/runs/scheduled__2023-06-23T04%3A31%3A00%2B00%3A00/tasks/python?try_number=1'),","chan":"stdout","logger":"task"}
{"timestamp":"2025-07-29T19:28:20.411876Z","level":"info","event":" 'triggering_asset_events': TriggeringAssetEventsAccessor(_events=defaultdict(<class 'list'>, {})),","chan":"stdout","logger":"task"}
{"timestamp":"2025-07-29T19:28:20.412004Z","level":"info","event":" 'ts': '2023-06-23T04:31:00+00:00',","chan":"stdout","logger":"task"}
{"timestamp":"2025-07-29T19:28:20.412087Z","level":"info","event":" 'ts_nodash': '20230623T043100',","chan":"stdout","logger":"task"}
{"timestamp":"2025-07-29T19:28:20.412171Z","level":"info","event":" 'ts_nodash_with_tz': '20230623T043100+0000',","chan":"stdout","logger":"task"}
{"timestamp":"2025-07-29T19:28:20.412289Z","level":"info","event":" 'var': {'json': <VariableAccessor (dynamic access)>,","chan":"stdout","logger":"task"}
{"timestamp":"2025-07-29T19:28:20.412423Z","level":"info","event":"         'value': <VariableAccessor (dynamic access)>}}","chan":"stdout","logger":"task"}
{"timestamp":"2025-07-29T19:28:20.411826","level":"info","event":"Done. Returned value was: 123","logger":"airflow.task.operators.airflow.providers.standard.operators.python.PythonOperator"}
{"timestamp":"2025-07-29T19:28:20.412199","level":"info","event":"Pushing xcom","ti":"RuntimeTaskInstance(id=UUID('019857a8-3918-7f6a-801c-24097ca6cf53'), task_id='python', dag_id='python_operator_v1', run_id='scheduled__2023-06-23T04:31:00+00:00', try_number=1, map_index=-1, hostname='bf6f1e7a6f11', context_carrier={}, task=<Task(PythonOperator): python>, bundle_instance=LocalDagBundle(name=dags-folder), max_tries=0, start_date=datetime.datetime(2025, 7, 29, 19, 28, 19, 518103, tzinfo=datetime.timezone.utc), end_date=None, state=<TaskInstanceState.RUNNING: 'running'>, is_mapped=False, rendered_map_index=None, log_url='http://localhost:8080/dags/python_operator_v1/runs/scheduled__2023-06-23T04%3A31%3A00%2B00%3A00/tasks/python?try_number=1')","logger":"task"}
{"timestamp":"2025-07-29T19:28:20.449130Z","level":"info","event":"Task instance in success state","chan":"stdout","logger":"task"}
{"timestamp":"2025-07-29T19:28:20.449371Z","level":"info","event":" Previous state of the Task instance: TaskInstanceState.RUNNING","chan":"stdout","logger":"task"}
{"timestamp":"2025-07-29T19:28:20.449538Z","level":"info","event":"Task operator:<Task(PythonOperator): python>","chan":"stdout","logger":"task"}
