{"timestamp":"2025-07-29T19:36:52.748711","level":"info","event":"DAG bundles loaded: dags-folder, example_dags","logger":"airflow.dag_processing.bundles.manager.DagBundlesManager"}
{"timestamp":"2025-07-29T19:36:52.749484","level":"info","event":"Filling up the DagBag from /opt/airflow/dags/python_operator_v1.py","logger":"airflow.models.dagbag.DagBag"}
{"timestamp":"2025-07-29T19:36:52.775291Z","level":"info","event":"Task instance is in running state","chan":"stdout","logger":"task"}
{"timestamp":"2025-07-29T19:36:52.775465Z","level":"info","event":" Previous state of the Task instance: TaskInstanceState.QUEUED","chan":"stdout","logger":"task"}
{"timestamp":"2025-07-29T19:36:52.776220Z","level":"info","event":"Current task name:python","chan":"stdout","logger":"task"}
{"timestamp":"2025-07-29T19:36:52.776337Z","level":"info","event":"Dag name:python_operator_v1","chan":"stdout","logger":"task"}
{"timestamp":"2025-07-29T19:36:52.777756Z","level":"info","event":"poliana","chan":"stdout","logger":"task"}
{"timestamp":"2025-07-29T19:36:52.778664Z","level":"info","event":"{'conn': <ConnectionAccessor (dynamic access)>,","chan":"stdout","logger":"task"}
{"timestamp":"2025-07-29T19:36:52.778785Z","level":"info","event":" 'dag': <DAG: python_operator_v1>,","chan":"stdout","logger":"task"}
{"timestamp":"2025-07-29T19:36:52.778892Z","level":"info","event":" 'dag_run': DagRun(dag_id='python_operator_v1', run_id='scheduled__2023-06-23T13:45:00+00:00', logical_date=datetime.datetime(2023, 6, 23, 13, 45, tzinfo=datetime.timezone.utc), data_interval_start=datetime.datetime(2023, 6, 23, 13, 45, tzinfo=datetime.timezone.utc), data_interval_end=datetime.datetime(2023, 6, 23, 13, 45, tzinfo=datetime.timezone.utc), run_after=datetime.datetime(2023, 6, 23, 13, 45, tzinfo=datetime.timezone.utc), start_date=datetime.datetime(2025, 7, 29, 19, 36, 51, 971023, tzinfo=datetime.timezone.utc), end_date=None, clear_number=0, run_type=<DagRunType.SCHEDULED: 'scheduled'>, conf={}, consumed_asset_events=[]),","chan":"stdout","logger":"task"}
{"timestamp":"2025-07-29T19:36:52.778951Z","level":"info","event":" 'data_interval_end': DateTime(2023, 6, 23, 13, 45, 0, tzinfo=Timezone('UTC')),","chan":"stdout","logger":"task"}
{"timestamp":"2025-07-29T19:36:52.778997Z","level":"info","event":" 'data_interval_start': DateTime(2023, 6, 23, 13, 45, 0, tzinfo=Timezone('UTC')),","chan":"stdout","logger":"task"}
{"timestamp":"2025-07-29T19:36:52.779040Z","level":"info","event":" 'ds': '2023-06-23',","chan":"stdout","logger":"task"}
{"timestamp":"2025-07-29T19:36:52.779083Z","level":"info","event":" 'ds_nodash': '20230623',","chan":"stdout","logger":"task"}
{"timestamp":"2025-07-29T19:36:52.779125Z","level":"info","event":" 'inlet_events': InletEventsAccessors(_inlets=[], _assets={}, _asset_aliases={}),","chan":"stdout","logger":"task"}
{"timestamp":"2025-07-29T19:36:52.779166Z","level":"info","event":" 'inlets': [],","chan":"stdout","logger":"task"}
{"timestamp":"2025-07-29T19:36:52.779206Z","level":"info","event":" 'logical_date': DateTime(2023, 6, 23, 13, 45, 0, tzinfo=Timezone('UTC')),","chan":"stdout","logger":"task"}
{"timestamp":"2025-07-29T19:36:52.779246Z","level":"info","event":" 'macros': <MacrosAccessor (dynamic access to macros)>,","chan":"stdout","logger":"task"}
{"timestamp":"2025-07-29T19:36:52.779288Z","level":"info","event":" 'map_index_template': None,","chan":"stdout","logger":"task"}
{"timestamp":"2025-07-29T19:36:52.779357Z","level":"info","event":" 'outlet_events': <airflow.sdk.execution_time.context.OutletEventAccessors object at 0x7fb677b17cb0>,","chan":"stdout","logger":"task"}
{"timestamp":"2025-07-29T19:36:52.779429Z","level":"info","event":" 'outlets': [],","chan":"stdout","logger":"task"}
{"timestamp":"2025-07-29T19:36:52.779499Z","level":"info","event":" 'params': {},","chan":"stdout","logger":"task"}
{"timestamp":"2025-07-29T19:36:52.791008Z","level":"info","event":" 'prev_data_interval_end_success': <Proxy at 0x7fb66fc9cdd0 with factory <function RuntimeTaskInstance.get_template_context.<locals>.<lambda> at 0x7fb66fcad800>>,","chan":"stdout","logger":"task"}
{"timestamp":"2025-07-29T19:36:52.791263Z","level":"info","event":" 'prev_data_interval_start_success': <Proxy at 0x7fb66fc9cf20 with factory <function RuntimeTaskInstance.get_template_context.<locals>.<lambda> at 0x7fb66fcaef20>>,","chan":"stdout","logger":"task"}
{"timestamp":"2025-07-29T19:36:52.791403Z","level":"info","event":" 'prev_end_date_success': <Proxy at 0x7fb67eab7830 with factory <function RuntimeTaskInstance.get_template_context.<locals>.<lambda> at 0x7fb66fcaefc0>>,","chan":"stdout","logger":"task"}
{"timestamp":"2025-07-29T19:36:52.791516Z","level":"info","event":" 'prev_start_date_success': <Proxy at 0x7fb67eaac410 with factory <function RuntimeTaskInstance.get_template_context.<locals>.<lambda> at 0x7fb66fcadd00>>,","chan":"stdout","logger":"task"}
{"timestamp":"2025-07-29T19:36:52.791624Z","level":"info","event":" 'run_id': 'scheduled__2023-06-23T13:45:00+00:00',","chan":"stdout","logger":"task"}
{"timestamp":"2025-07-29T19:36:52.791732Z","level":"info","event":" 'task': <Task(PythonOperator): python>,","chan":"stdout","logger":"task"}
{"timestamp":"2025-07-29T19:36:52.791844Z","level":"info","event":" 'task_instance': RuntimeTaskInstance(id=UUID('019857b0-0bfe-7a15-ae42-2bfbb397fc07'), task_id='python', dag_id='python_operator_v1', run_id='scheduled__2023-06-23T13:45:00+00:00', try_number=1, map_index=-1, hostname='bf6f1e7a6f11', context_carrier={}, task=<Task(PythonOperator): python>, bundle_instance=LocalDagBundle(name=dags-folder), max_tries=0, start_date=datetime.datetime(2025, 7, 29, 19, 36, 52, 178739, tzinfo=datetime.timezone.utc), end_date=None, state=<TaskInstanceState.RUNNING: 'running'>, is_mapped=False, rendered_map_index=None, log_url='http://localhost:8080/dags/python_operator_v1/runs/scheduled__2023-06-23T13%3A45%3A00%2B00%3A00/tasks/python?try_number=1'),","chan":"stdout","logger":"task"}
{"timestamp":"2025-07-29T19:36:52.791955Z","level":"info","event":" 'task_instance_key_str': 'python_operator_v1__python__20230623',","chan":"stdout","logger":"task"}
{"timestamp":"2025-07-29T19:36:52.792041Z","level":"info","event":" 'task_reschedule_count': 0,","chan":"stdout","logger":"task"}
{"timestamp":"2025-07-29T19:36:52.792118Z","level":"info","event":" 'templates_dict': None,","chan":"stdout","logger":"task"}
{"timestamp":"2025-07-29T19:36:52.792254Z","level":"info","event":" 'ti': RuntimeTaskInstance(id=UUID('019857b0-0bfe-7a15-ae42-2bfbb397fc07'), task_id='python', dag_id='python_operator_v1', run_id='scheduled__2023-06-23T13:45:00+00:00', try_number=1, map_index=-1, hostname='bf6f1e7a6f11', context_carrier={}, task=<Task(PythonOperator): python>, bundle_instance=LocalDagBundle(name=dags-folder), max_tries=0, start_date=datetime.datetime(2025, 7, 29, 19, 36, 52, 178739, tzinfo=datetime.timezone.utc), end_date=None, state=<TaskInstanceState.RUNNING: 'running'>, is_mapped=False, rendered_map_index=None, log_url='http://localhost:8080/dags/python_operator_v1/runs/scheduled__2023-06-23T13%3A45%3A00%2B00%3A00/tasks/python?try_number=1'),","chan":"stdout","logger":"task"}
{"timestamp":"2025-07-29T19:36:52.792370Z","level":"info","event":" 'triggering_asset_events': TriggeringAssetEventsAccessor(_events=defaultdict(<class 'list'>, {})),","chan":"stdout","logger":"task"}
{"timestamp":"2025-07-29T19:36:52.792479Z","level":"info","event":" 'ts': '2023-06-23T13:45:00+00:00',","chan":"stdout","logger":"task"}
{"timestamp":"2025-07-29T19:36:52.792609Z","level":"info","event":" 'ts_nodash': '20230623T134500',","chan":"stdout","logger":"task"}
{"timestamp":"2025-07-29T19:36:52.792717Z","level":"info","event":" 'ts_nodash_with_tz': '20230623T134500+0000',","chan":"stdout","logger":"task"}
{"timestamp":"2025-07-29T19:36:52.792840Z","level":"info","event":" 'var': {'json': <VariableAccessor (dynamic access)>,","chan":"stdout","logger":"task"}
{"timestamp":"2025-07-29T19:36:52.792947Z","level":"info","event":"         'value': <VariableAccessor (dynamic access)>}}","chan":"stdout","logger":"task"}
{"timestamp":"2025-07-29T19:36:52.791983","level":"info","event":"Done. Returned value was: 123","logger":"airflow.task.operators.airflow.providers.standard.operators.python.PythonOperator"}
{"timestamp":"2025-07-29T19:36:52.792210","level":"info","event":"Pushing xcom","ti":"RuntimeTaskInstance(id=UUID('019857b0-0bfe-7a15-ae42-2bfbb397fc07'), task_id='python', dag_id='python_operator_v1', run_id='scheduled__2023-06-23T13:45:00+00:00', try_number=1, map_index=-1, hostname='bf6f1e7a6f11', context_carrier={}, task=<Task(PythonOperator): python>, bundle_instance=LocalDagBundle(name=dags-folder), max_tries=0, start_date=datetime.datetime(2025, 7, 29, 19, 36, 52, 178739, tzinfo=datetime.timezone.utc), end_date=None, state=<TaskInstanceState.RUNNING: 'running'>, is_mapped=False, rendered_map_index=None, log_url='http://localhost:8080/dags/python_operator_v1/runs/scheduled__2023-06-23T13%3A45%3A00%2B00%3A00/tasks/python?try_number=1')","logger":"task"}
{"timestamp":"2025-07-29T19:36:52.820520Z","level":"info","event":"Task instance in success state","chan":"stdout","logger":"task"}
{"timestamp":"2025-07-29T19:36:52.820718Z","level":"info","event":" Previous state of the Task instance: TaskInstanceState.RUNNING","chan":"stdout","logger":"task"}
{"timestamp":"2025-07-29T19:36:52.820874Z","level":"info","event":"Task operator:<Task(PythonOperator): python>","chan":"stdout","logger":"task"}
