{"timestamp":"2025-07-29T20:07:16.368613","level":"info","event":"DAG bundles loaded: dags-folder, example_dags","logger":"airflow.dag_processing.bundles.manager.DagBundlesManager"}
{"timestamp":"2025-07-29T20:07:16.369398","level":"info","event":"Filling up the DagBag from /opt/airflow/dags/2_python_operator_v1.py","logger":"airflow.models.dagbag.DagBag"}
{"timestamp":"2025-07-29T20:07:16.404019Z","level":"info","event":"Task instance is in running state","chan":"stdout","logger":"task"}
{"timestamp":"2025-07-29T20:07:16.404181Z","level":"info","event":" Previous state of the Task instance: TaskInstanceState.QUEUED","chan":"stdout","logger":"task"}
{"timestamp":"2025-07-29T20:07:16.404678Z","level":"info","event":"Current task name:python","chan":"stdout","logger":"task"}
{"timestamp":"2025-07-29T20:07:16.404779Z","level":"info","event":"Dag name:python_operator_v1","chan":"stdout","logger":"task"}
{"timestamp":"2025-07-29T20:07:16.405797Z","level":"info","event":"poliana","chan":"stdout","logger":"task"}
{"timestamp":"2025-07-29T20:07:16.406529Z","level":"info","event":"{'conn': <ConnectionAccessor (dynamic access)>,","chan":"stdout","logger":"task"}
{"timestamp":"2025-07-29T20:07:16.406650Z","level":"info","event":" 'dag': <DAG: python_operator_v1>,","chan":"stdout","logger":"task"}
{"timestamp":"2025-07-29T20:07:16.406760Z","level":"info","event":" 'dag_run': DagRun(dag_id='python_operator_v1', run_id='scheduled__2023-06-24T20:52:00+00:00', logical_date=datetime.datetime(2023, 6, 24, 20, 52, tzinfo=datetime.timezone.utc), data_interval_start=datetime.datetime(2023, 6, 24, 20, 52, tzinfo=datetime.timezone.utc), data_interval_end=datetime.datetime(2023, 6, 24, 20, 52, tzinfo=datetime.timezone.utc), run_after=datetime.datetime(2023, 6, 24, 20, 52, tzinfo=datetime.timezone.utc), start_date=datetime.datetime(2025, 7, 29, 20, 7, 15, 601674, tzinfo=datetime.timezone.utc), end_date=None, clear_number=0, run_type=<DagRunType.SCHEDULED: 'scheduled'>, conf={}, consumed_asset_events=[]),","chan":"stdout","logger":"task"}
{"timestamp":"2025-07-29T20:07:16.406816Z","level":"info","event":" 'data_interval_end': DateTime(2023, 6, 24, 20, 52, 0, tzinfo=Timezone('UTC')),","chan":"stdout","logger":"task"}
{"timestamp":"2025-07-29T20:07:16.406862Z","level":"info","event":" 'data_interval_start': DateTime(2023, 6, 24, 20, 52, 0, tzinfo=Timezone('UTC')),","chan":"stdout","logger":"task"}
{"timestamp":"2025-07-29T20:07:16.406905Z","level":"info","event":" 'ds': '2023-06-24',","chan":"stdout","logger":"task"}
{"timestamp":"2025-07-29T20:07:16.406947Z","level":"info","event":" 'ds_nodash': '20230624',","chan":"stdout","logger":"task"}
{"timestamp":"2025-07-29T20:07:16.406988Z","level":"info","event":" 'inlet_events': InletEventsAccessors(_inlets=[], _assets={}, _asset_aliases={}),","chan":"stdout","logger":"task"}
{"timestamp":"2025-07-29T20:07:16.407029Z","level":"info","event":" 'inlets': [],","chan":"stdout","logger":"task"}
{"timestamp":"2025-07-29T20:07:16.407070Z","level":"info","event":" 'logical_date': DateTime(2023, 6, 24, 20, 52, 0, tzinfo=Timezone('UTC')),","chan":"stdout","logger":"task"}
{"timestamp":"2025-07-29T20:07:16.407111Z","level":"info","event":" 'macros': <MacrosAccessor (dynamic access to macros)>,","chan":"stdout","logger":"task"}
{"timestamp":"2025-07-29T20:07:16.407151Z","level":"info","event":" 'map_index_template': None,","chan":"stdout","logger":"task"}
{"timestamp":"2025-07-29T20:07:16.407191Z","level":"info","event":" 'outlet_events': <airflow.sdk.execution_time.context.OutletEventAccessors object at 0x7fb66fde7a70>,","chan":"stdout","logger":"task"}
{"timestamp":"2025-07-29T20:07:16.407232Z","level":"info","event":" 'outlets': [],","chan":"stdout","logger":"task"}
{"timestamp":"2025-07-29T20:07:16.407273Z","level":"info","event":" 'params': {},","chan":"stdout","logger":"task"}
{"timestamp":"2025-07-29T20:07:16.431786Z","level":"info","event":" 'prev_data_interval_end_success': <Proxy at 0x7fb66fc64140 with factory <function RuntimeTaskInstance.get_template_context.<locals>.<lambda> at 0x7fb66fc60680>>,","chan":"stdout","logger":"task"}
{"timestamp":"2025-07-29T20:07:16.431968Z","level":"info","event":" 'prev_data_interval_start_success': <Proxy at 0x7fb66fc641a0 with factory <function RuntimeTaskInstance.get_template_context.<locals>.<lambda> at 0x7fb66fc534c0>>,","chan":"stdout","logger":"task"}
{"timestamp":"2025-07-29T20:07:16.432077Z","level":"info","event":" 'prev_end_date_success': <Proxy at 0x7fb66fc33c50 with factory <function RuntimeTaskInstance.get_template_context.<locals>.<lambda> at 0x7fb66fc52e80>>,","chan":"stdout","logger":"task"}
{"timestamp":"2025-07-29T20:07:16.432138Z","level":"info","event":" 'prev_start_date_success': <Proxy at 0x7fb66fc33e30 with factory <function RuntimeTaskInstance.get_template_context.<locals>.<lambda> at 0x7fb66fc53380>>,","chan":"stdout","logger":"task"}
{"timestamp":"2025-07-29T20:07:16.432184Z","level":"info","event":" 'run_id': 'scheduled__2023-06-24T20:52:00+00:00',","chan":"stdout","logger":"task"}
{"timestamp":"2025-07-29T20:07:16.432227Z","level":"info","event":" 'task': <Task(PythonOperator): python>,","chan":"stdout","logger":"task"}
{"timestamp":"2025-07-29T20:07:16.432269Z","level":"info","event":" 'task_instance': RuntimeTaskInstance(id=UUID('019857cb-df7e-7389-8e42-ca58798afff0'), task_id='python', dag_id='python_operator_v1', run_id='scheduled__2023-06-24T20:52:00+00:00', try_number=1, map_index=-1, hostname='bf6f1e7a6f11', context_carrier={}, task=<Task(PythonOperator): python>, bundle_instance=LocalDagBundle(name=dags-folder), max_tries=0, start_date=datetime.datetime(2025, 7, 29, 20, 7, 15, 851445, tzinfo=datetime.timezone.utc), end_date=None, state=<TaskInstanceState.RUNNING: 'running'>, is_mapped=False, rendered_map_index=None, log_url='http://localhost:8080/dags/python_operator_v1/runs/scheduled__2023-06-24T20%3A52%3A00%2B00%3A00/tasks/python?try_number=1'),","chan":"stdout","logger":"task"}
{"timestamp":"2025-07-29T20:07:16.432313Z","level":"info","event":" 'task_instance_key_str': 'python_operator_v1__python__20230624',","chan":"stdout","logger":"task"}
{"timestamp":"2025-07-29T20:07:16.432354Z","level":"info","event":" 'task_reschedule_count': 0,","chan":"stdout","logger":"task"}
{"timestamp":"2025-07-29T20:07:16.432394Z","level":"info","event":" 'templates_dict': None,","chan":"stdout","logger":"task"}
{"timestamp":"2025-07-29T20:07:16.432435Z","level":"info","event":" 'ti': RuntimeTaskInstance(id=UUID('019857cb-df7e-7389-8e42-ca58798afff0'), task_id='python', dag_id='python_operator_v1', run_id='scheduled__2023-06-24T20:52:00+00:00', try_number=1, map_index=-1, hostname='bf6f1e7a6f11', context_carrier={}, task=<Task(PythonOperator): python>, bundle_instance=LocalDagBundle(name=dags-folder), max_tries=0, start_date=datetime.datetime(2025, 7, 29, 20, 7, 15, 851445, tzinfo=datetime.timezone.utc), end_date=None, state=<TaskInstanceState.RUNNING: 'running'>, is_mapped=False, rendered_map_index=None, log_url='http://localhost:8080/dags/python_operator_v1/runs/scheduled__2023-06-24T20%3A52%3A00%2B00%3A00/tasks/python?try_number=1'),","chan":"stdout","logger":"task"}
{"timestamp":"2025-07-29T20:07:16.432506Z","level":"info","event":" 'triggering_asset_events': TriggeringAssetEventsAccessor(_events=defaultdict(<class 'list'>, {})),","chan":"stdout","logger":"task"}
{"timestamp":"2025-07-29T20:07:16.432554Z","level":"info","event":" 'ts': '2023-06-24T20:52:00+00:00',","chan":"stdout","logger":"task"}
{"timestamp":"2025-07-29T20:07:16.432621Z","level":"info","event":" 'ts_nodash': '20230624T205200',","chan":"stdout","logger":"task"}
{"timestamp":"2025-07-29T20:07:16.432667Z","level":"info","event":" 'ts_nodash_with_tz': '20230624T205200+0000',","chan":"stdout","logger":"task"}
{"timestamp":"2025-07-29T20:07:16.432708Z","level":"info","event":" 'var': {'json': <VariableAccessor (dynamic access)>,","chan":"stdout","logger":"task"}
{"timestamp":"2025-07-29T20:07:16.432748Z","level":"info","event":"         'value': <VariableAccessor (dynamic access)>}}","chan":"stdout","logger":"task"}
{"timestamp":"2025-07-29T20:07:16.432460","level":"info","event":"Done. Returned value was: 123","logger":"airflow.task.operators.airflow.providers.standard.operators.python.PythonOperator"}
{"timestamp":"2025-07-29T20:07:16.432668","level":"info","event":"Pushing xcom","ti":"RuntimeTaskInstance(id=UUID('019857cb-df7e-7389-8e42-ca58798afff0'), task_id='python', dag_id='python_operator_v1', run_id='scheduled__2023-06-24T20:52:00+00:00', try_number=1, map_index=-1, hostname='bf6f1e7a6f11', context_carrier={}, task=<Task(PythonOperator): python>, bundle_instance=LocalDagBundle(name=dags-folder), max_tries=0, start_date=datetime.datetime(2025, 7, 29, 20, 7, 15, 851445, tzinfo=datetime.timezone.utc), end_date=None, state=<TaskInstanceState.RUNNING: 'running'>, is_mapped=False, rendered_map_index=None, log_url='http://localhost:8080/dags/python_operator_v1/runs/scheduled__2023-06-24T20%3A52%3A00%2B00%3A00/tasks/python?try_number=1')","logger":"task"}
{"timestamp":"2025-07-29T20:07:16.460022Z","level":"info","event":"Task instance in success state","chan":"stdout","logger":"task"}
{"timestamp":"2025-07-29T20:07:16.460155Z","level":"info","event":" Previous state of the Task instance: TaskInstanceState.RUNNING","chan":"stdout","logger":"task"}
{"timestamp":"2025-07-29T20:07:16.460243Z","level":"info","event":"Task operator:<Task(PythonOperator): python>","chan":"stdout","logger":"task"}
