{"timestamp":"2025-07-29T19:59:56.234148","level":"info","event":"DAG bundles loaded: dags-folder, example_dags","logger":"airflow.dag_processing.bundles.manager.DagBundlesManager"}
{"timestamp":"2025-07-29T19:59:56.234588","level":"info","event":"Filling up the DagBag from /opt/airflow/dags/2_python_operator_v1.py","logger":"airflow.models.dagbag.DagBag"}
{"timestamp":"2025-07-29T19:59:56.278065Z","level":"info","event":"Task instance is in running state","chan":"stdout","logger":"task"}
{"timestamp":"2025-07-29T19:59:56.278187Z","level":"info","event":" Previous state of the Task instance: TaskInstanceState.QUEUED","chan":"stdout","logger":"task"}
{"timestamp":"2025-07-29T19:59:56.278598Z","level":"info","event":"Current task name:python","chan":"stdout","logger":"task"}
{"timestamp":"2025-07-29T19:59:56.278692Z","level":"info","event":"Dag name:python_operator_v1","chan":"stdout","logger":"task"}
{"timestamp":"2025-07-29T19:59:56.279622Z","level":"info","event":"poliana","chan":"stdout","logger":"task"}
{"timestamp":"2025-07-29T19:59:56.280217Z","level":"info","event":"{'conn': <ConnectionAccessor (dynamic access)>,","chan":"stdout","logger":"task"}
{"timestamp":"2025-07-29T19:59:56.280309Z","level":"info","event":" 'dag': <DAG: python_operator_v1>,","chan":"stdout","logger":"task"}
{"timestamp":"2025-07-29T19:59:56.280399Z","level":"info","event":" 'dag_run': DagRun(dag_id='python_operator_v1', run_id='scheduled__2023-06-24T14:14:00+00:00', logical_date=datetime.datetime(2023, 6, 24, 14, 14, tzinfo=datetime.timezone.utc), data_interval_start=datetime.datetime(2023, 6, 24, 14, 14, tzinfo=datetime.timezone.utc), data_interval_end=datetime.datetime(2023, 6, 24, 14, 14, tzinfo=datetime.timezone.utc), run_after=datetime.datetime(2023, 6, 24, 14, 14, tzinfo=datetime.timezone.utc), start_date=datetime.datetime(2025, 7, 29, 19, 59, 51, 874853, tzinfo=datetime.timezone.utc), end_date=None, clear_number=0, run_type=<DagRunType.SCHEDULED: 'scheduled'>, conf={}, consumed_asset_events=[]),","chan":"stdout","logger":"task"}
{"timestamp":"2025-07-29T19:59:56.280453Z","level":"info","event":" 'data_interval_end': DateTime(2023, 6, 24, 14, 14, 0, tzinfo=Timezone('UTC')),","chan":"stdout","logger":"task"}
{"timestamp":"2025-07-29T19:59:56.280497Z","level":"info","event":" 'data_interval_start': DateTime(2023, 6, 24, 14, 14, 0, tzinfo=Timezone('UTC')),","chan":"stdout","logger":"task"}
{"timestamp":"2025-07-29T19:59:56.280539Z","level":"info","event":" 'ds': '2023-06-24',","chan":"stdout","logger":"task"}
{"timestamp":"2025-07-29T19:59:56.280580Z","level":"info","event":" 'ds_nodash': '20230624',","chan":"stdout","logger":"task"}
{"timestamp":"2025-07-29T19:59:56.280621Z","level":"info","event":" 'inlet_events': InletEventsAccessors(_inlets=[], _assets={}, _asset_aliases={}),","chan":"stdout","logger":"task"}
{"timestamp":"2025-07-29T19:59:56.280661Z","level":"info","event":" 'inlets': [],","chan":"stdout","logger":"task"}
{"timestamp":"2025-07-29T19:59:56.280701Z","level":"info","event":" 'logical_date': DateTime(2023, 6, 24, 14, 14, 0, tzinfo=Timezone('UTC')),","chan":"stdout","logger":"task"}
{"timestamp":"2025-07-29T19:59:56.280740Z","level":"info","event":" 'macros': <MacrosAccessor (dynamic access to macros)>,","chan":"stdout","logger":"task"}
{"timestamp":"2025-07-29T19:59:56.280781Z","level":"info","event":" 'map_index_template': None,","chan":"stdout","logger":"task"}
{"timestamp":"2025-07-29T19:59:56.280820Z","level":"info","event":" 'outlet_events': <airflow.sdk.execution_time.context.OutletEventAccessors object at 0x7fb677a87a70>,","chan":"stdout","logger":"task"}
{"timestamp":"2025-07-29T19:59:56.280860Z","level":"info","event":" 'outlets': [],","chan":"stdout","logger":"task"}
{"timestamp":"2025-07-29T19:59:56.280899Z","level":"info","event":" 'params': {},","chan":"stdout","logger":"task"}
{"timestamp":"2025-07-29T19:59:56.290088Z","level":"info","event":" 'prev_data_interval_end_success': <Proxy at 0x7fb66fc1d880 with factory <function RuntimeTaskInstance.get_template_context.<locals>.<lambda> at 0x7fb66fc30220>>,","chan":"stdout","logger":"task"}
{"timestamp":"2025-07-29T19:59:56.290306Z","level":"info","event":" 'prev_data_interval_start_success': <Proxy at 0x7fb66fc1d6a0 with factory <function RuntimeTaskInstance.get_template_context.<locals>.<lambda> at 0x7fb66fc316c0>>,","chan":"stdout","logger":"task"}
{"timestamp":"2025-07-29T19:59:56.290376Z","level":"info","event":" 'prev_end_date_success': <Proxy at 0x7fb66fc1c290 with factory <function RuntimeTaskInstance.get_template_context.<locals>.<lambda> at 0x7fb66fc31760>>,","chan":"stdout","logger":"task"}
{"timestamp":"2025-07-29T19:59:56.290442Z","level":"info","event":" 'prev_start_date_success': <Proxy at 0x7fb66fc1dbb0 with factory <function RuntimeTaskInstance.get_template_context.<locals>.<lambda> at 0x7fb66fc304a0>>,","chan":"stdout","logger":"task"}
{"timestamp":"2025-07-29T19:59:56.290496Z","level":"info","event":" 'run_id': 'scheduled__2023-06-24T14:14:00+00:00',","chan":"stdout","logger":"task"}
{"timestamp":"2025-07-29T19:59:56.290553Z","level":"info","event":" 'task': <Task(PythonOperator): python>,","chan":"stdout","logger":"task"}
{"timestamp":"2025-07-29T19:59:56.290598Z","level":"info","event":" 'task_instance': RuntimeTaskInstance(id=UUID('019857c5-1a3e-78cb-b2ba-a91f2b7c75db'), task_id='python', dag_id='python_operator_v1', run_id='scheduled__2023-06-24T14:14:00+00:00', try_number=1, map_index=-1, hostname='bf6f1e7a6f11', context_carrier={}, task=<Task(PythonOperator): python>, bundle_instance=LocalDagBundle(name=dags-folder), max_tries=0, start_date=datetime.datetime(2025, 7, 29, 19, 59, 55, 802825, tzinfo=datetime.timezone.utc), end_date=None, state=<TaskInstanceState.RUNNING: 'running'>, is_mapped=False, rendered_map_index=None, log_url='http://localhost:8080/dags/python_operator_v1/runs/scheduled__2023-06-24T14%3A14%3A00%2B00%3A00/tasks/python?try_number=1'),","chan":"stdout","logger":"task"}
{"timestamp":"2025-07-29T19:59:56.290646Z","level":"info","event":" 'task_instance_key_str': 'python_operator_v1__python__20230624',","chan":"stdout","logger":"task"}
{"timestamp":"2025-07-29T19:59:56.290689Z","level":"info","event":" 'task_reschedule_count': 0,","chan":"stdout","logger":"task"}
{"timestamp":"2025-07-29T19:59:56.290730Z","level":"info","event":" 'templates_dict': None,","chan":"stdout","logger":"task"}
{"timestamp":"2025-07-29T19:59:56.290771Z","level":"info","event":" 'ti': RuntimeTaskInstance(id=UUID('019857c5-1a3e-78cb-b2ba-a91f2b7c75db'), task_id='python', dag_id='python_operator_v1', run_id='scheduled__2023-06-24T14:14:00+00:00', try_number=1, map_index=-1, hostname='bf6f1e7a6f11', context_carrier={}, task=<Task(PythonOperator): python>, bundle_instance=LocalDagBundle(name=dags-folder), max_tries=0, start_date=datetime.datetime(2025, 7, 29, 19, 59, 55, 802825, tzinfo=datetime.timezone.utc), end_date=None, state=<TaskInstanceState.RUNNING: 'running'>, is_mapped=False, rendered_map_index=None, log_url='http://localhost:8080/dags/python_operator_v1/runs/scheduled__2023-06-24T14%3A14%3A00%2B00%3A00/tasks/python?try_number=1'),","chan":"stdout","logger":"task"}
{"timestamp":"2025-07-29T19:59:56.290852Z","level":"info","event":" 'triggering_asset_events': TriggeringAssetEventsAccessor(_events=defaultdict(<class 'list'>, {})),","chan":"stdout","logger":"task"}
{"timestamp":"2025-07-29T19:59:56.290898Z","level":"info","event":" 'ts': '2023-06-24T14:14:00+00:00',","chan":"stdout","logger":"task"}
{"timestamp":"2025-07-29T19:59:56.290940Z","level":"info","event":" 'ts_nodash': '20230624T141400',","chan":"stdout","logger":"task"}
{"timestamp":"2025-07-29T19:59:56.290980Z","level":"info","event":" 'ts_nodash_with_tz': '20230624T141400+0000',","chan":"stdout","logger":"task"}
{"timestamp":"2025-07-29T19:59:56.291020Z","level":"info","event":" 'var': {'json': <VariableAccessor (dynamic access)>,","chan":"stdout","logger":"task"}
{"timestamp":"2025-07-29T19:59:56.291060Z","level":"info","event":"         'value': <VariableAccessor (dynamic access)>}}","chan":"stdout","logger":"task"}
{"timestamp":"2025-07-29T19:59:56.291031","level":"info","event":"Done. Returned value was: 123","logger":"airflow.task.operators.airflow.providers.standard.operators.python.PythonOperator"}
{"timestamp":"2025-07-29T19:59:56.291289","level":"info","event":"Pushing xcom","ti":"RuntimeTaskInstance(id=UUID('019857c5-1a3e-78cb-b2ba-a91f2b7c75db'), task_id='python', dag_id='python_operator_v1', run_id='scheduled__2023-06-24T14:14:00+00:00', try_number=1, map_index=-1, hostname='bf6f1e7a6f11', context_carrier={}, task=<Task(PythonOperator): python>, bundle_instance=LocalDagBundle(name=dags-folder), max_tries=0, start_date=datetime.datetime(2025, 7, 29, 19, 59, 55, 802825, tzinfo=datetime.timezone.utc), end_date=None, state=<TaskInstanceState.RUNNING: 'running'>, is_mapped=False, rendered_map_index=None, log_url='http://localhost:8080/dags/python_operator_v1/runs/scheduled__2023-06-24T14%3A14%3A00%2B00%3A00/tasks/python?try_number=1')","logger":"task"}
{"timestamp":"2025-07-29T19:59:56.323574Z","level":"info","event":"Task instance in success state","chan":"stdout","logger":"task"}
{"timestamp":"2025-07-29T19:59:56.323710Z","level":"info","event":" Previous state of the Task instance: TaskInstanceState.RUNNING","chan":"stdout","logger":"task"}
{"timestamp":"2025-07-29T19:59:56.323800Z","level":"info","event":"Task operator:<Task(PythonOperator): python>","chan":"stdout","logger":"task"}
