{"timestamp":"2025-07-29T19:30:43.726373","level":"info","event":"DAG bundles loaded: dags-folder, example_dags","logger":"airflow.dag_processing.bundles.manager.DagBundlesManager"}
{"timestamp":"2025-07-29T19:30:43.726891","level":"info","event":"Filling up the DagBag from /opt/airflow/dags/python_operator_v1.py","logger":"airflow.models.dagbag.DagBag"}
{"timestamp":"2025-07-29T19:30:43.750752Z","level":"info","event":"Task instance is in running state","chan":"stdout","logger":"task"}
{"timestamp":"2025-07-29T19:30:43.750964Z","level":"info","event":" Previous state of the Task instance: TaskInstanceState.QUEUED","chan":"stdout","logger":"task"}
{"timestamp":"2025-07-29T19:30:43.751108Z","level":"info","event":"Current task name:python","chan":"stdout","logger":"task"}
{"timestamp":"2025-07-29T19:30:43.751166Z","level":"info","event":"Dag name:python_operator_v1","chan":"stdout","logger":"task"}
{"timestamp":"2025-07-29T19:30:43.752748Z","level":"info","event":"poliana","chan":"stdout","logger":"task"}
{"timestamp":"2025-07-29T19:30:43.753513Z","level":"info","event":"{'conn': <ConnectionAccessor (dynamic access)>,","chan":"stdout","logger":"task"}
{"timestamp":"2025-07-29T19:30:43.753701Z","level":"info","event":" 'dag': <DAG: python_operator_v1>,","chan":"stdout","logger":"task"}
{"timestamp":"2025-07-29T19:30:43.753891Z","level":"info","event":" 'dag_run': DagRun(dag_id='python_operator_v1', run_id='scheduled__2023-06-23T06:54:00+00:00', logical_date=datetime.datetime(2023, 6, 23, 6, 54, tzinfo=datetime.timezone.utc), data_interval_start=datetime.datetime(2023, 6, 23, 6, 54, tzinfo=datetime.timezone.utc), data_interval_end=datetime.datetime(2023, 6, 23, 6, 54, tzinfo=datetime.timezone.utc), run_after=datetime.datetime(2023, 6, 23, 6, 54, tzinfo=datetime.timezone.utc), start_date=datetime.datetime(2025, 7, 29, 19, 30, 42, 854600, tzinfo=datetime.timezone.utc), end_date=None, clear_number=0, run_type=<DagRunType.SCHEDULED: 'scheduled'>, conf={}, consumed_asset_events=[]),","chan":"stdout","logger":"task"}
{"timestamp":"2025-07-29T19:30:43.754016Z","level":"info","event":" 'data_interval_end': DateTime(2023, 6, 23, 6, 54, 0, tzinfo=Timezone('UTC')),","chan":"stdout","logger":"task"}
{"timestamp":"2025-07-29T19:30:43.754126Z","level":"info","event":" 'data_interval_start': DateTime(2023, 6, 23, 6, 54, 0, tzinfo=Timezone('UTC')),","chan":"stdout","logger":"task"}
{"timestamp":"2025-07-29T19:30:43.754230Z","level":"info","event":" 'ds': '2023-06-23',","chan":"stdout","logger":"task"}
{"timestamp":"2025-07-29T19:30:43.754312Z","level":"info","event":" 'ds_nodash': '20230623',","chan":"stdout","logger":"task"}
{"timestamp":"2025-07-29T19:30:43.754385Z","level":"info","event":" 'inlet_events': InletEventsAccessors(_inlets=[], _assets={}, _asset_aliases={}),","chan":"stdout","logger":"task"}
{"timestamp":"2025-07-29T19:30:43.754461Z","level":"info","event":" 'inlets': [],","chan":"stdout","logger":"task"}
{"timestamp":"2025-07-29T19:30:43.754537Z","level":"info","event":" 'logical_date': DateTime(2023, 6, 23, 6, 54, 0, tzinfo=Timezone('UTC')),","chan":"stdout","logger":"task"}
{"timestamp":"2025-07-29T19:30:43.754614Z","level":"info","event":" 'macros': <MacrosAccessor (dynamic access to macros)>,","chan":"stdout","logger":"task"}
{"timestamp":"2025-07-29T19:30:43.754690Z","level":"info","event":" 'map_index_template': None,","chan":"stdout","logger":"task"}
{"timestamp":"2025-07-29T19:30:43.754765Z","level":"info","event":" 'outlet_events': <airflow.sdk.execution_time.context.OutletEventAccessors object at 0x7fb677e8f8f0>,","chan":"stdout","logger":"task"}
{"timestamp":"2025-07-29T19:30:43.754840Z","level":"info","event":" 'outlets': [],","chan":"stdout","logger":"task"}
{"timestamp":"2025-07-29T19:30:43.754917Z","level":"info","event":" 'params': {},","chan":"stdout","logger":"task"}
{"timestamp":"2025-07-29T19:30:43.769888Z","level":"info","event":" 'prev_data_interval_end_success': <Proxy at 0x7fb66fc33560 with factory <function RuntimeTaskInstance.get_template_context.<locals>.<lambda> at 0x7fb66fc609a0>>,","chan":"stdout","logger":"task"}
{"timestamp":"2025-07-29T19:30:43.770065Z","level":"info","event":" 'prev_data_interval_start_success': <Proxy at 0x7fb66fc335c0 with factory <function RuntimeTaskInstance.get_template_context.<locals>.<lambda> at 0x7fb66fc537e0>>,","chan":"stdout","logger":"task"}
{"timestamp":"2025-07-29T19:30:43.770135Z","level":"info","event":" 'prev_end_date_success': <Proxy at 0x7fb66fc33770 with factory <function RuntimeTaskInstance.get_template_context.<locals>.<lambda> at 0x7fb66fc531a0>>,","chan":"stdout","logger":"task"}
{"timestamp":"2025-07-29T19:30:43.770205Z","level":"info","event":" 'prev_start_date_success': <Proxy at 0x7fb66fc33920 with factory <function RuntimeTaskInstance.get_template_context.<locals>.<lambda> at 0x7fb66fc536a0>>,","chan":"stdout","logger":"task"}
{"timestamp":"2025-07-29T19:30:43.770252Z","level":"info","event":" 'run_id': 'scheduled__2023-06-23T06:54:00+00:00',","chan":"stdout","logger":"task"}
{"timestamp":"2025-07-29T19:30:43.770296Z","level":"info","event":" 'task': <Task(PythonOperator): python>,","chan":"stdout","logger":"task"}
{"timestamp":"2025-07-29T19:30:43.770339Z","level":"info","event":" 'task_instance': RuntimeTaskInstance(id=UUID('019857aa-6a1e-750f-bfa9-97def733b2f9'), task_id='python', dag_id='python_operator_v1', run_id='scheduled__2023-06-23T06:54:00+00:00', try_number=1, map_index=-1, hostname='bf6f1e7a6f11', context_carrier={}, task=<Task(PythonOperator): python>, bundle_instance=LocalDagBundle(name=dags-folder), max_tries=0, start_date=datetime.datetime(2025, 7, 29, 19, 30, 43, 137878, tzinfo=datetime.timezone.utc), end_date=None, state=<TaskInstanceState.RUNNING: 'running'>, is_mapped=False, rendered_map_index=None, log_url='http://localhost:8080/dags/python_operator_v1/runs/scheduled__2023-06-23T06%3A54%3A00%2B00%3A00/tasks/python?try_number=1'),","chan":"stdout","logger":"task"}
{"timestamp":"2025-07-29T19:30:43.770414Z","level":"info","event":" 'task_instance_key_str': 'python_operator_v1__python__20230623',","chan":"stdout","logger":"task"}
{"timestamp":"2025-07-29T19:30:43.770460Z","level":"info","event":" 'task_reschedule_count': 0,","chan":"stdout","logger":"task"}
{"timestamp":"2025-07-29T19:30:43.770502Z","level":"info","event":" 'templates_dict': None,","chan":"stdout","logger":"task"}
{"timestamp":"2025-07-29T19:30:43.770544Z","level":"info","event":" 'ti': RuntimeTaskInstance(id=UUID('019857aa-6a1e-750f-bfa9-97def733b2f9'), task_id='python', dag_id='python_operator_v1', run_id='scheduled__2023-06-23T06:54:00+00:00', try_number=1, map_index=-1, hostname='bf6f1e7a6f11', context_carrier={}, task=<Task(PythonOperator): python>, bundle_instance=LocalDagBundle(name=dags-folder), max_tries=0, start_date=datetime.datetime(2025, 7, 29, 19, 30, 43, 137878, tzinfo=datetime.timezone.utc), end_date=None, state=<TaskInstanceState.RUNNING: 'running'>, is_mapped=False, rendered_map_index=None, log_url='http://localhost:8080/dags/python_operator_v1/runs/scheduled__2023-06-23T06%3A54%3A00%2B00%3A00/tasks/python?try_number=1'),","chan":"stdout","logger":"task"}
{"timestamp":"2025-07-29T19:30:43.770630Z","level":"info","event":" 'triggering_asset_events': TriggeringAssetEventsAccessor(_events=defaultdict(<class 'list'>, {})),","chan":"stdout","logger":"task"}
{"timestamp":"2025-07-29T19:30:43.770684Z","level":"info","event":" 'ts': '2023-06-23T06:54:00+00:00',","chan":"stdout","logger":"task"}
{"timestamp":"2025-07-29T19:30:43.770742Z","level":"info","event":" 'ts_nodash': '20230623T065400',","chan":"stdout","logger":"task"}
{"timestamp":"2025-07-29T19:30:43.770806Z","level":"info","event":" 'ts_nodash_with_tz': '20230623T065400+0000',","chan":"stdout","logger":"task"}
{"timestamp":"2025-07-29T19:30:43.770867Z","level":"info","event":" 'var': {'json': <VariableAccessor (dynamic access)>,","chan":"stdout","logger":"task"}
{"timestamp":"2025-07-29T19:30:43.770928Z","level":"info","event":"         'value': <VariableAccessor (dynamic access)>}}","chan":"stdout","logger":"task"}
{"timestamp":"2025-07-29T19:30:43.770844","level":"info","event":"Done. Returned value was: 123","logger":"airflow.task.operators.airflow.providers.standard.operators.python.PythonOperator"}
{"timestamp":"2025-07-29T19:30:43.771148","level":"info","event":"Pushing xcom","ti":"RuntimeTaskInstance(id=UUID('019857aa-6a1e-750f-bfa9-97def733b2f9'), task_id='python', dag_id='python_operator_v1', run_id='scheduled__2023-06-23T06:54:00+00:00', try_number=1, map_index=-1, hostname='bf6f1e7a6f11', context_carrier={}, task=<Task(PythonOperator): python>, bundle_instance=LocalDagBundle(name=dags-folder), max_tries=0, start_date=datetime.datetime(2025, 7, 29, 19, 30, 43, 137878, tzinfo=datetime.timezone.utc), end_date=None, state=<TaskInstanceState.RUNNING: 'running'>, is_mapped=False, rendered_map_index=None, log_url='http://localhost:8080/dags/python_operator_v1/runs/scheduled__2023-06-23T06%3A54%3A00%2B00%3A00/tasks/python?try_number=1')","logger":"task"}
{"timestamp":"2025-07-29T19:30:43.800531Z","level":"info","event":"Task instance in success state","chan":"stdout","logger":"task"}
{"timestamp":"2025-07-29T19:30:43.800785Z","level":"info","event":" Previous state of the Task instance: TaskInstanceState.RUNNING","chan":"stdout","logger":"task"}
{"timestamp":"2025-07-29T19:30:43.800960Z","level":"info","event":"Task operator:<Task(PythonOperator): python>","chan":"stdout","logger":"task"}
