{"timestamp":"2025-07-29T19:23:06.708852","level":"info","event":"DAG bundles loaded: dags-folder, example_dags","logger":"airflow.dag_processing.bundles.manager.DagBundlesManager"}
{"timestamp":"2025-07-29T19:23:06.709649","level":"info","event":"Filling up the DagBag from /opt/airflow/dags/python_operator_v1.py","logger":"airflow.models.dagbag.DagBag"}
{"timestamp":"2025-07-29T19:23:06.735948Z","level":"info","event":"Task instance is in running state","chan":"stdout","logger":"task"}
{"timestamp":"2025-07-29T19:23:06.736163Z","level":"info","event":" Previous state of the Task instance: TaskInstanceState.QUEUED","chan":"stdout","logger":"task"}
{"timestamp":"2025-07-29T19:23:06.737019Z","level":"info","event":"Current task name:python","chan":"stdout","logger":"task"}
{"timestamp":"2025-07-29T19:23:06.737171Z","level":"info","event":"Dag name:python_operator_v1","chan":"stdout","logger":"task"}
{"timestamp":"2025-07-29T19:23:06.738625Z","level":"info","event":"poliana","chan":"stdout","logger":"task"}
{"timestamp":"2025-07-29T19:23:06.739613Z","level":"info","event":"{'conn': <ConnectionAccessor (dynamic access)>,","chan":"stdout","logger":"task"}
{"timestamp":"2025-07-29T19:23:06.739824Z","level":"info","event":" 'dag': <DAG: python_operator_v1>,","chan":"stdout","logger":"task"}
{"timestamp":"2025-07-29T19:23:06.740041Z","level":"info","event":" 'dag_run': DagRun(dag_id='python_operator_v1', run_id='scheduled__2023-06-22T22:48:00+00:00', logical_date=datetime.datetime(2023, 6, 22, 22, 48, tzinfo=datetime.timezone.utc), data_interval_start=datetime.datetime(2023, 6, 22, 22, 48, tzinfo=datetime.timezone.utc), data_interval_end=datetime.datetime(2023, 6, 22, 22, 48, tzinfo=datetime.timezone.utc), run_after=datetime.datetime(2023, 6, 22, 22, 48, tzinfo=datetime.timezone.utc), start_date=datetime.datetime(2025, 7, 29, 19, 23, 5, 943408, tzinfo=datetime.timezone.utc), end_date=None, clear_number=0, run_type=<DagRunType.SCHEDULED: 'scheduled'>, conf={}, consumed_asset_events=[]),","chan":"stdout","logger":"task"}
{"timestamp":"2025-07-29T19:23:06.740163Z","level":"info","event":" 'data_interval_end': DateTime(2023, 6, 22, 22, 48, 0, tzinfo=Timezone('UTC')),","chan":"stdout","logger":"task"}
{"timestamp":"2025-07-29T19:23:06.740248Z","level":"info","event":" 'data_interval_start': DateTime(2023, 6, 22, 22, 48, 0, tzinfo=Timezone('UTC')),","chan":"stdout","logger":"task"}
{"timestamp":"2025-07-29T19:23:06.740315Z","level":"info","event":" 'ds': '2023-06-22',","chan":"stdout","logger":"task"}
{"timestamp":"2025-07-29T19:23:06.740385Z","level":"info","event":" 'ds_nodash': '20230622',","chan":"stdout","logger":"task"}
{"timestamp":"2025-07-29T19:23:06.740452Z","level":"info","event":" 'inlet_events': InletEventsAccessors(_inlets=[], _assets={}, _asset_aliases={}),","chan":"stdout","logger":"task"}
{"timestamp":"2025-07-29T19:23:06.740513Z","level":"info","event":" 'inlets': [],","chan":"stdout","logger":"task"}
{"timestamp":"2025-07-29T19:23:06.740575Z","level":"info","event":" 'logical_date': DateTime(2023, 6, 22, 22, 48, 0, tzinfo=Timezone('UTC')),","chan":"stdout","logger":"task"}
{"timestamp":"2025-07-29T19:23:06.740639Z","level":"info","event":" 'macros': <MacrosAccessor (dynamic access to macros)>,","chan":"stdout","logger":"task"}
{"timestamp":"2025-07-29T19:23:06.740706Z","level":"info","event":" 'map_index_template': None,","chan":"stdout","logger":"task"}
{"timestamp":"2025-07-29T19:23:06.740766Z","level":"info","event":" 'outlet_events': <airflow.sdk.execution_time.context.OutletEventAccessors object at 0x7fb66fc078c0>,","chan":"stdout","logger":"task"}
{"timestamp":"2025-07-29T19:23:06.740825Z","level":"info","event":" 'outlets': [],","chan":"stdout","logger":"task"}
{"timestamp":"2025-07-29T19:23:06.740887Z","level":"info","event":" 'params': {},","chan":"stdout","logger":"task"}
{"timestamp":"2025-07-29T19:23:06.753793Z","level":"info","event":" 'prev_data_interval_end_success': <Proxy at 0x7fb66fc7cad0 with factory <function RuntimeTaskInstance.get_template_context.<locals>.<lambda> at 0x7fb66fc90f40>>,","chan":"stdout","logger":"task"}
{"timestamp":"2025-07-29T19:23:06.754061Z","level":"info","event":" 'prev_data_interval_start_success': <Proxy at 0x7fb66fc7c500 with factory <function RuntimeTaskInstance.get_template_context.<locals>.<lambda> at 0x7fb66fc7bd80>>,","chan":"stdout","logger":"task"}
{"timestamp":"2025-07-29T19:23:06.754193Z","level":"info","event":" 'prev_end_date_success': <Proxy at 0x7fb678277e30 with factory <function RuntimeTaskInstance.get_template_context.<locals>.<lambda> at 0x7fb66fc7b740>>,","chan":"stdout","logger":"task"}
{"timestamp":"2025-07-29T19:23:06.754292Z","level":"info","event":" 'prev_start_date_success': <Proxy at 0x7fb66fc7c680 with factory <function RuntimeTaskInstance.get_template_context.<locals>.<lambda> at 0x7fb66fc7bc40>>,","chan":"stdout","logger":"task"}
{"timestamp":"2025-07-29T19:23:06.754349Z","level":"info","event":" 'run_id': 'scheduled__2023-06-22T22:48:00+00:00',","chan":"stdout","logger":"task"}
{"timestamp":"2025-07-29T19:23:06.754395Z","level":"info","event":" 'task': <Task(PythonOperator): python>,","chan":"stdout","logger":"task"}
{"timestamp":"2025-07-29T19:23:06.754446Z","level":"info","event":" 'task_instance': RuntimeTaskInstance(id=UUID('019857a3-7151-7b38-a084-09aa6ed8b6b2'), task_id='python', dag_id='python_operator_v1', run_id='scheduled__2023-06-22T22:48:00+00:00', try_number=1, map_index=-1, hostname='bf6f1e7a6f11', context_carrier={}, task=<Task(PythonOperator): python>, bundle_instance=LocalDagBundle(name=dags-folder), max_tries=0, start_date=datetime.datetime(2025, 7, 29, 19, 23, 6, 152502, tzinfo=datetime.timezone.utc), end_date=None, state=<TaskInstanceState.RUNNING: 'running'>, is_mapped=False, rendered_map_index=None, log_url='http://localhost:8080/dags/python_operator_v1/runs/scheduled__2023-06-22T22%3A48%3A00%2B00%3A00/tasks/python?try_number=1'),","chan":"stdout","logger":"task"}
{"timestamp":"2025-07-29T19:23:06.754515Z","level":"info","event":" 'task_instance_key_str': 'python_operator_v1__python__20230622',","chan":"stdout","logger":"task"}
{"timestamp":"2025-07-29T19:23:06.754573Z","level":"info","event":" 'task_reschedule_count': 0,","chan":"stdout","logger":"task"}
{"timestamp":"2025-07-29T19:23:06.754618Z","level":"info","event":" 'templates_dict': None,","chan":"stdout","logger":"task"}
{"timestamp":"2025-07-29T19:23:06.754663Z","level":"info","event":" 'ti': RuntimeTaskInstance(id=UUID('019857a3-7151-7b38-a084-09aa6ed8b6b2'), task_id='python', dag_id='python_operator_v1', run_id='scheduled__2023-06-22T22:48:00+00:00', try_number=1, map_index=-1, hostname='bf6f1e7a6f11', context_carrier={}, task=<Task(PythonOperator): python>, bundle_instance=LocalDagBundle(name=dags-folder), max_tries=0, start_date=datetime.datetime(2025, 7, 29, 19, 23, 6, 152502, tzinfo=datetime.timezone.utc), end_date=None, state=<TaskInstanceState.RUNNING: 'running'>, is_mapped=False, rendered_map_index=None, log_url='http://localhost:8080/dags/python_operator_v1/runs/scheduled__2023-06-22T22%3A48%3A00%2B00%3A00/tasks/python?try_number=1'),","chan":"stdout","logger":"task"}
{"timestamp":"2025-07-29T19:23:06.754708Z","level":"info","event":" 'triggering_asset_events': TriggeringAssetEventsAccessor(_events=defaultdict(<class 'list'>, {})),","chan":"stdout","logger":"task"}
{"timestamp":"2025-07-29T19:23:06.754751Z","level":"info","event":" 'ts': '2023-06-22T22:48:00+00:00',","chan":"stdout","logger":"task"}
{"timestamp":"2025-07-29T19:23:06.754792Z","level":"info","event":" 'ts_nodash': '20230622T224800',","chan":"stdout","logger":"task"}
{"timestamp":"2025-07-29T19:23:06.754832Z","level":"info","event":" 'ts_nodash_with_tz': '20230622T224800+0000',","chan":"stdout","logger":"task"}
{"timestamp":"2025-07-29T19:23:06.754917Z","level":"info","event":" 'var': {'json': <VariableAccessor (dynamic access)>,","chan":"stdout","logger":"task"}
{"timestamp":"2025-07-29T19:23:06.754966Z","level":"info","event":"         'value': <VariableAccessor (dynamic access)>}}","chan":"stdout","logger":"task"}
{"timestamp":"2025-07-29T19:23:06.754728","level":"info","event":"Done. Returned value was: 123","logger":"airflow.task.operators.airflow.providers.standard.operators.python.PythonOperator"}
{"timestamp":"2025-07-29T19:23:06.754935","level":"info","event":"Pushing xcom","ti":"RuntimeTaskInstance(id=UUID('019857a3-7151-7b38-a084-09aa6ed8b6b2'), task_id='python', dag_id='python_operator_v1', run_id='scheduled__2023-06-22T22:48:00+00:00', try_number=1, map_index=-1, hostname='bf6f1e7a6f11', context_carrier={}, task=<Task(PythonOperator): python>, bundle_instance=LocalDagBundle(name=dags-folder), max_tries=0, start_date=datetime.datetime(2025, 7, 29, 19, 23, 6, 152502, tzinfo=datetime.timezone.utc), end_date=None, state=<TaskInstanceState.RUNNING: 'running'>, is_mapped=False, rendered_map_index=None, log_url='http://localhost:8080/dags/python_operator_v1/runs/scheduled__2023-06-22T22%3A48%3A00%2B00%3A00/tasks/python?try_number=1')","logger":"task"}
{"timestamp":"2025-07-29T19:23:06.786348Z","level":"info","event":"Task instance in success state","chan":"stdout","logger":"task"}
{"timestamp":"2025-07-29T19:23:06.786611Z","level":"info","event":" Previous state of the Task instance: TaskInstanceState.RUNNING","chan":"stdout","logger":"task"}
{"timestamp":"2025-07-29T19:23:06.786785Z","level":"info","event":"Task operator:<Task(PythonOperator): python>","chan":"stdout","logger":"task"}
