{"timestamp":"2025-07-29T20:06:56.623520","level":"info","event":"DAG bundles loaded: dags-folder, example_dags","logger":"airflow.dag_processing.bundles.manager.DagBundlesManager"}
{"timestamp":"2025-07-29T20:06:56.624251","level":"info","event":"Filling up the DagBag from /opt/airflow/dags/2_python_operator_v1.py","logger":"airflow.models.dagbag.DagBag"}
{"timestamp":"2025-07-29T20:06:56.654216Z","level":"info","event":"Task instance is in running state","chan":"stdout","logger":"task"}
{"timestamp":"2025-07-29T20:06:56.654400Z","level":"info","event":" Previous state of the Task instance: TaskInstanceState.QUEUED","chan":"stdout","logger":"task"}
{"timestamp":"2025-07-29T20:06:56.654848Z","level":"info","event":"Current task name:python","chan":"stdout","logger":"task"}
{"timestamp":"2025-07-29T20:06:56.654967Z","level":"info","event":"Dag name:python_operator_v1","chan":"stdout","logger":"task"}
{"timestamp":"2025-07-29T20:06:56.656005Z","level":"info","event":"poliana","chan":"stdout","logger":"task"}
{"timestamp":"2025-07-29T20:06:56.656612Z","level":"info","event":"{'conn': <ConnectionAccessor (dynamic access)>,","chan":"stdout","logger":"task"}
{"timestamp":"2025-07-29T20:06:56.656716Z","level":"info","event":" 'dag': <DAG: python_operator_v1>,","chan":"stdout","logger":"task"}
{"timestamp":"2025-07-29T20:06:56.656866Z","level":"info","event":" 'dag_run': DagRun(dag_id='python_operator_v1', run_id='scheduled__2023-06-24T20:39:00+00:00', logical_date=datetime.datetime(2023, 6, 24, 20, 39, tzinfo=datetime.timezone.utc), data_interval_start=datetime.datetime(2023, 6, 24, 20, 39, tzinfo=datetime.timezone.utc), data_interval_end=datetime.datetime(2023, 6, 24, 20, 39, tzinfo=datetime.timezone.utc), run_after=datetime.datetime(2023, 6, 24, 20, 39, tzinfo=datetime.timezone.utc), start_date=datetime.datetime(2025, 7, 29, 20, 6, 55, 805173, tzinfo=datetime.timezone.utc), end_date=None, clear_number=0, run_type=<DagRunType.SCHEDULED: 'scheduled'>, conf={}, consumed_asset_events=[]),","chan":"stdout","logger":"task"}
{"timestamp":"2025-07-29T20:06:56.656955Z","level":"info","event":" 'data_interval_end': DateTime(2023, 6, 24, 20, 39, 0, tzinfo=Timezone('UTC')),","chan":"stdout","logger":"task"}
{"timestamp":"2025-07-29T20:06:56.657033Z","level":"info","event":" 'data_interval_start': DateTime(2023, 6, 24, 20, 39, 0, tzinfo=Timezone('UTC')),","chan":"stdout","logger":"task"}
{"timestamp":"2025-07-29T20:06:56.657108Z","level":"info","event":" 'ds': '2023-06-24',","chan":"stdout","logger":"task"}
{"timestamp":"2025-07-29T20:06:56.657209Z","level":"info","event":" 'ds_nodash': '20230624',","chan":"stdout","logger":"task"}
{"timestamp":"2025-07-29T20:06:56.657286Z","level":"info","event":" 'inlet_events': InletEventsAccessors(_inlets=[], _assets={}, _asset_aliases={}),","chan":"stdout","logger":"task"}
{"timestamp":"2025-07-29T20:06:56.657357Z","level":"info","event":" 'inlets': [],","chan":"stdout","logger":"task"}
{"timestamp":"2025-07-29T20:06:56.657422Z","level":"info","event":" 'logical_date': DateTime(2023, 6, 24, 20, 39, 0, tzinfo=Timezone('UTC')),","chan":"stdout","logger":"task"}
{"timestamp":"2025-07-29T20:06:56.657490Z","level":"info","event":" 'macros': <MacrosAccessor (dynamic access to macros)>,","chan":"stdout","logger":"task"}
{"timestamp":"2025-07-29T20:06:56.657602Z","level":"info","event":" 'map_index_template': None,","chan":"stdout","logger":"task"}
{"timestamp":"2025-07-29T20:06:56.657673Z","level":"info","event":" 'outlet_events': <airflow.sdk.execution_time.context.OutletEventAccessors object at 0x7fb66fd57050>,","chan":"stdout","logger":"task"}
{"timestamp":"2025-07-29T20:06:56.657747Z","level":"info","event":" 'outlets': [],","chan":"stdout","logger":"task"}
{"timestamp":"2025-07-29T20:06:56.657818Z","level":"info","event":" 'params': {},","chan":"stdout","logger":"task"}
{"timestamp":"2025-07-29T20:06:56.670911Z","level":"info","event":" 'prev_data_interval_end_success': <Proxy at 0x7fb66fc64170 with factory <function RuntimeTaskInstance.get_template_context.<locals>.<lambda> at 0x7fb66fc60e00>>,","chan":"stdout","logger":"task"}
{"timestamp":"2025-07-29T20:06:56.671177Z","level":"info","event":" 'prev_data_interval_start_success': <Proxy at 0x7fb66fc64290 with factory <function RuntimeTaskInstance.get_template_context.<locals>.<lambda> at 0x7fb66fc57c40>>,","chan":"stdout","logger":"task"}
{"timestamp":"2025-07-29T20:06:56.671344Z","level":"info","event":" 'prev_end_date_success': <Proxy at 0x7fb66fe0f410 with factory <function RuntimeTaskInstance.get_template_context.<locals>.<lambda> at 0x7fb66fc57600>>,","chan":"stdout","logger":"task"}
{"timestamp":"2025-07-29T20:06:56.671432Z","level":"info","event":" 'prev_start_date_success': <Proxy at 0x7fb66fc2ffe0 with factory <function RuntimeTaskInstance.get_template_context.<locals>.<lambda> at 0x7fb66fc57b00>>,","chan":"stdout","logger":"task"}
{"timestamp":"2025-07-29T20:06:56.671506Z","level":"info","event":" 'run_id': 'scheduled__2023-06-24T20:39:00+00:00',","chan":"stdout","logger":"task"}
{"timestamp":"2025-07-29T20:06:56.671576Z","level":"info","event":" 'task': <Task(PythonOperator): python>,","chan":"stdout","logger":"task"}
{"timestamp":"2025-07-29T20:06:56.671648Z","level":"info","event":" 'task_instance': RuntimeTaskInstance(id=UUID('019857cb-9239-7561-8a78-c96c8327349d'), task_id='python', dag_id='python_operator_v1', run_id='scheduled__2023-06-24T20:39:00+00:00', try_number=1, map_index=-1, hostname='bf6f1e7a6f11', context_carrier={}, task=<Task(PythonOperator): python>, bundle_instance=LocalDagBundle(name=dags-folder), max_tries=0, start_date=datetime.datetime(2025, 7, 29, 20, 6, 56, 108232, tzinfo=datetime.timezone.utc), end_date=None, state=<TaskInstanceState.RUNNING: 'running'>, is_mapped=False, rendered_map_index=None, log_url='http://localhost:8080/dags/python_operator_v1/runs/scheduled__2023-06-24T20%3A39%3A00%2B00%3A00/tasks/python?try_number=1'),","chan":"stdout","logger":"task"}
{"timestamp":"2025-07-29T20:06:56.671719Z","level":"info","event":" 'task_instance_key_str': 'python_operator_v1__python__20230624',","chan":"stdout","logger":"task"}
{"timestamp":"2025-07-29T20:06:56.671788Z","level":"info","event":" 'task_reschedule_count': 0,","chan":"stdout","logger":"task"}
{"timestamp":"2025-07-29T20:06:56.671858Z","level":"info","event":" 'templates_dict': None,","chan":"stdout","logger":"task"}
{"timestamp":"2025-07-29T20:06:56.671932Z","level":"info","event":" 'ti': RuntimeTaskInstance(id=UUID('019857cb-9239-7561-8a78-c96c8327349d'), task_id='python', dag_id='python_operator_v1', run_id='scheduled__2023-06-24T20:39:00+00:00', try_number=1, map_index=-1, hostname='bf6f1e7a6f11', context_carrier={}, task=<Task(PythonOperator): python>, bundle_instance=LocalDagBundle(name=dags-folder), max_tries=0, start_date=datetime.datetime(2025, 7, 29, 20, 6, 56, 108232, tzinfo=datetime.timezone.utc), end_date=None, state=<TaskInstanceState.RUNNING: 'running'>, is_mapped=False, rendered_map_index=None, log_url='http://localhost:8080/dags/python_operator_v1/runs/scheduled__2023-06-24T20%3A39%3A00%2B00%3A00/tasks/python?try_number=1'),","chan":"stdout","logger":"task"}
{"timestamp":"2025-07-29T20:06:56.672050Z","level":"info","event":" 'triggering_asset_events': TriggeringAssetEventsAccessor(_events=defaultdict(<class 'list'>, {})),","chan":"stdout","logger":"task"}
{"timestamp":"2025-07-29T20:06:56.672190Z","level":"info","event":" 'ts': '2023-06-24T20:39:00+00:00',","chan":"stdout","logger":"task"}
{"timestamp":"2025-07-29T20:06:56.672268Z","level":"info","event":" 'ts_nodash': '20230624T203900',","chan":"stdout","logger":"task"}
{"timestamp":"2025-07-29T20:06:56.672338Z","level":"info","event":" 'ts_nodash_with_tz': '20230624T203900+0000',","chan":"stdout","logger":"task"}
{"timestamp":"2025-07-29T20:06:56.672410Z","level":"info","event":" 'var': {'json': <VariableAccessor (dynamic access)>,","chan":"stdout","logger":"task"}
{"timestamp":"2025-07-29T20:06:56.672562Z","level":"info","event":"         'value': <VariableAccessor (dynamic access)>}}","chan":"stdout","logger":"task"}
{"timestamp":"2025-07-29T20:06:56.671725","level":"info","event":"Done. Returned value was: 123","logger":"airflow.task.operators.airflow.providers.standard.operators.python.PythonOperator"}
{"timestamp":"2025-07-29T20:06:56.671897","level":"info","event":"Pushing xcom","ti":"RuntimeTaskInstance(id=UUID('019857cb-9239-7561-8a78-c96c8327349d'), task_id='python', dag_id='python_operator_v1', run_id='scheduled__2023-06-24T20:39:00+00:00', try_number=1, map_index=-1, hostname='bf6f1e7a6f11', context_carrier={}, task=<Task(PythonOperator): python>, bundle_instance=LocalDagBundle(name=dags-folder), max_tries=0, start_date=datetime.datetime(2025, 7, 29, 20, 6, 56, 108232, tzinfo=datetime.timezone.utc), end_date=None, state=<TaskInstanceState.RUNNING: 'running'>, is_mapped=False, rendered_map_index=None, log_url='http://localhost:8080/dags/python_operator_v1/runs/scheduled__2023-06-24T20%3A39%3A00%2B00%3A00/tasks/python?try_number=1')","logger":"task"}
{"timestamp":"2025-07-29T20:06:56.700217Z","level":"info","event":"Task instance in success state","chan":"stdout","logger":"task"}
{"timestamp":"2025-07-29T20:06:56.700364Z","level":"info","event":" Previous state of the Task instance: TaskInstanceState.RUNNING","chan":"stdout","logger":"task"}
{"timestamp":"2025-07-29T20:06:56.700523Z","level":"info","event":"Task operator:<Task(PythonOperator): python>","chan":"stdout","logger":"task"}
