{"timestamp":"2025-07-29T20:00:21.778673","level":"info","event":"DAG bundles loaded: dags-folder, example_dags","logger":"airflow.dag_processing.bundles.manager.DagBundlesManager"}
{"timestamp":"2025-07-29T20:00:21.779105","level":"info","event":"Filling up the DagBag from /opt/airflow/dags/3_dag_principal.py","logger":"airflow.models.dagbag.DagBag"}
{"timestamp":"2025-07-29T20:00:21.800854Z","level":"info","event":"Task instance is in running state","chan":"stdout","logger":"task"}
{"timestamp":"2025-07-29T20:00:21.801018Z","level":"info","event":" Previous state of the Task instance: TaskInstanceState.QUEUED","chan":"stdout","logger":"task"}
{"timestamp":"2025-07-29T20:00:21.801388Z","level":"info","event":"Current task name:python_principal","chan":"stdout","logger":"task"}
{"timestamp":"2025-07-29T20:00:21.801475Z","level":"info","event":"Dag name:3_DAG_principal","chan":"stdout","logger":"task"}
{"timestamp":"2025-07-29T20:00:21.802427Z","level":"info","event":"DAG principal","chan":"stdout","logger":"task"}
{"timestamp":"2025-07-29T20:00:21.802978Z","level":"info","event":"{'conn': <ConnectionAccessor (dynamic access)>,","chan":"stdout","logger":"task"}
{"timestamp":"2025-07-29T20:00:21.803067Z","level":"info","event":" 'dag': <DAG: 3_DAG_principal>,","chan":"stdout","logger":"task"}
{"timestamp":"2025-07-29T20:00:21.803162Z","level":"info","event":" 'dag_run': DagRun(dag_id='3_DAG_principal', run_id='scheduled__2023-09-22T20:00:00+00:00', logical_date=datetime.datetime(2023, 9, 22, 20, 0, tzinfo=datetime.timezone.utc), data_interval_start=datetime.datetime(2023, 9, 22, 20, 0, tzinfo=datetime.timezone.utc), data_interval_end=datetime.datetime(2023, 9, 22, 20, 0, tzinfo=datetime.timezone.utc), run_after=datetime.datetime(2023, 9, 22, 20, 0, tzinfo=datetime.timezone.utc), start_date=datetime.datetime(2025, 7, 29, 20, 0, 20, 692891, tzinfo=datetime.timezone.utc), end_date=None, clear_number=0, run_type=<DagRunType.SCHEDULED: 'scheduled'>, conf={}, consumed_asset_events=[]),","chan":"stdout","logger":"task"}
{"timestamp":"2025-07-29T20:00:21.803217Z","level":"info","event":" 'data_interval_end': DateTime(2023, 9, 22, 20, 0, 0, tzinfo=Timezone('UTC')),","chan":"stdout","logger":"task"}
{"timestamp":"2025-07-29T20:00:21.803262Z","level":"info","event":" 'data_interval_start': DateTime(2023, 9, 22, 20, 0, 0, tzinfo=Timezone('UTC')),","chan":"stdout","logger":"task"}
{"timestamp":"2025-07-29T20:00:21.803305Z","level":"info","event":" 'ds': '2023-09-22',","chan":"stdout","logger":"task"}
{"timestamp":"2025-07-29T20:00:21.803346Z","level":"info","event":" 'ds_nodash': '20230922',","chan":"stdout","logger":"task"}
{"timestamp":"2025-07-29T20:00:21.803387Z","level":"info","event":" 'inlet_events': InletEventsAccessors(_inlets=[], _assets={}, _asset_aliases={}),","chan":"stdout","logger":"task"}
{"timestamp":"2025-07-29T20:00:21.803445Z","level":"info","event":" 'inlets': [],","chan":"stdout","logger":"task"}
{"timestamp":"2025-07-29T20:00:21.803502Z","level":"info","event":" 'logical_date': DateTime(2023, 9, 22, 20, 0, 0, tzinfo=Timezone('UTC')),","chan":"stdout","logger":"task"}
{"timestamp":"2025-07-29T20:00:21.803544Z","level":"info","event":" 'macros': <MacrosAccessor (dynamic access to macros)>,","chan":"stdout","logger":"task"}
{"timestamp":"2025-07-29T20:00:21.803587Z","level":"info","event":" 'map_index_template': None,","chan":"stdout","logger":"task"}
{"timestamp":"2025-07-29T20:00:21.803627Z","level":"info","event":" 'outlet_events': <airflow.sdk.execution_time.context.OutletEventAccessors object at 0x7fb67d36fa70>,","chan":"stdout","logger":"task"}
{"timestamp":"2025-07-29T20:00:21.803669Z","level":"info","event":" 'outlets': [],","chan":"stdout","logger":"task"}
{"timestamp":"2025-07-29T20:00:21.803710Z","level":"info","event":" 'params': {},","chan":"stdout","logger":"task"}
{"timestamp":"2025-07-29T20:00:21.811537Z","level":"info","event":" 'prev_data_interval_end_success': <Proxy at 0x7fb66fc16ea0 with factory <function RuntimeTaskInstance.get_template_context.<locals>.<lambda> at 0x7fb66fc32b60>>,","chan":"stdout","logger":"task"}
{"timestamp":"2025-07-29T20:00:21.811726Z","level":"info","event":" 'prev_data_interval_start_success': <Proxy at 0x7fb66fc16f00 with factory <function RuntimeTaskInstance.get_template_context.<locals>.<lambda> at 0x7fb66fc313a0>>,","chan":"stdout","logger":"task"}
{"timestamp":"2025-07-29T20:00:21.811798Z","level":"info","event":" 'prev_end_date_success': <Proxy at 0x7fb66fc16c60 with factory <function RuntimeTaskInstance.get_template_context.<locals>.<lambda> at 0x7fb66fc32c00>>,","chan":"stdout","logger":"task"}
{"timestamp":"2025-07-29T20:00:21.811848Z","level":"info","event":" 'prev_start_date_success': <Proxy at 0x7fb66fc15340 with factory <function RuntimeTaskInstance.get_template_context.<locals>.<lambda> at 0x7fb66fc31940>>,","chan":"stdout","logger":"task"}
{"timestamp":"2025-07-29T20:00:21.811893Z","level":"info","event":" 'run_id': 'scheduled__2023-09-22T20:00:00+00:00',","chan":"stdout","logger":"task"}
{"timestamp":"2025-07-29T20:00:21.811936Z","level":"info","event":" 'task': <Task(PythonOperator): python_principal>,","chan":"stdout","logger":"task"}
{"timestamp":"2025-07-29T20:00:21.811984Z","level":"info","event":" 'task_instance': RuntimeTaskInstance(id=UUID('019857c5-8ab4-7c47-9553-d19e12d9a57a'), task_id='python_principal', dag_id='3_DAG_principal', run_id='scheduled__2023-09-22T20:00:00+00:00', try_number=1, map_index=-1, hostname='bf6f1e7a6f11', context_carrier={}, task=<Task(PythonOperator): python_principal>, bundle_instance=LocalDagBundle(name=dags-folder), max_tries=0, start_date=datetime.datetime(2025, 7, 29, 20, 0, 21, 272886, tzinfo=datetime.timezone.utc), end_date=None, state=<TaskInstanceState.RUNNING: 'running'>, is_mapped=False, rendered_map_index=None, log_url='http://localhost:8080/dags/3_DAG_principal/runs/scheduled__2023-09-22T20%3A00%3A00%2B00%3A00/tasks/python_principal?try_number=1'),","chan":"stdout","logger":"task"}
{"timestamp":"2025-07-29T20:00:21.812040Z","level":"info","event":" 'task_instance_key_str': '3_DAG_principal__python_principal__20230922',","chan":"stdout","logger":"task"}
{"timestamp":"2025-07-29T20:00:21.812085Z","level":"info","event":" 'task_reschedule_count': 0,","chan":"stdout","logger":"task"}
{"timestamp":"2025-07-29T20:00:21.812129Z","level":"info","event":" 'templates_dict': None,","chan":"stdout","logger":"task"}
{"timestamp":"2025-07-29T20:00:21.812175Z","level":"info","event":" 'ti': RuntimeTaskInstance(id=UUID('019857c5-8ab4-7c47-9553-d19e12d9a57a'), task_id='python_principal', dag_id='3_DAG_principal', run_id='scheduled__2023-09-22T20:00:00+00:00', try_number=1, map_index=-1, hostname='bf6f1e7a6f11', context_carrier={}, task=<Task(PythonOperator): python_principal>, bundle_instance=LocalDagBundle(name=dags-folder), max_tries=0, start_date=datetime.datetime(2025, 7, 29, 20, 0, 21, 272886, tzinfo=datetime.timezone.utc), end_date=None, state=<TaskInstanceState.RUNNING: 'running'>, is_mapped=False, rendered_map_index=None, log_url='http://localhost:8080/dags/3_DAG_principal/runs/scheduled__2023-09-22T20%3A00%3A00%2B00%3A00/tasks/python_principal?try_number=1'),","chan":"stdout","logger":"task"}
{"timestamp":"2025-07-29T20:00:21.812220Z","level":"info","event":" 'triggering_asset_events': TriggeringAssetEventsAccessor(_events=defaultdict(<class 'list'>, {})),","chan":"stdout","logger":"task"}
{"timestamp":"2025-07-29T20:00:21.812291Z","level":"info","event":" 'ts': '2023-09-22T20:00:00+00:00',","chan":"stdout","logger":"task"}
{"timestamp":"2025-07-29T20:00:21.812339Z","level":"info","event":" 'ts_nodash': '20230922T200000',","chan":"stdout","logger":"task"}
{"timestamp":"2025-07-29T20:00:21.812380Z","level":"info","event":" 'ts_nodash_with_tz': '20230922T200000+0000',","chan":"stdout","logger":"task"}
{"timestamp":"2025-07-29T20:00:21.812421Z","level":"info","event":" 'var': {'json': <VariableAccessor (dynamic access)>,","chan":"stdout","logger":"task"}
{"timestamp":"2025-07-29T20:00:21.812462Z","level":"info","event":"         'value': <VariableAccessor (dynamic access)>}}","chan":"stdout","logger":"task"}
{"timestamp":"2025-07-29T20:00:21.811857","level":"info","event":"Done. Returned value was: principal","logger":"airflow.task.operators.airflow.providers.standard.operators.python.PythonOperator"}
{"timestamp":"2025-07-29T20:00:21.812031","level":"info","event":"Pushing xcom","ti":"RuntimeTaskInstance(id=UUID('019857c5-8ab4-7c47-9553-d19e12d9a57a'), task_id='python_principal', dag_id='3_DAG_principal', run_id='scheduled__2023-09-22T20:00:00+00:00', try_number=1, map_index=-1, hostname='bf6f1e7a6f11', context_carrier={}, task=<Task(PythonOperator): python_principal>, bundle_instance=LocalDagBundle(name=dags-folder), max_tries=0, start_date=datetime.datetime(2025, 7, 29, 20, 0, 21, 272886, tzinfo=datetime.timezone.utc), end_date=None, state=<TaskInstanceState.RUNNING: 'running'>, is_mapped=False, rendered_map_index=None, log_url='http://localhost:8080/dags/3_DAG_principal/runs/scheduled__2023-09-22T20%3A00%3A00%2B00%3A00/tasks/python_principal?try_number=1')","logger":"task"}
{"timestamp":"2025-07-29T20:00:21.833452Z","level":"info","event":"Task instance in success state","chan":"stdout","logger":"task"}
{"timestamp":"2025-07-29T20:00:21.833586Z","level":"info","event":" Previous state of the Task instance: TaskInstanceState.RUNNING","chan":"stdout","logger":"task"}
{"timestamp":"2025-07-29T20:00:21.833688Z","level":"info","event":"Task operator:<Task(PythonOperator): python_principal>","chan":"stdout","logger":"task"}
