{"timestamp":"2025-07-29T20:06:06.987791","level":"info","event":"DAG bundles loaded: dags-folder, example_dags","logger":"airflow.dag_processing.bundles.manager.DagBundlesManager"}
{"timestamp":"2025-07-29T20:06:06.988737","level":"info","event":"Filling up the DagBag from /opt/airflow/dags/3_dag_principal.py","logger":"airflow.models.dagbag.DagBag"}
{"timestamp":"2025-07-29T20:06:07.030995Z","level":"info","event":"Task instance is in running state","chan":"stdout","logger":"task"}
{"timestamp":"2025-07-29T20:06:07.031351Z","level":"info","event":" Previous state of the Task instance: TaskInstanceState.QUEUED","chan":"stdout","logger":"task"}
{"timestamp":"2025-07-29T20:06:07.031567Z","level":"info","event":"Current task name:python_principal","chan":"stdout","logger":"task"}
{"timestamp":"2025-07-29T20:06:07.031665Z","level":"info","event":"Dag name:3_DAG_principal","chan":"stdout","logger":"task"}
{"timestamp":"2025-07-29T20:06:07.033126Z","level":"info","event":"DAG principal","chan":"stdout","logger":"task"}
{"timestamp":"2025-07-29T20:06:07.033832Z","level":"info","event":"{'conn': <ConnectionAccessor (dynamic access)>,","chan":"stdout","logger":"task"}
{"timestamp":"2025-07-29T20:06:07.033985Z","level":"info","event":" 'dag': <DAG: 3_DAG_principal>,","chan":"stdout","logger":"task"}
{"timestamp":"2025-07-29T20:06:07.034147Z","level":"info","event":" 'dag_run': DagRun(dag_id='3_DAG_principal', run_id='scheduled__2024-08-09T20:00:00+00:00', logical_date=datetime.datetime(2024, 8, 9, 20, 0, tzinfo=datetime.timezone.utc), data_interval_start=datetime.datetime(2024, 8, 9, 20, 0, tzinfo=datetime.timezone.utc), data_interval_end=datetime.datetime(2024, 8, 9, 20, 0, tzinfo=datetime.timezone.utc), run_after=datetime.datetime(2024, 8, 9, 20, 0, tzinfo=datetime.timezone.utc), start_date=datetime.datetime(2025, 7, 29, 20, 6, 5, 536917, tzinfo=datetime.timezone.utc), end_date=None, clear_number=0, run_type=<DagRunType.SCHEDULED: 'scheduled'>, conf={}, consumed_asset_events=[]),","chan":"stdout","logger":"task"}
{"timestamp":"2025-07-29T20:06:07.034264Z","level":"info","event":" 'data_interval_end': DateTime(2024, 8, 9, 20, 0, 0, tzinfo=Timezone('UTC')),","chan":"stdout","logger":"task"}
{"timestamp":"2025-07-29T20:06:07.034351Z","level":"info","event":" 'data_interval_start': DateTime(2024, 8, 9, 20, 0, 0, tzinfo=Timezone('UTC')),","chan":"stdout","logger":"task"}
{"timestamp":"2025-07-29T20:06:07.034434Z","level":"info","event":" 'ds': '2024-08-09',","chan":"stdout","logger":"task"}
{"timestamp":"2025-07-29T20:06:07.034506Z","level":"info","event":" 'ds_nodash': '20240809',","chan":"stdout","logger":"task"}
{"timestamp":"2025-07-29T20:06:07.034571Z","level":"info","event":" 'inlet_events': InletEventsAccessors(_inlets=[], _assets={}, _asset_aliases={}),","chan":"stdout","logger":"task"}
{"timestamp":"2025-07-29T20:06:07.034617Z","level":"info","event":" 'inlets': [],","chan":"stdout","logger":"task"}
{"timestamp":"2025-07-29T20:06:07.034664Z","level":"info","event":" 'logical_date': DateTime(2024, 8, 9, 20, 0, 0, tzinfo=Timezone('UTC')),","chan":"stdout","logger":"task"}
{"timestamp":"2025-07-29T20:06:07.034706Z","level":"info","event":" 'macros': <MacrosAccessor (dynamic access to macros)>,","chan":"stdout","logger":"task"}
{"timestamp":"2025-07-29T20:06:07.034748Z","level":"info","event":" 'map_index_template': None,","chan":"stdout","logger":"task"}
{"timestamp":"2025-07-29T20:06:07.034821Z","level":"info","event":" 'outlet_events': <airflow.sdk.execution_time.context.OutletEventAccessors object at 0x7fb67ebbc5c0>,","chan":"stdout","logger":"task"}
{"timestamp":"2025-07-29T20:06:07.034878Z","level":"info","event":" 'outlets': [],","chan":"stdout","logger":"task"}
{"timestamp":"2025-07-29T20:06:07.034921Z","level":"info","event":" 'params': {},","chan":"stdout","logger":"task"}
{"timestamp":"2025-07-29T20:06:07.049965Z","level":"info","event":" 'prev_data_interval_end_success': <Proxy at 0x7fb66fc2e3f0 with factory <function RuntimeTaskInstance.get_template_context.<locals>.<lambda> at 0x7fb66fc53420>>,","chan":"stdout","logger":"task"}
{"timestamp":"2025-07-29T20:06:07.050230Z","level":"info","event":" 'prev_data_interval_start_success': <Proxy at 0x7fb66fc2f5f0 with factory <function RuntimeTaskInstance.get_template_context.<locals>.<lambda> at 0x7fb66fc51c60>>,","chan":"stdout","logger":"task"}
{"timestamp":"2025-07-29T20:06:07.050358Z","level":"info","event":" 'prev_end_date_success': <Proxy at 0x7fb67ebcfe30 with factory <function RuntimeTaskInstance.get_template_context.<locals>.<lambda> at 0x7fb66fc534c0>>,","chan":"stdout","logger":"task"}
{"timestamp":"2025-07-29T20:06:07.050439Z","level":"info","event":" 'prev_start_date_success': <Proxy at 0x7fb66fefe990 with factory <function RuntimeTaskInstance.get_template_context.<locals>.<lambda> at 0x7fb66fc52200>>,","chan":"stdout","logger":"task"}
{"timestamp":"2025-07-29T20:06:07.050508Z","level":"info","event":" 'run_id': 'scheduled__2024-08-09T20:00:00+00:00',","chan":"stdout","logger":"task"}
{"timestamp":"2025-07-29T20:06:07.050582Z","level":"info","event":" 'task': <Task(PythonOperator): python_principal>,","chan":"stdout","logger":"task"}
{"timestamp":"2025-07-29T20:06:07.050682Z","level":"info","event":" 'task_instance': RuntimeTaskInstance(id=UUID('019857ca-cdda-7bdb-9811-93cbdc61cd21'), task_id='python_principal', dag_id='3_DAG_principal', run_id='scheduled__2024-08-09T20:00:00+00:00', try_number=1, map_index=-1, hostname='bf6f1e7a6f11', context_carrier={}, task=<Task(PythonOperator): python_principal>, bundle_instance=LocalDagBundle(name=dags-folder), max_tries=0, start_date=datetime.datetime(2025, 7, 29, 20, 6, 5, 921655, tzinfo=datetime.timezone.utc), end_date=None, state=<TaskInstanceState.RUNNING: 'running'>, is_mapped=False, rendered_map_index=None, log_url='http://localhost:8080/dags/3_DAG_principal/runs/scheduled__2024-08-09T20%3A00%3A00%2B00%3A00/tasks/python_principal?try_number=1'),","chan":"stdout","logger":"task"}
{"timestamp":"2025-07-29T20:06:07.050765Z","level":"info","event":" 'task_instance_key_str': '3_DAG_principal__python_principal__20240809',","chan":"stdout","logger":"task"}
{"timestamp":"2025-07-29T20:06:07.050837Z","level":"info","event":" 'task_reschedule_count': 0,","chan":"stdout","logger":"task"}
{"timestamp":"2025-07-29T20:06:07.050911Z","level":"info","event":" 'templates_dict': None,","chan":"stdout","logger":"task"}
{"timestamp":"2025-07-29T20:06:07.050994Z","level":"info","event":" 'ti': RuntimeTaskInstance(id=UUID('019857ca-cdda-7bdb-9811-93cbdc61cd21'), task_id='python_principal', dag_id='3_DAG_principal', run_id='scheduled__2024-08-09T20:00:00+00:00', try_number=1, map_index=-1, hostname='bf6f1e7a6f11', context_carrier={}, task=<Task(PythonOperator): python_principal>, bundle_instance=LocalDagBundle(name=dags-folder), max_tries=0, start_date=datetime.datetime(2025, 7, 29, 20, 6, 5, 921655, tzinfo=datetime.timezone.utc), end_date=None, state=<TaskInstanceState.RUNNING: 'running'>, is_mapped=False, rendered_map_index=None, log_url='http://localhost:8080/dags/3_DAG_principal/runs/scheduled__2024-08-09T20%3A00%3A00%2B00%3A00/tasks/python_principal?try_number=1'),","chan":"stdout","logger":"task"}
{"timestamp":"2025-07-29T20:06:07.051066Z","level":"info","event":" 'triggering_asset_events': TriggeringAssetEventsAccessor(_events=defaultdict(<class 'list'>, {})),","chan":"stdout","logger":"task"}
{"timestamp":"2025-07-29T20:06:07.051133Z","level":"info","event":" 'ts': '2024-08-09T20:00:00+00:00',","chan":"stdout","logger":"task"}
{"timestamp":"2025-07-29T20:06:07.051200Z","level":"info","event":" 'ts_nodash': '20240809T200000',","chan":"stdout","logger":"task"}
{"timestamp":"2025-07-29T20:06:07.051267Z","level":"info","event":" 'ts_nodash_with_tz': '20240809T200000+0000',","chan":"stdout","logger":"task"}
{"timestamp":"2025-07-29T20:06:07.051413Z","level":"info","event":" 'var': {'json': <VariableAccessor (dynamic access)>,","chan":"stdout","logger":"task"}
{"timestamp":"2025-07-29T20:06:07.051537Z","level":"info","event":"         'value': <VariableAccessor (dynamic access)>}}","chan":"stdout","logger":"task"}
{"timestamp":"2025-07-29T20:06:07.050417","level":"info","event":"Done. Returned value was: principal","logger":"airflow.task.operators.airflow.providers.standard.operators.python.PythonOperator"}
{"timestamp":"2025-07-29T20:06:07.050705","level":"info","event":"Pushing xcom","ti":"RuntimeTaskInstance(id=UUID('019857ca-cdda-7bdb-9811-93cbdc61cd21'), task_id='python_principal', dag_id='3_DAG_principal', run_id='scheduled__2024-08-09T20:00:00+00:00', try_number=1, map_index=-1, hostname='bf6f1e7a6f11', context_carrier={}, task=<Task(PythonOperator): python_principal>, bundle_instance=LocalDagBundle(name=dags-folder), max_tries=0, start_date=datetime.datetime(2025, 7, 29, 20, 6, 5, 921655, tzinfo=datetime.timezone.utc), end_date=None, state=<TaskInstanceState.RUNNING: 'running'>, is_mapped=False, rendered_map_index=None, log_url='http://localhost:8080/dags/3_DAG_principal/runs/scheduled__2024-08-09T20%3A00%3A00%2B00%3A00/tasks/python_principal?try_number=1')","logger":"task"}
{"timestamp":"2025-07-29T20:06:07.085370Z","level":"info","event":"Task instance in success state","chan":"stdout","logger":"task"}
{"timestamp":"2025-07-29T20:06:07.085533Z","level":"info","event":" Previous state of the Task instance: TaskInstanceState.RUNNING","chan":"stdout","logger":"task"}
{"timestamp":"2025-07-29T20:06:07.085769Z","level":"info","event":"Task operator:<Task(PythonOperator): python_principal>","chan":"stdout","logger":"task"}
