{"timestamp":"2025-07-29T19:45:39.172674","level":"info","event":"DAG bundles loaded: dags-folder, example_dags","logger":"airflow.dag_processing.bundles.manager.DagBundlesManager"}
{"timestamp":"2025-07-29T19:45:39.173146","level":"info","event":"Filling up the DagBag from /opt/airflow/dags/python_operator_v1.py","logger":"airflow.models.dagbag.DagBag"}
{"timestamp":"2025-07-29T19:45:39.199510Z","level":"info","event":"Task instance is in running state","chan":"stdout","logger":"task"}
{"timestamp":"2025-07-29T19:45:39.199643Z","level":"info","event":" Previous state of the Task instance: TaskInstanceState.QUEUED","chan":"stdout","logger":"task"}
{"timestamp":"2025-07-29T19:45:39.200043Z","level":"info","event":"Current task name:python","chan":"stdout","logger":"task"}
{"timestamp":"2025-07-29T19:45:39.200175Z","level":"info","event":"Dag name:python_operator_v1","chan":"stdout","logger":"task"}
{"timestamp":"2025-07-29T19:45:39.201340Z","level":"info","event":"poliana","chan":"stdout","logger":"task"}
{"timestamp":"2025-07-29T19:45:39.201900Z","level":"info","event":"{'conn': <ConnectionAccessor (dynamic access)>,","chan":"stdout","logger":"task"}
{"timestamp":"2025-07-29T19:45:39.201994Z","level":"info","event":" 'dag': <DAG: python_operator_v1>,","chan":"stdout","logger":"task"}
{"timestamp":"2025-07-29T19:45:39.202090Z","level":"info","event":" 'dag_run': DagRun(dag_id='python_operator_v1', run_id='scheduled__2023-06-23T23:30:00+00:00', logical_date=datetime.datetime(2023, 6, 23, 23, 30, tzinfo=datetime.timezone.utc), data_interval_start=datetime.datetime(2023, 6, 23, 23, 30, tzinfo=datetime.timezone.utc), data_interval_end=datetime.datetime(2023, 6, 23, 23, 30, tzinfo=datetime.timezone.utc), run_after=datetime.datetime(2023, 6, 23, 23, 30, tzinfo=datetime.timezone.utc), start_date=datetime.datetime(2025, 7, 29, 19, 45, 38, 392768, tzinfo=datetime.timezone.utc), end_date=None, clear_number=0, run_type=<DagRunType.SCHEDULED: 'scheduled'>, conf={}, consumed_asset_events=[]),","chan":"stdout","logger":"task"}
{"timestamp":"2025-07-29T19:45:39.202147Z","level":"info","event":" 'data_interval_end': DateTime(2023, 6, 23, 23, 30, 0, tzinfo=Timezone('UTC')),","chan":"stdout","logger":"task"}
{"timestamp":"2025-07-29T19:45:39.202192Z","level":"info","event":" 'data_interval_start': DateTime(2023, 6, 23, 23, 30, 0, tzinfo=Timezone('UTC')),","chan":"stdout","logger":"task"}
{"timestamp":"2025-07-29T19:45:39.202235Z","level":"info","event":" 'ds': '2023-06-23',","chan":"stdout","logger":"task"}
{"timestamp":"2025-07-29T19:45:39.202311Z","level":"info","event":" 'ds_nodash': '20230623',","chan":"stdout","logger":"task"}
{"timestamp":"2025-07-29T19:45:39.202375Z","level":"info","event":" 'inlet_events': InletEventsAccessors(_inlets=[], _assets={}, _asset_aliases={}),","chan":"stdout","logger":"task"}
{"timestamp":"2025-07-29T19:45:39.202422Z","level":"info","event":" 'inlets': [],","chan":"stdout","logger":"task"}
{"timestamp":"2025-07-29T19:45:39.202466Z","level":"info","event":" 'logical_date': DateTime(2023, 6, 23, 23, 30, 0, tzinfo=Timezone('UTC')),","chan":"stdout","logger":"task"}
{"timestamp":"2025-07-29T19:45:39.202507Z","level":"info","event":" 'macros': <MacrosAccessor (dynamic access to macros)>,","chan":"stdout","logger":"task"}
{"timestamp":"2025-07-29T19:45:39.202548Z","level":"info","event":" 'map_index_template': None,","chan":"stdout","logger":"task"}
{"timestamp":"2025-07-29T19:45:39.202590Z","level":"info","event":" 'outlet_events': <airflow.sdk.execution_time.context.OutletEventAccessors object at 0x7fb677b36600>,","chan":"stdout","logger":"task"}
{"timestamp":"2025-07-29T19:45:39.202630Z","level":"info","event":" 'outlets': [],","chan":"stdout","logger":"task"}
{"timestamp":"2025-07-29T19:45:39.202671Z","level":"info","event":" 'params': {},","chan":"stdout","logger":"task"}
{"timestamp":"2025-07-29T19:45:39.210986Z","level":"info","event":" 'prev_data_interval_end_success': <Proxy at 0x7fb66fdbda00 with factory <function RuntimeTaskInstance.get_template_context.<locals>.<lambda> at 0x7fb66fdf0720>>,","chan":"stdout","logger":"task"}
{"timestamp":"2025-07-29T19:45:39.211158Z","level":"info","event":" 'prev_data_interval_start_success': <Proxy at 0x7fb66fdbf530 with factory <function RuntimeTaskInstance.get_template_context.<locals>.<lambda> at 0x7fb66fddb560>>,","chan":"stdout","logger":"task"}
{"timestamp":"2025-07-29T19:45:39.211225Z","level":"info","event":" 'prev_end_date_success': <Proxy at 0x7fb66fdbf230 with factory <function RuntimeTaskInstance.get_template_context.<locals>.<lambda> at 0x7fb66fddaf20>>,","chan":"stdout","logger":"task"}
{"timestamp":"2025-07-29T19:45:39.211272Z","level":"info","event":" 'prev_start_date_success': <Proxy at 0x7fb66fdbf1a0 with factory <function RuntimeTaskInstance.get_template_context.<locals>.<lambda> at 0x7fb66fddb420>>,","chan":"stdout","logger":"task"}
{"timestamp":"2025-07-29T19:45:39.211315Z","level":"info","event":" 'run_id': 'scheduled__2023-06-23T23:30:00+00:00',","chan":"stdout","logger":"task"}
{"timestamp":"2025-07-29T19:45:39.211357Z","level":"info","event":" 'task': <Task(PythonOperator): python>,","chan":"stdout","logger":"task"}
{"timestamp":"2025-07-29T19:45:39.211400Z","level":"info","event":" 'task_instance': RuntimeTaskInstance(id=UUID('019857b8-144d-7317-a84e-6fbe77feba81'), task_id='python', dag_id='python_operator_v1', run_id='scheduled__2023-06-23T23:30:00+00:00', try_number=1, map_index=-1, hostname='bf6f1e7a6f11', context_carrier={}, task=<Task(PythonOperator): python>, bundle_instance=LocalDagBundle(name=dags-folder), max_tries=0, start_date=datetime.datetime(2025, 7, 29, 19, 45, 38, 720940, tzinfo=datetime.timezone.utc), end_date=None, state=<TaskInstanceState.RUNNING: 'running'>, is_mapped=False, rendered_map_index=None, log_url='http://localhost:8080/dags/python_operator_v1/runs/scheduled__2023-06-23T23%3A30%3A00%2B00%3A00/tasks/python?try_number=1'),","chan":"stdout","logger":"task"}
{"timestamp":"2025-07-29T19:45:39.211445Z","level":"info","event":" 'task_instance_key_str': 'python_operator_v1__python__20230623',","chan":"stdout","logger":"task"}
{"timestamp":"2025-07-29T19:45:39.211487Z","level":"info","event":" 'task_reschedule_count': 0,","chan":"stdout","logger":"task"}
{"timestamp":"2025-07-29T19:45:39.211527Z","level":"info","event":" 'templates_dict': None,","chan":"stdout","logger":"task"}
{"timestamp":"2025-07-29T19:45:39.211568Z","level":"info","event":" 'ti': RuntimeTaskInstance(id=UUID('019857b8-144d-7317-a84e-6fbe77feba81'), task_id='python', dag_id='python_operator_v1', run_id='scheduled__2023-06-23T23:30:00+00:00', try_number=1, map_index=-1, hostname='bf6f1e7a6f11', context_carrier={}, task=<Task(PythonOperator): python>, bundle_instance=LocalDagBundle(name=dags-folder), max_tries=0, start_date=datetime.datetime(2025, 7, 29, 19, 45, 38, 720940, tzinfo=datetime.timezone.utc), end_date=None, state=<TaskInstanceState.RUNNING: 'running'>, is_mapped=False, rendered_map_index=None, log_url='http://localhost:8080/dags/python_operator_v1/runs/scheduled__2023-06-23T23%3A30%3A00%2B00%3A00/tasks/python?try_number=1'),","chan":"stdout","logger":"task"}
{"timestamp":"2025-07-29T19:45:39.211634Z","level":"info","event":" 'triggering_asset_events': TriggeringAssetEventsAccessor(_events=defaultdict(<class 'list'>, {})),","chan":"stdout","logger":"task"}
{"timestamp":"2025-07-29T19:45:39.211680Z","level":"info","event":" 'ts': '2023-06-23T23:30:00+00:00',","chan":"stdout","logger":"task"}
{"timestamp":"2025-07-29T19:45:39.211721Z","level":"info","event":" 'ts_nodash': '20230623T233000',","chan":"stdout","logger":"task"}
{"timestamp":"2025-07-29T19:45:39.211761Z","level":"info","event":" 'ts_nodash_with_tz': '20230623T233000+0000',","chan":"stdout","logger":"task"}
{"timestamp":"2025-07-29T19:45:39.211801Z","level":"info","event":" 'var': {'json': <VariableAccessor (dynamic access)>,","chan":"stdout","logger":"task"}
{"timestamp":"2025-07-29T19:45:39.211841Z","level":"info","event":"         'value': <VariableAccessor (dynamic access)>}}","chan":"stdout","logger":"task"}
{"timestamp":"2025-07-29T19:45:39.211618","level":"info","event":"Done. Returned value was: 123","logger":"airflow.task.operators.airflow.providers.standard.operators.python.PythonOperator"}
{"timestamp":"2025-07-29T19:45:39.211783","level":"info","event":"Pushing xcom","ti":"RuntimeTaskInstance(id=UUID('019857b8-144d-7317-a84e-6fbe77feba81'), task_id='python', dag_id='python_operator_v1', run_id='scheduled__2023-06-23T23:30:00+00:00', try_number=1, map_index=-1, hostname='bf6f1e7a6f11', context_carrier={}, task=<Task(PythonOperator): python>, bundle_instance=LocalDagBundle(name=dags-folder), max_tries=0, start_date=datetime.datetime(2025, 7, 29, 19, 45, 38, 720940, tzinfo=datetime.timezone.utc), end_date=None, state=<TaskInstanceState.RUNNING: 'running'>, is_mapped=False, rendered_map_index=None, log_url='http://localhost:8080/dags/python_operator_v1/runs/scheduled__2023-06-23T23%3A30%3A00%2B00%3A00/tasks/python?try_number=1')","logger":"task"}
{"timestamp":"2025-07-29T19:45:39.232976Z","level":"info","event":"Task instance in success state","chan":"stdout","logger":"task"}
{"timestamp":"2025-07-29T19:45:39.233164Z","level":"info","event":" Previous state of the Task instance: TaskInstanceState.RUNNING","chan":"stdout","logger":"task"}
{"timestamp":"2025-07-29T19:45:39.233259Z","level":"info","event":"Task operator:<Task(PythonOperator): python>","chan":"stdout","logger":"task"}
