{"timestamp":"2025-07-29T19:22:27.646977","level":"info","event":"DAG bundles loaded: dags-folder, example_dags","logger":"airflow.dag_processing.bundles.manager.DagBundlesManager"}
{"timestamp":"2025-07-29T19:22:27.647542","level":"info","event":"Filling up the DagBag from /opt/airflow/dags/python_operator_v1.py","logger":"airflow.models.dagbag.DagBag"}
{"timestamp":"2025-07-29T19:22:27.697425Z","level":"info","event":"Task instance is in running state","chan":"stdout","logger":"task"}
{"timestamp":"2025-07-29T19:22:27.697658Z","level":"info","event":" Previous state of the Task instance: TaskInstanceState.QUEUED","chan":"stdout","logger":"task"}
{"timestamp":"2025-07-29T19:22:27.698442Z","level":"info","event":"Current task name:python","chan":"stdout","logger":"task"}
{"timestamp":"2025-07-29T19:22:27.698611Z","level":"info","event":"Dag name:python_operator_v1","chan":"stdout","logger":"task"}
{"timestamp":"2025-07-29T19:22:27.700548Z","level":"info","event":"poliana","chan":"stdout","logger":"task"}
{"timestamp":"2025-07-29T19:22:27.701354Z","level":"info","event":"{'conn': <ConnectionAccessor (dynamic access)>,","chan":"stdout","logger":"task"}
{"timestamp":"2025-07-29T19:22:27.701505Z","level":"info","event":" 'dag': <DAG: python_operator_v1>,","chan":"stdout","logger":"task"}
{"timestamp":"2025-07-29T19:22:27.701672Z","level":"info","event":" 'dag_run': DagRun(dag_id='python_operator_v1', run_id='scheduled__2023-06-22T22:02:00+00:00', logical_date=datetime.datetime(2023, 6, 22, 22, 2, tzinfo=datetime.timezone.utc), data_interval_start=datetime.datetime(2023, 6, 22, 22, 2, tzinfo=datetime.timezone.utc), data_interval_end=datetime.datetime(2023, 6, 22, 22, 2, tzinfo=datetime.timezone.utc), run_after=datetime.datetime(2023, 6, 22, 22, 2, tzinfo=datetime.timezone.utc), start_date=datetime.datetime(2025, 7, 29, 19, 22, 26, 884349, tzinfo=datetime.timezone.utc), end_date=None, clear_number=0, run_type=<DagRunType.SCHEDULED: 'scheduled'>, conf={}, consumed_asset_events=[]),","chan":"stdout","logger":"task"}
{"timestamp":"2025-07-29T19:22:27.701782Z","level":"info","event":" 'data_interval_end': DateTime(2023, 6, 22, 22, 2, 0, tzinfo=Timezone('UTC')),","chan":"stdout","logger":"task"}
{"timestamp":"2025-07-29T19:22:27.701888Z","level":"info","event":" 'data_interval_start': DateTime(2023, 6, 22, 22, 2, 0, tzinfo=Timezone('UTC')),","chan":"stdout","logger":"task"}
{"timestamp":"2025-07-29T19:22:27.701970Z","level":"info","event":" 'ds': '2023-06-22',","chan":"stdout","logger":"task"}
{"timestamp":"2025-07-29T19:22:27.702043Z","level":"info","event":" 'ds_nodash': '20230622',","chan":"stdout","logger":"task"}
{"timestamp":"2025-07-29T19:22:27.702114Z","level":"info","event":" 'inlet_events': InletEventsAccessors(_inlets=[], _assets={}, _asset_aliases={}),","chan":"stdout","logger":"task"}
{"timestamp":"2025-07-29T19:22:27.702187Z","level":"info","event":" 'inlets': [],","chan":"stdout","logger":"task"}
{"timestamp":"2025-07-29T19:22:27.702260Z","level":"info","event":" 'logical_date': DateTime(2023, 6, 22, 22, 2, 0, tzinfo=Timezone('UTC')),","chan":"stdout","logger":"task"}
{"timestamp":"2025-07-29T19:22:27.702334Z","level":"info","event":" 'macros': <MacrosAccessor (dynamic access to macros)>,","chan":"stdout","logger":"task"}
{"timestamp":"2025-07-29T19:22:27.702382Z","level":"info","event":" 'map_index_template': None,","chan":"stdout","logger":"task"}
{"timestamp":"2025-07-29T19:22:27.702425Z","level":"info","event":" 'outlet_events': <airflow.sdk.execution_time.context.OutletEventAccessors object at 0x7fb677aa7a70>,","chan":"stdout","logger":"task"}
{"timestamp":"2025-07-29T19:22:27.702466Z","level":"info","event":" 'outlets': [],","chan":"stdout","logger":"task"}
{"timestamp":"2025-07-29T19:22:27.702526Z","level":"info","event":" 'params': {},","chan":"stdout","logger":"task"}
{"timestamp":"2025-07-29T19:22:27.714302Z","level":"info","event":" 'prev_data_interval_end_success': <Proxy at 0x7fb66fc51070 with factory <function RuntimeTaskInstance.get_template_context.<locals>.<lambda> at 0x7fb6782802c0>>,","chan":"stdout","logger":"task"}
{"timestamp":"2025-07-29T19:22:27.714504Z","level":"info","event":" 'prev_data_interval_start_success': <Proxy at 0x7fb66fc51250 with factory <function RuntimeTaskInstance.get_template_context.<locals>.<lambda> at 0x7fb6782819e0>>,","chan":"stdout","logger":"task"}
{"timestamp":"2025-07-29T19:22:27.714577Z","level":"info","event":" 'prev_end_date_success': <Proxy at 0x7fb67ebe6b70 with factory <function RuntimeTaskInstance.get_template_context.<locals>.<lambda> at 0x7fb678281a80>>,","chan":"stdout","logger":"task"}
{"timestamp":"2025-07-29T19:22:27.714646Z","level":"info","event":" 'prev_start_date_success': <Proxy at 0x7fb67cb265d0 with factory <function RuntimeTaskInstance.get_template_context.<locals>.<lambda> at 0x7fb6782807c0>>,","chan":"stdout","logger":"task"}
{"timestamp":"2025-07-29T19:22:27.714714Z","level":"info","event":" 'run_id': 'scheduled__2023-06-22T22:02:00+00:00',","chan":"stdout","logger":"task"}
{"timestamp":"2025-07-29T19:22:27.714784Z","level":"info","event":" 'task': <Task(PythonOperator): python>,","chan":"stdout","logger":"task"}
{"timestamp":"2025-07-29T19:22:27.714898Z","level":"info","event":" 'task_instance': RuntimeTaskInstance(id=UUID('019857a2-d8c0-7759-a7c1-a8f141458fc1'), task_id='python', dag_id='python_operator_v1', run_id='scheduled__2023-06-22T22:02:00+00:00', try_number=1, map_index=-1, hostname='bf6f1e7a6f11', context_carrier={}, task=<Task(PythonOperator): python>, bundle_instance=LocalDagBundle(name=dags-folder), max_tries=0, start_date=datetime.datetime(2025, 7, 29, 19, 22, 27, 81743, tzinfo=datetime.timezone.utc), end_date=None, state=<TaskInstanceState.RUNNING: 'running'>, is_mapped=False, rendered_map_index=None, log_url='http://localhost:8080/dags/python_operator_v1/runs/scheduled__2023-06-22T22%3A02%3A00%2B00%3A00/tasks/python?try_number=1'),","chan":"stdout","logger":"task"}
{"timestamp":"2025-07-29T19:22:27.714983Z","level":"info","event":" 'task_instance_key_str': 'python_operator_v1__python__20230622',","chan":"stdout","logger":"task"}
{"timestamp":"2025-07-29T19:22:27.715053Z","level":"info","event":" 'task_reschedule_count': 0,","chan":"stdout","logger":"task"}
{"timestamp":"2025-07-29T19:22:27.715101Z","level":"info","event":" 'templates_dict': None,","chan":"stdout","logger":"task"}
{"timestamp":"2025-07-29T19:22:27.715145Z","level":"info","event":" 'ti': RuntimeTaskInstance(id=UUID('019857a2-d8c0-7759-a7c1-a8f141458fc1'), task_id='python', dag_id='python_operator_v1', run_id='scheduled__2023-06-22T22:02:00+00:00', try_number=1, map_index=-1, hostname='bf6f1e7a6f11', context_carrier={}, task=<Task(PythonOperator): python>, bundle_instance=LocalDagBundle(name=dags-folder), max_tries=0, start_date=datetime.datetime(2025, 7, 29, 19, 22, 27, 81743, tzinfo=datetime.timezone.utc), end_date=None, state=<TaskInstanceState.RUNNING: 'running'>, is_mapped=False, rendered_map_index=None, log_url='http://localhost:8080/dags/python_operator_v1/runs/scheduled__2023-06-22T22%3A02%3A00%2B00%3A00/tasks/python?try_number=1'),","chan":"stdout","logger":"task"}
{"timestamp":"2025-07-29T19:22:27.715191Z","level":"info","event":" 'triggering_asset_events': TriggeringAssetEventsAccessor(_events=defaultdict(<class 'list'>, {})),","chan":"stdout","logger":"task"}
{"timestamp":"2025-07-29T19:22:27.715233Z","level":"info","event":" 'ts': '2023-06-22T22:02:00+00:00',","chan":"stdout","logger":"task"}
{"timestamp":"2025-07-29T19:22:27.715301Z","level":"info","event":" 'ts_nodash': '20230622T220200',","chan":"stdout","logger":"task"}
{"timestamp":"2025-07-29T19:22:27.715354Z","level":"info","event":" 'ts_nodash_with_tz': '20230622T220200+0000',","chan":"stdout","logger":"task"}
{"timestamp":"2025-07-29T19:22:27.715397Z","level":"info","event":" 'var': {'json': <VariableAccessor (dynamic access)>,","chan":"stdout","logger":"task"}
{"timestamp":"2025-07-29T19:22:27.715439Z","level":"info","event":"         'value': <VariableAccessor (dynamic access)>}}","chan":"stdout","logger":"task"}
{"timestamp":"2025-07-29T19:22:27.715376","level":"info","event":"Done. Returned value was: 123","logger":"airflow.task.operators.airflow.providers.standard.operators.python.PythonOperator"}
{"timestamp":"2025-07-29T19:22:27.715624","level":"info","event":"Pushing xcom","ti":"RuntimeTaskInstance(id=UUID('019857a2-d8c0-7759-a7c1-a8f141458fc1'), task_id='python', dag_id='python_operator_v1', run_id='scheduled__2023-06-22T22:02:00+00:00', try_number=1, map_index=-1, hostname='bf6f1e7a6f11', context_carrier={}, task=<Task(PythonOperator): python>, bundle_instance=LocalDagBundle(name=dags-folder), max_tries=0, start_date=datetime.datetime(2025, 7, 29, 19, 22, 27, 81743, tzinfo=datetime.timezone.utc), end_date=None, state=<TaskInstanceState.RUNNING: 'running'>, is_mapped=False, rendered_map_index=None, log_url='http://localhost:8080/dags/python_operator_v1/runs/scheduled__2023-06-22T22%3A02%3A00%2B00%3A00/tasks/python?try_number=1')","logger":"task"}
{"timestamp":"2025-07-29T19:22:27.739616Z","level":"info","event":"Task instance in success state","chan":"stdout","logger":"task"}
{"timestamp":"2025-07-29T19:22:27.739765Z","level":"info","event":" Previous state of the Task instance: TaskInstanceState.RUNNING","chan":"stdout","logger":"task"}
{"timestamp":"2025-07-29T19:22:27.739901Z","level":"info","event":"Task operator:<Task(PythonOperator): python>","chan":"stdout","logger":"task"}
