{"timestamp":"2025-07-29T19:20:46.253856","level":"info","event":"DAG bundles loaded: dags-folder, example_dags","logger":"airflow.dag_processing.bundles.manager.DagBundlesManager"}
{"timestamp":"2025-07-29T19:20:46.254865","level":"info","event":"Filling up the DagBag from /opt/airflow/dags/python_operator_v1.py","logger":"airflow.models.dagbag.DagBag"}
{"timestamp":"2025-07-29T19:20:46.283919Z","level":"info","event":"Task instance is in running state","chan":"stdout","logger":"task"}
{"timestamp":"2025-07-29T19:20:46.284188Z","level":"info","event":" Previous state of the Task instance: TaskInstanceState.QUEUED","chan":"stdout","logger":"task"}
{"timestamp":"2025-07-29T19:20:46.285018Z","level":"info","event":"Current task name:python","chan":"stdout","logger":"task"}
{"timestamp":"2025-07-29T19:20:46.285240Z","level":"info","event":"Dag name:python_operator_v1","chan":"stdout","logger":"task"}
{"timestamp":"2025-07-29T19:20:46.286914Z","level":"info","event":"poliana","chan":"stdout","logger":"task"}
{"timestamp":"2025-07-29T19:20:46.287564Z","level":"info","event":"{'conn': <ConnectionAccessor (dynamic access)>,","chan":"stdout","logger":"task"}
{"timestamp":"2025-07-29T19:20:46.287713Z","level":"info","event":" 'dag': <DAG: python_operator_v1>,","chan":"stdout","logger":"task"}
{"timestamp":"2025-07-29T19:20:46.287868Z","level":"info","event":" 'dag_run': DagRun(dag_id='python_operator_v1', run_id='scheduled__2023-06-22T20:18:00+00:00', logical_date=datetime.datetime(2023, 6, 22, 20, 18, tzinfo=datetime.timezone.utc), data_interval_start=datetime.datetime(2023, 6, 22, 20, 18, tzinfo=datetime.timezone.utc), data_interval_end=datetime.datetime(2023, 6, 22, 20, 18, tzinfo=datetime.timezone.utc), run_after=datetime.datetime(2023, 6, 22, 20, 18, tzinfo=datetime.timezone.utc), start_date=datetime.datetime(2025, 7, 29, 19, 20, 45, 131413, tzinfo=datetime.timezone.utc), end_date=None, clear_number=0, run_type=<DagRunType.SCHEDULED: 'scheduled'>, conf={}, consumed_asset_events=[]),","chan":"stdout","logger":"task"}
{"timestamp":"2025-07-29T19:20:46.287963Z","level":"info","event":" 'data_interval_end': DateTime(2023, 6, 22, 20, 18, 0, tzinfo=Timezone('UTC')),","chan":"stdout","logger":"task"}
{"timestamp":"2025-07-29T19:20:46.288035Z","level":"info","event":" 'data_interval_start': DateTime(2023, 6, 22, 20, 18, 0, tzinfo=Timezone('UTC')),","chan":"stdout","logger":"task"}
{"timestamp":"2025-07-29T19:20:46.288082Z","level":"info","event":" 'ds': '2023-06-22',","chan":"stdout","logger":"task"}
{"timestamp":"2025-07-29T19:20:46.288125Z","level":"info","event":" 'ds_nodash': '20230622',","chan":"stdout","logger":"task"}
{"timestamp":"2025-07-29T19:20:46.288167Z","level":"info","event":" 'inlet_events': InletEventsAccessors(_inlets=[], _assets={}, _asset_aliases={}),","chan":"stdout","logger":"task"}
{"timestamp":"2025-07-29T19:20:46.288209Z","level":"info","event":" 'inlets': [],","chan":"stdout","logger":"task"}
{"timestamp":"2025-07-29T19:20:46.288250Z","level":"info","event":" 'logical_date': DateTime(2023, 6, 22, 20, 18, 0, tzinfo=Timezone('UTC')),","chan":"stdout","logger":"task"}
{"timestamp":"2025-07-29T19:20:46.288291Z","level":"info","event":" 'macros': <MacrosAccessor (dynamic access to macros)>,","chan":"stdout","logger":"task"}
{"timestamp":"2025-07-29T19:20:46.288370Z","level":"info","event":" 'map_index_template': None,","chan":"stdout","logger":"task"}
{"timestamp":"2025-07-29T19:20:46.288417Z","level":"info","event":" 'outlet_events': <airflow.sdk.execution_time.context.OutletEventAccessors object at 0x7fb66fc3ba10>,","chan":"stdout","logger":"task"}
{"timestamp":"2025-07-29T19:20:46.288461Z","level":"info","event":" 'outlets': [],","chan":"stdout","logger":"task"}
{"timestamp":"2025-07-29T19:20:46.288502Z","level":"info","event":" 'params': {},","chan":"stdout","logger":"task"}
{"timestamp":"2025-07-29T19:20:46.305401Z","level":"info","event":" 'prev_data_interval_end_success': <Proxy at 0x7fb66fc557f0 with factory <function RuntimeTaskInstance.get_template_context.<locals>.<lambda> at 0x7fb678284220>>,","chan":"stdout","logger":"task"}
{"timestamp":"2025-07-29T19:20:46.305730Z","level":"info","event":" 'prev_data_interval_start_success': <Proxy at 0x7fb66fc54ef0 with factory <function RuntimeTaskInstance.get_template_context.<locals>.<lambda> at 0x7fb6782856c0>>,","chan":"stdout","logger":"task"}
{"timestamp":"2025-07-29T19:20:46.305856Z","level":"info","event":" 'prev_end_date_success': <Proxy at 0x7fb66fc552b0 with factory <function RuntimeTaskInstance.get_template_context.<locals>.<lambda> at 0x7fb678285760>>,","chan":"stdout","logger":"task"}
{"timestamp":"2025-07-29T19:20:46.305937Z","level":"info","event":" 'prev_start_date_success': <Proxy at 0x7fb66fc553d0 with factory <function RuntimeTaskInstance.get_template_context.<locals>.<lambda> at 0x7fb6782844a0>>,","chan":"stdout","logger":"task"}
{"timestamp":"2025-07-29T19:20:46.306012Z","level":"info","event":" 'run_id': 'scheduled__2023-06-22T20:18:00+00:00',","chan":"stdout","logger":"task"}
{"timestamp":"2025-07-29T19:20:46.306084Z","level":"info","event":" 'task': <Task(PythonOperator): python>,","chan":"stdout","logger":"task"}
{"timestamp":"2025-07-29T19:20:46.306158Z","level":"info","event":" 'task_instance': RuntimeTaskInstance(id=UUID('019857a1-4b41-736b-992d-086b9735c9d8'), task_id='python', dag_id='python_operator_v1', run_id='scheduled__2023-06-22T20:18:00+00:00', try_number=1, map_index=-1, hostname='bf6f1e7a6f11', context_carrier={}, task=<Task(PythonOperator): python>, bundle_instance=LocalDagBundle(name=dags-folder), max_tries=0, start_date=datetime.datetime(2025, 7, 29, 19, 20, 45, 543334, tzinfo=datetime.timezone.utc), end_date=None, state=<TaskInstanceState.RUNNING: 'running'>, is_mapped=False, rendered_map_index=None, log_url='http://localhost:8080/dags/python_operator_v1/runs/scheduled__2023-06-22T20%3A18%3A00%2B00%3A00/tasks/python?try_number=1'),","chan":"stdout","logger":"task"}
{"timestamp":"2025-07-29T19:20:46.306214Z","level":"info","event":" 'task_instance_key_str': 'python_operator_v1__python__20230622',","chan":"stdout","logger":"task"}
{"timestamp":"2025-07-29T19:20:46.306258Z","level":"info","event":" 'task_reschedule_count': 0,","chan":"stdout","logger":"task"}
{"timestamp":"2025-07-29T19:20:46.306342Z","level":"info","event":" 'templates_dict': None,","chan":"stdout","logger":"task"}
{"timestamp":"2025-07-29T19:20:46.306388Z","level":"info","event":" 'ti': RuntimeTaskInstance(id=UUID('019857a1-4b41-736b-992d-086b9735c9d8'), task_id='python', dag_id='python_operator_v1', run_id='scheduled__2023-06-22T20:18:00+00:00', try_number=1, map_index=-1, hostname='bf6f1e7a6f11', context_carrier={}, task=<Task(PythonOperator): python>, bundle_instance=LocalDagBundle(name=dags-folder), max_tries=0, start_date=datetime.datetime(2025, 7, 29, 19, 20, 45, 543334, tzinfo=datetime.timezone.utc), end_date=None, state=<TaskInstanceState.RUNNING: 'running'>, is_mapped=False, rendered_map_index=None, log_url='http://localhost:8080/dags/python_operator_v1/runs/scheduled__2023-06-22T20%3A18%3A00%2B00%3A00/tasks/python?try_number=1'),","chan":"stdout","logger":"task"}
{"timestamp":"2025-07-29T19:20:46.306486Z","level":"info","event":" 'triggering_asset_events': TriggeringAssetEventsAccessor(_events=defaultdict(<class 'list'>, {})),","chan":"stdout","logger":"task"}
{"timestamp":"2025-07-29T19:20:46.306535Z","level":"info","event":" 'ts': '2023-06-22T20:18:00+00:00',","chan":"stdout","logger":"task"}
{"timestamp":"2025-07-29T19:20:46.306577Z","level":"info","event":" 'ts_nodash': '20230622T201800',","chan":"stdout","logger":"task"}
{"timestamp":"2025-07-29T19:20:46.306618Z","level":"info","event":" 'ts_nodash_with_tz': '20230622T201800+0000',","chan":"stdout","logger":"task"}
{"timestamp":"2025-07-29T19:20:46.306658Z","level":"info","event":" 'var': {'json': <VariableAccessor (dynamic access)>,","chan":"stdout","logger":"task"}
{"timestamp":"2025-07-29T19:20:46.306699Z","level":"info","event":"         'value': <VariableAccessor (dynamic access)>}}","chan":"stdout","logger":"task"}
{"timestamp":"2025-07-29T19:20:46.306638","level":"info","event":"Done. Returned value was: 123","logger":"airflow.task.operators.airflow.providers.standard.operators.python.PythonOperator"}
{"timestamp":"2025-07-29T19:20:46.306916","level":"info","event":"Pushing xcom","ti":"RuntimeTaskInstance(id=UUID('019857a1-4b41-736b-992d-086b9735c9d8'), task_id='python', dag_id='python_operator_v1', run_id='scheduled__2023-06-22T20:18:00+00:00', try_number=1, map_index=-1, hostname='bf6f1e7a6f11', context_carrier={}, task=<Task(PythonOperator): python>, bundle_instance=LocalDagBundle(name=dags-folder), max_tries=0, start_date=datetime.datetime(2025, 7, 29, 19, 20, 45, 543334, tzinfo=datetime.timezone.utc), end_date=None, state=<TaskInstanceState.RUNNING: 'running'>, is_mapped=False, rendered_map_index=None, log_url='http://localhost:8080/dags/python_operator_v1/runs/scheduled__2023-06-22T20%3A18%3A00%2B00%3A00/tasks/python?try_number=1')","logger":"task"}
{"timestamp":"2025-07-29T19:20:46.336824Z","level":"info","event":"Task instance in success state","chan":"stdout","logger":"task"}
{"timestamp":"2025-07-29T19:20:46.336977Z","level":"info","event":" Previous state of the Task instance: TaskInstanceState.RUNNING","chan":"stdout","logger":"task"}
{"timestamp":"2025-07-29T19:20:46.337102Z","level":"info","event":"Task operator:<Task(PythonOperator): python>","chan":"stdout","logger":"task"}
