{"timestamp":"2025-07-29T19:57:53.276516","level":"info","event":"DAG bundles loaded: dags-folder, example_dags","logger":"airflow.dag_processing.bundles.manager.DagBundlesManager"}
{"timestamp":"2025-07-29T19:57:53.277312","level":"info","event":"Filling up the DagBag from /opt/airflow/dags/2_python_operator_v1.py","logger":"airflow.models.dagbag.DagBag"}
{"timestamp":"2025-07-29T19:57:53.315659Z","level":"info","event":"Task instance is in running state","chan":"stdout","logger":"task"}
{"timestamp":"2025-07-29T19:57:53.315951Z","level":"info","event":" Previous state of the Task instance: TaskInstanceState.QUEUED","chan":"stdout","logger":"task"}
{"timestamp":"2025-07-29T19:57:53.316665Z","level":"info","event":"Current task name:python","chan":"stdout","logger":"task"}
{"timestamp":"2025-07-29T19:57:53.316862Z","level":"info","event":"Dag name:python_operator_v1","chan":"stdout","logger":"task"}
{"timestamp":"2025-07-29T19:57:53.318123Z","level":"info","event":"poliana","chan":"stdout","logger":"task"}
{"timestamp":"2025-07-29T19:57:53.318832Z","level":"info","event":"{'conn': <ConnectionAccessor (dynamic access)>,","chan":"stdout","logger":"task"}
{"timestamp":"2025-07-29T19:57:53.318970Z","level":"info","event":" 'dag': <DAG: python_operator_v1>,","chan":"stdout","logger":"task"}
{"timestamp":"2025-07-29T19:57:53.319117Z","level":"info","event":" 'dag_run': DagRun(dag_id='python_operator_v1', run_id='scheduled__2023-06-24T12:25:00+00:00', logical_date=datetime.datetime(2023, 6, 24, 12, 25, tzinfo=datetime.timezone.utc), data_interval_start=datetime.datetime(2023, 6, 24, 12, 25, tzinfo=datetime.timezone.utc), data_interval_end=datetime.datetime(2023, 6, 24, 12, 25, tzinfo=datetime.timezone.utc), run_after=datetime.datetime(2023, 6, 24, 12, 25, tzinfo=datetime.timezone.utc), start_date=datetime.datetime(2025, 7, 29, 19, 57, 52, 339088, tzinfo=datetime.timezone.utc), end_date=None, clear_number=0, run_type=<DagRunType.SCHEDULED: 'scheduled'>, conf={}, consumed_asset_events=[]),","chan":"stdout","logger":"task"}
{"timestamp":"2025-07-29T19:57:53.319177Z","level":"info","event":" 'data_interval_end': DateTime(2023, 6, 24, 12, 25, 0, tzinfo=Timezone('UTC')),","chan":"stdout","logger":"task"}
{"timestamp":"2025-07-29T19:57:53.319224Z","level":"info","event":" 'data_interval_start': DateTime(2023, 6, 24, 12, 25, 0, tzinfo=Timezone('UTC')),","chan":"stdout","logger":"task"}
{"timestamp":"2025-07-29T19:57:53.319267Z","level":"info","event":" 'ds': '2023-06-24',","chan":"stdout","logger":"task"}
{"timestamp":"2025-07-29T19:57:53.319308Z","level":"info","event":" 'ds_nodash': '20230624',","chan":"stdout","logger":"task"}
{"timestamp":"2025-07-29T19:57:53.319350Z","level":"info","event":" 'inlet_events': InletEventsAccessors(_inlets=[], _assets={}, _asset_aliases={}),","chan":"stdout","logger":"task"}
{"timestamp":"2025-07-29T19:57:53.319390Z","level":"info","event":" 'inlets': [],","chan":"stdout","logger":"task"}
{"timestamp":"2025-07-29T19:57:53.319429Z","level":"info","event":" 'logical_date': DateTime(2023, 6, 24, 12, 25, 0, tzinfo=Timezone('UTC')),","chan":"stdout","logger":"task"}
{"timestamp":"2025-07-29T19:57:53.319469Z","level":"info","event":" 'macros': <MacrosAccessor (dynamic access to macros)>,","chan":"stdout","logger":"task"}
{"timestamp":"2025-07-29T19:57:53.319510Z","level":"info","event":" 'map_index_template': None,","chan":"stdout","logger":"task"}
{"timestamp":"2025-07-29T19:57:53.319550Z","level":"info","event":" 'outlet_events': <airflow.sdk.execution_time.context.OutletEventAccessors object at 0x7fb677bd6d80>,","chan":"stdout","logger":"task"}
{"timestamp":"2025-07-29T19:57:53.319591Z","level":"info","event":" 'outlets': [],","chan":"stdout","logger":"task"}
{"timestamp":"2025-07-29T19:57:53.319631Z","level":"info","event":" 'params': {},","chan":"stdout","logger":"task"}
{"timestamp":"2025-07-29T19:57:53.330500Z","level":"info","event":" 'prev_data_interval_end_success': <Proxy at 0x7fb66fc7cef0 with factory <function RuntimeTaskInstance.get_template_context.<locals>.<lambda> at 0x7fb66fc88ea0>>,","chan":"stdout","logger":"task"}
{"timestamp":"2025-07-29T19:57:53.330804Z","level":"info","event":" 'prev_data_interval_start_success': <Proxy at 0x7fb66fd55cd0 with factory <function RuntimeTaskInstance.get_template_context.<locals>.<lambda> at 0x7fb66fc8a5c0>>,","chan":"stdout","logger":"task"}
{"timestamp":"2025-07-29T19:57:53.330894Z","level":"info","event":" 'prev_end_date_success': <Proxy at 0x7fb66fe07410 with factory <function RuntimeTaskInstance.get_template_context.<locals>.<lambda> at 0x7fb66fc8a660>>,","chan":"stdout","logger":"task"}
{"timestamp":"2025-07-29T19:57:53.330946Z","level":"info","event":" 'prev_start_date_success': <Proxy at 0x7fb67cb66f00 with factory <function RuntimeTaskInstance.get_template_context.<locals>.<lambda> at 0x7fb66fc893a0>>,","chan":"stdout","logger":"task"}
{"timestamp":"2025-07-29T19:57:53.330993Z","level":"info","event":" 'run_id': 'scheduled__2023-06-24T12:25:00+00:00',","chan":"stdout","logger":"task"}
{"timestamp":"2025-07-29T19:57:53.331037Z","level":"info","event":" 'task': <Task(PythonOperator): python>,","chan":"stdout","logger":"task"}
{"timestamp":"2025-07-29T19:57:53.331082Z","level":"info","event":" 'task_instance': RuntimeTaskInstance(id=UUID('019857c3-474e-7917-ad04-b29a7aee187c'), task_id='python', dag_id='python_operator_v1', run_id='scheduled__2023-06-24T12:25:00+00:00', try_number=1, map_index=-1, hostname='bf6f1e7a6f11', context_carrier={}, task=<Task(PythonOperator): python>, bundle_instance=LocalDagBundle(name=dags-folder), max_tries=0, start_date=datetime.datetime(2025, 7, 29, 19, 57, 52, 618850, tzinfo=datetime.timezone.utc), end_date=None, state=<TaskInstanceState.RUNNING: 'running'>, is_mapped=False, rendered_map_index=None, log_url='http://localhost:8080/dags/python_operator_v1/runs/scheduled__2023-06-24T12%3A25%3A00%2B00%3A00/tasks/python?try_number=1'),","chan":"stdout","logger":"task"}
{"timestamp":"2025-07-29T19:57:53.331127Z","level":"info","event":" 'task_instance_key_str': 'python_operator_v1__python__20230624',","chan":"stdout","logger":"task"}
{"timestamp":"2025-07-29T19:57:53.331171Z","level":"info","event":" 'task_reschedule_count': 0,","chan":"stdout","logger":"task"}
{"timestamp":"2025-07-29T19:57:53.331213Z","level":"info","event":" 'templates_dict': None,","chan":"stdout","logger":"task"}
{"timestamp":"2025-07-29T19:57:53.331255Z","level":"info","event":" 'ti': RuntimeTaskInstance(id=UUID('019857c3-474e-7917-ad04-b29a7aee187c'), task_id='python', dag_id='python_operator_v1', run_id='scheduled__2023-06-24T12:25:00+00:00', try_number=1, map_index=-1, hostname='bf6f1e7a6f11', context_carrier={}, task=<Task(PythonOperator): python>, bundle_instance=LocalDagBundle(name=dags-folder), max_tries=0, start_date=datetime.datetime(2025, 7, 29, 19, 57, 52, 618850, tzinfo=datetime.timezone.utc), end_date=None, state=<TaskInstanceState.RUNNING: 'running'>, is_mapped=False, rendered_map_index=None, log_url='http://localhost:8080/dags/python_operator_v1/runs/scheduled__2023-06-24T12%3A25%3A00%2B00%3A00/tasks/python?try_number=1'),","chan":"stdout","logger":"task"}
{"timestamp":"2025-07-29T19:57:53.331297Z","level":"info","event":" 'triggering_asset_events': TriggeringAssetEventsAccessor(_events=defaultdict(<class 'list'>, {})),","chan":"stdout","logger":"task"}
{"timestamp":"2025-07-29T19:57:53.331339Z","level":"info","event":" 'ts': '2023-06-24T12:25:00+00:00',","chan":"stdout","logger":"task"}
{"timestamp":"2025-07-29T19:57:53.331380Z","level":"info","event":" 'ts_nodash': '20230624T122500',","chan":"stdout","logger":"task"}
{"timestamp":"2025-07-29T19:57:53.331420Z","level":"info","event":" 'ts_nodash_with_tz': '20230624T122500+0000',","chan":"stdout","logger":"task"}
{"timestamp":"2025-07-29T19:57:53.331507Z","level":"info","event":" 'var': {'json': <VariableAccessor (dynamic access)>,","chan":"stdout","logger":"task"}
{"timestamp":"2025-07-29T19:57:53.331588Z","level":"info","event":"         'value': <VariableAccessor (dynamic access)>}}","chan":"stdout","logger":"task"}
{"timestamp":"2025-07-29T19:57:53.331393","level":"info","event":"Done. Returned value was: 123","logger":"airflow.task.operators.airflow.providers.standard.operators.python.PythonOperator"}
{"timestamp":"2025-07-29T19:57:53.331723","level":"info","event":"Pushing xcom","ti":"RuntimeTaskInstance(id=UUID('019857c3-474e-7917-ad04-b29a7aee187c'), task_id='python', dag_id='python_operator_v1', run_id='scheduled__2023-06-24T12:25:00+00:00', try_number=1, map_index=-1, hostname='bf6f1e7a6f11', context_carrier={}, task=<Task(PythonOperator): python>, bundle_instance=LocalDagBundle(name=dags-folder), max_tries=0, start_date=datetime.datetime(2025, 7, 29, 19, 57, 52, 618850, tzinfo=datetime.timezone.utc), end_date=None, state=<TaskInstanceState.RUNNING: 'running'>, is_mapped=False, rendered_map_index=None, log_url='http://localhost:8080/dags/python_operator_v1/runs/scheduled__2023-06-24T12%3A25%3A00%2B00%3A00/tasks/python?try_number=1')","logger":"task"}
{"timestamp":"2025-07-29T19:57:53.361122Z","level":"info","event":"Task instance in success state","chan":"stdout","logger":"task"}
{"timestamp":"2025-07-29T19:57:53.361328Z","level":"info","event":" Previous state of the Task instance: TaskInstanceState.RUNNING","chan":"stdout","logger":"task"}
{"timestamp":"2025-07-29T19:57:53.361494Z","level":"info","event":"Task operator:<Task(PythonOperator): python>","chan":"stdout","logger":"task"}
