{"timestamp":"2025-07-29T19:36:22.966335","level":"info","event":"DAG bundles loaded: dags-folder, example_dags","logger":"airflow.dag_processing.bundles.manager.DagBundlesManager"}
{"timestamp":"2025-07-29T19:36:22.967380","level":"info","event":"Filling up the DagBag from /opt/airflow/dags/python_operator_v1.py","logger":"airflow.models.dagbag.DagBag"}
{"timestamp":"2025-07-29T19:36:23.028920Z","level":"info","event":"Task instance is in running state","chan":"stdout","logger":"task"}
{"timestamp":"2025-07-29T19:36:23.029192Z","level":"info","event":" Previous state of the Task instance: TaskInstanceState.QUEUED","chan":"stdout","logger":"task"}
{"timestamp":"2025-07-29T19:36:23.030312Z","level":"info","event":"Current task name:python","chan":"stdout","logger":"task"}
{"timestamp":"2025-07-29T19:36:23.030522Z","level":"info","event":"Dag name:python_operator_v1","chan":"stdout","logger":"task"}
{"timestamp":"2025-07-29T19:36:23.031872Z","level":"info","event":"poliana","chan":"stdout","logger":"task"}
{"timestamp":"2025-07-29T19:36:23.032504Z","level":"info","event":"{'conn': <ConnectionAccessor (dynamic access)>,","chan":"stdout","logger":"task"}
{"timestamp":"2025-07-29T19:36:23.032606Z","level":"info","event":" 'dag': <DAG: python_operator_v1>,","chan":"stdout","logger":"task"}
{"timestamp":"2025-07-29T19:36:23.032707Z","level":"info","event":" 'dag_run': DagRun(dag_id='python_operator_v1', run_id='scheduled__2023-06-23T13:15:00+00:00', logical_date=datetime.datetime(2023, 6, 23, 13, 15, tzinfo=datetime.timezone.utc), data_interval_start=datetime.datetime(2023, 6, 23, 13, 15, tzinfo=datetime.timezone.utc), data_interval_end=datetime.datetime(2023, 6, 23, 13, 15, tzinfo=datetime.timezone.utc), run_after=datetime.datetime(2023, 6, 23, 13, 15, tzinfo=datetime.timezone.utc), start_date=datetime.datetime(2025, 7, 29, 19, 36, 21, 783286, tzinfo=datetime.timezone.utc), end_date=None, clear_number=0, run_type=<DagRunType.SCHEDULED: 'scheduled'>, conf={}, consumed_asset_events=[]),","chan":"stdout","logger":"task"}
{"timestamp":"2025-07-29T19:36:23.032790Z","level":"info","event":" 'data_interval_end': DateTime(2023, 6, 23, 13, 15, 0, tzinfo=Timezone('UTC')),","chan":"stdout","logger":"task"}
{"timestamp":"2025-07-29T19:36:23.032847Z","level":"info","event":" 'data_interval_start': DateTime(2023, 6, 23, 13, 15, 0, tzinfo=Timezone('UTC')),","chan":"stdout","logger":"task"}
{"timestamp":"2025-07-29T19:36:23.032891Z","level":"info","event":" 'ds': '2023-06-23',","chan":"stdout","logger":"task"}
{"timestamp":"2025-07-29T19:36:23.032934Z","level":"info","event":" 'ds_nodash': '20230623',","chan":"stdout","logger":"task"}
{"timestamp":"2025-07-29T19:36:23.032994Z","level":"info","event":" 'inlet_events': InletEventsAccessors(_inlets=[], _assets={}, _asset_aliases={}),","chan":"stdout","logger":"task"}
{"timestamp":"2025-07-29T19:36:23.033045Z","level":"info","event":" 'inlets': [],","chan":"stdout","logger":"task"}
{"timestamp":"2025-07-29T19:36:23.033089Z","level":"info","event":" 'logical_date': DateTime(2023, 6, 23, 13, 15, 0, tzinfo=Timezone('UTC')),","chan":"stdout","logger":"task"}
{"timestamp":"2025-07-29T19:36:23.033131Z","level":"info","event":" 'macros': <MacrosAccessor (dynamic access to macros)>,","chan":"stdout","logger":"task"}
{"timestamp":"2025-07-29T19:36:23.033172Z","level":"info","event":" 'map_index_template': None,","chan":"stdout","logger":"task"}
{"timestamp":"2025-07-29T19:36:23.033213Z","level":"info","event":" 'outlet_events': <airflow.sdk.execution_time.context.OutletEventAccessors object at 0x7fb66fdf98e0>,","chan":"stdout","logger":"task"}
{"timestamp":"2025-07-29T19:36:23.033255Z","level":"info","event":" 'outlets': [],","chan":"stdout","logger":"task"}
{"timestamp":"2025-07-29T19:36:23.033296Z","level":"info","event":" 'params': {},","chan":"stdout","logger":"task"}
{"timestamp":"2025-07-29T19:36:23.054066Z","level":"info","event":" 'prev_data_interval_end_success': <Proxy at 0x7fb66fc8aa50 with factory <function RuntimeTaskInstance.get_template_context.<locals>.<lambda> at 0x7fb678284400>>,","chan":"stdout","logger":"task"}
{"timestamp":"2025-07-29T19:36:23.054449Z","level":"info","event":" 'prev_data_interval_start_success': <Proxy at 0x7fb66fc8ac30 with factory <function RuntimeTaskInstance.get_template_context.<locals>.<lambda> at 0x7fb678285b20>>,","chan":"stdout","logger":"task"}
{"timestamp":"2025-07-29T19:36:23.054645Z","level":"info","event":" 'prev_end_date_success': <Proxy at 0x7fb66fc8af30 with factory <function RuntimeTaskInstance.get_template_context.<locals>.<lambda> at 0x7fb678285bc0>>,","chan":"stdout","logger":"task"}
{"timestamp":"2025-07-29T19:36:23.054759Z","level":"info","event":" 'prev_start_date_success': <Proxy at 0x7fb66fc8ae70 with factory <function RuntimeTaskInstance.get_template_context.<locals>.<lambda> at 0x7fb678284900>>,","chan":"stdout","logger":"task"}
{"timestamp":"2025-07-29T19:36:23.054844Z","level":"info","event":" 'run_id': 'scheduled__2023-06-23T13:15:00+00:00',","chan":"stdout","logger":"task"}
{"timestamp":"2025-07-29T19:36:23.054924Z","level":"info","event":" 'task': <Task(PythonOperator): python>,","chan":"stdout","logger":"task"}
{"timestamp":"2025-07-29T19:36:23.054996Z","level":"info","event":" 'task_instance': RuntimeTaskInstance(id=UUID('019857af-9607-7887-afc6-1bf69f16bfa8'), task_id='python', dag_id='python_operator_v1', run_id='scheduled__2023-06-23T13:15:00+00:00', try_number=1, map_index=-1, hostname='bf6f1e7a6f11', context_carrier={}, task=<Task(PythonOperator): python>, bundle_instance=LocalDagBundle(name=dags-folder), max_tries=0, start_date=datetime.datetime(2025, 7, 29, 19, 36, 22, 210670, tzinfo=datetime.timezone.utc), end_date=None, state=<TaskInstanceState.RUNNING: 'running'>, is_mapped=False, rendered_map_index=None, log_url='http://localhost:8080/dags/python_operator_v1/runs/scheduled__2023-06-23T13%3A15%3A00%2B00%3A00/tasks/python?try_number=1'),","chan":"stdout","logger":"task"}
{"timestamp":"2025-07-29T19:36:23.055073Z","level":"info","event":" 'task_instance_key_str': 'python_operator_v1__python__20230623',","chan":"stdout","logger":"task"}
{"timestamp":"2025-07-29T19:36:23.055154Z","level":"info","event":" 'task_reschedule_count': 0,","chan":"stdout","logger":"task"}
{"timestamp":"2025-07-29T19:36:23.055293Z","level":"info","event":" 'templates_dict': None,","chan":"stdout","logger":"task"}
{"timestamp":"2025-07-29T19:36:23.055373Z","level":"info","event":" 'ti': RuntimeTaskInstance(id=UUID('019857af-9607-7887-afc6-1bf69f16bfa8'), task_id='python', dag_id='python_operator_v1', run_id='scheduled__2023-06-23T13:15:00+00:00', try_number=1, map_index=-1, hostname='bf6f1e7a6f11', context_carrier={}, task=<Task(PythonOperator): python>, bundle_instance=LocalDagBundle(name=dags-folder), max_tries=0, start_date=datetime.datetime(2025, 7, 29, 19, 36, 22, 210670, tzinfo=datetime.timezone.utc), end_date=None, state=<TaskInstanceState.RUNNING: 'running'>, is_mapped=False, rendered_map_index=None, log_url='http://localhost:8080/dags/python_operator_v1/runs/scheduled__2023-06-23T13%3A15%3A00%2B00%3A00/tasks/python?try_number=1'),","chan":"stdout","logger":"task"}
{"timestamp":"2025-07-29T19:36:23.055700Z","level":"info","event":" 'triggering_asset_events': TriggeringAssetEventsAccessor(_events=defaultdict(<class 'list'>, {})),","chan":"stdout","logger":"task"}
{"timestamp":"2025-07-29T19:36:23.055850Z","level":"info","event":" 'ts': '2023-06-23T13:15:00+00:00',","chan":"stdout","logger":"task"}
{"timestamp":"2025-07-29T19:36:23.055937Z","level":"info","event":" 'ts_nodash': '20230623T131500',","chan":"stdout","logger":"task"}
{"timestamp":"2025-07-29T19:36:23.056005Z","level":"info","event":" 'ts_nodash_with_tz': '20230623T131500+0000',","chan":"stdout","logger":"task"}
{"timestamp":"2025-07-29T19:36:23.056069Z","level":"info","event":" 'var': {'json': <VariableAccessor (dynamic access)>,","chan":"stdout","logger":"task"}
{"timestamp":"2025-07-29T19:36:23.056157Z","level":"info","event":"         'value': <VariableAccessor (dynamic access)>}}","chan":"stdout","logger":"task"}
{"timestamp":"2025-07-29T19:36:23.055814","level":"info","event":"Done. Returned value was: 123","logger":"airflow.task.operators.airflow.providers.standard.operators.python.PythonOperator"}
{"timestamp":"2025-07-29T19:36:23.056291","level":"info","event":"Pushing xcom","ti":"RuntimeTaskInstance(id=UUID('019857af-9607-7887-afc6-1bf69f16bfa8'), task_id='python', dag_id='python_operator_v1', run_id='scheduled__2023-06-23T13:15:00+00:00', try_number=1, map_index=-1, hostname='bf6f1e7a6f11', context_carrier={}, task=<Task(PythonOperator): python>, bundle_instance=LocalDagBundle(name=dags-folder), max_tries=0, start_date=datetime.datetime(2025, 7, 29, 19, 36, 22, 210670, tzinfo=datetime.timezone.utc), end_date=None, state=<TaskInstanceState.RUNNING: 'running'>, is_mapped=False, rendered_map_index=None, log_url='http://localhost:8080/dags/python_operator_v1/runs/scheduled__2023-06-23T13%3A15%3A00%2B00%3A00/tasks/python?try_number=1')","logger":"task"}
{"timestamp":"2025-07-29T19:36:23.103530Z","level":"info","event":"Task instance in success state","chan":"stdout","logger":"task"}
{"timestamp":"2025-07-29T19:36:23.103757Z","level":"info","event":" Previous state of the Task instance: TaskInstanceState.RUNNING","chan":"stdout","logger":"task"}
{"timestamp":"2025-07-29T19:36:23.104018Z","level":"info","event":"Task operator:<Task(PythonOperator): python>","chan":"stdout","logger":"task"}
