{"timestamp":"2025-07-29T19:50:02.379473","level":"info","event":"DAG bundles loaded: dags-folder, example_dags","logger":"airflow.dag_processing.bundles.manager.DagBundlesManager"}
{"timestamp":"2025-07-29T19:50:02.380363","level":"info","event":"Filling up the DagBag from /opt/airflow/dags/2_python_operator_v1.py","logger":"airflow.models.dagbag.DagBag"}
{"timestamp":"2025-07-29T19:50:02.416847Z","level":"info","event":"Task instance is in running state","chan":"stdout","logger":"task"}
{"timestamp":"2025-07-29T19:50:02.417252Z","level":"info","event":" Previous state of the Task instance: TaskInstanceState.QUEUED","chan":"stdout","logger":"task"}
{"timestamp":"2025-07-29T19:50:02.418861Z","level":"info","event":"Current task name:python","chan":"stdout","logger":"task"}
{"timestamp":"2025-07-29T19:50:02.419201Z","level":"info","event":"Dag name:python_operator_v1","chan":"stdout","logger":"task"}
{"timestamp":"2025-07-29T19:50:02.421801Z","level":"info","event":"poliana","chan":"stdout","logger":"task"}
{"timestamp":"2025-07-29T19:50:02.422723Z","level":"info","event":"{'conn': <ConnectionAccessor (dynamic access)>,","chan":"stdout","logger":"task"}
{"timestamp":"2025-07-29T19:50:02.422916Z","level":"info","event":" 'dag': <DAG: python_operator_v1>,","chan":"stdout","logger":"task"}
{"timestamp":"2025-07-29T19:50:02.423105Z","level":"info","event":" 'dag_run': DagRun(dag_id='python_operator_v1', run_id='scheduled__2023-06-24T04:01:00+00:00', logical_date=datetime.datetime(2023, 6, 24, 4, 1, tzinfo=datetime.timezone.utc), data_interval_start=datetime.datetime(2023, 6, 24, 4, 1, tzinfo=datetime.timezone.utc), data_interval_end=datetime.datetime(2023, 6, 24, 4, 1, tzinfo=datetime.timezone.utc), run_after=datetime.datetime(2023, 6, 24, 4, 1, tzinfo=datetime.timezone.utc), start_date=datetime.datetime(2025, 7, 29, 19, 50, 1, 2836, tzinfo=datetime.timezone.utc), end_date=None, clear_number=0, run_type=<DagRunType.SCHEDULED: 'scheduled'>, conf={}, consumed_asset_events=[]),","chan":"stdout","logger":"task"}
{"timestamp":"2025-07-29T19:50:02.423239Z","level":"info","event":" 'data_interval_end': DateTime(2023, 6, 24, 4, 1, 0, tzinfo=Timezone('UTC')),","chan":"stdout","logger":"task"}
{"timestamp":"2025-07-29T19:50:02.423325Z","level":"info","event":" 'data_interval_start': DateTime(2023, 6, 24, 4, 1, 0, tzinfo=Timezone('UTC')),","chan":"stdout","logger":"task"}
{"timestamp":"2025-07-29T19:50:02.423403Z","level":"info","event":" 'ds': '2023-06-24',","chan":"stdout","logger":"task"}
{"timestamp":"2025-07-29T19:50:02.423477Z","level":"info","event":" 'ds_nodash': '20230624',","chan":"stdout","logger":"task"}
{"timestamp":"2025-07-29T19:50:02.423550Z","level":"info","event":" 'inlet_events': InletEventsAccessors(_inlets=[], _assets={}, _asset_aliases={}),","chan":"stdout","logger":"task"}
{"timestamp":"2025-07-29T19:50:02.423622Z","level":"info","event":" 'inlets': [],","chan":"stdout","logger":"task"}
{"timestamp":"2025-07-29T19:50:02.423696Z","level":"info","event":" 'logical_date': DateTime(2023, 6, 24, 4, 1, 0, tzinfo=Timezone('UTC')),","chan":"stdout","logger":"task"}
{"timestamp":"2025-07-29T19:50:02.423766Z","level":"info","event":" 'macros': <MacrosAccessor (dynamic access to macros)>,","chan":"stdout","logger":"task"}
{"timestamp":"2025-07-29T19:50:02.423841Z","level":"info","event":" 'map_index_template': None,","chan":"stdout","logger":"task"}
{"timestamp":"2025-07-29T19:50:02.423909Z","level":"info","event":" 'outlet_events': <airflow.sdk.execution_time.context.OutletEventAccessors object at 0x7fb67c9c7f20>,","chan":"stdout","logger":"task"}
{"timestamp":"2025-07-29T19:50:02.423975Z","level":"info","event":" 'outlets': [],","chan":"stdout","logger":"task"}
{"timestamp":"2025-07-29T19:50:02.424038Z","level":"info","event":" 'params': {},","chan":"stdout","logger":"task"}
{"timestamp":"2025-07-29T19:50:02.437997Z","level":"info","event":" 'prev_data_interval_end_success': <Proxy at 0x7fb66fdf4680 with factory <function RuntimeTaskInstance.get_template_context.<locals>.<lambda> at 0x7fb678284040>>,","chan":"stdout","logger":"task"}
{"timestamp":"2025-07-29T19:50:02.438265Z","level":"info","event":" 'prev_data_interval_start_success': <Proxy at 0x7fb66fdf4890 with factory <function RuntimeTaskInstance.get_template_context.<locals>.<lambda> at 0x7fb678285760>>,","chan":"stdout","logger":"task"}
{"timestamp":"2025-07-29T19:50:02.438414Z","level":"info","event":" 'prev_end_date_success': <Proxy at 0x7fb66fdf4a40 with factory <function RuntimeTaskInstance.get_template_context.<locals>.<lambda> at 0x7fb678285800>>,","chan":"stdout","logger":"task"}
{"timestamp":"2025-07-29T19:50:02.438509Z","level":"info","event":" 'prev_start_date_success': <Proxy at 0x7fb66fdf4bc0 with factory <function RuntimeTaskInstance.get_template_context.<locals>.<lambda> at 0x7fb678284540>>,","chan":"stdout","logger":"task"}
{"timestamp":"2025-07-29T19:50:02.438585Z","level":"info","event":" 'run_id': 'scheduled__2023-06-24T04:01:00+00:00',","chan":"stdout","logger":"task"}
{"timestamp":"2025-07-29T19:50:02.438659Z","level":"info","event":" 'task': <Task(PythonOperator): python>,","chan":"stdout","logger":"task"}
{"timestamp":"2025-07-29T19:50:02.438732Z","level":"info","event":" 'task_instance': RuntimeTaskInstance(id=UUID('019857bc-1619-72ae-8e87-583249915d9c'), task_id='python', dag_id='python_operator_v1', run_id='scheduled__2023-06-24T04:01:00+00:00', try_number=1, map_index=-1, hostname='bf6f1e7a6f11', context_carrier={}, task=<Task(PythonOperator): python>, bundle_instance=LocalDagBundle(name=dags-folder), max_tries=0, start_date=datetime.datetime(2025, 7, 29, 19, 50, 1, 883394, tzinfo=datetime.timezone.utc), end_date=None, state=<TaskInstanceState.RUNNING: 'running'>, is_mapped=False, rendered_map_index=None, log_url='http://localhost:8080/dags/python_operator_v1/runs/scheduled__2023-06-24T04%3A01%3A00%2B00%3A00/tasks/python?try_number=1'),","chan":"stdout","logger":"task"}
{"timestamp":"2025-07-29T19:50:02.438801Z","level":"info","event":" 'task_instance_key_str': 'python_operator_v1__python__20230624',","chan":"stdout","logger":"task"}
{"timestamp":"2025-07-29T19:50:02.438865Z","level":"info","event":" 'task_reschedule_count': 0,","chan":"stdout","logger":"task"}
{"timestamp":"2025-07-29T19:50:02.438927Z","level":"info","event":" 'templates_dict': None,","chan":"stdout","logger":"task"}
{"timestamp":"2025-07-29T19:50:02.438988Z","level":"info","event":" 'ti': RuntimeTaskInstance(id=UUID('019857bc-1619-72ae-8e87-583249915d9c'), task_id='python', dag_id='python_operator_v1', run_id='scheduled__2023-06-24T04:01:00+00:00', try_number=1, map_index=-1, hostname='bf6f1e7a6f11', context_carrier={}, task=<Task(PythonOperator): python>, bundle_instance=LocalDagBundle(name=dags-folder), max_tries=0, start_date=datetime.datetime(2025, 7, 29, 19, 50, 1, 883394, tzinfo=datetime.timezone.utc), end_date=None, state=<TaskInstanceState.RUNNING: 'running'>, is_mapped=False, rendered_map_index=None, log_url='http://localhost:8080/dags/python_operator_v1/runs/scheduled__2023-06-24T04%3A01%3A00%2B00%3A00/tasks/python?try_number=1'),","chan":"stdout","logger":"task"}
{"timestamp":"2025-07-29T19:50:02.439055Z","level":"info","event":" 'triggering_asset_events': TriggeringAssetEventsAccessor(_events=defaultdict(<class 'list'>, {})),","chan":"stdout","logger":"task"}
{"timestamp":"2025-07-29T19:50:02.439117Z","level":"info","event":" 'ts': '2023-06-24T04:01:00+00:00',","chan":"stdout","logger":"task"}
{"timestamp":"2025-07-29T19:50:02.439178Z","level":"info","event":" 'ts_nodash': '20230624T040100',","chan":"stdout","logger":"task"}
{"timestamp":"2025-07-29T19:50:02.439237Z","level":"info","event":" 'ts_nodash_with_tz': '20230624T040100+0000',","chan":"stdout","logger":"task"}
{"timestamp":"2025-07-29T19:50:02.439344Z","level":"info","event":" 'var': {'json': <VariableAccessor (dynamic access)>,","chan":"stdout","logger":"task"}
{"timestamp":"2025-07-29T19:50:02.439442Z","level":"info","event":"         'value': <VariableAccessor (dynamic access)>}}","chan":"stdout","logger":"task"}
{"timestamp":"2025-07-29T19:50:02.438807","level":"info","event":"Done. Returned value was: 123","logger":"airflow.task.operators.airflow.providers.standard.operators.python.PythonOperator"}
{"timestamp":"2025-07-29T19:50:02.438994","level":"info","event":"Pushing xcom","ti":"RuntimeTaskInstance(id=UUID('019857bc-1619-72ae-8e87-583249915d9c'), task_id='python', dag_id='python_operator_v1', run_id='scheduled__2023-06-24T04:01:00+00:00', try_number=1, map_index=-1, hostname='bf6f1e7a6f11', context_carrier={}, task=<Task(PythonOperator): python>, bundle_instance=LocalDagBundle(name=dags-folder), max_tries=0, start_date=datetime.datetime(2025, 7, 29, 19, 50, 1, 883394, tzinfo=datetime.timezone.utc), end_date=None, state=<TaskInstanceState.RUNNING: 'running'>, is_mapped=False, rendered_map_index=None, log_url='http://localhost:8080/dags/python_operator_v1/runs/scheduled__2023-06-24T04%3A01%3A00%2B00%3A00/tasks/python?try_number=1')","logger":"task"}
{"timestamp":"2025-07-29T19:50:02.466915Z","level":"info","event":"Task instance in success state","chan":"stdout","logger":"task"}
{"timestamp":"2025-07-29T19:50:02.467060Z","level":"info","event":" Previous state of the Task instance: TaskInstanceState.RUNNING","chan":"stdout","logger":"task"}
{"timestamp":"2025-07-29T19:50:02.467155Z","level":"info","event":"Task operator:<Task(PythonOperator): python>","chan":"stdout","logger":"task"}
