{"timestamp":"2025-07-29T19:41:39.816996","level":"info","event":"DAG bundles loaded: dags-folder, example_dags","logger":"airflow.dag_processing.bundles.manager.DagBundlesManager"}
{"timestamp":"2025-07-29T19:41:39.817644","level":"info","event":"Filling up the DagBag from /opt/airflow/dags/python_operator_v1.py","logger":"airflow.models.dagbag.DagBag"}
{"timestamp":"2025-07-29T19:41:39.838481Z","level":"info","event":"Task instance is in running state","chan":"stdout","logger":"task"}
{"timestamp":"2025-07-29T19:41:39.838652Z","level":"info","event":" Previous state of the Task instance: TaskInstanceState.QUEUED","chan":"stdout","logger":"task"}
{"timestamp":"2025-07-29T19:41:39.839123Z","level":"info","event":"Current task name:python","chan":"stdout","logger":"task"}
{"timestamp":"2025-07-29T19:41:39.839212Z","level":"info","event":"Dag name:python_operator_v1","chan":"stdout","logger":"task"}
{"timestamp":"2025-07-29T19:41:39.840166Z","level":"info","event":"poliana","chan":"stdout","logger":"task"}
{"timestamp":"2025-07-29T19:41:39.840741Z","level":"info","event":"{'conn': <ConnectionAccessor (dynamic access)>,","chan":"stdout","logger":"task"}
{"timestamp":"2025-07-29T19:41:39.840847Z","level":"info","event":" 'dag': <DAG: python_operator_v1>,","chan":"stdout","logger":"task"}
{"timestamp":"2025-07-29T19:41:39.840949Z","level":"info","event":" 'dag_run': DagRun(dag_id='python_operator_v1', run_id='scheduled__2023-06-23T19:00:00+00:00', logical_date=datetime.datetime(2023, 6, 23, 19, 0, tzinfo=datetime.timezone.utc), data_interval_start=datetime.datetime(2023, 6, 23, 19, 0, tzinfo=datetime.timezone.utc), data_interval_end=datetime.datetime(2023, 6, 23, 19, 0, tzinfo=datetime.timezone.utc), run_after=datetime.datetime(2023, 6, 23, 19, 0, tzinfo=datetime.timezone.utc), start_date=datetime.datetime(2025, 7, 29, 19, 41, 38, 941906, tzinfo=datetime.timezone.utc), end_date=None, clear_number=0, run_type=<DagRunType.SCHEDULED: 'scheduled'>, conf={}, consumed_asset_events=[]),","chan":"stdout","logger":"task"}
{"timestamp":"2025-07-29T19:41:39.841028Z","level":"info","event":" 'data_interval_end': DateTime(2023, 6, 23, 19, 0, 0, tzinfo=Timezone('UTC')),","chan":"stdout","logger":"task"}
{"timestamp":"2025-07-29T19:41:39.841086Z","level":"info","event":" 'data_interval_start': DateTime(2023, 6, 23, 19, 0, 0, tzinfo=Timezone('UTC')),","chan":"stdout","logger":"task"}
{"timestamp":"2025-07-29T19:41:39.841131Z","level":"info","event":" 'ds': '2023-06-23',","chan":"stdout","logger":"task"}
{"timestamp":"2025-07-29T19:41:39.841173Z","level":"info","event":" 'ds_nodash': '20230623',","chan":"stdout","logger":"task"}
{"timestamp":"2025-07-29T19:41:39.841214Z","level":"info","event":" 'inlet_events': InletEventsAccessors(_inlets=[], _assets={}, _asset_aliases={}),","chan":"stdout","logger":"task"}
{"timestamp":"2025-07-29T19:41:39.841254Z","level":"info","event":" 'inlets': [],","chan":"stdout","logger":"task"}
{"timestamp":"2025-07-29T19:41:39.841295Z","level":"info","event":" 'logical_date': DateTime(2023, 6, 23, 19, 0, 0, tzinfo=Timezone('UTC')),","chan":"stdout","logger":"task"}
{"timestamp":"2025-07-29T19:41:39.841335Z","level":"info","event":" 'macros': <MacrosAccessor (dynamic access to macros)>,","chan":"stdout","logger":"task"}
{"timestamp":"2025-07-29T19:41:39.841375Z","level":"info","event":" 'map_index_template': None,","chan":"stdout","logger":"task"}
{"timestamp":"2025-07-29T19:41:39.841416Z","level":"info","event":" 'outlet_events': <airflow.sdk.execution_time.context.OutletEventAccessors object at 0x7fb66fd94a70>,","chan":"stdout","logger":"task"}
{"timestamp":"2025-07-29T19:41:39.841455Z","level":"info","event":" 'outlets': [],","chan":"stdout","logger":"task"}
{"timestamp":"2025-07-29T19:41:39.841494Z","level":"info","event":" 'params': {},","chan":"stdout","logger":"task"}
{"timestamp":"2025-07-29T19:41:39.850707Z","level":"info","event":" 'prev_data_interval_end_success': <Proxy at 0x7fb66fcd4680 with factory <function RuntimeTaskInstance.get_template_context.<locals>.<lambda> at 0x7fb66fcd1080>>,","chan":"stdout","logger":"task"}
{"timestamp":"2025-07-29T19:41:39.850890Z","level":"info","event":" 'prev_data_interval_start_success': <Proxy at 0x7fb66fcd4620 with factory <function RuntimeTaskInstance.get_template_context.<locals>.<lambda> at 0x7fb66fcc3ec0>>,","chan":"stdout","logger":"task"}
{"timestamp":"2025-07-29T19:41:39.850962Z","level":"info","event":" 'prev_end_date_success': <Proxy at 0x7fb677766300 with factory <function RuntimeTaskInstance.get_template_context.<locals>.<lambda> at 0x7fb66fcc3880>>,","chan":"stdout","logger":"task"}
{"timestamp":"2025-07-29T19:41:39.851011Z","level":"info","event":" 'prev_start_date_success': <Proxy at 0x7fb67b557980 with factory <function RuntimeTaskInstance.get_template_context.<locals>.<lambda> at 0x7fb66fcc3d80>>,","chan":"stdout","logger":"task"}
{"timestamp":"2025-07-29T19:41:39.851057Z","level":"info","event":" 'run_id': 'scheduled__2023-06-23T19:00:00+00:00',","chan":"stdout","logger":"task"}
{"timestamp":"2025-07-29T19:41:39.851099Z","level":"info","event":" 'task': <Task(PythonOperator): python>,","chan":"stdout","logger":"task"}
{"timestamp":"2025-07-29T19:41:39.851144Z","level":"info","event":" 'task_instance': RuntimeTaskInstance(id=UUID('019857b4-6cf5-755e-984d-6542d9079dae'), task_id='python', dag_id='python_operator_v1', run_id='scheduled__2023-06-23T19:00:00+00:00', try_number=1, map_index=-1, hostname='bf6f1e7a6f11', context_carrier={}, task=<Task(PythonOperator): python>, bundle_instance=LocalDagBundle(name=dags-folder), max_tries=0, start_date=datetime.datetime(2025, 7, 29, 19, 41, 39, 309201, tzinfo=datetime.timezone.utc), end_date=None, state=<TaskInstanceState.RUNNING: 'running'>, is_mapped=False, rendered_map_index=None, log_url='http://localhost:8080/dags/python_operator_v1/runs/scheduled__2023-06-23T19%3A00%3A00%2B00%3A00/tasks/python?try_number=1'),","chan":"stdout","logger":"task"}
{"timestamp":"2025-07-29T19:41:39.851191Z","level":"info","event":" 'task_instance_key_str': 'python_operator_v1__python__20230623',","chan":"stdout","logger":"task"}
{"timestamp":"2025-07-29T19:41:39.851232Z","level":"info","event":" 'task_reschedule_count': 0,","chan":"stdout","logger":"task"}
{"timestamp":"2025-07-29T19:41:39.851273Z","level":"info","event":" 'templates_dict': None,","chan":"stdout","logger":"task"}
{"timestamp":"2025-07-29T19:41:39.851314Z","level":"info","event":" 'ti': RuntimeTaskInstance(id=UUID('019857b4-6cf5-755e-984d-6542d9079dae'), task_id='python', dag_id='python_operator_v1', run_id='scheduled__2023-06-23T19:00:00+00:00', try_number=1, map_index=-1, hostname='bf6f1e7a6f11', context_carrier={}, task=<Task(PythonOperator): python>, bundle_instance=LocalDagBundle(name=dags-folder), max_tries=0, start_date=datetime.datetime(2025, 7, 29, 19, 41, 39, 309201, tzinfo=datetime.timezone.utc), end_date=None, state=<TaskInstanceState.RUNNING: 'running'>, is_mapped=False, rendered_map_index=None, log_url='http://localhost:8080/dags/python_operator_v1/runs/scheduled__2023-06-23T19%3A00%3A00%2B00%3A00/tasks/python?try_number=1'),","chan":"stdout","logger":"task"}
{"timestamp":"2025-07-29T19:41:39.851384Z","level":"info","event":" 'triggering_asset_events': TriggeringAssetEventsAccessor(_events=defaultdict(<class 'list'>, {})),","chan":"stdout","logger":"task"}
{"timestamp":"2025-07-29T19:41:39.851432Z","level":"info","event":" 'ts': '2023-06-23T19:00:00+00:00',","chan":"stdout","logger":"task"}
{"timestamp":"2025-07-29T19:41:39.851475Z","level":"info","event":" 'ts_nodash': '20230623T190000',","chan":"stdout","logger":"task"}
{"timestamp":"2025-07-29T19:41:39.851516Z","level":"info","event":" 'ts_nodash_with_tz': '20230623T190000+0000',","chan":"stdout","logger":"task"}
{"timestamp":"2025-07-29T19:41:39.851577Z","level":"info","event":" 'var': {'json': <VariableAccessor (dynamic access)>,","chan":"stdout","logger":"task"}
{"timestamp":"2025-07-29T19:41:39.851631Z","level":"info","event":"         'value': <VariableAccessor (dynamic access)>}}","chan":"stdout","logger":"task"}
{"timestamp":"2025-07-29T19:41:39.851371","level":"info","event":"Done. Returned value was: 123","logger":"airflow.task.operators.airflow.providers.standard.operators.python.PythonOperator"}
{"timestamp":"2025-07-29T19:41:39.851544","level":"info","event":"Pushing xcom","ti":"RuntimeTaskInstance(id=UUID('019857b4-6cf5-755e-984d-6542d9079dae'), task_id='python', dag_id='python_operator_v1', run_id='scheduled__2023-06-23T19:00:00+00:00', try_number=1, map_index=-1, hostname='bf6f1e7a6f11', context_carrier={}, task=<Task(PythonOperator): python>, bundle_instance=LocalDagBundle(name=dags-folder), max_tries=0, start_date=datetime.datetime(2025, 7, 29, 19, 41, 39, 309201, tzinfo=datetime.timezone.utc), end_date=None, state=<TaskInstanceState.RUNNING: 'running'>, is_mapped=False, rendered_map_index=None, log_url='http://localhost:8080/dags/python_operator_v1/runs/scheduled__2023-06-23T19%3A00%3A00%2B00%3A00/tasks/python?try_number=1')","logger":"task"}
{"timestamp":"2025-07-29T19:41:39.873799Z","level":"info","event":"Task instance in success state","chan":"stdout","logger":"task"}
{"timestamp":"2025-07-29T19:41:39.873936Z","level":"info","event":" Previous state of the Task instance: TaskInstanceState.RUNNING","chan":"stdout","logger":"task"}
{"timestamp":"2025-07-29T19:41:39.874032Z","level":"info","event":"Task operator:<Task(PythonOperator): python>","chan":"stdout","logger":"task"}
