{"timestamp":"2025-07-29T19:20:53.289099","level":"info","event":"DAG bundles loaded: dags-folder, example_dags","logger":"airflow.dag_processing.bundles.manager.DagBundlesManager"}
{"timestamp":"2025-07-29T19:20:53.290133","level":"info","event":"Filling up the DagBag from /opt/airflow/dags/python_operator_v1.py","logger":"airflow.models.dagbag.DagBag"}
{"timestamp":"2025-07-29T19:20:53.319658Z","level":"info","event":"Task instance is in running state","chan":"stdout","logger":"task"}
{"timestamp":"2025-07-29T19:20:53.319981Z","level":"info","event":" Previous state of the Task instance: TaskInstanceState.QUEUED","chan":"stdout","logger":"task"}
{"timestamp":"2025-07-29T19:20:53.320731Z","level":"info","event":"Current task name:python","chan":"stdout","logger":"task"}
{"timestamp":"2025-07-29T19:20:53.320872Z","level":"info","event":"Dag name:python_operator_v1","chan":"stdout","logger":"task"}
{"timestamp":"2025-07-29T19:20:53.322055Z","level":"info","event":"poliana","chan":"stdout","logger":"task"}
{"timestamp":"2025-07-29T19:20:53.322747Z","level":"info","event":"{'conn': <ConnectionAccessor (dynamic access)>,","chan":"stdout","logger":"task"}
{"timestamp":"2025-07-29T19:20:53.322869Z","level":"info","event":" 'dag': <DAG: python_operator_v1>,","chan":"stdout","logger":"task"}
{"timestamp":"2025-07-29T19:20:53.323001Z","level":"info","event":" 'dag_run': DagRun(dag_id='python_operator_v1', run_id='scheduled__2023-06-22T20:25:00+00:00', logical_date=datetime.datetime(2023, 6, 22, 20, 25, tzinfo=datetime.timezone.utc), data_interval_start=datetime.datetime(2023, 6, 22, 20, 25, tzinfo=datetime.timezone.utc), data_interval_end=datetime.datetime(2023, 6, 22, 20, 25, tzinfo=datetime.timezone.utc), run_after=datetime.datetime(2023, 6, 22, 20, 25, tzinfo=datetime.timezone.utc), start_date=datetime.datetime(2025, 7, 29, 19, 20, 52, 351041, tzinfo=datetime.timezone.utc), end_date=None, clear_number=0, run_type=<DagRunType.SCHEDULED: 'scheduled'>, conf={}, consumed_asset_events=[]),","chan":"stdout","logger":"task"}
{"timestamp":"2025-07-29T19:20:53.323064Z","level":"info","event":" 'data_interval_end': DateTime(2023, 6, 22, 20, 25, 0, tzinfo=Timezone('UTC')),","chan":"stdout","logger":"task"}
{"timestamp":"2025-07-29T19:20:53.323117Z","level":"info","event":" 'data_interval_start': DateTime(2023, 6, 22, 20, 25, 0, tzinfo=Timezone('UTC')),","chan":"stdout","logger":"task"}
{"timestamp":"2025-07-29T19:20:53.323169Z","level":"info","event":" 'ds': '2023-06-22',","chan":"stdout","logger":"task"}
{"timestamp":"2025-07-29T19:20:53.323219Z","level":"info","event":" 'ds_nodash': '20230622',","chan":"stdout","logger":"task"}
{"timestamp":"2025-07-29T19:20:53.323280Z","level":"info","event":" 'inlet_events': InletEventsAccessors(_inlets=[], _assets={}, _asset_aliases={}),","chan":"stdout","logger":"task"}
{"timestamp":"2025-07-29T19:20:53.323345Z","level":"info","event":" 'inlets': [],","chan":"stdout","logger":"task"}
{"timestamp":"2025-07-29T19:20:53.323409Z","level":"info","event":" 'logical_date': DateTime(2023, 6, 22, 20, 25, 0, tzinfo=Timezone('UTC')),","chan":"stdout","logger":"task"}
{"timestamp":"2025-07-29T19:20:53.323470Z","level":"info","event":" 'macros': <MacrosAccessor (dynamic access to macros)>,","chan":"stdout","logger":"task"}
{"timestamp":"2025-07-29T19:20:53.323535Z","level":"info","event":" 'map_index_template': None,","chan":"stdout","logger":"task"}
{"timestamp":"2025-07-29T19:20:53.323599Z","level":"info","event":" 'outlet_events': <airflow.sdk.execution_time.context.OutletEventAccessors object at 0x7fb66fe1f590>,","chan":"stdout","logger":"task"}
{"timestamp":"2025-07-29T19:20:53.323665Z","level":"info","event":" 'outlets': [],","chan":"stdout","logger":"task"}
{"timestamp":"2025-07-29T19:20:53.323730Z","level":"info","event":" 'params': {},","chan":"stdout","logger":"task"}
{"timestamp":"2025-07-29T19:20:53.334914Z","level":"info","event":" 'prev_data_interval_end_success': <Proxy at 0x7fb66fc5f680 with factory <function RuntimeTaskInstance.get_template_context.<locals>.<lambda> at 0x7fb66fc767a0>>,","chan":"stdout","logger":"task"}
{"timestamp":"2025-07-29T19:20:53.335302Z","level":"info","event":" 'prev_data_interval_start_success': <Proxy at 0x7fb66fc5f0e0 with factory <function RuntimeTaskInstance.get_template_context.<locals>.<lambda> at 0x7fb66fc77ec0>>,","chan":"stdout","logger":"task"}
{"timestamp":"2025-07-29T19:20:53.335476Z","level":"info","event":" 'prev_end_date_success': <Proxy at 0x7fb66fc5ef90 with factory <function RuntimeTaskInstance.get_template_context.<locals>.<lambda> at 0x7fb66fc77f60>>,","chan":"stdout","logger":"task"}
{"timestamp":"2025-07-29T19:20:53.335566Z","level":"info","event":" 'prev_start_date_success': <Proxy at 0x7fb66fc5f200 with factory <function RuntimeTaskInstance.get_template_context.<locals>.<lambda> at 0x7fb66fc76ca0>>,","chan":"stdout","logger":"task"}
{"timestamp":"2025-07-29T19:20:53.335641Z","level":"info","event":" 'run_id': 'scheduled__2023-06-22T20:25:00+00:00',","chan":"stdout","logger":"task"}
{"timestamp":"2025-07-29T19:20:53.335718Z","level":"info","event":" 'task': <Task(PythonOperator): python>,","chan":"stdout","logger":"task"}
{"timestamp":"2025-07-29T19:20:53.335788Z","level":"info","event":" 'task_instance': RuntimeTaskInstance(id=UUID('019857a1-6774-7cea-aefa-13b5d818f75c'), task_id='python', dag_id='python_operator_v1', run_id='scheduled__2023-06-22T20:25:00+00:00', try_number=1, map_index=-1, hostname='bf6f1e7a6f11', context_carrier={}, task=<Task(PythonOperator): python>, bundle_instance=LocalDagBundle(name=dags-folder), max_tries=0, start_date=datetime.datetime(2025, 7, 29, 19, 20, 52, 688525, tzinfo=datetime.timezone.utc), end_date=None, state=<TaskInstanceState.RUNNING: 'running'>, is_mapped=False, rendered_map_index=None, log_url='http://localhost:8080/dags/python_operator_v1/runs/scheduled__2023-06-22T20%3A25%3A00%2B00%3A00/tasks/python?try_number=1'),","chan":"stdout","logger":"task"}
{"timestamp":"2025-07-29T19:20:53.335855Z","level":"info","event":" 'task_instance_key_str': 'python_operator_v1__python__20230622',","chan":"stdout","logger":"task"}
{"timestamp":"2025-07-29T19:20:53.335922Z","level":"info","event":" 'task_reschedule_count': 0,","chan":"stdout","logger":"task"}
{"timestamp":"2025-07-29T19:20:53.335994Z","level":"info","event":" 'templates_dict': None,","chan":"stdout","logger":"task"}
{"timestamp":"2025-07-29T19:20:53.336057Z","level":"info","event":" 'ti': RuntimeTaskInstance(id=UUID('019857a1-6774-7cea-aefa-13b5d818f75c'), task_id='python', dag_id='python_operator_v1', run_id='scheduled__2023-06-22T20:25:00+00:00', try_number=1, map_index=-1, hostname='bf6f1e7a6f11', context_carrier={}, task=<Task(PythonOperator): python>, bundle_instance=LocalDagBundle(name=dags-folder), max_tries=0, start_date=datetime.datetime(2025, 7, 29, 19, 20, 52, 688525, tzinfo=datetime.timezone.utc), end_date=None, state=<TaskInstanceState.RUNNING: 'running'>, is_mapped=False, rendered_map_index=None, log_url='http://localhost:8080/dags/python_operator_v1/runs/scheduled__2023-06-22T20%3A25%3A00%2B00%3A00/tasks/python?try_number=1'),","chan":"stdout","logger":"task"}
{"timestamp":"2025-07-29T19:20:53.336122Z","level":"info","event":" 'triggering_asset_events': TriggeringAssetEventsAccessor(_events=defaultdict(<class 'list'>, {})),","chan":"stdout","logger":"task"}
{"timestamp":"2025-07-29T19:20:53.336285Z","level":"info","event":" 'ts': '2023-06-22T20:25:00+00:00',","chan":"stdout","logger":"task"}
{"timestamp":"2025-07-29T19:20:53.336416Z","level":"info","event":" 'ts_nodash': '20230622T202500',","chan":"stdout","logger":"task"}
{"timestamp":"2025-07-29T19:20:53.336525Z","level":"info","event":" 'ts_nodash_with_tz': '20230622T202500+0000',","chan":"stdout","logger":"task"}
{"timestamp":"2025-07-29T19:20:53.336577Z","level":"info","event":" 'var': {'json': <VariableAccessor (dynamic access)>,","chan":"stdout","logger":"task"}
{"timestamp":"2025-07-29T19:20:53.336637Z","level":"info","event":"         'value': <VariableAccessor (dynamic access)>}}","chan":"stdout","logger":"task"}
{"timestamp":"2025-07-29T19:20:53.336438","level":"info","event":"Done. Returned value was: 123","logger":"airflow.task.operators.airflow.providers.standard.operators.python.PythonOperator"}
{"timestamp":"2025-07-29T19:20:53.336762","level":"info","event":"Pushing xcom","ti":"RuntimeTaskInstance(id=UUID('019857a1-6774-7cea-aefa-13b5d818f75c'), task_id='python', dag_id='python_operator_v1', run_id='scheduled__2023-06-22T20:25:00+00:00', try_number=1, map_index=-1, hostname='bf6f1e7a6f11', context_carrier={}, task=<Task(PythonOperator): python>, bundle_instance=LocalDagBundle(name=dags-folder), max_tries=0, start_date=datetime.datetime(2025, 7, 29, 19, 20, 52, 688525, tzinfo=datetime.timezone.utc), end_date=None, state=<TaskInstanceState.RUNNING: 'running'>, is_mapped=False, rendered_map_index=None, log_url='http://localhost:8080/dags/python_operator_v1/runs/scheduled__2023-06-22T20%3A25%3A00%2B00%3A00/tasks/python?try_number=1')","logger":"task"}
{"timestamp":"2025-07-29T19:20:53.377792Z","level":"info","event":"Task instance in success state","chan":"stdout","logger":"task"}
{"timestamp":"2025-07-29T19:20:53.377966Z","level":"info","event":" Previous state of the Task instance: TaskInstanceState.RUNNING","chan":"stdout","logger":"task"}
{"timestamp":"2025-07-29T19:20:53.378097Z","level":"info","event":"Task operator:<Task(PythonOperator): python>","chan":"stdout","logger":"task"}
