{"timestamp":"2025-07-29T19:33:00.739326","level":"info","event":"DAG bundles loaded: dags-folder, example_dags","logger":"airflow.dag_processing.bundles.manager.DagBundlesManager"}
{"timestamp":"2025-07-29T19:33:00.740045","level":"info","event":"Filling up the DagBag from /opt/airflow/dags/python_operator_v1.py","logger":"airflow.models.dagbag.DagBag"}
{"timestamp":"2025-07-29T19:33:00.769679Z","level":"info","event":"Task instance is in running state","chan":"stdout","logger":"task"}
{"timestamp":"2025-07-29T19:33:00.769959Z","level":"info","event":" Previous state of the Task instance: TaskInstanceState.QUEUED","chan":"stdout","logger":"task"}
{"timestamp":"2025-07-29T19:33:00.770453Z","level":"info","event":"Current task name:python","chan":"stdout","logger":"task"}
{"timestamp":"2025-07-29T19:33:00.770558Z","level":"info","event":"Dag name:python_operator_v1","chan":"stdout","logger":"task"}
{"timestamp":"2025-07-29T19:33:00.772043Z","level":"info","event":"poliana","chan":"stdout","logger":"task"}
{"timestamp":"2025-07-29T19:33:00.772654Z","level":"info","event":"{'conn': <ConnectionAccessor (dynamic access)>,","chan":"stdout","logger":"task"}
{"timestamp":"2025-07-29T19:33:00.772765Z","level":"info","event":" 'dag': <DAG: python_operator_v1>,","chan":"stdout","logger":"task"}
{"timestamp":"2025-07-29T19:33:00.772907Z","level":"info","event":" 'dag_run': DagRun(dag_id='python_operator_v1', run_id='scheduled__2023-06-23T09:26:00+00:00', logical_date=datetime.datetime(2023, 6, 23, 9, 26, tzinfo=datetime.timezone.utc), data_interval_start=datetime.datetime(2023, 6, 23, 9, 26, tzinfo=datetime.timezone.utc), data_interval_end=datetime.datetime(2023, 6, 23, 9, 26, tzinfo=datetime.timezone.utc), run_after=datetime.datetime(2023, 6, 23, 9, 26, tzinfo=datetime.timezone.utc), start_date=datetime.datetime(2025, 7, 29, 19, 33, 0, 14358, tzinfo=datetime.timezone.utc), end_date=None, clear_number=0, run_type=<DagRunType.SCHEDULED: 'scheduled'>, conf={}, consumed_asset_events=[]),","chan":"stdout","logger":"task"}
{"timestamp":"2025-07-29T19:33:00.773004Z","level":"info","event":" 'data_interval_end': DateTime(2023, 6, 23, 9, 26, 0, tzinfo=Timezone('UTC')),","chan":"stdout","logger":"task"}
{"timestamp":"2025-07-29T19:33:00.773067Z","level":"info","event":" 'data_interval_start': DateTime(2023, 6, 23, 9, 26, 0, tzinfo=Timezone('UTC')),","chan":"stdout","logger":"task"}
{"timestamp":"2025-07-29T19:33:00.773112Z","level":"info","event":" 'ds': '2023-06-23',","chan":"stdout","logger":"task"}
{"timestamp":"2025-07-29T19:33:00.773154Z","level":"info","event":" 'ds_nodash': '20230623',","chan":"stdout","logger":"task"}
{"timestamp":"2025-07-29T19:33:00.773196Z","level":"info","event":" 'inlet_events': InletEventsAccessors(_inlets=[], _assets={}, _asset_aliases={}),","chan":"stdout","logger":"task"}
{"timestamp":"2025-07-29T19:33:00.773237Z","level":"info","event":" 'inlets': [],","chan":"stdout","logger":"task"}
{"timestamp":"2025-07-29T19:33:00.773278Z","level":"info","event":" 'logical_date': DateTime(2023, 6, 23, 9, 26, 0, tzinfo=Timezone('UTC')),","chan":"stdout","logger":"task"}
{"timestamp":"2025-07-29T19:33:00.773318Z","level":"info","event":" 'macros': <MacrosAccessor (dynamic access to macros)>,","chan":"stdout","logger":"task"}
{"timestamp":"2025-07-29T19:33:00.773451Z","level":"info","event":" 'map_index_template': None,","chan":"stdout","logger":"task"}
{"timestamp":"2025-07-29T19:33:00.773503Z","level":"info","event":" 'outlet_events': <airflow.sdk.execution_time.context.OutletEventAccessors object at 0x7fb66fc7bc80>,","chan":"stdout","logger":"task"}
{"timestamp":"2025-07-29T19:33:00.773568Z","level":"info","event":" 'outlets': [],","chan":"stdout","logger":"task"}
{"timestamp":"2025-07-29T19:33:00.773636Z","level":"info","event":" 'params': {},","chan":"stdout","logger":"task"}
{"timestamp":"2025-07-29T19:33:00.782048Z","level":"info","event":" 'prev_data_interval_end_success': <Proxy at 0x7fb66fc7bf50 with factory <function RuntimeTaskInstance.get_template_context.<locals>.<lambda> at 0x7fb66fc989a0>>,","chan":"stdout","logger":"task"}
{"timestamp":"2025-07-29T19:33:00.782291Z","level":"info","event":" 'prev_data_interval_start_success': <Proxy at 0x7fb66fc7be90 with factory <function RuntimeTaskInstance.get_template_context.<locals>.<lambda> at 0x7fb66fc9a0c0>>,","chan":"stdout","logger":"task"}
{"timestamp":"2025-07-29T19:33:00.782428Z","level":"info","event":" 'prev_end_date_success': <Proxy at 0x7fb67ebbfe30 with factory <function RuntimeTaskInstance.get_template_context.<locals>.<lambda> at 0x7fb66fc9a160>>,","chan":"stdout","logger":"task"}
{"timestamp":"2025-07-29T19:33:00.782513Z","level":"info","event":" 'prev_start_date_success': <Proxy at 0x7fb66fc7b9e0 with factory <function RuntimeTaskInstance.get_template_context.<locals>.<lambda> at 0x7fb66fc98ea0>>,","chan":"stdout","logger":"task"}
{"timestamp":"2025-07-29T19:33:00.782587Z","level":"info","event":" 'run_id': 'scheduled__2023-06-23T09:26:00+00:00',","chan":"stdout","logger":"task"}
{"timestamp":"2025-07-29T19:33:00.782643Z","level":"info","event":" 'task': <Task(PythonOperator): python>,","chan":"stdout","logger":"task"}
{"timestamp":"2025-07-29T19:33:00.782694Z","level":"info","event":" 'task_instance': RuntimeTaskInstance(id=UUID('019857ac-81e9-7745-845a-052c29beae92'), task_id='python', dag_id='python_operator_v1', run_id='scheduled__2023-06-23T09:26:00+00:00', try_number=1, map_index=-1, hostname='bf6f1e7a6f11', context_carrier={}, task=<Task(PythonOperator): python>, bundle_instance=LocalDagBundle(name=dags-folder), max_tries=0, start_date=datetime.datetime(2025, 7, 29, 19, 33, 0, 208742, tzinfo=datetime.timezone.utc), end_date=None, state=<TaskInstanceState.RUNNING: 'running'>, is_mapped=False, rendered_map_index=None, log_url='http://localhost:8080/dags/python_operator_v1/runs/scheduled__2023-06-23T09%3A26%3A00%2B00%3A00/tasks/python?try_number=1'),","chan":"stdout","logger":"task"}
{"timestamp":"2025-07-29T19:33:00.782741Z","level":"info","event":" 'task_instance_key_str': 'python_operator_v1__python__20230623',","chan":"stdout","logger":"task"}
{"timestamp":"2025-07-29T19:33:00.782782Z","level":"info","event":" 'task_reschedule_count': 0,","chan":"stdout","logger":"task"}
{"timestamp":"2025-07-29T19:33:00.782824Z","level":"info","event":" 'templates_dict': None,","chan":"stdout","logger":"task"}
{"timestamp":"2025-07-29T19:33:00.782866Z","level":"info","event":" 'ti': RuntimeTaskInstance(id=UUID('019857ac-81e9-7745-845a-052c29beae92'), task_id='python', dag_id='python_operator_v1', run_id='scheduled__2023-06-23T09:26:00+00:00', try_number=1, map_index=-1, hostname='bf6f1e7a6f11', context_carrier={}, task=<Task(PythonOperator): python>, bundle_instance=LocalDagBundle(name=dags-folder), max_tries=0, start_date=datetime.datetime(2025, 7, 29, 19, 33, 0, 208742, tzinfo=datetime.timezone.utc), end_date=None, state=<TaskInstanceState.RUNNING: 'running'>, is_mapped=False, rendered_map_index=None, log_url='http://localhost:8080/dags/python_operator_v1/runs/scheduled__2023-06-23T09%3A26%3A00%2B00%3A00/tasks/python?try_number=1'),","chan":"stdout","logger":"task"}
{"timestamp":"2025-07-29T19:33:00.782949Z","level":"info","event":" 'triggering_asset_events': TriggeringAssetEventsAccessor(_events=defaultdict(<class 'list'>, {})),","chan":"stdout","logger":"task"}
{"timestamp":"2025-07-29T19:33:00.782998Z","level":"info","event":" 'ts': '2023-06-23T09:26:00+00:00',","chan":"stdout","logger":"task"}
{"timestamp":"2025-07-29T19:33:00.783040Z","level":"info","event":" 'ts_nodash': '20230623T092600',","chan":"stdout","logger":"task"}
{"timestamp":"2025-07-29T19:33:00.783082Z","level":"info","event":" 'ts_nodash_with_tz': '20230623T092600+0000',","chan":"stdout","logger":"task"}
{"timestamp":"2025-07-29T19:33:00.783125Z","level":"info","event":" 'var': {'json': <VariableAccessor (dynamic access)>,","chan":"stdout","logger":"task"}
{"timestamp":"2025-07-29T19:33:00.783184Z","level":"info","event":"         'value': <VariableAccessor (dynamic access)>}}","chan":"stdout","logger":"task"}
{"timestamp":"2025-07-29T19:33:00.782956","level":"info","event":"Done. Returned value was: 123","logger":"airflow.task.operators.airflow.providers.standard.operators.python.PythonOperator"}
{"timestamp":"2025-07-29T19:33:00.783185","level":"info","event":"Pushing xcom","ti":"RuntimeTaskInstance(id=UUID('019857ac-81e9-7745-845a-052c29beae92'), task_id='python', dag_id='python_operator_v1', run_id='scheduled__2023-06-23T09:26:00+00:00', try_number=1, map_index=-1, hostname='bf6f1e7a6f11', context_carrier={}, task=<Task(PythonOperator): python>, bundle_instance=LocalDagBundle(name=dags-folder), max_tries=0, start_date=datetime.datetime(2025, 7, 29, 19, 33, 0, 208742, tzinfo=datetime.timezone.utc), end_date=None, state=<TaskInstanceState.RUNNING: 'running'>, is_mapped=False, rendered_map_index=None, log_url='http://localhost:8080/dags/python_operator_v1/runs/scheduled__2023-06-23T09%3A26%3A00%2B00%3A00/tasks/python?try_number=1')","logger":"task"}
{"timestamp":"2025-07-29T19:33:00.815808Z","level":"info","event":"Task instance in success state","chan":"stdout","logger":"task"}
{"timestamp":"2025-07-29T19:33:00.816007Z","level":"info","event":" Previous state of the Task instance: TaskInstanceState.RUNNING","chan":"stdout","logger":"task"}
{"timestamp":"2025-07-29T19:33:00.816209Z","level":"info","event":"Task operator:<Task(PythonOperator): python>","chan":"stdout","logger":"task"}
