{"timestamp":"2025-07-29T19:45:24.277557","level":"info","event":"DAG bundles loaded: dags-folder, example_dags","logger":"airflow.dag_processing.bundles.manager.DagBundlesManager"}
{"timestamp":"2025-07-29T19:45:24.278420","level":"info","event":"Filling up the DagBag from /opt/airflow/dags/python_operator_v1.py","logger":"airflow.models.dagbag.DagBag"}
{"timestamp":"2025-07-29T19:45:24.308585Z","level":"info","event":"Task instance is in running state","chan":"stdout","logger":"task"}
{"timestamp":"2025-07-29T19:45:24.308764Z","level":"info","event":" Previous state of the Task instance: TaskInstanceState.QUEUED","chan":"stdout","logger":"task"}
{"timestamp":"2025-07-29T19:45:24.309213Z","level":"info","event":"Current task name:python","chan":"stdout","logger":"task"}
{"timestamp":"2025-07-29T19:45:24.309348Z","level":"info","event":"Dag name:python_operator_v1","chan":"stdout","logger":"task"}
{"timestamp":"2025-07-29T19:45:24.311065Z","level":"info","event":"poliana","chan":"stdout","logger":"task"}
{"timestamp":"2025-07-29T19:45:24.311714Z","level":"info","event":"{'conn': <ConnectionAccessor (dynamic access)>,","chan":"stdout","logger":"task"}
{"timestamp":"2025-07-29T19:45:24.311813Z","level":"info","event":" 'dag': <DAG: python_operator_v1>,","chan":"stdout","logger":"task"}
{"timestamp":"2025-07-29T19:45:24.311910Z","level":"info","event":" 'dag_run': DagRun(dag_id='python_operator_v1', run_id='scheduled__2023-06-23T23:06:00+00:00', logical_date=datetime.datetime(2023, 6, 23, 23, 6, tzinfo=datetime.timezone.utc), data_interval_start=datetime.datetime(2023, 6, 23, 23, 6, tzinfo=datetime.timezone.utc), data_interval_end=datetime.datetime(2023, 6, 23, 23, 6, tzinfo=datetime.timezone.utc), run_after=datetime.datetime(2023, 6, 23, 23, 6, tzinfo=datetime.timezone.utc), start_date=datetime.datetime(2025, 7, 29, 19, 45, 23, 617141, tzinfo=datetime.timezone.utc), end_date=None, clear_number=0, run_type=<DagRunType.SCHEDULED: 'scheduled'>, conf={}, consumed_asset_events=[]),","chan":"stdout","logger":"task"}
{"timestamp":"2025-07-29T19:45:24.311970Z","level":"info","event":" 'data_interval_end': DateTime(2023, 6, 23, 23, 6, 0, tzinfo=Timezone('UTC')),","chan":"stdout","logger":"task"}
{"timestamp":"2025-07-29T19:45:24.312036Z","level":"info","event":" 'data_interval_start': DateTime(2023, 6, 23, 23, 6, 0, tzinfo=Timezone('UTC')),","chan":"stdout","logger":"task"}
{"timestamp":"2025-07-29T19:45:24.312082Z","level":"info","event":" 'ds': '2023-06-23',","chan":"stdout","logger":"task"}
{"timestamp":"2025-07-29T19:45:24.312125Z","level":"info","event":" 'ds_nodash': '20230623',","chan":"stdout","logger":"task"}
{"timestamp":"2025-07-29T19:45:24.312168Z","level":"info","event":" 'inlet_events': InletEventsAccessors(_inlets=[], _assets={}, _asset_aliases={}),","chan":"stdout","logger":"task"}
{"timestamp":"2025-07-29T19:45:24.312232Z","level":"info","event":" 'inlets': [],","chan":"stdout","logger":"task"}
{"timestamp":"2025-07-29T19:45:24.312311Z","level":"info","event":" 'logical_date': DateTime(2023, 6, 23, 23, 6, 0, tzinfo=Timezone('UTC')),","chan":"stdout","logger":"task"}
{"timestamp":"2025-07-29T19:45:24.312404Z","level":"info","event":" 'macros': <MacrosAccessor (dynamic access to macros)>,","chan":"stdout","logger":"task"}
{"timestamp":"2025-07-29T19:45:24.312487Z","level":"info","event":" 'map_index_template': None,","chan":"stdout","logger":"task"}
{"timestamp":"2025-07-29T19:45:24.312563Z","level":"info","event":" 'outlet_events': <airflow.sdk.execution_time.context.OutletEventAccessors object at 0x7fb67b904a10>,","chan":"stdout","logger":"task"}
{"timestamp":"2025-07-29T19:45:24.312639Z","level":"info","event":" 'outlets': [],","chan":"stdout","logger":"task"}
{"timestamp":"2025-07-29T19:45:24.312713Z","level":"info","event":" 'params': {},","chan":"stdout","logger":"task"}
{"timestamp":"2025-07-29T19:45:24.323871Z","level":"info","event":" 'prev_data_interval_end_success': <Proxy at 0x7fb66fdc1ac0 with factory <function RuntimeTaskInstance.get_template_context.<locals>.<lambda> at 0x7fb66fdd5c60>>,","chan":"stdout","logger":"task"}
{"timestamp":"2025-07-29T19:45:24.324120Z","level":"info","event":" 'prev_data_interval_start_success': <Proxy at 0x7fb66fdc18e0 with factory <function RuntimeTaskInstance.get_template_context.<locals>.<lambda> at 0x7fb66fdd7380>>,","chan":"stdout","logger":"task"}
{"timestamp":"2025-07-29T19:45:24.324271Z","level":"info","event":" 'prev_end_date_success': <Proxy at 0x7fb66fdc1c70 with factory <function RuntimeTaskInstance.get_template_context.<locals>.<lambda> at 0x7fb66fdd7420>>,","chan":"stdout","logger":"task"}
{"timestamp":"2025-07-29T19:45:24.324362Z","level":"info","event":" 'prev_start_date_success': <Proxy at 0x7fb66fdc1d00 with factory <function RuntimeTaskInstance.get_template_context.<locals>.<lambda> at 0x7fb66fdd6160>>,","chan":"stdout","logger":"task"}
{"timestamp":"2025-07-29T19:45:24.324445Z","level":"info","event":" 'run_id': 'scheduled__2023-06-23T23:06:00+00:00',","chan":"stdout","logger":"task"}
{"timestamp":"2025-07-29T19:45:24.324524Z","level":"info","event":" 'task': <Task(PythonOperator): python>,","chan":"stdout","logger":"task"}
{"timestamp":"2025-07-29T19:45:24.324606Z","level":"info","event":" 'task_instance': RuntimeTaskInstance(id=UUID('019857b7-da9e-7d28-846d-1dff357ecfbe'), task_id='python', dag_id='python_operator_v1', run_id='scheduled__2023-06-23T23:06:00+00:00', try_number=1, map_index=-1, hostname='bf6f1e7a6f11', context_carrier={}, task=<Task(PythonOperator): python>, bundle_instance=LocalDagBundle(name=dags-folder), max_tries=0, start_date=datetime.datetime(2025, 7, 29, 19, 45, 23, 785786, tzinfo=datetime.timezone.utc), end_date=None, state=<TaskInstanceState.RUNNING: 'running'>, is_mapped=False, rendered_map_index=None, log_url='http://localhost:8080/dags/python_operator_v1/runs/scheduled__2023-06-23T23%3A06%3A00%2B00%3A00/tasks/python?try_number=1'),","chan":"stdout","logger":"task"}
{"timestamp":"2025-07-29T19:45:24.324686Z","level":"info","event":" 'task_instance_key_str': 'python_operator_v1__python__20230623',","chan":"stdout","logger":"task"}
{"timestamp":"2025-07-29T19:45:24.324759Z","level":"info","event":" 'task_reschedule_count': 0,","chan":"stdout","logger":"task"}
{"timestamp":"2025-07-29T19:45:24.324831Z","level":"info","event":" 'templates_dict': None,","chan":"stdout","logger":"task"}
{"timestamp":"2025-07-29T19:45:24.324908Z","level":"info","event":" 'ti': RuntimeTaskInstance(id=UUID('019857b7-da9e-7d28-846d-1dff357ecfbe'), task_id='python', dag_id='python_operator_v1', run_id='scheduled__2023-06-23T23:06:00+00:00', try_number=1, map_index=-1, hostname='bf6f1e7a6f11', context_carrier={}, task=<Task(PythonOperator): python>, bundle_instance=LocalDagBundle(name=dags-folder), max_tries=0, start_date=datetime.datetime(2025, 7, 29, 19, 45, 23, 785786, tzinfo=datetime.timezone.utc), end_date=None, state=<TaskInstanceState.RUNNING: 'running'>, is_mapped=False, rendered_map_index=None, log_url='http://localhost:8080/dags/python_operator_v1/runs/scheduled__2023-06-23T23%3A06%3A00%2B00%3A00/tasks/python?try_number=1'),","chan":"stdout","logger":"task"}
{"timestamp":"2025-07-29T19:45:24.324984Z","level":"info","event":" 'triggering_asset_events': TriggeringAssetEventsAccessor(_events=defaultdict(<class 'list'>, {})),","chan":"stdout","logger":"task"}
{"timestamp":"2025-07-29T19:45:24.325059Z","level":"info","event":" 'ts': '2023-06-23T23:06:00+00:00',","chan":"stdout","logger":"task"}
{"timestamp":"2025-07-29T19:45:24.325112Z","level":"info","event":" 'ts_nodash': '20230623T230600',","chan":"stdout","logger":"task"}
{"timestamp":"2025-07-29T19:45:24.325162Z","level":"info","event":" 'ts_nodash_with_tz': '20230623T230600+0000',","chan":"stdout","logger":"task"}
{"timestamp":"2025-07-29T19:45:24.325209Z","level":"info","event":" 'var': {'json': <VariableAccessor (dynamic access)>,","chan":"stdout","logger":"task"}
{"timestamp":"2025-07-29T19:45:24.325252Z","level":"info","event":"         'value': <VariableAccessor (dynamic access)>}}","chan":"stdout","logger":"task"}
{"timestamp":"2025-07-29T19:45:24.324863","level":"info","event":"Done. Returned value was: 123","logger":"airflow.task.operators.airflow.providers.standard.operators.python.PythonOperator"}
{"timestamp":"2025-07-29T19:45:24.325171","level":"info","event":"Pushing xcom","ti":"RuntimeTaskInstance(id=UUID('019857b7-da9e-7d28-846d-1dff357ecfbe'), task_id='python', dag_id='python_operator_v1', run_id='scheduled__2023-06-23T23:06:00+00:00', try_number=1, map_index=-1, hostname='bf6f1e7a6f11', context_carrier={}, task=<Task(PythonOperator): python>, bundle_instance=LocalDagBundle(name=dags-folder), max_tries=0, start_date=datetime.datetime(2025, 7, 29, 19, 45, 23, 785786, tzinfo=datetime.timezone.utc), end_date=None, state=<TaskInstanceState.RUNNING: 'running'>, is_mapped=False, rendered_map_index=None, log_url='http://localhost:8080/dags/python_operator_v1/runs/scheduled__2023-06-23T23%3A06%3A00%2B00%3A00/tasks/python?try_number=1')","logger":"task"}
{"timestamp":"2025-07-29T19:45:24.349763Z","level":"info","event":"Task instance in success state","chan":"stdout","logger":"task"}
{"timestamp":"2025-07-29T19:45:24.349904Z","level":"info","event":" Previous state of the Task instance: TaskInstanceState.RUNNING","chan":"stdout","logger":"task"}
{"timestamp":"2025-07-29T19:45:24.350003Z","level":"info","event":"Task operator:<Task(PythonOperator): python>","chan":"stdout","logger":"task"}
