{"timestamp":"2025-07-29T19:35:00.424507","level":"info","event":"DAG bundles loaded: dags-folder, example_dags","logger":"airflow.dag_processing.bundles.manager.DagBundlesManager"}
{"timestamp":"2025-07-29T19:35:00.425021","level":"info","event":"Filling up the DagBag from /opt/airflow/dags/python_operator_v1.py","logger":"airflow.models.dagbag.DagBag"}
{"timestamp":"2025-07-29T19:35:00.465094Z","level":"info","event":"Task instance is in running state","chan":"stdout","logger":"task"}
{"timestamp":"2025-07-29T19:35:00.465315Z","level":"info","event":" Previous state of the Task instance: TaskInstanceState.QUEUED","chan":"stdout","logger":"task"}
{"timestamp":"2025-07-29T19:35:00.465859Z","level":"info","event":"Current task name:python","chan":"stdout","logger":"task"}
{"timestamp":"2025-07-29T19:35:00.465960Z","level":"info","event":"Dag name:python_operator_v1","chan":"stdout","logger":"task"}
{"timestamp":"2025-07-29T19:35:00.467115Z","level":"info","event":"poliana","chan":"stdout","logger":"task"}
{"timestamp":"2025-07-29T19:35:00.467832Z","level":"info","event":"{'conn': <ConnectionAccessor (dynamic access)>,","chan":"stdout","logger":"task"}
{"timestamp":"2025-07-29T19:35:00.468000Z","level":"info","event":" 'dag': <DAG: python_operator_v1>,","chan":"stdout","logger":"task"}
{"timestamp":"2025-07-29T19:35:00.468186Z","level":"info","event":" 'dag_run': DagRun(dag_id='python_operator_v1', run_id='scheduled__2023-06-23T11:42:00+00:00', logical_date=datetime.datetime(2023, 6, 23, 11, 42, tzinfo=datetime.timezone.utc), data_interval_start=datetime.datetime(2023, 6, 23, 11, 42, tzinfo=datetime.timezone.utc), data_interval_end=datetime.datetime(2023, 6, 23, 11, 42, tzinfo=datetime.timezone.utc), run_after=datetime.datetime(2023, 6, 23, 11, 42, tzinfo=datetime.timezone.utc), start_date=datetime.datetime(2025, 7, 29, 19, 34, 59, 516124, tzinfo=datetime.timezone.utc), end_date=None, clear_number=0, run_type=<DagRunType.SCHEDULED: 'scheduled'>, conf={}, consumed_asset_events=[]),","chan":"stdout","logger":"task"}
{"timestamp":"2025-07-29T19:35:00.468316Z","level":"info","event":" 'data_interval_end': DateTime(2023, 6, 23, 11, 42, 0, tzinfo=Timezone('UTC')),","chan":"stdout","logger":"task"}
{"timestamp":"2025-07-29T19:35:00.468402Z","level":"info","event":" 'data_interval_start': DateTime(2023, 6, 23, 11, 42, 0, tzinfo=Timezone('UTC')),","chan":"stdout","logger":"task"}
{"timestamp":"2025-07-29T19:35:00.468475Z","level":"info","event":" 'ds': '2023-06-23',","chan":"stdout","logger":"task"}
{"timestamp":"2025-07-29T19:35:00.468541Z","level":"info","event":" 'ds_nodash': '20230623',","chan":"stdout","logger":"task"}
{"timestamp":"2025-07-29T19:35:00.468599Z","level":"info","event":" 'inlet_events': InletEventsAccessors(_inlets=[], _assets={}, _asset_aliases={}),","chan":"stdout","logger":"task"}
{"timestamp":"2025-07-29T19:35:00.468656Z","level":"info","event":" 'inlets': [],","chan":"stdout","logger":"task"}
{"timestamp":"2025-07-29T19:35:00.468730Z","level":"info","event":" 'logical_date': DateTime(2023, 6, 23, 11, 42, 0, tzinfo=Timezone('UTC')),","chan":"stdout","logger":"task"}
{"timestamp":"2025-07-29T19:35:00.468827Z","level":"info","event":" 'macros': <MacrosAccessor (dynamic access to macros)>,","chan":"stdout","logger":"task"}
{"timestamp":"2025-07-29T19:35:00.468904Z","level":"info","event":" 'map_index_template': None,","chan":"stdout","logger":"task"}
{"timestamp":"2025-07-29T19:35:00.468965Z","level":"info","event":" 'outlet_events': <airflow.sdk.execution_time.context.OutletEventAccessors object at 0x7fb66fc48950>,","chan":"stdout","logger":"task"}
{"timestamp":"2025-07-29T19:35:00.469028Z","level":"info","event":" 'outlets': [],","chan":"stdout","logger":"task"}
{"timestamp":"2025-07-29T19:35:00.469085Z","level":"info","event":" 'params': {},","chan":"stdout","logger":"task"}
{"timestamp":"2025-07-29T19:35:00.482044Z","level":"info","event":" 'prev_data_interval_end_success': <Proxy at 0x7fb66fc83f80 with factory <function RuntimeTaskInstance.get_template_context.<locals>.<lambda> at 0x7fb66fca4e00>>,","chan":"stdout","logger":"task"}
{"timestamp":"2025-07-29T19:35:00.482258Z","level":"info","event":" 'prev_data_interval_start_success': <Proxy at 0x7fb66fc83b90 with factory <function RuntimeTaskInstance.get_template_context.<locals>.<lambda> at 0x7fb66fca6520>>,","chan":"stdout","logger":"task"}
{"timestamp":"2025-07-29T19:35:00.482358Z","level":"info","event":" 'prev_end_date_success': <Proxy at 0x7fb66fc83b30 with factory <function RuntimeTaskInstance.get_template_context.<locals>.<lambda> at 0x7fb66fca65c0>>,","chan":"stdout","logger":"task"}
{"timestamp":"2025-07-29T19:35:00.482431Z","level":"info","event":" 'prev_start_date_success': <Proxy at 0x7fb66fc83e30 with factory <function RuntimeTaskInstance.get_template_context.<locals>.<lambda> at 0x7fb66fca5300>>,","chan":"stdout","logger":"task"}
{"timestamp":"2025-07-29T19:35:00.482497Z","level":"info","event":" 'run_id': 'scheduled__2023-06-23T11:42:00+00:00',","chan":"stdout","logger":"task"}
{"timestamp":"2025-07-29T19:35:00.482560Z","level":"info","event":" 'task': <Task(PythonOperator): python>,","chan":"stdout","logger":"task"}
{"timestamp":"2025-07-29T19:35:00.482626Z","level":"info","event":" 'task_instance': RuntimeTaskInstance(id=UUID('019857ae-54b5-7bca-995e-6588fc0d2353'), task_id='python', dag_id='python_operator_v1', run_id='scheduled__2023-06-23T11:42:00+00:00', try_number=1, map_index=-1, hostname='bf6f1e7a6f11', context_carrier={}, task=<Task(PythonOperator): python>, bundle_instance=LocalDagBundle(name=dags-folder), max_tries=0, start_date=datetime.datetime(2025, 7, 29, 19, 34, 59, 723471, tzinfo=datetime.timezone.utc), end_date=None, state=<TaskInstanceState.RUNNING: 'running'>, is_mapped=False, rendered_map_index=None, log_url='http://localhost:8080/dags/python_operator_v1/runs/scheduled__2023-06-23T11%3A42%3A00%2B00%3A00/tasks/python?try_number=1'),","chan":"stdout","logger":"task"}
{"timestamp":"2025-07-29T19:35:00.482693Z","level":"info","event":" 'task_instance_key_str': 'python_operator_v1__python__20230623',","chan":"stdout","logger":"task"}
{"timestamp":"2025-07-29T19:35:00.482758Z","level":"info","event":" 'task_reschedule_count': 0,","chan":"stdout","logger":"task"}
{"timestamp":"2025-07-29T19:35:00.482826Z","level":"info","event":" 'templates_dict': None,","chan":"stdout","logger":"task"}
{"timestamp":"2025-07-29T19:35:00.482924Z","level":"info","event":" 'ti': RuntimeTaskInstance(id=UUID('019857ae-54b5-7bca-995e-6588fc0d2353'), task_id='python', dag_id='python_operator_v1', run_id='scheduled__2023-06-23T11:42:00+00:00', try_number=1, map_index=-1, hostname='bf6f1e7a6f11', context_carrier={}, task=<Task(PythonOperator): python>, bundle_instance=LocalDagBundle(name=dags-folder), max_tries=0, start_date=datetime.datetime(2025, 7, 29, 19, 34, 59, 723471, tzinfo=datetime.timezone.utc), end_date=None, state=<TaskInstanceState.RUNNING: 'running'>, is_mapped=False, rendered_map_index=None, log_url='http://localhost:8080/dags/python_operator_v1/runs/scheduled__2023-06-23T11%3A42%3A00%2B00%3A00/tasks/python?try_number=1'),","chan":"stdout","logger":"task"}
{"timestamp":"2025-07-29T19:35:00.483053Z","level":"info","event":" 'triggering_asset_events': TriggeringAssetEventsAccessor(_events=defaultdict(<class 'list'>, {})),","chan":"stdout","logger":"task"}
{"timestamp":"2025-07-29T19:35:00.483140Z","level":"info","event":" 'ts': '2023-06-23T11:42:00+00:00',","chan":"stdout","logger":"task"}
{"timestamp":"2025-07-29T19:35:00.483210Z","level":"info","event":" 'ts_nodash': '20230623T114200',","chan":"stdout","logger":"task"}
{"timestamp":"2025-07-29T19:35:00.483273Z","level":"info","event":" 'ts_nodash_with_tz': '20230623T114200+0000',","chan":"stdout","logger":"task"}
{"timestamp":"2025-07-29T19:35:00.483338Z","level":"info","event":" 'var': {'json': <VariableAccessor (dynamic access)>,","chan":"stdout","logger":"task"}
{"timestamp":"2025-07-29T19:35:00.483400Z","level":"info","event":"         'value': <VariableAccessor (dynamic access)>}}","chan":"stdout","logger":"task"}
{"timestamp":"2025-07-29T19:35:00.482896","level":"info","event":"Done. Returned value was: 123","logger":"airflow.task.operators.airflow.providers.standard.operators.python.PythonOperator"}
{"timestamp":"2025-07-29T19:35:00.483207","level":"info","event":"Pushing xcom","ti":"RuntimeTaskInstance(id=UUID('019857ae-54b5-7bca-995e-6588fc0d2353'), task_id='python', dag_id='python_operator_v1', run_id='scheduled__2023-06-23T11:42:00+00:00', try_number=1, map_index=-1, hostname='bf6f1e7a6f11', context_carrier={}, task=<Task(PythonOperator): python>, bundle_instance=LocalDagBundle(name=dags-folder), max_tries=0, start_date=datetime.datetime(2025, 7, 29, 19, 34, 59, 723471, tzinfo=datetime.timezone.utc), end_date=None, state=<TaskInstanceState.RUNNING: 'running'>, is_mapped=False, rendered_map_index=None, log_url='http://localhost:8080/dags/python_operator_v1/runs/scheduled__2023-06-23T11%3A42%3A00%2B00%3A00/tasks/python?try_number=1')","logger":"task"}
{"timestamp":"2025-07-29T19:35:00.513567Z","level":"info","event":"Task instance in success state","chan":"stdout","logger":"task"}
{"timestamp":"2025-07-29T19:35:00.513821Z","level":"info","event":" Previous state of the Task instance: TaskInstanceState.RUNNING","chan":"stdout","logger":"task"}
{"timestamp":"2025-07-29T19:35:00.514047Z","level":"info","event":"Task operator:<Task(PythonOperator): python>","chan":"stdout","logger":"task"}
