{"timestamp":"2025-07-29T19:31:50.511675","level":"info","event":"DAG bundles loaded: dags-folder, example_dags","logger":"airflow.dag_processing.bundles.manager.DagBundlesManager"}
{"timestamp":"2025-07-29T19:31:50.512424","level":"info","event":"Filling up the DagBag from /opt/airflow/dags/python_operator_v1.py","logger":"airflow.models.dagbag.DagBag"}
{"timestamp":"2025-07-29T19:31:50.532664Z","level":"info","event":"Task instance is in running state","chan":"stdout","logger":"task"}
{"timestamp":"2025-07-29T19:31:50.532818Z","level":"info","event":" Previous state of the Task instance: TaskInstanceState.QUEUED","chan":"stdout","logger":"task"}
{"timestamp":"2025-07-29T19:31:50.533184Z","level":"info","event":"Current task name:python","chan":"stdout","logger":"task"}
{"timestamp":"2025-07-29T19:31:50.533261Z","level":"info","event":"Dag name:python_operator_v1","chan":"stdout","logger":"task"}
{"timestamp":"2025-07-29T19:31:50.534215Z","level":"info","event":"poliana","chan":"stdout","logger":"task"}
{"timestamp":"2025-07-29T19:31:50.534764Z","level":"info","event":"{'conn': <ConnectionAccessor (dynamic access)>,","chan":"stdout","logger":"task"}
{"timestamp":"2025-07-29T19:31:50.534845Z","level":"info","event":" 'dag': <DAG: python_operator_v1>,","chan":"stdout","logger":"task"}
{"timestamp":"2025-07-29T19:31:50.534928Z","level":"info","event":" 'dag_run': DagRun(dag_id='python_operator_v1', run_id='scheduled__2023-06-23T08:10:00+00:00', logical_date=datetime.datetime(2023, 6, 23, 8, 10, tzinfo=datetime.timezone.utc), data_interval_start=datetime.datetime(2023, 6, 23, 8, 10, tzinfo=datetime.timezone.utc), data_interval_end=datetime.datetime(2023, 6, 23, 8, 10, tzinfo=datetime.timezone.utc), run_after=datetime.datetime(2023, 6, 23, 8, 10, tzinfo=datetime.timezone.utc), start_date=datetime.datetime(2025, 7, 29, 19, 31, 49, 723648, tzinfo=datetime.timezone.utc), end_date=None, clear_number=0, run_type=<DagRunType.SCHEDULED: 'scheduled'>, conf={}, consumed_asset_events=[]),","chan":"stdout","logger":"task"}
{"timestamp":"2025-07-29T19:31:50.534997Z","level":"info","event":" 'data_interval_end': DateTime(2023, 6, 23, 8, 10, 0, tzinfo=Timezone('UTC')),","chan":"stdout","logger":"task"}
{"timestamp":"2025-07-29T19:31:50.535045Z","level":"info","event":" 'data_interval_start': DateTime(2023, 6, 23, 8, 10, 0, tzinfo=Timezone('UTC')),","chan":"stdout","logger":"task"}
{"timestamp":"2025-07-29T19:31:50.535087Z","level":"info","event":" 'ds': '2023-06-23',","chan":"stdout","logger":"task"}
{"timestamp":"2025-07-29T19:31:50.535128Z","level":"info","event":" 'ds_nodash': '20230623',","chan":"stdout","logger":"task"}
{"timestamp":"2025-07-29T19:31:50.535168Z","level":"info","event":" 'inlet_events': InletEventsAccessors(_inlets=[], _assets={}, _asset_aliases={}),","chan":"stdout","logger":"task"}
{"timestamp":"2025-07-29T19:31:50.535209Z","level":"info","event":" 'inlets': [],","chan":"stdout","logger":"task"}
{"timestamp":"2025-07-29T19:31:50.535249Z","level":"info","event":" 'logical_date': DateTime(2023, 6, 23, 8, 10, 0, tzinfo=Timezone('UTC')),","chan":"stdout","logger":"task"}
{"timestamp":"2025-07-29T19:31:50.535288Z","level":"info","event":" 'macros': <MacrosAccessor (dynamic access to macros)>,","chan":"stdout","logger":"task"}
{"timestamp":"2025-07-29T19:31:50.535328Z","level":"info","event":" 'map_index_template': None,","chan":"stdout","logger":"task"}
{"timestamp":"2025-07-29T19:31:50.535368Z","level":"info","event":" 'outlet_events': <airflow.sdk.execution_time.context.OutletEventAccessors object at 0x7fb67b52e720>,","chan":"stdout","logger":"task"}
{"timestamp":"2025-07-29T19:31:50.535409Z","level":"info","event":" 'outlets': [],","chan":"stdout","logger":"task"}
{"timestamp":"2025-07-29T19:31:50.535448Z","level":"info","event":" 'params': {},","chan":"stdout","logger":"task"}
{"timestamp":"2025-07-29T19:31:50.543273Z","level":"info","event":" 'prev_data_interval_end_success': <Proxy at 0x7fb66fc73230 with factory <function RuntimeTaskInstance.get_template_context.<locals>.<lambda> at 0x7fb66fc98040>>,","chan":"stdout","logger":"task"}
{"timestamp":"2025-07-29T19:31:50.543406Z","level":"info","event":" 'prev_data_interval_start_success': <Proxy at 0x7fb66fc732f0 with factory <function RuntimeTaskInstance.get_template_context.<locals>.<lambda> at 0x7fb66fc994e0>>,","chan":"stdout","logger":"task"}
{"timestamp":"2025-07-29T19:31:50.543499Z","level":"info","event":" 'prev_end_date_success': <Proxy at 0x7fb67ebe73b0 with factory <function RuntimeTaskInstance.get_template_context.<locals>.<lambda> at 0x7fb66fc99580>>,","chan":"stdout","logger":"task"}
{"timestamp":"2025-07-29T19:31:50.543552Z","level":"info","event":" 'prev_start_date_success': <Proxy at 0x7fb66fc0e990 with factory <function RuntimeTaskInstance.get_template_context.<locals>.<lambda> at 0x7fb66fc982c0>>,","chan":"stdout","logger":"task"}
{"timestamp":"2025-07-29T19:31:50.543598Z","level":"info","event":" 'run_id': 'scheduled__2023-06-23T08:10:00+00:00',","chan":"stdout","logger":"task"}
{"timestamp":"2025-07-29T19:31:50.543641Z","level":"info","event":" 'task': <Task(PythonOperator): python>,","chan":"stdout","logger":"task"}
{"timestamp":"2025-07-29T19:31:50.543688Z","level":"info","event":" 'task_instance': RuntimeTaskInstance(id=UUID('019857ab-6f54-74bc-8680-e71004b89a81'), task_id='python', dag_id='python_operator_v1', run_id='scheduled__2023-06-23T08:10:00+00:00', try_number=1, map_index=-1, hostname='bf6f1e7a6f11', context_carrier={}, task=<Task(PythonOperator): python>, bundle_instance=LocalDagBundle(name=dags-folder), max_tries=0, start_date=datetime.datetime(2025, 7, 29, 19, 31, 50, 26865, tzinfo=datetime.timezone.utc), end_date=None, state=<TaskInstanceState.RUNNING: 'running'>, is_mapped=False, rendered_map_index=None, log_url='http://localhost:8080/dags/python_operator_v1/runs/scheduled__2023-06-23T08%3A10%3A00%2B00%3A00/tasks/python?try_number=1'),","chan":"stdout","logger":"task"}
{"timestamp":"2025-07-29T19:31:50.543732Z","level":"info","event":" 'task_instance_key_str': 'python_operator_v1__python__20230623',","chan":"stdout","logger":"task"}
{"timestamp":"2025-07-29T19:31:50.543773Z","level":"info","event":" 'task_reschedule_count': 0,","chan":"stdout","logger":"task"}
{"timestamp":"2025-07-29T19:31:50.543813Z","level":"info","event":" 'templates_dict': None,","chan":"stdout","logger":"task"}
{"timestamp":"2025-07-29T19:31:50.543856Z","level":"info","event":" 'ti': RuntimeTaskInstance(id=UUID('019857ab-6f54-74bc-8680-e71004b89a81'), task_id='python', dag_id='python_operator_v1', run_id='scheduled__2023-06-23T08:10:00+00:00', try_number=1, map_index=-1, hostname='bf6f1e7a6f11', context_carrier={}, task=<Task(PythonOperator): python>, bundle_instance=LocalDagBundle(name=dags-folder), max_tries=0, start_date=datetime.datetime(2025, 7, 29, 19, 31, 50, 26865, tzinfo=datetime.timezone.utc), end_date=None, state=<TaskInstanceState.RUNNING: 'running'>, is_mapped=False, rendered_map_index=None, log_url='http://localhost:8080/dags/python_operator_v1/runs/scheduled__2023-06-23T08%3A10%3A00%2B00%3A00/tasks/python?try_number=1'),","chan":"stdout","logger":"task"}
{"timestamp":"2025-07-29T19:31:50.543941Z","level":"info","event":" 'triggering_asset_events': TriggeringAssetEventsAccessor(_events=defaultdict(<class 'list'>, {})),","chan":"stdout","logger":"task"}
{"timestamp":"2025-07-29T19:31:50.543986Z","level":"info","event":" 'ts': '2023-06-23T08:10:00+00:00',","chan":"stdout","logger":"task"}
{"timestamp":"2025-07-29T19:31:50.544027Z","level":"info","event":" 'ts_nodash': '20230623T081000',","chan":"stdout","logger":"task"}
{"timestamp":"2025-07-29T19:31:50.544069Z","level":"info","event":" 'ts_nodash_with_tz': '20230623T081000+0000',","chan":"stdout","logger":"task"}
{"timestamp":"2025-07-29T19:31:50.544111Z","level":"info","event":" 'var': {'json': <VariableAccessor (dynamic access)>,","chan":"stdout","logger":"task"}
{"timestamp":"2025-07-29T19:31:50.544151Z","level":"info","event":"         'value': <VariableAccessor (dynamic access)>}}","chan":"stdout","logger":"task"}
{"timestamp":"2025-07-29T19:31:50.543899","level":"info","event":"Done. Returned value was: 123","logger":"airflow.task.operators.airflow.providers.standard.operators.python.PythonOperator"}
{"timestamp":"2025-07-29T19:31:50.544062","level":"info","event":"Pushing xcom","ti":"RuntimeTaskInstance(id=UUID('019857ab-6f54-74bc-8680-e71004b89a81'), task_id='python', dag_id='python_operator_v1', run_id='scheduled__2023-06-23T08:10:00+00:00', try_number=1, map_index=-1, hostname='bf6f1e7a6f11', context_carrier={}, task=<Task(PythonOperator): python>, bundle_instance=LocalDagBundle(name=dags-folder), max_tries=0, start_date=datetime.datetime(2025, 7, 29, 19, 31, 50, 26865, tzinfo=datetime.timezone.utc), end_date=None, state=<TaskInstanceState.RUNNING: 'running'>, is_mapped=False, rendered_map_index=None, log_url='http://localhost:8080/dags/python_operator_v1/runs/scheduled__2023-06-23T08%3A10%3A00%2B00%3A00/tasks/python?try_number=1')","logger":"task"}
{"timestamp":"2025-07-29T19:31:50.564836Z","level":"info","event":"Task instance in success state","chan":"stdout","logger":"task"}
{"timestamp":"2025-07-29T19:31:50.564960Z","level":"info","event":" Previous state of the Task instance: TaskInstanceState.RUNNING","chan":"stdout","logger":"task"}
{"timestamp":"2025-07-29T19:31:50.565050Z","level":"info","event":"Task operator:<Task(PythonOperator): python>","chan":"stdout","logger":"task"}
