{"timestamp":"2025-07-29T19:42:35.712136","level":"info","event":"DAG bundles loaded: dags-folder, example_dags","logger":"airflow.dag_processing.bundles.manager.DagBundlesManager"}
{"timestamp":"2025-07-29T19:42:35.712708","level":"info","event":"Filling up the DagBag from /opt/airflow/dags/python_operator_v1.py","logger":"airflow.models.dagbag.DagBag"}
{"timestamp":"2025-07-29T19:42:35.735640Z","level":"info","event":"Task instance is in running state","chan":"stdout","logger":"task"}
{"timestamp":"2025-07-29T19:42:35.735825Z","level":"info","event":" Previous state of the Task instance: TaskInstanceState.QUEUED","chan":"stdout","logger":"task"}
{"timestamp":"2025-07-29T19:42:35.737614Z","level":"info","event":"Current task name:python","chan":"stdout","logger":"task"}
{"timestamp":"2025-07-29T19:42:35.737795Z","level":"info","event":"Dag name:python_operator_v1","chan":"stdout","logger":"task"}
{"timestamp":"2025-07-29T19:42:35.738929Z","level":"info","event":"poliana","chan":"stdout","logger":"task"}
{"timestamp":"2025-07-29T19:42:35.739657Z","level":"info","event":"{'conn': <ConnectionAccessor (dynamic access)>,","chan":"stdout","logger":"task"}
{"timestamp":"2025-07-29T19:42:35.739804Z","level":"info","event":" 'dag': <DAG: python_operator_v1>,","chan":"stdout","logger":"task"}
{"timestamp":"2025-07-29T19:42:35.739949Z","level":"info","event":" 'dag_run': DagRun(dag_id='python_operator_v1', run_id='scheduled__2023-06-23T19:58:00+00:00', logical_date=datetime.datetime(2023, 6, 23, 19, 58, tzinfo=datetime.timezone.utc), data_interval_start=datetime.datetime(2023, 6, 23, 19, 58, tzinfo=datetime.timezone.utc), data_interval_end=datetime.datetime(2023, 6, 23, 19, 58, tzinfo=datetime.timezone.utc), run_after=datetime.datetime(2023, 6, 23, 19, 58, tzinfo=datetime.timezone.utc), start_date=datetime.datetime(2025, 7, 29, 19, 42, 34, 952411, tzinfo=datetime.timezone.utc), end_date=None, clear_number=0, run_type=<DagRunType.SCHEDULED: 'scheduled'>, conf={}, consumed_asset_events=[]),","chan":"stdout","logger":"task"}
{"timestamp":"2025-07-29T19:42:35.740043Z","level":"info","event":" 'data_interval_end': DateTime(2023, 6, 23, 19, 58, 0, tzinfo=Timezone('UTC')),","chan":"stdout","logger":"task"}
{"timestamp":"2025-07-29T19:42:35.740147Z","level":"info","event":" 'data_interval_start': DateTime(2023, 6, 23, 19, 58, 0, tzinfo=Timezone('UTC')),","chan":"stdout","logger":"task"}
{"timestamp":"2025-07-29T19:42:35.740207Z","level":"info","event":" 'ds': '2023-06-23',","chan":"stdout","logger":"task"}
{"timestamp":"2025-07-29T19:42:35.740251Z","level":"info","event":" 'ds_nodash': '20230623',","chan":"stdout","logger":"task"}
{"timestamp":"2025-07-29T19:42:35.740293Z","level":"info","event":" 'inlet_events': InletEventsAccessors(_inlets=[], _assets={}, _asset_aliases={}),","chan":"stdout","logger":"task"}
{"timestamp":"2025-07-29T19:42:35.740335Z","level":"info","event":" 'inlets': [],","chan":"stdout","logger":"task"}
{"timestamp":"2025-07-29T19:42:35.740377Z","level":"info","event":" 'logical_date': DateTime(2023, 6, 23, 19, 58, 0, tzinfo=Timezone('UTC')),","chan":"stdout","logger":"task"}
{"timestamp":"2025-07-29T19:42:35.740417Z","level":"info","event":" 'macros': <MacrosAccessor (dynamic access to macros)>,","chan":"stdout","logger":"task"}
{"timestamp":"2025-07-29T19:42:35.740459Z","level":"info","event":" 'map_index_template': None,","chan":"stdout","logger":"task"}
{"timestamp":"2025-07-29T19:42:35.740500Z","level":"info","event":" 'outlet_events': <airflow.sdk.execution_time.context.OutletEventAccessors object at 0x7fb66febfa70>,","chan":"stdout","logger":"task"}
{"timestamp":"2025-07-29T19:42:35.740541Z","level":"info","event":" 'outlets': [],","chan":"stdout","logger":"task"}
{"timestamp":"2025-07-29T19:42:35.740582Z","level":"info","event":" 'params': {},","chan":"stdout","logger":"task"}
{"timestamp":"2025-07-29T19:42:35.750489Z","level":"info","event":" 'prev_data_interval_end_success': <Proxy at 0x7fb66fdd8650 with factory <function RuntimeTaskInstance.get_template_context.<locals>.<lambda> at 0x7fb66fdd00e0>>,","chan":"stdout","logger":"task"}
{"timestamp":"2025-07-29T19:42:35.750688Z","level":"info","event":" 'prev_data_interval_start_success': <Proxy at 0x7fb66fd53950 with factory <function RuntimeTaskInstance.get_template_context.<locals>.<lambda> at 0x7fb66fdd1300>>,","chan":"stdout","logger":"task"}
{"timestamp":"2025-07-29T19:42:35.750795Z","level":"info","event":" 'prev_end_date_success': <Proxy at 0x7fb677b1e9f0 with factory <function RuntimeTaskInstance.get_template_context.<locals>.<lambda> at 0x7fb66fdd13a0>>,","chan":"stdout","logger":"task"}
{"timestamp":"2025-07-29T19:42:35.750875Z","level":"info","event":" 'prev_start_date_success': <Proxy at 0x7fb66fd36750 with factory <function RuntimeTaskInstance.get_template_context.<locals>.<lambda> at 0x7fb66fdc7ba0>>,","chan":"stdout","logger":"task"}
{"timestamp":"2025-07-29T19:42:35.750926Z","level":"info","event":" 'run_id': 'scheduled__2023-06-23T19:58:00+00:00',","chan":"stdout","logger":"task"}
{"timestamp":"2025-07-29T19:42:35.750971Z","level":"info","event":" 'task': <Task(PythonOperator): python>,","chan":"stdout","logger":"task"}
{"timestamp":"2025-07-29T19:42:35.751016Z","level":"info","event":" 'task_instance': RuntimeTaskInstance(id=UUID('019857b5-47bf-7c18-bf53-b8c11547c071'), task_id='python', dag_id='python_operator_v1', run_id='scheduled__2023-06-23T19:58:00+00:00', try_number=1, map_index=-1, hostname='bf6f1e7a6f11', context_carrier={}, task=<Task(PythonOperator): python>, bundle_instance=LocalDagBundle(name=dags-folder), max_tries=0, start_date=datetime.datetime(2025, 7, 29, 19, 42, 35, 256971, tzinfo=datetime.timezone.utc), end_date=None, state=<TaskInstanceState.RUNNING: 'running'>, is_mapped=False, rendered_map_index=None, log_url='http://localhost:8080/dags/python_operator_v1/runs/scheduled__2023-06-23T19%3A58%3A00%2B00%3A00/tasks/python?try_number=1'),","chan":"stdout","logger":"task"}
{"timestamp":"2025-07-29T19:42:35.751063Z","level":"info","event":" 'task_instance_key_str': 'python_operator_v1__python__20230623',","chan":"stdout","logger":"task"}
{"timestamp":"2025-07-29T19:42:35.751107Z","level":"info","event":" 'task_reschedule_count': 0,","chan":"stdout","logger":"task"}
{"timestamp":"2025-07-29T19:42:35.751148Z","level":"info","event":" 'templates_dict': None,","chan":"stdout","logger":"task"}
{"timestamp":"2025-07-29T19:42:35.751189Z","level":"info","event":" 'ti': RuntimeTaskInstance(id=UUID('019857b5-47bf-7c18-bf53-b8c11547c071'), task_id='python', dag_id='python_operator_v1', run_id='scheduled__2023-06-23T19:58:00+00:00', try_number=1, map_index=-1, hostname='bf6f1e7a6f11', context_carrier={}, task=<Task(PythonOperator): python>, bundle_instance=LocalDagBundle(name=dags-folder), max_tries=0, start_date=datetime.datetime(2025, 7, 29, 19, 42, 35, 256971, tzinfo=datetime.timezone.utc), end_date=None, state=<TaskInstanceState.RUNNING: 'running'>, is_mapped=False, rendered_map_index=None, log_url='http://localhost:8080/dags/python_operator_v1/runs/scheduled__2023-06-23T19%3A58%3A00%2B00%3A00/tasks/python?try_number=1'),","chan":"stdout","logger":"task"}
{"timestamp":"2025-07-29T19:42:35.751263Z","level":"info","event":" 'triggering_asset_events': TriggeringAssetEventsAccessor(_events=defaultdict(<class 'list'>, {})),","chan":"stdout","logger":"task"}
{"timestamp":"2025-07-29T19:42:35.751312Z","level":"info","event":" 'ts': '2023-06-23T19:58:00+00:00',","chan":"stdout","logger":"task"}
{"timestamp":"2025-07-29T19:42:35.751355Z","level":"info","event":" 'ts_nodash': '20230623T195800',","chan":"stdout","logger":"task"}
{"timestamp":"2025-07-29T19:42:35.751398Z","level":"info","event":" 'ts_nodash_with_tz': '20230623T195800+0000',","chan":"stdout","logger":"task"}
{"timestamp":"2025-07-29T19:42:35.751439Z","level":"info","event":" 'var': {'json': <VariableAccessor (dynamic access)>,","chan":"stdout","logger":"task"}
{"timestamp":"2025-07-29T19:42:35.751480Z","level":"info","event":"         'value': <VariableAccessor (dynamic access)>}}","chan":"stdout","logger":"task"}
{"timestamp":"2025-07-29T19:42:35.751222","level":"info","event":"Done. Returned value was: 123","logger":"airflow.task.operators.airflow.providers.standard.operators.python.PythonOperator"}
{"timestamp":"2025-07-29T19:42:35.751414","level":"info","event":"Pushing xcom","ti":"RuntimeTaskInstance(id=UUID('019857b5-47bf-7c18-bf53-b8c11547c071'), task_id='python', dag_id='python_operator_v1', run_id='scheduled__2023-06-23T19:58:00+00:00', try_number=1, map_index=-1, hostname='bf6f1e7a6f11', context_carrier={}, task=<Task(PythonOperator): python>, bundle_instance=LocalDagBundle(name=dags-folder), max_tries=0, start_date=datetime.datetime(2025, 7, 29, 19, 42, 35, 256971, tzinfo=datetime.timezone.utc), end_date=None, state=<TaskInstanceState.RUNNING: 'running'>, is_mapped=False, rendered_map_index=None, log_url='http://localhost:8080/dags/python_operator_v1/runs/scheduled__2023-06-23T19%3A58%3A00%2B00%3A00/tasks/python?try_number=1')","logger":"task"}
{"timestamp":"2025-07-29T19:42:35.776253Z","level":"info","event":"Task instance in success state","chan":"stdout","logger":"task"}
{"timestamp":"2025-07-29T19:42:35.776385Z","level":"info","event":" Previous state of the Task instance: TaskInstanceState.RUNNING","chan":"stdout","logger":"task"}
{"timestamp":"2025-07-29T19:42:35.776474Z","level":"info","event":"Task operator:<Task(PythonOperator): python>","chan":"stdout","logger":"task"}
