{"timestamp":"2025-07-29T20:06:53.166146","level":"info","event":"DAG bundles loaded: dags-folder, example_dags","logger":"airflow.dag_processing.bundles.manager.DagBundlesManager"}
{"timestamp":"2025-07-29T20:06:53.166664","level":"info","event":"Filling up the DagBag from /opt/airflow/dags/3_dag_principal.py","logger":"airflow.models.dagbag.DagBag"}
{"timestamp":"2025-07-29T20:06:53.189055Z","level":"info","event":"Task instance is in running state","chan":"stdout","logger":"task"}
{"timestamp":"2025-07-29T20:06:53.189191Z","level":"info","event":" Previous state of the Task instance: TaskInstanceState.QUEUED","chan":"stdout","logger":"task"}
{"timestamp":"2025-07-29T20:06:53.189618Z","level":"info","event":"Current task name:python_principal","chan":"stdout","logger":"task"}
{"timestamp":"2025-07-29T20:06:53.189797Z","level":"info","event":"Dag name:3_DAG_principal","chan":"stdout","logger":"task"}
{"timestamp":"2025-07-29T20:06:53.190822Z","level":"info","event":"DAG principal","chan":"stdout","logger":"task"}
{"timestamp":"2025-07-29T20:06:53.191349Z","level":"info","event":"{'conn': <ConnectionAccessor (dynamic access)>,","chan":"stdout","logger":"task"}
{"timestamp":"2025-07-29T20:06:53.191448Z","level":"info","event":" 'dag': <DAG: 3_DAG_principal>,","chan":"stdout","logger":"task"}
{"timestamp":"2025-07-29T20:06:53.191562Z","level":"info","event":" 'dag_run': DagRun(dag_id='3_DAG_principal', run_id='scheduled__2024-09-15T20:00:00+00:00', logical_date=datetime.datetime(2024, 9, 15, 20, 0, tzinfo=datetime.timezone.utc), data_interval_start=datetime.datetime(2024, 9, 15, 20, 0, tzinfo=datetime.timezone.utc), data_interval_end=datetime.datetime(2024, 9, 15, 20, 0, tzinfo=datetime.timezone.utc), run_after=datetime.datetime(2024, 9, 15, 20, 0, tzinfo=datetime.timezone.utc), start_date=datetime.datetime(2025, 7, 29, 20, 6, 52, 239979, tzinfo=datetime.timezone.utc), end_date=None, clear_number=0, run_type=<DagRunType.SCHEDULED: 'scheduled'>, conf={}, consumed_asset_events=[]),","chan":"stdout","logger":"task"}
{"timestamp":"2025-07-29T20:06:53.191625Z","level":"info","event":" 'data_interval_end': DateTime(2024, 9, 15, 20, 0, 0, tzinfo=Timezone('UTC')),","chan":"stdout","logger":"task"}
{"timestamp":"2025-07-29T20:06:53.191673Z","level":"info","event":" 'data_interval_start': DateTime(2024, 9, 15, 20, 0, 0, tzinfo=Timezone('UTC')),","chan":"stdout","logger":"task"}
{"timestamp":"2025-07-29T20:06:53.191716Z","level":"info","event":" 'ds': '2024-09-15',","chan":"stdout","logger":"task"}
{"timestamp":"2025-07-29T20:06:53.191758Z","level":"info","event":" 'ds_nodash': '20240915',","chan":"stdout","logger":"task"}
{"timestamp":"2025-07-29T20:06:53.191799Z","level":"info","event":" 'inlet_events': InletEventsAccessors(_inlets=[], _assets={}, _asset_aliases={}),","chan":"stdout","logger":"task"}
{"timestamp":"2025-07-29T20:06:53.191840Z","level":"info","event":" 'inlets': [],","chan":"stdout","logger":"task"}
{"timestamp":"2025-07-29T20:06:53.191879Z","level":"info","event":" 'logical_date': DateTime(2024, 9, 15, 20, 0, 0, tzinfo=Timezone('UTC')),","chan":"stdout","logger":"task"}
{"timestamp":"2025-07-29T20:06:53.191919Z","level":"info","event":" 'macros': <MacrosAccessor (dynamic access to macros)>,","chan":"stdout","logger":"task"}
{"timestamp":"2025-07-29T20:06:53.191961Z","level":"info","event":" 'map_index_template': None,","chan":"stdout","logger":"task"}
{"timestamp":"2025-07-29T20:06:53.192002Z","level":"info","event":" 'outlet_events': <airflow.sdk.execution_time.context.OutletEventAccessors object at 0x7fb67c39fa70>,","chan":"stdout","logger":"task"}
{"timestamp":"2025-07-29T20:06:53.192042Z","level":"info","event":" 'outlets': [],","chan":"stdout","logger":"task"}
{"timestamp":"2025-07-29T20:06:53.192081Z","level":"info","event":" 'params': {},","chan":"stdout","logger":"task"}
{"timestamp":"2025-07-29T20:06:53.201015Z","level":"info","event":" 'prev_data_interval_end_success': <Proxy at 0x7fb66fc320c0 with factory <function RuntimeTaskInstance.get_template_context.<locals>.<lambda> at 0x7fb6782816c0>>,","chan":"stdout","logger":"task"}
{"timestamp":"2025-07-29T20:06:53.201184Z","level":"info","event":" 'prev_data_interval_start_success': <Proxy at 0x7fb66fc32120 with factory <function RuntimeTaskInstance.get_template_context.<locals>.<lambda> at 0x7fb678280180>>,","chan":"stdout","logger":"task"}
{"timestamp":"2025-07-29T20:06:53.201248Z","level":"info","event":" 'prev_end_date_success': <Proxy at 0x7fb67ea17e30 with factory <function RuntimeTaskInstance.get_template_context.<locals>.<lambda> at 0x7fb678281760>>,","chan":"stdout","logger":"task"}
{"timestamp":"2025-07-29T20:06:53.201297Z","level":"info","event":" 'prev_start_date_success': <Proxy at 0x7fb66fc30620 with factory <function RuntimeTaskInstance.get_template_context.<locals>.<lambda> at 0x7fb6782804a0>>,","chan":"stdout","logger":"task"}
{"timestamp":"2025-07-29T20:06:53.201343Z","level":"info","event":" 'run_id': 'scheduled__2024-09-15T20:00:00+00:00',","chan":"stdout","logger":"task"}
{"timestamp":"2025-07-29T20:06:53.201388Z","level":"info","event":" 'task': <Task(PythonOperator): python_principal>,","chan":"stdout","logger":"task"}
{"timestamp":"2025-07-29T20:06:53.201433Z","level":"info","event":" 'task_instance': RuntimeTaskInstance(id=UUID('019857cb-8445-7247-b1aa-cd02c25c9676'), task_id='python_principal', dag_id='3_DAG_principal', run_id='scheduled__2024-09-15T20:00:00+00:00', try_number=1, map_index=-1, hostname='bf6f1e7a6f11', context_carrier={}, task=<Task(PythonOperator): python_principal>, bundle_instance=LocalDagBundle(name=dags-folder), max_tries=0, start_date=datetime.datetime(2025, 7, 29, 20, 6, 52, 598817, tzinfo=datetime.timezone.utc), end_date=None, state=<TaskInstanceState.RUNNING: 'running'>, is_mapped=False, rendered_map_index=None, log_url='http://localhost:8080/dags/3_DAG_principal/runs/scheduled__2024-09-15T20%3A00%3A00%2B00%3A00/tasks/python_principal?try_number=1'),","chan":"stdout","logger":"task"}
{"timestamp":"2025-07-29T20:06:53.201508Z","level":"info","event":" 'task_instance_key_str': '3_DAG_principal__python_principal__20240915',","chan":"stdout","logger":"task"}
{"timestamp":"2025-07-29T20:06:53.201558Z","level":"info","event":" 'task_reschedule_count': 0,","chan":"stdout","logger":"task"}
{"timestamp":"2025-07-29T20:06:53.201601Z","level":"info","event":" 'templates_dict': None,","chan":"stdout","logger":"task"}
{"timestamp":"2025-07-29T20:06:53.201644Z","level":"info","event":" 'ti': RuntimeTaskInstance(id=UUID('019857cb-8445-7247-b1aa-cd02c25c9676'), task_id='python_principal', dag_id='3_DAG_principal', run_id='scheduled__2024-09-15T20:00:00+00:00', try_number=1, map_index=-1, hostname='bf6f1e7a6f11', context_carrier={}, task=<Task(PythonOperator): python_principal>, bundle_instance=LocalDagBundle(name=dags-folder), max_tries=0, start_date=datetime.datetime(2025, 7, 29, 20, 6, 52, 598817, tzinfo=datetime.timezone.utc), end_date=None, state=<TaskInstanceState.RUNNING: 'running'>, is_mapped=False, rendered_map_index=None, log_url='http://localhost:8080/dags/3_DAG_principal/runs/scheduled__2024-09-15T20%3A00%3A00%2B00%3A00/tasks/python_principal?try_number=1'),","chan":"stdout","logger":"task"}
{"timestamp":"2025-07-29T20:06:53.201689Z","level":"info","event":" 'triggering_asset_events': TriggeringAssetEventsAccessor(_events=defaultdict(<class 'list'>, {})),","chan":"stdout","logger":"task"}
{"timestamp":"2025-07-29T20:06:53.201732Z","level":"info","event":" 'ts': '2024-09-15T20:00:00+00:00',","chan":"stdout","logger":"task"}
{"timestamp":"2025-07-29T20:06:53.201773Z","level":"info","event":" 'ts_nodash': '20240915T200000',","chan":"stdout","logger":"task"}
{"timestamp":"2025-07-29T20:06:53.201813Z","level":"info","event":" 'ts_nodash_with_tz': '20240915T200000+0000',","chan":"stdout","logger":"task"}
{"timestamp":"2025-07-29T20:06:53.201854Z","level":"info","event":" 'var': {'json': <VariableAccessor (dynamic access)>,","chan":"stdout","logger":"task"}
{"timestamp":"2025-07-29T20:06:53.201895Z","level":"info","event":"         'value': <VariableAccessor (dynamic access)>}}","chan":"stdout","logger":"task"}
{"timestamp":"2025-07-29T20:06:53.201434","level":"info","event":"Done. Returned value was: principal","logger":"airflow.task.operators.airflow.providers.standard.operators.python.PythonOperator"}
{"timestamp":"2025-07-29T20:06:53.201651","level":"info","event":"Pushing xcom","ti":"RuntimeTaskInstance(id=UUID('019857cb-8445-7247-b1aa-cd02c25c9676'), task_id='python_principal', dag_id='3_DAG_principal', run_id='scheduled__2024-09-15T20:00:00+00:00', try_number=1, map_index=-1, hostname='bf6f1e7a6f11', context_carrier={}, task=<Task(PythonOperator): python_principal>, bundle_instance=LocalDagBundle(name=dags-folder), max_tries=0, start_date=datetime.datetime(2025, 7, 29, 20, 6, 52, 598817, tzinfo=datetime.timezone.utc), end_date=None, state=<TaskInstanceState.RUNNING: 'running'>, is_mapped=False, rendered_map_index=None, log_url='http://localhost:8080/dags/3_DAG_principal/runs/scheduled__2024-09-15T20%3A00%3A00%2B00%3A00/tasks/python_principal?try_number=1')","logger":"task"}
{"timestamp":"2025-07-29T20:06:53.229972Z","level":"info","event":"Task instance in success state","chan":"stdout","logger":"task"}
{"timestamp":"2025-07-29T20:06:53.230137Z","level":"info","event":" Previous state of the Task instance: TaskInstanceState.RUNNING","chan":"stdout","logger":"task"}
{"timestamp":"2025-07-29T20:06:53.230287Z","level":"info","event":"Task operator:<Task(PythonOperator): python_principal>","chan":"stdout","logger":"task"}
