{"timestamp":"2025-07-29T19:58:39.735268","level":"info","event":"DAG bundles loaded: dags-folder, example_dags","logger":"airflow.dag_processing.bundles.manager.DagBundlesManager"}
{"timestamp":"2025-07-29T19:58:39.737547","level":"info","event":"Filling up the DagBag from /opt/airflow/dags/2_python_operator_v1.py","logger":"airflow.models.dagbag.DagBag"}
{"timestamp":"2025-07-29T19:58:39.794218Z","level":"info","event":"Task instance is in running state","chan":"stdout","logger":"task"}
{"timestamp":"2025-07-29T19:58:39.794710Z","level":"info","event":" Previous state of the Task instance: TaskInstanceState.QUEUED","chan":"stdout","logger":"task"}
{"timestamp":"2025-07-29T19:58:39.798252Z","level":"info","event":"Current task name:python","chan":"stdout","logger":"task"}
{"timestamp":"2025-07-29T19:58:39.798505Z","level":"info","event":"Dag name:python_operator_v1","chan":"stdout","logger":"task"}
{"timestamp":"2025-07-29T19:58:39.799980Z","level":"info","event":"poliana","chan":"stdout","logger":"task"}
{"timestamp":"2025-07-29T19:58:39.801091Z","level":"info","event":"{'conn': <ConnectionAccessor (dynamic access)>,","chan":"stdout","logger":"task"}
{"timestamp":"2025-07-29T19:58:39.801309Z","level":"info","event":" 'dag': <DAG: python_operator_v1>,","chan":"stdout","logger":"task"}
{"timestamp":"2025-07-29T19:58:39.801510Z","level":"info","event":" 'dag_run': DagRun(dag_id='python_operator_v1', run_id='scheduled__2023-06-24T13:14:00+00:00', logical_date=datetime.datetime(2023, 6, 24, 13, 14, tzinfo=datetime.timezone.utc), data_interval_start=datetime.datetime(2023, 6, 24, 13, 14, tzinfo=datetime.timezone.utc), data_interval_end=datetime.datetime(2023, 6, 24, 13, 14, tzinfo=datetime.timezone.utc), run_after=datetime.datetime(2023, 6, 24, 13, 14, tzinfo=datetime.timezone.utc), start_date=datetime.datetime(2025, 7, 29, 19, 58, 38, 344232, tzinfo=datetime.timezone.utc), end_date=None, clear_number=0, run_type=<DagRunType.SCHEDULED: 'scheduled'>, conf={}, consumed_asset_events=[]),","chan":"stdout","logger":"task"}
{"timestamp":"2025-07-29T19:58:39.801630Z","level":"info","event":" 'data_interval_end': DateTime(2023, 6, 24, 13, 14, 0, tzinfo=Timezone('UTC')),","chan":"stdout","logger":"task"}
{"timestamp":"2025-07-29T19:58:39.801708Z","level":"info","event":" 'data_interval_start': DateTime(2023, 6, 24, 13, 14, 0, tzinfo=Timezone('UTC')),","chan":"stdout","logger":"task"}
{"timestamp":"2025-07-29T19:58:39.801772Z","level":"info","event":" 'ds': '2023-06-24',","chan":"stdout","logger":"task"}
{"timestamp":"2025-07-29T19:58:39.801839Z","level":"info","event":" 'ds_nodash': '20230624',","chan":"stdout","logger":"task"}
{"timestamp":"2025-07-29T19:58:39.801901Z","level":"info","event":" 'inlet_events': InletEventsAccessors(_inlets=[], _assets={}, _asset_aliases={}),","chan":"stdout","logger":"task"}
{"timestamp":"2025-07-29T19:58:39.801962Z","level":"info","event":" 'inlets': [],","chan":"stdout","logger":"task"}
{"timestamp":"2025-07-29T19:58:39.802023Z","level":"info","event":" 'logical_date': DateTime(2023, 6, 24, 13, 14, 0, tzinfo=Timezone('UTC')),","chan":"stdout","logger":"task"}
{"timestamp":"2025-07-29T19:58:39.802082Z","level":"info","event":" 'macros': <MacrosAccessor (dynamic access to macros)>,","chan":"stdout","logger":"task"}
{"timestamp":"2025-07-29T19:58:39.802143Z","level":"info","event":" 'map_index_template': None,","chan":"stdout","logger":"task"}
{"timestamp":"2025-07-29T19:58:39.802205Z","level":"info","event":" 'outlet_events': <airflow.sdk.execution_time.context.OutletEventAccessors object at 0x7fb66fd6fdd0>,","chan":"stdout","logger":"task"}
{"timestamp":"2025-07-29T19:58:39.802267Z","level":"info","event":" 'outlets': [],","chan":"stdout","logger":"task"}
{"timestamp":"2025-07-29T19:58:39.802328Z","level":"info","event":" 'params': {},","chan":"stdout","logger":"task"}
{"timestamp":"2025-07-29T19:58:39.849207Z","level":"info","event":" 'prev_data_interval_end_success': <Proxy at 0x7fb66fdd2900 with factory <function RuntimeTaskInstance.get_template_context.<locals>.<lambda> at 0x7fb66fdfc9a0>>,","chan":"stdout","logger":"task"}
{"timestamp":"2025-07-29T19:58:39.849592Z","level":"info","event":" 'prev_data_interval_start_success': <Proxy at 0x7fb66fdd2960 with factory <function RuntimeTaskInstance.get_template_context.<locals>.<lambda> at 0x7fb66fde77e0>>,","chan":"stdout","logger":"task"}
{"timestamp":"2025-07-29T19:58:39.849716Z","level":"info","event":" 'prev_end_date_success': <Proxy at 0x7fb67e397e30 with factory <function RuntimeTaskInstance.get_template_context.<locals>.<lambda> at 0x7fb66fde71a0>>,","chan":"stdout","logger":"task"}
{"timestamp":"2025-07-29T19:58:39.849784Z","level":"info","event":" 'prev_start_date_success': <Proxy at 0x7fb67e3975f0 with factory <function RuntimeTaskInstance.get_template_context.<locals>.<lambda> at 0x7fb66fde76a0>>,","chan":"stdout","logger":"task"}
{"timestamp":"2025-07-29T19:58:39.849850Z","level":"info","event":" 'run_id': 'scheduled__2023-06-24T13:14:00+00:00',","chan":"stdout","logger":"task"}
{"timestamp":"2025-07-29T19:58:39.849916Z","level":"info","event":" 'task': <Task(PythonOperator): python>,","chan":"stdout","logger":"task"}
{"timestamp":"2025-07-29T19:58:39.849971Z","level":"info","event":" 'task_instance': RuntimeTaskInstance(id=UUID('019857c3-faf0-7fd3-a483-8cec3292dddb'), task_id='python', dag_id='python_operator_v1', run_id='scheduled__2023-06-24T13:14:00+00:00', try_number=1, map_index=-1, hostname='bf6f1e7a6f11', context_carrier={}, task=<Task(PythonOperator): python>, bundle_instance=LocalDagBundle(name=dags-folder), max_tries=0, start_date=datetime.datetime(2025, 7, 29, 19, 58, 38, 767056, tzinfo=datetime.timezone.utc), end_date=None, state=<TaskInstanceState.RUNNING: 'running'>, is_mapped=False, rendered_map_index=None, log_url='http://localhost:8080/dags/python_operator_v1/runs/scheduled__2023-06-24T13%3A14%3A00%2B00%3A00/tasks/python?try_number=1'),","chan":"stdout","logger":"task"}
{"timestamp":"2025-07-29T19:58:39.850035Z","level":"info","event":" 'task_instance_key_str': 'python_operator_v1__python__20230624',","chan":"stdout","logger":"task"}
{"timestamp":"2025-07-29T19:58:39.850096Z","level":"info","event":" 'task_reschedule_count': 0,","chan":"stdout","logger":"task"}
{"timestamp":"2025-07-29T19:58:39.850165Z","level":"info","event":" 'templates_dict': None,","chan":"stdout","logger":"task"}
{"timestamp":"2025-07-29T19:58:39.850232Z","level":"info","event":" 'ti': RuntimeTaskInstance(id=UUID('019857c3-faf0-7fd3-a483-8cec3292dddb'), task_id='python', dag_id='python_operator_v1', run_id='scheduled__2023-06-24T13:14:00+00:00', try_number=1, map_index=-1, hostname='bf6f1e7a6f11', context_carrier={}, task=<Task(PythonOperator): python>, bundle_instance=LocalDagBundle(name=dags-folder), max_tries=0, start_date=datetime.datetime(2025, 7, 29, 19, 58, 38, 767056, tzinfo=datetime.timezone.utc), end_date=None, state=<TaskInstanceState.RUNNING: 'running'>, is_mapped=False, rendered_map_index=None, log_url='http://localhost:8080/dags/python_operator_v1/runs/scheduled__2023-06-24T13%3A14%3A00%2B00%3A00/tasks/python?try_number=1'),","chan":"stdout","logger":"task"}
{"timestamp":"2025-07-29T19:58:39.850299Z","level":"info","event":" 'triggering_asset_events': TriggeringAssetEventsAccessor(_events=defaultdict(<class 'list'>, {})),","chan":"stdout","logger":"task"}
{"timestamp":"2025-07-29T19:58:39.850371Z","level":"info","event":" 'ts': '2023-06-24T13:14:00+00:00',","chan":"stdout","logger":"task"}
{"timestamp":"2025-07-29T19:58:39.850435Z","level":"info","event":" 'ts_nodash': '20230624T131400',","chan":"stdout","logger":"task"}
{"timestamp":"2025-07-29T19:58:39.850540Z","level":"info","event":" 'ts_nodash_with_tz': '20230624T131400+0000',","chan":"stdout","logger":"task"}
{"timestamp":"2025-07-29T19:58:39.850683Z","level":"info","event":" 'var': {'json': <VariableAccessor (dynamic access)>,","chan":"stdout","logger":"task"}
{"timestamp":"2025-07-29T19:58:39.850809Z","level":"info","event":"         'value': <VariableAccessor (dynamic access)>}}","chan":"stdout","logger":"task"}
{"timestamp":"2025-07-29T19:58:39.850114","level":"info","event":"Done. Returned value was: 123","logger":"airflow.task.operators.airflow.providers.standard.operators.python.PythonOperator"}
{"timestamp":"2025-07-29T19:58:39.850337","level":"info","event":"Pushing xcom","ti":"RuntimeTaskInstance(id=UUID('019857c3-faf0-7fd3-a483-8cec3292dddb'), task_id='python', dag_id='python_operator_v1', run_id='scheduled__2023-06-24T13:14:00+00:00', try_number=1, map_index=-1, hostname='bf6f1e7a6f11', context_carrier={}, task=<Task(PythonOperator): python>, bundle_instance=LocalDagBundle(name=dags-folder), max_tries=0, start_date=datetime.datetime(2025, 7, 29, 19, 58, 38, 767056, tzinfo=datetime.timezone.utc), end_date=None, state=<TaskInstanceState.RUNNING: 'running'>, is_mapped=False, rendered_map_index=None, log_url='http://localhost:8080/dags/python_operator_v1/runs/scheduled__2023-06-24T13%3A14%3A00%2B00%3A00/tasks/python?try_number=1')","logger":"task"}
{"timestamp":"2025-07-29T19:58:39.949769Z","level":"info","event":"Task instance in success state","chan":"stdout","logger":"task"}
{"timestamp":"2025-07-29T19:58:39.950332Z","level":"info","event":" Previous state of the Task instance: TaskInstanceState.RUNNING","chan":"stdout","logger":"task"}
{"timestamp":"2025-07-29T19:58:39.950565Z","level":"info","event":"Task operator:<Task(PythonOperator): python>","chan":"stdout","logger":"task"}
