{"timestamp":"2025-07-29T19:49:08.781565","level":"info","event":"DAG bundles loaded: dags-folder, example_dags","logger":"airflow.dag_processing.bundles.manager.DagBundlesManager"}
{"timestamp":"2025-07-29T19:49:08.782466","level":"info","event":"Filling up the DagBag from /opt/airflow/dags/2_python_operator_v1.py","logger":"airflow.models.dagbag.DagBag"}
{"timestamp":"2025-07-29T19:49:08.809445Z","level":"info","event":"Task instance is in running state","chan":"stdout","logger":"task"}
{"timestamp":"2025-07-29T19:49:08.809605Z","level":"info","event":" Previous state of the Task instance: TaskInstanceState.QUEUED","chan":"stdout","logger":"task"}
{"timestamp":"2025-07-29T19:49:08.810162Z","level":"info","event":"Current task name:python","chan":"stdout","logger":"task"}
{"timestamp":"2025-07-29T19:49:08.810264Z","level":"info","event":"Dag name:python_operator_v1","chan":"stdout","logger":"task"}
{"timestamp":"2025-07-29T19:49:08.811347Z","level":"info","event":"poliana","chan":"stdout","logger":"task"}
{"timestamp":"2025-07-29T19:49:08.812090Z","level":"info","event":"{'conn': <ConnectionAccessor (dynamic access)>,","chan":"stdout","logger":"task"}
{"timestamp":"2025-07-29T19:49:08.812201Z","level":"info","event":" 'dag': <DAG: python_operator_v1>,","chan":"stdout","logger":"task"}
{"timestamp":"2025-07-29T19:49:08.812312Z","level":"info","event":" 'dag_run': DagRun(dag_id='python_operator_v1', run_id='scheduled__2023-06-24T03:08:00+00:00', logical_date=datetime.datetime(2023, 6, 24, 3, 8, tzinfo=datetime.timezone.utc), data_interval_start=datetime.datetime(2023, 6, 24, 3, 8, tzinfo=datetime.timezone.utc), data_interval_end=datetime.datetime(2023, 6, 24, 3, 8, tzinfo=datetime.timezone.utc), run_after=datetime.datetime(2023, 6, 24, 3, 8, tzinfo=datetime.timezone.utc), start_date=datetime.datetime(2025, 7, 29, 19, 49, 8, 137011, tzinfo=datetime.timezone.utc), end_date=None, clear_number=0, run_type=<DagRunType.SCHEDULED: 'scheduled'>, conf={}, consumed_asset_events=[]),","chan":"stdout","logger":"task"}
{"timestamp":"2025-07-29T19:49:08.812383Z","level":"info","event":" 'data_interval_end': DateTime(2023, 6, 24, 3, 8, 0, tzinfo=Timezone('UTC')),","chan":"stdout","logger":"task"}
{"timestamp":"2025-07-29T19:49:08.812440Z","level":"info","event":" 'data_interval_start': DateTime(2023, 6, 24, 3, 8, 0, tzinfo=Timezone('UTC')),","chan":"stdout","logger":"task"}
{"timestamp":"2025-07-29T19:49:08.812483Z","level":"info","event":" 'ds': '2023-06-24',","chan":"stdout","logger":"task"}
{"timestamp":"2025-07-29T19:49:08.812527Z","level":"info","event":" 'ds_nodash': '20230624',","chan":"stdout","logger":"task"}
{"timestamp":"2025-07-29T19:49:08.812568Z","level":"info","event":" 'inlet_events': InletEventsAccessors(_inlets=[], _assets={}, _asset_aliases={}),","chan":"stdout","logger":"task"}
{"timestamp":"2025-07-29T19:49:08.812609Z","level":"info","event":" 'inlets': [],","chan":"stdout","logger":"task"}
{"timestamp":"2025-07-29T19:49:08.812649Z","level":"info","event":" 'logical_date': DateTime(2023, 6, 24, 3, 8, 0, tzinfo=Timezone('UTC')),","chan":"stdout","logger":"task"}
{"timestamp":"2025-07-29T19:49:08.812690Z","level":"info","event":" 'macros': <MacrosAccessor (dynamic access to macros)>,","chan":"stdout","logger":"task"}
{"timestamp":"2025-07-29T19:49:08.812732Z","level":"info","event":" 'map_index_template': None,","chan":"stdout","logger":"task"}
{"timestamp":"2025-07-29T19:49:08.812772Z","level":"info","event":" 'outlet_events': <airflow.sdk.execution_time.context.OutletEventAccessors object at 0x7fb67cbb7a70>,","chan":"stdout","logger":"task"}
{"timestamp":"2025-07-29T19:49:08.812813Z","level":"info","event":" 'outlets': [],","chan":"stdout","logger":"task"}
{"timestamp":"2025-07-29T19:49:08.812852Z","level":"info","event":" 'params': {},","chan":"stdout","logger":"task"}
{"timestamp":"2025-07-29T19:49:08.822331Z","level":"info","event":" 'prev_data_interval_end_success': <Proxy at 0x7fb66fde0b30 with factory <function RuntimeTaskInstance.get_template_context.<locals>.<lambda> at 0x7fb66fdf1080>>,","chan":"stdout","logger":"task"}
{"timestamp":"2025-07-29T19:49:08.822486Z","level":"info","event":" 'prev_data_interval_start_success': <Proxy at 0x7fb67eba4ef0 with factory <function RuntimeTaskInstance.get_template_context.<locals>.<lambda> at 0x7fb66fdf27a0>>,","chan":"stdout","logger":"task"}
{"timestamp":"2025-07-29T19:49:08.822598Z","level":"info","event":" 'prev_end_date_success': <Proxy at 0x7fb677bd7fb0 with factory <function RuntimeTaskInstance.get_template_context.<locals>.<lambda> at 0x7fb66fdf2840>>,","chan":"stdout","logger":"task"}
{"timestamp":"2025-07-29T19:49:08.822657Z","level":"info","event":" 'prev_start_date_success': <Proxy at 0x7fb67ea173b0 with factory <function RuntimeTaskInstance.get_template_context.<locals>.<lambda> at 0x7fb66fdf1580>>,","chan":"stdout","logger":"task"}
{"timestamp":"2025-07-29T19:49:08.822708Z","level":"info","event":" 'run_id': 'scheduled__2023-06-24T03:08:00+00:00',","chan":"stdout","logger":"task"}
{"timestamp":"2025-07-29T19:49:08.822755Z","level":"info","event":" 'task': <Task(PythonOperator): python>,","chan":"stdout","logger":"task"}
{"timestamp":"2025-07-29T19:49:08.822803Z","level":"info","event":" 'task_instance': RuntimeTaskInstance(id=UUID('019857bb-47a5-7193-a6a5-aa6ed4e9c7a4'), task_id='python', dag_id='python_operator_v1', run_id='scheduled__2023-06-24T03:08:00+00:00', try_number=1, map_index=-1, hostname='bf6f1e7a6f11', context_carrier={}, task=<Task(PythonOperator): python>, bundle_instance=LocalDagBundle(name=dags-folder), max_tries=0, start_date=datetime.datetime(2025, 7, 29, 19, 49, 8, 318943, tzinfo=datetime.timezone.utc), end_date=None, state=<TaskInstanceState.RUNNING: 'running'>, is_mapped=False, rendered_map_index=None, log_url='http://localhost:8080/dags/python_operator_v1/runs/scheduled__2023-06-24T03%3A08%3A00%2B00%3A00/tasks/python?try_number=1'),","chan":"stdout","logger":"task"}
{"timestamp":"2025-07-29T19:49:08.822857Z","level":"info","event":" 'task_instance_key_str': 'python_operator_v1__python__20230624',","chan":"stdout","logger":"task"}
{"timestamp":"2025-07-29T19:49:08.822903Z","level":"info","event":" 'task_reschedule_count': 0,","chan":"stdout","logger":"task"}
{"timestamp":"2025-07-29T19:49:08.822944Z","level":"info","event":" 'templates_dict': None,","chan":"stdout","logger":"task"}
{"timestamp":"2025-07-29T19:49:08.822994Z","level":"info","event":" 'ti': RuntimeTaskInstance(id=UUID('019857bb-47a5-7193-a6a5-aa6ed4e9c7a4'), task_id='python', dag_id='python_operator_v1', run_id='scheduled__2023-06-24T03:08:00+00:00', try_number=1, map_index=-1, hostname='bf6f1e7a6f11', context_carrier={}, task=<Task(PythonOperator): python>, bundle_instance=LocalDagBundle(name=dags-folder), max_tries=0, start_date=datetime.datetime(2025, 7, 29, 19, 49, 8, 318943, tzinfo=datetime.timezone.utc), end_date=None, state=<TaskInstanceState.RUNNING: 'running'>, is_mapped=False, rendered_map_index=None, log_url='http://localhost:8080/dags/python_operator_v1/runs/scheduled__2023-06-24T03%3A08%3A00%2B00%3A00/tasks/python?try_number=1'),","chan":"stdout","logger":"task"}
{"timestamp":"2025-07-29T19:49:08.823043Z","level":"info","event":" 'triggering_asset_events': TriggeringAssetEventsAccessor(_events=defaultdict(<class 'list'>, {})),","chan":"stdout","logger":"task"}
{"timestamp":"2025-07-29T19:49:08.823084Z","level":"info","event":" 'ts': '2023-06-24T03:08:00+00:00',","chan":"stdout","logger":"task"}
{"timestamp":"2025-07-29T19:49:08.823123Z","level":"info","event":" 'ts_nodash': '20230624T030800',","chan":"stdout","logger":"task"}
{"timestamp":"2025-07-29T19:49:08.823163Z","level":"info","event":" 'ts_nodash_with_tz': '20230624T030800+0000',","chan":"stdout","logger":"task"}
{"timestamp":"2025-07-29T19:49:08.823202Z","level":"info","event":" 'var': {'json': <VariableAccessor (dynamic access)>,","chan":"stdout","logger":"task"}
{"timestamp":"2025-07-29T19:49:08.823241Z","level":"info","event":"         'value': <VariableAccessor (dynamic access)>}}","chan":"stdout","logger":"task"}
{"timestamp":"2025-07-29T19:49:08.823027","level":"info","event":"Done. Returned value was: 123","logger":"airflow.task.operators.airflow.providers.standard.operators.python.PythonOperator"}
{"timestamp":"2025-07-29T19:49:08.823210","level":"info","event":"Pushing xcom","ti":"RuntimeTaskInstance(id=UUID('019857bb-47a5-7193-a6a5-aa6ed4e9c7a4'), task_id='python', dag_id='python_operator_v1', run_id='scheduled__2023-06-24T03:08:00+00:00', try_number=1, map_index=-1, hostname='bf6f1e7a6f11', context_carrier={}, task=<Task(PythonOperator): python>, bundle_instance=LocalDagBundle(name=dags-folder), max_tries=0, start_date=datetime.datetime(2025, 7, 29, 19, 49, 8, 318943, tzinfo=datetime.timezone.utc), end_date=None, state=<TaskInstanceState.RUNNING: 'running'>, is_mapped=False, rendered_map_index=None, log_url='http://localhost:8080/dags/python_operator_v1/runs/scheduled__2023-06-24T03%3A08%3A00%2B00%3A00/tasks/python?try_number=1')","logger":"task"}
{"timestamp":"2025-07-29T19:49:08.846267Z","level":"info","event":"Task instance in success state","chan":"stdout","logger":"task"}
{"timestamp":"2025-07-29T19:49:08.846399Z","level":"info","event":" Previous state of the Task instance: TaskInstanceState.RUNNING","chan":"stdout","logger":"task"}
{"timestamp":"2025-07-29T19:49:08.846487Z","level":"info","event":"Task operator:<Task(PythonOperator): python>","chan":"stdout","logger":"task"}
