{"timestamp":"2025-07-29T19:57:28.897634","level":"info","event":"DAG bundles loaded: dags-folder, example_dags","logger":"airflow.dag_processing.bundles.manager.DagBundlesManager"}
{"timestamp":"2025-07-29T19:57:28.898611","level":"info","event":"Filling up the DagBag from /opt/airflow/dags/2_python_operator_v1.py","logger":"airflow.models.dagbag.DagBag"}
{"timestamp":"2025-07-29T19:57:28.935700Z","level":"info","event":"Task instance is in running state","chan":"stdout","logger":"task"}
{"timestamp":"2025-07-29T19:57:28.935914Z","level":"info","event":" Previous state of the Task instance: TaskInstanceState.QUEUED","chan":"stdout","logger":"task"}
{"timestamp":"2025-07-29T19:57:28.936063Z","level":"info","event":"Current task name:python","chan":"stdout","logger":"task"}
{"timestamp":"2025-07-29T19:57:28.936171Z","level":"info","event":"Dag name:python_operator_v1","chan":"stdout","logger":"task"}
{"timestamp":"2025-07-29T19:57:28.937865Z","level":"info","event":"poliana","chan":"stdout","logger":"task"}
{"timestamp":"2025-07-29T19:57:28.938660Z","level":"info","event":"{'conn': <ConnectionAccessor (dynamic access)>,","chan":"stdout","logger":"task"}
{"timestamp":"2025-07-29T19:57:28.938788Z","level":"info","event":" 'dag': <DAG: python_operator_v1>,","chan":"stdout","logger":"task"}
{"timestamp":"2025-07-29T19:57:28.938917Z","level":"info","event":" 'dag_run': DagRun(dag_id='python_operator_v1', run_id='scheduled__2023-06-24T11:55:00+00:00', logical_date=datetime.datetime(2023, 6, 24, 11, 55, tzinfo=datetime.timezone.utc), data_interval_start=datetime.datetime(2023, 6, 24, 11, 55, tzinfo=datetime.timezone.utc), data_interval_end=datetime.datetime(2023, 6, 24, 11, 55, tzinfo=datetime.timezone.utc), run_after=datetime.datetime(2023, 6, 24, 11, 55, tzinfo=datetime.timezone.utc), start_date=datetime.datetime(2025, 7, 29, 19, 57, 28, 104651, tzinfo=datetime.timezone.utc), end_date=None, clear_number=0, run_type=<DagRunType.SCHEDULED: 'scheduled'>, conf={}, consumed_asset_events=[]),","chan":"stdout","logger":"task"}
{"timestamp":"2025-07-29T19:57:28.938984Z","level":"info","event":" 'data_interval_end': DateTime(2023, 6, 24, 11, 55, 0, tzinfo=Timezone('UTC')),","chan":"stdout","logger":"task"}
{"timestamp":"2025-07-29T19:57:28.939031Z","level":"info","event":" 'data_interval_start': DateTime(2023, 6, 24, 11, 55, 0, tzinfo=Timezone('UTC')),","chan":"stdout","logger":"task"}
{"timestamp":"2025-07-29T19:57:28.939075Z","level":"info","event":" 'ds': '2023-06-24',","chan":"stdout","logger":"task"}
{"timestamp":"2025-07-29T19:57:28.939118Z","level":"info","event":" 'ds_nodash': '20230624',","chan":"stdout","logger":"task"}
{"timestamp":"2025-07-29T19:57:28.939159Z","level":"info","event":" 'inlet_events': InletEventsAccessors(_inlets=[], _assets={}, _asset_aliases={}),","chan":"stdout","logger":"task"}
{"timestamp":"2025-07-29T19:57:28.939201Z","level":"info","event":" 'inlets': [],","chan":"stdout","logger":"task"}
{"timestamp":"2025-07-29T19:57:28.939277Z","level":"info","event":" 'logical_date': DateTime(2023, 6, 24, 11, 55, 0, tzinfo=Timezone('UTC')),","chan":"stdout","logger":"task"}
{"timestamp":"2025-07-29T19:57:28.939326Z","level":"info","event":" 'macros': <MacrosAccessor (dynamic access to macros)>,","chan":"stdout","logger":"task"}
{"timestamp":"2025-07-29T19:57:28.939369Z","level":"info","event":" 'map_index_template': None,","chan":"stdout","logger":"task"}
{"timestamp":"2025-07-29T19:57:28.939411Z","level":"info","event":" 'outlet_events': <airflow.sdk.execution_time.context.OutletEventAccessors object at 0x7fb678157a70>,","chan":"stdout","logger":"task"}
{"timestamp":"2025-07-29T19:57:28.939453Z","level":"info","event":" 'outlets': [],","chan":"stdout","logger":"task"}
{"timestamp":"2025-07-29T19:57:28.939493Z","level":"info","event":" 'params': {},","chan":"stdout","logger":"task"}
{"timestamp":"2025-07-29T19:57:28.950685Z","level":"info","event":" 'prev_data_interval_end_success': <Proxy at 0x7fb66fdef080 with factory <function RuntimeTaskInstance.get_template_context.<locals>.<lambda> at 0x7fb66fc11440>>,","chan":"stdout","logger":"task"}
{"timestamp":"2025-07-29T19:57:28.950924Z","level":"info","event":" 'prev_data_interval_start_success': <Proxy at 0x7fb66fdef0e0 with factory <function RuntimeTaskInstance.get_template_context.<locals>.<lambda> at 0x7fb66fc12b60>>,","chan":"stdout","logger":"task"}
{"timestamp":"2025-07-29T19:57:28.951053Z","level":"info","event":" 'prev_end_date_success': <Proxy at 0x7fb67ea17e30 with factory <function RuntimeTaskInstance.get_template_context.<locals>.<lambda> at 0x7fb66fc12c00>>,","chan":"stdout","logger":"task"}
{"timestamp":"2025-07-29T19:57:28.951143Z","level":"info","event":" 'prev_start_date_success': <Proxy at 0x7fb66fdef380 with factory <function RuntimeTaskInstance.get_template_context.<locals>.<lambda> at 0x7fb66fc11940>>,","chan":"stdout","logger":"task"}
{"timestamp":"2025-07-29T19:57:28.951226Z","level":"info","event":" 'run_id': 'scheduled__2023-06-24T11:55:00+00:00',","chan":"stdout","logger":"task"}
{"timestamp":"2025-07-29T19:57:28.951284Z","level":"info","event":" 'task': <Task(PythonOperator): python>,","chan":"stdout","logger":"task"}
{"timestamp":"2025-07-29T19:57:28.951333Z","level":"info","event":" 'task_instance': RuntimeTaskInstance(id=UUID('019857c2-e8a2-7b2a-b0e5-d8834f46635c'), task_id='python', dag_id='python_operator_v1', run_id='scheduled__2023-06-24T11:55:00+00:00', try_number=1, map_index=-1, hostname='bf6f1e7a6f11', context_carrier={}, task=<Task(PythonOperator): python>, bundle_instance=LocalDagBundle(name=dags-folder), max_tries=0, start_date=datetime.datetime(2025, 7, 29, 19, 57, 28, 298778, tzinfo=datetime.timezone.utc), end_date=None, state=<TaskInstanceState.RUNNING: 'running'>, is_mapped=False, rendered_map_index=None, log_url='http://localhost:8080/dags/python_operator_v1/runs/scheduled__2023-06-24T11%3A55%3A00%2B00%3A00/tasks/python?try_number=1'),","chan":"stdout","logger":"task"}
{"timestamp":"2025-07-29T19:57:28.951379Z","level":"info","event":" 'task_instance_key_str': 'python_operator_v1__python__20230624',","chan":"stdout","logger":"task"}
{"timestamp":"2025-07-29T19:57:28.951421Z","level":"info","event":" 'task_reschedule_count': 0,","chan":"stdout","logger":"task"}
{"timestamp":"2025-07-29T19:57:28.951463Z","level":"info","event":" 'templates_dict': None,","chan":"stdout","logger":"task"}
{"timestamp":"2025-07-29T19:57:28.951524Z","level":"info","event":" 'ti': RuntimeTaskInstance(id=UUID('019857c2-e8a2-7b2a-b0e5-d8834f46635c'), task_id='python', dag_id='python_operator_v1', run_id='scheduled__2023-06-24T11:55:00+00:00', try_number=1, map_index=-1, hostname='bf6f1e7a6f11', context_carrier={}, task=<Task(PythonOperator): python>, bundle_instance=LocalDagBundle(name=dags-folder), max_tries=0, start_date=datetime.datetime(2025, 7, 29, 19, 57, 28, 298778, tzinfo=datetime.timezone.utc), end_date=None, state=<TaskInstanceState.RUNNING: 'running'>, is_mapped=False, rendered_map_index=None, log_url='http://localhost:8080/dags/python_operator_v1/runs/scheduled__2023-06-24T11%3A55%3A00%2B00%3A00/tasks/python?try_number=1'),","chan":"stdout","logger":"task"}
{"timestamp":"2025-07-29T19:57:28.951599Z","level":"info","event":" 'triggering_asset_events': TriggeringAssetEventsAccessor(_events=defaultdict(<class 'list'>, {})),","chan":"stdout","logger":"task"}
{"timestamp":"2025-07-29T19:57:28.951720Z","level":"info","event":" 'ts': '2023-06-24T11:55:00+00:00',","chan":"stdout","logger":"task"}
{"timestamp":"2025-07-29T19:57:28.951803Z","level":"info","event":" 'ts_nodash': '20230624T115500',","chan":"stdout","logger":"task"}
{"timestamp":"2025-07-29T19:57:28.951860Z","level":"info","event":" 'ts_nodash_with_tz': '20230624T115500+0000',","chan":"stdout","logger":"task"}
{"timestamp":"2025-07-29T19:57:28.951905Z","level":"info","event":" 'var': {'json': <VariableAccessor (dynamic access)>,","chan":"stdout","logger":"task"}
{"timestamp":"2025-07-29T19:57:28.951947Z","level":"info","event":"         'value': <VariableAccessor (dynamic access)>}}","chan":"stdout","logger":"task"}
{"timestamp":"2025-07-29T19:57:28.951506","level":"info","event":"Done. Returned value was: 123","logger":"airflow.task.operators.airflow.providers.standard.operators.python.PythonOperator"}
{"timestamp":"2025-07-29T19:57:28.951686","level":"info","event":"Pushing xcom","ti":"RuntimeTaskInstance(id=UUID('019857c2-e8a2-7b2a-b0e5-d8834f46635c'), task_id='python', dag_id='python_operator_v1', run_id='scheduled__2023-06-24T11:55:00+00:00', try_number=1, map_index=-1, hostname='bf6f1e7a6f11', context_carrier={}, task=<Task(PythonOperator): python>, bundle_instance=LocalDagBundle(name=dags-folder), max_tries=0, start_date=datetime.datetime(2025, 7, 29, 19, 57, 28, 298778, tzinfo=datetime.timezone.utc), end_date=None, state=<TaskInstanceState.RUNNING: 'running'>, is_mapped=False, rendered_map_index=None, log_url='http://localhost:8080/dags/python_operator_v1/runs/scheduled__2023-06-24T11%3A55%3A00%2B00%3A00/tasks/python?try_number=1')","logger":"task"}
{"timestamp":"2025-07-29T19:57:28.977593Z","level":"info","event":"Task instance in success state","chan":"stdout","logger":"task"}
{"timestamp":"2025-07-29T19:57:28.977737Z","level":"info","event":" Previous state of the Task instance: TaskInstanceState.RUNNING","chan":"stdout","logger":"task"}
{"timestamp":"2025-07-29T19:57:28.977839Z","level":"info","event":"Task operator:<Task(PythonOperator): python>","chan":"stdout","logger":"task"}
