{"timestamp":"2025-07-29T20:08:42.329936","level":"info","event":"DAG bundles loaded: dags-folder, example_dags","logger":"airflow.dag_processing.bundles.manager.DagBundlesManager"}
{"timestamp":"2025-07-29T20:08:42.330492","level":"info","event":"Filling up the DagBag from /opt/airflow/dags/3_dag_principal.py","logger":"airflow.models.dagbag.DagBag"}
{"timestamp":"2025-07-29T20:08:42.383004Z","level":"info","event":"Task instance is in running state","chan":"stdout","logger":"task"}
{"timestamp":"2025-07-29T20:08:42.383152Z","level":"info","event":" Previous state of the Task instance: TaskInstanceState.QUEUED","chan":"stdout","logger":"task"}
{"timestamp":"2025-07-29T20:08:42.383574Z","level":"info","event":"Current task name:python_principal","chan":"stdout","logger":"task"}
{"timestamp":"2025-07-29T20:08:42.383669Z","level":"info","event":"Dag name:3_DAG_principal","chan":"stdout","logger":"task"}
{"timestamp":"2025-07-29T20:08:42.384667Z","level":"info","event":"DAG principal","chan":"stdout","logger":"task"}
{"timestamp":"2025-07-29T20:08:42.385331Z","level":"info","event":"{'conn': <ConnectionAccessor (dynamic access)>,","chan":"stdout","logger":"task"}
{"timestamp":"2025-07-29T20:08:42.385466Z","level":"info","event":" 'dag': <DAG: 3_DAG_principal>,","chan":"stdout","logger":"task"}
{"timestamp":"2025-07-29T20:08:42.385613Z","level":"info","event":" 'dag_run': DagRun(dag_id='3_DAG_principal', run_id='scheduled__2024-12-12T20:00:00+00:00', logical_date=datetime.datetime(2024, 12, 12, 20, 0, tzinfo=datetime.timezone.utc), data_interval_start=datetime.datetime(2024, 12, 12, 20, 0, tzinfo=datetime.timezone.utc), data_interval_end=datetime.datetime(2024, 12, 12, 20, 0, tzinfo=datetime.timezone.utc), run_after=datetime.datetime(2024, 12, 12, 20, 0, tzinfo=datetime.timezone.utc), start_date=datetime.datetime(2025, 7, 29, 20, 8, 40, 173535, tzinfo=datetime.timezone.utc), end_date=None, clear_number=0, run_type=<DagRunType.SCHEDULED: 'scheduled'>, conf={}, consumed_asset_events=[]),","chan":"stdout","logger":"task"}
{"timestamp":"2025-07-29T20:08:42.385732Z","level":"info","event":" 'data_interval_end': DateTime(2024, 12, 12, 20, 0, 0, tzinfo=Timezone('UTC')),","chan":"stdout","logger":"task"}
{"timestamp":"2025-07-29T20:08:42.385954Z","level":"info","event":" 'data_interval_start': DateTime(2024, 12, 12, 20, 0, 0, tzinfo=Timezone('UTC')),","chan":"stdout","logger":"task"}
{"timestamp":"2025-07-29T20:08:42.386039Z","level":"info","event":" 'ds': '2024-12-12',","chan":"stdout","logger":"task"}
{"timestamp":"2025-07-29T20:08:42.386114Z","level":"info","event":" 'ds_nodash': '20241212',","chan":"stdout","logger":"task"}
{"timestamp":"2025-07-29T20:08:42.386185Z","level":"info","event":" 'inlet_events': InletEventsAccessors(_inlets=[], _assets={}, _asset_aliases={}),","chan":"stdout","logger":"task"}
{"timestamp":"2025-07-29T20:08:42.386258Z","level":"info","event":" 'inlets': [],","chan":"stdout","logger":"task"}
{"timestamp":"2025-07-29T20:08:42.386333Z","level":"info","event":" 'logical_date': DateTime(2024, 12, 12, 20, 0, 0, tzinfo=Timezone('UTC')),","chan":"stdout","logger":"task"}
{"timestamp":"2025-07-29T20:08:42.386383Z","level":"info","event":" 'macros': <MacrosAccessor (dynamic access to macros)>,","chan":"stdout","logger":"task"}
{"timestamp":"2025-07-29T20:08:42.386443Z","level":"info","event":" 'map_index_template': None,","chan":"stdout","logger":"task"}
{"timestamp":"2025-07-29T20:08:42.386511Z","level":"info","event":" 'outlet_events': <airflow.sdk.execution_time.context.OutletEventAccessors object at 0x7fb6779e7a70>,","chan":"stdout","logger":"task"}
{"timestamp":"2025-07-29T20:08:42.386618Z","level":"info","event":" 'outlets': [],","chan":"stdout","logger":"task"}
{"timestamp":"2025-07-29T20:08:42.386693Z","level":"info","event":" 'params': {},","chan":"stdout","logger":"task"}
{"timestamp":"2025-07-29T20:08:42.397611Z","level":"info","event":" 'prev_data_interval_end_success': <Proxy at 0x7fb66fc65c10 with factory <function RuntimeTaskInstance.get_template_context.<locals>.<lambda> at 0x7fb678285760>>,","chan":"stdout","logger":"task"}
{"timestamp":"2025-07-29T20:08:42.397822Z","level":"info","event":" 'prev_data_interval_start_success': <Proxy at 0x7fb66fd0e750 with factory <function RuntimeTaskInstance.get_template_context.<locals>.<lambda> at 0x7fb678284220>>,","chan":"stdout","logger":"task"}
{"timestamp":"2025-07-29T20:08:42.397900Z","level":"info","event":" 'prev_end_date_success': <Proxy at 0x7fb66fc65c70 with factory <function RuntimeTaskInstance.get_template_context.<locals>.<lambda> at 0x7fb678285800>>,","chan":"stdout","logger":"task"}
{"timestamp":"2025-07-29T20:08:42.397953Z","level":"info","event":" 'prev_start_date_success': <Proxy at 0x7fb66fc646b0 with factory <function RuntimeTaskInstance.get_template_context.<locals>.<lambda> at 0x7fb678284540>>,","chan":"stdout","logger":"task"}
{"timestamp":"2025-07-29T20:08:42.397999Z","level":"info","event":" 'run_id': 'scheduled__2024-12-12T20:00:00+00:00',","chan":"stdout","logger":"task"}
{"timestamp":"2025-07-29T20:08:42.398043Z","level":"info","event":" 'task': <Task(PythonOperator): python_principal>,","chan":"stdout","logger":"task"}
{"timestamp":"2025-07-29T20:08:42.398088Z","level":"info","event":" 'task_instance': RuntimeTaskInstance(id=UUID('019857cd-29de-744d-a7a6-ffb8c303dedb'), task_id='python_principal', dag_id='3_DAG_principal', run_id='scheduled__2024-12-12T20:00:00+00:00', try_number=1, map_index=-1, hostname='bf6f1e7a6f11', context_carrier={}, task=<Task(PythonOperator): python_principal>, bundle_instance=LocalDagBundle(name=dags-folder), max_tries=0, start_date=datetime.datetime(2025, 7, 29, 20, 8, 41, 554862, tzinfo=datetime.timezone.utc), end_date=None, state=<TaskInstanceState.RUNNING: 'running'>, is_mapped=False, rendered_map_index=None, log_url='http://localhost:8080/dags/3_DAG_principal/runs/scheduled__2024-12-12T20%3A00%3A00%2B00%3A00/tasks/python_principal?try_number=1'),","chan":"stdout","logger":"task"}
{"timestamp":"2025-07-29T20:08:42.398135Z","level":"info","event":" 'task_instance_key_str': '3_DAG_principal__python_principal__20241212',","chan":"stdout","logger":"task"}
{"timestamp":"2025-07-29T20:08:42.398178Z","level":"info","event":" 'task_reschedule_count': 0,","chan":"stdout","logger":"task"}
{"timestamp":"2025-07-29T20:08:42.398219Z","level":"info","event":" 'templates_dict': None,","chan":"stdout","logger":"task"}
{"timestamp":"2025-07-29T20:08:42.398260Z","level":"info","event":" 'ti': RuntimeTaskInstance(id=UUID('019857cd-29de-744d-a7a6-ffb8c303dedb'), task_id='python_principal', dag_id='3_DAG_principal', run_id='scheduled__2024-12-12T20:00:00+00:00', try_number=1, map_index=-1, hostname='bf6f1e7a6f11', context_carrier={}, task=<Task(PythonOperator): python_principal>, bundle_instance=LocalDagBundle(name=dags-folder), max_tries=0, start_date=datetime.datetime(2025, 7, 29, 20, 8, 41, 554862, tzinfo=datetime.timezone.utc), end_date=None, state=<TaskInstanceState.RUNNING: 'running'>, is_mapped=False, rendered_map_index=None, log_url='http://localhost:8080/dags/3_DAG_principal/runs/scheduled__2024-12-12T20%3A00%3A00%2B00%3A00/tasks/python_principal?try_number=1'),","chan":"stdout","logger":"task"}
{"timestamp":"2025-07-29T20:08:42.398335Z","level":"info","event":" 'triggering_asset_events': TriggeringAssetEventsAccessor(_events=defaultdict(<class 'list'>, {})),","chan":"stdout","logger":"task"}
{"timestamp":"2025-07-29T20:08:42.398385Z","level":"info","event":" 'ts': '2024-12-12T20:00:00+00:00',","chan":"stdout","logger":"task"}
{"timestamp":"2025-07-29T20:08:42.398427Z","level":"info","event":" 'ts_nodash': '20241212T200000',","chan":"stdout","logger":"task"}
{"timestamp":"2025-07-29T20:08:42.398468Z","level":"info","event":" 'ts_nodash_with_tz': '20241212T200000+0000',","chan":"stdout","logger":"task"}
{"timestamp":"2025-07-29T20:08:42.398508Z","level":"info","event":" 'var': {'json': <VariableAccessor (dynamic access)>,","chan":"stdout","logger":"task"}
{"timestamp":"2025-07-29T20:08:42.398549Z","level":"info","event":"         'value': <VariableAccessor (dynamic access)>}}","chan":"stdout","logger":"task"}
{"timestamp":"2025-07-29T20:08:42.397977","level":"info","event":"Done. Returned value was: principal","logger":"airflow.task.operators.airflow.providers.standard.operators.python.PythonOperator"}
{"timestamp":"2025-07-29T20:08:42.398169","level":"info","event":"Pushing xcom","ti":"RuntimeTaskInstance(id=UUID('019857cd-29de-744d-a7a6-ffb8c303dedb'), task_id='python_principal', dag_id='3_DAG_principal', run_id='scheduled__2024-12-12T20:00:00+00:00', try_number=1, map_index=-1, hostname='bf6f1e7a6f11', context_carrier={}, task=<Task(PythonOperator): python_principal>, bundle_instance=LocalDagBundle(name=dags-folder), max_tries=0, start_date=datetime.datetime(2025, 7, 29, 20, 8, 41, 554862, tzinfo=datetime.timezone.utc), end_date=None, state=<TaskInstanceState.RUNNING: 'running'>, is_mapped=False, rendered_map_index=None, log_url='http://localhost:8080/dags/3_DAG_principal/runs/scheduled__2024-12-12T20%3A00%3A00%2B00%3A00/tasks/python_principal?try_number=1')","logger":"task"}
{"timestamp":"2025-07-29T20:08:42.430697Z","level":"info","event":"Task instance in success state","chan":"stdout","logger":"task"}
{"timestamp":"2025-07-29T20:08:42.430948Z","level":"info","event":" Previous state of the Task instance: TaskInstanceState.RUNNING","chan":"stdout","logger":"task"}
{"timestamp":"2025-07-29T20:08:42.431171Z","level":"info","event":"Task operator:<Task(PythonOperator): python_principal>","chan":"stdout","logger":"task"}
