{"timestamp":"2025-07-29T19:25:28.651571","level":"info","event":"DAG bundles loaded: dags-folder, example_dags","logger":"airflow.dag_processing.bundles.manager.DagBundlesManager"}
{"timestamp":"2025-07-29T19:25:28.652096","level":"info","event":"Filling up the DagBag from /opt/airflow/dags/python_operator_v1.py","logger":"airflow.models.dagbag.DagBag"}
{"timestamp":"2025-07-29T19:25:28.682432Z","level":"info","event":"Task instance is in running state","chan":"stdout","logger":"task"}
{"timestamp":"2025-07-29T19:25:28.682604Z","level":"info","event":" Previous state of the Task instance: TaskInstanceState.QUEUED","chan":"stdout","logger":"task"}
{"timestamp":"2025-07-29T19:25:28.682691Z","level":"info","event":"Current task name:python","chan":"stdout","logger":"task"}
{"timestamp":"2025-07-29T19:25:28.682742Z","level":"info","event":"Dag name:python_operator_v1","chan":"stdout","logger":"task"}
{"timestamp":"2025-07-29T19:25:28.684268Z","level":"info","event":"poliana","chan":"stdout","logger":"task"}
{"timestamp":"2025-07-29T19:25:28.685275Z","level":"info","event":"{'conn': <ConnectionAccessor (dynamic access)>,","chan":"stdout","logger":"task"}
{"timestamp":"2025-07-29T19:25:28.685462Z","level":"info","event":" 'dag': <DAG: python_operator_v1>,","chan":"stdout","logger":"task"}
{"timestamp":"2025-07-29T19:25:28.685628Z","level":"info","event":" 'dag_run': DagRun(dag_id='python_operator_v1', run_id='scheduled__2023-06-23T01:25:00+00:00', logical_date=datetime.datetime(2023, 6, 23, 1, 25, tzinfo=datetime.timezone.utc), data_interval_start=datetime.datetime(2023, 6, 23, 1, 25, tzinfo=datetime.timezone.utc), data_interval_end=datetime.datetime(2023, 6, 23, 1, 25, tzinfo=datetime.timezone.utc), run_after=datetime.datetime(2023, 6, 23, 1, 25, tzinfo=datetime.timezone.utc), start_date=datetime.datetime(2025, 7, 29, 19, 25, 27, 807921, tzinfo=datetime.timezone.utc), end_date=None, clear_number=0, run_type=<DagRunType.SCHEDULED: 'scheduled'>, conf={}, consumed_asset_events=[]),","chan":"stdout","logger":"task"}
{"timestamp":"2025-07-29T19:25:28.685716Z","level":"info","event":" 'data_interval_end': DateTime(2023, 6, 23, 1, 25, 0, tzinfo=Timezone('UTC')),","chan":"stdout","logger":"task"}
{"timestamp":"2025-07-29T19:25:28.685774Z","level":"info","event":" 'data_interval_start': DateTime(2023, 6, 23, 1, 25, 0, tzinfo=Timezone('UTC')),","chan":"stdout","logger":"task"}
{"timestamp":"2025-07-29T19:25:28.685827Z","level":"info","event":" 'ds': '2023-06-23',","chan":"stdout","logger":"task"}
{"timestamp":"2025-07-29T19:25:28.685878Z","level":"info","event":" 'ds_nodash': '20230623',","chan":"stdout","logger":"task"}
{"timestamp":"2025-07-29T19:25:28.685931Z","level":"info","event":" 'inlet_events': InletEventsAccessors(_inlets=[], _assets={}, _asset_aliases={}),","chan":"stdout","logger":"task"}
{"timestamp":"2025-07-29T19:25:28.685987Z","level":"info","event":" 'inlets': [],","chan":"stdout","logger":"task"}
{"timestamp":"2025-07-29T19:25:28.686039Z","level":"info","event":" 'logical_date': DateTime(2023, 6, 23, 1, 25, 0, tzinfo=Timezone('UTC')),","chan":"stdout","logger":"task"}
{"timestamp":"2025-07-29T19:25:28.686092Z","level":"info","event":" 'macros': <MacrosAccessor (dynamic access to macros)>,","chan":"stdout","logger":"task"}
{"timestamp":"2025-07-29T19:25:28.686151Z","level":"info","event":" 'map_index_template': None,","chan":"stdout","logger":"task"}
{"timestamp":"2025-07-29T19:25:28.686203Z","level":"info","event":" 'outlet_events': <airflow.sdk.execution_time.context.OutletEventAccessors object at 0x7fb67cba6510>,","chan":"stdout","logger":"task"}
{"timestamp":"2025-07-29T19:25:28.686265Z","level":"info","event":" 'outlets': [],","chan":"stdout","logger":"task"}
{"timestamp":"2025-07-29T19:25:28.686352Z","level":"info","event":" 'params': {},","chan":"stdout","logger":"task"}
{"timestamp":"2025-07-29T19:25:28.702102Z","level":"info","event":" 'prev_data_interval_end_success': <Proxy at 0x7fb66fc2ee70 with factory <function RuntimeTaskInstance.get_template_context.<locals>.<lambda> at 0x7fb66fc51c60>>,","chan":"stdout","logger":"task"}
{"timestamp":"2025-07-29T19:25:28.702329Z","level":"info","event":" 'prev_data_interval_start_success': <Proxy at 0x7fb66fc2eed0 with factory <function RuntimeTaskInstance.get_template_context.<locals>.<lambda> at 0x7fb66fc53380>>,","chan":"stdout","logger":"task"}
{"timestamp":"2025-07-29T19:25:28.702396Z","level":"info","event":" 'prev_end_date_success': <Proxy at 0x7fb66fc2f0e0 with factory <function RuntimeTaskInstance.get_template_context.<locals>.<lambda> at 0x7fb66fc53420>>,","chan":"stdout","logger":"task"}
{"timestamp":"2025-07-29T19:25:28.702444Z","level":"info","event":" 'prev_start_date_success': <Proxy at 0x7fb66fc2f1d0 with factory <function RuntimeTaskInstance.get_template_context.<locals>.<lambda> at 0x7fb66fc52160>>,","chan":"stdout","logger":"task"}
{"timestamp":"2025-07-29T19:25:28.702488Z","level":"info","event":" 'run_id': 'scheduled__2023-06-23T01:25:00+00:00',","chan":"stdout","logger":"task"}
{"timestamp":"2025-07-29T19:25:28.702534Z","level":"info","event":" 'task': <Task(PythonOperator): python>,","chan":"stdout","logger":"task"}
{"timestamp":"2025-07-29T19:25:28.702576Z","level":"info","event":" 'task_instance': RuntimeTaskInstance(id=UUID('019857a5-9b74-727f-9a27-1eb3e6a5032e'), task_id='python', dag_id='python_operator_v1', run_id='scheduled__2023-06-23T01:25:00+00:00', try_number=1, map_index=-1, hostname='bf6f1e7a6f11', context_carrier={}, task=<Task(PythonOperator): python>, bundle_instance=LocalDagBundle(name=dags-folder), max_tries=0, start_date=datetime.datetime(2025, 7, 29, 19, 25, 28, 150330, tzinfo=datetime.timezone.utc), end_date=None, state=<TaskInstanceState.RUNNING: 'running'>, is_mapped=False, rendered_map_index=None, log_url='http://localhost:8080/dags/python_operator_v1/runs/scheduled__2023-06-23T01%3A25%3A00%2B00%3A00/tasks/python?try_number=1'),","chan":"stdout","logger":"task"}
{"timestamp":"2025-07-29T19:25:28.702620Z","level":"info","event":" 'task_instance_key_str': 'python_operator_v1__python__20230623',","chan":"stdout","logger":"task"}
{"timestamp":"2025-07-29T19:25:28.702660Z","level":"info","event":" 'task_reschedule_count': 0,","chan":"stdout","logger":"task"}
{"timestamp":"2025-07-29T19:25:28.702699Z","level":"info","event":" 'templates_dict': None,","chan":"stdout","logger":"task"}
{"timestamp":"2025-07-29T19:25:28.702768Z","level":"info","event":" 'ti': RuntimeTaskInstance(id=UUID('019857a5-9b74-727f-9a27-1eb3e6a5032e'), task_id='python', dag_id='python_operator_v1', run_id='scheduled__2023-06-23T01:25:00+00:00', try_number=1, map_index=-1, hostname='bf6f1e7a6f11', context_carrier={}, task=<Task(PythonOperator): python>, bundle_instance=LocalDagBundle(name=dags-folder), max_tries=0, start_date=datetime.datetime(2025, 7, 29, 19, 25, 28, 150330, tzinfo=datetime.timezone.utc), end_date=None, state=<TaskInstanceState.RUNNING: 'running'>, is_mapped=False, rendered_map_index=None, log_url='http://localhost:8080/dags/python_operator_v1/runs/scheduled__2023-06-23T01%3A25%3A00%2B00%3A00/tasks/python?try_number=1'),","chan":"stdout","logger":"task"}
{"timestamp":"2025-07-29T19:25:28.702823Z","level":"info","event":" 'triggering_asset_events': TriggeringAssetEventsAccessor(_events=defaultdict(<class 'list'>, {})),","chan":"stdout","logger":"task"}
{"timestamp":"2025-07-29T19:25:28.702867Z","level":"info","event":" 'ts': '2023-06-23T01:25:00+00:00',","chan":"stdout","logger":"task"}
{"timestamp":"2025-07-29T19:25:28.702907Z","level":"info","event":" 'ts_nodash': '20230623T012500',","chan":"stdout","logger":"task"}
{"timestamp":"2025-07-29T19:25:28.702949Z","level":"info","event":" 'ts_nodash_with_tz': '20230623T012500+0000',","chan":"stdout","logger":"task"}
{"timestamp":"2025-07-29T19:25:28.702989Z","level":"info","event":" 'var': {'json': <VariableAccessor (dynamic access)>,","chan":"stdout","logger":"task"}
{"timestamp":"2025-07-29T19:25:28.703029Z","level":"info","event":"         'value': <VariableAccessor (dynamic access)>}}","chan":"stdout","logger":"task"}
{"timestamp":"2025-07-29T19:25:28.702906","level":"info","event":"Done. Returned value was: 123","logger":"airflow.task.operators.airflow.providers.standard.operators.python.PythonOperator"}
{"timestamp":"2025-07-29T19:25:28.703099","level":"info","event":"Pushing xcom","ti":"RuntimeTaskInstance(id=UUID('019857a5-9b74-727f-9a27-1eb3e6a5032e'), task_id='python', dag_id='python_operator_v1', run_id='scheduled__2023-06-23T01:25:00+00:00', try_number=1, map_index=-1, hostname='bf6f1e7a6f11', context_carrier={}, task=<Task(PythonOperator): python>, bundle_instance=LocalDagBundle(name=dags-folder), max_tries=0, start_date=datetime.datetime(2025, 7, 29, 19, 25, 28, 150330, tzinfo=datetime.timezone.utc), end_date=None, state=<TaskInstanceState.RUNNING: 'running'>, is_mapped=False, rendered_map_index=None, log_url='http://localhost:8080/dags/python_operator_v1/runs/scheduled__2023-06-23T01%3A25%3A00%2B00%3A00/tasks/python?try_number=1')","logger":"task"}
{"timestamp":"2025-07-29T19:25:28.730987Z","level":"info","event":"Task instance in success state","chan":"stdout","logger":"task"}
{"timestamp":"2025-07-29T19:25:28.731220Z","level":"info","event":" Previous state of the Task instance: TaskInstanceState.RUNNING","chan":"stdout","logger":"task"}
{"timestamp":"2025-07-29T19:25:28.731486Z","level":"info","event":"Task operator:<Task(PythonOperator): python>","chan":"stdout","logger":"task"}
