{"timestamp":"2025-07-29T19:36:07.683960","level":"info","event":"DAG bundles loaded: dags-folder, example_dags","logger":"airflow.dag_processing.bundles.manager.DagBundlesManager"}
{"timestamp":"2025-07-29T19:36:07.684702","level":"info","event":"Filling up the DagBag from /opt/airflow/dags/python_operator_v1.py","logger":"airflow.models.dagbag.DagBag"}
{"timestamp":"2025-07-29T19:36:07.708304Z","level":"info","event":"Task instance is in running state","chan":"stdout","logger":"task"}
{"timestamp":"2025-07-29T19:36:07.708494Z","level":"info","event":" Previous state of the Task instance: TaskInstanceState.QUEUED","chan":"stdout","logger":"task"}
{"timestamp":"2025-07-29T19:36:07.708647Z","level":"info","event":"Current task name:python","chan":"stdout","logger":"task"}
{"timestamp":"2025-07-29T19:36:07.708780Z","level":"info","event":"Dag name:python_operator_v1","chan":"stdout","logger":"task"}
{"timestamp":"2025-07-29T19:36:07.710628Z","level":"info","event":"poliana","chan":"stdout","logger":"task"}
{"timestamp":"2025-07-29T19:36:07.711418Z","level":"info","event":"{'conn': <ConnectionAccessor (dynamic access)>,","chan":"stdout","logger":"task"}
{"timestamp":"2025-07-29T19:36:07.711524Z","level":"info","event":" 'dag': <DAG: python_operator_v1>,","chan":"stdout","logger":"task"}
{"timestamp":"2025-07-29T19:36:07.711669Z","level":"info","event":" 'dag_run': DagRun(dag_id='python_operator_v1', run_id='scheduled__2023-06-23T12:56:00+00:00', logical_date=datetime.datetime(2023, 6, 23, 12, 56, tzinfo=datetime.timezone.utc), data_interval_start=datetime.datetime(2023, 6, 23, 12, 56, tzinfo=datetime.timezone.utc), data_interval_end=datetime.datetime(2023, 6, 23, 12, 56, tzinfo=datetime.timezone.utc), run_after=datetime.datetime(2023, 6, 23, 12, 56, tzinfo=datetime.timezone.utc), start_date=datetime.datetime(2025, 7, 29, 19, 36, 6, 862122, tzinfo=datetime.timezone.utc), end_date=None, clear_number=0, run_type=<DagRunType.SCHEDULED: 'scheduled'>, conf={}, consumed_asset_events=[]),","chan":"stdout","logger":"task"}
{"timestamp":"2025-07-29T19:36:07.711770Z","level":"info","event":" 'data_interval_end': DateTime(2023, 6, 23, 12, 56, 0, tzinfo=Timezone('UTC')),","chan":"stdout","logger":"task"}
{"timestamp":"2025-07-29T19:36:07.711831Z","level":"info","event":" 'data_interval_start': DateTime(2023, 6, 23, 12, 56, 0, tzinfo=Timezone('UTC')),","chan":"stdout","logger":"task"}
{"timestamp":"2025-07-29T19:36:07.711911Z","level":"info","event":" 'ds': '2023-06-23',","chan":"stdout","logger":"task"}
{"timestamp":"2025-07-29T19:36:07.711994Z","level":"info","event":" 'ds_nodash': '20230623',","chan":"stdout","logger":"task"}
{"timestamp":"2025-07-29T19:36:07.712121Z","level":"info","event":" 'inlet_events': InletEventsAccessors(_inlets=[], _assets={}, _asset_aliases={}),","chan":"stdout","logger":"task"}
{"timestamp":"2025-07-29T19:36:07.712185Z","level":"info","event":" 'inlets': [],","chan":"stdout","logger":"task"}
{"timestamp":"2025-07-29T19:36:07.712230Z","level":"info","event":" 'logical_date': DateTime(2023, 6, 23, 12, 56, 0, tzinfo=Timezone('UTC')),","chan":"stdout","logger":"task"}
{"timestamp":"2025-07-29T19:36:07.712272Z","level":"info","event":" 'macros': <MacrosAccessor (dynamic access to macros)>,","chan":"stdout","logger":"task"}
{"timestamp":"2025-07-29T19:36:07.712313Z","level":"info","event":" 'map_index_template': None,","chan":"stdout","logger":"task"}
{"timestamp":"2025-07-29T19:36:07.712354Z","level":"info","event":" 'outlet_events': <airflow.sdk.execution_time.context.OutletEventAccessors object at 0x7fb66ffffa70>,","chan":"stdout","logger":"task"}
{"timestamp":"2025-07-29T19:36:07.712395Z","level":"info","event":" 'outlets': [],","chan":"stdout","logger":"task"}
{"timestamp":"2025-07-29T19:36:07.712435Z","level":"info","event":" 'params': {},","chan":"stdout","logger":"task"}
{"timestamp":"2025-07-29T19:36:07.723488Z","level":"info","event":" 'prev_data_interval_end_success': <Proxy at 0x7fb66fc46870 with factory <function RuntimeTaskInstance.get_template_context.<locals>.<lambda> at 0x7fb66fc660c0>>,","chan":"stdout","logger":"task"}
{"timestamp":"2025-07-29T19:36:07.723706Z","level":"info","event":" 'prev_data_interval_start_success': <Proxy at 0x7fb66fc468a0 with factory <function RuntimeTaskInstance.get_template_context.<locals>.<lambda> at 0x7fb66fc677e0>>,","chan":"stdout","logger":"task"}
{"timestamp":"2025-07-29T19:36:07.723777Z","level":"info","event":" 'prev_end_date_success': <Proxy at 0x7fb66fc46000 with factory <function RuntimeTaskInstance.get_template_context.<locals>.<lambda> at 0x7fb66fc67880>>,","chan":"stdout","logger":"task"}
{"timestamp":"2025-07-29T19:36:07.723836Z","level":"info","event":" 'prev_start_date_success': <Proxy at 0x7fb66febbfb0 with factory <function RuntimeTaskInstance.get_template_context.<locals>.<lambda> at 0x7fb66fc665c0>>,","chan":"stdout","logger":"task"}
{"timestamp":"2025-07-29T19:36:07.723903Z","level":"info","event":" 'run_id': 'scheduled__2023-06-23T12:56:00+00:00',","chan":"stdout","logger":"task"}
{"timestamp":"2025-07-29T19:36:07.723966Z","level":"info","event":" 'task': <Task(PythonOperator): python>,","chan":"stdout","logger":"task"}
{"timestamp":"2025-07-29T19:36:07.724013Z","level":"info","event":" 'task_instance': RuntimeTaskInstance(id=UUID('019857af-5bc9-7f9e-af42-12509022fd6d'), task_id='python', dag_id='python_operator_v1', run_id='scheduled__2023-06-23T12:56:00+00:00', try_number=1, map_index=-1, hostname='bf6f1e7a6f11', context_carrier={}, task=<Task(PythonOperator): python>, bundle_instance=LocalDagBundle(name=dags-folder), max_tries=0, start_date=datetime.datetime(2025, 7, 29, 19, 36, 7, 130589, tzinfo=datetime.timezone.utc), end_date=None, state=<TaskInstanceState.RUNNING: 'running'>, is_mapped=False, rendered_map_index=None, log_url='http://localhost:8080/dags/python_operator_v1/runs/scheduled__2023-06-23T12%3A56%3A00%2B00%3A00/tasks/python?try_number=1'),","chan":"stdout","logger":"task"}
{"timestamp":"2025-07-29T19:36:07.724090Z","level":"info","event":" 'task_instance_key_str': 'python_operator_v1__python__20230623',","chan":"stdout","logger":"task"}
{"timestamp":"2025-07-29T19:36:07.724140Z","level":"info","event":" 'task_reschedule_count': 0,","chan":"stdout","logger":"task"}
{"timestamp":"2025-07-29T19:36:07.724183Z","level":"info","event":" 'templates_dict': None,","chan":"stdout","logger":"task"}
{"timestamp":"2025-07-29T19:36:07.724229Z","level":"info","event":" 'ti': RuntimeTaskInstance(id=UUID('019857af-5bc9-7f9e-af42-12509022fd6d'), task_id='python', dag_id='python_operator_v1', run_id='scheduled__2023-06-23T12:56:00+00:00', try_number=1, map_index=-1, hostname='bf6f1e7a6f11', context_carrier={}, task=<Task(PythonOperator): python>, bundle_instance=LocalDagBundle(name=dags-folder), max_tries=0, start_date=datetime.datetime(2025, 7, 29, 19, 36, 7, 130589, tzinfo=datetime.timezone.utc), end_date=None, state=<TaskInstanceState.RUNNING: 'running'>, is_mapped=False, rendered_map_index=None, log_url='http://localhost:8080/dags/python_operator_v1/runs/scheduled__2023-06-23T12%3A56%3A00%2B00%3A00/tasks/python?try_number=1'),","chan":"stdout","logger":"task"}
{"timestamp":"2025-07-29T19:36:07.724275Z","level":"info","event":" 'triggering_asset_events': TriggeringAssetEventsAccessor(_events=defaultdict(<class 'list'>, {})),","chan":"stdout","logger":"task"}
{"timestamp":"2025-07-29T19:36:07.724317Z","level":"info","event":" 'ts': '2023-06-23T12:56:00+00:00',","chan":"stdout","logger":"task"}
{"timestamp":"2025-07-29T19:36:07.724358Z","level":"info","event":" 'ts_nodash': '20230623T125600',","chan":"stdout","logger":"task"}
{"timestamp":"2025-07-29T19:36:07.724399Z","level":"info","event":" 'ts_nodash_with_tz': '20230623T125600+0000',","chan":"stdout","logger":"task"}
{"timestamp":"2025-07-29T19:36:07.724439Z","level":"info","event":" 'var': {'json': <VariableAccessor (dynamic access)>,","chan":"stdout","logger":"task"}
{"timestamp":"2025-07-29T19:36:07.724480Z","level":"info","event":"         'value': <VariableAccessor (dynamic access)>}}","chan":"stdout","logger":"task"}
{"timestamp":"2025-07-29T19:36:07.724424","level":"info","event":"Done. Returned value was: 123","logger":"airflow.task.operators.airflow.providers.standard.operators.python.PythonOperator"}
{"timestamp":"2025-07-29T19:36:07.724653","level":"info","event":"Pushing xcom","ti":"RuntimeTaskInstance(id=UUID('019857af-5bc9-7f9e-af42-12509022fd6d'), task_id='python', dag_id='python_operator_v1', run_id='scheduled__2023-06-23T12:56:00+00:00', try_number=1, map_index=-1, hostname='bf6f1e7a6f11', context_carrier={}, task=<Task(PythonOperator): python>, bundle_instance=LocalDagBundle(name=dags-folder), max_tries=0, start_date=datetime.datetime(2025, 7, 29, 19, 36, 7, 130589, tzinfo=datetime.timezone.utc), end_date=None, state=<TaskInstanceState.RUNNING: 'running'>, is_mapped=False, rendered_map_index=None, log_url='http://localhost:8080/dags/python_operator_v1/runs/scheduled__2023-06-23T12%3A56%3A00%2B00%3A00/tasks/python?try_number=1')","logger":"task"}
{"timestamp":"2025-07-29T19:36:07.752920Z","level":"info","event":"Task instance in success state","chan":"stdout","logger":"task"}
{"timestamp":"2025-07-29T19:36:07.753119Z","level":"info","event":" Previous state of the Task instance: TaskInstanceState.RUNNING","chan":"stdout","logger":"task"}
{"timestamp":"2025-07-29T19:36:07.753263Z","level":"info","event":"Task operator:<Task(PythonOperator): python>","chan":"stdout","logger":"task"}
