{"timestamp":"2025-07-29T20:08:53.479940","level":"info","event":"DAG bundles loaded: dags-folder, example_dags","logger":"airflow.dag_processing.bundles.manager.DagBundlesManager"}
{"timestamp":"2025-07-29T20:08:53.480647","level":"info","event":"Filling up the DagBag from /opt/airflow/dags/2_python_operator_v1.py","logger":"airflow.models.dagbag.DagBag"}
{"timestamp":"2025-07-29T20:08:53.511875Z","level":"info","event":"Task instance is in running state","chan":"stdout","logger":"task"}
{"timestamp":"2025-07-29T20:08:53.512100Z","level":"info","event":" Previous state of the Task instance: TaskInstanceState.QUEUED","chan":"stdout","logger":"task"}
{"timestamp":"2025-07-29T20:08:53.512624Z","level":"info","event":"Current task name:python","chan":"stdout","logger":"task"}
{"timestamp":"2025-07-29T20:08:53.512765Z","level":"info","event":"Dag name:python_operator_v1","chan":"stdout","logger":"task"}
{"timestamp":"2025-07-29T20:08:53.513820Z","level":"info","event":"poliana","chan":"stdout","logger":"task"}
{"timestamp":"2025-07-29T20:08:53.514520Z","level":"info","event":"{'conn': <ConnectionAccessor (dynamic access)>,","chan":"stdout","logger":"task"}
{"timestamp":"2025-07-29T20:08:53.514650Z","level":"info","event":" 'dag': <DAG: python_operator_v1>,","chan":"stdout","logger":"task"}
{"timestamp":"2025-07-29T20:08:53.514768Z","level":"info","event":" 'dag_run': DagRun(dag_id='python_operator_v1', run_id='scheduled__2023-06-24T22:19:00+00:00', logical_date=datetime.datetime(2023, 6, 24, 22, 19, tzinfo=datetime.timezone.utc), data_interval_start=datetime.datetime(2023, 6, 24, 22, 19, tzinfo=datetime.timezone.utc), data_interval_end=datetime.datetime(2023, 6, 24, 22, 19, tzinfo=datetime.timezone.utc), run_after=datetime.datetime(2023, 6, 24, 22, 19, tzinfo=datetime.timezone.utc), start_date=datetime.datetime(2025, 7, 29, 20, 8, 52, 110481, tzinfo=datetime.timezone.utc), end_date=None, clear_number=0, run_type=<DagRunType.SCHEDULED: 'scheduled'>, conf={}, consumed_asset_events=[]),","chan":"stdout","logger":"task"}
{"timestamp":"2025-07-29T20:08:53.514843Z","level":"info","event":" 'data_interval_end': DateTime(2023, 6, 24, 22, 19, 0, tzinfo=Timezone('UTC')),","chan":"stdout","logger":"task"}
{"timestamp":"2025-07-29T20:08:53.514906Z","level":"info","event":" 'data_interval_start': DateTime(2023, 6, 24, 22, 19, 0, tzinfo=Timezone('UTC')),","chan":"stdout","logger":"task"}
{"timestamp":"2025-07-29T20:08:53.514952Z","level":"info","event":" 'ds': '2023-06-24',","chan":"stdout","logger":"task"}
{"timestamp":"2025-07-29T20:08:53.514994Z","level":"info","event":" 'ds_nodash': '20230624',","chan":"stdout","logger":"task"}
{"timestamp":"2025-07-29T20:08:53.515035Z","level":"info","event":" 'inlet_events': InletEventsAccessors(_inlets=[], _assets={}, _asset_aliases={}),","chan":"stdout","logger":"task"}
{"timestamp":"2025-07-29T20:08:53.515076Z","level":"info","event":" 'inlets': [],","chan":"stdout","logger":"task"}
{"timestamp":"2025-07-29T20:08:53.515118Z","level":"info","event":" 'logical_date': DateTime(2023, 6, 24, 22, 19, 0, tzinfo=Timezone('UTC')),","chan":"stdout","logger":"task"}
{"timestamp":"2025-07-29T20:08:53.515160Z","level":"info","event":" 'macros': <MacrosAccessor (dynamic access to macros)>,","chan":"stdout","logger":"task"}
{"timestamp":"2025-07-29T20:08:53.515203Z","level":"info","event":" 'map_index_template': None,","chan":"stdout","logger":"task"}
{"timestamp":"2025-07-29T20:08:53.515244Z","level":"info","event":" 'outlet_events': <airflow.sdk.execution_time.context.OutletEventAccessors object at 0x7fb66fc2fa70>,","chan":"stdout","logger":"task"}
{"timestamp":"2025-07-29T20:08:53.515307Z","level":"info","event":" 'outlets': [],","chan":"stdout","logger":"task"}
{"timestamp":"2025-07-29T20:08:53.515352Z","level":"info","event":" 'params': {},","chan":"stdout","logger":"task"}
{"timestamp":"2025-07-29T20:08:53.529501Z","level":"info","event":" 'prev_data_interval_end_success': <Proxy at 0x7fb66fc51610 with factory <function RuntimeTaskInstance.get_template_context.<locals>.<lambda> at 0x7fb66fc6d6c0>>,","chan":"stdout","logger":"task"}
{"timestamp":"2025-07-29T20:08:53.529785Z","level":"info","event":" 'prev_data_interval_start_success': <Proxy at 0x7fb66fc517c0 with factory <function RuntimeTaskInstance.get_template_context.<locals>.<lambda> at 0x7fb66fc6ede0>>,","chan":"stdout","logger":"task"}
{"timestamp":"2025-07-29T20:08:53.529904Z","level":"info","event":" 'prev_end_date_success': <Proxy at 0x7fb67ea17650 with factory <function RuntimeTaskInstance.get_template_context.<locals>.<lambda> at 0x7fb66fc6ee80>>,","chan":"stdout","logger":"task"}
{"timestamp":"2025-07-29T20:08:53.529989Z","level":"info","event":" 'prev_start_date_success': <Proxy at 0x7fb66fdeeba0 with factory <function RuntimeTaskInstance.get_template_context.<locals>.<lambda> at 0x7fb66fc6dbc0>>,","chan":"stdout","logger":"task"}
{"timestamp":"2025-07-29T20:08:53.530062Z","level":"info","event":" 'run_id': 'scheduled__2023-06-24T22:19:00+00:00',","chan":"stdout","logger":"task"}
{"timestamp":"2025-07-29T20:08:53.530137Z","level":"info","event":" 'task': <Task(PythonOperator): python>,","chan":"stdout","logger":"task"}
{"timestamp":"2025-07-29T20:08:53.530212Z","level":"info","event":" 'task_instance': RuntimeTaskInstance(id=UUID('019857cd-5870-7039-8f18-e16a418386d4'), task_id='python', dag_id='python_operator_v1', run_id='scheduled__2023-06-24T22:19:00+00:00', try_number=1, map_index=-1, hostname='bf6f1e7a6f11', context_carrier={}, task=<Task(PythonOperator): python>, bundle_instance=LocalDagBundle(name=dags-folder), max_tries=0, start_date=datetime.datetime(2025, 7, 29, 20, 8, 52, 782628, tzinfo=datetime.timezone.utc), end_date=None, state=<TaskInstanceState.RUNNING: 'running'>, is_mapped=False, rendered_map_index=None, log_url='http://localhost:8080/dags/python_operator_v1/runs/scheduled__2023-06-24T22%3A19%3A00%2B00%3A00/tasks/python?try_number=1'),","chan":"stdout","logger":"task"}
{"timestamp":"2025-07-29T20:08:53.530294Z","level":"info","event":" 'task_instance_key_str': 'python_operator_v1__python__20230624',","chan":"stdout","logger":"task"}
{"timestamp":"2025-07-29T20:08:53.530367Z","level":"info","event":" 'task_reschedule_count': 0,","chan":"stdout","logger":"task"}
{"timestamp":"2025-07-29T20:08:53.530438Z","level":"info","event":" 'templates_dict': None,","chan":"stdout","logger":"task"}
{"timestamp":"2025-07-29T20:08:53.530512Z","level":"info","event":" 'ti': RuntimeTaskInstance(id=UUID('019857cd-5870-7039-8f18-e16a418386d4'), task_id='python', dag_id='python_operator_v1', run_id='scheduled__2023-06-24T22:19:00+00:00', try_number=1, map_index=-1, hostname='bf6f1e7a6f11', context_carrier={}, task=<Task(PythonOperator): python>, bundle_instance=LocalDagBundle(name=dags-folder), max_tries=0, start_date=datetime.datetime(2025, 7, 29, 20, 8, 52, 782628, tzinfo=datetime.timezone.utc), end_date=None, state=<TaskInstanceState.RUNNING: 'running'>, is_mapped=False, rendered_map_index=None, log_url='http://localhost:8080/dags/python_operator_v1/runs/scheduled__2023-06-24T22%3A19%3A00%2B00%3A00/tasks/python?try_number=1'),","chan":"stdout","logger":"task"}
{"timestamp":"2025-07-29T20:08:53.530587Z","level":"info","event":" 'triggering_asset_events': TriggeringAssetEventsAccessor(_events=defaultdict(<class 'list'>, {})),","chan":"stdout","logger":"task"}
{"timestamp":"2025-07-29T20:08:53.530656Z","level":"info","event":" 'ts': '2023-06-24T22:19:00+00:00',","chan":"stdout","logger":"task"}
{"timestamp":"2025-07-29T20:08:53.530733Z","level":"info","event":" 'ts_nodash': '20230624T221900',","chan":"stdout","logger":"task"}
{"timestamp":"2025-07-29T20:08:53.530807Z","level":"info","event":" 'ts_nodash_with_tz': '20230624T221900+0000',","chan":"stdout","logger":"task"}
{"timestamp":"2025-07-29T20:08:53.530873Z","level":"info","event":" 'var': {'json': <VariableAccessor (dynamic access)>,","chan":"stdout","logger":"task"}
{"timestamp":"2025-07-29T20:08:53.531013Z","level":"info","event":"         'value': <VariableAccessor (dynamic access)>}}","chan":"stdout","logger":"task"}
{"timestamp":"2025-07-29T20:08:53.530427","level":"info","event":"Done. Returned value was: 123","logger":"airflow.task.operators.airflow.providers.standard.operators.python.PythonOperator"}
{"timestamp":"2025-07-29T20:08:53.530671","level":"info","event":"Pushing xcom","ti":"RuntimeTaskInstance(id=UUID('019857cd-5870-7039-8f18-e16a418386d4'), task_id='python', dag_id='python_operator_v1', run_id='scheduled__2023-06-24T22:19:00+00:00', try_number=1, map_index=-1, hostname='bf6f1e7a6f11', context_carrier={}, task=<Task(PythonOperator): python>, bundle_instance=LocalDagBundle(name=dags-folder), max_tries=0, start_date=datetime.datetime(2025, 7, 29, 20, 8, 52, 782628, tzinfo=datetime.timezone.utc), end_date=None, state=<TaskInstanceState.RUNNING: 'running'>, is_mapped=False, rendered_map_index=None, log_url='http://localhost:8080/dags/python_operator_v1/runs/scheduled__2023-06-24T22%3A19%3A00%2B00%3A00/tasks/python?try_number=1')","logger":"task"}
{"timestamp":"2025-07-29T20:08:53.571569Z","level":"info","event":"Task instance in success state","chan":"stdout","logger":"task"}
{"timestamp":"2025-07-29T20:08:53.571733Z","level":"info","event":" Previous state of the Task instance: TaskInstanceState.RUNNING","chan":"stdout","logger":"task"}
{"timestamp":"2025-07-29T20:08:53.571958Z","level":"info","event":"Task operator:<Task(PythonOperator): python>","chan":"stdout","logger":"task"}
