{"timestamp":"2025-07-29T20:05:24.006835","level":"info","event":"DAG bundles loaded: dags-folder, example_dags","logger":"airflow.dag_processing.bundles.manager.DagBundlesManager"}
{"timestamp":"2025-07-29T20:05:24.010521","level":"info","event":"Filling up the DagBag from /opt/airflow/dags/3_dag_principal.py","logger":"airflow.models.dagbag.DagBag"}
{"timestamp":"2025-07-29T20:05:24.050912Z","level":"info","event":"Task instance is in running state","chan":"stdout","logger":"task"}
{"timestamp":"2025-07-29T20:05:24.051324Z","level":"info","event":" Previous state of the Task instance: TaskInstanceState.QUEUED","chan":"stdout","logger":"task"}
{"timestamp":"2025-07-29T20:05:24.051843Z","level":"info","event":"Current task name:python_principal","chan":"stdout","logger":"task"}
{"timestamp":"2025-07-29T20:05:24.052132Z","level":"info","event":"Dag name:3_DAG_principal","chan":"stdout","logger":"task"}
{"timestamp":"2025-07-29T20:05:24.053217Z","level":"info","event":"DAG principal","chan":"stdout","logger":"task"}
{"timestamp":"2025-07-29T20:05:24.054058Z","level":"info","event":"{'conn': <ConnectionAccessor (dynamic access)>,","chan":"stdout","logger":"task"}
{"timestamp":"2025-07-29T20:05:24.054242Z","level":"info","event":" 'dag': <DAG: 3_DAG_principal>,","chan":"stdout","logger":"task"}
{"timestamp":"2025-07-29T20:05:24.054431Z","level":"info","event":" 'dag_run': DagRun(dag_id='3_DAG_principal', run_id='scheduled__2024-06-29T20:00:00+00:00', logical_date=datetime.datetime(2024, 6, 29, 20, 0, tzinfo=datetime.timezone.utc), data_interval_start=datetime.datetime(2024, 6, 29, 20, 0, tzinfo=datetime.timezone.utc), data_interval_end=datetime.datetime(2024, 6, 29, 20, 0, tzinfo=datetime.timezone.utc), run_after=datetime.datetime(2024, 6, 29, 20, 0, tzinfo=datetime.timezone.utc), start_date=datetime.datetime(2025, 7, 29, 20, 5, 22, 865140, tzinfo=datetime.timezone.utc), end_date=None, clear_number=0, run_type=<DagRunType.SCHEDULED: 'scheduled'>, conf={}, consumed_asset_events=[]),","chan":"stdout","logger":"task"}
{"timestamp":"2025-07-29T20:05:24.054558Z","level":"info","event":" 'data_interval_end': DateTime(2024, 6, 29, 20, 0, 0, tzinfo=Timezone('UTC')),","chan":"stdout","logger":"task"}
{"timestamp":"2025-07-29T20:05:24.054647Z","level":"info","event":" 'data_interval_start': DateTime(2024, 6, 29, 20, 0, 0, tzinfo=Timezone('UTC')),","chan":"stdout","logger":"task"}
{"timestamp":"2025-07-29T20:05:24.054722Z","level":"info","event":" 'ds': '2024-06-29',","chan":"stdout","logger":"task"}
{"timestamp":"2025-07-29T20:05:24.054792Z","level":"info","event":" 'ds_nodash': '20240629',","chan":"stdout","logger":"task"}
{"timestamp":"2025-07-29T20:05:24.054862Z","level":"info","event":" 'inlet_events': InletEventsAccessors(_inlets=[], _assets={}, _asset_aliases={}),","chan":"stdout","logger":"task"}
{"timestamp":"2025-07-29T20:05:24.054936Z","level":"info","event":" 'inlets': [],","chan":"stdout","logger":"task"}
{"timestamp":"2025-07-29T20:05:24.055167Z","level":"info","event":" 'logical_date': DateTime(2024, 6, 29, 20, 0, 0, tzinfo=Timezone('UTC')),","chan":"stdout","logger":"task"}
{"timestamp":"2025-07-29T20:05:24.055286Z","level":"info","event":" 'macros': <MacrosAccessor (dynamic access to macros)>,","chan":"stdout","logger":"task"}
{"timestamp":"2025-07-29T20:05:24.055371Z","level":"info","event":" 'map_index_template': None,","chan":"stdout","logger":"task"}
{"timestamp":"2025-07-29T20:05:24.055445Z","level":"info","event":" 'outlet_events': <airflow.sdk.execution_time.context.OutletEventAccessors object at 0x7fb67cbec6e0>,","chan":"stdout","logger":"task"}
{"timestamp":"2025-07-29T20:05:24.055517Z","level":"info","event":" 'outlets': [],","chan":"stdout","logger":"task"}
{"timestamp":"2025-07-29T20:05:24.055585Z","level":"info","event":" 'params': {},","chan":"stdout","logger":"task"}
{"timestamp":"2025-07-29T20:05:24.074849Z","level":"info","event":" 'prev_data_interval_end_success': <Proxy at 0x7fb66fcb4800 with factory <function RuntimeTaskInstance.get_template_context.<locals>.<lambda> at 0x7fb66fcc7ec0>>,","chan":"stdout","logger":"task"}
{"timestamp":"2025-07-29T20:05:24.075207Z","level":"info","event":" 'prev_data_interval_start_success': <Proxy at 0x7fb67ebb4ef0 with factory <function RuntimeTaskInstance.get_template_context.<locals>.<lambda> at 0x7fb66fcc6840>>,","chan":"stdout","logger":"task"}
{"timestamp":"2025-07-29T20:05:24.075383Z","level":"info","event":" 'prev_end_date_success': <Proxy at 0x7fb66fcb5700 with factory <function RuntimeTaskInstance.get_template_context.<locals>.<lambda> at 0x7fb66fcc7f60>>,","chan":"stdout","logger":"task"}
{"timestamp":"2025-07-29T20:05:24.075477Z","level":"info","event":" 'prev_start_date_success': <Proxy at 0x7fb66fcb5790 with factory <function RuntimeTaskInstance.get_template_context.<locals>.<lambda> at 0x7fb66fcc6de0>>,","chan":"stdout","logger":"task"}
{"timestamp":"2025-07-29T20:05:24.075562Z","level":"info","event":" 'run_id': 'scheduled__2024-06-29T20:00:00+00:00',","chan":"stdout","logger":"task"}
{"timestamp":"2025-07-29T20:05:24.075638Z","level":"info","event":" 'task': <Task(PythonOperator): python_principal>,","chan":"stdout","logger":"task"}
{"timestamp":"2025-07-29T20:05:24.075717Z","level":"info","event":" 'task_instance': RuntimeTaskInstance(id=UUID('019857ca-1c36-743e-8148-16d5f08dfef5'), task_id='python_principal', dag_id='3_DAG_principal', run_id='scheduled__2024-06-29T20:00:00+00:00', try_number=1, map_index=-1, hostname='bf6f1e7a6f11', context_carrier={}, task=<Task(PythonOperator): python_principal>, bundle_instance=LocalDagBundle(name=dags-folder), max_tries=0, start_date=datetime.datetime(2025, 7, 29, 20, 5, 23, 196444, tzinfo=datetime.timezone.utc), end_date=None, state=<TaskInstanceState.RUNNING: 'running'>, is_mapped=False, rendered_map_index=None, log_url='http://localhost:8080/dags/3_DAG_principal/runs/scheduled__2024-06-29T20%3A00%3A00%2B00%3A00/tasks/python_principal?try_number=1'),","chan":"stdout","logger":"task"}
{"timestamp":"2025-07-29T20:05:24.075812Z","level":"info","event":" 'task_instance_key_str': '3_DAG_principal__python_principal__20240629',","chan":"stdout","logger":"task"}
{"timestamp":"2025-07-29T20:05:24.075889Z","level":"info","event":" 'task_reschedule_count': 0,","chan":"stdout","logger":"task"}
{"timestamp":"2025-07-29T20:05:24.075960Z","level":"info","event":" 'templates_dict': None,","chan":"stdout","logger":"task"}
{"timestamp":"2025-07-29T20:05:24.076032Z","level":"info","event":" 'ti': RuntimeTaskInstance(id=UUID('019857ca-1c36-743e-8148-16d5f08dfef5'), task_id='python_principal', dag_id='3_DAG_principal', run_id='scheduled__2024-06-29T20:00:00+00:00', try_number=1, map_index=-1, hostname='bf6f1e7a6f11', context_carrier={}, task=<Task(PythonOperator): python_principal>, bundle_instance=LocalDagBundle(name=dags-folder), max_tries=0, start_date=datetime.datetime(2025, 7, 29, 20, 5, 23, 196444, tzinfo=datetime.timezone.utc), end_date=None, state=<TaskInstanceState.RUNNING: 'running'>, is_mapped=False, rendered_map_index=None, log_url='http://localhost:8080/dags/3_DAG_principal/runs/scheduled__2024-06-29T20%3A00%3A00%2B00%3A00/tasks/python_principal?try_number=1'),","chan":"stdout","logger":"task"}
{"timestamp":"2025-07-29T20:05:24.076183Z","level":"info","event":" 'triggering_asset_events': TriggeringAssetEventsAccessor(_events=defaultdict(<class 'list'>, {})),","chan":"stdout","logger":"task"}
{"timestamp":"2025-07-29T20:05:24.076305Z","level":"info","event":" 'ts': '2024-06-29T20:00:00+00:00',","chan":"stdout","logger":"task"}
{"timestamp":"2025-07-29T20:05:24.076385Z","level":"info","event":" 'ts_nodash': '20240629T200000',","chan":"stdout","logger":"task"}
{"timestamp":"2025-07-29T20:05:24.076458Z","level":"info","event":" 'ts_nodash_with_tz': '20240629T200000+0000',","chan":"stdout","logger":"task"}
{"timestamp":"2025-07-29T20:05:24.076567Z","level":"info","event":" 'var': {'json': <VariableAccessor (dynamic access)>,","chan":"stdout","logger":"task"}
{"timestamp":"2025-07-29T20:05:24.076645Z","level":"info","event":"         'value': <VariableAccessor (dynamic access)>}}","chan":"stdout","logger":"task"}
{"timestamp":"2025-07-29T20:05:24.075549","level":"info","event":"Done. Returned value was: principal","logger":"airflow.task.operators.airflow.providers.standard.operators.python.PythonOperator"}
{"timestamp":"2025-07-29T20:05:24.075882","level":"info","event":"Pushing xcom","ti":"RuntimeTaskInstance(id=UUID('019857ca-1c36-743e-8148-16d5f08dfef5'), task_id='python_principal', dag_id='3_DAG_principal', run_id='scheduled__2024-06-29T20:00:00+00:00', try_number=1, map_index=-1, hostname='bf6f1e7a6f11', context_carrier={}, task=<Task(PythonOperator): python_principal>, bundle_instance=LocalDagBundle(name=dags-folder), max_tries=0, start_date=datetime.datetime(2025, 7, 29, 20, 5, 23, 196444, tzinfo=datetime.timezone.utc), end_date=None, state=<TaskInstanceState.RUNNING: 'running'>, is_mapped=False, rendered_map_index=None, log_url='http://localhost:8080/dags/3_DAG_principal/runs/scheduled__2024-06-29T20%3A00%3A00%2B00%3A00/tasks/python_principal?try_number=1')","logger":"task"}
{"timestamp":"2025-07-29T20:05:24.138833Z","level":"info","event":"Task instance in success state","chan":"stdout","logger":"task"}
{"timestamp":"2025-07-29T20:05:24.139368Z","level":"info","event":" Previous state of the Task instance: TaskInstanceState.RUNNING","chan":"stdout","logger":"task"}
{"timestamp":"2025-07-29T20:05:24.139661Z","level":"info","event":"Task operator:<Task(PythonOperator): python_principal>","chan":"stdout","logger":"task"}
