{"timestamp":"2025-07-29T19:20:02.617444","level":"info","event":"DAG bundles loaded: dags-folder, example_dags","logger":"airflow.dag_processing.bundles.manager.DagBundlesManager"}
{"timestamp":"2025-07-29T19:20:02.618170","level":"info","event":"Filling up the DagBag from /opt/airflow/dags/python_operator_v1.py","logger":"airflow.models.dagbag.DagBag"}
{"timestamp":"2025-07-29T19:20:02.641107Z","level":"info","event":"Task instance is in running state","chan":"stdout","logger":"task"}
{"timestamp":"2025-07-29T19:20:02.641290Z","level":"info","event":" Previous state of the Task instance: TaskInstanceState.QUEUED","chan":"stdout","logger":"task"}
{"timestamp":"2025-07-29T19:20:02.642353Z","level":"info","event":"Current task name:python","chan":"stdout","logger":"task"}
{"timestamp":"2025-07-29T19:20:02.642555Z","level":"info","event":"Dag name:python_operator_v1","chan":"stdout","logger":"task"}
{"timestamp":"2025-07-29T19:20:02.643900Z","level":"info","event":"poliana","chan":"stdout","logger":"task"}
{"timestamp":"2025-07-29T19:20:02.644710Z","level":"info","event":"{'conn': <ConnectionAccessor (dynamic access)>,","chan":"stdout","logger":"task"}
{"timestamp":"2025-07-29T19:20:02.644861Z","level":"info","event":" 'dag': <DAG: python_operator_v1>,","chan":"stdout","logger":"task"}
{"timestamp":"2025-07-29T19:20:02.644994Z","level":"info","event":" 'dag_run': DagRun(dag_id='python_operator_v1', run_id='scheduled__2023-06-22T19:33:00+00:00', logical_date=datetime.datetime(2023, 6, 22, 19, 33, tzinfo=datetime.timezone.utc), data_interval_start=datetime.datetime(2023, 6, 22, 19, 33, tzinfo=datetime.timezone.utc), data_interval_end=datetime.datetime(2023, 6, 22, 19, 33, tzinfo=datetime.timezone.utc), run_after=datetime.datetime(2023, 6, 22, 19, 33, tzinfo=datetime.timezone.utc), start_date=datetime.datetime(2025, 7, 29, 19, 20, 1, 784551, tzinfo=datetime.timezone.utc), end_date=None, clear_number=0, run_type=<DagRunType.SCHEDULED: 'scheduled'>, conf={}, consumed_asset_events=[]),","chan":"stdout","logger":"task"}
{"timestamp":"2025-07-29T19:20:02.645084Z","level":"info","event":" 'data_interval_end': DateTime(2023, 6, 22, 19, 33, 0, tzinfo=Timezone('UTC')),","chan":"stdout","logger":"task"}
{"timestamp":"2025-07-29T19:20:02.645140Z","level":"info","event":" 'data_interval_start': DateTime(2023, 6, 22, 19, 33, 0, tzinfo=Timezone('UTC')),","chan":"stdout","logger":"task"}
{"timestamp":"2025-07-29T19:20:02.645185Z","level":"info","event":" 'ds': '2023-06-22',","chan":"stdout","logger":"task"}
{"timestamp":"2025-07-29T19:20:02.645227Z","level":"info","event":" 'ds_nodash': '20230622',","chan":"stdout","logger":"task"}
{"timestamp":"2025-07-29T19:20:02.645269Z","level":"info","event":" 'inlet_events': InletEventsAccessors(_inlets=[], _assets={}, _asset_aliases={}),","chan":"stdout","logger":"task"}
{"timestamp":"2025-07-29T19:20:02.645310Z","level":"info","event":" 'inlets': [],","chan":"stdout","logger":"task"}
{"timestamp":"2025-07-29T19:20:02.645353Z","level":"info","event":" 'logical_date': DateTime(2023, 6, 22, 19, 33, 0, tzinfo=Timezone('UTC')),","chan":"stdout","logger":"task"}
{"timestamp":"2025-07-29T19:20:02.645394Z","level":"info","event":" 'macros': <MacrosAccessor (dynamic access to macros)>,","chan":"stdout","logger":"task"}
{"timestamp":"2025-07-29T19:20:02.645434Z","level":"info","event":" 'map_index_template': None,","chan":"stdout","logger":"task"}
{"timestamp":"2025-07-29T19:20:02.645475Z","level":"info","event":" 'outlet_events': <airflow.sdk.execution_time.context.OutletEventAccessors object at 0x7fb66feefa70>,","chan":"stdout","logger":"task"}
{"timestamp":"2025-07-29T19:20:02.645515Z","level":"info","event":" 'outlets': [],","chan":"stdout","logger":"task"}
{"timestamp":"2025-07-29T19:20:02.645555Z","level":"info","event":" 'params': {},","chan":"stdout","logger":"task"}
{"timestamp":"2025-07-29T19:20:02.657390Z","level":"info","event":" 'prev_data_interval_end_success': <Proxy at 0x7fb66fc1e8a0 with factory <function RuntimeTaskInstance.get_template_context.<locals>.<lambda> at 0x7fb66fc3c680>>,","chan":"stdout","logger":"task"}
{"timestamp":"2025-07-29T19:20:02.658112Z","level":"info","event":" 'prev_data_interval_start_success': <Proxy at 0x7fb66fc1e8d0 with factory <function RuntimeTaskInstance.get_template_context.<locals>.<lambda> at 0x7fb66fc3dda0>>,","chan":"stdout","logger":"task"}
{"timestamp":"2025-07-29T19:20:02.658340Z","level":"info","event":" 'prev_end_date_success': <Proxy at 0x7fb66fc1e750 with factory <function RuntimeTaskInstance.get_template_context.<locals>.<lambda> at 0x7fb66fc3de40>>,","chan":"stdout","logger":"task"}
{"timestamp":"2025-07-29T19:20:02.658505Z","level":"info","event":" 'prev_start_date_success': <Proxy at 0x7fb67cbe65d0 with factory <function RuntimeTaskInstance.get_template_context.<locals>.<lambda> at 0x7fb66fc3cb80>>,","chan":"stdout","logger":"task"}
{"timestamp":"2025-07-29T19:20:02.658656Z","level":"info","event":" 'run_id': 'scheduled__2023-06-22T19:33:00+00:00',","chan":"stdout","logger":"task"}
{"timestamp":"2025-07-29T19:20:02.658744Z","level":"info","event":" 'task': <Task(PythonOperator): python>,","chan":"stdout","logger":"task"}
{"timestamp":"2025-07-29T19:20:02.658822Z","level":"info","event":" 'task_instance': RuntimeTaskInstance(id=UUID('019857a0-a1f4-70f0-bde7-22a83eb36978'), task_id='python', dag_id='python_operator_v1', run_id='scheduled__2023-06-22T19:33:00+00:00', try_number=1, map_index=-1, hostname='bf6f1e7a6f11', context_carrier={}, task=<Task(PythonOperator): python>, bundle_instance=LocalDagBundle(name=dags-folder), max_tries=0, start_date=datetime.datetime(2025, 7, 29, 19, 20, 2, 69035, tzinfo=datetime.timezone.utc), end_date=None, state=<TaskInstanceState.RUNNING: 'running'>, is_mapped=False, rendered_map_index=None, log_url='http://localhost:8080/dags/python_operator_v1/runs/scheduled__2023-06-22T19%3A33%3A00%2B00%3A00/tasks/python?try_number=1'),","chan":"stdout","logger":"task"}
{"timestamp":"2025-07-29T19:20:02.658945Z","level":"info","event":" 'task_instance_key_str': 'python_operator_v1__python__20230622',","chan":"stdout","logger":"task"}
{"timestamp":"2025-07-29T19:20:02.659053Z","level":"info","event":" 'task_reschedule_count': 0,","chan":"stdout","logger":"task"}
{"timestamp":"2025-07-29T19:20:02.659159Z","level":"info","event":" 'templates_dict': None,","chan":"stdout","logger":"task"}
{"timestamp":"2025-07-29T19:20:02.659268Z","level":"info","event":" 'ti': RuntimeTaskInstance(id=UUID('019857a0-a1f4-70f0-bde7-22a83eb36978'), task_id='python', dag_id='python_operator_v1', run_id='scheduled__2023-06-22T19:33:00+00:00', try_number=1, map_index=-1, hostname='bf6f1e7a6f11', context_carrier={}, task=<Task(PythonOperator): python>, bundle_instance=LocalDagBundle(name=dags-folder), max_tries=0, start_date=datetime.datetime(2025, 7, 29, 19, 20, 2, 69035, tzinfo=datetime.timezone.utc), end_date=None, state=<TaskInstanceState.RUNNING: 'running'>, is_mapped=False, rendered_map_index=None, log_url='http://localhost:8080/dags/python_operator_v1/runs/scheduled__2023-06-22T19%3A33%3A00%2B00%3A00/tasks/python?try_number=1'),","chan":"stdout","logger":"task"}
{"timestamp":"2025-07-29T19:20:02.659374Z","level":"info","event":" 'triggering_asset_events': TriggeringAssetEventsAccessor(_events=defaultdict(<class 'list'>, {})),","chan":"stdout","logger":"task"}
{"timestamp":"2025-07-29T19:20:02.659478Z","level":"info","event":" 'ts': '2023-06-22T19:33:00+00:00',","chan":"stdout","logger":"task"}
{"timestamp":"2025-07-29T19:20:02.659584Z","level":"info","event":" 'ts_nodash': '20230622T193300',","chan":"stdout","logger":"task"}
{"timestamp":"2025-07-29T19:20:02.659694Z","level":"info","event":" 'ts_nodash_with_tz': '20230622T193300+0000',","chan":"stdout","logger":"task"}
{"timestamp":"2025-07-29T19:20:02.659768Z","level":"info","event":" 'var': {'json': <VariableAccessor (dynamic access)>,","chan":"stdout","logger":"task"}
{"timestamp":"2025-07-29T19:20:02.659835Z","level":"info","event":"         'value': <VariableAccessor (dynamic access)>}}","chan":"stdout","logger":"task"}
{"timestamp":"2025-07-29T19:20:02.658873","level":"info","event":"Done. Returned value was: 123","logger":"airflow.task.operators.airflow.providers.standard.operators.python.PythonOperator"}
{"timestamp":"2025-07-29T19:20:02.659183","level":"info","event":"Pushing xcom","ti":"RuntimeTaskInstance(id=UUID('019857a0-a1f4-70f0-bde7-22a83eb36978'), task_id='python', dag_id='python_operator_v1', run_id='scheduled__2023-06-22T19:33:00+00:00', try_number=1, map_index=-1, hostname='bf6f1e7a6f11', context_carrier={}, task=<Task(PythonOperator): python>, bundle_instance=LocalDagBundle(name=dags-folder), max_tries=0, start_date=datetime.datetime(2025, 7, 29, 19, 20, 2, 69035, tzinfo=datetime.timezone.utc), end_date=None, state=<TaskInstanceState.RUNNING: 'running'>, is_mapped=False, rendered_map_index=None, log_url='http://localhost:8080/dags/python_operator_v1/runs/scheduled__2023-06-22T19%3A33%3A00%2B00%3A00/tasks/python?try_number=1')","logger":"task"}
{"timestamp":"2025-07-29T19:20:02.685911Z","level":"info","event":"Task instance in success state","chan":"stdout","logger":"task"}
{"timestamp":"2025-07-29T19:20:02.686070Z","level":"info","event":" Previous state of the Task instance: TaskInstanceState.RUNNING","chan":"stdout","logger":"task"}
{"timestamp":"2025-07-29T19:20:02.686285Z","level":"info","event":"Task operator:<Task(PythonOperator): python>","chan":"stdout","logger":"task"}
