{"timestamp":"2025-07-29T19:29:11.883644","level":"info","event":"DAG bundles loaded: dags-folder, example_dags","logger":"airflow.dag_processing.bundles.manager.DagBundlesManager"}
{"timestamp":"2025-07-29T19:29:11.884194","level":"info","event":"Filling up the DagBag from /opt/airflow/dags/python_operator_v1.py","logger":"airflow.models.dagbag.DagBag"}
{"timestamp":"2025-07-29T19:29:11.907970Z","level":"info","event":"Task instance is in running state","chan":"stdout","logger":"task"}
{"timestamp":"2025-07-29T19:29:11.908126Z","level":"info","event":" Previous state of the Task instance: TaskInstanceState.QUEUED","chan":"stdout","logger":"task"}
{"timestamp":"2025-07-29T19:29:11.908552Z","level":"info","event":"Current task name:python","chan":"stdout","logger":"task"}
{"timestamp":"2025-07-29T19:29:11.908646Z","level":"info","event":"Dag name:python_operator_v1","chan":"stdout","logger":"task"}
{"timestamp":"2025-07-29T19:29:11.909698Z","level":"info","event":"poliana","chan":"stdout","logger":"task"}
{"timestamp":"2025-07-29T19:29:11.910321Z","level":"info","event":"{'conn': <ConnectionAccessor (dynamic access)>,","chan":"stdout","logger":"task"}
{"timestamp":"2025-07-29T19:29:11.910416Z","level":"info","event":" 'dag': <DAG: python_operator_v1>,","chan":"stdout","logger":"task"}
{"timestamp":"2025-07-29T19:29:11.910515Z","level":"info","event":" 'dag_run': DagRun(dag_id='python_operator_v1', run_id='scheduled__2023-06-23T05:31:00+00:00', logical_date=datetime.datetime(2023, 6, 23, 5, 31, tzinfo=datetime.timezone.utc), data_interval_start=datetime.datetime(2023, 6, 23, 5, 31, tzinfo=datetime.timezone.utc), data_interval_end=datetime.datetime(2023, 6, 23, 5, 31, tzinfo=datetime.timezone.utc), run_after=datetime.datetime(2023, 6, 23, 5, 31, tzinfo=datetime.timezone.utc), start_date=datetime.datetime(2025, 7, 29, 19, 29, 10, 697708, tzinfo=datetime.timezone.utc), end_date=None, clear_number=0, run_type=<DagRunType.SCHEDULED: 'scheduled'>, conf={}, consumed_asset_events=[]),","chan":"stdout","logger":"task"}
{"timestamp":"2025-07-29T19:29:11.910603Z","level":"info","event":" 'data_interval_end': DateTime(2023, 6, 23, 5, 31, 0, tzinfo=Timezone('UTC')),","chan":"stdout","logger":"task"}
{"timestamp":"2025-07-29T19:29:11.910664Z","level":"info","event":" 'data_interval_start': DateTime(2023, 6, 23, 5, 31, 0, tzinfo=Timezone('UTC')),","chan":"stdout","logger":"task"}
{"timestamp":"2025-07-29T19:29:11.910708Z","level":"info","event":" 'ds': '2023-06-23',","chan":"stdout","logger":"task"}
{"timestamp":"2025-07-29T19:29:11.910749Z","level":"info","event":" 'ds_nodash': '20230623',","chan":"stdout","logger":"task"}
{"timestamp":"2025-07-29T19:29:11.910789Z","level":"info","event":" 'inlet_events': InletEventsAccessors(_inlets=[], _assets={}, _asset_aliases={}),","chan":"stdout","logger":"task"}
{"timestamp":"2025-07-29T19:29:11.910829Z","level":"info","event":" 'inlets': [],","chan":"stdout","logger":"task"}
{"timestamp":"2025-07-29T19:29:11.910869Z","level":"info","event":" 'logical_date': DateTime(2023, 6, 23, 5, 31, 0, tzinfo=Timezone('UTC')),","chan":"stdout","logger":"task"}
{"timestamp":"2025-07-29T19:29:11.910908Z","level":"info","event":" 'macros': <MacrosAccessor (dynamic access to macros)>,","chan":"stdout","logger":"task"}
{"timestamp":"2025-07-29T19:29:11.910947Z","level":"info","event":" 'map_index_template': None,","chan":"stdout","logger":"task"}
{"timestamp":"2025-07-29T19:29:11.910987Z","level":"info","event":" 'outlet_events': <airflow.sdk.execution_time.context.OutletEventAccessors object at 0x7fb66fff4860>,","chan":"stdout","logger":"task"}
{"timestamp":"2025-07-29T19:29:11.911026Z","level":"info","event":" 'outlets': [],","chan":"stdout","logger":"task"}
{"timestamp":"2025-07-29T19:29:11.911065Z","level":"info","event":" 'params': {},","chan":"stdout","logger":"task"}
{"timestamp":"2025-07-29T19:29:11.919704Z","level":"info","event":" 'prev_data_interval_end_success': <Proxy at 0x7fb66fc69d30 with factory <function RuntimeTaskInstance.get_template_context.<locals>.<lambda> at 0x7fb66fc858a0>>,","chan":"stdout","logger":"task"}
{"timestamp":"2025-07-29T19:29:11.919916Z","level":"info","event":" 'prev_data_interval_start_success': <Proxy at 0x7fb66fc69e80 with factory <function RuntimeTaskInstance.get_template_context.<locals>.<lambda> at 0x7fb66fc86fc0>>,","chan":"stdout","logger":"task"}
{"timestamp":"2025-07-29T19:29:11.919985Z","level":"info","event":" 'prev_end_date_success': <Proxy at 0x7fb66fc6a0f0 with factory <function RuntimeTaskInstance.get_template_context.<locals>.<lambda> at 0x7fb66fc87060>>,","chan":"stdout","logger":"task"}
{"timestamp":"2025-07-29T19:29:11.920038Z","level":"info","event":" 'prev_start_date_success': <Proxy at 0x7fb66fc69c10 with factory <function RuntimeTaskInstance.get_template_context.<locals>.<lambda> at 0x7fb66fc85da0>>,","chan":"stdout","logger":"task"}
{"timestamp":"2025-07-29T19:29:11.920086Z","level":"info","event":" 'run_id': 'scheduled__2023-06-23T05:31:00+00:00',","chan":"stdout","logger":"task"}
{"timestamp":"2025-07-29T19:29:11.920131Z","level":"info","event":" 'task': <Task(PythonOperator): python>,","chan":"stdout","logger":"task"}
{"timestamp":"2025-07-29T19:29:11.920179Z","level":"info","event":" 'task_instance': RuntimeTaskInstance(id=UUID('019857a9-0218-79f4-a5d1-33802c636568'), task_id='python', dag_id='python_operator_v1', run_id='scheduled__2023-06-23T05:31:00+00:00', try_number=1, map_index=-1, hostname='bf6f1e7a6f11', context_carrier={}, task=<Task(PythonOperator): python>, bundle_instance=LocalDagBundle(name=dags-folder), max_tries=0, start_date=datetime.datetime(2025, 7, 29, 19, 29, 11, 283709, tzinfo=datetime.timezone.utc), end_date=None, state=<TaskInstanceState.RUNNING: 'running'>, is_mapped=False, rendered_map_index=None, log_url='http://localhost:8080/dags/python_operator_v1/runs/scheduled__2023-06-23T05%3A31%3A00%2B00%3A00/tasks/python?try_number=1'),","chan":"stdout","logger":"task"}
{"timestamp":"2025-07-29T19:29:11.920226Z","level":"info","event":" 'task_instance_key_str': 'python_operator_v1__python__20230623',","chan":"stdout","logger":"task"}
{"timestamp":"2025-07-29T19:29:11.920269Z","level":"info","event":" 'task_reschedule_count': 0,","chan":"stdout","logger":"task"}
{"timestamp":"2025-07-29T19:29:11.920311Z","level":"info","event":" 'templates_dict': None,","chan":"stdout","logger":"task"}
{"timestamp":"2025-07-29T19:29:11.920389Z","level":"info","event":" 'ti': RuntimeTaskInstance(id=UUID('019857a9-0218-79f4-a5d1-33802c636568'), task_id='python', dag_id='python_operator_v1', run_id='scheduled__2023-06-23T05:31:00+00:00', try_number=1, map_index=-1, hostname='bf6f1e7a6f11', context_carrier={}, task=<Task(PythonOperator): python>, bundle_instance=LocalDagBundle(name=dags-folder), max_tries=0, start_date=datetime.datetime(2025, 7, 29, 19, 29, 11, 283709, tzinfo=datetime.timezone.utc), end_date=None, state=<TaskInstanceState.RUNNING: 'running'>, is_mapped=False, rendered_map_index=None, log_url='http://localhost:8080/dags/python_operator_v1/runs/scheduled__2023-06-23T05%3A31%3A00%2B00%3A00/tasks/python?try_number=1'),","chan":"stdout","logger":"task"}
{"timestamp":"2025-07-29T19:29:11.920481Z","level":"info","event":" 'triggering_asset_events': TriggeringAssetEventsAccessor(_events=defaultdict(<class 'list'>, {})),","chan":"stdout","logger":"task"}
{"timestamp":"2025-07-29T19:29:11.920580Z","level":"info","event":" 'ts': '2023-06-23T05:31:00+00:00',","chan":"stdout","logger":"task"}
{"timestamp":"2025-07-29T19:29:11.920643Z","level":"info","event":" 'ts_nodash': '20230623T053100',","chan":"stdout","logger":"task"}
{"timestamp":"2025-07-29T19:29:11.920702Z","level":"info","event":" 'ts_nodash_with_tz': '20230623T053100+0000',","chan":"stdout","logger":"task"}
{"timestamp":"2025-07-29T19:29:11.920757Z","level":"info","event":" 'var': {'json': <VariableAccessor (dynamic access)>,","chan":"stdout","logger":"task"}
{"timestamp":"2025-07-29T19:29:11.920812Z","level":"info","event":"         'value': <VariableAccessor (dynamic access)>}}","chan":"stdout","logger":"task"}
{"timestamp":"2025-07-29T19:29:11.920562","level":"info","event":"Done. Returned value was: 123","logger":"airflow.task.operators.airflow.providers.standard.operators.python.PythonOperator"}
{"timestamp":"2025-07-29T19:29:11.920792","level":"info","event":"Pushing xcom","ti":"RuntimeTaskInstance(id=UUID('019857a9-0218-79f4-a5d1-33802c636568'), task_id='python', dag_id='python_operator_v1', run_id='scheduled__2023-06-23T05:31:00+00:00', try_number=1, map_index=-1, hostname='bf6f1e7a6f11', context_carrier={}, task=<Task(PythonOperator): python>, bundle_instance=LocalDagBundle(name=dags-folder), max_tries=0, start_date=datetime.datetime(2025, 7, 29, 19, 29, 11, 283709, tzinfo=datetime.timezone.utc), end_date=None, state=<TaskInstanceState.RUNNING: 'running'>, is_mapped=False, rendered_map_index=None, log_url='http://localhost:8080/dags/python_operator_v1/runs/scheduled__2023-06-23T05%3A31%3A00%2B00%3A00/tasks/python?try_number=1')","logger":"task"}
{"timestamp":"2025-07-29T19:29:11.945658Z","level":"info","event":"Task instance in success state","chan":"stdout","logger":"task"}
{"timestamp":"2025-07-29T19:29:11.945794Z","level":"info","event":" Previous state of the Task instance: TaskInstanceState.RUNNING","chan":"stdout","logger":"task"}
{"timestamp":"2025-07-29T19:29:11.945891Z","level":"info","event":"Task operator:<Task(PythonOperator): python>","chan":"stdout","logger":"task"}
