{"timestamp":"2025-07-29T20:10:33.379282","level":"info","event":"DAG bundles loaded: dags-folder, example_dags","logger":"airflow.dag_processing.bundles.manager.DagBundlesManager"}
{"timestamp":"2025-07-29T20:10:33.379857","level":"info","event":"Filling up the DagBag from /opt/airflow/dags/3_dag_principal.py","logger":"airflow.models.dagbag.DagBag"}
{"timestamp":"2025-07-29T20:10:33.422124Z","level":"info","event":"Task instance is in running state","chan":"stdout","logger":"task"}
{"timestamp":"2025-07-29T20:10:33.422703Z","level":"info","event":" Previous state of the Task instance: TaskInstanceState.QUEUED","chan":"stdout","logger":"task"}
{"timestamp":"2025-07-29T20:10:33.423598Z","level":"info","event":"Current task name:python_principal","chan":"stdout","logger":"task"}
{"timestamp":"2025-07-29T20:10:33.423969Z","level":"info","event":"Dag name:3_DAG_principal","chan":"stdout","logger":"task"}
{"timestamp":"2025-07-29T20:10:33.425028Z","level":"info","event":"DAG principal","chan":"stdout","logger":"task"}
{"timestamp":"2025-07-29T20:10:33.426021Z","level":"info","event":"{'conn': <ConnectionAccessor (dynamic access)>,","chan":"stdout","logger":"task"}
{"timestamp":"2025-07-29T20:10:33.426328Z","level":"info","event":" 'dag': <DAG: 3_DAG_principal>,","chan":"stdout","logger":"task"}
{"timestamp":"2025-07-29T20:10:33.426576Z","level":"info","event":" 'dag_run': DagRun(dag_id='3_DAG_principal', run_id='scheduled__2025-03-24T20:00:00+00:00', logical_date=datetime.datetime(2025, 3, 24, 20, 0, tzinfo=datetime.timezone.utc), data_interval_start=datetime.datetime(2025, 3, 24, 20, 0, tzinfo=datetime.timezone.utc), data_interval_end=datetime.datetime(2025, 3, 24, 20, 0, tzinfo=datetime.timezone.utc), run_after=datetime.datetime(2025, 3, 24, 20, 0, tzinfo=datetime.timezone.utc), start_date=datetime.datetime(2025, 7, 29, 20, 10, 32, 174243, tzinfo=datetime.timezone.utc), end_date=None, clear_number=0, run_type=<DagRunType.SCHEDULED: 'scheduled'>, conf={}, consumed_asset_events=[]),","chan":"stdout","logger":"task"}
{"timestamp":"2025-07-29T20:10:33.426699Z","level":"info","event":" 'data_interval_end': DateTime(2025, 3, 24, 20, 0, 0, tzinfo=Timezone('UTC')),","chan":"stdout","logger":"task"}
{"timestamp":"2025-07-29T20:10:33.426761Z","level":"info","event":" 'data_interval_start': DateTime(2025, 3, 24, 20, 0, 0, tzinfo=Timezone('UTC')),","chan":"stdout","logger":"task"}
{"timestamp":"2025-07-29T20:10:33.426807Z","level":"info","event":" 'ds': '2025-03-24',","chan":"stdout","logger":"task"}
{"timestamp":"2025-07-29T20:10:33.426853Z","level":"info","event":" 'ds_nodash': '20250324',","chan":"stdout","logger":"task"}
{"timestamp":"2025-07-29T20:10:33.426896Z","level":"info","event":" 'inlet_events': InletEventsAccessors(_inlets=[], _assets={}, _asset_aliases={}),","chan":"stdout","logger":"task"}
{"timestamp":"2025-07-29T20:10:33.426938Z","level":"info","event":" 'inlets': [],","chan":"stdout","logger":"task"}
{"timestamp":"2025-07-29T20:10:33.426980Z","level":"info","event":" 'logical_date': DateTime(2025, 3, 24, 20, 0, 0, tzinfo=Timezone('UTC')),","chan":"stdout","logger":"task"}
{"timestamp":"2025-07-29T20:10:33.427021Z","level":"info","event":" 'macros': <MacrosAccessor (dynamic access to macros)>,","chan":"stdout","logger":"task"}
{"timestamp":"2025-07-29T20:10:33.427063Z","level":"info","event":" 'map_index_template': None,","chan":"stdout","logger":"task"}
{"timestamp":"2025-07-29T20:10:33.427104Z","level":"info","event":" 'outlet_events': <airflow.sdk.execution_time.context.OutletEventAccessors object at 0x7fb67b657f20>,","chan":"stdout","logger":"task"}
{"timestamp":"2025-07-29T20:10:33.427145Z","level":"info","event":" 'outlets': [],","chan":"stdout","logger":"task"}
{"timestamp":"2025-07-29T20:10:33.427186Z","level":"info","event":" 'params': {},","chan":"stdout","logger":"task"}
{"timestamp":"2025-07-29T20:10:33.438618Z","level":"info","event":" 'prev_data_interval_end_success': <Proxy at 0x7fb66fc5c470 with factory <function RuntimeTaskInstance.get_template_context.<locals>.<lambda> at 0x7fb66fc66fc0>>,","chan":"stdout","logger":"task"}
{"timestamp":"2025-07-29T20:10:33.438841Z","level":"info","event":" 'prev_data_interval_start_success': <Proxy at 0x7fb66fc5c290 with factory <function RuntimeTaskInstance.get_template_context.<locals>.<lambda> at 0x7fb66fc65800>>,","chan":"stdout","logger":"task"}
{"timestamp":"2025-07-29T20:10:33.438977Z","level":"info","event":" 'prev_end_date_success': <Proxy at 0x7fb66ffbf410 with factory <function RuntimeTaskInstance.get_template_context.<locals>.<lambda> at 0x7fb66fc67060>>,","chan":"stdout","logger":"task"}
{"timestamp":"2025-07-29T20:10:33.439061Z","level":"info","event":" 'prev_start_date_success': <Proxy at 0x7fb66fc3a720 with factory <function RuntimeTaskInstance.get_template_context.<locals>.<lambda> at 0x7fb66fc65da0>>,","chan":"stdout","logger":"task"}
{"timestamp":"2025-07-29T20:10:33.439131Z","level":"info","event":" 'run_id': 'scheduled__2025-03-24T20:00:00+00:00',","chan":"stdout","logger":"task"}
{"timestamp":"2025-07-29T20:10:33.439198Z","level":"info","event":" 'task': <Task(PythonOperator): python_principal>,","chan":"stdout","logger":"task"}
{"timestamp":"2025-07-29T20:10:33.439268Z","level":"info","event":" 'task_instance': RuntimeTaskInstance(id=UUID('019857ce-df55-718b-8818-0fc0da8a9500'), task_id='python_principal', dag_id='3_DAG_principal', run_id='scheduled__2025-03-24T20:00:00+00:00', try_number=1, map_index=-1, hostname='bf6f1e7a6f11', context_carrier={}, task=<Task(PythonOperator): python_principal>, bundle_instance=LocalDagBundle(name=dags-folder), max_tries=0, start_date=datetime.datetime(2025, 7, 29, 20, 10, 32, 819371, tzinfo=datetime.timezone.utc), end_date=None, state=<TaskInstanceState.RUNNING: 'running'>, is_mapped=False, rendered_map_index=None, log_url='http://localhost:8080/dags/3_DAG_principal/runs/scheduled__2025-03-24T20%3A00%3A00%2B00%3A00/tasks/python_principal?try_number=1'),","chan":"stdout","logger":"task"}
{"timestamp":"2025-07-29T20:10:33.439340Z","level":"info","event":" 'task_instance_key_str': '3_DAG_principal__python_principal__20250324',","chan":"stdout","logger":"task"}
{"timestamp":"2025-07-29T20:10:33.439405Z","level":"info","event":" 'task_reschedule_count': 0,","chan":"stdout","logger":"task"}
{"timestamp":"2025-07-29T20:10:33.439469Z","level":"info","event":" 'templates_dict': None,","chan":"stdout","logger":"task"}
{"timestamp":"2025-07-29T20:10:33.439589Z","level":"info","event":" 'ti': RuntimeTaskInstance(id=UUID('019857ce-df55-718b-8818-0fc0da8a9500'), task_id='python_principal', dag_id='3_DAG_principal', run_id='scheduled__2025-03-24T20:00:00+00:00', try_number=1, map_index=-1, hostname='bf6f1e7a6f11', context_carrier={}, task=<Task(PythonOperator): python_principal>, bundle_instance=LocalDagBundle(name=dags-folder), max_tries=0, start_date=datetime.datetime(2025, 7, 29, 20, 10, 32, 819371, tzinfo=datetime.timezone.utc), end_date=None, state=<TaskInstanceState.RUNNING: 'running'>, is_mapped=False, rendered_map_index=None, log_url='http://localhost:8080/dags/3_DAG_principal/runs/scheduled__2025-03-24T20%3A00%3A00%2B00%3A00/tasks/python_principal?try_number=1'),","chan":"stdout","logger":"task"}
{"timestamp":"2025-07-29T20:10:33.439671Z","level":"info","event":" 'triggering_asset_events': TriggeringAssetEventsAccessor(_events=defaultdict(<class 'list'>, {})),","chan":"stdout","logger":"task"}
{"timestamp":"2025-07-29T20:10:33.439735Z","level":"info","event":" 'ts': '2025-03-24T20:00:00+00:00',","chan":"stdout","logger":"task"}
{"timestamp":"2025-07-29T20:10:33.439798Z","level":"info","event":" 'ts_nodash': '20250324T200000',","chan":"stdout","logger":"task"}
{"timestamp":"2025-07-29T20:10:33.439864Z","level":"info","event":" 'ts_nodash_with_tz': '20250324T200000+0000',","chan":"stdout","logger":"task"}
{"timestamp":"2025-07-29T20:10:33.439930Z","level":"info","event":" 'var': {'json': <VariableAccessor (dynamic access)>,","chan":"stdout","logger":"task"}
{"timestamp":"2025-07-29T20:10:33.439998Z","level":"info","event":"         'value': <VariableAccessor (dynamic access)>}}","chan":"stdout","logger":"task"}
{"timestamp":"2025-07-29T20:10:33.439035","level":"info","event":"Done. Returned value was: principal","logger":"airflow.task.operators.airflow.providers.standard.operators.python.PythonOperator"}
{"timestamp":"2025-07-29T20:10:33.439232","level":"info","event":"Pushing xcom","ti":"RuntimeTaskInstance(id=UUID('019857ce-df55-718b-8818-0fc0da8a9500'), task_id='python_principal', dag_id='3_DAG_principal', run_id='scheduled__2025-03-24T20:00:00+00:00', try_number=1, map_index=-1, hostname='bf6f1e7a6f11', context_carrier={}, task=<Task(PythonOperator): python_principal>, bundle_instance=LocalDagBundle(name=dags-folder), max_tries=0, start_date=datetime.datetime(2025, 7, 29, 20, 10, 32, 819371, tzinfo=datetime.timezone.utc), end_date=None, state=<TaskInstanceState.RUNNING: 'running'>, is_mapped=False, rendered_map_index=None, log_url='http://localhost:8080/dags/3_DAG_principal/runs/scheduled__2025-03-24T20%3A00%3A00%2B00%3A00/tasks/python_principal?try_number=1')","logger":"task"}
{"timestamp":"2025-07-29T20:10:33.482360Z","level":"info","event":"Task instance in success state","chan":"stdout","logger":"task"}
{"timestamp":"2025-07-29T20:10:33.482531Z","level":"info","event":" Previous state of the Task instance: TaskInstanceState.RUNNING","chan":"stdout","logger":"task"}
{"timestamp":"2025-07-29T20:10:33.482625Z","level":"info","event":"Task operator:<Task(PythonOperator): python_principal>","chan":"stdout","logger":"task"}
