{"timestamp":"2025-07-29T19:59:11.528537","level":"info","event":"DAG bundles loaded: dags-folder, example_dags","logger":"airflow.dag_processing.bundles.manager.DagBundlesManager"}
{"timestamp":"2025-07-29T19:59:11.529158","level":"info","event":"Filling up the DagBag from /opt/airflow/dags/3_dag_principal.py","logger":"airflow.models.dagbag.DagBag"}
{"timestamp":"2025-07-29T19:59:11.558457Z","level":"info","event":"Task instance is in running state","chan":"stdout","logger":"task"}
{"timestamp":"2025-07-29T19:59:11.558679Z","level":"info","event":" Previous state of the Task instance: TaskInstanceState.QUEUED","chan":"stdout","logger":"task"}
{"timestamp":"2025-07-29T19:59:11.559281Z","level":"info","event":"Current task name:python_principal","chan":"stdout","logger":"task"}
{"timestamp":"2025-07-29T19:59:11.559396Z","level":"info","event":"Dag name:3_DAG_principal","chan":"stdout","logger":"task"}
{"timestamp":"2025-07-29T19:59:11.560618Z","level":"info","event":"DAG principal","chan":"stdout","logger":"task"}
{"timestamp":"2025-07-29T19:59:11.561330Z","level":"info","event":"{'conn': <ConnectionAccessor (dynamic access)>,","chan":"stdout","logger":"task"}
{"timestamp":"2025-07-29T19:59:11.561473Z","level":"info","event":" 'dag': <DAG: 3_DAG_principal>,","chan":"stdout","logger":"task"}
{"timestamp":"2025-07-29T19:59:11.561623Z","level":"info","event":" 'dag_run': DagRun(dag_id='3_DAG_principal', run_id='scheduled__2023-07-27T20:00:00+00:00', logical_date=datetime.datetime(2023, 7, 27, 20, 0, tzinfo=datetime.timezone.utc), data_interval_start=datetime.datetime(2023, 7, 27, 20, 0, tzinfo=datetime.timezone.utc), data_interval_end=datetime.datetime(2023, 7, 27, 20, 0, tzinfo=datetime.timezone.utc), run_after=datetime.datetime(2023, 7, 27, 20, 0, tzinfo=datetime.timezone.utc), start_date=datetime.datetime(2025, 7, 29, 19, 59, 10, 411809, tzinfo=datetime.timezone.utc), end_date=None, clear_number=0, run_type=<DagRunType.SCHEDULED: 'scheduled'>, conf={}, consumed_asset_events=[]),","chan":"stdout","logger":"task"}
{"timestamp":"2025-07-29T19:59:11.561718Z","level":"info","event":" 'data_interval_end': DateTime(2023, 7, 27, 20, 0, 0, tzinfo=Timezone('UTC')),","chan":"stdout","logger":"task"}
{"timestamp":"2025-07-29T19:59:11.561799Z","level":"info","event":" 'data_interval_start': DateTime(2023, 7, 27, 20, 0, 0, tzinfo=Timezone('UTC')),","chan":"stdout","logger":"task"}
{"timestamp":"2025-07-29T19:59:11.561896Z","level":"info","event":" 'ds': '2023-07-27',","chan":"stdout","logger":"task"}
{"timestamp":"2025-07-29T19:59:11.561971Z","level":"info","event":" 'ds_nodash': '20230727',","chan":"stdout","logger":"task"}
{"timestamp":"2025-07-29T19:59:11.562048Z","level":"info","event":" 'inlet_events': InletEventsAccessors(_inlets=[], _assets={}, _asset_aliases={}),","chan":"stdout","logger":"task"}
{"timestamp":"2025-07-29T19:59:11.562128Z","level":"info","event":" 'inlets': [],","chan":"stdout","logger":"task"}
{"timestamp":"2025-07-29T19:59:11.562197Z","level":"info","event":" 'logical_date': DateTime(2023, 7, 27, 20, 0, 0, tzinfo=Timezone('UTC')),","chan":"stdout","logger":"task"}
{"timestamp":"2025-07-29T19:59:11.562264Z","level":"info","event":" 'macros': <MacrosAccessor (dynamic access to macros)>,","chan":"stdout","logger":"task"}
{"timestamp":"2025-07-29T19:59:11.562329Z","level":"info","event":" 'map_index_template': None,","chan":"stdout","logger":"task"}
{"timestamp":"2025-07-29T19:59:11.562396Z","level":"info","event":" 'outlet_events': <airflow.sdk.execution_time.context.OutletEventAccessors object at 0x7fb6780ffa70>,","chan":"stdout","logger":"task"}
{"timestamp":"2025-07-29T19:59:11.562462Z","level":"info","event":" 'outlets': [],","chan":"stdout","logger":"task"}
{"timestamp":"2025-07-29T19:59:11.562527Z","level":"info","event":" 'params': {},","chan":"stdout","logger":"task"}
{"timestamp":"2025-07-29T19:59:11.574063Z","level":"info","event":" 'prev_data_interval_end_success': <Proxy at 0x7fb66fc16030 with factory <function RuntimeTaskInstance.get_template_context.<locals>.<lambda> at 0x7fb6782858a0>>,","chan":"stdout","logger":"task"}
{"timestamp":"2025-07-29T19:59:11.574321Z","level":"info","event":" 'prev_data_interval_start_success': <Proxy at 0x7fb66fc15b80 with factory <function RuntimeTaskInstance.get_template_context.<locals>.<lambda> at 0x7fb6782840e0>>,","chan":"stdout","logger":"task"}
{"timestamp":"2025-07-29T19:59:11.574439Z","level":"info","event":" 'prev_end_date_success': <Proxy at 0x7fb66fd16ba0 with factory <function RuntimeTaskInstance.get_template_context.<locals>.<lambda> at 0x7fb678285940>>,","chan":"stdout","logger":"task"}
{"timestamp":"2025-07-29T19:59:11.574521Z","level":"info","event":" 'prev_start_date_success': <Proxy at 0x7fb677bd4230 with factory <function RuntimeTaskInstance.get_template_context.<locals>.<lambda> at 0x7fb678284680>>,","chan":"stdout","logger":"task"}
{"timestamp":"2025-07-29T19:59:11.574607Z","level":"info","event":" 'run_id': 'scheduled__2023-07-27T20:00:00+00:00',","chan":"stdout","logger":"task"}
{"timestamp":"2025-07-29T19:59:11.574684Z","level":"info","event":" 'task': <Task(PythonOperator): python_principal>,","chan":"stdout","logger":"task"}
{"timestamp":"2025-07-29T19:59:11.574754Z","level":"info","event":" 'task_instance': RuntimeTaskInstance(id=UUID('019857c4-7845-756f-9ef2-cccf87033706'), task_id='python_principal', dag_id='3_DAG_principal', run_id='scheduled__2023-07-27T20:00:00+00:00', try_number=1, map_index=-1, hostname='bf6f1e7a6f11', context_carrier={}, task=<Task(PythonOperator): python_principal>, bundle_instance=LocalDagBundle(name=dags-folder), max_tries=0, start_date=datetime.datetime(2025, 7, 29, 19, 59, 10, 924861, tzinfo=datetime.timezone.utc), end_date=None, state=<TaskInstanceState.RUNNING: 'running'>, is_mapped=False, rendered_map_index=None, log_url='http://localhost:8080/dags/3_DAG_principal/runs/scheduled__2023-07-27T20%3A00%3A00%2B00%3A00/tasks/python_principal?try_number=1'),","chan":"stdout","logger":"task"}
{"timestamp":"2025-07-29T19:59:11.574832Z","level":"info","event":" 'task_instance_key_str': '3_DAG_principal__python_principal__20230727',","chan":"stdout","logger":"task"}
{"timestamp":"2025-07-29T19:59:11.574911Z","level":"info","event":" 'task_reschedule_count': 0,","chan":"stdout","logger":"task"}
{"timestamp":"2025-07-29T19:59:11.574987Z","level":"info","event":" 'templates_dict': None,","chan":"stdout","logger":"task"}
{"timestamp":"2025-07-29T19:59:11.575053Z","level":"info","event":" 'ti': RuntimeTaskInstance(id=UUID('019857c4-7845-756f-9ef2-cccf87033706'), task_id='python_principal', dag_id='3_DAG_principal', run_id='scheduled__2023-07-27T20:00:00+00:00', try_number=1, map_index=-1, hostname='bf6f1e7a6f11', context_carrier={}, task=<Task(PythonOperator): python_principal>, bundle_instance=LocalDagBundle(name=dags-folder), max_tries=0, start_date=datetime.datetime(2025, 7, 29, 19, 59, 10, 924861, tzinfo=datetime.timezone.utc), end_date=None, state=<TaskInstanceState.RUNNING: 'running'>, is_mapped=False, rendered_map_index=None, log_url='http://localhost:8080/dags/3_DAG_principal/runs/scheduled__2023-07-27T20%3A00%3A00%2B00%3A00/tasks/python_principal?try_number=1'),","chan":"stdout","logger":"task"}
{"timestamp":"2025-07-29T19:59:11.575124Z","level":"info","event":" 'triggering_asset_events': TriggeringAssetEventsAccessor(_events=defaultdict(<class 'list'>, {})),","chan":"stdout","logger":"task"}
{"timestamp":"2025-07-29T19:59:11.575195Z","level":"info","event":" 'ts': '2023-07-27T20:00:00+00:00',","chan":"stdout","logger":"task"}
{"timestamp":"2025-07-29T19:59:11.575352Z","level":"info","event":" 'ts_nodash': '20230727T200000',","chan":"stdout","logger":"task"}
{"timestamp":"2025-07-29T19:59:11.575413Z","level":"info","event":" 'ts_nodash_with_tz': '20230727T200000+0000',","chan":"stdout","logger":"task"}
{"timestamp":"2025-07-29T19:59:11.575459Z","level":"info","event":" 'var': {'json': <VariableAccessor (dynamic access)>,","chan":"stdout","logger":"task"}
{"timestamp":"2025-07-29T19:59:11.575501Z","level":"info","event":"         'value': <VariableAccessor (dynamic access)>}}","chan":"stdout","logger":"task"}
{"timestamp":"2025-07-29T19:59:11.574492","level":"info","event":"Done. Returned value was: principal","logger":"airflow.task.operators.airflow.providers.standard.operators.python.PythonOperator"}
{"timestamp":"2025-07-29T19:59:11.574712","level":"info","event":"Pushing xcom","ti":"RuntimeTaskInstance(id=UUID('019857c4-7845-756f-9ef2-cccf87033706'), task_id='python_principal', dag_id='3_DAG_principal', run_id='scheduled__2023-07-27T20:00:00+00:00', try_number=1, map_index=-1, hostname='bf6f1e7a6f11', context_carrier={}, task=<Task(PythonOperator): python_principal>, bundle_instance=LocalDagBundle(name=dags-folder), max_tries=0, start_date=datetime.datetime(2025, 7, 29, 19, 59, 10, 924861, tzinfo=datetime.timezone.utc), end_date=None, state=<TaskInstanceState.RUNNING: 'running'>, is_mapped=False, rendered_map_index=None, log_url='http://localhost:8080/dags/3_DAG_principal/runs/scheduled__2023-07-27T20%3A00%3A00%2B00%3A00/tasks/python_principal?try_number=1')","logger":"task"}
{"timestamp":"2025-07-29T19:59:11.606173Z","level":"info","event":"Task instance in success state","chan":"stdout","logger":"task"}
{"timestamp":"2025-07-29T19:59:11.606315Z","level":"info","event":" Previous state of the Task instance: TaskInstanceState.RUNNING","chan":"stdout","logger":"task"}
{"timestamp":"2025-07-29T19:59:11.606507Z","level":"info","event":"Task operator:<Task(PythonOperator): python_principal>","chan":"stdout","logger":"task"}
