{"timestamp":"2025-07-29T19:52:26.830699","level":"info","event":"DAG bundles loaded: dags-folder, example_dags","logger":"airflow.dag_processing.bundles.manager.DagBundlesManager"}
{"timestamp":"2025-07-29T19:52:26.831495","level":"info","event":"Filling up the DagBag from /opt/airflow/dags/2_python_operator_v1.py","logger":"airflow.models.dagbag.DagBag"}
{"timestamp":"2025-07-29T19:52:26.860667Z","level":"info","event":"Task instance is in running state","chan":"stdout","logger":"task"}
{"timestamp":"2025-07-29T19:52:26.860822Z","level":"info","event":" Previous state of the Task instance: TaskInstanceState.QUEUED","chan":"stdout","logger":"task"}
{"timestamp":"2025-07-29T19:52:26.861351Z","level":"info","event":"Current task name:python","chan":"stdout","logger":"task"}
{"timestamp":"2025-07-29T19:52:26.861471Z","level":"info","event":"Dag name:python_operator_v1","chan":"stdout","logger":"task"}
{"timestamp":"2025-07-29T19:52:26.862458Z","level":"info","event":"poliana","chan":"stdout","logger":"task"}
{"timestamp":"2025-07-29T19:52:26.863215Z","level":"info","event":"{'conn': <ConnectionAccessor (dynamic access)>,","chan":"stdout","logger":"task"}
{"timestamp":"2025-07-29T19:52:26.863352Z","level":"info","event":" 'dag': <DAG: python_operator_v1>,","chan":"stdout","logger":"task"}
{"timestamp":"2025-07-29T19:52:26.863452Z","level":"info","event":" 'dag_run': DagRun(dag_id='python_operator_v1', run_id='scheduled__2023-06-24T06:49:00+00:00', logical_date=datetime.datetime(2023, 6, 24, 6, 49, tzinfo=datetime.timezone.utc), data_interval_start=datetime.datetime(2023, 6, 24, 6, 49, tzinfo=datetime.timezone.utc), data_interval_end=datetime.datetime(2023, 6, 24, 6, 49, tzinfo=datetime.timezone.utc), run_after=datetime.datetime(2023, 6, 24, 6, 49, tzinfo=datetime.timezone.utc), start_date=datetime.datetime(2025, 7, 29, 19, 52, 25, 895930, tzinfo=datetime.timezone.utc), end_date=None, clear_number=0, run_type=<DagRunType.SCHEDULED: 'scheduled'>, conf={}, consumed_asset_events=[]),","chan":"stdout","logger":"task"}
{"timestamp":"2025-07-29T19:52:26.863525Z","level":"info","event":" 'data_interval_end': DateTime(2023, 6, 24, 6, 49, 0, tzinfo=Timezone('UTC')),","chan":"stdout","logger":"task"}
{"timestamp":"2025-07-29T19:52:26.863570Z","level":"info","event":" 'data_interval_start': DateTime(2023, 6, 24, 6, 49, 0, tzinfo=Timezone('UTC')),","chan":"stdout","logger":"task"}
{"timestamp":"2025-07-29T19:52:26.863612Z","level":"info","event":" 'ds': '2023-06-24',","chan":"stdout","logger":"task"}
{"timestamp":"2025-07-29T19:52:26.863653Z","level":"info","event":" 'ds_nodash': '20230624',","chan":"stdout","logger":"task"}
{"timestamp":"2025-07-29T19:52:26.863765Z","level":"info","event":" 'inlet_events': InletEventsAccessors(_inlets=[], _assets={}, _asset_aliases={}),","chan":"stdout","logger":"task"}
{"timestamp":"2025-07-29T19:52:26.863830Z","level":"info","event":" 'inlets': [],","chan":"stdout","logger":"task"}
{"timestamp":"2025-07-29T19:52:26.863875Z","level":"info","event":" 'logical_date': DateTime(2023, 6, 24, 6, 49, 0, tzinfo=Timezone('UTC')),","chan":"stdout","logger":"task"}
{"timestamp":"2025-07-29T19:52:26.863917Z","level":"info","event":" 'macros': <MacrosAccessor (dynamic access to macros)>,","chan":"stdout","logger":"task"}
{"timestamp":"2025-07-29T19:52:26.863958Z","level":"info","event":" 'map_index_template': None,","chan":"stdout","logger":"task"}
{"timestamp":"2025-07-29T19:52:26.863999Z","level":"info","event":" 'outlet_events': <airflow.sdk.execution_time.context.OutletEventAccessors object at 0x7fb677bd7f20>,","chan":"stdout","logger":"task"}
{"timestamp":"2025-07-29T19:52:26.864040Z","level":"info","event":" 'outlets': [],","chan":"stdout","logger":"task"}
{"timestamp":"2025-07-29T19:52:26.864081Z","level":"info","event":" 'params': {},","chan":"stdout","logger":"task"}
{"timestamp":"2025-07-29T19:52:26.874291Z","level":"info","event":" 'prev_data_interval_end_success': <Proxy at 0x7fb66fde97c0 with factory <function RuntimeTaskInstance.get_template_context.<locals>.<lambda> at 0x7fb66fc06020>>,","chan":"stdout","logger":"task"}
{"timestamp":"2025-07-29T19:52:26.874726Z","level":"info","event":" 'prev_data_interval_start_success': <Proxy at 0x7fb66fde9850 with factory <function RuntimeTaskInstance.get_template_context.<locals>.<lambda> at 0x7fb66fc07740>>,","chan":"stdout","logger":"task"}
{"timestamp":"2025-07-29T19:52:26.874908Z","level":"info","event":" 'prev_end_date_success': <Proxy at 0x7fb66fde9d00 with factory <function RuntimeTaskInstance.get_template_context.<locals>.<lambda> at 0x7fb66fc077e0>>,","chan":"stdout","logger":"task"}
{"timestamp":"2025-07-29T19:52:26.874993Z","level":"info","event":" 'prev_start_date_success': <Proxy at 0x7fb66fde9cd0 with factory <function RuntimeTaskInstance.get_template_context.<locals>.<lambda> at 0x7fb66fc06520>>,","chan":"stdout","logger":"task"}
{"timestamp":"2025-07-29T19:52:26.875094Z","level":"info","event":" 'run_id': 'scheduled__2023-06-24T06:49:00+00:00',","chan":"stdout","logger":"task"}
{"timestamp":"2025-07-29T19:52:26.875157Z","level":"info","event":" 'task': <Task(PythonOperator): python>,","chan":"stdout","logger":"task"}
{"timestamp":"2025-07-29T19:52:26.875242Z","level":"info","event":" 'task_instance': RuntimeTaskInstance(id=UUID('019857be-4c1f-7965-bed1-b5cd85e05405'), task_id='python', dag_id='python_operator_v1', run_id='scheduled__2023-06-24T06:49:00+00:00', try_number=1, map_index=-1, hostname='bf6f1e7a6f11', context_carrier={}, task=<Task(PythonOperator): python>, bundle_instance=LocalDagBundle(name=dags-folder), max_tries=0, start_date=datetime.datetime(2025, 7, 29, 19, 52, 26, 280630, tzinfo=datetime.timezone.utc), end_date=None, state=<TaskInstanceState.RUNNING: 'running'>, is_mapped=False, rendered_map_index=None, log_url='http://localhost:8080/dags/python_operator_v1/runs/scheduled__2023-06-24T06%3A49%3A00%2B00%3A00/tasks/python?try_number=1'),","chan":"stdout","logger":"task"}
{"timestamp":"2025-07-29T19:52:26.875330Z","level":"info","event":" 'task_instance_key_str': 'python_operator_v1__python__20230624',","chan":"stdout","logger":"task"}
{"timestamp":"2025-07-29T19:52:26.875396Z","level":"info","event":" 'task_reschedule_count': 0,","chan":"stdout","logger":"task"}
{"timestamp":"2025-07-29T19:52:26.875458Z","level":"info","event":" 'templates_dict': None,","chan":"stdout","logger":"task"}
{"timestamp":"2025-07-29T19:52:26.875524Z","level":"info","event":" 'ti': RuntimeTaskInstance(id=UUID('019857be-4c1f-7965-bed1-b5cd85e05405'), task_id='python', dag_id='python_operator_v1', run_id='scheduled__2023-06-24T06:49:00+00:00', try_number=1, map_index=-1, hostname='bf6f1e7a6f11', context_carrier={}, task=<Task(PythonOperator): python>, bundle_instance=LocalDagBundle(name=dags-folder), max_tries=0, start_date=datetime.datetime(2025, 7, 29, 19, 52, 26, 280630, tzinfo=datetime.timezone.utc), end_date=None, state=<TaskInstanceState.RUNNING: 'running'>, is_mapped=False, rendered_map_index=None, log_url='http://localhost:8080/dags/python_operator_v1/runs/scheduled__2023-06-24T06%3A49%3A00%2B00%3A00/tasks/python?try_number=1'),","chan":"stdout","logger":"task"}
{"timestamp":"2025-07-29T19:52:26.875699Z","level":"info","event":" 'triggering_asset_events': TriggeringAssetEventsAccessor(_events=defaultdict(<class 'list'>, {})),","chan":"stdout","logger":"task"}
{"timestamp":"2025-07-29T19:52:26.875851Z","level":"info","event":" 'ts': '2023-06-24T06:49:00+00:00',","chan":"stdout","logger":"task"}
{"timestamp":"2025-07-29T19:52:26.875955Z","level":"info","event":" 'ts_nodash': '20230624T064900',","chan":"stdout","logger":"task"}
{"timestamp":"2025-07-29T19:52:26.876039Z","level":"info","event":" 'ts_nodash_with_tz': '20230624T064900+0000',","chan":"stdout","logger":"task"}
{"timestamp":"2025-07-29T19:52:26.876124Z","level":"info","event":" 'var': {'json': <VariableAccessor (dynamic access)>,","chan":"stdout","logger":"task"}
{"timestamp":"2025-07-29T19:52:26.876195Z","level":"info","event":"         'value': <VariableAccessor (dynamic access)>}}","chan":"stdout","logger":"task"}
{"timestamp":"2025-07-29T19:52:26.875585","level":"info","event":"Done. Returned value was: 123","logger":"airflow.task.operators.airflow.providers.standard.operators.python.PythonOperator"}
{"timestamp":"2025-07-29T19:52:26.875968","level":"info","event":"Pushing xcom","ti":"RuntimeTaskInstance(id=UUID('019857be-4c1f-7965-bed1-b5cd85e05405'), task_id='python', dag_id='python_operator_v1', run_id='scheduled__2023-06-24T06:49:00+00:00', try_number=1, map_index=-1, hostname='bf6f1e7a6f11', context_carrier={}, task=<Task(PythonOperator): python>, bundle_instance=LocalDagBundle(name=dags-folder), max_tries=0, start_date=datetime.datetime(2025, 7, 29, 19, 52, 26, 280630, tzinfo=datetime.timezone.utc), end_date=None, state=<TaskInstanceState.RUNNING: 'running'>, is_mapped=False, rendered_map_index=None, log_url='http://localhost:8080/dags/python_operator_v1/runs/scheduled__2023-06-24T06%3A49%3A00%2B00%3A00/tasks/python?try_number=1')","logger":"task"}
{"timestamp":"2025-07-29T19:52:26.903044Z","level":"info","event":"Task instance in success state","chan":"stdout","logger":"task"}
{"timestamp":"2025-07-29T19:52:26.903175Z","level":"info","event":" Previous state of the Task instance: TaskInstanceState.RUNNING","chan":"stdout","logger":"task"}
{"timestamp":"2025-07-29T19:52:26.903267Z","level":"info","event":"Task operator:<Task(PythonOperator): python>","chan":"stdout","logger":"task"}
