{"timestamp":"2025-07-29T19:46:09.114829","level":"info","event":"DAG bundles loaded: dags-folder, example_dags","logger":"airflow.dag_processing.bundles.manager.DagBundlesManager"}
{"timestamp":"2025-07-29T19:46:09.115461","level":"info","event":"Filling up the DagBag from /opt/airflow/dags/python_operator_v1.py","logger":"airflow.models.dagbag.DagBag"}
{"timestamp":"2025-07-29T19:46:09.150665Z","level":"info","event":"Task instance is in running state","chan":"stdout","logger":"task"}
{"timestamp":"2025-07-29T19:46:09.151002Z","level":"info","event":" Previous state of the Task instance: TaskInstanceState.QUEUED","chan":"stdout","logger":"task"}
{"timestamp":"2025-07-29T19:46:09.155763Z","level":"info","event":"Current task name:python","chan":"stdout","logger":"task"}
{"timestamp":"2025-07-29T19:46:09.156030Z","level":"info","event":"Dag name:python_operator_v1","chan":"stdout","logger":"task"}
{"timestamp":"2025-07-29T19:46:09.158176Z","level":"info","event":"poliana","chan":"stdout","logger":"task"}
{"timestamp":"2025-07-29T19:46:09.160825Z","level":"info","event":"{'conn': <ConnectionAccessor (dynamic access)>,","chan":"stdout","logger":"task"}
{"timestamp":"2025-07-29T19:46:09.161785Z","level":"info","event":" 'dag': <DAG: python_operator_v1>,","chan":"stdout","logger":"task"}
{"timestamp":"2025-07-29T19:46:09.162092Z","level":"info","event":" 'dag_run': DagRun(dag_id='python_operator_v1', run_id='scheduled__2023-06-24T00:03:00+00:00', logical_date=datetime.datetime(2023, 6, 24, 0, 3, tzinfo=datetime.timezone.utc), data_interval_start=datetime.datetime(2023, 6, 24, 0, 3, tzinfo=datetime.timezone.utc), data_interval_end=datetime.datetime(2023, 6, 24, 0, 3, tzinfo=datetime.timezone.utc), run_after=datetime.datetime(2023, 6, 24, 0, 3, tzinfo=datetime.timezone.utc), start_date=datetime.datetime(2025, 7, 29, 19, 46, 8, 193598, tzinfo=datetime.timezone.utc), end_date=None, clear_number=0, run_type=<DagRunType.SCHEDULED: 'scheduled'>, conf={}, consumed_asset_events=[]),","chan":"stdout","logger":"task"}
{"timestamp":"2025-07-29T19:46:09.162253Z","level":"info","event":" 'data_interval_end': DateTime(2023, 6, 24, 0, 3, 0, tzinfo=Timezone('UTC')),","chan":"stdout","logger":"task"}
{"timestamp":"2025-07-29T19:46:09.162347Z","level":"info","event":" 'data_interval_start': DateTime(2023, 6, 24, 0, 3, 0, tzinfo=Timezone('UTC')),","chan":"stdout","logger":"task"}
{"timestamp":"2025-07-29T19:46:09.162427Z","level":"info","event":" 'ds': '2023-06-24',","chan":"stdout","logger":"task"}
{"timestamp":"2025-07-29T19:46:09.162505Z","level":"info","event":" 'ds_nodash': '20230624',","chan":"stdout","logger":"task"}
{"timestamp":"2025-07-29T19:46:09.162655Z","level":"info","event":" 'inlet_events': InletEventsAccessors(_inlets=[], _assets={}, _asset_aliases={}),","chan":"stdout","logger":"task"}
{"timestamp":"2025-07-29T19:46:09.162880Z","level":"info","event":" 'inlets': [],","chan":"stdout","logger":"task"}
{"timestamp":"2025-07-29T19:46:09.163007Z","level":"info","event":" 'logical_date': DateTime(2023, 6, 24, 0, 3, 0, tzinfo=Timezone('UTC')),","chan":"stdout","logger":"task"}
{"timestamp":"2025-07-29T19:46:09.163091Z","level":"info","event":" 'macros': <MacrosAccessor (dynamic access to macros)>,","chan":"stdout","logger":"task"}
{"timestamp":"2025-07-29T19:46:09.163160Z","level":"info","event":" 'map_index_template': None,","chan":"stdout","logger":"task"}
{"timestamp":"2025-07-29T19:46:09.163226Z","level":"info","event":" 'outlet_events': <airflow.sdk.execution_time.context.OutletEventAccessors object at 0x7fb677f34860>,","chan":"stdout","logger":"task"}
{"timestamp":"2025-07-29T19:46:09.163289Z","level":"info","event":" 'outlets': [],","chan":"stdout","logger":"task"}
{"timestamp":"2025-07-29T19:46:09.163371Z","level":"info","event":" 'params': {},","chan":"stdout","logger":"task"}
{"timestamp":"2025-07-29T19:46:09.184412Z","level":"info","event":" 'prev_data_interval_end_success': <Proxy at 0x7fb66fc71820 with factory <function RuntimeTaskInstance.get_template_context.<locals>.<lambda> at 0x7fb66fc88540>>,","chan":"stdout","logger":"task"}
{"timestamp":"2025-07-29T19:46:09.188119Z","level":"info","event":" 'prev_data_interval_start_success': <Proxy at 0x7fb66fc717c0 with factory <function RuntimeTaskInstance.get_template_context.<locals>.<lambda> at 0x7fb66fc7f380>>,","chan":"stdout","logger":"task"}
{"timestamp":"2025-07-29T19:46:09.188508Z","level":"info","event":" 'prev_end_date_success': <Proxy at 0x7fb66fff6990 with factory <function RuntimeTaskInstance.get_template_context.<locals>.<lambda> at 0x7fb66fc7ed40>>,","chan":"stdout","logger":"task"}
{"timestamp":"2025-07-29T19:46:09.188620Z","level":"info","event":" 'prev_start_date_success': <Proxy at 0x7fb66fc43fb0 with factory <function RuntimeTaskInstance.get_template_context.<locals>.<lambda> at 0x7fb66fc7f240>>,","chan":"stdout","logger":"task"}
{"timestamp":"2025-07-29T19:46:09.188698Z","level":"info","event":" 'run_id': 'scheduled__2023-06-24T00:03:00+00:00',","chan":"stdout","logger":"task"}
{"timestamp":"2025-07-29T19:46:09.188772Z","level":"info","event":" 'task': <Task(PythonOperator): python>,","chan":"stdout","logger":"task"}
{"timestamp":"2025-07-29T19:46:09.188851Z","level":"info","event":" 'task_instance': RuntimeTaskInstance(id=UUID('019857b8-88bc-7c31-8412-288e99388840'), task_id='python', dag_id='python_operator_v1', run_id='scheduled__2023-06-24T00:03:00+00:00', try_number=1, map_index=-1, hostname='bf6f1e7a6f11', context_carrier={}, task=<Task(PythonOperator): python>, bundle_instance=LocalDagBundle(name=dags-folder), max_tries=0, start_date=datetime.datetime(2025, 7, 29, 19, 46, 8, 480398, tzinfo=datetime.timezone.utc), end_date=None, state=<TaskInstanceState.RUNNING: 'running'>, is_mapped=False, rendered_map_index=None, log_url='http://localhost:8080/dags/python_operator_v1/runs/scheduled__2023-06-24T00%3A03%3A00%2B00%3A00/tasks/python?try_number=1'),","chan":"stdout","logger":"task"}
{"timestamp":"2025-07-29T19:46:09.188928Z","level":"info","event":" 'task_instance_key_str': 'python_operator_v1__python__20230624',","chan":"stdout","logger":"task"}
{"timestamp":"2025-07-29T19:46:09.189000Z","level":"info","event":" 'task_reschedule_count': 0,","chan":"stdout","logger":"task"}
{"timestamp":"2025-07-29T19:46:09.189071Z","level":"info","event":" 'templates_dict': None,","chan":"stdout","logger":"task"}
{"timestamp":"2025-07-29T19:46:09.189141Z","level":"info","event":" 'ti': RuntimeTaskInstance(id=UUID('019857b8-88bc-7c31-8412-288e99388840'), task_id='python', dag_id='python_operator_v1', run_id='scheduled__2023-06-24T00:03:00+00:00', try_number=1, map_index=-1, hostname='bf6f1e7a6f11', context_carrier={}, task=<Task(PythonOperator): python>, bundle_instance=LocalDagBundle(name=dags-folder), max_tries=0, start_date=datetime.datetime(2025, 7, 29, 19, 46, 8, 480398, tzinfo=datetime.timezone.utc), end_date=None, state=<TaskInstanceState.RUNNING: 'running'>, is_mapped=False, rendered_map_index=None, log_url='http://localhost:8080/dags/python_operator_v1/runs/scheduled__2023-06-24T00%3A03%3A00%2B00%3A00/tasks/python?try_number=1'),","chan":"stdout","logger":"task"}
{"timestamp":"2025-07-29T19:46:09.189206Z","level":"info","event":" 'triggering_asset_events': TriggeringAssetEventsAccessor(_events=defaultdict(<class 'list'>, {})),","chan":"stdout","logger":"task"}
{"timestamp":"2025-07-29T19:46:09.189269Z","level":"info","event":" 'ts': '2023-06-24T00:03:00+00:00',","chan":"stdout","logger":"task"}
{"timestamp":"2025-07-29T19:46:09.189333Z","level":"info","event":" 'ts_nodash': '20230624T000300',","chan":"stdout","logger":"task"}
{"timestamp":"2025-07-29T19:46:09.189403Z","level":"info","event":" 'ts_nodash_with_tz': '20230624T000300+0000',","chan":"stdout","logger":"task"}
{"timestamp":"2025-07-29T19:46:09.189470Z","level":"info","event":" 'var': {'json': <VariableAccessor (dynamic access)>,","chan":"stdout","logger":"task"}
{"timestamp":"2025-07-29T19:46:09.189531Z","level":"info","event":"         'value': <VariableAccessor (dynamic access)>}}","chan":"stdout","logger":"task"}
{"timestamp":"2025-07-29T19:46:09.186709","level":"info","event":"Done. Returned value was: 123","logger":"airflow.task.operators.airflow.providers.standard.operators.python.PythonOperator"}
{"timestamp":"2025-07-29T19:46:09.187139","level":"info","event":"Pushing xcom","ti":"RuntimeTaskInstance(id=UUID('019857b8-88bc-7c31-8412-288e99388840'), task_id='python', dag_id='python_operator_v1', run_id='scheduled__2023-06-24T00:03:00+00:00', try_number=1, map_index=-1, hostname='bf6f1e7a6f11', context_carrier={}, task=<Task(PythonOperator): python>, bundle_instance=LocalDagBundle(name=dags-folder), max_tries=0, start_date=datetime.datetime(2025, 7, 29, 19, 46, 8, 480398, tzinfo=datetime.timezone.utc), end_date=None, state=<TaskInstanceState.RUNNING: 'running'>, is_mapped=False, rendered_map_index=None, log_url='http://localhost:8080/dags/python_operator_v1/runs/scheduled__2023-06-24T00%3A03%3A00%2B00%3A00/tasks/python?try_number=1')","logger":"task"}
{"timestamp":"2025-07-29T19:46:09.251232Z","level":"info","event":"Task instance in success state","chan":"stdout","logger":"task"}
{"timestamp":"2025-07-29T19:46:09.251430Z","level":"info","event":" Previous state of the Task instance: TaskInstanceState.RUNNING","chan":"stdout","logger":"task"}
{"timestamp":"2025-07-29T19:46:09.251546Z","level":"info","event":"Task operator:<Task(PythonOperator): python>","chan":"stdout","logger":"task"}
