{"timestamp":"2025-07-29T20:10:01.689740","level":"info","event":"DAG bundles loaded: dags-folder, example_dags","logger":"airflow.dag_processing.bundles.manager.DagBundlesManager"}
{"timestamp":"2025-07-29T20:10:01.690637","level":"info","event":"Filling up the DagBag from /opt/airflow/dags/3_dag_principal.py","logger":"airflow.models.dagbag.DagBag"}
{"timestamp":"2025-07-29T20:10:01.751079Z","level":"info","event":"Task instance is in running state","chan":"stdout","logger":"task"}
{"timestamp":"2025-07-29T20:10:01.751352Z","level":"info","event":" Previous state of the Task instance: TaskInstanceState.QUEUED","chan":"stdout","logger":"task"}
{"timestamp":"2025-07-29T20:10:01.752182Z","level":"info","event":"Current task name:python_principal","chan":"stdout","logger":"task"}
{"timestamp":"2025-07-29T20:10:01.752462Z","level":"info","event":"Dag name:3_DAG_principal","chan":"stdout","logger":"task"}
{"timestamp":"2025-07-29T20:10:01.753909Z","level":"info","event":"DAG principal","chan":"stdout","logger":"task"}
{"timestamp":"2025-07-29T20:10:01.755252Z","level":"info","event":"{'conn': <ConnectionAccessor (dynamic access)>,","chan":"stdout","logger":"task"}
{"timestamp":"2025-07-29T20:10:01.755802Z","level":"info","event":" 'dag': <DAG: 3_DAG_principal>,","chan":"stdout","logger":"task"}
{"timestamp":"2025-07-29T20:10:01.756140Z","level":"info","event":" 'dag_run': DagRun(dag_id='3_DAG_principal', run_id='scheduled__2025-02-22T20:00:00+00:00', logical_date=datetime.datetime(2025, 2, 22, 20, 0, tzinfo=datetime.timezone.utc), data_interval_start=datetime.datetime(2025, 2, 22, 20, 0, tzinfo=datetime.timezone.utc), data_interval_end=datetime.datetime(2025, 2, 22, 20, 0, tzinfo=datetime.timezone.utc), run_after=datetime.datetime(2025, 2, 22, 20, 0, tzinfo=datetime.timezone.utc), start_date=datetime.datetime(2025, 7, 29, 20, 10, 0, 312227, tzinfo=datetime.timezone.utc), end_date=None, clear_number=0, run_type=<DagRunType.SCHEDULED: 'scheduled'>, conf={}, consumed_asset_events=[]),","chan":"stdout","logger":"task"}
{"timestamp":"2025-07-29T20:10:01.756351Z","level":"info","event":" 'data_interval_end': DateTime(2025, 2, 22, 20, 0, 0, tzinfo=Timezone('UTC')),","chan":"stdout","logger":"task"}
{"timestamp":"2025-07-29T20:10:01.756515Z","level":"info","event":" 'data_interval_start': DateTime(2025, 2, 22, 20, 0, 0, tzinfo=Timezone('UTC')),","chan":"stdout","logger":"task"}
{"timestamp":"2025-07-29T20:10:01.756659Z","level":"info","event":" 'ds': '2025-02-22',","chan":"stdout","logger":"task"}
{"timestamp":"2025-07-29T20:10:01.756771Z","level":"info","event":" 'ds_nodash': '20250222',","chan":"stdout","logger":"task"}
{"timestamp":"2025-07-29T20:10:01.756908Z","level":"info","event":" 'inlet_events': InletEventsAccessors(_inlets=[], _assets={}, _asset_aliases={}),","chan":"stdout","logger":"task"}
{"timestamp":"2025-07-29T20:10:01.757008Z","level":"info","event":" 'inlets': [],","chan":"stdout","logger":"task"}
{"timestamp":"2025-07-29T20:10:01.757099Z","level":"info","event":" 'logical_date': DateTime(2025, 2, 22, 20, 0, 0, tzinfo=Timezone('UTC')),","chan":"stdout","logger":"task"}
{"timestamp":"2025-07-29T20:10:01.757182Z","level":"info","event":" 'macros': <MacrosAccessor (dynamic access to macros)>,","chan":"stdout","logger":"task"}
{"timestamp":"2025-07-29T20:10:01.757263Z","level":"info","event":" 'map_index_template': None,","chan":"stdout","logger":"task"}
{"timestamp":"2025-07-29T20:10:01.757338Z","level":"info","event":" 'outlet_events': <airflow.sdk.execution_time.context.OutletEventAccessors object at 0x7fb67cbb65d0>,","chan":"stdout","logger":"task"}
{"timestamp":"2025-07-29T20:10:01.757413Z","level":"info","event":" 'outlets': [],","chan":"stdout","logger":"task"}
{"timestamp":"2025-07-29T20:10:01.757515Z","level":"info","event":" 'params': {},","chan":"stdout","logger":"task"}
{"timestamp":"2025-07-29T20:10:01.773554Z","level":"info","event":" 'prev_data_interval_end_success': <Proxy at 0x7fb66fdbafc0 with factory <function RuntimeTaskInstance.get_template_context.<locals>.<lambda> at 0x7fb66fde1b20>>,","chan":"stdout","logger":"task"}
{"timestamp":"2025-07-29T20:10:01.774445Z","level":"info","event":" 'prev_data_interval_start_success': <Proxy at 0x7fb66fdbae10 with factory <function RuntimeTaskInstance.get_template_context.<locals>.<lambda> at 0x7fb66fde0360>>,","chan":"stdout","logger":"task"}
{"timestamp":"2025-07-29T20:10:01.775217Z","level":"info","event":" 'prev_end_date_success': <Proxy at 0x7fb67ebefe30 with factory <function RuntimeTaskInstance.get_template_context.<locals>.<lambda> at 0x7fb66fde1bc0>>,","chan":"stdout","logger":"task"}
{"timestamp":"2025-07-29T20:10:01.775878Z","level":"info","event":" 'prev_start_date_success': <Proxy at 0x7fb66fdbb2c0 with factory <function RuntimeTaskInstance.get_template_context.<locals>.<lambda> at 0x7fb66fde0900>>,","chan":"stdout","logger":"task"}
{"timestamp":"2025-07-29T20:10:01.776275Z","level":"info","event":" 'run_id': 'scheduled__2025-02-22T20:00:00+00:00',","chan":"stdout","logger":"task"}
{"timestamp":"2025-07-29T20:10:01.776630Z","level":"info","event":" 'task': <Task(PythonOperator): python_principal>,","chan":"stdout","logger":"task"}
{"timestamp":"2025-07-29T20:10:01.777336Z","level":"info","event":" 'task_instance': RuntimeTaskInstance(id=UUID('019857ce-62ef-71a9-877c-2a6623c35291'), task_id='python_principal', dag_id='3_DAG_principal', run_id='scheduled__2025-02-22T20:00:00+00:00', try_number=1, map_index=-1, hostname='bf6f1e7a6f11', context_carrier={}, task=<Task(PythonOperator): python_principal>, bundle_instance=LocalDagBundle(name=dags-folder), max_tries=0, start_date=datetime.datetime(2025, 7, 29, 20, 10, 0, 866322, tzinfo=datetime.timezone.utc), end_date=None, state=<TaskInstanceState.RUNNING: 'running'>, is_mapped=False, rendered_map_index=None, log_url='http://localhost:8080/dags/3_DAG_principal/runs/scheduled__2025-02-22T20%3A00%3A00%2B00%3A00/tasks/python_principal?try_number=1'),","chan":"stdout","logger":"task"}
{"timestamp":"2025-07-29T20:10:01.778496Z","level":"info","event":" 'task_instance_key_str': '3_DAG_principal__python_principal__20250222',","chan":"stdout","logger":"task"}
{"timestamp":"2025-07-29T20:10:01.779144Z","level":"info","event":" 'task_reschedule_count': 0,","chan":"stdout","logger":"task"}
{"timestamp":"2025-07-29T20:10:01.779339Z","level":"info","event":" 'templates_dict': None,","chan":"stdout","logger":"task"}
{"timestamp":"2025-07-29T20:10:01.779487Z","level":"info","event":" 'ti': RuntimeTaskInstance(id=UUID('019857ce-62ef-71a9-877c-2a6623c35291'), task_id='python_principal', dag_id='3_DAG_principal', run_id='scheduled__2025-02-22T20:00:00+00:00', try_number=1, map_index=-1, hostname='bf6f1e7a6f11', context_carrier={}, task=<Task(PythonOperator): python_principal>, bundle_instance=LocalDagBundle(name=dags-folder), max_tries=0, start_date=datetime.datetime(2025, 7, 29, 20, 10, 0, 866322, tzinfo=datetime.timezone.utc), end_date=None, state=<TaskInstanceState.RUNNING: 'running'>, is_mapped=False, rendered_map_index=None, log_url='http://localhost:8080/dags/3_DAG_principal/runs/scheduled__2025-02-22T20%3A00%3A00%2B00%3A00/tasks/python_principal?try_number=1'),","chan":"stdout","logger":"task"}
{"timestamp":"2025-07-29T20:10:01.779761Z","level":"info","event":" 'triggering_asset_events': TriggeringAssetEventsAccessor(_events=defaultdict(<class 'list'>, {})),","chan":"stdout","logger":"task"}
{"timestamp":"2025-07-29T20:10:01.780203Z","level":"info","event":" 'ts': '2025-02-22T20:00:00+00:00',","chan":"stdout","logger":"task"}
{"timestamp":"2025-07-29T20:10:01.780302Z","level":"info","event":" 'ts_nodash': '20250222T200000',","chan":"stdout","logger":"task"}
{"timestamp":"2025-07-29T20:10:01.780368Z","level":"info","event":" 'ts_nodash_with_tz': '20250222T200000+0000',","chan":"stdout","logger":"task"}
{"timestamp":"2025-07-29T20:10:01.780479Z","level":"info","event":" 'var': {'json': <VariableAccessor (dynamic access)>,","chan":"stdout","logger":"task"}
{"timestamp":"2025-07-29T20:10:01.780546Z","level":"info","event":"         'value': <VariableAccessor (dynamic access)>}}","chan":"stdout","logger":"task"}
{"timestamp":"2025-07-29T20:10:01.780085","level":"info","event":"Done. Returned value was: principal","logger":"airflow.task.operators.airflow.providers.standard.operators.python.PythonOperator"}
{"timestamp":"2025-07-29T20:10:01.780468","level":"info","event":"Pushing xcom","ti":"RuntimeTaskInstance(id=UUID('019857ce-62ef-71a9-877c-2a6623c35291'), task_id='python_principal', dag_id='3_DAG_principal', run_id='scheduled__2025-02-22T20:00:00+00:00', try_number=1, map_index=-1, hostname='bf6f1e7a6f11', context_carrier={}, task=<Task(PythonOperator): python_principal>, bundle_instance=LocalDagBundle(name=dags-folder), max_tries=0, start_date=datetime.datetime(2025, 7, 29, 20, 10, 0, 866322, tzinfo=datetime.timezone.utc), end_date=None, state=<TaskInstanceState.RUNNING: 'running'>, is_mapped=False, rendered_map_index=None, log_url='http://localhost:8080/dags/3_DAG_principal/runs/scheduled__2025-02-22T20%3A00%3A00%2B00%3A00/tasks/python_principal?try_number=1')","logger":"task"}
{"timestamp":"2025-07-29T20:10:01.827688Z","level":"info","event":"Task instance in success state","chan":"stdout","logger":"task"}
{"timestamp":"2025-07-29T20:10:01.828046Z","level":"info","event":" Previous state of the Task instance: TaskInstanceState.RUNNING","chan":"stdout","logger":"task"}
{"timestamp":"2025-07-29T20:10:01.828336Z","level":"info","event":"Task operator:<Task(PythonOperator): python_principal>","chan":"stdout","logger":"task"}
