{"timestamp":"2025-07-29T20:05:30.273341","level":"info","event":"DAG bundles loaded: dags-folder, example_dags","logger":"airflow.dag_processing.bundles.manager.DagBundlesManager"}
{"timestamp":"2025-07-29T20:05:30.274083","level":"info","event":"Filling up the DagBag from /opt/airflow/dags/2_python_operator_v1.py","logger":"airflow.models.dagbag.DagBag"}
{"timestamp":"2025-07-29T20:05:30.297357Z","level":"info","event":"Task instance is in running state","chan":"stdout","logger":"task"}
{"timestamp":"2025-07-29T20:05:30.297559Z","level":"info","event":" Previous state of the Task instance: TaskInstanceState.QUEUED","chan":"stdout","logger":"task"}
{"timestamp":"2025-07-29T20:05:30.298365Z","level":"info","event":"Current task name:python","chan":"stdout","logger":"task"}
{"timestamp":"2025-07-29T20:05:30.298513Z","level":"info","event":"Dag name:python_operator_v1","chan":"stdout","logger":"task"}
{"timestamp":"2025-07-29T20:05:30.299916Z","level":"info","event":"poliana","chan":"stdout","logger":"task"}
{"timestamp":"2025-07-29T20:05:30.300779Z","level":"info","event":"{'conn': <ConnectionAccessor (dynamic access)>,","chan":"stdout","logger":"task"}
{"timestamp":"2025-07-29T20:05:30.300908Z","level":"info","event":" 'dag': <DAG: python_operator_v1>,","chan":"stdout","logger":"task"}
{"timestamp":"2025-07-29T20:05:30.301058Z","level":"info","event":" 'dag_run': DagRun(dag_id='python_operator_v1', run_id='scheduled__2023-06-24T19:28:00+00:00', logical_date=datetime.datetime(2023, 6, 24, 19, 28, tzinfo=datetime.timezone.utc), data_interval_start=datetime.datetime(2023, 6, 24, 19, 28, tzinfo=datetime.timezone.utc), data_interval_end=datetime.datetime(2023, 6, 24, 19, 28, tzinfo=datetime.timezone.utc), run_after=datetime.datetime(2023, 6, 24, 19, 28, tzinfo=datetime.timezone.utc), start_date=datetime.datetime(2025, 7, 29, 20, 5, 29, 28626, tzinfo=datetime.timezone.utc), end_date=None, clear_number=0, run_type=<DagRunType.SCHEDULED: 'scheduled'>, conf={}, consumed_asset_events=[]),","chan":"stdout","logger":"task"}
{"timestamp":"2025-07-29T20:05:30.301191Z","level":"info","event":" 'data_interval_end': DateTime(2023, 6, 24, 19, 28, 0, tzinfo=Timezone('UTC')),","chan":"stdout","logger":"task"}
{"timestamp":"2025-07-29T20:05:30.301278Z","level":"info","event":" 'data_interval_start': DateTime(2023, 6, 24, 19, 28, 0, tzinfo=Timezone('UTC')),","chan":"stdout","logger":"task"}
{"timestamp":"2025-07-29T20:05:30.301344Z","level":"info","event":" 'ds': '2023-06-24',","chan":"stdout","logger":"task"}
{"timestamp":"2025-07-29T20:05:30.301412Z","level":"info","event":" 'ds_nodash': '20230624',","chan":"stdout","logger":"task"}
{"timestamp":"2025-07-29T20:05:30.301478Z","level":"info","event":" 'inlet_events': InletEventsAccessors(_inlets=[], _assets={}, _asset_aliases={}),","chan":"stdout","logger":"task"}
{"timestamp":"2025-07-29T20:05:30.301547Z","level":"info","event":" 'inlets': [],","chan":"stdout","logger":"task"}
{"timestamp":"2025-07-29T20:05:30.301612Z","level":"info","event":" 'logical_date': DateTime(2023, 6, 24, 19, 28, 0, tzinfo=Timezone('UTC')),","chan":"stdout","logger":"task"}
{"timestamp":"2025-07-29T20:05:30.301656Z","level":"info","event":" 'macros': <MacrosAccessor (dynamic access to macros)>,","chan":"stdout","logger":"task"}
{"timestamp":"2025-07-29T20:05:30.301700Z","level":"info","event":" 'map_index_template': None,","chan":"stdout","logger":"task"}
{"timestamp":"2025-07-29T20:05:30.301742Z","level":"info","event":" 'outlet_events': <airflow.sdk.execution_time.context.OutletEventAccessors object at 0x7fb66fd2afc0>,","chan":"stdout","logger":"task"}
{"timestamp":"2025-07-29T20:05:30.301784Z","level":"info","event":" 'outlets': [],","chan":"stdout","logger":"task"}
{"timestamp":"2025-07-29T20:05:30.301826Z","level":"info","event":" 'params': {},","chan":"stdout","logger":"task"}
{"timestamp":"2025-07-29T20:05:30.312084Z","level":"info","event":" 'prev_data_interval_end_success': <Proxy at 0x7fb66fc2b800 with factory <function RuntimeTaskInstance.get_template_context.<locals>.<lambda> at 0x7fb66fc4e5c0>>,","chan":"stdout","logger":"task"}
{"timestamp":"2025-07-29T20:05:30.312271Z","level":"info","event":" 'prev_data_interval_start_success': <Proxy at 0x7fb66fc2b950 with factory <function RuntimeTaskInstance.get_template_context.<locals>.<lambda> at 0x7fb66fc4fce0>>,","chan":"stdout","logger":"task"}
{"timestamp":"2025-07-29T20:05:30.312342Z","level":"info","event":" 'prev_end_date_success': <Proxy at 0x7fb66fc2bc20 with factory <function RuntimeTaskInstance.get_template_context.<locals>.<lambda> at 0x7fb66fc4fd80>>,","chan":"stdout","logger":"task"}
{"timestamp":"2025-07-29T20:05:30.312395Z","level":"info","event":" 'prev_start_date_success': <Proxy at 0x7fb66fc2ad80 with factory <function RuntimeTaskInstance.get_template_context.<locals>.<lambda> at 0x7fb66fc4eac0>>,","chan":"stdout","logger":"task"}
{"timestamp":"2025-07-29T20:05:30.312442Z","level":"info","event":" 'run_id': 'scheduled__2023-06-24T19:28:00+00:00',","chan":"stdout","logger":"task"}
{"timestamp":"2025-07-29T20:05:30.312486Z","level":"info","event":" 'task': <Task(PythonOperator): python>,","chan":"stdout","logger":"task"}
{"timestamp":"2025-07-29T20:05:30.312555Z","level":"info","event":" 'task_instance': RuntimeTaskInstance(id=UUID('019857ca-3f3e-73fb-b581-835c787c8971'), task_id='python', dag_id='python_operator_v1', run_id='scheduled__2023-06-24T19:28:00+00:00', try_number=1, map_index=-1, hostname='bf6f1e7a6f11', context_carrier={}, task=<Task(PythonOperator): python>, bundle_instance=LocalDagBundle(name=dags-folder), max_tries=0, start_date=datetime.datetime(2025, 7, 29, 20, 5, 29, 530862, tzinfo=datetime.timezone.utc), end_date=None, state=<TaskInstanceState.RUNNING: 'running'>, is_mapped=False, rendered_map_index=None, log_url='http://localhost:8080/dags/python_operator_v1/runs/scheduled__2023-06-24T19%3A28%3A00%2B00%3A00/tasks/python?try_number=1'),","chan":"stdout","logger":"task"}
{"timestamp":"2025-07-29T20:05:30.312605Z","level":"info","event":" 'task_instance_key_str': 'python_operator_v1__python__20230624',","chan":"stdout","logger":"task"}
{"timestamp":"2025-07-29T20:05:30.312667Z","level":"info","event":" 'task_reschedule_count': 0,","chan":"stdout","logger":"task"}
{"timestamp":"2025-07-29T20:05:30.312727Z","level":"info","event":" 'templates_dict': None,","chan":"stdout","logger":"task"}
{"timestamp":"2025-07-29T20:05:30.312851Z","level":"info","event":" 'ti': RuntimeTaskInstance(id=UUID('019857ca-3f3e-73fb-b581-835c787c8971'), task_id='python', dag_id='python_operator_v1', run_id='scheduled__2023-06-24T19:28:00+00:00', try_number=1, map_index=-1, hostname='bf6f1e7a6f11', context_carrier={}, task=<Task(PythonOperator): python>, bundle_instance=LocalDagBundle(name=dags-folder), max_tries=0, start_date=datetime.datetime(2025, 7, 29, 20, 5, 29, 530862, tzinfo=datetime.timezone.utc), end_date=None, state=<TaskInstanceState.RUNNING: 'running'>, is_mapped=False, rendered_map_index=None, log_url='http://localhost:8080/dags/python_operator_v1/runs/scheduled__2023-06-24T19%3A28%3A00%2B00%3A00/tasks/python?try_number=1'),","chan":"stdout","logger":"task"}
{"timestamp":"2025-07-29T20:05:30.312943Z","level":"info","event":" 'triggering_asset_events': TriggeringAssetEventsAccessor(_events=defaultdict(<class 'list'>, {})),","chan":"stdout","logger":"task"}
{"timestamp":"2025-07-29T20:05:30.313016Z","level":"info","event":" 'ts': '2023-06-24T19:28:00+00:00',","chan":"stdout","logger":"task"}
{"timestamp":"2025-07-29T20:05:30.313094Z","level":"info","event":" 'ts_nodash': '20230624T192800',","chan":"stdout","logger":"task"}
{"timestamp":"2025-07-29T20:05:30.313144Z","level":"info","event":" 'ts_nodash_with_tz': '20230624T192800+0000',","chan":"stdout","logger":"task"}
{"timestamp":"2025-07-29T20:05:30.313187Z","level":"info","event":" 'var': {'json': <VariableAccessor (dynamic access)>,","chan":"stdout","logger":"task"}
{"timestamp":"2025-07-29T20:05:30.313229Z","level":"info","event":"         'value': <VariableAccessor (dynamic access)>}}","chan":"stdout","logger":"task"}
{"timestamp":"2025-07-29T20:05:30.312975","level":"info","event":"Done. Returned value was: 123","logger":"airflow.task.operators.airflow.providers.standard.operators.python.PythonOperator"}
{"timestamp":"2025-07-29T20:05:30.313199","level":"info","event":"Pushing xcom","ti":"RuntimeTaskInstance(id=UUID('019857ca-3f3e-73fb-b581-835c787c8971'), task_id='python', dag_id='python_operator_v1', run_id='scheduled__2023-06-24T19:28:00+00:00', try_number=1, map_index=-1, hostname='bf6f1e7a6f11', context_carrier={}, task=<Task(PythonOperator): python>, bundle_instance=LocalDagBundle(name=dags-folder), max_tries=0, start_date=datetime.datetime(2025, 7, 29, 20, 5, 29, 530862, tzinfo=datetime.timezone.utc), end_date=None, state=<TaskInstanceState.RUNNING: 'running'>, is_mapped=False, rendered_map_index=None, log_url='http://localhost:8080/dags/python_operator_v1/runs/scheduled__2023-06-24T19%3A28%3A00%2B00%3A00/tasks/python?try_number=1')","logger":"task"}
{"timestamp":"2025-07-29T20:05:30.340206Z","level":"info","event":"Task instance in success state","chan":"stdout","logger":"task"}
{"timestamp":"2025-07-29T20:05:30.340418Z","level":"info","event":" Previous state of the Task instance: TaskInstanceState.RUNNING","chan":"stdout","logger":"task"}
{"timestamp":"2025-07-29T20:05:30.340589Z","level":"info","event":"Task operator:<Task(PythonOperator): python>","chan":"stdout","logger":"task"}
