{"timestamp":"2025-07-29T19:21:35.078245","level":"info","event":"DAG bundles loaded: dags-folder, example_dags","logger":"airflow.dag_processing.bundles.manager.DagBundlesManager"}
{"timestamp":"2025-07-29T19:21:35.079437","level":"info","event":"Filling up the DagBag from /opt/airflow/dags/python_operator_v1.py","logger":"airflow.models.dagbag.DagBag"}
{"timestamp":"2025-07-29T19:21:35.103676Z","level":"info","event":"Task instance is in running state","chan":"stdout","logger":"task"}
{"timestamp":"2025-07-29T19:21:35.103853Z","level":"info","event":" Previous state of the Task instance: TaskInstanceState.QUEUED","chan":"stdout","logger":"task"}
{"timestamp":"2025-07-29T19:21:35.105409Z","level":"info","event":"Current task name:python","chan":"stdout","logger":"task"}
{"timestamp":"2025-07-29T19:21:35.105621Z","level":"info","event":"Dag name:python_operator_v1","chan":"stdout","logger":"task"}
{"timestamp":"2025-07-29T19:21:35.106825Z","level":"info","event":"poliana","chan":"stdout","logger":"task"}
{"timestamp":"2025-07-29T19:21:35.107452Z","level":"info","event":"{'conn': <ConnectionAccessor (dynamic access)>,","chan":"stdout","logger":"task"}
{"timestamp":"2025-07-29T19:21:35.107548Z","level":"info","event":" 'dag': <DAG: python_operator_v1>,","chan":"stdout","logger":"task"}
{"timestamp":"2025-07-29T19:21:35.107641Z","level":"info","event":" 'dag_run': DagRun(dag_id='python_operator_v1', run_id='scheduled__2023-06-22T21:11:00+00:00', logical_date=datetime.datetime(2023, 6, 22, 21, 11, tzinfo=datetime.timezone.utc), data_interval_start=datetime.datetime(2023, 6, 22, 21, 11, tzinfo=datetime.timezone.utc), data_interval_end=datetime.datetime(2023, 6, 22, 21, 11, tzinfo=datetime.timezone.utc), run_after=datetime.datetime(2023, 6, 22, 21, 11, tzinfo=datetime.timezone.utc), start_date=datetime.datetime(2025, 7, 29, 19, 21, 34, 202521, tzinfo=datetime.timezone.utc), end_date=None, clear_number=0, run_type=<DagRunType.SCHEDULED: 'scheduled'>, conf={}, consumed_asset_events=[]),","chan":"stdout","logger":"task"}
{"timestamp":"2025-07-29T19:21:35.107733Z","level":"info","event":" 'data_interval_end': DateTime(2023, 6, 22, 21, 11, 0, tzinfo=Timezone('UTC')),","chan":"stdout","logger":"task"}
{"timestamp":"2025-07-29T19:21:35.107792Z","level":"info","event":" 'data_interval_start': DateTime(2023, 6, 22, 21, 11, 0, tzinfo=Timezone('UTC')),","chan":"stdout","logger":"task"}
{"timestamp":"2025-07-29T19:21:35.107854Z","level":"info","event":" 'ds': '2023-06-22',","chan":"stdout","logger":"task"}
{"timestamp":"2025-07-29T19:21:35.107899Z","level":"info","event":" 'ds_nodash': '20230622',","chan":"stdout","logger":"task"}
{"timestamp":"2025-07-29T19:21:35.107940Z","level":"info","event":" 'inlet_events': InletEventsAccessors(_inlets=[], _assets={}, _asset_aliases={}),","chan":"stdout","logger":"task"}
{"timestamp":"2025-07-29T19:21:35.107982Z","level":"info","event":" 'inlets': [],","chan":"stdout","logger":"task"}
{"timestamp":"2025-07-29T19:21:35.108022Z","level":"info","event":" 'logical_date': DateTime(2023, 6, 22, 21, 11, 0, tzinfo=Timezone('UTC')),","chan":"stdout","logger":"task"}
{"timestamp":"2025-07-29T19:21:35.108063Z","level":"info","event":" 'macros': <MacrosAccessor (dynamic access to macros)>,","chan":"stdout","logger":"task"}
{"timestamp":"2025-07-29T19:21:35.108103Z","level":"info","event":" 'map_index_template': None,","chan":"stdout","logger":"task"}
{"timestamp":"2025-07-29T19:21:35.108143Z","level":"info","event":" 'outlet_events': <airflow.sdk.execution_time.context.OutletEventAccessors object at 0x7fb67bd64830>,","chan":"stdout","logger":"task"}
{"timestamp":"2025-07-29T19:21:35.108184Z","level":"info","event":" 'outlets': [],","chan":"stdout","logger":"task"}
{"timestamp":"2025-07-29T19:21:35.108224Z","level":"info","event":" 'params': {},","chan":"stdout","logger":"task"}
{"timestamp":"2025-07-29T19:21:35.121102Z","level":"info","event":" 'prev_data_interval_end_success': <Proxy at 0x7fb66fc26b70 with factory <function RuntimeTaskInstance.get_template_context.<locals>.<lambda> at 0x7fb66fc45300>>,","chan":"stdout","logger":"task"}
{"timestamp":"2025-07-29T19:21:35.121360Z","level":"info","event":" 'prev_data_interval_start_success': <Proxy at 0x7fb66fc26c00 with factory <function RuntimeTaskInstance.get_template_context.<locals>.<lambda> at 0x7fb66fc46a20>>,","chan":"stdout","logger":"task"}
{"timestamp":"2025-07-29T19:21:35.121442Z","level":"info","event":" 'prev_end_date_success': <Proxy at 0x7fb66fc26c30 with factory <function RuntimeTaskInstance.get_template_context.<locals>.<lambda> at 0x7fb66fc46ac0>>,","chan":"stdout","logger":"task"}
{"timestamp":"2025-07-29T19:21:35.121492Z","level":"info","event":" 'prev_start_date_success': <Proxy at 0x7fb66fc24c20 with factory <function RuntimeTaskInstance.get_template_context.<locals>.<lambda> at 0x7fb66fc45800>>,","chan":"stdout","logger":"task"}
{"timestamp":"2025-07-29T19:21:35.121538Z","level":"info","event":" 'run_id': 'scheduled__2023-06-22T21:11:00+00:00',","chan":"stdout","logger":"task"}
{"timestamp":"2025-07-29T19:21:35.121581Z","level":"info","event":" 'task': <Task(PythonOperator): python>,","chan":"stdout","logger":"task"}
{"timestamp":"2025-07-29T19:21:35.121626Z","level":"info","event":" 'task_instance': RuntimeTaskInstance(id=UUID('019857a2-0af6-7feb-ad44-2efcfe539a34'), task_id='python', dag_id='python_operator_v1', run_id='scheduled__2023-06-22T21:11:00+00:00', try_number=1, map_index=-1, hostname='bf6f1e7a6f11', context_carrier={}, task=<Task(PythonOperator): python>, bundle_instance=LocalDagBundle(name=dags-folder), max_tries=0, start_date=datetime.datetime(2025, 7, 29, 19, 21, 34, 492201, tzinfo=datetime.timezone.utc), end_date=None, state=<TaskInstanceState.RUNNING: 'running'>, is_mapped=False, rendered_map_index=None, log_url='http://localhost:8080/dags/python_operator_v1/runs/scheduled__2023-06-22T21%3A11%3A00%2B00%3A00/tasks/python?try_number=1'),","chan":"stdout","logger":"task"}
{"timestamp":"2025-07-29T19:21:35.121672Z","level":"info","event":" 'task_instance_key_str': 'python_operator_v1__python__20230622',","chan":"stdout","logger":"task"}
{"timestamp":"2025-07-29T19:21:35.121714Z","level":"info","event":" 'task_reschedule_count': 0,","chan":"stdout","logger":"task"}
{"timestamp":"2025-07-29T19:21:35.121755Z","level":"info","event":" 'templates_dict': None,","chan":"stdout","logger":"task"}
{"timestamp":"2025-07-29T19:21:35.121796Z","level":"info","event":" 'ti': RuntimeTaskInstance(id=UUID('019857a2-0af6-7feb-ad44-2efcfe539a34'), task_id='python', dag_id='python_operator_v1', run_id='scheduled__2023-06-22T21:11:00+00:00', try_number=1, map_index=-1, hostname='bf6f1e7a6f11', context_carrier={}, task=<Task(PythonOperator): python>, bundle_instance=LocalDagBundle(name=dags-folder), max_tries=0, start_date=datetime.datetime(2025, 7, 29, 19, 21, 34, 492201, tzinfo=datetime.timezone.utc), end_date=None, state=<TaskInstanceState.RUNNING: 'running'>, is_mapped=False, rendered_map_index=None, log_url='http://localhost:8080/dags/python_operator_v1/runs/scheduled__2023-06-22T21%3A11%3A00%2B00%3A00/tasks/python?try_number=1'),","chan":"stdout","logger":"task"}
{"timestamp":"2025-07-29T19:21:35.121868Z","level":"info","event":" 'triggering_asset_events': TriggeringAssetEventsAccessor(_events=defaultdict(<class 'list'>, {})),","chan":"stdout","logger":"task"}
{"timestamp":"2025-07-29T19:21:35.121916Z","level":"info","event":" 'ts': '2023-06-22T21:11:00+00:00',","chan":"stdout","logger":"task"}
{"timestamp":"2025-07-29T19:21:35.121958Z","level":"info","event":" 'ts_nodash': '20230622T211100',","chan":"stdout","logger":"task"}
{"timestamp":"2025-07-29T19:21:35.122003Z","level":"info","event":" 'ts_nodash_with_tz': '20230622T211100+0000',","chan":"stdout","logger":"task"}
{"timestamp":"2025-07-29T19:21:35.122044Z","level":"info","event":" 'var': {'json': <VariableAccessor (dynamic access)>,","chan":"stdout","logger":"task"}
{"timestamp":"2025-07-29T19:21:35.122085Z","level":"info","event":"         'value': <VariableAccessor (dynamic access)>}}","chan":"stdout","logger":"task"}
{"timestamp":"2025-07-29T19:21:35.121970","level":"info","event":"Done. Returned value was: 123","logger":"airflow.task.operators.airflow.providers.standard.operators.python.PythonOperator"}
{"timestamp":"2025-07-29T19:21:35.122184","level":"info","event":"Pushing xcom","ti":"RuntimeTaskInstance(id=UUID('019857a2-0af6-7feb-ad44-2efcfe539a34'), task_id='python', dag_id='python_operator_v1', run_id='scheduled__2023-06-22T21:11:00+00:00', try_number=1, map_index=-1, hostname='bf6f1e7a6f11', context_carrier={}, task=<Task(PythonOperator): python>, bundle_instance=LocalDagBundle(name=dags-folder), max_tries=0, start_date=datetime.datetime(2025, 7, 29, 19, 21, 34, 492201, tzinfo=datetime.timezone.utc), end_date=None, state=<TaskInstanceState.RUNNING: 'running'>, is_mapped=False, rendered_map_index=None, log_url='http://localhost:8080/dags/python_operator_v1/runs/scheduled__2023-06-22T21%3A11%3A00%2B00%3A00/tasks/python?try_number=1')","logger":"task"}
{"timestamp":"2025-07-29T19:21:35.143727Z","level":"info","event":"Task instance in success state","chan":"stdout","logger":"task"}
{"timestamp":"2025-07-29T19:21:35.143859Z","level":"info","event":" Previous state of the Task instance: TaskInstanceState.RUNNING","chan":"stdout","logger":"task"}
{"timestamp":"2025-07-29T19:21:35.143961Z","level":"info","event":"Task operator:<Task(PythonOperator): python>","chan":"stdout","logger":"task"}
