{"timestamp":"2025-07-29T20:03:54.650812","level":"info","event":"DAG bundles loaded: dags-folder, example_dags","logger":"airflow.dag_processing.bundles.manager.DagBundlesManager"}
{"timestamp":"2025-07-29T20:03:54.651663","level":"info","event":"Filling up the DagBag from /opt/airflow/dags/3_dag_principal.py","logger":"airflow.models.dagbag.DagBag"}
{"timestamp":"2025-07-29T20:03:54.696480Z","level":"info","event":"Task instance is in running state","chan":"stdout","logger":"task"}
{"timestamp":"2025-07-29T20:03:54.696753Z","level":"info","event":" Previous state of the Task instance: TaskInstanceState.QUEUED","chan":"stdout","logger":"task"}
{"timestamp":"2025-07-29T20:03:54.697624Z","level":"info","event":"Current task name:python_principal","chan":"stdout","logger":"task"}
{"timestamp":"2025-07-29T20:03:54.697765Z","level":"info","event":"Dag name:3_DAG_principal","chan":"stdout","logger":"task"}
{"timestamp":"2025-07-29T20:03:54.699092Z","level":"info","event":"DAG principal","chan":"stdout","logger":"task"}
{"timestamp":"2025-07-29T20:03:54.699758Z","level":"info","event":"{'conn': <ConnectionAccessor (dynamic access)>,","chan":"stdout","logger":"task"}
{"timestamp":"2025-07-29T20:03:54.699884Z","level":"info","event":" 'dag': <DAG: 3_DAG_principal>,","chan":"stdout","logger":"task"}
{"timestamp":"2025-07-29T20:03:54.700023Z","level":"info","event":" 'dag_run': DagRun(dag_id='3_DAG_principal', run_id='scheduled__2024-04-05T20:00:00+00:00', logical_date=datetime.datetime(2024, 4, 5, 20, 0, tzinfo=datetime.timezone.utc), data_interval_start=datetime.datetime(2024, 4, 5, 20, 0, tzinfo=datetime.timezone.utc), data_interval_end=datetime.datetime(2024, 4, 5, 20, 0, tzinfo=datetime.timezone.utc), run_after=datetime.datetime(2024, 4, 5, 20, 0, tzinfo=datetime.timezone.utc), start_date=datetime.datetime(2025, 7, 29, 20, 3, 52, 919747, tzinfo=datetime.timezone.utc), end_date=None, clear_number=0, run_type=<DagRunType.SCHEDULED: 'scheduled'>, conf={}, consumed_asset_events=[]),","chan":"stdout","logger":"task"}
{"timestamp":"2025-07-29T20:03:54.700096Z","level":"info","event":" 'data_interval_end': DateTime(2024, 4, 5, 20, 0, 0, tzinfo=Timezone('UTC')),","chan":"stdout","logger":"task"}
{"timestamp":"2025-07-29T20:03:54.700146Z","level":"info","event":" 'data_interval_start': DateTime(2024, 4, 5, 20, 0, 0, tzinfo=Timezone('UTC')),","chan":"stdout","logger":"task"}
{"timestamp":"2025-07-29T20:03:54.700191Z","level":"info","event":" 'ds': '2024-04-05',","chan":"stdout","logger":"task"}
{"timestamp":"2025-07-29T20:03:54.700233Z","level":"info","event":" 'ds_nodash': '20240405',","chan":"stdout","logger":"task"}
{"timestamp":"2025-07-29T20:03:54.700274Z","level":"info","event":" 'inlet_events': InletEventsAccessors(_inlets=[], _assets={}, _asset_aliases={}),","chan":"stdout","logger":"task"}
{"timestamp":"2025-07-29T20:03:54.700315Z","level":"info","event":" 'inlets': [],","chan":"stdout","logger":"task"}
{"timestamp":"2025-07-29T20:03:54.700356Z","level":"info","event":" 'logical_date': DateTime(2024, 4, 5, 20, 0, 0, tzinfo=Timezone('UTC')),","chan":"stdout","logger":"task"}
{"timestamp":"2025-07-29T20:03:54.700410Z","level":"info","event":" 'macros': <MacrosAccessor (dynamic access to macros)>,","chan":"stdout","logger":"task"}
{"timestamp":"2025-07-29T20:03:54.700473Z","level":"info","event":" 'map_index_template': None,","chan":"stdout","logger":"task"}
{"timestamp":"2025-07-29T20:03:54.700537Z","level":"info","event":" 'outlet_events': <airflow.sdk.execution_time.context.OutletEventAccessors object at 0x7fb67bcf7cb0>,","chan":"stdout","logger":"task"}
{"timestamp":"2025-07-29T20:03:54.700608Z","level":"info","event":" 'outlets': [],","chan":"stdout","logger":"task"}
{"timestamp":"2025-07-29T20:03:54.700686Z","level":"info","event":" 'params': {},","chan":"stdout","logger":"task"}
{"timestamp":"2025-07-29T20:03:54.710743Z","level":"info","event":" 'prev_data_interval_end_success': <Proxy at 0x7fb66fc40ec0 with factory <function RuntimeTaskInstance.get_template_context.<locals>.<lambda> at 0x7fb66fc611c0>>,","chan":"stdout","logger":"task"}
{"timestamp":"2025-07-29T20:03:54.711229Z","level":"info","event":" 'prev_data_interval_start_success': <Proxy at 0x7fb66fc41250 with factory <function RuntimeTaskInstance.get_template_context.<locals>.<lambda> at 0x7fb66fc61260>>,","chan":"stdout","logger":"task"}
{"timestamp":"2025-07-29T20:03:54.711376Z","level":"info","event":" 'prev_end_date_success': <Proxy at 0x7fb66fc41400 with factory <function RuntimeTaskInstance.get_template_context.<locals>.<lambda> at 0x7fb66fc579c0>>,","chan":"stdout","logger":"task"}
{"timestamp":"2025-07-29T20:03:54.711524Z","level":"info","event":" 'prev_start_date_success': <Proxy at 0x7fb67ea265d0 with factory <function RuntimeTaskInstance.get_template_context.<locals>.<lambda> at 0x7fb66fc57f60>>,","chan":"stdout","logger":"task"}
{"timestamp":"2025-07-29T20:03:54.711592Z","level":"info","event":" 'run_id': 'scheduled__2024-04-05T20:00:00+00:00',","chan":"stdout","logger":"task"}
{"timestamp":"2025-07-29T20:03:54.711640Z","level":"info","event":" 'task': <Task(PythonOperator): python_principal>,","chan":"stdout","logger":"task"}
{"timestamp":"2025-07-29T20:03:54.711688Z","level":"info","event":" 'task_instance': RuntimeTaskInstance(id=UUID('019857c8-c7bd-7265-bf36-73793927020d'), task_id='python_principal', dag_id='3_DAG_principal', run_id='scheduled__2024-04-05T20:00:00+00:00', try_number=1, map_index=-1, hostname='bf6f1e7a6f11', context_carrier={}, task=<Task(PythonOperator): python_principal>, bundle_instance=LocalDagBundle(name=dags-folder), max_tries=0, start_date=datetime.datetime(2025, 7, 29, 20, 3, 54, 131990, tzinfo=datetime.timezone.utc), end_date=None, state=<TaskInstanceState.RUNNING: 'running'>, is_mapped=False, rendered_map_index=None, log_url='http://localhost:8080/dags/3_DAG_principal/runs/scheduled__2024-04-05T20%3A00%3A00%2B00%3A00/tasks/python_principal?try_number=1'),","chan":"stdout","logger":"task"}
{"timestamp":"2025-07-29T20:03:54.711735Z","level":"info","event":" 'task_instance_key_str': '3_DAG_principal__python_principal__20240405',","chan":"stdout","logger":"task"}
{"timestamp":"2025-07-29T20:03:54.711790Z","level":"info","event":" 'task_reschedule_count': 0,","chan":"stdout","logger":"task"}
{"timestamp":"2025-07-29T20:03:54.711857Z","level":"info","event":" 'templates_dict': None,","chan":"stdout","logger":"task"}
{"timestamp":"2025-07-29T20:03:54.711925Z","level":"info","event":" 'ti': RuntimeTaskInstance(id=UUID('019857c8-c7bd-7265-bf36-73793927020d'), task_id='python_principal', dag_id='3_DAG_principal', run_id='scheduled__2024-04-05T20:00:00+00:00', try_number=1, map_index=-1, hostname='bf6f1e7a6f11', context_carrier={}, task=<Task(PythonOperator): python_principal>, bundle_instance=LocalDagBundle(name=dags-folder), max_tries=0, start_date=datetime.datetime(2025, 7, 29, 20, 3, 54, 131990, tzinfo=datetime.timezone.utc), end_date=None, state=<TaskInstanceState.RUNNING: 'running'>, is_mapped=False, rendered_map_index=None, log_url='http://localhost:8080/dags/3_DAG_principal/runs/scheduled__2024-04-05T20%3A00%3A00%2B00%3A00/tasks/python_principal?try_number=1'),","chan":"stdout","logger":"task"}
{"timestamp":"2025-07-29T20:03:54.711997Z","level":"info","event":" 'triggering_asset_events': TriggeringAssetEventsAccessor(_events=defaultdict(<class 'list'>, {})),","chan":"stdout","logger":"task"}
{"timestamp":"2025-07-29T20:03:54.712067Z","level":"info","event":" 'ts': '2024-04-05T20:00:00+00:00',","chan":"stdout","logger":"task"}
{"timestamp":"2025-07-29T20:03:54.712132Z","level":"info","event":" 'ts_nodash': '20240405T200000',","chan":"stdout","logger":"task"}
{"timestamp":"2025-07-29T20:03:54.712201Z","level":"info","event":" 'ts_nodash_with_tz': '20240405T200000+0000',","chan":"stdout","logger":"task"}
{"timestamp":"2025-07-29T20:03:54.712270Z","level":"info","event":" 'var': {'json': <VariableAccessor (dynamic access)>,","chan":"stdout","logger":"task"}
{"timestamp":"2025-07-29T20:03:54.712366Z","level":"info","event":"         'value': <VariableAccessor (dynamic access)>}}","chan":"stdout","logger":"task"}
{"timestamp":"2025-07-29T20:03:54.711350","level":"info","event":"Done. Returned value was: principal","logger":"airflow.task.operators.airflow.providers.standard.operators.python.PythonOperator"}
{"timestamp":"2025-07-29T20:03:54.711692","level":"info","event":"Pushing xcom","ti":"RuntimeTaskInstance(id=UUID('019857c8-c7bd-7265-bf36-73793927020d'), task_id='python_principal', dag_id='3_DAG_principal', run_id='scheduled__2024-04-05T20:00:00+00:00', try_number=1, map_index=-1, hostname='bf6f1e7a6f11', context_carrier={}, task=<Task(PythonOperator): python_principal>, bundle_instance=LocalDagBundle(name=dags-folder), max_tries=0, start_date=datetime.datetime(2025, 7, 29, 20, 3, 54, 131990, tzinfo=datetime.timezone.utc), end_date=None, state=<TaskInstanceState.RUNNING: 'running'>, is_mapped=False, rendered_map_index=None, log_url='http://localhost:8080/dags/3_DAG_principal/runs/scheduled__2024-04-05T20%3A00%3A00%2B00%3A00/tasks/python_principal?try_number=1')","logger":"task"}
{"timestamp":"2025-07-29T20:03:54.741161Z","level":"info","event":"Task instance in success state","chan":"stdout","logger":"task"}
{"timestamp":"2025-07-29T20:03:54.741349Z","level":"info","event":" Previous state of the Task instance: TaskInstanceState.RUNNING","chan":"stdout","logger":"task"}
{"timestamp":"2025-07-29T20:03:54.741538Z","level":"info","event":"Task operator:<Task(PythonOperator): python_principal>","chan":"stdout","logger":"task"}
