{"timestamp":"2025-07-29T20:03:55.179489","level":"info","event":"DAG bundles loaded: dags-folder, example_dags","logger":"airflow.dag_processing.bundles.manager.DagBundlesManager"}
{"timestamp":"2025-07-29T20:03:55.180449","level":"info","event":"Filling up the DagBag from /opt/airflow/dags/2_python_operator_v1.py","logger":"airflow.models.dagbag.DagBag"}
{"timestamp":"2025-07-29T20:03:55.227345Z","level":"info","event":"Task instance is in running state","chan":"stdout","logger":"task"}
{"timestamp":"2025-07-29T20:03:55.227544Z","level":"info","event":" Previous state of the Task instance: TaskInstanceState.QUEUED","chan":"stdout","logger":"task"}
{"timestamp":"2025-07-29T20:03:55.227710Z","level":"info","event":"Current task name:python","chan":"stdout","logger":"task"}
{"timestamp":"2025-07-29T20:03:55.227819Z","level":"info","event":"Dag name:python_operator_v1","chan":"stdout","logger":"task"}
{"timestamp":"2025-07-29T20:03:55.230277Z","level":"info","event":"poliana","chan":"stdout","logger":"task"}
{"timestamp":"2025-07-29T20:03:55.231255Z","level":"info","event":"{'conn': <ConnectionAccessor (dynamic access)>,","chan":"stdout","logger":"task"}
{"timestamp":"2025-07-29T20:03:55.231452Z","level":"info","event":" 'dag': <DAG: python_operator_v1>,","chan":"stdout","logger":"task"}
{"timestamp":"2025-07-29T20:03:55.231671Z","level":"info","event":" 'dag_run': DagRun(dag_id='python_operator_v1', run_id='scheduled__2023-06-24T17:57:00+00:00', logical_date=datetime.datetime(2023, 6, 24, 17, 57, tzinfo=datetime.timezone.utc), data_interval_start=datetime.datetime(2023, 6, 24, 17, 57, tzinfo=datetime.timezone.utc), data_interval_end=datetime.datetime(2023, 6, 24, 17, 57, tzinfo=datetime.timezone.utc), run_after=datetime.datetime(2023, 6, 24, 17, 57, tzinfo=datetime.timezone.utc), start_date=datetime.datetime(2025, 7, 29, 20, 3, 54, 176401, tzinfo=datetime.timezone.utc), end_date=None, clear_number=0, run_type=<DagRunType.SCHEDULED: 'scheduled'>, conf={}, consumed_asset_events=[]),","chan":"stdout","logger":"task"}
{"timestamp":"2025-07-29T20:03:55.231791Z","level":"info","event":" 'data_interval_end': DateTime(2023, 6, 24, 17, 57, 0, tzinfo=Timezone('UTC')),","chan":"stdout","logger":"task"}
{"timestamp":"2025-07-29T20:03:55.231878Z","level":"info","event":" 'data_interval_start': DateTime(2023, 6, 24, 17, 57, 0, tzinfo=Timezone('UTC')),","chan":"stdout","logger":"task"}
{"timestamp":"2025-07-29T20:03:55.231984Z","level":"info","event":" 'ds': '2023-06-24',","chan":"stdout","logger":"task"}
{"timestamp":"2025-07-29T20:03:55.232066Z","level":"info","event":" 'ds_nodash': '20230624',","chan":"stdout","logger":"task"}
{"timestamp":"2025-07-29T20:03:55.232139Z","level":"info","event":" 'inlet_events': InletEventsAccessors(_inlets=[], _assets={}, _asset_aliases={}),","chan":"stdout","logger":"task"}
{"timestamp":"2025-07-29T20:03:55.232209Z","level":"info","event":" 'inlets': [],","chan":"stdout","logger":"task"}
{"timestamp":"2025-07-29T20:03:55.232279Z","level":"info","event":" 'logical_date': DateTime(2023, 6, 24, 17, 57, 0, tzinfo=Timezone('UTC')),","chan":"stdout","logger":"task"}
{"timestamp":"2025-07-29T20:03:55.232349Z","level":"info","event":" 'macros': <MacrosAccessor (dynamic access to macros)>,","chan":"stdout","logger":"task"}
{"timestamp":"2025-07-29T20:03:55.232425Z","level":"info","event":" 'map_index_template': None,","chan":"stdout","logger":"task"}
{"timestamp":"2025-07-29T20:03:55.232496Z","level":"info","event":" 'outlet_events': <airflow.sdk.execution_time.context.OutletEventAccessors object at 0x7fb67bc7fa70>,","chan":"stdout","logger":"task"}
{"timestamp":"2025-07-29T20:03:55.232564Z","level":"info","event":" 'outlets': [],","chan":"stdout","logger":"task"}
{"timestamp":"2025-07-29T20:03:55.232630Z","level":"info","event":" 'params': {},","chan":"stdout","logger":"task"}
{"timestamp":"2025-07-29T20:03:55.249441Z","level":"info","event":" 'prev_data_interval_end_success': <Proxy at 0x7fb66fc82e40 with factory <function RuntimeTaskInstance.get_template_context.<locals>.<lambda> at 0x7fb66fc9af20>>,","chan":"stdout","logger":"task"}
{"timestamp":"2025-07-29T20:03:55.249781Z","level":"info","event":" 'prev_data_interval_start_success': <Proxy at 0x7fb66fc82090 with factory <function RuntimeTaskInstance.get_template_context.<locals>.<lambda> at 0x7fb66fc9bf60>>,","chan":"stdout","logger":"task"}
{"timestamp":"2025-07-29T20:03:55.249919Z","level":"info","event":" 'prev_end_date_success': <Proxy at 0x7fb66fc818e0 with factory <function RuntimeTaskInstance.get_template_context.<locals>.<lambda> at 0x7fb66fc9a8e0>>,","chan":"stdout","logger":"task"}
{"timestamp":"2025-07-29T20:03:55.250004Z","level":"info","event":" 'prev_start_date_success': <Proxy at 0x7fb66fc83380 with factory <function RuntimeTaskInstance.get_template_context.<locals>.<lambda> at 0x7fb66fc9ade0>>,","chan":"stdout","logger":"task"}
{"timestamp":"2025-07-29T20:03:55.250079Z","level":"info","event":" 'run_id': 'scheduled__2023-06-24T17:57:00+00:00',","chan":"stdout","logger":"task"}
{"timestamp":"2025-07-29T20:03:55.250151Z","level":"info","event":" 'task': <Task(PythonOperator): python>,","chan":"stdout","logger":"task"}
{"timestamp":"2025-07-29T20:03:55.250220Z","level":"info","event":" 'task_instance': RuntimeTaskInstance(id=UUID('019857c8-ccb2-7b4d-bd3c-0a3657f81367'), task_id='python', dag_id='python_operator_v1', run_id='scheduled__2023-06-24T17:57:00+00:00', try_number=1, map_index=-1, hostname='bf6f1e7a6f11', context_carrier={}, task=<Task(PythonOperator): python>, bundle_instance=LocalDagBundle(name=dags-folder), max_tries=0, start_date=datetime.datetime(2025, 7, 29, 20, 3, 54, 576586, tzinfo=datetime.timezone.utc), end_date=None, state=<TaskInstanceState.RUNNING: 'running'>, is_mapped=False, rendered_map_index=None, log_url='http://localhost:8080/dags/python_operator_v1/runs/scheduled__2023-06-24T17%3A57%3A00%2B00%3A00/tasks/python?try_number=1'),","chan":"stdout","logger":"task"}
{"timestamp":"2025-07-29T20:03:55.250294Z","level":"info","event":" 'task_instance_key_str': 'python_operator_v1__python__20230624',","chan":"stdout","logger":"task"}
{"timestamp":"2025-07-29T20:03:55.250369Z","level":"info","event":" 'task_reschedule_count': 0,","chan":"stdout","logger":"task"}
{"timestamp":"2025-07-29T20:03:55.250445Z","level":"info","event":" 'templates_dict': None,","chan":"stdout","logger":"task"}
{"timestamp":"2025-07-29T20:03:55.250516Z","level":"info","event":" 'ti': RuntimeTaskInstance(id=UUID('019857c8-ccb2-7b4d-bd3c-0a3657f81367'), task_id='python', dag_id='python_operator_v1', run_id='scheduled__2023-06-24T17:57:00+00:00', try_number=1, map_index=-1, hostname='bf6f1e7a6f11', context_carrier={}, task=<Task(PythonOperator): python>, bundle_instance=LocalDagBundle(name=dags-folder), max_tries=0, start_date=datetime.datetime(2025, 7, 29, 20, 3, 54, 576586, tzinfo=datetime.timezone.utc), end_date=None, state=<TaskInstanceState.RUNNING: 'running'>, is_mapped=False, rendered_map_index=None, log_url='http://localhost:8080/dags/python_operator_v1/runs/scheduled__2023-06-24T17%3A57%3A00%2B00%3A00/tasks/python?try_number=1'),","chan":"stdout","logger":"task"}
{"timestamp":"2025-07-29T20:03:55.250645Z","level":"info","event":" 'triggering_asset_events': TriggeringAssetEventsAccessor(_events=defaultdict(<class 'list'>, {})),","chan":"stdout","logger":"task"}
{"timestamp":"2025-07-29T20:03:55.250742Z","level":"info","event":" 'ts': '2023-06-24T17:57:00+00:00',","chan":"stdout","logger":"task"}
{"timestamp":"2025-07-29T20:03:55.250823Z","level":"info","event":" 'ts_nodash': '20230624T175700',","chan":"stdout","logger":"task"}
{"timestamp":"2025-07-29T20:03:55.250909Z","level":"info","event":" 'ts_nodash_with_tz': '20230624T175700+0000',","chan":"stdout","logger":"task"}
{"timestamp":"2025-07-29T20:03:55.251005Z","level":"info","event":" 'var': {'json': <VariableAccessor (dynamic access)>,","chan":"stdout","logger":"task"}
{"timestamp":"2025-07-29T20:03:55.251090Z","level":"info","event":"         'value': <VariableAccessor (dynamic access)>}}","chan":"stdout","logger":"task"}
{"timestamp":"2025-07-29T20:03:55.250541","level":"info","event":"Done. Returned value was: 123","logger":"airflow.task.operators.airflow.providers.standard.operators.python.PythonOperator"}
{"timestamp":"2025-07-29T20:03:55.250799","level":"info","event":"Pushing xcom","ti":"RuntimeTaskInstance(id=UUID('019857c8-ccb2-7b4d-bd3c-0a3657f81367'), task_id='python', dag_id='python_operator_v1', run_id='scheduled__2023-06-24T17:57:00+00:00', try_number=1, map_index=-1, hostname='bf6f1e7a6f11', context_carrier={}, task=<Task(PythonOperator): python>, bundle_instance=LocalDagBundle(name=dags-folder), max_tries=0, start_date=datetime.datetime(2025, 7, 29, 20, 3, 54, 576586, tzinfo=datetime.timezone.utc), end_date=None, state=<TaskInstanceState.RUNNING: 'running'>, is_mapped=False, rendered_map_index=None, log_url='http://localhost:8080/dags/python_operator_v1/runs/scheduled__2023-06-24T17%3A57%3A00%2B00%3A00/tasks/python?try_number=1')","logger":"task"}
{"timestamp":"2025-07-29T20:03:55.282256Z","level":"info","event":"Task instance in success state","chan":"stdout","logger":"task"}
{"timestamp":"2025-07-29T20:03:55.282724Z","level":"info","event":" Previous state of the Task instance: TaskInstanceState.RUNNING","chan":"stdout","logger":"task"}
{"timestamp":"2025-07-29T20:03:55.283208Z","level":"info","event":"Task operator:<Task(PythonOperator): python>","chan":"stdout","logger":"task"}
