{"timestamp":"2025-07-29T19:40:52.835684","level":"info","event":"DAG bundles loaded: dags-folder, example_dags","logger":"airflow.dag_processing.bundles.manager.DagBundlesManager"}
{"timestamp":"2025-07-29T19:40:52.836571","level":"info","event":"Filling up the DagBag from /opt/airflow/dags/python_operator_v1.py","logger":"airflow.models.dagbag.DagBag"}
{"timestamp":"2025-07-29T19:40:52.869587Z","level":"info","event":"Task instance is in running state","chan":"stdout","logger":"task"}
{"timestamp":"2025-07-29T19:40:52.869768Z","level":"info","event":" Previous state of the Task instance: TaskInstanceState.QUEUED","chan":"stdout","logger":"task"}
{"timestamp":"2025-07-29T19:40:52.870693Z","level":"info","event":"Current task name:python","chan":"stdout","logger":"task"}
{"timestamp":"2025-07-29T19:40:52.870858Z","level":"info","event":"Dag name:python_operator_v1","chan":"stdout","logger":"task"}
{"timestamp":"2025-07-29T19:40:52.872339Z","level":"info","event":"poliana","chan":"stdout","logger":"task"}
{"timestamp":"2025-07-29T19:40:52.873371Z","level":"info","event":"{'conn': <ConnectionAccessor (dynamic access)>,","chan":"stdout","logger":"task"}
{"timestamp":"2025-07-29T19:40:52.873549Z","level":"info","event":" 'dag': <DAG: python_operator_v1>,","chan":"stdout","logger":"task"}
{"timestamp":"2025-07-29T19:40:52.873631Z","level":"info","event":" 'dag_run': DagRun(dag_id='python_operator_v1', run_id='scheduled__2023-06-23T18:03:00+00:00', logical_date=datetime.datetime(2023, 6, 23, 18, 3, tzinfo=datetime.timezone.utc), data_interval_start=datetime.datetime(2023, 6, 23, 18, 3, tzinfo=datetime.timezone.utc), data_interval_end=datetime.datetime(2023, 6, 23, 18, 3, tzinfo=datetime.timezone.utc), run_after=datetime.datetime(2023, 6, 23, 18, 3, tzinfo=datetime.timezone.utc), start_date=datetime.datetime(2025, 7, 29, 19, 40, 51, 892683, tzinfo=datetime.timezone.utc), end_date=None, clear_number=0, run_type=<DagRunType.SCHEDULED: 'scheduled'>, conf={}, consumed_asset_events=[]),","chan":"stdout","logger":"task"}
{"timestamp":"2025-07-29T19:40:52.873692Z","level":"info","event":" 'data_interval_end': DateTime(2023, 6, 23, 18, 3, 0, tzinfo=Timezone('UTC')),","chan":"stdout","logger":"task"}
{"timestamp":"2025-07-29T19:40:52.873739Z","level":"info","event":" 'data_interval_start': DateTime(2023, 6, 23, 18, 3, 0, tzinfo=Timezone('UTC')),","chan":"stdout","logger":"task"}
{"timestamp":"2025-07-29T19:40:52.873784Z","level":"info","event":" 'ds': '2023-06-23',","chan":"stdout","logger":"task"}
{"timestamp":"2025-07-29T19:40:52.873828Z","level":"info","event":" 'ds_nodash': '20230623',","chan":"stdout","logger":"task"}
{"timestamp":"2025-07-29T19:40:52.873898Z","level":"info","event":" 'inlet_events': InletEventsAccessors(_inlets=[], _assets={}, _asset_aliases={}),","chan":"stdout","logger":"task"}
{"timestamp":"2025-07-29T19:40:52.873945Z","level":"info","event":" 'inlets': [],","chan":"stdout","logger":"task"}
{"timestamp":"2025-07-29T19:40:52.873987Z","level":"info","event":" 'logical_date': DateTime(2023, 6, 23, 18, 3, 0, tzinfo=Timezone('UTC')),","chan":"stdout","logger":"task"}
{"timestamp":"2025-07-29T19:40:52.874028Z","level":"info","event":" 'macros': <MacrosAccessor (dynamic access to macros)>,","chan":"stdout","logger":"task"}
{"timestamp":"2025-07-29T19:40:52.874069Z","level":"info","event":" 'map_index_template': None,","chan":"stdout","logger":"task"}
{"timestamp":"2025-07-29T19:40:52.874110Z","level":"info","event":" 'outlet_events': <airflow.sdk.execution_time.context.OutletEventAccessors object at 0x7fb677ab7a70>,","chan":"stdout","logger":"task"}
{"timestamp":"2025-07-29T19:40:52.874151Z","level":"info","event":" 'outlets': [],","chan":"stdout","logger":"task"}
{"timestamp":"2025-07-29T19:40:52.874225Z","level":"info","event":" 'params': {},","chan":"stdout","logger":"task"}
{"timestamp":"2025-07-29T19:40:52.884574Z","level":"info","event":" 'prev_data_interval_end_success': <Proxy at 0x7fb66fc648c0 with factory <function RuntimeTaskInstance.get_template_context.<locals>.<lambda> at 0x7fb66fc74ae0>>,","chan":"stdout","logger":"task"}
{"timestamp":"2025-07-29T19:40:52.884781Z","level":"info","event":" 'prev_data_interval_start_success': <Proxy at 0x7fb66fc64950 with factory <function RuntimeTaskInstance.get_template_context.<locals>.<lambda> at 0x7fb66fc76200>>,","chan":"stdout","logger":"task"}
{"timestamp":"2025-07-29T19:40:52.884860Z","level":"info","event":" 'prev_end_date_success': <Proxy at 0x7fb66fc64bf0 with factory <function RuntimeTaskInstance.get_template_context.<locals>.<lambda> at 0x7fb66fc762a0>>,","chan":"stdout","logger":"task"}
{"timestamp":"2025-07-29T19:40:52.884922Z","level":"info","event":" 'prev_start_date_success': <Proxy at 0x7fb66fc64d70 with factory <function RuntimeTaskInstance.get_template_context.<locals>.<lambda> at 0x7fb66fc74fe0>>,","chan":"stdout","logger":"task"}
{"timestamp":"2025-07-29T19:40:52.884969Z","level":"info","event":" 'run_id': 'scheduled__2023-06-23T18:03:00+00:00',","chan":"stdout","logger":"task"}
{"timestamp":"2025-07-29T19:40:52.885013Z","level":"info","event":" 'task': <Task(PythonOperator): python>,","chan":"stdout","logger":"task"}
{"timestamp":"2025-07-29T19:40:52.885095Z","level":"info","event":" 'task_instance': RuntimeTaskInstance(id=UUID('019857b3-b52b-70fc-ab0f-8c185b6a553e'), task_id='python', dag_id='python_operator_v1', run_id='scheduled__2023-06-23T18:03:00+00:00', try_number=1, map_index=-1, hostname='bf6f1e7a6f11', context_carrier={}, task=<Task(PythonOperator): python>, bundle_instance=LocalDagBundle(name=dags-folder), max_tries=0, start_date=datetime.datetime(2025, 7, 29, 19, 40, 52, 176870, tzinfo=datetime.timezone.utc), end_date=None, state=<TaskInstanceState.RUNNING: 'running'>, is_mapped=False, rendered_map_index=None, log_url='http://localhost:8080/dags/python_operator_v1/runs/scheduled__2023-06-23T18%3A03%3A00%2B00%3A00/tasks/python?try_number=1'),","chan":"stdout","logger":"task"}
{"timestamp":"2025-07-29T19:40:52.885150Z","level":"info","event":" 'task_instance_key_str': 'python_operator_v1__python__20230623',","chan":"stdout","logger":"task"}
{"timestamp":"2025-07-29T19:40:52.885211Z","level":"info","event":" 'task_reschedule_count': 0,","chan":"stdout","logger":"task"}
{"timestamp":"2025-07-29T19:40:52.885287Z","level":"info","event":" 'templates_dict': None,","chan":"stdout","logger":"task"}
{"timestamp":"2025-07-29T19:40:52.885365Z","level":"info","event":" 'ti': RuntimeTaskInstance(id=UUID('019857b3-b52b-70fc-ab0f-8c185b6a553e'), task_id='python', dag_id='python_operator_v1', run_id='scheduled__2023-06-23T18:03:00+00:00', try_number=1, map_index=-1, hostname='bf6f1e7a6f11', context_carrier={}, task=<Task(PythonOperator): python>, bundle_instance=LocalDagBundle(name=dags-folder), max_tries=0, start_date=datetime.datetime(2025, 7, 29, 19, 40, 52, 176870, tzinfo=datetime.timezone.utc), end_date=None, state=<TaskInstanceState.RUNNING: 'running'>, is_mapped=False, rendered_map_index=None, log_url='http://localhost:8080/dags/python_operator_v1/runs/scheduled__2023-06-23T18%3A03%3A00%2B00%3A00/tasks/python?try_number=1'),","chan":"stdout","logger":"task"}
{"timestamp":"2025-07-29T19:40:52.885445Z","level":"info","event":" 'triggering_asset_events': TriggeringAssetEventsAccessor(_events=defaultdict(<class 'list'>, {})),","chan":"stdout","logger":"task"}
{"timestamp":"2025-07-29T19:40:52.885520Z","level":"info","event":" 'ts': '2023-06-23T18:03:00+00:00',","chan":"stdout","logger":"task"}
{"timestamp":"2025-07-29T19:40:52.885592Z","level":"info","event":" 'ts_nodash': '20230623T180300',","chan":"stdout","logger":"task"}
{"timestamp":"2025-07-29T19:40:52.885664Z","level":"info","event":" 'ts_nodash_with_tz': '20230623T180300+0000',","chan":"stdout","logger":"task"}
{"timestamp":"2025-07-29T19:40:52.885738Z","level":"info","event":" 'var': {'json': <VariableAccessor (dynamic access)>,","chan":"stdout","logger":"task"}
{"timestamp":"2025-07-29T19:40:52.885813Z","level":"info","event":"         'value': <VariableAccessor (dynamic access)>}}","chan":"stdout","logger":"task"}
{"timestamp":"2025-07-29T19:40:52.885627","level":"info","event":"Done. Returned value was: 123","logger":"airflow.task.operators.airflow.providers.standard.operators.python.PythonOperator"}
{"timestamp":"2025-07-29T19:40:52.885896","level":"info","event":"Pushing xcom","ti":"RuntimeTaskInstance(id=UUID('019857b3-b52b-70fc-ab0f-8c185b6a553e'), task_id='python', dag_id='python_operator_v1', run_id='scheduled__2023-06-23T18:03:00+00:00', try_number=1, map_index=-1, hostname='bf6f1e7a6f11', context_carrier={}, task=<Task(PythonOperator): python>, bundle_instance=LocalDagBundle(name=dags-folder), max_tries=0, start_date=datetime.datetime(2025, 7, 29, 19, 40, 52, 176870, tzinfo=datetime.timezone.utc), end_date=None, state=<TaskInstanceState.RUNNING: 'running'>, is_mapped=False, rendered_map_index=None, log_url='http://localhost:8080/dags/python_operator_v1/runs/scheduled__2023-06-23T18%3A03%3A00%2B00%3A00/tasks/python?try_number=1')","logger":"task"}
{"timestamp":"2025-07-29T19:40:52.917806Z","level":"info","event":"Task instance in success state","chan":"stdout","logger":"task"}
{"timestamp":"2025-07-29T19:40:52.918121Z","level":"info","event":" Previous state of the Task instance: TaskInstanceState.RUNNING","chan":"stdout","logger":"task"}
{"timestamp":"2025-07-29T19:40:52.918373Z","level":"info","event":"Task operator:<Task(PythonOperator): python>","chan":"stdout","logger":"task"}
