{"timestamp":"2025-07-29T19:56:30.318416","level":"info","event":"DAG bundles loaded: dags-folder, example_dags","logger":"airflow.dag_processing.bundles.manager.DagBundlesManager"}
{"timestamp":"2025-07-29T19:56:30.319279","level":"info","event":"Filling up the DagBag from /opt/airflow/dags/2_python_operator_v1.py","logger":"airflow.models.dagbag.DagBag"}
{"timestamp":"2025-07-29T19:56:30.358215Z","level":"info","event":"Task instance is in running state","chan":"stdout","logger":"task"}
{"timestamp":"2025-07-29T19:56:30.358506Z","level":"info","event":" Previous state of the Task instance: TaskInstanceState.QUEUED","chan":"stdout","logger":"task"}
{"timestamp":"2025-07-29T19:56:30.359850Z","level":"info","event":"Current task name:python","chan":"stdout","logger":"task"}
{"timestamp":"2025-07-29T19:56:30.360159Z","level":"info","event":"Dag name:python_operator_v1","chan":"stdout","logger":"task"}
{"timestamp":"2025-07-29T19:56:30.362716Z","level":"info","event":"poliana","chan":"stdout","logger":"task"}
{"timestamp":"2025-07-29T19:56:30.363811Z","level":"info","event":"{'conn': <ConnectionAccessor (dynamic access)>,","chan":"stdout","logger":"task"}
{"timestamp":"2025-07-29T19:56:30.364058Z","level":"info","event":" 'dag': <DAG: python_operator_v1>,","chan":"stdout","logger":"task"}
{"timestamp":"2025-07-29T19:56:30.364274Z","level":"info","event":" 'dag_run': DagRun(dag_id='python_operator_v1', run_id='scheduled__2023-06-24T10:51:00+00:00', logical_date=datetime.datetime(2023, 6, 24, 10, 51, tzinfo=datetime.timezone.utc), data_interval_start=datetime.datetime(2023, 6, 24, 10, 51, tzinfo=datetime.timezone.utc), data_interval_end=datetime.datetime(2023, 6, 24, 10, 51, tzinfo=datetime.timezone.utc), run_after=datetime.datetime(2023, 6, 24, 10, 51, tzinfo=datetime.timezone.utc), start_date=datetime.datetime(2025, 7, 29, 19, 56, 29, 499146, tzinfo=datetime.timezone.utc), end_date=None, clear_number=0, run_type=<DagRunType.SCHEDULED: 'scheduled'>, conf={}, consumed_asset_events=[]),","chan":"stdout","logger":"task"}
{"timestamp":"2025-07-29T19:56:30.364399Z","level":"info","event":" 'data_interval_end': DateTime(2023, 6, 24, 10, 51, 0, tzinfo=Timezone('UTC')),","chan":"stdout","logger":"task"}
{"timestamp":"2025-07-29T19:56:30.364484Z","level":"info","event":" 'data_interval_start': DateTime(2023, 6, 24, 10, 51, 0, tzinfo=Timezone('UTC')),","chan":"stdout","logger":"task"}
{"timestamp":"2025-07-29T19:56:30.364553Z","level":"info","event":" 'ds': '2023-06-24',","chan":"stdout","logger":"task"}
{"timestamp":"2025-07-29T19:56:30.364618Z","level":"info","event":" 'ds_nodash': '20230624',","chan":"stdout","logger":"task"}
{"timestamp":"2025-07-29T19:56:30.364680Z","level":"info","event":" 'inlet_events': InletEventsAccessors(_inlets=[], _assets={}, _asset_aliases={}),","chan":"stdout","logger":"task"}
{"timestamp":"2025-07-29T19:56:30.364742Z","level":"info","event":" 'inlets': [],","chan":"stdout","logger":"task"}
{"timestamp":"2025-07-29T19:56:30.364805Z","level":"info","event":" 'logical_date': DateTime(2023, 6, 24, 10, 51, 0, tzinfo=Timezone('UTC')),","chan":"stdout","logger":"task"}
{"timestamp":"2025-07-29T19:56:30.364867Z","level":"info","event":" 'macros': <MacrosAccessor (dynamic access to macros)>,","chan":"stdout","logger":"task"}
{"timestamp":"2025-07-29T19:56:30.364929Z","level":"info","event":" 'map_index_template': None,","chan":"stdout","logger":"task"}
{"timestamp":"2025-07-29T19:56:30.365027Z","level":"info","event":" 'outlet_events': <airflow.sdk.execution_time.context.OutletEventAccessors object at 0x7fb66fee49e0>,","chan":"stdout","logger":"task"}
{"timestamp":"2025-07-29T19:56:30.365100Z","level":"info","event":" 'outlets': [],","chan":"stdout","logger":"task"}
{"timestamp":"2025-07-29T19:56:30.365162Z","level":"info","event":" 'params': {},","chan":"stdout","logger":"task"}
{"timestamp":"2025-07-29T19:56:30.389729Z","level":"info","event":" 'prev_data_interval_end_success': <Proxy at 0x7fb66fde7290 with factory <function RuntimeTaskInstance.get_template_context.<locals>.<lambda> at 0x7fb66fc24b80>>,","chan":"stdout","logger":"task"}
{"timestamp":"2025-07-29T19:56:30.390419Z","level":"info","event":" 'prev_data_interval_start_success': <Proxy at 0x7fb67eba4ef0 with factory <function RuntimeTaskInstance.get_template_context.<locals>.<lambda> at 0x7fb66fc139c0>>,","chan":"stdout","logger":"task"}
{"timestamp":"2025-07-29T19:56:30.390602Z","level":"info","event":" 'prev_end_date_success': <Proxy at 0x7fb6785ec170 with factory <function RuntimeTaskInstance.get_template_context.<locals>.<lambda> at 0x7fb66fc13380>>,","chan":"stdout","logger":"task"}
{"timestamp":"2025-07-29T19:56:30.390711Z","level":"info","event":" 'prev_start_date_success': <Proxy at 0x7fb67bcc2720 with factory <function RuntimeTaskInstance.get_template_context.<locals>.<lambda> at 0x7fb66fc13880>>,","chan":"stdout","logger":"task"}
{"timestamp":"2025-07-29T19:56:30.390787Z","level":"info","event":" 'run_id': 'scheduled__2023-06-24T10:51:00+00:00',","chan":"stdout","logger":"task"}
{"timestamp":"2025-07-29T19:56:30.390901Z","level":"info","event":" 'task': <Task(PythonOperator): python>,","chan":"stdout","logger":"task"}
{"timestamp":"2025-07-29T19:56:30.390985Z","level":"info","event":" 'task_instance': RuntimeTaskInstance(id=UUID('019857c2-03b6-7d06-95c9-810096f88459'), task_id='python', dag_id='python_operator_v1', run_id='scheduled__2023-06-24T10:51:00+00:00', try_number=1, map_index=-1, hostname='bf6f1e7a6f11', context_carrier={}, task=<Task(PythonOperator): python>, bundle_instance=LocalDagBundle(name=dags-folder), max_tries=0, start_date=datetime.datetime(2025, 7, 29, 19, 56, 29, 683340, tzinfo=datetime.timezone.utc), end_date=None, state=<TaskInstanceState.RUNNING: 'running'>, is_mapped=False, rendered_map_index=None, log_url='http://localhost:8080/dags/python_operator_v1/runs/scheduled__2023-06-24T10%3A51%3A00%2B00%3A00/tasks/python?try_number=1'),","chan":"stdout","logger":"task"}
{"timestamp":"2025-07-29T19:56:30.391093Z","level":"info","event":" 'task_instance_key_str': 'python_operator_v1__python__20230624',","chan":"stdout","logger":"task"}
{"timestamp":"2025-07-29T19:56:30.391179Z","level":"info","event":" 'task_reschedule_count': 0,","chan":"stdout","logger":"task"}
{"timestamp":"2025-07-29T19:56:30.391255Z","level":"info","event":" 'templates_dict': None,","chan":"stdout","logger":"task"}
{"timestamp":"2025-07-29T19:56:30.391375Z","level":"info","event":" 'ti': RuntimeTaskInstance(id=UUID('019857c2-03b6-7d06-95c9-810096f88459'), task_id='python', dag_id='python_operator_v1', run_id='scheduled__2023-06-24T10:51:00+00:00', try_number=1, map_index=-1, hostname='bf6f1e7a6f11', context_carrier={}, task=<Task(PythonOperator): python>, bundle_instance=LocalDagBundle(name=dags-folder), max_tries=0, start_date=datetime.datetime(2025, 7, 29, 19, 56, 29, 683340, tzinfo=datetime.timezone.utc), end_date=None, state=<TaskInstanceState.RUNNING: 'running'>, is_mapped=False, rendered_map_index=None, log_url='http://localhost:8080/dags/python_operator_v1/runs/scheduled__2023-06-24T10%3A51%3A00%2B00%3A00/tasks/python?try_number=1'),","chan":"stdout","logger":"task"}
{"timestamp":"2025-07-29T19:56:30.391457Z","level":"info","event":" 'triggering_asset_events': TriggeringAssetEventsAccessor(_events=defaultdict(<class 'list'>, {})),","chan":"stdout","logger":"task"}
{"timestamp":"2025-07-29T19:56:30.391526Z","level":"info","event":" 'ts': '2023-06-24T10:51:00+00:00',","chan":"stdout","logger":"task"}
{"timestamp":"2025-07-29T19:56:30.391592Z","level":"info","event":" 'ts_nodash': '20230624T105100',","chan":"stdout","logger":"task"}
{"timestamp":"2025-07-29T19:56:30.391658Z","level":"info","event":" 'ts_nodash_with_tz': '20230624T105100+0000',","chan":"stdout","logger":"task"}
{"timestamp":"2025-07-29T19:56:30.391728Z","level":"info","event":" 'var': {'json': <VariableAccessor (dynamic access)>,","chan":"stdout","logger":"task"}
{"timestamp":"2025-07-29T19:56:30.391858Z","level":"info","event":"         'value': <VariableAccessor (dynamic access)>}}","chan":"stdout","logger":"task"}
{"timestamp":"2025-07-29T19:56:30.391190","level":"info","event":"Done. Returned value was: 123","logger":"airflow.task.operators.airflow.providers.standard.operators.python.PythonOperator"}
{"timestamp":"2025-07-29T19:56:30.391512","level":"info","event":"Pushing xcom","ti":"RuntimeTaskInstance(id=UUID('019857c2-03b6-7d06-95c9-810096f88459'), task_id='python', dag_id='python_operator_v1', run_id='scheduled__2023-06-24T10:51:00+00:00', try_number=1, map_index=-1, hostname='bf6f1e7a6f11', context_carrier={}, task=<Task(PythonOperator): python>, bundle_instance=LocalDagBundle(name=dags-folder), max_tries=0, start_date=datetime.datetime(2025, 7, 29, 19, 56, 29, 683340, tzinfo=datetime.timezone.utc), end_date=None, state=<TaskInstanceState.RUNNING: 'running'>, is_mapped=False, rendered_map_index=None, log_url='http://localhost:8080/dags/python_operator_v1/runs/scheduled__2023-06-24T10%3A51%3A00%2B00%3A00/tasks/python?try_number=1')","logger":"task"}
{"timestamp":"2025-07-29T19:56:30.430038Z","level":"info","event":"Task instance in success state","chan":"stdout","logger":"task"}
{"timestamp":"2025-07-29T19:56:30.430263Z","level":"info","event":" Previous state of the Task instance: TaskInstanceState.RUNNING","chan":"stdout","logger":"task"}
{"timestamp":"2025-07-29T19:56:30.430429Z","level":"info","event":"Task operator:<Task(PythonOperator): python>","chan":"stdout","logger":"task"}
