{"timestamp":"2025-07-29T19:33:39.816776","level":"info","event":"DAG bundles loaded: dags-folder, example_dags","logger":"airflow.dag_processing.bundles.manager.DagBundlesManager"}
{"timestamp":"2025-07-29T19:33:39.817313","level":"info","event":"Filling up the DagBag from /opt/airflow/dags/python_operator_v1.py","logger":"airflow.models.dagbag.DagBag"}
{"timestamp":"2025-07-29T19:33:39.838661Z","level":"info","event":"Task instance is in running state","chan":"stdout","logger":"task"}
{"timestamp":"2025-07-29T19:33:39.838789Z","level":"info","event":" Previous state of the Task instance: TaskInstanceState.QUEUED","chan":"stdout","logger":"task"}
{"timestamp":"2025-07-29T19:33:39.838878Z","level":"info","event":"Current task name:python","chan":"stdout","logger":"task"}
{"timestamp":"2025-07-29T19:33:39.838930Z","level":"info","event":"Dag name:python_operator_v1","chan":"stdout","logger":"task"}
{"timestamp":"2025-07-29T19:33:39.840245Z","level":"info","event":"poliana","chan":"stdout","logger":"task"}
{"timestamp":"2025-07-29T19:33:39.840843Z","level":"info","event":"{'conn': <ConnectionAccessor (dynamic access)>,","chan":"stdout","logger":"task"}
{"timestamp":"2025-07-29T19:33:39.840940Z","level":"info","event":" 'dag': <DAG: python_operator_v1>,","chan":"stdout","logger":"task"}
{"timestamp":"2025-07-29T19:33:39.841003Z","level":"info","event":" 'dag_run': DagRun(dag_id='python_operator_v1', run_id='scheduled__2023-06-23T10:17:00+00:00', logical_date=datetime.datetime(2023, 6, 23, 10, 17, tzinfo=datetime.timezone.utc), data_interval_start=datetime.datetime(2023, 6, 23, 10, 17, tzinfo=datetime.timezone.utc), data_interval_end=datetime.datetime(2023, 6, 23, 10, 17, tzinfo=datetime.timezone.utc), run_after=datetime.datetime(2023, 6, 23, 10, 17, tzinfo=datetime.timezone.utc), start_date=datetime.datetime(2025, 7, 29, 19, 33, 39, 46548, tzinfo=datetime.timezone.utc), end_date=None, clear_number=0, run_type=<DagRunType.SCHEDULED: 'scheduled'>, conf={}, consumed_asset_events=[]),","chan":"stdout","logger":"task"}
{"timestamp":"2025-07-29T19:33:39.841084Z","level":"info","event":" 'data_interval_end': DateTime(2023, 6, 23, 10, 17, 0, tzinfo=Timezone('UTC')),","chan":"stdout","logger":"task"}
{"timestamp":"2025-07-29T19:33:39.841135Z","level":"info","event":" 'data_interval_start': DateTime(2023, 6, 23, 10, 17, 0, tzinfo=Timezone('UTC')),","chan":"stdout","logger":"task"}
{"timestamp":"2025-07-29T19:33:39.841179Z","level":"info","event":" 'ds': '2023-06-23',","chan":"stdout","logger":"task"}
{"timestamp":"2025-07-29T19:33:39.841223Z","level":"info","event":" 'ds_nodash': '20230623',","chan":"stdout","logger":"task"}
{"timestamp":"2025-07-29T19:33:39.841265Z","level":"info","event":" 'inlet_events': InletEventsAccessors(_inlets=[], _assets={}, _asset_aliases={}),","chan":"stdout","logger":"task"}
{"timestamp":"2025-07-29T19:33:39.841306Z","level":"info","event":" 'inlets': [],","chan":"stdout","logger":"task"}
{"timestamp":"2025-07-29T19:33:39.841346Z","level":"info","event":" 'logical_date': DateTime(2023, 6, 23, 10, 17, 0, tzinfo=Timezone('UTC')),","chan":"stdout","logger":"task"}
{"timestamp":"2025-07-29T19:33:39.841386Z","level":"info","event":" 'macros': <MacrosAccessor (dynamic access to macros)>,","chan":"stdout","logger":"task"}
{"timestamp":"2025-07-29T19:33:39.841429Z","level":"info","event":" 'map_index_template': None,","chan":"stdout","logger":"task"}
{"timestamp":"2025-07-29T19:33:39.841470Z","level":"info","event":" 'outlet_events': <airflow.sdk.execution_time.context.OutletEventAccessors object at 0x7fb66fc44d10>,","chan":"stdout","logger":"task"}
{"timestamp":"2025-07-29T19:33:39.841510Z","level":"info","event":" 'outlets': [],","chan":"stdout","logger":"task"}
{"timestamp":"2025-07-29T19:33:39.841551Z","level":"info","event":" 'params': {},","chan":"stdout","logger":"task"}
{"timestamp":"2025-07-29T19:33:39.849698Z","level":"info","event":" 'prev_data_interval_end_success': <Proxy at 0x7fb66fc79e20 with factory <function RuntimeTaskInstance.get_template_context.<locals>.<lambda> at 0x7fb66fca0ae0>>,","chan":"stdout","logger":"task"}
{"timestamp":"2025-07-29T19:33:39.849903Z","level":"info","event":" 'prev_data_interval_start_success': <Proxy at 0x7fb66fc7ac90 with factory <function RuntimeTaskInstance.get_template_context.<locals>.<lambda> at 0x7fb66fc8f920>>,","chan":"stdout","logger":"task"}
{"timestamp":"2025-07-29T19:33:39.850013Z","level":"info","event":" 'prev_end_date_success': <Proxy at 0x7fb67e397e30 with factory <function RuntimeTaskInstance.get_template_context.<locals>.<lambda> at 0x7fb66fc8f2e0>>,","chan":"stdout","logger":"task"}
{"timestamp":"2025-07-29T19:33:39.850068Z","level":"info","event":" 'prev_start_date_success': <Proxy at 0x7fb66fc7b0b0 with factory <function RuntimeTaskInstance.get_template_context.<locals>.<lambda> at 0x7fb66fc8f7e0>>,","chan":"stdout","logger":"task"}
{"timestamp":"2025-07-29T19:33:39.850113Z","level":"info","event":" 'run_id': 'scheduled__2023-06-23T10:17:00+00:00',","chan":"stdout","logger":"task"}
{"timestamp":"2025-07-29T19:33:39.850156Z","level":"info","event":" 'task': <Task(PythonOperator): python>,","chan":"stdout","logger":"task"}
{"timestamp":"2025-07-29T19:33:39.850199Z","level":"info","event":" 'task_instance': RuntimeTaskInstance(id=UUID('019857ad-1a61-7e6e-9e4f-d8dcd1065a28'), task_id='python', dag_id='python_operator_v1', run_id='scheduled__2023-06-23T10:17:00+00:00', try_number=1, map_index=-1, hostname='bf6f1e7a6f11', context_carrier={}, task=<Task(PythonOperator): python>, bundle_instance=LocalDagBundle(name=dags-folder), max_tries=0, start_date=datetime.datetime(2025, 7, 29, 19, 33, 39, 375238, tzinfo=datetime.timezone.utc), end_date=None, state=<TaskInstanceState.RUNNING: 'running'>, is_mapped=False, rendered_map_index=None, log_url='http://localhost:8080/dags/python_operator_v1/runs/scheduled__2023-06-23T10%3A17%3A00%2B00%3A00/tasks/python?try_number=1'),","chan":"stdout","logger":"task"}
{"timestamp":"2025-07-29T19:33:39.850242Z","level":"info","event":" 'task_instance_key_str': 'python_operator_v1__python__20230623',","chan":"stdout","logger":"task"}
{"timestamp":"2025-07-29T19:33:39.850283Z","level":"info","event":" 'task_reschedule_count': 0,","chan":"stdout","logger":"task"}
{"timestamp":"2025-07-29T19:33:39.850323Z","level":"info","event":" 'templates_dict': None,","chan":"stdout","logger":"task"}
{"timestamp":"2025-07-29T19:33:39.850363Z","level":"info","event":" 'ti': RuntimeTaskInstance(id=UUID('019857ad-1a61-7e6e-9e4f-d8dcd1065a28'), task_id='python', dag_id='python_operator_v1', run_id='scheduled__2023-06-23T10:17:00+00:00', try_number=1, map_index=-1, hostname='bf6f1e7a6f11', context_carrier={}, task=<Task(PythonOperator): python>, bundle_instance=LocalDagBundle(name=dags-folder), max_tries=0, start_date=datetime.datetime(2025, 7, 29, 19, 33, 39, 375238, tzinfo=datetime.timezone.utc), end_date=None, state=<TaskInstanceState.RUNNING: 'running'>, is_mapped=False, rendered_map_index=None, log_url='http://localhost:8080/dags/python_operator_v1/runs/scheduled__2023-06-23T10%3A17%3A00%2B00%3A00/tasks/python?try_number=1'),","chan":"stdout","logger":"task"}
{"timestamp":"2025-07-29T19:33:39.850404Z","level":"info","event":" 'triggering_asset_events': TriggeringAssetEventsAccessor(_events=defaultdict(<class 'list'>, {})),","chan":"stdout","logger":"task"}
{"timestamp":"2025-07-29T19:33:39.850443Z","level":"info","event":" 'ts': '2023-06-23T10:17:00+00:00',","chan":"stdout","logger":"task"}
{"timestamp":"2025-07-29T19:33:39.850483Z","level":"info","event":" 'ts_nodash': '20230623T101700',","chan":"stdout","logger":"task"}
{"timestamp":"2025-07-29T19:33:39.850524Z","level":"info","event":" 'ts_nodash_with_tz': '20230623T101700+0000',","chan":"stdout","logger":"task"}
{"timestamp":"2025-07-29T19:33:39.850564Z","level":"info","event":" 'var': {'json': <VariableAccessor (dynamic access)>,","chan":"stdout","logger":"task"}
{"timestamp":"2025-07-29T19:33:39.850603Z","level":"info","event":"         'value': <VariableAccessor (dynamic access)>}}","chan":"stdout","logger":"task"}
{"timestamp":"2025-07-29T19:33:39.850409","level":"info","event":"Done. Returned value was: 123","logger":"airflow.task.operators.airflow.providers.standard.operators.python.PythonOperator"}
{"timestamp":"2025-07-29T19:33:39.850741","level":"info","event":"Pushing xcom","ti":"RuntimeTaskInstance(id=UUID('019857ad-1a61-7e6e-9e4f-d8dcd1065a28'), task_id='python', dag_id='python_operator_v1', run_id='scheduled__2023-06-23T10:17:00+00:00', try_number=1, map_index=-1, hostname='bf6f1e7a6f11', context_carrier={}, task=<Task(PythonOperator): python>, bundle_instance=LocalDagBundle(name=dags-folder), max_tries=0, start_date=datetime.datetime(2025, 7, 29, 19, 33, 39, 375238, tzinfo=datetime.timezone.utc), end_date=None, state=<TaskInstanceState.RUNNING: 'running'>, is_mapped=False, rendered_map_index=None, log_url='http://localhost:8080/dags/python_operator_v1/runs/scheduled__2023-06-23T10%3A17%3A00%2B00%3A00/tasks/python?try_number=1')","logger":"task"}
{"timestamp":"2025-07-29T19:33:39.870695Z","level":"info","event":"Task instance in success state","chan":"stdout","logger":"task"}
{"timestamp":"2025-07-29T19:33:39.870821Z","level":"info","event":" Previous state of the Task instance: TaskInstanceState.RUNNING","chan":"stdout","logger":"task"}
{"timestamp":"2025-07-29T19:33:39.870908Z","level":"info","event":"Task operator:<Task(PythonOperator): python>","chan":"stdout","logger":"task"}
