{"timestamp":"2025-07-29T20:04:32.640976","level":"info","event":"DAG bundles loaded: dags-folder, example_dags","logger":"airflow.dag_processing.bundles.manager.DagBundlesManager"}
{"timestamp":"2025-07-29T20:04:32.641639","level":"info","event":"Filling up the DagBag from /opt/airflow/dags/3_dag_principal.py","logger":"airflow.models.dagbag.DagBag"}
{"timestamp":"2025-07-29T20:04:32.668712Z","level":"info","event":"Task instance is in running state","chan":"stdout","logger":"task"}
{"timestamp":"2025-07-29T20:04:32.668875Z","level":"info","event":" Previous state of the Task instance: TaskInstanceState.QUEUED","chan":"stdout","logger":"task"}
{"timestamp":"2025-07-29T20:04:32.669388Z","level":"info","event":"Current task name:python_principal","chan":"stdout","logger":"task"}
{"timestamp":"2025-07-29T20:04:32.669489Z","level":"info","event":"Dag name:3_DAG_principal","chan":"stdout","logger":"task"}
{"timestamp":"2025-07-29T20:04:32.670464Z","level":"info","event":"DAG principal","chan":"stdout","logger":"task"}
{"timestamp":"2025-07-29T20:04:32.671050Z","level":"info","event":"{'conn': <ConnectionAccessor (dynamic access)>,","chan":"stdout","logger":"task"}
{"timestamp":"2025-07-29T20:04:32.671153Z","level":"info","event":" 'dag': <DAG: 3_DAG_principal>,","chan":"stdout","logger":"task"}
{"timestamp":"2025-07-29T20:04:32.671270Z","level":"info","event":" 'dag_run': DagRun(dag_id='3_DAG_principal', run_id='scheduled__2024-05-15T20:00:00+00:00', logical_date=datetime.datetime(2024, 5, 15, 20, 0, tzinfo=datetime.timezone.utc), data_interval_start=datetime.datetime(2024, 5, 15, 20, 0, tzinfo=datetime.timezone.utc), data_interval_end=datetime.datetime(2024, 5, 15, 20, 0, tzinfo=datetime.timezone.utc), run_after=datetime.datetime(2024, 5, 15, 20, 0, tzinfo=datetime.timezone.utc), start_date=datetime.datetime(2025, 7, 29, 20, 4, 31, 472327, tzinfo=datetime.timezone.utc), end_date=None, clear_number=0, run_type=<DagRunType.SCHEDULED: 'scheduled'>, conf={}, consumed_asset_events=[]),","chan":"stdout","logger":"task"}
{"timestamp":"2025-07-29T20:04:32.671345Z","level":"info","event":" 'data_interval_end': DateTime(2024, 5, 15, 20, 0, 0, tzinfo=Timezone('UTC')),","chan":"stdout","logger":"task"}
{"timestamp":"2025-07-29T20:04:32.671391Z","level":"info","event":" 'data_interval_start': DateTime(2024, 5, 15, 20, 0, 0, tzinfo=Timezone('UTC')),","chan":"stdout","logger":"task"}
{"timestamp":"2025-07-29T20:04:32.671433Z","level":"info","event":" 'ds': '2024-05-15',","chan":"stdout","logger":"task"}
{"timestamp":"2025-07-29T20:04:32.671475Z","level":"info","event":" 'ds_nodash': '20240515',","chan":"stdout","logger":"task"}
{"timestamp":"2025-07-29T20:04:32.671515Z","level":"info","event":" 'inlet_events': InletEventsAccessors(_inlets=[], _assets={}, _asset_aliases={}),","chan":"stdout","logger":"task"}
{"timestamp":"2025-07-29T20:04:32.671555Z","level":"info","event":" 'inlets': [],","chan":"stdout","logger":"task"}
{"timestamp":"2025-07-29T20:04:32.671612Z","level":"info","event":" 'logical_date': DateTime(2024, 5, 15, 20, 0, 0, tzinfo=Timezone('UTC')),","chan":"stdout","logger":"task"}
{"timestamp":"2025-07-29T20:04:32.671653Z","level":"info","event":" 'macros': <MacrosAccessor (dynamic access to macros)>,","chan":"stdout","logger":"task"}
{"timestamp":"2025-07-29T20:04:32.671694Z","level":"info","event":" 'map_index_template': None,","chan":"stdout","logger":"task"}
{"timestamp":"2025-07-29T20:04:32.671750Z","level":"info","event":" 'outlet_events': <airflow.sdk.execution_time.context.OutletEventAccessors object at 0x7fb677edc6e0>,","chan":"stdout","logger":"task"}
{"timestamp":"2025-07-29T20:04:32.671791Z","level":"info","event":" 'outlets': [],","chan":"stdout","logger":"task"}
{"timestamp":"2025-07-29T20:04:32.671831Z","level":"info","event":" 'params': {},","chan":"stdout","logger":"task"}
{"timestamp":"2025-07-29T20:04:32.681741Z","level":"info","event":" 'prev_data_interval_end_success': <Proxy at 0x7fb66fc9c4a0 with factory <function RuntimeTaskInstance.get_template_context.<locals>.<lambda> at 0x7fb66fcb5580>>,","chan":"stdout","logger":"task"}
{"timestamp":"2025-07-29T20:04:32.681936Z","level":"info","event":" 'prev_data_interval_start_success': <Proxy at 0x7fb66fc9c770 with factory <function RuntimeTaskInstance.get_template_context.<locals>.<lambda> at 0x7fb66fcb4040>>,","chan":"stdout","logger":"task"}
{"timestamp":"2025-07-29T20:04:32.682005Z","level":"info","event":" 'prev_end_date_success': <Proxy at 0x7fb67cb9c9b0 with factory <function RuntimeTaskInstance.get_template_context.<locals>.<lambda> at 0x7fb66fcb5620>>,","chan":"stdout","logger":"task"}
{"timestamp":"2025-07-29T20:04:32.682057Z","level":"info","event":" 'prev_start_date_success': <Proxy at 0x7fb66fc1eba0 with factory <function RuntimeTaskInstance.get_template_context.<locals>.<lambda> at 0x7fb66fcb4360>>,","chan":"stdout","logger":"task"}
{"timestamp":"2025-07-29T20:04:32.682102Z","level":"info","event":" 'run_id': 'scheduled__2024-05-15T20:00:00+00:00',","chan":"stdout","logger":"task"}
{"timestamp":"2025-07-29T20:04:32.682146Z","level":"info","event":" 'task': <Task(PythonOperator): python_principal>,","chan":"stdout","logger":"task"}
{"timestamp":"2025-07-29T20:04:32.682190Z","level":"info","event":" 'task_instance': RuntimeTaskInstance(id=UUID('019857c9-5e53-7a87-bd79-0f68cdecd6da'), task_id='python_principal', dag_id='3_DAG_principal', run_id='scheduled__2024-05-15T20:00:00+00:00', try_number=1, map_index=-1, hostname='bf6f1e7a6f11', context_carrier={}, task=<Task(PythonOperator): python_principal>, bundle_instance=LocalDagBundle(name=dags-folder), max_tries=0, start_date=datetime.datetime(2025, 7, 29, 20, 4, 32, 97846, tzinfo=datetime.timezone.utc), end_date=None, state=<TaskInstanceState.RUNNING: 'running'>, is_mapped=False, rendered_map_index=None, log_url='http://localhost:8080/dags/3_DAG_principal/runs/scheduled__2024-05-15T20%3A00%3A00%2B00%3A00/tasks/python_principal?try_number=1'),","chan":"stdout","logger":"task"}
{"timestamp":"2025-07-29T20:04:32.682235Z","level":"info","event":" 'task_instance_key_str': '3_DAG_principal__python_principal__20240515',","chan":"stdout","logger":"task"}
{"timestamp":"2025-07-29T20:04:32.682277Z","level":"info","event":" 'task_reschedule_count': 0,","chan":"stdout","logger":"task"}
{"timestamp":"2025-07-29T20:04:32.682318Z","level":"info","event":" 'templates_dict': None,","chan":"stdout","logger":"task"}
{"timestamp":"2025-07-29T20:04:32.682360Z","level":"info","event":" 'ti': RuntimeTaskInstance(id=UUID('019857c9-5e53-7a87-bd79-0f68cdecd6da'), task_id='python_principal', dag_id='3_DAG_principal', run_id='scheduled__2024-05-15T20:00:00+00:00', try_number=1, map_index=-1, hostname='bf6f1e7a6f11', context_carrier={}, task=<Task(PythonOperator): python_principal>, bundle_instance=LocalDagBundle(name=dags-folder), max_tries=0, start_date=datetime.datetime(2025, 7, 29, 20, 4, 32, 97846, tzinfo=datetime.timezone.utc), end_date=None, state=<TaskInstanceState.RUNNING: 'running'>, is_mapped=False, rendered_map_index=None, log_url='http://localhost:8080/dags/3_DAG_principal/runs/scheduled__2024-05-15T20%3A00%3A00%2B00%3A00/tasks/python_principal?try_number=1'),","chan":"stdout","logger":"task"}
{"timestamp":"2025-07-29T20:04:32.682403Z","level":"info","event":" 'triggering_asset_events': TriggeringAssetEventsAccessor(_events=defaultdict(<class 'list'>, {})),","chan":"stdout","logger":"task"}
{"timestamp":"2025-07-29T20:04:32.682472Z","level":"info","event":" 'ts': '2024-05-15T20:00:00+00:00',","chan":"stdout","logger":"task"}
{"timestamp":"2025-07-29T20:04:32.682520Z","level":"info","event":" 'ts_nodash': '20240515T200000',","chan":"stdout","logger":"task"}
{"timestamp":"2025-07-29T20:04:32.682562Z","level":"info","event":" 'ts_nodash_with_tz': '20240515T200000+0000',","chan":"stdout","logger":"task"}
{"timestamp":"2025-07-29T20:04:32.682603Z","level":"info","event":" 'var': {'json': <VariableAccessor (dynamic access)>,","chan":"stdout","logger":"task"}
{"timestamp":"2025-07-29T20:04:32.682643Z","level":"info","event":"         'value': <VariableAccessor (dynamic access)>}}","chan":"stdout","logger":"task"}
{"timestamp":"2025-07-29T20:04:32.682058","level":"info","event":"Done. Returned value was: principal","logger":"airflow.task.operators.airflow.providers.standard.operators.python.PythonOperator"}
{"timestamp":"2025-07-29T20:04:32.682237","level":"info","event":"Pushing xcom","ti":"RuntimeTaskInstance(id=UUID('019857c9-5e53-7a87-bd79-0f68cdecd6da'), task_id='python_principal', dag_id='3_DAG_principal', run_id='scheduled__2024-05-15T20:00:00+00:00', try_number=1, map_index=-1, hostname='bf6f1e7a6f11', context_carrier={}, task=<Task(PythonOperator): python_principal>, bundle_instance=LocalDagBundle(name=dags-folder), max_tries=0, start_date=datetime.datetime(2025, 7, 29, 20, 4, 32, 97846, tzinfo=datetime.timezone.utc), end_date=None, state=<TaskInstanceState.RUNNING: 'running'>, is_mapped=False, rendered_map_index=None, log_url='http://localhost:8080/dags/3_DAG_principal/runs/scheduled__2024-05-15T20%3A00%3A00%2B00%3A00/tasks/python_principal?try_number=1')","logger":"task"}
{"timestamp":"2025-07-29T20:04:32.707341Z","level":"info","event":"Task instance in success state","chan":"stdout","logger":"task"}
{"timestamp":"2025-07-29T20:04:32.707509Z","level":"info","event":" Previous state of the Task instance: TaskInstanceState.RUNNING","chan":"stdout","logger":"task"}
{"timestamp":"2025-07-29T20:04:32.707604Z","level":"info","event":"Task operator:<Task(PythonOperator): python_principal>","chan":"stdout","logger":"task"}
