{"timestamp":"2025-07-29T19:52:50.138048","level":"info","event":"DAG bundles loaded: dags-folder, example_dags","logger":"airflow.dag_processing.bundles.manager.DagBundlesManager"}
{"timestamp":"2025-07-29T19:52:50.139140","level":"info","event":"Filling up the DagBag from /opt/airflow/dags/2_python_operator_v1.py","logger":"airflow.models.dagbag.DagBag"}
{"timestamp":"2025-07-29T19:52:50.180890Z","level":"info","event":"Task instance is in running state","chan":"stdout","logger":"task"}
{"timestamp":"2025-07-29T19:52:50.181157Z","level":"info","event":" Previous state of the Task instance: TaskInstanceState.QUEUED","chan":"stdout","logger":"task"}
{"timestamp":"2025-07-29T19:52:50.182796Z","level":"info","event":"Current task name:python","chan":"stdout","logger":"task"}
{"timestamp":"2025-07-29T19:52:50.182977Z","level":"info","event":"Dag name:python_operator_v1","chan":"stdout","logger":"task"}
{"timestamp":"2025-07-29T19:52:50.184205Z","level":"info","event":"poliana","chan":"stdout","logger":"task"}
{"timestamp":"2025-07-29T19:52:50.185057Z","level":"info","event":"{'conn': <ConnectionAccessor (dynamic access)>,","chan":"stdout","logger":"task"}
{"timestamp":"2025-07-29T19:52:50.185165Z","level":"info","event":" 'dag': <DAG: python_operator_v1>,","chan":"stdout","logger":"task"}
{"timestamp":"2025-07-29T19:52:50.185269Z","level":"info","event":" 'dag_run': DagRun(dag_id='python_operator_v1', run_id='scheduled__2023-06-24T07:12:00+00:00', logical_date=datetime.datetime(2023, 6, 24, 7, 12, tzinfo=datetime.timezone.utc), data_interval_start=datetime.datetime(2023, 6, 24, 7, 12, tzinfo=datetime.timezone.utc), data_interval_end=datetime.datetime(2023, 6, 24, 7, 12, tzinfo=datetime.timezone.utc), run_after=datetime.datetime(2023, 6, 24, 7, 12, tzinfo=datetime.timezone.utc), start_date=datetime.datetime(2025, 7, 29, 19, 52, 46, 641433, tzinfo=datetime.timezone.utc), end_date=None, clear_number=0, run_type=<DagRunType.SCHEDULED: 'scheduled'>, conf={}, consumed_asset_events=[]),","chan":"stdout","logger":"task"}
{"timestamp":"2025-07-29T19:52:50.185330Z","level":"info","event":" 'data_interval_end': DateTime(2023, 6, 24, 7, 12, 0, tzinfo=Timezone('UTC')),","chan":"stdout","logger":"task"}
{"timestamp":"2025-07-29T19:52:50.185382Z","level":"info","event":" 'data_interval_start': DateTime(2023, 6, 24, 7, 12, 0, tzinfo=Timezone('UTC')),","chan":"stdout","logger":"task"}
{"timestamp":"2025-07-29T19:52:50.185427Z","level":"info","event":" 'ds': '2023-06-24',","chan":"stdout","logger":"task"}
{"timestamp":"2025-07-29T19:52:50.185470Z","level":"info","event":" 'ds_nodash': '20230624',","chan":"stdout","logger":"task"}
{"timestamp":"2025-07-29T19:52:50.185512Z","level":"info","event":" 'inlet_events': InletEventsAccessors(_inlets=[], _assets={}, _asset_aliases={}),","chan":"stdout","logger":"task"}
{"timestamp":"2025-07-29T19:52:50.185554Z","level":"info","event":" 'inlets': [],","chan":"stdout","logger":"task"}
{"timestamp":"2025-07-29T19:52:50.185595Z","level":"info","event":" 'logical_date': DateTime(2023, 6, 24, 7, 12, 0, tzinfo=Timezone('UTC')),","chan":"stdout","logger":"task"}
{"timestamp":"2025-07-29T19:52:50.185671Z","level":"info","event":" 'macros': <MacrosAccessor (dynamic access to macros)>,","chan":"stdout","logger":"task"}
{"timestamp":"2025-07-29T19:52:50.185719Z","level":"info","event":" 'map_index_template': None,","chan":"stdout","logger":"task"}
{"timestamp":"2025-07-29T19:52:50.185762Z","level":"info","event":" 'outlet_events': <airflow.sdk.execution_time.context.OutletEventAccessors object at 0x7fb677b3ec90>,","chan":"stdout","logger":"task"}
{"timestamp":"2025-07-29T19:52:50.185805Z","level":"info","event":" 'outlets': [],","chan":"stdout","logger":"task"}
{"timestamp":"2025-07-29T19:52:50.185846Z","level":"info","event":" 'params': {},","chan":"stdout","logger":"task"}
{"timestamp":"2025-07-29T19:52:50.214497Z","level":"info","event":" 'prev_data_interval_end_success': <Proxy at 0x7fb66fdee1e0 with factory <function RuntimeTaskInstance.get_template_context.<locals>.<lambda> at 0x7fb66fc10ae0>>,","chan":"stdout","logger":"task"}
{"timestamp":"2025-07-29T19:52:50.214894Z","level":"info","event":" 'prev_data_interval_start_success': <Proxy at 0x7fb66fded790 with factory <function RuntimeTaskInstance.get_template_context.<locals>.<lambda> at 0x7fb66fc12200>>,","chan":"stdout","logger":"task"}
{"timestamp":"2025-07-29T19:52:50.215118Z","level":"info","event":" 'prev_end_date_success': <Proxy at 0x7fb67c9365d0 with factory <function RuntimeTaskInstance.get_template_context.<locals>.<lambda> at 0x7fb66fc122a0>>,","chan":"stdout","logger":"task"}
{"timestamp":"2025-07-29T19:52:50.215228Z","level":"info","event":" 'prev_start_date_success': <Proxy at 0x7fb66fdbdaf0 with factory <function RuntimeTaskInstance.get_template_context.<locals>.<lambda> at 0x7fb66fc10fe0>>,","chan":"stdout","logger":"task"}
{"timestamp":"2025-07-29T19:52:50.215317Z","level":"info","event":" 'run_id': 'scheduled__2023-06-24T07:12:00+00:00',","chan":"stdout","logger":"task"}
{"timestamp":"2025-07-29T19:52:50.215406Z","level":"info","event":" 'task': <Task(PythonOperator): python>,","chan":"stdout","logger":"task"}
{"timestamp":"2025-07-29T19:52:50.215490Z","level":"info","event":" 'task_instance': RuntimeTaskInstance(id=UUID('019857be-9d2c-7dad-ab20-74cc58317c5f'), task_id='python', dag_id='python_operator_v1', run_id='scheduled__2023-06-24T07:12:00+00:00', try_number=1, map_index=-1, hostname='bf6f1e7a6f11', context_carrier={}, task=<Task(PythonOperator): python>, bundle_instance=LocalDagBundle(name=dags-folder), max_tries=0, start_date=datetime.datetime(2025, 7, 29, 19, 52, 46, 808018, tzinfo=datetime.timezone.utc), end_date=None, state=<TaskInstanceState.RUNNING: 'running'>, is_mapped=False, rendered_map_index=None, log_url='http://localhost:8080/dags/python_operator_v1/runs/scheduled__2023-06-24T07%3A12%3A00%2B00%3A00/tasks/python?try_number=1'),","chan":"stdout","logger":"task"}
{"timestamp":"2025-07-29T19:52:50.215575Z","level":"info","event":" 'task_instance_key_str': 'python_operator_v1__python__20230624',","chan":"stdout","logger":"task"}
{"timestamp":"2025-07-29T19:52:50.215660Z","level":"info","event":" 'task_reschedule_count': 0,","chan":"stdout","logger":"task"}
{"timestamp":"2025-07-29T19:52:50.215740Z","level":"info","event":" 'templates_dict': None,","chan":"stdout","logger":"task"}
{"timestamp":"2025-07-29T19:52:50.215819Z","level":"info","event":" 'ti': RuntimeTaskInstance(id=UUID('019857be-9d2c-7dad-ab20-74cc58317c5f'), task_id='python', dag_id='python_operator_v1', run_id='scheduled__2023-06-24T07:12:00+00:00', try_number=1, map_index=-1, hostname='bf6f1e7a6f11', context_carrier={}, task=<Task(PythonOperator): python>, bundle_instance=LocalDagBundle(name=dags-folder), max_tries=0, start_date=datetime.datetime(2025, 7, 29, 19, 52, 46, 808018, tzinfo=datetime.timezone.utc), end_date=None, state=<TaskInstanceState.RUNNING: 'running'>, is_mapped=False, rendered_map_index=None, log_url='http://localhost:8080/dags/python_operator_v1/runs/scheduled__2023-06-24T07%3A12%3A00%2B00%3A00/tasks/python?try_number=1'),","chan":"stdout","logger":"task"}
{"timestamp":"2025-07-29T19:52:50.215942Z","level":"info","event":" 'triggering_asset_events': TriggeringAssetEventsAccessor(_events=defaultdict(<class 'list'>, {})),","chan":"stdout","logger":"task"}
{"timestamp":"2025-07-29T19:52:50.216033Z","level":"info","event":" 'ts': '2023-06-24T07:12:00+00:00',","chan":"stdout","logger":"task"}
{"timestamp":"2025-07-29T19:52:50.216116Z","level":"info","event":" 'ts_nodash': '20230624T071200',","chan":"stdout","logger":"task"}
{"timestamp":"2025-07-29T19:52:50.216195Z","level":"info","event":" 'ts_nodash_with_tz': '20230624T071200+0000',","chan":"stdout","logger":"task"}
{"timestamp":"2025-07-29T19:52:50.216272Z","level":"info","event":" 'var': {'json': <VariableAccessor (dynamic access)>,","chan":"stdout","logger":"task"}
{"timestamp":"2025-07-29T19:52:50.216479Z","level":"info","event":"         'value': <VariableAccessor (dynamic access)>}}","chan":"stdout","logger":"task"}
{"timestamp":"2025-07-29T19:52:50.215681","level":"info","event":"Done. Returned value was: 123","logger":"airflow.task.operators.airflow.providers.standard.operators.python.PythonOperator"}
{"timestamp":"2025-07-29T19:52:50.216041","level":"info","event":"Pushing xcom","ti":"RuntimeTaskInstance(id=UUID('019857be-9d2c-7dad-ab20-74cc58317c5f'), task_id='python', dag_id='python_operator_v1', run_id='scheduled__2023-06-24T07:12:00+00:00', try_number=1, map_index=-1, hostname='bf6f1e7a6f11', context_carrier={}, task=<Task(PythonOperator): python>, bundle_instance=LocalDagBundle(name=dags-folder), max_tries=0, start_date=datetime.datetime(2025, 7, 29, 19, 52, 46, 808018, tzinfo=datetime.timezone.utc), end_date=None, state=<TaskInstanceState.RUNNING: 'running'>, is_mapped=False, rendered_map_index=None, log_url='http://localhost:8080/dags/python_operator_v1/runs/scheduled__2023-06-24T07%3A12%3A00%2B00%3A00/tasks/python?try_number=1')","logger":"task"}
{"timestamp":"2025-07-29T19:52:50.251092Z","level":"info","event":"Task instance in success state","chan":"stdout","logger":"task"}
{"timestamp":"2025-07-29T19:52:50.251234Z","level":"info","event":" Previous state of the Task instance: TaskInstanceState.RUNNING","chan":"stdout","logger":"task"}
{"timestamp":"2025-07-29T19:52:50.251410Z","level":"info","event":"Task operator:<Task(PythonOperator): python>","chan":"stdout","logger":"task"}
