{"timestamp":"2025-07-29T20:02:43.522115","level":"info","event":"DAG bundles loaded: dags-folder, example_dags","logger":"airflow.dag_processing.bundles.manager.DagBundlesManager"}
{"timestamp":"2025-07-29T20:02:43.523153","level":"info","event":"Filling up the DagBag from /opt/airflow/dags/2_python_operator_v1.py","logger":"airflow.models.dagbag.DagBag"}
{"timestamp":"2025-07-29T20:02:43.571010Z","level":"info","event":"Task instance is in running state","chan":"stdout","logger":"task"}
{"timestamp":"2025-07-29T20:02:43.571207Z","level":"info","event":" Previous state of the Task instance: TaskInstanceState.QUEUED","chan":"stdout","logger":"task"}
{"timestamp":"2025-07-29T20:02:43.573235Z","level":"info","event":"Current task name:python","chan":"stdout","logger":"task"}
{"timestamp":"2025-07-29T20:02:43.573425Z","level":"info","event":"Dag name:python_operator_v1","chan":"stdout","logger":"task"}
{"timestamp":"2025-07-29T20:02:43.574488Z","level":"info","event":"poliana","chan":"stdout","logger":"task"}
{"timestamp":"2025-07-29T20:02:43.574917Z","level":"info","event":"{'conn': <ConnectionAccessor (dynamic access)>,","chan":"stdout","logger":"task"}
{"timestamp":"2025-07-29T20:02:43.575177Z","level":"info","event":" 'dag': <DAG: python_operator_v1>,","chan":"stdout","logger":"task"}
{"timestamp":"2025-07-29T20:02:43.575420Z","level":"info","event":" 'dag_run': DagRun(dag_id='python_operator_v1', run_id='scheduled__2023-06-24T16:47:00+00:00', logical_date=datetime.datetime(2023, 6, 24, 16, 47, tzinfo=datetime.timezone.utc), data_interval_start=datetime.datetime(2023, 6, 24, 16, 47, tzinfo=datetime.timezone.utc), data_interval_end=datetime.datetime(2023, 6, 24, 16, 47, tzinfo=datetime.timezone.utc), run_after=datetime.datetime(2023, 6, 24, 16, 47, tzinfo=datetime.timezone.utc), start_date=datetime.datetime(2025, 7, 29, 20, 2, 42, 235876, tzinfo=datetime.timezone.utc), end_date=None, clear_number=0, run_type=<DagRunType.SCHEDULED: 'scheduled'>, conf={}, consumed_asset_events=[]),","chan":"stdout","logger":"task"}
{"timestamp":"2025-07-29T20:02:43.575697Z","level":"info","event":" 'data_interval_end': DateTime(2023, 6, 24, 16, 47, 0, tzinfo=Timezone('UTC')),","chan":"stdout","logger":"task"}
{"timestamp":"2025-07-29T20:02:43.575999Z","level":"info","event":" 'data_interval_start': DateTime(2023, 6, 24, 16, 47, 0, tzinfo=Timezone('UTC')),","chan":"stdout","logger":"task"}
{"timestamp":"2025-07-29T20:02:43.576169Z","level":"info","event":" 'ds': '2023-06-24',","chan":"stdout","logger":"task"}
{"timestamp":"2025-07-29T20:02:43.576332Z","level":"info","event":" 'ds_nodash': '20230624',","chan":"stdout","logger":"task"}
{"timestamp":"2025-07-29T20:02:43.576540Z","level":"info","event":" 'inlet_events': InletEventsAccessors(_inlets=[], _assets={}, _asset_aliases={}),","chan":"stdout","logger":"task"}
{"timestamp":"2025-07-29T20:02:43.576701Z","level":"info","event":" 'inlets': [],","chan":"stdout","logger":"task"}
{"timestamp":"2025-07-29T20:02:43.576887Z","level":"info","event":" 'logical_date': DateTime(2023, 6, 24, 16, 47, 0, tzinfo=Timezone('UTC')),","chan":"stdout","logger":"task"}
{"timestamp":"2025-07-29T20:02:43.577217Z","level":"info","event":" 'macros': <MacrosAccessor (dynamic access to macros)>,","chan":"stdout","logger":"task"}
{"timestamp":"2025-07-29T20:02:43.577372Z","level":"info","event":" 'map_index_template': None,","chan":"stdout","logger":"task"}
{"timestamp":"2025-07-29T20:02:43.577539Z","level":"info","event":" 'outlet_events': <airflow.sdk.execution_time.context.OutletEventAccessors object at 0x7fb66fddb710>,","chan":"stdout","logger":"task"}
{"timestamp":"2025-07-29T20:02:43.577887Z","level":"info","event":" 'outlets': [],","chan":"stdout","logger":"task"}
{"timestamp":"2025-07-29T20:02:43.577982Z","level":"info","event":" 'params': {},","chan":"stdout","logger":"task"}
{"timestamp":"2025-07-29T20:02:43.615432Z","level":"info","event":" 'prev_data_interval_end_success': <Proxy at 0x7fb66fddb800 with factory <function RuntimeTaskInstance.get_template_context.<locals>.<lambda> at 0x7fb66fdf93a0>>,","chan":"stdout","logger":"task"}
{"timestamp":"2025-07-29T20:02:43.615928Z","level":"info","event":" 'prev_data_interval_start_success': <Proxy at 0x7fb66fddb890 with factory <function RuntimeTaskInstance.get_template_context.<locals>.<lambda> at 0x7fb66fdfaac0>>,","chan":"stdout","logger":"task"}
{"timestamp":"2025-07-29T20:02:43.616192Z","level":"info","event":" 'prev_end_date_success': <Proxy at 0x7fb66fddbad0 with factory <function RuntimeTaskInstance.get_template_context.<locals>.<lambda> at 0x7fb66fdfab60>>,","chan":"stdout","logger":"task"}
{"timestamp":"2025-07-29T20:02:43.616394Z","level":"info","event":" 'prev_start_date_success': <Proxy at 0x7fb66fddbb90 with factory <function RuntimeTaskInstance.get_template_context.<locals>.<lambda> at 0x7fb66fdf98a0>>,","chan":"stdout","logger":"task"}
{"timestamp":"2025-07-29T20:02:43.616587Z","level":"info","event":" 'run_id': 'scheduled__2023-06-24T16:47:00+00:00',","chan":"stdout","logger":"task"}
{"timestamp":"2025-07-29T20:02:43.616780Z","level":"info","event":" 'task': <Task(PythonOperator): python>,","chan":"stdout","logger":"task"}
{"timestamp":"2025-07-29T20:02:43.619747Z","level":"info","event":" 'task_instance': RuntimeTaskInstance(id=UUID('019857c7-b3b4-70c8-8071-8edbd064b4ec'), task_id='python', dag_id='python_operator_v1', run_id='scheduled__2023-06-24T16:47:00+00:00', try_number=1, map_index=-1, hostname='bf6f1e7a6f11', context_carrier={}, task=<Task(PythonOperator): python>, bundle_instance=LocalDagBundle(name=dags-folder), max_tries=0, start_date=datetime.datetime(2025, 7, 29, 20, 2, 42, 657889, tzinfo=datetime.timezone.utc), end_date=None, state=<TaskInstanceState.RUNNING: 'running'>, is_mapped=False, rendered_map_index=None, log_url='http://localhost:8080/dags/python_operator_v1/runs/scheduled__2023-06-24T16%3A47%3A00%2B00%3A00/tasks/python?try_number=1'),","chan":"stdout","logger":"task"}
{"timestamp":"2025-07-29T20:02:43.620146Z","level":"info","event":" 'task_instance_key_str': 'python_operator_v1__python__20230624',","chan":"stdout","logger":"task"}
{"timestamp":"2025-07-29T20:02:43.620401Z","level":"info","event":" 'task_reschedule_count': 0,","chan":"stdout","logger":"task"}
{"timestamp":"2025-07-29T20:02:43.620621Z","level":"info","event":" 'templates_dict': None,","chan":"stdout","logger":"task"}
{"timestamp":"2025-07-29T20:02:43.620955Z","level":"info","event":" 'ti': RuntimeTaskInstance(id=UUID('019857c7-b3b4-70c8-8071-8edbd064b4ec'), task_id='python', dag_id='python_operator_v1', run_id='scheduled__2023-06-24T16:47:00+00:00', try_number=1, map_index=-1, hostname='bf6f1e7a6f11', context_carrier={}, task=<Task(PythonOperator): python>, bundle_instance=LocalDagBundle(name=dags-folder), max_tries=0, start_date=datetime.datetime(2025, 7, 29, 20, 2, 42, 657889, tzinfo=datetime.timezone.utc), end_date=None, state=<TaskInstanceState.RUNNING: 'running'>, is_mapped=False, rendered_map_index=None, log_url='http://localhost:8080/dags/python_operator_v1/runs/scheduled__2023-06-24T16%3A47%3A00%2B00%3A00/tasks/python?try_number=1'),","chan":"stdout","logger":"task"}
{"timestamp":"2025-07-29T20:02:43.621174Z","level":"info","event":" 'triggering_asset_events': TriggeringAssetEventsAccessor(_events=defaultdict(<class 'list'>, {})),","chan":"stdout","logger":"task"}
{"timestamp":"2025-07-29T20:02:43.621465Z","level":"info","event":" 'ts': '2023-06-24T16:47:00+00:00',","chan":"stdout","logger":"task"}
{"timestamp":"2025-07-29T20:02:43.621688Z","level":"info","event":" 'ts_nodash': '20230624T164700',","chan":"stdout","logger":"task"}
{"timestamp":"2025-07-29T20:02:43.621889Z","level":"info","event":" 'ts_nodash_with_tz': '20230624T164700+0000',","chan":"stdout","logger":"task"}
{"timestamp":"2025-07-29T20:02:43.622089Z","level":"info","event":" 'var': {'json': <VariableAccessor (dynamic access)>,","chan":"stdout","logger":"task"}
{"timestamp":"2025-07-29T20:02:43.622505Z","level":"info","event":"         'value': <VariableAccessor (dynamic access)>}}","chan":"stdout","logger":"task"}
{"timestamp":"2025-07-29T20:02:43.617692","level":"info","event":"Done. Returned value was: 123","logger":"airflow.task.operators.airflow.providers.standard.operators.python.PythonOperator"}
{"timestamp":"2025-07-29T20:02:43.621510","level":"info","event":"Pushing xcom","ti":"RuntimeTaskInstance(id=UUID('019857c7-b3b4-70c8-8071-8edbd064b4ec'), task_id='python', dag_id='python_operator_v1', run_id='scheduled__2023-06-24T16:47:00+00:00', try_number=1, map_index=-1, hostname='bf6f1e7a6f11', context_carrier={}, task=<Task(PythonOperator): python>, bundle_instance=LocalDagBundle(name=dags-folder), max_tries=0, start_date=datetime.datetime(2025, 7, 29, 20, 2, 42, 657889, tzinfo=datetime.timezone.utc), end_date=None, state=<TaskInstanceState.RUNNING: 'running'>, is_mapped=False, rendered_map_index=None, log_url='http://localhost:8080/dags/python_operator_v1/runs/scheduled__2023-06-24T16%3A47%3A00%2B00%3A00/tasks/python?try_number=1')","logger":"task"}
{"timestamp":"2025-07-29T20:02:43.711439Z","level":"info","event":"Task instance in success state","chan":"stdout","logger":"task"}
{"timestamp":"2025-07-29T20:02:43.711834Z","level":"info","event":" Previous state of the Task instance: TaskInstanceState.RUNNING","chan":"stdout","logger":"task"}
{"timestamp":"2025-07-29T20:02:43.712188Z","level":"info","event":"Task operator:<Task(PythonOperator): python>","chan":"stdout","logger":"task"}
