{"timestamp":"2025-07-29T20:09:06.905678","level":"info","event":"DAG bundles loaded: dags-folder, example_dags","logger":"airflow.dag_processing.bundles.manager.DagBundlesManager"}
{"timestamp":"2025-07-29T20:09:06.906311","level":"info","event":"Filling up the DagBag from /opt/airflow/dags/2_python_operator_v1.py","logger":"airflow.models.dagbag.DagBag"}
{"timestamp":"2025-07-29T20:09:06.967575Z","level":"info","event":"Task instance is in running state","chan":"stdout","logger":"task"}
{"timestamp":"2025-07-29T20:09:06.967805Z","level":"info","event":" Previous state of the Task instance: TaskInstanceState.QUEUED","chan":"stdout","logger":"task"}
{"timestamp":"2025-07-29T20:09:06.968226Z","level":"info","event":"Current task name:python","chan":"stdout","logger":"task"}
{"timestamp":"2025-07-29T20:09:06.968328Z","level":"info","event":"Dag name:python_operator_v1","chan":"stdout","logger":"task"}
{"timestamp":"2025-07-29T20:09:06.969359Z","level":"info","event":"poliana","chan":"stdout","logger":"task"}
{"timestamp":"2025-07-29T20:09:06.969960Z","level":"info","event":"{'conn': <ConnectionAccessor (dynamic access)>,","chan":"stdout","logger":"task"}
{"timestamp":"2025-07-29T20:09:06.970052Z","level":"info","event":" 'dag': <DAG: python_operator_v1>,","chan":"stdout","logger":"task"}
{"timestamp":"2025-07-29T20:09:06.970145Z","level":"info","event":" 'dag_run': DagRun(dag_id='python_operator_v1', run_id='scheduled__2023-06-24T22:31:00+00:00', logical_date=datetime.datetime(2023, 6, 24, 22, 31, tzinfo=datetime.timezone.utc), data_interval_start=datetime.datetime(2023, 6, 24, 22, 31, tzinfo=datetime.timezone.utc), data_interval_end=datetime.datetime(2023, 6, 24, 22, 31, tzinfo=datetime.timezone.utc), run_after=datetime.datetime(2023, 6, 24, 22, 31, tzinfo=datetime.timezone.utc), start_date=datetime.datetime(2025, 7, 29, 20, 9, 5, 829935, tzinfo=datetime.timezone.utc), end_date=None, clear_number=0, run_type=<DagRunType.SCHEDULED: 'scheduled'>, conf={}, consumed_asset_events=[]),","chan":"stdout","logger":"task"}
{"timestamp":"2025-07-29T20:09:06.970201Z","level":"info","event":" 'data_interval_end': DateTime(2023, 6, 24, 22, 31, 0, tzinfo=Timezone('UTC')),","chan":"stdout","logger":"task"}
{"timestamp":"2025-07-29T20:09:06.970247Z","level":"info","event":" 'data_interval_start': DateTime(2023, 6, 24, 22, 31, 0, tzinfo=Timezone('UTC')),","chan":"stdout","logger":"task"}
{"timestamp":"2025-07-29T20:09:06.970313Z","level":"info","event":" 'ds': '2023-06-24',","chan":"stdout","logger":"task"}
{"timestamp":"2025-07-29T20:09:06.970360Z","level":"info","event":" 'ds_nodash': '20230624',","chan":"stdout","logger":"task"}
{"timestamp":"2025-07-29T20:09:06.970415Z","level":"info","event":" 'inlet_events': InletEventsAccessors(_inlets=[], _assets={}, _asset_aliases={}),","chan":"stdout","logger":"task"}
{"timestamp":"2025-07-29T20:09:06.970458Z","level":"info","event":" 'inlets': [],","chan":"stdout","logger":"task"}
{"timestamp":"2025-07-29T20:09:06.970500Z","level":"info","event":" 'logical_date': DateTime(2023, 6, 24, 22, 31, 0, tzinfo=Timezone('UTC')),","chan":"stdout","logger":"task"}
{"timestamp":"2025-07-29T20:09:06.970541Z","level":"info","event":" 'macros': <MacrosAccessor (dynamic access to macros)>,","chan":"stdout","logger":"task"}
{"timestamp":"2025-07-29T20:09:06.970582Z","level":"info","event":" 'map_index_template': None,","chan":"stdout","logger":"task"}
{"timestamp":"2025-07-29T20:09:06.970622Z","level":"info","event":" 'outlet_events': <airflow.sdk.execution_time.context.OutletEventAccessors object at 0x7fb677ec7f20>,","chan":"stdout","logger":"task"}
{"timestamp":"2025-07-29T20:09:06.970663Z","level":"info","event":" 'outlets': [],","chan":"stdout","logger":"task"}
{"timestamp":"2025-07-29T20:09:06.970702Z","level":"info","event":" 'params': {},","chan":"stdout","logger":"task"}
{"timestamp":"2025-07-29T20:09:06.980908Z","level":"info","event":" 'prev_data_interval_end_success': <Proxy at 0x7fb66fdbdb80 with factory <function RuntimeTaskInstance.get_template_context.<locals>.<lambda> at 0x7fb66fde8b80>>,","chan":"stdout","logger":"task"}
{"timestamp":"2025-07-29T20:09:06.981280Z","level":"info","event":" 'prev_data_interval_start_success': <Proxy at 0x7fb66ff75c70 with factory <function RuntimeTaskInstance.get_template_context.<locals>.<lambda> at 0x7fb66fdcf9c0>>,","chan":"stdout","logger":"task"}
{"timestamp":"2025-07-29T20:09:06.981405Z","level":"info","event":" 'prev_end_date_success': <Proxy at 0x7fb67ebefe30 with factory <function RuntimeTaskInstance.get_template_context.<locals>.<lambda> at 0x7fb66fdcf380>>,","chan":"stdout","logger":"task"}
{"timestamp":"2025-07-29T20:09:06.981473Z","level":"info","event":" 'prev_start_date_success': <Proxy at 0x7fb67c867ce0 with factory <function RuntimeTaskInstance.get_template_context.<locals>.<lambda> at 0x7fb66fdcf880>>,","chan":"stdout","logger":"task"}
{"timestamp":"2025-07-29T20:09:06.981522Z","level":"info","event":" 'run_id': 'scheduled__2023-06-24T22:31:00+00:00',","chan":"stdout","logger":"task"}
{"timestamp":"2025-07-29T20:09:06.981580Z","level":"info","event":" 'task': <Task(PythonOperator): python>,","chan":"stdout","logger":"task"}
{"timestamp":"2025-07-29T20:09:06.981640Z","level":"info","event":" 'task_instance': RuntimeTaskInstance(id=UUID('019857cd-8e0f-7486-aaaa-f455d6f0d367'), task_id='python', dag_id='python_operator_v1', run_id='scheduled__2023-06-24T22:31:00+00:00', try_number=1, map_index=-1, hostname='bf6f1e7a6f11', context_carrier={}, task=<Task(PythonOperator): python>, bundle_instance=LocalDagBundle(name=dags-folder), max_tries=0, start_date=datetime.datetime(2025, 7, 29, 20, 9, 6, 265255, tzinfo=datetime.timezone.utc), end_date=None, state=<TaskInstanceState.RUNNING: 'running'>, is_mapped=False, rendered_map_index=None, log_url='http://localhost:8080/dags/python_operator_v1/runs/scheduled__2023-06-24T22%3A31%3A00%2B00%3A00/tasks/python?try_number=1'),","chan":"stdout","logger":"task"}
{"timestamp":"2025-07-29T20:09:06.981687Z","level":"info","event":" 'task_instance_key_str': 'python_operator_v1__python__20230624',","chan":"stdout","logger":"task"}
{"timestamp":"2025-07-29T20:09:06.981730Z","level":"info","event":" 'task_reschedule_count': 0,","chan":"stdout","logger":"task"}
{"timestamp":"2025-07-29T20:09:06.981772Z","level":"info","event":" 'templates_dict': None,","chan":"stdout","logger":"task"}
{"timestamp":"2025-07-29T20:09:06.981815Z","level":"info","event":" 'ti': RuntimeTaskInstance(id=UUID('019857cd-8e0f-7486-aaaa-f455d6f0d367'), task_id='python', dag_id='python_operator_v1', run_id='scheduled__2023-06-24T22:31:00+00:00', try_number=1, map_index=-1, hostname='bf6f1e7a6f11', context_carrier={}, task=<Task(PythonOperator): python>, bundle_instance=LocalDagBundle(name=dags-folder), max_tries=0, start_date=datetime.datetime(2025, 7, 29, 20, 9, 6, 265255, tzinfo=datetime.timezone.utc), end_date=None, state=<TaskInstanceState.RUNNING: 'running'>, is_mapped=False, rendered_map_index=None, log_url='http://localhost:8080/dags/python_operator_v1/runs/scheduled__2023-06-24T22%3A31%3A00%2B00%3A00/tasks/python?try_number=1'),","chan":"stdout","logger":"task"}
{"timestamp":"2025-07-29T20:09:06.981903Z","level":"info","event":" 'triggering_asset_events': TriggeringAssetEventsAccessor(_events=defaultdict(<class 'list'>, {})),","chan":"stdout","logger":"task"}
{"timestamp":"2025-07-29T20:09:06.981982Z","level":"info","event":" 'ts': '2023-06-24T22:31:00+00:00',","chan":"stdout","logger":"task"}
{"timestamp":"2025-07-29T20:09:06.982035Z","level":"info","event":" 'ts_nodash': '20230624T223100',","chan":"stdout","logger":"task"}
{"timestamp":"2025-07-29T20:09:06.982078Z","level":"info","event":" 'ts_nodash_with_tz': '20230624T223100+0000',","chan":"stdout","logger":"task"}
{"timestamp":"2025-07-29T20:09:06.982119Z","level":"info","event":" 'var': {'json': <VariableAccessor (dynamic access)>,","chan":"stdout","logger":"task"}
{"timestamp":"2025-07-29T20:09:06.982161Z","level":"info","event":"         'value': <VariableAccessor (dynamic access)>}}","chan":"stdout","logger":"task"}
{"timestamp":"2025-07-29T20:09:06.982110","level":"info","event":"Done. Returned value was: 123","logger":"airflow.task.operators.airflow.providers.standard.operators.python.PythonOperator"}
{"timestamp":"2025-07-29T20:09:06.982402","level":"info","event":"Pushing xcom","ti":"RuntimeTaskInstance(id=UUID('019857cd-8e0f-7486-aaaa-f455d6f0d367'), task_id='python', dag_id='python_operator_v1', run_id='scheduled__2023-06-24T22:31:00+00:00', try_number=1, map_index=-1, hostname='bf6f1e7a6f11', context_carrier={}, task=<Task(PythonOperator): python>, bundle_instance=LocalDagBundle(name=dags-folder), max_tries=0, start_date=datetime.datetime(2025, 7, 29, 20, 9, 6, 265255, tzinfo=datetime.timezone.utc), end_date=None, state=<TaskInstanceState.RUNNING: 'running'>, is_mapped=False, rendered_map_index=None, log_url='http://localhost:8080/dags/python_operator_v1/runs/scheduled__2023-06-24T22%3A31%3A00%2B00%3A00/tasks/python?try_number=1')","logger":"task"}
{"timestamp":"2025-07-29T20:09:07.006338Z","level":"info","event":"Task instance in success state","chan":"stdout","logger":"task"}
{"timestamp":"2025-07-29T20:09:07.006470Z","level":"info","event":" Previous state of the Task instance: TaskInstanceState.RUNNING","chan":"stdout","logger":"task"}
{"timestamp":"2025-07-29T20:09:07.006563Z","level":"info","event":"Task operator:<Task(PythonOperator): python>","chan":"stdout","logger":"task"}
