{"timestamp":"2025-07-29T19:33:32.815017","level":"info","event":"DAG bundles loaded: dags-folder, example_dags","logger":"airflow.dag_processing.bundles.manager.DagBundlesManager"}
{"timestamp":"2025-07-29T19:33:32.815913","level":"info","event":"Filling up the DagBag from /opt/airflow/dags/python_operator_v1.py","logger":"airflow.models.dagbag.DagBag"}
{"timestamp":"2025-07-29T19:33:32.845832Z","level":"info","event":"Task instance is in running state","chan":"stdout","logger":"task"}
{"timestamp":"2025-07-29T19:33:32.846071Z","level":"info","event":" Previous state of the Task instance: TaskInstanceState.QUEUED","chan":"stdout","logger":"task"}
{"timestamp":"2025-07-29T19:33:32.846855Z","level":"info","event":"Current task name:python","chan":"stdout","logger":"task"}
{"timestamp":"2025-07-29T19:33:32.847033Z","level":"info","event":"Dag name:python_operator_v1","chan":"stdout","logger":"task"}
{"timestamp":"2025-07-29T19:33:32.848473Z","level":"info","event":"poliana","chan":"stdout","logger":"task"}
{"timestamp":"2025-07-29T19:33:32.849481Z","level":"info","event":"{'conn': <ConnectionAccessor (dynamic access)>,","chan":"stdout","logger":"task"}
{"timestamp":"2025-07-29T19:33:32.849624Z","level":"info","event":" 'dag': <DAG: python_operator_v1>,","chan":"stdout","logger":"task"}
{"timestamp":"2025-07-29T19:33:32.849795Z","level":"info","event":" 'dag_run': DagRun(dag_id='python_operator_v1', run_id='scheduled__2023-06-23T10:00:00+00:00', logical_date=datetime.datetime(2023, 6, 23, 10, 0, tzinfo=datetime.timezone.utc), data_interval_start=datetime.datetime(2023, 6, 23, 10, 0, tzinfo=datetime.timezone.utc), data_interval_end=datetime.datetime(2023, 6, 23, 10, 0, tzinfo=datetime.timezone.utc), run_after=datetime.datetime(2023, 6, 23, 10, 0, tzinfo=datetime.timezone.utc), start_date=datetime.datetime(2025, 7, 29, 19, 33, 31, 197002, tzinfo=datetime.timezone.utc), end_date=None, clear_number=0, run_type=<DagRunType.SCHEDULED: 'scheduled'>, conf={}, consumed_asset_events=[]),","chan":"stdout","logger":"task"}
{"timestamp":"2025-07-29T19:33:32.849914Z","level":"info","event":" 'data_interval_end': DateTime(2023, 6, 23, 10, 0, 0, tzinfo=Timezone('UTC')),","chan":"stdout","logger":"task"}
{"timestamp":"2025-07-29T19:33:32.849974Z","level":"info","event":" 'data_interval_start': DateTime(2023, 6, 23, 10, 0, 0, tzinfo=Timezone('UTC')),","chan":"stdout","logger":"task"}
{"timestamp":"2025-07-29T19:33:32.850020Z","level":"info","event":" 'ds': '2023-06-23',","chan":"stdout","logger":"task"}
{"timestamp":"2025-07-29T19:33:32.850063Z","level":"info","event":" 'ds_nodash': '20230623',","chan":"stdout","logger":"task"}
{"timestamp":"2025-07-29T19:33:32.850104Z","level":"info","event":" 'inlet_events': InletEventsAccessors(_inlets=[], _assets={}, _asset_aliases={}),","chan":"stdout","logger":"task"}
{"timestamp":"2025-07-29T19:33:32.850145Z","level":"info","event":" 'inlets': [],","chan":"stdout","logger":"task"}
{"timestamp":"2025-07-29T19:33:32.850184Z","level":"info","event":" 'logical_date': DateTime(2023, 6, 23, 10, 0, 0, tzinfo=Timezone('UTC')),","chan":"stdout","logger":"task"}
{"timestamp":"2025-07-29T19:33:32.850224Z","level":"info","event":" 'macros': <MacrosAccessor (dynamic access to macros)>,","chan":"stdout","logger":"task"}
{"timestamp":"2025-07-29T19:33:32.850265Z","level":"info","event":" 'map_index_template': None,","chan":"stdout","logger":"task"}
{"timestamp":"2025-07-29T19:33:32.850305Z","level":"info","event":" 'outlet_events': <airflow.sdk.execution_time.context.OutletEventAccessors object at 0x7fb66fd67a70>,","chan":"stdout","logger":"task"}
{"timestamp":"2025-07-29T19:33:32.850344Z","level":"info","event":" 'outlets': [],","chan":"stdout","logger":"task"}
{"timestamp":"2025-07-29T19:33:32.850384Z","level":"info","event":" 'params': {},","chan":"stdout","logger":"task"}
{"timestamp":"2025-07-29T19:33:32.863073Z","level":"info","event":" 'prev_data_interval_end_success': <Proxy at 0x7fb66fc8dca0 with factory <function RuntimeTaskInstance.get_template_context.<locals>.<lambda> at 0x7fb66fc9e200>>,","chan":"stdout","logger":"task"}
{"timestamp":"2025-07-29T19:33:32.863359Z","level":"info","event":" 'prev_data_interval_start_success': <Proxy at 0x7fb66fc8cc50 with factory <function RuntimeTaskInstance.get_template_context.<locals>.<lambda> at 0x7fb66fc9f920>>,","chan":"stdout","logger":"task"}
{"timestamp":"2025-07-29T19:33:32.863461Z","level":"info","event":" 'prev_end_date_success': <Proxy at 0x7fb66fdb6990 with factory <function RuntimeTaskInstance.get_template_context.<locals>.<lambda> at 0x7fb66fc9f9c0>>,","chan":"stdout","logger":"task"}
{"timestamp":"2025-07-29T19:33:32.863538Z","level":"info","event":" 'prev_start_date_success': <Proxy at 0x7fb66fdfeba0 with factory <function RuntimeTaskInstance.get_template_context.<locals>.<lambda> at 0x7fb66fc9e700>>,","chan":"stdout","logger":"task"}
{"timestamp":"2025-07-29T19:33:32.863605Z","level":"info","event":" 'run_id': 'scheduled__2023-06-23T10:00:00+00:00',","chan":"stdout","logger":"task"}
{"timestamp":"2025-07-29T19:33:32.863678Z","level":"info","event":" 'task': <Task(PythonOperator): python>,","chan":"stdout","logger":"task"}
{"timestamp":"2025-07-29T19:33:32.863747Z","level":"info","event":" 'task_instance': RuntimeTaskInstance(id=UUID('019857ac-fbba-7db9-a4d5-f42cf0f88403'), task_id='python', dag_id='python_operator_v1', run_id='scheduled__2023-06-23T10:00:00+00:00', try_number=1, map_index=-1, hostname='bf6f1e7a6f11', context_carrier={}, task=<Task(PythonOperator): python>, bundle_instance=LocalDagBundle(name=dags-folder), max_tries=0, start_date=datetime.datetime(2025, 7, 29, 19, 33, 32, 321976, tzinfo=datetime.timezone.utc), end_date=None, state=<TaskInstanceState.RUNNING: 'running'>, is_mapped=False, rendered_map_index=None, log_url='http://localhost:8080/dags/python_operator_v1/runs/scheduled__2023-06-23T10%3A00%3A00%2B00%3A00/tasks/python?try_number=1'),","chan":"stdout","logger":"task"}
{"timestamp":"2025-07-29T19:33:32.863813Z","level":"info","event":" 'task_instance_key_str': 'python_operator_v1__python__20230623',","chan":"stdout","logger":"task"}
{"timestamp":"2025-07-29T19:33:32.863915Z","level":"info","event":" 'task_reschedule_count': 0,","chan":"stdout","logger":"task"}
{"timestamp":"2025-07-29T19:33:32.864022Z","level":"info","event":" 'templates_dict': None,","chan":"stdout","logger":"task"}
{"timestamp":"2025-07-29T19:33:32.864174Z","level":"info","event":" 'ti': RuntimeTaskInstance(id=UUID('019857ac-fbba-7db9-a4d5-f42cf0f88403'), task_id='python', dag_id='python_operator_v1', run_id='scheduled__2023-06-23T10:00:00+00:00', try_number=1, map_index=-1, hostname='bf6f1e7a6f11', context_carrier={}, task=<Task(PythonOperator): python>, bundle_instance=LocalDagBundle(name=dags-folder), max_tries=0, start_date=datetime.datetime(2025, 7, 29, 19, 33, 32, 321976, tzinfo=datetime.timezone.utc), end_date=None, state=<TaskInstanceState.RUNNING: 'running'>, is_mapped=False, rendered_map_index=None, log_url='http://localhost:8080/dags/python_operator_v1/runs/scheduled__2023-06-23T10%3A00%3A00%2B00%3A00/tasks/python?try_number=1'),","chan":"stdout","logger":"task"}
{"timestamp":"2025-07-29T19:33:32.864291Z","level":"info","event":" 'triggering_asset_events': TriggeringAssetEventsAccessor(_events=defaultdict(<class 'list'>, {})),","chan":"stdout","logger":"task"}
{"timestamp":"2025-07-29T19:33:32.864374Z","level":"info","event":" 'ts': '2023-06-23T10:00:00+00:00',","chan":"stdout","logger":"task"}
{"timestamp":"2025-07-29T19:33:32.864440Z","level":"info","event":" 'ts_nodash': '20230623T100000',","chan":"stdout","logger":"task"}
{"timestamp":"2025-07-29T19:33:32.864503Z","level":"info","event":" 'ts_nodash_with_tz': '20230623T100000+0000',","chan":"stdout","logger":"task"}
{"timestamp":"2025-07-29T19:33:32.864591Z","level":"info","event":" 'var': {'json': <VariableAccessor (dynamic access)>,","chan":"stdout","logger":"task"}
{"timestamp":"2025-07-29T19:33:32.864660Z","level":"info","event":"         'value': <VariableAccessor (dynamic access)>}}","chan":"stdout","logger":"task"}
{"timestamp":"2025-07-29T19:33:32.864168","level":"info","event":"Done. Returned value was: 123","logger":"airflow.task.operators.airflow.providers.standard.operators.python.PythonOperator"}
{"timestamp":"2025-07-29T19:33:32.864459","level":"info","event":"Pushing xcom","ti":"RuntimeTaskInstance(id=UUID('019857ac-fbba-7db9-a4d5-f42cf0f88403'), task_id='python', dag_id='python_operator_v1', run_id='scheduled__2023-06-23T10:00:00+00:00', try_number=1, map_index=-1, hostname='bf6f1e7a6f11', context_carrier={}, task=<Task(PythonOperator): python>, bundle_instance=LocalDagBundle(name=dags-folder), max_tries=0, start_date=datetime.datetime(2025, 7, 29, 19, 33, 32, 321976, tzinfo=datetime.timezone.utc), end_date=None, state=<TaskInstanceState.RUNNING: 'running'>, is_mapped=False, rendered_map_index=None, log_url='http://localhost:8080/dags/python_operator_v1/runs/scheduled__2023-06-23T10%3A00%3A00%2B00%3A00/tasks/python?try_number=1')","logger":"task"}
{"timestamp":"2025-07-29T19:33:32.896260Z","level":"info","event":"Task instance in success state","chan":"stdout","logger":"task"}
{"timestamp":"2025-07-29T19:33:32.896505Z","level":"info","event":" Previous state of the Task instance: TaskInstanceState.RUNNING","chan":"stdout","logger":"task"}
{"timestamp":"2025-07-29T19:33:32.896667Z","level":"info","event":"Task operator:<Task(PythonOperator): python>","chan":"stdout","logger":"task"}
