{"timestamp":"2025-07-29T19:44:44.445221","level":"info","event":"DAG bundles loaded: dags-folder, example_dags","logger":"airflow.dag_processing.bundles.manager.DagBundlesManager"}
{"timestamp":"2025-07-29T19:44:44.445844","level":"info","event":"Filling up the DagBag from /opt/airflow/dags/python_operator_v1.py","logger":"airflow.models.dagbag.DagBag"}
{"timestamp":"2025-07-29T19:44:44.483792Z","level":"info","event":"Task instance is in running state","chan":"stdout","logger":"task"}
{"timestamp":"2025-07-29T19:44:44.484039Z","level":"info","event":" Previous state of the Task instance: TaskInstanceState.QUEUED","chan":"stdout","logger":"task"}
{"timestamp":"2025-07-29T19:44:44.484820Z","level":"info","event":"Current task name:python","chan":"stdout","logger":"task"}
{"timestamp":"2025-07-29T19:44:44.484971Z","level":"info","event":"Dag name:python_operator_v1","chan":"stdout","logger":"task"}
{"timestamp":"2025-07-29T19:44:44.486526Z","level":"info","event":"poliana","chan":"stdout","logger":"task"}
{"timestamp":"2025-07-29T19:44:44.487902Z","level":"info","event":"{'conn': <ConnectionAccessor (dynamic access)>,","chan":"stdout","logger":"task"}
{"timestamp":"2025-07-29T19:44:44.488096Z","level":"info","event":" 'dag': <DAG: python_operator_v1>,","chan":"stdout","logger":"task"}
{"timestamp":"2025-07-29T19:44:44.488266Z","level":"info","event":" 'dag_run': DagRun(dag_id='python_operator_v1', run_id='scheduled__2023-06-23T22:21:00+00:00', logical_date=datetime.datetime(2023, 6, 23, 22, 21, tzinfo=datetime.timezone.utc), data_interval_start=datetime.datetime(2023, 6, 23, 22, 21, tzinfo=datetime.timezone.utc), data_interval_end=datetime.datetime(2023, 6, 23, 22, 21, tzinfo=datetime.timezone.utc), run_after=datetime.datetime(2023, 6, 23, 22, 21, tzinfo=datetime.timezone.utc), start_date=datetime.datetime(2025, 7, 29, 19, 44, 43, 709025, tzinfo=datetime.timezone.utc), end_date=None, clear_number=0, run_type=<DagRunType.SCHEDULED: 'scheduled'>, conf={}, consumed_asset_events=[]),","chan":"stdout","logger":"task"}
{"timestamp":"2025-07-29T19:44:44.488346Z","level":"info","event":" 'data_interval_end': DateTime(2023, 6, 23, 22, 21, 0, tzinfo=Timezone('UTC')),","chan":"stdout","logger":"task"}
{"timestamp":"2025-07-29T19:44:44.488400Z","level":"info","event":" 'data_interval_start': DateTime(2023, 6, 23, 22, 21, 0, tzinfo=Timezone('UTC')),","chan":"stdout","logger":"task"}
{"timestamp":"2025-07-29T19:44:44.488445Z","level":"info","event":" 'ds': '2023-06-23',","chan":"stdout","logger":"task"}
{"timestamp":"2025-07-29T19:44:44.488508Z","level":"info","event":" 'ds_nodash': '20230623',","chan":"stdout","logger":"task"}
{"timestamp":"2025-07-29T19:44:44.488567Z","level":"info","event":" 'inlet_events': InletEventsAccessors(_inlets=[], _assets={}, _asset_aliases={}),","chan":"stdout","logger":"task"}
{"timestamp":"2025-07-29T19:44:44.488611Z","level":"info","event":" 'inlets': [],","chan":"stdout","logger":"task"}
{"timestamp":"2025-07-29T19:44:44.488653Z","level":"info","event":" 'logical_date': DateTime(2023, 6, 23, 22, 21, 0, tzinfo=Timezone('UTC')),","chan":"stdout","logger":"task"}
{"timestamp":"2025-07-29T19:44:44.488694Z","level":"info","event":" 'macros': <MacrosAccessor (dynamic access to macros)>,","chan":"stdout","logger":"task"}
{"timestamp":"2025-07-29T19:44:44.488735Z","level":"info","event":" 'map_index_template': None,","chan":"stdout","logger":"task"}
{"timestamp":"2025-07-29T19:44:44.488780Z","level":"info","event":" 'outlet_events': <airflow.sdk.execution_time.context.OutletEventAccessors object at 0x7fb677b3fa70>,","chan":"stdout","logger":"task"}
{"timestamp":"2025-07-29T19:44:44.488821Z","level":"info","event":" 'outlets': [],","chan":"stdout","logger":"task"}
{"timestamp":"2025-07-29T19:44:44.488861Z","level":"info","event":" 'params': {},","chan":"stdout","logger":"task"}
{"timestamp":"2025-07-29T19:44:44.500331Z","level":"info","event":" 'prev_data_interval_end_success': <Proxy at 0x7fb66fca6d20 with factory <function RuntimeTaskInstance.get_template_context.<locals>.<lambda> at 0x7fb66fcc1080>>,","chan":"stdout","logger":"task"}
{"timestamp":"2025-07-29T19:44:44.500626Z","level":"info","event":" 'prev_data_interval_start_success': <Proxy at 0x7fb66fc05d30 with factory <function RuntimeTaskInstance.get_template_context.<locals>.<lambda> at 0x7fb66fcc27a0>>,","chan":"stdout","logger":"task"}
{"timestamp":"2025-07-29T19:44:44.500720Z","level":"info","event":" 'prev_end_date_success': <Proxy at 0x7fb67e397e30 with factory <function RuntimeTaskInstance.get_template_context.<locals>.<lambda> at 0x7fb66fcc2840>>,","chan":"stdout","logger":"task"}
{"timestamp":"2025-07-29T19:44:44.500796Z","level":"info","event":" 'prev_start_date_success': <Proxy at 0x7fb66fca4ec0 with factory <function RuntimeTaskInstance.get_template_context.<locals>.<lambda> at 0x7fb66fcc1580>>,","chan":"stdout","logger":"task"}
{"timestamp":"2025-07-29T19:44:44.500869Z","level":"info","event":" 'run_id': 'scheduled__2023-06-23T22:21:00+00:00',","chan":"stdout","logger":"task"}
{"timestamp":"2025-07-29T19:44:44.500945Z","level":"info","event":" 'task': <Task(PythonOperator): python>,","chan":"stdout","logger":"task"}
{"timestamp":"2025-07-29T19:44:44.501025Z","level":"info","event":" 'task_instance': RuntimeTaskInstance(id=UUID('019857b7-3eb9-77f4-95e9-507271f25f2b'), task_id='python', dag_id='python_operator_v1', run_id='scheduled__2023-06-23T22:21:00+00:00', try_number=1, map_index=-1, hostname='bf6f1e7a6f11', context_carrier={}, task=<Task(PythonOperator): python>, bundle_instance=LocalDagBundle(name=dags-folder), max_tries=0, start_date=datetime.datetime(2025, 7, 29, 19, 44, 43, 924216, tzinfo=datetime.timezone.utc), end_date=None, state=<TaskInstanceState.RUNNING: 'running'>, is_mapped=False, rendered_map_index=None, log_url='http://localhost:8080/dags/python_operator_v1/runs/scheduled__2023-06-23T22%3A21%3A00%2B00%3A00/tasks/python?try_number=1'),","chan":"stdout","logger":"task"}
{"timestamp":"2025-07-29T19:44:44.501108Z","level":"info","event":" 'task_instance_key_str': 'python_operator_v1__python__20230623',","chan":"stdout","logger":"task"}
{"timestamp":"2025-07-29T19:44:44.501186Z","level":"info","event":" 'task_reschedule_count': 0,","chan":"stdout","logger":"task"}
{"timestamp":"2025-07-29T19:44:44.501264Z","level":"info","event":" 'templates_dict': None,","chan":"stdout","logger":"task"}
{"timestamp":"2025-07-29T19:44:44.501345Z","level":"info","event":" 'ti': RuntimeTaskInstance(id=UUID('019857b7-3eb9-77f4-95e9-507271f25f2b'), task_id='python', dag_id='python_operator_v1', run_id='scheduled__2023-06-23T22:21:00+00:00', try_number=1, map_index=-1, hostname='bf6f1e7a6f11', context_carrier={}, task=<Task(PythonOperator): python>, bundle_instance=LocalDagBundle(name=dags-folder), max_tries=0, start_date=datetime.datetime(2025, 7, 29, 19, 44, 43, 924216, tzinfo=datetime.timezone.utc), end_date=None, state=<TaskInstanceState.RUNNING: 'running'>, is_mapped=False, rendered_map_index=None, log_url='http://localhost:8080/dags/python_operator_v1/runs/scheduled__2023-06-23T22%3A21%3A00%2B00%3A00/tasks/python?try_number=1'),","chan":"stdout","logger":"task"}
{"timestamp":"2025-07-29T19:44:44.501419Z","level":"info","event":" 'triggering_asset_events': TriggeringAssetEventsAccessor(_events=defaultdict(<class 'list'>, {})),","chan":"stdout","logger":"task"}
{"timestamp":"2025-07-29T19:44:44.501496Z","level":"info","event":" 'ts': '2023-06-23T22:21:00+00:00',","chan":"stdout","logger":"task"}
{"timestamp":"2025-07-29T19:44:44.501572Z","level":"info","event":" 'ts_nodash': '20230623T222100',","chan":"stdout","logger":"task"}
{"timestamp":"2025-07-29T19:44:44.501649Z","level":"info","event":" 'ts_nodash_with_tz': '20230623T222100+0000',","chan":"stdout","logger":"task"}
{"timestamp":"2025-07-29T19:44:44.501726Z","level":"info","event":" 'var': {'json': <VariableAccessor (dynamic access)>,","chan":"stdout","logger":"task"}
{"timestamp":"2025-07-29T19:44:44.501803Z","level":"info","event":"         'value': <VariableAccessor (dynamic access)>}}","chan":"stdout","logger":"task"}
{"timestamp":"2025-07-29T19:44:44.501013","level":"info","event":"Done. Returned value was: 123","logger":"airflow.task.operators.airflow.providers.standard.operators.python.PythonOperator"}
{"timestamp":"2025-07-29T19:44:44.501180","level":"info","event":"Pushing xcom","ti":"RuntimeTaskInstance(id=UUID('019857b7-3eb9-77f4-95e9-507271f25f2b'), task_id='python', dag_id='python_operator_v1', run_id='scheduled__2023-06-23T22:21:00+00:00', try_number=1, map_index=-1, hostname='bf6f1e7a6f11', context_carrier={}, task=<Task(PythonOperator): python>, bundle_instance=LocalDagBundle(name=dags-folder), max_tries=0, start_date=datetime.datetime(2025, 7, 29, 19, 44, 43, 924216, tzinfo=datetime.timezone.utc), end_date=None, state=<TaskInstanceState.RUNNING: 'running'>, is_mapped=False, rendered_map_index=None, log_url='http://localhost:8080/dags/python_operator_v1/runs/scheduled__2023-06-23T22%3A21%3A00%2B00%3A00/tasks/python?try_number=1')","logger":"task"}
{"timestamp":"2025-07-29T19:44:44.526243Z","level":"info","event":"Task instance in success state","chan":"stdout","logger":"task"}
{"timestamp":"2025-07-29T19:44:44.526547Z","level":"info","event":" Previous state of the Task instance: TaskInstanceState.RUNNING","chan":"stdout","logger":"task"}
{"timestamp":"2025-07-29T19:44:44.526764Z","level":"info","event":"Task operator:<Task(PythonOperator): python>","chan":"stdout","logger":"task"}
