{"timestamp":"2025-07-29T19:47:26.228625","level":"info","event":"DAG bundles loaded: dags-folder, example_dags","logger":"airflow.dag_processing.bundles.manager.DagBundlesManager"}
{"timestamp":"2025-07-29T19:47:26.229383","level":"info","event":"Filling up the DagBag from /opt/airflow/dags/python_operator_v1.py","logger":"airflow.models.dagbag.DagBag"}
{"timestamp":"2025-07-29T19:47:26.275068Z","level":"info","event":"Task instance is in running state","chan":"stdout","logger":"task"}
{"timestamp":"2025-07-29T19:47:26.275262Z","level":"info","event":" Previous state of the Task instance: TaskInstanceState.QUEUED","chan":"stdout","logger":"task"}
{"timestamp":"2025-07-29T19:47:26.276169Z","level":"info","event":"Current task name:python","chan":"stdout","logger":"task"}
{"timestamp":"2025-07-29T19:47:26.276403Z","level":"info","event":"Dag name:python_operator_v1","chan":"stdout","logger":"task"}
{"timestamp":"2025-07-29T19:47:26.277956Z","level":"info","event":"poliana","chan":"stdout","logger":"task"}
{"timestamp":"2025-07-29T19:47:26.278914Z","level":"info","event":"{'conn': <ConnectionAccessor (dynamic access)>,","chan":"stdout","logger":"task"}
{"timestamp":"2025-07-29T19:47:26.279202Z","level":"info","event":" 'dag': <DAG: python_operator_v1>,","chan":"stdout","logger":"task"}
{"timestamp":"2025-07-29T19:47:26.279523Z","level":"info","event":" 'dag_run': DagRun(dag_id='python_operator_v1', run_id='scheduled__2023-06-24T01:27:00+00:00', logical_date=datetime.datetime(2023, 6, 24, 1, 27, tzinfo=datetime.timezone.utc), data_interval_start=datetime.datetime(2023, 6, 24, 1, 27, tzinfo=datetime.timezone.utc), data_interval_end=datetime.datetime(2023, 6, 24, 1, 27, tzinfo=datetime.timezone.utc), run_after=datetime.datetime(2023, 6, 24, 1, 27, tzinfo=datetime.timezone.utc), start_date=datetime.datetime(2025, 7, 29, 19, 47, 24, 751099, tzinfo=datetime.timezone.utc), end_date=None, clear_number=0, run_type=<DagRunType.SCHEDULED: 'scheduled'>, conf={}, consumed_asset_events=[]),","chan":"stdout","logger":"task"}
{"timestamp":"2025-07-29T19:47:26.279802Z","level":"info","event":" 'data_interval_end': DateTime(2023, 6, 24, 1, 27, 0, tzinfo=Timezone('UTC')),","chan":"stdout","logger":"task"}
{"timestamp":"2025-07-29T19:47:26.279974Z","level":"info","event":" 'data_interval_start': DateTime(2023, 6, 24, 1, 27, 0, tzinfo=Timezone('UTC')),","chan":"stdout","logger":"task"}
{"timestamp":"2025-07-29T19:47:26.280101Z","level":"info","event":" 'ds': '2023-06-24',","chan":"stdout","logger":"task"}
{"timestamp":"2025-07-29T19:47:26.280184Z","level":"info","event":" 'ds_nodash': '20230624',","chan":"stdout","logger":"task"}
{"timestamp":"2025-07-29T19:47:26.280262Z","level":"info","event":" 'inlet_events': InletEventsAccessors(_inlets=[], _assets={}, _asset_aliases={}),","chan":"stdout","logger":"task"}
{"timestamp":"2025-07-29T19:47:26.280340Z","level":"info","event":" 'inlets': [],","chan":"stdout","logger":"task"}
{"timestamp":"2025-07-29T19:47:26.280416Z","level":"info","event":" 'logical_date': DateTime(2023, 6, 24, 1, 27, 0, tzinfo=Timezone('UTC')),","chan":"stdout","logger":"task"}
{"timestamp":"2025-07-29T19:47:26.280491Z","level":"info","event":" 'macros': <MacrosAccessor (dynamic access to macros)>,","chan":"stdout","logger":"task"}
{"timestamp":"2025-07-29T19:47:26.280563Z","level":"info","event":" 'map_index_template': None,","chan":"stdout","logger":"task"}
{"timestamp":"2025-07-29T19:47:26.280631Z","level":"info","event":" 'outlet_events': <airflow.sdk.execution_time.context.OutletEventAccessors object at 0x7fb66fd86f00>,","chan":"stdout","logger":"task"}
{"timestamp":"2025-07-29T19:47:26.280700Z","level":"info","event":" 'outlets': [],","chan":"stdout","logger":"task"}
{"timestamp":"2025-07-29T19:47:26.280770Z","level":"info","event":" 'params': {},","chan":"stdout","logger":"task"}
{"timestamp":"2025-07-29T19:47:26.293389Z","level":"info","event":" 'prev_data_interval_end_success': <Proxy at 0x7fb66fdc39b0 with factory <function RuntimeTaskInstance.get_template_context.<locals>.<lambda> at 0x7fb66fdec400>>,","chan":"stdout","logger":"task"}
{"timestamp":"2025-07-29T19:47:26.293641Z","level":"info","event":" 'prev_data_interval_start_success': <Proxy at 0x7fb66fdc3a40 with factory <function RuntimeTaskInstance.get_template_context.<locals>.<lambda> at 0x7fb66fdedb20>>,","chan":"stdout","logger":"task"}
{"timestamp":"2025-07-29T19:47:26.293721Z","level":"info","event":" 'prev_end_date_success': <Proxy at 0x7fb677b2c680 with factory <function RuntimeTaskInstance.get_template_context.<locals>.<lambda> at 0x7fb66fdedbc0>>,","chan":"stdout","logger":"task"}
{"timestamp":"2025-07-29T19:47:26.293775Z","level":"info","event":" 'prev_start_date_success': <Proxy at 0x7fb66fdc1a90 with factory <function RuntimeTaskInstance.get_template_context.<locals>.<lambda> at 0x7fb66fdec900>>,","chan":"stdout","logger":"task"}
{"timestamp":"2025-07-29T19:47:26.293822Z","level":"info","event":" 'run_id': 'scheduled__2023-06-24T01:27:00+00:00',","chan":"stdout","logger":"task"}
{"timestamp":"2025-07-29T19:47:26.293866Z","level":"info","event":" 'task': <Task(PythonOperator): python>,","chan":"stdout","logger":"task"}
{"timestamp":"2025-07-29T19:47:26.293912Z","level":"info","event":" 'task_instance': RuntimeTaskInstance(id=UUID('019857b9-b3bf-717f-8144-cbf8be506bea'), task_id='python', dag_id='python_operator_v1', run_id='scheduled__2023-06-24T01:27:00+00:00', try_number=1, map_index=-1, hostname='bf6f1e7a6f11', context_carrier={}, task=<Task(PythonOperator): python>, bundle_instance=LocalDagBundle(name=dags-folder), max_tries=0, start_date=datetime.datetime(2025, 7, 29, 19, 47, 25, 375958, tzinfo=datetime.timezone.utc), end_date=None, state=<TaskInstanceState.RUNNING: 'running'>, is_mapped=False, rendered_map_index=None, log_url='http://localhost:8080/dags/python_operator_v1/runs/scheduled__2023-06-24T01%3A27%3A00%2B00%3A00/tasks/python?try_number=1'),","chan":"stdout","logger":"task"}
{"timestamp":"2025-07-29T19:47:26.294105Z","level":"info","event":" 'task_instance_key_str': 'python_operator_v1__python__20230624',","chan":"stdout","logger":"task"}
{"timestamp":"2025-07-29T19:47:26.294233Z","level":"info","event":" 'task_reschedule_count': 0,","chan":"stdout","logger":"task"}
{"timestamp":"2025-07-29T19:47:26.294340Z","level":"info","event":" 'templates_dict': None,","chan":"stdout","logger":"task"}
{"timestamp":"2025-07-29T19:47:26.294414Z","level":"info","event":" 'ti': RuntimeTaskInstance(id=UUID('019857b9-b3bf-717f-8144-cbf8be506bea'), task_id='python', dag_id='python_operator_v1', run_id='scheduled__2023-06-24T01:27:00+00:00', try_number=1, map_index=-1, hostname='bf6f1e7a6f11', context_carrier={}, task=<Task(PythonOperator): python>, bundle_instance=LocalDagBundle(name=dags-folder), max_tries=0, start_date=datetime.datetime(2025, 7, 29, 19, 47, 25, 375958, tzinfo=datetime.timezone.utc), end_date=None, state=<TaskInstanceState.RUNNING: 'running'>, is_mapped=False, rendered_map_index=None, log_url='http://localhost:8080/dags/python_operator_v1/runs/scheduled__2023-06-24T01%3A27%3A00%2B00%3A00/tasks/python?try_number=1'),","chan":"stdout","logger":"task"}
{"timestamp":"2025-07-29T19:47:26.294484Z","level":"info","event":" 'triggering_asset_events': TriggeringAssetEventsAccessor(_events=defaultdict(<class 'list'>, {})),","chan":"stdout","logger":"task"}
{"timestamp":"2025-07-29T19:47:26.294554Z","level":"info","event":" 'ts': '2023-06-24T01:27:00+00:00',","chan":"stdout","logger":"task"}
{"timestamp":"2025-07-29T19:47:26.294616Z","level":"info","event":" 'ts_nodash': '20230624T012700',","chan":"stdout","logger":"task"}
{"timestamp":"2025-07-29T19:47:26.294724Z","level":"info","event":" 'ts_nodash_with_tz': '20230624T012700+0000',","chan":"stdout","logger":"task"}
{"timestamp":"2025-07-29T19:47:26.294913Z","level":"info","event":" 'var': {'json': <VariableAccessor (dynamic access)>,","chan":"stdout","logger":"task"}
{"timestamp":"2025-07-29T19:47:26.295066Z","level":"info","event":"         'value': <VariableAccessor (dynamic access)>}}","chan":"stdout","logger":"task"}
{"timestamp":"2025-07-29T19:47:26.294515","level":"info","event":"Done. Returned value was: 123","logger":"airflow.task.operators.airflow.providers.standard.operators.python.PythonOperator"}
{"timestamp":"2025-07-29T19:47:26.294932","level":"info","event":"Pushing xcom","ti":"RuntimeTaskInstance(id=UUID('019857b9-b3bf-717f-8144-cbf8be506bea'), task_id='python', dag_id='python_operator_v1', run_id='scheduled__2023-06-24T01:27:00+00:00', try_number=1, map_index=-1, hostname='bf6f1e7a6f11', context_carrier={}, task=<Task(PythonOperator): python>, bundle_instance=LocalDagBundle(name=dags-folder), max_tries=0, start_date=datetime.datetime(2025, 7, 29, 19, 47, 25, 375958, tzinfo=datetime.timezone.utc), end_date=None, state=<TaskInstanceState.RUNNING: 'running'>, is_mapped=False, rendered_map_index=None, log_url='http://localhost:8080/dags/python_operator_v1/runs/scheduled__2023-06-24T01%3A27%3A00%2B00%3A00/tasks/python?try_number=1')","logger":"task"}
{"timestamp":"2025-07-29T19:47:26.322938Z","level":"info","event":"Task instance in success state","chan":"stdout","logger":"task"}
{"timestamp":"2025-07-29T19:47:26.323131Z","level":"info","event":" Previous state of the Task instance: TaskInstanceState.RUNNING","chan":"stdout","logger":"task"}
{"timestamp":"2025-07-29T19:47:26.323287Z","level":"info","event":"Task operator:<Task(PythonOperator): python>","chan":"stdout","logger":"task"}
