{"timestamp":"2025-07-29T19:59:18.205788","level":"info","event":"DAG bundles loaded: dags-folder, example_dags","logger":"airflow.dag_processing.bundles.manager.DagBundlesManager"}
{"timestamp":"2025-07-29T19:59:18.206606","level":"info","event":"Filling up the DagBag from /opt/airflow/dags/2_python_operator_v1.py","logger":"airflow.models.dagbag.DagBag"}
{"timestamp":"2025-07-29T19:59:18.244174Z","level":"info","event":"Task instance is in running state","chan":"stdout","logger":"task"}
{"timestamp":"2025-07-29T19:59:18.244559Z","level":"info","event":" Previous state of the Task instance: TaskInstanceState.QUEUED","chan":"stdout","logger":"task"}
{"timestamp":"2025-07-29T19:59:18.245512Z","level":"info","event":"Current task name:python","chan":"stdout","logger":"task"}
{"timestamp":"2025-07-29T19:59:18.245721Z","level":"info","event":"Dag name:python_operator_v1","chan":"stdout","logger":"task"}
{"timestamp":"2025-07-29T19:59:18.247180Z","level":"info","event":"poliana","chan":"stdout","logger":"task"}
{"timestamp":"2025-07-29T19:59:18.248190Z","level":"info","event":"{'conn': <ConnectionAccessor (dynamic access)>,","chan":"stdout","logger":"task"}
{"timestamp":"2025-07-29T19:59:18.248391Z","level":"info","event":" 'dag': <DAG: python_operator_v1>,","chan":"stdout","logger":"task"}
{"timestamp":"2025-07-29T19:59:18.248582Z","level":"info","event":" 'dag_run': DagRun(dag_id='python_operator_v1', run_id='scheduled__2023-06-24T13:50:00+00:00', logical_date=datetime.datetime(2023, 6, 24, 13, 50, tzinfo=datetime.timezone.utc), data_interval_start=datetime.datetime(2023, 6, 24, 13, 50, tzinfo=datetime.timezone.utc), data_interval_end=datetime.datetime(2023, 6, 24, 13, 50, tzinfo=datetime.timezone.utc), run_after=datetime.datetime(2023, 6, 24, 13, 50, tzinfo=datetime.timezone.utc), start_date=datetime.datetime(2025, 7, 29, 19, 59, 17, 54957, tzinfo=datetime.timezone.utc), end_date=None, clear_number=0, run_type=<DagRunType.SCHEDULED: 'scheduled'>, conf={}, consumed_asset_events=[]),","chan":"stdout","logger":"task"}
{"timestamp":"2025-07-29T19:59:18.248705Z","level":"info","event":" 'data_interval_end': DateTime(2023, 6, 24, 13, 50, 0, tzinfo=Timezone('UTC')),","chan":"stdout","logger":"task"}
{"timestamp":"2025-07-29T19:59:18.248791Z","level":"info","event":" 'data_interval_start': DateTime(2023, 6, 24, 13, 50, 0, tzinfo=Timezone('UTC')),","chan":"stdout","logger":"task"}
{"timestamp":"2025-07-29T19:59:18.248862Z","level":"info","event":" 'ds': '2023-06-24',","chan":"stdout","logger":"task"}
{"timestamp":"2025-07-29T19:59:18.248930Z","level":"info","event":" 'ds_nodash': '20230624',","chan":"stdout","logger":"task"}
{"timestamp":"2025-07-29T19:59:18.249004Z","level":"info","event":" 'inlet_events': InletEventsAccessors(_inlets=[], _assets={}, _asset_aliases={}),","chan":"stdout","logger":"task"}
{"timestamp":"2025-07-29T19:59:18.249073Z","level":"info","event":" 'inlets': [],","chan":"stdout","logger":"task"}
{"timestamp":"2025-07-29T19:59:18.249172Z","level":"info","event":" 'logical_date': DateTime(2023, 6, 24, 13, 50, 0, tzinfo=Timezone('UTC')),","chan":"stdout","logger":"task"}
{"timestamp":"2025-07-29T19:59:18.249354Z","level":"info","event":" 'macros': <MacrosAccessor (dynamic access to macros)>,","chan":"stdout","logger":"task"}
{"timestamp":"2025-07-29T19:59:18.249442Z","level":"info","event":" 'map_index_template': None,","chan":"stdout","logger":"task"}
{"timestamp":"2025-07-29T19:59:18.249519Z","level":"info","event":" 'outlet_events': <airflow.sdk.execution_time.context.OutletEventAccessors object at 0x7fb66fc4fb60>,","chan":"stdout","logger":"task"}
{"timestamp":"2025-07-29T19:59:18.249587Z","level":"info","event":" 'outlets': [],","chan":"stdout","logger":"task"}
{"timestamp":"2025-07-29T19:59:18.249655Z","level":"info","event":" 'params': {},","chan":"stdout","logger":"task"}
{"timestamp":"2025-07-29T19:59:18.262052Z","level":"info","event":" 'prev_data_interval_end_success': <Proxy at 0x7fb66fc81790 with factory <function RuntimeTaskInstance.get_template_context.<locals>.<lambda> at 0x7fb66fc91a80>>,","chan":"stdout","logger":"task"}
{"timestamp":"2025-07-29T19:59:18.262329Z","level":"info","event":" 'prev_data_interval_start_success': <Proxy at 0x7fb66fc817f0 with factory <function RuntimeTaskInstance.get_template_context.<locals>.<lambda> at 0x7fb66fc931a0>>,","chan":"stdout","logger":"task"}
{"timestamp":"2025-07-29T19:59:18.262474Z","level":"info","event":" 'prev_end_date_success': <Proxy at 0x7fb66fc81ac0 with factory <function RuntimeTaskInstance.get_template_context.<locals>.<lambda> at 0x7fb66fc93240>>,","chan":"stdout","logger":"task"}
{"timestamp":"2025-07-29T19:59:18.262566Z","level":"info","event":" 'prev_start_date_success': <Proxy at 0x7fb66fc81a00 with factory <function RuntimeTaskInstance.get_template_context.<locals>.<lambda> at 0x7fb66fc91f80>>,","chan":"stdout","logger":"task"}
{"timestamp":"2025-07-29T19:59:18.262642Z","level":"info","event":" 'run_id': 'scheduled__2023-06-24T13:50:00+00:00',","chan":"stdout","logger":"task"}
{"timestamp":"2025-07-29T19:59:18.262718Z","level":"info","event":" 'task': <Task(PythonOperator): python>,","chan":"stdout","logger":"task"}
{"timestamp":"2025-07-29T19:59:18.262799Z","level":"info","event":" 'task_instance': RuntimeTaskInstance(id=UUID('019857c4-922f-7dd8-9395-4cc0cdb65de4'), task_id='python', dag_id='python_operator_v1', run_id='scheduled__2023-06-24T13:50:00+00:00', try_number=1, map_index=-1, hostname='bf6f1e7a6f11', context_carrier={}, task=<Task(PythonOperator): python>, bundle_instance=LocalDagBundle(name=dags-folder), max_tries=0, start_date=datetime.datetime(2025, 7, 29, 19, 59, 17, 593033, tzinfo=datetime.timezone.utc), end_date=None, state=<TaskInstanceState.RUNNING: 'running'>, is_mapped=False, rendered_map_index=None, log_url='http://localhost:8080/dags/python_operator_v1/runs/scheduled__2023-06-24T13%3A50%3A00%2B00%3A00/tasks/python?try_number=1'),","chan":"stdout","logger":"task"}
{"timestamp":"2025-07-29T19:59:18.262877Z","level":"info","event":" 'task_instance_key_str': 'python_operator_v1__python__20230624',","chan":"stdout","logger":"task"}
{"timestamp":"2025-07-29T19:59:18.262946Z","level":"info","event":" 'task_reschedule_count': 0,","chan":"stdout","logger":"task"}
{"timestamp":"2025-07-29T19:59:18.263018Z","level":"info","event":" 'templates_dict': None,","chan":"stdout","logger":"task"}
{"timestamp":"2025-07-29T19:59:18.263143Z","level":"info","event":" 'ti': RuntimeTaskInstance(id=UUID('019857c4-922f-7dd8-9395-4cc0cdb65de4'), task_id='python', dag_id='python_operator_v1', run_id='scheduled__2023-06-24T13:50:00+00:00', try_number=1, map_index=-1, hostname='bf6f1e7a6f11', context_carrier={}, task=<Task(PythonOperator): python>, bundle_instance=LocalDagBundle(name=dags-folder), max_tries=0, start_date=datetime.datetime(2025, 7, 29, 19, 59, 17, 593033, tzinfo=datetime.timezone.utc), end_date=None, state=<TaskInstanceState.RUNNING: 'running'>, is_mapped=False, rendered_map_index=None, log_url='http://localhost:8080/dags/python_operator_v1/runs/scheduled__2023-06-24T13%3A50%3A00%2B00%3A00/tasks/python?try_number=1'),","chan":"stdout","logger":"task"}
{"timestamp":"2025-07-29T19:59:18.263221Z","level":"info","event":" 'triggering_asset_events': TriggeringAssetEventsAccessor(_events=defaultdict(<class 'list'>, {})),","chan":"stdout","logger":"task"}
{"timestamp":"2025-07-29T19:59:18.263287Z","level":"info","event":" 'ts': '2023-06-24T13:50:00+00:00',","chan":"stdout","logger":"task"}
{"timestamp":"2025-07-29T19:59:18.263352Z","level":"info","event":" 'ts_nodash': '20230624T135000',","chan":"stdout","logger":"task"}
{"timestamp":"2025-07-29T19:59:18.263422Z","level":"info","event":" 'ts_nodash_with_tz': '20230624T135000+0000',","chan":"stdout","logger":"task"}
{"timestamp":"2025-07-29T19:59:18.263491Z","level":"info","event":" 'var': {'json': <VariableAccessor (dynamic access)>,","chan":"stdout","logger":"task"}
{"timestamp":"2025-07-29T19:59:18.263561Z","level":"info","event":"         'value': <VariableAccessor (dynamic access)>}}","chan":"stdout","logger":"task"}
{"timestamp":"2025-07-29T19:59:18.263148","level":"info","event":"Done. Returned value was: 123","logger":"airflow.task.operators.airflow.providers.standard.operators.python.PythonOperator"}
{"timestamp":"2025-07-29T19:59:18.263446","level":"info","event":"Pushing xcom","ti":"RuntimeTaskInstance(id=UUID('019857c4-922f-7dd8-9395-4cc0cdb65de4'), task_id='python', dag_id='python_operator_v1', run_id='scheduled__2023-06-24T13:50:00+00:00', try_number=1, map_index=-1, hostname='bf6f1e7a6f11', context_carrier={}, task=<Task(PythonOperator): python>, bundle_instance=LocalDagBundle(name=dags-folder), max_tries=0, start_date=datetime.datetime(2025, 7, 29, 19, 59, 17, 593033, tzinfo=datetime.timezone.utc), end_date=None, state=<TaskInstanceState.RUNNING: 'running'>, is_mapped=False, rendered_map_index=None, log_url='http://localhost:8080/dags/python_operator_v1/runs/scheduled__2023-06-24T13%3A50%3A00%2B00%3A00/tasks/python?try_number=1')","logger":"task"}
{"timestamp":"2025-07-29T19:59:18.310030Z","level":"info","event":"Task instance in success state","chan":"stdout","logger":"task"}
{"timestamp":"2025-07-29T19:59:18.310242Z","level":"info","event":" Previous state of the Task instance: TaskInstanceState.RUNNING","chan":"stdout","logger":"task"}
{"timestamp":"2025-07-29T19:59:18.310391Z","level":"info","event":"Task operator:<Task(PythonOperator): python>","chan":"stdout","logger":"task"}
