{"timestamp":"2025-07-29T19:54:03.251855","level":"info","event":"DAG bundles loaded: dags-folder, example_dags","logger":"airflow.dag_processing.bundles.manager.DagBundlesManager"}
{"timestamp":"2025-07-29T19:54:03.252292","level":"info","event":"Filling up the DagBag from /opt/airflow/dags/2_python_operator_v1.py","logger":"airflow.models.dagbag.DagBag"}
{"timestamp":"2025-07-29T19:54:03.273874Z","level":"info","event":"Task instance is in running state","chan":"stdout","logger":"task"}
{"timestamp":"2025-07-29T19:54:03.274003Z","level":"info","event":" Previous state of the Task instance: TaskInstanceState.QUEUED","chan":"stdout","logger":"task"}
{"timestamp":"2025-07-29T19:54:03.274404Z","level":"info","event":"Current task name:python","chan":"stdout","logger":"task"}
{"timestamp":"2025-07-29T19:54:03.274501Z","level":"info","event":"Dag name:python_operator_v1","chan":"stdout","logger":"task"}
{"timestamp":"2025-07-29T19:54:03.275417Z","level":"info","event":"poliana","chan":"stdout","logger":"task"}
{"timestamp":"2025-07-29T19:54:03.275971Z","level":"info","event":"{'conn': <ConnectionAccessor (dynamic access)>,","chan":"stdout","logger":"task"}
{"timestamp":"2025-07-29T19:54:03.276088Z","level":"info","event":" 'dag': <DAG: python_operator_v1>,","chan":"stdout","logger":"task"}
{"timestamp":"2025-07-29T19:54:03.276204Z","level":"info","event":" 'dag_run': DagRun(dag_id='python_operator_v1', run_id='scheduled__2023-06-24T08:39:00+00:00', logical_date=datetime.datetime(2023, 6, 24, 8, 39, tzinfo=datetime.timezone.utc), data_interval_start=datetime.datetime(2023, 6, 24, 8, 39, tzinfo=datetime.timezone.utc), data_interval_end=datetime.datetime(2023, 6, 24, 8, 39, tzinfo=datetime.timezone.utc), run_after=datetime.datetime(2023, 6, 24, 8, 39, tzinfo=datetime.timezone.utc), start_date=datetime.datetime(2025, 7, 29, 19, 54, 2, 422866, tzinfo=datetime.timezone.utc), end_date=None, clear_number=0, run_type=<DagRunType.SCHEDULED: 'scheduled'>, conf={}, consumed_asset_events=[]),","chan":"stdout","logger":"task"}
{"timestamp":"2025-07-29T19:54:03.276265Z","level":"info","event":" 'data_interval_end': DateTime(2023, 6, 24, 8, 39, 0, tzinfo=Timezone('UTC')),","chan":"stdout","logger":"task"}
{"timestamp":"2025-07-29T19:54:03.276315Z","level":"info","event":" 'data_interval_start': DateTime(2023, 6, 24, 8, 39, 0, tzinfo=Timezone('UTC')),","chan":"stdout","logger":"task"}
{"timestamp":"2025-07-29T19:54:03.276358Z","level":"info","event":" 'ds': '2023-06-24',","chan":"stdout","logger":"task"}
{"timestamp":"2025-07-29T19:54:03.276400Z","level":"info","event":" 'ds_nodash': '20230624',","chan":"stdout","logger":"task"}
{"timestamp":"2025-07-29T19:54:03.276441Z","level":"info","event":" 'inlet_events': InletEventsAccessors(_inlets=[], _assets={}, _asset_aliases={}),","chan":"stdout","logger":"task"}
{"timestamp":"2025-07-29T19:54:03.276483Z","level":"info","event":" 'inlets': [],","chan":"stdout","logger":"task"}
{"timestamp":"2025-07-29T19:54:03.276524Z","level":"info","event":" 'logical_date': DateTime(2023, 6, 24, 8, 39, 0, tzinfo=Timezone('UTC')),","chan":"stdout","logger":"task"}
{"timestamp":"2025-07-29T19:54:03.276564Z","level":"info","event":" 'macros': <MacrosAccessor (dynamic access to macros)>,","chan":"stdout","logger":"task"}
{"timestamp":"2025-07-29T19:54:03.276604Z","level":"info","event":" 'map_index_template': None,","chan":"stdout","logger":"task"}
{"timestamp":"2025-07-29T19:54:03.276645Z","level":"info","event":" 'outlet_events': <airflow.sdk.execution_time.context.OutletEventAccessors object at 0x7fb67ea5e4b0>,","chan":"stdout","logger":"task"}
{"timestamp":"2025-07-29T19:54:03.276685Z","level":"info","event":" 'outlets': [],","chan":"stdout","logger":"task"}
{"timestamp":"2025-07-29T19:54:03.276727Z","level":"info","event":" 'params': {},","chan":"stdout","logger":"task"}
{"timestamp":"2025-07-29T19:54:03.284882Z","level":"info","event":" 'prev_data_interval_end_success': <Proxy at 0x7fb66fdea960 with factory <function RuntimeTaskInstance.get_template_context.<locals>.<lambda> at 0x7fb66fc0d4e0>>,","chan":"stdout","logger":"task"}
{"timestamp":"2025-07-29T19:54:03.285017Z","level":"info","event":" 'prev_data_interval_start_success': <Proxy at 0x7fb67eba4ef0 with factory <function RuntimeTaskInstance.get_template_context.<locals>.<lambda> at 0x7fb66fc0ec00>>,","chan":"stdout","logger":"task"}
{"timestamp":"2025-07-29T19:54:03.285117Z","level":"info","event":" 'prev_end_date_success': <Proxy at 0x7fb66ff9ef90 with factory <function RuntimeTaskInstance.get_template_context.<locals>.<lambda> at 0x7fb66fc0eca0>>,","chan":"stdout","logger":"task"}
{"timestamp":"2025-07-29T19:54:03.285176Z","level":"info","event":" 'prev_start_date_success': <Proxy at 0x7fb67c9bfe30 with factory <function RuntimeTaskInstance.get_template_context.<locals>.<lambda> at 0x7fb66fc0d9e0>>,","chan":"stdout","logger":"task"}
{"timestamp":"2025-07-29T19:54:03.285226Z","level":"info","event":" 'run_id': 'scheduled__2023-06-24T08:39:00+00:00',","chan":"stdout","logger":"task"}
{"timestamp":"2025-07-29T19:54:03.285272Z","level":"info","event":" 'task': <Task(PythonOperator): python>,","chan":"stdout","logger":"task"}
{"timestamp":"2025-07-29T19:54:03.285321Z","level":"info","event":" 'task_instance': RuntimeTaskInstance(id=UUID('019857bf-c531-7952-b3c3-b6d0d090d5e7'), task_id='python', dag_id='python_operator_v1', run_id='scheduled__2023-06-24T08:39:00+00:00', try_number=1, map_index=-1, hostname='bf6f1e7a6f11', context_carrier={}, task=<Task(PythonOperator): python>, bundle_instance=LocalDagBundle(name=dags-folder), max_tries=0, start_date=datetime.datetime(2025, 7, 29, 19, 54, 2, 789878, tzinfo=datetime.timezone.utc), end_date=None, state=<TaskInstanceState.RUNNING: 'running'>, is_mapped=False, rendered_map_index=None, log_url='http://localhost:8080/dags/python_operator_v1/runs/scheduled__2023-06-24T08%3A39%3A00%2B00%3A00/tasks/python?try_number=1'),","chan":"stdout","logger":"task"}
{"timestamp":"2025-07-29T19:54:03.285371Z","level":"info","event":" 'task_instance_key_str': 'python_operator_v1__python__20230624',","chan":"stdout","logger":"task"}
{"timestamp":"2025-07-29T19:54:03.285417Z","level":"info","event":" 'task_reschedule_count': 0,","chan":"stdout","logger":"task"}
{"timestamp":"2025-07-29T19:54:03.285458Z","level":"info","event":" 'templates_dict': None,","chan":"stdout","logger":"task"}
{"timestamp":"2025-07-29T19:54:03.285504Z","level":"info","event":" 'ti': RuntimeTaskInstance(id=UUID('019857bf-c531-7952-b3c3-b6d0d090d5e7'), task_id='python', dag_id='python_operator_v1', run_id='scheduled__2023-06-24T08:39:00+00:00', try_number=1, map_index=-1, hostname='bf6f1e7a6f11', context_carrier={}, task=<Task(PythonOperator): python>, bundle_instance=LocalDagBundle(name=dags-folder), max_tries=0, start_date=datetime.datetime(2025, 7, 29, 19, 54, 2, 789878, tzinfo=datetime.timezone.utc), end_date=None, state=<TaskInstanceState.RUNNING: 'running'>, is_mapped=False, rendered_map_index=None, log_url='http://localhost:8080/dags/python_operator_v1/runs/scheduled__2023-06-24T08%3A39%3A00%2B00%3A00/tasks/python?try_number=1'),","chan":"stdout","logger":"task"}
{"timestamp":"2025-07-29T19:54:03.285551Z","level":"info","event":" 'triggering_asset_events': TriggeringAssetEventsAccessor(_events=defaultdict(<class 'list'>, {})),","chan":"stdout","logger":"task"}
{"timestamp":"2025-07-29T19:54:03.285592Z","level":"info","event":" 'ts': '2023-06-24T08:39:00+00:00',","chan":"stdout","logger":"task"}
{"timestamp":"2025-07-29T19:54:03.285632Z","level":"info","event":" 'ts_nodash': '20230624T083900',","chan":"stdout","logger":"task"}
{"timestamp":"2025-07-29T19:54:03.285673Z","level":"info","event":" 'ts_nodash_with_tz': '20230624T083900+0000',","chan":"stdout","logger":"task"}
{"timestamp":"2025-07-29T19:54:03.285713Z","level":"info","event":" 'var': {'json': <VariableAccessor (dynamic access)>,","chan":"stdout","logger":"task"}
{"timestamp":"2025-07-29T19:54:03.285752Z","level":"info","event":"         'value': <VariableAccessor (dynamic access)>}}","chan":"stdout","logger":"task"}
{"timestamp":"2025-07-29T19:54:03.285529","level":"info","event":"Done. Returned value was: 123","logger":"airflow.task.operators.airflow.providers.standard.operators.python.PythonOperator"}
{"timestamp":"2025-07-29T19:54:03.285705","level":"info","event":"Pushing xcom","ti":"RuntimeTaskInstance(id=UUID('019857bf-c531-7952-b3c3-b6d0d090d5e7'), task_id='python', dag_id='python_operator_v1', run_id='scheduled__2023-06-24T08:39:00+00:00', try_number=1, map_index=-1, hostname='bf6f1e7a6f11', context_carrier={}, task=<Task(PythonOperator): python>, bundle_instance=LocalDagBundle(name=dags-folder), max_tries=0, start_date=datetime.datetime(2025, 7, 29, 19, 54, 2, 789878, tzinfo=datetime.timezone.utc), end_date=None, state=<TaskInstanceState.RUNNING: 'running'>, is_mapped=False, rendered_map_index=None, log_url='http://localhost:8080/dags/python_operator_v1/runs/scheduled__2023-06-24T08%3A39%3A00%2B00%3A00/tasks/python?try_number=1')","logger":"task"}
{"timestamp":"2025-07-29T19:54:03.307721Z","level":"info","event":"Task instance in success state","chan":"stdout","logger":"task"}
{"timestamp":"2025-07-29T19:54:03.307847Z","level":"info","event":" Previous state of the Task instance: TaskInstanceState.RUNNING","chan":"stdout","logger":"task"}
{"timestamp":"2025-07-29T19:54:03.307934Z","level":"info","event":"Task operator:<Task(PythonOperator): python>","chan":"stdout","logger":"task"}
