{"timestamp":"2025-07-29T20:04:03.249698","level":"info","event":"DAG bundles loaded: dags-folder, example_dags","logger":"airflow.dag_processing.bundles.manager.DagBundlesManager"}
{"timestamp":"2025-07-29T20:04:03.250210","level":"info","event":"Filling up the DagBag from /opt/airflow/dags/3_dag_principal.py","logger":"airflow.models.dagbag.DagBag"}
{"timestamp":"2025-07-29T20:04:03.277406Z","level":"info","event":"Task instance is in running state","chan":"stdout","logger":"task"}
{"timestamp":"2025-07-29T20:04:03.277577Z","level":"info","event":" Previous state of the Task instance: TaskInstanceState.QUEUED","chan":"stdout","logger":"task"}
{"timestamp":"2025-07-29T20:04:03.277973Z","level":"info","event":"Current task name:python_principal","chan":"stdout","logger":"task"}
{"timestamp":"2025-07-29T20:04:03.278056Z","level":"info","event":"Dag name:3_DAG_principal","chan":"stdout","logger":"task"}
{"timestamp":"2025-07-29T20:04:03.279072Z","level":"info","event":"DAG principal","chan":"stdout","logger":"task"}
{"timestamp":"2025-07-29T20:04:03.279882Z","level":"info","event":"{'conn': <ConnectionAccessor (dynamic access)>,","chan":"stdout","logger":"task"}
{"timestamp":"2025-07-29T20:04:03.280019Z","level":"info","event":" 'dag': <DAG: 3_DAG_principal>,","chan":"stdout","logger":"task"}
{"timestamp":"2025-07-29T20:04:03.280173Z","level":"info","event":" 'dag_run': DagRun(dag_id='3_DAG_principal', run_id='scheduled__2024-04-17T20:00:00+00:00', logical_date=datetime.datetime(2024, 4, 17, 20, 0, tzinfo=datetime.timezone.utc), data_interval_start=datetime.datetime(2024, 4, 17, 20, 0, tzinfo=datetime.timezone.utc), data_interval_end=datetime.datetime(2024, 4, 17, 20, 0, tzinfo=datetime.timezone.utc), run_after=datetime.datetime(2024, 4, 17, 20, 0, tzinfo=datetime.timezone.utc), start_date=datetime.datetime(2025, 7, 29, 20, 4, 2, 69364, tzinfo=datetime.timezone.utc), end_date=None, clear_number=0, run_type=<DagRunType.SCHEDULED: 'scheduled'>, conf={}, consumed_asset_events=[]),","chan":"stdout","logger":"task"}
{"timestamp":"2025-07-29T20:04:03.280258Z","level":"info","event":" 'data_interval_end': DateTime(2024, 4, 17, 20, 0, 0, tzinfo=Timezone('UTC')),","chan":"stdout","logger":"task"}
{"timestamp":"2025-07-29T20:04:03.280337Z","level":"info","event":" 'data_interval_start': DateTime(2024, 4, 17, 20, 0, 0, tzinfo=Timezone('UTC')),","chan":"stdout","logger":"task"}
{"timestamp":"2025-07-29T20:04:03.280404Z","level":"info","event":" 'ds': '2024-04-17',","chan":"stdout","logger":"task"}
{"timestamp":"2025-07-29T20:04:03.280466Z","level":"info","event":" 'ds_nodash': '20240417',","chan":"stdout","logger":"task"}
{"timestamp":"2025-07-29T20:04:03.280527Z","level":"info","event":" 'inlet_events': InletEventsAccessors(_inlets=[], _assets={}, _asset_aliases={}),","chan":"stdout","logger":"task"}
{"timestamp":"2025-07-29T20:04:03.280589Z","level":"info","event":" 'inlets': [],","chan":"stdout","logger":"task"}
{"timestamp":"2025-07-29T20:04:03.280651Z","level":"info","event":" 'logical_date': DateTime(2024, 4, 17, 20, 0, 0, tzinfo=Timezone('UTC')),","chan":"stdout","logger":"task"}
{"timestamp":"2025-07-29T20:04:03.280720Z","level":"info","event":" 'macros': <MacrosAccessor (dynamic access to macros)>,","chan":"stdout","logger":"task"}
{"timestamp":"2025-07-29T20:04:03.280781Z","level":"info","event":" 'map_index_template': None,","chan":"stdout","logger":"task"}
{"timestamp":"2025-07-29T20:04:03.280842Z","level":"info","event":" 'outlet_events': <airflow.sdk.execution_time.context.OutletEventAccessors object at 0x7fb67d2965d0>,","chan":"stdout","logger":"task"}
{"timestamp":"2025-07-29T20:04:03.280901Z","level":"info","event":" 'outlets': [],","chan":"stdout","logger":"task"}
{"timestamp":"2025-07-29T20:04:03.280960Z","level":"info","event":" 'params': {},","chan":"stdout","logger":"task"}
{"timestamp":"2025-07-29T20:04:03.297046Z","level":"info","event":" 'prev_data_interval_end_success': <Proxy at 0x7fb66fc1f050 with factory <function RuntimeTaskInstance.get_template_context.<locals>.<lambda> at 0x7fb66fc468e0>>,","chan":"stdout","logger":"task"}
{"timestamp":"2025-07-29T20:04:03.297216Z","level":"info","event":" 'prev_data_interval_start_success': <Proxy at 0x7fb66fc1f080 with factory <function RuntimeTaskInstance.get_template_context.<locals>.<lambda> at 0x7fb66fc45120>>,","chan":"stdout","logger":"task"}
{"timestamp":"2025-07-29T20:04:03.297294Z","level":"info","event":" 'prev_end_date_success': <Proxy at 0x7fb67ebbfe30 with factory <function RuntimeTaskInstance.get_template_context.<locals>.<lambda> at 0x7fb66fc46980>>,","chan":"stdout","logger":"task"}
{"timestamp":"2025-07-29T20:04:03.297361Z","level":"info","event":" 'prev_start_date_success': <Proxy at 0x7fb66fc1f260 with factory <function RuntimeTaskInstance.get_template_context.<locals>.<lambda> at 0x7fb66fc456c0>>,","chan":"stdout","logger":"task"}
{"timestamp":"2025-07-29T20:04:03.297422Z","level":"info","event":" 'run_id': 'scheduled__2024-04-17T20:00:00+00:00',","chan":"stdout","logger":"task"}
{"timestamp":"2025-07-29T20:04:03.297468Z","level":"info","event":" 'task': <Task(PythonOperator): python_principal>,","chan":"stdout","logger":"task"}
{"timestamp":"2025-07-29T20:04:03.297514Z","level":"info","event":" 'task_instance': RuntimeTaskInstance(id=UUID('019857c8-eb68-73ee-8dd5-254e0a8820a7'), task_id='python_principal', dag_id='3_DAG_principal', run_id='scheduled__2024-04-17T20:00:00+00:00', try_number=1, map_index=-1, hostname='bf6f1e7a6f11', context_carrier={}, task=<Task(PythonOperator): python_principal>, bundle_instance=LocalDagBundle(name=dags-folder), max_tries=0, start_date=datetime.datetime(2025, 7, 29, 20, 4, 2, 719475, tzinfo=datetime.timezone.utc), end_date=None, state=<TaskInstanceState.RUNNING: 'running'>, is_mapped=False, rendered_map_index=None, log_url='http://localhost:8080/dags/3_DAG_principal/runs/scheduled__2024-04-17T20%3A00%3A00%2B00%3A00/tasks/python_principal?try_number=1'),","chan":"stdout","logger":"task"}
{"timestamp":"2025-07-29T20:04:03.297561Z","level":"info","event":" 'task_instance_key_str': '3_DAG_principal__python_principal__20240417',","chan":"stdout","logger":"task"}
{"timestamp":"2025-07-29T20:04:03.297604Z","level":"info","event":" 'task_reschedule_count': 0,","chan":"stdout","logger":"task"}
{"timestamp":"2025-07-29T20:04:03.297646Z","level":"info","event":" 'templates_dict': None,","chan":"stdout","logger":"task"}
{"timestamp":"2025-07-29T20:04:03.297720Z","level":"info","event":" 'ti': RuntimeTaskInstance(id=UUID('019857c8-eb68-73ee-8dd5-254e0a8820a7'), task_id='python_principal', dag_id='3_DAG_principal', run_id='scheduled__2024-04-17T20:00:00+00:00', try_number=1, map_index=-1, hostname='bf6f1e7a6f11', context_carrier={}, task=<Task(PythonOperator): python_principal>, bundle_instance=LocalDagBundle(name=dags-folder), max_tries=0, start_date=datetime.datetime(2025, 7, 29, 20, 4, 2, 719475, tzinfo=datetime.timezone.utc), end_date=None, state=<TaskInstanceState.RUNNING: 'running'>, is_mapped=False, rendered_map_index=None, log_url='http://localhost:8080/dags/3_DAG_principal/runs/scheduled__2024-04-17T20%3A00%3A00%2B00%3A00/tasks/python_principal?try_number=1'),","chan":"stdout","logger":"task"}
{"timestamp":"2025-07-29T20:04:03.297771Z","level":"info","event":" 'triggering_asset_events': TriggeringAssetEventsAccessor(_events=defaultdict(<class 'list'>, {})),","chan":"stdout","logger":"task"}
{"timestamp":"2025-07-29T20:04:03.297814Z","level":"info","event":" 'ts': '2024-04-17T20:00:00+00:00',","chan":"stdout","logger":"task"}
{"timestamp":"2025-07-29T20:04:03.297855Z","level":"info","event":" 'ts_nodash': '20240417T200000',","chan":"stdout","logger":"task"}
{"timestamp":"2025-07-29T20:04:03.297897Z","level":"info","event":" 'ts_nodash_with_tz': '20240417T200000+0000',","chan":"stdout","logger":"task"}
{"timestamp":"2025-07-29T20:04:03.297938Z","level":"info","event":" 'var': {'json': <VariableAccessor (dynamic access)>,","chan":"stdout","logger":"task"}
{"timestamp":"2025-07-29T20:04:03.297978Z","level":"info","event":"         'value': <VariableAccessor (dynamic access)>}}","chan":"stdout","logger":"task"}
{"timestamp":"2025-07-29T20:04:03.297398","level":"info","event":"Done. Returned value was: principal","logger":"airflow.task.operators.airflow.providers.standard.operators.python.PythonOperator"}
{"timestamp":"2025-07-29T20:04:03.297573","level":"info","event":"Pushing xcom","ti":"RuntimeTaskInstance(id=UUID('019857c8-eb68-73ee-8dd5-254e0a8820a7'), task_id='python_principal', dag_id='3_DAG_principal', run_id='scheduled__2024-04-17T20:00:00+00:00', try_number=1, map_index=-1, hostname='bf6f1e7a6f11', context_carrier={}, task=<Task(PythonOperator): python_principal>, bundle_instance=LocalDagBundle(name=dags-folder), max_tries=0, start_date=datetime.datetime(2025, 7, 29, 20, 4, 2, 719475, tzinfo=datetime.timezone.utc), end_date=None, state=<TaskInstanceState.RUNNING: 'running'>, is_mapped=False, rendered_map_index=None, log_url='http://localhost:8080/dags/3_DAG_principal/runs/scheduled__2024-04-17T20%3A00%3A00%2B00%3A00/tasks/python_principal?try_number=1')","logger":"task"}
{"timestamp":"2025-07-29T20:04:03.318857Z","level":"info","event":"Task instance in success state","chan":"stdout","logger":"task"}
{"timestamp":"2025-07-29T20:04:03.319012Z","level":"info","event":" Previous state of the Task instance: TaskInstanceState.RUNNING","chan":"stdout","logger":"task"}
{"timestamp":"2025-07-29T20:04:03.319138Z","level":"info","event":"Task operator:<Task(PythonOperator): python_principal>","chan":"stdout","logger":"task"}
