{"timestamp":"2025-07-29T20:10:33.084439","level":"info","event":"DAG bundles loaded: dags-folder, example_dags","logger":"airflow.dag_processing.bundles.manager.DagBundlesManager"}
{"timestamp":"2025-07-29T20:10:33.085141","level":"info","event":"Filling up the DagBag from /opt/airflow/dags/2_python_operator_v1.py","logger":"airflow.models.dagbag.DagBag"}
{"timestamp":"2025-07-29T20:10:33.129588Z","level":"info","event":"Task instance is in running state","chan":"stdout","logger":"task"}
{"timestamp":"2025-07-29T20:10:33.129818Z","level":"info","event":" Previous state of the Task instance: TaskInstanceState.QUEUED","chan":"stdout","logger":"task"}
{"timestamp":"2025-07-29T20:10:33.130297Z","level":"info","event":"Current task name:python","chan":"stdout","logger":"task"}
{"timestamp":"2025-07-29T20:10:33.130425Z","level":"info","event":"Dag name:python_operator_v1","chan":"stdout","logger":"task"}
{"timestamp":"2025-07-29T20:10:33.131611Z","level":"info","event":"poliana","chan":"stdout","logger":"task"}
{"timestamp":"2025-07-29T20:10:33.132515Z","level":"info","event":"{'conn': <ConnectionAccessor (dynamic access)>,","chan":"stdout","logger":"task"}
{"timestamp":"2025-07-29T20:10:33.132671Z","level":"info","event":" 'dag': <DAG: python_operator_v1>,","chan":"stdout","logger":"task"}
{"timestamp":"2025-07-29T20:10:33.132847Z","level":"info","event":" 'dag_run': DagRun(dag_id='python_operator_v1', run_id='scheduled__2023-06-24T23:48:00+00:00', logical_date=datetime.datetime(2023, 6, 24, 23, 48, tzinfo=datetime.timezone.utc), data_interval_start=datetime.datetime(2023, 6, 24, 23, 48, tzinfo=datetime.timezone.utc), data_interval_end=datetime.datetime(2023, 6, 24, 23, 48, tzinfo=datetime.timezone.utc), run_after=datetime.datetime(2023, 6, 24, 23, 48, tzinfo=datetime.timezone.utc), start_date=datetime.datetime(2025, 7, 29, 20, 10, 31, 921441, tzinfo=datetime.timezone.utc), end_date=None, clear_number=0, run_type=<DagRunType.SCHEDULED: 'scheduled'>, conf={}, consumed_asset_events=[]),","chan":"stdout","logger":"task"}
{"timestamp":"2025-07-29T20:10:33.132979Z","level":"info","event":" 'data_interval_end': DateTime(2023, 6, 24, 23, 48, 0, tzinfo=Timezone('UTC')),","chan":"stdout","logger":"task"}
{"timestamp":"2025-07-29T20:10:33.133062Z","level":"info","event":" 'data_interval_start': DateTime(2023, 6, 24, 23, 48, 0, tzinfo=Timezone('UTC')),","chan":"stdout","logger":"task"}
{"timestamp":"2025-07-29T20:10:33.133133Z","level":"info","event":" 'ds': '2023-06-24',","chan":"stdout","logger":"task"}
{"timestamp":"2025-07-29T20:10:33.133203Z","level":"info","event":" 'ds_nodash': '20230624',","chan":"stdout","logger":"task"}
{"timestamp":"2025-07-29T20:10:33.133270Z","level":"info","event":" 'inlet_events': InletEventsAccessors(_inlets=[], _assets={}, _asset_aliases={}),","chan":"stdout","logger":"task"}
{"timestamp":"2025-07-29T20:10:33.133336Z","level":"info","event":" 'inlets': [],","chan":"stdout","logger":"task"}
{"timestamp":"2025-07-29T20:10:33.133404Z","level":"info","event":" 'logical_date': DateTime(2023, 6, 24, 23, 48, 0, tzinfo=Timezone('UTC')),","chan":"stdout","logger":"task"}
{"timestamp":"2025-07-29T20:10:33.133470Z","level":"info","event":" 'macros': <MacrosAccessor (dynamic access to macros)>,","chan":"stdout","logger":"task"}
{"timestamp":"2025-07-29T20:10:33.133537Z","level":"info","event":" 'map_index_template': None,","chan":"stdout","logger":"task"}
{"timestamp":"2025-07-29T20:10:33.133606Z","level":"info","event":" 'outlet_events': <airflow.sdk.execution_time.context.OutletEventAccessors object at 0x7fb677ab7cb0>,","chan":"stdout","logger":"task"}
{"timestamp":"2025-07-29T20:10:33.133670Z","level":"info","event":" 'outlets': [],","chan":"stdout","logger":"task"}
{"timestamp":"2025-07-29T20:10:33.133734Z","level":"info","event":" 'params': {},","chan":"stdout","logger":"task"}
{"timestamp":"2025-07-29T20:10:33.154832Z","level":"info","event":" 'prev_data_interval_end_success': <Proxy at 0x7fb66fc6b890 with factory <function RuntimeTaskInstance.get_template_context.<locals>.<lambda> at 0x7fb66fc85620>>,","chan":"stdout","logger":"task"}
{"timestamp":"2025-07-29T20:10:33.155198Z","level":"info","event":" 'prev_data_interval_start_success': <Proxy at 0x7fb67c4ff560 with factory <function RuntimeTaskInstance.get_template_context.<locals>.<lambda> at 0x7fb66fc86d40>>,","chan":"stdout","logger":"task"}
{"timestamp":"2025-07-29T20:10:33.155338Z","level":"info","event":" 'prev_end_date_success': <Proxy at 0x7fb6779ce750 with factory <function RuntimeTaskInstance.get_template_context.<locals>.<lambda> at 0x7fb66fc86de0>>,","chan":"stdout","logger":"task"}
{"timestamp":"2025-07-29T20:10:33.155426Z","level":"info","event":" 'prev_start_date_success': <Proxy at 0x7fb67d36d4f0 with factory <function RuntimeTaskInstance.get_template_context.<locals>.<lambda> at 0x7fb66fc85b20>>,","chan":"stdout","logger":"task"}
{"timestamp":"2025-07-29T20:10:33.155502Z","level":"info","event":" 'run_id': 'scheduled__2023-06-24T23:48:00+00:00',","chan":"stdout","logger":"task"}
{"timestamp":"2025-07-29T20:10:33.155579Z","level":"info","event":" 'task': <Task(PythonOperator): python>,","chan":"stdout","logger":"task"}
{"timestamp":"2025-07-29T20:10:33.155651Z","level":"info","event":" 'task_instance': RuntimeTaskInstance(id=UUID('019857ce-de5d-7290-adbe-b2dc9d9d047a'), task_id='python', dag_id='python_operator_v1', run_id='scheduled__2023-06-24T23:48:00+00:00', try_number=1, map_index=-1, hostname='bf6f1e7a6f11', context_carrier={}, task=<Task(PythonOperator): python>, bundle_instance=LocalDagBundle(name=dags-folder), max_tries=0, start_date=datetime.datetime(2025, 7, 29, 20, 10, 32, 424626, tzinfo=datetime.timezone.utc), end_date=None, state=<TaskInstanceState.RUNNING: 'running'>, is_mapped=False, rendered_map_index=None, log_url='http://localhost:8080/dags/python_operator_v1/runs/scheduled__2023-06-24T23%3A48%3A00%2B00%3A00/tasks/python?try_number=1'),","chan":"stdout","logger":"task"}
{"timestamp":"2025-07-29T20:10:33.155729Z","level":"info","event":" 'task_instance_key_str': 'python_operator_v1__python__20230624',","chan":"stdout","logger":"task"}
{"timestamp":"2025-07-29T20:10:33.155801Z","level":"info","event":" 'task_reschedule_count': 0,","chan":"stdout","logger":"task"}
{"timestamp":"2025-07-29T20:10:33.155871Z","level":"info","event":" 'templates_dict': None,","chan":"stdout","logger":"task"}
{"timestamp":"2025-07-29T20:10:33.155948Z","level":"info","event":" 'ti': RuntimeTaskInstance(id=UUID('019857ce-de5d-7290-adbe-b2dc9d9d047a'), task_id='python', dag_id='python_operator_v1', run_id='scheduled__2023-06-24T23:48:00+00:00', try_number=1, map_index=-1, hostname='bf6f1e7a6f11', context_carrier={}, task=<Task(PythonOperator): python>, bundle_instance=LocalDagBundle(name=dags-folder), max_tries=0, start_date=datetime.datetime(2025, 7, 29, 20, 10, 32, 424626, tzinfo=datetime.timezone.utc), end_date=None, state=<TaskInstanceState.RUNNING: 'running'>, is_mapped=False, rendered_map_index=None, log_url='http://localhost:8080/dags/python_operator_v1/runs/scheduled__2023-06-24T23%3A48%3A00%2B00%3A00/tasks/python?try_number=1'),","chan":"stdout","logger":"task"}
{"timestamp":"2025-07-29T20:10:33.156103Z","level":"info","event":" 'triggering_asset_events': TriggeringAssetEventsAccessor(_events=defaultdict(<class 'list'>, {})),","chan":"stdout","logger":"task"}
{"timestamp":"2025-07-29T20:10:33.156182Z","level":"info","event":" 'ts': '2023-06-24T23:48:00+00:00',","chan":"stdout","logger":"task"}
{"timestamp":"2025-07-29T20:10:33.156243Z","level":"info","event":" 'ts_nodash': '20230624T234800',","chan":"stdout","logger":"task"}
{"timestamp":"2025-07-29T20:10:33.156299Z","level":"info","event":" 'ts_nodash_with_tz': '20230624T234800+0000',","chan":"stdout","logger":"task"}
{"timestamp":"2025-07-29T20:10:33.156386Z","level":"info","event":" 'var': {'json': <VariableAccessor (dynamic access)>,","chan":"stdout","logger":"task"}
{"timestamp":"2025-07-29T20:10:33.156452Z","level":"info","event":"         'value': <VariableAccessor (dynamic access)>}}","chan":"stdout","logger":"task"}
{"timestamp":"2025-07-29T20:10:33.156175","level":"info","event":"Done. Returned value was: 123","logger":"airflow.task.operators.airflow.providers.standard.operators.python.PythonOperator"}
{"timestamp":"2025-07-29T20:10:33.156569","level":"info","event":"Pushing xcom","ti":"RuntimeTaskInstance(id=UUID('019857ce-de5d-7290-adbe-b2dc9d9d047a'), task_id='python', dag_id='python_operator_v1', run_id='scheduled__2023-06-24T23:48:00+00:00', try_number=1, map_index=-1, hostname='bf6f1e7a6f11', context_carrier={}, task=<Task(PythonOperator): python>, bundle_instance=LocalDagBundle(name=dags-folder), max_tries=0, start_date=datetime.datetime(2025, 7, 29, 20, 10, 32, 424626, tzinfo=datetime.timezone.utc), end_date=None, state=<TaskInstanceState.RUNNING: 'running'>, is_mapped=False, rendered_map_index=None, log_url='http://localhost:8080/dags/python_operator_v1/runs/scheduled__2023-06-24T23%3A48%3A00%2B00%3A00/tasks/python?try_number=1')","logger":"task"}
{"timestamp":"2025-07-29T20:10:33.210279Z","level":"info","event":"Task instance in success state","chan":"stdout","logger":"task"}
{"timestamp":"2025-07-29T20:10:33.210447Z","level":"info","event":" Previous state of the Task instance: TaskInstanceState.RUNNING","chan":"stdout","logger":"task"}
{"timestamp":"2025-07-29T20:10:33.210538Z","level":"info","event":"Task operator:<Task(PythonOperator): python>","chan":"stdout","logger":"task"}
