{"timestamp":"2025-07-29T19:20:20.127376","level":"info","event":"DAG bundles loaded: dags-folder, example_dags","logger":"airflow.dag_processing.bundles.manager.DagBundlesManager"}
{"timestamp":"2025-07-29T19:20:20.128132","level":"info","event":"Filling up the DagBag from /opt/airflow/dags/python_operator_v1.py","logger":"airflow.models.dagbag.DagBag"}
{"timestamp":"2025-07-29T19:20:20.151547Z","level":"info","event":"Task instance is in running state","chan":"stdout","logger":"task"}
{"timestamp":"2025-07-29T19:20:20.151705Z","level":"info","event":" Previous state of the Task instance: TaskInstanceState.QUEUED","chan":"stdout","logger":"task"}
{"timestamp":"2025-07-29T19:20:20.152103Z","level":"info","event":"Current task name:python","chan":"stdout","logger":"task"}
{"timestamp":"2025-07-29T19:20:20.152188Z","level":"info","event":"Dag name:python_operator_v1","chan":"stdout","logger":"task"}
{"timestamp":"2025-07-29T19:20:20.153205Z","level":"info","event":"poliana","chan":"stdout","logger":"task"}
{"timestamp":"2025-07-29T19:20:20.153753Z","level":"info","event":"{'conn': <ConnectionAccessor (dynamic access)>,","chan":"stdout","logger":"task"}
{"timestamp":"2025-07-29T19:20:20.153831Z","level":"info","event":" 'dag': <DAG: python_operator_v1>,","chan":"stdout","logger":"task"}
{"timestamp":"2025-07-29T19:20:20.153914Z","level":"info","event":" 'dag_run': DagRun(dag_id='python_operator_v1', run_id='scheduled__2023-06-22T19:54:00+00:00', logical_date=datetime.datetime(2023, 6, 22, 19, 54, tzinfo=datetime.timezone.utc), data_interval_start=datetime.datetime(2023, 6, 22, 19, 54, tzinfo=datetime.timezone.utc), data_interval_end=datetime.datetime(2023, 6, 22, 19, 54, tzinfo=datetime.timezone.utc), run_after=datetime.datetime(2023, 6, 22, 19, 54, tzinfo=datetime.timezone.utc), start_date=datetime.datetime(2025, 7, 29, 19, 20, 19, 326402, tzinfo=datetime.timezone.utc), end_date=None, clear_number=0, run_type=<DagRunType.SCHEDULED: 'scheduled'>, conf={}, consumed_asset_events=[]),","chan":"stdout","logger":"task"}
{"timestamp":"2025-07-29T19:20:20.153967Z","level":"info","event":" 'data_interval_end': DateTime(2023, 6, 22, 19, 54, 0, tzinfo=Timezone('UTC')),","chan":"stdout","logger":"task"}
{"timestamp":"2025-07-29T19:20:20.154012Z","level":"info","event":" 'data_interval_start': DateTime(2023, 6, 22, 19, 54, 0, tzinfo=Timezone('UTC')),","chan":"stdout","logger":"task"}
{"timestamp":"2025-07-29T19:20:20.154054Z","level":"info","event":" 'ds': '2023-06-22',","chan":"stdout","logger":"task"}
{"timestamp":"2025-07-29T19:20:20.154094Z","level":"info","event":" 'ds_nodash': '20230622',","chan":"stdout","logger":"task"}
{"timestamp":"2025-07-29T19:20:20.154135Z","level":"info","event":" 'inlet_events': InletEventsAccessors(_inlets=[], _assets={}, _asset_aliases={}),","chan":"stdout","logger":"task"}
{"timestamp":"2025-07-29T19:20:20.154176Z","level":"info","event":" 'inlets': [],","chan":"stdout","logger":"task"}
{"timestamp":"2025-07-29T19:20:20.154217Z","level":"info","event":" 'logical_date': DateTime(2023, 6, 22, 19, 54, 0, tzinfo=Timezone('UTC')),","chan":"stdout","logger":"task"}
{"timestamp":"2025-07-29T19:20:20.154257Z","level":"info","event":" 'macros': <MacrosAccessor (dynamic access to macros)>,","chan":"stdout","logger":"task"}
{"timestamp":"2025-07-29T19:20:20.154296Z","level":"info","event":" 'map_index_template': None,","chan":"stdout","logger":"task"}
{"timestamp":"2025-07-29T19:20:20.154337Z","level":"info","event":" 'outlet_events': <airflow.sdk.execution_time.context.OutletEventAccessors object at 0x7fb67b68fa70>,","chan":"stdout","logger":"task"}
{"timestamp":"2025-07-29T19:20:20.154377Z","level":"info","event":" 'outlets': [],","chan":"stdout","logger":"task"}
{"timestamp":"2025-07-29T19:20:20.154417Z","level":"info","event":" 'params': {},","chan":"stdout","logger":"task"}
{"timestamp":"2025-07-29T19:20:20.162979Z","level":"info","event":" 'prev_data_interval_end_success': <Proxy at 0x7fb66fc37ef0 with factory <function RuntimeTaskInstance.get_template_context.<locals>.<lambda> at 0x7fb66fc56660>>,","chan":"stdout","logger":"task"}
{"timestamp":"2025-07-29T19:20:20.163149Z","level":"info","event":" 'prev_data_interval_start_success': <Proxy at 0x7fb66fc37b00 with factory <function RuntimeTaskInstance.get_template_context.<locals>.<lambda> at 0x7fb66fc57d80>>,","chan":"stdout","logger":"task"}
{"timestamp":"2025-07-29T19:20:20.163216Z","level":"info","event":" 'prev_end_date_success': <Proxy at 0x7fb66fc37e00 with factory <function RuntimeTaskInstance.get_template_context.<locals>.<lambda> at 0x7fb66fc57e20>>,","chan":"stdout","logger":"task"}
{"timestamp":"2025-07-29T19:20:20.163265Z","level":"info","event":" 'prev_start_date_success': <Proxy at 0x7fb66fc37aa0 with factory <function RuntimeTaskInstance.get_template_context.<locals>.<lambda> at 0x7fb66fc56b60>>,","chan":"stdout","logger":"task"}
{"timestamp":"2025-07-29T19:20:20.163310Z","level":"info","event":" 'run_id': 'scheduled__2023-06-22T19:54:00+00:00',","chan":"stdout","logger":"task"}
{"timestamp":"2025-07-29T19:20:20.163352Z","level":"info","event":" 'task': <Task(PythonOperator): python>,","chan":"stdout","logger":"task"}
{"timestamp":"2025-07-29T19:20:20.163395Z","level":"info","event":" 'task_instance': RuntimeTaskInstance(id=UUID('019857a0-e675-758e-bf1f-09ac7d660161'), task_id='python', dag_id='python_operator_v1', run_id='scheduled__2023-06-22T19:54:00+00:00', try_number=1, map_index=-1, hostname='bf6f1e7a6f11', context_carrier={}, task=<Task(PythonOperator): python>, bundle_instance=LocalDagBundle(name=dags-folder), max_tries=0, start_date=datetime.datetime(2025, 7, 29, 19, 20, 19, 678469, tzinfo=datetime.timezone.utc), end_date=None, state=<TaskInstanceState.RUNNING: 'running'>, is_mapped=False, rendered_map_index=None, log_url='http://localhost:8080/dags/python_operator_v1/runs/scheduled__2023-06-22T19%3A54%3A00%2B00%3A00/tasks/python?try_number=1'),","chan":"stdout","logger":"task"}
{"timestamp":"2025-07-29T19:20:20.163439Z","level":"info","event":" 'task_instance_key_str': 'python_operator_v1__python__20230622',","chan":"stdout","logger":"task"}
{"timestamp":"2025-07-29T19:20:20.163481Z","level":"info","event":" 'task_reschedule_count': 0,","chan":"stdout","logger":"task"}
{"timestamp":"2025-07-29T19:20:20.163521Z","level":"info","event":" 'templates_dict': None,","chan":"stdout","logger":"task"}
{"timestamp":"2025-07-29T19:20:20.163562Z","level":"info","event":" 'ti': RuntimeTaskInstance(id=UUID('019857a0-e675-758e-bf1f-09ac7d660161'), task_id='python', dag_id='python_operator_v1', run_id='scheduled__2023-06-22T19:54:00+00:00', try_number=1, map_index=-1, hostname='bf6f1e7a6f11', context_carrier={}, task=<Task(PythonOperator): python>, bundle_instance=LocalDagBundle(name=dags-folder), max_tries=0, start_date=datetime.datetime(2025, 7, 29, 19, 20, 19, 678469, tzinfo=datetime.timezone.utc), end_date=None, state=<TaskInstanceState.RUNNING: 'running'>, is_mapped=False, rendered_map_index=None, log_url='http://localhost:8080/dags/python_operator_v1/runs/scheduled__2023-06-22T19%3A54%3A00%2B00%3A00/tasks/python?try_number=1'),","chan":"stdout","logger":"task"}
{"timestamp":"2025-07-29T19:20:20.163629Z","level":"info","event":" 'triggering_asset_events': TriggeringAssetEventsAccessor(_events=defaultdict(<class 'list'>, {})),","chan":"stdout","logger":"task"}
{"timestamp":"2025-07-29T19:20:20.163677Z","level":"info","event":" 'ts': '2023-06-22T19:54:00+00:00',","chan":"stdout","logger":"task"}
{"timestamp":"2025-07-29T19:20:20.163719Z","level":"info","event":" 'ts_nodash': '20230622T195400',","chan":"stdout","logger":"task"}
{"timestamp":"2025-07-29T19:20:20.163764Z","level":"info","event":" 'ts_nodash_with_tz': '20230622T195400+0000',","chan":"stdout","logger":"task"}
{"timestamp":"2025-07-29T19:20:20.163805Z","level":"info","event":" 'var': {'json': <VariableAccessor (dynamic access)>,","chan":"stdout","logger":"task"}
{"timestamp":"2025-07-29T19:20:20.163845Z","level":"info","event":"         'value': <VariableAccessor (dynamic access)>}}","chan":"stdout","logger":"task"}
{"timestamp":"2025-07-29T19:20:20.163620","level":"info","event":"Done. Returned value was: 123","logger":"airflow.task.operators.airflow.providers.standard.operators.python.PythonOperator"}
{"timestamp":"2025-07-29T19:20:20.163781","level":"info","event":"Pushing xcom","ti":"RuntimeTaskInstance(id=UUID('019857a0-e675-758e-bf1f-09ac7d660161'), task_id='python', dag_id='python_operator_v1', run_id='scheduled__2023-06-22T19:54:00+00:00', try_number=1, map_index=-1, hostname='bf6f1e7a6f11', context_carrier={}, task=<Task(PythonOperator): python>, bundle_instance=LocalDagBundle(name=dags-folder), max_tries=0, start_date=datetime.datetime(2025, 7, 29, 19, 20, 19, 678469, tzinfo=datetime.timezone.utc), end_date=None, state=<TaskInstanceState.RUNNING: 'running'>, is_mapped=False, rendered_map_index=None, log_url='http://localhost:8080/dags/python_operator_v1/runs/scheduled__2023-06-22T19%3A54%3A00%2B00%3A00/tasks/python?try_number=1')","logger":"task"}
{"timestamp":"2025-07-29T19:20:20.183834Z","level":"info","event":"Task instance in success state","chan":"stdout","logger":"task"}
{"timestamp":"2025-07-29T19:20:20.183959Z","level":"info","event":" Previous state of the Task instance: TaskInstanceState.RUNNING","chan":"stdout","logger":"task"}
{"timestamp":"2025-07-29T19:20:20.184046Z","level":"info","event":"Task operator:<Task(PythonOperator): python>","chan":"stdout","logger":"task"}
