{"timestamp":"2025-07-29T19:23:14.581927","level":"info","event":"DAG bundles loaded: dags-folder, example_dags","logger":"airflow.dag_processing.bundles.manager.DagBundlesManager"}
{"timestamp":"2025-07-29T19:23:14.582344","level":"info","event":"Filling up the DagBag from /opt/airflow/dags/python_operator_v1.py","logger":"airflow.models.dagbag.DagBag"}
{"timestamp":"2025-07-29T19:23:14.603031Z","level":"info","event":"Task instance is in running state","chan":"stdout","logger":"task"}
{"timestamp":"2025-07-29T19:23:14.603180Z","level":"info","event":" Previous state of the Task instance: TaskInstanceState.QUEUED","chan":"stdout","logger":"task"}
{"timestamp":"2025-07-29T19:23:14.603709Z","level":"info","event":"Current task name:python","chan":"stdout","logger":"task"}
{"timestamp":"2025-07-29T19:23:14.603827Z","level":"info","event":"Dag name:python_operator_v1","chan":"stdout","logger":"task"}
{"timestamp":"2025-07-29T19:23:14.604821Z","level":"info","event":"poliana","chan":"stdout","logger":"task"}
{"timestamp":"2025-07-29T19:23:14.605391Z","level":"info","event":"{'conn': <ConnectionAccessor (dynamic access)>,","chan":"stdout","logger":"task"}
{"timestamp":"2025-07-29T19:23:14.605484Z","level":"info","event":" 'dag': <DAG: python_operator_v1>,","chan":"stdout","logger":"task"}
{"timestamp":"2025-07-29T19:23:14.605578Z","level":"info","event":" 'dag_run': DagRun(dag_id='python_operator_v1', run_id='scheduled__2023-06-22T23:02:00+00:00', logical_date=datetime.datetime(2023, 6, 22, 23, 2, tzinfo=datetime.timezone.utc), data_interval_start=datetime.datetime(2023, 6, 22, 23, 2, tzinfo=datetime.timezone.utc), data_interval_end=datetime.datetime(2023, 6, 22, 23, 2, tzinfo=datetime.timezone.utc), run_after=datetime.datetime(2023, 6, 22, 23, 2, tzinfo=datetime.timezone.utc), start_date=datetime.datetime(2025, 7, 29, 19, 23, 13, 819027, tzinfo=datetime.timezone.utc), end_date=None, clear_number=0, run_type=<DagRunType.SCHEDULED: 'scheduled'>, conf={}, consumed_asset_events=[]),","chan":"stdout","logger":"task"}
{"timestamp":"2025-07-29T19:23:14.605635Z","level":"info","event":" 'data_interval_end': DateTime(2023, 6, 22, 23, 2, 0, tzinfo=Timezone('UTC')),","chan":"stdout","logger":"task"}
{"timestamp":"2025-07-29T19:23:14.605680Z","level":"info","event":" 'data_interval_start': DateTime(2023, 6, 22, 23, 2, 0, tzinfo=Timezone('UTC')),","chan":"stdout","logger":"task"}
{"timestamp":"2025-07-29T19:23:14.605722Z","level":"info","event":" 'ds': '2023-06-22',","chan":"stdout","logger":"task"}
{"timestamp":"2025-07-29T19:23:14.605763Z","level":"info","event":" 'ds_nodash': '20230622',","chan":"stdout","logger":"task"}
{"timestamp":"2025-07-29T19:23:14.605803Z","level":"info","event":" 'inlet_events': InletEventsAccessors(_inlets=[], _assets={}, _asset_aliases={}),","chan":"stdout","logger":"task"}
{"timestamp":"2025-07-29T19:23:14.605843Z","level":"info","event":" 'inlets': [],","chan":"stdout","logger":"task"}
{"timestamp":"2025-07-29T19:23:14.605883Z","level":"info","event":" 'logical_date': DateTime(2023, 6, 22, 23, 2, 0, tzinfo=Timezone('UTC')),","chan":"stdout","logger":"task"}
{"timestamp":"2025-07-29T19:23:14.605943Z","level":"info","event":" 'macros': <MacrosAccessor (dynamic access to macros)>,","chan":"stdout","logger":"task"}
{"timestamp":"2025-07-29T19:23:14.605993Z","level":"info","event":" 'map_index_template': None,","chan":"stdout","logger":"task"}
{"timestamp":"2025-07-29T19:23:14.606035Z","level":"info","event":" 'outlet_events': <airflow.sdk.execution_time.context.OutletEventAccessors object at 0x7fb67b89fa70>,","chan":"stdout","logger":"task"}
{"timestamp":"2025-07-29T19:23:14.606075Z","level":"info","event":" 'outlets': [],","chan":"stdout","logger":"task"}
{"timestamp":"2025-07-29T19:23:14.606115Z","level":"info","event":" 'params': {},","chan":"stdout","logger":"task"}
{"timestamp":"2025-07-29T19:23:14.614573Z","level":"info","event":" 'prev_data_interval_end_success': <Proxy at 0x7fb66fc46b10 with factory <function RuntimeTaskInstance.get_template_context.<locals>.<lambda> at 0x7fb66fc6d760>>,","chan":"stdout","logger":"task"}
{"timestamp":"2025-07-29T19:23:14.614706Z","level":"info","event":" 'prev_data_interval_start_success': <Proxy at 0x7fb66fc46ba0 with factory <function RuntimeTaskInstance.get_template_context.<locals>.<lambda> at 0x7fb66fc6ee80>>,","chan":"stdout","logger":"task"}
{"timestamp":"2025-07-29T19:23:14.614800Z","level":"info","event":" 'prev_end_date_success': <Proxy at 0x7fb66fc46bd0 with factory <function RuntimeTaskInstance.get_template_context.<locals>.<lambda> at 0x7fb66fc6ef20>>,","chan":"stdout","logger":"task"}
{"timestamp":"2025-07-29T19:23:14.614853Z","level":"info","event":" 'prev_start_date_success': <Proxy at 0x7fb66fc46ed0 with factory <function RuntimeTaskInstance.get_template_context.<locals>.<lambda> at 0x7fb66fc6dc60>>,","chan":"stdout","logger":"task"}
{"timestamp":"2025-07-29T19:23:14.614898Z","level":"info","event":" 'run_id': 'scheduled__2023-06-22T23:02:00+00:00',","chan":"stdout","logger":"task"}
{"timestamp":"2025-07-29T19:23:14.614940Z","level":"info","event":" 'task': <Task(PythonOperator): python>,","chan":"stdout","logger":"task"}
{"timestamp":"2025-07-29T19:23:14.614986Z","level":"info","event":" 'task_instance': RuntimeTaskInstance(id=UUID('019857a3-9015-7990-833f-a710bcebceec'), task_id='python', dag_id='python_operator_v1', run_id='scheduled__2023-06-22T23:02:00+00:00', try_number=1, map_index=-1, hostname='bf6f1e7a6f11', context_carrier={}, task=<Task(PythonOperator): python>, bundle_instance=LocalDagBundle(name=dags-folder), max_tries=0, start_date=datetime.datetime(2025, 7, 29, 19, 23, 14, 140673, tzinfo=datetime.timezone.utc), end_date=None, state=<TaskInstanceState.RUNNING: 'running'>, is_mapped=False, rendered_map_index=None, log_url='http://localhost:8080/dags/python_operator_v1/runs/scheduled__2023-06-22T23%3A02%3A00%2B00%3A00/tasks/python?try_number=1'),","chan":"stdout","logger":"task"}
{"timestamp":"2025-07-29T19:23:14.615031Z","level":"info","event":" 'task_instance_key_str': 'python_operator_v1__python__20230622',","chan":"stdout","logger":"task"}
{"timestamp":"2025-07-29T19:23:14.615072Z","level":"info","event":" 'task_reschedule_count': 0,","chan":"stdout","logger":"task"}
{"timestamp":"2025-07-29T19:23:14.615112Z","level":"info","event":" 'templates_dict': None,","chan":"stdout","logger":"task"}
{"timestamp":"2025-07-29T19:23:14.615154Z","level":"info","event":" 'ti': RuntimeTaskInstance(id=UUID('019857a3-9015-7990-833f-a710bcebceec'), task_id='python', dag_id='python_operator_v1', run_id='scheduled__2023-06-22T23:02:00+00:00', try_number=1, map_index=-1, hostname='bf6f1e7a6f11', context_carrier={}, task=<Task(PythonOperator): python>, bundle_instance=LocalDagBundle(name=dags-folder), max_tries=0, start_date=datetime.datetime(2025, 7, 29, 19, 23, 14, 140673, tzinfo=datetime.timezone.utc), end_date=None, state=<TaskInstanceState.RUNNING: 'running'>, is_mapped=False, rendered_map_index=None, log_url='http://localhost:8080/dags/python_operator_v1/runs/scheduled__2023-06-22T23%3A02%3A00%2B00%3A00/tasks/python?try_number=1'),","chan":"stdout","logger":"task"}
{"timestamp":"2025-07-29T19:23:14.615196Z","level":"info","event":" 'triggering_asset_events': TriggeringAssetEventsAccessor(_events=defaultdict(<class 'list'>, {})),","chan":"stdout","logger":"task"}
{"timestamp":"2025-07-29T19:23:14.615236Z","level":"info","event":" 'ts': '2023-06-22T23:02:00+00:00',","chan":"stdout","logger":"task"}
{"timestamp":"2025-07-29T19:23:14.615276Z","level":"info","event":" 'ts_nodash': '20230622T230200',","chan":"stdout","logger":"task"}
{"timestamp":"2025-07-29T19:23:14.615317Z","level":"info","event":" 'ts_nodash_with_tz': '20230622T230200+0000',","chan":"stdout","logger":"task"}
{"timestamp":"2025-07-29T19:23:14.615356Z","level":"info","event":" 'var': {'json': <VariableAccessor (dynamic access)>,","chan":"stdout","logger":"task"}
{"timestamp":"2025-07-29T19:23:14.615395Z","level":"info","event":"         'value': <VariableAccessor (dynamic access)>}}","chan":"stdout","logger":"task"}
{"timestamp":"2025-07-29T19:23:14.615194","level":"info","event":"Done. Returned value was: 123","logger":"airflow.task.operators.airflow.providers.standard.operators.python.PythonOperator"}
{"timestamp":"2025-07-29T19:23:14.615360","level":"info","event":"Pushing xcom","ti":"RuntimeTaskInstance(id=UUID('019857a3-9015-7990-833f-a710bcebceec'), task_id='python', dag_id='python_operator_v1', run_id='scheduled__2023-06-22T23:02:00+00:00', try_number=1, map_index=-1, hostname='bf6f1e7a6f11', context_carrier={}, task=<Task(PythonOperator): python>, bundle_instance=LocalDagBundle(name=dags-folder), max_tries=0, start_date=datetime.datetime(2025, 7, 29, 19, 23, 14, 140673, tzinfo=datetime.timezone.utc), end_date=None, state=<TaskInstanceState.RUNNING: 'running'>, is_mapped=False, rendered_map_index=None, log_url='http://localhost:8080/dags/python_operator_v1/runs/scheduled__2023-06-22T23%3A02%3A00%2B00%3A00/tasks/python?try_number=1')","logger":"task"}
{"timestamp":"2025-07-29T19:23:14.636462Z","level":"info","event":"Task instance in success state","chan":"stdout","logger":"task"}
{"timestamp":"2025-07-29T19:23:14.636705Z","level":"info","event":" Previous state of the Task instance: TaskInstanceState.RUNNING","chan":"stdout","logger":"task"}
{"timestamp":"2025-07-29T19:23:14.636800Z","level":"info","event":"Task operator:<Task(PythonOperator): python>","chan":"stdout","logger":"task"}
