{"timestamp":"2025-07-29T19:55:37.919519","level":"info","event":"DAG bundles loaded: dags-folder, example_dags","logger":"airflow.dag_processing.bundles.manager.DagBundlesManager"}
{"timestamp":"2025-07-29T19:55:37.920031","level":"info","event":"Filling up the DagBag from /opt/airflow/dags/2_python_operator_v1.py","logger":"airflow.models.dagbag.DagBag"}
{"timestamp":"2025-07-29T19:55:37.951318Z","level":"info","event":"Task instance is in running state","chan":"stdout","logger":"task"}
{"timestamp":"2025-07-29T19:55:37.951671Z","level":"info","event":" Previous state of the Task instance: TaskInstanceState.QUEUED","chan":"stdout","logger":"task"}
{"timestamp":"2025-07-29T19:55:37.951808Z","level":"info","event":"Current task name:python","chan":"stdout","logger":"task"}
{"timestamp":"2025-07-29T19:55:37.951888Z","level":"info","event":"Dag name:python_operator_v1","chan":"stdout","logger":"task"}
{"timestamp":"2025-07-29T19:55:37.953019Z","level":"info","event":"poliana","chan":"stdout","logger":"task"}
{"timestamp":"2025-07-29T19:55:37.953643Z","level":"info","event":"{'conn': <ConnectionAccessor (dynamic access)>,","chan":"stdout","logger":"task"}
{"timestamp":"2025-07-29T19:55:37.953757Z","level":"info","event":" 'dag': <DAG: python_operator_v1>,","chan":"stdout","logger":"task"}
{"timestamp":"2025-07-29T19:55:37.953880Z","level":"info","event":" 'dag_run': DagRun(dag_id='python_operator_v1', run_id='scheduled__2023-06-24T10:07:00+00:00', logical_date=datetime.datetime(2023, 6, 24, 10, 7, tzinfo=datetime.timezone.utc), data_interval_start=datetime.datetime(2023, 6, 24, 10, 7, tzinfo=datetime.timezone.utc), data_interval_end=datetime.datetime(2023, 6, 24, 10, 7, tzinfo=datetime.timezone.utc), run_after=datetime.datetime(2023, 6, 24, 10, 7, tzinfo=datetime.timezone.utc), start_date=datetime.datetime(2025, 7, 29, 19, 55, 36, 239452, tzinfo=datetime.timezone.utc), end_date=None, clear_number=0, run_type=<DagRunType.SCHEDULED: 'scheduled'>, conf={}, consumed_asset_events=[]),","chan":"stdout","logger":"task"}
{"timestamp":"2025-07-29T19:55:37.953983Z","level":"info","event":" 'data_interval_end': DateTime(2023, 6, 24, 10, 7, 0, tzinfo=Timezone('UTC')),","chan":"stdout","logger":"task"}
{"timestamp":"2025-07-29T19:55:37.954060Z","level":"info","event":" 'data_interval_start': DateTime(2023, 6, 24, 10, 7, 0, tzinfo=Timezone('UTC')),","chan":"stdout","logger":"task"}
{"timestamp":"2025-07-29T19:55:37.954125Z","level":"info","event":" 'ds': '2023-06-24',","chan":"stdout","logger":"task"}
{"timestamp":"2025-07-29T19:55:37.954187Z","level":"info","event":" 'ds_nodash': '20230624',","chan":"stdout","logger":"task"}
{"timestamp":"2025-07-29T19:55:37.954249Z","level":"info","event":" 'inlet_events': InletEventsAccessors(_inlets=[], _assets={}, _asset_aliases={}),","chan":"stdout","logger":"task"}
{"timestamp":"2025-07-29T19:55:37.954318Z","level":"info","event":" 'inlets': [],","chan":"stdout","logger":"task"}
{"timestamp":"2025-07-29T19:55:37.954384Z","level":"info","event":" 'logical_date': DateTime(2023, 6, 24, 10, 7, 0, tzinfo=Timezone('UTC')),","chan":"stdout","logger":"task"}
{"timestamp":"2025-07-29T19:55:37.954447Z","level":"info","event":" 'macros': <MacrosAccessor (dynamic access to macros)>,","chan":"stdout","logger":"task"}
{"timestamp":"2025-07-29T19:55:37.954509Z","level":"info","event":" 'map_index_template': None,","chan":"stdout","logger":"task"}
{"timestamp":"2025-07-29T19:55:37.954568Z","level":"info","event":" 'outlet_events': <airflow.sdk.execution_time.context.OutletEventAccessors object at 0x7fb6781cfa70>,","chan":"stdout","logger":"task"}
{"timestamp":"2025-07-29T19:55:37.954630Z","level":"info","event":" 'outlets': [],","chan":"stdout","logger":"task"}
{"timestamp":"2025-07-29T19:55:37.954692Z","level":"info","event":" 'params': {},","chan":"stdout","logger":"task"}
{"timestamp":"2025-07-29T19:55:37.966151Z","level":"info","event":" 'prev_data_interval_end_success': <Proxy at 0x7fb66fdff0b0 with factory <function RuntimeTaskInstance.get_template_context.<locals>.<lambda> at 0x7fb66fc20040>>,","chan":"stdout","logger":"task"}
{"timestamp":"2025-07-29T19:55:37.966366Z","level":"info","event":" 'prev_data_interval_start_success': <Proxy at 0x7fb66fdfeff0 with factory <function RuntimeTaskInstance.get_template_context.<locals>.<lambda> at 0x7fb66fc214e0>>,","chan":"stdout","logger":"task"}
{"timestamp":"2025-07-29T19:55:37.966468Z","level":"info","event":" 'prev_end_date_success': <Proxy at 0x7fb66fdff470 with factory <function RuntimeTaskInstance.get_template_context.<locals>.<lambda> at 0x7fb66fc21580>>,","chan":"stdout","logger":"task"}
{"timestamp":"2025-07-29T19:55:37.966545Z","level":"info","event":" 'prev_start_date_success': <Proxy at 0x7fb66fdff4a0 with factory <function RuntimeTaskInstance.get_template_context.<locals>.<lambda> at 0x7fb66fc202c0>>,","chan":"stdout","logger":"task"}
{"timestamp":"2025-07-29T19:55:37.966614Z","level":"info","event":" 'run_id': 'scheduled__2023-06-24T10:07:00+00:00',","chan":"stdout","logger":"task"}
{"timestamp":"2025-07-29T19:55:37.966679Z","level":"info","event":" 'task': <Task(PythonOperator): python>,","chan":"stdout","logger":"task"}
{"timestamp":"2025-07-29T19:55:37.966747Z","level":"info","event":" 'task_instance': RuntimeTaskInstance(id=UUID('019857c1-33ac-7b44-b596-64f5263131a1'), task_id='python', dag_id='python_operator_v1', run_id='scheduled__2023-06-24T10:07:00+00:00', try_number=1, map_index=-1, hostname='bf6f1e7a6f11', context_carrier={}, task=<Task(PythonOperator): python>, bundle_instance=LocalDagBundle(name=dags-folder), max_tries=0, start_date=datetime.datetime(2025, 7, 29, 19, 55, 37, 416640, tzinfo=datetime.timezone.utc), end_date=None, state=<TaskInstanceState.RUNNING: 'running'>, is_mapped=False, rendered_map_index=None, log_url='http://localhost:8080/dags/python_operator_v1/runs/scheduled__2023-06-24T10%3A07%3A00%2B00%3A00/tasks/python?try_number=1'),","chan":"stdout","logger":"task"}
{"timestamp":"2025-07-29T19:55:37.966815Z","level":"info","event":" 'task_instance_key_str': 'python_operator_v1__python__20230624',","chan":"stdout","logger":"task"}
{"timestamp":"2025-07-29T19:55:37.966879Z","level":"info","event":" 'task_reschedule_count': 0,","chan":"stdout","logger":"task"}
{"timestamp":"2025-07-29T19:55:37.966941Z","level":"info","event":" 'templates_dict': None,","chan":"stdout","logger":"task"}
{"timestamp":"2025-07-29T19:55:37.967004Z","level":"info","event":" 'ti': RuntimeTaskInstance(id=UUID('019857c1-33ac-7b44-b596-64f5263131a1'), task_id='python', dag_id='python_operator_v1', run_id='scheduled__2023-06-24T10:07:00+00:00', try_number=1, map_index=-1, hostname='bf6f1e7a6f11', context_carrier={}, task=<Task(PythonOperator): python>, bundle_instance=LocalDagBundle(name=dags-folder), max_tries=0, start_date=datetime.datetime(2025, 7, 29, 19, 55, 37, 416640, tzinfo=datetime.timezone.utc), end_date=None, state=<TaskInstanceState.RUNNING: 'running'>, is_mapped=False, rendered_map_index=None, log_url='http://localhost:8080/dags/python_operator_v1/runs/scheduled__2023-06-24T10%3A07%3A00%2B00%3A00/tasks/python?try_number=1'),","chan":"stdout","logger":"task"}
{"timestamp":"2025-07-29T19:55:37.967116Z","level":"info","event":" 'triggering_asset_events': TriggeringAssetEventsAccessor(_events=defaultdict(<class 'list'>, {})),","chan":"stdout","logger":"task"}
{"timestamp":"2025-07-29T19:55:37.967194Z","level":"info","event":" 'ts': '2023-06-24T10:07:00+00:00',","chan":"stdout","logger":"task"}
{"timestamp":"2025-07-29T19:55:37.967289Z","level":"info","event":" 'ts_nodash': '20230624T100700',","chan":"stdout","logger":"task"}
{"timestamp":"2025-07-29T19:55:37.967358Z","level":"info","event":" 'ts_nodash_with_tz': '20230624T100700+0000',","chan":"stdout","logger":"task"}
{"timestamp":"2025-07-29T19:55:37.967420Z","level":"info","event":" 'var': {'json': <VariableAccessor (dynamic access)>,","chan":"stdout","logger":"task"}
{"timestamp":"2025-07-29T19:55:37.967483Z","level":"info","event":"         'value': <VariableAccessor (dynamic access)>}}","chan":"stdout","logger":"task"}
{"timestamp":"2025-07-29T19:55:37.967065","level":"info","event":"Done. Returned value was: 123","logger":"airflow.task.operators.airflow.providers.standard.operators.python.PythonOperator"}
{"timestamp":"2025-07-29T19:55:37.967343","level":"info","event":"Pushing xcom","ti":"RuntimeTaskInstance(id=UUID('019857c1-33ac-7b44-b596-64f5263131a1'), task_id='python', dag_id='python_operator_v1', run_id='scheduled__2023-06-24T10:07:00+00:00', try_number=1, map_index=-1, hostname='bf6f1e7a6f11', context_carrier={}, task=<Task(PythonOperator): python>, bundle_instance=LocalDagBundle(name=dags-folder), max_tries=0, start_date=datetime.datetime(2025, 7, 29, 19, 55, 37, 416640, tzinfo=datetime.timezone.utc), end_date=None, state=<TaskInstanceState.RUNNING: 'running'>, is_mapped=False, rendered_map_index=None, log_url='http://localhost:8080/dags/python_operator_v1/runs/scheduled__2023-06-24T10%3A07%3A00%2B00%3A00/tasks/python?try_number=1')","logger":"task"}
{"timestamp":"2025-07-29T19:55:37.996806Z","level":"info","event":"Task instance in success state","chan":"stdout","logger":"task"}
{"timestamp":"2025-07-29T19:55:37.996986Z","level":"info","event":" Previous state of the Task instance: TaskInstanceState.RUNNING","chan":"stdout","logger":"task"}
{"timestamp":"2025-07-29T19:55:37.997133Z","level":"info","event":"Task operator:<Task(PythonOperator): python>","chan":"stdout","logger":"task"}
