{"timestamp":"2025-07-29T19:52:26.640023","level":"info","event":"DAG bundles loaded: dags-folder, example_dags","logger":"airflow.dag_processing.bundles.manager.DagBundlesManager"}
{"timestamp":"2025-07-29T19:52:26.640627","level":"info","event":"Filling up the DagBag from /opt/airflow/dags/2_python_operator_v1.py","logger":"airflow.models.dagbag.DagBag"}
{"timestamp":"2025-07-29T19:52:26.667982Z","level":"info","event":"Task instance is in running state","chan":"stdout","logger":"task"}
{"timestamp":"2025-07-29T19:52:26.668168Z","level":"info","event":" Previous state of the Task instance: TaskInstanceState.QUEUED","chan":"stdout","logger":"task"}
{"timestamp":"2025-07-29T19:52:26.668681Z","level":"info","event":"Current task name:python","chan":"stdout","logger":"task"}
{"timestamp":"2025-07-29T19:52:26.668815Z","level":"info","event":"Dag name:python_operator_v1","chan":"stdout","logger":"task"}
{"timestamp":"2025-07-29T19:52:26.670165Z","level":"info","event":"poliana","chan":"stdout","logger":"task"}
{"timestamp":"2025-07-29T19:52:26.670859Z","level":"info","event":"{'conn': <ConnectionAccessor (dynamic access)>,","chan":"stdout","logger":"task"}
{"timestamp":"2025-07-29T19:52:26.670978Z","level":"info","event":" 'dag': <DAG: python_operator_v1>,","chan":"stdout","logger":"task"}
{"timestamp":"2025-07-29T19:52:26.671112Z","level":"info","event":" 'dag_run': DagRun(dag_id='python_operator_v1', run_id='scheduled__2023-06-24T06:48:00+00:00', logical_date=datetime.datetime(2023, 6, 24, 6, 48, tzinfo=datetime.timezone.utc), data_interval_start=datetime.datetime(2023, 6, 24, 6, 48, tzinfo=datetime.timezone.utc), data_interval_end=datetime.datetime(2023, 6, 24, 6, 48, tzinfo=datetime.timezone.utc), run_after=datetime.datetime(2023, 6, 24, 6, 48, tzinfo=datetime.timezone.utc), start_date=datetime.datetime(2025, 7, 29, 19, 52, 25, 742152, tzinfo=datetime.timezone.utc), end_date=None, clear_number=0, run_type=<DagRunType.SCHEDULED: 'scheduled'>, conf={}, consumed_asset_events=[]),","chan":"stdout","logger":"task"}
{"timestamp":"2025-07-29T19:52:26.671196Z","level":"info","event":" 'data_interval_end': DateTime(2023, 6, 24, 6, 48, 0, tzinfo=Timezone('UTC')),","chan":"stdout","logger":"task"}
{"timestamp":"2025-07-29T19:52:26.671253Z","level":"info","event":" 'data_interval_start': DateTime(2023, 6, 24, 6, 48, 0, tzinfo=Timezone('UTC')),","chan":"stdout","logger":"task"}
{"timestamp":"2025-07-29T19:52:26.671298Z","level":"info","event":" 'ds': '2023-06-24',","chan":"stdout","logger":"task"}
{"timestamp":"2025-07-29T19:52:26.671340Z","level":"info","event":" 'ds_nodash': '20230624',","chan":"stdout","logger":"task"}
{"timestamp":"2025-07-29T19:52:26.671382Z","level":"info","event":" 'inlet_events': InletEventsAccessors(_inlets=[], _assets={}, _asset_aliases={}),","chan":"stdout","logger":"task"}
{"timestamp":"2025-07-29T19:52:26.671423Z","level":"info","event":" 'inlets': [],","chan":"stdout","logger":"task"}
{"timestamp":"2025-07-29T19:52:26.671464Z","level":"info","event":" 'logical_date': DateTime(2023, 6, 24, 6, 48, 0, tzinfo=Timezone('UTC')),","chan":"stdout","logger":"task"}
{"timestamp":"2025-07-29T19:52:26.671505Z","level":"info","event":" 'macros': <MacrosAccessor (dynamic access to macros)>,","chan":"stdout","logger":"task"}
{"timestamp":"2025-07-29T19:52:26.671545Z","level":"info","event":" 'map_index_template': None,","chan":"stdout","logger":"task"}
{"timestamp":"2025-07-29T19:52:26.671604Z","level":"info","event":" 'outlet_events': <airflow.sdk.execution_time.context.OutletEventAccessors object at 0x7fb677e9fa70>,","chan":"stdout","logger":"task"}
{"timestamp":"2025-07-29T19:52:26.671653Z","level":"info","event":" 'outlets': [],","chan":"stdout","logger":"task"}
{"timestamp":"2025-07-29T19:52:26.671696Z","level":"info","event":" 'params': {},","chan":"stdout","logger":"task"}
{"timestamp":"2025-07-29T19:52:26.681758Z","level":"info","event":" 'prev_data_interval_end_success': <Proxy at 0x7fb66fc981a0 with factory <function RuntimeTaskInstance.get_template_context.<locals>.<lambda> at 0x7fb66fc8cf40>>,","chan":"stdout","logger":"task"}
{"timestamp":"2025-07-29T19:52:26.681937Z","level":"info","event":" 'prev_data_interval_start_success': <Proxy at 0x7fb66fd5dc70 with factory <function RuntimeTaskInstance.get_template_context.<locals>.<lambda> at 0x7fb66fc73d80>>,","chan":"stdout","logger":"task"}
{"timestamp":"2025-07-29T19:52:26.682000Z","level":"info","event":" 'prev_end_date_success': <Proxy at 0x7fb66fc1f410 with factory <function RuntimeTaskInstance.get_template_context.<locals>.<lambda> at 0x7fb66fc73740>>,","chan":"stdout","logger":"task"}
{"timestamp":"2025-07-29T19:52:26.682050Z","level":"info","event":" 'prev_start_date_success': <Proxy at 0x7fb66fc5fe00 with factory <function RuntimeTaskInstance.get_template_context.<locals>.<lambda> at 0x7fb66fc73c40>>,","chan":"stdout","logger":"task"}
{"timestamp":"2025-07-29T19:52:26.682094Z","level":"info","event":" 'run_id': 'scheduled__2023-06-24T06:48:00+00:00',","chan":"stdout","logger":"task"}
{"timestamp":"2025-07-29T19:52:26.682137Z","level":"info","event":" 'task': <Task(PythonOperator): python>,","chan":"stdout","logger":"task"}
{"timestamp":"2025-07-29T19:52:26.682183Z","level":"info","event":" 'task_instance': RuntimeTaskInstance(id=UUID('019857be-4b88-779f-9d1a-61eae3140ea2'), task_id='python', dag_id='python_operator_v1', run_id='scheduled__2023-06-24T06:48:00+00:00', try_number=1, map_index=-1, hostname='bf6f1e7a6f11', context_carrier={}, task=<Task(PythonOperator): python>, bundle_instance=LocalDagBundle(name=dags-folder), max_tries=0, start_date=datetime.datetime(2025, 7, 29, 19, 52, 26, 63372, tzinfo=datetime.timezone.utc), end_date=None, state=<TaskInstanceState.RUNNING: 'running'>, is_mapped=False, rendered_map_index=None, log_url='http://localhost:8080/dags/python_operator_v1/runs/scheduled__2023-06-24T06%3A48%3A00%2B00%3A00/tasks/python?try_number=1'),","chan":"stdout","logger":"task"}
{"timestamp":"2025-07-29T19:52:26.682226Z","level":"info","event":" 'task_instance_key_str': 'python_operator_v1__python__20230624',","chan":"stdout","logger":"task"}
{"timestamp":"2025-07-29T19:52:26.682267Z","level":"info","event":" 'task_reschedule_count': 0,","chan":"stdout","logger":"task"}
{"timestamp":"2025-07-29T19:52:26.682307Z","level":"info","event":" 'templates_dict': None,","chan":"stdout","logger":"task"}
{"timestamp":"2025-07-29T19:52:26.682379Z","level":"info","event":" 'ti': RuntimeTaskInstance(id=UUID('019857be-4b88-779f-9d1a-61eae3140ea2'), task_id='python', dag_id='python_operator_v1', run_id='scheduled__2023-06-24T06:48:00+00:00', try_number=1, map_index=-1, hostname='bf6f1e7a6f11', context_carrier={}, task=<Task(PythonOperator): python>, bundle_instance=LocalDagBundle(name=dags-folder), max_tries=0, start_date=datetime.datetime(2025, 7, 29, 19, 52, 26, 63372, tzinfo=datetime.timezone.utc), end_date=None, state=<TaskInstanceState.RUNNING: 'running'>, is_mapped=False, rendered_map_index=None, log_url='http://localhost:8080/dags/python_operator_v1/runs/scheduled__2023-06-24T06%3A48%3A00%2B00%3A00/tasks/python?try_number=1'),","chan":"stdout","logger":"task"}
{"timestamp":"2025-07-29T19:52:26.682430Z","level":"info","event":" 'triggering_asset_events': TriggeringAssetEventsAccessor(_events=defaultdict(<class 'list'>, {})),","chan":"stdout","logger":"task"}
{"timestamp":"2025-07-29T19:52:26.682472Z","level":"info","event":" 'ts': '2023-06-24T06:48:00+00:00',","chan":"stdout","logger":"task"}
{"timestamp":"2025-07-29T19:52:26.682512Z","level":"info","event":" 'ts_nodash': '20230624T064800',","chan":"stdout","logger":"task"}
{"timestamp":"2025-07-29T19:52:26.682554Z","level":"info","event":" 'ts_nodash_with_tz': '20230624T064800+0000',","chan":"stdout","logger":"task"}
{"timestamp":"2025-07-29T19:52:26.682595Z","level":"info","event":" 'var': {'json': <VariableAccessor (dynamic access)>,","chan":"stdout","logger":"task"}
{"timestamp":"2025-07-29T19:52:26.682635Z","level":"info","event":"         'value': <VariableAccessor (dynamic access)>}}","chan":"stdout","logger":"task"}
{"timestamp":"2025-07-29T19:52:26.682645","level":"info","event":"Done. Returned value was: 123","logger":"airflow.task.operators.airflow.providers.standard.operators.python.PythonOperator"}
{"timestamp":"2025-07-29T19:52:26.682905","level":"info","event":"Pushing xcom","ti":"RuntimeTaskInstance(id=UUID('019857be-4b88-779f-9d1a-61eae3140ea2'), task_id='python', dag_id='python_operator_v1', run_id='scheduled__2023-06-24T06:48:00+00:00', try_number=1, map_index=-1, hostname='bf6f1e7a6f11', context_carrier={}, task=<Task(PythonOperator): python>, bundle_instance=LocalDagBundle(name=dags-folder), max_tries=0, start_date=datetime.datetime(2025, 7, 29, 19, 52, 26, 63372, tzinfo=datetime.timezone.utc), end_date=None, state=<TaskInstanceState.RUNNING: 'running'>, is_mapped=False, rendered_map_index=None, log_url='http://localhost:8080/dags/python_operator_v1/runs/scheduled__2023-06-24T06%3A48%3A00%2B00%3A00/tasks/python?try_number=1')","logger":"task"}
{"timestamp":"2025-07-29T19:52:26.709651Z","level":"info","event":"Task instance in success state","chan":"stdout","logger":"task"}
{"timestamp":"2025-07-29T19:52:26.709809Z","level":"info","event":" Previous state of the Task instance: TaskInstanceState.RUNNING","chan":"stdout","logger":"task"}
{"timestamp":"2025-07-29T19:52:26.709990Z","level":"info","event":"Task operator:<Task(PythonOperator): python>","chan":"stdout","logger":"task"}
