{"timestamp":"2025-07-29T19:30:51.159239","level":"info","event":"DAG bundles loaded: dags-folder, example_dags","logger":"airflow.dag_processing.bundles.manager.DagBundlesManager"}
{"timestamp":"2025-07-29T19:30:51.160163","level":"info","event":"Filling up the DagBag from /opt/airflow/dags/python_operator_v1.py","logger":"airflow.models.dagbag.DagBag"}
{"timestamp":"2025-07-29T19:30:51.224323Z","level":"info","event":"Task instance is in running state","chan":"stdout","logger":"task"}
{"timestamp":"2025-07-29T19:30:51.224717Z","level":"info","event":" Previous state of the Task instance: TaskInstanceState.QUEUED","chan":"stdout","logger":"task"}
{"timestamp":"2025-07-29T19:30:51.235843Z","level":"info","event":"Current task name:python","chan":"stdout","logger":"task"}
{"timestamp":"2025-07-29T19:30:51.237709Z","level":"info","event":"Dag name:python_operator_v1","chan":"stdout","logger":"task"}
{"timestamp":"2025-07-29T19:30:51.238210Z","level":"info","event":"poliana","chan":"stdout","logger":"task"}
{"timestamp":"2025-07-29T19:30:51.240437Z","level":"info","event":"{'conn': <ConnectionAccessor (dynamic access)>,","chan":"stdout","logger":"task"}
{"timestamp":"2025-07-29T19:30:51.240836Z","level":"info","event":" 'dag': <DAG: python_operator_v1>,","chan":"stdout","logger":"task"}
{"timestamp":"2025-07-29T19:30:51.240985Z","level":"info","event":" 'dag_run': DagRun(dag_id='python_operator_v1', run_id='scheduled__2023-06-23T07:01:00+00:00', logical_date=datetime.datetime(2023, 6, 23, 7, 1, tzinfo=datetime.timezone.utc), data_interval_start=datetime.datetime(2023, 6, 23, 7, 1, tzinfo=datetime.timezone.utc), data_interval_end=datetime.datetime(2023, 6, 23, 7, 1, tzinfo=datetime.timezone.utc), run_after=datetime.datetime(2023, 6, 23, 7, 1, tzinfo=datetime.timezone.utc), start_date=datetime.datetime(2025, 7, 29, 19, 30, 50, 264090, tzinfo=datetime.timezone.utc), end_date=None, clear_number=0, run_type=<DagRunType.SCHEDULED: 'scheduled'>, conf={}, consumed_asset_events=[]),","chan":"stdout","logger":"task"}
{"timestamp":"2025-07-29T19:30:51.241226Z","level":"info","event":" 'data_interval_end': DateTime(2023, 6, 23, 7, 1, 0, tzinfo=Timezone('UTC')),","chan":"stdout","logger":"task"}
{"timestamp":"2025-07-29T19:30:51.241434Z","level":"info","event":" 'data_interval_start': DateTime(2023, 6, 23, 7, 1, 0, tzinfo=Timezone('UTC')),","chan":"stdout","logger":"task"}
{"timestamp":"2025-07-29T19:30:51.241501Z","level":"info","event":" 'ds': '2023-06-23',","chan":"stdout","logger":"task"}
{"timestamp":"2025-07-29T19:30:51.241561Z","level":"info","event":" 'ds_nodash': '20230623',","chan":"stdout","logger":"task"}
{"timestamp":"2025-07-29T19:30:51.241618Z","level":"info","event":" 'inlet_events': InletEventsAccessors(_inlets=[], _assets={}, _asset_aliases={}),","chan":"stdout","logger":"task"}
{"timestamp":"2025-07-29T19:30:51.241681Z","level":"info","event":" 'inlets': [],","chan":"stdout","logger":"task"}
{"timestamp":"2025-07-29T19:30:51.241869Z","level":"info","event":" 'logical_date': DateTime(2023, 6, 23, 7, 1, 0, tzinfo=Timezone('UTC')),","chan":"stdout","logger":"task"}
{"timestamp":"2025-07-29T19:30:51.242071Z","level":"info","event":" 'macros': <MacrosAccessor (dynamic access to macros)>,","chan":"stdout","logger":"task"}
{"timestamp":"2025-07-29T19:30:51.242149Z","level":"info","event":" 'map_index_template': None,","chan":"stdout","logger":"task"}
{"timestamp":"2025-07-29T19:30:51.242298Z","level":"info","event":" 'outlet_events': <airflow.sdk.execution_time.context.OutletEventAccessors object at 0x7fb67c057a70>,","chan":"stdout","logger":"task"}
{"timestamp":"2025-07-29T19:30:51.242390Z","level":"info","event":" 'outlets': [],","chan":"stdout","logger":"task"}
{"timestamp":"2025-07-29T19:30:51.242501Z","level":"info","event":" 'params': {},","chan":"stdout","logger":"task"}
{"timestamp":"2025-07-29T19:30:51.262148Z","level":"info","event":" 'prev_data_interval_end_success': <Proxy at 0x7fb66fc7a120 with factory <function RuntimeTaskInstance.get_template_context.<locals>.<lambda> at 0x7fb66fca8400>>,","chan":"stdout","logger":"task"}
{"timestamp":"2025-07-29T19:30:51.262605Z","level":"info","event":" 'prev_data_interval_start_success': <Proxy at 0x7fb66fdadc70 with factory <function RuntimeTaskInstance.get_template_context.<locals>.<lambda> at 0x7fb66fc8b240>>,","chan":"stdout","logger":"task"}
{"timestamp":"2025-07-29T19:30:51.262784Z","level":"info","event":" 'prev_end_date_success': <Proxy at 0x7fb66fc13650 with factory <function RuntimeTaskInstance.get_template_context.<locals>.<lambda> at 0x7fb66fc8ac00>>,","chan":"stdout","logger":"task"}
{"timestamp":"2025-07-29T19:30:51.262879Z","level":"info","event":" 'prev_start_date_success': <Proxy at 0x7fb66fd73830 with factory <function RuntimeTaskInstance.get_template_context.<locals>.<lambda> at 0x7fb66fc8b100>>,","chan":"stdout","logger":"task"}
{"timestamp":"2025-07-29T19:30:51.262955Z","level":"info","event":" 'run_id': 'scheduled__2023-06-23T07:01:00+00:00',","chan":"stdout","logger":"task"}
{"timestamp":"2025-07-29T19:30:51.263030Z","level":"info","event":" 'task': <Task(PythonOperator): python>,","chan":"stdout","logger":"task"}
{"timestamp":"2025-07-29T19:30:51.263110Z","level":"info","event":" 'task_instance': RuntimeTaskInstance(id=UUID('019857aa-8712-744e-aa49-9bc115c19b28'), task_id='python', dag_id='python_operator_v1', run_id='scheduled__2023-06-23T07:01:00+00:00', try_number=1, map_index=-1, hostname='bf6f1e7a6f11', context_carrier={}, task=<Task(PythonOperator): python>, bundle_instance=LocalDagBundle(name=dags-folder), max_tries=0, start_date=datetime.datetime(2025, 7, 29, 19, 30, 50, 506299, tzinfo=datetime.timezone.utc), end_date=None, state=<TaskInstanceState.RUNNING: 'running'>, is_mapped=False, rendered_map_index=None, log_url='http://localhost:8080/dags/python_operator_v1/runs/scheduled__2023-06-23T07%3A01%3A00%2B00%3A00/tasks/python?try_number=1'),","chan":"stdout","logger":"task"}
{"timestamp":"2025-07-29T19:30:51.263227Z","level":"info","event":" 'task_instance_key_str': 'python_operator_v1__python__20230623',","chan":"stdout","logger":"task"}
{"timestamp":"2025-07-29T19:30:51.263305Z","level":"info","event":" 'task_reschedule_count': 0,","chan":"stdout","logger":"task"}
{"timestamp":"2025-07-29T19:30:51.263379Z","level":"info","event":" 'templates_dict': None,","chan":"stdout","logger":"task"}
{"timestamp":"2025-07-29T19:30:51.263450Z","level":"info","event":" 'ti': RuntimeTaskInstance(id=UUID('019857aa-8712-744e-aa49-9bc115c19b28'), task_id='python', dag_id='python_operator_v1', run_id='scheduled__2023-06-23T07:01:00+00:00', try_number=1, map_index=-1, hostname='bf6f1e7a6f11', context_carrier={}, task=<Task(PythonOperator): python>, bundle_instance=LocalDagBundle(name=dags-folder), max_tries=0, start_date=datetime.datetime(2025, 7, 29, 19, 30, 50, 506299, tzinfo=datetime.timezone.utc), end_date=None, state=<TaskInstanceState.RUNNING: 'running'>, is_mapped=False, rendered_map_index=None, log_url='http://localhost:8080/dags/python_operator_v1/runs/scheduled__2023-06-23T07%3A01%3A00%2B00%3A00/tasks/python?try_number=1'),","chan":"stdout","logger":"task"}
{"timestamp":"2025-07-29T19:30:51.263523Z","level":"info","event":" 'triggering_asset_events': TriggeringAssetEventsAccessor(_events=defaultdict(<class 'list'>, {})),","chan":"stdout","logger":"task"}
{"timestamp":"2025-07-29T19:30:51.263636Z","level":"info","event":" 'ts': '2023-06-23T07:01:00+00:00',","chan":"stdout","logger":"task"}
{"timestamp":"2025-07-29T19:30:51.263715Z","level":"info","event":" 'ts_nodash': '20230623T070100',","chan":"stdout","logger":"task"}
{"timestamp":"2025-07-29T19:30:51.263783Z","level":"info","event":" 'ts_nodash_with_tz': '20230623T070100+0000',","chan":"stdout","logger":"task"}
{"timestamp":"2025-07-29T19:30:51.263938Z","level":"info","event":" 'var': {'json': <VariableAccessor (dynamic access)>,","chan":"stdout","logger":"task"}
{"timestamp":"2025-07-29T19:30:51.264021Z","level":"info","event":"         'value': <VariableAccessor (dynamic access)>}}","chan":"stdout","logger":"task"}
{"timestamp":"2025-07-29T19:30:51.263441","level":"info","event":"Done. Returned value was: 123","logger":"airflow.task.operators.airflow.providers.standard.operators.python.PythonOperator"}
{"timestamp":"2025-07-29T19:30:51.263775","level":"info","event":"Pushing xcom","ti":"RuntimeTaskInstance(id=UUID('019857aa-8712-744e-aa49-9bc115c19b28'), task_id='python', dag_id='python_operator_v1', run_id='scheduled__2023-06-23T07:01:00+00:00', try_number=1, map_index=-1, hostname='bf6f1e7a6f11', context_carrier={}, task=<Task(PythonOperator): python>, bundle_instance=LocalDagBundle(name=dags-folder), max_tries=0, start_date=datetime.datetime(2025, 7, 29, 19, 30, 50, 506299, tzinfo=datetime.timezone.utc), end_date=None, state=<TaskInstanceState.RUNNING: 'running'>, is_mapped=False, rendered_map_index=None, log_url='http://localhost:8080/dags/python_operator_v1/runs/scheduled__2023-06-23T07%3A01%3A00%2B00%3A00/tasks/python?try_number=1')","logger":"task"}
{"timestamp":"2025-07-29T19:30:51.297376Z","level":"info","event":"Task instance in success state","chan":"stdout","logger":"task"}
{"timestamp":"2025-07-29T19:30:51.297565Z","level":"info","event":" Previous state of the Task instance: TaskInstanceState.RUNNING","chan":"stdout","logger":"task"}
{"timestamp":"2025-07-29T19:30:51.297713Z","level":"info","event":"Task operator:<Task(PythonOperator): python>","chan":"stdout","logger":"task"}
