{"timestamp":"2025-07-29T19:30:31.038942","level":"info","event":"DAG bundles loaded: dags-folder, example_dags","logger":"airflow.dag_processing.bundles.manager.DagBundlesManager"}
{"timestamp":"2025-07-29T19:30:31.039905","level":"info","event":"Filling up the DagBag from /opt/airflow/dags/python_operator_v1.py","logger":"airflow.models.dagbag.DagBag"}
{"timestamp":"2025-07-29T19:30:31.079526Z","level":"info","event":"Task instance is in running state","chan":"stdout","logger":"task"}
{"timestamp":"2025-07-29T19:30:31.079758Z","level":"info","event":" Previous state of the Task instance: TaskInstanceState.QUEUED","chan":"stdout","logger":"task"}
{"timestamp":"2025-07-29T19:30:31.080552Z","level":"info","event":"Current task name:python","chan":"stdout","logger":"task"}
{"timestamp":"2025-07-29T19:30:31.080742Z","level":"info","event":"Dag name:python_operator_v1","chan":"stdout","logger":"task"}
{"timestamp":"2025-07-29T19:30:31.082671Z","level":"info","event":"poliana","chan":"stdout","logger":"task"}
{"timestamp":"2025-07-29T19:30:31.083759Z","level":"info","event":"{'conn': <ConnectionAccessor (dynamic access)>,","chan":"stdout","logger":"task"}
{"timestamp":"2025-07-29T19:30:31.083974Z","level":"info","event":" 'dag': <DAG: python_operator_v1>,","chan":"stdout","logger":"task"}
{"timestamp":"2025-07-29T19:30:31.084191Z","level":"info","event":" 'dag_run': DagRun(dag_id='python_operator_v1', run_id='scheduled__2023-06-23T06:34:00+00:00', logical_date=datetime.datetime(2023, 6, 23, 6, 34, tzinfo=datetime.timezone.utc), data_interval_start=datetime.datetime(2023, 6, 23, 6, 34, tzinfo=datetime.timezone.utc), data_interval_end=datetime.datetime(2023, 6, 23, 6, 34, tzinfo=datetime.timezone.utc), run_after=datetime.datetime(2023, 6, 23, 6, 34, tzinfo=datetime.timezone.utc), start_date=datetime.datetime(2025, 7, 29, 19, 30, 30, 151031, tzinfo=datetime.timezone.utc), end_date=None, clear_number=0, run_type=<DagRunType.SCHEDULED: 'scheduled'>, conf={}, consumed_asset_events=[]),","chan":"stdout","logger":"task"}
{"timestamp":"2025-07-29T19:30:31.084320Z","level":"info","event":" 'data_interval_end': DateTime(2023, 6, 23, 6, 34, 0, tzinfo=Timezone('UTC')),","chan":"stdout","logger":"task"}
{"timestamp":"2025-07-29T19:30:31.084405Z","level":"info","event":" 'data_interval_start': DateTime(2023, 6, 23, 6, 34, 0, tzinfo=Timezone('UTC')),","chan":"stdout","logger":"task"}
{"timestamp":"2025-07-29T19:30:31.084488Z","level":"info","event":" 'ds': '2023-06-23',","chan":"stdout","logger":"task"}
{"timestamp":"2025-07-29T19:30:31.084575Z","level":"info","event":" 'ds_nodash': '20230623',","chan":"stdout","logger":"task"}
{"timestamp":"2025-07-29T19:30:31.084667Z","level":"info","event":" 'inlet_events': InletEventsAccessors(_inlets=[], _assets={}, _asset_aliases={}),","chan":"stdout","logger":"task"}
{"timestamp":"2025-07-29T19:30:31.084761Z","level":"info","event":" 'inlets': [],","chan":"stdout","logger":"task"}
{"timestamp":"2025-07-29T19:30:31.084857Z","level":"info","event":" 'logical_date': DateTime(2023, 6, 23, 6, 34, 0, tzinfo=Timezone('UTC')),","chan":"stdout","logger":"task"}
{"timestamp":"2025-07-29T19:30:31.084937Z","level":"info","event":" 'macros': <MacrosAccessor (dynamic access to macros)>,","chan":"stdout","logger":"task"}
{"timestamp":"2025-07-29T19:30:31.085013Z","level":"info","event":" 'map_index_template': None,","chan":"stdout","logger":"task"}
{"timestamp":"2025-07-29T19:30:31.085107Z","level":"info","event":" 'outlet_events': <airflow.sdk.execution_time.context.OutletEventAccessors object at 0x7fb6785eff20>,","chan":"stdout","logger":"task"}
{"timestamp":"2025-07-29T19:30:31.085186Z","level":"info","event":" 'outlets': [],","chan":"stdout","logger":"task"}
{"timestamp":"2025-07-29T19:30:31.085279Z","level":"info","event":" 'params': {},","chan":"stdout","logger":"task"}
{"timestamp":"2025-07-29T19:30:31.099998Z","level":"info","event":" 'prev_data_interval_end_success': <Proxy at 0x7fb66fc7a030 with factory <function RuntimeTaskInstance.get_template_context.<locals>.<lambda> at 0x7fb66fc8ae80>>,","chan":"stdout","logger":"task"}
{"timestamp":"2025-07-29T19:30:31.100334Z","level":"info","event":" 'prev_data_interval_start_success': <Proxy at 0x7fb66fc7a0c0 with factory <function RuntimeTaskInstance.get_template_context.<locals>.<lambda> at 0x7fb66fc8bf60>>,","chan":"stdout","logger":"task"}
{"timestamp":"2025-07-29T19:30:31.100528Z","level":"info","event":" 'prev_end_date_success': <Proxy at 0x7fb66fc7a210 with factory <function RuntimeTaskInstance.get_template_context.<locals>.<lambda> at 0x7fb66fc8a840>>,","chan":"stdout","logger":"task"}
{"timestamp":"2025-07-29T19:30:31.100619Z","level":"info","event":" 'prev_start_date_success': <Proxy at 0x7fb66fc781d0 with factory <function RuntimeTaskInstance.get_template_context.<locals>.<lambda> at 0x7fb66fc8ad40>>,","chan":"stdout","logger":"task"}
{"timestamp":"2025-07-29T19:30:31.100690Z","level":"info","event":" 'run_id': 'scheduled__2023-06-23T06:34:00+00:00',","chan":"stdout","logger":"task"}
{"timestamp":"2025-07-29T19:30:31.100769Z","level":"info","event":" 'task': <Task(PythonOperator): python>,","chan":"stdout","logger":"task"}
{"timestamp":"2025-07-29T19:30:31.100855Z","level":"info","event":" 'task_instance': RuntimeTaskInstance(id=UUID('019857aa-3880-7282-a7a7-634a0d99fa00'), task_id='python', dag_id='python_operator_v1', run_id='scheduled__2023-06-23T06:34:00+00:00', try_number=1, map_index=-1, hostname='bf6f1e7a6f11', context_carrier={}, task=<Task(PythonOperator): python>, bundle_instance=LocalDagBundle(name=dags-folder), max_tries=0, start_date=datetime.datetime(2025, 7, 29, 19, 30, 30, 389900, tzinfo=datetime.timezone.utc), end_date=None, state=<TaskInstanceState.RUNNING: 'running'>, is_mapped=False, rendered_map_index=None, log_url='http://localhost:8080/dags/python_operator_v1/runs/scheduled__2023-06-23T06%3A34%3A00%2B00%3A00/tasks/python?try_number=1'),","chan":"stdout","logger":"task"}
{"timestamp":"2025-07-29T19:30:31.100928Z","level":"info","event":" 'task_instance_key_str': 'python_operator_v1__python__20230623',","chan":"stdout","logger":"task"}
{"timestamp":"2025-07-29T19:30:31.101003Z","level":"info","event":" 'task_reschedule_count': 0,","chan":"stdout","logger":"task"}
{"timestamp":"2025-07-29T19:30:31.101095Z","level":"info","event":" 'templates_dict': None,","chan":"stdout","logger":"task"}
{"timestamp":"2025-07-29T19:30:31.101157Z","level":"info","event":" 'ti': RuntimeTaskInstance(id=UUID('019857aa-3880-7282-a7a7-634a0d99fa00'), task_id='python', dag_id='python_operator_v1', run_id='scheduled__2023-06-23T06:34:00+00:00', try_number=1, map_index=-1, hostname='bf6f1e7a6f11', context_carrier={}, task=<Task(PythonOperator): python>, bundle_instance=LocalDagBundle(name=dags-folder), max_tries=0, start_date=datetime.datetime(2025, 7, 29, 19, 30, 30, 389900, tzinfo=datetime.timezone.utc), end_date=None, state=<TaskInstanceState.RUNNING: 'running'>, is_mapped=False, rendered_map_index=None, log_url='http://localhost:8080/dags/python_operator_v1/runs/scheduled__2023-06-23T06%3A34%3A00%2B00%3A00/tasks/python?try_number=1'),","chan":"stdout","logger":"task"}
{"timestamp":"2025-07-29T19:30:31.101301Z","level":"info","event":" 'triggering_asset_events': TriggeringAssetEventsAccessor(_events=defaultdict(<class 'list'>, {})),","chan":"stdout","logger":"task"}
{"timestamp":"2025-07-29T19:30:31.101376Z","level":"info","event":" 'ts': '2023-06-23T06:34:00+00:00',","chan":"stdout","logger":"task"}
{"timestamp":"2025-07-29T19:30:31.101437Z","level":"info","event":" 'ts_nodash': '20230623T063400',","chan":"stdout","logger":"task"}
{"timestamp":"2025-07-29T19:30:31.101538Z","level":"info","event":" 'ts_nodash_with_tz': '20230623T063400+0000',","chan":"stdout","logger":"task"}
{"timestamp":"2025-07-29T19:30:31.101624Z","level":"info","event":" 'var': {'json': <VariableAccessor (dynamic access)>,","chan":"stdout","logger":"task"}
{"timestamp":"2025-07-29T19:30:31.101705Z","level":"info","event":"         'value': <VariableAccessor (dynamic access)>}}","chan":"stdout","logger":"task"}
{"timestamp":"2025-07-29T19:30:31.101318","level":"info","event":"Done. Returned value was: 123","logger":"airflow.task.operators.airflow.providers.standard.operators.python.PythonOperator"}
{"timestamp":"2025-07-29T19:30:31.101633","level":"info","event":"Pushing xcom","ti":"RuntimeTaskInstance(id=UUID('019857aa-3880-7282-a7a7-634a0d99fa00'), task_id='python', dag_id='python_operator_v1', run_id='scheduled__2023-06-23T06:34:00+00:00', try_number=1, map_index=-1, hostname='bf6f1e7a6f11', context_carrier={}, task=<Task(PythonOperator): python>, bundle_instance=LocalDagBundle(name=dags-folder), max_tries=0, start_date=datetime.datetime(2025, 7, 29, 19, 30, 30, 389900, tzinfo=datetime.timezone.utc), end_date=None, state=<TaskInstanceState.RUNNING: 'running'>, is_mapped=False, rendered_map_index=None, log_url='http://localhost:8080/dags/python_operator_v1/runs/scheduled__2023-06-23T06%3A34%3A00%2B00%3A00/tasks/python?try_number=1')","logger":"task"}
{"timestamp":"2025-07-29T19:30:31.146594Z","level":"info","event":"Task instance in success state","chan":"stdout","logger":"task"}
{"timestamp":"2025-07-29T19:30:31.146898Z","level":"info","event":" Previous state of the Task instance: TaskInstanceState.RUNNING","chan":"stdout","logger":"task"}
{"timestamp":"2025-07-29T19:30:31.147139Z","level":"info","event":"Task operator:<Task(PythonOperator): python>","chan":"stdout","logger":"task"}
