{"timestamp":"2025-07-29T19:33:47.119912","level":"info","event":"DAG bundles loaded: dags-folder, example_dags","logger":"airflow.dag_processing.bundles.manager.DagBundlesManager"}
{"timestamp":"2025-07-29T19:33:47.120797","level":"info","event":"Filling up the DagBag from /opt/airflow/dags/python_operator_v1.py","logger":"airflow.models.dagbag.DagBag"}
{"timestamp":"2025-07-29T19:33:47.173726Z","level":"info","event":"Task instance is in running state","chan":"stdout","logger":"task"}
{"timestamp":"2025-07-29T19:33:47.173945Z","level":"info","event":" Previous state of the Task instance: TaskInstanceState.QUEUED","chan":"stdout","logger":"task"}
{"timestamp":"2025-07-29T19:33:47.176260Z","level":"info","event":"Current task name:python","chan":"stdout","logger":"task"}
{"timestamp":"2025-07-29T19:33:47.176418Z","level":"info","event":"Dag name:python_operator_v1","chan":"stdout","logger":"task"}
{"timestamp":"2025-07-29T19:33:47.177669Z","level":"info","event":"poliana","chan":"stdout","logger":"task"}
{"timestamp":"2025-07-29T19:33:47.178667Z","level":"info","event":"{'conn': <ConnectionAccessor (dynamic access)>,","chan":"stdout","logger":"task"}
{"timestamp":"2025-07-29T19:33:47.178880Z","level":"info","event":" 'dag': <DAG: python_operator_v1>,","chan":"stdout","logger":"task"}
{"timestamp":"2025-07-29T19:33:47.179231Z","level":"info","event":" 'dag_run': DagRun(dag_id='python_operator_v1', run_id='scheduled__2023-06-23T10:20:00+00:00', logical_date=datetime.datetime(2023, 6, 23, 10, 20, tzinfo=datetime.timezone.utc), data_interval_start=datetime.datetime(2023, 6, 23, 10, 20, tzinfo=datetime.timezone.utc), data_interval_end=datetime.datetime(2023, 6, 23, 10, 20, tzinfo=datetime.timezone.utc), run_after=datetime.datetime(2023, 6, 23, 10, 20, tzinfo=datetime.timezone.utc), start_date=datetime.datetime(2025, 7, 29, 19, 33, 46, 104377, tzinfo=datetime.timezone.utc), end_date=None, clear_number=0, run_type=<DagRunType.SCHEDULED: 'scheduled'>, conf={}, consumed_asset_events=[]),","chan":"stdout","logger":"task"}
{"timestamp":"2025-07-29T19:33:47.179346Z","level":"info","event":" 'data_interval_end': DateTime(2023, 6, 23, 10, 20, 0, tzinfo=Timezone('UTC')),","chan":"stdout","logger":"task"}
{"timestamp":"2025-07-29T19:33:47.179423Z","level":"info","event":" 'data_interval_start': DateTime(2023, 6, 23, 10, 20, 0, tzinfo=Timezone('UTC')),","chan":"stdout","logger":"task"}
{"timestamp":"2025-07-29T19:33:47.179492Z","level":"info","event":" 'ds': '2023-06-23',","chan":"stdout","logger":"task"}
{"timestamp":"2025-07-29T19:33:47.179579Z","level":"info","event":" 'ds_nodash': '20230623',","chan":"stdout","logger":"task"}
{"timestamp":"2025-07-29T19:33:47.179658Z","level":"info","event":" 'inlet_events': InletEventsAccessors(_inlets=[], _assets={}, _asset_aliases={}),","chan":"stdout","logger":"task"}
{"timestamp":"2025-07-29T19:33:47.179722Z","level":"info","event":" 'inlets': [],","chan":"stdout","logger":"task"}
{"timestamp":"2025-07-29T19:33:47.179790Z","level":"info","event":" 'logical_date': DateTime(2023, 6, 23, 10, 20, 0, tzinfo=Timezone('UTC')),","chan":"stdout","logger":"task"}
{"timestamp":"2025-07-29T19:33:47.179874Z","level":"info","event":" 'macros': <MacrosAccessor (dynamic access to macros)>,","chan":"stdout","logger":"task"}
{"timestamp":"2025-07-29T19:33:47.179953Z","level":"info","event":" 'map_index_template': None,","chan":"stdout","logger":"task"}
{"timestamp":"2025-07-29T19:33:47.180032Z","level":"info","event":" 'outlet_events': <airflow.sdk.execution_time.context.OutletEventAccessors object at 0x7fb66fd97a70>,","chan":"stdout","logger":"task"}
{"timestamp":"2025-07-29T19:33:47.180103Z","level":"info","event":" 'outlets': [],","chan":"stdout","logger":"task"}
{"timestamp":"2025-07-29T19:33:47.180186Z","level":"info","event":" 'params': {},","chan":"stdout","logger":"task"}
{"timestamp":"2025-07-29T19:33:47.208452Z","level":"info","event":" 'prev_data_interval_end_success': <Proxy at 0x7fb66fcb01d0 with factory <function RuntimeTaskInstance.get_template_context.<locals>.<lambda> at 0x7fb66fc9d3a0>>,","chan":"stdout","logger":"task"}
{"timestamp":"2025-07-29T19:33:47.210129Z","level":"info","event":" 'prev_data_interval_start_success': <Proxy at 0x7fb66fcb0140 with factory <function RuntimeTaskInstance.get_template_context.<locals>.<lambda> at 0x7fb66fc9eac0>>,","chan":"stdout","logger":"task"}
{"timestamp":"2025-07-29T19:33:47.210806Z","level":"info","event":" 'prev_end_date_success': <Proxy at 0x7fb67ebbfe30 with factory <function RuntimeTaskInstance.get_template_context.<locals>.<lambda> at 0x7fb66fc9eb60>>,","chan":"stdout","logger":"task"}
{"timestamp":"2025-07-29T19:33:47.211086Z","level":"info","event":" 'prev_start_date_success': <Proxy at 0x7fb66fc2b830 with factory <function RuntimeTaskInstance.get_template_context.<locals>.<lambda> at 0x7fb66fc9d8a0>>,","chan":"stdout","logger":"task"}
{"timestamp":"2025-07-29T19:33:47.211328Z","level":"info","event":" 'run_id': 'scheduled__2023-06-23T10:20:00+00:00',","chan":"stdout","logger":"task"}
{"timestamp":"2025-07-29T19:33:47.211569Z","level":"info","event":" 'task': <Task(PythonOperator): python>,","chan":"stdout","logger":"task"}
{"timestamp":"2025-07-29T19:33:47.212494Z","level":"info","event":" 'task_instance': RuntimeTaskInstance(id=UUID('019857ad-35f3-7344-959c-1ba7508c68a7'), task_id='python', dag_id='python_operator_v1', run_id='scheduled__2023-06-23T10:20:00+00:00', try_number=1, map_index=-1, hostname='bf6f1e7a6f11', context_carrier={}, task=<Task(PythonOperator): python>, bundle_instance=LocalDagBundle(name=dags-folder), max_tries=0, start_date=datetime.datetime(2025, 7, 29, 19, 33, 46, 389815, tzinfo=datetime.timezone.utc), end_date=None, state=<TaskInstanceState.RUNNING: 'running'>, is_mapped=False, rendered_map_index=None, log_url='http://localhost:8080/dags/python_operator_v1/runs/scheduled__2023-06-23T10%3A20%3A00%2B00%3A00/tasks/python?try_number=1'),","chan":"stdout","logger":"task"}
{"timestamp":"2025-07-29T19:33:47.213454Z","level":"info","event":" 'task_instance_key_str': 'python_operator_v1__python__20230623',","chan":"stdout","logger":"task"}
{"timestamp":"2025-07-29T19:33:47.213769Z","level":"info","event":" 'task_reschedule_count': 0,","chan":"stdout","logger":"task"}
{"timestamp":"2025-07-29T19:33:47.214030Z","level":"info","event":" 'templates_dict': None,","chan":"stdout","logger":"task"}
{"timestamp":"2025-07-29T19:33:47.214292Z","level":"info","event":" 'ti': RuntimeTaskInstance(id=UUID('019857ad-35f3-7344-959c-1ba7508c68a7'), task_id='python', dag_id='python_operator_v1', run_id='scheduled__2023-06-23T10:20:00+00:00', try_number=1, map_index=-1, hostname='bf6f1e7a6f11', context_carrier={}, task=<Task(PythonOperator): python>, bundle_instance=LocalDagBundle(name=dags-folder), max_tries=0, start_date=datetime.datetime(2025, 7, 29, 19, 33, 46, 389815, tzinfo=datetime.timezone.utc), end_date=None, state=<TaskInstanceState.RUNNING: 'running'>, is_mapped=False, rendered_map_index=None, log_url='http://localhost:8080/dags/python_operator_v1/runs/scheduled__2023-06-23T10%3A20%3A00%2B00%3A00/tasks/python?try_number=1'),","chan":"stdout","logger":"task"}
{"timestamp":"2025-07-29T19:33:47.214514Z","level":"info","event":" 'triggering_asset_events': TriggeringAssetEventsAccessor(_events=defaultdict(<class 'list'>, {})),","chan":"stdout","logger":"task"}
{"timestamp":"2025-07-29T19:33:47.214714Z","level":"info","event":" 'ts': '2023-06-23T10:20:00+00:00',","chan":"stdout","logger":"task"}
{"timestamp":"2025-07-29T19:33:47.214912Z","level":"info","event":" 'ts_nodash': '20230623T102000',","chan":"stdout","logger":"task"}
{"timestamp":"2025-07-29T19:33:47.215124Z","level":"info","event":" 'ts_nodash_with_tz': '20230623T102000+0000',","chan":"stdout","logger":"task"}
{"timestamp":"2025-07-29T19:33:47.215299Z","level":"info","event":" 'var': {'json': <VariableAccessor (dynamic access)>,","chan":"stdout","logger":"task"}
{"timestamp":"2025-07-29T19:33:47.215435Z","level":"info","event":"         'value': <VariableAccessor (dynamic access)>}}","chan":"stdout","logger":"task"}
{"timestamp":"2025-07-29T19:33:47.201905","level":"info","event":"Done. Returned value was: 123","logger":"airflow.task.operators.airflow.providers.standard.operators.python.PythonOperator"}
{"timestamp":"2025-07-29T19:33:47.202326","level":"info","event":"Pushing xcom","ti":"RuntimeTaskInstance(id=UUID('019857ad-35f3-7344-959c-1ba7508c68a7'), task_id='python', dag_id='python_operator_v1', run_id='scheduled__2023-06-23T10:20:00+00:00', try_number=1, map_index=-1, hostname='bf6f1e7a6f11', context_carrier={}, task=<Task(PythonOperator): python>, bundle_instance=LocalDagBundle(name=dags-folder), max_tries=0, start_date=datetime.datetime(2025, 7, 29, 19, 33, 46, 389815, tzinfo=datetime.timezone.utc), end_date=None, state=<TaskInstanceState.RUNNING: 'running'>, is_mapped=False, rendered_map_index=None, log_url='http://localhost:8080/dags/python_operator_v1/runs/scheduled__2023-06-23T10%3A20%3A00%2B00%3A00/tasks/python?try_number=1')","logger":"task"}
{"timestamp":"2025-07-29T19:33:47.258025Z","level":"info","event":"Task instance in success state","chan":"stdout","logger":"task"}
{"timestamp":"2025-07-29T19:33:47.258244Z","level":"info","event":" Previous state of the Task instance: TaskInstanceState.RUNNING","chan":"stdout","logger":"task"}
{"timestamp":"2025-07-29T19:33:47.258532Z","level":"info","event":"Task operator:<Task(PythonOperator): python>","chan":"stdout","logger":"task"}
