{"timestamp":"2025-07-29T19:32:22.125344","level":"info","event":"DAG bundles loaded: dags-folder, example_dags","logger":"airflow.dag_processing.bundles.manager.DagBundlesManager"}
{"timestamp":"2025-07-29T19:32:22.125819","level":"info","event":"Filling up the DagBag from /opt/airflow/dags/python_operator_v1.py","logger":"airflow.models.dagbag.DagBag"}
{"timestamp":"2025-07-29T19:32:22.149777Z","level":"info","event":"Task instance is in running state","chan":"stdout","logger":"task"}
{"timestamp":"2025-07-29T19:32:22.149922Z","level":"info","event":" Previous state of the Task instance: TaskInstanceState.QUEUED","chan":"stdout","logger":"task"}
{"timestamp":"2025-07-29T19:32:22.150013Z","level":"info","event":"Current task name:python","chan":"stdout","logger":"task"}
{"timestamp":"2025-07-29T19:32:22.150083Z","level":"info","event":"Dag name:python_operator_v1","chan":"stdout","logger":"task"}
{"timestamp":"2025-07-29T19:32:22.151686Z","level":"info","event":"poliana","chan":"stdout","logger":"task"}
{"timestamp":"2025-07-29T19:32:22.152299Z","level":"info","event":"{'conn': <ConnectionAccessor (dynamic access)>,","chan":"stdout","logger":"task"}
{"timestamp":"2025-07-29T19:32:22.152455Z","level":"info","event":" 'dag': <DAG: python_operator_v1>,","chan":"stdout","logger":"task"}
{"timestamp":"2025-07-29T19:32:22.152614Z","level":"info","event":" 'dag_run': DagRun(dag_id='python_operator_v1', run_id='scheduled__2023-06-23T08:45:00+00:00', logical_date=datetime.datetime(2023, 6, 23, 8, 45, tzinfo=datetime.timezone.utc), data_interval_start=datetime.datetime(2023, 6, 23, 8, 45, tzinfo=datetime.timezone.utc), data_interval_end=datetime.datetime(2023, 6, 23, 8, 45, tzinfo=datetime.timezone.utc), run_after=datetime.datetime(2023, 6, 23, 8, 45, tzinfo=datetime.timezone.utc), start_date=datetime.datetime(2025, 7, 29, 19, 32, 21, 16007, tzinfo=datetime.timezone.utc), end_date=None, clear_number=0, run_type=<DagRunType.SCHEDULED: 'scheduled'>, conf={}, consumed_asset_events=[]),","chan":"stdout","logger":"task"}
{"timestamp":"2025-07-29T19:32:22.152690Z","level":"info","event":" 'data_interval_end': DateTime(2023, 6, 23, 8, 45, 0, tzinfo=Timezone('UTC')),","chan":"stdout","logger":"task"}
{"timestamp":"2025-07-29T19:32:22.152738Z","level":"info","event":" 'data_interval_start': DateTime(2023, 6, 23, 8, 45, 0, tzinfo=Timezone('UTC')),","chan":"stdout","logger":"task"}
{"timestamp":"2025-07-29T19:32:22.152781Z","level":"info","event":" 'ds': '2023-06-23',","chan":"stdout","logger":"task"}
{"timestamp":"2025-07-29T19:32:22.152824Z","level":"info","event":" 'ds_nodash': '20230623',","chan":"stdout","logger":"task"}
{"timestamp":"2025-07-29T19:32:22.152866Z","level":"info","event":" 'inlet_events': InletEventsAccessors(_inlets=[], _assets={}, _asset_aliases={}),","chan":"stdout","logger":"task"}
{"timestamp":"2025-07-29T19:32:22.152907Z","level":"info","event":" 'inlets': [],","chan":"stdout","logger":"task"}
{"timestamp":"2025-07-29T19:32:22.152949Z","level":"info","event":" 'logical_date': DateTime(2023, 6, 23, 8, 45, 0, tzinfo=Timezone('UTC')),","chan":"stdout","logger":"task"}
{"timestamp":"2025-07-29T19:32:22.152989Z","level":"info","event":" 'macros': <MacrosAccessor (dynamic access to macros)>,","chan":"stdout","logger":"task"}
{"timestamp":"2025-07-29T19:32:22.153052Z","level":"info","event":" 'map_index_template': None,","chan":"stdout","logger":"task"}
{"timestamp":"2025-07-29T19:32:22.153100Z","level":"info","event":" 'outlet_events': <airflow.sdk.execution_time.context.OutletEventAccessors object at 0x7fb66fc46690>,","chan":"stdout","logger":"task"}
{"timestamp":"2025-07-29T19:32:22.153142Z","level":"info","event":" 'outlets': [],","chan":"stdout","logger":"task"}
{"timestamp":"2025-07-29T19:32:22.153187Z","level":"info","event":" 'params': {},","chan":"stdout","logger":"task"}
{"timestamp":"2025-07-29T19:32:22.162985Z","level":"info","event":" 'prev_data_interval_end_success': <Proxy at 0x7fb66fc72930 with factory <function RuntimeTaskInstance.get_template_context.<locals>.<lambda> at 0x7fb66fca09a0>>,","chan":"stdout","logger":"task"}
{"timestamp":"2025-07-29T19:32:22.163331Z","level":"info","event":" 'prev_data_interval_start_success': <Proxy at 0x7fb66fc72990 with factory <function RuntimeTaskInstance.get_template_context.<locals>.<lambda> at 0x7fb66fc877e0>>,","chan":"stdout","logger":"task"}
{"timestamp":"2025-07-29T19:32:22.163487Z","level":"info","event":" 'prev_end_date_success': <Proxy at 0x7fb67851f980 with factory <function RuntimeTaskInstance.get_template_context.<locals>.<lambda> at 0x7fb66fc871a0>>,","chan":"stdout","logger":"task"}
{"timestamp":"2025-07-29T19:32:22.163600Z","level":"info","event":" 'prev_start_date_success': <Proxy at 0x7fb67ebbc980 with factory <function RuntimeTaskInstance.get_template_context.<locals>.<lambda> at 0x7fb66fc876a0>>,","chan":"stdout","logger":"task"}
{"timestamp":"2025-07-29T19:32:22.163683Z","level":"info","event":" 'run_id': 'scheduled__2023-06-23T08:45:00+00:00',","chan":"stdout","logger":"task"}
{"timestamp":"2025-07-29T19:32:22.163758Z","level":"info","event":" 'task': <Task(PythonOperator): python>,","chan":"stdout","logger":"task"}
{"timestamp":"2025-07-29T19:32:22.163837Z","level":"info","event":" 'task_instance': RuntimeTaskInstance(id=UUID('019857ab-e989-71a0-a4a4-90ac955b4eab'), task_id='python', dag_id='python_operator_v1', run_id='scheduled__2023-06-23T08:45:00+00:00', try_number=1, map_index=-1, hostname='bf6f1e7a6f11', context_carrier={}, task=<Task(PythonOperator): python>, bundle_instance=LocalDagBundle(name=dags-folder), max_tries=0, start_date=datetime.datetime(2025, 7, 29, 19, 32, 21, 547175, tzinfo=datetime.timezone.utc), end_date=None, state=<TaskInstanceState.RUNNING: 'running'>, is_mapped=False, rendered_map_index=None, log_url='http://localhost:8080/dags/python_operator_v1/runs/scheduled__2023-06-23T08%3A45%3A00%2B00%3A00/tasks/python?try_number=1'),","chan":"stdout","logger":"task"}
{"timestamp":"2025-07-29T19:32:22.163945Z","level":"info","event":" 'task_instance_key_str': 'python_operator_v1__python__20230623',","chan":"stdout","logger":"task"}
{"timestamp":"2025-07-29T19:32:22.164026Z","level":"info","event":" 'task_reschedule_count': 0,","chan":"stdout","logger":"task"}
{"timestamp":"2025-07-29T19:32:22.164098Z","level":"info","event":" 'templates_dict': None,","chan":"stdout","logger":"task"}
{"timestamp":"2025-07-29T19:32:22.164166Z","level":"info","event":" 'ti': RuntimeTaskInstance(id=UUID('019857ab-e989-71a0-a4a4-90ac955b4eab'), task_id='python', dag_id='python_operator_v1', run_id='scheduled__2023-06-23T08:45:00+00:00', try_number=1, map_index=-1, hostname='bf6f1e7a6f11', context_carrier={}, task=<Task(PythonOperator): python>, bundle_instance=LocalDagBundle(name=dags-folder), max_tries=0, start_date=datetime.datetime(2025, 7, 29, 19, 32, 21, 547175, tzinfo=datetime.timezone.utc), end_date=None, state=<TaskInstanceState.RUNNING: 'running'>, is_mapped=False, rendered_map_index=None, log_url='http://localhost:8080/dags/python_operator_v1/runs/scheduled__2023-06-23T08%3A45%3A00%2B00%3A00/tasks/python?try_number=1'),","chan":"stdout","logger":"task"}
{"timestamp":"2025-07-29T19:32:22.164241Z","level":"info","event":" 'triggering_asset_events': TriggeringAssetEventsAccessor(_events=defaultdict(<class 'list'>, {})),","chan":"stdout","logger":"task"}
{"timestamp":"2025-07-29T19:32:22.164312Z","level":"info","event":" 'ts': '2023-06-23T08:45:00+00:00',","chan":"stdout","logger":"task"}
{"timestamp":"2025-07-29T19:32:22.164384Z","level":"info","event":" 'ts_nodash': '20230623T084500',","chan":"stdout","logger":"task"}
{"timestamp":"2025-07-29T19:32:22.164453Z","level":"info","event":" 'ts_nodash_with_tz': '20230623T084500+0000',","chan":"stdout","logger":"task"}
{"timestamp":"2025-07-29T19:32:22.164586Z","level":"info","event":" 'var': {'json': <VariableAccessor (dynamic access)>,","chan":"stdout","logger":"task"}
{"timestamp":"2025-07-29T19:32:22.164664Z","level":"info","event":"         'value': <VariableAccessor (dynamic access)>}}","chan":"stdout","logger":"task"}
{"timestamp":"2025-07-29T19:32:22.164051","level":"info","event":"Done. Returned value was: 123","logger":"airflow.task.operators.airflow.providers.standard.operators.python.PythonOperator"}
{"timestamp":"2025-07-29T19:32:22.164279","level":"info","event":"Pushing xcom","ti":"RuntimeTaskInstance(id=UUID('019857ab-e989-71a0-a4a4-90ac955b4eab'), task_id='python', dag_id='python_operator_v1', run_id='scheduled__2023-06-23T08:45:00+00:00', try_number=1, map_index=-1, hostname='bf6f1e7a6f11', context_carrier={}, task=<Task(PythonOperator): python>, bundle_instance=LocalDagBundle(name=dags-folder), max_tries=0, start_date=datetime.datetime(2025, 7, 29, 19, 32, 21, 547175, tzinfo=datetime.timezone.utc), end_date=None, state=<TaskInstanceState.RUNNING: 'running'>, is_mapped=False, rendered_map_index=None, log_url='http://localhost:8080/dags/python_operator_v1/runs/scheduled__2023-06-23T08%3A45%3A00%2B00%3A00/tasks/python?try_number=1')","logger":"task"}
{"timestamp":"2025-07-29T19:32:22.187197Z","level":"info","event":"Task instance in success state","chan":"stdout","logger":"task"}
{"timestamp":"2025-07-29T19:32:22.187335Z","level":"info","event":" Previous state of the Task instance: TaskInstanceState.RUNNING","chan":"stdout","logger":"task"}
{"timestamp":"2025-07-29T19:32:22.187435Z","level":"info","event":"Task operator:<Task(PythonOperator): python>","chan":"stdout","logger":"task"}
