{"timestamp":"2025-07-29T20:01:14.666886","level":"info","event":"DAG bundles loaded: dags-folder, example_dags","logger":"airflow.dag_processing.bundles.manager.DagBundlesManager"}
{"timestamp":"2025-07-29T20:01:14.667460","level":"info","event":"Filling up the DagBag from /opt/airflow/dags/3_dag_principal.py","logger":"airflow.models.dagbag.DagBag"}
{"timestamp":"2025-07-29T20:01:14.705357Z","level":"info","event":"Task instance is in running state","chan":"stdout","logger":"task"}
{"timestamp":"2025-07-29T20:01:14.705623Z","level":"info","event":" Previous state of the Task instance: TaskInstanceState.QUEUED","chan":"stdout","logger":"task"}
{"timestamp":"2025-07-29T20:01:14.706140Z","level":"info","event":"Current task name:python_principal","chan":"stdout","logger":"task"}
{"timestamp":"2025-07-29T20:01:14.706243Z","level":"info","event":"Dag name:3_DAG_principal","chan":"stdout","logger":"task"}
{"timestamp":"2025-07-29T20:01:14.707397Z","level":"info","event":"DAG principal","chan":"stdout","logger":"task"}
{"timestamp":"2025-07-29T20:01:14.708007Z","level":"info","event":"{'conn': <ConnectionAccessor (dynamic access)>,","chan":"stdout","logger":"task"}
{"timestamp":"2025-07-29T20:01:14.708147Z","level":"info","event":" 'dag': <DAG: 3_DAG_principal>,","chan":"stdout","logger":"task"}
{"timestamp":"2025-07-29T20:01:14.708281Z","level":"info","event":" 'dag_run': DagRun(dag_id='3_DAG_principal', run_id='scheduled__2023-11-08T20:00:00+00:00', logical_date=datetime.datetime(2023, 11, 8, 20, 0, tzinfo=datetime.timezone.utc), data_interval_start=datetime.datetime(2023, 11, 8, 20, 0, tzinfo=datetime.timezone.utc), data_interval_end=datetime.datetime(2023, 11, 8, 20, 0, tzinfo=datetime.timezone.utc), run_after=datetime.datetime(2023, 11, 8, 20, 0, tzinfo=datetime.timezone.utc), start_date=datetime.datetime(2025, 7, 29, 20, 1, 13, 452398, tzinfo=datetime.timezone.utc), end_date=None, clear_number=0, run_type=<DagRunType.SCHEDULED: 'scheduled'>, conf={}, consumed_asset_events=[]),","chan":"stdout","logger":"task"}
{"timestamp":"2025-07-29T20:01:14.708368Z","level":"info","event":" 'data_interval_end': DateTime(2023, 11, 8, 20, 0, 0, tzinfo=Timezone('UTC')),","chan":"stdout","logger":"task"}
{"timestamp":"2025-07-29T20:01:14.708445Z","level":"info","event":" 'data_interval_start': DateTime(2023, 11, 8, 20, 0, 0, tzinfo=Timezone('UTC')),","chan":"stdout","logger":"task"}
{"timestamp":"2025-07-29T20:01:14.708516Z","level":"info","event":" 'ds': '2023-11-08',","chan":"stdout","logger":"task"}
{"timestamp":"2025-07-29T20:01:14.708582Z","level":"info","event":" 'ds_nodash': '20231108',","chan":"stdout","logger":"task"}
{"timestamp":"2025-07-29T20:01:14.708639Z","level":"info","event":" 'inlet_events': InletEventsAccessors(_inlets=[], _assets={}, _asset_aliases={}),","chan":"stdout","logger":"task"}
{"timestamp":"2025-07-29T20:01:14.708707Z","level":"info","event":" 'inlets': [],","chan":"stdout","logger":"task"}
{"timestamp":"2025-07-29T20:01:14.708770Z","level":"info","event":" 'logical_date': DateTime(2023, 11, 8, 20, 0, 0, tzinfo=Timezone('UTC')),","chan":"stdout","logger":"task"}
{"timestamp":"2025-07-29T20:01:14.708829Z","level":"info","event":" 'macros': <MacrosAccessor (dynamic access to macros)>,","chan":"stdout","logger":"task"}
{"timestamp":"2025-07-29T20:01:14.708896Z","level":"info","event":" 'map_index_template': None,","chan":"stdout","logger":"task"}
{"timestamp":"2025-07-29T20:01:14.708962Z","level":"info","event":" 'outlet_events': <airflow.sdk.execution_time.context.OutletEventAccessors object at 0x7fb67cb9ff20>,","chan":"stdout","logger":"task"}
{"timestamp":"2025-07-29T20:01:14.709020Z","level":"info","event":" 'outlets': [],","chan":"stdout","logger":"task"}
{"timestamp":"2025-07-29T20:01:14.709089Z","level":"info","event":" 'params': {},","chan":"stdout","logger":"task"}
{"timestamp":"2025-07-29T20:01:14.729289Z","level":"info","event":" 'prev_data_interval_end_success': <Proxy at 0x7fb66fc7e780 with factory <function RuntimeTaskInstance.get_template_context.<locals>.<lambda> at 0x7fb66fc97b00>>,","chan":"stdout","logger":"task"}
{"timestamp":"2025-07-29T20:01:14.729567Z","level":"info","event":" 'prev_data_interval_start_success': <Proxy at 0x7fb66fc7e5a0 with factory <function RuntimeTaskInstance.get_template_context.<locals>.<lambda> at 0x7fb66fc96340>>,","chan":"stdout","logger":"task"}
{"timestamp":"2025-07-29T20:01:14.729698Z","level":"info","event":" 'prev_end_date_success': <Proxy at 0x7fb66fc7eae0 with factory <function RuntimeTaskInstance.get_template_context.<locals>.<lambda> at 0x7fb66fc97ba0>>,","chan":"stdout","logger":"task"}
{"timestamp":"2025-07-29T20:01:14.729782Z","level":"info","event":" 'prev_start_date_success': <Proxy at 0x7fb66fc7e990 with factory <function RuntimeTaskInstance.get_template_context.<locals>.<lambda> at 0x7fb66fc968e0>>,","chan":"stdout","logger":"task"}
{"timestamp":"2025-07-29T20:01:14.729853Z","level":"info","event":" 'run_id': 'scheduled__2023-11-08T20:00:00+00:00',","chan":"stdout","logger":"task"}
{"timestamp":"2025-07-29T20:01:14.729920Z","level":"info","event":" 'task': <Task(PythonOperator): python_principal>,","chan":"stdout","logger":"task"}
{"timestamp":"2025-07-29T20:01:14.729989Z","level":"info","event":" 'task_instance': RuntimeTaskInstance(id=UUID('019857c6-58dc-7efd-8c2d-1adfb9f307b3'), task_id='python_principal', dag_id='3_DAG_principal', run_id='scheduled__2023-11-08T20:00:00+00:00', try_number=1, map_index=-1, hostname='bf6f1e7a6f11', context_carrier={}, task=<Task(PythonOperator): python_principal>, bundle_instance=LocalDagBundle(name=dags-folder), max_tries=0, start_date=datetime.datetime(2025, 7, 29, 20, 1, 14, 59084, tzinfo=datetime.timezone.utc), end_date=None, state=<TaskInstanceState.RUNNING: 'running'>, is_mapped=False, rendered_map_index=None, log_url='http://localhost:8080/dags/3_DAG_principal/runs/scheduled__2023-11-08T20%3A00%3A00%2B00%3A00/tasks/python_principal?try_number=1'),","chan":"stdout","logger":"task"}
{"timestamp":"2025-07-29T20:01:14.730059Z","level":"info","event":" 'task_instance_key_str': '3_DAG_principal__python_principal__20231108',","chan":"stdout","logger":"task"}
{"timestamp":"2025-07-29T20:01:14.730122Z","level":"info","event":" 'task_reschedule_count': 0,","chan":"stdout","logger":"task"}
{"timestamp":"2025-07-29T20:01:14.730183Z","level":"info","event":" 'templates_dict': None,","chan":"stdout","logger":"task"}
{"timestamp":"2025-07-29T20:01:14.730248Z","level":"info","event":" 'ti': RuntimeTaskInstance(id=UUID('019857c6-58dc-7efd-8c2d-1adfb9f307b3'), task_id='python_principal', dag_id='3_DAG_principal', run_id='scheduled__2023-11-08T20:00:00+00:00', try_number=1, map_index=-1, hostname='bf6f1e7a6f11', context_carrier={}, task=<Task(PythonOperator): python_principal>, bundle_instance=LocalDagBundle(name=dags-folder), max_tries=0, start_date=datetime.datetime(2025, 7, 29, 20, 1, 14, 59084, tzinfo=datetime.timezone.utc), end_date=None, state=<TaskInstanceState.RUNNING: 'running'>, is_mapped=False, rendered_map_index=None, log_url='http://localhost:8080/dags/3_DAG_principal/runs/scheduled__2023-11-08T20%3A00%3A00%2B00%3A00/tasks/python_principal?try_number=1'),","chan":"stdout","logger":"task"}
{"timestamp":"2025-07-29T20:01:14.730367Z","level":"info","event":" 'triggering_asset_events': TriggeringAssetEventsAccessor(_events=defaultdict(<class 'list'>, {})),","chan":"stdout","logger":"task"}
{"timestamp":"2025-07-29T20:01:14.730474Z","level":"info","event":" 'ts': '2023-11-08T20:00:00+00:00',","chan":"stdout","logger":"task"}
{"timestamp":"2025-07-29T20:01:14.730552Z","level":"info","event":" 'ts_nodash': '20231108T200000',","chan":"stdout","logger":"task"}
{"timestamp":"2025-07-29T20:01:14.730620Z","level":"info","event":" 'ts_nodash_with_tz': '20231108T200000+0000',","chan":"stdout","logger":"task"}
{"timestamp":"2025-07-29T20:01:14.730681Z","level":"info","event":" 'var': {'json': <VariableAccessor (dynamic access)>,","chan":"stdout","logger":"task"}
{"timestamp":"2025-07-29T20:01:14.730804Z","level":"info","event":"         'value': <VariableAccessor (dynamic access)>}}","chan":"stdout","logger":"task"}
{"timestamp":"2025-07-29T20:01:14.729819","level":"info","event":"Done. Returned value was: principal","logger":"airflow.task.operators.airflow.providers.standard.operators.python.PythonOperator"}
{"timestamp":"2025-07-29T20:01:14.730084","level":"info","event":"Pushing xcom","ti":"RuntimeTaskInstance(id=UUID('019857c6-58dc-7efd-8c2d-1adfb9f307b3'), task_id='python_principal', dag_id='3_DAG_principal', run_id='scheduled__2023-11-08T20:00:00+00:00', try_number=1, map_index=-1, hostname='bf6f1e7a6f11', context_carrier={}, task=<Task(PythonOperator): python_principal>, bundle_instance=LocalDagBundle(name=dags-folder), max_tries=0, start_date=datetime.datetime(2025, 7, 29, 20, 1, 14, 59084, tzinfo=datetime.timezone.utc), end_date=None, state=<TaskInstanceState.RUNNING: 'running'>, is_mapped=False, rendered_map_index=None, log_url='http://localhost:8080/dags/3_DAG_principal/runs/scheduled__2023-11-08T20%3A00%3A00%2B00%3A00/tasks/python_principal?try_number=1')","logger":"task"}
{"timestamp":"2025-07-29T20:01:14.768295Z","level":"info","event":"Task instance in success state","chan":"stdout","logger":"task"}
{"timestamp":"2025-07-29T20:01:14.768445Z","level":"info","event":" Previous state of the Task instance: TaskInstanceState.RUNNING","chan":"stdout","logger":"task"}
{"timestamp":"2025-07-29T20:01:14.768709Z","level":"info","event":"Task operator:<Task(PythonOperator): python_principal>","chan":"stdout","logger":"task"}
