{"timestamp":"2025-07-29T20:10:42.246679","level":"info","event":"DAG bundles loaded: dags-folder, example_dags","logger":"airflow.dag_processing.bundles.manager.DagBundlesManager"}
{"timestamp":"2025-07-29T20:10:42.247398","level":"info","event":"Filling up the DagBag from /opt/airflow/dags/3_dag_principal.py","logger":"airflow.models.dagbag.DagBag"}
{"timestamp":"2025-07-29T20:10:42.289117Z","level":"info","event":"Task instance is in running state","chan":"stdout","logger":"task"}
{"timestamp":"2025-07-29T20:10:42.289304Z","level":"info","event":" Previous state of the Task instance: TaskInstanceState.QUEUED","chan":"stdout","logger":"task"}
{"timestamp":"2025-07-29T20:10:42.289790Z","level":"info","event":"Current task name:python_principal","chan":"stdout","logger":"task"}
{"timestamp":"2025-07-29T20:10:42.289895Z","level":"info","event":"Dag name:3_DAG_principal","chan":"stdout","logger":"task"}
{"timestamp":"2025-07-29T20:10:42.291013Z","level":"info","event":"DAG principal","chan":"stdout","logger":"task"}
{"timestamp":"2025-07-29T20:10:42.291667Z","level":"info","event":"{'conn': <ConnectionAccessor (dynamic access)>,","chan":"stdout","logger":"task"}
{"timestamp":"2025-07-29T20:10:42.291807Z","level":"info","event":" 'dag': <DAG: 3_DAG_principal>,","chan":"stdout","logger":"task"}
{"timestamp":"2025-07-29T20:10:42.291954Z","level":"info","event":" 'dag_run': DagRun(dag_id='3_DAG_principal', run_id='scheduled__2025-04-02T20:00:00+00:00', logical_date=datetime.datetime(2025, 4, 2, 20, 0, tzinfo=datetime.timezone.utc), data_interval_start=datetime.datetime(2025, 4, 2, 20, 0, tzinfo=datetime.timezone.utc), data_interval_end=datetime.datetime(2025, 4, 2, 20, 0, tzinfo=datetime.timezone.utc), run_after=datetime.datetime(2025, 4, 2, 20, 0, tzinfo=datetime.timezone.utc), start_date=datetime.datetime(2025, 7, 29, 20, 10, 40, 635283, tzinfo=datetime.timezone.utc), end_date=None, clear_number=0, run_type=<DagRunType.SCHEDULED: 'scheduled'>, conf={}, consumed_asset_events=[]),","chan":"stdout","logger":"task"}
{"timestamp":"2025-07-29T20:10:42.292044Z","level":"info","event":" 'data_interval_end': DateTime(2025, 4, 2, 20, 0, 0, tzinfo=Timezone('UTC')),","chan":"stdout","logger":"task"}
{"timestamp":"2025-07-29T20:10:42.292117Z","level":"info","event":" 'data_interval_start': DateTime(2025, 4, 2, 20, 0, 0, tzinfo=Timezone('UTC')),","chan":"stdout","logger":"task"}
{"timestamp":"2025-07-29T20:10:42.292189Z","level":"info","event":" 'ds': '2025-04-02',","chan":"stdout","logger":"task"}
{"timestamp":"2025-07-29T20:10:42.292294Z","level":"info","event":" 'ds_nodash': '20250402',","chan":"stdout","logger":"task"}
{"timestamp":"2025-07-29T20:10:42.292372Z","level":"info","event":" 'inlet_events': InletEventsAccessors(_inlets=[], _assets={}, _asset_aliases={}),","chan":"stdout","logger":"task"}
{"timestamp":"2025-07-29T20:10:42.292439Z","level":"info","event":" 'inlets': [],","chan":"stdout","logger":"task"}
{"timestamp":"2025-07-29T20:10:42.292502Z","level":"info","event":" 'logical_date': DateTime(2025, 4, 2, 20, 0, 0, tzinfo=Timezone('UTC')),","chan":"stdout","logger":"task"}
{"timestamp":"2025-07-29T20:10:42.292568Z","level":"info","event":" 'macros': <MacrosAccessor (dynamic access to macros)>,","chan":"stdout","logger":"task"}
{"timestamp":"2025-07-29T20:10:42.292673Z","level":"info","event":" 'map_index_template': None,","chan":"stdout","logger":"task"}
{"timestamp":"2025-07-29T20:10:42.292743Z","level":"info","event":" 'outlet_events': <airflow.sdk.execution_time.context.OutletEventAccessors object at 0x7fb67c557a70>,","chan":"stdout","logger":"task"}
{"timestamp":"2025-07-29T20:10:42.292808Z","level":"info","event":" 'outlets': [],","chan":"stdout","logger":"task"}
{"timestamp":"2025-07-29T20:10:42.292871Z","level":"info","event":" 'params': {},","chan":"stdout","logger":"task"}
{"timestamp":"2025-07-29T20:10:42.304849Z","level":"info","event":" 'prev_data_interval_end_success': <Proxy at 0x7fb66fc6b5f0 with factory <function RuntimeTaskInstance.get_template_context.<locals>.<lambda> at 0x7fb66fc7f4c0>>,","chan":"stdout","logger":"task"}
{"timestamp":"2025-07-29T20:10:42.305087Z","level":"info","event":" 'prev_data_interval_start_success': <Proxy at 0x7fb66fc6b650 with factory <function RuntimeTaskInstance.get_template_context.<locals>.<lambda> at 0x7fb66fc7dd00>>,","chan":"stdout","logger":"task"}
{"timestamp":"2025-07-29T20:10:42.305175Z","level":"info","event":" 'prev_end_date_success': <Proxy at 0x7fb66fc6b590 with factory <function RuntimeTaskInstance.get_template_context.<locals>.<lambda> at 0x7fb66fc7f560>>,","chan":"stdout","logger":"task"}
{"timestamp":"2025-07-29T20:10:42.305230Z","level":"info","event":" 'prev_start_date_success': <Proxy at 0x7fb66fc6b9b0 with factory <function RuntimeTaskInstance.get_template_context.<locals>.<lambda> at 0x7fb66fc7e2a0>>,","chan":"stdout","logger":"task"}
{"timestamp":"2025-07-29T20:10:42.305276Z","level":"info","event":" 'run_id': 'scheduled__2025-04-02T20:00:00+00:00',","chan":"stdout","logger":"task"}
{"timestamp":"2025-07-29T20:10:42.305320Z","level":"info","event":" 'task': <Task(PythonOperator): python_principal>,","chan":"stdout","logger":"task"}
{"timestamp":"2025-07-29T20:10:42.305364Z","level":"info","event":" 'task_instance': RuntimeTaskInstance(id=UUID('019857cf-0067-7777-8440-65a2a8c0e9e1'), task_id='python_principal', dag_id='3_DAG_principal', run_id='scheduled__2025-04-02T20:00:00+00:00', try_number=1, map_index=-1, hostname='bf6f1e7a6f11', context_carrier={}, task=<Task(PythonOperator): python_principal>, bundle_instance=LocalDagBundle(name=dags-folder), max_tries=0, start_date=datetime.datetime(2025, 7, 29, 20, 10, 41, 512061, tzinfo=datetime.timezone.utc), end_date=None, state=<TaskInstanceState.RUNNING: 'running'>, is_mapped=False, rendered_map_index=None, log_url='http://localhost:8080/dags/3_DAG_principal/runs/scheduled__2025-04-02T20%3A00%3A00%2B00%3A00/tasks/python_principal?try_number=1'),","chan":"stdout","logger":"task"}
{"timestamp":"2025-07-29T20:10:42.305409Z","level":"info","event":" 'task_instance_key_str': '3_DAG_principal__python_principal__20250402',","chan":"stdout","logger":"task"}
{"timestamp":"2025-07-29T20:10:42.305450Z","level":"info","event":" 'task_reschedule_count': 0,","chan":"stdout","logger":"task"}
{"timestamp":"2025-07-29T20:10:42.305491Z","level":"info","event":" 'templates_dict': None,","chan":"stdout","logger":"task"}
{"timestamp":"2025-07-29T20:10:42.305532Z","level":"info","event":" 'ti': RuntimeTaskInstance(id=UUID('019857cf-0067-7777-8440-65a2a8c0e9e1'), task_id='python_principal', dag_id='3_DAG_principal', run_id='scheduled__2025-04-02T20:00:00+00:00', try_number=1, map_index=-1, hostname='bf6f1e7a6f11', context_carrier={}, task=<Task(PythonOperator): python_principal>, bundle_instance=LocalDagBundle(name=dags-folder), max_tries=0, start_date=datetime.datetime(2025, 7, 29, 20, 10, 41, 512061, tzinfo=datetime.timezone.utc), end_date=None, state=<TaskInstanceState.RUNNING: 'running'>, is_mapped=False, rendered_map_index=None, log_url='http://localhost:8080/dags/3_DAG_principal/runs/scheduled__2025-04-02T20%3A00%3A00%2B00%3A00/tasks/python_principal?try_number=1'),","chan":"stdout","logger":"task"}
{"timestamp":"2025-07-29T20:10:42.305605Z","level":"info","event":" 'triggering_asset_events': TriggeringAssetEventsAccessor(_events=defaultdict(<class 'list'>, {})),","chan":"stdout","logger":"task"}
{"timestamp":"2025-07-29T20:10:42.305655Z","level":"info","event":" 'ts': '2025-04-02T20:00:00+00:00',","chan":"stdout","logger":"task"}
{"timestamp":"2025-07-29T20:10:42.305698Z","level":"info","event":" 'ts_nodash': '20250402T200000',","chan":"stdout","logger":"task"}
{"timestamp":"2025-07-29T20:10:42.305739Z","level":"info","event":" 'ts_nodash_with_tz': '20250402T200000+0000',","chan":"stdout","logger":"task"}
{"timestamp":"2025-07-29T20:10:42.305781Z","level":"info","event":" 'var': {'json': <VariableAccessor (dynamic access)>,","chan":"stdout","logger":"task"}
{"timestamp":"2025-07-29T20:10:42.305822Z","level":"info","event":"         'value': <VariableAccessor (dynamic access)>}}","chan":"stdout","logger":"task"}
{"timestamp":"2025-07-29T20:10:42.305234","level":"info","event":"Done. Returned value was: principal","logger":"airflow.task.operators.airflow.providers.standard.operators.python.PythonOperator"}
{"timestamp":"2025-07-29T20:10:42.305415","level":"info","event":"Pushing xcom","ti":"RuntimeTaskInstance(id=UUID('019857cf-0067-7777-8440-65a2a8c0e9e1'), task_id='python_principal', dag_id='3_DAG_principal', run_id='scheduled__2025-04-02T20:00:00+00:00', try_number=1, map_index=-1, hostname='bf6f1e7a6f11', context_carrier={}, task=<Task(PythonOperator): python_principal>, bundle_instance=LocalDagBundle(name=dags-folder), max_tries=0, start_date=datetime.datetime(2025, 7, 29, 20, 10, 41, 512061, tzinfo=datetime.timezone.utc), end_date=None, state=<TaskInstanceState.RUNNING: 'running'>, is_mapped=False, rendered_map_index=None, log_url='http://localhost:8080/dags/3_DAG_principal/runs/scheduled__2025-04-02T20%3A00%3A00%2B00%3A00/tasks/python_principal?try_number=1')","logger":"task"}
{"timestamp":"2025-07-29T20:10:42.329776Z","level":"info","event":"Task instance in success state","chan":"stdout","logger":"task"}
{"timestamp":"2025-07-29T20:10:42.330108Z","level":"info","event":" Previous state of the Task instance: TaskInstanceState.RUNNING","chan":"stdout","logger":"task"}
{"timestamp":"2025-07-29T20:10:42.330350Z","level":"info","event":"Task operator:<Task(PythonOperator): python_principal>","chan":"stdout","logger":"task"}
