{"timestamp":"2025-07-29T19:35:26.258954","level":"info","event":"DAG bundles loaded: dags-folder, example_dags","logger":"airflow.dag_processing.bundles.manager.DagBundlesManager"}
{"timestamp":"2025-07-29T19:35:26.259516","level":"info","event":"Filling up the DagBag from /opt/airflow/dags/python_operator_v1.py","logger":"airflow.models.dagbag.DagBag"}
{"timestamp":"2025-07-29T19:35:26.284190Z","level":"info","event":"Task instance is in running state","chan":"stdout","logger":"task"}
{"timestamp":"2025-07-29T19:35:26.284334Z","level":"info","event":" Previous state of the Task instance: TaskInstanceState.QUEUED","chan":"stdout","logger":"task"}
{"timestamp":"2025-07-29T19:35:26.285797Z","level":"info","event":"Current task name:python","chan":"stdout","logger":"task"}
{"timestamp":"2025-07-29T19:35:26.285930Z","level":"info","event":"Dag name:python_operator_v1","chan":"stdout","logger":"task"}
{"timestamp":"2025-07-29T19:35:26.287189Z","level":"info","event":"poliana","chan":"stdout","logger":"task"}
{"timestamp":"2025-07-29T19:35:26.287890Z","level":"info","event":"{'conn': <ConnectionAccessor (dynamic access)>,","chan":"stdout","logger":"task"}
{"timestamp":"2025-07-29T19:35:26.288011Z","level":"info","event":" 'dag': <DAG: python_operator_v1>,","chan":"stdout","logger":"task"}
{"timestamp":"2025-07-29T19:35:26.288119Z","level":"info","event":" 'dag_run': DagRun(dag_id='python_operator_v1', run_id='scheduled__2023-06-23T12:13:00+00:00', logical_date=datetime.datetime(2023, 6, 23, 12, 13, tzinfo=datetime.timezone.utc), data_interval_start=datetime.datetime(2023, 6, 23, 12, 13, tzinfo=datetime.timezone.utc), data_interval_end=datetime.datetime(2023, 6, 23, 12, 13, tzinfo=datetime.timezone.utc), run_after=datetime.datetime(2023, 6, 23, 12, 13, tzinfo=datetime.timezone.utc), start_date=datetime.datetime(2025, 7, 29, 19, 35, 25, 183321, tzinfo=datetime.timezone.utc), end_date=None, clear_number=0, run_type=<DagRunType.SCHEDULED: 'scheduled'>, conf={}, consumed_asset_events=[]),","chan":"stdout","logger":"task"}
{"timestamp":"2025-07-29T19:35:26.288178Z","level":"info","event":" 'data_interval_end': DateTime(2023, 6, 23, 12, 13, 0, tzinfo=Timezone('UTC')),","chan":"stdout","logger":"task"}
{"timestamp":"2025-07-29T19:35:26.288225Z","level":"info","event":" 'data_interval_start': DateTime(2023, 6, 23, 12, 13, 0, tzinfo=Timezone('UTC')),","chan":"stdout","logger":"task"}
{"timestamp":"2025-07-29T19:35:26.288290Z","level":"info","event":" 'ds': '2023-06-23',","chan":"stdout","logger":"task"}
{"timestamp":"2025-07-29T19:35:26.288363Z","level":"info","event":" 'ds_nodash': '20230623',","chan":"stdout","logger":"task"}
{"timestamp":"2025-07-29T19:35:26.288445Z","level":"info","event":" 'inlet_events': InletEventsAccessors(_inlets=[], _assets={}, _asset_aliases={}),","chan":"stdout","logger":"task"}
{"timestamp":"2025-07-29T19:35:26.288533Z","level":"info","event":" 'inlets': [],","chan":"stdout","logger":"task"}
{"timestamp":"2025-07-29T19:35:26.288603Z","level":"info","event":" 'logical_date': DateTime(2023, 6, 23, 12, 13, 0, tzinfo=Timezone('UTC')),","chan":"stdout","logger":"task"}
{"timestamp":"2025-07-29T19:35:26.288669Z","level":"info","event":" 'macros': <MacrosAccessor (dynamic access to macros)>,","chan":"stdout","logger":"task"}
{"timestamp":"2025-07-29T19:35:26.288760Z","level":"info","event":" 'map_index_template': None,","chan":"stdout","logger":"task"}
{"timestamp":"2025-07-29T19:35:26.288853Z","level":"info","event":" 'outlet_events': <airflow.sdk.execution_time.context.OutletEventAccessors object at 0x7fb66fc2e690>,","chan":"stdout","logger":"task"}
{"timestamp":"2025-07-29T19:35:26.288942Z","level":"info","event":" 'outlets': [],","chan":"stdout","logger":"task"}
{"timestamp":"2025-07-29T19:35:26.289050Z","level":"info","event":" 'params': {},","chan":"stdout","logger":"task"}
{"timestamp":"2025-07-29T19:35:26.299100Z","level":"info","event":" 'prev_data_interval_end_success': <Proxy at 0x7fb66fc98b90 with factory <function RuntimeTaskInstance.get_template_context.<locals>.<lambda> at 0x7fb66fca2f20>>,","chan":"stdout","logger":"task"}
{"timestamp":"2025-07-29T19:35:26.299295Z","level":"info","event":" 'prev_data_interval_start_success': <Proxy at 0x7fb66fc98bf0 with factory <function RuntimeTaskInstance.get_template_context.<locals>.<lambda> at 0x7fb66fca3f60>>,","chan":"stdout","logger":"task"}
{"timestamp":"2025-07-29T19:35:26.299361Z","level":"info","event":" 'prev_end_date_success': <Proxy at 0x7fb67ebcfe30 with factory <function RuntimeTaskInstance.get_template_context.<locals>.<lambda> at 0x7fb66fca28e0>>,","chan":"stdout","logger":"task"}
{"timestamp":"2025-07-29T19:35:26.299410Z","level":"info","event":" 'prev_start_date_success': <Proxy at 0x7fb67ebcf830 with factory <function RuntimeTaskInstance.get_template_context.<locals>.<lambda> at 0x7fb66fca2de0>>,","chan":"stdout","logger":"task"}
{"timestamp":"2025-07-29T19:35:26.299454Z","level":"info","event":" 'run_id': 'scheduled__2023-06-23T12:13:00+00:00',","chan":"stdout","logger":"task"}
{"timestamp":"2025-07-29T19:35:26.299530Z","level":"info","event":" 'task': <Task(PythonOperator): python>,","chan":"stdout","logger":"task"}
{"timestamp":"2025-07-29T19:35:26.299604Z","level":"info","event":" 'task_instance': RuntimeTaskInstance(id=UUID('019857ae-b8f4-7f87-ad4b-8d7d4d7ae7e8'), task_id='python', dag_id='python_operator_v1', run_id='scheduled__2023-06-23T12:13:00+00:00', try_number=1, map_index=-1, hostname='bf6f1e7a6f11', context_carrier={}, task=<Task(PythonOperator): python>, bundle_instance=LocalDagBundle(name=dags-folder), max_tries=0, start_date=datetime.datetime(2025, 7, 29, 19, 35, 25, 611089, tzinfo=datetime.timezone.utc), end_date=None, state=<TaskInstanceState.RUNNING: 'running'>, is_mapped=False, rendered_map_index=None, log_url='http://localhost:8080/dags/python_operator_v1/runs/scheduled__2023-06-23T12%3A13%3A00%2B00%3A00/tasks/python?try_number=1'),","chan":"stdout","logger":"task"}
{"timestamp":"2025-07-29T19:35:26.299670Z","level":"info","event":" 'task_instance_key_str': 'python_operator_v1__python__20230623',","chan":"stdout","logger":"task"}
{"timestamp":"2025-07-29T19:35:26.299739Z","level":"info","event":" 'task_reschedule_count': 0,","chan":"stdout","logger":"task"}
{"timestamp":"2025-07-29T19:35:26.299799Z","level":"info","event":" 'templates_dict': None,","chan":"stdout","logger":"task"}
{"timestamp":"2025-07-29T19:35:26.299876Z","level":"info","event":" 'ti': RuntimeTaskInstance(id=UUID('019857ae-b8f4-7f87-ad4b-8d7d4d7ae7e8'), task_id='python', dag_id='python_operator_v1', run_id='scheduled__2023-06-23T12:13:00+00:00', try_number=1, map_index=-1, hostname='bf6f1e7a6f11', context_carrier={}, task=<Task(PythonOperator): python>, bundle_instance=LocalDagBundle(name=dags-folder), max_tries=0, start_date=datetime.datetime(2025, 7, 29, 19, 35, 25, 611089, tzinfo=datetime.timezone.utc), end_date=None, state=<TaskInstanceState.RUNNING: 'running'>, is_mapped=False, rendered_map_index=None, log_url='http://localhost:8080/dags/python_operator_v1/runs/scheduled__2023-06-23T12%3A13%3A00%2B00%3A00/tasks/python?try_number=1'),","chan":"stdout","logger":"task"}
{"timestamp":"2025-07-29T19:35:26.299926Z","level":"info","event":" 'triggering_asset_events': TriggeringAssetEventsAccessor(_events=defaultdict(<class 'list'>, {})),","chan":"stdout","logger":"task"}
{"timestamp":"2025-07-29T19:35:26.299968Z","level":"info","event":" 'ts': '2023-06-23T12:13:00+00:00',","chan":"stdout","logger":"task"}
{"timestamp":"2025-07-29T19:35:26.300010Z","level":"info","event":" 'ts_nodash': '20230623T121300',","chan":"stdout","logger":"task"}
{"timestamp":"2025-07-29T19:35:26.300051Z","level":"info","event":" 'ts_nodash_with_tz': '20230623T121300+0000',","chan":"stdout","logger":"task"}
{"timestamp":"2025-07-29T19:35:26.300091Z","level":"info","event":" 'var': {'json': <VariableAccessor (dynamic access)>,","chan":"stdout","logger":"task"}
{"timestamp":"2025-07-29T19:35:26.300132Z","level":"info","event":"         'value': <VariableAccessor (dynamic access)>}}","chan":"stdout","logger":"task"}
{"timestamp":"2025-07-29T19:35:26.299824","level":"info","event":"Done. Returned value was: 123","logger":"airflow.task.operators.airflow.providers.standard.operators.python.PythonOperator"}
{"timestamp":"2025-07-29T19:35:26.300001","level":"info","event":"Pushing xcom","ti":"RuntimeTaskInstance(id=UUID('019857ae-b8f4-7f87-ad4b-8d7d4d7ae7e8'), task_id='python', dag_id='python_operator_v1', run_id='scheduled__2023-06-23T12:13:00+00:00', try_number=1, map_index=-1, hostname='bf6f1e7a6f11', context_carrier={}, task=<Task(PythonOperator): python>, bundle_instance=LocalDagBundle(name=dags-folder), max_tries=0, start_date=datetime.datetime(2025, 7, 29, 19, 35, 25, 611089, tzinfo=datetime.timezone.utc), end_date=None, state=<TaskInstanceState.RUNNING: 'running'>, is_mapped=False, rendered_map_index=None, log_url='http://localhost:8080/dags/python_operator_v1/runs/scheduled__2023-06-23T12%3A13%3A00%2B00%3A00/tasks/python?try_number=1')","logger":"task"}
{"timestamp":"2025-07-29T19:35:26.324383Z","level":"info","event":"Task instance in success state","chan":"stdout","logger":"task"}
{"timestamp":"2025-07-29T19:35:26.324662Z","level":"info","event":" Previous state of the Task instance: TaskInstanceState.RUNNING","chan":"stdout","logger":"task"}
{"timestamp":"2025-07-29T19:35:26.324839Z","level":"info","event":"Task operator:<Task(PythonOperator): python>","chan":"stdout","logger":"task"}
