{"timestamp":"2025-07-29T19:39:17.084305","level":"info","event":"DAG bundles loaded: dags-folder, example_dags","logger":"airflow.dag_processing.bundles.manager.DagBundlesManager"}
{"timestamp":"2025-07-29T19:39:17.084755","level":"info","event":"Filling up the DagBag from /opt/airflow/dags/python_operator_v1.py","logger":"airflow.models.dagbag.DagBag"}
{"timestamp":"2025-07-29T19:39:17.105811Z","level":"info","event":"Task instance is in running state","chan":"stdout","logger":"task"}
{"timestamp":"2025-07-29T19:39:17.105942Z","level":"info","event":" Previous state of the Task instance: TaskInstanceState.QUEUED","chan":"stdout","logger":"task"}
{"timestamp":"2025-07-29T19:39:17.106343Z","level":"info","event":"Current task name:python","chan":"stdout","logger":"task"}
{"timestamp":"2025-07-29T19:39:17.106440Z","level":"info","event":"Dag name:python_operator_v1","chan":"stdout","logger":"task"}
{"timestamp":"2025-07-29T19:39:17.107560Z","level":"info","event":"poliana","chan":"stdout","logger":"task"}
{"timestamp":"2025-07-29T19:39:17.108136Z","level":"info","event":"{'conn': <ConnectionAccessor (dynamic access)>,","chan":"stdout","logger":"task"}
{"timestamp":"2025-07-29T19:39:17.108238Z","level":"info","event":" 'dag': <DAG: python_operator_v1>,","chan":"stdout","logger":"task"}
{"timestamp":"2025-07-29T19:39:17.108339Z","level":"info","event":" 'dag_run': DagRun(dag_id='python_operator_v1', run_id='scheduled__2023-06-23T16:17:00+00:00', logical_date=datetime.datetime(2023, 6, 23, 16, 17, tzinfo=datetime.timezone.utc), data_interval_start=datetime.datetime(2023, 6, 23, 16, 17, tzinfo=datetime.timezone.utc), data_interval_end=datetime.datetime(2023, 6, 23, 16, 17, tzinfo=datetime.timezone.utc), run_after=datetime.datetime(2023, 6, 23, 16, 17, tzinfo=datetime.timezone.utc), start_date=datetime.datetime(2025, 7, 29, 19, 39, 16, 486038, tzinfo=datetime.timezone.utc), end_date=None, clear_number=0, run_type=<DagRunType.SCHEDULED: 'scheduled'>, conf={}, consumed_asset_events=[]),","chan":"stdout","logger":"task"}
{"timestamp":"2025-07-29T19:39:17.108397Z","level":"info","event":" 'data_interval_end': DateTime(2023, 6, 23, 16, 17, 0, tzinfo=Timezone('UTC')),","chan":"stdout","logger":"task"}
{"timestamp":"2025-07-29T19:39:17.108443Z","level":"info","event":" 'data_interval_start': DateTime(2023, 6, 23, 16, 17, 0, tzinfo=Timezone('UTC')),","chan":"stdout","logger":"task"}
{"timestamp":"2025-07-29T19:39:17.108486Z","level":"info","event":" 'ds': '2023-06-23',","chan":"stdout","logger":"task"}
{"timestamp":"2025-07-29T19:39:17.108528Z","level":"info","event":" 'ds_nodash': '20230623',","chan":"stdout","logger":"task"}
{"timestamp":"2025-07-29T19:39:17.108570Z","level":"info","event":" 'inlet_events': InletEventsAccessors(_inlets=[], _assets={}, _asset_aliases={}),","chan":"stdout","logger":"task"}
{"timestamp":"2025-07-29T19:39:17.108610Z","level":"info","event":" 'inlets': [],","chan":"stdout","logger":"task"}
{"timestamp":"2025-07-29T19:39:17.108650Z","level":"info","event":" 'logical_date': DateTime(2023, 6, 23, 16, 17, 0, tzinfo=Timezone('UTC')),","chan":"stdout","logger":"task"}
{"timestamp":"2025-07-29T19:39:17.108690Z","level":"info","event":" 'macros': <MacrosAccessor (dynamic access to macros)>,","chan":"stdout","logger":"task"}
{"timestamp":"2025-07-29T19:39:17.108730Z","level":"info","event":" 'map_index_template': None,","chan":"stdout","logger":"task"}
{"timestamp":"2025-07-29T19:39:17.108770Z","level":"info","event":" 'outlet_events': <airflow.sdk.execution_time.context.OutletEventAccessors object at 0x7fb67ebe1b20>,","chan":"stdout","logger":"task"}
{"timestamp":"2025-07-29T19:39:17.108811Z","level":"info","event":" 'outlets': [],","chan":"stdout","logger":"task"}
{"timestamp":"2025-07-29T19:39:17.108850Z","level":"info","event":" 'params': {},","chan":"stdout","logger":"task"}
{"timestamp":"2025-07-29T19:39:17.116983Z","level":"info","event":" 'prev_data_interval_end_success': <Proxy at 0x7fb66fc93650 with factory <function RuntimeTaskInstance.get_template_context.<locals>.<lambda> at 0x7fb66fcbd940>>,","chan":"stdout","logger":"task"}
{"timestamp":"2025-07-29T19:39:17.117118Z","level":"info","event":" 'prev_data_interval_start_success': <Proxy at 0x7fb66fc93740 with factory <function RuntimeTaskInstance.get_template_context.<locals>.<lambda> at 0x7fb66fcbf060>>,","chan":"stdout","logger":"task"}
{"timestamp":"2025-07-29T19:39:17.117221Z","level":"info","event":" 'prev_end_date_success': <Proxy at 0x7fb66fc92240 with factory <function RuntimeTaskInstance.get_template_context.<locals>.<lambda> at 0x7fb66fcbf100>>,","chan":"stdout","logger":"task"}
{"timestamp":"2025-07-29T19:39:17.117279Z","level":"info","event":" 'prev_start_date_success': <Proxy at 0x7fb66fc920f0 with factory <function RuntimeTaskInstance.get_template_context.<locals>.<lambda> at 0x7fb66fcbde40>>,","chan":"stdout","logger":"task"}
{"timestamp":"2025-07-29T19:39:17.117327Z","level":"info","event":" 'run_id': 'scheduled__2023-06-23T16:17:00+00:00',","chan":"stdout","logger":"task"}
{"timestamp":"2025-07-29T19:39:17.117372Z","level":"info","event":" 'task': <Task(PythonOperator): python>,","chan":"stdout","logger":"task"}
{"timestamp":"2025-07-29T19:39:17.117420Z","level":"info","event":" 'task_instance': RuntimeTaskInstance(id=UUID('019857b2-407c-7665-9e56-509a9ed21f3b'), task_id='python', dag_id='python_operator_v1', run_id='scheduled__2023-06-23T16:17:00+00:00', try_number=1, map_index=-1, hostname='bf6f1e7a6f11', context_carrier={}, task=<Task(PythonOperator): python>, bundle_instance=LocalDagBundle(name=dags-folder), max_tries=0, start_date=datetime.datetime(2025, 7, 29, 19, 39, 16, 679752, tzinfo=datetime.timezone.utc), end_date=None, state=<TaskInstanceState.RUNNING: 'running'>, is_mapped=False, rendered_map_index=None, log_url='http://localhost:8080/dags/python_operator_v1/runs/scheduled__2023-06-23T16%3A17%3A00%2B00%3A00/tasks/python?try_number=1'),","chan":"stdout","logger":"task"}
{"timestamp":"2025-07-29T19:39:17.117465Z","level":"info","event":" 'task_instance_key_str': 'python_operator_v1__python__20230623',","chan":"stdout","logger":"task"}
{"timestamp":"2025-07-29T19:39:17.117509Z","level":"info","event":" 'task_reschedule_count': 0,","chan":"stdout","logger":"task"}
{"timestamp":"2025-07-29T19:39:17.117550Z","level":"info","event":" 'templates_dict': None,","chan":"stdout","logger":"task"}
{"timestamp":"2025-07-29T19:39:17.117594Z","level":"info","event":" 'ti': RuntimeTaskInstance(id=UUID('019857b2-407c-7665-9e56-509a9ed21f3b'), task_id='python', dag_id='python_operator_v1', run_id='scheduled__2023-06-23T16:17:00+00:00', try_number=1, map_index=-1, hostname='bf6f1e7a6f11', context_carrier={}, task=<Task(PythonOperator): python>, bundle_instance=LocalDagBundle(name=dags-folder), max_tries=0, start_date=datetime.datetime(2025, 7, 29, 19, 39, 16, 679752, tzinfo=datetime.timezone.utc), end_date=None, state=<TaskInstanceState.RUNNING: 'running'>, is_mapped=False, rendered_map_index=None, log_url='http://localhost:8080/dags/python_operator_v1/runs/scheduled__2023-06-23T16%3A17%3A00%2B00%3A00/tasks/python?try_number=1'),","chan":"stdout","logger":"task"}
{"timestamp":"2025-07-29T19:39:17.117638Z","level":"info","event":" 'triggering_asset_events': TriggeringAssetEventsAccessor(_events=defaultdict(<class 'list'>, {})),","chan":"stdout","logger":"task"}
{"timestamp":"2025-07-29T19:39:17.117679Z","level":"info","event":" 'ts': '2023-06-23T16:17:00+00:00',","chan":"stdout","logger":"task"}
{"timestamp":"2025-07-29T19:39:17.117718Z","level":"info","event":" 'ts_nodash': '20230623T161700',","chan":"stdout","logger":"task"}
{"timestamp":"2025-07-29T19:39:17.117758Z","level":"info","event":" 'ts_nodash_with_tz': '20230623T161700+0000',","chan":"stdout","logger":"task"}
{"timestamp":"2025-07-29T19:39:17.117798Z","level":"info","event":" 'var': {'json': <VariableAccessor (dynamic access)>,","chan":"stdout","logger":"task"}
{"timestamp":"2025-07-29T19:39:17.117837Z","level":"info","event":"         'value': <VariableAccessor (dynamic access)>}}","chan":"stdout","logger":"task"}
{"timestamp":"2025-07-29T19:39:17.117604","level":"info","event":"Done. Returned value was: 123","logger":"airflow.task.operators.airflow.providers.standard.operators.python.PythonOperator"}
{"timestamp":"2025-07-29T19:39:17.117764","level":"info","event":"Pushing xcom","ti":"RuntimeTaskInstance(id=UUID('019857b2-407c-7665-9e56-509a9ed21f3b'), task_id='python', dag_id='python_operator_v1', run_id='scheduled__2023-06-23T16:17:00+00:00', try_number=1, map_index=-1, hostname='bf6f1e7a6f11', context_carrier={}, task=<Task(PythonOperator): python>, bundle_instance=LocalDagBundle(name=dags-folder), max_tries=0, start_date=datetime.datetime(2025, 7, 29, 19, 39, 16, 679752, tzinfo=datetime.timezone.utc), end_date=None, state=<TaskInstanceState.RUNNING: 'running'>, is_mapped=False, rendered_map_index=None, log_url='http://localhost:8080/dags/python_operator_v1/runs/scheduled__2023-06-23T16%3A17%3A00%2B00%3A00/tasks/python?try_number=1')","logger":"task"}
{"timestamp":"2025-07-29T19:39:17.138056Z","level":"info","event":"Task instance in success state","chan":"stdout","logger":"task"}
{"timestamp":"2025-07-29T19:39:17.138207Z","level":"info","event":" Previous state of the Task instance: TaskInstanceState.RUNNING","chan":"stdout","logger":"task"}
{"timestamp":"2025-07-29T19:39:17.138372Z","level":"info","event":"Task operator:<Task(PythonOperator): python>","chan":"stdout","logger":"task"}
