{"timestamp":"2025-07-29T19:19:29.826123","level":"info","event":"DAG bundles loaded: dags-folder, example_dags","logger":"airflow.dag_processing.bundles.manager.DagBundlesManager"}
{"timestamp":"2025-07-29T19:19:29.826613","level":"info","event":"Filling up the DagBag from /opt/airflow/dags/python_operator_v1.py","logger":"airflow.models.dagbag.DagBag"}
{"timestamp":"2025-07-29T19:19:29.847177Z","level":"info","event":"Task instance is in running state","chan":"stdout","logger":"task"}
{"timestamp":"2025-07-29T19:19:29.847317Z","level":"info","event":" Previous state of the Task instance: TaskInstanceState.QUEUED","chan":"stdout","logger":"task"}
{"timestamp":"2025-07-29T19:19:29.849384Z","level":"info","event":"Current task name:python","chan":"stdout","logger":"task"}
{"timestamp":"2025-07-29T19:19:29.849534Z","level":"info","event":"Dag name:python_operator_v1","chan":"stdout","logger":"task"}
{"timestamp":"2025-07-29T19:19:29.850417Z","level":"info","event":"poliana","chan":"stdout","logger":"task"}
{"timestamp":"2025-07-29T19:19:29.851035Z","level":"info","event":"{'conn': <ConnectionAccessor (dynamic access)>,","chan":"stdout","logger":"task"}
{"timestamp":"2025-07-29T19:19:29.851200Z","level":"info","event":" 'dag': <DAG: python_operator_v1>,","chan":"stdout","logger":"task"}
{"timestamp":"2025-07-29T19:19:29.851305Z","level":"info","event":" 'dag_run': DagRun(dag_id='python_operator_v1', run_id='scheduled__2023-06-22T19:00:00+00:00', logical_date=datetime.datetime(2023, 6, 22, 19, 0, tzinfo=datetime.timezone.utc), data_interval_start=datetime.datetime(2023, 6, 22, 19, 0, tzinfo=datetime.timezone.utc), data_interval_end=datetime.datetime(2023, 6, 22, 19, 0, tzinfo=datetime.timezone.utc), run_after=datetime.datetime(2023, 6, 22, 19, 0, tzinfo=datetime.timezone.utc), start_date=datetime.datetime(2025, 7, 29, 19, 19, 28, 998118, tzinfo=datetime.timezone.utc), end_date=None, clear_number=0, run_type=<DagRunType.SCHEDULED: 'scheduled'>, conf={}, consumed_asset_events=[]),","chan":"stdout","logger":"task"}
{"timestamp":"2025-07-29T19:19:29.851360Z","level":"info","event":" 'data_interval_end': DateTime(2023, 6, 22, 19, 0, 0, tzinfo=Timezone('UTC')),","chan":"stdout","logger":"task"}
{"timestamp":"2025-07-29T19:19:29.851405Z","level":"info","event":" 'data_interval_start': DateTime(2023, 6, 22, 19, 0, 0, tzinfo=Timezone('UTC')),","chan":"stdout","logger":"task"}
{"timestamp":"2025-07-29T19:19:29.851445Z","level":"info","event":" 'ds': '2023-06-22',","chan":"stdout","logger":"task"}
{"timestamp":"2025-07-29T19:19:29.851485Z","level":"info","event":" 'ds_nodash': '20230622',","chan":"stdout","logger":"task"}
{"timestamp":"2025-07-29T19:19:29.851525Z","level":"info","event":" 'inlet_events': InletEventsAccessors(_inlets=[], _assets={}, _asset_aliases={}),","chan":"stdout","logger":"task"}
{"timestamp":"2025-07-29T19:19:29.851568Z","level":"info","event":" 'inlets': [],","chan":"stdout","logger":"task"}
{"timestamp":"2025-07-29T19:19:29.851609Z","level":"info","event":" 'logical_date': DateTime(2023, 6, 22, 19, 0, 0, tzinfo=Timezone('UTC')),","chan":"stdout","logger":"task"}
{"timestamp":"2025-07-29T19:19:29.851649Z","level":"info","event":" 'macros': <MacrosAccessor (dynamic access to macros)>,","chan":"stdout","logger":"task"}
{"timestamp":"2025-07-29T19:19:29.851689Z","level":"info","event":" 'map_index_template': None,","chan":"stdout","logger":"task"}
{"timestamp":"2025-07-29T19:19:29.851730Z","level":"info","event":" 'outlet_events': <airflow.sdk.execution_time.context.OutletEventAccessors object at 0x7fb66fd049b0>,","chan":"stdout","logger":"task"}
{"timestamp":"2025-07-29T19:19:29.851772Z","level":"info","event":" 'outlets': [],","chan":"stdout","logger":"task"}
{"timestamp":"2025-07-29T19:19:29.851815Z","level":"info","event":" 'params': {},","chan":"stdout","logger":"task"}
{"timestamp":"2025-07-29T19:19:29.859993Z","level":"info","event":" 'prev_data_interval_end_success': <Proxy at 0x7fb66fc4c950 with factory <function RuntimeTaskInstance.get_template_context.<locals>.<lambda> at 0x7fb66fc5a5c0>>,","chan":"stdout","logger":"task"}
{"timestamp":"2025-07-29T19:19:29.860153Z","level":"info","event":" 'prev_data_interval_start_success': <Proxy at 0x7fb66fdedc70 with factory <function RuntimeTaskInstance.get_template_context.<locals>.<lambda> at 0x7fb66fc5bce0>>,","chan":"stdout","logger":"task"}
{"timestamp":"2025-07-29T19:19:29.860213Z","level":"info","event":" 'prev_end_date_success': <Proxy at 0x7fb66fc4ccb0 with factory <function RuntimeTaskInstance.get_template_context.<locals>.<lambda> at 0x7fb66fc5bd80>>,","chan":"stdout","logger":"task"}
{"timestamp":"2025-07-29T19:19:29.860277Z","level":"info","event":" 'prev_start_date_success': <Proxy at 0x7fb66fc4cc20 with factory <function RuntimeTaskInstance.get_template_context.<locals>.<lambda> at 0x7fb66fc5aac0>>,","chan":"stdout","logger":"task"}
{"timestamp":"2025-07-29T19:19:29.860336Z","level":"info","event":" 'run_id': 'scheduled__2023-06-22T19:00:00+00:00',","chan":"stdout","logger":"task"}
{"timestamp":"2025-07-29T19:19:29.860392Z","level":"info","event":" 'task': <Task(PythonOperator): python>,","chan":"stdout","logger":"task"}
{"timestamp":"2025-07-29T19:19:29.860445Z","level":"info","event":" 'task_instance': RuntimeTaskInstance(id=UUID('019857a0-21dc-781f-be24-8b455e123b27'), task_id='python', dag_id='python_operator_v1', run_id='scheduled__2023-06-22T19:00:00+00:00', try_number=1, map_index=-1, hostname='bf6f1e7a6f11', context_carrier={}, task=<Task(PythonOperator): python>, bundle_instance=LocalDagBundle(name=dags-folder), max_tries=0, start_date=datetime.datetime(2025, 7, 29, 19, 19, 29, 311015, tzinfo=datetime.timezone.utc), end_date=None, state=<TaskInstanceState.RUNNING: 'running'>, is_mapped=False, rendered_map_index=None, log_url='http://localhost:8080/dags/python_operator_v1/runs/scheduled__2023-06-22T19%3A00%3A00%2B00%3A00/tasks/python?try_number=1'),","chan":"stdout","logger":"task"}
{"timestamp":"2025-07-29T19:19:29.860490Z","level":"info","event":" 'task_instance_key_str': 'python_operator_v1__python__20230622',","chan":"stdout","logger":"task"}
{"timestamp":"2025-07-29T19:19:29.860532Z","level":"info","event":" 'task_reschedule_count': 0,","chan":"stdout","logger":"task"}
{"timestamp":"2025-07-29T19:19:29.860571Z","level":"info","event":" 'templates_dict': None,","chan":"stdout","logger":"task"}
{"timestamp":"2025-07-29T19:19:29.860612Z","level":"info","event":" 'ti': RuntimeTaskInstance(id=UUID('019857a0-21dc-781f-be24-8b455e123b27'), task_id='python', dag_id='python_operator_v1', run_id='scheduled__2023-06-22T19:00:00+00:00', try_number=1, map_index=-1, hostname='bf6f1e7a6f11', context_carrier={}, task=<Task(PythonOperator): python>, bundle_instance=LocalDagBundle(name=dags-folder), max_tries=0, start_date=datetime.datetime(2025, 7, 29, 19, 19, 29, 311015, tzinfo=datetime.timezone.utc), end_date=None, state=<TaskInstanceState.RUNNING: 'running'>, is_mapped=False, rendered_map_index=None, log_url='http://localhost:8080/dags/python_operator_v1/runs/scheduled__2023-06-22T19%3A00%3A00%2B00%3A00/tasks/python?try_number=1'),","chan":"stdout","logger":"task"}
{"timestamp":"2025-07-29T19:19:29.860680Z","level":"info","event":" 'triggering_asset_events': TriggeringAssetEventsAccessor(_events=defaultdict(<class 'list'>, {})),","chan":"stdout","logger":"task"}
{"timestamp":"2025-07-29T19:19:29.860743Z","level":"info","event":" 'ts': '2023-06-22T19:00:00+00:00',","chan":"stdout","logger":"task"}
{"timestamp":"2025-07-29T19:19:29.860785Z","level":"info","event":" 'ts_nodash': '20230622T190000',","chan":"stdout","logger":"task"}
{"timestamp":"2025-07-29T19:19:29.860841Z","level":"info","event":" 'ts_nodash_with_tz': '20230622T190000+0000',","chan":"stdout","logger":"task"}
{"timestamp":"2025-07-29T19:19:29.860880Z","level":"info","event":" 'var': {'json': <VariableAccessor (dynamic access)>,","chan":"stdout","logger":"task"}
{"timestamp":"2025-07-29T19:19:29.860919Z","level":"info","event":"         'value': <VariableAccessor (dynamic access)>}}","chan":"stdout","logger":"task"}
{"timestamp":"2025-07-29T19:19:29.860671","level":"info","event":"Done. Returned value was: 123","logger":"airflow.task.operators.airflow.providers.standard.operators.python.PythonOperator"}
{"timestamp":"2025-07-29T19:19:29.860868","level":"info","event":"Pushing xcom","ti":"RuntimeTaskInstance(id=UUID('019857a0-21dc-781f-be24-8b455e123b27'), task_id='python', dag_id='python_operator_v1', run_id='scheduled__2023-06-22T19:00:00+00:00', try_number=1, map_index=-1, hostname='bf6f1e7a6f11', context_carrier={}, task=<Task(PythonOperator): python>, bundle_instance=LocalDagBundle(name=dags-folder), max_tries=0, start_date=datetime.datetime(2025, 7, 29, 19, 19, 29, 311015, tzinfo=datetime.timezone.utc), end_date=None, state=<TaskInstanceState.RUNNING: 'running'>, is_mapped=False, rendered_map_index=None, log_url='http://localhost:8080/dags/python_operator_v1/runs/scheduled__2023-06-22T19%3A00%3A00%2B00%3A00/tasks/python?try_number=1')","logger":"task"}
{"timestamp":"2025-07-29T19:19:29.883838Z","level":"info","event":"Task instance in success state","chan":"stdout","logger":"task"}
{"timestamp":"2025-07-29T19:19:29.884122Z","level":"info","event":" Previous state of the Task instance: TaskInstanceState.RUNNING","chan":"stdout","logger":"task"}
{"timestamp":"2025-07-29T19:19:29.884266Z","level":"info","event":"Task operator:<Task(PythonOperator): python>","chan":"stdout","logger":"task"}
