{"timestamp":"2025-07-29T20:04:01.961082","level":"info","event":"DAG bundles loaded: dags-folder, example_dags","logger":"airflow.dag_processing.bundles.manager.DagBundlesManager"}
{"timestamp":"2025-07-29T20:04:01.961637","level":"info","event":"Filling up the DagBag from /opt/airflow/dags/3_dag_principal.py","logger":"airflow.models.dagbag.DagBag"}
{"timestamp":"2025-07-29T20:04:01.997008Z","level":"info","event":"Task instance is in running state","chan":"stdout","logger":"task"}
{"timestamp":"2025-07-29T20:04:01.997279Z","level":"info","event":" Previous state of the Task instance: TaskInstanceState.QUEUED","chan":"stdout","logger":"task"}
{"timestamp":"2025-07-29T20:04:01.998342Z","level":"info","event":"Current task name:python_principal","chan":"stdout","logger":"task"}
{"timestamp":"2025-07-29T20:04:01.998520Z","level":"info","event":"Dag name:3_DAG_principal","chan":"stdout","logger":"task"}
{"timestamp":"2025-07-29T20:04:02.000231Z","level":"info","event":"DAG principal","chan":"stdout","logger":"task"}
{"timestamp":"2025-07-29T20:04:02.001184Z","level":"info","event":"{'conn': <ConnectionAccessor (dynamic access)>,","chan":"stdout","logger":"task"}
{"timestamp":"2025-07-29T20:04:02.001586Z","level":"info","event":" 'dag': <DAG: 3_DAG_principal>,","chan":"stdout","logger":"task"}
{"timestamp":"2025-07-29T20:04:02.001943Z","level":"info","event":" 'dag_run': DagRun(dag_id='3_DAG_principal', run_id='scheduled__2024-04-13T20:00:00+00:00', logical_date=datetime.datetime(2024, 4, 13, 20, 0, tzinfo=datetime.timezone.utc), data_interval_start=datetime.datetime(2024, 4, 13, 20, 0, tzinfo=datetime.timezone.utc), data_interval_end=datetime.datetime(2024, 4, 13, 20, 0, tzinfo=datetime.timezone.utc), run_after=datetime.datetime(2024, 4, 13, 20, 0, tzinfo=datetime.timezone.utc), start_date=datetime.datetime(2025, 7, 29, 20, 4, 0, 915840, tzinfo=datetime.timezone.utc), end_date=None, clear_number=0, run_type=<DagRunType.SCHEDULED: 'scheduled'>, conf={}, consumed_asset_events=[]),","chan":"stdout","logger":"task"}
{"timestamp":"2025-07-29T20:04:02.002085Z","level":"info","event":" 'data_interval_end': DateTime(2024, 4, 13, 20, 0, 0, tzinfo=Timezone('UTC')),","chan":"stdout","logger":"task"}
{"timestamp":"2025-07-29T20:04:02.002174Z","level":"info","event":" 'data_interval_start': DateTime(2024, 4, 13, 20, 0, 0, tzinfo=Timezone('UTC')),","chan":"stdout","logger":"task"}
{"timestamp":"2025-07-29T20:04:02.002251Z","level":"info","event":" 'ds': '2024-04-13',","chan":"stdout","logger":"task"}
{"timestamp":"2025-07-29T20:04:02.002326Z","level":"info","event":" 'ds_nodash': '20240413',","chan":"stdout","logger":"task"}
{"timestamp":"2025-07-29T20:04:02.002399Z","level":"info","event":" 'inlet_events': InletEventsAccessors(_inlets=[], _assets={}, _asset_aliases={}),","chan":"stdout","logger":"task"}
{"timestamp":"2025-07-29T20:04:02.002488Z","level":"info","event":" 'inlets': [],","chan":"stdout","logger":"task"}
{"timestamp":"2025-07-29T20:04:02.002569Z","level":"info","event":" 'logical_date': DateTime(2024, 4, 13, 20, 0, 0, tzinfo=Timezone('UTC')),","chan":"stdout","logger":"task"}
{"timestamp":"2025-07-29T20:04:02.002643Z","level":"info","event":" 'macros': <MacrosAccessor (dynamic access to macros)>,","chan":"stdout","logger":"task"}
{"timestamp":"2025-07-29T20:04:02.002713Z","level":"info","event":" 'map_index_template': None,","chan":"stdout","logger":"task"}
{"timestamp":"2025-07-29T20:04:02.002816Z","level":"info","event":" 'outlet_events': <airflow.sdk.execution_time.context.OutletEventAccessors object at 0x7fb67ebe59a0>,","chan":"stdout","logger":"task"}
{"timestamp":"2025-07-29T20:04:02.002890Z","level":"info","event":" 'outlets': [],","chan":"stdout","logger":"task"}
{"timestamp":"2025-07-29T20:04:02.002960Z","level":"info","event":" 'params': {},","chan":"stdout","logger":"task"}
{"timestamp":"2025-07-29T20:04:02.029384Z","level":"info","event":" 'prev_data_interval_end_success': <Proxy at 0x7fb66fc401d0 with factory <function RuntimeTaskInstance.get_template_context.<locals>.<lambda> at 0x7fb66fc379c0>>,","chan":"stdout","logger":"task"}
{"timestamp":"2025-07-29T20:04:02.029915Z","level":"info","event":" 'prev_data_interval_start_success': <Proxy at 0x7fb66fc40320 with factory <function RuntimeTaskInstance.get_template_context.<locals>.<lambda> at 0x7fb66fc36200>>,","chan":"stdout","logger":"task"}
{"timestamp":"2025-07-29T20:04:02.030113Z","level":"info","event":" 'prev_end_date_success': <Proxy at 0x7fb66fc40530 with factory <function RuntimeTaskInstance.get_template_context.<locals>.<lambda> at 0x7fb66fc37a60>>,","chan":"stdout","logger":"task"}
{"timestamp":"2025-07-29T20:04:02.030209Z","level":"info","event":" 'prev_start_date_success': <Proxy at 0x7fb66fc40050 with factory <function RuntimeTaskInstance.get_template_context.<locals>.<lambda> at 0x7fb66fc367a0>>,","chan":"stdout","logger":"task"}
{"timestamp":"2025-07-29T20:04:02.030285Z","level":"info","event":" 'run_id': 'scheduled__2024-04-13T20:00:00+00:00',","chan":"stdout","logger":"task"}
{"timestamp":"2025-07-29T20:04:02.030376Z","level":"info","event":" 'task': <Task(PythonOperator): python_principal>,","chan":"stdout","logger":"task"}
{"timestamp":"2025-07-29T20:04:02.030452Z","level":"info","event":" 'task_instance': RuntimeTaskInstance(id=UUID('019857c8-e6f6-7597-bcbb-2aeecbbc68e4'), task_id='python_principal', dag_id='3_DAG_principal', run_id='scheduled__2024-04-13T20:00:00+00:00', try_number=1, map_index=-1, hostname='bf6f1e7a6f11', context_carrier={}, task=<Task(PythonOperator): python_principal>, bundle_instance=LocalDagBundle(name=dags-folder), max_tries=0, start_date=datetime.datetime(2025, 7, 29, 20, 4, 1, 262018, tzinfo=datetime.timezone.utc), end_date=None, state=<TaskInstanceState.RUNNING: 'running'>, is_mapped=False, rendered_map_index=None, log_url='http://localhost:8080/dags/3_DAG_principal/runs/scheduled__2024-04-13T20%3A00%3A00%2B00%3A00/tasks/python_principal?try_number=1'),","chan":"stdout","logger":"task"}
{"timestamp":"2025-07-29T20:04:02.030525Z","level":"info","event":" 'task_instance_key_str': '3_DAG_principal__python_principal__20240413',","chan":"stdout","logger":"task"}
{"timestamp":"2025-07-29T20:04:02.030594Z","level":"info","event":" 'task_reschedule_count': 0,","chan":"stdout","logger":"task"}
{"timestamp":"2025-07-29T20:04:02.030662Z","level":"info","event":" 'templates_dict': None,","chan":"stdout","logger":"task"}
{"timestamp":"2025-07-29T20:04:02.030728Z","level":"info","event":" 'ti': RuntimeTaskInstance(id=UUID('019857c8-e6f6-7597-bcbb-2aeecbbc68e4'), task_id='python_principal', dag_id='3_DAG_principal', run_id='scheduled__2024-04-13T20:00:00+00:00', try_number=1, map_index=-1, hostname='bf6f1e7a6f11', context_carrier={}, task=<Task(PythonOperator): python_principal>, bundle_instance=LocalDagBundle(name=dags-folder), max_tries=0, start_date=datetime.datetime(2025, 7, 29, 20, 4, 1, 262018, tzinfo=datetime.timezone.utc), end_date=None, state=<TaskInstanceState.RUNNING: 'running'>, is_mapped=False, rendered_map_index=None, log_url='http://localhost:8080/dags/3_DAG_principal/runs/scheduled__2024-04-13T20%3A00%3A00%2B00%3A00/tasks/python_principal?try_number=1'),","chan":"stdout","logger":"task"}
{"timestamp":"2025-07-29T20:04:02.030795Z","level":"info","event":" 'triggering_asset_events': TriggeringAssetEventsAccessor(_events=defaultdict(<class 'list'>, {})),","chan":"stdout","logger":"task"}
{"timestamp":"2025-07-29T20:04:02.030856Z","level":"info","event":" 'ts': '2024-04-13T20:00:00+00:00',","chan":"stdout","logger":"task"}
{"timestamp":"2025-07-29T20:04:02.030947Z","level":"info","event":" 'ts_nodash': '20240413T200000',","chan":"stdout","logger":"task"}
{"timestamp":"2025-07-29T20:04:02.031011Z","level":"info","event":" 'ts_nodash_with_tz': '20240413T200000+0000',","chan":"stdout","logger":"task"}
{"timestamp":"2025-07-29T20:04:02.031081Z","level":"info","event":" 'var': {'json': <VariableAccessor (dynamic access)>,","chan":"stdout","logger":"task"}
{"timestamp":"2025-07-29T20:04:02.031149Z","level":"info","event":"         'value': <VariableAccessor (dynamic access)>}}","chan":"stdout","logger":"task"}
{"timestamp":"2025-07-29T20:04:02.030046","level":"info","event":"Done. Returned value was: principal","logger":"airflow.task.operators.airflow.providers.standard.operators.python.PythonOperator"}
{"timestamp":"2025-07-29T20:04:02.030351","level":"info","event":"Pushing xcom","ti":"RuntimeTaskInstance(id=UUID('019857c8-e6f6-7597-bcbb-2aeecbbc68e4'), task_id='python_principal', dag_id='3_DAG_principal', run_id='scheduled__2024-04-13T20:00:00+00:00', try_number=1, map_index=-1, hostname='bf6f1e7a6f11', context_carrier={}, task=<Task(PythonOperator): python_principal>, bundle_instance=LocalDagBundle(name=dags-folder), max_tries=0, start_date=datetime.datetime(2025, 7, 29, 20, 4, 1, 262018, tzinfo=datetime.timezone.utc), end_date=None, state=<TaskInstanceState.RUNNING: 'running'>, is_mapped=False, rendered_map_index=None, log_url='http://localhost:8080/dags/3_DAG_principal/runs/scheduled__2024-04-13T20%3A00%3A00%2B00%3A00/tasks/python_principal?try_number=1')","logger":"task"}
{"timestamp":"2025-07-29T20:04:02.087139Z","level":"info","event":"Task instance in success state","chan":"stdout","logger":"task"}
{"timestamp":"2025-07-29T20:04:02.087382Z","level":"info","event":" Previous state of the Task instance: TaskInstanceState.RUNNING","chan":"stdout","logger":"task"}
{"timestamp":"2025-07-29T20:04:02.087562Z","level":"info","event":"Task operator:<Task(PythonOperator): python_principal>","chan":"stdout","logger":"task"}
