{"timestamp":"2025-07-29T19:43:53.177807","level":"info","event":"DAG bundles loaded: dags-folder, example_dags","logger":"airflow.dag_processing.bundles.manager.DagBundlesManager"}
{"timestamp":"2025-07-29T19:43:53.178683","level":"info","event":"Filling up the DagBag from /opt/airflow/dags/python_operator_v1.py","logger":"airflow.models.dagbag.DagBag"}
{"timestamp":"2025-07-29T19:43:53.216134Z","level":"info","event":"Task instance is in running state","chan":"stdout","logger":"task"}
{"timestamp":"2025-07-29T19:43:53.216333Z","level":"info","event":" Previous state of the Task instance: TaskInstanceState.QUEUED","chan":"stdout","logger":"task"}
{"timestamp":"2025-07-29T19:43:53.217014Z","level":"info","event":"Current task name:python","chan":"stdout","logger":"task"}
{"timestamp":"2025-07-29T19:43:53.217180Z","level":"info","event":"Dag name:python_operator_v1","chan":"stdout","logger":"task"}
{"timestamp":"2025-07-29T19:43:53.218568Z","level":"info","event":"poliana","chan":"stdout","logger":"task"}
{"timestamp":"2025-07-29T19:43:53.219574Z","level":"info","event":"{'conn': <ConnectionAccessor (dynamic access)>,","chan":"stdout","logger":"task"}
{"timestamp":"2025-07-29T19:43:53.219765Z","level":"info","event":" 'dag': <DAG: python_operator_v1>,","chan":"stdout","logger":"task"}
{"timestamp":"2025-07-29T19:43:53.219985Z","level":"info","event":" 'dag_run': DagRun(dag_id='python_operator_v1', run_id='scheduled__2023-06-23T21:17:00+00:00', logical_date=datetime.datetime(2023, 6, 23, 21, 17, tzinfo=datetime.timezone.utc), data_interval_start=datetime.datetime(2023, 6, 23, 21, 17, tzinfo=datetime.timezone.utc), data_interval_end=datetime.datetime(2023, 6, 23, 21, 17, tzinfo=datetime.timezone.utc), run_after=datetime.datetime(2023, 6, 23, 21, 17, tzinfo=datetime.timezone.utc), start_date=datetime.datetime(2025, 7, 29, 19, 43, 52, 330998, tzinfo=datetime.timezone.utc), end_date=None, clear_number=0, run_type=<DagRunType.SCHEDULED: 'scheduled'>, conf={}, consumed_asset_events=[]),","chan":"stdout","logger":"task"}
{"timestamp":"2025-07-29T19:43:53.220140Z","level":"info","event":" 'data_interval_end': DateTime(2023, 6, 23, 21, 17, 0, tzinfo=Timezone('UTC')),","chan":"stdout","logger":"task"}
{"timestamp":"2025-07-29T19:43:53.220204Z","level":"info","event":" 'data_interval_start': DateTime(2023, 6, 23, 21, 17, 0, tzinfo=Timezone('UTC')),","chan":"stdout","logger":"task"}
{"timestamp":"2025-07-29T19:43:53.220252Z","level":"info","event":" 'ds': '2023-06-23',","chan":"stdout","logger":"task"}
{"timestamp":"2025-07-29T19:43:53.220310Z","level":"info","event":" 'ds_nodash': '20230623',","chan":"stdout","logger":"task"}
{"timestamp":"2025-07-29T19:43:53.220371Z","level":"info","event":" 'inlet_events': InletEventsAccessors(_inlets=[], _assets={}, _asset_aliases={}),","chan":"stdout","logger":"task"}
{"timestamp":"2025-07-29T19:43:53.220431Z","level":"info","event":" 'inlets': [],","chan":"stdout","logger":"task"}
{"timestamp":"2025-07-29T19:43:53.220494Z","level":"info","event":" 'logical_date': DateTime(2023, 6, 23, 21, 17, 0, tzinfo=Timezone('UTC')),","chan":"stdout","logger":"task"}
{"timestamp":"2025-07-29T19:43:53.220541Z","level":"info","event":" 'macros': <MacrosAccessor (dynamic access to macros)>,","chan":"stdout","logger":"task"}
{"timestamp":"2025-07-29T19:43:53.220582Z","level":"info","event":" 'map_index_template': None,","chan":"stdout","logger":"task"}
{"timestamp":"2025-07-29T19:43:53.220623Z","level":"info","event":" 'outlet_events': <airflow.sdk.execution_time.context.OutletEventAccessors object at 0x7fb67bc8fa70>,","chan":"stdout","logger":"task"}
{"timestamp":"2025-07-29T19:43:53.220668Z","level":"info","event":" 'outlets': [],","chan":"stdout","logger":"task"}
{"timestamp":"2025-07-29T19:43:53.220724Z","level":"info","event":" 'params': {},","chan":"stdout","logger":"task"}
{"timestamp":"2025-07-29T19:43:53.233532Z","level":"info","event":" 'prev_data_interval_end_success': <Proxy at 0x7fb66fca2d50 with factory <function RuntimeTaskInstance.get_template_context.<locals>.<lambda> at 0x7fb66fcc0e00>>,","chan":"stdout","logger":"task"}
{"timestamp":"2025-07-29T19:43:53.233774Z","level":"info","event":" 'prev_data_interval_start_success': <Proxy at 0x7fb66fca2ea0 with factory <function RuntimeTaskInstance.get_template_context.<locals>.<lambda> at 0x7fb66fcc2520>>,","chan":"stdout","logger":"task"}
{"timestamp":"2025-07-29T19:43:53.233856Z","level":"info","event":" 'prev_end_date_success': <Proxy at 0x7fb66fca18b0 with factory <function RuntimeTaskInstance.get_template_context.<locals>.<lambda> at 0x7fb66fcc25c0>>,","chan":"stdout","logger":"task"}
{"timestamp":"2025-07-29T19:43:53.233915Z","level":"info","event":" 'prev_start_date_success': <Proxy at 0x7fb66fca3170 with factory <function RuntimeTaskInstance.get_template_context.<locals>.<lambda> at 0x7fb66fcc1300>>,","chan":"stdout","logger":"task"}
{"timestamp":"2025-07-29T19:43:53.233973Z","level":"info","event":" 'run_id': 'scheduled__2023-06-23T21:17:00+00:00',","chan":"stdout","logger":"task"}
{"timestamp":"2025-07-29T19:43:53.234029Z","level":"info","event":" 'task': <Task(PythonOperator): python>,","chan":"stdout","logger":"task"}
{"timestamp":"2025-07-29T19:43:53.234088Z","level":"info","event":" 'task_instance': RuntimeTaskInstance(id=UUID('019857b6-7606-7052-b214-530b47bdecc0'), task_id='python', dag_id='python_operator_v1', run_id='scheduled__2023-06-23T21:17:00+00:00', try_number=1, map_index=-1, hostname='bf6f1e7a6f11', context_carrier={}, task=<Task(PythonOperator): python>, bundle_instance=LocalDagBundle(name=dags-folder), max_tries=0, start_date=datetime.datetime(2025, 7, 29, 19, 43, 52, 558163, tzinfo=datetime.timezone.utc), end_date=None, state=<TaskInstanceState.RUNNING: 'running'>, is_mapped=False, rendered_map_index=None, log_url='http://localhost:8080/dags/python_operator_v1/runs/scheduled__2023-06-23T21%3A17%3A00%2B00%3A00/tasks/python?try_number=1'),","chan":"stdout","logger":"task"}
{"timestamp":"2025-07-29T19:43:53.234136Z","level":"info","event":" 'task_instance_key_str': 'python_operator_v1__python__20230623',","chan":"stdout","logger":"task"}
{"timestamp":"2025-07-29T19:43:53.234185Z","level":"info","event":" 'task_reschedule_count': 0,","chan":"stdout","logger":"task"}
{"timestamp":"2025-07-29T19:43:53.234228Z","level":"info","event":" 'templates_dict': None,","chan":"stdout","logger":"task"}
{"timestamp":"2025-07-29T19:43:53.234316Z","level":"info","event":" 'ti': RuntimeTaskInstance(id=UUID('019857b6-7606-7052-b214-530b47bdecc0'), task_id='python', dag_id='python_operator_v1', run_id='scheduled__2023-06-23T21:17:00+00:00', try_number=1, map_index=-1, hostname='bf6f1e7a6f11', context_carrier={}, task=<Task(PythonOperator): python>, bundle_instance=LocalDagBundle(name=dags-folder), max_tries=0, start_date=datetime.datetime(2025, 7, 29, 19, 43, 52, 558163, tzinfo=datetime.timezone.utc), end_date=None, state=<TaskInstanceState.RUNNING: 'running'>, is_mapped=False, rendered_map_index=None, log_url='http://localhost:8080/dags/python_operator_v1/runs/scheduled__2023-06-23T21%3A17%3A00%2B00%3A00/tasks/python?try_number=1'),","chan":"stdout","logger":"task"}
{"timestamp":"2025-07-29T19:43:53.234399Z","level":"info","event":" 'triggering_asset_events': TriggeringAssetEventsAccessor(_events=defaultdict(<class 'list'>, {})),","chan":"stdout","logger":"task"}
{"timestamp":"2025-07-29T19:43:53.234452Z","level":"info","event":" 'ts': '2023-06-23T21:17:00+00:00',","chan":"stdout","logger":"task"}
{"timestamp":"2025-07-29T19:43:53.234504Z","level":"info","event":" 'ts_nodash': '20230623T211700',","chan":"stdout","logger":"task"}
{"timestamp":"2025-07-29T19:43:53.234572Z","level":"info","event":" 'ts_nodash_with_tz': '20230623T211700+0000',","chan":"stdout","logger":"task"}
{"timestamp":"2025-07-29T19:43:53.234642Z","level":"info","event":" 'var': {'json': <VariableAccessor (dynamic access)>,","chan":"stdout","logger":"task"}
{"timestamp":"2025-07-29T19:43:53.234715Z","level":"info","event":"         'value': <VariableAccessor (dynamic access)>}}","chan":"stdout","logger":"task"}
{"timestamp":"2025-07-29T19:43:53.234580","level":"info","event":"Done. Returned value was: 123","logger":"airflow.task.operators.airflow.providers.standard.operators.python.PythonOperator"}
{"timestamp":"2025-07-29T19:43:53.234868","level":"info","event":"Pushing xcom","ti":"RuntimeTaskInstance(id=UUID('019857b6-7606-7052-b214-530b47bdecc0'), task_id='python', dag_id='python_operator_v1', run_id='scheduled__2023-06-23T21:17:00+00:00', try_number=1, map_index=-1, hostname='bf6f1e7a6f11', context_carrier={}, task=<Task(PythonOperator): python>, bundle_instance=LocalDagBundle(name=dags-folder), max_tries=0, start_date=datetime.datetime(2025, 7, 29, 19, 43, 52, 558163, tzinfo=datetime.timezone.utc), end_date=None, state=<TaskInstanceState.RUNNING: 'running'>, is_mapped=False, rendered_map_index=None, log_url='http://localhost:8080/dags/python_operator_v1/runs/scheduled__2023-06-23T21%3A17%3A00%2B00%3A00/tasks/python?try_number=1')","logger":"task"}
{"timestamp":"2025-07-29T19:43:53.275377Z","level":"info","event":"Task instance in success state","chan":"stdout","logger":"task"}
{"timestamp":"2025-07-29T19:43:53.275587Z","level":"info","event":" Previous state of the Task instance: TaskInstanceState.RUNNING","chan":"stdout","logger":"task"}
{"timestamp":"2025-07-29T19:43:53.275780Z","level":"info","event":"Task operator:<Task(PythonOperator): python>","chan":"stdout","logger":"task"}
