{"timestamp":"2025-07-29T20:01:26.376031","level":"info","event":"DAG bundles loaded: dags-folder, example_dags","logger":"airflow.dag_processing.bundles.manager.DagBundlesManager"}
{"timestamp":"2025-07-29T20:01:26.376942","level":"info","event":"Filling up the DagBag from /opt/airflow/dags/2_python_operator_v1.py","logger":"airflow.models.dagbag.DagBag"}
{"timestamp":"2025-07-29T20:01:26.440156Z","level":"info","event":"Task instance is in running state","chan":"stdout","logger":"task"}
{"timestamp":"2025-07-29T20:01:26.440413Z","level":"info","event":" Previous state of the Task instance: TaskInstanceState.QUEUED","chan":"stdout","logger":"task"}
{"timestamp":"2025-07-29T20:01:26.441176Z","level":"info","event":"Current task name:python","chan":"stdout","logger":"task"}
{"timestamp":"2025-07-29T20:01:26.441480Z","level":"info","event":"Dag name:python_operator_v1","chan":"stdout","logger":"task"}
{"timestamp":"2025-07-29T20:01:26.442875Z","level":"info","event":"poliana","chan":"stdout","logger":"task"}
{"timestamp":"2025-07-29T20:01:26.443866Z","level":"info","event":"{'conn': <ConnectionAccessor (dynamic access)>,","chan":"stdout","logger":"task"}
{"timestamp":"2025-07-29T20:01:26.444032Z","level":"info","event":" 'dag': <DAG: python_operator_v1>,","chan":"stdout","logger":"task"}
{"timestamp":"2025-07-29T20:01:26.444195Z","level":"info","event":" 'dag_run': DagRun(dag_id='python_operator_v1', run_id='scheduled__2023-06-24T15:37:00+00:00', logical_date=datetime.datetime(2023, 6, 24, 15, 37, tzinfo=datetime.timezone.utc), data_interval_start=datetime.datetime(2023, 6, 24, 15, 37, tzinfo=datetime.timezone.utc), data_interval_end=datetime.datetime(2023, 6, 24, 15, 37, tzinfo=datetime.timezone.utc), run_after=datetime.datetime(2023, 6, 24, 15, 37, tzinfo=datetime.timezone.utc), start_date=datetime.datetime(2025, 7, 29, 20, 1, 25, 414950, tzinfo=datetime.timezone.utc), end_date=None, clear_number=0, run_type=<DagRunType.SCHEDULED: 'scheduled'>, conf={}, consumed_asset_events=[]),","chan":"stdout","logger":"task"}
{"timestamp":"2025-07-29T20:01:26.444296Z","level":"info","event":" 'data_interval_end': DateTime(2023, 6, 24, 15, 37, 0, tzinfo=Timezone('UTC')),","chan":"stdout","logger":"task"}
{"timestamp":"2025-07-29T20:01:26.444376Z","level":"info","event":" 'data_interval_start': DateTime(2023, 6, 24, 15, 37, 0, tzinfo=Timezone('UTC')),","chan":"stdout","logger":"task"}
{"timestamp":"2025-07-29T20:01:26.444486Z","level":"info","event":" 'ds': '2023-06-24',","chan":"stdout","logger":"task"}
{"timestamp":"2025-07-29T20:01:26.444561Z","level":"info","event":" 'ds_nodash': '20230624',","chan":"stdout","logger":"task"}
{"timestamp":"2025-07-29T20:01:26.444633Z","level":"info","event":" 'inlet_events': InletEventsAccessors(_inlets=[], _assets={}, _asset_aliases={}),","chan":"stdout","logger":"task"}
{"timestamp":"2025-07-29T20:01:26.444706Z","level":"info","event":" 'inlets': [],","chan":"stdout","logger":"task"}
{"timestamp":"2025-07-29T20:01:26.444774Z","level":"info","event":" 'logical_date': DateTime(2023, 6, 24, 15, 37, 0, tzinfo=Timezone('UTC')),","chan":"stdout","logger":"task"}
{"timestamp":"2025-07-29T20:01:26.444843Z","level":"info","event":" 'macros': <MacrosAccessor (dynamic access to macros)>,","chan":"stdout","logger":"task"}
{"timestamp":"2025-07-29T20:01:26.444959Z","level":"info","event":" 'map_index_template': None,","chan":"stdout","logger":"task"}
{"timestamp":"2025-07-29T20:01:26.445017Z","level":"info","event":" 'outlet_events': <airflow.sdk.execution_time.context.OutletEventAccessors object at 0x7fb66ffb7a70>,","chan":"stdout","logger":"task"}
{"timestamp":"2025-07-29T20:01:26.445070Z","level":"info","event":" 'outlets': [],","chan":"stdout","logger":"task"}
{"timestamp":"2025-07-29T20:01:26.445120Z","level":"info","event":" 'params': {},","chan":"stdout","logger":"task"}
{"timestamp":"2025-07-29T20:01:26.458711Z","level":"info","event":" 'prev_data_interval_end_success': <Proxy at 0x7fb66fc0a690 with factory <function RuntimeTaskInstance.get_template_context.<locals>.<lambda> at 0x7fb66fc30b80>>,","chan":"stdout","logger":"task"}
{"timestamp":"2025-07-29T20:01:26.459058Z","level":"info","event":" 'prev_data_interval_start_success': <Proxy at 0x7fb66fc0a840 with factory <function RuntimeTaskInstance.get_template_context.<locals>.<lambda> at 0x7fb66fc322a0>>,","chan":"stdout","logger":"task"}
{"timestamp":"2025-07-29T20:01:26.459165Z","level":"info","event":" 'prev_end_date_success': <Proxy at 0x7fb67ea17e30 with factory <function RuntimeTaskInstance.get_template_context.<locals>.<lambda> at 0x7fb66fc32340>>,","chan":"stdout","logger":"task"}
{"timestamp":"2025-07-29T20:01:26.459237Z","level":"info","event":" 'prev_start_date_success': <Proxy at 0x7fb66fc0aba0 with factory <function RuntimeTaskInstance.get_template_context.<locals>.<lambda> at 0x7fb66fc31080>>,","chan":"stdout","logger":"task"}
{"timestamp":"2025-07-29T20:01:26.459304Z","level":"info","event":" 'run_id': 'scheduled__2023-06-24T15:37:00+00:00',","chan":"stdout","logger":"task"}
{"timestamp":"2025-07-29T20:01:26.459369Z","level":"info","event":" 'task': <Task(PythonOperator): python>,","chan":"stdout","logger":"task"}
{"timestamp":"2025-07-29T20:01:26.459436Z","level":"info","event":" 'task_instance': RuntimeTaskInstance(id=UUID('019857c6-879e-7cf7-8da5-d460095a6c94'), task_id='python', dag_id='python_operator_v1', run_id='scheduled__2023-06-24T15:37:00+00:00', try_number=1, map_index=-1, hostname='bf6f1e7a6f11', context_carrier={}, task=<Task(PythonOperator): python>, bundle_instance=LocalDagBundle(name=dags-folder), max_tries=0, start_date=datetime.datetime(2025, 7, 29, 20, 1, 25, 772587, tzinfo=datetime.timezone.utc), end_date=None, state=<TaskInstanceState.RUNNING: 'running'>, is_mapped=False, rendered_map_index=None, log_url='http://localhost:8080/dags/python_operator_v1/runs/scheduled__2023-06-24T15%3A37%3A00%2B00%3A00/tasks/python?try_number=1'),","chan":"stdout","logger":"task"}
{"timestamp":"2025-07-29T20:01:26.459509Z","level":"info","event":" 'task_instance_key_str': 'python_operator_v1__python__20230624',","chan":"stdout","logger":"task"}
{"timestamp":"2025-07-29T20:01:26.459573Z","level":"info","event":" 'task_reschedule_count': 0,","chan":"stdout","logger":"task"}
{"timestamp":"2025-07-29T20:01:26.459634Z","level":"info","event":" 'templates_dict': None,","chan":"stdout","logger":"task"}
{"timestamp":"2025-07-29T20:01:26.459702Z","level":"info","event":" 'ti': RuntimeTaskInstance(id=UUID('019857c6-879e-7cf7-8da5-d460095a6c94'), task_id='python', dag_id='python_operator_v1', run_id='scheduled__2023-06-24T15:37:00+00:00', try_number=1, map_index=-1, hostname='bf6f1e7a6f11', context_carrier={}, task=<Task(PythonOperator): python>, bundle_instance=LocalDagBundle(name=dags-folder), max_tries=0, start_date=datetime.datetime(2025, 7, 29, 20, 1, 25, 772587, tzinfo=datetime.timezone.utc), end_date=None, state=<TaskInstanceState.RUNNING: 'running'>, is_mapped=False, rendered_map_index=None, log_url='http://localhost:8080/dags/python_operator_v1/runs/scheduled__2023-06-24T15%3A37%3A00%2B00%3A00/tasks/python?try_number=1'),","chan":"stdout","logger":"task"}
{"timestamp":"2025-07-29T20:01:26.459773Z","level":"info","event":" 'triggering_asset_events': TriggeringAssetEventsAccessor(_events=defaultdict(<class 'list'>, {})),","chan":"stdout","logger":"task"}
{"timestamp":"2025-07-29T20:01:26.459895Z","level":"info","event":" 'ts': '2023-06-24T15:37:00+00:00',","chan":"stdout","logger":"task"}
{"timestamp":"2025-07-29T20:01:26.459987Z","level":"info","event":" 'ts_nodash': '20230624T153700',","chan":"stdout","logger":"task"}
{"timestamp":"2025-07-29T20:01:26.460071Z","level":"info","event":" 'ts_nodash_with_tz': '20230624T153700+0000',","chan":"stdout","logger":"task"}
{"timestamp":"2025-07-29T20:01:26.460218Z","level":"info","event":" 'var': {'json': <VariableAccessor (dynamic access)>,","chan":"stdout","logger":"task"}
{"timestamp":"2025-07-29T20:01:26.460302Z","level":"info","event":"         'value': <VariableAccessor (dynamic access)>}}","chan":"stdout","logger":"task"}
{"timestamp":"2025-07-29T20:01:26.459921","level":"info","event":"Done. Returned value was: 123","logger":"airflow.task.operators.airflow.providers.standard.operators.python.PythonOperator"}
{"timestamp":"2025-07-29T20:01:26.460259","level":"info","event":"Pushing xcom","ti":"RuntimeTaskInstance(id=UUID('019857c6-879e-7cf7-8da5-d460095a6c94'), task_id='python', dag_id='python_operator_v1', run_id='scheduled__2023-06-24T15:37:00+00:00', try_number=1, map_index=-1, hostname='bf6f1e7a6f11', context_carrier={}, task=<Task(PythonOperator): python>, bundle_instance=LocalDagBundle(name=dags-folder), max_tries=0, start_date=datetime.datetime(2025, 7, 29, 20, 1, 25, 772587, tzinfo=datetime.timezone.utc), end_date=None, state=<TaskInstanceState.RUNNING: 'running'>, is_mapped=False, rendered_map_index=None, log_url='http://localhost:8080/dags/python_operator_v1/runs/scheduled__2023-06-24T15%3A37%3A00%2B00%3A00/tasks/python?try_number=1')","logger":"task"}
{"timestamp":"2025-07-29T20:01:26.528730Z","level":"info","event":"Task instance in success state","chan":"stdout","logger":"task"}
{"timestamp":"2025-07-29T20:01:26.528942Z","level":"info","event":" Previous state of the Task instance: TaskInstanceState.RUNNING","chan":"stdout","logger":"task"}
{"timestamp":"2025-07-29T20:01:26.529149Z","level":"info","event":"Task operator:<Task(PythonOperator): python>","chan":"stdout","logger":"task"}
