{"timestamp":"2025-07-29T19:20:01.984020","level":"info","event":"DAG bundles loaded: dags-folder, example_dags","logger":"airflow.dag_processing.bundles.manager.DagBundlesManager"}
{"timestamp":"2025-07-29T19:20:01.984813","level":"info","event":"Filling up the DagBag from /opt/airflow/dags/python_operator_v1.py","logger":"airflow.models.dagbag.DagBag"}
{"timestamp":"2025-07-29T19:20:02.012603Z","level":"info","event":"Task instance is in running state","chan":"stdout","logger":"task"}
{"timestamp":"2025-07-29T19:20:02.012778Z","level":"info","event":" Previous state of the Task instance: TaskInstanceState.QUEUED","chan":"stdout","logger":"task"}
{"timestamp":"2025-07-29T19:20:02.013352Z","level":"info","event":"Current task name:python","chan":"stdout","logger":"task"}
{"timestamp":"2025-07-29T19:20:02.013521Z","level":"info","event":"Dag name:python_operator_v1","chan":"stdout","logger":"task"}
{"timestamp":"2025-07-29T19:20:02.014869Z","level":"info","event":"poliana","chan":"stdout","logger":"task"}
{"timestamp":"2025-07-29T19:20:02.015831Z","level":"info","event":"{'conn': <ConnectionAccessor (dynamic access)>,","chan":"stdout","logger":"task"}
{"timestamp":"2025-07-29T19:20:02.016114Z","level":"info","event":" 'dag': <DAG: python_operator_v1>,","chan":"stdout","logger":"task"}
{"timestamp":"2025-07-29T19:20:02.016415Z","level":"info","event":" 'dag_run': DagRun(dag_id='python_operator_v1', run_id='scheduled__2023-06-22T19:28:00+00:00', logical_date=datetime.datetime(2023, 6, 22, 19, 28, tzinfo=datetime.timezone.utc), data_interval_start=datetime.datetime(2023, 6, 22, 19, 28, tzinfo=datetime.timezone.utc), data_interval_end=datetime.datetime(2023, 6, 22, 19, 28, tzinfo=datetime.timezone.utc), run_after=datetime.datetime(2023, 6, 22, 19, 28, tzinfo=datetime.timezone.utc), start_date=datetime.datetime(2025, 7, 29, 19, 20, 0, 464949, tzinfo=datetime.timezone.utc), end_date=None, clear_number=0, run_type=<DagRunType.SCHEDULED: 'scheduled'>, conf={}, consumed_asset_events=[]),","chan":"stdout","logger":"task"}
{"timestamp":"2025-07-29T19:20:02.016605Z","level":"info","event":" 'data_interval_end': DateTime(2023, 6, 22, 19, 28, 0, tzinfo=Timezone('UTC')),","chan":"stdout","logger":"task"}
{"timestamp":"2025-07-29T19:20:02.016710Z","level":"info","event":" 'data_interval_start': DateTime(2023, 6, 22, 19, 28, 0, tzinfo=Timezone('UTC')),","chan":"stdout","logger":"task"}
{"timestamp":"2025-07-29T19:20:02.016792Z","level":"info","event":" 'ds': '2023-06-22',","chan":"stdout","logger":"task"}
{"timestamp":"2025-07-29T19:20:02.016860Z","level":"info","event":" 'ds_nodash': '20230622',","chan":"stdout","logger":"task"}
{"timestamp":"2025-07-29T19:20:02.016924Z","level":"info","event":" 'inlet_events': InletEventsAccessors(_inlets=[], _assets={}, _asset_aliases={}),","chan":"stdout","logger":"task"}
{"timestamp":"2025-07-29T19:20:02.016986Z","level":"info","event":" 'inlets': [],","chan":"stdout","logger":"task"}
{"timestamp":"2025-07-29T19:20:02.017080Z","level":"info","event":" 'logical_date': DateTime(2023, 6, 22, 19, 28, 0, tzinfo=Timezone('UTC')),","chan":"stdout","logger":"task"}
{"timestamp":"2025-07-29T19:20:02.017152Z","level":"info","event":" 'macros': <MacrosAccessor (dynamic access to macros)>,","chan":"stdout","logger":"task"}
{"timestamp":"2025-07-29T19:20:02.017218Z","level":"info","event":" 'map_index_template': None,","chan":"stdout","logger":"task"}
{"timestamp":"2025-07-29T19:20:02.017286Z","level":"info","event":" 'outlet_events': <airflow.sdk.execution_time.context.OutletEventAccessors object at 0x7fb67cb14380>,","chan":"stdout","logger":"task"}
{"timestamp":"2025-07-29T19:20:02.017361Z","level":"info","event":" 'outlets': [],","chan":"stdout","logger":"task"}
{"timestamp":"2025-07-29T19:20:02.017432Z","level":"info","event":" 'params': {},","chan":"stdout","logger":"task"}
{"timestamp":"2025-07-29T19:20:02.031727Z","level":"info","event":" 'prev_data_interval_end_success': <Proxy at 0x7fb66fc58890 with factory <function RuntimeTaskInstance.get_template_context.<locals>.<lambda> at 0x7fb66fc56e80>>,","chan":"stdout","logger":"task"}
{"timestamp":"2025-07-29T19:20:02.031992Z","level":"info","event":" 'prev_data_interval_start_success': <Proxy at 0x7fb66fd9dc70 with factory <function RuntimeTaskInstance.get_template_context.<locals>.<lambda> at 0x7fb66fc57f60>>,","chan":"stdout","logger":"task"}
{"timestamp":"2025-07-29T19:20:02.032230Z","level":"info","event":" 'prev_end_date_success': <Proxy at 0x7fb66fc58770 with factory <function RuntimeTaskInstance.get_template_context.<locals>.<lambda> at 0x7fb66fc56840>>,","chan":"stdout","logger":"task"}
{"timestamp":"2025-07-29T19:20:02.032337Z","level":"info","event":" 'prev_start_date_success': <Proxy at 0x7fb66fc58980 with factory <function RuntimeTaskInstance.get_template_context.<locals>.<lambda> at 0x7fb66fc56d40>>,","chan":"stdout","logger":"task"}
{"timestamp":"2025-07-29T19:20:02.032424Z","level":"info","event":" 'run_id': 'scheduled__2023-06-22T19:28:00+00:00',","chan":"stdout","logger":"task"}
{"timestamp":"2025-07-29T19:20:02.032511Z","level":"info","event":" 'task': <Task(PythonOperator): python>,","chan":"stdout","logger":"task"}
{"timestamp":"2025-07-29T19:20:02.032903Z","level":"info","event":" 'task_instance': RuntimeTaskInstance(id=UUID('019857a0-9cbd-7556-afad-9fbc7eef483e'), task_id='python', dag_id='python_operator_v1', run_id='scheduled__2023-06-22T19:28:00+00:00', try_number=1, map_index=-1, hostname='bf6f1e7a6f11', context_carrier={}, task=<Task(PythonOperator): python>, bundle_instance=LocalDagBundle(name=dags-folder), max_tries=0, start_date=datetime.datetime(2025, 7, 29, 19, 20, 1, 485110, tzinfo=datetime.timezone.utc), end_date=None, state=<TaskInstanceState.RUNNING: 'running'>, is_mapped=False, rendered_map_index=None, log_url='http://localhost:8080/dags/python_operator_v1/runs/scheduled__2023-06-22T19%3A28%3A00%2B00%3A00/tasks/python?try_number=1'),","chan":"stdout","logger":"task"}
{"timestamp":"2025-07-29T19:20:02.033198Z","level":"info","event":" 'task_instance_key_str': 'python_operator_v1__python__20230622',","chan":"stdout","logger":"task"}
{"timestamp":"2025-07-29T19:20:02.033289Z","level":"info","event":" 'task_reschedule_count': 0,","chan":"stdout","logger":"task"}
{"timestamp":"2025-07-29T19:20:02.033370Z","level":"info","event":" 'templates_dict': None,","chan":"stdout","logger":"task"}
{"timestamp":"2025-07-29T19:20:02.033544Z","level":"info","event":" 'ti': RuntimeTaskInstance(id=UUID('019857a0-9cbd-7556-afad-9fbc7eef483e'), task_id='python', dag_id='python_operator_v1', run_id='scheduled__2023-06-22T19:28:00+00:00', try_number=1, map_index=-1, hostname='bf6f1e7a6f11', context_carrier={}, task=<Task(PythonOperator): python>, bundle_instance=LocalDagBundle(name=dags-folder), max_tries=0, start_date=datetime.datetime(2025, 7, 29, 19, 20, 1, 485110, tzinfo=datetime.timezone.utc), end_date=None, state=<TaskInstanceState.RUNNING: 'running'>, is_mapped=False, rendered_map_index=None, log_url='http://localhost:8080/dags/python_operator_v1/runs/scheduled__2023-06-22T19%3A28%3A00%2B00%3A00/tasks/python?try_number=1'),","chan":"stdout","logger":"task"}
{"timestamp":"2025-07-29T19:20:02.033739Z","level":"info","event":" 'triggering_asset_events': TriggeringAssetEventsAccessor(_events=defaultdict(<class 'list'>, {})),","chan":"stdout","logger":"task"}
{"timestamp":"2025-07-29T19:20:02.033965Z","level":"info","event":" 'ts': '2023-06-22T19:28:00+00:00',","chan":"stdout","logger":"task"}
{"timestamp":"2025-07-29T19:20:02.034055Z","level":"info","event":" 'ts_nodash': '20230622T192800',","chan":"stdout","logger":"task"}
{"timestamp":"2025-07-29T19:20:02.034132Z","level":"info","event":" 'ts_nodash_with_tz': '20230622T192800+0000',","chan":"stdout","logger":"task"}
{"timestamp":"2025-07-29T19:20:02.034202Z","level":"info","event":" 'var': {'json': <VariableAccessor (dynamic access)>,","chan":"stdout","logger":"task"}
{"timestamp":"2025-07-29T19:20:02.034267Z","level":"info","event":"         'value': <VariableAccessor (dynamic access)>}}","chan":"stdout","logger":"task"}
{"timestamp":"2025-07-29T19:20:02.033175","level":"info","event":"Done. Returned value was: 123","logger":"airflow.task.operators.airflow.providers.standard.operators.python.PythonOperator"}
{"timestamp":"2025-07-29T19:20:02.033532","level":"info","event":"Pushing xcom","ti":"RuntimeTaskInstance(id=UUID('019857a0-9cbd-7556-afad-9fbc7eef483e'), task_id='python', dag_id='python_operator_v1', run_id='scheduled__2023-06-22T19:28:00+00:00', try_number=1, map_index=-1, hostname='bf6f1e7a6f11', context_carrier={}, task=<Task(PythonOperator): python>, bundle_instance=LocalDagBundle(name=dags-folder), max_tries=0, start_date=datetime.datetime(2025, 7, 29, 19, 20, 1, 485110, tzinfo=datetime.timezone.utc), end_date=None, state=<TaskInstanceState.RUNNING: 'running'>, is_mapped=False, rendered_map_index=None, log_url='http://localhost:8080/dags/python_operator_v1/runs/scheduled__2023-06-22T19%3A28%3A00%2B00%3A00/tasks/python?try_number=1')","logger":"task"}
{"timestamp":"2025-07-29T19:20:02.068606Z","level":"info","event":"Task instance in success state","chan":"stdout","logger":"task"}
{"timestamp":"2025-07-29T19:20:02.068836Z","level":"info","event":" Previous state of the Task instance: TaskInstanceState.RUNNING","chan":"stdout","logger":"task"}
{"timestamp":"2025-07-29T19:20:02.069019Z","level":"info","event":"Task operator:<Task(PythonOperator): python>","chan":"stdout","logger":"task"}
