{"timestamp":"2025-07-29T20:02:35.539069","level":"info","event":"DAG bundles loaded: dags-folder, example_dags","logger":"airflow.dag_processing.bundles.manager.DagBundlesManager"}
{"timestamp":"2025-07-29T20:02:35.539808","level":"info","event":"Filling up the DagBag from /opt/airflow/dags/3_dag_principal.py","logger":"airflow.models.dagbag.DagBag"}
{"timestamp":"2025-07-29T20:02:35.567597Z","level":"info","event":"Task instance is in running state","chan":"stdout","logger":"task"}
{"timestamp":"2025-07-29T20:02:35.567779Z","level":"info","event":" Previous state of the Task instance: TaskInstanceState.QUEUED","chan":"stdout","logger":"task"}
{"timestamp":"2025-07-29T20:02:35.568271Z","level":"info","event":"Current task name:python_principal","chan":"stdout","logger":"task"}
{"timestamp":"2025-07-29T20:02:35.568419Z","level":"info","event":"Dag name:3_DAG_principal","chan":"stdout","logger":"task"}
{"timestamp":"2025-07-29T20:02:35.569400Z","level":"info","event":"DAG principal","chan":"stdout","logger":"task"}
{"timestamp":"2025-07-29T20:02:35.570138Z","level":"info","event":"{'conn': <ConnectionAccessor (dynamic access)>,","chan":"stdout","logger":"task"}
{"timestamp":"2025-07-29T20:02:35.570238Z","level":"info","event":" 'dag': <DAG: 3_DAG_principal>,","chan":"stdout","logger":"task"}
{"timestamp":"2025-07-29T20:02:35.570365Z","level":"info","event":" 'dag_run': DagRun(dag_id='3_DAG_principal', run_id='scheduled__2024-01-24T20:00:00+00:00', logical_date=datetime.datetime(2024, 1, 24, 20, 0, tzinfo=datetime.timezone.utc), data_interval_start=datetime.datetime(2024, 1, 24, 20, 0, tzinfo=datetime.timezone.utc), data_interval_end=datetime.datetime(2024, 1, 24, 20, 0, tzinfo=datetime.timezone.utc), run_after=datetime.datetime(2024, 1, 24, 20, 0, tzinfo=datetime.timezone.utc), start_date=datetime.datetime(2025, 7, 29, 20, 2, 34, 364366, tzinfo=datetime.timezone.utc), end_date=None, clear_number=0, run_type=<DagRunType.SCHEDULED: 'scheduled'>, conf={}, consumed_asset_events=[]),","chan":"stdout","logger":"task"}
{"timestamp":"2025-07-29T20:02:35.570456Z","level":"info","event":" 'data_interval_end': DateTime(2024, 1, 24, 20, 0, 0, tzinfo=Timezone('UTC')),","chan":"stdout","logger":"task"}
{"timestamp":"2025-07-29T20:02:35.570532Z","level":"info","event":" 'data_interval_start': DateTime(2024, 1, 24, 20, 0, 0, tzinfo=Timezone('UTC')),","chan":"stdout","logger":"task"}
{"timestamp":"2025-07-29T20:02:35.570602Z","level":"info","event":" 'ds': '2024-01-24',","chan":"stdout","logger":"task"}
{"timestamp":"2025-07-29T20:02:35.570672Z","level":"info","event":" 'ds_nodash': '20240124',","chan":"stdout","logger":"task"}
{"timestamp":"2025-07-29T20:02:35.570744Z","level":"info","event":" 'inlet_events': InletEventsAccessors(_inlets=[], _assets={}, _asset_aliases={}),","chan":"stdout","logger":"task"}
{"timestamp":"2025-07-29T20:02:35.570817Z","level":"info","event":" 'inlets': [],","chan":"stdout","logger":"task"}
{"timestamp":"2025-07-29T20:02:35.570893Z","level":"info","event":" 'logical_date': DateTime(2024, 1, 24, 20, 0, 0, tzinfo=Timezone('UTC')),","chan":"stdout","logger":"task"}
{"timestamp":"2025-07-29T20:02:35.570966Z","level":"info","event":" 'macros': <MacrosAccessor (dynamic access to macros)>,","chan":"stdout","logger":"task"}
{"timestamp":"2025-07-29T20:02:35.571068Z","level":"info","event":" 'map_index_template': None,","chan":"stdout","logger":"task"}
{"timestamp":"2025-07-29T20:02:35.571143Z","level":"info","event":" 'outlet_events': <airflow.sdk.execution_time.context.OutletEventAccessors object at 0x7fb66fc93b60>,","chan":"stdout","logger":"task"}
{"timestamp":"2025-07-29T20:02:35.571216Z","level":"info","event":" 'outlets': [],","chan":"stdout","logger":"task"}
{"timestamp":"2025-07-29T20:02:35.571287Z","level":"info","event":" 'params': {},","chan":"stdout","logger":"task"}
{"timestamp":"2025-07-29T20:02:35.581226Z","level":"info","event":" 'prev_data_interval_end_success': <Proxy at 0x7fb66fc93800 with factory <function RuntimeTaskInstance.get_template_context.<locals>.<lambda> at 0x7fb66fcbaac0>>,","chan":"stdout","logger":"task"}
{"timestamp":"2025-07-29T20:02:35.581461Z","level":"info","event":" 'prev_data_interval_start_success': <Proxy at 0x7fb66fc93740 with factory <function RuntimeTaskInstance.get_template_context.<locals>.<lambda> at 0x7fb66fcb9300>>,","chan":"stdout","logger":"task"}
{"timestamp":"2025-07-29T20:02:35.581559Z","level":"info","event":" 'prev_end_date_success': <Proxy at 0x7fb67ebefe30 with factory <function RuntimeTaskInstance.get_template_context.<locals>.<lambda> at 0x7fb66fcbab60>>,","chan":"stdout","logger":"task"}
{"timestamp":"2025-07-29T20:02:35.581668Z","level":"info","event":" 'prev_start_date_success': <Proxy at 0x7fb66fc93ad0 with factory <function RuntimeTaskInstance.get_template_context.<locals>.<lambda> at 0x7fb66fcb98a0>>,","chan":"stdout","logger":"task"}
{"timestamp":"2025-07-29T20:02:35.581742Z","level":"info","event":" 'run_id': 'scheduled__2024-01-24T20:00:00+00:00',","chan":"stdout","logger":"task"}
{"timestamp":"2025-07-29T20:02:35.581810Z","level":"info","event":" 'task': <Task(PythonOperator): python_principal>,","chan":"stdout","logger":"task"}
{"timestamp":"2025-07-29T20:02:35.581880Z","level":"info","event":" 'task_instance': RuntimeTaskInstance(id=UUID('019857c7-94dc-7b16-afd0-0f162001159b'), task_id='python_principal', dag_id='3_DAG_principal', run_id='scheduled__2024-01-24T20:00:00+00:00', try_number=1, map_index=-1, hostname='bf6f1e7a6f11', context_carrier={}, task=<Task(PythonOperator): python_principal>, bundle_instance=LocalDagBundle(name=dags-folder), max_tries=0, start_date=datetime.datetime(2025, 7, 29, 20, 2, 34, 989315, tzinfo=datetime.timezone.utc), end_date=None, state=<TaskInstanceState.RUNNING: 'running'>, is_mapped=False, rendered_map_index=None, log_url='http://localhost:8080/dags/3_DAG_principal/runs/scheduled__2024-01-24T20%3A00%3A00%2B00%3A00/tasks/python_principal?try_number=1'),","chan":"stdout","logger":"task"}
{"timestamp":"2025-07-29T20:02:35.581954Z","level":"info","event":" 'task_instance_key_str': '3_DAG_principal__python_principal__20240124',","chan":"stdout","logger":"task"}
{"timestamp":"2025-07-29T20:02:35.582021Z","level":"info","event":" 'task_reschedule_count': 0,","chan":"stdout","logger":"task"}
{"timestamp":"2025-07-29T20:02:35.582086Z","level":"info","event":" 'templates_dict': None,","chan":"stdout","logger":"task"}
{"timestamp":"2025-07-29T20:02:35.582154Z","level":"info","event":" 'ti': RuntimeTaskInstance(id=UUID('019857c7-94dc-7b16-afd0-0f162001159b'), task_id='python_principal', dag_id='3_DAG_principal', run_id='scheduled__2024-01-24T20:00:00+00:00', try_number=1, map_index=-1, hostname='bf6f1e7a6f11', context_carrier={}, task=<Task(PythonOperator): python_principal>, bundle_instance=LocalDagBundle(name=dags-folder), max_tries=0, start_date=datetime.datetime(2025, 7, 29, 20, 2, 34, 989315, tzinfo=datetime.timezone.utc), end_date=None, state=<TaskInstanceState.RUNNING: 'running'>, is_mapped=False, rendered_map_index=None, log_url='http://localhost:8080/dags/3_DAG_principal/runs/scheduled__2024-01-24T20%3A00%3A00%2B00%3A00/tasks/python_principal?try_number=1'),","chan":"stdout","logger":"task"}
{"timestamp":"2025-07-29T20:02:35.582219Z","level":"info","event":" 'triggering_asset_events': TriggeringAssetEventsAccessor(_events=defaultdict(<class 'list'>, {})),","chan":"stdout","logger":"task"}
{"timestamp":"2025-07-29T20:02:35.582281Z","level":"info","event":" 'ts': '2024-01-24T20:00:00+00:00',","chan":"stdout","logger":"task"}
{"timestamp":"2025-07-29T20:02:35.582342Z","level":"info","event":" 'ts_nodash': '20240124T200000',","chan":"stdout","logger":"task"}
{"timestamp":"2025-07-29T20:02:35.582409Z","level":"info","event":" 'ts_nodash_with_tz': '20240124T200000+0000',","chan":"stdout","logger":"task"}
{"timestamp":"2025-07-29T20:02:35.582543Z","level":"info","event":" 'var': {'json': <VariableAccessor (dynamic access)>,","chan":"stdout","logger":"task"}
{"timestamp":"2025-07-29T20:02:35.582651Z","level":"info","event":"         'value': <VariableAccessor (dynamic access)>}}","chan":"stdout","logger":"task"}
{"timestamp":"2025-07-29T20:02:35.581641","level":"info","event":"Done. Returned value was: principal","logger":"airflow.task.operators.airflow.providers.standard.operators.python.PythonOperator"}
{"timestamp":"2025-07-29T20:02:35.581843","level":"info","event":"Pushing xcom","ti":"RuntimeTaskInstance(id=UUID('019857c7-94dc-7b16-afd0-0f162001159b'), task_id='python_principal', dag_id='3_DAG_principal', run_id='scheduled__2024-01-24T20:00:00+00:00', try_number=1, map_index=-1, hostname='bf6f1e7a6f11', context_carrier={}, task=<Task(PythonOperator): python_principal>, bundle_instance=LocalDagBundle(name=dags-folder), max_tries=0, start_date=datetime.datetime(2025, 7, 29, 20, 2, 34, 989315, tzinfo=datetime.timezone.utc), end_date=None, state=<TaskInstanceState.RUNNING: 'running'>, is_mapped=False, rendered_map_index=None, log_url='http://localhost:8080/dags/3_DAG_principal/runs/scheduled__2024-01-24T20%3A00%3A00%2B00%3A00/tasks/python_principal?try_number=1')","logger":"task"}
{"timestamp":"2025-07-29T20:02:35.611590Z","level":"info","event":"Task instance in success state","chan":"stdout","logger":"task"}
{"timestamp":"2025-07-29T20:02:35.611780Z","level":"info","event":" Previous state of the Task instance: TaskInstanceState.RUNNING","chan":"stdout","logger":"task"}
{"timestamp":"2025-07-29T20:02:35.612037Z","level":"info","event":"Task operator:<Task(PythonOperator): python_principal>","chan":"stdout","logger":"task"}
