{"timestamp":"2025-07-29T19:52:26.498435","level":"info","event":"DAG bundles loaded: dags-folder, example_dags","logger":"airflow.dag_processing.bundles.manager.DagBundlesManager"}
{"timestamp":"2025-07-29T19:52:26.499048","level":"info","event":"Filling up the DagBag from /opt/airflow/dags/2_python_operator_v1.py","logger":"airflow.models.dagbag.DagBag"}
{"timestamp":"2025-07-29T19:52:26.528334Z","level":"info","event":"Task instance is in running state","chan":"stdout","logger":"task"}
{"timestamp":"2025-07-29T19:52:26.528608Z","level":"info","event":" Previous state of the Task instance: TaskInstanceState.QUEUED","chan":"stdout","logger":"task"}
{"timestamp":"2025-07-29T19:52:26.529188Z","level":"info","event":"Current task name:python","chan":"stdout","logger":"task"}
{"timestamp":"2025-07-29T19:52:26.529302Z","level":"info","event":"Dag name:python_operator_v1","chan":"stdout","logger":"task"}
{"timestamp":"2025-07-29T19:52:26.530573Z","level":"info","event":"poliana","chan":"stdout","logger":"task"}
{"timestamp":"2025-07-29T19:52:26.531377Z","level":"info","event":"{'conn': <ConnectionAccessor (dynamic access)>,","chan":"stdout","logger":"task"}
{"timestamp":"2025-07-29T19:52:26.531577Z","level":"info","event":" 'dag': <DAG: python_operator_v1>,","chan":"stdout","logger":"task"}
{"timestamp":"2025-07-29T19:52:26.531776Z","level":"info","event":" 'dag_run': DagRun(dag_id='python_operator_v1', run_id='scheduled__2023-06-24T06:47:00+00:00', logical_date=datetime.datetime(2023, 6, 24, 6, 47, tzinfo=datetime.timezone.utc), data_interval_start=datetime.datetime(2023, 6, 24, 6, 47, tzinfo=datetime.timezone.utc), data_interval_end=datetime.datetime(2023, 6, 24, 6, 47, tzinfo=datetime.timezone.utc), run_after=datetime.datetime(2023, 6, 24, 6, 47, tzinfo=datetime.timezone.utc), start_date=datetime.datetime(2025, 7, 29, 19, 52, 25, 625927, tzinfo=datetime.timezone.utc), end_date=None, clear_number=0, run_type=<DagRunType.SCHEDULED: 'scheduled'>, conf={}, consumed_asset_events=[]),","chan":"stdout","logger":"task"}
{"timestamp":"2025-07-29T19:52:26.531894Z","level":"info","event":" 'data_interval_end': DateTime(2023, 6, 24, 6, 47, 0, tzinfo=Timezone('UTC')),","chan":"stdout","logger":"task"}
{"timestamp":"2025-07-29T19:52:26.532002Z","level":"info","event":" 'data_interval_start': DateTime(2023, 6, 24, 6, 47, 0, tzinfo=Timezone('UTC')),","chan":"stdout","logger":"task"}
{"timestamp":"2025-07-29T19:52:26.532086Z","level":"info","event":" 'ds': '2023-06-24',","chan":"stdout","logger":"task"}
{"timestamp":"2025-07-29T19:52:26.532160Z","level":"info","event":" 'ds_nodash': '20230624',","chan":"stdout","logger":"task"}
{"timestamp":"2025-07-29T19:52:26.532233Z","level":"info","event":" 'inlet_events': InletEventsAccessors(_inlets=[], _assets={}, _asset_aliases={}),","chan":"stdout","logger":"task"}
{"timestamp":"2025-07-29T19:52:26.532307Z","level":"info","event":" 'inlets': [],","chan":"stdout","logger":"task"}
{"timestamp":"2025-07-29T19:52:26.532381Z","level":"info","event":" 'logical_date': DateTime(2023, 6, 24, 6, 47, 0, tzinfo=Timezone('UTC')),","chan":"stdout","logger":"task"}
{"timestamp":"2025-07-29T19:52:26.532454Z","level":"info","event":" 'macros': <MacrosAccessor (dynamic access to macros)>,","chan":"stdout","logger":"task"}
{"timestamp":"2025-07-29T19:52:26.532526Z","level":"info","event":" 'map_index_template': None,","chan":"stdout","logger":"task"}
{"timestamp":"2025-07-29T19:52:26.532595Z","level":"info","event":" 'outlet_events': <airflow.sdk.execution_time.context.OutletEventAccessors object at 0x7fb66fc1fa70>,","chan":"stdout","logger":"task"}
{"timestamp":"2025-07-29T19:52:26.532660Z","level":"info","event":" 'outlets': [],","chan":"stdout","logger":"task"}
{"timestamp":"2025-07-29T19:52:26.532717Z","level":"info","event":" 'params': {},","chan":"stdout","logger":"task"}
{"timestamp":"2025-07-29T19:52:26.541724Z","level":"info","event":" 'prev_data_interval_end_success': <Proxy at 0x7fb66fca80e0 with factory <function RuntimeTaskInstance.get_template_context.<locals>.<lambda> at 0x7fb66fc914e0>>,","chan":"stdout","logger":"task"}
{"timestamp":"2025-07-29T19:52:26.541983Z","level":"info","event":" 'prev_data_interval_start_success': <Proxy at 0x7fb66fca8140 with factory <function RuntimeTaskInstance.get_template_context.<locals>.<lambda> at 0x7fb66fc92c00>>,","chan":"stdout","logger":"task"}
{"timestamp":"2025-07-29T19:52:26.542109Z","level":"info","event":" 'prev_end_date_success': <Proxy at 0x7fb67c5c7830 with factory <function RuntimeTaskInstance.get_template_context.<locals>.<lambda> at 0x7fb66fc92ca0>>,","chan":"stdout","logger":"task"}
{"timestamp":"2025-07-29T19:52:26.542219Z","level":"info","event":" 'prev_start_date_success': <Proxy at 0x7fb67ebdd5b0 with factory <function RuntimeTaskInstance.get_template_context.<locals>.<lambda> at 0x7fb66fc919e0>>,","chan":"stdout","logger":"task"}
{"timestamp":"2025-07-29T19:52:26.542301Z","level":"info","event":" 'run_id': 'scheduled__2023-06-24T06:47:00+00:00',","chan":"stdout","logger":"task"}
{"timestamp":"2025-07-29T19:52:26.542369Z","level":"info","event":" 'task': <Task(PythonOperator): python>,","chan":"stdout","logger":"task"}
{"timestamp":"2025-07-29T19:52:26.542436Z","level":"info","event":" 'task_instance': RuntimeTaskInstance(id=UUID('019857be-4b15-70bc-b6eb-613db66fc3ca'), task_id='python', dag_id='python_operator_v1', run_id='scheduled__2023-06-24T06:47:00+00:00', try_number=1, map_index=-1, hostname='bf6f1e7a6f11', context_carrier={}, task=<Task(PythonOperator): python>, bundle_instance=LocalDagBundle(name=dags-folder), max_tries=0, start_date=datetime.datetime(2025, 7, 29, 19, 52, 25, 886544, tzinfo=datetime.timezone.utc), end_date=None, state=<TaskInstanceState.RUNNING: 'running'>, is_mapped=False, rendered_map_index=None, log_url='http://localhost:8080/dags/python_operator_v1/runs/scheduled__2023-06-24T06%3A47%3A00%2B00%3A00/tasks/python?try_number=1'),","chan":"stdout","logger":"task"}
{"timestamp":"2025-07-29T19:52:26.542504Z","level":"info","event":" 'task_instance_key_str': 'python_operator_v1__python__20230624',","chan":"stdout","logger":"task"}
{"timestamp":"2025-07-29T19:52:26.542567Z","level":"info","event":" 'task_reschedule_count': 0,","chan":"stdout","logger":"task"}
{"timestamp":"2025-07-29T19:52:26.542652Z","level":"info","event":" 'templates_dict': None,","chan":"stdout","logger":"task"}
{"timestamp":"2025-07-29T19:52:26.542769Z","level":"info","event":" 'ti': RuntimeTaskInstance(id=UUID('019857be-4b15-70bc-b6eb-613db66fc3ca'), task_id='python', dag_id='python_operator_v1', run_id='scheduled__2023-06-24T06:47:00+00:00', try_number=1, map_index=-1, hostname='bf6f1e7a6f11', context_carrier={}, task=<Task(PythonOperator): python>, bundle_instance=LocalDagBundle(name=dags-folder), max_tries=0, start_date=datetime.datetime(2025, 7, 29, 19, 52, 25, 886544, tzinfo=datetime.timezone.utc), end_date=None, state=<TaskInstanceState.RUNNING: 'running'>, is_mapped=False, rendered_map_index=None, log_url='http://localhost:8080/dags/python_operator_v1/runs/scheduled__2023-06-24T06%3A47%3A00%2B00%3A00/tasks/python?try_number=1'),","chan":"stdout","logger":"task"}
{"timestamp":"2025-07-29T19:52:26.542877Z","level":"info","event":" 'triggering_asset_events': TriggeringAssetEventsAccessor(_events=defaultdict(<class 'list'>, {})),","chan":"stdout","logger":"task"}
{"timestamp":"2025-07-29T19:52:26.542956Z","level":"info","event":" 'ts': '2023-06-24T06:47:00+00:00',","chan":"stdout","logger":"task"}
{"timestamp":"2025-07-29T19:52:26.543028Z","level":"info","event":" 'ts_nodash': '20230624T064700',","chan":"stdout","logger":"task"}
{"timestamp":"2025-07-29T19:52:26.543102Z","level":"info","event":" 'ts_nodash_with_tz': '20230624T064700+0000',","chan":"stdout","logger":"task"}
{"timestamp":"2025-07-29T19:52:26.543175Z","level":"info","event":" 'var': {'json': <VariableAccessor (dynamic access)>,","chan":"stdout","logger":"task"}
{"timestamp":"2025-07-29T19:52:26.543247Z","level":"info","event":"         'value': <VariableAccessor (dynamic access)>}}","chan":"stdout","logger":"task"}
{"timestamp":"2025-07-29T19:52:26.542753","level":"info","event":"Done. Returned value was: 123","logger":"airflow.task.operators.airflow.providers.standard.operators.python.PythonOperator"}
{"timestamp":"2025-07-29T19:52:26.543014","level":"info","event":"Pushing xcom","ti":"RuntimeTaskInstance(id=UUID('019857be-4b15-70bc-b6eb-613db66fc3ca'), task_id='python', dag_id='python_operator_v1', run_id='scheduled__2023-06-24T06:47:00+00:00', try_number=1, map_index=-1, hostname='bf6f1e7a6f11', context_carrier={}, task=<Task(PythonOperator): python>, bundle_instance=LocalDagBundle(name=dags-folder), max_tries=0, start_date=datetime.datetime(2025, 7, 29, 19, 52, 25, 886544, tzinfo=datetime.timezone.utc), end_date=None, state=<TaskInstanceState.RUNNING: 'running'>, is_mapped=False, rendered_map_index=None, log_url='http://localhost:8080/dags/python_operator_v1/runs/scheduled__2023-06-24T06%3A47%3A00%2B00%3A00/tasks/python?try_number=1')","logger":"task"}
{"timestamp":"2025-07-29T19:52:26.568576Z","level":"info","event":"Task instance in success state","chan":"stdout","logger":"task"}
{"timestamp":"2025-07-29T19:52:26.568794Z","level":"info","event":" Previous state of the Task instance: TaskInstanceState.RUNNING","chan":"stdout","logger":"task"}
{"timestamp":"2025-07-29T19:52:26.568945Z","level":"info","event":"Task operator:<Task(PythonOperator): python>","chan":"stdout","logger":"task"}
