{"timestamp":"2025-07-29T20:10:09.226295","level":"info","event":"DAG bundles loaded: dags-folder, example_dags","logger":"airflow.dag_processing.bundles.manager.DagBundlesManager"}
{"timestamp":"2025-07-29T20:10:09.227311","level":"info","event":"Filling up the DagBag from /opt/airflow/dags/3_dag_principal.py","logger":"airflow.models.dagbag.DagBag"}
{"timestamp":"2025-07-29T20:10:09.317051Z","level":"info","event":"Task instance is in running state","chan":"stdout","logger":"task"}
{"timestamp":"2025-07-29T20:10:09.317324Z","level":"info","event":" Previous state of the Task instance: TaskInstanceState.QUEUED","chan":"stdout","logger":"task"}
{"timestamp":"2025-07-29T20:10:09.318989Z","level":"info","event":"Current task name:python_principal","chan":"stdout","logger":"task"}
{"timestamp":"2025-07-29T20:10:09.319140Z","level":"info","event":"Dag name:3_DAG_principal","chan":"stdout","logger":"task"}
{"timestamp":"2025-07-29T20:10:09.320356Z","level":"info","event":"DAG principal","chan":"stdout","logger":"task"}
{"timestamp":"2025-07-29T20:10:09.321043Z","level":"info","event":"{'conn': <ConnectionAccessor (dynamic access)>,","chan":"stdout","logger":"task"}
{"timestamp":"2025-07-29T20:10:09.321160Z","level":"info","event":" 'dag': <DAG: 3_DAG_principal>,","chan":"stdout","logger":"task"}
{"timestamp":"2025-07-29T20:10:09.321312Z","level":"info","event":" 'dag_run': DagRun(dag_id='3_DAG_principal', run_id='scheduled__2025-03-01T20:00:00+00:00', logical_date=datetime.datetime(2025, 3, 1, 20, 0, tzinfo=datetime.timezone.utc), data_interval_start=datetime.datetime(2025, 3, 1, 20, 0, tzinfo=datetime.timezone.utc), data_interval_end=datetime.datetime(2025, 3, 1, 20, 0, tzinfo=datetime.timezone.utc), run_after=datetime.datetime(2025, 3, 1, 20, 0, tzinfo=datetime.timezone.utc), start_date=datetime.datetime(2025, 7, 29, 20, 10, 8, 146439, tzinfo=datetime.timezone.utc), end_date=None, clear_number=0, run_type=<DagRunType.SCHEDULED: 'scheduled'>, conf={}, consumed_asset_events=[]),","chan":"stdout","logger":"task"}
{"timestamp":"2025-07-29T20:10:09.321418Z","level":"info","event":" 'data_interval_end': DateTime(2025, 3, 1, 20, 0, 0, tzinfo=Timezone('UTC')),","chan":"stdout","logger":"task"}
{"timestamp":"2025-07-29T20:10:09.321477Z","level":"info","event":" 'data_interval_start': DateTime(2025, 3, 1, 20, 0, 0, tzinfo=Timezone('UTC')),","chan":"stdout","logger":"task"}
{"timestamp":"2025-07-29T20:10:09.321522Z","level":"info","event":" 'ds': '2025-03-01',","chan":"stdout","logger":"task"}
{"timestamp":"2025-07-29T20:10:09.321568Z","level":"info","event":" 'ds_nodash': '20250301',","chan":"stdout","logger":"task"}
{"timestamp":"2025-07-29T20:10:09.321610Z","level":"info","event":" 'inlet_events': InletEventsAccessors(_inlets=[], _assets={}, _asset_aliases={}),","chan":"stdout","logger":"task"}
{"timestamp":"2025-07-29T20:10:09.321652Z","level":"info","event":" 'inlets': [],","chan":"stdout","logger":"task"}
{"timestamp":"2025-07-29T20:10:09.321693Z","level":"info","event":" 'logical_date': DateTime(2025, 3, 1, 20, 0, 0, tzinfo=Timezone('UTC')),","chan":"stdout","logger":"task"}
{"timestamp":"2025-07-29T20:10:09.321733Z","level":"info","event":" 'macros': <MacrosAccessor (dynamic access to macros)>,","chan":"stdout","logger":"task"}
{"timestamp":"2025-07-29T20:10:09.321773Z","level":"info","event":" 'map_index_template': None,","chan":"stdout","logger":"task"}
{"timestamp":"2025-07-29T20:10:09.321814Z","level":"info","event":" 'outlet_events': <airflow.sdk.execution_time.context.OutletEventAccessors object at 0x7fb67b5c4d40>,","chan":"stdout","logger":"task"}
{"timestamp":"2025-07-29T20:10:09.321854Z","level":"info","event":" 'outlets': [],","chan":"stdout","logger":"task"}
{"timestamp":"2025-07-29T20:10:09.321895Z","level":"info","event":" 'params': {},","chan":"stdout","logger":"task"}
{"timestamp":"2025-07-29T20:10:09.337934Z","level":"info","event":" 'prev_data_interval_end_success': <Proxy at 0x7fb66fdc31a0 with factory <function RuntimeTaskInstance.get_template_context.<locals>.<lambda> at 0x7fb66fde1da0>>,","chan":"stdout","logger":"task"}
{"timestamp":"2025-07-29T20:10:09.338180Z","level":"info","event":" 'prev_data_interval_start_success': <Proxy at 0x7fb66fdc31d0 with factory <function RuntimeTaskInstance.get_template_context.<locals>.<lambda> at 0x7fb66fde05e0>>,","chan":"stdout","logger":"task"}
{"timestamp":"2025-07-29T20:10:09.338268Z","level":"info","event":" 'prev_end_date_success': <Proxy at 0x7fb66fdc3440 with factory <function RuntimeTaskInstance.get_template_context.<locals>.<lambda> at 0x7fb66fde1e40>>,","chan":"stdout","logger":"task"}
{"timestamp":"2025-07-29T20:10:09.338359Z","level":"info","event":" 'prev_start_date_success': <Proxy at 0x7fb66fdc3500 with factory <function RuntimeTaskInstance.get_template_context.<locals>.<lambda> at 0x7fb66fde0b80>>,","chan":"stdout","logger":"task"}
{"timestamp":"2025-07-29T20:10:09.338438Z","level":"info","event":" 'run_id': 'scheduled__2025-03-01T20:00:00+00:00',","chan":"stdout","logger":"task"}
{"timestamp":"2025-07-29T20:10:09.338508Z","level":"info","event":" 'task': <Task(PythonOperator): python_principal>,","chan":"stdout","logger":"task"}
{"timestamp":"2025-07-29T20:10:09.338581Z","level":"info","event":" 'task_instance': RuntimeTaskInstance(id=UUID('019857ce-817f-7bcd-ba0f-8fd79fa17040'), task_id='python_principal', dag_id='3_DAG_principal', run_id='scheduled__2025-03-01T20:00:00+00:00', try_number=1, map_index=-1, hostname='bf6f1e7a6f11', context_carrier={}, task=<Task(PythonOperator): python_principal>, bundle_instance=LocalDagBundle(name=dags-folder), max_tries=0, start_date=datetime.datetime(2025, 7, 29, 20, 10, 8, 558872, tzinfo=datetime.timezone.utc), end_date=None, state=<TaskInstanceState.RUNNING: 'running'>, is_mapped=False, rendered_map_index=None, log_url='http://localhost:8080/dags/3_DAG_principal/runs/scheduled__2025-03-01T20%3A00%3A00%2B00%3A00/tasks/python_principal?try_number=1'),","chan":"stdout","logger":"task"}
{"timestamp":"2025-07-29T20:10:09.338648Z","level":"info","event":" 'task_instance_key_str': '3_DAG_principal__python_principal__20250301',","chan":"stdout","logger":"task"}
{"timestamp":"2025-07-29T20:10:09.338715Z","level":"info","event":" 'task_reschedule_count': 0,","chan":"stdout","logger":"task"}
{"timestamp":"2025-07-29T20:10:09.338788Z","level":"info","event":" 'templates_dict': None,","chan":"stdout","logger":"task"}
{"timestamp":"2025-07-29T20:10:09.338936Z","level":"info","event":" 'ti': RuntimeTaskInstance(id=UUID('019857ce-817f-7bcd-ba0f-8fd79fa17040'), task_id='python_principal', dag_id='3_DAG_principal', run_id='scheduled__2025-03-01T20:00:00+00:00', try_number=1, map_index=-1, hostname='bf6f1e7a6f11', context_carrier={}, task=<Task(PythonOperator): python_principal>, bundle_instance=LocalDagBundle(name=dags-folder), max_tries=0, start_date=datetime.datetime(2025, 7, 29, 20, 10, 8, 558872, tzinfo=datetime.timezone.utc), end_date=None, state=<TaskInstanceState.RUNNING: 'running'>, is_mapped=False, rendered_map_index=None, log_url='http://localhost:8080/dags/3_DAG_principal/runs/scheduled__2025-03-01T20%3A00%3A00%2B00%3A00/tasks/python_principal?try_number=1'),","chan":"stdout","logger":"task"}
{"timestamp":"2025-07-29T20:10:09.339124Z","level":"info","event":" 'triggering_asset_events': TriggeringAssetEventsAccessor(_events=defaultdict(<class 'list'>, {})),","chan":"stdout","logger":"task"}
{"timestamp":"2025-07-29T20:10:09.339206Z","level":"info","event":" 'ts': '2025-03-01T20:00:00+00:00',","chan":"stdout","logger":"task"}
{"timestamp":"2025-07-29T20:10:09.339278Z","level":"info","event":" 'ts_nodash': '20250301T200000',","chan":"stdout","logger":"task"}
{"timestamp":"2025-07-29T20:10:09.339349Z","level":"info","event":" 'ts_nodash_with_tz': '20250301T200000+0000',","chan":"stdout","logger":"task"}
{"timestamp":"2025-07-29T20:10:09.339417Z","level":"info","event":" 'var': {'json': <VariableAccessor (dynamic access)>,","chan":"stdout","logger":"task"}
{"timestamp":"2025-07-29T20:10:09.339514Z","level":"info","event":"         'value': <VariableAccessor (dynamic access)>}}","chan":"stdout","logger":"task"}
{"timestamp":"2025-07-29T20:10:09.338569","level":"info","event":"Done. Returned value was: principal","logger":"airflow.task.operators.airflow.providers.standard.operators.python.PythonOperator"}
{"timestamp":"2025-07-29T20:10:09.338936","level":"info","event":"Pushing xcom","ti":"RuntimeTaskInstance(id=UUID('019857ce-817f-7bcd-ba0f-8fd79fa17040'), task_id='python_principal', dag_id='3_DAG_principal', run_id='scheduled__2025-03-01T20:00:00+00:00', try_number=1, map_index=-1, hostname='bf6f1e7a6f11', context_carrier={}, task=<Task(PythonOperator): python_principal>, bundle_instance=LocalDagBundle(name=dags-folder), max_tries=0, start_date=datetime.datetime(2025, 7, 29, 20, 10, 8, 558872, tzinfo=datetime.timezone.utc), end_date=None, state=<TaskInstanceState.RUNNING: 'running'>, is_mapped=False, rendered_map_index=None, log_url='http://localhost:8080/dags/3_DAG_principal/runs/scheduled__2025-03-01T20%3A00%3A00%2B00%3A00/tasks/python_principal?try_number=1')","logger":"task"}
{"timestamp":"2025-07-29T20:10:09.375221Z","level":"info","event":"Task instance in success state","chan":"stdout","logger":"task"}
{"timestamp":"2025-07-29T20:10:09.375420Z","level":"info","event":" Previous state of the Task instance: TaskInstanceState.RUNNING","chan":"stdout","logger":"task"}
{"timestamp":"2025-07-29T20:10:09.375570Z","level":"info","event":"Task operator:<Task(PythonOperator): python_principal>","chan":"stdout","logger":"task"}
