{"timestamp":"2025-07-29T19:23:31.400374","level":"info","event":"DAG bundles loaded: dags-folder, example_dags","logger":"airflow.dag_processing.bundles.manager.DagBundlesManager"}
{"timestamp":"2025-07-29T19:23:31.400945","level":"info","event":"Filling up the DagBag from /opt/airflow/dags/python_operator_v1.py","logger":"airflow.models.dagbag.DagBag"}
{"timestamp":"2025-07-29T19:23:31.436497Z","level":"info","event":"Task instance is in running state","chan":"stdout","logger":"task"}
{"timestamp":"2025-07-29T19:23:31.436700Z","level":"info","event":" Previous state of the Task instance: TaskInstanceState.QUEUED","chan":"stdout","logger":"task"}
{"timestamp":"2025-07-29T19:23:31.437345Z","level":"info","event":"Current task name:python","chan":"stdout","logger":"task"}
{"timestamp":"2025-07-29T19:23:31.437443Z","level":"info","event":"Dag name:python_operator_v1","chan":"stdout","logger":"task"}
{"timestamp":"2025-07-29T19:23:31.438892Z","level":"info","event":"poliana","chan":"stdout","logger":"task"}
{"timestamp":"2025-07-29T19:23:31.439759Z","level":"info","event":"{'conn': <ConnectionAccessor (dynamic access)>,","chan":"stdout","logger":"task"}
{"timestamp":"2025-07-29T19:23:31.439905Z","level":"info","event":" 'dag': <DAG: python_operator_v1>,","chan":"stdout","logger":"task"}
{"timestamp":"2025-07-29T19:23:31.440097Z","level":"info","event":" 'dag_run': DagRun(dag_id='python_operator_v1', run_id='scheduled__2023-06-22T23:15:00+00:00', logical_date=datetime.datetime(2023, 6, 22, 23, 15, tzinfo=datetime.timezone.utc), data_interval_start=datetime.datetime(2023, 6, 22, 23, 15, tzinfo=datetime.timezone.utc), data_interval_end=datetime.datetime(2023, 6, 22, 23, 15, tzinfo=datetime.timezone.utc), run_after=datetime.datetime(2023, 6, 22, 23, 15, tzinfo=datetime.timezone.utc), start_date=datetime.datetime(2025, 7, 29, 19, 23, 30, 578316, tzinfo=datetime.timezone.utc), end_date=None, clear_number=0, run_type=<DagRunType.SCHEDULED: 'scheduled'>, conf={}, consumed_asset_events=[]),","chan":"stdout","logger":"task"}
{"timestamp":"2025-07-29T19:23:31.440212Z","level":"info","event":" 'data_interval_end': DateTime(2023, 6, 22, 23, 15, 0, tzinfo=Timezone('UTC')),","chan":"stdout","logger":"task"}
{"timestamp":"2025-07-29T19:23:31.440273Z","level":"info","event":" 'data_interval_start': DateTime(2023, 6, 22, 23, 15, 0, tzinfo=Timezone('UTC')),","chan":"stdout","logger":"task"}
{"timestamp":"2025-07-29T19:23:31.440319Z","level":"info","event":" 'ds': '2023-06-22',","chan":"stdout","logger":"task"}
{"timestamp":"2025-07-29T19:23:31.440366Z","level":"info","event":" 'ds_nodash': '20230622',","chan":"stdout","logger":"task"}
{"timestamp":"2025-07-29T19:23:31.440409Z","level":"info","event":" 'inlet_events': InletEventsAccessors(_inlets=[], _assets={}, _asset_aliases={}),","chan":"stdout","logger":"task"}
{"timestamp":"2025-07-29T19:23:31.440451Z","level":"info","event":" 'inlets': [],","chan":"stdout","logger":"task"}
{"timestamp":"2025-07-29T19:23:31.440492Z","level":"info","event":" 'logical_date': DateTime(2023, 6, 22, 23, 15, 0, tzinfo=Timezone('UTC')),","chan":"stdout","logger":"task"}
{"timestamp":"2025-07-29T19:23:31.440533Z","level":"info","event":" 'macros': <MacrosAccessor (dynamic access to macros)>,","chan":"stdout","logger":"task"}
{"timestamp":"2025-07-29T19:23:31.440575Z","level":"info","event":" 'map_index_template': None,","chan":"stdout","logger":"task"}
{"timestamp":"2025-07-29T19:23:31.440615Z","level":"info","event":" 'outlet_events': <airflow.sdk.execution_time.context.OutletEventAccessors object at 0x7fb677e3fa70>,","chan":"stdout","logger":"task"}
{"timestamp":"2025-07-29T19:23:31.440656Z","level":"info","event":" 'outlets': [],","chan":"stdout","logger":"task"}
{"timestamp":"2025-07-29T19:23:31.440697Z","level":"info","event":" 'params': {},","chan":"stdout","logger":"task"}
{"timestamp":"2025-07-29T19:23:31.456310Z","level":"info","event":" 'prev_data_interval_end_success': <Proxy at 0x7fb66fc94530 with factory <function RuntimeTaskInstance.get_template_context.<locals>.<lambda> at 0x7fb66fc90040>>,","chan":"stdout","logger":"task"}
{"timestamp":"2025-07-29T19:23:31.456606Z","level":"info","event":" 'prev_data_interval_start_success': <Proxy at 0x7fb66fdf7590 with factory <function RuntimeTaskInstance.get_template_context.<locals>.<lambda> at 0x7fb66fc91260>>,","chan":"stdout","logger":"task"}
{"timestamp":"2025-07-29T19:23:31.456753Z","level":"info","event":" 'prev_end_date_success': <Proxy at 0x7fb678277e30 with factory <function RuntimeTaskInstance.get_template_context.<locals>.<lambda> at 0x7fb66fc91300>>,","chan":"stdout","logger":"task"}
{"timestamp":"2025-07-29T19:23:31.456817Z","level":"info","event":" 'prev_start_date_success': <Proxy at 0x7fb66fd87290 with factory <function RuntimeTaskInstance.get_template_context.<locals>.<lambda> at 0x7fb66fc7bb00>>,","chan":"stdout","logger":"task"}
{"timestamp":"2025-07-29T19:23:31.456863Z","level":"info","event":" 'run_id': 'scheduled__2023-06-22T23:15:00+00:00',","chan":"stdout","logger":"task"}
{"timestamp":"2025-07-29T19:23:31.456906Z","level":"info","event":" 'task': <Task(PythonOperator): python>,","chan":"stdout","logger":"task"}
{"timestamp":"2025-07-29T19:23:31.456949Z","level":"info","event":" 'task_instance': RuntimeTaskInstance(id=UUID('019857a3-d18d-779f-b2a2-523356967a19'), task_id='python', dag_id='python_operator_v1', run_id='scheduled__2023-06-22T23:15:00+00:00', try_number=1, map_index=-1, hostname='bf6f1e7a6f11', context_carrier={}, task=<Task(PythonOperator): python>, bundle_instance=LocalDagBundle(name=dags-folder), max_tries=0, start_date=datetime.datetime(2025, 7, 29, 19, 23, 30, 815198, tzinfo=datetime.timezone.utc), end_date=None, state=<TaskInstanceState.RUNNING: 'running'>, is_mapped=False, rendered_map_index=None, log_url='http://localhost:8080/dags/python_operator_v1/runs/scheduled__2023-06-22T23%3A15%3A00%2B00%3A00/tasks/python?try_number=1'),","chan":"stdout","logger":"task"}
{"timestamp":"2025-07-29T19:23:31.456993Z","level":"info","event":" 'task_instance_key_str': 'python_operator_v1__python__20230622',","chan":"stdout","logger":"task"}
{"timestamp":"2025-07-29T19:23:31.457049Z","level":"info","event":" 'task_reschedule_count': 0,","chan":"stdout","logger":"task"}
{"timestamp":"2025-07-29T19:23:31.457104Z","level":"info","event":" 'templates_dict': None,","chan":"stdout","logger":"task"}
{"timestamp":"2025-07-29T19:23:31.457189Z","level":"info","event":" 'ti': RuntimeTaskInstance(id=UUID('019857a3-d18d-779f-b2a2-523356967a19'), task_id='python', dag_id='python_operator_v1', run_id='scheduled__2023-06-22T23:15:00+00:00', try_number=1, map_index=-1, hostname='bf6f1e7a6f11', context_carrier={}, task=<Task(PythonOperator): python>, bundle_instance=LocalDagBundle(name=dags-folder), max_tries=0, start_date=datetime.datetime(2025, 7, 29, 19, 23, 30, 815198, tzinfo=datetime.timezone.utc), end_date=None, state=<TaskInstanceState.RUNNING: 'running'>, is_mapped=False, rendered_map_index=None, log_url='http://localhost:8080/dags/python_operator_v1/runs/scheduled__2023-06-22T23%3A15%3A00%2B00%3A00/tasks/python?try_number=1'),","chan":"stdout","logger":"task"}
{"timestamp":"2025-07-29T19:23:31.457239Z","level":"info","event":" 'triggering_asset_events': TriggeringAssetEventsAccessor(_events=defaultdict(<class 'list'>, {})),","chan":"stdout","logger":"task"}
{"timestamp":"2025-07-29T19:23:31.457282Z","level":"info","event":" 'ts': '2023-06-22T23:15:00+00:00',","chan":"stdout","logger":"task"}
{"timestamp":"2025-07-29T19:23:31.457332Z","level":"info","event":" 'ts_nodash': '20230622T231500',","chan":"stdout","logger":"task"}
{"timestamp":"2025-07-29T19:23:31.457373Z","level":"info","event":" 'ts_nodash_with_tz': '20230622T231500+0000',","chan":"stdout","logger":"task"}
{"timestamp":"2025-07-29T19:23:31.457412Z","level":"info","event":" 'var': {'json': <VariableAccessor (dynamic access)>,","chan":"stdout","logger":"task"}
{"timestamp":"2025-07-29T19:23:31.457474Z","level":"info","event":"         'value': <VariableAccessor (dynamic access)>}}","chan":"stdout","logger":"task"}
{"timestamp":"2025-07-29T19:23:31.457343","level":"info","event":"Done. Returned value was: 123","logger":"airflow.task.operators.airflow.providers.standard.operators.python.PythonOperator"}
{"timestamp":"2025-07-29T19:23:31.457588","level":"info","event":"Pushing xcom","ti":"RuntimeTaskInstance(id=UUID('019857a3-d18d-779f-b2a2-523356967a19'), task_id='python', dag_id='python_operator_v1', run_id='scheduled__2023-06-22T23:15:00+00:00', try_number=1, map_index=-1, hostname='bf6f1e7a6f11', context_carrier={}, task=<Task(PythonOperator): python>, bundle_instance=LocalDagBundle(name=dags-folder), max_tries=0, start_date=datetime.datetime(2025, 7, 29, 19, 23, 30, 815198, tzinfo=datetime.timezone.utc), end_date=None, state=<TaskInstanceState.RUNNING: 'running'>, is_mapped=False, rendered_map_index=None, log_url='http://localhost:8080/dags/python_operator_v1/runs/scheduled__2023-06-22T23%3A15%3A00%2B00%3A00/tasks/python?try_number=1')","logger":"task"}
{"timestamp":"2025-07-29T19:23:31.484944Z","level":"info","event":"Task instance in success state","chan":"stdout","logger":"task"}
{"timestamp":"2025-07-29T19:23:31.485083Z","level":"info","event":" Previous state of the Task instance: TaskInstanceState.RUNNING","chan":"stdout","logger":"task"}
{"timestamp":"2025-07-29T19:23:31.485201Z","level":"info","event":"Task operator:<Task(PythonOperator): python>","chan":"stdout","logger":"task"}
