{"timestamp":"2025-07-29T19:33:01.153902","level":"info","event":"DAG bundles loaded: dags-folder, example_dags","logger":"airflow.dag_processing.bundles.manager.DagBundlesManager"}
{"timestamp":"2025-07-29T19:33:01.154427","level":"info","event":"Filling up the DagBag from /opt/airflow/dags/python_operator_v1.py","logger":"airflow.models.dagbag.DagBag"}
{"timestamp":"2025-07-29T19:33:01.180361Z","level":"info","event":"Task instance is in running state","chan":"stdout","logger":"task"}
{"timestamp":"2025-07-29T19:33:01.180688Z","level":"info","event":" Previous state of the Task instance: TaskInstanceState.QUEUED","chan":"stdout","logger":"task"}
{"timestamp":"2025-07-29T19:33:01.181220Z","level":"info","event":"Current task name:python","chan":"stdout","logger":"task"}
{"timestamp":"2025-07-29T19:33:01.181320Z","level":"info","event":"Dag name:python_operator_v1","chan":"stdout","logger":"task"}
{"timestamp":"2025-07-29T19:33:01.182432Z","level":"info","event":"poliana","chan":"stdout","logger":"task"}
{"timestamp":"2025-07-29T19:33:01.183242Z","level":"info","event":"{'conn': <ConnectionAccessor (dynamic access)>,","chan":"stdout","logger":"task"}
{"timestamp":"2025-07-29T19:33:01.183392Z","level":"info","event":" 'dag': <DAG: python_operator_v1>,","chan":"stdout","logger":"task"}
{"timestamp":"2025-07-29T19:33:01.183540Z","level":"info","event":" 'dag_run': DagRun(dag_id='python_operator_v1', run_id='scheduled__2023-06-23T09:29:00+00:00', logical_date=datetime.datetime(2023, 6, 23, 9, 29, tzinfo=datetime.timezone.utc), data_interval_start=datetime.datetime(2023, 6, 23, 9, 29, tzinfo=datetime.timezone.utc), data_interval_end=datetime.datetime(2023, 6, 23, 9, 29, tzinfo=datetime.timezone.utc), run_after=datetime.datetime(2023, 6, 23, 9, 29, tzinfo=datetime.timezone.utc), start_date=datetime.datetime(2025, 7, 29, 19, 33, 0, 320852, tzinfo=datetime.timezone.utc), end_date=None, clear_number=0, run_type=<DagRunType.SCHEDULED: 'scheduled'>, conf={}, consumed_asset_events=[]),","chan":"stdout","logger":"task"}
{"timestamp":"2025-07-29T19:33:01.183658Z","level":"info","event":" 'data_interval_end': DateTime(2023, 6, 23, 9, 29, 0, tzinfo=Timezone('UTC')),","chan":"stdout","logger":"task"}
{"timestamp":"2025-07-29T19:33:01.183728Z","level":"info","event":" 'data_interval_start': DateTime(2023, 6, 23, 9, 29, 0, tzinfo=Timezone('UTC')),","chan":"stdout","logger":"task"}
{"timestamp":"2025-07-29T19:33:01.183781Z","level":"info","event":" 'ds': '2023-06-23',","chan":"stdout","logger":"task"}
{"timestamp":"2025-07-29T19:33:01.183852Z","level":"info","event":" 'ds_nodash': '20230623',","chan":"stdout","logger":"task"}
{"timestamp":"2025-07-29T19:33:01.183939Z","level":"info","event":" 'inlet_events': InletEventsAccessors(_inlets=[], _assets={}, _asset_aliases={}),","chan":"stdout","logger":"task"}
{"timestamp":"2025-07-29T19:33:01.184013Z","level":"info","event":" 'inlets': [],","chan":"stdout","logger":"task"}
{"timestamp":"2025-07-29T19:33:01.184084Z","level":"info","event":" 'logical_date': DateTime(2023, 6, 23, 9, 29, 0, tzinfo=Timezone('UTC')),","chan":"stdout","logger":"task"}
{"timestamp":"2025-07-29T19:33:01.184154Z","level":"info","event":" 'macros': <MacrosAccessor (dynamic access to macros)>,","chan":"stdout","logger":"task"}
{"timestamp":"2025-07-29T19:33:01.184233Z","level":"info","event":" 'map_index_template': None,","chan":"stdout","logger":"task"}
{"timestamp":"2025-07-29T19:33:01.184308Z","level":"info","event":" 'outlet_events': <airflow.sdk.execution_time.context.OutletEventAccessors object at 0x7fb67b967f50>,","chan":"stdout","logger":"task"}
{"timestamp":"2025-07-29T19:33:01.184365Z","level":"info","event":" 'outlets': [],","chan":"stdout","logger":"task"}
{"timestamp":"2025-07-29T19:33:01.184433Z","level":"info","event":" 'params': {},","chan":"stdout","logger":"task"}
{"timestamp":"2025-07-29T19:33:01.194586Z","level":"info","event":" 'prev_data_interval_end_success': <Proxy at 0x7fb66fc5caa0 with factory <function RuntimeTaskInstance.get_template_context.<locals>.<lambda> at 0x7fb66fc614e0>>,","chan":"stdout","logger":"task"}
{"timestamp":"2025-07-29T19:33:01.194794Z","level":"info","event":" 'prev_data_interval_start_success': <Proxy at 0x7fb66fc5cce0 with factory <function RuntimeTaskInstance.get_template_context.<locals>.<lambda> at 0x7fb66fc62c00>>,","chan":"stdout","logger":"task"}
{"timestamp":"2025-07-29T19:33:01.194897Z","level":"info","event":" 'prev_end_date_success': <Proxy at 0x7fb66fc5c230 with factory <function RuntimeTaskInstance.get_template_context.<locals>.<lambda> at 0x7fb66fc62ca0>>,","chan":"stdout","logger":"task"}
{"timestamp":"2025-07-29T19:33:01.194965Z","level":"info","event":" 'prev_start_date_success': <Proxy at 0x7fb66fc5c560 with factory <function RuntimeTaskInstance.get_template_context.<locals>.<lambda> at 0x7fb66fc619e0>>,","chan":"stdout","logger":"task"}
{"timestamp":"2025-07-29T19:33:01.195034Z","level":"info","event":" 'run_id': 'scheduled__2023-06-23T09:29:00+00:00',","chan":"stdout","logger":"task"}
{"timestamp":"2025-07-29T19:33:01.195102Z","level":"info","event":" 'task': <Task(PythonOperator): python>,","chan":"stdout","logger":"task"}
{"timestamp":"2025-07-29T19:33:01.195154Z","level":"info","event":" 'task_instance': RuntimeTaskInstance(id=UUID('019857ac-831c-703a-bee0-0d135998ea51'), task_id='python', dag_id='python_operator_v1', run_id='scheduled__2023-06-23T09:29:00+00:00', try_number=1, map_index=-1, hostname='bf6f1e7a6f11', context_carrier={}, task=<Task(PythonOperator): python>, bundle_instance=LocalDagBundle(name=dags-folder), max_tries=0, start_date=datetime.datetime(2025, 7, 29, 19, 33, 0, 604127, tzinfo=datetime.timezone.utc), end_date=None, state=<TaskInstanceState.RUNNING: 'running'>, is_mapped=False, rendered_map_index=None, log_url='http://localhost:8080/dags/python_operator_v1/runs/scheduled__2023-06-23T09%3A29%3A00%2B00%3A00/tasks/python?try_number=1'),","chan":"stdout","logger":"task"}
{"timestamp":"2025-07-29T19:33:01.195216Z","level":"info","event":" 'task_instance_key_str': 'python_operator_v1__python__20230623',","chan":"stdout","logger":"task"}
{"timestamp":"2025-07-29T19:33:01.195260Z","level":"info","event":" 'task_reschedule_count': 0,","chan":"stdout","logger":"task"}
{"timestamp":"2025-07-29T19:33:01.195319Z","level":"info","event":" 'templates_dict': None,","chan":"stdout","logger":"task"}
{"timestamp":"2025-07-29T19:33:01.195439Z","level":"info","event":" 'ti': RuntimeTaskInstance(id=UUID('019857ac-831c-703a-bee0-0d135998ea51'), task_id='python', dag_id='python_operator_v1', run_id='scheduled__2023-06-23T09:29:00+00:00', try_number=1, map_index=-1, hostname='bf6f1e7a6f11', context_carrier={}, task=<Task(PythonOperator): python>, bundle_instance=LocalDagBundle(name=dags-folder), max_tries=0, start_date=datetime.datetime(2025, 7, 29, 19, 33, 0, 604127, tzinfo=datetime.timezone.utc), end_date=None, state=<TaskInstanceState.RUNNING: 'running'>, is_mapped=False, rendered_map_index=None, log_url='http://localhost:8080/dags/python_operator_v1/runs/scheduled__2023-06-23T09%3A29%3A00%2B00%3A00/tasks/python?try_number=1'),","chan":"stdout","logger":"task"}
{"timestamp":"2025-07-29T19:33:01.195517Z","level":"info","event":" 'triggering_asset_events': TriggeringAssetEventsAccessor(_events=defaultdict(<class 'list'>, {})),","chan":"stdout","logger":"task"}
{"timestamp":"2025-07-29T19:33:01.195587Z","level":"info","event":" 'ts': '2023-06-23T09:29:00+00:00',","chan":"stdout","logger":"task"}
{"timestamp":"2025-07-29T19:33:01.195688Z","level":"info","event":" 'ts_nodash': '20230623T092900',","chan":"stdout","logger":"task"}
{"timestamp":"2025-07-29T19:33:01.195763Z","level":"info","event":" 'ts_nodash_with_tz': '20230623T092900+0000',","chan":"stdout","logger":"task"}
{"timestamp":"2025-07-29T19:33:01.195833Z","level":"info","event":" 'var': {'json': <VariableAccessor (dynamic access)>,","chan":"stdout","logger":"task"}
{"timestamp":"2025-07-29T19:33:01.195902Z","level":"info","event":"         'value': <VariableAccessor (dynamic access)>}}","chan":"stdout","logger":"task"}
{"timestamp":"2025-07-29T19:33:01.195404","level":"info","event":"Done. Returned value was: 123","logger":"airflow.task.operators.airflow.providers.standard.operators.python.PythonOperator"}
{"timestamp":"2025-07-29T19:33:01.195662","level":"info","event":"Pushing xcom","ti":"RuntimeTaskInstance(id=UUID('019857ac-831c-703a-bee0-0d135998ea51'), task_id='python', dag_id='python_operator_v1', run_id='scheduled__2023-06-23T09:29:00+00:00', try_number=1, map_index=-1, hostname='bf6f1e7a6f11', context_carrier={}, task=<Task(PythonOperator): python>, bundle_instance=LocalDagBundle(name=dags-folder), max_tries=0, start_date=datetime.datetime(2025, 7, 29, 19, 33, 0, 604127, tzinfo=datetime.timezone.utc), end_date=None, state=<TaskInstanceState.RUNNING: 'running'>, is_mapped=False, rendered_map_index=None, log_url='http://localhost:8080/dags/python_operator_v1/runs/scheduled__2023-06-23T09%3A29%3A00%2B00%3A00/tasks/python?try_number=1')","logger":"task"}
{"timestamp":"2025-07-29T19:33:01.222745Z","level":"info","event":"Task instance in success state","chan":"stdout","logger":"task"}
{"timestamp":"2025-07-29T19:33:01.222997Z","level":"info","event":" Previous state of the Task instance: TaskInstanceState.RUNNING","chan":"stdout","logger":"task"}
{"timestamp":"2025-07-29T19:33:01.223158Z","level":"info","event":"Task operator:<Task(PythonOperator): python>","chan":"stdout","logger":"task"}
