{"timestamp":"2025-07-29T20:01:51.342833","level":"info","event":"DAG bundles loaded: dags-folder, example_dags","logger":"airflow.dag_processing.bundles.manager.DagBundlesManager"}
{"timestamp":"2025-07-29T20:01:51.343779","level":"info","event":"Filling up the DagBag from /opt/airflow/dags/3_dag_principal.py","logger":"airflow.models.dagbag.DagBag"}
{"timestamp":"2025-07-29T20:01:51.377732Z","level":"info","event":"Task instance is in running state","chan":"stdout","logger":"task"}
{"timestamp":"2025-07-29T20:01:51.378036Z","level":"info","event":" Previous state of the Task instance: TaskInstanceState.QUEUED","chan":"stdout","logger":"task"}
{"timestamp":"2025-07-29T20:01:51.378200Z","level":"info","event":"Current task name:python_principal","chan":"stdout","logger":"task"}
{"timestamp":"2025-07-29T20:01:51.378263Z","level":"info","event":"Dag name:3_DAG_principal","chan":"stdout","logger":"task"}
{"timestamp":"2025-07-29T20:01:51.380004Z","level":"info","event":"DAG principal","chan":"stdout","logger":"task"}
{"timestamp":"2025-07-29T20:01:51.380771Z","level":"info","event":"{'conn': <ConnectionAccessor (dynamic access)>,","chan":"stdout","logger":"task"}
{"timestamp":"2025-07-29T20:01:51.380934Z","level":"info","event":" 'dag': <DAG: 3_DAG_principal>,","chan":"stdout","logger":"task"}
{"timestamp":"2025-07-29T20:01:51.381105Z","level":"info","event":" 'dag_run': DagRun(dag_id='3_DAG_principal', run_id='scheduled__2023-12-13T20:00:00+00:00', logical_date=datetime.datetime(2023, 12, 13, 20, 0, tzinfo=datetime.timezone.utc), data_interval_start=datetime.datetime(2023, 12, 13, 20, 0, tzinfo=datetime.timezone.utc), data_interval_end=datetime.datetime(2023, 12, 13, 20, 0, tzinfo=datetime.timezone.utc), run_after=datetime.datetime(2023, 12, 13, 20, 0, tzinfo=datetime.timezone.utc), start_date=datetime.datetime(2025, 7, 29, 20, 1, 50, 118510, tzinfo=datetime.timezone.utc), end_date=None, clear_number=0, run_type=<DagRunType.SCHEDULED: 'scheduled'>, conf={}, consumed_asset_events=[]),","chan":"stdout","logger":"task"}
{"timestamp":"2025-07-29T20:01:51.381218Z","level":"info","event":" 'data_interval_end': DateTime(2023, 12, 13, 20, 0, 0, tzinfo=Timezone('UTC')),","chan":"stdout","logger":"task"}
{"timestamp":"2025-07-29T20:01:51.381280Z","level":"info","event":" 'data_interval_start': DateTime(2023, 12, 13, 20, 0, 0, tzinfo=Timezone('UTC')),","chan":"stdout","logger":"task"}
{"timestamp":"2025-07-29T20:01:51.381326Z","level":"info","event":" 'ds': '2023-12-13',","chan":"stdout","logger":"task"}
{"timestamp":"2025-07-29T20:01:51.381370Z","level":"info","event":" 'ds_nodash': '20231213',","chan":"stdout","logger":"task"}
{"timestamp":"2025-07-29T20:01:51.381413Z","level":"info","event":" 'inlet_events': InletEventsAccessors(_inlets=[], _assets={}, _asset_aliases={}),","chan":"stdout","logger":"task"}
{"timestamp":"2025-07-29T20:01:51.381453Z","level":"info","event":" 'inlets': [],","chan":"stdout","logger":"task"}
{"timestamp":"2025-07-29T20:01:51.381494Z","level":"info","event":" 'logical_date': DateTime(2023, 12, 13, 20, 0, 0, tzinfo=Timezone('UTC')),","chan":"stdout","logger":"task"}
{"timestamp":"2025-07-29T20:01:51.381535Z","level":"info","event":" 'macros': <MacrosAccessor (dynamic access to macros)>,","chan":"stdout","logger":"task"}
{"timestamp":"2025-07-29T20:01:51.381576Z","level":"info","event":" 'map_index_template': None,","chan":"stdout","logger":"task"}
{"timestamp":"2025-07-29T20:01:51.381617Z","level":"info","event":" 'outlet_events': <airflow.sdk.execution_time.context.OutletEventAccessors object at 0x7fb677bd7a70>,","chan":"stdout","logger":"task"}
{"timestamp":"2025-07-29T20:01:51.381659Z","level":"info","event":" 'outlets': [],","chan":"stdout","logger":"task"}
{"timestamp":"2025-07-29T20:01:51.381700Z","level":"info","event":" 'params': {},","chan":"stdout","logger":"task"}
{"timestamp":"2025-07-29T20:01:51.399411Z","level":"info","event":" 'prev_data_interval_end_success': <Proxy at 0x7fb66fc91dc0 with factory <function RuntimeTaskInstance.get_template_context.<locals>.<lambda> at 0x7fb66fcbd120>>,","chan":"stdout","logger":"task"}
{"timestamp":"2025-07-29T20:01:51.399687Z","level":"info","event":" 'prev_data_interval_start_success': <Proxy at 0x7fb66fc91df0 with factory <function RuntimeTaskInstance.get_template_context.<locals>.<lambda> at 0x7fb66fca3880>>,","chan":"stdout","logger":"task"}
{"timestamp":"2025-07-29T20:01:51.399830Z","level":"info","event":" 'prev_end_date_success': <Proxy at 0x7fb67ebefe30 with factory <function RuntimeTaskInstance.get_template_context.<locals>.<lambda> at 0x7fb66fca3f60>>,","chan":"stdout","logger":"task"}
{"timestamp":"2025-07-29T20:01:51.399917Z","level":"info","event":" 'prev_start_date_success': <Proxy at 0x7fb66fc92210 with factory <function RuntimeTaskInstance.get_template_context.<locals>.<lambda> at 0x7fb66fca3e20>>,","chan":"stdout","logger":"task"}
{"timestamp":"2025-07-29T20:01:51.399994Z","level":"info","event":" 'run_id': 'scheduled__2023-12-13T20:00:00+00:00',","chan":"stdout","logger":"task"}
{"timestamp":"2025-07-29T20:01:51.400071Z","level":"info","event":" 'task': <Task(PythonOperator): python_principal>,","chan":"stdout","logger":"task"}
{"timestamp":"2025-07-29T20:01:51.400154Z","level":"info","event":" 'task_instance': RuntimeTaskInstance(id=UUID('019857c6-e814-7558-8fb0-55b495f635a9'), task_id='python_principal', dag_id='3_DAG_principal', run_id='scheduled__2023-12-13T20:00:00+00:00', try_number=1, map_index=-1, hostname='bf6f1e7a6f11', context_carrier={}, task=<Task(PythonOperator): python_principal>, bundle_instance=LocalDagBundle(name=dags-folder), max_tries=0, start_date=datetime.datetime(2025, 7, 29, 20, 1, 50, 757616, tzinfo=datetime.timezone.utc), end_date=None, state=<TaskInstanceState.RUNNING: 'running'>, is_mapped=False, rendered_map_index=None, log_url='http://localhost:8080/dags/3_DAG_principal/runs/scheduled__2023-12-13T20%3A00%3A00%2B00%3A00/tasks/python_principal?try_number=1'),","chan":"stdout","logger":"task"}
{"timestamp":"2025-07-29T20:01:51.400235Z","level":"info","event":" 'task_instance_key_str': '3_DAG_principal__python_principal__20231213',","chan":"stdout","logger":"task"}
{"timestamp":"2025-07-29T20:01:51.400308Z","level":"info","event":" 'task_reschedule_count': 0,","chan":"stdout","logger":"task"}
{"timestamp":"2025-07-29T20:01:51.400387Z","level":"info","event":" 'templates_dict': None,","chan":"stdout","logger":"task"}
{"timestamp":"2025-07-29T20:01:51.400456Z","level":"info","event":" 'ti': RuntimeTaskInstance(id=UUID('019857c6-e814-7558-8fb0-55b495f635a9'), task_id='python_principal', dag_id='3_DAG_principal', run_id='scheduled__2023-12-13T20:00:00+00:00', try_number=1, map_index=-1, hostname='bf6f1e7a6f11', context_carrier={}, task=<Task(PythonOperator): python_principal>, bundle_instance=LocalDagBundle(name=dags-folder), max_tries=0, start_date=datetime.datetime(2025, 7, 29, 20, 1, 50, 757616, tzinfo=datetime.timezone.utc), end_date=None, state=<TaskInstanceState.RUNNING: 'running'>, is_mapped=False, rendered_map_index=None, log_url='http://localhost:8080/dags/3_DAG_principal/runs/scheduled__2023-12-13T20%3A00%3A00%2B00%3A00/tasks/python_principal?try_number=1'),","chan":"stdout","logger":"task"}
{"timestamp":"2025-07-29T20:01:51.400581Z","level":"info","event":" 'triggering_asset_events': TriggeringAssetEventsAccessor(_events=defaultdict(<class 'list'>, {})),","chan":"stdout","logger":"task"}
{"timestamp":"2025-07-29T20:01:51.400708Z","level":"info","event":" 'ts': '2023-12-13T20:00:00+00:00',","chan":"stdout","logger":"task"}
{"timestamp":"2025-07-29T20:01:51.400789Z","level":"info","event":" 'ts_nodash': '20231213T200000',","chan":"stdout","logger":"task"}
{"timestamp":"2025-07-29T20:01:51.400857Z","level":"info","event":" 'ts_nodash_with_tz': '20231213T200000+0000',","chan":"stdout","logger":"task"}
{"timestamp":"2025-07-29T20:01:51.400926Z","level":"info","event":" 'var': {'json': <VariableAccessor (dynamic access)>,","chan":"stdout","logger":"task"}
{"timestamp":"2025-07-29T20:01:51.401020Z","level":"info","event":"         'value': <VariableAccessor (dynamic access)>}}","chan":"stdout","logger":"task"}
{"timestamp":"2025-07-29T20:01:51.399938","level":"info","event":"Done. Returned value was: principal","logger":"airflow.task.operators.airflow.providers.standard.operators.python.PythonOperator"}
{"timestamp":"2025-07-29T20:01:51.400227","level":"info","event":"Pushing xcom","ti":"RuntimeTaskInstance(id=UUID('019857c6-e814-7558-8fb0-55b495f635a9'), task_id='python_principal', dag_id='3_DAG_principal', run_id='scheduled__2023-12-13T20:00:00+00:00', try_number=1, map_index=-1, hostname='bf6f1e7a6f11', context_carrier={}, task=<Task(PythonOperator): python_principal>, bundle_instance=LocalDagBundle(name=dags-folder), max_tries=0, start_date=datetime.datetime(2025, 7, 29, 20, 1, 50, 757616, tzinfo=datetime.timezone.utc), end_date=None, state=<TaskInstanceState.RUNNING: 'running'>, is_mapped=False, rendered_map_index=None, log_url='http://localhost:8080/dags/3_DAG_principal/runs/scheduled__2023-12-13T20%3A00%3A00%2B00%3A00/tasks/python_principal?try_number=1')","logger":"task"}
{"timestamp":"2025-07-29T20:01:51.442155Z","level":"info","event":"Task instance in success state","chan":"stdout","logger":"task"}
{"timestamp":"2025-07-29T20:01:51.442302Z","level":"info","event":" Previous state of the Task instance: TaskInstanceState.RUNNING","chan":"stdout","logger":"task"}
{"timestamp":"2025-07-29T20:01:51.442403Z","level":"info","event":"Task operator:<Task(PythonOperator): python_principal>","chan":"stdout","logger":"task"}
