{"timestamp":"2025-07-29T19:22:04.194385","level":"info","event":"DAG bundles loaded: dags-folder, example_dags","logger":"airflow.dag_processing.bundles.manager.DagBundlesManager"}
{"timestamp":"2025-07-29T19:22:04.194880","level":"info","event":"Filling up the DagBag from /opt/airflow/dags/python_operator_v1.py","logger":"airflow.models.dagbag.DagBag"}
{"timestamp":"2025-07-29T19:22:04.216577Z","level":"info","event":"Task instance is in running state","chan":"stdout","logger":"task"}
{"timestamp":"2025-07-29T19:22:04.216727Z","level":"info","event":" Previous state of the Task instance: TaskInstanceState.QUEUED","chan":"stdout","logger":"task"}
{"timestamp":"2025-07-29T19:22:04.216830Z","level":"info","event":"Current task name:python","chan":"stdout","logger":"task"}
{"timestamp":"2025-07-29T19:22:04.216883Z","level":"info","event":"Dag name:python_operator_v1","chan":"stdout","logger":"task"}
{"timestamp":"2025-07-29T19:22:04.218333Z","level":"info","event":"poliana","chan":"stdout","logger":"task"}
{"timestamp":"2025-07-29T19:22:04.219146Z","level":"info","event":"{'conn': <ConnectionAccessor (dynamic access)>,","chan":"stdout","logger":"task"}
{"timestamp":"2025-07-29T19:22:04.219250Z","level":"info","event":" 'dag': <DAG: python_operator_v1>,","chan":"stdout","logger":"task"}
{"timestamp":"2025-07-29T19:22:04.219348Z","level":"info","event":" 'dag_run': DagRun(dag_id='python_operator_v1', run_id='scheduled__2023-06-22T21:40:00+00:00', logical_date=datetime.datetime(2023, 6, 22, 21, 40, tzinfo=datetime.timezone.utc), data_interval_start=datetime.datetime(2023, 6, 22, 21, 40, tzinfo=datetime.timezone.utc), data_interval_end=datetime.datetime(2023, 6, 22, 21, 40, tzinfo=datetime.timezone.utc), run_after=datetime.datetime(2023, 6, 22, 21, 40, tzinfo=datetime.timezone.utc), start_date=datetime.datetime(2025, 7, 29, 19, 22, 3, 346483, tzinfo=datetime.timezone.utc), end_date=None, clear_number=0, run_type=<DagRunType.SCHEDULED: 'scheduled'>, conf={}, consumed_asset_events=[]),","chan":"stdout","logger":"task"}
{"timestamp":"2025-07-29T19:22:04.219405Z","level":"info","event":" 'data_interval_end': DateTime(2023, 6, 22, 21, 40, 0, tzinfo=Timezone('UTC')),","chan":"stdout","logger":"task"}
{"timestamp":"2025-07-29T19:22:04.219450Z","level":"info","event":" 'data_interval_start': DateTime(2023, 6, 22, 21, 40, 0, tzinfo=Timezone('UTC')),","chan":"stdout","logger":"task"}
{"timestamp":"2025-07-29T19:22:04.219492Z","level":"info","event":" 'ds': '2023-06-22',","chan":"stdout","logger":"task"}
{"timestamp":"2025-07-29T19:22:04.219533Z","level":"info","event":" 'ds_nodash': '20230622',","chan":"stdout","logger":"task"}
{"timestamp":"2025-07-29T19:22:04.219574Z","level":"info","event":" 'inlet_events': InletEventsAccessors(_inlets=[], _assets={}, _asset_aliases={}),","chan":"stdout","logger":"task"}
{"timestamp":"2025-07-29T19:22:04.219614Z","level":"info","event":" 'inlets': [],","chan":"stdout","logger":"task"}
{"timestamp":"2025-07-29T19:22:04.219654Z","level":"info","event":" 'logical_date': DateTime(2023, 6, 22, 21, 40, 0, tzinfo=Timezone('UTC')),","chan":"stdout","logger":"task"}
{"timestamp":"2025-07-29T19:22:04.219695Z","level":"info","event":" 'macros': <MacrosAccessor (dynamic access to macros)>,","chan":"stdout","logger":"task"}
{"timestamp":"2025-07-29T19:22:04.219734Z","level":"info","event":" 'map_index_template': None,","chan":"stdout","logger":"task"}
{"timestamp":"2025-07-29T19:22:04.219774Z","level":"info","event":" 'outlet_events': <airflow.sdk.execution_time.context.OutletEventAccessors object at 0x7fb677a9fa70>,","chan":"stdout","logger":"task"}
{"timestamp":"2025-07-29T19:22:04.219814Z","level":"info","event":" 'outlets': [],","chan":"stdout","logger":"task"}
{"timestamp":"2025-07-29T19:22:04.219854Z","level":"info","event":" 'params': {},","chan":"stdout","logger":"task"}
{"timestamp":"2025-07-29T19:22:04.227957Z","level":"info","event":" 'prev_data_interval_end_success': <Proxy at 0x7fb66fc50e00 with factory <function RuntimeTaskInstance.get_template_context.<locals>.<lambda> at 0x7fb66fc74c20>>,","chan":"stdout","logger":"task"}
{"timestamp":"2025-07-29T19:22:04.228124Z","level":"info","event":" 'prev_data_interval_start_success': <Proxy at 0x7fb66fc50bf0 with factory <function RuntimeTaskInstance.get_template_context.<locals>.<lambda> at 0x7fb66fc63a60>>,","chan":"stdout","logger":"task"}
{"timestamp":"2025-07-29T19:22:04.228202Z","level":"info","event":" 'prev_end_date_success': <Proxy at 0x7fb66fe06ba0 with factory <function RuntimeTaskInstance.get_template_context.<locals>.<lambda> at 0x7fb66fc63420>>,","chan":"stdout","logger":"task"}
{"timestamp":"2025-07-29T19:22:04.228259Z","level":"info","event":" 'prev_start_date_success': <Proxy at 0x7fb66fe04c50 with factory <function RuntimeTaskInstance.get_template_context.<locals>.<lambda> at 0x7fb66fc63920>>,","chan":"stdout","logger":"task"}
{"timestamp":"2025-07-29T19:22:04.228304Z","level":"info","event":" 'run_id': 'scheduled__2023-06-22T21:40:00+00:00',","chan":"stdout","logger":"task"}
{"timestamp":"2025-07-29T19:22:04.228347Z","level":"info","event":" 'task': <Task(PythonOperator): python>,","chan":"stdout","logger":"task"}
{"timestamp":"2025-07-29T19:22:04.228391Z","level":"info","event":" 'task_instance': RuntimeTaskInstance(id=UUID('019857a2-7ccc-7872-b6ee-7aab7196b816'), task_id='python', dag_id='python_operator_v1', run_id='scheduled__2023-06-22T21:40:00+00:00', try_number=1, map_index=-1, hostname='bf6f1e7a6f11', context_carrier={}, task=<Task(PythonOperator): python>, bundle_instance=LocalDagBundle(name=dags-folder), max_tries=0, start_date=datetime.datetime(2025, 7, 29, 19, 22, 3, 705164, tzinfo=datetime.timezone.utc), end_date=None, state=<TaskInstanceState.RUNNING: 'running'>, is_mapped=False, rendered_map_index=None, log_url='http://localhost:8080/dags/python_operator_v1/runs/scheduled__2023-06-22T21%3A40%3A00%2B00%3A00/tasks/python?try_number=1'),","chan":"stdout","logger":"task"}
{"timestamp":"2025-07-29T19:22:04.228437Z","level":"info","event":" 'task_instance_key_str': 'python_operator_v1__python__20230622',","chan":"stdout","logger":"task"}
{"timestamp":"2025-07-29T19:22:04.228479Z","level":"info","event":" 'task_reschedule_count': 0,","chan":"stdout","logger":"task"}
{"timestamp":"2025-07-29T19:22:04.228519Z","level":"info","event":" 'templates_dict': None,","chan":"stdout","logger":"task"}
{"timestamp":"2025-07-29T19:22:04.228589Z","level":"info","event":" 'ti': RuntimeTaskInstance(id=UUID('019857a2-7ccc-7872-b6ee-7aab7196b816'), task_id='python', dag_id='python_operator_v1', run_id='scheduled__2023-06-22T21:40:00+00:00', try_number=1, map_index=-1, hostname='bf6f1e7a6f11', context_carrier={}, task=<Task(PythonOperator): python>, bundle_instance=LocalDagBundle(name=dags-folder), max_tries=0, start_date=datetime.datetime(2025, 7, 29, 19, 22, 3, 705164, tzinfo=datetime.timezone.utc), end_date=None, state=<TaskInstanceState.RUNNING: 'running'>, is_mapped=False, rendered_map_index=None, log_url='http://localhost:8080/dags/python_operator_v1/runs/scheduled__2023-06-22T21%3A40%3A00%2B00%3A00/tasks/python?try_number=1'),","chan":"stdout","logger":"task"}
{"timestamp":"2025-07-29T19:22:04.228639Z","level":"info","event":" 'triggering_asset_events': TriggeringAssetEventsAccessor(_events=defaultdict(<class 'list'>, {})),","chan":"stdout","logger":"task"}
{"timestamp":"2025-07-29T19:22:04.228682Z","level":"info","event":" 'ts': '2023-06-22T21:40:00+00:00',","chan":"stdout","logger":"task"}
{"timestamp":"2025-07-29T19:22:04.228722Z","level":"info","event":" 'ts_nodash': '20230622T214000',","chan":"stdout","logger":"task"}
{"timestamp":"2025-07-29T19:22:04.228762Z","level":"info","event":" 'ts_nodash_with_tz': '20230622T214000+0000',","chan":"stdout","logger":"task"}
{"timestamp":"2025-07-29T19:22:04.228803Z","level":"info","event":" 'var': {'json': <VariableAccessor (dynamic access)>,","chan":"stdout","logger":"task"}
{"timestamp":"2025-07-29T19:22:04.228843Z","level":"info","event":"         'value': <VariableAccessor (dynamic access)>}}","chan":"stdout","logger":"task"}
{"timestamp":"2025-07-29T19:22:04.228611","level":"info","event":"Done. Returned value was: 123","logger":"airflow.task.operators.airflow.providers.standard.operators.python.PythonOperator"}
{"timestamp":"2025-07-29T19:22:04.228783","level":"info","event":"Pushing xcom","ti":"RuntimeTaskInstance(id=UUID('019857a2-7ccc-7872-b6ee-7aab7196b816'), task_id='python', dag_id='python_operator_v1', run_id='scheduled__2023-06-22T21:40:00+00:00', try_number=1, map_index=-1, hostname='bf6f1e7a6f11', context_carrier={}, task=<Task(PythonOperator): python>, bundle_instance=LocalDagBundle(name=dags-folder), max_tries=0, start_date=datetime.datetime(2025, 7, 29, 19, 22, 3, 705164, tzinfo=datetime.timezone.utc), end_date=None, state=<TaskInstanceState.RUNNING: 'running'>, is_mapped=False, rendered_map_index=None, log_url='http://localhost:8080/dags/python_operator_v1/runs/scheduled__2023-06-22T21%3A40%3A00%2B00%3A00/tasks/python?try_number=1')","logger":"task"}
{"timestamp":"2025-07-29T19:22:04.250408Z","level":"info","event":"Task instance in success state","chan":"stdout","logger":"task"}
{"timestamp":"2025-07-29T19:22:04.250537Z","level":"info","event":" Previous state of the Task instance: TaskInstanceState.RUNNING","chan":"stdout","logger":"task"}
{"timestamp":"2025-07-29T19:22:04.250674Z","level":"info","event":"Task operator:<Task(PythonOperator): python>","chan":"stdout","logger":"task"}
