{"timestamp":"2025-07-29T19:26:10.132309","level":"info","event":"DAG bundles loaded: dags-folder, example_dags","logger":"airflow.dag_processing.bundles.manager.DagBundlesManager"}
{"timestamp":"2025-07-29T19:26:10.132850","level":"info","event":"Filling up the DagBag from /opt/airflow/dags/python_operator_v1.py","logger":"airflow.models.dagbag.DagBag"}
{"timestamp":"2025-07-29T19:26:10.159613Z","level":"info","event":"Task instance is in running state","chan":"stdout","logger":"task"}
{"timestamp":"2025-07-29T19:26:10.159866Z","level":"info","event":" Previous state of the Task instance: TaskInstanceState.QUEUED","chan":"stdout","logger":"task"}
{"timestamp":"2025-07-29T19:26:10.160461Z","level":"info","event":"Current task name:python","chan":"stdout","logger":"task"}
{"timestamp":"2025-07-29T19:26:10.160578Z","level":"info","event":"Dag name:python_operator_v1","chan":"stdout","logger":"task"}
{"timestamp":"2025-07-29T19:26:10.162099Z","level":"info","event":"poliana","chan":"stdout","logger":"task"}
{"timestamp":"2025-07-29T19:26:10.162689Z","level":"info","event":"{'conn': <ConnectionAccessor (dynamic access)>,","chan":"stdout","logger":"task"}
{"timestamp":"2025-07-29T19:26:10.162791Z","level":"info","event":" 'dag': <DAG: python_operator_v1>,","chan":"stdout","logger":"task"}
{"timestamp":"2025-07-29T19:26:10.162891Z","level":"info","event":" 'dag_run': DagRun(dag_id='python_operator_v1', run_id='scheduled__2023-06-23T02:12:00+00:00', logical_date=datetime.datetime(2023, 6, 23, 2, 12, tzinfo=datetime.timezone.utc), data_interval_start=datetime.datetime(2023, 6, 23, 2, 12, tzinfo=datetime.timezone.utc), data_interval_end=datetime.datetime(2023, 6, 23, 2, 12, tzinfo=datetime.timezone.utc), run_after=datetime.datetime(2023, 6, 23, 2, 12, tzinfo=datetime.timezone.utc), start_date=datetime.datetime(2025, 7, 29, 19, 26, 9, 65821, tzinfo=datetime.timezone.utc), end_date=None, clear_number=0, run_type=<DagRunType.SCHEDULED: 'scheduled'>, conf={}, consumed_asset_events=[]),","chan":"stdout","logger":"task"}
{"timestamp":"2025-07-29T19:26:10.162972Z","level":"info","event":" 'data_interval_end': DateTime(2023, 6, 23, 2, 12, 0, tzinfo=Timezone('UTC')),","chan":"stdout","logger":"task"}
{"timestamp":"2025-07-29T19:26:10.163026Z","level":"info","event":" 'data_interval_start': DateTime(2023, 6, 23, 2, 12, 0, tzinfo=Timezone('UTC')),","chan":"stdout","logger":"task"}
{"timestamp":"2025-07-29T19:26:10.163070Z","level":"info","event":" 'ds': '2023-06-23',","chan":"stdout","logger":"task"}
{"timestamp":"2025-07-29T19:26:10.163111Z","level":"info","event":" 'ds_nodash': '20230623',","chan":"stdout","logger":"task"}
{"timestamp":"2025-07-29T19:26:10.163152Z","level":"info","event":" 'inlet_events': InletEventsAccessors(_inlets=[], _assets={}, _asset_aliases={}),","chan":"stdout","logger":"task"}
{"timestamp":"2025-07-29T19:26:10.163192Z","level":"info","event":" 'inlets': [],","chan":"stdout","logger":"task"}
{"timestamp":"2025-07-29T19:26:10.163248Z","level":"info","event":" 'logical_date': DateTime(2023, 6, 23, 2, 12, 0, tzinfo=Timezone('UTC')),","chan":"stdout","logger":"task"}
{"timestamp":"2025-07-29T19:26:10.163286Z","level":"info","event":" 'macros': <MacrosAccessor (dynamic access to macros)>,","chan":"stdout","logger":"task"}
{"timestamp":"2025-07-29T19:26:10.163326Z","level":"info","event":" 'map_index_template': None,","chan":"stdout","logger":"task"}
{"timestamp":"2025-07-29T19:26:10.163365Z","level":"info","event":" 'outlet_events': <airflow.sdk.execution_time.context.OutletEventAccessors object at 0x7fb677ea7a70>,","chan":"stdout","logger":"task"}
{"timestamp":"2025-07-29T19:26:10.163404Z","level":"info","event":" 'outlets': [],","chan":"stdout","logger":"task"}
{"timestamp":"2025-07-29T19:26:10.163443Z","level":"info","event":" 'params': {},","chan":"stdout","logger":"task"}
{"timestamp":"2025-07-29T19:26:10.172197Z","level":"info","event":" 'prev_data_interval_end_success': <Proxy at 0x7fb66fc6cb30 with factory <function RuntimeTaskInstance.get_template_context.<locals>.<lambda> at 0x7fb66fc85120>>,","chan":"stdout","logger":"task"}
{"timestamp":"2025-07-29T19:26:10.172598Z","level":"info","event":" 'prev_data_interval_start_success': <Proxy at 0x7fb66fc544a0 with factory <function RuntimeTaskInstance.get_template_context.<locals>.<lambda> at 0x7fb66fc73f60>>,","chan":"stdout","logger":"task"}
{"timestamp":"2025-07-29T19:26:10.172765Z","level":"info","event":" 'prev_end_date_success': <Proxy at 0x7fb66fc6cda0 with factory <function RuntimeTaskInstance.get_template_context.<locals>.<lambda> at 0x7fb66fc73920>>,","chan":"stdout","logger":"task"}
{"timestamp":"2025-07-29T19:26:10.172887Z","level":"info","event":" 'prev_start_date_success': <Proxy at 0x7fb66fc6cdd0 with factory <function RuntimeTaskInstance.get_template_context.<locals>.<lambda> at 0x7fb66fc73e20>>,","chan":"stdout","logger":"task"}
{"timestamp":"2025-07-29T19:26:10.172940Z","level":"info","event":" 'run_id': 'scheduled__2023-06-23T02:12:00+00:00',","chan":"stdout","logger":"task"}
{"timestamp":"2025-07-29T19:26:10.172985Z","level":"info","event":" 'task': <Task(PythonOperator): python>,","chan":"stdout","logger":"task"}
{"timestamp":"2025-07-29T19:26:10.173036Z","level":"info","event":" 'task_instance': RuntimeTaskInstance(id=UUID('019857a6-3c9f-7a99-b859-63c29cf39bbc'), task_id='python', dag_id='python_operator_v1', run_id='scheduled__2023-06-23T02:12:00+00:00', try_number=1, map_index=-1, hostname='bf6f1e7a6f11', context_carrier={}, task=<Task(PythonOperator): python>, bundle_instance=LocalDagBundle(name=dags-folder), max_tries=0, start_date=datetime.datetime(2025, 7, 29, 19, 26, 9, 535295, tzinfo=datetime.timezone.utc), end_date=None, state=<TaskInstanceState.RUNNING: 'running'>, is_mapped=False, rendered_map_index=None, log_url='http://localhost:8080/dags/python_operator_v1/runs/scheduled__2023-06-23T02%3A12%3A00%2B00%3A00/tasks/python?try_number=1'),","chan":"stdout","logger":"task"}
{"timestamp":"2025-07-29T19:26:10.173082Z","level":"info","event":" 'task_instance_key_str': 'python_operator_v1__python__20230623',","chan":"stdout","logger":"task"}
{"timestamp":"2025-07-29T19:26:10.173125Z","level":"info","event":" 'task_reschedule_count': 0,","chan":"stdout","logger":"task"}
{"timestamp":"2025-07-29T19:26:10.173166Z","level":"info","event":" 'templates_dict': None,","chan":"stdout","logger":"task"}
{"timestamp":"2025-07-29T19:26:10.173210Z","level":"info","event":" 'ti': RuntimeTaskInstance(id=UUID('019857a6-3c9f-7a99-b859-63c29cf39bbc'), task_id='python', dag_id='python_operator_v1', run_id='scheduled__2023-06-23T02:12:00+00:00', try_number=1, map_index=-1, hostname='bf6f1e7a6f11', context_carrier={}, task=<Task(PythonOperator): python>, bundle_instance=LocalDagBundle(name=dags-folder), max_tries=0, start_date=datetime.datetime(2025, 7, 29, 19, 26, 9, 535295, tzinfo=datetime.timezone.utc), end_date=None, state=<TaskInstanceState.RUNNING: 'running'>, is_mapped=False, rendered_map_index=None, log_url='http://localhost:8080/dags/python_operator_v1/runs/scheduled__2023-06-23T02%3A12%3A00%2B00%3A00/tasks/python?try_number=1'),","chan":"stdout","logger":"task"}
{"timestamp":"2025-07-29T19:26:10.173254Z","level":"info","event":" 'triggering_asset_events': TriggeringAssetEventsAccessor(_events=defaultdict(<class 'list'>, {})),","chan":"stdout","logger":"task"}
{"timestamp":"2025-07-29T19:26:10.173329Z","level":"info","event":" 'ts': '2023-06-23T02:12:00+00:00',","chan":"stdout","logger":"task"}
{"timestamp":"2025-07-29T19:26:10.173375Z","level":"info","event":" 'ts_nodash': '20230623T021200',","chan":"stdout","logger":"task"}
{"timestamp":"2025-07-29T19:26:10.173416Z","level":"info","event":" 'ts_nodash_with_tz': '20230623T021200+0000',","chan":"stdout","logger":"task"}
{"timestamp":"2025-07-29T19:26:10.173472Z","level":"info","event":" 'var': {'json': <VariableAccessor (dynamic access)>,","chan":"stdout","logger":"task"}
{"timestamp":"2025-07-29T19:26:10.173512Z","level":"info","event":"         'value': <VariableAccessor (dynamic access)>}}","chan":"stdout","logger":"task"}
{"timestamp":"2025-07-29T19:26:10.173238","level":"info","event":"Done. Returned value was: 123","logger":"airflow.task.operators.airflow.providers.standard.operators.python.PythonOperator"}
{"timestamp":"2025-07-29T19:26:10.173489","level":"info","event":"Pushing xcom","ti":"RuntimeTaskInstance(id=UUID('019857a6-3c9f-7a99-b859-63c29cf39bbc'), task_id='python', dag_id='python_operator_v1', run_id='scheduled__2023-06-23T02:12:00+00:00', try_number=1, map_index=-1, hostname='bf6f1e7a6f11', context_carrier={}, task=<Task(PythonOperator): python>, bundle_instance=LocalDagBundle(name=dags-folder), max_tries=0, start_date=datetime.datetime(2025, 7, 29, 19, 26, 9, 535295, tzinfo=datetime.timezone.utc), end_date=None, state=<TaskInstanceState.RUNNING: 'running'>, is_mapped=False, rendered_map_index=None, log_url='http://localhost:8080/dags/python_operator_v1/runs/scheduled__2023-06-23T02%3A12%3A00%2B00%3A00/tasks/python?try_number=1')","logger":"task"}
{"timestamp":"2025-07-29T19:26:10.201188Z","level":"info","event":"Task instance in success state","chan":"stdout","logger":"task"}
{"timestamp":"2025-07-29T19:26:10.201339Z","level":"info","event":" Previous state of the Task instance: TaskInstanceState.RUNNING","chan":"stdout","logger":"task"}
{"timestamp":"2025-07-29T19:26:10.201430Z","level":"info","event":"Task operator:<Task(PythonOperator): python>","chan":"stdout","logger":"task"}
