{"timestamp":"2025-07-29T20:09:24.089021","level":"info","event":"DAG bundles loaded: dags-folder, example_dags","logger":"airflow.dag_processing.bundles.manager.DagBundlesManager"}
{"timestamp":"2025-07-29T20:09:24.089640","level":"info","event":"Filling up the DagBag from /opt/airflow/dags/3_dag_principal.py","logger":"airflow.models.dagbag.DagBag"}
{"timestamp":"2025-07-29T20:09:24.124712Z","level":"info","event":"Task instance is in running state","chan":"stdout","logger":"task"}
{"timestamp":"2025-07-29T20:09:24.124947Z","level":"info","event":" Previous state of the Task instance: TaskInstanceState.QUEUED","chan":"stdout","logger":"task"}
{"timestamp":"2025-07-29T20:09:24.125577Z","level":"info","event":"Current task name:python_principal","chan":"stdout","logger":"task"}
{"timestamp":"2025-07-29T20:09:24.125730Z","level":"info","event":"Dag name:3_DAG_principal","chan":"stdout","logger":"task"}
{"timestamp":"2025-07-29T20:09:24.127314Z","level":"info","event":"DAG principal","chan":"stdout","logger":"task"}
{"timestamp":"2025-07-29T20:09:24.128511Z","level":"info","event":"{'conn': <ConnectionAccessor (dynamic access)>,","chan":"stdout","logger":"task"}
{"timestamp":"2025-07-29T20:09:24.128842Z","level":"info","event":" 'dag': <DAG: 3_DAG_principal>,","chan":"stdout","logger":"task"}
{"timestamp":"2025-07-29T20:09:24.129173Z","level":"info","event":" 'dag_run': DagRun(dag_id='3_DAG_principal', run_id='scheduled__2025-01-19T20:00:00+00:00', logical_date=datetime.datetime(2025, 1, 19, 20, 0, tzinfo=datetime.timezone.utc), data_interval_start=datetime.datetime(2025, 1, 19, 20, 0, tzinfo=datetime.timezone.utc), data_interval_end=datetime.datetime(2025, 1, 19, 20, 0, tzinfo=datetime.timezone.utc), run_after=datetime.datetime(2025, 1, 19, 20, 0, tzinfo=datetime.timezone.utc), start_date=datetime.datetime(2025, 7, 29, 20, 9, 22, 802950, tzinfo=datetime.timezone.utc), end_date=None, clear_number=0, run_type=<DagRunType.SCHEDULED: 'scheduled'>, conf={}, consumed_asset_events=[]),","chan":"stdout","logger":"task"}
{"timestamp":"2025-07-29T20:09:24.129460Z","level":"info","event":" 'data_interval_end': DateTime(2025, 1, 19, 20, 0, 0, tzinfo=Timezone('UTC')),","chan":"stdout","logger":"task"}
{"timestamp":"2025-07-29T20:09:24.129680Z","level":"info","event":" 'data_interval_start': DateTime(2025, 1, 19, 20, 0, 0, tzinfo=Timezone('UTC')),","chan":"stdout","logger":"task"}
{"timestamp":"2025-07-29T20:09:24.129828Z","level":"info","event":" 'ds': '2025-01-19',","chan":"stdout","logger":"task"}
{"timestamp":"2025-07-29T20:09:24.129950Z","level":"info","event":" 'ds_nodash': '20250119',","chan":"stdout","logger":"task"}
{"timestamp":"2025-07-29T20:09:24.130064Z","level":"info","event":" 'inlet_events': InletEventsAccessors(_inlets=[], _assets={}, _asset_aliases={}),","chan":"stdout","logger":"task"}
{"timestamp":"2025-07-29T20:09:24.130142Z","level":"info","event":" 'inlets': [],","chan":"stdout","logger":"task"}
{"timestamp":"2025-07-29T20:09:24.130220Z","level":"info","event":" 'logical_date': DateTime(2025, 1, 19, 20, 0, 0, tzinfo=Timezone('UTC')),","chan":"stdout","logger":"task"}
{"timestamp":"2025-07-29T20:09:24.130319Z","level":"info","event":" 'macros': <MacrosAccessor (dynamic access to macros)>,","chan":"stdout","logger":"task"}
{"timestamp":"2025-07-29T20:09:24.130399Z","level":"info","event":" 'map_index_template': None,","chan":"stdout","logger":"task"}
{"timestamp":"2025-07-29T20:09:24.130470Z","level":"info","event":" 'outlet_events': <airflow.sdk.execution_time.context.OutletEventAccessors object at 0x7fb67cb94ce0>,","chan":"stdout","logger":"task"}
{"timestamp":"2025-07-29T20:09:24.130522Z","level":"info","event":" 'outlets': [],","chan":"stdout","logger":"task"}
{"timestamp":"2025-07-29T20:09:24.130578Z","level":"info","event":" 'params': {},","chan":"stdout","logger":"task"}
{"timestamp":"2025-07-29T20:09:24.140943Z","level":"info","event":" 'prev_data_interval_end_success': <Proxy at 0x7fb66fca67e0 with factory <function RuntimeTaskInstance.get_template_context.<locals>.<lambda> at 0x7fb66fcbede0>>,","chan":"stdout","logger":"task"}
{"timestamp":"2025-07-29T20:09:24.141158Z","level":"info","event":" 'prev_data_interval_start_success': <Proxy at 0x7fb66fca6300 with factory <function RuntimeTaskInstance.get_template_context.<locals>.<lambda> at 0x7fb66fcbd620>>,","chan":"stdout","logger":"task"}
{"timestamp":"2025-07-29T20:09:24.141232Z","level":"info","event":" 'prev_end_date_success': <Proxy at 0x7fb66fca6600 with factory <function RuntimeTaskInstance.get_template_context.<locals>.<lambda> at 0x7fb66fcbee80>>,","chan":"stdout","logger":"task"}
{"timestamp":"2025-07-29T20:09:24.141282Z","level":"info","event":" 'prev_start_date_success': <Proxy at 0x7fb66fca65a0 with factory <function RuntimeTaskInstance.get_template_context.<locals>.<lambda> at 0x7fb66fcbdbc0>>,","chan":"stdout","logger":"task"}
{"timestamp":"2025-07-29T20:09:24.141327Z","level":"info","event":" 'run_id': 'scheduled__2025-01-19T20:00:00+00:00',","chan":"stdout","logger":"task"}
{"timestamp":"2025-07-29T20:09:24.141372Z","level":"info","event":" 'task': <Task(PythonOperator): python_principal>,","chan":"stdout","logger":"task"}
{"timestamp":"2025-07-29T20:09:24.141417Z","level":"info","event":" 'task_instance': RuntimeTaskInstance(id=UUID('019857cd-d064-721e-bef4-c9359dc2e83a'), task_id='python_principal', dag_id='3_DAG_principal', run_id='scheduled__2025-01-19T20:00:00+00:00', try_number=1, map_index=-1, hostname='bf6f1e7a6f11', context_carrier={}, task=<Task(PythonOperator): python_principal>, bundle_instance=LocalDagBundle(name=dags-folder), max_tries=0, start_date=datetime.datetime(2025, 7, 29, 20, 9, 23, 322213, tzinfo=datetime.timezone.utc), end_date=None, state=<TaskInstanceState.RUNNING: 'running'>, is_mapped=False, rendered_map_index=None, log_url='http://localhost:8080/dags/3_DAG_principal/runs/scheduled__2025-01-19T20%3A00%3A00%2B00%3A00/tasks/python_principal?try_number=1'),","chan":"stdout","logger":"task"}
{"timestamp":"2025-07-29T20:09:24.141461Z","level":"info","event":" 'task_instance_key_str': '3_DAG_principal__python_principal__20250119',","chan":"stdout","logger":"task"}
{"timestamp":"2025-07-29T20:09:24.141502Z","level":"info","event":" 'task_reschedule_count': 0,","chan":"stdout","logger":"task"}
{"timestamp":"2025-07-29T20:09:24.141573Z","level":"info","event":" 'templates_dict': None,","chan":"stdout","logger":"task"}
{"timestamp":"2025-07-29T20:09:24.141646Z","level":"info","event":" 'ti': RuntimeTaskInstance(id=UUID('019857cd-d064-721e-bef4-c9359dc2e83a'), task_id='python_principal', dag_id='3_DAG_principal', run_id='scheduled__2025-01-19T20:00:00+00:00', try_number=1, map_index=-1, hostname='bf6f1e7a6f11', context_carrier={}, task=<Task(PythonOperator): python_principal>, bundle_instance=LocalDagBundle(name=dags-folder), max_tries=0, start_date=datetime.datetime(2025, 7, 29, 20, 9, 23, 322213, tzinfo=datetime.timezone.utc), end_date=None, state=<TaskInstanceState.RUNNING: 'running'>, is_mapped=False, rendered_map_index=None, log_url='http://localhost:8080/dags/3_DAG_principal/runs/scheduled__2025-01-19T20%3A00%3A00%2B00%3A00/tasks/python_principal?try_number=1'),","chan":"stdout","logger":"task"}
{"timestamp":"2025-07-29T20:09:24.141693Z","level":"info","event":" 'triggering_asset_events': TriggeringAssetEventsAccessor(_events=defaultdict(<class 'list'>, {})),","chan":"stdout","logger":"task"}
{"timestamp":"2025-07-29T20:09:24.141735Z","level":"info","event":" 'ts': '2025-01-19T20:00:00+00:00',","chan":"stdout","logger":"task"}
{"timestamp":"2025-07-29T20:09:24.141777Z","level":"info","event":" 'ts_nodash': '20250119T200000',","chan":"stdout","logger":"task"}
{"timestamp":"2025-07-29T20:09:24.141817Z","level":"info","event":" 'ts_nodash_with_tz': '20250119T200000+0000',","chan":"stdout","logger":"task"}
{"timestamp":"2025-07-29T20:09:24.141858Z","level":"info","event":" 'var': {'json': <VariableAccessor (dynamic access)>,","chan":"stdout","logger":"task"}
{"timestamp":"2025-07-29T20:09:24.141898Z","level":"info","event":"         'value': <VariableAccessor (dynamic access)>}}","chan":"stdout","logger":"task"}
{"timestamp":"2025-07-29T20:09:24.141445","level":"info","event":"Done. Returned value was: principal","logger":"airflow.task.operators.airflow.providers.standard.operators.python.PythonOperator"}
{"timestamp":"2025-07-29T20:09:24.141690","level":"info","event":"Pushing xcom","ti":"RuntimeTaskInstance(id=UUID('019857cd-d064-721e-bef4-c9359dc2e83a'), task_id='python_principal', dag_id='3_DAG_principal', run_id='scheduled__2025-01-19T20:00:00+00:00', try_number=1, map_index=-1, hostname='bf6f1e7a6f11', context_carrier={}, task=<Task(PythonOperator): python_principal>, bundle_instance=LocalDagBundle(name=dags-folder), max_tries=0, start_date=datetime.datetime(2025, 7, 29, 20, 9, 23, 322213, tzinfo=datetime.timezone.utc), end_date=None, state=<TaskInstanceState.RUNNING: 'running'>, is_mapped=False, rendered_map_index=None, log_url='http://localhost:8080/dags/3_DAG_principal/runs/scheduled__2025-01-19T20%3A00%3A00%2B00%3A00/tasks/python_principal?try_number=1')","logger":"task"}
{"timestamp":"2025-07-29T20:09:24.181201Z","level":"info","event":"Task instance in success state","chan":"stdout","logger":"task"}
{"timestamp":"2025-07-29T20:09:24.181488Z","level":"info","event":" Previous state of the Task instance: TaskInstanceState.RUNNING","chan":"stdout","logger":"task"}
{"timestamp":"2025-07-29T20:09:24.181688Z","level":"info","event":"Task operator:<Task(PythonOperator): python_principal>","chan":"stdout","logger":"task"}
