{"timestamp":"2025-07-29T19:56:56.736245","level":"info","event":"DAG bundles loaded: dags-folder, example_dags","logger":"airflow.dag_processing.bundles.manager.DagBundlesManager"}
{"timestamp":"2025-07-29T19:56:56.736914","level":"info","event":"Filling up the DagBag from /opt/airflow/dags/2_python_operator_v1.py","logger":"airflow.models.dagbag.DagBag"}
{"timestamp":"2025-07-29T19:56:56.764063Z","level":"info","event":"Task instance is in running state","chan":"stdout","logger":"task"}
{"timestamp":"2025-07-29T19:56:56.764311Z","level":"info","event":" Previous state of the Task instance: TaskInstanceState.QUEUED","chan":"stdout","logger":"task"}
{"timestamp":"2025-07-29T19:56:56.764408Z","level":"info","event":"Current task name:python","chan":"stdout","logger":"task"}
{"timestamp":"2025-07-29T19:56:56.764468Z","level":"info","event":"Dag name:python_operator_v1","chan":"stdout","logger":"task"}
{"timestamp":"2025-07-29T19:56:56.765808Z","level":"info","event":"poliana","chan":"stdout","logger":"task"}
{"timestamp":"2025-07-29T19:56:56.766430Z","level":"info","event":"{'conn': <ConnectionAccessor (dynamic access)>,","chan":"stdout","logger":"task"}
{"timestamp":"2025-07-29T19:56:56.766548Z","level":"info","event":" 'dag': <DAG: python_operator_v1>,","chan":"stdout","logger":"task"}
{"timestamp":"2025-07-29T19:56:56.766660Z","level":"info","event":" 'dag_run': DagRun(dag_id='python_operator_v1', run_id='scheduled__2023-06-24T11:23:00+00:00', logical_date=datetime.datetime(2023, 6, 24, 11, 23, tzinfo=datetime.timezone.utc), data_interval_start=datetime.datetime(2023, 6, 24, 11, 23, tzinfo=datetime.timezone.utc), data_interval_end=datetime.datetime(2023, 6, 24, 11, 23, tzinfo=datetime.timezone.utc), run_after=datetime.datetime(2023, 6, 24, 11, 23, tzinfo=datetime.timezone.utc), start_date=datetime.datetime(2025, 7, 29, 19, 56, 55, 546557, tzinfo=datetime.timezone.utc), end_date=None, clear_number=0, run_type=<DagRunType.SCHEDULED: 'scheduled'>, conf={}, consumed_asset_events=[]),","chan":"stdout","logger":"task"}
{"timestamp":"2025-07-29T19:56:56.766755Z","level":"info","event":" 'data_interval_end': DateTime(2023, 6, 24, 11, 23, 0, tzinfo=Timezone('UTC')),","chan":"stdout","logger":"task"}
{"timestamp":"2025-07-29T19:56:56.766813Z","level":"info","event":" 'data_interval_start': DateTime(2023, 6, 24, 11, 23, 0, tzinfo=Timezone('UTC')),","chan":"stdout","logger":"task"}
{"timestamp":"2025-07-29T19:56:56.766863Z","level":"info","event":" 'ds': '2023-06-24',","chan":"stdout","logger":"task"}
{"timestamp":"2025-07-29T19:56:56.766907Z","level":"info","event":" 'ds_nodash': '20230624',","chan":"stdout","logger":"task"}
{"timestamp":"2025-07-29T19:56:56.766950Z","level":"info","event":" 'inlet_events': InletEventsAccessors(_inlets=[], _assets={}, _asset_aliases={}),","chan":"stdout","logger":"task"}
{"timestamp":"2025-07-29T19:56:56.766992Z","level":"info","event":" 'inlets': [],","chan":"stdout","logger":"task"}
{"timestamp":"2025-07-29T19:56:56.767032Z","level":"info","event":" 'logical_date': DateTime(2023, 6, 24, 11, 23, 0, tzinfo=Timezone('UTC')),","chan":"stdout","logger":"task"}
{"timestamp":"2025-07-29T19:56:56.767073Z","level":"info","event":" 'macros': <MacrosAccessor (dynamic access to macros)>,","chan":"stdout","logger":"task"}
{"timestamp":"2025-07-29T19:56:56.767143Z","level":"info","event":" 'map_index_template': None,","chan":"stdout","logger":"task"}
{"timestamp":"2025-07-29T19:56:56.767195Z","level":"info","event":" 'outlet_events': <airflow.sdk.execution_time.context.OutletEventAccessors object at 0x7fb66fdb9a60>,","chan":"stdout","logger":"task"}
{"timestamp":"2025-07-29T19:56:56.767273Z","level":"info","event":" 'outlets': [],","chan":"stdout","logger":"task"}
{"timestamp":"2025-07-29T19:56:56.767323Z","level":"info","event":" 'params': {},","chan":"stdout","logger":"task"}
{"timestamp":"2025-07-29T19:56:56.775634Z","level":"info","event":" 'prev_data_interval_end_success': <Proxy at 0x7fb66fc03b60 with factory <function RuntimeTaskInstance.get_template_context.<locals>.<lambda> at 0x7fb66fc254e0>>,","chan":"stdout","logger":"task"}
{"timestamp":"2025-07-29T19:56:56.775984Z","level":"info","event":" 'prev_data_interval_start_success': <Proxy at 0x7fb66fc03b90 with factory <function RuntimeTaskInstance.get_template_context.<locals>.<lambda> at 0x7fb66fc26c00>>,","chan":"stdout","logger":"task"}
{"timestamp":"2025-07-29T19:56:56.776124Z","level":"info","event":" 'prev_end_date_success': <Proxy at 0x7fb66fc024e0 with factory <function RuntimeTaskInstance.get_template_context.<locals>.<lambda> at 0x7fb66fc26ca0>>,","chan":"stdout","logger":"task"}
{"timestamp":"2025-07-29T19:56:56.776203Z","level":"info","event":" 'prev_start_date_success': <Proxy at 0x7fb66fc01c10 with factory <function RuntimeTaskInstance.get_template_context.<locals>.<lambda> at 0x7fb66fc259e0>>,","chan":"stdout","logger":"task"}
{"timestamp":"2025-07-29T19:56:56.776271Z","level":"info","event":" 'run_id': 'scheduled__2023-06-24T11:23:00+00:00',","chan":"stdout","logger":"task"}
{"timestamp":"2025-07-29T19:56:56.776340Z","level":"info","event":" 'task': <Task(PythonOperator): python>,","chan":"stdout","logger":"task"}
{"timestamp":"2025-07-29T19:56:56.776409Z","level":"info","event":" 'task_instance': RuntimeTaskInstance(id=UUID('019857c2-6967-7c88-a3b8-5ca0d4fef398'), task_id='python', dag_id='python_operator_v1', run_id='scheduled__2023-06-24T11:23:00+00:00', try_number=1, map_index=-1, hostname='bf6f1e7a6f11', context_carrier={}, task=<Task(PythonOperator): python>, bundle_instance=LocalDagBundle(name=dags-folder), max_tries=0, start_date=datetime.datetime(2025, 7, 29, 19, 56, 56, 80774, tzinfo=datetime.timezone.utc), end_date=None, state=<TaskInstanceState.RUNNING: 'running'>, is_mapped=False, rendered_map_index=None, log_url='http://localhost:8080/dags/python_operator_v1/runs/scheduled__2023-06-24T11%3A23%3A00%2B00%3A00/tasks/python?try_number=1'),","chan":"stdout","logger":"task"}
{"timestamp":"2025-07-29T19:56:56.776479Z","level":"info","event":" 'task_instance_key_str': 'python_operator_v1__python__20230624',","chan":"stdout","logger":"task"}
{"timestamp":"2025-07-29T19:56:56.776544Z","level":"info","event":" 'task_reschedule_count': 0,","chan":"stdout","logger":"task"}
{"timestamp":"2025-07-29T19:56:56.776610Z","level":"info","event":" 'templates_dict': None,","chan":"stdout","logger":"task"}
{"timestamp":"2025-07-29T19:56:56.776681Z","level":"info","event":" 'ti': RuntimeTaskInstance(id=UUID('019857c2-6967-7c88-a3b8-5ca0d4fef398'), task_id='python', dag_id='python_operator_v1', run_id='scheduled__2023-06-24T11:23:00+00:00', try_number=1, map_index=-1, hostname='bf6f1e7a6f11', context_carrier={}, task=<Task(PythonOperator): python>, bundle_instance=LocalDagBundle(name=dags-folder), max_tries=0, start_date=datetime.datetime(2025, 7, 29, 19, 56, 56, 80774, tzinfo=datetime.timezone.utc), end_date=None, state=<TaskInstanceState.RUNNING: 'running'>, is_mapped=False, rendered_map_index=None, log_url='http://localhost:8080/dags/python_operator_v1/runs/scheduled__2023-06-24T11%3A23%3A00%2B00%3A00/tasks/python?try_number=1'),","chan":"stdout","logger":"task"}
{"timestamp":"2025-07-29T19:56:56.776843Z","level":"info","event":" 'triggering_asset_events': TriggeringAssetEventsAccessor(_events=defaultdict(<class 'list'>, {})),","chan":"stdout","logger":"task"}
{"timestamp":"2025-07-29T19:56:56.777030Z","level":"info","event":" 'ts': '2023-06-24T11:23:00+00:00',","chan":"stdout","logger":"task"}
{"timestamp":"2025-07-29T19:56:56.777132Z","level":"info","event":" 'ts_nodash': '20230624T112300',","chan":"stdout","logger":"task"}
{"timestamp":"2025-07-29T19:56:56.777362Z","level":"info","event":" 'ts_nodash_with_tz': '20230624T112300+0000',","chan":"stdout","logger":"task"}
{"timestamp":"2025-07-29T19:56:56.777470Z","level":"info","event":" 'var': {'json': <VariableAccessor (dynamic access)>,","chan":"stdout","logger":"task"}
{"timestamp":"2025-07-29T19:56:56.777613Z","level":"info","event":"         'value': <VariableAccessor (dynamic access)>}}","chan":"stdout","logger":"task"}
{"timestamp":"2025-07-29T19:56:56.777628","level":"info","event":"Done. Returned value was: 123","logger":"airflow.task.operators.airflow.providers.standard.operators.python.PythonOperator"}
{"timestamp":"2025-07-29T19:56:56.778144","level":"info","event":"Pushing xcom","ti":"RuntimeTaskInstance(id=UUID('019857c2-6967-7c88-a3b8-5ca0d4fef398'), task_id='python', dag_id='python_operator_v1', run_id='scheduled__2023-06-24T11:23:00+00:00', try_number=1, map_index=-1, hostname='bf6f1e7a6f11', context_carrier={}, task=<Task(PythonOperator): python>, bundle_instance=LocalDagBundle(name=dags-folder), max_tries=0, start_date=datetime.datetime(2025, 7, 29, 19, 56, 56, 80774, tzinfo=datetime.timezone.utc), end_date=None, state=<TaskInstanceState.RUNNING: 'running'>, is_mapped=False, rendered_map_index=None, log_url='http://localhost:8080/dags/python_operator_v1/runs/scheduled__2023-06-24T11%3A23%3A00%2B00%3A00/tasks/python?try_number=1')","logger":"task"}
{"timestamp":"2025-07-29T19:56:56.802483Z","level":"info","event":"Task instance in success state","chan":"stdout","logger":"task"}
{"timestamp":"2025-07-29T19:56:56.802626Z","level":"info","event":" Previous state of the Task instance: TaskInstanceState.RUNNING","chan":"stdout","logger":"task"}
{"timestamp":"2025-07-29T19:56:56.802749Z","level":"info","event":"Task operator:<Task(PythonOperator): python>","chan":"stdout","logger":"task"}
