{"timestamp":"2025-07-29T20:03:48.526356","level":"info","event":"DAG bundles loaded: dags-folder, example_dags","logger":"airflow.dag_processing.bundles.manager.DagBundlesManager"}
{"timestamp":"2025-07-29T20:03:48.527847","level":"info","event":"Filling up the DagBag from /opt/airflow/dags/3_dag_principal.py","logger":"airflow.models.dagbag.DagBag"}
{"timestamp":"2025-07-29T20:03:48.568238Z","level":"info","event":"Task instance is in running state","chan":"stdout","logger":"task"}
{"timestamp":"2025-07-29T20:03:48.568449Z","level":"info","event":" Previous state of the Task instance: TaskInstanceState.QUEUED","chan":"stdout","logger":"task"}
{"timestamp":"2025-07-29T20:03:48.570762Z","level":"info","event":"Current task name:python_principal","chan":"stdout","logger":"task"}
{"timestamp":"2025-07-29T20:03:48.571213Z","level":"info","event":"Dag name:3_DAG_principal","chan":"stdout","logger":"task"}
{"timestamp":"2025-07-29T20:03:48.573567Z","level":"info","event":"DAG principal","chan":"stdout","logger":"task"}
{"timestamp":"2025-07-29T20:03:48.575341Z","level":"info","event":"{'conn': <ConnectionAccessor (dynamic access)>,","chan":"stdout","logger":"task"}
{"timestamp":"2025-07-29T20:03:48.576064Z","level":"info","event":" 'dag': <DAG: 3_DAG_principal>,","chan":"stdout","logger":"task"}
{"timestamp":"2025-07-29T20:03:48.576196Z","level":"info","event":" 'dag_run': DagRun(dag_id='3_DAG_principal', run_id='scheduled__2024-03-31T20:00:00+00:00', logical_date=datetime.datetime(2024, 3, 31, 20, 0, tzinfo=datetime.timezone.utc), data_interval_start=datetime.datetime(2024, 3, 31, 20, 0, tzinfo=datetime.timezone.utc), data_interval_end=datetime.datetime(2024, 3, 31, 20, 0, tzinfo=datetime.timezone.utc), run_after=datetime.datetime(2024, 3, 31, 20, 0, tzinfo=datetime.timezone.utc), start_date=datetime.datetime(2025, 7, 29, 20, 3, 46, 974142, tzinfo=datetime.timezone.utc), end_date=None, clear_number=0, run_type=<DagRunType.SCHEDULED: 'scheduled'>, conf={}, consumed_asset_events=[]),","chan":"stdout","logger":"task"}
{"timestamp":"2025-07-29T20:03:48.576292Z","level":"info","event":" 'data_interval_end': DateTime(2024, 3, 31, 20, 0, 0, tzinfo=Timezone('UTC')),","chan":"stdout","logger":"task"}
{"timestamp":"2025-07-29T20:03:48.576367Z","level":"info","event":" 'data_interval_start': DateTime(2024, 3, 31, 20, 0, 0, tzinfo=Timezone('UTC')),","chan":"stdout","logger":"task"}
{"timestamp":"2025-07-29T20:03:48.576437Z","level":"info","event":" 'ds': '2024-03-31',","chan":"stdout","logger":"task"}
{"timestamp":"2025-07-29T20:03:48.576515Z","level":"info","event":" 'ds_nodash': '20240331',","chan":"stdout","logger":"task"}
{"timestamp":"2025-07-29T20:03:48.576588Z","level":"info","event":" 'inlet_events': InletEventsAccessors(_inlets=[], _assets={}, _asset_aliases={}),","chan":"stdout","logger":"task"}
{"timestamp":"2025-07-29T20:03:48.576656Z","level":"info","event":" 'inlets': [],","chan":"stdout","logger":"task"}
{"timestamp":"2025-07-29T20:03:48.576728Z","level":"info","event":" 'logical_date': DateTime(2024, 3, 31, 20, 0, 0, tzinfo=Timezone('UTC')),","chan":"stdout","logger":"task"}
{"timestamp":"2025-07-29T20:03:48.578126Z","level":"info","event":" 'macros': <MacrosAccessor (dynamic access to macros)>,","chan":"stdout","logger":"task"}
{"timestamp":"2025-07-29T20:03:48.578232Z","level":"info","event":" 'map_index_template': None,","chan":"stdout","logger":"task"}
{"timestamp":"2025-07-29T20:03:48.578313Z","level":"info","event":" 'outlet_events': <airflow.sdk.execution_time.context.OutletEventAccessors object at 0x7fb66fdb6630>,","chan":"stdout","logger":"task"}
{"timestamp":"2025-07-29T20:03:48.578393Z","level":"info","event":" 'outlets': [],","chan":"stdout","logger":"task"}
{"timestamp":"2025-07-29T20:03:48.578467Z","level":"info","event":" 'params': {},","chan":"stdout","logger":"task"}
{"timestamp":"2025-07-29T20:03:48.594030Z","level":"info","event":" 'prev_data_interval_end_success': <Proxy at 0x7fb66fc874d0 with factory <function RuntimeTaskInstance.get_template_context.<locals>.<lambda> at 0x7fb66fcacfe0>>,","chan":"stdout","logger":"task"}
{"timestamp":"2025-07-29T20:03:48.594344Z","level":"info","event":" 'prev_data_interval_start_success': <Proxy at 0x7fb66fc87560 with factory <function RuntimeTaskInstance.get_template_context.<locals>.<lambda> at 0x7fb66fc9f740>>,","chan":"stdout","logger":"task"}
{"timestamp":"2025-07-29T20:03:48.594449Z","level":"info","event":" 'prev_end_date_success': <Proxy at 0x7fb66fc87800 with factory <function RuntimeTaskInstance.get_template_context.<locals>.<lambda> at 0x7fb66fc9fe20>>,","chan":"stdout","logger":"task"}
{"timestamp":"2025-07-29T20:03:48.594530Z","level":"info","event":" 'prev_start_date_success': <Proxy at 0x7fb66fe96990 with factory <function RuntimeTaskInstance.get_template_context.<locals>.<lambda> at 0x7fb66fc9fce0>>,","chan":"stdout","logger":"task"}
{"timestamp":"2025-07-29T20:03:48.594604Z","level":"info","event":" 'run_id': 'scheduled__2024-03-31T20:00:00+00:00',","chan":"stdout","logger":"task"}
{"timestamp":"2025-07-29T20:03:48.594675Z","level":"info","event":" 'task': <Task(PythonOperator): python_principal>,","chan":"stdout","logger":"task"}
{"timestamp":"2025-07-29T20:03:48.594750Z","level":"info","event":" 'task_instance': RuntimeTaskInstance(id=UUID('019857c8-b086-784c-9ce9-785a641456ec'), task_id='python_principal', dag_id='3_DAG_principal', run_id='scheduled__2024-03-31T20:00:00+00:00', try_number=1, map_index=-1, hostname='bf6f1e7a6f11', context_carrier={}, task=<Task(PythonOperator): python_principal>, bundle_instance=LocalDagBundle(name=dags-folder), max_tries=0, start_date=datetime.datetime(2025, 7, 29, 20, 3, 47, 604645, tzinfo=datetime.timezone.utc), end_date=None, state=<TaskInstanceState.RUNNING: 'running'>, is_mapped=False, rendered_map_index=None, log_url='http://localhost:8080/dags/3_DAG_principal/runs/scheduled__2024-03-31T20%3A00%3A00%2B00%3A00/tasks/python_principal?try_number=1'),","chan":"stdout","logger":"task"}
{"timestamp":"2025-07-29T20:03:48.594821Z","level":"info","event":" 'task_instance_key_str': '3_DAG_principal__python_principal__20240331',","chan":"stdout","logger":"task"}
{"timestamp":"2025-07-29T20:03:48.594894Z","level":"info","event":" 'task_reschedule_count': 0,","chan":"stdout","logger":"task"}
{"timestamp":"2025-07-29T20:03:48.594965Z","level":"info","event":" 'templates_dict': None,","chan":"stdout","logger":"task"}
{"timestamp":"2025-07-29T20:03:48.595034Z","level":"info","event":" 'ti': RuntimeTaskInstance(id=UUID('019857c8-b086-784c-9ce9-785a641456ec'), task_id='python_principal', dag_id='3_DAG_principal', run_id='scheduled__2024-03-31T20:00:00+00:00', try_number=1, map_index=-1, hostname='bf6f1e7a6f11', context_carrier={}, task=<Task(PythonOperator): python_principal>, bundle_instance=LocalDagBundle(name=dags-folder), max_tries=0, start_date=datetime.datetime(2025, 7, 29, 20, 3, 47, 604645, tzinfo=datetime.timezone.utc), end_date=None, state=<TaskInstanceState.RUNNING: 'running'>, is_mapped=False, rendered_map_index=None, log_url='http://localhost:8080/dags/3_DAG_principal/runs/scheduled__2024-03-31T20%3A00%3A00%2B00%3A00/tasks/python_principal?try_number=1'),","chan":"stdout","logger":"task"}
{"timestamp":"2025-07-29T20:03:48.595167Z","level":"info","event":" 'triggering_asset_events': TriggeringAssetEventsAccessor(_events=defaultdict(<class 'list'>, {})),","chan":"stdout","logger":"task"}
{"timestamp":"2025-07-29T20:03:48.595283Z","level":"info","event":" 'ts': '2024-03-31T20:00:00+00:00',","chan":"stdout","logger":"task"}
{"timestamp":"2025-07-29T20:03:48.595364Z","level":"info","event":" 'ts_nodash': '20240331T200000',","chan":"stdout","logger":"task"}
{"timestamp":"2025-07-29T20:03:48.595430Z","level":"info","event":" 'ts_nodash_with_tz': '20240331T200000+0000',","chan":"stdout","logger":"task"}
{"timestamp":"2025-07-29T20:03:48.595496Z","level":"info","event":" 'var': {'json': <VariableAccessor (dynamic access)>,","chan":"stdout","logger":"task"}
{"timestamp":"2025-07-29T20:03:48.595585Z","level":"info","event":"         'value': <VariableAccessor (dynamic access)>}}","chan":"stdout","logger":"task"}
{"timestamp":"2025-07-29T20:03:48.594583","level":"info","event":"Done. Returned value was: principal","logger":"airflow.task.operators.airflow.providers.standard.operators.python.PythonOperator"}
{"timestamp":"2025-07-29T20:03:48.594918","level":"info","event":"Pushing xcom","ti":"RuntimeTaskInstance(id=UUID('019857c8-b086-784c-9ce9-785a641456ec'), task_id='python_principal', dag_id='3_DAG_principal', run_id='scheduled__2024-03-31T20:00:00+00:00', try_number=1, map_index=-1, hostname='bf6f1e7a6f11', context_carrier={}, task=<Task(PythonOperator): python_principal>, bundle_instance=LocalDagBundle(name=dags-folder), max_tries=0, start_date=datetime.datetime(2025, 7, 29, 20, 3, 47, 604645, tzinfo=datetime.timezone.utc), end_date=None, state=<TaskInstanceState.RUNNING: 'running'>, is_mapped=False, rendered_map_index=None, log_url='http://localhost:8080/dags/3_DAG_principal/runs/scheduled__2024-03-31T20%3A00%3A00%2B00%3A00/tasks/python_principal?try_number=1')","logger":"task"}
{"timestamp":"2025-07-29T20:03:48.632368Z","level":"info","event":"Task instance in success state","chan":"stdout","logger":"task"}
{"timestamp":"2025-07-29T20:03:48.632594Z","level":"info","event":" Previous state of the Task instance: TaskInstanceState.RUNNING","chan":"stdout","logger":"task"}
{"timestamp":"2025-07-29T20:03:48.632703Z","level":"info","event":"Task operator:<Task(PythonOperator): python_principal>","chan":"stdout","logger":"task"}
