{"timestamp":"2025-07-29T19:50:19.052964","level":"info","event":"DAG bundles loaded: dags-folder, example_dags","logger":"airflow.dag_processing.bundles.manager.DagBundlesManager"}
{"timestamp":"2025-07-29T19:50:19.053785","level":"info","event":"Filling up the DagBag from /opt/airflow/dags/2_python_operator_v1.py","logger":"airflow.models.dagbag.DagBag"}
{"timestamp":"2025-07-29T19:50:19.088924Z","level":"info","event":"Task instance is in running state","chan":"stdout","logger":"task"}
{"timestamp":"2025-07-29T19:50:19.089076Z","level":"info","event":" Previous state of the Task instance: TaskInstanceState.QUEUED","chan":"stdout","logger":"task"}
{"timestamp":"2025-07-29T19:50:19.089615Z","level":"info","event":"Current task name:python","chan":"stdout","logger":"task"}
{"timestamp":"2025-07-29T19:50:19.089747Z","level":"info","event":"Dag name:python_operator_v1","chan":"stdout","logger":"task"}
{"timestamp":"2025-07-29T19:50:19.090837Z","level":"info","event":"poliana","chan":"stdout","logger":"task"}
{"timestamp":"2025-07-29T19:50:19.091529Z","level":"info","event":"{'conn': <ConnectionAccessor (dynamic access)>,","chan":"stdout","logger":"task"}
{"timestamp":"2025-07-29T19:50:19.091638Z","level":"info","event":" 'dag': <DAG: python_operator_v1>,","chan":"stdout","logger":"task"}
{"timestamp":"2025-07-29T19:50:19.091743Z","level":"info","event":" 'dag_run': DagRun(dag_id='python_operator_v1', run_id='scheduled__2023-06-24T04:19:00+00:00', logical_date=datetime.datetime(2023, 6, 24, 4, 19, tzinfo=datetime.timezone.utc), data_interval_start=datetime.datetime(2023, 6, 24, 4, 19, tzinfo=datetime.timezone.utc), data_interval_end=datetime.datetime(2023, 6, 24, 4, 19, tzinfo=datetime.timezone.utc), run_after=datetime.datetime(2023, 6, 24, 4, 19, tzinfo=datetime.timezone.utc), start_date=datetime.datetime(2025, 7, 29, 19, 50, 17, 347938, tzinfo=datetime.timezone.utc), end_date=None, clear_number=0, run_type=<DagRunType.SCHEDULED: 'scheduled'>, conf={}, consumed_asset_events=[]),","chan":"stdout","logger":"task"}
{"timestamp":"2025-07-29T19:50:19.091804Z","level":"info","event":" 'data_interval_end': DateTime(2023, 6, 24, 4, 19, 0, tzinfo=Timezone('UTC')),","chan":"stdout","logger":"task"}
{"timestamp":"2025-07-29T19:50:19.091851Z","level":"info","event":" 'data_interval_start': DateTime(2023, 6, 24, 4, 19, 0, tzinfo=Timezone('UTC')),","chan":"stdout","logger":"task"}
{"timestamp":"2025-07-29T19:50:19.091895Z","level":"info","event":" 'ds': '2023-06-24',","chan":"stdout","logger":"task"}
{"timestamp":"2025-07-29T19:50:19.091937Z","level":"info","event":" 'ds_nodash': '20230624',","chan":"stdout","logger":"task"}
{"timestamp":"2025-07-29T19:50:19.092003Z","level":"info","event":" 'inlet_events': InletEventsAccessors(_inlets=[], _assets={}, _asset_aliases={}),","chan":"stdout","logger":"task"}
{"timestamp":"2025-07-29T19:50:19.092051Z","level":"info","event":" 'inlets': [],","chan":"stdout","logger":"task"}
{"timestamp":"2025-07-29T19:50:19.092093Z","level":"info","event":" 'logical_date': DateTime(2023, 6, 24, 4, 19, 0, tzinfo=Timezone('UTC')),","chan":"stdout","logger":"task"}
{"timestamp":"2025-07-29T19:50:19.092134Z","level":"info","event":" 'macros': <MacrosAccessor (dynamic access to macros)>,","chan":"stdout","logger":"task"}
{"timestamp":"2025-07-29T19:50:19.092176Z","level":"info","event":" 'map_index_template': None,","chan":"stdout","logger":"task"}
{"timestamp":"2025-07-29T19:50:19.092217Z","level":"info","event":" 'outlet_events': <airflow.sdk.execution_time.context.OutletEventAccessors object at 0x7fb67cbc46e0>,","chan":"stdout","logger":"task"}
{"timestamp":"2025-07-29T19:50:19.092258Z","level":"info","event":" 'outlets': [],","chan":"stdout","logger":"task"}
{"timestamp":"2025-07-29T19:50:19.092300Z","level":"info","event":" 'params': {},","chan":"stdout","logger":"task"}
{"timestamp":"2025-07-29T19:50:19.101373Z","level":"info","event":" 'prev_data_interval_end_success': <Proxy at 0x7fb66fdf0ad0 with factory <function RuntimeTaskInstance.get_template_context.<locals>.<lambda> at 0x7fb66fc00720>>,","chan":"stdout","logger":"task"}
{"timestamp":"2025-07-29T19:50:19.101609Z","level":"info","event":" 'prev_data_interval_start_success': <Proxy at 0x7fb66fd8dc70 with factory <function RuntimeTaskInstance.get_template_context.<locals>.<lambda> at 0x7fb66fc01e40>>,","chan":"stdout","logger":"task"}
{"timestamp":"2025-07-29T19:50:19.101708Z","level":"info","event":" 'prev_end_date_success': <Proxy at 0x7fb677b47410 with factory <function RuntimeTaskInstance.get_template_context.<locals>.<lambda> at 0x7fb66fc01ee0>>,","chan":"stdout","logger":"task"}
{"timestamp":"2025-07-29T19:50:19.101783Z","level":"info","event":" 'prev_start_date_success': <Proxy at 0x7fb67cbff2c0 with factory <function RuntimeTaskInstance.get_template_context.<locals>.<lambda> at 0x7fb66fc00c20>>,","chan":"stdout","logger":"task"}
{"timestamp":"2025-07-29T19:50:19.101849Z","level":"info","event":" 'run_id': 'scheduled__2023-06-24T04:19:00+00:00',","chan":"stdout","logger":"task"}
{"timestamp":"2025-07-29T19:50:19.101913Z","level":"info","event":" 'task': <Task(PythonOperator): python>,","chan":"stdout","logger":"task"}
{"timestamp":"2025-07-29T19:50:19.101979Z","level":"info","event":" 'task_instance': RuntimeTaskInstance(id=UUID('019857bc-55fe-7c5c-ad7a-a51091a8f8c9'), task_id='python', dag_id='python_operator_v1', run_id='scheduled__2023-06-24T04:19:00+00:00', try_number=1, map_index=-1, hostname='bf6f1e7a6f11', context_carrier={}, task=<Task(PythonOperator): python>, bundle_instance=LocalDagBundle(name=dags-folder), max_tries=0, start_date=datetime.datetime(2025, 7, 29, 19, 50, 18, 487013, tzinfo=datetime.timezone.utc), end_date=None, state=<TaskInstanceState.RUNNING: 'running'>, is_mapped=False, rendered_map_index=None, log_url='http://localhost:8080/dags/python_operator_v1/runs/scheduled__2023-06-24T04%3A19%3A00%2B00%3A00/tasks/python?try_number=1'),","chan":"stdout","logger":"task"}
{"timestamp":"2025-07-29T19:50:19.102050Z","level":"info","event":" 'task_instance_key_str': 'python_operator_v1__python__20230624',","chan":"stdout","logger":"task"}
{"timestamp":"2025-07-29T19:50:19.102114Z","level":"info","event":" 'task_reschedule_count': 0,","chan":"stdout","logger":"task"}
{"timestamp":"2025-07-29T19:50:19.102236Z","level":"info","event":" 'templates_dict': None,","chan":"stdout","logger":"task"}
{"timestamp":"2025-07-29T19:50:19.102311Z","level":"info","event":" 'ti': RuntimeTaskInstance(id=UUID('019857bc-55fe-7c5c-ad7a-a51091a8f8c9'), task_id='python', dag_id='python_operator_v1', run_id='scheduled__2023-06-24T04:19:00+00:00', try_number=1, map_index=-1, hostname='bf6f1e7a6f11', context_carrier={}, task=<Task(PythonOperator): python>, bundle_instance=LocalDagBundle(name=dags-folder), max_tries=0, start_date=datetime.datetime(2025, 7, 29, 19, 50, 18, 487013, tzinfo=datetime.timezone.utc), end_date=None, state=<TaskInstanceState.RUNNING: 'running'>, is_mapped=False, rendered_map_index=None, log_url='http://localhost:8080/dags/python_operator_v1/runs/scheduled__2023-06-24T04%3A19%3A00%2B00%3A00/tasks/python?try_number=1'),","chan":"stdout","logger":"task"}
{"timestamp":"2025-07-29T19:50:19.102378Z","level":"info","event":" 'triggering_asset_events': TriggeringAssetEventsAccessor(_events=defaultdict(<class 'list'>, {})),","chan":"stdout","logger":"task"}
{"timestamp":"2025-07-29T19:50:19.102441Z","level":"info","event":" 'ts': '2023-06-24T04:19:00+00:00',","chan":"stdout","logger":"task"}
{"timestamp":"2025-07-29T19:50:19.102502Z","level":"info","event":" 'ts_nodash': '20230624T041900',","chan":"stdout","logger":"task"}
{"timestamp":"2025-07-29T19:50:19.102561Z","level":"info","event":" 'ts_nodash_with_tz': '20230624T041900+0000',","chan":"stdout","logger":"task"}
{"timestamp":"2025-07-29T19:50:19.102633Z","level":"info","event":" 'var': {'json': <VariableAccessor (dynamic access)>,","chan":"stdout","logger":"task"}
{"timestamp":"2025-07-29T19:50:19.102695Z","level":"info","event":"         'value': <VariableAccessor (dynamic access)>}}","chan":"stdout","logger":"task"}
{"timestamp":"2025-07-29T19:50:19.102488","level":"info","event":"Done. Returned value was: 123","logger":"airflow.task.operators.airflow.providers.standard.operators.python.PythonOperator"}
{"timestamp":"2025-07-29T19:50:19.102880","level":"info","event":"Pushing xcom","ti":"RuntimeTaskInstance(id=UUID('019857bc-55fe-7c5c-ad7a-a51091a8f8c9'), task_id='python', dag_id='python_operator_v1', run_id='scheduled__2023-06-24T04:19:00+00:00', try_number=1, map_index=-1, hostname='bf6f1e7a6f11', context_carrier={}, task=<Task(PythonOperator): python>, bundle_instance=LocalDagBundle(name=dags-folder), max_tries=0, start_date=datetime.datetime(2025, 7, 29, 19, 50, 18, 487013, tzinfo=datetime.timezone.utc), end_date=None, state=<TaskInstanceState.RUNNING: 'running'>, is_mapped=False, rendered_map_index=None, log_url='http://localhost:8080/dags/python_operator_v1/runs/scheduled__2023-06-24T04%3A19%3A00%2B00%3A00/tasks/python?try_number=1')","logger":"task"}
{"timestamp":"2025-07-29T19:50:19.130117Z","level":"info","event":"Task instance in success state","chan":"stdout","logger":"task"}
{"timestamp":"2025-07-29T19:50:19.130278Z","level":"info","event":" Previous state of the Task instance: TaskInstanceState.RUNNING","chan":"stdout","logger":"task"}
{"timestamp":"2025-07-29T19:50:19.130408Z","level":"info","event":"Task operator:<Task(PythonOperator): python>","chan":"stdout","logger":"task"}
