{"timestamp":"2025-07-29T19:29:19.638433","level":"info","event":"DAG bundles loaded: dags-folder, example_dags","logger":"airflow.dag_processing.bundles.manager.DagBundlesManager"}
{"timestamp":"2025-07-29T19:29:19.639041","level":"info","event":"Filling up the DagBag from /opt/airflow/dags/python_operator_v1.py","logger":"airflow.models.dagbag.DagBag"}
{"timestamp":"2025-07-29T19:29:19.689102Z","level":"info","event":"Task instance is in running state","chan":"stdout","logger":"task"}
{"timestamp":"2025-07-29T19:29:19.689285Z","level":"info","event":" Previous state of the Task instance: TaskInstanceState.QUEUED","chan":"stdout","logger":"task"}
{"timestamp":"2025-07-29T19:29:19.690056Z","level":"info","event":"Current task name:python","chan":"stdout","logger":"task"}
{"timestamp":"2025-07-29T19:29:19.690173Z","level":"info","event":"Dag name:python_operator_v1","chan":"stdout","logger":"task"}
{"timestamp":"2025-07-29T19:29:19.691527Z","level":"info","event":"poliana","chan":"stdout","logger":"task"}
{"timestamp":"2025-07-29T19:29:19.692462Z","level":"info","event":"{'conn': <ConnectionAccessor (dynamic access)>,","chan":"stdout","logger":"task"}
{"timestamp":"2025-07-29T19:29:19.692629Z","level":"info","event":" 'dag': <DAG: python_operator_v1>,","chan":"stdout","logger":"task"}
{"timestamp":"2025-07-29T19:29:19.692792Z","level":"info","event":" 'dag_run': DagRun(dag_id='python_operator_v1', run_id='scheduled__2023-06-23T05:36:00+00:00', logical_date=datetime.datetime(2023, 6, 23, 5, 36, tzinfo=datetime.timezone.utc), data_interval_start=datetime.datetime(2023, 6, 23, 5, 36, tzinfo=datetime.timezone.utc), data_interval_end=datetime.datetime(2023, 6, 23, 5, 36, tzinfo=datetime.timezone.utc), run_after=datetime.datetime(2023, 6, 23, 5, 36, tzinfo=datetime.timezone.utc), start_date=datetime.datetime(2025, 7, 29, 19, 29, 18, 688427, tzinfo=datetime.timezone.utc), end_date=None, clear_number=0, run_type=<DagRunType.SCHEDULED: 'scheduled'>, conf={}, consumed_asset_events=[]),","chan":"stdout","logger":"task"}
{"timestamp":"2025-07-29T19:29:19.692903Z","level":"info","event":" 'data_interval_end': DateTime(2023, 6, 23, 5, 36, 0, tzinfo=Timezone('UTC')),","chan":"stdout","logger":"task"}
{"timestamp":"2025-07-29T19:29:19.692977Z","level":"info","event":" 'data_interval_start': DateTime(2023, 6, 23, 5, 36, 0, tzinfo=Timezone('UTC')),","chan":"stdout","logger":"task"}
{"timestamp":"2025-07-29T19:29:19.693038Z","level":"info","event":" 'ds': '2023-06-23',","chan":"stdout","logger":"task"}
{"timestamp":"2025-07-29T19:29:19.693103Z","level":"info","event":" 'ds_nodash': '20230623',","chan":"stdout","logger":"task"}
{"timestamp":"2025-07-29T19:29:19.693167Z","level":"info","event":" 'inlet_events': InletEventsAccessors(_inlets=[], _assets={}, _asset_aliases={}),","chan":"stdout","logger":"task"}
{"timestamp":"2025-07-29T19:29:19.693229Z","level":"info","event":" 'inlets': [],","chan":"stdout","logger":"task"}
{"timestamp":"2025-07-29T19:29:19.693291Z","level":"info","event":" 'logical_date': DateTime(2023, 6, 23, 5, 36, 0, tzinfo=Timezone('UTC')),","chan":"stdout","logger":"task"}
{"timestamp":"2025-07-29T19:29:19.693354Z","level":"info","event":" 'macros': <MacrosAccessor (dynamic access to macros)>,","chan":"stdout","logger":"task"}
{"timestamp":"2025-07-29T19:29:19.693418Z","level":"info","event":" 'map_index_template': None,","chan":"stdout","logger":"task"}
{"timestamp":"2025-07-29T19:29:19.693475Z","level":"info","event":" 'outlet_events': <airflow.sdk.execution_time.context.OutletEventAccessors object at 0x7fb67b537a70>,","chan":"stdout","logger":"task"}
{"timestamp":"2025-07-29T19:29:19.693536Z","level":"info","event":" 'outlets': [],","chan":"stdout","logger":"task"}
{"timestamp":"2025-07-29T19:29:19.693597Z","level":"info","event":" 'params': {},","chan":"stdout","logger":"task"}
{"timestamp":"2025-07-29T19:29:19.705330Z","level":"info","event":" 'prev_data_interval_end_success': <Proxy at 0x7fb66fc4ce00 with factory <function RuntimeTaskInstance.get_template_context.<locals>.<lambda> at 0x7fb66fc60220>>,","chan":"stdout","logger":"task"}
{"timestamp":"2025-07-29T19:29:19.705606Z","level":"info","event":" 'prev_data_interval_start_success': <Proxy at 0x7fb66fc4cd70 with factory <function RuntimeTaskInstance.get_template_context.<locals>.<lambda> at 0x7fb66fc61940>>,","chan":"stdout","logger":"task"}
{"timestamp":"2025-07-29T19:29:19.705706Z","level":"info","event":" 'prev_end_date_success': <Proxy at 0x7fb66feef680 with factory <function RuntimeTaskInstance.get_template_context.<locals>.<lambda> at 0x7fb66fc619e0>>,","chan":"stdout","logger":"task"}
{"timestamp":"2025-07-29T19:29:19.705780Z","level":"info","event":" 'prev_start_date_success': <Proxy at 0x7fb67badaf00 with factory <function RuntimeTaskInstance.get_template_context.<locals>.<lambda> at 0x7fb66fc60720>>,","chan":"stdout","logger":"task"}
{"timestamp":"2025-07-29T19:29:19.705858Z","level":"info","event":" 'run_id': 'scheduled__2023-06-23T05:36:00+00:00',","chan":"stdout","logger":"task"}
{"timestamp":"2025-07-29T19:29:19.705932Z","level":"info","event":" 'task': <Task(PythonOperator): python>,","chan":"stdout","logger":"task"}
{"timestamp":"2025-07-29T19:29:19.706000Z","level":"info","event":" 'task_instance': RuntimeTaskInstance(id=UUID('019857a9-2153-7679-a1fb-1aa3d943a7be'), task_id='python', dag_id='python_operator_v1', run_id='scheduled__2023-06-23T05:36:00+00:00', try_number=1, map_index=-1, hostname='bf6f1e7a6f11', context_carrier={}, task=<Task(PythonOperator): python>, bundle_instance=LocalDagBundle(name=dags-folder), max_tries=0, start_date=datetime.datetime(2025, 7, 29, 19, 29, 19, 14263, tzinfo=datetime.timezone.utc), end_date=None, state=<TaskInstanceState.RUNNING: 'running'>, is_mapped=False, rendered_map_index=None, log_url='http://localhost:8080/dags/python_operator_v1/runs/scheduled__2023-06-23T05%3A36%3A00%2B00%3A00/tasks/python?try_number=1'),","chan":"stdout","logger":"task"}
{"timestamp":"2025-07-29T19:29:19.706074Z","level":"info","event":" 'task_instance_key_str': 'python_operator_v1__python__20230623',","chan":"stdout","logger":"task"}
{"timestamp":"2025-07-29T19:29:19.706141Z","level":"info","event":" 'task_reschedule_count': 0,","chan":"stdout","logger":"task"}
{"timestamp":"2025-07-29T19:29:19.706204Z","level":"info","event":" 'templates_dict': None,","chan":"stdout","logger":"task"}
{"timestamp":"2025-07-29T19:29:19.706288Z","level":"info","event":" 'ti': RuntimeTaskInstance(id=UUID('019857a9-2153-7679-a1fb-1aa3d943a7be'), task_id='python', dag_id='python_operator_v1', run_id='scheduled__2023-06-23T05:36:00+00:00', try_number=1, map_index=-1, hostname='bf6f1e7a6f11', context_carrier={}, task=<Task(PythonOperator): python>, bundle_instance=LocalDagBundle(name=dags-folder), max_tries=0, start_date=datetime.datetime(2025, 7, 29, 19, 29, 19, 14263, tzinfo=datetime.timezone.utc), end_date=None, state=<TaskInstanceState.RUNNING: 'running'>, is_mapped=False, rendered_map_index=None, log_url='http://localhost:8080/dags/python_operator_v1/runs/scheduled__2023-06-23T05%3A36%3A00%2B00%3A00/tasks/python?try_number=1'),","chan":"stdout","logger":"task"}
{"timestamp":"2025-07-29T19:29:19.706340Z","level":"info","event":" 'triggering_asset_events': TriggeringAssetEventsAccessor(_events=defaultdict(<class 'list'>, {})),","chan":"stdout","logger":"task"}
{"timestamp":"2025-07-29T19:29:19.706383Z","level":"info","event":" 'ts': '2023-06-23T05:36:00+00:00',","chan":"stdout","logger":"task"}
{"timestamp":"2025-07-29T19:29:19.706424Z","level":"info","event":" 'ts_nodash': '20230623T053600',","chan":"stdout","logger":"task"}
{"timestamp":"2025-07-29T19:29:19.706464Z","level":"info","event":" 'ts_nodash_with_tz': '20230623T053600+0000',","chan":"stdout","logger":"task"}
{"timestamp":"2025-07-29T19:29:19.706504Z","level":"info","event":" 'var': {'json': <VariableAccessor (dynamic access)>,","chan":"stdout","logger":"task"}
{"timestamp":"2025-07-29T19:29:19.706544Z","level":"info","event":"         'value': <VariableAccessor (dynamic access)>}}","chan":"stdout","logger":"task"}
{"timestamp":"2025-07-29T19:29:19.706496","level":"info","event":"Done. Returned value was: 123","logger":"airflow.task.operators.airflow.providers.standard.operators.python.PythonOperator"}
{"timestamp":"2025-07-29T19:29:19.706800","level":"info","event":"Pushing xcom","ti":"RuntimeTaskInstance(id=UUID('019857a9-2153-7679-a1fb-1aa3d943a7be'), task_id='python', dag_id='python_operator_v1', run_id='scheduled__2023-06-23T05:36:00+00:00', try_number=1, map_index=-1, hostname='bf6f1e7a6f11', context_carrier={}, task=<Task(PythonOperator): python>, bundle_instance=LocalDagBundle(name=dags-folder), max_tries=0, start_date=datetime.datetime(2025, 7, 29, 19, 29, 19, 14263, tzinfo=datetime.timezone.utc), end_date=None, state=<TaskInstanceState.RUNNING: 'running'>, is_mapped=False, rendered_map_index=None, log_url='http://localhost:8080/dags/python_operator_v1/runs/scheduled__2023-06-23T05%3A36%3A00%2B00%3A00/tasks/python?try_number=1')","logger":"task"}
{"timestamp":"2025-07-29T19:29:19.736445Z","level":"info","event":"Task instance in success state","chan":"stdout","logger":"task"}
{"timestamp":"2025-07-29T19:29:19.736634Z","level":"info","event":" Previous state of the Task instance: TaskInstanceState.RUNNING","chan":"stdout","logger":"task"}
{"timestamp":"2025-07-29T19:29:19.736783Z","level":"info","event":"Task operator:<Task(PythonOperator): python>","chan":"stdout","logger":"task"}
