{"timestamp":"2025-07-29T19:58:38.918599","level":"info","event":"DAG bundles loaded: dags-folder, example_dags","logger":"airflow.dag_processing.bundles.manager.DagBundlesManager"}
{"timestamp":"2025-07-29T19:58:38.919476","level":"info","event":"Filling up the DagBag from /opt/airflow/dags/2_python_operator_v1.py","logger":"airflow.models.dagbag.DagBag"}
{"timestamp":"2025-07-29T19:58:38.967198Z","level":"info","event":"Task instance is in running state","chan":"stdout","logger":"task"}
{"timestamp":"2025-07-29T19:58:38.967827Z","level":"info","event":" Previous state of the Task instance: TaskInstanceState.QUEUED","chan":"stdout","logger":"task"}
{"timestamp":"2025-07-29T19:58:38.970286Z","level":"info","event":"Current task name:python","chan":"stdout","logger":"task"}
{"timestamp":"2025-07-29T19:58:38.970609Z","level":"info","event":"Dag name:python_operator_v1","chan":"stdout","logger":"task"}
{"timestamp":"2025-07-29T19:58:38.973248Z","level":"info","event":"poliana","chan":"stdout","logger":"task"}
{"timestamp":"2025-07-29T19:58:38.974461Z","level":"info","event":"{'conn': <ConnectionAccessor (dynamic access)>,","chan":"stdout","logger":"task"}
{"timestamp":"2025-07-29T19:58:38.974699Z","level":"info","event":" 'dag': <DAG: python_operator_v1>,","chan":"stdout","logger":"task"}
{"timestamp":"2025-07-29T19:58:38.974911Z","level":"info","event":" 'dag_run': DagRun(dag_id='python_operator_v1', run_id='scheduled__2023-06-24T13:12:00+00:00', logical_date=datetime.datetime(2023, 6, 24, 13, 12, tzinfo=datetime.timezone.utc), data_interval_start=datetime.datetime(2023, 6, 24, 13, 12, tzinfo=datetime.timezone.utc), data_interval_end=datetime.datetime(2023, 6, 24, 13, 12, tzinfo=datetime.timezone.utc), run_after=datetime.datetime(2023, 6, 24, 13, 12, tzinfo=datetime.timezone.utc), start_date=datetime.datetime(2025, 7, 29, 19, 58, 37, 109191, tzinfo=datetime.timezone.utc), end_date=None, clear_number=0, run_type=<DagRunType.SCHEDULED: 'scheduled'>, conf={}, consumed_asset_events=[]),","chan":"stdout","logger":"task"}
{"timestamp":"2025-07-29T19:58:38.975033Z","level":"info","event":" 'data_interval_end': DateTime(2023, 6, 24, 13, 12, 0, tzinfo=Timezone('UTC')),","chan":"stdout","logger":"task"}
{"timestamp":"2025-07-29T19:58:38.975120Z","level":"info","event":" 'data_interval_start': DateTime(2023, 6, 24, 13, 12, 0, tzinfo=Timezone('UTC')),","chan":"stdout","logger":"task"}
{"timestamp":"2025-07-29T19:58:38.975197Z","level":"info","event":" 'ds': '2023-06-24',","chan":"stdout","logger":"task"}
{"timestamp":"2025-07-29T19:58:38.975271Z","level":"info","event":" 'ds_nodash': '20230624',","chan":"stdout","logger":"task"}
{"timestamp":"2025-07-29T19:58:38.975343Z","level":"info","event":" 'inlet_events': InletEventsAccessors(_inlets=[], _assets={}, _asset_aliases={}),","chan":"stdout","logger":"task"}
{"timestamp":"2025-07-29T19:58:38.975411Z","level":"info","event":" 'inlets': [],","chan":"stdout","logger":"task"}
{"timestamp":"2025-07-29T19:58:38.975477Z","level":"info","event":" 'logical_date': DateTime(2023, 6, 24, 13, 12, 0, tzinfo=Timezone('UTC')),","chan":"stdout","logger":"task"}
{"timestamp":"2025-07-29T19:58:38.975543Z","level":"info","event":" 'macros': <MacrosAccessor (dynamic access to macros)>,","chan":"stdout","logger":"task"}
{"timestamp":"2025-07-29T19:58:38.975607Z","level":"info","event":" 'map_index_template': None,","chan":"stdout","logger":"task"}
{"timestamp":"2025-07-29T19:58:38.975697Z","level":"info","event":" 'outlet_events': <airflow.sdk.execution_time.context.OutletEventAccessors object at 0x7fb677acfa70>,","chan":"stdout","logger":"task"}
{"timestamp":"2025-07-29T19:58:38.975772Z","level":"info","event":" 'outlets': [],","chan":"stdout","logger":"task"}
{"timestamp":"2025-07-29T19:58:38.975840Z","level":"info","event":" 'params': {},","chan":"stdout","logger":"task"}
{"timestamp":"2025-07-29T19:58:38.990714Z","level":"info","event":" 'prev_data_interval_end_success': <Proxy at 0x7fb66fc18c50 with factory <function RuntimeTaskInstance.get_template_context.<locals>.<lambda> at 0x7fb66fc30400>>,","chan":"stdout","logger":"task"}
{"timestamp":"2025-07-29T19:58:38.990917Z","level":"info","event":" 'prev_data_interval_start_success': <Proxy at 0x7fb66fc18cb0 with factory <function RuntimeTaskInstance.get_template_context.<locals>.<lambda> at 0x7fb66fc2b240>>,","chan":"stdout","logger":"task"}
{"timestamp":"2025-07-29T19:58:38.990986Z","level":"info","event":" 'prev_end_date_success': <Proxy at 0x7fb66fc19040 with factory <function RuntimeTaskInstance.get_template_context.<locals>.<lambda> at 0x7fb66fc2ac00>>,","chan":"stdout","logger":"task"}
{"timestamp":"2025-07-29T19:58:38.991036Z","level":"info","event":" 'prev_start_date_success': <Proxy at 0x7fb67cac65d0 with factory <function RuntimeTaskInstance.get_template_context.<locals>.<lambda> at 0x7fb66fc2b100>>,","chan":"stdout","logger":"task"}
{"timestamp":"2025-07-29T19:58:38.991080Z","level":"info","event":" 'run_id': 'scheduled__2023-06-24T13:12:00+00:00',","chan":"stdout","logger":"task"}
{"timestamp":"2025-07-29T19:58:38.991123Z","level":"info","event":" 'task': <Task(PythonOperator): python>,","chan":"stdout","logger":"task"}
{"timestamp":"2025-07-29T19:58:38.991207Z","level":"info","event":" 'task_instance': RuntimeTaskInstance(id=UUID('019857c3-f61b-7b37-abf9-3429a56aebf0'), task_id='python', dag_id='python_operator_v1', run_id='scheduled__2023-06-24T13:12:00+00:00', try_number=1, map_index=-1, hostname='bf6f1e7a6f11', context_carrier={}, task=<Task(PythonOperator): python>, bundle_instance=LocalDagBundle(name=dags-folder), max_tries=0, start_date=datetime.datetime(2025, 7, 29, 19, 58, 38, 320839, tzinfo=datetime.timezone.utc), end_date=None, state=<TaskInstanceState.RUNNING: 'running'>, is_mapped=False, rendered_map_index=None, log_url='http://localhost:8080/dags/python_operator_v1/runs/scheduled__2023-06-24T13%3A12%3A00%2B00%3A00/tasks/python?try_number=1'),","chan":"stdout","logger":"task"}
{"timestamp":"2025-07-29T19:58:38.991312Z","level":"info","event":" 'task_instance_key_str': 'python_operator_v1__python__20230624',","chan":"stdout","logger":"task"}
{"timestamp":"2025-07-29T19:58:38.991391Z","level":"info","event":" 'task_reschedule_count': 0,","chan":"stdout","logger":"task"}
{"timestamp":"2025-07-29T19:58:38.991466Z","level":"info","event":" 'templates_dict': None,","chan":"stdout","logger":"task"}
{"timestamp":"2025-07-29T19:58:38.991543Z","level":"info","event":" 'ti': RuntimeTaskInstance(id=UUID('019857c3-f61b-7b37-abf9-3429a56aebf0'), task_id='python', dag_id='python_operator_v1', run_id='scheduled__2023-06-24T13:12:00+00:00', try_number=1, map_index=-1, hostname='bf6f1e7a6f11', context_carrier={}, task=<Task(PythonOperator): python>, bundle_instance=LocalDagBundle(name=dags-folder), max_tries=0, start_date=datetime.datetime(2025, 7, 29, 19, 58, 38, 320839, tzinfo=datetime.timezone.utc), end_date=None, state=<TaskInstanceState.RUNNING: 'running'>, is_mapped=False, rendered_map_index=None, log_url='http://localhost:8080/dags/python_operator_v1/runs/scheduled__2023-06-24T13%3A12%3A00%2B00%3A00/tasks/python?try_number=1'),","chan":"stdout","logger":"task"}
{"timestamp":"2025-07-29T19:58:38.991623Z","level":"info","event":" 'triggering_asset_events': TriggeringAssetEventsAccessor(_events=defaultdict(<class 'list'>, {})),","chan":"stdout","logger":"task"}
{"timestamp":"2025-07-29T19:58:38.991700Z","level":"info","event":" 'ts': '2023-06-24T13:12:00+00:00',","chan":"stdout","logger":"task"}
{"timestamp":"2025-07-29T19:58:38.991767Z","level":"info","event":" 'ts_nodash': '20230624T131200',","chan":"stdout","logger":"task"}
{"timestamp":"2025-07-29T19:58:38.991836Z","level":"info","event":" 'ts_nodash_with_tz': '20230624T131200+0000',","chan":"stdout","logger":"task"}
{"timestamp":"2025-07-29T19:58:38.991905Z","level":"info","event":" 'var': {'json': <VariableAccessor (dynamic access)>,","chan":"stdout","logger":"task"}
{"timestamp":"2025-07-29T19:58:38.991980Z","level":"info","event":"         'value': <VariableAccessor (dynamic access)>}}","chan":"stdout","logger":"task"}
{"timestamp":"2025-07-29T19:58:38.991795","level":"info","event":"Done. Returned value was: 123","logger":"airflow.task.operators.airflow.providers.standard.operators.python.PythonOperator"}
{"timestamp":"2025-07-29T19:58:38.992083","level":"info","event":"Pushing xcom","ti":"RuntimeTaskInstance(id=UUID('019857c3-f61b-7b37-abf9-3429a56aebf0'), task_id='python', dag_id='python_operator_v1', run_id='scheduled__2023-06-24T13:12:00+00:00', try_number=1, map_index=-1, hostname='bf6f1e7a6f11', context_carrier={}, task=<Task(PythonOperator): python>, bundle_instance=LocalDagBundle(name=dags-folder), max_tries=0, start_date=datetime.datetime(2025, 7, 29, 19, 58, 38, 320839, tzinfo=datetime.timezone.utc), end_date=None, state=<TaskInstanceState.RUNNING: 'running'>, is_mapped=False, rendered_map_index=None, log_url='http://localhost:8080/dags/python_operator_v1/runs/scheduled__2023-06-24T13%3A12%3A00%2B00%3A00/tasks/python?try_number=1')","logger":"task"}
{"timestamp":"2025-07-29T19:58:39.028550Z","level":"info","event":"Task instance in success state","chan":"stdout","logger":"task"}
{"timestamp":"2025-07-29T19:58:39.029225Z","level":"info","event":" Previous state of the Task instance: TaskInstanceState.RUNNING","chan":"stdout","logger":"task"}
{"timestamp":"2025-07-29T19:58:39.029817Z","level":"info","event":"Task operator:<Task(PythonOperator): python>","chan":"stdout","logger":"task"}
