{"timestamp":"2025-07-29T20:09:32.664494","level":"info","event":"DAG bundles loaded: dags-folder, example_dags","logger":"airflow.dag_processing.bundles.manager.DagBundlesManager"}
{"timestamp":"2025-07-29T20:09:32.665112","level":"info","event":"Filling up the DagBag from /opt/airflow/dags/3_dag_principal.py","logger":"airflow.models.dagbag.DagBag"}
{"timestamp":"2025-07-29T20:09:32.687429Z","level":"info","event":"Task instance is in running state","chan":"stdout","logger":"task"}
{"timestamp":"2025-07-29T20:09:32.687561Z","level":"info","event":" Previous state of the Task instance: TaskInstanceState.QUEUED","chan":"stdout","logger":"task"}
{"timestamp":"2025-07-29T20:09:32.688099Z","level":"info","event":"Current task name:python_principal","chan":"stdout","logger":"task"}
{"timestamp":"2025-07-29T20:09:32.688192Z","level":"info","event":"Dag name:3_DAG_principal","chan":"stdout","logger":"task"}
{"timestamp":"2025-07-29T20:09:32.689272Z","level":"info","event":"DAG principal","chan":"stdout","logger":"task"}
{"timestamp":"2025-07-29T20:09:32.689874Z","level":"info","event":"{'conn': <ConnectionAccessor (dynamic access)>,","chan":"stdout","logger":"task"}
{"timestamp":"2025-07-29T20:09:32.689965Z","level":"info","event":" 'dag': <DAG: 3_DAG_principal>,","chan":"stdout","logger":"task"}
{"timestamp":"2025-07-29T20:09:32.690061Z","level":"info","event":" 'dag_run': DagRun(dag_id='3_DAG_principal', run_id='scheduled__2025-01-30T20:00:00+00:00', logical_date=datetime.datetime(2025, 1, 30, 20, 0, tzinfo=datetime.timezone.utc), data_interval_start=datetime.datetime(2025, 1, 30, 20, 0, tzinfo=datetime.timezone.utc), data_interval_end=datetime.datetime(2025, 1, 30, 20, 0, tzinfo=datetime.timezone.utc), run_after=datetime.datetime(2025, 1, 30, 20, 0, tzinfo=datetime.timezone.utc), start_date=datetime.datetime(2025, 7, 29, 20, 9, 31, 538513, tzinfo=datetime.timezone.utc), end_date=None, clear_number=0, run_type=<DagRunType.SCHEDULED: 'scheduled'>, conf={}, consumed_asset_events=[]),","chan":"stdout","logger":"task"}
{"timestamp":"2025-07-29T20:09:32.690123Z","level":"info","event":" 'data_interval_end': DateTime(2025, 1, 30, 20, 0, 0, tzinfo=Timezone('UTC')),","chan":"stdout","logger":"task"}
{"timestamp":"2025-07-29T20:09:32.690173Z","level":"info","event":" 'data_interval_start': DateTime(2025, 1, 30, 20, 0, 0, tzinfo=Timezone('UTC')),","chan":"stdout","logger":"task"}
{"timestamp":"2025-07-29T20:09:32.690222Z","level":"info","event":" 'ds': '2025-01-30',","chan":"stdout","logger":"task"}
{"timestamp":"2025-07-29T20:09:32.690302Z","level":"info","event":" 'ds_nodash': '20250130',","chan":"stdout","logger":"task"}
{"timestamp":"2025-07-29T20:09:32.690353Z","level":"info","event":" 'inlet_events': InletEventsAccessors(_inlets=[], _assets={}, _asset_aliases={}),","chan":"stdout","logger":"task"}
{"timestamp":"2025-07-29T20:09:32.690395Z","level":"info","event":" 'inlets': [],","chan":"stdout","logger":"task"}
{"timestamp":"2025-07-29T20:09:32.690435Z","level":"info","event":" 'logical_date': DateTime(2025, 1, 30, 20, 0, 0, tzinfo=Timezone('UTC')),","chan":"stdout","logger":"task"}
{"timestamp":"2025-07-29T20:09:32.690475Z","level":"info","event":" 'macros': <MacrosAccessor (dynamic access to macros)>,","chan":"stdout","logger":"task"}
{"timestamp":"2025-07-29T20:09:32.690515Z","level":"info","event":" 'map_index_template': None,","chan":"stdout","logger":"task"}
{"timestamp":"2025-07-29T20:09:32.690555Z","level":"info","event":" 'outlet_events': <airflow.sdk.execution_time.context.OutletEventAccessors object at 0x7fb67ebceff0>,","chan":"stdout","logger":"task"}
{"timestamp":"2025-07-29T20:09:32.690595Z","level":"info","event":" 'outlets': [],","chan":"stdout","logger":"task"}
{"timestamp":"2025-07-29T20:09:32.690634Z","level":"info","event":" 'params': {},","chan":"stdout","logger":"task"}
{"timestamp":"2025-07-29T20:09:32.699821Z","level":"info","event":" 'prev_data_interval_end_success': <Proxy at 0x7fb66fdae3c0 with factory <function RuntimeTaskInstance.get_template_context.<locals>.<lambda> at 0x7fb66fdc31a0>>,","chan":"stdout","logger":"task"}
{"timestamp":"2025-07-29T20:09:32.699989Z","level":"info","event":" 'prev_data_interval_start_success': <Proxy at 0x7fb66fdae450 with factory <function RuntimeTaskInstance.get_template_context.<locals>.<lambda> at 0x7fb66fdc19e0>>,","chan":"stdout","logger":"task"}
{"timestamp":"2025-07-29T20:09:32.700090Z","level":"info","event":" 'prev_end_date_success': <Proxy at 0x7fb66fdac6e0 with factory <function RuntimeTaskInstance.get_template_context.<locals>.<lambda> at 0x7fb66fdc3240>>,","chan":"stdout","logger":"task"}
{"timestamp":"2025-07-29T20:09:32.700144Z","level":"info","event":" 'prev_start_date_success': <Proxy at 0x7fb66fdae7b0 with factory <function RuntimeTaskInstance.get_template_context.<locals>.<lambda> at 0x7fb66fdc1f80>>,","chan":"stdout","logger":"task"}
{"timestamp":"2025-07-29T20:09:32.700209Z","level":"info","event":" 'run_id': 'scheduled__2025-01-30T20:00:00+00:00',","chan":"stdout","logger":"task"}
{"timestamp":"2025-07-29T20:09:32.700278Z","level":"info","event":" 'task': <Task(PythonOperator): python_principal>,","chan":"stdout","logger":"task"}
{"timestamp":"2025-07-29T20:09:32.700345Z","level":"info","event":" 'task_instance': RuntimeTaskInstance(id=UUID('019857cd-f286-74f1-b165-13dece775fd6'), task_id='python_principal', dag_id='3_DAG_principal', run_id='scheduled__2025-01-30T20:00:00+00:00', try_number=1, map_index=-1, hostname='bf6f1e7a6f11', context_carrier={}, task=<Task(PythonOperator): python_principal>, bundle_instance=LocalDagBundle(name=dags-folder), max_tries=0, start_date=datetime.datetime(2025, 7, 29, 20, 9, 32, 127748, tzinfo=datetime.timezone.utc), end_date=None, state=<TaskInstanceState.RUNNING: 'running'>, is_mapped=False, rendered_map_index=None, log_url='http://localhost:8080/dags/3_DAG_principal/runs/scheduled__2025-01-30T20%3A00%3A00%2B00%3A00/tasks/python_principal?try_number=1'),","chan":"stdout","logger":"task"}
{"timestamp":"2025-07-29T20:09:32.700392Z","level":"info","event":" 'task_instance_key_str': '3_DAG_principal__python_principal__20250130',","chan":"stdout","logger":"task"}
{"timestamp":"2025-07-29T20:09:32.700434Z","level":"info","event":" 'task_reschedule_count': 0,","chan":"stdout","logger":"task"}
{"timestamp":"2025-07-29T20:09:32.700477Z","level":"info","event":" 'templates_dict': None,","chan":"stdout","logger":"task"}
{"timestamp":"2025-07-29T20:09:32.700520Z","level":"info","event":" 'ti': RuntimeTaskInstance(id=UUID('019857cd-f286-74f1-b165-13dece775fd6'), task_id='python_principal', dag_id='3_DAG_principal', run_id='scheduled__2025-01-30T20:00:00+00:00', try_number=1, map_index=-1, hostname='bf6f1e7a6f11', context_carrier={}, task=<Task(PythonOperator): python_principal>, bundle_instance=LocalDagBundle(name=dags-folder), max_tries=0, start_date=datetime.datetime(2025, 7, 29, 20, 9, 32, 127748, tzinfo=datetime.timezone.utc), end_date=None, state=<TaskInstanceState.RUNNING: 'running'>, is_mapped=False, rendered_map_index=None, log_url='http://localhost:8080/dags/3_DAG_principal/runs/scheduled__2025-01-30T20%3A00%3A00%2B00%3A00/tasks/python_principal?try_number=1'),","chan":"stdout","logger":"task"}
{"timestamp":"2025-07-29T20:09:32.700563Z","level":"info","event":" 'triggering_asset_events': TriggeringAssetEventsAccessor(_events=defaultdict(<class 'list'>, {})),","chan":"stdout","logger":"task"}
{"timestamp":"2025-07-29T20:09:32.700603Z","level":"info","event":" 'ts': '2025-01-30T20:00:00+00:00',","chan":"stdout","logger":"task"}
{"timestamp":"2025-07-29T20:09:32.700674Z","level":"info","event":" 'ts_nodash': '20250130T200000',","chan":"stdout","logger":"task"}
{"timestamp":"2025-07-29T20:09:32.700720Z","level":"info","event":" 'ts_nodash_with_tz': '20250130T200000+0000',","chan":"stdout","logger":"task"}
{"timestamp":"2025-07-29T20:09:32.700762Z","level":"info","event":" 'var': {'json': <VariableAccessor (dynamic access)>,","chan":"stdout","logger":"task"}
{"timestamp":"2025-07-29T20:09:32.700803Z","level":"info","event":"         'value': <VariableAccessor (dynamic access)>}}","chan":"stdout","logger":"task"}
{"timestamp":"2025-07-29T20:09:32.700228","level":"info","event":"Done. Returned value was: principal","logger":"airflow.task.operators.airflow.providers.standard.operators.python.PythonOperator"}
{"timestamp":"2025-07-29T20:09:32.700423","level":"info","event":"Pushing xcom","ti":"RuntimeTaskInstance(id=UUID('019857cd-f286-74f1-b165-13dece775fd6'), task_id='python_principal', dag_id='3_DAG_principal', run_id='scheduled__2025-01-30T20:00:00+00:00', try_number=1, map_index=-1, hostname='bf6f1e7a6f11', context_carrier={}, task=<Task(PythonOperator): python_principal>, bundle_instance=LocalDagBundle(name=dags-folder), max_tries=0, start_date=datetime.datetime(2025, 7, 29, 20, 9, 32, 127748, tzinfo=datetime.timezone.utc), end_date=None, state=<TaskInstanceState.RUNNING: 'running'>, is_mapped=False, rendered_map_index=None, log_url='http://localhost:8080/dags/3_DAG_principal/runs/scheduled__2025-01-30T20%3A00%3A00%2B00%3A00/tasks/python_principal?try_number=1')","logger":"task"}
{"timestamp":"2025-07-29T20:09:32.723647Z","level":"info","event":"Task instance in success state","chan":"stdout","logger":"task"}
{"timestamp":"2025-07-29T20:09:32.724053Z","level":"info","event":" Previous state of the Task instance: TaskInstanceState.RUNNING","chan":"stdout","logger":"task"}
{"timestamp":"2025-07-29T20:09:32.724504Z","level":"info","event":"Task operator:<Task(PythonOperator): python_principal>","chan":"stdout","logger":"task"}
