{"timestamp":"2025-07-29T20:01:03.024291","level":"info","event":"DAG bundles loaded: dags-folder, example_dags","logger":"airflow.dag_processing.bundles.manager.DagBundlesManager"}
{"timestamp":"2025-07-29T20:01:03.025058","level":"info","event":"Filling up the DagBag from /opt/airflow/dags/2_python_operator_v1.py","logger":"airflow.models.dagbag.DagBag"}
{"timestamp":"2025-07-29T20:01:03.056731Z","level":"info","event":"Task instance is in running state","chan":"stdout","logger":"task"}
{"timestamp":"2025-07-29T20:01:03.057010Z","level":"info","event":" Previous state of the Task instance: TaskInstanceState.QUEUED","chan":"stdout","logger":"task"}
{"timestamp":"2025-07-29T20:01:03.058053Z","level":"info","event":"Current task name:python","chan":"stdout","logger":"task"}
{"timestamp":"2025-07-29T20:01:03.058229Z","level":"info","event":"Dag name:python_operator_v1","chan":"stdout","logger":"task"}
{"timestamp":"2025-07-29T20:01:03.059690Z","level":"info","event":"poliana","chan":"stdout","logger":"task"}
{"timestamp":"2025-07-29T20:01:03.060623Z","level":"info","event":"{'conn': <ConnectionAccessor (dynamic access)>,","chan":"stdout","logger":"task"}
{"timestamp":"2025-07-29T20:01:03.060787Z","level":"info","event":" 'dag': <DAG: python_operator_v1>,","chan":"stdout","logger":"task"}
{"timestamp":"2025-07-29T20:01:03.060990Z","level":"info","event":" 'dag_run': DagRun(dag_id='python_operator_v1', run_id='scheduled__2023-06-24T15:13:00+00:00', logical_date=datetime.datetime(2023, 6, 24, 15, 13, tzinfo=datetime.timezone.utc), data_interval_start=datetime.datetime(2023, 6, 24, 15, 13, tzinfo=datetime.timezone.utc), data_interval_end=datetime.datetime(2023, 6, 24, 15, 13, tzinfo=datetime.timezone.utc), run_after=datetime.datetime(2023, 6, 24, 15, 13, tzinfo=datetime.timezone.utc), start_date=datetime.datetime(2025, 7, 29, 20, 1, 1, 753516, tzinfo=datetime.timezone.utc), end_date=None, clear_number=0, run_type=<DagRunType.SCHEDULED: 'scheduled'>, conf={}, consumed_asset_events=[]),","chan":"stdout","logger":"task"}
{"timestamp":"2025-07-29T20:01:03.061113Z","level":"info","event":" 'data_interval_end': DateTime(2023, 6, 24, 15, 13, 0, tzinfo=Timezone('UTC')),","chan":"stdout","logger":"task"}
{"timestamp":"2025-07-29T20:01:03.061174Z","level":"info","event":" 'data_interval_start': DateTime(2023, 6, 24, 15, 13, 0, tzinfo=Timezone('UTC')),","chan":"stdout","logger":"task"}
{"timestamp":"2025-07-29T20:01:03.061220Z","level":"info","event":" 'ds': '2023-06-24',","chan":"stdout","logger":"task"}
{"timestamp":"2025-07-29T20:01:03.061287Z","level":"info","event":" 'ds_nodash': '20230624',","chan":"stdout","logger":"task"}
{"timestamp":"2025-07-29T20:01:03.061358Z","level":"info","event":" 'inlet_events': InletEventsAccessors(_inlets=[], _assets={}, _asset_aliases={}),","chan":"stdout","logger":"task"}
{"timestamp":"2025-07-29T20:01:03.061430Z","level":"info","event":" 'inlets': [],","chan":"stdout","logger":"task"}
{"timestamp":"2025-07-29T20:01:03.061512Z","level":"info","event":" 'logical_date': DateTime(2023, 6, 24, 15, 13, 0, tzinfo=Timezone('UTC')),","chan":"stdout","logger":"task"}
{"timestamp":"2025-07-29T20:01:03.061616Z","level":"info","event":" 'macros': <MacrosAccessor (dynamic access to macros)>,","chan":"stdout","logger":"task"}
{"timestamp":"2025-07-29T20:01:03.061691Z","level":"info","event":" 'map_index_template': None,","chan":"stdout","logger":"task"}
{"timestamp":"2025-07-29T20:01:03.061766Z","level":"info","event":" 'outlet_events': <airflow.sdk.execution_time.context.OutletEventAccessors object at 0x7fb67ea165a0>,","chan":"stdout","logger":"task"}
{"timestamp":"2025-07-29T20:01:03.061839Z","level":"info","event":" 'outlets': [],","chan":"stdout","logger":"task"}
{"timestamp":"2025-07-29T20:01:03.061912Z","level":"info","event":" 'params': {},","chan":"stdout","logger":"task"}
{"timestamp":"2025-07-29T20:01:03.072176Z","level":"info","event":" 'prev_data_interval_end_success': <Proxy at 0x7fb66fc8e2d0 with factory <function RuntimeTaskInstance.get_template_context.<locals>.<lambda> at 0x7fb66fcac4a0>>,","chan":"stdout","logger":"task"}
{"timestamp":"2025-07-29T20:01:03.072421Z","level":"info","event":" 'prev_data_interval_start_success': <Proxy at 0x7fb66fc8e300 with factory <function RuntimeTaskInstance.get_template_context.<locals>.<lambda> at 0x7fb66fcadbc0>>,","chan":"stdout","logger":"task"}
{"timestamp":"2025-07-29T20:01:03.072525Z","level":"info","event":" 'prev_end_date_success': <Proxy at 0x7fb66fc8e570 with factory <function RuntimeTaskInstance.get_template_context.<locals>.<lambda> at 0x7fb66fcadc60>>,","chan":"stdout","logger":"task"}
{"timestamp":"2025-07-29T20:01:03.072611Z","level":"info","event":" 'prev_start_date_success': <Proxy at 0x7fb66fc8e690 with factory <function RuntimeTaskInstance.get_template_context.<locals>.<lambda> at 0x7fb66fcac9a0>>,","chan":"stdout","logger":"task"}
{"timestamp":"2025-07-29T20:01:03.072689Z","level":"info","event":" 'run_id': 'scheduled__2023-06-24T15:13:00+00:00',","chan":"stdout","logger":"task"}
{"timestamp":"2025-07-29T20:01:03.072766Z","level":"info","event":" 'task': <Task(PythonOperator): python>,","chan":"stdout","logger":"task"}
{"timestamp":"2025-07-29T20:01:03.072840Z","level":"info","event":" 'task_instance': RuntimeTaskInstance(id=UUID('019857c6-2b2a-78b8-9349-34c9865feb4e'), task_id='python', dag_id='python_operator_v1', run_id='scheduled__2023-06-24T15:13:00+00:00', try_number=1, map_index=-1, hostname='bf6f1e7a6f11', context_carrier={}, task=<Task(PythonOperator): python>, bundle_instance=LocalDagBundle(name=dags-folder), max_tries=0, start_date=datetime.datetime(2025, 7, 29, 20, 1, 2, 404622, tzinfo=datetime.timezone.utc), end_date=None, state=<TaskInstanceState.RUNNING: 'running'>, is_mapped=False, rendered_map_index=None, log_url='http://localhost:8080/dags/python_operator_v1/runs/scheduled__2023-06-24T15%3A13%3A00%2B00%3A00/tasks/python?try_number=1'),","chan":"stdout","logger":"task"}
{"timestamp":"2025-07-29T20:01:03.072915Z","level":"info","event":" 'task_instance_key_str': 'python_operator_v1__python__20230624',","chan":"stdout","logger":"task"}
{"timestamp":"2025-07-29T20:01:03.072990Z","level":"info","event":" 'task_reschedule_count': 0,","chan":"stdout","logger":"task"}
{"timestamp":"2025-07-29T20:01:03.073062Z","level":"info","event":" 'templates_dict': None,","chan":"stdout","logger":"task"}
{"timestamp":"2025-07-29T20:01:03.073135Z","level":"info","event":" 'ti': RuntimeTaskInstance(id=UUID('019857c6-2b2a-78b8-9349-34c9865feb4e'), task_id='python', dag_id='python_operator_v1', run_id='scheduled__2023-06-24T15:13:00+00:00', try_number=1, map_index=-1, hostname='bf6f1e7a6f11', context_carrier={}, task=<Task(PythonOperator): python>, bundle_instance=LocalDagBundle(name=dags-folder), max_tries=0, start_date=datetime.datetime(2025, 7, 29, 20, 1, 2, 404622, tzinfo=datetime.timezone.utc), end_date=None, state=<TaskInstanceState.RUNNING: 'running'>, is_mapped=False, rendered_map_index=None, log_url='http://localhost:8080/dags/python_operator_v1/runs/scheduled__2023-06-24T15%3A13%3A00%2B00%3A00/tasks/python?try_number=1'),","chan":"stdout","logger":"task"}
{"timestamp":"2025-07-29T20:01:03.073211Z","level":"info","event":" 'triggering_asset_events': TriggeringAssetEventsAccessor(_events=defaultdict(<class 'list'>, {})),","chan":"stdout","logger":"task"}
{"timestamp":"2025-07-29T20:01:03.073284Z","level":"info","event":" 'ts': '2023-06-24T15:13:00+00:00',","chan":"stdout","logger":"task"}
{"timestamp":"2025-07-29T20:01:03.073350Z","level":"info","event":" 'ts_nodash': '20230624T151300',","chan":"stdout","logger":"task"}
{"timestamp":"2025-07-29T20:01:03.073418Z","level":"info","event":" 'ts_nodash_with_tz': '20230624T151300+0000',","chan":"stdout","logger":"task"}
{"timestamp":"2025-07-29T20:01:03.073511Z","level":"info","event":" 'var': {'json': <VariableAccessor (dynamic access)>,","chan":"stdout","logger":"task"}
{"timestamp":"2025-07-29T20:01:03.073642Z","level":"info","event":"         'value': <VariableAccessor (dynamic access)>}}","chan":"stdout","logger":"task"}
{"timestamp":"2025-07-29T20:01:03.072938","level":"info","event":"Done. Returned value was: 123","logger":"airflow.task.operators.airflow.providers.standard.operators.python.PythonOperator"}
{"timestamp":"2025-07-29T20:01:03.073174","level":"info","event":"Pushing xcom","ti":"RuntimeTaskInstance(id=UUID('019857c6-2b2a-78b8-9349-34c9865feb4e'), task_id='python', dag_id='python_operator_v1', run_id='scheduled__2023-06-24T15:13:00+00:00', try_number=1, map_index=-1, hostname='bf6f1e7a6f11', context_carrier={}, task=<Task(PythonOperator): python>, bundle_instance=LocalDagBundle(name=dags-folder), max_tries=0, start_date=datetime.datetime(2025, 7, 29, 20, 1, 2, 404622, tzinfo=datetime.timezone.utc), end_date=None, state=<TaskInstanceState.RUNNING: 'running'>, is_mapped=False, rendered_map_index=None, log_url='http://localhost:8080/dags/python_operator_v1/runs/scheduled__2023-06-24T15%3A13%3A00%2B00%3A00/tasks/python?try_number=1')","logger":"task"}
{"timestamp":"2025-07-29T20:01:03.101231Z","level":"info","event":"Task instance in success state","chan":"stdout","logger":"task"}
{"timestamp":"2025-07-29T20:01:03.101378Z","level":"info","event":" Previous state of the Task instance: TaskInstanceState.RUNNING","chan":"stdout","logger":"task"}
{"timestamp":"2025-07-29T20:01:03.101633Z","level":"info","event":"Task operator:<Task(PythonOperator): python>","chan":"stdout","logger":"task"}
