{"timestamp":"2025-07-29T19:38:25.363614","level":"info","event":"DAG bundles loaded: dags-folder, example_dags","logger":"airflow.dag_processing.bundles.manager.DagBundlesManager"}
{"timestamp":"2025-07-29T19:38:25.364233","level":"info","event":"Filling up the DagBag from /opt/airflow/dags/python_operator_v1.py","logger":"airflow.models.dagbag.DagBag"}
{"timestamp":"2025-07-29T19:38:25.404270Z","level":"info","event":"Task instance is in running state","chan":"stdout","logger":"task"}
{"timestamp":"2025-07-29T19:38:25.404638Z","level":"info","event":" Previous state of the Task instance: TaskInstanceState.QUEUED","chan":"stdout","logger":"task"}
{"timestamp":"2025-07-29T19:38:25.405560Z","level":"info","event":"Current task name:python","chan":"stdout","logger":"task"}
{"timestamp":"2025-07-29T19:38:25.405765Z","level":"info","event":"Dag name:python_operator_v1","chan":"stdout","logger":"task"}
{"timestamp":"2025-07-29T19:38:25.407025Z","level":"info","event":"poliana","chan":"stdout","logger":"task"}
{"timestamp":"2025-07-29T19:38:25.407790Z","level":"info","event":"{'conn': <ConnectionAccessor (dynamic access)>,","chan":"stdout","logger":"task"}
{"timestamp":"2025-07-29T19:38:25.407984Z","level":"info","event":" 'dag': <DAG: python_operator_v1>,","chan":"stdout","logger":"task"}
{"timestamp":"2025-07-29T19:38:25.408096Z","level":"info","event":" 'dag_run': DagRun(dag_id='python_operator_v1', run_id='scheduled__2023-06-23T15:36:00+00:00', logical_date=datetime.datetime(2023, 6, 23, 15, 36, tzinfo=datetime.timezone.utc), data_interval_start=datetime.datetime(2023, 6, 23, 15, 36, tzinfo=datetime.timezone.utc), data_interval_end=datetime.datetime(2023, 6, 23, 15, 36, tzinfo=datetime.timezone.utc), run_after=datetime.datetime(2023, 6, 23, 15, 36, tzinfo=datetime.timezone.utc), start_date=datetime.datetime(2025, 7, 29, 19, 38, 24, 241265, tzinfo=datetime.timezone.utc), end_date=None, clear_number=0, run_type=<DagRunType.SCHEDULED: 'scheduled'>, conf={}, consumed_asset_events=[]),","chan":"stdout","logger":"task"}
{"timestamp":"2025-07-29T19:38:25.408172Z","level":"info","event":" 'data_interval_end': DateTime(2023, 6, 23, 15, 36, 0, tzinfo=Timezone('UTC')),","chan":"stdout","logger":"task"}
{"timestamp":"2025-07-29T19:38:25.408245Z","level":"info","event":" 'data_interval_start': DateTime(2023, 6, 23, 15, 36, 0, tzinfo=Timezone('UTC')),","chan":"stdout","logger":"task"}
{"timestamp":"2025-07-29T19:38:25.408331Z","level":"info","event":" 'ds': '2023-06-23',","chan":"stdout","logger":"task"}
{"timestamp":"2025-07-29T19:38:25.408413Z","level":"info","event":" 'ds_nodash': '20230623',","chan":"stdout","logger":"task"}
{"timestamp":"2025-07-29T19:38:25.408475Z","level":"info","event":" 'inlet_events': InletEventsAccessors(_inlets=[], _assets={}, _asset_aliases={}),","chan":"stdout","logger":"task"}
{"timestamp":"2025-07-29T19:38:25.408564Z","level":"info","event":" 'inlets': [],","chan":"stdout","logger":"task"}
{"timestamp":"2025-07-29T19:38:25.408639Z","level":"info","event":" 'logical_date': DateTime(2023, 6, 23, 15, 36, 0, tzinfo=Timezone('UTC')),","chan":"stdout","logger":"task"}
{"timestamp":"2025-07-29T19:38:25.408685Z","level":"info","event":" 'macros': <MacrosAccessor (dynamic access to macros)>,","chan":"stdout","logger":"task"}
{"timestamp":"2025-07-29T19:38:25.408735Z","level":"info","event":" 'map_index_template': None,","chan":"stdout","logger":"task"}
{"timestamp":"2025-07-29T19:38:25.408781Z","level":"info","event":" 'outlet_events': <airflow.sdk.execution_time.context.OutletEventAccessors object at 0x7fb677b1c9b0>,","chan":"stdout","logger":"task"}
{"timestamp":"2025-07-29T19:38:25.408838Z","level":"info","event":" 'outlets': [],","chan":"stdout","logger":"task"}
{"timestamp":"2025-07-29T19:38:25.408896Z","level":"info","event":" 'params': {},","chan":"stdout","logger":"task"}
{"timestamp":"2025-07-29T19:38:25.421315Z","level":"info","event":" 'prev_data_interval_end_success': <Proxy at 0x7fb66fc9a5d0 with factory <function RuntimeTaskInstance.get_template_context.<locals>.<lambda> at 0x7fb66fcacea0>>,","chan":"stdout","logger":"task"}
{"timestamp":"2025-07-29T19:38:25.421594Z","level":"info","event":" 'prev_data_interval_start_success': <Proxy at 0x7fb66fc9a510 with factory <function RuntimeTaskInstance.get_template_context.<locals>.<lambda> at 0x7fb66fcae5c0>>,","chan":"stdout","logger":"task"}
{"timestamp":"2025-07-29T19:38:25.421750Z","level":"info","event":" 'prev_end_date_success': <Proxy at 0x7fb66fc9aa20 with factory <function RuntimeTaskInstance.get_template_context.<locals>.<lambda> at 0x7fb66fcae660>>,","chan":"stdout","logger":"task"}
{"timestamp":"2025-07-29T19:38:25.421878Z","level":"info","event":" 'prev_start_date_success': <Proxy at 0x7fb66fc98fe0 with factory <function RuntimeTaskInstance.get_template_context.<locals>.<lambda> at 0x7fb66fcad3a0>>,","chan":"stdout","logger":"task"}
{"timestamp":"2025-07-29T19:38:25.421967Z","level":"info","event":" 'run_id': 'scheduled__2023-06-23T15:36:00+00:00',","chan":"stdout","logger":"task"}
{"timestamp":"2025-07-29T19:38:25.422055Z","level":"info","event":" 'task': <Task(PythonOperator): python>,","chan":"stdout","logger":"task"}
{"timestamp":"2025-07-29T19:38:25.422144Z","level":"info","event":" 'task_instance': RuntimeTaskInstance(id=UUID('019857b1-7460-7616-b901-516a683dd303'), task_id='python', dag_id='python_operator_v1', run_id='scheduled__2023-06-23T15:36:00+00:00', try_number=1, map_index=-1, hostname='bf6f1e7a6f11', context_carrier={}, task=<Task(PythonOperator): python>, bundle_instance=LocalDagBundle(name=dags-folder), max_tries=0, start_date=datetime.datetime(2025, 7, 29, 19, 38, 24, 704873, tzinfo=datetime.timezone.utc), end_date=None, state=<TaskInstanceState.RUNNING: 'running'>, is_mapped=False, rendered_map_index=None, log_url='http://localhost:8080/dags/python_operator_v1/runs/scheduled__2023-06-23T15%3A36%3A00%2B00%3A00/tasks/python?try_number=1'),","chan":"stdout","logger":"task"}
{"timestamp":"2025-07-29T19:38:25.422244Z","level":"info","event":" 'task_instance_key_str': 'python_operator_v1__python__20230623',","chan":"stdout","logger":"task"}
{"timestamp":"2025-07-29T19:38:25.422348Z","level":"info","event":" 'task_reschedule_count': 0,","chan":"stdout","logger":"task"}
{"timestamp":"2025-07-29T19:38:25.422417Z","level":"info","event":" 'templates_dict': None,","chan":"stdout","logger":"task"}
{"timestamp":"2025-07-29T19:38:25.422511Z","level":"info","event":" 'ti': RuntimeTaskInstance(id=UUID('019857b1-7460-7616-b901-516a683dd303'), task_id='python', dag_id='python_operator_v1', run_id='scheduled__2023-06-23T15:36:00+00:00', try_number=1, map_index=-1, hostname='bf6f1e7a6f11', context_carrier={}, task=<Task(PythonOperator): python>, bundle_instance=LocalDagBundle(name=dags-folder), max_tries=0, start_date=datetime.datetime(2025, 7, 29, 19, 38, 24, 704873, tzinfo=datetime.timezone.utc), end_date=None, state=<TaskInstanceState.RUNNING: 'running'>, is_mapped=False, rendered_map_index=None, log_url='http://localhost:8080/dags/python_operator_v1/runs/scheduled__2023-06-23T15%3A36%3A00%2B00%3A00/tasks/python?try_number=1'),","chan":"stdout","logger":"task"}
{"timestamp":"2025-07-29T19:38:25.422637Z","level":"info","event":" 'triggering_asset_events': TriggeringAssetEventsAccessor(_events=defaultdict(<class 'list'>, {})),","chan":"stdout","logger":"task"}
{"timestamp":"2025-07-29T19:38:25.422760Z","level":"info","event":" 'ts': '2023-06-23T15:36:00+00:00',","chan":"stdout","logger":"task"}
{"timestamp":"2025-07-29T19:38:25.422859Z","level":"info","event":" 'ts_nodash': '20230623T153600',","chan":"stdout","logger":"task"}
{"timestamp":"2025-07-29T19:38:25.422965Z","level":"info","event":" 'ts_nodash_with_tz': '20230623T153600+0000',","chan":"stdout","logger":"task"}
{"timestamp":"2025-07-29T19:38:25.423107Z","level":"info","event":" 'var': {'json': <VariableAccessor (dynamic access)>,","chan":"stdout","logger":"task"}
{"timestamp":"2025-07-29T19:38:25.423202Z","level":"info","event":"         'value': <VariableAccessor (dynamic access)>}}","chan":"stdout","logger":"task"}
{"timestamp":"2025-07-29T19:38:25.422240","level":"info","event":"Done. Returned value was: 123","logger":"airflow.task.operators.airflow.providers.standard.operators.python.PythonOperator"}
{"timestamp":"2025-07-29T19:38:25.422503","level":"info","event":"Pushing xcom","ti":"RuntimeTaskInstance(id=UUID('019857b1-7460-7616-b901-516a683dd303'), task_id='python', dag_id='python_operator_v1', run_id='scheduled__2023-06-23T15:36:00+00:00', try_number=1, map_index=-1, hostname='bf6f1e7a6f11', context_carrier={}, task=<Task(PythonOperator): python>, bundle_instance=LocalDagBundle(name=dags-folder), max_tries=0, start_date=datetime.datetime(2025, 7, 29, 19, 38, 24, 704873, tzinfo=datetime.timezone.utc), end_date=None, state=<TaskInstanceState.RUNNING: 'running'>, is_mapped=False, rendered_map_index=None, log_url='http://localhost:8080/dags/python_operator_v1/runs/scheduled__2023-06-23T15%3A36%3A00%2B00%3A00/tasks/python?try_number=1')","logger":"task"}
{"timestamp":"2025-07-29T19:38:25.448807Z","level":"info","event":"Task instance in success state","chan":"stdout","logger":"task"}
{"timestamp":"2025-07-29T19:38:25.448959Z","level":"info","event":" Previous state of the Task instance: TaskInstanceState.RUNNING","chan":"stdout","logger":"task"}
{"timestamp":"2025-07-29T19:38:25.449191Z","level":"info","event":"Task operator:<Task(PythonOperator): python>","chan":"stdout","logger":"task"}
