{"timestamp":"2025-07-29T19:38:11.759416","level":"info","event":"DAG bundles loaded: dags-folder, example_dags","logger":"airflow.dag_processing.bundles.manager.DagBundlesManager"}
{"timestamp":"2025-07-29T19:38:11.760019","level":"info","event":"Filling up the DagBag from /opt/airflow/dags/python_operator_v1.py","logger":"airflow.models.dagbag.DagBag"}
{"timestamp":"2025-07-29T19:38:11.782695Z","level":"info","event":"Task instance is in running state","chan":"stdout","logger":"task"}
{"timestamp":"2025-07-29T19:38:11.782864Z","level":"info","event":" Previous state of the Task instance: TaskInstanceState.QUEUED","chan":"stdout","logger":"task"}
{"timestamp":"2025-07-29T19:38:11.783014Z","level":"info","event":"Current task name:python","chan":"stdout","logger":"task"}
{"timestamp":"2025-07-29T19:38:11.783072Z","level":"info","event":"Dag name:python_operator_v1","chan":"stdout","logger":"task"}
{"timestamp":"2025-07-29T19:38:11.784459Z","level":"info","event":"poliana","chan":"stdout","logger":"task"}
{"timestamp":"2025-07-29T19:38:11.785046Z","level":"info","event":"{'conn': <ConnectionAccessor (dynamic access)>,","chan":"stdout","logger":"task"}
{"timestamp":"2025-07-29T19:38:11.785176Z","level":"info","event":" 'dag': <DAG: python_operator_v1>,","chan":"stdout","logger":"task"}
{"timestamp":"2025-07-29T19:38:11.785316Z","level":"info","event":" 'dag_run': DagRun(dag_id='python_operator_v1', run_id='scheduled__2023-06-23T15:16:00+00:00', logical_date=datetime.datetime(2023, 6, 23, 15, 16, tzinfo=datetime.timezone.utc), data_interval_start=datetime.datetime(2023, 6, 23, 15, 16, tzinfo=datetime.timezone.utc), data_interval_end=datetime.datetime(2023, 6, 23, 15, 16, tzinfo=datetime.timezone.utc), run_after=datetime.datetime(2023, 6, 23, 15, 16, tzinfo=datetime.timezone.utc), start_date=datetime.datetime(2025, 7, 29, 19, 38, 10, 943586, tzinfo=datetime.timezone.utc), end_date=None, clear_number=0, run_type=<DagRunType.SCHEDULED: 'scheduled'>, conf={}, consumed_asset_events=[]),","chan":"stdout","logger":"task"}
{"timestamp":"2025-07-29T19:38:11.785449Z","level":"info","event":" 'data_interval_end': DateTime(2023, 6, 23, 15, 16, 0, tzinfo=Timezone('UTC')),","chan":"stdout","logger":"task"}
{"timestamp":"2025-07-29T19:38:11.785536Z","level":"info","event":" 'data_interval_start': DateTime(2023, 6, 23, 15, 16, 0, tzinfo=Timezone('UTC')),","chan":"stdout","logger":"task"}
{"timestamp":"2025-07-29T19:38:11.785612Z","level":"info","event":" 'ds': '2023-06-23',","chan":"stdout","logger":"task"}
{"timestamp":"2025-07-29T19:38:11.785681Z","level":"info","event":" 'ds_nodash': '20230623',","chan":"stdout","logger":"task"}
{"timestamp":"2025-07-29T19:38:11.785752Z","level":"info","event":" 'inlet_events': InletEventsAccessors(_inlets=[], _assets={}, _asset_aliases={}),","chan":"stdout","logger":"task"}
{"timestamp":"2025-07-29T19:38:11.785819Z","level":"info","event":" 'inlets': [],","chan":"stdout","logger":"task"}
{"timestamp":"2025-07-29T19:38:11.785891Z","level":"info","event":" 'logical_date': DateTime(2023, 6, 23, 15, 16, 0, tzinfo=Timezone('UTC')),","chan":"stdout","logger":"task"}
{"timestamp":"2025-07-29T19:38:11.785958Z","level":"info","event":" 'macros': <MacrosAccessor (dynamic access to macros)>,","chan":"stdout","logger":"task"}
{"timestamp":"2025-07-29T19:38:11.786025Z","level":"info","event":" 'map_index_template': None,","chan":"stdout","logger":"task"}
{"timestamp":"2025-07-29T19:38:11.786096Z","level":"info","event":" 'outlet_events': <airflow.sdk.execution_time.context.OutletEventAccessors object at 0x7fb677abfa70>,","chan":"stdout","logger":"task"}
{"timestamp":"2025-07-29T19:38:11.786168Z","level":"info","event":" 'outlets': [],","chan":"stdout","logger":"task"}
{"timestamp":"2025-07-29T19:38:11.786240Z","level":"info","event":" 'params': {},","chan":"stdout","logger":"task"}
{"timestamp":"2025-07-29T19:38:11.800514Z","level":"info","event":" 'prev_data_interval_end_success': <Proxy at 0x7fb66fc4cb90 with factory <function RuntimeTaskInstance.get_template_context.<locals>.<lambda> at 0x7fb66fc69b20>>,","chan":"stdout","logger":"task"}
{"timestamp":"2025-07-29T19:38:11.800695Z","level":"info","event":" 'prev_data_interval_start_success': <Proxy at 0x7fb66fc4cbf0 with factory <function RuntimeTaskInstance.get_template_context.<locals>.<lambda> at 0x7fb66fc6b240>>,","chan":"stdout","logger":"task"}
{"timestamp":"2025-07-29T19:38:11.800757Z","level":"info","event":" 'prev_end_date_success': <Proxy at 0x7fb67c4b7e30 with factory <function RuntimeTaskInstance.get_template_context.<locals>.<lambda> at 0x7fb66fc6b2e0>>,","chan":"stdout","logger":"task"}
{"timestamp":"2025-07-29T19:38:11.800803Z","level":"info","event":" 'prev_start_date_success': <Proxy at 0x7fb67c4b6c90 with factory <function RuntimeTaskInstance.get_template_context.<locals>.<lambda> at 0x7fb66fc6a020>>,","chan":"stdout","logger":"task"}
{"timestamp":"2025-07-29T19:38:11.800846Z","level":"info","event":" 'run_id': 'scheduled__2023-06-23T15:16:00+00:00',","chan":"stdout","logger":"task"}
{"timestamp":"2025-07-29T19:38:11.800887Z","level":"info","event":" 'task': <Task(PythonOperator): python>,","chan":"stdout","logger":"task"}
{"timestamp":"2025-07-29T19:38:11.800929Z","level":"info","event":" 'task_instance': RuntimeTaskInstance(id=UUID('019857b1-4078-739c-ab61-4c1f663c3d7e'), task_id='python', dag_id='python_operator_v1', run_id='scheduled__2023-06-23T15:16:00+00:00', try_number=1, map_index=-1, hostname='bf6f1e7a6f11', context_carrier={}, task=<Task(PythonOperator): python>, bundle_instance=LocalDagBundle(name=dags-folder), max_tries=0, start_date=datetime.datetime(2025, 7, 29, 19, 38, 11, 214667, tzinfo=datetime.timezone.utc), end_date=None, state=<TaskInstanceState.RUNNING: 'running'>, is_mapped=False, rendered_map_index=None, log_url='http://localhost:8080/dags/python_operator_v1/runs/scheduled__2023-06-23T15%3A16%3A00%2B00%3A00/tasks/python?try_number=1'),","chan":"stdout","logger":"task"}
{"timestamp":"2025-07-29T19:38:11.800972Z","level":"info","event":" 'task_instance_key_str': 'python_operator_v1__python__20230623',","chan":"stdout","logger":"task"}
{"timestamp":"2025-07-29T19:38:11.801013Z","level":"info","event":" 'task_reschedule_count': 0,","chan":"stdout","logger":"task"}
{"timestamp":"2025-07-29T19:38:11.801053Z","level":"info","event":" 'templates_dict': None,","chan":"stdout","logger":"task"}
{"timestamp":"2025-07-29T19:38:11.801094Z","level":"info","event":" 'ti': RuntimeTaskInstance(id=UUID('019857b1-4078-739c-ab61-4c1f663c3d7e'), task_id='python', dag_id='python_operator_v1', run_id='scheduled__2023-06-23T15:16:00+00:00', try_number=1, map_index=-1, hostname='bf6f1e7a6f11', context_carrier={}, task=<Task(PythonOperator): python>, bundle_instance=LocalDagBundle(name=dags-folder), max_tries=0, start_date=datetime.datetime(2025, 7, 29, 19, 38, 11, 214667, tzinfo=datetime.timezone.utc), end_date=None, state=<TaskInstanceState.RUNNING: 'running'>, is_mapped=False, rendered_map_index=None, log_url='http://localhost:8080/dags/python_operator_v1/runs/scheduled__2023-06-23T15%3A16%3A00%2B00%3A00/tasks/python?try_number=1'),","chan":"stdout","logger":"task"}
{"timestamp":"2025-07-29T19:38:11.801184Z","level":"info","event":" 'triggering_asset_events': TriggeringAssetEventsAccessor(_events=defaultdict(<class 'list'>, {})),","chan":"stdout","logger":"task"}
{"timestamp":"2025-07-29T19:38:11.801235Z","level":"info","event":" 'ts': '2023-06-23T15:16:00+00:00',","chan":"stdout","logger":"task"}
{"timestamp":"2025-07-29T19:38:11.801278Z","level":"info","event":" 'ts_nodash': '20230623T151600',","chan":"stdout","logger":"task"}
{"timestamp":"2025-07-29T19:38:11.801321Z","level":"info","event":" 'ts_nodash_with_tz': '20230623T151600+0000',","chan":"stdout","logger":"task"}
{"timestamp":"2025-07-29T19:38:11.801362Z","level":"info","event":" 'var': {'json': <VariableAccessor (dynamic access)>,","chan":"stdout","logger":"task"}
{"timestamp":"2025-07-29T19:38:11.801402Z","level":"info","event":"         'value': <VariableAccessor (dynamic access)>}}","chan":"stdout","logger":"task"}
{"timestamp":"2025-07-29T19:38:11.801170","level":"info","event":"Done. Returned value was: 123","logger":"airflow.task.operators.airflow.providers.standard.operators.python.PythonOperator"}
{"timestamp":"2025-07-29T19:38:11.801342","level":"info","event":"Pushing xcom","ti":"RuntimeTaskInstance(id=UUID('019857b1-4078-739c-ab61-4c1f663c3d7e'), task_id='python', dag_id='python_operator_v1', run_id='scheduled__2023-06-23T15:16:00+00:00', try_number=1, map_index=-1, hostname='bf6f1e7a6f11', context_carrier={}, task=<Task(PythonOperator): python>, bundle_instance=LocalDagBundle(name=dags-folder), max_tries=0, start_date=datetime.datetime(2025, 7, 29, 19, 38, 11, 214667, tzinfo=datetime.timezone.utc), end_date=None, state=<TaskInstanceState.RUNNING: 'running'>, is_mapped=False, rendered_map_index=None, log_url='http://localhost:8080/dags/python_operator_v1/runs/scheduled__2023-06-23T15%3A16%3A00%2B00%3A00/tasks/python?try_number=1')","logger":"task"}
{"timestamp":"2025-07-29T19:38:11.824226Z","level":"info","event":"Task instance in success state","chan":"stdout","logger":"task"}
{"timestamp":"2025-07-29T19:38:11.824373Z","level":"info","event":" Previous state of the Task instance: TaskInstanceState.RUNNING","chan":"stdout","logger":"task"}
{"timestamp":"2025-07-29T19:38:11.824459Z","level":"info","event":"Task operator:<Task(PythonOperator): python>","chan":"stdout","logger":"task"}
