{"timestamp":"2025-07-29T19:29:48.027907","level":"info","event":"DAG bundles loaded: dags-folder, example_dags","logger":"airflow.dag_processing.bundles.manager.DagBundlesManager"}
{"timestamp":"2025-07-29T19:29:48.028331","level":"info","event":"Filling up the DagBag from /opt/airflow/dags/python_operator_v1.py","logger":"airflow.models.dagbag.DagBag"}
{"timestamp":"2025-07-29T19:29:48.050092Z","level":"info","event":"Task instance is in running state","chan":"stdout","logger":"task"}
{"timestamp":"2025-07-29T19:29:48.050218Z","level":"info","event":" Previous state of the Task instance: TaskInstanceState.QUEUED","chan":"stdout","logger":"task"}
{"timestamp":"2025-07-29T19:29:48.050620Z","level":"info","event":"Current task name:python","chan":"stdout","logger":"task"}
{"timestamp":"2025-07-29T19:29:48.050728Z","level":"info","event":"Dag name:python_operator_v1","chan":"stdout","logger":"task"}
{"timestamp":"2025-07-29T19:29:48.051968Z","level":"info","event":"poliana","chan":"stdout","logger":"task"}
{"timestamp":"2025-07-29T19:29:48.052494Z","level":"info","event":"{'conn': <ConnectionAccessor (dynamic access)>,","chan":"stdout","logger":"task"}
{"timestamp":"2025-07-29T19:29:48.052583Z","level":"info","event":" 'dag': <DAG: python_operator_v1>,","chan":"stdout","logger":"task"}
{"timestamp":"2025-07-29T19:29:48.052673Z","level":"info","event":" 'dag_run': DagRun(dag_id='python_operator_v1', run_id='scheduled__2023-06-23T05:57:00+00:00', logical_date=datetime.datetime(2023, 6, 23, 5, 57, tzinfo=datetime.timezone.utc), data_interval_start=datetime.datetime(2023, 6, 23, 5, 57, tzinfo=datetime.timezone.utc), data_interval_end=datetime.datetime(2023, 6, 23, 5, 57, tzinfo=datetime.timezone.utc), run_after=datetime.datetime(2023, 6, 23, 5, 57, tzinfo=datetime.timezone.utc), start_date=datetime.datetime(2025, 7, 29, 19, 29, 46, 443748, tzinfo=datetime.timezone.utc), end_date=None, clear_number=0, run_type=<DagRunType.SCHEDULED: 'scheduled'>, conf={}, consumed_asset_events=[]),","chan":"stdout","logger":"task"}
{"timestamp":"2025-07-29T19:29:48.052727Z","level":"info","event":" 'data_interval_end': DateTime(2023, 6, 23, 5, 57, 0, tzinfo=Timezone('UTC')),","chan":"stdout","logger":"task"}
{"timestamp":"2025-07-29T19:29:48.052771Z","level":"info","event":" 'data_interval_start': DateTime(2023, 6, 23, 5, 57, 0, tzinfo=Timezone('UTC')),","chan":"stdout","logger":"task"}
{"timestamp":"2025-07-29T19:29:48.052811Z","level":"info","event":" 'ds': '2023-06-23',","chan":"stdout","logger":"task"}
{"timestamp":"2025-07-29T19:29:48.052851Z","level":"info","event":" 'ds_nodash': '20230623',","chan":"stdout","logger":"task"}
{"timestamp":"2025-07-29T19:29:48.052890Z","level":"info","event":" 'inlet_events': InletEventsAccessors(_inlets=[], _assets={}, _asset_aliases={}),","chan":"stdout","logger":"task"}
{"timestamp":"2025-07-29T19:29:48.052929Z","level":"info","event":" 'inlets': [],","chan":"stdout","logger":"task"}
{"timestamp":"2025-07-29T19:29:48.052967Z","level":"info","event":" 'logical_date': DateTime(2023, 6, 23, 5, 57, 0, tzinfo=Timezone('UTC')),","chan":"stdout","logger":"task"}
{"timestamp":"2025-07-29T19:29:48.053006Z","level":"info","event":" 'macros': <MacrosAccessor (dynamic access to macros)>,","chan":"stdout","logger":"task"}
{"timestamp":"2025-07-29T19:29:48.053044Z","level":"info","event":" 'map_index_template': None,","chan":"stdout","logger":"task"}
{"timestamp":"2025-07-29T19:29:48.053083Z","level":"info","event":" 'outlet_events': <airflow.sdk.execution_time.context.OutletEventAccessors object at 0x7fb67c5dfa70>,","chan":"stdout","logger":"task"}
{"timestamp":"2025-07-29T19:29:48.053122Z","level":"info","event":" 'outlets': [],","chan":"stdout","logger":"task"}
{"timestamp":"2025-07-29T19:29:48.053160Z","level":"info","event":" 'params': {},","chan":"stdout","logger":"task"}
{"timestamp":"2025-07-29T19:29:48.065756Z","level":"info","event":" 'prev_data_interval_end_success': <Proxy at 0x7fb66fc6fb30 with factory <function RuntimeTaskInstance.get_template_context.<locals>.<lambda> at 0x7fb66fc86160>>,","chan":"stdout","logger":"task"}
{"timestamp":"2025-07-29T19:29:48.065891Z","level":"info","event":" 'prev_data_interval_start_success': <Proxy at 0x7fb66fc6fa40 with factory <function RuntimeTaskInstance.get_template_context.<locals>.<lambda> at 0x7fb66fc87880>>,","chan":"stdout","logger":"task"}
{"timestamp":"2025-07-29T19:29:48.065982Z","level":"info","event":" 'prev_end_date_success': <Proxy at 0x7fb66fc6ff20 with factory <function RuntimeTaskInstance.get_template_context.<locals>.<lambda> at 0x7fb66fc87920>>,","chan":"stdout","logger":"task"}
{"timestamp":"2025-07-29T19:29:48.066033Z","level":"info","event":" 'prev_start_date_success': <Proxy at 0x7fb66fc6f8f0 with factory <function RuntimeTaskInstance.get_template_context.<locals>.<lambda> at 0x7fb66fc86660>>,","chan":"stdout","logger":"task"}
{"timestamp":"2025-07-29T19:29:48.066076Z","level":"info","event":" 'run_id': 'scheduled__2023-06-23T05:57:00+00:00',","chan":"stdout","logger":"task"}
{"timestamp":"2025-07-29T19:29:48.066117Z","level":"info","event":" 'task': <Task(PythonOperator): python>,","chan":"stdout","logger":"task"}
{"timestamp":"2025-07-29T19:29:48.066158Z","level":"info","event":" 'task_instance': RuntimeTaskInstance(id=UUID('019857a9-8dc2-7e78-9ed9-8069e1ef171d'), task_id='python', dag_id='python_operator_v1', run_id='scheduled__2023-06-23T05:57:00+00:00', try_number=1, map_index=-1, hostname='bf6f1e7a6f11', context_carrier={}, task=<Task(PythonOperator): python>, bundle_instance=LocalDagBundle(name=dags-folder), max_tries=0, start_date=datetime.datetime(2025, 7, 29, 19, 29, 47, 585453, tzinfo=datetime.timezone.utc), end_date=None, state=<TaskInstanceState.RUNNING: 'running'>, is_mapped=False, rendered_map_index=None, log_url='http://localhost:8080/dags/python_operator_v1/runs/scheduled__2023-06-23T05%3A57%3A00%2B00%3A00/tasks/python?try_number=1'),","chan":"stdout","logger":"task"}
{"timestamp":"2025-07-29T19:29:48.066200Z","level":"info","event":" 'task_instance_key_str': 'python_operator_v1__python__20230623',","chan":"stdout","logger":"task"}
{"timestamp":"2025-07-29T19:29:48.066239Z","level":"info","event":" 'task_reschedule_count': 0,","chan":"stdout","logger":"task"}
{"timestamp":"2025-07-29T19:29:48.066293Z","level":"info","event":" 'templates_dict': None,","chan":"stdout","logger":"task"}
{"timestamp":"2025-07-29T19:29:48.066346Z","level":"info","event":" 'ti': RuntimeTaskInstance(id=UUID('019857a9-8dc2-7e78-9ed9-8069e1ef171d'), task_id='python', dag_id='python_operator_v1', run_id='scheduled__2023-06-23T05:57:00+00:00', try_number=1, map_index=-1, hostname='bf6f1e7a6f11', context_carrier={}, task=<Task(PythonOperator): python>, bundle_instance=LocalDagBundle(name=dags-folder), max_tries=0, start_date=datetime.datetime(2025, 7, 29, 19, 29, 47, 585453, tzinfo=datetime.timezone.utc), end_date=None, state=<TaskInstanceState.RUNNING: 'running'>, is_mapped=False, rendered_map_index=None, log_url='http://localhost:8080/dags/python_operator_v1/runs/scheduled__2023-06-23T05%3A57%3A00%2B00%3A00/tasks/python?try_number=1'),","chan":"stdout","logger":"task"}
{"timestamp":"2025-07-29T19:29:48.066389Z","level":"info","event":" 'triggering_asset_events': TriggeringAssetEventsAccessor(_events=defaultdict(<class 'list'>, {})),","chan":"stdout","logger":"task"}
{"timestamp":"2025-07-29T19:29:48.066428Z","level":"info","event":" 'ts': '2023-06-23T05:57:00+00:00',","chan":"stdout","logger":"task"}
{"timestamp":"2025-07-29T19:29:48.066467Z","level":"info","event":" 'ts_nodash': '20230623T055700',","chan":"stdout","logger":"task"}
{"timestamp":"2025-07-29T19:29:48.066506Z","level":"info","event":" 'ts_nodash_with_tz': '20230623T055700+0000',","chan":"stdout","logger":"task"}
{"timestamp":"2025-07-29T19:29:48.066545Z","level":"info","event":" 'var': {'json': <VariableAccessor (dynamic access)>,","chan":"stdout","logger":"task"}
{"timestamp":"2025-07-29T19:29:48.066584Z","level":"info","event":"         'value': <VariableAccessor (dynamic access)>}}","chan":"stdout","logger":"task"}
{"timestamp":"2025-07-29T19:29:48.066353","level":"info","event":"Done. Returned value was: 123","logger":"airflow.task.operators.airflow.providers.standard.operators.python.PythonOperator"}
{"timestamp":"2025-07-29T19:29:48.066510","level":"info","event":"Pushing xcom","ti":"RuntimeTaskInstance(id=UUID('019857a9-8dc2-7e78-9ed9-8069e1ef171d'), task_id='python', dag_id='python_operator_v1', run_id='scheduled__2023-06-23T05:57:00+00:00', try_number=1, map_index=-1, hostname='bf6f1e7a6f11', context_carrier={}, task=<Task(PythonOperator): python>, bundle_instance=LocalDagBundle(name=dags-folder), max_tries=0, start_date=datetime.datetime(2025, 7, 29, 19, 29, 47, 585453, tzinfo=datetime.timezone.utc), end_date=None, state=<TaskInstanceState.RUNNING: 'running'>, is_mapped=False, rendered_map_index=None, log_url='http://localhost:8080/dags/python_operator_v1/runs/scheduled__2023-06-23T05%3A57%3A00%2B00%3A00/tasks/python?try_number=1')","logger":"task"}
{"timestamp":"2025-07-29T19:29:48.086433Z","level":"info","event":"Task instance in success state","chan":"stdout","logger":"task"}
{"timestamp":"2025-07-29T19:29:48.086560Z","level":"info","event":" Previous state of the Task instance: TaskInstanceState.RUNNING","chan":"stdout","logger":"task"}
{"timestamp":"2025-07-29T19:29:48.086653Z","level":"info","event":"Task operator:<Task(PythonOperator): python>","chan":"stdout","logger":"task"}
