{"timestamp":"2025-07-29T19:22:21.405526","level":"info","event":"DAG bundles loaded: dags-folder, example_dags","logger":"airflow.dag_processing.bundles.manager.DagBundlesManager"}
{"timestamp":"2025-07-29T19:22:21.406321","level":"info","event":"Filling up the DagBag from /opt/airflow/dags/python_operator_v1.py","logger":"airflow.models.dagbag.DagBag"}
{"timestamp":"2025-07-29T19:22:21.437296Z","level":"info","event":"Task instance is in running state","chan":"stdout","logger":"task"}
{"timestamp":"2025-07-29T19:22:21.437613Z","level":"info","event":" Previous state of the Task instance: TaskInstanceState.QUEUED","chan":"stdout","logger":"task"}
{"timestamp":"2025-07-29T19:22:21.437718Z","level":"info","event":"Current task name:python","chan":"stdout","logger":"task"}
{"timestamp":"2025-07-29T19:22:21.437791Z","level":"info","event":"Dag name:python_operator_v1","chan":"stdout","logger":"task"}
{"timestamp":"2025-07-29T19:22:21.439397Z","level":"info","event":"poliana","chan":"stdout","logger":"task"}
{"timestamp":"2025-07-29T19:22:21.440542Z","level":"info","event":"{'conn': <ConnectionAccessor (dynamic access)>,","chan":"stdout","logger":"task"}
{"timestamp":"2025-07-29T19:22:21.441047Z","level":"info","event":" 'dag': <DAG: python_operator_v1>,","chan":"stdout","logger":"task"}
{"timestamp":"2025-07-29T19:22:21.441195Z","level":"info","event":" 'dag_run': DagRun(dag_id='python_operator_v1', run_id='scheduled__2023-06-22T21:56:00+00:00', logical_date=datetime.datetime(2023, 6, 22, 21, 56, tzinfo=datetime.timezone.utc), data_interval_start=datetime.datetime(2023, 6, 22, 21, 56, tzinfo=datetime.timezone.utc), data_interval_end=datetime.datetime(2023, 6, 22, 21, 56, tzinfo=datetime.timezone.utc), run_after=datetime.datetime(2023, 6, 22, 21, 56, tzinfo=datetime.timezone.utc), start_date=datetime.datetime(2025, 7, 29, 19, 22, 20, 322556, tzinfo=datetime.timezone.utc), end_date=None, clear_number=0, run_type=<DagRunType.SCHEDULED: 'scheduled'>, conf={}, consumed_asset_events=[]),","chan":"stdout","logger":"task"}
{"timestamp":"2025-07-29T19:22:21.441305Z","level":"info","event":" 'data_interval_end': DateTime(2023, 6, 22, 21, 56, 0, tzinfo=Timezone('UTC')),","chan":"stdout","logger":"task"}
{"timestamp":"2025-07-29T19:22:21.441513Z","level":"info","event":" 'data_interval_start': DateTime(2023, 6, 22, 21, 56, 0, tzinfo=Timezone('UTC')),","chan":"stdout","logger":"task"}
{"timestamp":"2025-07-29T19:22:21.441661Z","level":"info","event":" 'ds': '2023-06-22',","chan":"stdout","logger":"task"}
{"timestamp":"2025-07-29T19:22:21.441719Z","level":"info","event":" 'ds_nodash': '20230622',","chan":"stdout","logger":"task"}
{"timestamp":"2025-07-29T19:22:21.441781Z","level":"info","event":" 'inlet_events': InletEventsAccessors(_inlets=[], _assets={}, _asset_aliases={}),","chan":"stdout","logger":"task"}
{"timestamp":"2025-07-29T19:22:21.441890Z","level":"info","event":" 'inlets': [],","chan":"stdout","logger":"task"}
{"timestamp":"2025-07-29T19:22:21.441968Z","level":"info","event":" 'logical_date': DateTime(2023, 6, 22, 21, 56, 0, tzinfo=Timezone('UTC')),","chan":"stdout","logger":"task"}
{"timestamp":"2025-07-29T19:22:21.442036Z","level":"info","event":" 'macros': <MacrosAccessor (dynamic access to macros)>,","chan":"stdout","logger":"task"}
{"timestamp":"2025-07-29T19:22:21.442095Z","level":"info","event":" 'map_index_template': None,","chan":"stdout","logger":"task"}
{"timestamp":"2025-07-29T19:22:21.442141Z","level":"info","event":" 'outlet_events': <airflow.sdk.execution_time.context.OutletEventAccessors object at 0x7fb677b4c620>,","chan":"stdout","logger":"task"}
{"timestamp":"2025-07-29T19:22:21.442186Z","level":"info","event":" 'outlets': [],","chan":"stdout","logger":"task"}
{"timestamp":"2025-07-29T19:22:21.442229Z","level":"info","event":" 'params': {},","chan":"stdout","logger":"task"}
{"timestamp":"2025-07-29T19:22:21.453927Z","level":"info","event":" 'prev_data_interval_end_success': <Proxy at 0x7fb66fc2a390 with factory <function RuntimeTaskInstance.get_template_context.<locals>.<lambda> at 0x7fb66fc447c0>>,","chan":"stdout","logger":"task"}
{"timestamp":"2025-07-29T19:22:21.454209Z","level":"info","event":" 'prev_data_interval_start_success': <Proxy at 0x7fb66fc2a3c0 with factory <function RuntimeTaskInstance.get_template_context.<locals>.<lambda> at 0x7fb66fc45ee0>>,","chan":"stdout","logger":"task"}
{"timestamp":"2025-07-29T19:22:21.454312Z","level":"info","event":" 'prev_end_date_success': <Proxy at 0x7fb66fc2a6c0 with factory <function RuntimeTaskInstance.get_template_context.<locals>.<lambda> at 0x7fb66fc45f80>>,","chan":"stdout","logger":"task"}
{"timestamp":"2025-07-29T19:22:21.454389Z","level":"info","event":" 'prev_start_date_success': <Proxy at 0x7fb66fc2a720 with factory <function RuntimeTaskInstance.get_template_context.<locals>.<lambda> at 0x7fb66fc44cc0>>,","chan":"stdout","logger":"task"}
{"timestamp":"2025-07-29T19:22:21.454464Z","level":"info","event":" 'run_id': 'scheduled__2023-06-22T21:56:00+00:00',","chan":"stdout","logger":"task"}
{"timestamp":"2025-07-29T19:22:21.454538Z","level":"info","event":" 'task': <Task(PythonOperator): python>,","chan":"stdout","logger":"task"}
{"timestamp":"2025-07-29T19:22:21.454614Z","level":"info","event":" 'task_instance': RuntimeTaskInstance(id=UUID('019857a2-bf18-718b-8160-c9679a7abbd5'), task_id='python', dag_id='python_operator_v1', run_id='scheduled__2023-06-22T21:56:00+00:00', try_number=1, map_index=-1, hostname='bf6f1e7a6f11', context_carrier={}, task=<Task(PythonOperator): python>, bundle_instance=LocalDagBundle(name=dags-folder), max_tries=0, start_date=datetime.datetime(2025, 7, 29, 19, 22, 20, 686479, tzinfo=datetime.timezone.utc), end_date=None, state=<TaskInstanceState.RUNNING: 'running'>, is_mapped=False, rendered_map_index=None, log_url='http://localhost:8080/dags/python_operator_v1/runs/scheduled__2023-06-22T21%3A56%3A00%2B00%3A00/tasks/python?try_number=1'),","chan":"stdout","logger":"task"}
{"timestamp":"2025-07-29T19:22:21.454691Z","level":"info","event":" 'task_instance_key_str': 'python_operator_v1__python__20230622',","chan":"stdout","logger":"task"}
{"timestamp":"2025-07-29T19:22:21.454764Z","level":"info","event":" 'task_reschedule_count': 0,","chan":"stdout","logger":"task"}
{"timestamp":"2025-07-29T19:22:21.454852Z","level":"info","event":" 'templates_dict': None,","chan":"stdout","logger":"task"}
{"timestamp":"2025-07-29T19:22:21.454924Z","level":"info","event":" 'ti': RuntimeTaskInstance(id=UUID('019857a2-bf18-718b-8160-c9679a7abbd5'), task_id='python', dag_id='python_operator_v1', run_id='scheduled__2023-06-22T21:56:00+00:00', try_number=1, map_index=-1, hostname='bf6f1e7a6f11', context_carrier={}, task=<Task(PythonOperator): python>, bundle_instance=LocalDagBundle(name=dags-folder), max_tries=0, start_date=datetime.datetime(2025, 7, 29, 19, 22, 20, 686479, tzinfo=datetime.timezone.utc), end_date=None, state=<TaskInstanceState.RUNNING: 'running'>, is_mapped=False, rendered_map_index=None, log_url='http://localhost:8080/dags/python_operator_v1/runs/scheduled__2023-06-22T21%3A56%3A00%2B00%3A00/tasks/python?try_number=1'),","chan":"stdout","logger":"task"}
{"timestamp":"2025-07-29T19:22:21.455027Z","level":"info","event":" 'triggering_asset_events': TriggeringAssetEventsAccessor(_events=defaultdict(<class 'list'>, {})),","chan":"stdout","logger":"task"}
{"timestamp":"2025-07-29T19:22:21.455129Z","level":"info","event":" 'ts': '2023-06-22T21:56:00+00:00',","chan":"stdout","logger":"task"}
{"timestamp":"2025-07-29T19:22:21.455311Z","level":"info","event":" 'ts_nodash': '20230622T215600',","chan":"stdout","logger":"task"}
{"timestamp":"2025-07-29T19:22:21.455486Z","level":"info","event":" 'ts_nodash_with_tz': '20230622T215600+0000',","chan":"stdout","logger":"task"}
{"timestamp":"2025-07-29T19:22:21.455666Z","level":"info","event":" 'var': {'json': <VariableAccessor (dynamic access)>,","chan":"stdout","logger":"task"}
{"timestamp":"2025-07-29T19:22:21.455773Z","level":"info","event":"         'value': <VariableAccessor (dynamic access)>}}","chan":"stdout","logger":"task"}
{"timestamp":"2025-07-29T19:22:21.454689","level":"info","event":"Done. Returned value was: 123","logger":"airflow.task.operators.airflow.providers.standard.operators.python.PythonOperator"}
{"timestamp":"2025-07-29T19:22:21.454967","level":"info","event":"Pushing xcom","ti":"RuntimeTaskInstance(id=UUID('019857a2-bf18-718b-8160-c9679a7abbd5'), task_id='python', dag_id='python_operator_v1', run_id='scheduled__2023-06-22T21:56:00+00:00', try_number=1, map_index=-1, hostname='bf6f1e7a6f11', context_carrier={}, task=<Task(PythonOperator): python>, bundle_instance=LocalDagBundle(name=dags-folder), max_tries=0, start_date=datetime.datetime(2025, 7, 29, 19, 22, 20, 686479, tzinfo=datetime.timezone.utc), end_date=None, state=<TaskInstanceState.RUNNING: 'running'>, is_mapped=False, rendered_map_index=None, log_url='http://localhost:8080/dags/python_operator_v1/runs/scheduled__2023-06-22T21%3A56%3A00%2B00%3A00/tasks/python?try_number=1')","logger":"task"}
{"timestamp":"2025-07-29T19:22:21.483651Z","level":"info","event":"Task instance in success state","chan":"stdout","logger":"task"}
{"timestamp":"2025-07-29T19:22:21.483853Z","level":"info","event":" Previous state of the Task instance: TaskInstanceState.RUNNING","chan":"stdout","logger":"task"}
{"timestamp":"2025-07-29T19:22:21.484000Z","level":"info","event":"Task operator:<Task(PythonOperator): python>","chan":"stdout","logger":"task"}
