{"timestamp":"2025-07-29T20:06:07.268145","level":"info","event":"DAG bundles loaded: dags-folder, example_dags","logger":"airflow.dag_processing.bundles.manager.DagBundlesManager"}
{"timestamp":"2025-07-29T20:06:07.268915","level":"info","event":"Filling up the DagBag from /opt/airflow/dags/3_dag_principal.py","logger":"airflow.models.dagbag.DagBag"}
{"timestamp":"2025-07-29T20:06:07.305399Z","level":"info","event":"Task instance is in running state","chan":"stdout","logger":"task"}
{"timestamp":"2025-07-29T20:06:07.305581Z","level":"info","event":" Previous state of the Task instance: TaskInstanceState.QUEUED","chan":"stdout","logger":"task"}
{"timestamp":"2025-07-29T20:06:07.306106Z","level":"info","event":"Current task name:python_principal","chan":"stdout","logger":"task"}
{"timestamp":"2025-07-29T20:06:07.306239Z","level":"info","event":"Dag name:3_DAG_principal","chan":"stdout","logger":"task"}
{"timestamp":"2025-07-29T20:06:07.307618Z","level":"info","event":"DAG principal","chan":"stdout","logger":"task"}
{"timestamp":"2025-07-29T20:06:07.308506Z","level":"info","event":"{'conn': <ConnectionAccessor (dynamic access)>,","chan":"stdout","logger":"task"}
{"timestamp":"2025-07-29T20:06:07.308671Z","level":"info","event":" 'dag': <DAG: 3_DAG_principal>,","chan":"stdout","logger":"task"}
{"timestamp":"2025-07-29T20:06:07.308830Z","level":"info","event":" 'dag_run': DagRun(dag_id='3_DAG_principal', run_id='scheduled__2024-08-10T20:00:00+00:00', logical_date=datetime.datetime(2024, 8, 10, 20, 0, tzinfo=datetime.timezone.utc), data_interval_start=datetime.datetime(2024, 8, 10, 20, 0, tzinfo=datetime.timezone.utc), data_interval_end=datetime.datetime(2024, 8, 10, 20, 0, tzinfo=datetime.timezone.utc), run_after=datetime.datetime(2024, 8, 10, 20, 0, tzinfo=datetime.timezone.utc), start_date=datetime.datetime(2025, 7, 29, 20, 6, 5, 647227, tzinfo=datetime.timezone.utc), end_date=None, clear_number=0, run_type=<DagRunType.SCHEDULED: 'scheduled'>, conf={}, consumed_asset_events=[]),","chan":"stdout","logger":"task"}
{"timestamp":"2025-07-29T20:06:07.308938Z","level":"info","event":" 'data_interval_end': DateTime(2024, 8, 10, 20, 0, 0, tzinfo=Timezone('UTC')),","chan":"stdout","logger":"task"}
{"timestamp":"2025-07-29T20:06:07.309014Z","level":"info","event":" 'data_interval_start': DateTime(2024, 8, 10, 20, 0, 0, tzinfo=Timezone('UTC')),","chan":"stdout","logger":"task"}
{"timestamp":"2025-07-29T20:06:07.309082Z","level":"info","event":" 'ds': '2024-08-10',","chan":"stdout","logger":"task"}
{"timestamp":"2025-07-29T20:06:07.309148Z","level":"info","event":" 'ds_nodash': '20240810',","chan":"stdout","logger":"task"}
{"timestamp":"2025-07-29T20:06:07.309216Z","level":"info","event":" 'inlet_events': InletEventsAccessors(_inlets=[], _assets={}, _asset_aliases={}),","chan":"stdout","logger":"task"}
{"timestamp":"2025-07-29T20:06:07.309286Z","level":"info","event":" 'inlets': [],","chan":"stdout","logger":"task"}
{"timestamp":"2025-07-29T20:06:07.309360Z","level":"info","event":" 'logical_date': DateTime(2024, 8, 10, 20, 0, 0, tzinfo=Timezone('UTC')),","chan":"stdout","logger":"task"}
{"timestamp":"2025-07-29T20:06:07.309430Z","level":"info","event":" 'macros': <MacrosAccessor (dynamic access to macros)>,","chan":"stdout","logger":"task"}
{"timestamp":"2025-07-29T20:06:07.309504Z","level":"info","event":" 'map_index_template': None,","chan":"stdout","logger":"task"}
{"timestamp":"2025-07-29T20:06:07.309573Z","level":"info","event":" 'outlet_events': <airflow.sdk.execution_time.context.OutletEventAccessors object at 0x7fb66fe3fa70>,","chan":"stdout","logger":"task"}
{"timestamp":"2025-07-29T20:06:07.309649Z","level":"info","event":" 'outlets': [],","chan":"stdout","logger":"task"}
{"timestamp":"2025-07-29T20:06:07.309725Z","level":"info","event":" 'params': {},","chan":"stdout","logger":"task"}
{"timestamp":"2025-07-29T20:06:07.325144Z","level":"info","event":" 'prev_data_interval_end_success': <Proxy at 0x7fb66fcb08f0 with factory <function RuntimeTaskInstance.get_template_context.<locals>.<lambda> at 0x7fb66fce4360>>,","chan":"stdout","logger":"task"}
{"timestamp":"2025-07-29T20:06:07.325474Z","level":"info","event":" 'prev_data_interval_start_success': <Proxy at 0x7fb66fcb17c0 with factory <function RuntimeTaskInstance.get_template_context.<locals>.<lambda> at 0x7fb66fccaac0>>,","chan":"stdout","logger":"task"}
{"timestamp":"2025-07-29T20:06:07.325630Z","level":"info","event":" 'prev_end_date_success': <Proxy at 0x7fb67ebefe30 with factory <function RuntimeTaskInstance.get_template_context.<locals>.<lambda> at 0x7fb66fccb1a0>>,","chan":"stdout","logger":"task"}
{"timestamp":"2025-07-29T20:06:07.325715Z","level":"info","event":" 'prev_start_date_success': <Proxy at 0x7fb67ebee300 with factory <function RuntimeTaskInstance.get_template_context.<locals>.<lambda> at 0x7fb66fccb060>>,","chan":"stdout","logger":"task"}
{"timestamp":"2025-07-29T20:06:07.325784Z","level":"info","event":" 'run_id': 'scheduled__2024-08-10T20:00:00+00:00',","chan":"stdout","logger":"task"}
{"timestamp":"2025-07-29T20:06:07.325848Z","level":"info","event":" 'task': <Task(PythonOperator): python_principal>,","chan":"stdout","logger":"task"}
{"timestamp":"2025-07-29T20:06:07.325919Z","level":"info","event":" 'task_instance': RuntimeTaskInstance(id=UUID('019857ca-ce49-7ab8-a027-4385ae536053'), task_id='python_principal', dag_id='3_DAG_principal', run_id='scheduled__2024-08-10T20:00:00+00:00', try_number=1, map_index=-1, hostname='bf6f1e7a6f11', context_carrier={}, task=<Task(PythonOperator): python_principal>, bundle_instance=LocalDagBundle(name=dags-folder), max_tries=0, start_date=datetime.datetime(2025, 7, 29, 20, 6, 6, 472573, tzinfo=datetime.timezone.utc), end_date=None, state=<TaskInstanceState.RUNNING: 'running'>, is_mapped=False, rendered_map_index=None, log_url='http://localhost:8080/dags/3_DAG_principal/runs/scheduled__2024-08-10T20%3A00%3A00%2B00%3A00/tasks/python_principal?try_number=1'),","chan":"stdout","logger":"task"}
{"timestamp":"2025-07-29T20:06:07.325988Z","level":"info","event":" 'task_instance_key_str': '3_DAG_principal__python_principal__20240810',","chan":"stdout","logger":"task"}
{"timestamp":"2025-07-29T20:06:07.326056Z","level":"info","event":" 'task_reschedule_count': 0,","chan":"stdout","logger":"task"}
{"timestamp":"2025-07-29T20:06:07.326118Z","level":"info","event":" 'templates_dict': None,","chan":"stdout","logger":"task"}
{"timestamp":"2025-07-29T20:06:07.326188Z","level":"info","event":" 'ti': RuntimeTaskInstance(id=UUID('019857ca-ce49-7ab8-a027-4385ae536053'), task_id='python_principal', dag_id='3_DAG_principal', run_id='scheduled__2024-08-10T20:00:00+00:00', try_number=1, map_index=-1, hostname='bf6f1e7a6f11', context_carrier={}, task=<Task(PythonOperator): python_principal>, bundle_instance=LocalDagBundle(name=dags-folder), max_tries=0, start_date=datetime.datetime(2025, 7, 29, 20, 6, 6, 472573, tzinfo=datetime.timezone.utc), end_date=None, state=<TaskInstanceState.RUNNING: 'running'>, is_mapped=False, rendered_map_index=None, log_url='http://localhost:8080/dags/3_DAG_principal/runs/scheduled__2024-08-10T20%3A00%3A00%2B00%3A00/tasks/python_principal?try_number=1'),","chan":"stdout","logger":"task"}
{"timestamp":"2025-07-29T20:06:07.326386Z","level":"info","event":" 'triggering_asset_events': TriggeringAssetEventsAccessor(_events=defaultdict(<class 'list'>, {})),","chan":"stdout","logger":"task"}
{"timestamp":"2025-07-29T20:06:07.326508Z","level":"info","event":" 'ts': '2024-08-10T20:00:00+00:00',","chan":"stdout","logger":"task"}
{"timestamp":"2025-07-29T20:06:07.326595Z","level":"info","event":" 'ts_nodash': '20240810T200000',","chan":"stdout","logger":"task"}
{"timestamp":"2025-07-29T20:06:07.326661Z","level":"info","event":" 'ts_nodash_with_tz': '20240810T200000+0000',","chan":"stdout","logger":"task"}
{"timestamp":"2025-07-29T20:06:07.326724Z","level":"info","event":" 'var': {'json': <VariableAccessor (dynamic access)>,","chan":"stdout","logger":"task"}
{"timestamp":"2025-07-29T20:06:07.326821Z","level":"info","event":"         'value': <VariableAccessor (dynamic access)>}}","chan":"stdout","logger":"task"}
{"timestamp":"2025-07-29T20:06:07.325762","level":"info","event":"Done. Returned value was: principal","logger":"airflow.task.operators.airflow.providers.standard.operators.python.PythonOperator"}
{"timestamp":"2025-07-29T20:06:07.326073","level":"info","event":"Pushing xcom","ti":"RuntimeTaskInstance(id=UUID('019857ca-ce49-7ab8-a027-4385ae536053'), task_id='python_principal', dag_id='3_DAG_principal', run_id='scheduled__2024-08-10T20:00:00+00:00', try_number=1, map_index=-1, hostname='bf6f1e7a6f11', context_carrier={}, task=<Task(PythonOperator): python_principal>, bundle_instance=LocalDagBundle(name=dags-folder), max_tries=0, start_date=datetime.datetime(2025, 7, 29, 20, 6, 6, 472573, tzinfo=datetime.timezone.utc), end_date=None, state=<TaskInstanceState.RUNNING: 'running'>, is_mapped=False, rendered_map_index=None, log_url='http://localhost:8080/dags/3_DAG_principal/runs/scheduled__2024-08-10T20%3A00%3A00%2B00%3A00/tasks/python_principal?try_number=1')","logger":"task"}
{"timestamp":"2025-07-29T20:06:07.368129Z","level":"info","event":"Task instance in success state","chan":"stdout","logger":"task"}
{"timestamp":"2025-07-29T20:06:07.368382Z","level":"info","event":" Previous state of the Task instance: TaskInstanceState.RUNNING","chan":"stdout","logger":"task"}
{"timestamp":"2025-07-29T20:06:07.368561Z","level":"info","event":"Task operator:<Task(PythonOperator): python_principal>","chan":"stdout","logger":"task"}
