{"timestamp":"2025-07-29T19:26:57.388811","level":"info","event":"DAG bundles loaded: dags-folder, example_dags","logger":"airflow.dag_processing.bundles.manager.DagBundlesManager"}
{"timestamp":"2025-07-29T19:26:57.389671","level":"info","event":"Filling up the DagBag from /opt/airflow/dags/python_operator_v1.py","logger":"airflow.models.dagbag.DagBag"}
{"timestamp":"2025-07-29T19:26:57.423547Z","level":"info","event":"Task instance is in running state","chan":"stdout","logger":"task"}
{"timestamp":"2025-07-29T19:26:57.423810Z","level":"info","event":" Previous state of the Task instance: TaskInstanceState.QUEUED","chan":"stdout","logger":"task"}
{"timestamp":"2025-07-29T19:26:57.424428Z","level":"info","event":"Current task name:python","chan":"stdout","logger":"task"}
{"timestamp":"2025-07-29T19:26:57.424592Z","level":"info","event":"Dag name:python_operator_v1","chan":"stdout","logger":"task"}
{"timestamp":"2025-07-29T19:26:57.425763Z","level":"info","event":"poliana","chan":"stdout","logger":"task"}
{"timestamp":"2025-07-29T19:26:57.426664Z","level":"info","event":"{'conn': <ConnectionAccessor (dynamic access)>,","chan":"stdout","logger":"task"}
{"timestamp":"2025-07-29T19:26:57.426852Z","level":"info","event":" 'dag': <DAG: python_operator_v1>,","chan":"stdout","logger":"task"}
{"timestamp":"2025-07-29T19:26:57.427120Z","level":"info","event":" 'dag_run': DagRun(dag_id='python_operator_v1', run_id='scheduled__2023-06-23T03:00:00+00:00', logical_date=datetime.datetime(2023, 6, 23, 3, 0, tzinfo=datetime.timezone.utc), data_interval_start=datetime.datetime(2023, 6, 23, 3, 0, tzinfo=datetime.timezone.utc), data_interval_end=datetime.datetime(2023, 6, 23, 3, 0, tzinfo=datetime.timezone.utc), run_after=datetime.datetime(2023, 6, 23, 3, 0, tzinfo=datetime.timezone.utc), start_date=datetime.datetime(2025, 7, 29, 19, 26, 56, 729721, tzinfo=datetime.timezone.utc), end_date=None, clear_number=0, run_type=<DagRunType.SCHEDULED: 'scheduled'>, conf={}, consumed_asset_events=[]),","chan":"stdout","logger":"task"}
{"timestamp":"2025-07-29T19:26:57.427322Z","level":"info","event":" 'data_interval_end': DateTime(2023, 6, 23, 3, 0, 0, tzinfo=Timezone('UTC')),","chan":"stdout","logger":"task"}
{"timestamp":"2025-07-29T19:26:57.427521Z","level":"info","event":" 'data_interval_start': DateTime(2023, 6, 23, 3, 0, 0, tzinfo=Timezone('UTC')),","chan":"stdout","logger":"task"}
{"timestamp":"2025-07-29T19:26:57.427597Z","level":"info","event":" 'ds': '2023-06-23',","chan":"stdout","logger":"task"}
{"timestamp":"2025-07-29T19:26:57.427668Z","level":"info","event":" 'ds_nodash': '20230623',","chan":"stdout","logger":"task"}
{"timestamp":"2025-07-29T19:26:57.427761Z","level":"info","event":" 'inlet_events': InletEventsAccessors(_inlets=[], _assets={}, _asset_aliases={}),","chan":"stdout","logger":"task"}
{"timestamp":"2025-07-29T19:26:57.427834Z","level":"info","event":" 'inlets': [],","chan":"stdout","logger":"task"}
{"timestamp":"2025-07-29T19:26:57.427903Z","level":"info","event":" 'logical_date': DateTime(2023, 6, 23, 3, 0, 0, tzinfo=Timezone('UTC')),","chan":"stdout","logger":"task"}
{"timestamp":"2025-07-29T19:26:57.427969Z","level":"info","event":" 'macros': <MacrosAccessor (dynamic access to macros)>,","chan":"stdout","logger":"task"}
{"timestamp":"2025-07-29T19:26:57.428038Z","level":"info","event":" 'map_index_template': None,","chan":"stdout","logger":"task"}
{"timestamp":"2025-07-29T19:26:57.428099Z","level":"info","event":" 'outlet_events': <airflow.sdk.execution_time.context.OutletEventAccessors object at 0x7fb67be3fa70>,","chan":"stdout","logger":"task"}
{"timestamp":"2025-07-29T19:26:57.428162Z","level":"info","event":" 'outlets': [],","chan":"stdout","logger":"task"}
{"timestamp":"2025-07-29T19:26:57.428252Z","level":"info","event":" 'params': {},","chan":"stdout","logger":"task"}
{"timestamp":"2025-07-29T19:26:57.443594Z","level":"info","event":" 'prev_data_interval_end_success': <Proxy at 0x7fb66fc70890 with factory <function RuntimeTaskInstance.get_template_context.<locals>.<lambda> at 0x7fb66fc7c0e0>>,","chan":"stdout","logger":"task"}
{"timestamp":"2025-07-29T19:26:57.443769Z","level":"info","event":" 'prev_data_interval_start_success': <Proxy at 0x7fb66fc707d0 with factory <function RuntimeTaskInstance.get_template_context.<locals>.<lambda> at 0x7fb66fc7d580>>,","chan":"stdout","logger":"task"}
{"timestamp":"2025-07-29T19:26:57.443836Z","level":"info","event":" 'prev_end_date_success': <Proxy at 0x7fb67eba4ef0 with factory <function RuntimeTaskInstance.get_template_context.<locals>.<lambda> at 0x7fb66fc7d620>>,","chan":"stdout","logger":"task"}
{"timestamp":"2025-07-29T19:26:57.443885Z","level":"info","event":" 'prev_start_date_success': <Proxy at 0x7fb677e7e5d0 with factory <function RuntimeTaskInstance.get_template_context.<locals>.<lambda> at 0x7fb66fc7c360>>,","chan":"stdout","logger":"task"}
{"timestamp":"2025-07-29T19:26:57.443929Z","level":"info","event":" 'run_id': 'scheduled__2023-06-23T03:00:00+00:00',","chan":"stdout","logger":"task"}
{"timestamp":"2025-07-29T19:26:57.443976Z","level":"info","event":" 'task': <Task(PythonOperator): python>,","chan":"stdout","logger":"task"}
{"timestamp":"2025-07-29T19:26:57.444057Z","level":"info","event":" 'task_instance': RuntimeTaskInstance(id=UUID('019857a6-f6cf-756b-8244-55789b208c41'), task_id='python', dag_id='python_operator_v1', run_id='scheduled__2023-06-23T03:00:00+00:00', try_number=1, map_index=-1, hostname='bf6f1e7a6f11', context_carrier={}, task=<Task(PythonOperator): python>, bundle_instance=LocalDagBundle(name=dags-folder), max_tries=0, start_date=datetime.datetime(2025, 7, 29, 19, 26, 56, 897397, tzinfo=datetime.timezone.utc), end_date=None, state=<TaskInstanceState.RUNNING: 'running'>, is_mapped=False, rendered_map_index=None, log_url='http://localhost:8080/dags/python_operator_v1/runs/scheduled__2023-06-23T03%3A00%3A00%2B00%3A00/tasks/python?try_number=1'),","chan":"stdout","logger":"task"}
{"timestamp":"2025-07-29T19:26:57.444143Z","level":"info","event":" 'task_instance_key_str': 'python_operator_v1__python__20230623',","chan":"stdout","logger":"task"}
{"timestamp":"2025-07-29T19:26:57.444190Z","level":"info","event":" 'task_reschedule_count': 0,","chan":"stdout","logger":"task"}
{"timestamp":"2025-07-29T19:26:57.444233Z","level":"info","event":" 'templates_dict': None,","chan":"stdout","logger":"task"}
{"timestamp":"2025-07-29T19:26:57.444277Z","level":"info","event":" 'ti': RuntimeTaskInstance(id=UUID('019857a6-f6cf-756b-8244-55789b208c41'), task_id='python', dag_id='python_operator_v1', run_id='scheduled__2023-06-23T03:00:00+00:00', try_number=1, map_index=-1, hostname='bf6f1e7a6f11', context_carrier={}, task=<Task(PythonOperator): python>, bundle_instance=LocalDagBundle(name=dags-folder), max_tries=0, start_date=datetime.datetime(2025, 7, 29, 19, 26, 56, 897397, tzinfo=datetime.timezone.utc), end_date=None, state=<TaskInstanceState.RUNNING: 'running'>, is_mapped=False, rendered_map_index=None, log_url='http://localhost:8080/dags/python_operator_v1/runs/scheduled__2023-06-23T03%3A00%3A00%2B00%3A00/tasks/python?try_number=1'),","chan":"stdout","logger":"task"}
{"timestamp":"2025-07-29T19:26:57.444320Z","level":"info","event":" 'triggering_asset_events': TriggeringAssetEventsAccessor(_events=defaultdict(<class 'list'>, {})),","chan":"stdout","logger":"task"}
{"timestamp":"2025-07-29T19:26:57.444361Z","level":"info","event":" 'ts': '2023-06-23T03:00:00+00:00',","chan":"stdout","logger":"task"}
{"timestamp":"2025-07-29T19:26:57.444401Z","level":"info","event":" 'ts_nodash': '20230623T030000',","chan":"stdout","logger":"task"}
{"timestamp":"2025-07-29T19:26:57.444441Z","level":"info","event":" 'ts_nodash_with_tz': '20230623T030000+0000',","chan":"stdout","logger":"task"}
{"timestamp":"2025-07-29T19:26:57.444481Z","level":"info","event":" 'var': {'json': <VariableAccessor (dynamic access)>,","chan":"stdout","logger":"task"}
{"timestamp":"2025-07-29T19:26:57.444521Z","level":"info","event":"         'value': <VariableAccessor (dynamic access)>}}","chan":"stdout","logger":"task"}
{"timestamp":"2025-07-29T19:26:57.444619","level":"info","event":"Done. Returned value was: 123","logger":"airflow.task.operators.airflow.providers.standard.operators.python.PythonOperator"}
{"timestamp":"2025-07-29T19:26:57.444899","level":"info","event":"Pushing xcom","ti":"RuntimeTaskInstance(id=UUID('019857a6-f6cf-756b-8244-55789b208c41'), task_id='python', dag_id='python_operator_v1', run_id='scheduled__2023-06-23T03:00:00+00:00', try_number=1, map_index=-1, hostname='bf6f1e7a6f11', context_carrier={}, task=<Task(PythonOperator): python>, bundle_instance=LocalDagBundle(name=dags-folder), max_tries=0, start_date=datetime.datetime(2025, 7, 29, 19, 26, 56, 897397, tzinfo=datetime.timezone.utc), end_date=None, state=<TaskInstanceState.RUNNING: 'running'>, is_mapped=False, rendered_map_index=None, log_url='http://localhost:8080/dags/python_operator_v1/runs/scheduled__2023-06-23T03%3A00%3A00%2B00%3A00/tasks/python?try_number=1')","logger":"task"}
{"timestamp":"2025-07-29T19:26:57.470914Z","level":"info","event":"Task instance in success state","chan":"stdout","logger":"task"}
{"timestamp":"2025-07-29T19:26:57.471060Z","level":"info","event":" Previous state of the Task instance: TaskInstanceState.RUNNING","chan":"stdout","logger":"task"}
{"timestamp":"2025-07-29T19:26:57.471246Z","level":"info","event":"Task operator:<Task(PythonOperator): python>","chan":"stdout","logger":"task"}
