{"timestamp":"2025-07-29T20:05:25.840394","level":"info","event":"DAG bundles loaded: dags-folder, example_dags","logger":"airflow.dag_processing.bundles.manager.DagBundlesManager"}
{"timestamp":"2025-07-29T20:05:25.840913","level":"info","event":"Filling up the DagBag from /opt/airflow/dags/3_dag_principal.py","logger":"airflow.models.dagbag.DagBag"}
{"timestamp":"2025-07-29T20:05:25.874764Z","level":"info","event":"Task instance is in running state","chan":"stdout","logger":"task"}
{"timestamp":"2025-07-29T20:05:25.874930Z","level":"info","event":" Previous state of the Task instance: TaskInstanceState.QUEUED","chan":"stdout","logger":"task"}
{"timestamp":"2025-07-29T20:05:25.875465Z","level":"info","event":"Current task name:python_principal","chan":"stdout","logger":"task"}
{"timestamp":"2025-07-29T20:05:25.875551Z","level":"info","event":"Dag name:3_DAG_principal","chan":"stdout","logger":"task"}
{"timestamp":"2025-07-29T20:05:25.876770Z","level":"info","event":"DAG principal","chan":"stdout","logger":"task"}
{"timestamp":"2025-07-29T20:05:25.877478Z","level":"info","event":"{'conn': <ConnectionAccessor (dynamic access)>,","chan":"stdout","logger":"task"}
{"timestamp":"2025-07-29T20:05:25.877607Z","level":"info","event":" 'dag': <DAG: 3_DAG_principal>,","chan":"stdout","logger":"task"}
{"timestamp":"2025-07-29T20:05:25.877691Z","level":"info","event":" 'dag_run': DagRun(dag_id='3_DAG_principal', run_id='scheduled__2024-07-04T20:00:00+00:00', logical_date=datetime.datetime(2024, 7, 4, 20, 0, tzinfo=datetime.timezone.utc), data_interval_start=datetime.datetime(2024, 7, 4, 20, 0, tzinfo=datetime.timezone.utc), data_interval_end=datetime.datetime(2024, 7, 4, 20, 0, tzinfo=datetime.timezone.utc), run_after=datetime.datetime(2024, 7, 4, 20, 0, tzinfo=datetime.timezone.utc), start_date=datetime.datetime(2025, 7, 29, 20, 5, 24, 589747, tzinfo=datetime.timezone.utc), end_date=None, clear_number=0, run_type=<DagRunType.SCHEDULED: 'scheduled'>, conf={}, consumed_asset_events=[]),","chan":"stdout","logger":"task"}
{"timestamp":"2025-07-29T20:05:25.877756Z","level":"info","event":" 'data_interval_end': DateTime(2024, 7, 4, 20, 0, 0, tzinfo=Timezone('UTC')),","chan":"stdout","logger":"task"}
{"timestamp":"2025-07-29T20:05:25.877804Z","level":"info","event":" 'data_interval_start': DateTime(2024, 7, 4, 20, 0, 0, tzinfo=Timezone('UTC')),","chan":"stdout","logger":"task"}
{"timestamp":"2025-07-29T20:05:25.877846Z","level":"info","event":" 'ds': '2024-07-04',","chan":"stdout","logger":"task"}
{"timestamp":"2025-07-29T20:05:25.877887Z","level":"info","event":" 'ds_nodash': '20240704',","chan":"stdout","logger":"task"}
{"timestamp":"2025-07-29T20:05:25.877927Z","level":"info","event":" 'inlet_events': InletEventsAccessors(_inlets=[], _assets={}, _asset_aliases={}),","chan":"stdout","logger":"task"}
{"timestamp":"2025-07-29T20:05:25.877967Z","level":"info","event":" 'inlets': [],","chan":"stdout","logger":"task"}
{"timestamp":"2025-07-29T20:05:25.878007Z","level":"info","event":" 'logical_date': DateTime(2024, 7, 4, 20, 0, 0, tzinfo=Timezone('UTC')),","chan":"stdout","logger":"task"}
{"timestamp":"2025-07-29T20:05:25.878047Z","level":"info","event":" 'macros': <MacrosAccessor (dynamic access to macros)>,","chan":"stdout","logger":"task"}
{"timestamp":"2025-07-29T20:05:25.878087Z","level":"info","event":" 'map_index_template': None,","chan":"stdout","logger":"task"}
{"timestamp":"2025-07-29T20:05:25.878175Z","level":"info","event":" 'outlet_events': <airflow.sdk.execution_time.context.OutletEventAccessors object at 0x7fb66fc1f7a0>,","chan":"stdout","logger":"task"}
{"timestamp":"2025-07-29T20:05:25.878226Z","level":"info","event":" 'outlets': [],","chan":"stdout","logger":"task"}
{"timestamp":"2025-07-29T20:05:25.878268Z","level":"info","event":" 'params': {},","chan":"stdout","logger":"task"}
{"timestamp":"2025-07-29T20:05:25.886351Z","level":"info","event":" 'prev_data_interval_end_success': <Proxy at 0x7fb66fc34dd0 with factory <function RuntimeTaskInstance.get_template_context.<locals>.<lambda> at 0x7fb66fc50900>>,","chan":"stdout","logger":"task"}
{"timestamp":"2025-07-29T20:05:25.886522Z","level":"info","event":" 'prev_data_interval_start_success': <Proxy at 0x7fb66fc34ef0 with factory <function RuntimeTaskInstance.get_template_context.<locals>.<lambda> at 0x7fb66fc43060>>,","chan":"stdout","logger":"task"}
{"timestamp":"2025-07-29T20:05:25.886587Z","level":"info","event":" 'prev_end_date_success': <Proxy at 0x7fb66fd36b10 with factory <function RuntimeTaskInstance.get_template_context.<locals>.<lambda> at 0x7fb66fc43740>>,","chan":"stdout","logger":"task"}
{"timestamp":"2025-07-29T20:05:25.886636Z","level":"info","event":" 'prev_start_date_success': <Proxy at 0x7fb66fd35370 with factory <function RuntimeTaskInstance.get_template_context.<locals>.<lambda> at 0x7fb66fc43600>>,","chan":"stdout","logger":"task"}
{"timestamp":"2025-07-29T20:05:25.886681Z","level":"info","event":" 'run_id': 'scheduled__2024-07-04T20:00:00+00:00',","chan":"stdout","logger":"task"}
{"timestamp":"2025-07-29T20:05:25.886726Z","level":"info","event":" 'task': <Task(PythonOperator): python_principal>,","chan":"stdout","logger":"task"}
{"timestamp":"2025-07-29T20:05:25.886771Z","level":"info","event":" 'task_instance': RuntimeTaskInstance(id=UUID('019857ca-2dc9-7d72-940b-c341422219fe'), task_id='python_principal', dag_id='3_DAG_principal', run_id='scheduled__2024-07-04T20:00:00+00:00', try_number=1, map_index=-1, hostname='bf6f1e7a6f11', context_carrier={}, task=<Task(PythonOperator): python_principal>, bundle_instance=LocalDagBundle(name=dags-folder), max_tries=0, start_date=datetime.datetime(2025, 7, 29, 20, 5, 25, 244257, tzinfo=datetime.timezone.utc), end_date=None, state=<TaskInstanceState.RUNNING: 'running'>, is_mapped=False, rendered_map_index=None, log_url='http://localhost:8080/dags/3_DAG_principal/runs/scheduled__2024-07-04T20%3A00%3A00%2B00%3A00/tasks/python_principal?try_number=1'),","chan":"stdout","logger":"task"}
{"timestamp":"2025-07-29T20:05:25.886815Z","level":"info","event":" 'task_instance_key_str': '3_DAG_principal__python_principal__20240704',","chan":"stdout","logger":"task"}
{"timestamp":"2025-07-29T20:05:25.886857Z","level":"info","event":" 'task_reschedule_count': 0,","chan":"stdout","logger":"task"}
{"timestamp":"2025-07-29T20:05:25.886897Z","level":"info","event":" 'templates_dict': None,","chan":"stdout","logger":"task"}
{"timestamp":"2025-07-29T20:05:25.886965Z","level":"info","event":" 'ti': RuntimeTaskInstance(id=UUID('019857ca-2dc9-7d72-940b-c341422219fe'), task_id='python_principal', dag_id='3_DAG_principal', run_id='scheduled__2024-07-04T20:00:00+00:00', try_number=1, map_index=-1, hostname='bf6f1e7a6f11', context_carrier={}, task=<Task(PythonOperator): python_principal>, bundle_instance=LocalDagBundle(name=dags-folder), max_tries=0, start_date=datetime.datetime(2025, 7, 29, 20, 5, 25, 244257, tzinfo=datetime.timezone.utc), end_date=None, state=<TaskInstanceState.RUNNING: 'running'>, is_mapped=False, rendered_map_index=None, log_url='http://localhost:8080/dags/3_DAG_principal/runs/scheduled__2024-07-04T20%3A00%3A00%2B00%3A00/tasks/python_principal?try_number=1'),","chan":"stdout","logger":"task"}
{"timestamp":"2025-07-29T20:05:25.887014Z","level":"info","event":" 'triggering_asset_events': TriggeringAssetEventsAccessor(_events=defaultdict(<class 'list'>, {})),","chan":"stdout","logger":"task"}
{"timestamp":"2025-07-29T20:05:25.887055Z","level":"info","event":" 'ts': '2024-07-04T20:00:00+00:00',","chan":"stdout","logger":"task"}
{"timestamp":"2025-07-29T20:05:25.887096Z","level":"info","event":" 'ts_nodash': '20240704T200000',","chan":"stdout","logger":"task"}
{"timestamp":"2025-07-29T20:05:25.887136Z","level":"info","event":" 'ts_nodash_with_tz': '20240704T200000+0000',","chan":"stdout","logger":"task"}
{"timestamp":"2025-07-29T20:05:25.887176Z","level":"info","event":" 'var': {'json': <VariableAccessor (dynamic access)>,","chan":"stdout","logger":"task"}
{"timestamp":"2025-07-29T20:05:25.887217Z","level":"info","event":"         'value': <VariableAccessor (dynamic access)>}}","chan":"stdout","logger":"task"}
{"timestamp":"2025-07-29T20:05:25.886693","level":"info","event":"Done. Returned value was: principal","logger":"airflow.task.operators.airflow.providers.standard.operators.python.PythonOperator"}
{"timestamp":"2025-07-29T20:05:25.886869","level":"info","event":"Pushing xcom","ti":"RuntimeTaskInstance(id=UUID('019857ca-2dc9-7d72-940b-c341422219fe'), task_id='python_principal', dag_id='3_DAG_principal', run_id='scheduled__2024-07-04T20:00:00+00:00', try_number=1, map_index=-1, hostname='bf6f1e7a6f11', context_carrier={}, task=<Task(PythonOperator): python_principal>, bundle_instance=LocalDagBundle(name=dags-folder), max_tries=0, start_date=datetime.datetime(2025, 7, 29, 20, 5, 25, 244257, tzinfo=datetime.timezone.utc), end_date=None, state=<TaskInstanceState.RUNNING: 'running'>, is_mapped=False, rendered_map_index=None, log_url='http://localhost:8080/dags/3_DAG_principal/runs/scheduled__2024-07-04T20%3A00%3A00%2B00%3A00/tasks/python_principal?try_number=1')","logger":"task"}
{"timestamp":"2025-07-29T20:05:25.909997Z","level":"info","event":"Task instance in success state","chan":"stdout","logger":"task"}
{"timestamp":"2025-07-29T20:05:25.910135Z","level":"info","event":" Previous state of the Task instance: TaskInstanceState.RUNNING","chan":"stdout","logger":"task"}
{"timestamp":"2025-07-29T20:05:25.910230Z","level":"info","event":"Task operator:<Task(PythonOperator): python_principal>","chan":"stdout","logger":"task"}
