{"timestamp":"2025-07-29T19:39:21.729335","level":"info","event":"DAG bundles loaded: dags-folder, example_dags","logger":"airflow.dag_processing.bundles.manager.DagBundlesManager"}
{"timestamp":"2025-07-29T19:39:21.729904","level":"info","event":"Filling up the DagBag from /opt/airflow/dags/python_operator_v1.py","logger":"airflow.models.dagbag.DagBag"}
{"timestamp":"2025-07-29T19:39:21.758238Z","level":"info","event":"Task instance is in running state","chan":"stdout","logger":"task"}
{"timestamp":"2025-07-29T19:39:21.758502Z","level":"info","event":" Previous state of the Task instance: TaskInstanceState.QUEUED","chan":"stdout","logger":"task"}
{"timestamp":"2025-07-29T19:39:21.758651Z","level":"info","event":"Current task name:python","chan":"stdout","logger":"task"}
{"timestamp":"2025-07-29T19:39:21.758766Z","level":"info","event":"Dag name:python_operator_v1","chan":"stdout","logger":"task"}
{"timestamp":"2025-07-29T19:39:21.761291Z","level":"info","event":"poliana","chan":"stdout","logger":"task"}
{"timestamp":"2025-07-29T19:39:21.762364Z","level":"info","event":"{'conn': <ConnectionAccessor (dynamic access)>,","chan":"stdout","logger":"task"}
{"timestamp":"2025-07-29T19:39:21.762528Z","level":"info","event":" 'dag': <DAG: python_operator_v1>,","chan":"stdout","logger":"task"}
{"timestamp":"2025-07-29T19:39:21.762695Z","level":"info","event":" 'dag_run': DagRun(dag_id='python_operator_v1', run_id='scheduled__2023-06-23T16:22:00+00:00', logical_date=datetime.datetime(2023, 6, 23, 16, 22, tzinfo=datetime.timezone.utc), data_interval_start=datetime.datetime(2023, 6, 23, 16, 22, tzinfo=datetime.timezone.utc), data_interval_end=datetime.datetime(2023, 6, 23, 16, 22, tzinfo=datetime.timezone.utc), run_after=datetime.datetime(2023, 6, 23, 16, 22, tzinfo=datetime.timezone.utc), start_date=datetime.datetime(2025, 7, 29, 19, 39, 20, 963982, tzinfo=datetime.timezone.utc), end_date=None, clear_number=0, run_type=<DagRunType.SCHEDULED: 'scheduled'>, conf={}, consumed_asset_events=[]),","chan":"stdout","logger":"task"}
{"timestamp":"2025-07-29T19:39:21.762792Z","level":"info","event":" 'data_interval_end': DateTime(2023, 6, 23, 16, 22, 0, tzinfo=Timezone('UTC')),","chan":"stdout","logger":"task"}
{"timestamp":"2025-07-29T19:39:21.762866Z","level":"info","event":" 'data_interval_start': DateTime(2023, 6, 23, 16, 22, 0, tzinfo=Timezone('UTC')),","chan":"stdout","logger":"task"}
{"timestamp":"2025-07-29T19:39:21.762931Z","level":"info","event":" 'ds': '2023-06-23',","chan":"stdout","logger":"task"}
{"timestamp":"2025-07-29T19:39:21.762999Z","level":"info","event":" 'ds_nodash': '20230623',","chan":"stdout","logger":"task"}
{"timestamp":"2025-07-29T19:39:21.763062Z","level":"info","event":" 'inlet_events': InletEventsAccessors(_inlets=[], _assets={}, _asset_aliases={}),","chan":"stdout","logger":"task"}
{"timestamp":"2025-07-29T19:39:21.763123Z","level":"info","event":" 'inlets': [],","chan":"stdout","logger":"task"}
{"timestamp":"2025-07-29T19:39:21.763183Z","level":"info","event":" 'logical_date': DateTime(2023, 6, 23, 16, 22, 0, tzinfo=Timezone('UTC')),","chan":"stdout","logger":"task"}
{"timestamp":"2025-07-29T19:39:21.763244Z","level":"info","event":" 'macros': <MacrosAccessor (dynamic access to macros)>,","chan":"stdout","logger":"task"}
{"timestamp":"2025-07-29T19:39:21.763306Z","level":"info","event":" 'map_index_template': None,","chan":"stdout","logger":"task"}
{"timestamp":"2025-07-29T19:39:21.763366Z","level":"info","event":" 'outlet_events': <airflow.sdk.execution_time.context.OutletEventAccessors object at 0x7fb67bae7fe0>,","chan":"stdout","logger":"task"}
{"timestamp":"2025-07-29T19:39:21.763427Z","level":"info","event":" 'outlets': [],","chan":"stdout","logger":"task"}
{"timestamp":"2025-07-29T19:39:21.763487Z","level":"info","event":" 'params': {},","chan":"stdout","logger":"task"}
{"timestamp":"2025-07-29T19:39:21.776667Z","level":"info","event":" 'prev_data_interval_end_success': <Proxy at 0x7fb66fc9d190 with factory <function RuntimeTaskInstance.get_template_context.<locals>.<lambda> at 0x7fb66fcadc60>>,","chan":"stdout","logger":"task"}
{"timestamp":"2025-07-29T19:39:21.777099Z","level":"info","event":" 'prev_data_interval_start_success': <Proxy at 0x7fb66fc9cef0 with factory <function RuntimeTaskInstance.get_template_context.<locals>.<lambda> at 0x7fb66fcaf380>>,","chan":"stdout","logger":"task"}
{"timestamp":"2025-07-29T19:39:21.777250Z","level":"info","event":" 'prev_end_date_success': <Proxy at 0x7fb67e397e30 with factory <function RuntimeTaskInstance.get_template_context.<locals>.<lambda> at 0x7fb66fcaf420>>,","chan":"stdout","logger":"task"}
{"timestamp":"2025-07-29T19:39:21.777348Z","level":"info","event":" 'prev_start_date_success': <Proxy at 0x7fb66fd7d5e0 with factory <function RuntimeTaskInstance.get_template_context.<locals>.<lambda> at 0x7fb66fcae160>>,","chan":"stdout","logger":"task"}
{"timestamp":"2025-07-29T19:39:21.777425Z","level":"info","event":" 'run_id': 'scheduled__2023-06-23T16:22:00+00:00',","chan":"stdout","logger":"task"}
{"timestamp":"2025-07-29T19:39:21.777501Z","level":"info","event":" 'task': <Task(PythonOperator): python>,","chan":"stdout","logger":"task"}
{"timestamp":"2025-07-29T19:39:21.777612Z","level":"info","event":" 'task_instance': RuntimeTaskInstance(id=UUID('019857b2-51ff-7440-9d7f-682019ad3de6'), task_id='python', dag_id='python_operator_v1', run_id='scheduled__2023-06-23T16:22:00+00:00', try_number=1, map_index=-1, hostname='bf6f1e7a6f11', context_carrier={}, task=<Task(PythonOperator): python>, bundle_instance=LocalDagBundle(name=dags-folder), max_tries=0, start_date=datetime.datetime(2025, 7, 29, 19, 39, 21, 165470, tzinfo=datetime.timezone.utc), end_date=None, state=<TaskInstanceState.RUNNING: 'running'>, is_mapped=False, rendered_map_index=None, log_url='http://localhost:8080/dags/python_operator_v1/runs/scheduled__2023-06-23T16%3A22%3A00%2B00%3A00/tasks/python?try_number=1'),","chan":"stdout","logger":"task"}
{"timestamp":"2025-07-29T19:39:21.777744Z","level":"info","event":" 'task_instance_key_str': 'python_operator_v1__python__20230623',","chan":"stdout","logger":"task"}
{"timestamp":"2025-07-29T19:39:21.777821Z","level":"info","event":" 'task_reschedule_count': 0,","chan":"stdout","logger":"task"}
{"timestamp":"2025-07-29T19:39:21.777890Z","level":"info","event":" 'templates_dict': None,","chan":"stdout","logger":"task"}
{"timestamp":"2025-07-29T19:39:21.777955Z","level":"info","event":" 'ti': RuntimeTaskInstance(id=UUID('019857b2-51ff-7440-9d7f-682019ad3de6'), task_id='python', dag_id='python_operator_v1', run_id='scheduled__2023-06-23T16:22:00+00:00', try_number=1, map_index=-1, hostname='bf6f1e7a6f11', context_carrier={}, task=<Task(PythonOperator): python>, bundle_instance=LocalDagBundle(name=dags-folder), max_tries=0, start_date=datetime.datetime(2025, 7, 29, 19, 39, 21, 165470, tzinfo=datetime.timezone.utc), end_date=None, state=<TaskInstanceState.RUNNING: 'running'>, is_mapped=False, rendered_map_index=None, log_url='http://localhost:8080/dags/python_operator_v1/runs/scheduled__2023-06-23T16%3A22%3A00%2B00%3A00/tasks/python?try_number=1'),","chan":"stdout","logger":"task"}
{"timestamp":"2025-07-29T19:39:21.778021Z","level":"info","event":" 'triggering_asset_events': TriggeringAssetEventsAccessor(_events=defaultdict(<class 'list'>, {})),","chan":"stdout","logger":"task"}
{"timestamp":"2025-07-29T19:39:21.778086Z","level":"info","event":" 'ts': '2023-06-23T16:22:00+00:00',","chan":"stdout","logger":"task"}
{"timestamp":"2025-07-29T19:39:21.778149Z","level":"info","event":" 'ts_nodash': '20230623T162200',","chan":"stdout","logger":"task"}
{"timestamp":"2025-07-29T19:39:21.778211Z","level":"info","event":" 'ts_nodash_with_tz': '20230623T162200+0000',","chan":"stdout","logger":"task"}
{"timestamp":"2025-07-29T19:39:21.778351Z","level":"info","event":" 'var': {'json': <VariableAccessor (dynamic access)>,","chan":"stdout","logger":"task"}
{"timestamp":"2025-07-29T19:39:21.778428Z","level":"info","event":"         'value': <VariableAccessor (dynamic access)>}}","chan":"stdout","logger":"task"}
{"timestamp":"2025-07-29T19:39:21.777775","level":"info","event":"Done. Returned value was: 123","logger":"airflow.task.operators.airflow.providers.standard.operators.python.PythonOperator"}
{"timestamp":"2025-07-29T19:39:21.778051","level":"info","event":"Pushing xcom","ti":"RuntimeTaskInstance(id=UUID('019857b2-51ff-7440-9d7f-682019ad3de6'), task_id='python', dag_id='python_operator_v1', run_id='scheduled__2023-06-23T16:22:00+00:00', try_number=1, map_index=-1, hostname='bf6f1e7a6f11', context_carrier={}, task=<Task(PythonOperator): python>, bundle_instance=LocalDagBundle(name=dags-folder), max_tries=0, start_date=datetime.datetime(2025, 7, 29, 19, 39, 21, 165470, tzinfo=datetime.timezone.utc), end_date=None, state=<TaskInstanceState.RUNNING: 'running'>, is_mapped=False, rendered_map_index=None, log_url='http://localhost:8080/dags/python_operator_v1/runs/scheduled__2023-06-23T16%3A22%3A00%2B00%3A00/tasks/python?try_number=1')","logger":"task"}
{"timestamp":"2025-07-29T19:39:21.803696Z","level":"info","event":"Task instance in success state","chan":"stdout","logger":"task"}
{"timestamp":"2025-07-29T19:39:21.803863Z","level":"info","event":" Previous state of the Task instance: TaskInstanceState.RUNNING","chan":"stdout","logger":"task"}
{"timestamp":"2025-07-29T19:39:21.804001Z","level":"info","event":"Task operator:<Task(PythonOperator): python>","chan":"stdout","logger":"task"}
