{"timestamp":"2025-07-29T19:34:33.777422","level":"info","event":"DAG bundles loaded: dags-folder, example_dags","logger":"airflow.dag_processing.bundles.manager.DagBundlesManager"}
{"timestamp":"2025-07-29T19:34:33.777921","level":"info","event":"Filling up the DagBag from /opt/airflow/dags/python_operator_v1.py","logger":"airflow.models.dagbag.DagBag"}
{"timestamp":"2025-07-29T19:34:33.802339Z","level":"info","event":"Task instance is in running state","chan":"stdout","logger":"task"}
{"timestamp":"2025-07-29T19:34:33.802515Z","level":"info","event":" Previous state of the Task instance: TaskInstanceState.QUEUED","chan":"stdout","logger":"task"}
{"timestamp":"2025-07-29T19:34:33.803026Z","level":"info","event":"Current task name:python","chan":"stdout","logger":"task"}
{"timestamp":"2025-07-29T19:34:33.803122Z","level":"info","event":"Dag name:python_operator_v1","chan":"stdout","logger":"task"}
{"timestamp":"2025-07-29T19:34:33.804085Z","level":"info","event":"poliana","chan":"stdout","logger":"task"}
{"timestamp":"2025-07-29T19:34:33.804641Z","level":"info","event":"{'conn': <ConnectionAccessor (dynamic access)>,","chan":"stdout","logger":"task"}
{"timestamp":"2025-07-29T19:34:33.804732Z","level":"info","event":" 'dag': <DAG: python_operator_v1>,","chan":"stdout","logger":"task"}
{"timestamp":"2025-07-29T19:34:33.804824Z","level":"info","event":" 'dag_run': DagRun(dag_id='python_operator_v1', run_id='scheduled__2023-06-23T11:12:00+00:00', logical_date=datetime.datetime(2023, 6, 23, 11, 12, tzinfo=datetime.timezone.utc), data_interval_start=datetime.datetime(2023, 6, 23, 11, 12, tzinfo=datetime.timezone.utc), data_interval_end=datetime.datetime(2023, 6, 23, 11, 12, tzinfo=datetime.timezone.utc), run_after=datetime.datetime(2023, 6, 23, 11, 12, tzinfo=datetime.timezone.utc), start_date=datetime.datetime(2025, 7, 29, 19, 34, 32, 154870, tzinfo=datetime.timezone.utc), end_date=None, clear_number=0, run_type=<DagRunType.SCHEDULED: 'scheduled'>, conf={}, consumed_asset_events=[]),","chan":"stdout","logger":"task"}
{"timestamp":"2025-07-29T19:34:33.804879Z","level":"info","event":" 'data_interval_end': DateTime(2023, 6, 23, 11, 12, 0, tzinfo=Timezone('UTC')),","chan":"stdout","logger":"task"}
{"timestamp":"2025-07-29T19:34:33.804924Z","level":"info","event":" 'data_interval_start': DateTime(2023, 6, 23, 11, 12, 0, tzinfo=Timezone('UTC')),","chan":"stdout","logger":"task"}
{"timestamp":"2025-07-29T19:34:33.804967Z","level":"info","event":" 'ds': '2023-06-23',","chan":"stdout","logger":"task"}
{"timestamp":"2025-07-29T19:34:33.805008Z","level":"info","event":" 'ds_nodash': '20230623',","chan":"stdout","logger":"task"}
{"timestamp":"2025-07-29T19:34:33.805048Z","level":"info","event":" 'inlet_events': InletEventsAccessors(_inlets=[], _assets={}, _asset_aliases={}),","chan":"stdout","logger":"task"}
{"timestamp":"2025-07-29T19:34:33.805088Z","level":"info","event":" 'inlets': [],","chan":"stdout","logger":"task"}
{"timestamp":"2025-07-29T19:34:33.805128Z","level":"info","event":" 'logical_date': DateTime(2023, 6, 23, 11, 12, 0, tzinfo=Timezone('UTC')),","chan":"stdout","logger":"task"}
{"timestamp":"2025-07-29T19:34:33.805168Z","level":"info","event":" 'macros': <MacrosAccessor (dynamic access to macros)>,","chan":"stdout","logger":"task"}
{"timestamp":"2025-07-29T19:34:33.805208Z","level":"info","event":" 'map_index_template': None,","chan":"stdout","logger":"task"}
{"timestamp":"2025-07-29T19:34:33.805248Z","level":"info","event":" 'outlet_events': <airflow.sdk.execution_time.context.OutletEventAccessors object at 0x7fb66fdcc3b0>,","chan":"stdout","logger":"task"}
{"timestamp":"2025-07-29T19:34:33.805288Z","level":"info","event":" 'outlets': [],","chan":"stdout","logger":"task"}
{"timestamp":"2025-07-29T19:34:33.805327Z","level":"info","event":" 'params': {},","chan":"stdout","logger":"task"}
{"timestamp":"2025-07-29T19:34:33.813755Z","level":"info","event":" 'prev_data_interval_end_success': <Proxy at 0x7fb66fc91640 with factory <function RuntimeTaskInstance.get_template_context.<locals>.<lambda> at 0x7fb66fca6020>>,","chan":"stdout","logger":"task"}
{"timestamp":"2025-07-29T19:34:33.814001Z","level":"info","event":" 'prev_data_interval_start_success': <Proxy at 0x7fb66fc916d0 with factory <function RuntimeTaskInstance.get_template_context.<locals>.<lambda> at 0x7fb66fca7740>>,","chan":"stdout","logger":"task"}
{"timestamp":"2025-07-29T19:34:33.814113Z","level":"info","event":" 'prev_end_date_success': <Proxy at 0x7fb66fd6f410 with factory <function RuntimeTaskInstance.get_template_context.<locals>.<lambda> at 0x7fb66fca77e0>>,","chan":"stdout","logger":"task"}
{"timestamp":"2025-07-29T19:34:33.814194Z","level":"info","event":" 'prev_start_date_success': <Proxy at 0x7fb66fc91670 with factory <function RuntimeTaskInstance.get_template_context.<locals>.<lambda> at 0x7fb66fca6520>>,","chan":"stdout","logger":"task"}
{"timestamp":"2025-07-29T19:34:33.814265Z","level":"info","event":" 'run_id': 'scheduled__2023-06-23T11:12:00+00:00',","chan":"stdout","logger":"task"}
{"timestamp":"2025-07-29T19:34:33.814331Z","level":"info","event":" 'task': <Task(PythonOperator): python>,","chan":"stdout","logger":"task"}
{"timestamp":"2025-07-29T19:34:33.814397Z","level":"info","event":" 'task_instance': RuntimeTaskInstance(id=UUID('019857ad-e9d5-73d5-bd6f-0e29bdab2890'), task_id='python', dag_id='python_operator_v1', run_id='scheduled__2023-06-23T11:12:00+00:00', try_number=1, map_index=-1, hostname='bf6f1e7a6f11', context_carrier={}, task=<Task(PythonOperator): python>, bundle_instance=LocalDagBundle(name=dags-folder), max_tries=0, start_date=datetime.datetime(2025, 7, 29, 19, 34, 33, 298967, tzinfo=datetime.timezone.utc), end_date=None, state=<TaskInstanceState.RUNNING: 'running'>, is_mapped=False, rendered_map_index=None, log_url='http://localhost:8080/dags/python_operator_v1/runs/scheduled__2023-06-23T11%3A12%3A00%2B00%3A00/tasks/python?try_number=1'),","chan":"stdout","logger":"task"}
{"timestamp":"2025-07-29T19:34:33.814463Z","level":"info","event":" 'task_instance_key_str': 'python_operator_v1__python__20230623',","chan":"stdout","logger":"task"}
{"timestamp":"2025-07-29T19:34:33.814527Z","level":"info","event":" 'task_reschedule_count': 0,","chan":"stdout","logger":"task"}
{"timestamp":"2025-07-29T19:34:33.814589Z","level":"info","event":" 'templates_dict': None,","chan":"stdout","logger":"task"}
{"timestamp":"2025-07-29T19:34:33.814696Z","level":"info","event":" 'ti': RuntimeTaskInstance(id=UUID('019857ad-e9d5-73d5-bd6f-0e29bdab2890'), task_id='python', dag_id='python_operator_v1', run_id='scheduled__2023-06-23T11:12:00+00:00', try_number=1, map_index=-1, hostname='bf6f1e7a6f11', context_carrier={}, task=<Task(PythonOperator): python>, bundle_instance=LocalDagBundle(name=dags-folder), max_tries=0, start_date=datetime.datetime(2025, 7, 29, 19, 34, 33, 298967, tzinfo=datetime.timezone.utc), end_date=None, state=<TaskInstanceState.RUNNING: 'running'>, is_mapped=False, rendered_map_index=None, log_url='http://localhost:8080/dags/python_operator_v1/runs/scheduled__2023-06-23T11%3A12%3A00%2B00%3A00/tasks/python?try_number=1'),","chan":"stdout","logger":"task"}
{"timestamp":"2025-07-29T19:34:33.814774Z","level":"info","event":" 'triggering_asset_events': TriggeringAssetEventsAccessor(_events=defaultdict(<class 'list'>, {})),","chan":"stdout","logger":"task"}
{"timestamp":"2025-07-29T19:34:33.814846Z","level":"info","event":" 'ts': '2023-06-23T11:12:00+00:00',","chan":"stdout","logger":"task"}
{"timestamp":"2025-07-29T19:34:33.814916Z","level":"info","event":" 'ts_nodash': '20230623T111200',","chan":"stdout","logger":"task"}
{"timestamp":"2025-07-29T19:34:33.814981Z","level":"info","event":" 'ts_nodash_with_tz': '20230623T111200+0000',","chan":"stdout","logger":"task"}
{"timestamp":"2025-07-29T19:34:33.815049Z","level":"info","event":" 'var': {'json': <VariableAccessor (dynamic access)>,","chan":"stdout","logger":"task"}
{"timestamp":"2025-07-29T19:34:33.815122Z","level":"info","event":"         'value': <VariableAccessor (dynamic access)>}}","chan":"stdout","logger":"task"}
{"timestamp":"2025-07-29T19:34:33.814774","level":"info","event":"Done. Returned value was: 123","logger":"airflow.task.operators.airflow.providers.standard.operators.python.PythonOperator"}
{"timestamp":"2025-07-29T19:34:33.815014","level":"info","event":"Pushing xcom","ti":"RuntimeTaskInstance(id=UUID('019857ad-e9d5-73d5-bd6f-0e29bdab2890'), task_id='python', dag_id='python_operator_v1', run_id='scheduled__2023-06-23T11:12:00+00:00', try_number=1, map_index=-1, hostname='bf6f1e7a6f11', context_carrier={}, task=<Task(PythonOperator): python>, bundle_instance=LocalDagBundle(name=dags-folder), max_tries=0, start_date=datetime.datetime(2025, 7, 29, 19, 34, 33, 298967, tzinfo=datetime.timezone.utc), end_date=None, state=<TaskInstanceState.RUNNING: 'running'>, is_mapped=False, rendered_map_index=None, log_url='http://localhost:8080/dags/python_operator_v1/runs/scheduled__2023-06-23T11%3A12%3A00%2B00%3A00/tasks/python?try_number=1')","logger":"task"}
{"timestamp":"2025-07-29T19:34:33.842086Z","level":"info","event":"Task instance in success state","chan":"stdout","logger":"task"}
{"timestamp":"2025-07-29T19:34:33.842237Z","level":"info","event":" Previous state of the Task instance: TaskInstanceState.RUNNING","chan":"stdout","logger":"task"}
{"timestamp":"2025-07-29T19:34:33.842351Z","level":"info","event":"Task operator:<Task(PythonOperator): python>","chan":"stdout","logger":"task"}
