{"timestamp":"2025-07-29T19:41:32.536138","level":"info","event":"DAG bundles loaded: dags-folder, example_dags","logger":"airflow.dag_processing.bundles.manager.DagBundlesManager"}
{"timestamp":"2025-07-29T19:41:32.536880","level":"info","event":"Filling up the DagBag from /opt/airflow/dags/python_operator_v1.py","logger":"airflow.models.dagbag.DagBag"}
{"timestamp":"2025-07-29T19:41:32.561332Z","level":"info","event":"Task instance is in running state","chan":"stdout","logger":"task"}
{"timestamp":"2025-07-29T19:41:32.561482Z","level":"info","event":" Previous state of the Task instance: TaskInstanceState.QUEUED","chan":"stdout","logger":"task"}
{"timestamp":"2025-07-29T19:41:32.561971Z","level":"info","event":"Current task name:python","chan":"stdout","logger":"task"}
{"timestamp":"2025-07-29T19:41:32.562068Z","level":"info","event":"Dag name:python_operator_v1","chan":"stdout","logger":"task"}
{"timestamp":"2025-07-29T19:41:32.563036Z","level":"info","event":"poliana","chan":"stdout","logger":"task"}
{"timestamp":"2025-07-29T19:41:32.563654Z","level":"info","event":"{'conn': <ConnectionAccessor (dynamic access)>,","chan":"stdout","logger":"task"}
{"timestamp":"2025-07-29T19:41:32.563751Z","level":"info","event":" 'dag': <DAG: python_operator_v1>,","chan":"stdout","logger":"task"}
{"timestamp":"2025-07-29T19:41:32.563846Z","level":"info","event":" 'dag_run': DagRun(dag_id='python_operator_v1', run_id='scheduled__2023-06-23T18:51:00+00:00', logical_date=datetime.datetime(2023, 6, 23, 18, 51, tzinfo=datetime.timezone.utc), data_interval_start=datetime.datetime(2023, 6, 23, 18, 51, tzinfo=datetime.timezone.utc), data_interval_end=datetime.datetime(2023, 6, 23, 18, 51, tzinfo=datetime.timezone.utc), run_after=datetime.datetime(2023, 6, 23, 18, 51, tzinfo=datetime.timezone.utc), start_date=datetime.datetime(2025, 7, 29, 19, 41, 31, 609952, tzinfo=datetime.timezone.utc), end_date=None, clear_number=0, run_type=<DagRunType.SCHEDULED: 'scheduled'>, conf={}, consumed_asset_events=[]),","chan":"stdout","logger":"task"}
{"timestamp":"2025-07-29T19:41:32.563924Z","level":"info","event":" 'data_interval_end': DateTime(2023, 6, 23, 18, 51, 0, tzinfo=Timezone('UTC')),","chan":"stdout","logger":"task"}
{"timestamp":"2025-07-29T19:41:32.563980Z","level":"info","event":" 'data_interval_start': DateTime(2023, 6, 23, 18, 51, 0, tzinfo=Timezone('UTC')),","chan":"stdout","logger":"task"}
{"timestamp":"2025-07-29T19:41:32.564024Z","level":"info","event":" 'ds': '2023-06-23',","chan":"stdout","logger":"task"}
{"timestamp":"2025-07-29T19:41:32.564067Z","level":"info","event":" 'ds_nodash': '20230623',","chan":"stdout","logger":"task"}
{"timestamp":"2025-07-29T19:41:32.564107Z","level":"info","event":" 'inlet_events': InletEventsAccessors(_inlets=[], _assets={}, _asset_aliases={}),","chan":"stdout","logger":"task"}
{"timestamp":"2025-07-29T19:41:32.564148Z","level":"info","event":" 'inlets': [],","chan":"stdout","logger":"task"}
{"timestamp":"2025-07-29T19:41:32.564189Z","level":"info","event":" 'logical_date': DateTime(2023, 6, 23, 18, 51, 0, tzinfo=Timezone('UTC')),","chan":"stdout","logger":"task"}
{"timestamp":"2025-07-29T19:41:32.564229Z","level":"info","event":" 'macros': <MacrosAccessor (dynamic access to macros)>,","chan":"stdout","logger":"task"}
{"timestamp":"2025-07-29T19:41:32.564269Z","level":"info","event":" 'map_index_template': None,","chan":"stdout","logger":"task"}
{"timestamp":"2025-07-29T19:41:32.564309Z","level":"info","event":" 'outlet_events': <airflow.sdk.execution_time.context.OutletEventAccessors object at 0x7fb67ba6fa70>,","chan":"stdout","logger":"task"}
{"timestamp":"2025-07-29T19:41:32.564349Z","level":"info","event":" 'outlets': [],","chan":"stdout","logger":"task"}
{"timestamp":"2025-07-29T19:41:32.564389Z","level":"info","event":" 'params': {},","chan":"stdout","logger":"task"}
{"timestamp":"2025-07-29T19:41:32.572888Z","level":"info","event":" 'prev_data_interval_end_success': <Proxy at 0x7fb66fcc4380 with factory <function RuntimeTaskInstance.get_template_context.<locals>.<lambda> at 0x7fb66fcd0040>>,","chan":"stdout","logger":"task"}
{"timestamp":"2025-07-29T19:41:32.573057Z","level":"info","event":" 'prev_data_interval_start_success': <Proxy at 0x7fb66fcc4290 with factory <function RuntimeTaskInstance.get_template_context.<locals>.<lambda> at 0x7fb66fcd1260>>,","chan":"stdout","logger":"task"}
{"timestamp":"2025-07-29T19:41:32.573122Z","level":"info","event":" 'prev_end_date_success': <Proxy at 0x7fb66fcc4620 with factory <function RuntimeTaskInstance.get_template_context.<locals>.<lambda> at 0x7fb66fcd1300>>,","chan":"stdout","logger":"task"}
{"timestamp":"2025-07-29T19:41:32.573170Z","level":"info","event":" 'prev_start_date_success': <Proxy at 0x7fb66fcc4170 with factory <function RuntimeTaskInstance.get_template_context.<locals>.<lambda> at 0x7fb66fcc3b00>>,","chan":"stdout","logger":"task"}
{"timestamp":"2025-07-29T19:41:32.573215Z","level":"info","event":" 'run_id': 'scheduled__2023-06-23T18:51:00+00:00',","chan":"stdout","logger":"task"}
{"timestamp":"2025-07-29T19:41:32.573258Z","level":"info","event":" 'task': <Task(PythonOperator): python>,","chan":"stdout","logger":"task"}
{"timestamp":"2025-07-29T19:41:32.573307Z","level":"info","event":" 'task_instance': RuntimeTaskInstance(id=UUID('019857b4-5051-7cd7-926c-4b2ae88232dc'), task_id='python', dag_id='python_operator_v1', run_id='scheduled__2023-06-23T18:51:00+00:00', try_number=1, map_index=-1, hostname='bf6f1e7a6f11', context_carrier={}, task=<Task(PythonOperator): python>, bundle_instance=LocalDagBundle(name=dags-folder), max_tries=0, start_date=datetime.datetime(2025, 7, 29, 19, 41, 32, 16918, tzinfo=datetime.timezone.utc), end_date=None, state=<TaskInstanceState.RUNNING: 'running'>, is_mapped=False, rendered_map_index=None, log_url='http://localhost:8080/dags/python_operator_v1/runs/scheduled__2023-06-23T18%3A51%3A00%2B00%3A00/tasks/python?try_number=1'),","chan":"stdout","logger":"task"}
{"timestamp":"2025-07-29T19:41:32.573352Z","level":"info","event":" 'task_instance_key_str': 'python_operator_v1__python__20230623',","chan":"stdout","logger":"task"}
{"timestamp":"2025-07-29T19:41:32.573394Z","level":"info","event":" 'task_reschedule_count': 0,","chan":"stdout","logger":"task"}
{"timestamp":"2025-07-29T19:41:32.573445Z","level":"info","event":" 'templates_dict': None,","chan":"stdout","logger":"task"}
{"timestamp":"2025-07-29T19:41:32.573544Z","level":"info","event":" 'ti': RuntimeTaskInstance(id=UUID('019857b4-5051-7cd7-926c-4b2ae88232dc'), task_id='python', dag_id='python_operator_v1', run_id='scheduled__2023-06-23T18:51:00+00:00', try_number=1, map_index=-1, hostname='bf6f1e7a6f11', context_carrier={}, task=<Task(PythonOperator): python>, bundle_instance=LocalDagBundle(name=dags-folder), max_tries=0, start_date=datetime.datetime(2025, 7, 29, 19, 41, 32, 16918, tzinfo=datetime.timezone.utc), end_date=None, state=<TaskInstanceState.RUNNING: 'running'>, is_mapped=False, rendered_map_index=None, log_url='http://localhost:8080/dags/python_operator_v1/runs/scheduled__2023-06-23T18%3A51%3A00%2B00%3A00/tasks/python?try_number=1'),","chan":"stdout","logger":"task"}
{"timestamp":"2025-07-29T19:41:32.573624Z","level":"info","event":" 'triggering_asset_events': TriggeringAssetEventsAccessor(_events=defaultdict(<class 'list'>, {})),","chan":"stdout","logger":"task"}
{"timestamp":"2025-07-29T19:41:32.573685Z","level":"info","event":" 'ts': '2023-06-23T18:51:00+00:00',","chan":"stdout","logger":"task"}
{"timestamp":"2025-07-29T19:41:32.573750Z","level":"info","event":" 'ts_nodash': '20230623T185100',","chan":"stdout","logger":"task"}
{"timestamp":"2025-07-29T19:41:32.573800Z","level":"info","event":" 'ts_nodash_with_tz': '20230623T185100+0000',","chan":"stdout","logger":"task"}
{"timestamp":"2025-07-29T19:41:32.573842Z","level":"info","event":" 'var': {'json': <VariableAccessor (dynamic access)>,","chan":"stdout","logger":"task"}
{"timestamp":"2025-07-29T19:41:32.573884Z","level":"info","event":"         'value': <VariableAccessor (dynamic access)>}}","chan":"stdout","logger":"task"}
{"timestamp":"2025-07-29T19:41:32.573633","level":"info","event":"Done. Returned value was: 123","logger":"airflow.task.operators.airflow.providers.standard.operators.python.PythonOperator"}
{"timestamp":"2025-07-29T19:41:32.573830","level":"info","event":"Pushing xcom","ti":"RuntimeTaskInstance(id=UUID('019857b4-5051-7cd7-926c-4b2ae88232dc'), task_id='python', dag_id='python_operator_v1', run_id='scheduled__2023-06-23T18:51:00+00:00', try_number=1, map_index=-1, hostname='bf6f1e7a6f11', context_carrier={}, task=<Task(PythonOperator): python>, bundle_instance=LocalDagBundle(name=dags-folder), max_tries=0, start_date=datetime.datetime(2025, 7, 29, 19, 41, 32, 16918, tzinfo=datetime.timezone.utc), end_date=None, state=<TaskInstanceState.RUNNING: 'running'>, is_mapped=False, rendered_map_index=None, log_url='http://localhost:8080/dags/python_operator_v1/runs/scheduled__2023-06-23T18%3A51%3A00%2B00%3A00/tasks/python?try_number=1')","logger":"task"}
{"timestamp":"2025-07-29T19:41:32.595438Z","level":"info","event":"Task instance in success state","chan":"stdout","logger":"task"}
{"timestamp":"2025-07-29T19:41:32.595571Z","level":"info","event":" Previous state of the Task instance: TaskInstanceState.RUNNING","chan":"stdout","logger":"task"}
{"timestamp":"2025-07-29T19:41:32.595664Z","level":"info","event":"Task operator:<Task(PythonOperator): python>","chan":"stdout","logger":"task"}
