{"timestamp":"2025-07-29T19:53:04.329031","level":"info","event":"DAG bundles loaded: dags-folder, example_dags","logger":"airflow.dag_processing.bundles.manager.DagBundlesManager"}
{"timestamp":"2025-07-29T19:53:04.330022","level":"info","event":"Filling up the DagBag from /opt/airflow/dags/2_python_operator_v1.py","logger":"airflow.models.dagbag.DagBag"}
{"timestamp":"2025-07-29T19:53:04.360927Z","level":"info","event":"Task instance is in running state","chan":"stdout","logger":"task"}
{"timestamp":"2025-07-29T19:53:04.361302Z","level":"info","event":" Previous state of the Task instance: TaskInstanceState.QUEUED","chan":"stdout","logger":"task"}
{"timestamp":"2025-07-29T19:53:04.363640Z","level":"info","event":"Current task name:python","chan":"stdout","logger":"task"}
{"timestamp":"2025-07-29T19:53:04.363844Z","level":"info","event":"Dag name:python_operator_v1","chan":"stdout","logger":"task"}
{"timestamp":"2025-07-29T19:53:04.365024Z","level":"info","event":"poliana","chan":"stdout","logger":"task"}
{"timestamp":"2025-07-29T19:53:04.365829Z","level":"info","event":"{'conn': <ConnectionAccessor (dynamic access)>,","chan":"stdout","logger":"task"}
{"timestamp":"2025-07-29T19:53:04.366010Z","level":"info","event":" 'dag': <DAG: python_operator_v1>,","chan":"stdout","logger":"task"}
{"timestamp":"2025-07-29T19:53:04.366180Z","level":"info","event":" 'dag_run': DagRun(dag_id='python_operator_v1', run_id='scheduled__2023-06-24T07:31:00+00:00', logical_date=datetime.datetime(2023, 6, 24, 7, 31, tzinfo=datetime.timezone.utc), data_interval_start=datetime.datetime(2023, 6, 24, 7, 31, tzinfo=datetime.timezone.utc), data_interval_end=datetime.datetime(2023, 6, 24, 7, 31, tzinfo=datetime.timezone.utc), run_after=datetime.datetime(2023, 6, 24, 7, 31, tzinfo=datetime.timezone.utc), start_date=datetime.datetime(2025, 7, 29, 19, 53, 3, 590721, tzinfo=datetime.timezone.utc), end_date=None, clear_number=0, run_type=<DagRunType.SCHEDULED: 'scheduled'>, conf={}, consumed_asset_events=[]),","chan":"stdout","logger":"task"}
{"timestamp":"2025-07-29T19:53:04.366307Z","level":"info","event":" 'data_interval_end': DateTime(2023, 6, 24, 7, 31, 0, tzinfo=Timezone('UTC')),","chan":"stdout","logger":"task"}
{"timestamp":"2025-07-29T19:53:04.366376Z","level":"info","event":" 'data_interval_start': DateTime(2023, 6, 24, 7, 31, 0, tzinfo=Timezone('UTC')),","chan":"stdout","logger":"task"}
{"timestamp":"2025-07-29T19:53:04.366423Z","level":"info","event":" 'ds': '2023-06-24',","chan":"stdout","logger":"task"}
{"timestamp":"2025-07-29T19:53:04.366467Z","level":"info","event":" 'ds_nodash': '20230624',","chan":"stdout","logger":"task"}
{"timestamp":"2025-07-29T19:53:04.366511Z","level":"info","event":" 'inlet_events': InletEventsAccessors(_inlets=[], _assets={}, _asset_aliases={}),","chan":"stdout","logger":"task"}
{"timestamp":"2025-07-29T19:53:04.366554Z","level":"info","event":" 'inlets': [],","chan":"stdout","logger":"task"}
{"timestamp":"2025-07-29T19:53:04.366631Z","level":"info","event":" 'logical_date': DateTime(2023, 6, 24, 7, 31, 0, tzinfo=Timezone('UTC')),","chan":"stdout","logger":"task"}
{"timestamp":"2025-07-29T19:53:04.366679Z","level":"info","event":" 'macros': <MacrosAccessor (dynamic access to macros)>,","chan":"stdout","logger":"task"}
{"timestamp":"2025-07-29T19:53:04.366722Z","level":"info","event":" 'map_index_template': None,","chan":"stdout","logger":"task"}
{"timestamp":"2025-07-29T19:53:04.366768Z","level":"info","event":" 'outlet_events': <airflow.sdk.execution_time.context.OutletEventAccessors object at 0x7fb67ebe59a0>,","chan":"stdout","logger":"task"}
{"timestamp":"2025-07-29T19:53:04.366835Z","level":"info","event":" 'outlets': [],","chan":"stdout","logger":"task"}
{"timestamp":"2025-07-29T19:53:04.366879Z","level":"info","event":" 'params': {},","chan":"stdout","logger":"task"}
{"timestamp":"2025-07-29T19:53:04.379890Z","level":"info","event":" 'prev_data_interval_end_success': <Proxy at 0x7fb66fde99a0 with factory <function RuntimeTaskInstance.get_template_context.<locals>.<lambda> at 0x7fb66fc11120>>,","chan":"stdout","logger":"task"}
{"timestamp":"2025-07-29T19:53:04.380254Z","level":"info","event":" 'prev_data_interval_start_success': <Proxy at 0x7fb66fde97c0 with factory <function RuntimeTaskInstance.get_template_context.<locals>.<lambda> at 0x7fb66fdfbf60>>,","chan":"stdout","logger":"task"}
{"timestamp":"2025-07-29T19:53:04.380388Z","level":"info","event":" 'prev_end_date_success': <Proxy at 0x7fb66fde8320 with factory <function RuntimeTaskInstance.get_template_context.<locals>.<lambda> at 0x7fb66fdfb920>>,","chan":"stdout","logger":"task"}
{"timestamp":"2025-07-29T19:53:04.380476Z","level":"info","event":" 'prev_start_date_success': <Proxy at 0x7fb66fde9cd0 with factory <function RuntimeTaskInstance.get_template_context.<locals>.<lambda> at 0x7fb66fdfbe20>>,","chan":"stdout","logger":"task"}
{"timestamp":"2025-07-29T19:53:04.380551Z","level":"info","event":" 'run_id': 'scheduled__2023-06-24T07:31:00+00:00',","chan":"stdout","logger":"task"}
{"timestamp":"2025-07-29T19:53:04.380621Z","level":"info","event":" 'task': <Task(PythonOperator): python>,","chan":"stdout","logger":"task"}
{"timestamp":"2025-07-29T19:53:04.380704Z","level":"info","event":" 'task_instance': RuntimeTaskInstance(id=UUID('019857be-df5f-78d6-9429-1930b9bd57fc'), task_id='python', dag_id='python_operator_v1', run_id='scheduled__2023-06-24T07:31:00+00:00', try_number=1, map_index=-1, hostname='bf6f1e7a6f11', context_carrier={}, task=<Task(PythonOperator): python>, bundle_instance=LocalDagBundle(name=dags-folder), max_tries=0, start_date=datetime.datetime(2025, 7, 29, 19, 53, 3, 778769, tzinfo=datetime.timezone.utc), end_date=None, state=<TaskInstanceState.RUNNING: 'running'>, is_mapped=False, rendered_map_index=None, log_url='http://localhost:8080/dags/python_operator_v1/runs/scheduled__2023-06-24T07%3A31%3A00%2B00%3A00/tasks/python?try_number=1'),","chan":"stdout","logger":"task"}
{"timestamp":"2025-07-29T19:53:04.380781Z","level":"info","event":" 'task_instance_key_str': 'python_operator_v1__python__20230624',","chan":"stdout","logger":"task"}
{"timestamp":"2025-07-29T19:53:04.380850Z","level":"info","event":" 'task_reschedule_count': 0,","chan":"stdout","logger":"task"}
{"timestamp":"2025-07-29T19:53:04.380917Z","level":"info","event":" 'templates_dict': None,","chan":"stdout","logger":"task"}
{"timestamp":"2025-07-29T19:53:04.380982Z","level":"info","event":" 'ti': RuntimeTaskInstance(id=UUID('019857be-df5f-78d6-9429-1930b9bd57fc'), task_id='python', dag_id='python_operator_v1', run_id='scheduled__2023-06-24T07:31:00+00:00', try_number=1, map_index=-1, hostname='bf6f1e7a6f11', context_carrier={}, task=<Task(PythonOperator): python>, bundle_instance=LocalDagBundle(name=dags-folder), max_tries=0, start_date=datetime.datetime(2025, 7, 29, 19, 53, 3, 778769, tzinfo=datetime.timezone.utc), end_date=None, state=<TaskInstanceState.RUNNING: 'running'>, is_mapped=False, rendered_map_index=None, log_url='http://localhost:8080/dags/python_operator_v1/runs/scheduled__2023-06-24T07%3A31%3A00%2B00%3A00/tasks/python?try_number=1'),","chan":"stdout","logger":"task"}
{"timestamp":"2025-07-29T19:53:04.381123Z","level":"info","event":" 'triggering_asset_events': TriggeringAssetEventsAccessor(_events=defaultdict(<class 'list'>, {})),","chan":"stdout","logger":"task"}
{"timestamp":"2025-07-29T19:53:04.381227Z","level":"info","event":" 'ts': '2023-06-24T07:31:00+00:00',","chan":"stdout","logger":"task"}
{"timestamp":"2025-07-29T19:53:04.381300Z","level":"info","event":" 'ts_nodash': '20230624T073100',","chan":"stdout","logger":"task"}
{"timestamp":"2025-07-29T19:53:04.381365Z","level":"info","event":" 'ts_nodash_with_tz': '20230624T073100+0000',","chan":"stdout","logger":"task"}
{"timestamp":"2025-07-29T19:53:04.381462Z","level":"info","event":" 'var': {'json': <VariableAccessor (dynamic access)>,","chan":"stdout","logger":"task"}
{"timestamp":"2025-07-29T19:53:04.381533Z","level":"info","event":"         'value': <VariableAccessor (dynamic access)>}}","chan":"stdout","logger":"task"}
{"timestamp":"2025-07-29T19:53:04.381332","level":"info","event":"Done. Returned value was: 123","logger":"airflow.task.operators.airflow.providers.standard.operators.python.PythonOperator"}
{"timestamp":"2025-07-29T19:53:04.381700","level":"info","event":"Pushing xcom","ti":"RuntimeTaskInstance(id=UUID('019857be-df5f-78d6-9429-1930b9bd57fc'), task_id='python', dag_id='python_operator_v1', run_id='scheduled__2023-06-24T07:31:00+00:00', try_number=1, map_index=-1, hostname='bf6f1e7a6f11', context_carrier={}, task=<Task(PythonOperator): python>, bundle_instance=LocalDagBundle(name=dags-folder), max_tries=0, start_date=datetime.datetime(2025, 7, 29, 19, 53, 3, 778769, tzinfo=datetime.timezone.utc), end_date=None, state=<TaskInstanceState.RUNNING: 'running'>, is_mapped=False, rendered_map_index=None, log_url='http://localhost:8080/dags/python_operator_v1/runs/scheduled__2023-06-24T07%3A31%3A00%2B00%3A00/tasks/python?try_number=1')","logger":"task"}
{"timestamp":"2025-07-29T19:53:04.428110Z","level":"info","event":"Task instance in success state","chan":"stdout","logger":"task"}
{"timestamp":"2025-07-29T19:53:04.428401Z","level":"info","event":" Previous state of the Task instance: TaskInstanceState.RUNNING","chan":"stdout","logger":"task"}
{"timestamp":"2025-07-29T19:53:04.428621Z","level":"info","event":"Task operator:<Task(PythonOperator): python>","chan":"stdout","logger":"task"}
