{"timestamp":"2025-07-29T19:54:29.367978","level":"info","event":"DAG bundles loaded: dags-folder, example_dags","logger":"airflow.dag_processing.bundles.manager.DagBundlesManager"}
{"timestamp":"2025-07-29T19:54:29.368661","level":"info","event":"Filling up the DagBag from /opt/airflow/dags/2_python_operator_v1.py","logger":"airflow.models.dagbag.DagBag"}
{"timestamp":"2025-07-29T19:54:29.435039Z","level":"info","event":"Task instance is in running state","chan":"stdout","logger":"task"}
{"timestamp":"2025-07-29T19:54:29.435536Z","level":"info","event":" Previous state of the Task instance: TaskInstanceState.QUEUED","chan":"stdout","logger":"task"}
{"timestamp":"2025-07-29T19:54:29.435841Z","level":"info","event":"Current task name:python","chan":"stdout","logger":"task"}
{"timestamp":"2025-07-29T19:54:29.436081Z","level":"info","event":"Dag name:python_operator_v1","chan":"stdout","logger":"task"}
{"timestamp":"2025-07-29T19:54:29.436307Z","level":"info","event":"poliana","chan":"stdout","logger":"task"}
{"timestamp":"2025-07-29T19:54:29.436524Z","level":"info","event":"{'conn': <ConnectionAccessor (dynamic access)>,","chan":"stdout","logger":"task"}
{"timestamp":"2025-07-29T19:54:29.436744Z","level":"info","event":" 'dag': <DAG: python_operator_v1>,","chan":"stdout","logger":"task"}
{"timestamp":"2025-07-29T19:54:29.436970Z","level":"info","event":" 'dag_run': DagRun(dag_id='python_operator_v1', run_id='scheduled__2023-06-24T09:03:00+00:00', logical_date=datetime.datetime(2023, 6, 24, 9, 3, tzinfo=datetime.timezone.utc), data_interval_start=datetime.datetime(2023, 6, 24, 9, 3, tzinfo=datetime.timezone.utc), data_interval_end=datetime.datetime(2023, 6, 24, 9, 3, tzinfo=datetime.timezone.utc), run_after=datetime.datetime(2023, 6, 24, 9, 3, tzinfo=datetime.timezone.utc), start_date=datetime.datetime(2025, 7, 29, 19, 54, 25, 345561, tzinfo=datetime.timezone.utc), end_date=None, clear_number=0, run_type=<DagRunType.SCHEDULED: 'scheduled'>, conf={}, consumed_asset_events=[]),","chan":"stdout","logger":"task"}
{"timestamp":"2025-07-29T19:54:29.437222Z","level":"info","event":" 'data_interval_end': DateTime(2023, 6, 24, 9, 3, 0, tzinfo=Timezone('UTC')),","chan":"stdout","logger":"task"}
{"timestamp":"2025-07-29T19:54:29.437430Z","level":"info","event":" 'data_interval_start': DateTime(2023, 6, 24, 9, 3, 0, tzinfo=Timezone('UTC')),","chan":"stdout","logger":"task"}
{"timestamp":"2025-07-29T19:54:29.437621Z","level":"info","event":" 'ds': '2023-06-24',","chan":"stdout","logger":"task"}
{"timestamp":"2025-07-29T19:54:29.437847Z","level":"info","event":" 'ds_nodash': '20230624',","chan":"stdout","logger":"task"}
{"timestamp":"2025-07-29T19:54:29.438050Z","level":"info","event":" 'inlet_events': InletEventsAccessors(_inlets=[], _assets={}, _asset_aliases={}),","chan":"stdout","logger":"task"}
{"timestamp":"2025-07-29T19:54:29.438257Z","level":"info","event":" 'inlets': [],","chan":"stdout","logger":"task"}
{"timestamp":"2025-07-29T19:54:29.438465Z","level":"info","event":" 'logical_date': DateTime(2023, 6, 24, 9, 3, 0, tzinfo=Timezone('UTC')),","chan":"stdout","logger":"task"}
{"timestamp":"2025-07-29T19:54:29.438676Z","level":"info","event":" 'macros': <MacrosAccessor (dynamic access to macros)>,","chan":"stdout","logger":"task"}
{"timestamp":"2025-07-29T19:54:29.438879Z","level":"info","event":" 'map_index_template': None,","chan":"stdout","logger":"task"}
{"timestamp":"2025-07-29T19:54:29.439122Z","level":"info","event":" 'outlet_events': <airflow.sdk.execution_time.context.OutletEventAccessors object at 0x7fb66fe17a40>,","chan":"stdout","logger":"task"}
{"timestamp":"2025-07-29T19:54:29.439333Z","level":"info","event":" 'outlets': [],","chan":"stdout","logger":"task"}
{"timestamp":"2025-07-29T19:54:29.439546Z","level":"info","event":" 'params': {},","chan":"stdout","logger":"task"}
{"timestamp":"2025-07-29T19:54:29.458502Z","level":"info","event":" 'prev_data_interval_end_success': <Proxy at 0x7fb66fca80b0 with factory <function RuntimeTaskInstance.get_template_context.<locals>.<lambda> at 0x7fb66fc959e0>>,","chan":"stdout","logger":"task"}
{"timestamp":"2025-07-29T19:54:29.458837Z","level":"info","event":" 'prev_data_interval_start_success': <Proxy at 0x7fb66fca8140 with factory <function RuntimeTaskInstance.get_template_context.<locals>.<lambda> at 0x7fb66fc97100>>,","chan":"stdout","logger":"task"}
{"timestamp":"2025-07-29T19:54:29.459042Z","level":"info","event":" 'prev_end_date_success': <Proxy at 0x7fb66fca8380 with factory <function RuntimeTaskInstance.get_template_context.<locals>.<lambda> at 0x7fb66fc971a0>>,","chan":"stdout","logger":"task"}
{"timestamp":"2025-07-29T19:54:29.459247Z","level":"info","event":" 'prev_start_date_success': <Proxy at 0x7fb66fca8440 with factory <function RuntimeTaskInstance.get_template_context.<locals>.<lambda> at 0x7fb66fc95ee0>>,","chan":"stdout","logger":"task"}
{"timestamp":"2025-07-29T19:54:29.459426Z","level":"info","event":" 'run_id': 'scheduled__2023-06-24T09:03:00+00:00',","chan":"stdout","logger":"task"}
{"timestamp":"2025-07-29T19:54:29.459595Z","level":"info","event":" 'task': <Task(PythonOperator): python>,","chan":"stdout","logger":"task"}
{"timestamp":"2025-07-29T19:54:29.459885Z","level":"info","event":" 'task_instance': RuntimeTaskInstance(id=UUID('019857c0-1eb4-7a5a-bdcb-4cd2a1dfd4a7'), task_id='python', dag_id='python_operator_v1', run_id='scheduled__2023-06-24T09:03:00+00:00', try_number=1, map_index=-1, hostname='bf6f1e7a6f11', context_carrier={}, task=<Task(PythonOperator): python>, bundle_instance=LocalDagBundle(name=dags-folder), max_tries=0, start_date=datetime.datetime(2025, 7, 29, 19, 54, 28, 449086, tzinfo=datetime.timezone.utc), end_date=None, state=<TaskInstanceState.RUNNING: 'running'>, is_mapped=False, rendered_map_index=None, log_url='http://localhost:8080/dags/python_operator_v1/runs/scheduled__2023-06-24T09%3A03%3A00%2B00%3A00/tasks/python?try_number=1'),","chan":"stdout","logger":"task"}
{"timestamp":"2025-07-29T19:54:29.460134Z","level":"info","event":" 'task_instance_key_str': 'python_operator_v1__python__20230624',","chan":"stdout","logger":"task"}
{"timestamp":"2025-07-29T19:54:29.460337Z","level":"info","event":" 'task_reschedule_count': 0,","chan":"stdout","logger":"task"}
{"timestamp":"2025-07-29T19:54:29.460534Z","level":"info","event":" 'templates_dict': None,","chan":"stdout","logger":"task"}
{"timestamp":"2025-07-29T19:54:29.460736Z","level":"info","event":" 'ti': RuntimeTaskInstance(id=UUID('019857c0-1eb4-7a5a-bdcb-4cd2a1dfd4a7'), task_id='python', dag_id='python_operator_v1', run_id='scheduled__2023-06-24T09:03:00+00:00', try_number=1, map_index=-1, hostname='bf6f1e7a6f11', context_carrier={}, task=<Task(PythonOperator): python>, bundle_instance=LocalDagBundle(name=dags-folder), max_tries=0, start_date=datetime.datetime(2025, 7, 29, 19, 54, 28, 449086, tzinfo=datetime.timezone.utc), end_date=None, state=<TaskInstanceState.RUNNING: 'running'>, is_mapped=False, rendered_map_index=None, log_url='http://localhost:8080/dags/python_operator_v1/runs/scheduled__2023-06-24T09%3A03%3A00%2B00%3A00/tasks/python?try_number=1'),","chan":"stdout","logger":"task"}
{"timestamp":"2025-07-29T19:54:29.460961Z","level":"info","event":" 'triggering_asset_events': TriggeringAssetEventsAccessor(_events=defaultdict(<class 'list'>, {})),","chan":"stdout","logger":"task"}
{"timestamp":"2025-07-29T19:54:29.461110Z","level":"info","event":" 'ts': '2023-06-24T09:03:00+00:00',","chan":"stdout","logger":"task"}
{"timestamp":"2025-07-29T19:54:29.461286Z","level":"info","event":" 'ts_nodash': '20230624T090300',","chan":"stdout","logger":"task"}
{"timestamp":"2025-07-29T19:54:29.461482Z","level":"info","event":" 'ts_nodash_with_tz': '20230624T090300+0000',","chan":"stdout","logger":"task"}
{"timestamp":"2025-07-29T19:54:29.461677Z","level":"info","event":" 'var': {'json': <VariableAccessor (dynamic access)>,","chan":"stdout","logger":"task"}
{"timestamp":"2025-07-29T19:54:29.461870Z","level":"info","event":"         'value': <VariableAccessor (dynamic access)>}}","chan":"stdout","logger":"task"}
{"timestamp":"2025-07-29T19:54:29.459885","level":"info","event":"Done. Returned value was: 123","logger":"airflow.task.operators.airflow.providers.standard.operators.python.PythonOperator"}
{"timestamp":"2025-07-29T19:54:29.460220","level":"info","event":"Pushing xcom","ti":"RuntimeTaskInstance(id=UUID('019857c0-1eb4-7a5a-bdcb-4cd2a1dfd4a7'), task_id='python', dag_id='python_operator_v1', run_id='scheduled__2023-06-24T09:03:00+00:00', try_number=1, map_index=-1, hostname='bf6f1e7a6f11', context_carrier={}, task=<Task(PythonOperator): python>, bundle_instance=LocalDagBundle(name=dags-folder), max_tries=0, start_date=datetime.datetime(2025, 7, 29, 19, 54, 28, 449086, tzinfo=datetime.timezone.utc), end_date=None, state=<TaskInstanceState.RUNNING: 'running'>, is_mapped=False, rendered_map_index=None, log_url='http://localhost:8080/dags/python_operator_v1/runs/scheduled__2023-06-24T09%3A03%3A00%2B00%3A00/tasks/python?try_number=1')","logger":"task"}
{"timestamp":"2025-07-29T19:54:29.499465Z","level":"info","event":"Task instance in success state","chan":"stdout","logger":"task"}
{"timestamp":"2025-07-29T19:54:29.499736Z","level":"info","event":" Previous state of the Task instance: TaskInstanceState.RUNNING","chan":"stdout","logger":"task"}
{"timestamp":"2025-07-29T19:54:29.499879Z","level":"info","event":"Task operator:<Task(PythonOperator): python>","chan":"stdout","logger":"task"}
