{"timestamp":"2025-07-29T20:03:38.689781","level":"info","event":"DAG bundles loaded: dags-folder, example_dags","logger":"airflow.dag_processing.bundles.manager.DagBundlesManager"}
{"timestamp":"2025-07-29T20:03:38.690674","level":"info","event":"Filling up the DagBag from /opt/airflow/dags/3_dag_principal.py","logger":"airflow.models.dagbag.DagBag"}
{"timestamp":"2025-07-29T20:03:38.726683Z","level":"info","event":"Task instance is in running state","chan":"stdout","logger":"task"}
{"timestamp":"2025-07-29T20:03:38.726924Z","level":"info","event":" Previous state of the Task instance: TaskInstanceState.QUEUED","chan":"stdout","logger":"task"}
{"timestamp":"2025-07-29T20:03:38.728376Z","level":"info","event":"Current task name:python_principal","chan":"stdout","logger":"task"}
{"timestamp":"2025-07-29T20:03:38.728641Z","level":"info","event":"Dag name:3_DAG_principal","chan":"stdout","logger":"task"}
{"timestamp":"2025-07-29T20:03:38.729741Z","level":"info","event":"DAG principal","chan":"stdout","logger":"task"}
{"timestamp":"2025-07-29T20:03:38.730360Z","level":"info","event":"{'conn': <ConnectionAccessor (dynamic access)>,","chan":"stdout","logger":"task"}
{"timestamp":"2025-07-29T20:03:38.730461Z","level":"info","event":" 'dag': <DAG: 3_DAG_principal>,","chan":"stdout","logger":"task"}
{"timestamp":"2025-07-29T20:03:38.730561Z","level":"info","event":" 'dag_run': DagRun(dag_id='3_DAG_principal', run_id='scheduled__2024-03-23T20:00:00+00:00', logical_date=datetime.datetime(2024, 3, 23, 20, 0, tzinfo=datetime.timezone.utc), data_interval_start=datetime.datetime(2024, 3, 23, 20, 0, tzinfo=datetime.timezone.utc), data_interval_end=datetime.datetime(2024, 3, 23, 20, 0, tzinfo=datetime.timezone.utc), run_after=datetime.datetime(2024, 3, 23, 20, 0, tzinfo=datetime.timezone.utc), start_date=datetime.datetime(2025, 7, 29, 20, 3, 37, 820950, tzinfo=datetime.timezone.utc), end_date=None, clear_number=0, run_type=<DagRunType.SCHEDULED: 'scheduled'>, conf={}, consumed_asset_events=[]),","chan":"stdout","logger":"task"}
{"timestamp":"2025-07-29T20:03:38.730625Z","level":"info","event":" 'data_interval_end': DateTime(2024, 3, 23, 20, 0, 0, tzinfo=Timezone('UTC')),","chan":"stdout","logger":"task"}
{"timestamp":"2025-07-29T20:03:38.730677Z","level":"info","event":" 'data_interval_start': DateTime(2024, 3, 23, 20, 0, 0, tzinfo=Timezone('UTC')),","chan":"stdout","logger":"task"}
{"timestamp":"2025-07-29T20:03:38.730729Z","level":"info","event":" 'ds': '2024-03-23',","chan":"stdout","logger":"task"}
{"timestamp":"2025-07-29T20:03:38.730778Z","level":"info","event":" 'ds_nodash': '20240323',","chan":"stdout","logger":"task"}
{"timestamp":"2025-07-29T20:03:38.730825Z","level":"info","event":" 'inlet_events': InletEventsAccessors(_inlets=[], _assets={}, _asset_aliases={}),","chan":"stdout","logger":"task"}
{"timestamp":"2025-07-29T20:03:38.730872Z","level":"info","event":" 'inlets': [],","chan":"stdout","logger":"task"}
{"timestamp":"2025-07-29T20:03:38.730919Z","level":"info","event":" 'logical_date': DateTime(2024, 3, 23, 20, 0, 0, tzinfo=Timezone('UTC')),","chan":"stdout","logger":"task"}
{"timestamp":"2025-07-29T20:03:38.730965Z","level":"info","event":" 'macros': <MacrosAccessor (dynamic access to macros)>,","chan":"stdout","logger":"task"}
{"timestamp":"2025-07-29T20:03:38.731011Z","level":"info","event":" 'map_index_template': None,","chan":"stdout","logger":"task"}
{"timestamp":"2025-07-29T20:03:38.731054Z","level":"info","event":" 'outlet_events': <airflow.sdk.execution_time.context.OutletEventAccessors object at 0x7fb66fc1c6e0>,","chan":"stdout","logger":"task"}
{"timestamp":"2025-07-29T20:03:38.731097Z","level":"info","event":" 'outlets': [],","chan":"stdout","logger":"task"}
{"timestamp":"2025-07-29T20:03:38.731138Z","level":"info","event":" 'params': {},","chan":"stdout","logger":"task"}
{"timestamp":"2025-07-29T20:03:38.744409Z","level":"info","event":" 'prev_data_interval_end_success': <Proxy at 0x7fb66fc1e480 with factory <function RuntimeTaskInstance.get_template_context.<locals>.<lambda> at 0x7fb66fc46200>>,","chan":"stdout","logger":"task"}
{"timestamp":"2025-07-29T20:03:38.744582Z","level":"info","event":" 'prev_data_interval_start_success': <Proxy at 0x7fb66fc1e6f0 with factory <function RuntimeTaskInstance.get_template_context.<locals>.<lambda> at 0x7fb66fc44a40>>,","chan":"stdout","logger":"task"}
{"timestamp":"2025-07-29T20:03:38.744652Z","level":"info","event":" 'prev_end_date_success': <Proxy at 0x7fb66fdc7410 with factory <function RuntimeTaskInstance.get_template_context.<locals>.<lambda> at 0x7fb66fc462a0>>,","chan":"stdout","logger":"task"}
{"timestamp":"2025-07-29T20:03:38.744701Z","level":"info","event":" 'prev_start_date_success': <Proxy at 0x7fb66fc1e900 with factory <function RuntimeTaskInstance.get_template_context.<locals>.<lambda> at 0x7fb66fc44fe0>>,","chan":"stdout","logger":"task"}
{"timestamp":"2025-07-29T20:03:38.744746Z","level":"info","event":" 'run_id': 'scheduled__2024-03-23T20:00:00+00:00',","chan":"stdout","logger":"task"}
{"timestamp":"2025-07-29T20:03:38.744789Z","level":"info","event":" 'task': <Task(PythonOperator): python_principal>,","chan":"stdout","logger":"task"}
{"timestamp":"2025-07-29T20:03:38.744891Z","level":"info","event":" 'task_instance': RuntimeTaskInstance(id=UUID('019857c8-8ccb-7f2d-b59b-6e357149f28c'), task_id='python_principal', dag_id='3_DAG_principal', run_id='scheduled__2024-03-23T20:00:00+00:00', try_number=1, map_index=-1, hostname='bf6f1e7a6f11', context_carrier={}, task=<Task(PythonOperator): python_principal>, bundle_instance=LocalDagBundle(name=dags-folder), max_tries=0, start_date=datetime.datetime(2025, 7, 29, 20, 3, 38, 72737, tzinfo=datetime.timezone.utc), end_date=None, state=<TaskInstanceState.RUNNING: 'running'>, is_mapped=False, rendered_map_index=None, log_url='http://localhost:8080/dags/3_DAG_principal/runs/scheduled__2024-03-23T20%3A00%3A00%2B00%3A00/tasks/python_principal?try_number=1'),","chan":"stdout","logger":"task"}
{"timestamp":"2025-07-29T20:03:38.744967Z","level":"info","event":" 'task_instance_key_str': '3_DAG_principal__python_principal__20240323',","chan":"stdout","logger":"task"}
{"timestamp":"2025-07-29T20:03:38.745016Z","level":"info","event":" 'task_reschedule_count': 0,","chan":"stdout","logger":"task"}
{"timestamp":"2025-07-29T20:03:38.745060Z","level":"info","event":" 'templates_dict': None,","chan":"stdout","logger":"task"}
{"timestamp":"2025-07-29T20:03:38.745105Z","level":"info","event":" 'ti': RuntimeTaskInstance(id=UUID('019857c8-8ccb-7f2d-b59b-6e357149f28c'), task_id='python_principal', dag_id='3_DAG_principal', run_id='scheduled__2024-03-23T20:00:00+00:00', try_number=1, map_index=-1, hostname='bf6f1e7a6f11', context_carrier={}, task=<Task(PythonOperator): python_principal>, bundle_instance=LocalDagBundle(name=dags-folder), max_tries=0, start_date=datetime.datetime(2025, 7, 29, 20, 3, 38, 72737, tzinfo=datetime.timezone.utc), end_date=None, state=<TaskInstanceState.RUNNING: 'running'>, is_mapped=False, rendered_map_index=None, log_url='http://localhost:8080/dags/3_DAG_principal/runs/scheduled__2024-03-23T20%3A00%3A00%2B00%3A00/tasks/python_principal?try_number=1'),","chan":"stdout","logger":"task"}
{"timestamp":"2025-07-29T20:03:38.745149Z","level":"info","event":" 'triggering_asset_events': TriggeringAssetEventsAccessor(_events=defaultdict(<class 'list'>, {})),","chan":"stdout","logger":"task"}
{"timestamp":"2025-07-29T20:03:38.745191Z","level":"info","event":" 'ts': '2024-03-23T20:00:00+00:00',","chan":"stdout","logger":"task"}
{"timestamp":"2025-07-29T20:03:38.745241Z","level":"info","event":" 'ts_nodash': '20240323T200000',","chan":"stdout","logger":"task"}
{"timestamp":"2025-07-29T20:03:38.745315Z","level":"info","event":" 'ts_nodash_with_tz': '20240323T200000+0000',","chan":"stdout","logger":"task"}
{"timestamp":"2025-07-29T20:03:38.745378Z","level":"info","event":" 'var': {'json': <VariableAccessor (dynamic access)>,","chan":"stdout","logger":"task"}
{"timestamp":"2025-07-29T20:03:38.745434Z","level":"info","event":"         'value': <VariableAccessor (dynamic access)>}}","chan":"stdout","logger":"task"}
{"timestamp":"2025-07-29T20:03:38.744860","level":"info","event":"Done. Returned value was: principal","logger":"airflow.task.operators.airflow.providers.standard.operators.python.PythonOperator"}
{"timestamp":"2025-07-29T20:03:38.745081","level":"info","event":"Pushing xcom","ti":"RuntimeTaskInstance(id=UUID('019857c8-8ccb-7f2d-b59b-6e357149f28c'), task_id='python_principal', dag_id='3_DAG_principal', run_id='scheduled__2024-03-23T20:00:00+00:00', try_number=1, map_index=-1, hostname='bf6f1e7a6f11', context_carrier={}, task=<Task(PythonOperator): python_principal>, bundle_instance=LocalDagBundle(name=dags-folder), max_tries=0, start_date=datetime.datetime(2025, 7, 29, 20, 3, 38, 72737, tzinfo=datetime.timezone.utc), end_date=None, state=<TaskInstanceState.RUNNING: 'running'>, is_mapped=False, rendered_map_index=None, log_url='http://localhost:8080/dags/3_DAG_principal/runs/scheduled__2024-03-23T20%3A00%3A00%2B00%3A00/tasks/python_principal?try_number=1')","logger":"task"}
{"timestamp":"2025-07-29T20:03:38.783912Z","level":"info","event":"Task instance in success state","chan":"stdout","logger":"task"}
{"timestamp":"2025-07-29T20:03:38.784099Z","level":"info","event":" Previous state of the Task instance: TaskInstanceState.RUNNING","chan":"stdout","logger":"task"}
{"timestamp":"2025-07-29T20:03:38.784215Z","level":"info","event":"Task operator:<Task(PythonOperator): python_principal>","chan":"stdout","logger":"task"}
