{"timestamp":"2025-07-29T19:38:31.761262","level":"info","event":"DAG bundles loaded: dags-folder, example_dags","logger":"airflow.dag_processing.bundles.manager.DagBundlesManager"}
{"timestamp":"2025-07-29T19:38:31.762088","level":"info","event":"Filling up the DagBag from /opt/airflow/dags/python_operator_v1.py","logger":"airflow.models.dagbag.DagBag"}
{"timestamp":"2025-07-29T19:38:31.796537Z","level":"info","event":"Task instance is in running state","chan":"stdout","logger":"task"}
{"timestamp":"2025-07-29T19:38:31.796949Z","level":"info","event":" Previous state of the Task instance: TaskInstanceState.QUEUED","chan":"stdout","logger":"task"}
{"timestamp":"2025-07-29T19:38:31.799038Z","level":"info","event":"Current task name:python","chan":"stdout","logger":"task"}
{"timestamp":"2025-07-29T19:38:31.799440Z","level":"info","event":"Dag name:python_operator_v1","chan":"stdout","logger":"task"}
{"timestamp":"2025-07-29T19:38:31.801055Z","level":"info","event":"poliana","chan":"stdout","logger":"task"}
{"timestamp":"2025-07-29T19:38:31.801942Z","level":"info","event":"{'conn': <ConnectionAccessor (dynamic access)>,","chan":"stdout","logger":"task"}
{"timestamp":"2025-07-29T19:38:31.802081Z","level":"info","event":" 'dag': <DAG: python_operator_v1>,","chan":"stdout","logger":"task"}
{"timestamp":"2025-07-29T19:38:31.802195Z","level":"info","event":" 'dag_run': DagRun(dag_id='python_operator_v1', run_id='scheduled__2023-06-23T15:38:00+00:00', logical_date=datetime.datetime(2023, 6, 23, 15, 38, tzinfo=datetime.timezone.utc), data_interval_start=datetime.datetime(2023, 6, 23, 15, 38, tzinfo=datetime.timezone.utc), data_interval_end=datetime.datetime(2023, 6, 23, 15, 38, tzinfo=datetime.timezone.utc), run_after=datetime.datetime(2023, 6, 23, 15, 38, tzinfo=datetime.timezone.utc), start_date=datetime.datetime(2025, 7, 29, 19, 38, 30, 692730, tzinfo=datetime.timezone.utc), end_date=None, clear_number=0, run_type=<DagRunType.SCHEDULED: 'scheduled'>, conf={}, consumed_asset_events=[]),","chan":"stdout","logger":"task"}
{"timestamp":"2025-07-29T19:38:31.802255Z","level":"info","event":" 'data_interval_end': DateTime(2023, 6, 23, 15, 38, 0, tzinfo=Timezone('UTC')),","chan":"stdout","logger":"task"}
{"timestamp":"2025-07-29T19:38:31.802302Z","level":"info","event":" 'data_interval_start': DateTime(2023, 6, 23, 15, 38, 0, tzinfo=Timezone('UTC')),","chan":"stdout","logger":"task"}
{"timestamp":"2025-07-29T19:38:31.802346Z","level":"info","event":" 'ds': '2023-06-23',","chan":"stdout","logger":"task"}
{"timestamp":"2025-07-29T19:38:31.802388Z","level":"info","event":" 'ds_nodash': '20230623',","chan":"stdout","logger":"task"}
{"timestamp":"2025-07-29T19:38:31.802432Z","level":"info","event":" 'inlet_events': InletEventsAccessors(_inlets=[], _assets={}, _asset_aliases={}),","chan":"stdout","logger":"task"}
{"timestamp":"2025-07-29T19:38:31.802473Z","level":"info","event":" 'inlets': [],","chan":"stdout","logger":"task"}
{"timestamp":"2025-07-29T19:38:31.802516Z","level":"info","event":" 'logical_date': DateTime(2023, 6, 23, 15, 38, 0, tzinfo=Timezone('UTC')),","chan":"stdout","logger":"task"}
{"timestamp":"2025-07-29T19:38:31.802571Z","level":"info","event":" 'macros': <MacrosAccessor (dynamic access to macros)>,","chan":"stdout","logger":"task"}
{"timestamp":"2025-07-29T19:38:31.802614Z","level":"info","event":" 'map_index_template': None,","chan":"stdout","logger":"task"}
{"timestamp":"2025-07-29T19:38:31.802654Z","level":"info","event":" 'outlet_events': <airflow.sdk.execution_time.context.OutletEventAccessors object at 0x7fb67b97ff20>,","chan":"stdout","logger":"task"}
{"timestamp":"2025-07-29T19:38:31.802696Z","level":"info","event":" 'outlets': [],","chan":"stdout","logger":"task"}
{"timestamp":"2025-07-29T19:38:31.802753Z","level":"info","event":" 'params': {},","chan":"stdout","logger":"task"}
{"timestamp":"2025-07-29T19:38:31.815039Z","level":"info","event":" 'prev_data_interval_end_success': <Proxy at 0x7fb66fc937a0 with factory <function RuntimeTaskInstance.get_template_context.<locals>.<lambda> at 0x7fb66fcba520>>,","chan":"stdout","logger":"task"}
{"timestamp":"2025-07-29T19:38:31.815444Z","level":"info","event":" 'prev_data_interval_start_success': <Proxy at 0x7fb66fc938f0 with factory <function RuntimeTaskInstance.get_template_context.<locals>.<lambda> at 0x7fb66fcbbc40>>,","chan":"stdout","logger":"task"}
{"timestamp":"2025-07-29T19:38:31.815552Z","level":"info","event":" 'prev_end_date_success': <Proxy at 0x7fb66fc32a20 with factory <function RuntimeTaskInstance.get_template_context.<locals>.<lambda> at 0x7fb66fcbbce0>>,","chan":"stdout","logger":"task"}
{"timestamp":"2025-07-29T19:38:31.815628Z","level":"info","event":" 'prev_start_date_success': <Proxy at 0x7fb677edef60 with factory <function RuntimeTaskInstance.get_template_context.<locals>.<lambda> at 0x7fb66fcbaa20>>,","chan":"stdout","logger":"task"}
{"timestamp":"2025-07-29T19:38:31.815695Z","level":"info","event":" 'run_id': 'scheduled__2023-06-23T15:38:00+00:00',","chan":"stdout","logger":"task"}
{"timestamp":"2025-07-29T19:38:31.815761Z","level":"info","event":" 'task': <Task(PythonOperator): python>,","chan":"stdout","logger":"task"}
{"timestamp":"2025-07-29T19:38:31.815826Z","level":"info","event":" 'task_instance': RuntimeTaskInstance(id=UUID('019857b1-8d91-7fe3-a5a6-bc4552fb6d08'), task_id='python', dag_id='python_operator_v1', run_id='scheduled__2023-06-23T15:38:00+00:00', try_number=1, map_index=-1, hostname='bf6f1e7a6f11', context_carrier={}, task=<Task(PythonOperator): python>, bundle_instance=LocalDagBundle(name=dags-folder), max_tries=0, start_date=datetime.datetime(2025, 7, 29, 19, 38, 31, 224020, tzinfo=datetime.timezone.utc), end_date=None, state=<TaskInstanceState.RUNNING: 'running'>, is_mapped=False, rendered_map_index=None, log_url='http://localhost:8080/dags/python_operator_v1/runs/scheduled__2023-06-23T15%3A38%3A00%2B00%3A00/tasks/python?try_number=1'),","chan":"stdout","logger":"task"}
{"timestamp":"2025-07-29T19:38:31.815895Z","level":"info","event":" 'task_instance_key_str': 'python_operator_v1__python__20230623',","chan":"stdout","logger":"task"}
{"timestamp":"2025-07-29T19:38:31.815958Z","level":"info","event":" 'task_reschedule_count': 0,","chan":"stdout","logger":"task"}
{"timestamp":"2025-07-29T19:38:31.816018Z","level":"info","event":" 'templates_dict': None,","chan":"stdout","logger":"task"}
{"timestamp":"2025-07-29T19:38:31.816084Z","level":"info","event":" 'ti': RuntimeTaskInstance(id=UUID('019857b1-8d91-7fe3-a5a6-bc4552fb6d08'), task_id='python', dag_id='python_operator_v1', run_id='scheduled__2023-06-23T15:38:00+00:00', try_number=1, map_index=-1, hostname='bf6f1e7a6f11', context_carrier={}, task=<Task(PythonOperator): python>, bundle_instance=LocalDagBundle(name=dags-folder), max_tries=0, start_date=datetime.datetime(2025, 7, 29, 19, 38, 31, 224020, tzinfo=datetime.timezone.utc), end_date=None, state=<TaskInstanceState.RUNNING: 'running'>, is_mapped=False, rendered_map_index=None, log_url='http://localhost:8080/dags/python_operator_v1/runs/scheduled__2023-06-23T15%3A38%3A00%2B00%3A00/tasks/python?try_number=1'),","chan":"stdout","logger":"task"}
{"timestamp":"2025-07-29T19:38:31.816149Z","level":"info","event":" 'triggering_asset_events': TriggeringAssetEventsAccessor(_events=defaultdict(<class 'list'>, {})),","chan":"stdout","logger":"task"}
{"timestamp":"2025-07-29T19:38:31.816210Z","level":"info","event":" 'ts': '2023-06-23T15:38:00+00:00',","chan":"stdout","logger":"task"}
{"timestamp":"2025-07-29T19:38:31.816271Z","level":"info","event":" 'ts_nodash': '20230623T153800',","chan":"stdout","logger":"task"}
{"timestamp":"2025-07-29T19:38:31.816329Z","level":"info","event":" 'ts_nodash_with_tz': '20230623T153800+0000',","chan":"stdout","logger":"task"}
{"timestamp":"2025-07-29T19:38:31.816389Z","level":"info","event":" 'var': {'json': <VariableAccessor (dynamic access)>,","chan":"stdout","logger":"task"}
{"timestamp":"2025-07-29T19:38:31.816450Z","level":"info","event":"         'value': <VariableAccessor (dynamic access)>}}","chan":"stdout","logger":"task"}
{"timestamp":"2025-07-29T19:38:31.815953","level":"info","event":"Done. Returned value was: 123","logger":"airflow.task.operators.airflow.providers.standard.operators.python.PythonOperator"}
{"timestamp":"2025-07-29T19:38:31.816166","level":"info","event":"Pushing xcom","ti":"RuntimeTaskInstance(id=UUID('019857b1-8d91-7fe3-a5a6-bc4552fb6d08'), task_id='python', dag_id='python_operator_v1', run_id='scheduled__2023-06-23T15:38:00+00:00', try_number=1, map_index=-1, hostname='bf6f1e7a6f11', context_carrier={}, task=<Task(PythonOperator): python>, bundle_instance=LocalDagBundle(name=dags-folder), max_tries=0, start_date=datetime.datetime(2025, 7, 29, 19, 38, 31, 224020, tzinfo=datetime.timezone.utc), end_date=None, state=<TaskInstanceState.RUNNING: 'running'>, is_mapped=False, rendered_map_index=None, log_url='http://localhost:8080/dags/python_operator_v1/runs/scheduled__2023-06-23T15%3A38%3A00%2B00%3A00/tasks/python?try_number=1')","logger":"task"}
{"timestamp":"2025-07-29T19:38:31.852314Z","level":"info","event":"Task instance in success state","chan":"stdout","logger":"task"}
{"timestamp":"2025-07-29T19:38:31.852600Z","level":"info","event":" Previous state of the Task instance: TaskInstanceState.RUNNING","chan":"stdout","logger":"task"}
{"timestamp":"2025-07-29T19:38:31.852775Z","level":"info","event":"Task operator:<Task(PythonOperator): python>","chan":"stdout","logger":"task"}
