{"timestamp":"2025-07-29T20:07:27.723514","level":"info","event":"DAG bundles loaded: dags-folder, example_dags","logger":"airflow.dag_processing.bundles.manager.DagBundlesManager"}
{"timestamp":"2025-07-29T20:07:27.724037","level":"info","event":"Filling up the DagBag from /opt/airflow/dags/2_python_operator_v1.py","logger":"airflow.models.dagbag.DagBag"}
{"timestamp":"2025-07-29T20:07:27.761186Z","level":"info","event":"Task instance is in running state","chan":"stdout","logger":"task"}
{"timestamp":"2025-07-29T20:07:27.761417Z","level":"info","event":" Previous state of the Task instance: TaskInstanceState.QUEUED","chan":"stdout","logger":"task"}
{"timestamp":"2025-07-29T20:07:27.761547Z","level":"info","event":"Current task name:python","chan":"stdout","logger":"task"}
{"timestamp":"2025-07-29T20:07:27.761630Z","level":"info","event":"Dag name:python_operator_v1","chan":"stdout","logger":"task"}
{"timestamp":"2025-07-29T20:07:27.763224Z","level":"info","event":"poliana","chan":"stdout","logger":"task"}
{"timestamp":"2025-07-29T20:07:27.764014Z","level":"info","event":"{'conn': <ConnectionAccessor (dynamic access)>,","chan":"stdout","logger":"task"}
{"timestamp":"2025-07-29T20:07:27.764154Z","level":"info","event":" 'dag': <DAG: python_operator_v1>,","chan":"stdout","logger":"task"}
{"timestamp":"2025-07-29T20:07:27.764300Z","level":"info","event":" 'dag_run': DagRun(dag_id='python_operator_v1', run_id='scheduled__2023-06-24T21:00:00+00:00', logical_date=datetime.datetime(2023, 6, 24, 21, 0, tzinfo=datetime.timezone.utc), data_interval_start=datetime.datetime(2023, 6, 24, 21, 0, tzinfo=datetime.timezone.utc), data_interval_end=datetime.datetime(2023, 6, 24, 21, 0, tzinfo=datetime.timezone.utc), run_after=datetime.datetime(2023, 6, 24, 21, 0, tzinfo=datetime.timezone.utc), start_date=datetime.datetime(2025, 7, 29, 20, 7, 26, 972993, tzinfo=datetime.timezone.utc), end_date=None, clear_number=0, run_type=<DagRunType.SCHEDULED: 'scheduled'>, conf={}, consumed_asset_events=[]),","chan":"stdout","logger":"task"}
{"timestamp":"2025-07-29T20:07:27.764411Z","level":"info","event":" 'data_interval_end': DateTime(2023, 6, 24, 21, 0, 0, tzinfo=Timezone('UTC')),","chan":"stdout","logger":"task"}
{"timestamp":"2025-07-29T20:07:27.764486Z","level":"info","event":" 'data_interval_start': DateTime(2023, 6, 24, 21, 0, 0, tzinfo=Timezone('UTC')),","chan":"stdout","logger":"task"}
{"timestamp":"2025-07-29T20:07:27.764550Z","level":"info","event":" 'ds': '2023-06-24',","chan":"stdout","logger":"task"}
{"timestamp":"2025-07-29T20:07:27.764610Z","level":"info","event":" 'ds_nodash': '20230624',","chan":"stdout","logger":"task"}
{"timestamp":"2025-07-29T20:07:27.764667Z","level":"info","event":" 'inlet_events': InletEventsAccessors(_inlets=[], _assets={}, _asset_aliases={}),","chan":"stdout","logger":"task"}
{"timestamp":"2025-07-29T20:07:27.764737Z","level":"info","event":" 'inlets': [],","chan":"stdout","logger":"task"}
{"timestamp":"2025-07-29T20:07:27.764799Z","level":"info","event":" 'logical_date': DateTime(2023, 6, 24, 21, 0, 0, tzinfo=Timezone('UTC')),","chan":"stdout","logger":"task"}
{"timestamp":"2025-07-29T20:07:27.764860Z","level":"info","event":" 'macros': <MacrosAccessor (dynamic access to macros)>,","chan":"stdout","logger":"task"}
{"timestamp":"2025-07-29T20:07:27.764914Z","level":"info","event":" 'map_index_template': None,","chan":"stdout","logger":"task"}
{"timestamp":"2025-07-29T20:07:27.764957Z","level":"info","event":" 'outlet_events': <airflow.sdk.execution_time.context.OutletEventAccessors object at 0x7fb677f371d0>,","chan":"stdout","logger":"task"}
{"timestamp":"2025-07-29T20:07:27.764999Z","level":"info","event":" 'outlets': [],","chan":"stdout","logger":"task"}
{"timestamp":"2025-07-29T20:07:27.765040Z","level":"info","event":" 'params': {},","chan":"stdout","logger":"task"}
{"timestamp":"2025-07-29T20:07:27.776326Z","level":"info","event":" 'prev_data_interval_end_success': <Proxy at 0x7fb66fc39b50 with factory <function RuntimeTaskInstance.get_template_context.<locals>.<lambda> at 0x7fb66fc54900>>,","chan":"stdout","logger":"task"}
{"timestamp":"2025-07-29T20:07:27.776525Z","level":"info","event":" 'prev_data_interval_start_success': <Proxy at 0x7fb66fc39a90 with factory <function RuntimeTaskInstance.get_template_context.<locals>.<lambda> at 0x7fb66fc4f740>>,","chan":"stdout","logger":"task"}
{"timestamp":"2025-07-29T20:07:27.776591Z","level":"info","event":" 'prev_end_date_success': <Proxy at 0x7fb66fc39940 with factory <function RuntimeTaskInstance.get_template_context.<locals>.<lambda> at 0x7fb66fc4f100>>,","chan":"stdout","logger":"task"}
{"timestamp":"2025-07-29T20:07:27.776638Z","level":"info","event":" 'prev_start_date_success': <Proxy at 0x7fb66fc39f40 with factory <function RuntimeTaskInstance.get_template_context.<locals>.<lambda> at 0x7fb66fc4f600>>,","chan":"stdout","logger":"task"}
{"timestamp":"2025-07-29T20:07:27.776683Z","level":"info","event":" 'run_id': 'scheduled__2023-06-24T21:00:00+00:00',","chan":"stdout","logger":"task"}
{"timestamp":"2025-07-29T20:07:27.776727Z","level":"info","event":" 'task': <Task(PythonOperator): python>,","chan":"stdout","logger":"task"}
{"timestamp":"2025-07-29T20:07:27.776770Z","level":"info","event":" 'task_instance': RuntimeTaskInstance(id=UUID('019857cc-0bf8-780b-aa0a-1391b98f78a1'), task_id='python', dag_id='python_operator_v1', run_id='scheduled__2023-06-24T21:00:00+00:00', try_number=1, map_index=-1, hostname='bf6f1e7a6f11', context_carrier={}, task=<Task(PythonOperator): python>, bundle_instance=LocalDagBundle(name=dags-folder), max_tries=0, start_date=datetime.datetime(2025, 7, 29, 20, 7, 27, 235219, tzinfo=datetime.timezone.utc), end_date=None, state=<TaskInstanceState.RUNNING: 'running'>, is_mapped=False, rendered_map_index=None, log_url='http://localhost:8080/dags/python_operator_v1/runs/scheduled__2023-06-24T21%3A00%3A00%2B00%3A00/tasks/python?try_number=1'),","chan":"stdout","logger":"task"}
{"timestamp":"2025-07-29T20:07:27.776814Z","level":"info","event":" 'task_instance_key_str': 'python_operator_v1__python__20230624',","chan":"stdout","logger":"task"}
{"timestamp":"2025-07-29T20:07:27.776855Z","level":"info","event":" 'task_reschedule_count': 0,","chan":"stdout","logger":"task"}
{"timestamp":"2025-07-29T20:07:27.776894Z","level":"info","event":" 'templates_dict': None,","chan":"stdout","logger":"task"}
{"timestamp":"2025-07-29T20:07:27.776937Z","level":"info","event":" 'ti': RuntimeTaskInstance(id=UUID('019857cc-0bf8-780b-aa0a-1391b98f78a1'), task_id='python', dag_id='python_operator_v1', run_id='scheduled__2023-06-24T21:00:00+00:00', try_number=1, map_index=-1, hostname='bf6f1e7a6f11', context_carrier={}, task=<Task(PythonOperator): python>, bundle_instance=LocalDagBundle(name=dags-folder), max_tries=0, start_date=datetime.datetime(2025, 7, 29, 20, 7, 27, 235219, tzinfo=datetime.timezone.utc), end_date=None, state=<TaskInstanceState.RUNNING: 'running'>, is_mapped=False, rendered_map_index=None, log_url='http://localhost:8080/dags/python_operator_v1/runs/scheduled__2023-06-24T21%3A00%3A00%2B00%3A00/tasks/python?try_number=1'),","chan":"stdout","logger":"task"}
{"timestamp":"2025-07-29T20:07:27.776982Z","level":"info","event":" 'triggering_asset_events': TriggeringAssetEventsAccessor(_events=defaultdict(<class 'list'>, {})),","chan":"stdout","logger":"task"}
{"timestamp":"2025-07-29T20:07:27.777023Z","level":"info","event":" 'ts': '2023-06-24T21:00:00+00:00',","chan":"stdout","logger":"task"}
{"timestamp":"2025-07-29T20:07:27.777089Z","level":"info","event":" 'ts_nodash': '20230624T210000',","chan":"stdout","logger":"task"}
{"timestamp":"2025-07-29T20:07:27.777137Z","level":"info","event":" 'ts_nodash_with_tz': '20230624T210000+0000',","chan":"stdout","logger":"task"}
{"timestamp":"2025-07-29T20:07:27.777179Z","level":"info","event":" 'var': {'json': <VariableAccessor (dynamic access)>,","chan":"stdout","logger":"task"}
{"timestamp":"2025-07-29T20:07:27.777221Z","level":"info","event":"         'value': <VariableAccessor (dynamic access)>}}","chan":"stdout","logger":"task"}
{"timestamp":"2025-07-29T20:07:27.777006","level":"info","event":"Done. Returned value was: 123","logger":"airflow.task.operators.airflow.providers.standard.operators.python.PythonOperator"}
{"timestamp":"2025-07-29T20:07:27.777183","level":"info","event":"Pushing xcom","ti":"RuntimeTaskInstance(id=UUID('019857cc-0bf8-780b-aa0a-1391b98f78a1'), task_id='python', dag_id='python_operator_v1', run_id='scheduled__2023-06-24T21:00:00+00:00', try_number=1, map_index=-1, hostname='bf6f1e7a6f11', context_carrier={}, task=<Task(PythonOperator): python>, bundle_instance=LocalDagBundle(name=dags-folder), max_tries=0, start_date=datetime.datetime(2025, 7, 29, 20, 7, 27, 235219, tzinfo=datetime.timezone.utc), end_date=None, state=<TaskInstanceState.RUNNING: 'running'>, is_mapped=False, rendered_map_index=None, log_url='http://localhost:8080/dags/python_operator_v1/runs/scheduled__2023-06-24T21%3A00%3A00%2B00%3A00/tasks/python?try_number=1')","logger":"task"}
{"timestamp":"2025-07-29T20:07:27.801640Z","level":"info","event":"Task instance in success state","chan":"stdout","logger":"task"}
{"timestamp":"2025-07-29T20:07:27.801866Z","level":"info","event":" Previous state of the Task instance: TaskInstanceState.RUNNING","chan":"stdout","logger":"task"}
{"timestamp":"2025-07-29T20:07:27.801993Z","level":"info","event":"Task operator:<Task(PythonOperator): python>","chan":"stdout","logger":"task"}
