{"timestamp":"2025-07-29T19:30:43.400003","level":"info","event":"DAG bundles loaded: dags-folder, example_dags","logger":"airflow.dag_processing.bundles.manager.DagBundlesManager"}
{"timestamp":"2025-07-29T19:30:43.400795","level":"info","event":"Filling up the DagBag from /opt/airflow/dags/python_operator_v1.py","logger":"airflow.models.dagbag.DagBag"}
{"timestamp":"2025-07-29T19:30:43.432069Z","level":"info","event":"Task instance is in running state","chan":"stdout","logger":"task"}
{"timestamp":"2025-07-29T19:30:43.432270Z","level":"info","event":" Previous state of the Task instance: TaskInstanceState.QUEUED","chan":"stdout","logger":"task"}
{"timestamp":"2025-07-29T19:30:43.434425Z","level":"info","event":"Current task name:python","chan":"stdout","logger":"task"}
{"timestamp":"2025-07-29T19:30:43.434625Z","level":"info","event":"Dag name:python_operator_v1","chan":"stdout","logger":"task"}
{"timestamp":"2025-07-29T19:30:43.436199Z","level":"info","event":"poliana","chan":"stdout","logger":"task"}
{"timestamp":"2025-07-29T19:30:43.437210Z","level":"info","event":"{'conn': <ConnectionAccessor (dynamic access)>,","chan":"stdout","logger":"task"}
{"timestamp":"2025-07-29T19:30:43.437334Z","level":"info","event":" 'dag': <DAG: python_operator_v1>,","chan":"stdout","logger":"task"}
{"timestamp":"2025-07-29T19:30:43.437440Z","level":"info","event":" 'dag_run': DagRun(dag_id='python_operator_v1', run_id='scheduled__2023-06-23T06:52:00+00:00', logical_date=datetime.datetime(2023, 6, 23, 6, 52, tzinfo=datetime.timezone.utc), data_interval_start=datetime.datetime(2023, 6, 23, 6, 52, tzinfo=datetime.timezone.utc), data_interval_end=datetime.datetime(2023, 6, 23, 6, 52, tzinfo=datetime.timezone.utc), run_after=datetime.datetime(2023, 6, 23, 6, 52, tzinfo=datetime.timezone.utc), start_date=datetime.datetime(2025, 7, 29, 19, 30, 42, 630524, tzinfo=datetime.timezone.utc), end_date=None, clear_number=0, run_type=<DagRunType.SCHEDULED: 'scheduled'>, conf={}, consumed_asset_events=[]),","chan":"stdout","logger":"task"}
{"timestamp":"2025-07-29T19:30:43.437523Z","level":"info","event":" 'data_interval_end': DateTime(2023, 6, 23, 6, 52, 0, tzinfo=Timezone('UTC')),","chan":"stdout","logger":"task"}
{"timestamp":"2025-07-29T19:30:43.437592Z","level":"info","event":" 'data_interval_start': DateTime(2023, 6, 23, 6, 52, 0, tzinfo=Timezone('UTC')),","chan":"stdout","logger":"task"}
{"timestamp":"2025-07-29T19:30:43.437639Z","level":"info","event":" 'ds': '2023-06-23',","chan":"stdout","logger":"task"}
{"timestamp":"2025-07-29T19:30:43.437687Z","level":"info","event":" 'ds_nodash': '20230623',","chan":"stdout","logger":"task"}
{"timestamp":"2025-07-29T19:30:43.437728Z","level":"info","event":" 'inlet_events': InletEventsAccessors(_inlets=[], _assets={}, _asset_aliases={}),","chan":"stdout","logger":"task"}
{"timestamp":"2025-07-29T19:30:43.437769Z","level":"info","event":" 'inlets': [],","chan":"stdout","logger":"task"}
{"timestamp":"2025-07-29T19:30:43.437829Z","level":"info","event":" 'logical_date': DateTime(2023, 6, 23, 6, 52, 0, tzinfo=Timezone('UTC')),","chan":"stdout","logger":"task"}
{"timestamp":"2025-07-29T19:30:43.437894Z","level":"info","event":" 'macros': <MacrosAccessor (dynamic access to macros)>,","chan":"stdout","logger":"task"}
{"timestamp":"2025-07-29T19:30:43.437962Z","level":"info","event":" 'map_index_template': None,","chan":"stdout","logger":"task"}
{"timestamp":"2025-07-29T19:30:43.438027Z","level":"info","event":" 'outlet_events': <airflow.sdk.execution_time.context.OutletEventAccessors object at 0x7fb677e7fa70>,","chan":"stdout","logger":"task"}
{"timestamp":"2025-07-29T19:30:43.438089Z","level":"info","event":" 'outlets': [],","chan":"stdout","logger":"task"}
{"timestamp":"2025-07-29T19:30:43.438160Z","level":"info","event":" 'params': {},","chan":"stdout","logger":"task"}
{"timestamp":"2025-07-29T19:30:43.450182Z","level":"info","event":" 'prev_data_interval_end_success': <Proxy at 0x7fb66fc7a0f0 with factory <function RuntimeTaskInstance.get_template_context.<locals>.<lambda> at 0x7fb66fca4360>>,","chan":"stdout","logger":"task"}
{"timestamp":"2025-07-29T19:30:43.450415Z","level":"info","event":" 'prev_data_interval_start_success': <Proxy at 0x7fb66fc79e80 with factory <function RuntimeTaskInstance.get_template_context.<locals>.<lambda> at 0x7fb66fc8b1a0>>,","chan":"stdout","logger":"task"}
{"timestamp":"2025-07-29T19:30:43.450521Z","level":"info","event":" 'prev_end_date_success': <Proxy at 0x7fb66fc7a4e0 with factory <function RuntimeTaskInstance.get_template_context.<locals>.<lambda> at 0x7fb66fc8ab60>>,","chan":"stdout","logger":"task"}
{"timestamp":"2025-07-29T19:30:43.450588Z","level":"info","event":" 'prev_start_date_success': <Proxy at 0x7fb66fc78b00 with factory <function RuntimeTaskInstance.get_template_context.<locals>.<lambda> at 0x7fb66fc8b060>>,","chan":"stdout","logger":"task"}
{"timestamp":"2025-07-29T19:30:43.450654Z","level":"info","event":" 'run_id': 'scheduled__2023-06-23T06:52:00+00:00',","chan":"stdout","logger":"task"}
{"timestamp":"2025-07-29T19:30:43.450723Z","level":"info","event":" 'task': <Task(PythonOperator): python>,","chan":"stdout","logger":"task"}
{"timestamp":"2025-07-29T19:30:43.450812Z","level":"info","event":" 'task_instance': RuntimeTaskInstance(id=UUID('019857aa-6943-71fe-8bf2-8291c5e10fe2'), task_id='python', dag_id='python_operator_v1', run_id='scheduled__2023-06-23T06:52:00+00:00', try_number=1, map_index=-1, hostname='bf6f1e7a6f11', context_carrier={}, task=<Task(PythonOperator): python>, bundle_instance=LocalDagBundle(name=dags-folder), max_tries=0, start_date=datetime.datetime(2025, 7, 29, 19, 30, 42, 851354, tzinfo=datetime.timezone.utc), end_date=None, state=<TaskInstanceState.RUNNING: 'running'>, is_mapped=False, rendered_map_index=None, log_url='http://localhost:8080/dags/python_operator_v1/runs/scheduled__2023-06-23T06%3A52%3A00%2B00%3A00/tasks/python?try_number=1'),","chan":"stdout","logger":"task"}
{"timestamp":"2025-07-29T19:30:43.450871Z","level":"info","event":" 'task_instance_key_str': 'python_operator_v1__python__20230623',","chan":"stdout","logger":"task"}
{"timestamp":"2025-07-29T19:30:43.450931Z","level":"info","event":" 'task_reschedule_count': 0,","chan":"stdout","logger":"task"}
{"timestamp":"2025-07-29T19:30:43.450984Z","level":"info","event":" 'templates_dict': None,","chan":"stdout","logger":"task"}
{"timestamp":"2025-07-29T19:30:43.451063Z","level":"info","event":" 'ti': RuntimeTaskInstance(id=UUID('019857aa-6943-71fe-8bf2-8291c5e10fe2'), task_id='python', dag_id='python_operator_v1', run_id='scheduled__2023-06-23T06:52:00+00:00', try_number=1, map_index=-1, hostname='bf6f1e7a6f11', context_carrier={}, task=<Task(PythonOperator): python>, bundle_instance=LocalDagBundle(name=dags-folder), max_tries=0, start_date=datetime.datetime(2025, 7, 29, 19, 30, 42, 851354, tzinfo=datetime.timezone.utc), end_date=None, state=<TaskInstanceState.RUNNING: 'running'>, is_mapped=False, rendered_map_index=None, log_url='http://localhost:8080/dags/python_operator_v1/runs/scheduled__2023-06-23T06%3A52%3A00%2B00%3A00/tasks/python?try_number=1'),","chan":"stdout","logger":"task"}
{"timestamp":"2025-07-29T19:30:43.451123Z","level":"info","event":" 'triggering_asset_events': TriggeringAssetEventsAccessor(_events=defaultdict(<class 'list'>, {})),","chan":"stdout","logger":"task"}
{"timestamp":"2025-07-29T19:30:43.451174Z","level":"info","event":" 'ts': '2023-06-23T06:52:00+00:00',","chan":"stdout","logger":"task"}
{"timestamp":"2025-07-29T19:30:43.451239Z","level":"info","event":" 'ts_nodash': '20230623T065200',","chan":"stdout","logger":"task"}
{"timestamp":"2025-07-29T19:30:43.451286Z","level":"info","event":" 'ts_nodash_with_tz': '20230623T065200+0000',","chan":"stdout","logger":"task"}
{"timestamp":"2025-07-29T19:30:43.451328Z","level":"info","event":" 'var': {'json': <VariableAccessor (dynamic access)>,","chan":"stdout","logger":"task"}
{"timestamp":"2025-07-29T19:30:43.451370Z","level":"info","event":"         'value': <VariableAccessor (dynamic access)>}}","chan":"stdout","logger":"task"}
{"timestamp":"2025-07-29T19:30:43.451226","level":"info","event":"Done. Returned value was: 123","logger":"airflow.task.operators.airflow.providers.standard.operators.python.PythonOperator"}
{"timestamp":"2025-07-29T19:30:43.451482","level":"info","event":"Pushing xcom","ti":"RuntimeTaskInstance(id=UUID('019857aa-6943-71fe-8bf2-8291c5e10fe2'), task_id='python', dag_id='python_operator_v1', run_id='scheduled__2023-06-23T06:52:00+00:00', try_number=1, map_index=-1, hostname='bf6f1e7a6f11', context_carrier={}, task=<Task(PythonOperator): python>, bundle_instance=LocalDagBundle(name=dags-folder), max_tries=0, start_date=datetime.datetime(2025, 7, 29, 19, 30, 42, 851354, tzinfo=datetime.timezone.utc), end_date=None, state=<TaskInstanceState.RUNNING: 'running'>, is_mapped=False, rendered_map_index=None, log_url='http://localhost:8080/dags/python_operator_v1/runs/scheduled__2023-06-23T06%3A52%3A00%2B00%3A00/tasks/python?try_number=1')","logger":"task"}
{"timestamp":"2025-07-29T19:30:43.494081Z","level":"info","event":"Task instance in success state","chan":"stdout","logger":"task"}
{"timestamp":"2025-07-29T19:30:43.494311Z","level":"info","event":" Previous state of the Task instance: TaskInstanceState.RUNNING","chan":"stdout","logger":"task"}
{"timestamp":"2025-07-29T19:30:43.494410Z","level":"info","event":"Task operator:<Task(PythonOperator): python>","chan":"stdout","logger":"task"}
