{"timestamp":"2025-07-29T20:04:39.034138","level":"info","event":"DAG bundles loaded: dags-folder, example_dags","logger":"airflow.dag_processing.bundles.manager.DagBundlesManager"}
{"timestamp":"2025-07-29T20:04:39.034718","level":"info","event":"Filling up the DagBag from /opt/airflow/dags/3_dag_principal.py","logger":"airflow.models.dagbag.DagBag"}
{"timestamp":"2025-07-29T20:04:39.069467Z","level":"info","event":"Task instance is in running state","chan":"stdout","logger":"task"}
{"timestamp":"2025-07-29T20:04:39.069663Z","level":"info","event":" Previous state of the Task instance: TaskInstanceState.QUEUED","chan":"stdout","logger":"task"}
{"timestamp":"2025-07-29T20:04:39.069904Z","level":"info","event":"Current task name:python_principal","chan":"stdout","logger":"task"}
{"timestamp":"2025-07-29T20:04:39.070025Z","level":"info","event":"Dag name:3_DAG_principal","chan":"stdout","logger":"task"}
{"timestamp":"2025-07-29T20:04:39.072005Z","level":"info","event":"DAG principal","chan":"stdout","logger":"task"}
{"timestamp":"2025-07-29T20:04:39.072912Z","level":"info","event":"{'conn': <ConnectionAccessor (dynamic access)>,","chan":"stdout","logger":"task"}
{"timestamp":"2025-07-29T20:04:39.073094Z","level":"info","event":" 'dag': <DAG: 3_DAG_principal>,","chan":"stdout","logger":"task"}
{"timestamp":"2025-07-29T20:04:39.073165Z","level":"info","event":" 'dag_run': DagRun(dag_id='3_DAG_principal', run_id='scheduled__2024-05-19T20:00:00+00:00', logical_date=datetime.datetime(2024, 5, 19, 20, 0, tzinfo=datetime.timezone.utc), data_interval_start=datetime.datetime(2024, 5, 19, 20, 0, tzinfo=datetime.timezone.utc), data_interval_end=datetime.datetime(2024, 5, 19, 20, 0, tzinfo=datetime.timezone.utc), run_after=datetime.datetime(2024, 5, 19, 20, 0, tzinfo=datetime.timezone.utc), start_date=datetime.datetime(2025, 7, 29, 20, 4, 37, 951092, tzinfo=datetime.timezone.utc), end_date=None, clear_number=0, run_type=<DagRunType.SCHEDULED: 'scheduled'>, conf={}, consumed_asset_events=[]),","chan":"stdout","logger":"task"}
{"timestamp":"2025-07-29T20:04:39.073220Z","level":"info","event":" 'data_interval_end': DateTime(2024, 5, 19, 20, 0, 0, tzinfo=Timezone('UTC')),","chan":"stdout","logger":"task"}
{"timestamp":"2025-07-29T20:04:39.073266Z","level":"info","event":" 'data_interval_start': DateTime(2024, 5, 19, 20, 0, 0, tzinfo=Timezone('UTC')),","chan":"stdout","logger":"task"}
{"timestamp":"2025-07-29T20:04:39.073310Z","level":"info","event":" 'ds': '2024-05-19',","chan":"stdout","logger":"task"}
{"timestamp":"2025-07-29T20:04:39.073352Z","level":"info","event":" 'ds_nodash': '20240519',","chan":"stdout","logger":"task"}
{"timestamp":"2025-07-29T20:04:39.073395Z","level":"info","event":" 'inlet_events': InletEventsAccessors(_inlets=[], _assets={}, _asset_aliases={}),","chan":"stdout","logger":"task"}
{"timestamp":"2025-07-29T20:04:39.073436Z","level":"info","event":" 'inlets': [],","chan":"stdout","logger":"task"}
{"timestamp":"2025-07-29T20:04:39.073477Z","level":"info","event":" 'logical_date': DateTime(2024, 5, 19, 20, 0, 0, tzinfo=Timezone('UTC')),","chan":"stdout","logger":"task"}
{"timestamp":"2025-07-29T20:04:39.073517Z","level":"info","event":" 'macros': <MacrosAccessor (dynamic access to macros)>,","chan":"stdout","logger":"task"}
{"timestamp":"2025-07-29T20:04:39.073558Z","level":"info","event":" 'map_index_template': None,","chan":"stdout","logger":"task"}
{"timestamp":"2025-07-29T20:04:39.073599Z","level":"info","event":" 'outlet_events': <airflow.sdk.execution_time.context.OutletEventAccessors object at 0x7fb67802ff20>,","chan":"stdout","logger":"task"}
{"timestamp":"2025-07-29T20:04:39.073641Z","level":"info","event":" 'outlets': [],","chan":"stdout","logger":"task"}
{"timestamp":"2025-07-29T20:04:39.073681Z","level":"info","event":" 'params': {},","chan":"stdout","logger":"task"}
{"timestamp":"2025-07-29T20:04:39.084754Z","level":"info","event":" 'prev_data_interval_end_success': <Proxy at 0x7fb66fc2a690 with factory <function RuntimeTaskInstance.get_template_context.<locals>.<lambda> at 0x7fb66fc4d3a0>>,","chan":"stdout","logger":"task"}
{"timestamp":"2025-07-29T20:04:39.085007Z","level":"info","event":" 'prev_data_interval_start_success': <Proxy at 0x7fb66fc2a6f0 with factory <function RuntimeTaskInstance.get_template_context.<locals>.<lambda> at 0x7fb66fc4c180>>,","chan":"stdout","logger":"task"}
{"timestamp":"2025-07-29T20:04:39.085107Z","level":"info","event":" 'prev_end_date_success': <Proxy at 0x7fb66fc2a510 with factory <function RuntimeTaskInstance.get_template_context.<locals>.<lambda> at 0x7fb66fc4d440>>,","chan":"stdout","logger":"task"}
{"timestamp":"2025-07-29T20:04:39.085179Z","level":"info","event":" 'prev_start_date_success': <Proxy at 0x7fb66fc2ab40 with factory <function RuntimeTaskInstance.get_template_context.<locals>.<lambda> at 0x7fb66fc43ba0>>,","chan":"stdout","logger":"task"}
{"timestamp":"2025-07-29T20:04:39.085244Z","level":"info","event":" 'run_id': 'scheduled__2024-05-19T20:00:00+00:00',","chan":"stdout","logger":"task"}
{"timestamp":"2025-07-29T20:04:39.085307Z","level":"info","event":" 'task': <Task(PythonOperator): python_principal>,","chan":"stdout","logger":"task"}
{"timestamp":"2025-07-29T20:04:39.085376Z","level":"info","event":" 'task_instance': RuntimeTaskInstance(id=UUID('019857c9-77b9-7719-9260-374f0d1bf5d5'), task_id='python_principal', dag_id='3_DAG_principal', run_id='scheduled__2024-05-19T20:00:00+00:00', try_number=1, map_index=-1, hostname='bf6f1e7a6f11', context_carrier={}, task=<Task(PythonOperator): python_principal>, bundle_instance=LocalDagBundle(name=dags-folder), max_tries=0, start_date=datetime.datetime(2025, 7, 29, 20, 4, 38, 458347, tzinfo=datetime.timezone.utc), end_date=None, state=<TaskInstanceState.RUNNING: 'running'>, is_mapped=False, rendered_map_index=None, log_url='http://localhost:8080/dags/3_DAG_principal/runs/scheduled__2024-05-19T20%3A00%3A00%2B00%3A00/tasks/python_principal?try_number=1'),","chan":"stdout","logger":"task"}
{"timestamp":"2025-07-29T20:04:39.085454Z","level":"info","event":" 'task_instance_key_str': '3_DAG_principal__python_principal__20240519',","chan":"stdout","logger":"task"}
{"timestamp":"2025-07-29T20:04:39.085503Z","level":"info","event":" 'task_reschedule_count': 0,","chan":"stdout","logger":"task"}
{"timestamp":"2025-07-29T20:04:39.085546Z","level":"info","event":" 'templates_dict': None,","chan":"stdout","logger":"task"}
{"timestamp":"2025-07-29T20:04:39.085588Z","level":"info","event":" 'ti': RuntimeTaskInstance(id=UUID('019857c9-77b9-7719-9260-374f0d1bf5d5'), task_id='python_principal', dag_id='3_DAG_principal', run_id='scheduled__2024-05-19T20:00:00+00:00', try_number=1, map_index=-1, hostname='bf6f1e7a6f11', context_carrier={}, task=<Task(PythonOperator): python_principal>, bundle_instance=LocalDagBundle(name=dags-folder), max_tries=0, start_date=datetime.datetime(2025, 7, 29, 20, 4, 38, 458347, tzinfo=datetime.timezone.utc), end_date=None, state=<TaskInstanceState.RUNNING: 'running'>, is_mapped=False, rendered_map_index=None, log_url='http://localhost:8080/dags/3_DAG_principal/runs/scheduled__2024-05-19T20%3A00%3A00%2B00%3A00/tasks/python_principal?try_number=1'),","chan":"stdout","logger":"task"}
{"timestamp":"2025-07-29T20:04:39.085631Z","level":"info","event":" 'triggering_asset_events': TriggeringAssetEventsAccessor(_events=defaultdict(<class 'list'>, {})),","chan":"stdout","logger":"task"}
{"timestamp":"2025-07-29T20:04:39.085712Z","level":"info","event":" 'ts': '2024-05-19T20:00:00+00:00',","chan":"stdout","logger":"task"}
{"timestamp":"2025-07-29T20:04:39.085759Z","level":"info","event":" 'ts_nodash': '20240519T200000',","chan":"stdout","logger":"task"}
{"timestamp":"2025-07-29T20:04:39.085801Z","level":"info","event":" 'ts_nodash_with_tz': '20240519T200000+0000',","chan":"stdout","logger":"task"}
{"timestamp":"2025-07-29T20:04:39.085843Z","level":"info","event":" 'var': {'json': <VariableAccessor (dynamic access)>,","chan":"stdout","logger":"task"}
{"timestamp":"2025-07-29T20:04:39.085883Z","level":"info","event":"         'value': <VariableAccessor (dynamic access)>}}","chan":"stdout","logger":"task"}
{"timestamp":"2025-07-29T20:04:39.085229","level":"info","event":"Done. Returned value was: principal","logger":"airflow.task.operators.airflow.providers.standard.operators.python.PythonOperator"}
{"timestamp":"2025-07-29T20:04:39.085501","level":"info","event":"Pushing xcom","ti":"RuntimeTaskInstance(id=UUID('019857c9-77b9-7719-9260-374f0d1bf5d5'), task_id='python_principal', dag_id='3_DAG_principal', run_id='scheduled__2024-05-19T20:00:00+00:00', try_number=1, map_index=-1, hostname='bf6f1e7a6f11', context_carrier={}, task=<Task(PythonOperator): python_principal>, bundle_instance=LocalDagBundle(name=dags-folder), max_tries=0, start_date=datetime.datetime(2025, 7, 29, 20, 4, 38, 458347, tzinfo=datetime.timezone.utc), end_date=None, state=<TaskInstanceState.RUNNING: 'running'>, is_mapped=False, rendered_map_index=None, log_url='http://localhost:8080/dags/3_DAG_principal/runs/scheduled__2024-05-19T20%3A00%3A00%2B00%3A00/tasks/python_principal?try_number=1')","logger":"task"}
{"timestamp":"2025-07-29T20:04:39.128406Z","level":"info","event":"Task instance in success state","chan":"stdout","logger":"task"}
{"timestamp":"2025-07-29T20:04:39.128615Z","level":"info","event":" Previous state of the Task instance: TaskInstanceState.RUNNING","chan":"stdout","logger":"task"}
{"timestamp":"2025-07-29T20:04:39.128756Z","level":"info","event":"Task operator:<Task(PythonOperator): python_principal>","chan":"stdout","logger":"task"}
