{"timestamp":"2025-07-29T19:45:53.515243","level":"info","event":"DAG bundles loaded: dags-folder, example_dags","logger":"airflow.dag_processing.bundles.manager.DagBundlesManager"}
{"timestamp":"2025-07-29T19:45:53.515810","level":"info","event":"Filling up the DagBag from /opt/airflow/dags/python_operator_v1.py","logger":"airflow.models.dagbag.DagBag"}
{"timestamp":"2025-07-29T19:45:53.546162Z","level":"info","event":"Task instance is in running state","chan":"stdout","logger":"task"}
{"timestamp":"2025-07-29T19:45:53.546336Z","level":"info","event":" Previous state of the Task instance: TaskInstanceState.QUEUED","chan":"stdout","logger":"task"}
{"timestamp":"2025-07-29T19:45:53.546729Z","level":"info","event":"Current task name:python","chan":"stdout","logger":"task"}
{"timestamp":"2025-07-29T19:45:53.546815Z","level":"info","event":"Dag name:python_operator_v1","chan":"stdout","logger":"task"}
{"timestamp":"2025-07-29T19:45:53.547777Z","level":"info","event":"poliana","chan":"stdout","logger":"task"}
{"timestamp":"2025-07-29T19:45:53.548410Z","level":"info","event":"{'conn': <ConnectionAccessor (dynamic access)>,","chan":"stdout","logger":"task"}
{"timestamp":"2025-07-29T19:45:53.548506Z","level":"info","event":" 'dag': <DAG: python_operator_v1>,","chan":"stdout","logger":"task"}
{"timestamp":"2025-07-29T19:45:53.548608Z","level":"info","event":" 'dag_run': DagRun(dag_id='python_operator_v1', run_id='scheduled__2023-06-23T23:48:00+00:00', logical_date=datetime.datetime(2023, 6, 23, 23, 48, tzinfo=datetime.timezone.utc), data_interval_start=datetime.datetime(2023, 6, 23, 23, 48, tzinfo=datetime.timezone.utc), data_interval_end=datetime.datetime(2023, 6, 23, 23, 48, tzinfo=datetime.timezone.utc), run_after=datetime.datetime(2023, 6, 23, 23, 48, tzinfo=datetime.timezone.utc), start_date=datetime.datetime(2025, 7, 29, 19, 45, 52, 408537, tzinfo=datetime.timezone.utc), end_date=None, clear_number=0, run_type=<DagRunType.SCHEDULED: 'scheduled'>, conf={}, consumed_asset_events=[]),","chan":"stdout","logger":"task"}
{"timestamp":"2025-07-29T19:45:53.548721Z","level":"info","event":" 'data_interval_end': DateTime(2023, 6, 23, 23, 48, 0, tzinfo=Timezone('UTC')),","chan":"stdout","logger":"task"}
{"timestamp":"2025-07-29T19:45:53.548777Z","level":"info","event":" 'data_interval_start': DateTime(2023, 6, 23, 23, 48, 0, tzinfo=Timezone('UTC')),","chan":"stdout","logger":"task"}
{"timestamp":"2025-07-29T19:45:53.548822Z","level":"info","event":" 'ds': '2023-06-23',","chan":"stdout","logger":"task"}
{"timestamp":"2025-07-29T19:45:53.548866Z","level":"info","event":" 'ds_nodash': '20230623',","chan":"stdout","logger":"task"}
{"timestamp":"2025-07-29T19:45:53.548919Z","level":"info","event":" 'inlet_events': InletEventsAccessors(_inlets=[], _assets={}, _asset_aliases={}),","chan":"stdout","logger":"task"}
{"timestamp":"2025-07-29T19:45:53.548990Z","level":"info","event":" 'inlets': [],","chan":"stdout","logger":"task"}
{"timestamp":"2025-07-29T19:45:53.549049Z","level":"info","event":" 'logical_date': DateTime(2023, 6, 23, 23, 48, 0, tzinfo=Timezone('UTC')),","chan":"stdout","logger":"task"}
{"timestamp":"2025-07-29T19:45:53.549098Z","level":"info","event":" 'macros': <MacrosAccessor (dynamic access to macros)>,","chan":"stdout","logger":"task"}
{"timestamp":"2025-07-29T19:45:53.549175Z","level":"info","event":" 'map_index_template': None,","chan":"stdout","logger":"task"}
{"timestamp":"2025-07-29T19:45:53.549218Z","level":"info","event":" 'outlet_events': <airflow.sdk.execution_time.context.OutletEventAccessors object at 0x7fb677b1eba0>,","chan":"stdout","logger":"task"}
{"timestamp":"2025-07-29T19:45:53.549294Z","level":"info","event":" 'outlets': [],","chan":"stdout","logger":"task"}
{"timestamp":"2025-07-29T19:45:53.549345Z","level":"info","event":" 'params': {},","chan":"stdout","logger":"task"}
{"timestamp":"2025-07-29T19:45:53.559186Z","level":"info","event":" 'prev_data_interval_end_success': <Proxy at 0x7fb66fdbefc0 with factory <function RuntimeTaskInstance.get_template_context.<locals>.<lambda> at 0x7fb66fdf4ae0>>,","chan":"stdout","logger":"task"}
{"timestamp":"2025-07-29T19:45:53.559389Z","level":"info","event":" 'prev_data_interval_start_success': <Proxy at 0x7fb66fdbede0 with factory <function RuntimeTaskInstance.get_template_context.<locals>.<lambda> at 0x7fb66fddb920>>,","chan":"stdout","logger":"task"}
{"timestamp":"2025-07-29T19:45:53.559474Z","level":"info","event":" 'prev_end_date_success': <Proxy at 0x7fb66fdbf2c0 with factory <function RuntimeTaskInstance.get_template_context.<locals>.<lambda> at 0x7fb66fddb2e0>>,","chan":"stdout","logger":"task"}
{"timestamp":"2025-07-29T19:45:53.559543Z","level":"info","event":" 'prev_start_date_success': <Proxy at 0x7fb66fdbeff0 with factory <function RuntimeTaskInstance.get_template_context.<locals>.<lambda> at 0x7fb66fddb7e0>>,","chan":"stdout","logger":"task"}
{"timestamp":"2025-07-29T19:45:53.559594Z","level":"info","event":" 'run_id': 'scheduled__2023-06-23T23:48:00+00:00',","chan":"stdout","logger":"task"}
{"timestamp":"2025-07-29T19:45:53.559646Z","level":"info","event":" 'task': <Task(PythonOperator): python>,","chan":"stdout","logger":"task"}
{"timestamp":"2025-07-29T19:45:53.559696Z","level":"info","event":" 'task_instance': RuntimeTaskInstance(id=UUID('019857b8-4b12-76f8-a7cc-a93e246f954c'), task_id='python', dag_id='python_operator_v1', run_id='scheduled__2023-06-23T23:48:00+00:00', try_number=1, map_index=-1, hostname='bf6f1e7a6f11', context_carrier={}, task=<Task(PythonOperator): python>, bundle_instance=LocalDagBundle(name=dags-folder), max_tries=0, start_date=datetime.datetime(2025, 7, 29, 19, 45, 52, 738290, tzinfo=datetime.timezone.utc), end_date=None, state=<TaskInstanceState.RUNNING: 'running'>, is_mapped=False, rendered_map_index=None, log_url='http://localhost:8080/dags/python_operator_v1/runs/scheduled__2023-06-23T23%3A48%3A00%2B00%3A00/tasks/python?try_number=1'),","chan":"stdout","logger":"task"}
{"timestamp":"2025-07-29T19:45:53.559755Z","level":"info","event":" 'task_instance_key_str': 'python_operator_v1__python__20230623',","chan":"stdout","logger":"task"}
{"timestamp":"2025-07-29T19:45:53.559808Z","level":"info","event":" 'task_reschedule_count': 0,","chan":"stdout","logger":"task"}
{"timestamp":"2025-07-29T19:45:53.559890Z","level":"info","event":" 'templates_dict': None,","chan":"stdout","logger":"task"}
{"timestamp":"2025-07-29T19:45:53.559980Z","level":"info","event":" 'ti': RuntimeTaskInstance(id=UUID('019857b8-4b12-76f8-a7cc-a93e246f954c'), task_id='python', dag_id='python_operator_v1', run_id='scheduled__2023-06-23T23:48:00+00:00', try_number=1, map_index=-1, hostname='bf6f1e7a6f11', context_carrier={}, task=<Task(PythonOperator): python>, bundle_instance=LocalDagBundle(name=dags-folder), max_tries=0, start_date=datetime.datetime(2025, 7, 29, 19, 45, 52, 738290, tzinfo=datetime.timezone.utc), end_date=None, state=<TaskInstanceState.RUNNING: 'running'>, is_mapped=False, rendered_map_index=None, log_url='http://localhost:8080/dags/python_operator_v1/runs/scheduled__2023-06-23T23%3A48%3A00%2B00%3A00/tasks/python?try_number=1'),","chan":"stdout","logger":"task"}
{"timestamp":"2025-07-29T19:45:53.560035Z","level":"info","event":" 'triggering_asset_events': TriggeringAssetEventsAccessor(_events=defaultdict(<class 'list'>, {})),","chan":"stdout","logger":"task"}
{"timestamp":"2025-07-29T19:45:53.560103Z","level":"info","event":" 'ts': '2023-06-23T23:48:00+00:00',","chan":"stdout","logger":"task"}
{"timestamp":"2025-07-29T19:45:53.560165Z","level":"info","event":" 'ts_nodash': '20230623T234800',","chan":"stdout","logger":"task"}
{"timestamp":"2025-07-29T19:45:53.560228Z","level":"info","event":" 'ts_nodash_with_tz': '20230623T234800+0000',","chan":"stdout","logger":"task"}
{"timestamp":"2025-07-29T19:45:53.560273Z","level":"info","event":" 'var': {'json': <VariableAccessor (dynamic access)>,","chan":"stdout","logger":"task"}
{"timestamp":"2025-07-29T19:45:53.560314Z","level":"info","event":"         'value': <VariableAccessor (dynamic access)>}}","chan":"stdout","logger":"task"}
{"timestamp":"2025-07-29T19:45:53.560084","level":"info","event":"Done. Returned value was: 123","logger":"airflow.task.operators.airflow.providers.standard.operators.python.PythonOperator"}
{"timestamp":"2025-07-29T19:45:53.560304","level":"info","event":"Pushing xcom","ti":"RuntimeTaskInstance(id=UUID('019857b8-4b12-76f8-a7cc-a93e246f954c'), task_id='python', dag_id='python_operator_v1', run_id='scheduled__2023-06-23T23:48:00+00:00', try_number=1, map_index=-1, hostname='bf6f1e7a6f11', context_carrier={}, task=<Task(PythonOperator): python>, bundle_instance=LocalDagBundle(name=dags-folder), max_tries=0, start_date=datetime.datetime(2025, 7, 29, 19, 45, 52, 738290, tzinfo=datetime.timezone.utc), end_date=None, state=<TaskInstanceState.RUNNING: 'running'>, is_mapped=False, rendered_map_index=None, log_url='http://localhost:8080/dags/python_operator_v1/runs/scheduled__2023-06-23T23%3A48%3A00%2B00%3A00/tasks/python?try_number=1')","logger":"task"}
{"timestamp":"2025-07-29T19:45:53.590279Z","level":"info","event":"Task instance in success state","chan":"stdout","logger":"task"}
{"timestamp":"2025-07-29T19:45:53.590461Z","level":"info","event":" Previous state of the Task instance: TaskInstanceState.RUNNING","chan":"stdout","logger":"task"}
{"timestamp":"2025-07-29T19:45:53.590597Z","level":"info","event":"Task operator:<Task(PythonOperator): python>","chan":"stdout","logger":"task"}
