{"timestamp":"2025-07-29T19:38:25.524561","level":"info","event":"DAG bundles loaded: dags-folder, example_dags","logger":"airflow.dag_processing.bundles.manager.DagBundlesManager"}
{"timestamp":"2025-07-29T19:38:25.525172","level":"info","event":"Filling up the DagBag from /opt/airflow/dags/python_operator_v1.py","logger":"airflow.models.dagbag.DagBag"}
{"timestamp":"2025-07-29T19:38:25.553755Z","level":"info","event":"Task instance is in running state","chan":"stdout","logger":"task"}
{"timestamp":"2025-07-29T19:38:25.553918Z","level":"info","event":" Previous state of the Task instance: TaskInstanceState.QUEUED","chan":"stdout","logger":"task"}
{"timestamp":"2025-07-29T19:38:25.554469Z","level":"info","event":"Current task name:python","chan":"stdout","logger":"task"}
{"timestamp":"2025-07-29T19:38:25.554581Z","level":"info","event":"Dag name:python_operator_v1","chan":"stdout","logger":"task"}
{"timestamp":"2025-07-29T19:38:25.555680Z","level":"info","event":"poliana","chan":"stdout","logger":"task"}
{"timestamp":"2025-07-29T19:38:25.556651Z","level":"info","event":"{'conn': <ConnectionAccessor (dynamic access)>,","chan":"stdout","logger":"task"}
{"timestamp":"2025-07-29T19:38:25.556937Z","level":"info","event":" 'dag': <DAG: python_operator_v1>,","chan":"stdout","logger":"task"}
{"timestamp":"2025-07-29T19:38:25.557253Z","level":"info","event":" 'dag_run': DagRun(dag_id='python_operator_v1', run_id='scheduled__2023-06-23T15:37:00+00:00', logical_date=datetime.datetime(2023, 6, 23, 15, 37, tzinfo=datetime.timezone.utc), data_interval_start=datetime.datetime(2023, 6, 23, 15, 37, tzinfo=datetime.timezone.utc), data_interval_end=datetime.datetime(2023, 6, 23, 15, 37, tzinfo=datetime.timezone.utc), run_after=datetime.datetime(2023, 6, 23, 15, 37, tzinfo=datetime.timezone.utc), start_date=datetime.datetime(2025, 7, 29, 19, 38, 24, 448545, tzinfo=datetime.timezone.utc), end_date=None, clear_number=0, run_type=<DagRunType.SCHEDULED: 'scheduled'>, conf={}, consumed_asset_events=[]),","chan":"stdout","logger":"task"}
{"timestamp":"2025-07-29T19:38:25.557404Z","level":"info","event":" 'data_interval_end': DateTime(2023, 6, 23, 15, 37, 0, tzinfo=Timezone('UTC')),","chan":"stdout","logger":"task"}
{"timestamp":"2025-07-29T19:38:25.557496Z","level":"info","event":" 'data_interval_start': DateTime(2023, 6, 23, 15, 37, 0, tzinfo=Timezone('UTC')),","chan":"stdout","logger":"task"}
{"timestamp":"2025-07-29T19:38:25.557568Z","level":"info","event":" 'ds': '2023-06-23',","chan":"stdout","logger":"task"}
{"timestamp":"2025-07-29T19:38:25.557632Z","level":"info","event":" 'ds_nodash': '20230623',","chan":"stdout","logger":"task"}
{"timestamp":"2025-07-29T19:38:25.557695Z","level":"info","event":" 'inlet_events': InletEventsAccessors(_inlets=[], _assets={}, _asset_aliases={}),","chan":"stdout","logger":"task"}
{"timestamp":"2025-07-29T19:38:25.557764Z","level":"info","event":" 'inlets': [],","chan":"stdout","logger":"task"}
{"timestamp":"2025-07-29T19:38:25.557833Z","level":"info","event":" 'logical_date': DateTime(2023, 6, 23, 15, 37, 0, tzinfo=Timezone('UTC')),","chan":"stdout","logger":"task"}
{"timestamp":"2025-07-29T19:38:25.557899Z","level":"info","event":" 'macros': <MacrosAccessor (dynamic access to macros)>,","chan":"stdout","logger":"task"}
{"timestamp":"2025-07-29T19:38:25.557972Z","level":"info","event":" 'map_index_template': None,","chan":"stdout","logger":"task"}
{"timestamp":"2025-07-29T19:38:25.558020Z","level":"info","event":" 'outlet_events': <airflow.sdk.execution_time.context.OutletEventAccessors object at 0x7fb67ebe73b0>,","chan":"stdout","logger":"task"}
{"timestamp":"2025-07-29T19:38:25.558063Z","level":"info","event":" 'outlets': [],","chan":"stdout","logger":"task"}
{"timestamp":"2025-07-29T19:38:25.558104Z","level":"info","event":" 'params': {},","chan":"stdout","logger":"task"}
{"timestamp":"2025-07-29T19:38:25.569846Z","level":"info","event":" 'prev_data_interval_end_success': <Proxy at 0x7fb66fc967b0 with factory <function RuntimeTaskInstance.get_template_context.<locals>.<lambda> at 0x7fb66fcad1c0>>,","chan":"stdout","logger":"task"}
{"timestamp":"2025-07-29T19:38:25.570116Z","level":"info","event":" 'prev_data_interval_start_success': <Proxy at 0x7fb66fc967e0 with factory <function RuntimeTaskInstance.get_template_context.<locals>.<lambda> at 0x7fb66fcae8e0>>,","chan":"stdout","logger":"task"}
{"timestamp":"2025-07-29T19:38:25.570196Z","level":"info","event":" 'prev_end_date_success': <Proxy at 0x7fb66fc96ae0 with factory <function RuntimeTaskInstance.get_template_context.<locals>.<lambda> at 0x7fb66fcae980>>,","chan":"stdout","logger":"task"}
{"timestamp":"2025-07-29T19:38:25.570260Z","level":"info","event":" 'prev_start_date_success': <Proxy at 0x7fb66fc96b40 with factory <function RuntimeTaskInstance.get_template_context.<locals>.<lambda> at 0x7fb66fcad6c0>>,","chan":"stdout","logger":"task"}
{"timestamp":"2025-07-29T19:38:25.570317Z","level":"info","event":" 'run_id': 'scheduled__2023-06-23T15:37:00+00:00',","chan":"stdout","logger":"task"}
{"timestamp":"2025-07-29T19:38:25.570373Z","level":"info","event":" 'task': <Task(PythonOperator): python>,","chan":"stdout","logger":"task"}
{"timestamp":"2025-07-29T19:38:25.570423Z","level":"info","event":" 'task_instance': RuntimeTaskInstance(id=UUID('019857b1-7536-7df8-b688-92749382c10e'), task_id='python', dag_id='python_operator_v1', run_id='scheduled__2023-06-23T15:37:00+00:00', try_number=1, map_index=-1, hostname='bf6f1e7a6f11', context_carrier={}, task=<Task(PythonOperator): python>, bundle_instance=LocalDagBundle(name=dags-folder), max_tries=0, start_date=datetime.datetime(2025, 7, 29, 19, 38, 24, 886704, tzinfo=datetime.timezone.utc), end_date=None, state=<TaskInstanceState.RUNNING: 'running'>, is_mapped=False, rendered_map_index=None, log_url='http://localhost:8080/dags/python_operator_v1/runs/scheduled__2023-06-23T15%3A37%3A00%2B00%3A00/tasks/python?try_number=1'),","chan":"stdout","logger":"task"}
{"timestamp":"2025-07-29T19:38:25.570468Z","level":"info","event":" 'task_instance_key_str': 'python_operator_v1__python__20230623',","chan":"stdout","logger":"task"}
{"timestamp":"2025-07-29T19:38:25.570511Z","level":"info","event":" 'task_reschedule_count': 0,","chan":"stdout","logger":"task"}
{"timestamp":"2025-07-29T19:38:25.570552Z","level":"info","event":" 'templates_dict': None,","chan":"stdout","logger":"task"}
{"timestamp":"2025-07-29T19:38:25.570593Z","level":"info","event":" 'ti': RuntimeTaskInstance(id=UUID('019857b1-7536-7df8-b688-92749382c10e'), task_id='python', dag_id='python_operator_v1', run_id='scheduled__2023-06-23T15:37:00+00:00', try_number=1, map_index=-1, hostname='bf6f1e7a6f11', context_carrier={}, task=<Task(PythonOperator): python>, bundle_instance=LocalDagBundle(name=dags-folder), max_tries=0, start_date=datetime.datetime(2025, 7, 29, 19, 38, 24, 886704, tzinfo=datetime.timezone.utc), end_date=None, state=<TaskInstanceState.RUNNING: 'running'>, is_mapped=False, rendered_map_index=None, log_url='http://localhost:8080/dags/python_operator_v1/runs/scheduled__2023-06-23T15%3A37%3A00%2B00%3A00/tasks/python?try_number=1'),","chan":"stdout","logger":"task"}
{"timestamp":"2025-07-29T19:38:25.570666Z","level":"info","event":" 'triggering_asset_events': TriggeringAssetEventsAccessor(_events=defaultdict(<class 'list'>, {})),","chan":"stdout","logger":"task"}
{"timestamp":"2025-07-29T19:38:25.570713Z","level":"info","event":" 'ts': '2023-06-23T15:37:00+00:00',","chan":"stdout","logger":"task"}
{"timestamp":"2025-07-29T19:38:25.570757Z","level":"info","event":" 'ts_nodash': '20230623T153700',","chan":"stdout","logger":"task"}
{"timestamp":"2025-07-29T19:38:25.570798Z","level":"info","event":" 'ts_nodash_with_tz': '20230623T153700+0000',","chan":"stdout","logger":"task"}
{"timestamp":"2025-07-29T19:38:25.570839Z","level":"info","event":" 'var': {'json': <VariableAccessor (dynamic access)>,","chan":"stdout","logger":"task"}
{"timestamp":"2025-07-29T19:38:25.570879Z","level":"info","event":"         'value': <VariableAccessor (dynamic access)>}}","chan":"stdout","logger":"task"}
{"timestamp":"2025-07-29T19:38:25.570673","level":"info","event":"Done. Returned value was: 123","logger":"airflow.task.operators.airflow.providers.standard.operators.python.PythonOperator"}
{"timestamp":"2025-07-29T19:38:25.570849","level":"info","event":"Pushing xcom","ti":"RuntimeTaskInstance(id=UUID('019857b1-7536-7df8-b688-92749382c10e'), task_id='python', dag_id='python_operator_v1', run_id='scheduled__2023-06-23T15:37:00+00:00', try_number=1, map_index=-1, hostname='bf6f1e7a6f11', context_carrier={}, task=<Task(PythonOperator): python>, bundle_instance=LocalDagBundle(name=dags-folder), max_tries=0, start_date=datetime.datetime(2025, 7, 29, 19, 38, 24, 886704, tzinfo=datetime.timezone.utc), end_date=None, state=<TaskInstanceState.RUNNING: 'running'>, is_mapped=False, rendered_map_index=None, log_url='http://localhost:8080/dags/python_operator_v1/runs/scheduled__2023-06-23T15%3A37%3A00%2B00%3A00/tasks/python?try_number=1')","logger":"task"}
{"timestamp":"2025-07-29T19:38:25.598144Z","level":"info","event":"Task instance in success state","chan":"stdout","logger":"task"}
{"timestamp":"2025-07-29T19:38:25.598306Z","level":"info","event":" Previous state of the Task instance: TaskInstanceState.RUNNING","chan":"stdout","logger":"task"}
{"timestamp":"2025-07-29T19:38:25.598439Z","level":"info","event":"Task operator:<Task(PythonOperator): python>","chan":"stdout","logger":"task"}
