{"timestamp":"2025-07-29T19:59:41.878021","level":"info","event":"DAG bundles loaded: dags-folder, example_dags","logger":"airflow.dag_processing.bundles.manager.DagBundlesManager"}
{"timestamp":"2025-07-29T19:59:41.878550","level":"info","event":"Filling up the DagBag from /opt/airflow/dags/3_dag_principal.py","logger":"airflow.models.dagbag.DagBag"}
{"timestamp":"2025-07-29T19:59:41.908536Z","level":"info","event":"Task instance is in running state","chan":"stdout","logger":"task"}
{"timestamp":"2025-07-29T19:59:41.908682Z","level":"info","event":" Previous state of the Task instance: TaskInstanceState.QUEUED","chan":"stdout","logger":"task"}
{"timestamp":"2025-07-29T19:59:41.909095Z","level":"info","event":"Current task name:python_principal","chan":"stdout","logger":"task"}
{"timestamp":"2025-07-29T19:59:41.909190Z","level":"info","event":"Dag name:3_DAG_principal","chan":"stdout","logger":"task"}
{"timestamp":"2025-07-29T19:59:41.910122Z","level":"info","event":"DAG principal","chan":"stdout","logger":"task"}
{"timestamp":"2025-07-29T19:59:41.910784Z","level":"info","event":"{'conn': <ConnectionAccessor (dynamic access)>,","chan":"stdout","logger":"task"}
{"timestamp":"2025-07-29T19:59:41.910895Z","level":"info","event":" 'dag': <DAG: 3_DAG_principal>,","chan":"stdout","logger":"task"}
{"timestamp":"2025-07-29T19:59:41.910984Z","level":"info","event":" 'dag_run': DagRun(dag_id='3_DAG_principal', run_id='scheduled__2023-08-18T20:00:00+00:00', logical_date=datetime.datetime(2023, 8, 18, 20, 0, tzinfo=datetime.timezone.utc), data_interval_start=datetime.datetime(2023, 8, 18, 20, 0, tzinfo=datetime.timezone.utc), data_interval_end=datetime.datetime(2023, 8, 18, 20, 0, tzinfo=datetime.timezone.utc), run_after=datetime.datetime(2023, 8, 18, 20, 0, tzinfo=datetime.timezone.utc), start_date=datetime.datetime(2025, 7, 29, 19, 59, 41, 153669, tzinfo=datetime.timezone.utc), end_date=None, clear_number=0, run_type=<DagRunType.SCHEDULED: 'scheduled'>, conf={}, consumed_asset_events=[]),","chan":"stdout","logger":"task"}
{"timestamp":"2025-07-29T19:59:41.911119Z","level":"info","event":" 'data_interval_end': DateTime(2023, 8, 18, 20, 0, 0, tzinfo=Timezone('UTC')),","chan":"stdout","logger":"task"}
{"timestamp":"2025-07-29T19:59:41.911223Z","level":"info","event":" 'data_interval_start': DateTime(2023, 8, 18, 20, 0, 0, tzinfo=Timezone('UTC')),","chan":"stdout","logger":"task"}
{"timestamp":"2025-07-29T19:59:41.911300Z","level":"info","event":" 'ds': '2023-08-18',","chan":"stdout","logger":"task"}
{"timestamp":"2025-07-29T19:59:41.911375Z","level":"info","event":" 'ds_nodash': '20230818',","chan":"stdout","logger":"task"}
{"timestamp":"2025-07-29T19:59:41.911446Z","level":"info","event":" 'inlet_events': InletEventsAccessors(_inlets=[], _assets={}, _asset_aliases={}),","chan":"stdout","logger":"task"}
{"timestamp":"2025-07-29T19:59:41.911516Z","level":"info","event":" 'inlets': [],","chan":"stdout","logger":"task"}
{"timestamp":"2025-07-29T19:59:41.911586Z","level":"info","event":" 'logical_date': DateTime(2023, 8, 18, 20, 0, 0, tzinfo=Timezone('UTC')),","chan":"stdout","logger":"task"}
{"timestamp":"2025-07-29T19:59:41.911655Z","level":"info","event":" 'macros': <MacrosAccessor (dynamic access to macros)>,","chan":"stdout","logger":"task"}
{"timestamp":"2025-07-29T19:59:41.911723Z","level":"info","event":" 'map_index_template': None,","chan":"stdout","logger":"task"}
{"timestamp":"2025-07-29T19:59:41.911791Z","level":"info","event":" 'outlet_events': <airflow.sdk.execution_time.context.OutletEventAccessors object at 0x7fb67ebaa720>,","chan":"stdout","logger":"task"}
{"timestamp":"2025-07-29T19:59:41.911860Z","level":"info","event":" 'outlets': [],","chan":"stdout","logger":"task"}
{"timestamp":"2025-07-29T19:59:41.911926Z","level":"info","event":" 'params': {},","chan":"stdout","logger":"task"}
{"timestamp":"2025-07-29T19:59:41.922415Z","level":"info","event":" 'prev_data_interval_end_success': <Proxy at 0x7fb66fc11730 with factory <function RuntimeTaskInstance.get_template_context.<locals>.<lambda> at 0x7fb66fc2d440>>,","chan":"stdout","logger":"task"}
{"timestamp":"2025-07-29T19:59:41.922624Z","level":"info","event":" 'prev_data_interval_start_success': <Proxy at 0x7fb66fc117c0 with factory <function RuntimeTaskInstance.get_template_context.<locals>.<lambda> at 0x7fb66fc2c220>>,","chan":"stdout","logger":"task"}
{"timestamp":"2025-07-29T19:59:41.922699Z","level":"info","event":" 'prev_end_date_success': <Proxy at 0x7fb67ea17e30 with factory <function RuntimeTaskInstance.get_template_context.<locals>.<lambda> at 0x7fb66fc2d4e0>>,","chan":"stdout","logger":"task"}
{"timestamp":"2025-07-29T19:59:41.922747Z","level":"info","event":" 'prev_start_date_success': <Proxy at 0x7fb66fde3e60 with factory <function RuntimeTaskInstance.get_template_context.<locals>.<lambda> at 0x7fb66fc23c40>>,","chan":"stdout","logger":"task"}
{"timestamp":"2025-07-29T19:59:41.922791Z","level":"info","event":" 'run_id': 'scheduled__2023-08-18T20:00:00+00:00',","chan":"stdout","logger":"task"}
{"timestamp":"2025-07-29T19:59:41.922833Z","level":"info","event":" 'task': <Task(PythonOperator): python_principal>,","chan":"stdout","logger":"task"}
{"timestamp":"2025-07-29T19:59:41.922878Z","level":"info","event":" 'task_instance': RuntimeTaskInstance(id=UUID('019857c4-f05d-70f1-94f7-fef59df35d90'), task_id='python_principal', dag_id='3_DAG_principal', run_id='scheduled__2023-08-18T20:00:00+00:00', try_number=1, map_index=-1, hostname='bf6f1e7a6f11', context_carrier={}, task=<Task(PythonOperator): python_principal>, bundle_instance=LocalDagBundle(name=dags-folder), max_tries=0, start_date=datetime.datetime(2025, 7, 29, 19, 59, 41, 383187, tzinfo=datetime.timezone.utc), end_date=None, state=<TaskInstanceState.RUNNING: 'running'>, is_mapped=False, rendered_map_index=None, log_url='http://localhost:8080/dags/3_DAG_principal/runs/scheduled__2023-08-18T20%3A00%3A00%2B00%3A00/tasks/python_principal?try_number=1'),","chan":"stdout","logger":"task"}
{"timestamp":"2025-07-29T19:59:41.922921Z","level":"info","event":" 'task_instance_key_str': '3_DAG_principal__python_principal__20230818',","chan":"stdout","logger":"task"}
{"timestamp":"2025-07-29T19:59:41.923000Z","level":"info","event":" 'task_reschedule_count': 0,","chan":"stdout","logger":"task"}
{"timestamp":"2025-07-29T19:59:41.923051Z","level":"info","event":" 'templates_dict': None,","chan":"stdout","logger":"task"}
{"timestamp":"2025-07-29T19:59:41.923095Z","level":"info","event":" 'ti': RuntimeTaskInstance(id=UUID('019857c4-f05d-70f1-94f7-fef59df35d90'), task_id='python_principal', dag_id='3_DAG_principal', run_id='scheduled__2023-08-18T20:00:00+00:00', try_number=1, map_index=-1, hostname='bf6f1e7a6f11', context_carrier={}, task=<Task(PythonOperator): python_principal>, bundle_instance=LocalDagBundle(name=dags-folder), max_tries=0, start_date=datetime.datetime(2025, 7, 29, 19, 59, 41, 383187, tzinfo=datetime.timezone.utc), end_date=None, state=<TaskInstanceState.RUNNING: 'running'>, is_mapped=False, rendered_map_index=None, log_url='http://localhost:8080/dags/3_DAG_principal/runs/scheduled__2023-08-18T20%3A00%3A00%2B00%3A00/tasks/python_principal?try_number=1'),","chan":"stdout","logger":"task"}
{"timestamp":"2025-07-29T19:59:41.923138Z","level":"info","event":" 'triggering_asset_events': TriggeringAssetEventsAccessor(_events=defaultdict(<class 'list'>, {})),","chan":"stdout","logger":"task"}
{"timestamp":"2025-07-29T19:59:41.923184Z","level":"info","event":" 'ts': '2023-08-18T20:00:00+00:00',","chan":"stdout","logger":"task"}
{"timestamp":"2025-07-29T19:59:41.923233Z","level":"info","event":" 'ts_nodash': '20230818T200000',","chan":"stdout","logger":"task"}
{"timestamp":"2025-07-29T19:59:41.923274Z","level":"info","event":" 'ts_nodash_with_tz': '20230818T200000+0000',","chan":"stdout","logger":"task"}
{"timestamp":"2025-07-29T19:59:41.923313Z","level":"info","event":" 'var': {'json': <VariableAccessor (dynamic access)>,","chan":"stdout","logger":"task"}
{"timestamp":"2025-07-29T19:59:41.923356Z","level":"info","event":"         'value': <VariableAccessor (dynamic access)>}}","chan":"stdout","logger":"task"}
{"timestamp":"2025-07-29T19:59:41.922845","level":"info","event":"Done. Returned value was: principal","logger":"airflow.task.operators.airflow.providers.standard.operators.python.PythonOperator"}
{"timestamp":"2025-07-29T19:59:41.923031","level":"info","event":"Pushing xcom","ti":"RuntimeTaskInstance(id=UUID('019857c4-f05d-70f1-94f7-fef59df35d90'), task_id='python_principal', dag_id='3_DAG_principal', run_id='scheduled__2023-08-18T20:00:00+00:00', try_number=1, map_index=-1, hostname='bf6f1e7a6f11', context_carrier={}, task=<Task(PythonOperator): python_principal>, bundle_instance=LocalDagBundle(name=dags-folder), max_tries=0, start_date=datetime.datetime(2025, 7, 29, 19, 59, 41, 383187, tzinfo=datetime.timezone.utc), end_date=None, state=<TaskInstanceState.RUNNING: 'running'>, is_mapped=False, rendered_map_index=None, log_url='http://localhost:8080/dags/3_DAG_principal/runs/scheduled__2023-08-18T20%3A00%3A00%2B00%3A00/tasks/python_principal?try_number=1')","logger":"task"}
{"timestamp":"2025-07-29T19:59:41.949228Z","level":"info","event":"Task instance in success state","chan":"stdout","logger":"task"}
{"timestamp":"2025-07-29T19:59:41.949352Z","level":"info","event":" Previous state of the Task instance: TaskInstanceState.RUNNING","chan":"stdout","logger":"task"}
{"timestamp":"2025-07-29T19:59:41.949442Z","level":"info","event":"Task operator:<Task(PythonOperator): python_principal>","chan":"stdout","logger":"task"}
