{"timestamp":"2025-07-29T19:19:22.537547","level":"info","event":"DAG bundles loaded: dags-folder, example_dags","logger":"airflow.dag_processing.bundles.manager.DagBundlesManager"}
{"timestamp":"2025-07-29T19:19:22.539607","level":"info","event":"Filling up the DagBag from /opt/airflow/dags/python_operator_v1.py","logger":"airflow.models.dagbag.DagBag"}
{"timestamp":"2025-07-29T19:19:22.595880Z","level":"info","event":"Task instance is in running state","chan":"stdout","logger":"task"}
{"timestamp":"2025-07-29T19:19:22.596051Z","level":"info","event":" Previous state of the Task instance: TaskInstanceState.QUEUED","chan":"stdout","logger":"task"}
{"timestamp":"2025-07-29T19:19:22.596529Z","level":"info","event":"Current task name:python","chan":"stdout","logger":"task"}
{"timestamp":"2025-07-29T19:19:22.596636Z","level":"info","event":"Dag name:python_operator_v1","chan":"stdout","logger":"task"}
{"timestamp":"2025-07-29T19:19:22.597806Z","level":"info","event":"poliana","chan":"stdout","logger":"task"}
{"timestamp":"2025-07-29T19:19:22.598397Z","level":"info","event":"{'conn': <ConnectionAccessor (dynamic access)>,","chan":"stdout","logger":"task"}
{"timestamp":"2025-07-29T19:19:22.598541Z","level":"info","event":" 'dag': <DAG: python_operator_v1>,","chan":"stdout","logger":"task"}
{"timestamp":"2025-07-29T19:19:22.598738Z","level":"info","event":" 'dag_run': DagRun(dag_id='python_operator_v1', run_id='scheduled__2023-06-22T18:47:00+00:00', logical_date=datetime.datetime(2023, 6, 22, 18, 47, tzinfo=datetime.timezone.utc), data_interval_start=datetime.datetime(2023, 6, 22, 18, 47, tzinfo=datetime.timezone.utc), data_interval_end=datetime.datetime(2023, 6, 22, 18, 47, tzinfo=datetime.timezone.utc), run_after=datetime.datetime(2023, 6, 22, 18, 47, tzinfo=datetime.timezone.utc), start_date=datetime.datetime(2025, 7, 29, 19, 19, 21, 554609, tzinfo=datetime.timezone.utc), end_date=None, clear_number=0, run_type=<DagRunType.SCHEDULED: 'scheduled'>, conf={}, consumed_asset_events=[]),","chan":"stdout","logger":"task"}
{"timestamp":"2025-07-29T19:19:22.598864Z","level":"info","event":" 'data_interval_end': DateTime(2023, 6, 22, 18, 47, 0, tzinfo=Timezone('UTC')),","chan":"stdout","logger":"task"}
{"timestamp":"2025-07-29T19:19:22.598950Z","level":"info","event":" 'data_interval_start': DateTime(2023, 6, 22, 18, 47, 0, tzinfo=Timezone('UTC')),","chan":"stdout","logger":"task"}
{"timestamp":"2025-07-29T19:19:22.599018Z","level":"info","event":" 'ds': '2023-06-22',","chan":"stdout","logger":"task"}
{"timestamp":"2025-07-29T19:19:22.599083Z","level":"info","event":" 'ds_nodash': '20230622',","chan":"stdout","logger":"task"}
{"timestamp":"2025-07-29T19:19:22.599146Z","level":"info","event":" 'inlet_events': InletEventsAccessors(_inlets=[], _assets={}, _asset_aliases={}),","chan":"stdout","logger":"task"}
{"timestamp":"2025-07-29T19:19:22.599210Z","level":"info","event":" 'inlets': [],","chan":"stdout","logger":"task"}
{"timestamp":"2025-07-29T19:19:22.599272Z","level":"info","event":" 'logical_date': DateTime(2023, 6, 22, 18, 47, 0, tzinfo=Timezone('UTC')),","chan":"stdout","logger":"task"}
{"timestamp":"2025-07-29T19:19:22.599334Z","level":"info","event":" 'macros': <MacrosAccessor (dynamic access to macros)>,","chan":"stdout","logger":"task"}
{"timestamp":"2025-07-29T19:19:22.599395Z","level":"info","event":" 'map_index_template': None,","chan":"stdout","logger":"task"}
{"timestamp":"2025-07-29T19:19:22.599456Z","level":"info","event":" 'outlet_events': <airflow.sdk.execution_time.context.OutletEventAccessors object at 0x7fb67cbaff20>,","chan":"stdout","logger":"task"}
{"timestamp":"2025-07-29T19:19:22.599518Z","level":"info","event":" 'outlets': [],","chan":"stdout","logger":"task"}
{"timestamp":"2025-07-29T19:19:22.599602Z","level":"info","event":" 'params': {},","chan":"stdout","logger":"task"}
{"timestamp":"2025-07-29T19:19:22.612180Z","level":"info","event":" 'prev_data_interval_end_success': <Proxy at 0x7fb66fc64110 with factory <function RuntimeTaskInstance.get_template_context.<locals>.<lambda> at 0x7fb66fc4df80>>,","chan":"stdout","logger":"task"}
{"timestamp":"2025-07-29T19:19:22.612373Z","level":"info","event":" 'prev_data_interval_start_success': <Proxy at 0x7fb66fc2bcb0 with factory <function RuntimeTaskInstance.get_template_context.<locals>.<lambda> at 0x7fb66fc4f6a0>>,","chan":"stdout","logger":"task"}
{"timestamp":"2025-07-29T19:19:22.612465Z","level":"info","event":" 'prev_end_date_success': <Proxy at 0x7fb66fc2a3f0 with factory <function RuntimeTaskInstance.get_template_context.<locals>.<lambda> at 0x7fb66fc4f740>>,","chan":"stdout","logger":"task"}
{"timestamp":"2025-07-29T19:19:22.612542Z","level":"info","event":" 'prev_start_date_success': <Proxy at 0x7fb66fc2a210 with factory <function RuntimeTaskInstance.get_template_context.<locals>.<lambda> at 0x7fb66fc4e480>>,","chan":"stdout","logger":"task"}
{"timestamp":"2025-07-29T19:19:22.612597Z","level":"info","event":" 'run_id': 'scheduled__2023-06-22T18:47:00+00:00',","chan":"stdout","logger":"task"}
{"timestamp":"2025-07-29T19:19:22.612662Z","level":"info","event":" 'task': <Task(PythonOperator): python>,","chan":"stdout","logger":"task"}
{"timestamp":"2025-07-29T19:19:22.612745Z","level":"info","event":" 'task_instance': RuntimeTaskInstance(id=UUID('019857a0-04cf-7e01-b9e1-c8a73135ed5e'), task_id='python', dag_id='python_operator_v1', run_id='scheduled__2023-06-22T18:47:00+00:00', try_number=1, map_index=-1, hostname='bf6f1e7a6f11', context_carrier={}, task=<Task(PythonOperator): python>, bundle_instance=LocalDagBundle(name=dags-folder), max_tries=0, start_date=datetime.datetime(2025, 7, 29, 19, 19, 21, 789632, tzinfo=datetime.timezone.utc), end_date=None, state=<TaskInstanceState.RUNNING: 'running'>, is_mapped=False, rendered_map_index=None, log_url='http://localhost:8080/dags/python_operator_v1/runs/scheduled__2023-06-22T18%3A47%3A00%2B00%3A00/tasks/python?try_number=1'),","chan":"stdout","logger":"task"}
{"timestamp":"2025-07-29T19:19:22.612800Z","level":"info","event":" 'task_instance_key_str': 'python_operator_v1__python__20230622',","chan":"stdout","logger":"task"}
{"timestamp":"2025-07-29T19:19:22.612861Z","level":"info","event":" 'task_reschedule_count': 0,","chan":"stdout","logger":"task"}
{"timestamp":"2025-07-29T19:19:22.612910Z","level":"info","event":" 'templates_dict': None,","chan":"stdout","logger":"task"}
{"timestamp":"2025-07-29T19:19:22.612953Z","level":"info","event":" 'ti': RuntimeTaskInstance(id=UUID('019857a0-04cf-7e01-b9e1-c8a73135ed5e'), task_id='python', dag_id='python_operator_v1', run_id='scheduled__2023-06-22T18:47:00+00:00', try_number=1, map_index=-1, hostname='bf6f1e7a6f11', context_carrier={}, task=<Task(PythonOperator): python>, bundle_instance=LocalDagBundle(name=dags-folder), max_tries=0, start_date=datetime.datetime(2025, 7, 29, 19, 19, 21, 789632, tzinfo=datetime.timezone.utc), end_date=None, state=<TaskInstanceState.RUNNING: 'running'>, is_mapped=False, rendered_map_index=None, log_url='http://localhost:8080/dags/python_operator_v1/runs/scheduled__2023-06-22T18%3A47%3A00%2B00%3A00/tasks/python?try_number=1'),","chan":"stdout","logger":"task"}
{"timestamp":"2025-07-29T19:19:22.613012Z","level":"info","event":" 'triggering_asset_events': TriggeringAssetEventsAccessor(_events=defaultdict(<class 'list'>, {})),","chan":"stdout","logger":"task"}
{"timestamp":"2025-07-29T19:19:22.613076Z","level":"info","event":" 'ts': '2023-06-22T18:47:00+00:00',","chan":"stdout","logger":"task"}
{"timestamp":"2025-07-29T19:19:22.613141Z","level":"info","event":" 'ts_nodash': '20230622T184700',","chan":"stdout","logger":"task"}
{"timestamp":"2025-07-29T19:19:22.613207Z","level":"info","event":" 'ts_nodash_with_tz': '20230622T184700+0000',","chan":"stdout","logger":"task"}
{"timestamp":"2025-07-29T19:19:22.613270Z","level":"info","event":" 'var': {'json': <VariableAccessor (dynamic access)>,","chan":"stdout","logger":"task"}
{"timestamp":"2025-07-29T19:19:22.613367Z","level":"info","event":"         'value': <VariableAccessor (dynamic access)>}}","chan":"stdout","logger":"task"}
{"timestamp":"2025-07-29T19:19:22.613207","level":"info","event":"Done. Returned value was: 123","logger":"airflow.task.operators.airflow.providers.standard.operators.python.PythonOperator"}
{"timestamp":"2025-07-29T19:19:22.613458","level":"info","event":"Pushing xcom","ti":"RuntimeTaskInstance(id=UUID('019857a0-04cf-7e01-b9e1-c8a73135ed5e'), task_id='python', dag_id='python_operator_v1', run_id='scheduled__2023-06-22T18:47:00+00:00', try_number=1, map_index=-1, hostname='bf6f1e7a6f11', context_carrier={}, task=<Task(PythonOperator): python>, bundle_instance=LocalDagBundle(name=dags-folder), max_tries=0, start_date=datetime.datetime(2025, 7, 29, 19, 19, 21, 789632, tzinfo=datetime.timezone.utc), end_date=None, state=<TaskInstanceState.RUNNING: 'running'>, is_mapped=False, rendered_map_index=None, log_url='http://localhost:8080/dags/python_operator_v1/runs/scheduled__2023-06-22T18%3A47%3A00%2B00%3A00/tasks/python?try_number=1')","logger":"task"}
{"timestamp":"2025-07-29T19:19:22.647518Z","level":"info","event":"Task instance in success state","chan":"stdout","logger":"task"}
{"timestamp":"2025-07-29T19:19:22.647790Z","level":"info","event":" Previous state of the Task instance: TaskInstanceState.RUNNING","chan":"stdout","logger":"task"}
{"timestamp":"2025-07-29T19:19:22.648171Z","level":"info","event":"Task operator:<Task(PythonOperator): python>","chan":"stdout","logger":"task"}
