{"timestamp":"2025-07-29T19:32:21.788235","level":"info","event":"DAG bundles loaded: dags-folder, example_dags","logger":"airflow.dag_processing.bundles.manager.DagBundlesManager"}
{"timestamp":"2025-07-29T19:32:21.789074","level":"info","event":"Filling up the DagBag from /opt/airflow/dags/python_operator_v1.py","logger":"airflow.models.dagbag.DagBag"}
{"timestamp":"2025-07-29T19:32:21.818260Z","level":"info","event":"Task instance is in running state","chan":"stdout","logger":"task"}
{"timestamp":"2025-07-29T19:32:21.818495Z","level":"info","event":" Previous state of the Task instance: TaskInstanceState.QUEUED","chan":"stdout","logger":"task"}
{"timestamp":"2025-07-29T19:32:21.819026Z","level":"info","event":"Current task name:python","chan":"stdout","logger":"task"}
{"timestamp":"2025-07-29T19:32:21.819161Z","level":"info","event":"Dag name:python_operator_v1","chan":"stdout","logger":"task"}
{"timestamp":"2025-07-29T19:32:21.820240Z","level":"info","event":"poliana","chan":"stdout","logger":"task"}
{"timestamp":"2025-07-29T19:32:21.821040Z","level":"info","event":"{'conn': <ConnectionAccessor (dynamic access)>,","chan":"stdout","logger":"task"}
{"timestamp":"2025-07-29T19:32:21.821196Z","level":"info","event":" 'dag': <DAG: python_operator_v1>,","chan":"stdout","logger":"task"}
{"timestamp":"2025-07-29T19:32:21.821352Z","level":"info","event":" 'dag_run': DagRun(dag_id='python_operator_v1', run_id='scheduled__2023-06-23T08:43:00+00:00', logical_date=datetime.datetime(2023, 6, 23, 8, 43, tzinfo=datetime.timezone.utc), data_interval_start=datetime.datetime(2023, 6, 23, 8, 43, tzinfo=datetime.timezone.utc), data_interval_end=datetime.datetime(2023, 6, 23, 8, 43, tzinfo=datetime.timezone.utc), run_after=datetime.datetime(2023, 6, 23, 8, 43, tzinfo=datetime.timezone.utc), start_date=datetime.datetime(2025, 7, 29, 19, 32, 20, 559942, tzinfo=datetime.timezone.utc), end_date=None, clear_number=0, run_type=<DagRunType.SCHEDULED: 'scheduled'>, conf={}, consumed_asset_events=[]),","chan":"stdout","logger":"task"}
{"timestamp":"2025-07-29T19:32:21.821447Z","level":"info","event":" 'data_interval_end': DateTime(2023, 6, 23, 8, 43, 0, tzinfo=Timezone('UTC')),","chan":"stdout","logger":"task"}
{"timestamp":"2025-07-29T19:32:21.821518Z","level":"info","event":" 'data_interval_start': DateTime(2023, 6, 23, 8, 43, 0, tzinfo=Timezone('UTC')),","chan":"stdout","logger":"task"}
{"timestamp":"2025-07-29T19:32:21.821565Z","level":"info","event":" 'ds': '2023-06-23',","chan":"stdout","logger":"task"}
{"timestamp":"2025-07-29T19:32:21.821611Z","level":"info","event":" 'ds_nodash': '20230623',","chan":"stdout","logger":"task"}
{"timestamp":"2025-07-29T19:32:21.821653Z","level":"info","event":" 'inlet_events': InletEventsAccessors(_inlets=[], _assets={}, _asset_aliases={}),","chan":"stdout","logger":"task"}
{"timestamp":"2025-07-29T19:32:21.821694Z","level":"info","event":" 'inlets': [],","chan":"stdout","logger":"task"}
{"timestamp":"2025-07-29T19:32:21.821734Z","level":"info","event":" 'logical_date': DateTime(2023, 6, 23, 8, 43, 0, tzinfo=Timezone('UTC')),","chan":"stdout","logger":"task"}
{"timestamp":"2025-07-29T19:32:21.821775Z","level":"info","event":" 'macros': <MacrosAccessor (dynamic access to macros)>,","chan":"stdout","logger":"task"}
{"timestamp":"2025-07-29T19:32:21.821816Z","level":"info","event":" 'map_index_template': None,","chan":"stdout","logger":"task"}
{"timestamp":"2025-07-29T19:32:21.821856Z","level":"info","event":" 'outlet_events': <airflow.sdk.execution_time.context.OutletEventAccessors object at 0x7fb66fc32ae0>,","chan":"stdout","logger":"task"}
{"timestamp":"2025-07-29T19:32:21.821897Z","level":"info","event":" 'outlets': [],","chan":"stdout","logger":"task"}
{"timestamp":"2025-07-29T19:32:21.821936Z","level":"info","event":" 'params': {},","chan":"stdout","logger":"task"}
{"timestamp":"2025-07-29T19:32:21.839926Z","level":"info","event":" 'prev_data_interval_end_success': <Proxy at 0x7fb66fc58cb0 with factory <function RuntimeTaskInstance.get_template_context.<locals>.<lambda> at 0x7fb66fc65260>>,","chan":"stdout","logger":"task"}
{"timestamp":"2025-07-29T19:32:21.840209Z","level":"info","event":" 'prev_data_interval_start_success': <Proxy at 0x7fb66fc586e0 with factory <function RuntimeTaskInstance.get_template_context.<locals>.<lambda> at 0x7fb66fc66980>>,","chan":"stdout","logger":"task"}
{"timestamp":"2025-07-29T19:32:21.840314Z","level":"info","event":" 'prev_end_date_success': <Proxy at 0x7fb66fc588f0 with factory <function RuntimeTaskInstance.get_template_context.<locals>.<lambda> at 0x7fb66fc66a20>>,","chan":"stdout","logger":"task"}
{"timestamp":"2025-07-29T19:32:21.840394Z","level":"info","event":" 'prev_start_date_success': <Proxy at 0x7fb66fc587a0 with factory <function RuntimeTaskInstance.get_template_context.<locals>.<lambda> at 0x7fb66fc65760>>,","chan":"stdout","logger":"task"}
{"timestamp":"2025-07-29T19:32:21.840466Z","level":"info","event":" 'run_id': 'scheduled__2023-06-23T08:43:00+00:00',","chan":"stdout","logger":"task"}
{"timestamp":"2025-07-29T19:32:21.840530Z","level":"info","event":" 'task': <Task(PythonOperator): python>,","chan":"stdout","logger":"task"}
{"timestamp":"2025-07-29T19:32:21.840595Z","level":"info","event":" 'task_instance': RuntimeTaskInstance(id=UUID('019857ab-e7bd-722d-a609-4ce6c86113ab'), task_id='python', dag_id='python_operator_v1', run_id='scheduled__2023-06-23T08:43:00+00:00', try_number=1, map_index=-1, hostname='bf6f1e7a6f11', context_carrier={}, task=<Task(PythonOperator): python>, bundle_instance=LocalDagBundle(name=dags-folder), max_tries=0, start_date=datetime.datetime(2025, 7, 29, 19, 32, 21, 6548, tzinfo=datetime.timezone.utc), end_date=None, state=<TaskInstanceState.RUNNING: 'running'>, is_mapped=False, rendered_map_index=None, log_url='http://localhost:8080/dags/python_operator_v1/runs/scheduled__2023-06-23T08%3A43%3A00%2B00%3A00/tasks/python?try_number=1'),","chan":"stdout","logger":"task"}
{"timestamp":"2025-07-29T19:32:21.840659Z","level":"info","event":" 'task_instance_key_str': 'python_operator_v1__python__20230623',","chan":"stdout","logger":"task"}
{"timestamp":"2025-07-29T19:32:21.840721Z","level":"info","event":" 'task_reschedule_count': 0,","chan":"stdout","logger":"task"}
{"timestamp":"2025-07-29T19:32:21.840782Z","level":"info","event":" 'templates_dict': None,","chan":"stdout","logger":"task"}
{"timestamp":"2025-07-29T19:32:21.840897Z","level":"info","event":" 'ti': RuntimeTaskInstance(id=UUID('019857ab-e7bd-722d-a609-4ce6c86113ab'), task_id='python', dag_id='python_operator_v1', run_id='scheduled__2023-06-23T08:43:00+00:00', try_number=1, map_index=-1, hostname='bf6f1e7a6f11', context_carrier={}, task=<Task(PythonOperator): python>, bundle_instance=LocalDagBundle(name=dags-folder), max_tries=0, start_date=datetime.datetime(2025, 7, 29, 19, 32, 21, 6548, tzinfo=datetime.timezone.utc), end_date=None, state=<TaskInstanceState.RUNNING: 'running'>, is_mapped=False, rendered_map_index=None, log_url='http://localhost:8080/dags/python_operator_v1/runs/scheduled__2023-06-23T08%3A43%3A00%2B00%3A00/tasks/python?try_number=1'),","chan":"stdout","logger":"task"}
{"timestamp":"2025-07-29T19:32:21.840972Z","level":"info","event":" 'triggering_asset_events': TriggeringAssetEventsAccessor(_events=defaultdict(<class 'list'>, {})),","chan":"stdout","logger":"task"}
{"timestamp":"2025-07-29T19:32:21.841039Z","level":"info","event":" 'ts': '2023-06-23T08:43:00+00:00',","chan":"stdout","logger":"task"}
{"timestamp":"2025-07-29T19:32:21.841114Z","level":"info","event":" 'ts_nodash': '20230623T084300',","chan":"stdout","logger":"task"}
{"timestamp":"2025-07-29T19:32:21.841194Z","level":"info","event":" 'ts_nodash_with_tz': '20230623T084300+0000',","chan":"stdout","logger":"task"}
{"timestamp":"2025-07-29T19:32:21.841263Z","level":"info","event":" 'var': {'json': <VariableAccessor (dynamic access)>,","chan":"stdout","logger":"task"}
{"timestamp":"2025-07-29T19:32:21.841329Z","level":"info","event":"         'value': <VariableAccessor (dynamic access)>}}","chan":"stdout","logger":"task"}
{"timestamp":"2025-07-29T19:32:21.841164","level":"info","event":"Done. Returned value was: 123","logger":"airflow.task.operators.airflow.providers.standard.operators.python.PythonOperator"}
{"timestamp":"2025-07-29T19:32:21.841514","level":"info","event":"Pushing xcom","ti":"RuntimeTaskInstance(id=UUID('019857ab-e7bd-722d-a609-4ce6c86113ab'), task_id='python', dag_id='python_operator_v1', run_id='scheduled__2023-06-23T08:43:00+00:00', try_number=1, map_index=-1, hostname='bf6f1e7a6f11', context_carrier={}, task=<Task(PythonOperator): python>, bundle_instance=LocalDagBundle(name=dags-folder), max_tries=0, start_date=datetime.datetime(2025, 7, 29, 19, 32, 21, 6548, tzinfo=datetime.timezone.utc), end_date=None, state=<TaskInstanceState.RUNNING: 'running'>, is_mapped=False, rendered_map_index=None, log_url='http://localhost:8080/dags/python_operator_v1/runs/scheduled__2023-06-23T08%3A43%3A00%2B00%3A00/tasks/python?try_number=1')","logger":"task"}
{"timestamp":"2025-07-29T19:32:21.869069Z","level":"info","event":"Task instance in success state","chan":"stdout","logger":"task"}
{"timestamp":"2025-07-29T19:32:21.869258Z","level":"info","event":" Previous state of the Task instance: TaskInstanceState.RUNNING","chan":"stdout","logger":"task"}
{"timestamp":"2025-07-29T19:32:21.869393Z","level":"info","event":"Task operator:<Task(PythonOperator): python>","chan":"stdout","logger":"task"}
