{"timestamp":"2025-07-29T20:05:16.457600","level":"info","event":"DAG bundles loaded: dags-folder, example_dags","logger":"airflow.dag_processing.bundles.manager.DagBundlesManager"}
{"timestamp":"2025-07-29T20:05:16.458168","level":"info","event":"Filling up the DagBag from /opt/airflow/dags/3_dag_principal.py","logger":"airflow.models.dagbag.DagBag"}
{"timestamp":"2025-07-29T20:05:16.482790Z","level":"info","event":"Task instance is in running state","chan":"stdout","logger":"task"}
{"timestamp":"2025-07-29T20:05:16.482916Z","level":"info","event":" Previous state of the Task instance: TaskInstanceState.QUEUED","chan":"stdout","logger":"task"}
{"timestamp":"2025-07-29T20:05:16.483405Z","level":"info","event":"Current task name:python_principal","chan":"stdout","logger":"task"}
{"timestamp":"2025-07-29T20:05:16.483573Z","level":"info","event":"Dag name:3_DAG_principal","chan":"stdout","logger":"task"}
{"timestamp":"2025-07-29T20:05:16.484641Z","level":"info","event":"DAG principal","chan":"stdout","logger":"task"}
{"timestamp":"2025-07-29T20:05:16.485386Z","level":"info","event":"{'conn': <ConnectionAccessor (dynamic access)>,","chan":"stdout","logger":"task"}
{"timestamp":"2025-07-29T20:05:16.485531Z","level":"info","event":" 'dag': <DAG: 3_DAG_principal>,","chan":"stdout","logger":"task"}
{"timestamp":"2025-07-29T20:05:16.485657Z","level":"info","event":" 'dag_run': DagRun(dag_id='3_DAG_principal', run_id='scheduled__2024-06-27T20:00:00+00:00', logical_date=datetime.datetime(2024, 6, 27, 20, 0, tzinfo=datetime.timezone.utc), data_interval_start=datetime.datetime(2024, 6, 27, 20, 0, tzinfo=datetime.timezone.utc), data_interval_end=datetime.datetime(2024, 6, 27, 20, 0, tzinfo=datetime.timezone.utc), run_after=datetime.datetime(2024, 6, 27, 20, 0, tzinfo=datetime.timezone.utc), start_date=datetime.datetime(2025, 7, 29, 20, 5, 15, 247350, tzinfo=datetime.timezone.utc), end_date=None, clear_number=0, run_type=<DagRunType.SCHEDULED: 'scheduled'>, conf={}, consumed_asset_events=[]),","chan":"stdout","logger":"task"}
{"timestamp":"2025-07-29T20:05:16.485713Z","level":"info","event":" 'data_interval_end': DateTime(2024, 6, 27, 20, 0, 0, tzinfo=Timezone('UTC')),","chan":"stdout","logger":"task"}
{"timestamp":"2025-07-29T20:05:16.485756Z","level":"info","event":" 'data_interval_start': DateTime(2024, 6, 27, 20, 0, 0, tzinfo=Timezone('UTC')),","chan":"stdout","logger":"task"}
{"timestamp":"2025-07-29T20:05:16.485797Z","level":"info","event":" 'ds': '2024-06-27',","chan":"stdout","logger":"task"}
{"timestamp":"2025-07-29T20:05:16.485842Z","level":"info","event":" 'ds_nodash': '20240627',","chan":"stdout","logger":"task"}
{"timestamp":"2025-07-29T20:05:16.485881Z","level":"info","event":" 'inlet_events': InletEventsAccessors(_inlets=[], _assets={}, _asset_aliases={}),","chan":"stdout","logger":"task"}
{"timestamp":"2025-07-29T20:05:16.485920Z","level":"info","event":" 'inlets': [],","chan":"stdout","logger":"task"}
{"timestamp":"2025-07-29T20:05:16.485959Z","level":"info","event":" 'logical_date': DateTime(2024, 6, 27, 20, 0, 0, tzinfo=Timezone('UTC')),","chan":"stdout","logger":"task"}
{"timestamp":"2025-07-29T20:05:16.485998Z","level":"info","event":" 'macros': <MacrosAccessor (dynamic access to macros)>,","chan":"stdout","logger":"task"}
{"timestamp":"2025-07-29T20:05:16.486036Z","level":"info","event":" 'map_index_template': None,","chan":"stdout","logger":"task"}
{"timestamp":"2025-07-29T20:05:16.486074Z","level":"info","event":" 'outlet_events': <airflow.sdk.execution_time.context.OutletEventAccessors object at 0x7fb66fc399d0>,","chan":"stdout","logger":"task"}
{"timestamp":"2025-07-29T20:05:16.486113Z","level":"info","event":" 'outlets': [],","chan":"stdout","logger":"task"}
{"timestamp":"2025-07-29T20:05:16.486151Z","level":"info","event":" 'params': {},","chan":"stdout","logger":"task"}
{"timestamp":"2025-07-29T20:05:16.495108Z","level":"info","event":" 'prev_data_interval_end_success': <Proxy at 0x7fb66fca0560 with factory <function RuntimeTaskInstance.get_template_context.<locals>.<lambda> at 0x7fb66fcb59e0>>,","chan":"stdout","logger":"task"}
{"timestamp":"2025-07-29T20:05:16.495241Z","level":"info","event":" 'prev_data_interval_start_success': <Proxy at 0x7fb66fca05f0 with factory <function RuntimeTaskInstance.get_template_context.<locals>.<lambda> at 0x7fb66fcb4220>>,","chan":"stdout","logger":"task"}
{"timestamp":"2025-07-29T20:05:16.495389Z","level":"info","event":" 'prev_end_date_success': <Proxy at 0x7fb66fca07d0 with factory <function RuntimeTaskInstance.get_template_context.<locals>.<lambda> at 0x7fb66fcb5a80>>,","chan":"stdout","logger":"task"}
{"timestamp":"2025-07-29T20:05:16.495458Z","level":"info","event":" 'prev_start_date_success': <Proxy at 0x7fb66fca08c0 with factory <function RuntimeTaskInstance.get_template_context.<locals>.<lambda> at 0x7fb66fcb47c0>>,","chan":"stdout","logger":"task"}
{"timestamp":"2025-07-29T20:05:16.495504Z","level":"info","event":" 'run_id': 'scheduled__2024-06-27T20:00:00+00:00',","chan":"stdout","logger":"task"}
{"timestamp":"2025-07-29T20:05:16.495545Z","level":"info","event":" 'task': <Task(PythonOperator): python_principal>,","chan":"stdout","logger":"task"}
{"timestamp":"2025-07-29T20:05:16.495590Z","level":"info","event":" 'task_instance': RuntimeTaskInstance(id=UUID('019857ca-095a-750d-a52d-631ef595dfdf'), task_id='python_principal', dag_id='3_DAG_principal', run_id='scheduled__2024-06-27T20:00:00+00:00', try_number=1, map_index=-1, hostname='bf6f1e7a6f11', context_carrier={}, task=<Task(PythonOperator): python_principal>, bundle_instance=LocalDagBundle(name=dags-folder), max_tries=0, start_date=datetime.datetime(2025, 7, 29, 20, 5, 15, 819393, tzinfo=datetime.timezone.utc), end_date=None, state=<TaskInstanceState.RUNNING: 'running'>, is_mapped=False, rendered_map_index=None, log_url='http://localhost:8080/dags/3_DAG_principal/runs/scheduled__2024-06-27T20%3A00%3A00%2B00%3A00/tasks/python_principal?try_number=1'),","chan":"stdout","logger":"task"}
{"timestamp":"2025-07-29T20:05:16.495652Z","level":"info","event":" 'task_instance_key_str': '3_DAG_principal__python_principal__20240627',","chan":"stdout","logger":"task"}
{"timestamp":"2025-07-29T20:05:16.495710Z","level":"info","event":" 'task_reschedule_count': 0,","chan":"stdout","logger":"task"}
{"timestamp":"2025-07-29T20:05:16.495750Z","level":"info","event":" 'templates_dict': None,","chan":"stdout","logger":"task"}
{"timestamp":"2025-07-29T20:05:16.495791Z","level":"info","event":" 'ti': RuntimeTaskInstance(id=UUID('019857ca-095a-750d-a52d-631ef595dfdf'), task_id='python_principal', dag_id='3_DAG_principal', run_id='scheduled__2024-06-27T20:00:00+00:00', try_number=1, map_index=-1, hostname='bf6f1e7a6f11', context_carrier={}, task=<Task(PythonOperator): python_principal>, bundle_instance=LocalDagBundle(name=dags-folder), max_tries=0, start_date=datetime.datetime(2025, 7, 29, 20, 5, 15, 819393, tzinfo=datetime.timezone.utc), end_date=None, state=<TaskInstanceState.RUNNING: 'running'>, is_mapped=False, rendered_map_index=None, log_url='http://localhost:8080/dags/3_DAG_principal/runs/scheduled__2024-06-27T20%3A00%3A00%2B00%3A00/tasks/python_principal?try_number=1'),","chan":"stdout","logger":"task"}
{"timestamp":"2025-07-29T20:05:16.495833Z","level":"info","event":" 'triggering_asset_events': TriggeringAssetEventsAccessor(_events=defaultdict(<class 'list'>, {})),","chan":"stdout","logger":"task"}
{"timestamp":"2025-07-29T20:05:16.495872Z","level":"info","event":" 'ts': '2024-06-27T20:00:00+00:00',","chan":"stdout","logger":"task"}
{"timestamp":"2025-07-29T20:05:16.495912Z","level":"info","event":" 'ts_nodash': '20240627T200000',","chan":"stdout","logger":"task"}
{"timestamp":"2025-07-29T20:05:16.495952Z","level":"info","event":" 'ts_nodash_with_tz': '20240627T200000+0000',","chan":"stdout","logger":"task"}
{"timestamp":"2025-07-29T20:05:16.495992Z","level":"info","event":" 'var': {'json': <VariableAccessor (dynamic access)>,","chan":"stdout","logger":"task"}
{"timestamp":"2025-07-29T20:05:16.496031Z","level":"info","event":"         'value': <VariableAccessor (dynamic access)>}}","chan":"stdout","logger":"task"}
{"timestamp":"2025-07-29T20:05:16.495450","level":"info","event":"Done. Returned value was: principal","logger":"airflow.task.operators.airflow.providers.standard.operators.python.PythonOperator"}
{"timestamp":"2025-07-29T20:05:16.495614","level":"info","event":"Pushing xcom","ti":"RuntimeTaskInstance(id=UUID('019857ca-095a-750d-a52d-631ef595dfdf'), task_id='python_principal', dag_id='3_DAG_principal', run_id='scheduled__2024-06-27T20:00:00+00:00', try_number=1, map_index=-1, hostname='bf6f1e7a6f11', context_carrier={}, task=<Task(PythonOperator): python_principal>, bundle_instance=LocalDagBundle(name=dags-folder), max_tries=0, start_date=datetime.datetime(2025, 7, 29, 20, 5, 15, 819393, tzinfo=datetime.timezone.utc), end_date=None, state=<TaskInstanceState.RUNNING: 'running'>, is_mapped=False, rendered_map_index=None, log_url='http://localhost:8080/dags/3_DAG_principal/runs/scheduled__2024-06-27T20%3A00%3A00%2B00%3A00/tasks/python_principal?try_number=1')","logger":"task"}
{"timestamp":"2025-07-29T20:05:16.517732Z","level":"info","event":"Task instance in success state","chan":"stdout","logger":"task"}
{"timestamp":"2025-07-29T20:05:16.517902Z","level":"info","event":" Previous state of the Task instance: TaskInstanceState.RUNNING","chan":"stdout","logger":"task"}
{"timestamp":"2025-07-29T20:05:16.518004Z","level":"info","event":"Task operator:<Task(PythonOperator): python_principal>","chan":"stdout","logger":"task"}
