{"timestamp":"2025-07-29T20:06:56.782443","level":"info","event":"DAG bundles loaded: dags-folder, example_dags","logger":"airflow.dag_processing.bundles.manager.DagBundlesManager"}
{"timestamp":"2025-07-29T20:06:56.783074","level":"info","event":"Filling up the DagBag from /opt/airflow/dags/2_python_operator_v1.py","logger":"airflow.models.dagbag.DagBag"}
{"timestamp":"2025-07-29T20:06:56.805397Z","level":"info","event":"Task instance is in running state","chan":"stdout","logger":"task"}
{"timestamp":"2025-07-29T20:06:56.805534Z","level":"info","event":" Previous state of the Task instance: TaskInstanceState.QUEUED","chan":"stdout","logger":"task"}
{"timestamp":"2025-07-29T20:06:56.805985Z","level":"info","event":"Current task name:python","chan":"stdout","logger":"task"}
{"timestamp":"2025-07-29T20:06:56.806079Z","level":"info","event":"Dag name:python_operator_v1","chan":"stdout","logger":"task"}
{"timestamp":"2025-07-29T20:06:56.807258Z","level":"info","event":"poliana","chan":"stdout","logger":"task"}
{"timestamp":"2025-07-29T20:06:56.807997Z","level":"info","event":"{'conn': <ConnectionAccessor (dynamic access)>,","chan":"stdout","logger":"task"}
{"timestamp":"2025-07-29T20:06:56.808092Z","level":"info","event":" 'dag': <DAG: python_operator_v1>,","chan":"stdout","logger":"task"}
{"timestamp":"2025-07-29T20:06:56.808189Z","level":"info","event":" 'dag_run': DagRun(dag_id='python_operator_v1', run_id='scheduled__2023-06-24T20:40:00+00:00', logical_date=datetime.datetime(2023, 6, 24, 20, 40, tzinfo=datetime.timezone.utc), data_interval_start=datetime.datetime(2023, 6, 24, 20, 40, tzinfo=datetime.timezone.utc), data_interval_end=datetime.datetime(2023, 6, 24, 20, 40, tzinfo=datetime.timezone.utc), run_after=datetime.datetime(2023, 6, 24, 20, 40, tzinfo=datetime.timezone.utc), start_date=datetime.datetime(2025, 7, 29, 20, 6, 55, 938187, tzinfo=datetime.timezone.utc), end_date=None, clear_number=0, run_type=<DagRunType.SCHEDULED: 'scheduled'>, conf={}, consumed_asset_events=[]),","chan":"stdout","logger":"task"}
{"timestamp":"2025-07-29T20:06:56.808246Z","level":"info","event":" 'data_interval_end': DateTime(2023, 6, 24, 20, 40, 0, tzinfo=Timezone('UTC')),","chan":"stdout","logger":"task"}
{"timestamp":"2025-07-29T20:06:56.808290Z","level":"info","event":" 'data_interval_start': DateTime(2023, 6, 24, 20, 40, 0, tzinfo=Timezone('UTC')),","chan":"stdout","logger":"task"}
{"timestamp":"2025-07-29T20:06:56.808331Z","level":"info","event":" 'ds': '2023-06-24',","chan":"stdout","logger":"task"}
{"timestamp":"2025-07-29T20:06:56.808374Z","level":"info","event":" 'ds_nodash': '20230624',","chan":"stdout","logger":"task"}
{"timestamp":"2025-07-29T20:06:56.808413Z","level":"info","event":" 'inlet_events': InletEventsAccessors(_inlets=[], _assets={}, _asset_aliases={}),","chan":"stdout","logger":"task"}
{"timestamp":"2025-07-29T20:06:56.808452Z","level":"info","event":" 'inlets': [],","chan":"stdout","logger":"task"}
{"timestamp":"2025-07-29T20:06:56.808491Z","level":"info","event":" 'logical_date': DateTime(2023, 6, 24, 20, 40, 0, tzinfo=Timezone('UTC')),","chan":"stdout","logger":"task"}
{"timestamp":"2025-07-29T20:06:56.808530Z","level":"info","event":" 'macros': <MacrosAccessor (dynamic access to macros)>,","chan":"stdout","logger":"task"}
{"timestamp":"2025-07-29T20:06:56.808569Z","level":"info","event":" 'map_index_template': None,","chan":"stdout","logger":"task"}
{"timestamp":"2025-07-29T20:06:56.808607Z","level":"info","event":" 'outlet_events': <airflow.sdk.execution_time.context.OutletEventAccessors object at 0x7fb66fddf860>,","chan":"stdout","logger":"task"}
{"timestamp":"2025-07-29T20:06:56.808646Z","level":"info","event":" 'outlets': [],","chan":"stdout","logger":"task"}
{"timestamp":"2025-07-29T20:06:56.808685Z","level":"info","event":" 'params': {},","chan":"stdout","logger":"task"}
{"timestamp":"2025-07-29T20:06:56.822791Z","level":"info","event":" 'prev_data_interval_end_success': <Proxy at 0x7fb66fdfd430 with factory <function RuntimeTaskInstance.get_template_context.<locals>.<lambda> at 0x7fb66fc14220>>,","chan":"stdout","logger":"task"}
{"timestamp":"2025-07-29T20:06:56.822946Z","level":"info","event":" 'prev_data_interval_start_success': <Proxy at 0x7fb66fdfd250 with factory <function RuntimeTaskInstance.get_template_context.<locals>.<lambda> at 0x7fb66fc15440>>,","chan":"stdout","logger":"task"}
{"timestamp":"2025-07-29T20:06:56.823010Z","level":"info","event":" 'prev_end_date_success': <Proxy at 0x7fb66fdfd760 with factory <function RuntimeTaskInstance.get_template_context.<locals>.<lambda> at 0x7fb66fc154e0>>,","chan":"stdout","logger":"task"}
{"timestamp":"2025-07-29T20:06:56.823057Z","level":"info","event":" 'prev_start_date_success': <Proxy at 0x7fb66feda690 with factory <function RuntimeTaskInstance.get_template_context.<locals>.<lambda> at 0x7fb66fc0fce0>>,","chan":"stdout","logger":"task"}
{"timestamp":"2025-07-29T20:06:56.823098Z","level":"info","event":" 'run_id': 'scheduled__2023-06-24T20:40:00+00:00',","chan":"stdout","logger":"task"}
{"timestamp":"2025-07-29T20:06:56.823138Z","level":"info","event":" 'task': <Task(PythonOperator): python>,","chan":"stdout","logger":"task"}
{"timestamp":"2025-07-29T20:06:56.823202Z","level":"info","event":" 'task_instance': RuntimeTaskInstance(id=UUID('019857cb-92b5-7f73-a96a-77bdb071f22e'), task_id='python', dag_id='python_operator_v1', run_id='scheduled__2023-06-24T20:40:00+00:00', try_number=1, map_index=-1, hostname='bf6f1e7a6f11', context_carrier={}, task=<Task(PythonOperator): python>, bundle_instance=LocalDagBundle(name=dags-folder), max_tries=0, start_date=datetime.datetime(2025, 7, 29, 20, 6, 56, 286615, tzinfo=datetime.timezone.utc), end_date=None, state=<TaskInstanceState.RUNNING: 'running'>, is_mapped=False, rendered_map_index=None, log_url='http://localhost:8080/dags/python_operator_v1/runs/scheduled__2023-06-24T20%3A40%3A00%2B00%3A00/tasks/python?try_number=1'),","chan":"stdout","logger":"task"}
{"timestamp":"2025-07-29T20:06:56.823252Z","level":"info","event":" 'task_instance_key_str': 'python_operator_v1__python__20230624',","chan":"stdout","logger":"task"}
{"timestamp":"2025-07-29T20:06:56.823293Z","level":"info","event":" 'task_reschedule_count': 0,","chan":"stdout","logger":"task"}
{"timestamp":"2025-07-29T20:06:56.823333Z","level":"info","event":" 'templates_dict': None,","chan":"stdout","logger":"task"}
{"timestamp":"2025-07-29T20:06:56.823400Z","level":"info","event":" 'ti': RuntimeTaskInstance(id=UUID('019857cb-92b5-7f73-a96a-77bdb071f22e'), task_id='python', dag_id='python_operator_v1', run_id='scheduled__2023-06-24T20:40:00+00:00', try_number=1, map_index=-1, hostname='bf6f1e7a6f11', context_carrier={}, task=<Task(PythonOperator): python>, bundle_instance=LocalDagBundle(name=dags-folder), max_tries=0, start_date=datetime.datetime(2025, 7, 29, 20, 6, 56, 286615, tzinfo=datetime.timezone.utc), end_date=None, state=<TaskInstanceState.RUNNING: 'running'>, is_mapped=False, rendered_map_index=None, log_url='http://localhost:8080/dags/python_operator_v1/runs/scheduled__2023-06-24T20%3A40%3A00%2B00%3A00/tasks/python?try_number=1'),","chan":"stdout","logger":"task"}
{"timestamp":"2025-07-29T20:06:56.823448Z","level":"info","event":" 'triggering_asset_events': TriggeringAssetEventsAccessor(_events=defaultdict(<class 'list'>, {})),","chan":"stdout","logger":"task"}
{"timestamp":"2025-07-29T20:06:56.823489Z","level":"info","event":" 'ts': '2023-06-24T20:40:00+00:00',","chan":"stdout","logger":"task"}
{"timestamp":"2025-07-29T20:06:56.823529Z","level":"info","event":" 'ts_nodash': '20230624T204000',","chan":"stdout","logger":"task"}
{"timestamp":"2025-07-29T20:06:56.823570Z","level":"info","event":" 'ts_nodash_with_tz': '20230624T204000+0000',","chan":"stdout","logger":"task"}
{"timestamp":"2025-07-29T20:06:56.823634Z","level":"info","event":" 'var': {'json': <VariableAccessor (dynamic access)>,","chan":"stdout","logger":"task"}
{"timestamp":"2025-07-29T20:06:56.823691Z","level":"info","event":"         'value': <VariableAccessor (dynamic access)>}}","chan":"stdout","logger":"task"}
{"timestamp":"2025-07-29T20:06:56.823473","level":"info","event":"Done. Returned value was: 123","logger":"airflow.task.operators.airflow.providers.standard.operators.python.PythonOperator"}
{"timestamp":"2025-07-29T20:06:56.823682","level":"info","event":"Pushing xcom","ti":"RuntimeTaskInstance(id=UUID('019857cb-92b5-7f73-a96a-77bdb071f22e'), task_id='python', dag_id='python_operator_v1', run_id='scheduled__2023-06-24T20:40:00+00:00', try_number=1, map_index=-1, hostname='bf6f1e7a6f11', context_carrier={}, task=<Task(PythonOperator): python>, bundle_instance=LocalDagBundle(name=dags-folder), max_tries=0, start_date=datetime.datetime(2025, 7, 29, 20, 6, 56, 286615, tzinfo=datetime.timezone.utc), end_date=None, state=<TaskInstanceState.RUNNING: 'running'>, is_mapped=False, rendered_map_index=None, log_url='http://localhost:8080/dags/python_operator_v1/runs/scheduled__2023-06-24T20%3A40%3A00%2B00%3A00/tasks/python?try_number=1')","logger":"task"}
{"timestamp":"2025-07-29T20:06:56.846165Z","level":"info","event":"Task instance in success state","chan":"stdout","logger":"task"}
{"timestamp":"2025-07-29T20:06:56.846296Z","level":"info","event":" Previous state of the Task instance: TaskInstanceState.RUNNING","chan":"stdout","logger":"task"}
{"timestamp":"2025-07-29T20:06:56.846406Z","level":"info","event":"Task operator:<Task(PythonOperator): python>","chan":"stdout","logger":"task"}
