{"timestamp":"2025-07-29T20:02:51.865370","level":"info","event":"DAG bundles loaded: dags-folder, example_dags","logger":"airflow.dag_processing.bundles.manager.DagBundlesManager"}
{"timestamp":"2025-07-29T20:02:51.865901","level":"info","event":"Filling up the DagBag from /opt/airflow/dags/3_dag_principal.py","logger":"airflow.models.dagbag.DagBag"}
{"timestamp":"2025-07-29T20:02:51.896660Z","level":"info","event":"Task instance is in running state","chan":"stdout","logger":"task"}
{"timestamp":"2025-07-29T20:02:51.896860Z","level":"info","event":" Previous state of the Task instance: TaskInstanceState.QUEUED","chan":"stdout","logger":"task"}
{"timestamp":"2025-07-29T20:02:51.896973Z","level":"info","event":"Current task name:python_principal","chan":"stdout","logger":"task"}
{"timestamp":"2025-07-29T20:02:51.897027Z","level":"info","event":"Dag name:3_DAG_principal","chan":"stdout","logger":"task"}
{"timestamp":"2025-07-29T20:02:51.898280Z","level":"info","event":"DAG principal","chan":"stdout","logger":"task"}
{"timestamp":"2025-07-29T20:02:51.899003Z","level":"info","event":"{'conn': <ConnectionAccessor (dynamic access)>,","chan":"stdout","logger":"task"}
{"timestamp":"2025-07-29T20:02:51.899115Z","level":"info","event":" 'dag': <DAG: 3_DAG_principal>,","chan":"stdout","logger":"task"}
{"timestamp":"2025-07-29T20:02:51.899223Z","level":"info","event":" 'dag_run': DagRun(dag_id='3_DAG_principal', run_id='scheduled__2024-02-08T20:00:00+00:00', logical_date=datetime.datetime(2024, 2, 8, 20, 0, tzinfo=datetime.timezone.utc), data_interval_start=datetime.datetime(2024, 2, 8, 20, 0, tzinfo=datetime.timezone.utc), data_interval_end=datetime.datetime(2024, 2, 8, 20, 0, tzinfo=datetime.timezone.utc), run_after=datetime.datetime(2024, 2, 8, 20, 0, tzinfo=datetime.timezone.utc), start_date=datetime.datetime(2025, 7, 29, 20, 2, 50, 698263, tzinfo=datetime.timezone.utc), end_date=None, clear_number=0, run_type=<DagRunType.SCHEDULED: 'scheduled'>, conf={}, consumed_asset_events=[]),","chan":"stdout","logger":"task"}
{"timestamp":"2025-07-29T20:02:51.899284Z","level":"info","event":" 'data_interval_end': DateTime(2024, 2, 8, 20, 0, 0, tzinfo=Timezone('UTC')),","chan":"stdout","logger":"task"}
{"timestamp":"2025-07-29T20:02:51.899331Z","level":"info","event":" 'data_interval_start': DateTime(2024, 2, 8, 20, 0, 0, tzinfo=Timezone('UTC')),","chan":"stdout","logger":"task"}
{"timestamp":"2025-07-29T20:02:51.899375Z","level":"info","event":" 'ds': '2024-02-08',","chan":"stdout","logger":"task"}
{"timestamp":"2025-07-29T20:02:51.899420Z","level":"info","event":" 'ds_nodash': '20240208',","chan":"stdout","logger":"task"}
{"timestamp":"2025-07-29T20:02:51.899463Z","level":"info","event":" 'inlet_events': InletEventsAccessors(_inlets=[], _assets={}, _asset_aliases={}),","chan":"stdout","logger":"task"}
{"timestamp":"2025-07-29T20:02:51.899505Z","level":"info","event":" 'inlets': [],","chan":"stdout","logger":"task"}
{"timestamp":"2025-07-29T20:02:51.899546Z","level":"info","event":" 'logical_date': DateTime(2024, 2, 8, 20, 0, 0, tzinfo=Timezone('UTC')),","chan":"stdout","logger":"task"}
{"timestamp":"2025-07-29T20:02:51.899588Z","level":"info","event":" 'macros': <MacrosAccessor (dynamic access to macros)>,","chan":"stdout","logger":"task"}
{"timestamp":"2025-07-29T20:02:51.899629Z","level":"info","event":" 'map_index_template': None,","chan":"stdout","logger":"task"}
{"timestamp":"2025-07-29T20:02:51.899670Z","level":"info","event":" 'outlet_events': <airflow.sdk.execution_time.context.OutletEventAccessors object at 0x7fb66fdfbd40>,","chan":"stdout","logger":"task"}
{"timestamp":"2025-07-29T20:02:51.899712Z","level":"info","event":" 'outlets': [],","chan":"stdout","logger":"task"}
{"timestamp":"2025-07-29T20:02:51.899752Z","level":"info","event":" 'params': {},","chan":"stdout","logger":"task"}
{"timestamp":"2025-07-29T20:02:51.921192Z","level":"info","event":" 'prev_data_interval_end_success': <Proxy at 0x7fb66fc21790 with factory <function RuntimeTaskInstance.get_template_context.<locals>.<lambda> at 0x7fb66fc44a40>>,","chan":"stdout","logger":"task"}
{"timestamp":"2025-07-29T20:02:51.922130Z","level":"info","event":" 'prev_data_interval_start_success': <Proxy at 0x7fb66fc21820 with factory <function RuntimeTaskInstance.get_template_context.<locals>.<lambda> at 0x7fb66fc331a0>>,","chan":"stdout","logger":"task"}
{"timestamp":"2025-07-29T20:02:51.922332Z","level":"info","event":" 'prev_end_date_success': <Proxy at 0x7fb66fd17410 with factory <function RuntimeTaskInstance.get_template_context.<locals>.<lambda> at 0x7fb66fc33880>>,","chan":"stdout","logger":"task"}
{"timestamp":"2025-07-29T20:02:51.922463Z","level":"info","event":" 'prev_start_date_success': <Proxy at 0x7fb66fc219d0 with factory <function RuntimeTaskInstance.get_template_context.<locals>.<lambda> at 0x7fb66fc33740>>,","chan":"stdout","logger":"task"}
{"timestamp":"2025-07-29T20:02:51.922548Z","level":"info","event":" 'run_id': 'scheduled__2024-02-08T20:00:00+00:00',","chan":"stdout","logger":"task"}
{"timestamp":"2025-07-29T20:02:51.922660Z","level":"info","event":" 'task': <Task(PythonOperator): python_principal>,","chan":"stdout","logger":"task"}
{"timestamp":"2025-07-29T20:02:51.922761Z","level":"info","event":" 'task_instance': RuntimeTaskInstance(id=UUID('019857c7-d4b3-7990-924e-46a4377e2fb0'), task_id='python_principal', dag_id='3_DAG_principal', run_id='scheduled__2024-02-08T20:00:00+00:00', try_number=1, map_index=-1, hostname='bf6f1e7a6f11', context_carrier={}, task=<Task(PythonOperator): python_principal>, bundle_instance=LocalDagBundle(name=dags-folder), max_tries=0, start_date=datetime.datetime(2025, 7, 29, 20, 2, 51, 256869, tzinfo=datetime.timezone.utc), end_date=None, state=<TaskInstanceState.RUNNING: 'running'>, is_mapped=False, rendered_map_index=None, log_url='http://localhost:8080/dags/3_DAG_principal/runs/scheduled__2024-02-08T20%3A00%3A00%2B00%3A00/tasks/python_principal?try_number=1'),","chan":"stdout","logger":"task"}
{"timestamp":"2025-07-29T20:02:51.922845Z","level":"info","event":" 'task_instance_key_str': '3_DAG_principal__python_principal__20240208',","chan":"stdout","logger":"task"}
{"timestamp":"2025-07-29T20:02:51.922928Z","level":"info","event":" 'task_reschedule_count': 0,","chan":"stdout","logger":"task"}
{"timestamp":"2025-07-29T20:02:51.923006Z","level":"info","event":" 'templates_dict': None,","chan":"stdout","logger":"task"}
{"timestamp":"2025-07-29T20:02:51.923088Z","level":"info","event":" 'ti': RuntimeTaskInstance(id=UUID('019857c7-d4b3-7990-924e-46a4377e2fb0'), task_id='python_principal', dag_id='3_DAG_principal', run_id='scheduled__2024-02-08T20:00:00+00:00', try_number=1, map_index=-1, hostname='bf6f1e7a6f11', context_carrier={}, task=<Task(PythonOperator): python_principal>, bundle_instance=LocalDagBundle(name=dags-folder), max_tries=0, start_date=datetime.datetime(2025, 7, 29, 20, 2, 51, 256869, tzinfo=datetime.timezone.utc), end_date=None, state=<TaskInstanceState.RUNNING: 'running'>, is_mapped=False, rendered_map_index=None, log_url='http://localhost:8080/dags/3_DAG_principal/runs/scheduled__2024-02-08T20%3A00%3A00%2B00%3A00/tasks/python_principal?try_number=1'),","chan":"stdout","logger":"task"}
{"timestamp":"2025-07-29T20:02:51.923169Z","level":"info","event":" 'triggering_asset_events': TriggeringAssetEventsAccessor(_events=defaultdict(<class 'list'>, {})),","chan":"stdout","logger":"task"}
{"timestamp":"2025-07-29T20:02:51.923243Z","level":"info","event":" 'ts': '2024-02-08T20:00:00+00:00',","chan":"stdout","logger":"task"}
{"timestamp":"2025-07-29T20:02:51.923313Z","level":"info","event":" 'ts_nodash': '20240208T200000',","chan":"stdout","logger":"task"}
{"timestamp":"2025-07-29T20:02:51.923383Z","level":"info","event":" 'ts_nodash_with_tz': '20240208T200000+0000',","chan":"stdout","logger":"task"}
{"timestamp":"2025-07-29T20:02:51.923455Z","level":"info","event":" 'var': {'json': <VariableAccessor (dynamic access)>,","chan":"stdout","logger":"task"}
{"timestamp":"2025-07-29T20:02:51.923525Z","level":"info","event":"         'value': <VariableAccessor (dynamic access)>}}","chan":"stdout","logger":"task"}
{"timestamp":"2025-07-29T20:02:51.922329","level":"info","event":"Done. Returned value was: principal","logger":"airflow.task.operators.airflow.providers.standard.operators.python.PythonOperator"}
{"timestamp":"2025-07-29T20:02:51.922755","level":"info","event":"Pushing xcom","ti":"RuntimeTaskInstance(id=UUID('019857c7-d4b3-7990-924e-46a4377e2fb0'), task_id='python_principal', dag_id='3_DAG_principal', run_id='scheduled__2024-02-08T20:00:00+00:00', try_number=1, map_index=-1, hostname='bf6f1e7a6f11', context_carrier={}, task=<Task(PythonOperator): python_principal>, bundle_instance=LocalDagBundle(name=dags-folder), max_tries=0, start_date=datetime.datetime(2025, 7, 29, 20, 2, 51, 256869, tzinfo=datetime.timezone.utc), end_date=None, state=<TaskInstanceState.RUNNING: 'running'>, is_mapped=False, rendered_map_index=None, log_url='http://localhost:8080/dags/3_DAG_principal/runs/scheduled__2024-02-08T20%3A00%3A00%2B00%3A00/tasks/python_principal?try_number=1')","logger":"task"}
{"timestamp":"2025-07-29T20:02:51.958082Z","level":"info","event":"Task instance in success state","chan":"stdout","logger":"task"}
{"timestamp":"2025-07-29T20:02:51.958314Z","level":"info","event":" Previous state of the Task instance: TaskInstanceState.RUNNING","chan":"stdout","logger":"task"}
{"timestamp":"2025-07-29T20:02:51.958485Z","level":"info","event":"Task operator:<Task(PythonOperator): python_principal>","chan":"stdout","logger":"task"}
