{"timestamp":"2025-07-29T19:59:43.543737","level":"info","event":"DAG bundles loaded: dags-folder, example_dags","logger":"airflow.dag_processing.bundles.manager.DagBundlesManager"}
{"timestamp":"2025-07-29T19:59:43.544271","level":"info","event":"Filling up the DagBag from /opt/airflow/dags/2_python_operator_v1.py","logger":"airflow.models.dagbag.DagBag"}
{"timestamp":"2025-07-29T19:59:43.573661Z","level":"info","event":"Task instance is in running state","chan":"stdout","logger":"task"}
{"timestamp":"2025-07-29T19:59:43.573825Z","level":"info","event":" Previous state of the Task instance: TaskInstanceState.QUEUED","chan":"stdout","logger":"task"}
{"timestamp":"2025-07-29T19:59:43.575316Z","level":"info","event":"Current task name:python","chan":"stdout","logger":"task"}
{"timestamp":"2025-07-29T19:59:43.575440Z","level":"info","event":"Dag name:python_operator_v1","chan":"stdout","logger":"task"}
{"timestamp":"2025-07-29T19:59:43.576449Z","level":"info","event":"poliana","chan":"stdout","logger":"task"}
{"timestamp":"2025-07-29T19:59:43.577097Z","level":"info","event":"{'conn': <ConnectionAccessor (dynamic access)>,","chan":"stdout","logger":"task"}
{"timestamp":"2025-07-29T19:59:43.577201Z","level":"info","event":" 'dag': <DAG: python_operator_v1>,","chan":"stdout","logger":"task"}
{"timestamp":"2025-07-29T19:59:43.577306Z","level":"info","event":" 'dag_run': DagRun(dag_id='python_operator_v1', run_id='scheduled__2023-06-24T14:08:00+00:00', logical_date=datetime.datetime(2023, 6, 24, 14, 8, tzinfo=datetime.timezone.utc), data_interval_start=datetime.datetime(2023, 6, 24, 14, 8, tzinfo=datetime.timezone.utc), data_interval_end=datetime.datetime(2023, 6, 24, 14, 8, tzinfo=datetime.timezone.utc), run_after=datetime.datetime(2023, 6, 24, 14, 8, tzinfo=datetime.timezone.utc), start_date=datetime.datetime(2025, 7, 29, 19, 59, 42, 708635, tzinfo=datetime.timezone.utc), end_date=None, clear_number=0, run_type=<DagRunType.SCHEDULED: 'scheduled'>, conf={}, consumed_asset_events=[]),","chan":"stdout","logger":"task"}
{"timestamp":"2025-07-29T19:59:43.577388Z","level":"info","event":" 'data_interval_end': DateTime(2023, 6, 24, 14, 8, 0, tzinfo=Timezone('UTC')),","chan":"stdout","logger":"task"}
{"timestamp":"2025-07-29T19:59:43.577446Z","level":"info","event":" 'data_interval_start': DateTime(2023, 6, 24, 14, 8, 0, tzinfo=Timezone('UTC')),","chan":"stdout","logger":"task"}
{"timestamp":"2025-07-29T19:59:43.577491Z","level":"info","event":" 'ds': '2023-06-24',","chan":"stdout","logger":"task"}
{"timestamp":"2025-07-29T19:59:43.577536Z","level":"info","event":" 'ds_nodash': '20230624',","chan":"stdout","logger":"task"}
{"timestamp":"2025-07-29T19:59:43.577579Z","level":"info","event":" 'inlet_events': InletEventsAccessors(_inlets=[], _assets={}, _asset_aliases={}),","chan":"stdout","logger":"task"}
{"timestamp":"2025-07-29T19:59:43.577619Z","level":"info","event":" 'inlets': [],","chan":"stdout","logger":"task"}
{"timestamp":"2025-07-29T19:59:43.577661Z","level":"info","event":" 'logical_date': DateTime(2023, 6, 24, 14, 8, 0, tzinfo=Timezone('UTC')),","chan":"stdout","logger":"task"}
{"timestamp":"2025-07-29T19:59:43.577702Z","level":"info","event":" 'macros': <MacrosAccessor (dynamic access to macros)>,","chan":"stdout","logger":"task"}
{"timestamp":"2025-07-29T19:59:43.577744Z","level":"info","event":" 'map_index_template': None,","chan":"stdout","logger":"task"}
{"timestamp":"2025-07-29T19:59:43.577785Z","level":"info","event":" 'outlet_events': <airflow.sdk.execution_time.context.OutletEventAccessors object at 0x7fb66ff9ae70>,","chan":"stdout","logger":"task"}
{"timestamp":"2025-07-29T19:59:43.577826Z","level":"info","event":" 'outlets': [],","chan":"stdout","logger":"task"}
{"timestamp":"2025-07-29T19:59:43.577867Z","level":"info","event":" 'params': {},","chan":"stdout","logger":"task"}
{"timestamp":"2025-07-29T19:59:43.592409Z","level":"info","event":" 'prev_data_interval_end_success': <Proxy at 0x7fb66fdd6b10 with factory <function RuntimeTaskInstance.get_template_context.<locals>.<lambda> at 0x7fb66fc01120>>,","chan":"stdout","logger":"task"}
{"timestamp":"2025-07-29T19:59:43.592595Z","level":"info","event":" 'prev_data_interval_start_success': <Proxy at 0x7fb66fdd69f0 with factory <function RuntimeTaskInstance.get_template_context.<locals>.<lambda> at 0x7fb66fdebf60>>,","chan":"stdout","logger":"task"}
{"timestamp":"2025-07-29T19:59:43.592662Z","level":"info","event":" 'prev_end_date_success': <Proxy at 0x7fb66fed7410 with factory <function RuntimeTaskInstance.get_template_context.<locals>.<lambda> at 0x7fb66fdeb920>>,","chan":"stdout","logger":"task"}
{"timestamp":"2025-07-29T19:59:43.592712Z","level":"info","event":" 'prev_start_date_success': <Proxy at 0x7fb67827e300 with factory <function RuntimeTaskInstance.get_template_context.<locals>.<lambda> at 0x7fb66fdebe20>>,","chan":"stdout","logger":"task"}
{"timestamp":"2025-07-29T19:59:43.592757Z","level":"info","event":" 'run_id': 'scheduled__2023-06-24T14:08:00+00:00',","chan":"stdout","logger":"task"}
{"timestamp":"2025-07-29T19:59:43.592800Z","level":"info","event":" 'task': <Task(PythonOperator): python>,","chan":"stdout","logger":"task"}
{"timestamp":"2025-07-29T19:59:43.592843Z","level":"info","event":" 'task_instance': RuntimeTaskInstance(id=UUID('019857c4-f671-7d27-b44b-233f496f1412'), task_id='python', dag_id='python_operator_v1', run_id='scheduled__2023-06-24T14:08:00+00:00', try_number=1, map_index=-1, hostname='bf6f1e7a6f11', context_carrier={}, task=<Task(PythonOperator): python>, bundle_instance=LocalDagBundle(name=dags-folder), max_tries=0, start_date=datetime.datetime(2025, 7, 29, 19, 59, 43, 62432, tzinfo=datetime.timezone.utc), end_date=None, state=<TaskInstanceState.RUNNING: 'running'>, is_mapped=False, rendered_map_index=None, log_url='http://localhost:8080/dags/python_operator_v1/runs/scheduled__2023-06-24T14%3A08%3A00%2B00%3A00/tasks/python?try_number=1'),","chan":"stdout","logger":"task"}
{"timestamp":"2025-07-29T19:59:43.592888Z","level":"info","event":" 'task_instance_key_str': 'python_operator_v1__python__20230624',","chan":"stdout","logger":"task"}
{"timestamp":"2025-07-29T19:59:43.592929Z","level":"info","event":" 'task_reschedule_count': 0,","chan":"stdout","logger":"task"}
{"timestamp":"2025-07-29T19:59:43.592970Z","level":"info","event":" 'templates_dict': None,","chan":"stdout","logger":"task"}
{"timestamp":"2025-07-29T19:59:43.593011Z","level":"info","event":" 'ti': RuntimeTaskInstance(id=UUID('019857c4-f671-7d27-b44b-233f496f1412'), task_id='python', dag_id='python_operator_v1', run_id='scheduled__2023-06-24T14:08:00+00:00', try_number=1, map_index=-1, hostname='bf6f1e7a6f11', context_carrier={}, task=<Task(PythonOperator): python>, bundle_instance=LocalDagBundle(name=dags-folder), max_tries=0, start_date=datetime.datetime(2025, 7, 29, 19, 59, 43, 62432, tzinfo=datetime.timezone.utc), end_date=None, state=<TaskInstanceState.RUNNING: 'running'>, is_mapped=False, rendered_map_index=None, log_url='http://localhost:8080/dags/python_operator_v1/runs/scheduled__2023-06-24T14%3A08%3A00%2B00%3A00/tasks/python?try_number=1'),","chan":"stdout","logger":"task"}
{"timestamp":"2025-07-29T19:59:43.593080Z","level":"info","event":" 'triggering_asset_events': TriggeringAssetEventsAccessor(_events=defaultdict(<class 'list'>, {})),","chan":"stdout","logger":"task"}
{"timestamp":"2025-07-29T19:59:43.593128Z","level":"info","event":" 'ts': '2023-06-24T14:08:00+00:00',","chan":"stdout","logger":"task"}
{"timestamp":"2025-07-29T19:59:43.593170Z","level":"info","event":" 'ts_nodash': '20230624T140800',","chan":"stdout","logger":"task"}
{"timestamp":"2025-07-29T19:59:43.593210Z","level":"info","event":" 'ts_nodash_with_tz': '20230624T140800+0000',","chan":"stdout","logger":"task"}
{"timestamp":"2025-07-29T19:59:43.593251Z","level":"info","event":" 'var': {'json': <VariableAccessor (dynamic access)>,","chan":"stdout","logger":"task"}
{"timestamp":"2025-07-29T19:59:43.593300Z","level":"info","event":"         'value': <VariableAccessor (dynamic access)>}}","chan":"stdout","logger":"task"}
{"timestamp":"2025-07-29T19:59:43.593083","level":"info","event":"Done. Returned value was: 123","logger":"airflow.task.operators.airflow.providers.standard.operators.python.PythonOperator"}
{"timestamp":"2025-07-29T19:59:43.593270","level":"info","event":"Pushing xcom","ti":"RuntimeTaskInstance(id=UUID('019857c4-f671-7d27-b44b-233f496f1412'), task_id='python', dag_id='python_operator_v1', run_id='scheduled__2023-06-24T14:08:00+00:00', try_number=1, map_index=-1, hostname='bf6f1e7a6f11', context_carrier={}, task=<Task(PythonOperator): python>, bundle_instance=LocalDagBundle(name=dags-folder), max_tries=0, start_date=datetime.datetime(2025, 7, 29, 19, 59, 43, 62432, tzinfo=datetime.timezone.utc), end_date=None, state=<TaskInstanceState.RUNNING: 'running'>, is_mapped=False, rendered_map_index=None, log_url='http://localhost:8080/dags/python_operator_v1/runs/scheduled__2023-06-24T14%3A08%3A00%2B00%3A00/tasks/python?try_number=1')","logger":"task"}
{"timestamp":"2025-07-29T19:59:43.613511Z","level":"info","event":"Task instance in success state","chan":"stdout","logger":"task"}
{"timestamp":"2025-07-29T19:59:43.613639Z","level":"info","event":" Previous state of the Task instance: TaskInstanceState.RUNNING","chan":"stdout","logger":"task"}
{"timestamp":"2025-07-29T19:59:43.613728Z","level":"info","event":"Task operator:<Task(PythonOperator): python>","chan":"stdout","logger":"task"}
