{"timestamp":"2025-07-29T20:10:19.745209","level":"info","event":"DAG bundles loaded: dags-folder, example_dags","logger":"airflow.dag_processing.bundles.manager.DagBundlesManager"}
{"timestamp":"2025-07-29T20:10:19.746065","level":"info","event":"Filling up the DagBag from /opt/airflow/dags/3_dag_principal.py","logger":"airflow.models.dagbag.DagBag"}
{"timestamp":"2025-07-29T20:10:19.814803Z","level":"info","event":"Task instance is in running state","chan":"stdout","logger":"task"}
{"timestamp":"2025-07-29T20:10:19.815095Z","level":"info","event":" Previous state of the Task instance: TaskInstanceState.QUEUED","chan":"stdout","logger":"task"}
{"timestamp":"2025-07-29T20:10:19.815912Z","level":"info","event":"Current task name:python_principal","chan":"stdout","logger":"task"}
{"timestamp":"2025-07-29T20:10:19.816083Z","level":"info","event":"Dag name:3_DAG_principal","chan":"stdout","logger":"task"}
{"timestamp":"2025-07-29T20:10:19.817860Z","level":"info","event":"DAG principal","chan":"stdout","logger":"task"}
{"timestamp":"2025-07-29T20:10:19.819274Z","level":"info","event":"{'conn': <ConnectionAccessor (dynamic access)>,","chan":"stdout","logger":"task"}
{"timestamp":"2025-07-29T20:10:19.819738Z","level":"info","event":" 'dag': <DAG: 3_DAG_principal>,","chan":"stdout","logger":"task"}
{"timestamp":"2025-07-29T20:10:19.819976Z","level":"info","event":" 'dag_run': DagRun(dag_id='3_DAG_principal', run_id='scheduled__2025-03-10T20:00:00+00:00', logical_date=datetime.datetime(2025, 3, 10, 20, 0, tzinfo=datetime.timezone.utc), data_interval_start=datetime.datetime(2025, 3, 10, 20, 0, tzinfo=datetime.timezone.utc), data_interval_end=datetime.datetime(2025, 3, 10, 20, 0, tzinfo=datetime.timezone.utc), run_after=datetime.datetime(2025, 3, 10, 20, 0, tzinfo=datetime.timezone.utc), start_date=datetime.datetime(2025, 7, 29, 20, 10, 18, 96810, tzinfo=datetime.timezone.utc), end_date=None, clear_number=0, run_type=<DagRunType.SCHEDULED: 'scheduled'>, conf={}, consumed_asset_events=[]),","chan":"stdout","logger":"task"}
{"timestamp":"2025-07-29T20:10:19.820114Z","level":"info","event":" 'data_interval_end': DateTime(2025, 3, 10, 20, 0, 0, tzinfo=Timezone('UTC')),","chan":"stdout","logger":"task"}
{"timestamp":"2025-07-29T20:10:19.820203Z","level":"info","event":" 'data_interval_start': DateTime(2025, 3, 10, 20, 0, 0, tzinfo=Timezone('UTC')),","chan":"stdout","logger":"task"}
{"timestamp":"2025-07-29T20:10:19.820276Z","level":"info","event":" 'ds': '2025-03-10',","chan":"stdout","logger":"task"}
{"timestamp":"2025-07-29T20:10:19.820347Z","level":"info","event":" 'ds_nodash': '20250310',","chan":"stdout","logger":"task"}
{"timestamp":"2025-07-29T20:10:19.820420Z","level":"info","event":" 'inlet_events': InletEventsAccessors(_inlets=[], _assets={}, _asset_aliases={}),","chan":"stdout","logger":"task"}
{"timestamp":"2025-07-29T20:10:19.820489Z","level":"info","event":" 'inlets': [],","chan":"stdout","logger":"task"}
{"timestamp":"2025-07-29T20:10:19.820564Z","level":"info","event":" 'logical_date': DateTime(2025, 3, 10, 20, 0, 0, tzinfo=Timezone('UTC')),","chan":"stdout","logger":"task"}
{"timestamp":"2025-07-29T20:10:19.820638Z","level":"info","event":" 'macros': <MacrosAccessor (dynamic access to macros)>,","chan":"stdout","logger":"task"}
{"timestamp":"2025-07-29T20:10:19.820711Z","level":"info","event":" 'map_index_template': None,","chan":"stdout","logger":"task"}
{"timestamp":"2025-07-29T20:10:19.820787Z","level":"info","event":" 'outlet_events': <airflow.sdk.execution_time.context.OutletEventAccessors object at 0x7fb67d2a7f20>,","chan":"stdout","logger":"task"}
{"timestamp":"2025-07-29T20:10:19.820864Z","level":"info","event":" 'outlets': [],","chan":"stdout","logger":"task"}
{"timestamp":"2025-07-29T20:10:19.820940Z","level":"info","event":" 'params': {},","chan":"stdout","logger":"task"}
{"timestamp":"2025-07-29T20:10:19.840699Z","level":"info","event":" 'prev_data_interval_end_success': <Proxy at 0x7fb66fc3b8c0 with factory <function RuntimeTaskInstance.get_template_context.<locals>.<lambda> at 0x7fb66fc5e200>>,","chan":"stdout","logger":"task"}
{"timestamp":"2025-07-29T20:10:19.841044Z","level":"info","event":" 'prev_data_interval_start_success': <Proxy at 0x7fb66fc3ba10 with factory <function RuntimeTaskInstance.get_template_context.<locals>.<lambda> at 0x7fb66fc5ca40>>,","chan":"stdout","logger":"task"}
{"timestamp":"2025-07-29T20:10:19.841193Z","level":"info","event":" 'prev_end_date_success': <Proxy at 0x7fb66fc3a3c0 with factory <function RuntimeTaskInstance.get_template_context.<locals>.<lambda> at 0x7fb66fc5e2a0>>,","chan":"stdout","logger":"task"}
{"timestamp":"2025-07-29T20:10:19.841278Z","level":"info","event":" 'prev_start_date_success': <Proxy at 0x7fb66fc3a2d0 with factory <function RuntimeTaskInstance.get_template_context.<locals>.<lambda> at 0x7fb66fc5cfe0>>,","chan":"stdout","logger":"task"}
{"timestamp":"2025-07-29T20:10:19.841349Z","level":"info","event":" 'run_id': 'scheduled__2025-03-10T20:00:00+00:00',","chan":"stdout","logger":"task"}
{"timestamp":"2025-07-29T20:10:19.841418Z","level":"info","event":" 'task': <Task(PythonOperator): python_principal>,","chan":"stdout","logger":"task"}
{"timestamp":"2025-07-29T20:10:19.841494Z","level":"info","event":" 'task_instance': RuntimeTaskInstance(id=UUID('019857ce-a862-7935-950e-5ea9cab9ab97'), task_id='python_principal', dag_id='3_DAG_principal', run_id='scheduled__2025-03-10T20:00:00+00:00', try_number=1, map_index=-1, hostname='bf6f1e7a6f11', context_carrier={}, task=<Task(PythonOperator): python_principal>, bundle_instance=LocalDagBundle(name=dags-folder), max_tries=0, start_date=datetime.datetime(2025, 7, 29, 20, 10, 18, 948971, tzinfo=datetime.timezone.utc), end_date=None, state=<TaskInstanceState.RUNNING: 'running'>, is_mapped=False, rendered_map_index=None, log_url='http://localhost:8080/dags/3_DAG_principal/runs/scheduled__2025-03-10T20%3A00%3A00%2B00%3A00/tasks/python_principal?try_number=1'),","chan":"stdout","logger":"task"}
{"timestamp":"2025-07-29T20:10:19.841569Z","level":"info","event":" 'task_instance_key_str': '3_DAG_principal__python_principal__20250310',","chan":"stdout","logger":"task"}
{"timestamp":"2025-07-29T20:10:19.841675Z","level":"info","event":" 'task_reschedule_count': 0,","chan":"stdout","logger":"task"}
{"timestamp":"2025-07-29T20:10:19.841743Z","level":"info","event":" 'templates_dict': None,","chan":"stdout","logger":"task"}
{"timestamp":"2025-07-29T20:10:19.841812Z","level":"info","event":" 'ti': RuntimeTaskInstance(id=UUID('019857ce-a862-7935-950e-5ea9cab9ab97'), task_id='python_principal', dag_id='3_DAG_principal', run_id='scheduled__2025-03-10T20:00:00+00:00', try_number=1, map_index=-1, hostname='bf6f1e7a6f11', context_carrier={}, task=<Task(PythonOperator): python_principal>, bundle_instance=LocalDagBundle(name=dags-folder), max_tries=0, start_date=datetime.datetime(2025, 7, 29, 20, 10, 18, 948971, tzinfo=datetime.timezone.utc), end_date=None, state=<TaskInstanceState.RUNNING: 'running'>, is_mapped=False, rendered_map_index=None, log_url='http://localhost:8080/dags/3_DAG_principal/runs/scheduled__2025-03-10T20%3A00%3A00%2B00%3A00/tasks/python_principal?try_number=1'),","chan":"stdout","logger":"task"}
{"timestamp":"2025-07-29T20:10:19.841944Z","level":"info","event":" 'triggering_asset_events': TriggeringAssetEventsAccessor(_events=defaultdict(<class 'list'>, {})),","chan":"stdout","logger":"task"}
{"timestamp":"2025-07-29T20:10:19.842005Z","level":"info","event":" 'ts': '2025-03-10T20:00:00+00:00',","chan":"stdout","logger":"task"}
{"timestamp":"2025-07-29T20:10:19.842096Z","level":"info","event":" 'ts_nodash': '20250310T200000',","chan":"stdout","logger":"task"}
{"timestamp":"2025-07-29T20:10:19.842147Z","level":"info","event":" 'ts_nodash_with_tz': '20250310T200000+0000',","chan":"stdout","logger":"task"}
{"timestamp":"2025-07-29T20:10:19.842189Z","level":"info","event":" 'var': {'json': <VariableAccessor (dynamic access)>,","chan":"stdout","logger":"task"}
{"timestamp":"2025-07-29T20:10:19.842247Z","level":"info","event":"         'value': <VariableAccessor (dynamic access)>}}","chan":"stdout","logger":"task"}
{"timestamp":"2025-07-29T20:10:19.841260","level":"info","event":"Done. Returned value was: principal","logger":"airflow.task.operators.airflow.providers.standard.operators.python.PythonOperator"}
{"timestamp":"2025-07-29T20:10:19.841553","level":"info","event":"Pushing xcom","ti":"RuntimeTaskInstance(id=UUID('019857ce-a862-7935-950e-5ea9cab9ab97'), task_id='python_principal', dag_id='3_DAG_principal', run_id='scheduled__2025-03-10T20:00:00+00:00', try_number=1, map_index=-1, hostname='bf6f1e7a6f11', context_carrier={}, task=<Task(PythonOperator): python_principal>, bundle_instance=LocalDagBundle(name=dags-folder), max_tries=0, start_date=datetime.datetime(2025, 7, 29, 20, 10, 18, 948971, tzinfo=datetime.timezone.utc), end_date=None, state=<TaskInstanceState.RUNNING: 'running'>, is_mapped=False, rendered_map_index=None, log_url='http://localhost:8080/dags/3_DAG_principal/runs/scheduled__2025-03-10T20%3A00%3A00%2B00%3A00/tasks/python_principal?try_number=1')","logger":"task"}
{"timestamp":"2025-07-29T20:10:19.885649Z","level":"info","event":"Task instance in success state","chan":"stdout","logger":"task"}
{"timestamp":"2025-07-29T20:10:19.885888Z","level":"info","event":" Previous state of the Task instance: TaskInstanceState.RUNNING","chan":"stdout","logger":"task"}
{"timestamp":"2025-07-29T20:10:19.886048Z","level":"info","event":"Task operator:<Task(PythonOperator): python_principal>","chan":"stdout","logger":"task"}
