{"timestamp":"2025-07-29T20:03:32.840929","level":"info","event":"DAG bundles loaded: dags-folder, example_dags","logger":"airflow.dag_processing.bundles.manager.DagBundlesManager"}
{"timestamp":"2025-07-29T20:03:32.841482","level":"info","event":"Filling up the DagBag from /opt/airflow/dags/3_dag_principal.py","logger":"airflow.models.dagbag.DagBag"}
{"timestamp":"2025-07-29T20:03:32.876968Z","level":"info","event":"Task instance is in running state","chan":"stdout","logger":"task"}
{"timestamp":"2025-07-29T20:03:32.877178Z","level":"info","event":" Previous state of the Task instance: TaskInstanceState.QUEUED","chan":"stdout","logger":"task"}
{"timestamp":"2025-07-29T20:03:32.877294Z","level":"info","event":"Current task name:python_principal","chan":"stdout","logger":"task"}
{"timestamp":"2025-07-29T20:03:32.877354Z","level":"info","event":"Dag name:3_DAG_principal","chan":"stdout","logger":"task"}
{"timestamp":"2025-07-29T20:03:32.879013Z","level":"info","event":"DAG principal","chan":"stdout","logger":"task"}
{"timestamp":"2025-07-29T20:03:32.879814Z","level":"info","event":"{'conn': <ConnectionAccessor (dynamic access)>,","chan":"stdout","logger":"task"}
{"timestamp":"2025-07-29T20:03:32.879942Z","level":"info","event":" 'dag': <DAG: 3_DAG_principal>,","chan":"stdout","logger":"task"}
{"timestamp":"2025-07-29T20:03:32.880105Z","level":"info","event":" 'dag_run': DagRun(dag_id='3_DAG_principal', run_id='scheduled__2024-03-16T20:00:00+00:00', logical_date=datetime.datetime(2024, 3, 16, 20, 0, tzinfo=datetime.timezone.utc), data_interval_start=datetime.datetime(2024, 3, 16, 20, 0, tzinfo=datetime.timezone.utc), data_interval_end=datetime.datetime(2024, 3, 16, 20, 0, tzinfo=datetime.timezone.utc), run_after=datetime.datetime(2024, 3, 16, 20, 0, tzinfo=datetime.timezone.utc), start_date=datetime.datetime(2025, 7, 29, 20, 3, 31, 952655, tzinfo=datetime.timezone.utc), end_date=None, clear_number=0, run_type=<DagRunType.SCHEDULED: 'scheduled'>, conf={}, consumed_asset_events=[]),","chan":"stdout","logger":"task"}
{"timestamp":"2025-07-29T20:03:32.880221Z","level":"info","event":" 'data_interval_end': DateTime(2024, 3, 16, 20, 0, 0, tzinfo=Timezone('UTC')),","chan":"stdout","logger":"task"}
{"timestamp":"2025-07-29T20:03:32.880303Z","level":"info","event":" 'data_interval_start': DateTime(2024, 3, 16, 20, 0, 0, tzinfo=Timezone('UTC')),","chan":"stdout","logger":"task"}
{"timestamp":"2025-07-29T20:03:32.880374Z","level":"info","event":" 'ds': '2024-03-16',","chan":"stdout","logger":"task"}
{"timestamp":"2025-07-29T20:03:32.880438Z","level":"info","event":" 'ds_nodash': '20240316',","chan":"stdout","logger":"task"}
{"timestamp":"2025-07-29T20:03:32.880499Z","level":"info","event":" 'inlet_events': InletEventsAccessors(_inlets=[], _assets={}, _asset_aliases={}),","chan":"stdout","logger":"task"}
{"timestamp":"2025-07-29T20:03:32.880559Z","level":"info","event":" 'inlets': [],","chan":"stdout","logger":"task"}
{"timestamp":"2025-07-29T20:03:32.880651Z","level":"info","event":" 'logical_date': DateTime(2024, 3, 16, 20, 0, 0, tzinfo=Timezone('UTC')),","chan":"stdout","logger":"task"}
{"timestamp":"2025-07-29T20:03:32.880877Z","level":"info","event":" 'macros': <MacrosAccessor (dynamic access to macros)>,","chan":"stdout","logger":"task"}
{"timestamp":"2025-07-29T20:03:32.881029Z","level":"info","event":" 'map_index_template': None,","chan":"stdout","logger":"task"}
{"timestamp":"2025-07-29T20:03:32.881123Z","level":"info","event":" 'outlet_events': <airflow.sdk.execution_time.context.OutletEventAccessors object at 0x7fb677f0fa70>,","chan":"stdout","logger":"task"}
{"timestamp":"2025-07-29T20:03:32.881199Z","level":"info","event":" 'outlets': [],","chan":"stdout","logger":"task"}
{"timestamp":"2025-07-29T20:03:32.881270Z","level":"info","event":" 'params': {},","chan":"stdout","logger":"task"}
{"timestamp":"2025-07-29T20:03:32.904985Z","level":"info","event":" 'prev_data_interval_end_success': <Proxy at 0x7fb66fc0ec60 with factory <function RuntimeTaskInstance.get_template_context.<locals>.<lambda> at 0x7fb66fc2e480>>,","chan":"stdout","logger":"task"}
{"timestamp":"2025-07-29T20:03:32.905213Z","level":"info","event":" 'prev_data_interval_start_success': <Proxy at 0x7fb66fc0eba0 with factory <function RuntimeTaskInstance.get_template_context.<locals>.<lambda> at 0x7fb66fc2ccc0>>,","chan":"stdout","logger":"task"}
{"timestamp":"2025-07-29T20:03:32.905322Z","level":"info","event":" 'prev_end_date_success': <Proxy at 0x7fb66fc0ed80 with factory <function RuntimeTaskInstance.get_template_context.<locals>.<lambda> at 0x7fb66fc2e520>>,","chan":"stdout","logger":"task"}
{"timestamp":"2025-07-29T20:03:32.906802Z","level":"info","event":" 'prev_start_date_success': <Proxy at 0x7fb66fc0eea0 with factory <function RuntimeTaskInstance.get_template_context.<locals>.<lambda> at 0x7fb66fc2d260>>,","chan":"stdout","logger":"task"}
{"timestamp":"2025-07-29T20:03:32.906984Z","level":"info","event":" 'run_id': 'scheduled__2024-03-16T20:00:00+00:00',","chan":"stdout","logger":"task"}
{"timestamp":"2025-07-29T20:03:32.907083Z","level":"info","event":" 'task': <Task(PythonOperator): python_principal>,","chan":"stdout","logger":"task"}
{"timestamp":"2025-07-29T20:03:32.907168Z","level":"info","event":" 'task_instance': RuntimeTaskInstance(id=UUID('019857c8-75e0-7293-94ca-383d355ae270'), task_id='python_principal', dag_id='3_DAG_principal', run_id='scheduled__2024-03-16T20:00:00+00:00', try_number=1, map_index=-1, hostname='bf6f1e7a6f11', context_carrier={}, task=<Task(PythonOperator): python_principal>, bundle_instance=LocalDagBundle(name=dags-folder), max_tries=0, start_date=datetime.datetime(2025, 7, 29, 20, 3, 32, 189805, tzinfo=datetime.timezone.utc), end_date=None, state=<TaskInstanceState.RUNNING: 'running'>, is_mapped=False, rendered_map_index=None, log_url='http://localhost:8080/dags/3_DAG_principal/runs/scheduled__2024-03-16T20%3A00%3A00%2B00%3A00/tasks/python_principal?try_number=1'),","chan":"stdout","logger":"task"}
{"timestamp":"2025-07-29T20:03:32.907273Z","level":"info","event":" 'task_instance_key_str': '3_DAG_principal__python_principal__20240316',","chan":"stdout","logger":"task"}
{"timestamp":"2025-07-29T20:03:32.907361Z","level":"info","event":" 'task_reschedule_count': 0,","chan":"stdout","logger":"task"}
{"timestamp":"2025-07-29T20:03:32.907437Z","level":"info","event":" 'templates_dict': None,","chan":"stdout","logger":"task"}
{"timestamp":"2025-07-29T20:03:32.907512Z","level":"info","event":" 'ti': RuntimeTaskInstance(id=UUID('019857c8-75e0-7293-94ca-383d355ae270'), task_id='python_principal', dag_id='3_DAG_principal', run_id='scheduled__2024-03-16T20:00:00+00:00', try_number=1, map_index=-1, hostname='bf6f1e7a6f11', context_carrier={}, task=<Task(PythonOperator): python_principal>, bundle_instance=LocalDagBundle(name=dags-folder), max_tries=0, start_date=datetime.datetime(2025, 7, 29, 20, 3, 32, 189805, tzinfo=datetime.timezone.utc), end_date=None, state=<TaskInstanceState.RUNNING: 'running'>, is_mapped=False, rendered_map_index=None, log_url='http://localhost:8080/dags/3_DAG_principal/runs/scheduled__2024-03-16T20%3A00%3A00%2B00%3A00/tasks/python_principal?try_number=1'),","chan":"stdout","logger":"task"}
{"timestamp":"2025-07-29T20:03:32.907589Z","level":"info","event":" 'triggering_asset_events': TriggeringAssetEventsAccessor(_events=defaultdict(<class 'list'>, {})),","chan":"stdout","logger":"task"}
{"timestamp":"2025-07-29T20:03:32.909515Z","level":"info","event":" 'ts': '2024-03-16T20:00:00+00:00',","chan":"stdout","logger":"task"}
{"timestamp":"2025-07-29T20:03:32.909694Z","level":"info","event":" 'ts_nodash': '20240316T200000',","chan":"stdout","logger":"task"}
{"timestamp":"2025-07-29T20:03:32.909776Z","level":"info","event":" 'ts_nodash_with_tz': '20240316T200000+0000',","chan":"stdout","logger":"task"}
{"timestamp":"2025-07-29T20:03:32.909848Z","level":"info","event":" 'var': {'json': <VariableAccessor (dynamic access)>,","chan":"stdout","logger":"task"}
{"timestamp":"2025-07-29T20:03:32.909919Z","level":"info","event":"         'value': <VariableAccessor (dynamic access)>}}","chan":"stdout","logger":"task"}
{"timestamp":"2025-07-29T20:03:32.906276","level":"info","event":"Done. Returned value was: principal","logger":"airflow.task.operators.airflow.providers.standard.operators.python.PythonOperator"}
{"timestamp":"2025-07-29T20:03:32.906564","level":"info","event":"Pushing xcom","ti":"RuntimeTaskInstance(id=UUID('019857c8-75e0-7293-94ca-383d355ae270'), task_id='python_principal', dag_id='3_DAG_principal', run_id='scheduled__2024-03-16T20:00:00+00:00', try_number=1, map_index=-1, hostname='bf6f1e7a6f11', context_carrier={}, task=<Task(PythonOperator): python_principal>, bundle_instance=LocalDagBundle(name=dags-folder), max_tries=0, start_date=datetime.datetime(2025, 7, 29, 20, 3, 32, 189805, tzinfo=datetime.timezone.utc), end_date=None, state=<TaskInstanceState.RUNNING: 'running'>, is_mapped=False, rendered_map_index=None, log_url='http://localhost:8080/dags/3_DAG_principal/runs/scheduled__2024-03-16T20%3A00%3A00%2B00%3A00/tasks/python_principal?try_number=1')","logger":"task"}
{"timestamp":"2025-07-29T20:03:32.959399Z","level":"info","event":"Task instance in success state","chan":"stdout","logger":"task"}
{"timestamp":"2025-07-29T20:03:32.959723Z","level":"info","event":" Previous state of the Task instance: TaskInstanceState.RUNNING","chan":"stdout","logger":"task"}
{"timestamp":"2025-07-29T20:03:32.959939Z","level":"info","event":"Task operator:<Task(PythonOperator): python_principal>","chan":"stdout","logger":"task"}
