{"timestamp":"2025-07-29T19:26:25.423215","level":"info","event":"DAG bundles loaded: dags-folder, example_dags","logger":"airflow.dag_processing.bundles.manager.DagBundlesManager"}
{"timestamp":"2025-07-29T19:26:25.424151","level":"info","event":"Filling up the DagBag from /opt/airflow/dags/python_operator_v1.py","logger":"airflow.models.dagbag.DagBag"}
{"timestamp":"2025-07-29T19:26:25.467030Z","level":"info","event":"Task instance is in running state","chan":"stdout","logger":"task"}
{"timestamp":"2025-07-29T19:26:25.467199Z","level":"info","event":" Previous state of the Task instance: TaskInstanceState.QUEUED","chan":"stdout","logger":"task"}
{"timestamp":"2025-07-29T19:26:25.467810Z","level":"info","event":"Current task name:python","chan":"stdout","logger":"task"}
{"timestamp":"2025-07-29T19:26:25.467929Z","level":"info","event":"Dag name:python_operator_v1","chan":"stdout","logger":"task"}
{"timestamp":"2025-07-29T19:26:25.469262Z","level":"info","event":"poliana","chan":"stdout","logger":"task"}
{"timestamp":"2025-07-29T19:26:25.470186Z","level":"info","event":"{'conn': <ConnectionAccessor (dynamic access)>,","chan":"stdout","logger":"task"}
{"timestamp":"2025-07-29T19:26:25.470298Z","level":"info","event":" 'dag': <DAG: python_operator_v1>,","chan":"stdout","logger":"task"}
{"timestamp":"2025-07-29T19:26:25.470447Z","level":"info","event":" 'dag_run': DagRun(dag_id='python_operator_v1', run_id='scheduled__2023-06-23T02:24:00+00:00', logical_date=datetime.datetime(2023, 6, 23, 2, 24, tzinfo=datetime.timezone.utc), data_interval_start=datetime.datetime(2023, 6, 23, 2, 24, tzinfo=datetime.timezone.utc), data_interval_end=datetime.datetime(2023, 6, 23, 2, 24, tzinfo=datetime.timezone.utc), run_after=datetime.datetime(2023, 6, 23, 2, 24, tzinfo=datetime.timezone.utc), start_date=datetime.datetime(2025, 7, 29, 19, 26, 24, 707236, tzinfo=datetime.timezone.utc), end_date=None, clear_number=0, run_type=<DagRunType.SCHEDULED: 'scheduled'>, conf={}, consumed_asset_events=[]),","chan":"stdout","logger":"task"}
{"timestamp":"2025-07-29T19:26:25.470529Z","level":"info","event":" 'data_interval_end': DateTime(2023, 6, 23, 2, 24, 0, tzinfo=Timezone('UTC')),","chan":"stdout","logger":"task"}
{"timestamp":"2025-07-29T19:26:25.470601Z","level":"info","event":" 'data_interval_start': DateTime(2023, 6, 23, 2, 24, 0, tzinfo=Timezone('UTC')),","chan":"stdout","logger":"task"}
{"timestamp":"2025-07-29T19:26:25.470665Z","level":"info","event":" 'ds': '2023-06-23',","chan":"stdout","logger":"task"}
{"timestamp":"2025-07-29T19:26:25.470727Z","level":"info","event":" 'ds_nodash': '20230623',","chan":"stdout","logger":"task"}
{"timestamp":"2025-07-29T19:26:25.470788Z","level":"info","event":" 'inlet_events': InletEventsAccessors(_inlets=[], _assets={}, _asset_aliases={}),","chan":"stdout","logger":"task"}
{"timestamp":"2025-07-29T19:26:25.470847Z","level":"info","event":" 'inlets': [],","chan":"stdout","logger":"task"}
{"timestamp":"2025-07-29T19:26:25.470907Z","level":"info","event":" 'logical_date': DateTime(2023, 6, 23, 2, 24, 0, tzinfo=Timezone('UTC')),","chan":"stdout","logger":"task"}
{"timestamp":"2025-07-29T19:26:25.470968Z","level":"info","event":" 'macros': <MacrosAccessor (dynamic access to macros)>,","chan":"stdout","logger":"task"}
{"timestamp":"2025-07-29T19:26:25.471027Z","level":"info","event":" 'map_index_template': None,","chan":"stdout","logger":"task"}
{"timestamp":"2025-07-29T19:26:25.471088Z","level":"info","event":" 'outlet_events': <airflow.sdk.execution_time.context.OutletEventAccessors object at 0x7fb67cbdef60>,","chan":"stdout","logger":"task"}
{"timestamp":"2025-07-29T19:26:25.471149Z","level":"info","event":" 'outlets': [],","chan":"stdout","logger":"task"}
{"timestamp":"2025-07-29T19:26:25.471207Z","level":"info","event":" 'params': {},","chan":"stdout","logger":"task"}
{"timestamp":"2025-07-29T19:26:25.482864Z","level":"info","event":" 'prev_data_interval_end_success': <Proxy at 0x7fb66fc6cc50 with factory <function RuntimeTaskInstance.get_template_context.<locals>.<lambda> at 0x7fb66fc7c0e0>>,","chan":"stdout","logger":"task"}
{"timestamp":"2025-07-29T19:26:25.483054Z","level":"info","event":" 'prev_data_interval_start_success': <Proxy at 0x7fb66fc6cef0 with factory <function RuntimeTaskInstance.get_template_context.<locals>.<lambda> at 0x7fb66fc7d580>>,","chan":"stdout","logger":"task"}
{"timestamp":"2025-07-29T19:26:25.483126Z","level":"info","event":" 'prev_end_date_success': <Proxy at 0x7fb67ebbfe30 with factory <function RuntimeTaskInstance.get_template_context.<locals>.<lambda> at 0x7fb66fc7d620>>,","chan":"stdout","logger":"task"}
{"timestamp":"2025-07-29T19:26:25.483174Z","level":"info","event":" 'prev_start_date_success': <Proxy at 0x7fb677766300 with factory <function RuntimeTaskInstance.get_template_context.<locals>.<lambda> at 0x7fb66fc7c360>>,","chan":"stdout","logger":"task"}
{"timestamp":"2025-07-29T19:26:25.483218Z","level":"info","event":" 'run_id': 'scheduled__2023-06-23T02:24:00+00:00',","chan":"stdout","logger":"task"}
{"timestamp":"2025-07-29T19:26:25.483261Z","level":"info","event":" 'task': <Task(PythonOperator): python>,","chan":"stdout","logger":"task"}
{"timestamp":"2025-07-29T19:26:25.483355Z","level":"info","event":" 'task_instance': RuntimeTaskInstance(id=UUID('019857a6-79b2-7bb8-a9fa-198e07bfb7b8'), task_id='python', dag_id='python_operator_v1', run_id='scheduled__2023-06-23T02:24:00+00:00', try_number=1, map_index=-1, hostname='bf6f1e7a6f11', context_carrier={}, task=<Task(PythonOperator): python>, bundle_instance=LocalDagBundle(name=dags-folder), max_tries=0, start_date=datetime.datetime(2025, 7, 29, 19, 26, 24, 909841, tzinfo=datetime.timezone.utc), end_date=None, state=<TaskInstanceState.RUNNING: 'running'>, is_mapped=False, rendered_map_index=None, log_url='http://localhost:8080/dags/python_operator_v1/runs/scheduled__2023-06-23T02%3A24%3A00%2B00%3A00/tasks/python?try_number=1'),","chan":"stdout","logger":"task"}
{"timestamp":"2025-07-29T19:26:25.483409Z","level":"info","event":" 'task_instance_key_str': 'python_operator_v1__python__20230623',","chan":"stdout","logger":"task"}
{"timestamp":"2025-07-29T19:26:25.483453Z","level":"info","event":" 'task_reschedule_count': 0,","chan":"stdout","logger":"task"}
{"timestamp":"2025-07-29T19:26:25.483494Z","level":"info","event":" 'templates_dict': None,","chan":"stdout","logger":"task"}
{"timestamp":"2025-07-29T19:26:25.483537Z","level":"info","event":" 'ti': RuntimeTaskInstance(id=UUID('019857a6-79b2-7bb8-a9fa-198e07bfb7b8'), task_id='python', dag_id='python_operator_v1', run_id='scheduled__2023-06-23T02:24:00+00:00', try_number=1, map_index=-1, hostname='bf6f1e7a6f11', context_carrier={}, task=<Task(PythonOperator): python>, bundle_instance=LocalDagBundle(name=dags-folder), max_tries=0, start_date=datetime.datetime(2025, 7, 29, 19, 26, 24, 909841, tzinfo=datetime.timezone.utc), end_date=None, state=<TaskInstanceState.RUNNING: 'running'>, is_mapped=False, rendered_map_index=None, log_url='http://localhost:8080/dags/python_operator_v1/runs/scheduled__2023-06-23T02%3A24%3A00%2B00%3A00/tasks/python?try_number=1'),","chan":"stdout","logger":"task"}
{"timestamp":"2025-07-29T19:26:25.483580Z","level":"info","event":" 'triggering_asset_events': TriggeringAssetEventsAccessor(_events=defaultdict(<class 'list'>, {})),","chan":"stdout","logger":"task"}
{"timestamp":"2025-07-29T19:26:25.483621Z","level":"info","event":" 'ts': '2023-06-23T02:24:00+00:00',","chan":"stdout","logger":"task"}
{"timestamp":"2025-07-29T19:26:25.483660Z","level":"info","event":" 'ts_nodash': '20230623T022400',","chan":"stdout","logger":"task"}
{"timestamp":"2025-07-29T19:26:25.483700Z","level":"info","event":" 'ts_nodash_with_tz': '20230623T022400+0000',","chan":"stdout","logger":"task"}
{"timestamp":"2025-07-29T19:26:25.483740Z","level":"info","event":" 'var': {'json': <VariableAccessor (dynamic access)>,","chan":"stdout","logger":"task"}
{"timestamp":"2025-07-29T19:26:25.483780Z","level":"info","event":"         'value': <VariableAccessor (dynamic access)>}}","chan":"stdout","logger":"task"}
{"timestamp":"2025-07-29T19:26:25.483991","level":"info","event":"Done. Returned value was: 123","logger":"airflow.task.operators.airflow.providers.standard.operators.python.PythonOperator"}
{"timestamp":"2025-07-29T19:26:25.484280","level":"info","event":"Pushing xcom","ti":"RuntimeTaskInstance(id=UUID('019857a6-79b2-7bb8-a9fa-198e07bfb7b8'), task_id='python', dag_id='python_operator_v1', run_id='scheduled__2023-06-23T02:24:00+00:00', try_number=1, map_index=-1, hostname='bf6f1e7a6f11', context_carrier={}, task=<Task(PythonOperator): python>, bundle_instance=LocalDagBundle(name=dags-folder), max_tries=0, start_date=datetime.datetime(2025, 7, 29, 19, 26, 24, 909841, tzinfo=datetime.timezone.utc), end_date=None, state=<TaskInstanceState.RUNNING: 'running'>, is_mapped=False, rendered_map_index=None, log_url='http://localhost:8080/dags/python_operator_v1/runs/scheduled__2023-06-23T02%3A24%3A00%2B00%3A00/tasks/python?try_number=1')","logger":"task"}
{"timestamp":"2025-07-29T19:26:25.507938Z","level":"info","event":"Task instance in success state","chan":"stdout","logger":"task"}
{"timestamp":"2025-07-29T19:26:25.508076Z","level":"info","event":" Previous state of the Task instance: TaskInstanceState.RUNNING","chan":"stdout","logger":"task"}
{"timestamp":"2025-07-29T19:26:25.508183Z","level":"info","event":"Task operator:<Task(PythonOperator): python>","chan":"stdout","logger":"task"}
