{"timestamp":"2025-07-29T20:03:39.626688","level":"info","event":"DAG bundles loaded: dags-folder, example_dags","logger":"airflow.dag_processing.bundles.manager.DagBundlesManager"}
{"timestamp":"2025-07-29T20:03:39.627503","level":"info","event":"Filling up the DagBag from /opt/airflow/dags/2_python_operator_v1.py","logger":"airflow.models.dagbag.DagBag"}
{"timestamp":"2025-07-29T20:03:39.713908Z","level":"info","event":"Task instance is in running state","chan":"stdout","logger":"task"}
{"timestamp":"2025-07-29T20:03:39.714120Z","level":"info","event":" Previous state of the Task instance: TaskInstanceState.QUEUED","chan":"stdout","logger":"task"}
{"timestamp":"2025-07-29T20:03:39.714646Z","level":"info","event":"Current task name:python","chan":"stdout","logger":"task"}
{"timestamp":"2025-07-29T20:03:39.714753Z","level":"info","event":"Dag name:python_operator_v1","chan":"stdout","logger":"task"}
{"timestamp":"2025-07-29T20:03:39.715983Z","level":"info","event":"poliana","chan":"stdout","logger":"task"}
{"timestamp":"2025-07-29T20:03:39.716635Z","level":"info","event":"{'conn': <ConnectionAccessor (dynamic access)>,","chan":"stdout","logger":"task"}
{"timestamp":"2025-07-29T20:03:39.716780Z","level":"info","event":" 'dag': <DAG: python_operator_v1>,","chan":"stdout","logger":"task"}
{"timestamp":"2025-07-29T20:03:39.716918Z","level":"info","event":" 'dag_run': DagRun(dag_id='python_operator_v1', run_id='scheduled__2023-06-24T17:44:00+00:00', logical_date=datetime.datetime(2023, 6, 24, 17, 44, tzinfo=datetime.timezone.utc), data_interval_start=datetime.datetime(2023, 6, 24, 17, 44, tzinfo=datetime.timezone.utc), data_interval_end=datetime.datetime(2023, 6, 24, 17, 44, tzinfo=datetime.timezone.utc), run_after=datetime.datetime(2023, 6, 24, 17, 44, tzinfo=datetime.timezone.utc), start_date=datetime.datetime(2025, 7, 29, 20, 3, 38, 411489, tzinfo=datetime.timezone.utc), end_date=None, clear_number=0, run_type=<DagRunType.SCHEDULED: 'scheduled'>, conf={}, consumed_asset_events=[]),","chan":"stdout","logger":"task"}
{"timestamp":"2025-07-29T20:03:39.717030Z","level":"info","event":" 'data_interval_end': DateTime(2023, 6, 24, 17, 44, 0, tzinfo=Timezone('UTC')),","chan":"stdout","logger":"task"}
{"timestamp":"2025-07-29T20:03:39.717111Z","level":"info","event":" 'data_interval_start': DateTime(2023, 6, 24, 17, 44, 0, tzinfo=Timezone('UTC')),","chan":"stdout","logger":"task"}
{"timestamp":"2025-07-29T20:03:39.717183Z","level":"info","event":" 'ds': '2023-06-24',","chan":"stdout","logger":"task"}
{"timestamp":"2025-07-29T20:03:39.717256Z","level":"info","event":" 'ds_nodash': '20230624',","chan":"stdout","logger":"task"}
{"timestamp":"2025-07-29T20:03:39.717325Z","level":"info","event":" 'inlet_events': InletEventsAccessors(_inlets=[], _assets={}, _asset_aliases={}),","chan":"stdout","logger":"task"}
{"timestamp":"2025-07-29T20:03:39.717392Z","level":"info","event":" 'inlets': [],","chan":"stdout","logger":"task"}
{"timestamp":"2025-07-29T20:03:39.717462Z","level":"info","event":" 'logical_date': DateTime(2023, 6, 24, 17, 44, 0, tzinfo=Timezone('UTC')),","chan":"stdout","logger":"task"}
{"timestamp":"2025-07-29T20:03:39.717534Z","level":"info","event":" 'macros': <MacrosAccessor (dynamic access to macros)>,","chan":"stdout","logger":"task"}
{"timestamp":"2025-07-29T20:03:39.717608Z","level":"info","event":" 'map_index_template': None,","chan":"stdout","logger":"task"}
{"timestamp":"2025-07-29T20:03:39.717683Z","level":"info","event":" 'outlet_events': <airflow.sdk.execution_time.context.OutletEventAccessors object at 0x7fb67d36fa70>,","chan":"stdout","logger":"task"}
{"timestamp":"2025-07-29T20:03:39.717758Z","level":"info","event":" 'outlets': [],","chan":"stdout","logger":"task"}
{"timestamp":"2025-07-29T20:03:39.717824Z","level":"info","event":" 'params': {},","chan":"stdout","logger":"task"}
{"timestamp":"2025-07-29T20:03:39.729318Z","level":"info","event":" 'prev_data_interval_end_success': <Proxy at 0x7fb66fc0acf0 with factory <function RuntimeTaskInstance.get_template_context.<locals>.<lambda> at 0x7fb66fc31580>>,","chan":"stdout","logger":"task"}
{"timestamp":"2025-07-29T20:03:39.729608Z","level":"info","event":" 'prev_data_interval_start_success': <Proxy at 0x7fb66fc0ad50 with factory <function RuntimeTaskInstance.get_template_context.<locals>.<lambda> at 0x7fb66fc32ca0>>,","chan":"stdout","logger":"task"}
{"timestamp":"2025-07-29T20:03:39.729735Z","level":"info","event":" 'prev_end_date_success': <Proxy at 0x7fb66fc09370 with factory <function RuntimeTaskInstance.get_template_context.<locals>.<lambda> at 0x7fb66fc32d40>>,","chan":"stdout","logger":"task"}
{"timestamp":"2025-07-29T20:03:39.729850Z","level":"info","event":" 'prev_start_date_success': <Proxy at 0x7fb66fc0b0b0 with factory <function RuntimeTaskInstance.get_template_context.<locals>.<lambda> at 0x7fb66fc31a80>>,","chan":"stdout","logger":"task"}
{"timestamp":"2025-07-29T20:03:39.729935Z","level":"info","event":" 'run_id': 'scheduled__2023-06-24T17:44:00+00:00',","chan":"stdout","logger":"task"}
{"timestamp":"2025-07-29T20:03:39.730017Z","level":"info","event":" 'task': <Task(PythonOperator): python>,","chan":"stdout","logger":"task"}
{"timestamp":"2025-07-29T20:03:39.730111Z","level":"info","event":" 'task_instance': RuntimeTaskInstance(id=UUID('019857c8-8f17-77bc-865f-9e83738f3cc2'), task_id='python', dag_id='python_operator_v1', run_id='scheduled__2023-06-24T17:44:00+00:00', try_number=1, map_index=-1, hostname='bf6f1e7a6f11', context_carrier={}, task=<Task(PythonOperator): python>, bundle_instance=LocalDagBundle(name=dags-folder), max_tries=0, start_date=datetime.datetime(2025, 7, 29, 20, 3, 39, 2179, tzinfo=datetime.timezone.utc), end_date=None, state=<TaskInstanceState.RUNNING: 'running'>, is_mapped=False, rendered_map_index=None, log_url='http://localhost:8080/dags/python_operator_v1/runs/scheduled__2023-06-24T17%3A44%3A00%2B00%3A00/tasks/python?try_number=1'),","chan":"stdout","logger":"task"}
{"timestamp":"2025-07-29T20:03:39.730207Z","level":"info","event":" 'task_instance_key_str': 'python_operator_v1__python__20230624',","chan":"stdout","logger":"task"}
{"timestamp":"2025-07-29T20:03:39.730302Z","level":"info","event":" 'task_reschedule_count': 0,","chan":"stdout","logger":"task"}
{"timestamp":"2025-07-29T20:03:39.730389Z","level":"info","event":" 'templates_dict': None,","chan":"stdout","logger":"task"}
{"timestamp":"2025-07-29T20:03:39.730497Z","level":"info","event":" 'ti': RuntimeTaskInstance(id=UUID('019857c8-8f17-77bc-865f-9e83738f3cc2'), task_id='python', dag_id='python_operator_v1', run_id='scheduled__2023-06-24T17:44:00+00:00', try_number=1, map_index=-1, hostname='bf6f1e7a6f11', context_carrier={}, task=<Task(PythonOperator): python>, bundle_instance=LocalDagBundle(name=dags-folder), max_tries=0, start_date=datetime.datetime(2025, 7, 29, 20, 3, 39, 2179, tzinfo=datetime.timezone.utc), end_date=None, state=<TaskInstanceState.RUNNING: 'running'>, is_mapped=False, rendered_map_index=None, log_url='http://localhost:8080/dags/python_operator_v1/runs/scheduled__2023-06-24T17%3A44%3A00%2B00%3A00/tasks/python?try_number=1'),","chan":"stdout","logger":"task"}
{"timestamp":"2025-07-29T20:03:39.730650Z","level":"info","event":" 'triggering_asset_events': TriggeringAssetEventsAccessor(_events=defaultdict(<class 'list'>, {})),","chan":"stdout","logger":"task"}
{"timestamp":"2025-07-29T20:03:39.730780Z","level":"info","event":" 'ts': '2023-06-24T17:44:00+00:00',","chan":"stdout","logger":"task"}
{"timestamp":"2025-07-29T20:03:39.730911Z","level":"info","event":" 'ts_nodash': '20230624T174400',","chan":"stdout","logger":"task"}
{"timestamp":"2025-07-29T20:03:39.731040Z","level":"info","event":" 'ts_nodash_with_tz': '20230624T174400+0000',","chan":"stdout","logger":"task"}
{"timestamp":"2025-07-29T20:03:39.731127Z","level":"info","event":" 'var': {'json': <VariableAccessor (dynamic access)>,","chan":"stdout","logger":"task"}
{"timestamp":"2025-07-29T20:03:39.731211Z","level":"info","event":"         'value': <VariableAccessor (dynamic access)>}}","chan":"stdout","logger":"task"}
{"timestamp":"2025-07-29T20:03:39.730297","level":"info","event":"Done. Returned value was: 123","logger":"airflow.task.operators.airflow.providers.standard.operators.python.PythonOperator"}
{"timestamp":"2025-07-29T20:03:39.730555","level":"info","event":"Pushing xcom","ti":"RuntimeTaskInstance(id=UUID('019857c8-8f17-77bc-865f-9e83738f3cc2'), task_id='python', dag_id='python_operator_v1', run_id='scheduled__2023-06-24T17:44:00+00:00', try_number=1, map_index=-1, hostname='bf6f1e7a6f11', context_carrier={}, task=<Task(PythonOperator): python>, bundle_instance=LocalDagBundle(name=dags-folder), max_tries=0, start_date=datetime.datetime(2025, 7, 29, 20, 3, 39, 2179, tzinfo=datetime.timezone.utc), end_date=None, state=<TaskInstanceState.RUNNING: 'running'>, is_mapped=False, rendered_map_index=None, log_url='http://localhost:8080/dags/python_operator_v1/runs/scheduled__2023-06-24T17%3A44%3A00%2B00%3A00/tasks/python?try_number=1')","logger":"task"}
{"timestamp":"2025-07-29T20:03:39.760629Z","level":"info","event":"Task instance in success state","chan":"stdout","logger":"task"}
{"timestamp":"2025-07-29T20:03:39.760831Z","level":"info","event":" Previous state of the Task instance: TaskInstanceState.RUNNING","chan":"stdout","logger":"task"}
{"timestamp":"2025-07-29T20:03:39.761031Z","level":"info","event":"Task operator:<Task(PythonOperator): python>","chan":"stdout","logger":"task"}
