{"timestamp":"2025-07-29T20:11:05.559330","level":"info","event":"DAG bundles loaded: dags-folder, example_dags","logger":"airflow.dag_processing.bundles.manager.DagBundlesManager"}
{"timestamp":"2025-07-29T20:11:05.564622","level":"info","event":"Filling up the DagBag from /opt/airflow/dags/3_dag_principal.py","logger":"airflow.models.dagbag.DagBag"}
{"timestamp":"2025-07-29T20:11:05.783825Z","level":"info","event":"Task instance is in running state","chan":"stdout","logger":"task"}
{"timestamp":"2025-07-29T20:11:05.784249Z","level":"info","event":" Previous state of the Task instance: TaskInstanceState.QUEUED","chan":"stdout","logger":"task"}
{"timestamp":"2025-07-29T20:11:05.785016Z","level":"info","event":"Current task name:python_principal","chan":"stdout","logger":"task"}
{"timestamp":"2025-07-29T20:11:05.785244Z","level":"info","event":"Dag name:3_DAG_principal","chan":"stdout","logger":"task"}
{"timestamp":"2025-07-29T20:11:05.790242Z","level":"info","event":"DAG principal","chan":"stdout","logger":"task"}
{"timestamp":"2025-07-29T20:11:05.816719Z","level":"info","event":"{'conn': <ConnectionAccessor (dynamic access)>,","chan":"stdout","logger":"task"}
{"timestamp":"2025-07-29T20:11:05.816919Z","level":"info","event":" 'dag': <DAG: 3_DAG_principal>,","chan":"stdout","logger":"task"}
{"timestamp":"2025-07-29T20:11:05.817108Z","level":"info","event":" 'dag_run': DagRun(dag_id='3_DAG_principal', run_id='scheduled__2025-04-14T20:00:00+00:00', logical_date=datetime.datetime(2025, 4, 14, 20, 0, tzinfo=datetime.timezone.utc), data_interval_start=datetime.datetime(2025, 4, 14, 20, 0, tzinfo=datetime.timezone.utc), data_interval_end=datetime.datetime(2025, 4, 14, 20, 0, tzinfo=datetime.timezone.utc), run_after=datetime.datetime(2025, 4, 14, 20, 0, tzinfo=datetime.timezone.utc), start_date=datetime.datetime(2025, 7, 29, 20, 10, 56, 776235, tzinfo=datetime.timezone.utc), end_date=None, clear_number=0, run_type=<DagRunType.SCHEDULED: 'scheduled'>, conf={}, consumed_asset_events=[]),","chan":"stdout","logger":"task"}
{"timestamp":"2025-07-29T20:11:05.817228Z","level":"info","event":" 'data_interval_end': DateTime(2025, 4, 14, 20, 0, 0, tzinfo=Timezone('UTC')),","chan":"stdout","logger":"task"}
{"timestamp":"2025-07-29T20:11:05.817315Z","level":"info","event":" 'data_interval_start': DateTime(2025, 4, 14, 20, 0, 0, tzinfo=Timezone('UTC')),","chan":"stdout","logger":"task"}
{"timestamp":"2025-07-29T20:11:05.817391Z","level":"info","event":" 'ds': '2025-04-14',","chan":"stdout","logger":"task"}
{"timestamp":"2025-07-29T20:11:05.817462Z","level":"info","event":" 'ds_nodash': '20250414',","chan":"stdout","logger":"task"}
{"timestamp":"2025-07-29T20:11:05.817533Z","level":"info","event":" 'inlet_events': InletEventsAccessors(_inlets=[], _assets={}, _asset_aliases={}),","chan":"stdout","logger":"task"}
{"timestamp":"2025-07-29T20:11:05.817607Z","level":"info","event":" 'inlets': [],","chan":"stdout","logger":"task"}
{"timestamp":"2025-07-29T20:11:05.817677Z","level":"info","event":" 'logical_date': DateTime(2025, 4, 14, 20, 0, 0, tzinfo=Timezone('UTC')),","chan":"stdout","logger":"task"}
{"timestamp":"2025-07-29T20:11:05.817745Z","level":"info","event":" 'macros': <MacrosAccessor (dynamic access to macros)>,","chan":"stdout","logger":"task"}
{"timestamp":"2025-07-29T20:11:05.817812Z","level":"info","event":" 'map_index_template': None,","chan":"stdout","logger":"task"}
{"timestamp":"2025-07-29T20:11:05.817882Z","level":"info","event":" 'outlet_events': <airflow.sdk.execution_time.context.OutletEventAccessors object at 0x7fb67b724a10>,","chan":"stdout","logger":"task"}
{"timestamp":"2025-07-29T20:11:05.817951Z","level":"info","event":" 'outlets': [],","chan":"stdout","logger":"task"}
{"timestamp":"2025-07-29T20:11:05.818020Z","level":"info","event":" 'params': {},","chan":"stdout","logger":"task"}
{"timestamp":"2025-07-29T20:11:05.830014Z","level":"info","event":" 'prev_data_interval_end_success': <Proxy at 0x7fb66fc1d400 with factory <function RuntimeTaskInstance.get_template_context.<locals>.<lambda> at 0x7fb66fc33ec0>>,","chan":"stdout","logger":"task"}
{"timestamp":"2025-07-29T20:11:05.830319Z","level":"info","event":" 'prev_data_interval_start_success': <Proxy at 0x7fb66fc1d340 with factory <function RuntimeTaskInstance.get_template_context.<locals>.<lambda> at 0x7fb66fc32840>>,","chan":"stdout","logger":"task"}
{"timestamp":"2025-07-29T20:11:05.830467Z","level":"info","event":" 'prev_end_date_success': <Proxy at 0x7fb66fc1d760 with factory <function RuntimeTaskInstance.get_template_context.<locals>.<lambda> at 0x7fb66fc33f60>>,","chan":"stdout","logger":"task"}
{"timestamp":"2025-07-29T20:11:05.830561Z","level":"info","event":" 'prev_start_date_success': <Proxy at 0x7fb66fdfbb30 with factory <function RuntimeTaskInstance.get_template_context.<locals>.<lambda> at 0x7fb66fc32de0>>,","chan":"stdout","logger":"task"}
{"timestamp":"2025-07-29T20:11:05.830646Z","level":"info","event":" 'run_id': 'scheduled__2025-04-14T20:00:00+00:00',","chan":"stdout","logger":"task"}
{"timestamp":"2025-07-29T20:11:05.830733Z","level":"info","event":" 'task': <Task(PythonOperator): python_principal>,","chan":"stdout","logger":"task"}
{"timestamp":"2025-07-29T20:11:05.830819Z","level":"info","event":" 'task_instance': RuntimeTaskInstance(id=UUID('019857cf-3f3d-7772-9a5d-257ccf3f5756'), task_id='python_principal', dag_id='3_DAG_principal', run_id='scheduled__2025-04-14T20:00:00+00:00', try_number=1, map_index=-1, hostname='bf6f1e7a6f11', context_carrier={}, task=<Task(PythonOperator): python_principal>, bundle_instance=LocalDagBundle(name=dags-folder), max_tries=0, start_date=datetime.datetime(2025, 7, 29, 20, 11, 2, 77195, tzinfo=datetime.timezone.utc), end_date=None, state=<TaskInstanceState.RUNNING: 'running'>, is_mapped=False, rendered_map_index=None, log_url='http://localhost:8080/dags/3_DAG_principal/runs/scheduled__2025-04-14T20%3A00%3A00%2B00%3A00/tasks/python_principal?try_number=1'),","chan":"stdout","logger":"task"}
{"timestamp":"2025-07-29T20:11:05.830981Z","level":"info","event":" 'task_instance_key_str': '3_DAG_principal__python_principal__20250414',","chan":"stdout","logger":"task"}
{"timestamp":"2025-07-29T20:11:05.831079Z","level":"info","event":" 'task_reschedule_count': 0,","chan":"stdout","logger":"task"}
{"timestamp":"2025-07-29T20:11:05.831165Z","level":"info","event":" 'templates_dict': None,","chan":"stdout","logger":"task"}
{"timestamp":"2025-07-29T20:11:05.831328Z","level":"info","event":" 'ti': RuntimeTaskInstance(id=UUID('019857cf-3f3d-7772-9a5d-257ccf3f5756'), task_id='python_principal', dag_id='3_DAG_principal', run_id='scheduled__2025-04-14T20:00:00+00:00', try_number=1, map_index=-1, hostname='bf6f1e7a6f11', context_carrier={}, task=<Task(PythonOperator): python_principal>, bundle_instance=LocalDagBundle(name=dags-folder), max_tries=0, start_date=datetime.datetime(2025, 7, 29, 20, 11, 2, 77195, tzinfo=datetime.timezone.utc), end_date=None, state=<TaskInstanceState.RUNNING: 'running'>, is_mapped=False, rendered_map_index=None, log_url='http://localhost:8080/dags/3_DAG_principal/runs/scheduled__2025-04-14T20%3A00%3A00%2B00%3A00/tasks/python_principal?try_number=1'),","chan":"stdout","logger":"task"}
{"timestamp":"2025-07-29T20:11:05.831454Z","level":"info","event":" 'triggering_asset_events': TriggeringAssetEventsAccessor(_events=defaultdict(<class 'list'>, {})),","chan":"stdout","logger":"task"}
{"timestamp":"2025-07-29T20:11:05.831580Z","level":"info","event":" 'ts': '2025-04-14T20:00:00+00:00',","chan":"stdout","logger":"task"}
{"timestamp":"2025-07-29T20:11:05.831652Z","level":"info","event":" 'ts_nodash': '20250414T200000',","chan":"stdout","logger":"task"}
{"timestamp":"2025-07-29T20:11:05.831714Z","level":"info","event":" 'ts_nodash_with_tz': '20250414T200000+0000',","chan":"stdout","logger":"task"}
{"timestamp":"2025-07-29T20:11:05.831773Z","level":"info","event":" 'var': {'json': <VariableAccessor (dynamic access)>,","chan":"stdout","logger":"task"}
{"timestamp":"2025-07-29T20:11:05.831834Z","level":"info","event":"         'value': <VariableAccessor (dynamic access)>}}","chan":"stdout","logger":"task"}
{"timestamp":"2025-07-29T20:11:05.830664","level":"info","event":"Done. Returned value was: principal","logger":"airflow.task.operators.airflow.providers.standard.operators.python.PythonOperator"}
{"timestamp":"2025-07-29T20:11:05.831635","level":"info","event":"Pushing xcom","ti":"RuntimeTaskInstance(id=UUID('019857cf-3f3d-7772-9a5d-257ccf3f5756'), task_id='python_principal', dag_id='3_DAG_principal', run_id='scheduled__2025-04-14T20:00:00+00:00', try_number=1, map_index=-1, hostname='bf6f1e7a6f11', context_carrier={}, task=<Task(PythonOperator): python_principal>, bundle_instance=LocalDagBundle(name=dags-folder), max_tries=0, start_date=datetime.datetime(2025, 7, 29, 20, 11, 2, 77195, tzinfo=datetime.timezone.utc), end_date=None, state=<TaskInstanceState.RUNNING: 'running'>, is_mapped=False, rendered_map_index=None, log_url='http://localhost:8080/dags/3_DAG_principal/runs/scheduled__2025-04-14T20%3A00%3A00%2B00%3A00/tasks/python_principal?try_number=1')","logger":"task"}
{"timestamp":"2025-07-29T20:11:06.019426Z","level":"info","event":"Task instance in success state","chan":"stdout","logger":"task"}
{"timestamp":"2025-07-29T20:11:06.019583Z","level":"info","event":" Previous state of the Task instance: TaskInstanceState.RUNNING","chan":"stdout","logger":"task"}
{"timestamp":"2025-07-29T20:11:06.019732Z","level":"info","event":"Task operator:<Task(PythonOperator): python_principal>","chan":"stdout","logger":"task"}
