{"timestamp":"2025-07-29T19:55:57.152448","level":"info","event":"DAG bundles loaded: dags-folder, example_dags","logger":"airflow.dag_processing.bundles.manager.DagBundlesManager"}
{"timestamp":"2025-07-29T19:55:57.155521","level":"info","event":"Filling up the DagBag from /opt/airflow/dags/2_python_operator_v1.py","logger":"airflow.models.dagbag.DagBag"}
{"timestamp":"2025-07-29T19:55:57.188529Z","level":"info","event":"Task instance is in running state","chan":"stdout","logger":"task"}
{"timestamp":"2025-07-29T19:55:57.188716Z","level":"info","event":" Previous state of the Task instance: TaskInstanceState.QUEUED","chan":"stdout","logger":"task"}
{"timestamp":"2025-07-29T19:55:57.189143Z","level":"info","event":"Current task name:python","chan":"stdout","logger":"task"}
{"timestamp":"2025-07-29T19:55:57.189233Z","level":"info","event":"Dag name:python_operator_v1","chan":"stdout","logger":"task"}
{"timestamp":"2025-07-29T19:55:57.190153Z","level":"info","event":"poliana","chan":"stdout","logger":"task"}
{"timestamp":"2025-07-29T19:55:57.190708Z","level":"info","event":"{'conn': <ConnectionAccessor (dynamic access)>,","chan":"stdout","logger":"task"}
{"timestamp":"2025-07-29T19:55:57.190818Z","level":"info","event":" 'dag': <DAG: python_operator_v1>,","chan":"stdout","logger":"task"}
{"timestamp":"2025-07-29T19:55:57.190900Z","level":"info","event":" 'dag_run': DagRun(dag_id='python_operator_v1', run_id='scheduled__2023-06-24T10:22:00+00:00', logical_date=datetime.datetime(2023, 6, 24, 10, 22, tzinfo=datetime.timezone.utc), data_interval_start=datetime.datetime(2023, 6, 24, 10, 22, tzinfo=datetime.timezone.utc), data_interval_end=datetime.datetime(2023, 6, 24, 10, 22, tzinfo=datetime.timezone.utc), run_after=datetime.datetime(2023, 6, 24, 10, 22, tzinfo=datetime.timezone.utc), start_date=datetime.datetime(2025, 7, 29, 19, 55, 55, 498083, tzinfo=datetime.timezone.utc), end_date=None, clear_number=0, run_type=<DagRunType.SCHEDULED: 'scheduled'>, conf={}, consumed_asset_events=[]),","chan":"stdout","logger":"task"}
{"timestamp":"2025-07-29T19:55:57.190964Z","level":"info","event":" 'data_interval_end': DateTime(2023, 6, 24, 10, 22, 0, tzinfo=Timezone('UTC')),","chan":"stdout","logger":"task"}
{"timestamp":"2025-07-29T19:55:57.191010Z","level":"info","event":" 'data_interval_start': DateTime(2023, 6, 24, 10, 22, 0, tzinfo=Timezone('UTC')),","chan":"stdout","logger":"task"}
{"timestamp":"2025-07-29T19:55:57.191052Z","level":"info","event":" 'ds': '2023-06-24',","chan":"stdout","logger":"task"}
{"timestamp":"2025-07-29T19:55:57.191093Z","level":"info","event":" 'ds_nodash': '20230624',","chan":"stdout","logger":"task"}
{"timestamp":"2025-07-29T19:55:57.191135Z","level":"info","event":" 'inlet_events': InletEventsAccessors(_inlets=[], _assets={}, _asset_aliases={}),","chan":"stdout","logger":"task"}
{"timestamp":"2025-07-29T19:55:57.191176Z","level":"info","event":" 'inlets': [],","chan":"stdout","logger":"task"}
{"timestamp":"2025-07-29T19:55:57.191247Z","level":"info","event":" 'logical_date': DateTime(2023, 6, 24, 10, 22, 0, tzinfo=Timezone('UTC')),","chan":"stdout","logger":"task"}
{"timestamp":"2025-07-29T19:55:57.191297Z","level":"info","event":" 'macros': <MacrosAccessor (dynamic access to macros)>,","chan":"stdout","logger":"task"}
{"timestamp":"2025-07-29T19:55:57.191339Z","level":"info","event":" 'map_index_template': None,","chan":"stdout","logger":"task"}
{"timestamp":"2025-07-29T19:55:57.191379Z","level":"info","event":" 'outlet_events': <airflow.sdk.execution_time.context.OutletEventAccessors object at 0x7fb67b574d40>,","chan":"stdout","logger":"task"}
{"timestamp":"2025-07-29T19:55:57.191419Z","level":"info","event":" 'outlets': [],","chan":"stdout","logger":"task"}
{"timestamp":"2025-07-29T19:55:57.191466Z","level":"info","event":" 'params': {},","chan":"stdout","logger":"task"}
{"timestamp":"2025-07-29T19:55:57.201475Z","level":"info","event":" 'prev_data_interval_end_success': <Proxy at 0x7fb66fc24080 with factory <function RuntimeTaskInstance.get_template_context.<locals>.<lambda> at 0x7fb66fc15760>>,","chan":"stdout","logger":"task"}
{"timestamp":"2025-07-29T19:55:57.201717Z","level":"info","event":" 'prev_data_interval_start_success': <Proxy at 0x7fb66fc240e0 with factory <function RuntimeTaskInstance.get_template_context.<locals>.<lambda> at 0x7fb66fc16e80>>,","chan":"stdout","logger":"task"}
{"timestamp":"2025-07-29T19:55:57.201811Z","level":"info","event":" 'prev_end_date_success': <Proxy at 0x7fb66fc243e0 with factory <function RuntimeTaskInstance.get_template_context.<locals>.<lambda> at 0x7fb66fc16f20>>,","chan":"stdout","logger":"task"}
{"timestamp":"2025-07-29T19:55:57.201874Z","level":"info","event":" 'prev_start_date_success': <Proxy at 0x7fb67851fa40 with factory <function RuntimeTaskInstance.get_template_context.<locals>.<lambda> at 0x7fb66fc15c60>>,","chan":"stdout","logger":"task"}
{"timestamp":"2025-07-29T19:55:57.201926Z","level":"info","event":" 'run_id': 'scheduled__2023-06-24T10:22:00+00:00',","chan":"stdout","logger":"task"}
{"timestamp":"2025-07-29T19:55:57.201979Z","level":"info","event":" 'task': <Task(PythonOperator): python>,","chan":"stdout","logger":"task"}
{"timestamp":"2025-07-29T19:55:57.202031Z","level":"info","event":" 'task_instance': RuntimeTaskInstance(id=UUID('019857c1-7ede-76ea-ac91-f5c717a7e6c3'), task_id='python', dag_id='python_operator_v1', run_id='scheduled__2023-06-24T10:22:00+00:00', try_number=1, map_index=-1, hostname='bf6f1e7a6f11', context_carrier={}, task=<Task(PythonOperator): python>, bundle_instance=LocalDagBundle(name=dags-folder), max_tries=0, start_date=datetime.datetime(2025, 7, 29, 19, 55, 56, 673779, tzinfo=datetime.timezone.utc), end_date=None, state=<TaskInstanceState.RUNNING: 'running'>, is_mapped=False, rendered_map_index=None, log_url='http://localhost:8080/dags/python_operator_v1/runs/scheduled__2023-06-24T10%3A22%3A00%2B00%3A00/tasks/python?try_number=1'),","chan":"stdout","logger":"task"}
{"timestamp":"2025-07-29T19:55:57.202081Z","level":"info","event":" 'task_instance_key_str': 'python_operator_v1__python__20230624',","chan":"stdout","logger":"task"}
{"timestamp":"2025-07-29T19:55:57.202125Z","level":"info","event":" 'task_reschedule_count': 0,","chan":"stdout","logger":"task"}
{"timestamp":"2025-07-29T19:55:57.202166Z","level":"info","event":" 'templates_dict': None,","chan":"stdout","logger":"task"}
{"timestamp":"2025-07-29T19:55:57.202246Z","level":"info","event":" 'ti': RuntimeTaskInstance(id=UUID('019857c1-7ede-76ea-ac91-f5c717a7e6c3'), task_id='python', dag_id='python_operator_v1', run_id='scheduled__2023-06-24T10:22:00+00:00', try_number=1, map_index=-1, hostname='bf6f1e7a6f11', context_carrier={}, task=<Task(PythonOperator): python>, bundle_instance=LocalDagBundle(name=dags-folder), max_tries=0, start_date=datetime.datetime(2025, 7, 29, 19, 55, 56, 673779, tzinfo=datetime.timezone.utc), end_date=None, state=<TaskInstanceState.RUNNING: 'running'>, is_mapped=False, rendered_map_index=None, log_url='http://localhost:8080/dags/python_operator_v1/runs/scheduled__2023-06-24T10%3A22%3A00%2B00%3A00/tasks/python?try_number=1'),","chan":"stdout","logger":"task"}
{"timestamp":"2025-07-29T19:55:57.202336Z","level":"info","event":" 'triggering_asset_events': TriggeringAssetEventsAccessor(_events=defaultdict(<class 'list'>, {})),","chan":"stdout","logger":"task"}
{"timestamp":"2025-07-29T19:55:57.202392Z","level":"info","event":" 'ts': '2023-06-24T10:22:00+00:00',","chan":"stdout","logger":"task"}
{"timestamp":"2025-07-29T19:55:57.202435Z","level":"info","event":" 'ts_nodash': '20230624T102200',","chan":"stdout","logger":"task"}
{"timestamp":"2025-07-29T19:55:57.202476Z","level":"info","event":" 'ts_nodash_with_tz': '20230624T102200+0000',","chan":"stdout","logger":"task"}
{"timestamp":"2025-07-29T19:55:57.202517Z","level":"info","event":" 'var': {'json': <VariableAccessor (dynamic access)>,","chan":"stdout","logger":"task"}
{"timestamp":"2025-07-29T19:55:57.202558Z","level":"info","event":"         'value': <VariableAccessor (dynamic access)>}}","chan":"stdout","logger":"task"}
{"timestamp":"2025-07-29T19:55:57.202464","level":"info","event":"Done. Returned value was: 123","logger":"airflow.task.operators.airflow.providers.standard.operators.python.PythonOperator"}
{"timestamp":"2025-07-29T19:55:57.202699","level":"info","event":"Pushing xcom","ti":"RuntimeTaskInstance(id=UUID('019857c1-7ede-76ea-ac91-f5c717a7e6c3'), task_id='python', dag_id='python_operator_v1', run_id='scheduled__2023-06-24T10:22:00+00:00', try_number=1, map_index=-1, hostname='bf6f1e7a6f11', context_carrier={}, task=<Task(PythonOperator): python>, bundle_instance=LocalDagBundle(name=dags-folder), max_tries=0, start_date=datetime.datetime(2025, 7, 29, 19, 55, 56, 673779, tzinfo=datetime.timezone.utc), end_date=None, state=<TaskInstanceState.RUNNING: 'running'>, is_mapped=False, rendered_map_index=None, log_url='http://localhost:8080/dags/python_operator_v1/runs/scheduled__2023-06-24T10%3A22%3A00%2B00%3A00/tasks/python?try_number=1')","logger":"task"}
{"timestamp":"2025-07-29T19:55:57.226526Z","level":"info","event":"Task instance in success state","chan":"stdout","logger":"task"}
{"timestamp":"2025-07-29T19:55:57.226658Z","level":"info","event":" Previous state of the Task instance: TaskInstanceState.RUNNING","chan":"stdout","logger":"task"}
{"timestamp":"2025-07-29T19:55:57.226766Z","level":"info","event":"Task operator:<Task(PythonOperator): python>","chan":"stdout","logger":"task"}
