{"timestamp":"2025-07-29T19:56:07.310911","level":"info","event":"DAG bundles loaded: dags-folder, example_dags","logger":"airflow.dag_processing.bundles.manager.DagBundlesManager"}
{"timestamp":"2025-07-29T19:56:07.311645","level":"info","event":"Filling up the DagBag from /opt/airflow/dags/2_python_operator_v1.py","logger":"airflow.models.dagbag.DagBag"}
{"timestamp":"2025-07-29T19:56:07.353725Z","level":"info","event":"Task instance is in running state","chan":"stdout","logger":"task"}
{"timestamp":"2025-07-29T19:56:07.353929Z","level":"info","event":" Previous state of the Task instance: TaskInstanceState.QUEUED","chan":"stdout","logger":"task"}
{"timestamp":"2025-07-29T19:56:07.354318Z","level":"info","event":"Current task name:python","chan":"stdout","logger":"task"}
{"timestamp":"2025-07-29T19:56:07.354405Z","level":"info","event":"Dag name:python_operator_v1","chan":"stdout","logger":"task"}
{"timestamp":"2025-07-29T19:56:07.355374Z","level":"info","event":"poliana","chan":"stdout","logger":"task"}
{"timestamp":"2025-07-29T19:56:07.355932Z","level":"info","event":"{'conn': <ConnectionAccessor (dynamic access)>,","chan":"stdout","logger":"task"}
{"timestamp":"2025-07-29T19:56:07.356013Z","level":"info","event":" 'dag': <DAG: python_operator_v1>,","chan":"stdout","logger":"task"}
{"timestamp":"2025-07-29T19:56:07.356104Z","level":"info","event":" 'dag_run': DagRun(dag_id='python_operator_v1', run_id='scheduled__2023-06-24T10:27:00+00:00', logical_date=datetime.datetime(2023, 6, 24, 10, 27, tzinfo=datetime.timezone.utc), data_interval_start=datetime.datetime(2023, 6, 24, 10, 27, tzinfo=datetime.timezone.utc), data_interval_end=datetime.datetime(2023, 6, 24, 10, 27, tzinfo=datetime.timezone.utc), run_after=datetime.datetime(2023, 6, 24, 10, 27, tzinfo=datetime.timezone.utc), start_date=datetime.datetime(2025, 7, 29, 19, 56, 2, 820308, tzinfo=datetime.timezone.utc), end_date=None, clear_number=0, run_type=<DagRunType.SCHEDULED: 'scheduled'>, conf={}, consumed_asset_events=[]),","chan":"stdout","logger":"task"}
{"timestamp":"2025-07-29T19:56:07.356183Z","level":"info","event":" 'data_interval_end': DateTime(2023, 6, 24, 10, 27, 0, tzinfo=Timezone('UTC')),","chan":"stdout","logger":"task"}
{"timestamp":"2025-07-29T19:56:07.356251Z","level":"info","event":" 'data_interval_start': DateTime(2023, 6, 24, 10, 27, 0, tzinfo=Timezone('UTC')),","chan":"stdout","logger":"task"}
{"timestamp":"2025-07-29T19:56:07.356294Z","level":"info","event":" 'ds': '2023-06-24',","chan":"stdout","logger":"task"}
{"timestamp":"2025-07-29T19:56:07.356336Z","level":"info","event":" 'ds_nodash': '20230624',","chan":"stdout","logger":"task"}
{"timestamp":"2025-07-29T19:56:07.356376Z","level":"info","event":" 'inlet_events': InletEventsAccessors(_inlets=[], _assets={}, _asset_aliases={}),","chan":"stdout","logger":"task"}
{"timestamp":"2025-07-29T19:56:07.356416Z","level":"info","event":" 'inlets': [],","chan":"stdout","logger":"task"}
{"timestamp":"2025-07-29T19:56:07.356457Z","level":"info","event":" 'logical_date': DateTime(2023, 6, 24, 10, 27, 0, tzinfo=Timezone('UTC')),","chan":"stdout","logger":"task"}
{"timestamp":"2025-07-29T19:56:07.356496Z","level":"info","event":" 'macros': <MacrosAccessor (dynamic access to macros)>,","chan":"stdout","logger":"task"}
{"timestamp":"2025-07-29T19:56:07.356536Z","level":"info","event":" 'map_index_template': None,","chan":"stdout","logger":"task"}
{"timestamp":"2025-07-29T19:56:07.356576Z","level":"info","event":" 'outlet_events': <airflow.sdk.execution_time.context.OutletEventAccessors object at 0x7fb66fdb7a70>,","chan":"stdout","logger":"task"}
{"timestamp":"2025-07-29T19:56:07.356617Z","level":"info","event":" 'outlets': [],","chan":"stdout","logger":"task"}
{"timestamp":"2025-07-29T19:56:07.356656Z","level":"info","event":" 'params': {},","chan":"stdout","logger":"task"}
{"timestamp":"2025-07-29T19:56:07.368705Z","level":"info","event":" 'prev_data_interval_end_success': <Proxy at 0x7fb66fc283e0 with factory <function RuntimeTaskInstance.get_template_context.<locals>.<lambda> at 0x7fb66fc19e40>>,","chan":"stdout","logger":"task"}
{"timestamp":"2025-07-29T19:56:07.368986Z","level":"info","event":" 'prev_data_interval_start_success': <Proxy at 0x7fb67ea74ef0 with factory <function RuntimeTaskInstance.get_template_context.<locals>.<lambda> at 0x7fb66fc1b560>>,","chan":"stdout","logger":"task"}
{"timestamp":"2025-07-29T19:56:07.369114Z","level":"info","event":" 'prev_end_date_success': <Proxy at 0x7fb67796ec90 with factory <function RuntimeTaskInstance.get_template_context.<locals>.<lambda> at 0x7fb66fc1b600>>,","chan":"stdout","logger":"task"}
{"timestamp":"2025-07-29T19:56:07.369231Z","level":"info","event":" 'prev_start_date_success': <Proxy at 0x7fb67796e750 with factory <function RuntimeTaskInstance.get_template_context.<locals>.<lambda> at 0x7fb66fc1a340>>,","chan":"stdout","logger":"task"}
{"timestamp":"2025-07-29T19:56:07.369315Z","level":"info","event":" 'run_id': 'scheduled__2023-06-24T10:27:00+00:00',","chan":"stdout","logger":"task"}
{"timestamp":"2025-07-29T19:56:07.369393Z","level":"info","event":" 'task': <Task(PythonOperator): python>,","chan":"stdout","logger":"task"}
{"timestamp":"2025-07-29T19:56:07.369467Z","level":"info","event":" 'task_instance': RuntimeTaskInstance(id=UUID('019857c1-9b75-7dc0-a6a6-c77877ba86f2'), task_id='python', dag_id='python_operator_v1', run_id='scheduled__2023-06-24T10:27:00+00:00', try_number=1, map_index=-1, hostname='bf6f1e7a6f11', context_carrier={}, task=<Task(PythonOperator): python>, bundle_instance=LocalDagBundle(name=dags-folder), max_tries=0, start_date=datetime.datetime(2025, 7, 29, 19, 56, 6, 723118, tzinfo=datetime.timezone.utc), end_date=None, state=<TaskInstanceState.RUNNING: 'running'>, is_mapped=False, rendered_map_index=None, log_url='http://localhost:8080/dags/python_operator_v1/runs/scheduled__2023-06-24T10%3A27%3A00%2B00%3A00/tasks/python?try_number=1'),","chan":"stdout","logger":"task"}
{"timestamp":"2025-07-29T19:56:07.369543Z","level":"info","event":" 'task_instance_key_str': 'python_operator_v1__python__20230624',","chan":"stdout","logger":"task"}
{"timestamp":"2025-07-29T19:56:07.369615Z","level":"info","event":" 'task_reschedule_count': 0,","chan":"stdout","logger":"task"}
{"timestamp":"2025-07-29T19:56:07.369688Z","level":"info","event":" 'templates_dict': None,","chan":"stdout","logger":"task"}
{"timestamp":"2025-07-29T19:56:07.369772Z","level":"info","event":" 'ti': RuntimeTaskInstance(id=UUID('019857c1-9b75-7dc0-a6a6-c77877ba86f2'), task_id='python', dag_id='python_operator_v1', run_id='scheduled__2023-06-24T10:27:00+00:00', try_number=1, map_index=-1, hostname='bf6f1e7a6f11', context_carrier={}, task=<Task(PythonOperator): python>, bundle_instance=LocalDagBundle(name=dags-folder), max_tries=0, start_date=datetime.datetime(2025, 7, 29, 19, 56, 6, 723118, tzinfo=datetime.timezone.utc), end_date=None, state=<TaskInstanceState.RUNNING: 'running'>, is_mapped=False, rendered_map_index=None, log_url='http://localhost:8080/dags/python_operator_v1/runs/scheduled__2023-06-24T10%3A27%3A00%2B00%3A00/tasks/python?try_number=1'),","chan":"stdout","logger":"task"}
{"timestamp":"2025-07-29T19:56:07.369870Z","level":"info","event":" 'triggering_asset_events': TriggeringAssetEventsAccessor(_events=defaultdict(<class 'list'>, {})),","chan":"stdout","logger":"task"}
{"timestamp":"2025-07-29T19:56:07.369944Z","level":"info","event":" 'ts': '2023-06-24T10:27:00+00:00',","chan":"stdout","logger":"task"}
{"timestamp":"2025-07-29T19:56:07.370031Z","level":"info","event":" 'ts_nodash': '20230624T102700',","chan":"stdout","logger":"task"}
{"timestamp":"2025-07-29T19:56:07.370102Z","level":"info","event":" 'ts_nodash_with_tz': '20230624T102700+0000',","chan":"stdout","logger":"task"}
{"timestamp":"2025-07-29T19:56:07.370191Z","level":"info","event":" 'var': {'json': <VariableAccessor (dynamic access)>,","chan":"stdout","logger":"task"}
{"timestamp":"2025-07-29T19:56:07.370343Z","level":"info","event":"         'value': <VariableAccessor (dynamic access)>}}","chan":"stdout","logger":"task"}
{"timestamp":"2025-07-29T19:56:07.369455","level":"info","event":"Done. Returned value was: 123","logger":"airflow.task.operators.airflow.providers.standard.operators.python.PythonOperator"}
{"timestamp":"2025-07-29T19:56:07.369646","level":"info","event":"Pushing xcom","ti":"RuntimeTaskInstance(id=UUID('019857c1-9b75-7dc0-a6a6-c77877ba86f2'), task_id='python', dag_id='python_operator_v1', run_id='scheduled__2023-06-24T10:27:00+00:00', try_number=1, map_index=-1, hostname='bf6f1e7a6f11', context_carrier={}, task=<Task(PythonOperator): python>, bundle_instance=LocalDagBundle(name=dags-folder), max_tries=0, start_date=datetime.datetime(2025, 7, 29, 19, 56, 6, 723118, tzinfo=datetime.timezone.utc), end_date=None, state=<TaskInstanceState.RUNNING: 'running'>, is_mapped=False, rendered_map_index=None, log_url='http://localhost:8080/dags/python_operator_v1/runs/scheduled__2023-06-24T10%3A27%3A00%2B00%3A00/tasks/python?try_number=1')","logger":"task"}
{"timestamp":"2025-07-29T19:56:07.399660Z","level":"info","event":"Task instance in success state","chan":"stdout","logger":"task"}
{"timestamp":"2025-07-29T19:56:07.399836Z","level":"info","event":" Previous state of the Task instance: TaskInstanceState.RUNNING","chan":"stdout","logger":"task"}
{"timestamp":"2025-07-29T19:56:07.400084Z","level":"info","event":"Task operator:<Task(PythonOperator): python>","chan":"stdout","logger":"task"}
