{"timestamp":"2025-07-29T19:38:02.571706","level":"info","event":"DAG bundles loaded: dags-folder, example_dags","logger":"airflow.dag_processing.bundles.manager.DagBundlesManager"}
{"timestamp":"2025-07-29T19:38:02.572158","level":"info","event":"Filling up the DagBag from /opt/airflow/dags/python_operator_v1.py","logger":"airflow.models.dagbag.DagBag"}
{"timestamp":"2025-07-29T19:38:02.599171Z","level":"info","event":"Task instance is in running state","chan":"stdout","logger":"task"}
{"timestamp":"2025-07-29T19:38:02.599319Z","level":"info","event":" Previous state of the Task instance: TaskInstanceState.QUEUED","chan":"stdout","logger":"task"}
{"timestamp":"2025-07-29T19:38:02.599734Z","level":"info","event":"Current task name:python","chan":"stdout","logger":"task"}
{"timestamp":"2025-07-29T19:38:02.599832Z","level":"info","event":"Dag name:python_operator_v1","chan":"stdout","logger":"task"}
{"timestamp":"2025-07-29T19:38:02.600734Z","level":"info","event":"poliana","chan":"stdout","logger":"task"}
{"timestamp":"2025-07-29T19:38:02.601291Z","level":"info","event":"{'conn': <ConnectionAccessor (dynamic access)>,","chan":"stdout","logger":"task"}
{"timestamp":"2025-07-29T19:38:02.601385Z","level":"info","event":" 'dag': <DAG: python_operator_v1>,","chan":"stdout","logger":"task"}
{"timestamp":"2025-07-29T19:38:02.601488Z","level":"info","event":" 'dag_run': DagRun(dag_id='python_operator_v1', run_id='scheduled__2023-06-23T15:09:00+00:00', logical_date=datetime.datetime(2023, 6, 23, 15, 9, tzinfo=datetime.timezone.utc), data_interval_start=datetime.datetime(2023, 6, 23, 15, 9, tzinfo=datetime.timezone.utc), data_interval_end=datetime.datetime(2023, 6, 23, 15, 9, tzinfo=datetime.timezone.utc), run_after=datetime.datetime(2023, 6, 23, 15, 9, tzinfo=datetime.timezone.utc), start_date=datetime.datetime(2025, 7, 29, 19, 38, 1, 778503, tzinfo=datetime.timezone.utc), end_date=None, clear_number=0, run_type=<DagRunType.SCHEDULED: 'scheduled'>, conf={}, consumed_asset_events=[]),","chan":"stdout","logger":"task"}
{"timestamp":"2025-07-29T19:38:02.601546Z","level":"info","event":" 'data_interval_end': DateTime(2023, 6, 23, 15, 9, 0, tzinfo=Timezone('UTC')),","chan":"stdout","logger":"task"}
{"timestamp":"2025-07-29T19:38:02.601598Z","level":"info","event":" 'data_interval_start': DateTime(2023, 6, 23, 15, 9, 0, tzinfo=Timezone('UTC')),","chan":"stdout","logger":"task"}
{"timestamp":"2025-07-29T19:38:02.601654Z","level":"info","event":" 'ds': '2023-06-23',","chan":"stdout","logger":"task"}
{"timestamp":"2025-07-29T19:38:02.601698Z","level":"info","event":" 'ds_nodash': '20230623',","chan":"stdout","logger":"task"}
{"timestamp":"2025-07-29T19:38:02.601740Z","level":"info","event":" 'inlet_events': InletEventsAccessors(_inlets=[], _assets={}, _asset_aliases={}),","chan":"stdout","logger":"task"}
{"timestamp":"2025-07-29T19:38:02.601781Z","level":"info","event":" 'inlets': [],","chan":"stdout","logger":"task"}
{"timestamp":"2025-07-29T19:38:02.601821Z","level":"info","event":" 'logical_date': DateTime(2023, 6, 23, 15, 9, 0, tzinfo=Timezone('UTC')),","chan":"stdout","logger":"task"}
{"timestamp":"2025-07-29T19:38:02.601862Z","level":"info","event":" 'macros': <MacrosAccessor (dynamic access to macros)>,","chan":"stdout","logger":"task"}
{"timestamp":"2025-07-29T19:38:02.601902Z","level":"info","event":" 'map_index_template': None,","chan":"stdout","logger":"task"}
{"timestamp":"2025-07-29T19:38:02.601943Z","level":"info","event":" 'outlet_events': <airflow.sdk.execution_time.context.OutletEventAccessors object at 0x7fb677f07f20>,","chan":"stdout","logger":"task"}
{"timestamp":"2025-07-29T19:38:02.601984Z","level":"info","event":" 'outlets': [],","chan":"stdout","logger":"task"}
{"timestamp":"2025-07-29T19:38:02.602056Z","level":"info","event":" 'params': {},","chan":"stdout","logger":"task"}
{"timestamp":"2025-07-29T19:38:02.610096Z","level":"info","event":" 'prev_data_interval_end_success': <Proxy at 0x7fb66fc92840 with factory <function RuntimeTaskInstance.get_template_context.<locals>.<lambda> at 0x7fb66fcacf40>>,","chan":"stdout","logger":"task"}
{"timestamp":"2025-07-29T19:38:02.610292Z","level":"info","event":" 'prev_data_interval_start_success': <Proxy at 0x7fb66fc92870 with factory <function RuntimeTaskInstance.get_template_context.<locals>.<lambda> at 0x7fb66fcae660>>,","chan":"stdout","logger":"task"}
{"timestamp":"2025-07-29T19:38:02.610402Z","level":"info","event":" 'prev_end_date_success': <Proxy at 0x7fb66fc926f0 with factory <function RuntimeTaskInstance.get_template_context.<locals>.<lambda> at 0x7fb66fcae700>>,","chan":"stdout","logger":"task"}
{"timestamp":"2025-07-29T19:38:02.610458Z","level":"info","event":" 'prev_start_date_success': <Proxy at 0x7fb66fc92c30 with factory <function RuntimeTaskInstance.get_template_context.<locals>.<lambda> at 0x7fb66fcad440>>,","chan":"stdout","logger":"task"}
{"timestamp":"2025-07-29T19:38:02.610505Z","level":"info","event":" 'run_id': 'scheduled__2023-06-23T15:09:00+00:00',","chan":"stdout","logger":"task"}
{"timestamp":"2025-07-29T19:38:02.610548Z","level":"info","event":" 'task': <Task(PythonOperator): python>,","chan":"stdout","logger":"task"}
{"timestamp":"2025-07-29T19:38:02.610593Z","level":"info","event":" 'task_instance': RuntimeTaskInstance(id=UUID('019857b1-1cad-7c4c-9617-7af2e1ab6280'), task_id='python', dag_id='python_operator_v1', run_id='scheduled__2023-06-23T15:09:00+00:00', try_number=1, map_index=-1, hostname='bf6f1e7a6f11', context_carrier={}, task=<Task(PythonOperator): python>, bundle_instance=LocalDagBundle(name=dags-folder), max_tries=0, start_date=datetime.datetime(2025, 7, 29, 19, 38, 2, 103958, tzinfo=datetime.timezone.utc), end_date=None, state=<TaskInstanceState.RUNNING: 'running'>, is_mapped=False, rendered_map_index=None, log_url='http://localhost:8080/dags/python_operator_v1/runs/scheduled__2023-06-23T15%3A09%3A00%2B00%3A00/tasks/python?try_number=1'),","chan":"stdout","logger":"task"}
{"timestamp":"2025-07-29T19:38:02.610637Z","level":"info","event":" 'task_instance_key_str': 'python_operator_v1__python__20230623',","chan":"stdout","logger":"task"}
{"timestamp":"2025-07-29T19:38:02.610679Z","level":"info","event":" 'task_reschedule_count': 0,","chan":"stdout","logger":"task"}
{"timestamp":"2025-07-29T19:38:02.610722Z","level":"info","event":" 'templates_dict': None,","chan":"stdout","logger":"task"}
{"timestamp":"2025-07-29T19:38:02.610766Z","level":"info","event":" 'ti': RuntimeTaskInstance(id=UUID('019857b1-1cad-7c4c-9617-7af2e1ab6280'), task_id='python', dag_id='python_operator_v1', run_id='scheduled__2023-06-23T15:09:00+00:00', try_number=1, map_index=-1, hostname='bf6f1e7a6f11', context_carrier={}, task=<Task(PythonOperator): python>, bundle_instance=LocalDagBundle(name=dags-folder), max_tries=0, start_date=datetime.datetime(2025, 7, 29, 19, 38, 2, 103958, tzinfo=datetime.timezone.utc), end_date=None, state=<TaskInstanceState.RUNNING: 'running'>, is_mapped=False, rendered_map_index=None, log_url='http://localhost:8080/dags/python_operator_v1/runs/scheduled__2023-06-23T15%3A09%3A00%2B00%3A00/tasks/python?try_number=1'),","chan":"stdout","logger":"task"}
{"timestamp":"2025-07-29T19:38:02.610808Z","level":"info","event":" 'triggering_asset_events': TriggeringAssetEventsAccessor(_events=defaultdict(<class 'list'>, {})),","chan":"stdout","logger":"task"}
{"timestamp":"2025-07-29T19:38:02.610849Z","level":"info","event":" 'ts': '2023-06-23T15:09:00+00:00',","chan":"stdout","logger":"task"}
{"timestamp":"2025-07-29T19:38:02.610889Z","level":"info","event":" 'ts_nodash': '20230623T150900',","chan":"stdout","logger":"task"}
{"timestamp":"2025-07-29T19:38:02.610930Z","level":"info","event":" 'ts_nodash_with_tz': '20230623T150900+0000',","chan":"stdout","logger":"task"}
{"timestamp":"2025-07-29T19:38:02.610970Z","level":"info","event":" 'var': {'json': <VariableAccessor (dynamic access)>,","chan":"stdout","logger":"task"}
{"timestamp":"2025-07-29T19:38:02.611011Z","level":"info","event":"         'value': <VariableAccessor (dynamic access)>}}","chan":"stdout","logger":"task"}
{"timestamp":"2025-07-29T19:38:02.610791","level":"info","event":"Done. Returned value was: 123","logger":"airflow.task.operators.airflow.providers.standard.operators.python.PythonOperator"}
{"timestamp":"2025-07-29T19:38:02.610955","level":"info","event":"Pushing xcom","ti":"RuntimeTaskInstance(id=UUID('019857b1-1cad-7c4c-9617-7af2e1ab6280'), task_id='python', dag_id='python_operator_v1', run_id='scheduled__2023-06-23T15:09:00+00:00', try_number=1, map_index=-1, hostname='bf6f1e7a6f11', context_carrier={}, task=<Task(PythonOperator): python>, bundle_instance=LocalDagBundle(name=dags-folder), max_tries=0, start_date=datetime.datetime(2025, 7, 29, 19, 38, 2, 103958, tzinfo=datetime.timezone.utc), end_date=None, state=<TaskInstanceState.RUNNING: 'running'>, is_mapped=False, rendered_map_index=None, log_url='http://localhost:8080/dags/python_operator_v1/runs/scheduled__2023-06-23T15%3A09%3A00%2B00%3A00/tasks/python?try_number=1')","logger":"task"}
{"timestamp":"2025-07-29T19:38:02.631966Z","level":"info","event":"Task instance in success state","chan":"stdout","logger":"task"}
{"timestamp":"2025-07-29T19:38:02.632121Z","level":"info","event":" Previous state of the Task instance: TaskInstanceState.RUNNING","chan":"stdout","logger":"task"}
{"timestamp":"2025-07-29T19:38:02.632220Z","level":"info","event":"Task operator:<Task(PythonOperator): python>","chan":"stdout","logger":"task"}
