{"timestamp":"2025-07-29T19:26:33.959003","level":"info","event":"DAG bundles loaded: dags-folder, example_dags","logger":"airflow.dag_processing.bundles.manager.DagBundlesManager"}
{"timestamp":"2025-07-29T19:26:33.959537","level":"info","event":"Filling up the DagBag from /opt/airflow/dags/python_operator_v1.py","logger":"airflow.models.dagbag.DagBag"}
{"timestamp":"2025-07-29T19:26:33.991204Z","level":"info","event":"Task instance is in running state","chan":"stdout","logger":"task"}
{"timestamp":"2025-07-29T19:26:33.991443Z","level":"info","event":" Previous state of the Task instance: TaskInstanceState.QUEUED","chan":"stdout","logger":"task"}
{"timestamp":"2025-07-29T19:26:33.991880Z","level":"info","event":"Current task name:python","chan":"stdout","logger":"task"}
{"timestamp":"2025-07-29T19:26:33.992020Z","level":"info","event":"Dag name:python_operator_v1","chan":"stdout","logger":"task"}
{"timestamp":"2025-07-29T19:26:33.993234Z","level":"info","event":"poliana","chan":"stdout","logger":"task"}
{"timestamp":"2025-07-29T19:26:33.994097Z","level":"info","event":"{'conn': <ConnectionAccessor (dynamic access)>,","chan":"stdout","logger":"task"}
{"timestamp":"2025-07-29T19:26:33.994255Z","level":"info","event":" 'dag': <DAG: python_operator_v1>,","chan":"stdout","logger":"task"}
{"timestamp":"2025-07-29T19:26:33.994414Z","level":"info","event":" 'dag_run': DagRun(dag_id='python_operator_v1', run_id='scheduled__2023-06-23T02:37:00+00:00', logical_date=datetime.datetime(2023, 6, 23, 2, 37, tzinfo=datetime.timezone.utc), data_interval_start=datetime.datetime(2023, 6, 23, 2, 37, tzinfo=datetime.timezone.utc), data_interval_end=datetime.datetime(2023, 6, 23, 2, 37, tzinfo=datetime.timezone.utc), run_after=datetime.datetime(2023, 6, 23, 2, 37, tzinfo=datetime.timezone.utc), start_date=datetime.datetime(2025, 7, 29, 19, 26, 33, 52386, tzinfo=datetime.timezone.utc), end_date=None, clear_number=0, run_type=<DagRunType.SCHEDULED: 'scheduled'>, conf={}, consumed_asset_events=[]),","chan":"stdout","logger":"task"}
{"timestamp":"2025-07-29T19:26:33.994527Z","level":"info","event":" 'data_interval_end': DateTime(2023, 6, 23, 2, 37, 0, tzinfo=Timezone('UTC')),","chan":"stdout","logger":"task"}
{"timestamp":"2025-07-29T19:26:33.994601Z","level":"info","event":" 'data_interval_start': DateTime(2023, 6, 23, 2, 37, 0, tzinfo=Timezone('UTC')),","chan":"stdout","logger":"task"}
{"timestamp":"2025-07-29T19:26:33.994660Z","level":"info","event":" 'ds': '2023-06-23',","chan":"stdout","logger":"task"}
{"timestamp":"2025-07-29T19:26:33.994721Z","level":"info","event":" 'ds_nodash': '20230623',","chan":"stdout","logger":"task"}
{"timestamp":"2025-07-29T19:26:33.994789Z","level":"info","event":" 'inlet_events': InletEventsAccessors(_inlets=[], _assets={}, _asset_aliases={}),","chan":"stdout","logger":"task"}
{"timestamp":"2025-07-29T19:26:33.994836Z","level":"info","event":" 'inlets': [],","chan":"stdout","logger":"task"}
{"timestamp":"2025-07-29T19:26:33.994879Z","level":"info","event":" 'logical_date': DateTime(2023, 6, 23, 2, 37, 0, tzinfo=Timezone('UTC')),","chan":"stdout","logger":"task"}
{"timestamp":"2025-07-29T19:26:33.994941Z","level":"info","event":" 'macros': <MacrosAccessor (dynamic access to macros)>,","chan":"stdout","logger":"task"}
{"timestamp":"2025-07-29T19:26:33.995009Z","level":"info","event":" 'map_index_template': None,","chan":"stdout","logger":"task"}
{"timestamp":"2025-07-29T19:26:33.995070Z","level":"info","event":" 'outlet_events': <airflow.sdk.execution_time.context.OutletEventAccessors object at 0x7fb677fd7a70>,","chan":"stdout","logger":"task"}
{"timestamp":"2025-07-29T19:26:33.995124Z","level":"info","event":" 'outlets': [],","chan":"stdout","logger":"task"}
{"timestamp":"2025-07-29T19:26:33.995167Z","level":"info","event":" 'params': {},","chan":"stdout","logger":"task"}
{"timestamp":"2025-07-29T19:26:34.037129Z","level":"info","event":" 'prev_data_interval_end_success': <Proxy at 0x7fb66fc2e7b0 with factory <function RuntimeTaskInstance.get_template_context.<locals>.<lambda> at 0x7fb66fc605e0>>,","chan":"stdout","logger":"task"}
{"timestamp":"2025-07-29T19:26:34.037338Z","level":"info","event":" 'prev_data_interval_start_success': <Proxy at 0x7fb66fc2f5c0 with factory <function RuntimeTaskInstance.get_template_context.<locals>.<lambda> at 0x7fb66fc4f420>>,","chan":"stdout","logger":"task"}
{"timestamp":"2025-07-29T19:26:34.037414Z","level":"info","event":" 'prev_end_date_success': <Proxy at 0x7fb66fc2daf0 with factory <function RuntimeTaskInstance.get_template_context.<locals>.<lambda> at 0x7fb66fc4ede0>>,","chan":"stdout","logger":"task"}
{"timestamp":"2025-07-29T19:26:34.037516Z","level":"info","event":" 'prev_start_date_success': <Proxy at 0x7fb66fdfe990 with factory <function RuntimeTaskInstance.get_template_context.<locals>.<lambda> at 0x7fb66fc4f2e0>>,","chan":"stdout","logger":"task"}
{"timestamp":"2025-07-29T19:26:34.037615Z","level":"info","event":" 'run_id': 'scheduled__2023-06-23T02:37:00+00:00',","chan":"stdout","logger":"task"}
{"timestamp":"2025-07-29T19:26:34.037664Z","level":"info","event":" 'task': <Task(PythonOperator): python>,","chan":"stdout","logger":"task"}
{"timestamp":"2025-07-29T19:26:34.037710Z","level":"info","event":" 'task_instance': RuntimeTaskInstance(id=UUID('019857a6-9a56-78bd-8f7c-2753c7421d77'), task_id='python', dag_id='python_operator_v1', run_id='scheduled__2023-06-23T02:37:00+00:00', try_number=1, map_index=-1, hostname='bf6f1e7a6f11', context_carrier={}, task=<Task(PythonOperator): python>, bundle_instance=LocalDagBundle(name=dags-folder), max_tries=0, start_date=datetime.datetime(2025, 7, 29, 19, 26, 33, 389335, tzinfo=datetime.timezone.utc), end_date=None, state=<TaskInstanceState.RUNNING: 'running'>, is_mapped=False, rendered_map_index=None, log_url='http://localhost:8080/dags/python_operator_v1/runs/scheduled__2023-06-23T02%3A37%3A00%2B00%3A00/tasks/python?try_number=1'),","chan":"stdout","logger":"task"}
{"timestamp":"2025-07-29T19:26:34.037755Z","level":"info","event":" 'task_instance_key_str': 'python_operator_v1__python__20230623',","chan":"stdout","logger":"task"}
{"timestamp":"2025-07-29T19:26:34.037799Z","level":"info","event":" 'task_reschedule_count': 0,","chan":"stdout","logger":"task"}
{"timestamp":"2025-07-29T19:26:34.037841Z","level":"info","event":" 'templates_dict': None,","chan":"stdout","logger":"task"}
{"timestamp":"2025-07-29T19:26:34.037882Z","level":"info","event":" 'ti': RuntimeTaskInstance(id=UUID('019857a6-9a56-78bd-8f7c-2753c7421d77'), task_id='python', dag_id='python_operator_v1', run_id='scheduled__2023-06-23T02:37:00+00:00', try_number=1, map_index=-1, hostname='bf6f1e7a6f11', context_carrier={}, task=<Task(PythonOperator): python>, bundle_instance=LocalDagBundle(name=dags-folder), max_tries=0, start_date=datetime.datetime(2025, 7, 29, 19, 26, 33, 389335, tzinfo=datetime.timezone.utc), end_date=None, state=<TaskInstanceState.RUNNING: 'running'>, is_mapped=False, rendered_map_index=None, log_url='http://localhost:8080/dags/python_operator_v1/runs/scheduled__2023-06-23T02%3A37%3A00%2B00%3A00/tasks/python?try_number=1'),","chan":"stdout","logger":"task"}
{"timestamp":"2025-07-29T19:26:34.037990Z","level":"info","event":" 'triggering_asset_events': TriggeringAssetEventsAccessor(_events=defaultdict(<class 'list'>, {})),","chan":"stdout","logger":"task"}
{"timestamp":"2025-07-29T19:26:34.038044Z","level":"info","event":" 'ts': '2023-06-23T02:37:00+00:00',","chan":"stdout","logger":"task"}
{"timestamp":"2025-07-29T19:26:34.038086Z","level":"info","event":" 'ts_nodash': '20230623T023700',","chan":"stdout","logger":"task"}
{"timestamp":"2025-07-29T19:26:34.038132Z","level":"info","event":" 'ts_nodash_with_tz': '20230623T023700+0000',","chan":"stdout","logger":"task"}
{"timestamp":"2025-07-29T19:26:34.038174Z","level":"info","event":" 'var': {'json': <VariableAccessor (dynamic access)>,","chan":"stdout","logger":"task"}
{"timestamp":"2025-07-29T19:26:34.038214Z","level":"info","event":"         'value': <VariableAccessor (dynamic access)>}}","chan":"stdout","logger":"task"}
{"timestamp":"2025-07-29T19:26:34.037887","level":"info","event":"Done. Returned value was: 123","logger":"airflow.task.operators.airflow.providers.standard.operators.python.PythonOperator"}
{"timestamp":"2025-07-29T19:26:34.038089","level":"info","event":"Pushing xcom","ti":"RuntimeTaskInstance(id=UUID('019857a6-9a56-78bd-8f7c-2753c7421d77'), task_id='python', dag_id='python_operator_v1', run_id='scheduled__2023-06-23T02:37:00+00:00', try_number=1, map_index=-1, hostname='bf6f1e7a6f11', context_carrier={}, task=<Task(PythonOperator): python>, bundle_instance=LocalDagBundle(name=dags-folder), max_tries=0, start_date=datetime.datetime(2025, 7, 29, 19, 26, 33, 389335, tzinfo=datetime.timezone.utc), end_date=None, state=<TaskInstanceState.RUNNING: 'running'>, is_mapped=False, rendered_map_index=None, log_url='http://localhost:8080/dags/python_operator_v1/runs/scheduled__2023-06-23T02%3A37%3A00%2B00%3A00/tasks/python?try_number=1')","logger":"task"}
{"timestamp":"2025-07-29T19:26:34.061315Z","level":"info","event":"Task instance in success state","chan":"stdout","logger":"task"}
{"timestamp":"2025-07-29T19:26:34.061465Z","level":"info","event":" Previous state of the Task instance: TaskInstanceState.RUNNING","chan":"stdout","logger":"task"}
{"timestamp":"2025-07-29T19:26:34.061641Z","level":"info","event":"Task operator:<Task(PythonOperator): python>","chan":"stdout","logger":"task"}
