{"timestamp":"2025-07-29T20:02:14.858795","level":"info","event":"DAG bundles loaded: dags-folder, example_dags","logger":"airflow.dag_processing.bundles.manager.DagBundlesManager"}
{"timestamp":"2025-07-29T20:02:14.859595","level":"info","event":"Filling up the DagBag from /opt/airflow/dags/3_dag_principal.py","logger":"airflow.models.dagbag.DagBag"}
{"timestamp":"2025-07-29T20:02:14.926166Z","level":"info","event":"Task instance is in running state","chan":"stdout","logger":"task"}
{"timestamp":"2025-07-29T20:02:14.926478Z","level":"info","event":" Previous state of the Task instance: TaskInstanceState.QUEUED","chan":"stdout","logger":"task"}
{"timestamp":"2025-07-29T20:02:14.927458Z","level":"info","event":"Current task name:python_principal","chan":"stdout","logger":"task"}
{"timestamp":"2025-07-29T20:02:14.927655Z","level":"info","event":"Dag name:3_DAG_principal","chan":"stdout","logger":"task"}
{"timestamp":"2025-07-29T20:02:14.929144Z","level":"info","event":"DAG principal","chan":"stdout","logger":"task"}
{"timestamp":"2025-07-29T20:02:14.930346Z","level":"info","event":"{'conn': <ConnectionAccessor (dynamic access)>,","chan":"stdout","logger":"task"}
{"timestamp":"2025-07-29T20:02:14.930630Z","level":"info","event":" 'dag': <DAG: 3_DAG_principal>,","chan":"stdout","logger":"task"}
{"timestamp":"2025-07-29T20:02:14.930884Z","level":"info","event":" 'dag_run': DagRun(dag_id='3_DAG_principal', run_id='scheduled__2024-01-01T20:00:00+00:00', logical_date=datetime.datetime(2024, 1, 1, 20, 0, tzinfo=datetime.timezone.utc), data_interval_start=datetime.datetime(2024, 1, 1, 20, 0, tzinfo=datetime.timezone.utc), data_interval_end=datetime.datetime(2024, 1, 1, 20, 0, tzinfo=datetime.timezone.utc), run_after=datetime.datetime(2024, 1, 1, 20, 0, tzinfo=datetime.timezone.utc), start_date=datetime.datetime(2025, 7, 29, 20, 2, 13, 586509, tzinfo=datetime.timezone.utc), end_date=None, clear_number=0, run_type=<DagRunType.SCHEDULED: 'scheduled'>, conf={}, consumed_asset_events=[]),","chan":"stdout","logger":"task"}
{"timestamp":"2025-07-29T20:02:14.931027Z","level":"info","event":" 'data_interval_end': DateTime(2024, 1, 1, 20, 0, 0, tzinfo=Timezone('UTC')),","chan":"stdout","logger":"task"}
{"timestamp":"2025-07-29T20:02:14.931118Z","level":"info","event":" 'data_interval_start': DateTime(2024, 1, 1, 20, 0, 0, tzinfo=Timezone('UTC')),","chan":"stdout","logger":"task"}
{"timestamp":"2025-07-29T20:02:14.931189Z","level":"info","event":" 'ds': '2024-01-01',","chan":"stdout","logger":"task"}
{"timestamp":"2025-07-29T20:02:14.931258Z","level":"info","event":" 'ds_nodash': '20240101',","chan":"stdout","logger":"task"}
{"timestamp":"2025-07-29T20:02:14.931329Z","level":"info","event":" 'inlet_events': InletEventsAccessors(_inlets=[], _assets={}, _asset_aliases={}),","chan":"stdout","logger":"task"}
{"timestamp":"2025-07-29T20:02:14.931400Z","level":"info","event":" 'inlets': [],","chan":"stdout","logger":"task"}
{"timestamp":"2025-07-29T20:02:14.931480Z","level":"info","event":" 'logical_date': DateTime(2024, 1, 1, 20, 0, 0, tzinfo=Timezone('UTC')),","chan":"stdout","logger":"task"}
{"timestamp":"2025-07-29T20:02:14.931551Z","level":"info","event":" 'macros': <MacrosAccessor (dynamic access to macros)>,","chan":"stdout","logger":"task"}
{"timestamp":"2025-07-29T20:02:14.931627Z","level":"info","event":" 'map_index_template': None,","chan":"stdout","logger":"task"}
{"timestamp":"2025-07-29T20:02:14.931693Z","level":"info","event":" 'outlet_events': <airflow.sdk.execution_time.context.OutletEventAccessors object at 0x7fb66feb6870>,","chan":"stdout","logger":"task"}
{"timestamp":"2025-07-29T20:02:14.931757Z","level":"info","event":" 'outlets': [],","chan":"stdout","logger":"task"}
{"timestamp":"2025-07-29T20:02:14.931825Z","level":"info","event":" 'params': {},","chan":"stdout","logger":"task"}
{"timestamp":"2025-07-29T20:02:14.962576Z","level":"info","event":" 'prev_data_interval_end_success': <Proxy at 0x7fb66fc447a0 with factory <function RuntimeTaskInstance.get_template_context.<locals>.<lambda> at 0x7fb66fc4fec0>>,","chan":"stdout","logger":"task"}
{"timestamp":"2025-07-29T20:02:14.963606Z","level":"info","event":" 'prev_data_interval_start_success': <Proxy at 0x7fb66fc44800 with factory <function RuntimeTaskInstance.get_template_context.<locals>.<lambda> at 0x7fb66fc4e7a0>>,","chan":"stdout","logger":"task"}
{"timestamp":"2025-07-29T20:02:14.963756Z","level":"info","event":" 'prev_end_date_success': <Proxy at 0x7fb66fdbca70 with factory <function RuntimeTaskInstance.get_template_context.<locals>.<lambda> at 0x7fb66fc4ff60>>,","chan":"stdout","logger":"task"}
{"timestamp":"2025-07-29T20:02:14.963846Z","level":"info","event":" 'prev_start_date_success': <Proxy at 0x7fb66fdbf680 with factory <function RuntimeTaskInstance.get_template_context.<locals>.<lambda> at 0x7fb66fc4ed40>>,","chan":"stdout","logger":"task"}
{"timestamp":"2025-07-29T20:02:14.963965Z","level":"info","event":" 'run_id': 'scheduled__2024-01-01T20:00:00+00:00',","chan":"stdout","logger":"task"}
{"timestamp":"2025-07-29T20:02:14.964309Z","level":"info","event":" 'task': <Task(PythonOperator): python_principal>,","chan":"stdout","logger":"task"}
{"timestamp":"2025-07-29T20:02:14.964709Z","level":"info","event":" 'task_instance': RuntimeTaskInstance(id=UUID('019857c7-43c1-7e88-a0f6-ca5c87559fad'), task_id='python_principal', dag_id='3_DAG_principal', run_id='scheduled__2024-01-01T20:00:00+00:00', try_number=1, map_index=-1, hostname='bf6f1e7a6f11', context_carrier={}, task=<Task(PythonOperator): python_principal>, bundle_instance=LocalDagBundle(name=dags-folder), max_tries=0, start_date=datetime.datetime(2025, 7, 29, 20, 2, 14, 110841, tzinfo=datetime.timezone.utc), end_date=None, state=<TaskInstanceState.RUNNING: 'running'>, is_mapped=False, rendered_map_index=None, log_url='http://localhost:8080/dags/3_DAG_principal/runs/scheduled__2024-01-01T20%3A00%3A00%2B00%3A00/tasks/python_principal?try_number=1'),","chan":"stdout","logger":"task"}
{"timestamp":"2025-07-29T20:02:14.965341Z","level":"info","event":" 'task_instance_key_str': '3_DAG_principal__python_principal__20240101',","chan":"stdout","logger":"task"}
{"timestamp":"2025-07-29T20:02:14.965577Z","level":"info","event":" 'task_reschedule_count': 0,","chan":"stdout","logger":"task"}
{"timestamp":"2025-07-29T20:02:14.965799Z","level":"info","event":" 'templates_dict': None,","chan":"stdout","logger":"task"}
{"timestamp":"2025-07-29T20:02:14.965894Z","level":"info","event":" 'ti': RuntimeTaskInstance(id=UUID('019857c7-43c1-7e88-a0f6-ca5c87559fad'), task_id='python_principal', dag_id='3_DAG_principal', run_id='scheduled__2024-01-01T20:00:00+00:00', try_number=1, map_index=-1, hostname='bf6f1e7a6f11', context_carrier={}, task=<Task(PythonOperator): python_principal>, bundle_instance=LocalDagBundle(name=dags-folder), max_tries=0, start_date=datetime.datetime(2025, 7, 29, 20, 2, 14, 110841, tzinfo=datetime.timezone.utc), end_date=None, state=<TaskInstanceState.RUNNING: 'running'>, is_mapped=False, rendered_map_index=None, log_url='http://localhost:8080/dags/3_DAG_principal/runs/scheduled__2024-01-01T20%3A00%3A00%2B00%3A00/tasks/python_principal?try_number=1'),","chan":"stdout","logger":"task"}
{"timestamp":"2025-07-29T20:02:14.965973Z","level":"info","event":" 'triggering_asset_events': TriggeringAssetEventsAccessor(_events=defaultdict(<class 'list'>, {})),","chan":"stdout","logger":"task"}
{"timestamp":"2025-07-29T20:02:14.966043Z","level":"info","event":" 'ts': '2024-01-01T20:00:00+00:00',","chan":"stdout","logger":"task"}
{"timestamp":"2025-07-29T20:02:14.966111Z","level":"info","event":" 'ts_nodash': '20240101T200000',","chan":"stdout","logger":"task"}
{"timestamp":"2025-07-29T20:02:14.966174Z","level":"info","event":" 'ts_nodash_with_tz': '20240101T200000+0000',","chan":"stdout","logger":"task"}
{"timestamp":"2025-07-29T20:02:14.966334Z","level":"info","event":" 'var': {'json': <VariableAccessor (dynamic access)>,","chan":"stdout","logger":"task"}
{"timestamp":"2025-07-29T20:02:14.966415Z","level":"info","event":"         'value': <VariableAccessor (dynamic access)>}}","chan":"stdout","logger":"task"}
{"timestamp":"2025-07-29T20:02:14.962736","level":"info","event":"Done. Returned value was: principal","logger":"airflow.task.operators.airflow.providers.standard.operators.python.PythonOperator"}
{"timestamp":"2025-07-29T20:02:14.963138","level":"info","event":"Pushing xcom","ti":"RuntimeTaskInstance(id=UUID('019857c7-43c1-7e88-a0f6-ca5c87559fad'), task_id='python_principal', dag_id='3_DAG_principal', run_id='scheduled__2024-01-01T20:00:00+00:00', try_number=1, map_index=-1, hostname='bf6f1e7a6f11', context_carrier={}, task=<Task(PythonOperator): python_principal>, bundle_instance=LocalDagBundle(name=dags-folder), max_tries=0, start_date=datetime.datetime(2025, 7, 29, 20, 2, 14, 110841, tzinfo=datetime.timezone.utc), end_date=None, state=<TaskInstanceState.RUNNING: 'running'>, is_mapped=False, rendered_map_index=None, log_url='http://localhost:8080/dags/3_DAG_principal/runs/scheduled__2024-01-01T20%3A00%3A00%2B00%3A00/tasks/python_principal?try_number=1')","logger":"task"}
{"timestamp":"2025-07-29T20:02:15.075331Z","level":"info","event":"Task instance in success state","chan":"stdout","logger":"task"}
{"timestamp":"2025-07-29T20:02:15.075605Z","level":"info","event":" Previous state of the Task instance: TaskInstanceState.RUNNING","chan":"stdout","logger":"task"}
{"timestamp":"2025-07-29T20:02:15.075709Z","level":"info","event":"Task operator:<Task(PythonOperator): python_principal>","chan":"stdout","logger":"task"}
