{"timestamp":"2025-07-29T20:02:14.144962","level":"info","event":"DAG bundles loaded: dags-folder, example_dags","logger":"airflow.dag_processing.bundles.manager.DagBundlesManager"}
{"timestamp":"2025-07-29T20:02:14.145701","level":"info","event":"Filling up the DagBag from /opt/airflow/dags/3_dag_principal.py","logger":"airflow.models.dagbag.DagBag"}
{"timestamp":"2025-07-29T20:02:14.209075Z","level":"info","event":"Task instance is in running state","chan":"stdout","logger":"task"}
{"timestamp":"2025-07-29T20:02:14.209319Z","level":"info","event":" Previous state of the Task instance: TaskInstanceState.QUEUED","chan":"stdout","logger":"task"}
{"timestamp":"2025-07-29T20:02:14.210100Z","level":"info","event":"Current task name:python_principal","chan":"stdout","logger":"task"}
{"timestamp":"2025-07-29T20:02:14.210380Z","level":"info","event":"Dag name:3_DAG_principal","chan":"stdout","logger":"task"}
{"timestamp":"2025-07-29T20:02:14.212215Z","level":"info","event":"DAG principal","chan":"stdout","logger":"task"}
{"timestamp":"2025-07-29T20:02:14.212920Z","level":"info","event":"{'conn': <ConnectionAccessor (dynamic access)>,","chan":"stdout","logger":"task"}
{"timestamp":"2025-07-29T20:02:14.213050Z","level":"info","event":" 'dag': <DAG: 3_DAG_principal>,","chan":"stdout","logger":"task"}
{"timestamp":"2025-07-29T20:02:14.213194Z","level":"info","event":" 'dag_run': DagRun(dag_id='3_DAG_principal', run_id='scheduled__2023-12-30T20:00:00+00:00', logical_date=datetime.datetime(2023, 12, 30, 20, 0, tzinfo=datetime.timezone.utc), data_interval_start=datetime.datetime(2023, 12, 30, 20, 0, tzinfo=datetime.timezone.utc), data_interval_end=datetime.datetime(2023, 12, 30, 20, 0, tzinfo=datetime.timezone.utc), run_after=datetime.datetime(2023, 12, 30, 20, 0, tzinfo=datetime.timezone.utc), start_date=datetime.datetime(2025, 7, 29, 20, 2, 13, 209084, tzinfo=datetime.timezone.utc), end_date=None, clear_number=0, run_type=<DagRunType.SCHEDULED: 'scheduled'>, conf={}, consumed_asset_events=[]),","chan":"stdout","logger":"task"}
{"timestamp":"2025-07-29T20:02:14.213276Z","level":"info","event":" 'data_interval_end': DateTime(2023, 12, 30, 20, 0, 0, tzinfo=Timezone('UTC')),","chan":"stdout","logger":"task"}
{"timestamp":"2025-07-29T20:02:14.213350Z","level":"info","event":" 'data_interval_start': DateTime(2023, 12, 30, 20, 0, 0, tzinfo=Timezone('UTC')),","chan":"stdout","logger":"task"}
{"timestamp":"2025-07-29T20:02:14.213416Z","level":"info","event":" 'ds': '2023-12-30',","chan":"stdout","logger":"task"}
{"timestamp":"2025-07-29T20:02:14.213481Z","level":"info","event":" 'ds_nodash': '20231230',","chan":"stdout","logger":"task"}
{"timestamp":"2025-07-29T20:02:14.213543Z","level":"info","event":" 'inlet_events': InletEventsAccessors(_inlets=[], _assets={}, _asset_aliases={}),","chan":"stdout","logger":"task"}
{"timestamp":"2025-07-29T20:02:14.213605Z","level":"info","event":" 'inlets': [],","chan":"stdout","logger":"task"}
{"timestamp":"2025-07-29T20:02:14.213666Z","level":"info","event":" 'logical_date': DateTime(2023, 12, 30, 20, 0, 0, tzinfo=Timezone('UTC')),","chan":"stdout","logger":"task"}
{"timestamp":"2025-07-29T20:02:14.213727Z","level":"info","event":" 'macros': <MacrosAccessor (dynamic access to macros)>,","chan":"stdout","logger":"task"}
{"timestamp":"2025-07-29T20:02:14.213788Z","level":"info","event":" 'map_index_template': None,","chan":"stdout","logger":"task"}
{"timestamp":"2025-07-29T20:02:14.213849Z","level":"info","event":" 'outlet_events': <airflow.sdk.execution_time.context.OutletEventAccessors object at 0x7fb67ebe6b70>,","chan":"stdout","logger":"task"}
{"timestamp":"2025-07-29T20:02:14.213910Z","level":"info","event":" 'outlets': [],","chan":"stdout","logger":"task"}
{"timestamp":"2025-07-29T20:02:14.213970Z","level":"info","event":" 'params': {},","chan":"stdout","logger":"task"}
{"timestamp":"2025-07-29T20:02:14.227848Z","level":"info","event":" 'prev_data_interval_end_success': <Proxy at 0x7fb66fc0a810 with factory <function RuntimeTaskInstance.get_template_context.<locals>.<lambda> at 0x7fb678281a80>>,","chan":"stdout","logger":"task"}
{"timestamp":"2025-07-29T20:02:14.228096Z","level":"info","event":" 'prev_data_interval_start_success': <Proxy at 0x7fb66fdddc70 with factory <function RuntimeTaskInstance.get_template_context.<locals>.<lambda> at 0x7fb6782802c0>>,","chan":"stdout","logger":"task"}
{"timestamp":"2025-07-29T20:02:14.228210Z","level":"info","event":" 'prev_end_date_success': <Proxy at 0x7fb66fc0a8d0 with factory <function RuntimeTaskInstance.get_template_context.<locals>.<lambda> at 0x7fb678281b20>>,","chan":"stdout","logger":"task"}
{"timestamp":"2025-07-29T20:02:14.228290Z","level":"info","event":" 'prev_start_date_success': <Proxy at 0x7fb66fede990 with factory <function RuntimeTaskInstance.get_template_context.<locals>.<lambda> at 0x7fb678280860>>,","chan":"stdout","logger":"task"}
{"timestamp":"2025-07-29T20:02:14.228366Z","level":"info","event":" 'run_id': 'scheduled__2023-12-30T20:00:00+00:00',","chan":"stdout","logger":"task"}
{"timestamp":"2025-07-29T20:02:14.228438Z","level":"info","event":" 'task': <Task(PythonOperator): python_principal>,","chan":"stdout","logger":"task"}
{"timestamp":"2025-07-29T20:02:14.228518Z","level":"info","event":" 'task_instance': RuntimeTaskInstance(id=UUID('019857c7-424c-7263-9ab9-56ffb1a7d18c'), task_id='python_principal', dag_id='3_DAG_principal', run_id='scheduled__2023-12-30T20:00:00+00:00', try_number=1, map_index=-1, hostname='bf6f1e7a6f11', context_carrier={}, task=<Task(PythonOperator): python_principal>, bundle_instance=LocalDagBundle(name=dags-folder), max_tries=0, start_date=datetime.datetime(2025, 7, 29, 20, 2, 13, 506690, tzinfo=datetime.timezone.utc), end_date=None, state=<TaskInstanceState.RUNNING: 'running'>, is_mapped=False, rendered_map_index=None, log_url='http://localhost:8080/dags/3_DAG_principal/runs/scheduled__2023-12-30T20%3A00%3A00%2B00%3A00/tasks/python_principal?try_number=1'),","chan":"stdout","logger":"task"}
{"timestamp":"2025-07-29T20:02:14.228598Z","level":"info","event":" 'task_instance_key_str': '3_DAG_principal__python_principal__20231230',","chan":"stdout","logger":"task"}
{"timestamp":"2025-07-29T20:02:14.228675Z","level":"info","event":" 'task_reschedule_count': 0,","chan":"stdout","logger":"task"}
{"timestamp":"2025-07-29T20:02:14.228753Z","level":"info","event":" 'templates_dict': None,","chan":"stdout","logger":"task"}
{"timestamp":"2025-07-29T20:02:14.228829Z","level":"info","event":" 'ti': RuntimeTaskInstance(id=UUID('019857c7-424c-7263-9ab9-56ffb1a7d18c'), task_id='python_principal', dag_id='3_DAG_principal', run_id='scheduled__2023-12-30T20:00:00+00:00', try_number=1, map_index=-1, hostname='bf6f1e7a6f11', context_carrier={}, task=<Task(PythonOperator): python_principal>, bundle_instance=LocalDagBundle(name=dags-folder), max_tries=0, start_date=datetime.datetime(2025, 7, 29, 20, 2, 13, 506690, tzinfo=datetime.timezone.utc), end_date=None, state=<TaskInstanceState.RUNNING: 'running'>, is_mapped=False, rendered_map_index=None, log_url='http://localhost:8080/dags/3_DAG_principal/runs/scheduled__2023-12-30T20%3A00%3A00%2B00%3A00/tasks/python_principal?try_number=1'),","chan":"stdout","logger":"task"}
{"timestamp":"2025-07-29T20:02:14.228917Z","level":"info","event":" 'triggering_asset_events': TriggeringAssetEventsAccessor(_events=defaultdict(<class 'list'>, {})),","chan":"stdout","logger":"task"}
{"timestamp":"2025-07-29T20:02:14.228995Z","level":"info","event":" 'ts': '2023-12-30T20:00:00+00:00',","chan":"stdout","logger":"task"}
{"timestamp":"2025-07-29T20:02:14.229071Z","level":"info","event":" 'ts_nodash': '20231230T200000',","chan":"stdout","logger":"task"}
{"timestamp":"2025-07-29T20:02:14.229141Z","level":"info","event":" 'ts_nodash_with_tz': '20231230T200000+0000',","chan":"stdout","logger":"task"}
{"timestamp":"2025-07-29T20:02:14.229256Z","level":"info","event":" 'var': {'json': <VariableAccessor (dynamic access)>,","chan":"stdout","logger":"task"}
{"timestamp":"2025-07-29T20:02:14.229331Z","level":"info","event":"         'value': <VariableAccessor (dynamic access)>}}","chan":"stdout","logger":"task"}
{"timestamp":"2025-07-29T20:02:14.228305","level":"info","event":"Done. Returned value was: principal","logger":"airflow.task.operators.airflow.providers.standard.operators.python.PythonOperator"}
{"timestamp":"2025-07-29T20:02:14.228546","level":"info","event":"Pushing xcom","ti":"RuntimeTaskInstance(id=UUID('019857c7-424c-7263-9ab9-56ffb1a7d18c'), task_id='python_principal', dag_id='3_DAG_principal', run_id='scheduled__2023-12-30T20:00:00+00:00', try_number=1, map_index=-1, hostname='bf6f1e7a6f11', context_carrier={}, task=<Task(PythonOperator): python_principal>, bundle_instance=LocalDagBundle(name=dags-folder), max_tries=0, start_date=datetime.datetime(2025, 7, 29, 20, 2, 13, 506690, tzinfo=datetime.timezone.utc), end_date=None, state=<TaskInstanceState.RUNNING: 'running'>, is_mapped=False, rendered_map_index=None, log_url='http://localhost:8080/dags/3_DAG_principal/runs/scheduled__2023-12-30T20%3A00%3A00%2B00%3A00/tasks/python_principal?try_number=1')","logger":"task"}
{"timestamp":"2025-07-29T20:02:14.266187Z","level":"info","event":"Task instance in success state","chan":"stdout","logger":"task"}
{"timestamp":"2025-07-29T20:02:14.266370Z","level":"info","event":" Previous state of the Task instance: TaskInstanceState.RUNNING","chan":"stdout","logger":"task"}
{"timestamp":"2025-07-29T20:02:14.266498Z","level":"info","event":"Task operator:<Task(PythonOperator): python_principal>","chan":"stdout","logger":"task"}
