{"timestamp":"2025-07-29T19:49:04.008685","level":"info","event":"DAG bundles loaded: dags-folder, example_dags","logger":"airflow.dag_processing.bundles.manager.DagBundlesManager"}
{"timestamp":"2025-07-29T19:49:04.009148","level":"info","event":"Filling up the DagBag from /opt/airflow/dags/2_python_operator_v1.py","logger":"airflow.models.dagbag.DagBag"}
{"timestamp":"2025-07-29T19:49:04.030426Z","level":"info","event":"Task instance is in running state","chan":"stdout","logger":"task"}
{"timestamp":"2025-07-29T19:49:04.030611Z","level":"info","event":" Previous state of the Task instance: TaskInstanceState.QUEUED","chan":"stdout","logger":"task"}
{"timestamp":"2025-07-29T19:49:04.031108Z","level":"info","event":"Current task name:python","chan":"stdout","logger":"task"}
{"timestamp":"2025-07-29T19:49:04.031218Z","level":"info","event":"Dag name:python_operator_v1","chan":"stdout","logger":"task"}
{"timestamp":"2025-07-29T19:49:04.032265Z","level":"info","event":"poliana","chan":"stdout","logger":"task"}
{"timestamp":"2025-07-29T19:49:04.032863Z","level":"info","event":"{'conn': <ConnectionAccessor (dynamic access)>,","chan":"stdout","logger":"task"}
{"timestamp":"2025-07-29T19:49:04.032967Z","level":"info","event":" 'dag': <DAG: python_operator_v1>,","chan":"stdout","logger":"task"}
{"timestamp":"2025-07-29T19:49:04.033070Z","level":"info","event":" 'dag_run': DagRun(dag_id='python_operator_v1', run_id='scheduled__2023-06-24T03:05:00+00:00', logical_date=datetime.datetime(2023, 6, 24, 3, 5, tzinfo=datetime.timezone.utc), data_interval_start=datetime.datetime(2023, 6, 24, 3, 5, tzinfo=datetime.timezone.utc), data_interval_end=datetime.datetime(2023, 6, 24, 3, 5, tzinfo=datetime.timezone.utc), run_after=datetime.datetime(2023, 6, 24, 3, 5, tzinfo=datetime.timezone.utc), start_date=datetime.datetime(2025, 7, 29, 19, 49, 3, 350124, tzinfo=datetime.timezone.utc), end_date=None, clear_number=0, run_type=<DagRunType.SCHEDULED: 'scheduled'>, conf={}, consumed_asset_events=[]),","chan":"stdout","logger":"task"}
{"timestamp":"2025-07-29T19:49:04.033166Z","level":"info","event":" 'data_interval_end': DateTime(2023, 6, 24, 3, 5, 0, tzinfo=Timezone('UTC')),","chan":"stdout","logger":"task"}
{"timestamp":"2025-07-29T19:49:04.033226Z","level":"info","event":" 'data_interval_start': DateTime(2023, 6, 24, 3, 5, 0, tzinfo=Timezone('UTC')),","chan":"stdout","logger":"task"}
{"timestamp":"2025-07-29T19:49:04.033273Z","level":"info","event":" 'ds': '2023-06-24',","chan":"stdout","logger":"task"}
{"timestamp":"2025-07-29T19:49:04.033318Z","level":"info","event":" 'ds_nodash': '20230624',","chan":"stdout","logger":"task"}
{"timestamp":"2025-07-29T19:49:04.033361Z","level":"info","event":" 'inlet_events': InletEventsAccessors(_inlets=[], _assets={}, _asset_aliases={}),","chan":"stdout","logger":"task"}
{"timestamp":"2025-07-29T19:49:04.033403Z","level":"info","event":" 'inlets': [],","chan":"stdout","logger":"task"}
{"timestamp":"2025-07-29T19:49:04.033445Z","level":"info","event":" 'logical_date': DateTime(2023, 6, 24, 3, 5, 0, tzinfo=Timezone('UTC')),","chan":"stdout","logger":"task"}
{"timestamp":"2025-07-29T19:49:04.033486Z","level":"info","event":" 'macros': <MacrosAccessor (dynamic access to macros)>,","chan":"stdout","logger":"task"}
{"timestamp":"2025-07-29T19:49:04.033527Z","level":"info","event":" 'map_index_template': None,","chan":"stdout","logger":"task"}
{"timestamp":"2025-07-29T19:49:04.033575Z","level":"info","event":" 'outlet_events': <airflow.sdk.execution_time.context.OutletEventAccessors object at 0x7fb677a5ca70>,","chan":"stdout","logger":"task"}
{"timestamp":"2025-07-29T19:49:04.033617Z","level":"info","event":" 'outlets': [],","chan":"stdout","logger":"task"}
{"timestamp":"2025-07-29T19:49:04.033657Z","level":"info","event":" 'params': {},","chan":"stdout","logger":"task"}
{"timestamp":"2025-07-29T19:49:04.061644Z","level":"info","event":" 'prev_data_interval_end_success': <Proxy at 0x7fb66fdc34d0 with factory <function RuntimeTaskInstance.get_template_context.<locals>.<lambda> at 0x7fb66fdeca40>>,","chan":"stdout","logger":"task"}
{"timestamp":"2025-07-29T19:49:04.061936Z","level":"info","event":" 'prev_data_interval_start_success': <Proxy at 0x7fb66fdc3860 with factory <function RuntimeTaskInstance.get_template_context.<locals>.<lambda> at 0x7fb66fdee160>>,","chan":"stdout","logger":"task"}
{"timestamp":"2025-07-29T19:49:04.062020Z","level":"info","event":" 'prev_end_date_success': <Proxy at 0x7fb66fdc2090 with factory <function RuntimeTaskInstance.get_template_context.<locals>.<lambda> at 0x7fb66fdee200>>,","chan":"stdout","logger":"task"}
{"timestamp":"2025-07-29T19:49:04.062071Z","level":"info","event":" 'prev_start_date_success': <Proxy at 0x7fb66fdc3590 with factory <function RuntimeTaskInstance.get_template_context.<locals>.<lambda> at 0x7fb66fdecf40>>,","chan":"stdout","logger":"task"}
{"timestamp":"2025-07-29T19:49:04.062117Z","level":"info","event":" 'run_id': 'scheduled__2023-06-24T03:05:00+00:00',","chan":"stdout","logger":"task"}
{"timestamp":"2025-07-29T19:49:04.062162Z","level":"info","event":" 'task': <Task(PythonOperator): python>,","chan":"stdout","logger":"task"}
{"timestamp":"2025-07-29T19:49:04.062207Z","level":"info","event":" 'task_instance': RuntimeTaskInstance(id=UUID('019857bb-34f1-7595-8d76-bf9a0143011d'), task_id='python', dag_id='python_operator_v1', run_id='scheduled__2023-06-24T03:05:00+00:00', try_number=1, map_index=-1, hostname='bf6f1e7a6f11', context_carrier={}, task=<Task(PythonOperator): python>, bundle_instance=LocalDagBundle(name=dags-folder), max_tries=0, start_date=datetime.datetime(2025, 7, 29, 19, 49, 3, 534773, tzinfo=datetime.timezone.utc), end_date=None, state=<TaskInstanceState.RUNNING: 'running'>, is_mapped=False, rendered_map_index=None, log_url='http://localhost:8080/dags/python_operator_v1/runs/scheduled__2023-06-24T03%3A05%3A00%2B00%3A00/tasks/python?try_number=1'),","chan":"stdout","logger":"task"}
{"timestamp":"2025-07-29T19:49:04.062253Z","level":"info","event":" 'task_instance_key_str': 'python_operator_v1__python__20230624',","chan":"stdout","logger":"task"}
{"timestamp":"2025-07-29T19:49:04.062294Z","level":"info","event":" 'task_reschedule_count': 0,","chan":"stdout","logger":"task"}
{"timestamp":"2025-07-29T19:49:04.062335Z","level":"info","event":" 'templates_dict': None,","chan":"stdout","logger":"task"}
{"timestamp":"2025-07-29T19:49:04.062377Z","level":"info","event":" 'ti': RuntimeTaskInstance(id=UUID('019857bb-34f1-7595-8d76-bf9a0143011d'), task_id='python', dag_id='python_operator_v1', run_id='scheduled__2023-06-24T03:05:00+00:00', try_number=1, map_index=-1, hostname='bf6f1e7a6f11', context_carrier={}, task=<Task(PythonOperator): python>, bundle_instance=LocalDagBundle(name=dags-folder), max_tries=0, start_date=datetime.datetime(2025, 7, 29, 19, 49, 3, 534773, tzinfo=datetime.timezone.utc), end_date=None, state=<TaskInstanceState.RUNNING: 'running'>, is_mapped=False, rendered_map_index=None, log_url='http://localhost:8080/dags/python_operator_v1/runs/scheduled__2023-06-24T03%3A05%3A00%2B00%3A00/tasks/python?try_number=1'),","chan":"stdout","logger":"task"}
{"timestamp":"2025-07-29T19:49:04.062420Z","level":"info","event":" 'triggering_asset_events': TriggeringAssetEventsAccessor(_events=defaultdict(<class 'list'>, {})),","chan":"stdout","logger":"task"}
{"timestamp":"2025-07-29T19:49:04.062462Z","level":"info","event":" 'ts': '2023-06-24T03:05:00+00:00',","chan":"stdout","logger":"task"}
{"timestamp":"2025-07-29T19:49:04.062503Z","level":"info","event":" 'ts_nodash': '20230624T030500',","chan":"stdout","logger":"task"}
{"timestamp":"2025-07-29T19:49:04.062543Z","level":"info","event":" 'ts_nodash_with_tz': '20230624T030500+0000',","chan":"stdout","logger":"task"}
{"timestamp":"2025-07-29T19:49:04.062618Z","level":"info","event":" 'var': {'json': <VariableAccessor (dynamic access)>,","chan":"stdout","logger":"task"}
{"timestamp":"2025-07-29T19:49:04.062675Z","level":"info","event":"         'value': <VariableAccessor (dynamic access)>}}","chan":"stdout","logger":"task"}
{"timestamp":"2025-07-29T19:49:04.062476","level":"info","event":"Done. Returned value was: 123","logger":"airflow.task.operators.airflow.providers.standard.operators.python.PythonOperator"}
{"timestamp":"2025-07-29T19:49:04.062680","level":"info","event":"Pushing xcom","ti":"RuntimeTaskInstance(id=UUID('019857bb-34f1-7595-8d76-bf9a0143011d'), task_id='python', dag_id='python_operator_v1', run_id='scheduled__2023-06-24T03:05:00+00:00', try_number=1, map_index=-1, hostname='bf6f1e7a6f11', context_carrier={}, task=<Task(PythonOperator): python>, bundle_instance=LocalDagBundle(name=dags-folder), max_tries=0, start_date=datetime.datetime(2025, 7, 29, 19, 49, 3, 534773, tzinfo=datetime.timezone.utc), end_date=None, state=<TaskInstanceState.RUNNING: 'running'>, is_mapped=False, rendered_map_index=None, log_url='http://localhost:8080/dags/python_operator_v1/runs/scheduled__2023-06-24T03%3A05%3A00%2B00%3A00/tasks/python?try_number=1')","logger":"task"}
{"timestamp":"2025-07-29T19:49:04.083255Z","level":"info","event":"Task instance in success state","chan":"stdout","logger":"task"}
{"timestamp":"2025-07-29T19:49:04.083395Z","level":"info","event":" Previous state of the Task instance: TaskInstanceState.RUNNING","chan":"stdout","logger":"task"}
{"timestamp":"2025-07-29T19:49:04.083496Z","level":"info","event":"Task operator:<Task(PythonOperator): python>","chan":"stdout","logger":"task"}
