{"timestamp":"2025-07-29T19:23:38.498748","level":"info","event":"DAG bundles loaded: dags-folder, example_dags","logger":"airflow.dag_processing.bundles.manager.DagBundlesManager"}
{"timestamp":"2025-07-29T19:23:38.499660","level":"info","event":"Filling up the DagBag from /opt/airflow/dags/python_operator_v1.py","logger":"airflow.models.dagbag.DagBag"}
{"timestamp":"2025-07-29T19:23:38.531368Z","level":"info","event":"Task instance is in running state","chan":"stdout","logger":"task"}
{"timestamp":"2025-07-29T19:23:38.531613Z","level":"info","event":" Previous state of the Task instance: TaskInstanceState.QUEUED","chan":"stdout","logger":"task"}
{"timestamp":"2025-07-29T19:23:38.532037Z","level":"info","event":"Current task name:python","chan":"stdout","logger":"task"}
{"timestamp":"2025-07-29T19:23:38.532150Z","level":"info","event":"Dag name:python_operator_v1","chan":"stdout","logger":"task"}
{"timestamp":"2025-07-29T19:23:38.533096Z","level":"info","event":"poliana","chan":"stdout","logger":"task"}
{"timestamp":"2025-07-29T19:23:38.533745Z","level":"info","event":"{'conn': <ConnectionAccessor (dynamic access)>,","chan":"stdout","logger":"task"}
{"timestamp":"2025-07-29T19:23:38.533851Z","level":"info","event":" 'dag': <DAG: python_operator_v1>,","chan":"stdout","logger":"task"}
{"timestamp":"2025-07-29T19:23:38.533956Z","level":"info","event":" 'dag_run': DagRun(dag_id='python_operator_v1', run_id='scheduled__2023-06-22T23:22:00+00:00', logical_date=datetime.datetime(2023, 6, 22, 23, 22, tzinfo=datetime.timezone.utc), data_interval_start=datetime.datetime(2023, 6, 22, 23, 22, tzinfo=datetime.timezone.utc), data_interval_end=datetime.datetime(2023, 6, 22, 23, 22, tzinfo=datetime.timezone.utc), run_after=datetime.datetime(2023, 6, 22, 23, 22, tzinfo=datetime.timezone.utc), start_date=datetime.datetime(2025, 7, 29, 19, 23, 36, 761217, tzinfo=datetime.timezone.utc), end_date=None, clear_number=0, run_type=<DagRunType.SCHEDULED: 'scheduled'>, conf={}, consumed_asset_events=[]),","chan":"stdout","logger":"task"}
{"timestamp":"2025-07-29T19:23:38.534038Z","level":"info","event":" 'data_interval_end': DateTime(2023, 6, 22, 23, 22, 0, tzinfo=Timezone('UTC')),","chan":"stdout","logger":"task"}
{"timestamp":"2025-07-29T19:23:38.534094Z","level":"info","event":" 'data_interval_start': DateTime(2023, 6, 22, 23, 22, 0, tzinfo=Timezone('UTC')),","chan":"stdout","logger":"task"}
{"timestamp":"2025-07-29T19:23:38.534138Z","level":"info","event":" 'ds': '2023-06-22',","chan":"stdout","logger":"task"}
{"timestamp":"2025-07-29T19:23:38.534184Z","level":"info","event":" 'ds_nodash': '20230622',","chan":"stdout","logger":"task"}
{"timestamp":"2025-07-29T19:23:38.534227Z","level":"info","event":" 'inlet_events': InletEventsAccessors(_inlets=[], _assets={}, _asset_aliases={}),","chan":"stdout","logger":"task"}
{"timestamp":"2025-07-29T19:23:38.534268Z","level":"info","event":" 'inlets': [],","chan":"stdout","logger":"task"}
{"timestamp":"2025-07-29T19:23:38.534313Z","level":"info","event":" 'logical_date': DateTime(2023, 6, 22, 23, 22, 0, tzinfo=Timezone('UTC')),","chan":"stdout","logger":"task"}
{"timestamp":"2025-07-29T19:23:38.534354Z","level":"info","event":" 'macros': <MacrosAccessor (dynamic access to macros)>,","chan":"stdout","logger":"task"}
{"timestamp":"2025-07-29T19:23:38.534395Z","level":"info","event":" 'map_index_template': None,","chan":"stdout","logger":"task"}
{"timestamp":"2025-07-29T19:23:38.534436Z","level":"info","event":" 'outlet_events': <airflow.sdk.execution_time.context.OutletEventAccessors object at 0x7fb677ab7a70>,","chan":"stdout","logger":"task"}
{"timestamp":"2025-07-29T19:23:38.534478Z","level":"info","event":" 'outlets': [],","chan":"stdout","logger":"task"}
{"timestamp":"2025-07-29T19:23:38.534518Z","level":"info","event":" 'params': {},","chan":"stdout","logger":"task"}
{"timestamp":"2025-07-29T19:23:38.548857Z","level":"info","event":" 'prev_data_interval_end_success': <Proxy at 0x7fb66fc52480 with factory <function RuntimeTaskInstance.get_template_context.<locals>.<lambda> at 0x7fb66fc5de40>>,","chan":"stdout","logger":"task"}
{"timestamp":"2025-07-29T19:23:38.549076Z","level":"info","event":" 'prev_data_interval_start_success': <Proxy at 0x7fb66fc524e0 with factory <function RuntimeTaskInstance.get_template_context.<locals>.<lambda> at 0x7fb66fc5f560>>,","chan":"stdout","logger":"task"}
{"timestamp":"2025-07-29T19:23:38.549183Z","level":"info","event":" 'prev_end_date_success': <Proxy at 0x7fb677bd6630 with factory <function RuntimeTaskInstance.get_template_context.<locals>.<lambda> at 0x7fb66fc5f600>>,","chan":"stdout","logger":"task"}
{"timestamp":"2025-07-29T19:23:38.549264Z","level":"info","event":" 'prev_start_date_success': <Proxy at 0x7fb66fd52fc0 with factory <function RuntimeTaskInstance.get_template_context.<locals>.<lambda> at 0x7fb66fc5e340>>,","chan":"stdout","logger":"task"}
{"timestamp":"2025-07-29T19:23:38.549343Z","level":"info","event":" 'run_id': 'scheduled__2023-06-22T23:22:00+00:00',","chan":"stdout","logger":"task"}
{"timestamp":"2025-07-29T19:23:38.549418Z","level":"info","event":" 'task': <Task(PythonOperator): python>,","chan":"stdout","logger":"task"}
{"timestamp":"2025-07-29T19:23:38.549497Z","level":"info","event":" 'task_instance': RuntimeTaskInstance(id=UUID('019857a3-e9b0-7c2b-9f7b-e94654d0c56f'), task_id='python', dag_id='python_operator_v1', run_id='scheduled__2023-06-22T23:22:00+00:00', try_number=1, map_index=-1, hostname='bf6f1e7a6f11', context_carrier={}, task=<Task(PythonOperator): python>, bundle_instance=LocalDagBundle(name=dags-folder), max_tries=0, start_date=datetime.datetime(2025, 7, 29, 19, 23, 37, 911927, tzinfo=datetime.timezone.utc), end_date=None, state=<TaskInstanceState.RUNNING: 'running'>, is_mapped=False, rendered_map_index=None, log_url='http://localhost:8080/dags/python_operator_v1/runs/scheduled__2023-06-22T23%3A22%3A00%2B00%3A00/tasks/python?try_number=1'),","chan":"stdout","logger":"task"}
{"timestamp":"2025-07-29T19:23:38.549577Z","level":"info","event":" 'task_instance_key_str': 'python_operator_v1__python__20230622',","chan":"stdout","logger":"task"}
{"timestamp":"2025-07-29T19:23:38.549654Z","level":"info","event":" 'task_reschedule_count': 0,","chan":"stdout","logger":"task"}
{"timestamp":"2025-07-29T19:23:38.549731Z","level":"info","event":" 'templates_dict': None,","chan":"stdout","logger":"task"}
{"timestamp":"2025-07-29T19:23:38.549807Z","level":"info","event":" 'ti': RuntimeTaskInstance(id=UUID('019857a3-e9b0-7c2b-9f7b-e94654d0c56f'), task_id='python', dag_id='python_operator_v1', run_id='scheduled__2023-06-22T23:22:00+00:00', try_number=1, map_index=-1, hostname='bf6f1e7a6f11', context_carrier={}, task=<Task(PythonOperator): python>, bundle_instance=LocalDagBundle(name=dags-folder), max_tries=0, start_date=datetime.datetime(2025, 7, 29, 19, 23, 37, 911927, tzinfo=datetime.timezone.utc), end_date=None, state=<TaskInstanceState.RUNNING: 'running'>, is_mapped=False, rendered_map_index=None, log_url='http://localhost:8080/dags/python_operator_v1/runs/scheduled__2023-06-22T23%3A22%3A00%2B00%3A00/tasks/python?try_number=1'),","chan":"stdout","logger":"task"}
{"timestamp":"2025-07-29T19:23:38.549898Z","level":"info","event":" 'triggering_asset_events': TriggeringAssetEventsAccessor(_events=defaultdict(<class 'list'>, {})),","chan":"stdout","logger":"task"}
{"timestamp":"2025-07-29T19:23:38.549976Z","level":"info","event":" 'ts': '2023-06-22T23:22:00+00:00',","chan":"stdout","logger":"task"}
{"timestamp":"2025-07-29T19:23:38.550053Z","level":"info","event":" 'ts_nodash': '20230622T232200',","chan":"stdout","logger":"task"}
{"timestamp":"2025-07-29T19:23:38.550130Z","level":"info","event":" 'ts_nodash_with_tz': '20230622T232200+0000',","chan":"stdout","logger":"task"}
{"timestamp":"2025-07-29T19:23:38.550206Z","level":"info","event":" 'var': {'json': <VariableAccessor (dynamic access)>,","chan":"stdout","logger":"task"}
{"timestamp":"2025-07-29T19:23:38.550283Z","level":"info","event":"         'value': <VariableAccessor (dynamic access)>}}","chan":"stdout","logger":"task"}
{"timestamp":"2025-07-29T19:23:38.549685","level":"info","event":"Done. Returned value was: 123","logger":"airflow.task.operators.airflow.providers.standard.operators.python.PythonOperator"}
{"timestamp":"2025-07-29T19:23:38.549906","level":"info","event":"Pushing xcom","ti":"RuntimeTaskInstance(id=UUID('019857a3-e9b0-7c2b-9f7b-e94654d0c56f'), task_id='python', dag_id='python_operator_v1', run_id='scheduled__2023-06-22T23:22:00+00:00', try_number=1, map_index=-1, hostname='bf6f1e7a6f11', context_carrier={}, task=<Task(PythonOperator): python>, bundle_instance=LocalDagBundle(name=dags-folder), max_tries=0, start_date=datetime.datetime(2025, 7, 29, 19, 23, 37, 911927, tzinfo=datetime.timezone.utc), end_date=None, state=<TaskInstanceState.RUNNING: 'running'>, is_mapped=False, rendered_map_index=None, log_url='http://localhost:8080/dags/python_operator_v1/runs/scheduled__2023-06-22T23%3A22%3A00%2B00%3A00/tasks/python?try_number=1')","logger":"task"}
{"timestamp":"2025-07-29T19:23:38.578415Z","level":"info","event":"Task instance in success state","chan":"stdout","logger":"task"}
{"timestamp":"2025-07-29T19:23:38.578922Z","level":"info","event":" Previous state of the Task instance: TaskInstanceState.RUNNING","chan":"stdout","logger":"task"}
{"timestamp":"2025-07-29T19:23:38.579143Z","level":"info","event":"Task operator:<Task(PythonOperator): python>","chan":"stdout","logger":"task"}
