{"timestamp":"2025-07-29T19:37:23.906477","level":"info","event":"DAG bundles loaded: dags-folder, example_dags","logger":"airflow.dag_processing.bundles.manager.DagBundlesManager"}
{"timestamp":"2025-07-29T19:37:23.907328","level":"info","event":"Filling up the DagBag from /opt/airflow/dags/python_operator_v1.py","logger":"airflow.models.dagbag.DagBag"}
{"timestamp":"2025-07-29T19:37:23.936996Z","level":"info","event":"Task instance is in running state","chan":"stdout","logger":"task"}
{"timestamp":"2025-07-29T19:37:23.937264Z","level":"info","event":" Previous state of the Task instance: TaskInstanceState.QUEUED","chan":"stdout","logger":"task"}
{"timestamp":"2025-07-29T19:37:23.938383Z","level":"info","event":"Current task name:python","chan":"stdout","logger":"task"}
{"timestamp":"2025-07-29T19:37:23.938561Z","level":"info","event":"Dag name:python_operator_v1","chan":"stdout","logger":"task"}
{"timestamp":"2025-07-29T19:37:23.939737Z","level":"info","event":"poliana","chan":"stdout","logger":"task"}
{"timestamp":"2025-07-29T19:37:23.940427Z","level":"info","event":"{'conn': <ConnectionAccessor (dynamic access)>,","chan":"stdout","logger":"task"}
{"timestamp":"2025-07-29T19:37:23.940536Z","level":"info","event":" 'dag': <DAG: python_operator_v1>,","chan":"stdout","logger":"task"}
{"timestamp":"2025-07-29T19:37:23.940676Z","level":"info","event":" 'dag_run': DagRun(dag_id='python_operator_v1', run_id='scheduled__2023-06-23T14:20:00+00:00', logical_date=datetime.datetime(2023, 6, 23, 14, 20, tzinfo=datetime.timezone.utc), data_interval_start=datetime.datetime(2023, 6, 23, 14, 20, tzinfo=datetime.timezone.utc), data_interval_end=datetime.datetime(2023, 6, 23, 14, 20, tzinfo=datetime.timezone.utc), run_after=datetime.datetime(2023, 6, 23, 14, 20, tzinfo=datetime.timezone.utc), start_date=datetime.datetime(2025, 7, 29, 19, 37, 23, 167509, tzinfo=datetime.timezone.utc), end_date=None, clear_number=0, run_type=<DagRunType.SCHEDULED: 'scheduled'>, conf={}, consumed_asset_events=[]),","chan":"stdout","logger":"task"}
{"timestamp":"2025-07-29T19:37:23.940764Z","level":"info","event":" 'data_interval_end': DateTime(2023, 6, 23, 14, 20, 0, tzinfo=Timezone('UTC')),","chan":"stdout","logger":"task"}
{"timestamp":"2025-07-29T19:37:23.940836Z","level":"info","event":" 'data_interval_start': DateTime(2023, 6, 23, 14, 20, 0, tzinfo=Timezone('UTC')),","chan":"stdout","logger":"task"}
{"timestamp":"2025-07-29T19:37:23.940901Z","level":"info","event":" 'ds': '2023-06-23',","chan":"stdout","logger":"task"}
{"timestamp":"2025-07-29T19:37:23.940967Z","level":"info","event":" 'ds_nodash': '20230623',","chan":"stdout","logger":"task"}
{"timestamp":"2025-07-29T19:37:23.941030Z","level":"info","event":" 'inlet_events': InletEventsAccessors(_inlets=[], _assets={}, _asset_aliases={}),","chan":"stdout","logger":"task"}
{"timestamp":"2025-07-29T19:37:23.941092Z","level":"info","event":" 'inlets': [],","chan":"stdout","logger":"task"}
{"timestamp":"2025-07-29T19:37:23.941153Z","level":"info","event":" 'logical_date': DateTime(2023, 6, 23, 14, 20, 0, tzinfo=Timezone('UTC')),","chan":"stdout","logger":"task"}
{"timestamp":"2025-07-29T19:37:23.941216Z","level":"info","event":" 'macros': <MacrosAccessor (dynamic access to macros)>,","chan":"stdout","logger":"task"}
{"timestamp":"2025-07-29T19:37:23.941278Z","level":"info","event":" 'map_index_template': None,","chan":"stdout","logger":"task"}
{"timestamp":"2025-07-29T19:37:23.941344Z","level":"info","event":" 'outlet_events': <airflow.sdk.execution_time.context.OutletEventAccessors object at 0x7fb67b737a70>,","chan":"stdout","logger":"task"}
{"timestamp":"2025-07-29T19:37:23.941405Z","level":"info","event":" 'outlets': [],","chan":"stdout","logger":"task"}
{"timestamp":"2025-07-29T19:37:23.941466Z","level":"info","event":" 'params': {},","chan":"stdout","logger":"task"}
{"timestamp":"2025-07-29T19:37:23.951103Z","level":"info","event":" 'prev_data_interval_end_success': <Proxy at 0x7fb66fc9d100 with factory <function RuntimeTaskInstance.get_template_context.<locals>.<lambda> at 0x7fb66fcae340>>,","chan":"stdout","logger":"task"}
{"timestamp":"2025-07-29T19:37:23.951285Z","level":"info","event":" 'prev_data_interval_start_success': <Proxy at 0x7fb66fc3dc70 with factory <function RuntimeTaskInstance.get_template_context.<locals>.<lambda> at 0x7fb66fcafa60>>,","chan":"stdout","logger":"task"}
{"timestamp":"2025-07-29T19:37:23.951354Z","level":"info","event":" 'prev_end_date_success': <Proxy at 0x7fb67e397e30 with factory <function RuntimeTaskInstance.get_template_context.<locals>.<lambda> at 0x7fb66fcafb00>>,","chan":"stdout","logger":"task"}
{"timestamp":"2025-07-29T19:37:23.951402Z","level":"info","event":" 'prev_start_date_success': <Proxy at 0x7fb66fc10c20 with factory <function RuntimeTaskInstance.get_template_context.<locals>.<lambda> at 0x7fb66fcae840>>,","chan":"stdout","logger":"task"}
{"timestamp":"2025-07-29T19:37:23.951464Z","level":"info","event":" 'run_id': 'scheduled__2023-06-23T14:20:00+00:00',","chan":"stdout","logger":"task"}
{"timestamp":"2025-07-29T19:37:23.951560Z","level":"info","event":" 'task': <Task(PythonOperator): python>,","chan":"stdout","logger":"task"}
{"timestamp":"2025-07-29T19:37:23.951639Z","level":"info","event":" 'task_instance': RuntimeTaskInstance(id=UUID('019857b0-85da-7559-91d9-a4ed01d96f1d'), task_id='python', dag_id='python_operator_v1', run_id='scheduled__2023-06-23T14:20:00+00:00', try_number=1, map_index=-1, hostname='bf6f1e7a6f11', context_carrier={}, task=<Task(PythonOperator): python>, bundle_instance=LocalDagBundle(name=dags-folder), max_tries=0, start_date=datetime.datetime(2025, 7, 29, 19, 37, 23, 371642, tzinfo=datetime.timezone.utc), end_date=None, state=<TaskInstanceState.RUNNING: 'running'>, is_mapped=False, rendered_map_index=None, log_url='http://localhost:8080/dags/python_operator_v1/runs/scheduled__2023-06-23T14%3A20%3A00%2B00%3A00/tasks/python?try_number=1'),","chan":"stdout","logger":"task"}
{"timestamp":"2025-07-29T19:37:23.951710Z","level":"info","event":" 'task_instance_key_str': 'python_operator_v1__python__20230623',","chan":"stdout","logger":"task"}
{"timestamp":"2025-07-29T19:37:23.951755Z","level":"info","event":" 'task_reschedule_count': 0,","chan":"stdout","logger":"task"}
{"timestamp":"2025-07-29T19:37:23.951797Z","level":"info","event":" 'templates_dict': None,","chan":"stdout","logger":"task"}
{"timestamp":"2025-07-29T19:37:23.951839Z","level":"info","event":" 'ti': RuntimeTaskInstance(id=UUID('019857b0-85da-7559-91d9-a4ed01d96f1d'), task_id='python', dag_id='python_operator_v1', run_id='scheduled__2023-06-23T14:20:00+00:00', try_number=1, map_index=-1, hostname='bf6f1e7a6f11', context_carrier={}, task=<Task(PythonOperator): python>, bundle_instance=LocalDagBundle(name=dags-folder), max_tries=0, start_date=datetime.datetime(2025, 7, 29, 19, 37, 23, 371642, tzinfo=datetime.timezone.utc), end_date=None, state=<TaskInstanceState.RUNNING: 'running'>, is_mapped=False, rendered_map_index=None, log_url='http://localhost:8080/dags/python_operator_v1/runs/scheduled__2023-06-23T14%3A20%3A00%2B00%3A00/tasks/python?try_number=1'),","chan":"stdout","logger":"task"}
{"timestamp":"2025-07-29T19:37:23.951930Z","level":"info","event":" 'triggering_asset_events': TriggeringAssetEventsAccessor(_events=defaultdict(<class 'list'>, {})),","chan":"stdout","logger":"task"}
{"timestamp":"2025-07-29T19:37:23.951986Z","level":"info","event":" 'ts': '2023-06-23T14:20:00+00:00',","chan":"stdout","logger":"task"}
{"timestamp":"2025-07-29T19:37:23.952029Z","level":"info","event":" 'ts_nodash': '20230623T142000',","chan":"stdout","logger":"task"}
{"timestamp":"2025-07-29T19:37:23.952079Z","level":"info","event":" 'ts_nodash_with_tz': '20230623T142000+0000',","chan":"stdout","logger":"task"}
{"timestamp":"2025-07-29T19:37:23.952129Z","level":"info","event":" 'var': {'json': <VariableAccessor (dynamic access)>,","chan":"stdout","logger":"task"}
{"timestamp":"2025-07-29T19:37:23.952171Z","level":"info","event":"         'value': <VariableAccessor (dynamic access)>}}","chan":"stdout","logger":"task"}
{"timestamp":"2025-07-29T19:37:23.952016","level":"info","event":"Done. Returned value was: 123","logger":"airflow.task.operators.airflow.providers.standard.operators.python.PythonOperator"}
{"timestamp":"2025-07-29T19:37:23.952231","level":"info","event":"Pushing xcom","ti":"RuntimeTaskInstance(id=UUID('019857b0-85da-7559-91d9-a4ed01d96f1d'), task_id='python', dag_id='python_operator_v1', run_id='scheduled__2023-06-23T14:20:00+00:00', try_number=1, map_index=-1, hostname='bf6f1e7a6f11', context_carrier={}, task=<Task(PythonOperator): python>, bundle_instance=LocalDagBundle(name=dags-folder), max_tries=0, start_date=datetime.datetime(2025, 7, 29, 19, 37, 23, 371642, tzinfo=datetime.timezone.utc), end_date=None, state=<TaskInstanceState.RUNNING: 'running'>, is_mapped=False, rendered_map_index=None, log_url='http://localhost:8080/dags/python_operator_v1/runs/scheduled__2023-06-23T14%3A20%3A00%2B00%3A00/tasks/python?try_number=1')","logger":"task"}
{"timestamp":"2025-07-29T19:37:23.979884Z","level":"info","event":"Task instance in success state","chan":"stdout","logger":"task"}
{"timestamp":"2025-07-29T19:37:23.980150Z","level":"info","event":" Previous state of the Task instance: TaskInstanceState.RUNNING","chan":"stdout","logger":"task"}
{"timestamp":"2025-07-29T19:37:23.980252Z","level":"info","event":"Task operator:<Task(PythonOperator): python>","chan":"stdout","logger":"task"}
