{"timestamp":"2025-07-29T19:44:09.126635","level":"info","event":"DAG bundles loaded: dags-folder, example_dags","logger":"airflow.dag_processing.bundles.manager.DagBundlesManager"}
{"timestamp":"2025-07-29T19:44:09.127483","level":"info","event":"Filling up the DagBag from /opt/airflow/dags/python_operator_v1.py","logger":"airflow.models.dagbag.DagBag"}
{"timestamp":"2025-07-29T19:44:09.158854Z","level":"info","event":"Task instance is in running state","chan":"stdout","logger":"task"}
{"timestamp":"2025-07-29T19:44:09.159042Z","level":"info","event":" Previous state of the Task instance: TaskInstanceState.QUEUED","chan":"stdout","logger":"task"}
{"timestamp":"2025-07-29T19:44:09.159475Z","level":"info","event":"Current task name:python","chan":"stdout","logger":"task"}
{"timestamp":"2025-07-29T19:44:09.159573Z","level":"info","event":"Dag name:python_operator_v1","chan":"stdout","logger":"task"}
{"timestamp":"2025-07-29T19:44:09.160895Z","level":"info","event":"poliana","chan":"stdout","logger":"task"}
{"timestamp":"2025-07-29T19:44:09.161881Z","level":"info","event":"{'conn': <ConnectionAccessor (dynamic access)>,","chan":"stdout","logger":"task"}
{"timestamp":"2025-07-29T19:44:09.162118Z","level":"info","event":" 'dag': <DAG: python_operator_v1>,","chan":"stdout","logger":"task"}
{"timestamp":"2025-07-29T19:44:09.162343Z","level":"info","event":" 'dag_run': DagRun(dag_id='python_operator_v1', run_id='scheduled__2023-06-23T21:33:00+00:00', logical_date=datetime.datetime(2023, 6, 23, 21, 33, tzinfo=datetime.timezone.utc), data_interval_start=datetime.datetime(2023, 6, 23, 21, 33, tzinfo=datetime.timezone.utc), data_interval_end=datetime.datetime(2023, 6, 23, 21, 33, tzinfo=datetime.timezone.utc), run_after=datetime.datetime(2023, 6, 23, 21, 33, tzinfo=datetime.timezone.utc), start_date=datetime.datetime(2025, 7, 29, 19, 44, 8, 288252, tzinfo=datetime.timezone.utc), end_date=None, clear_number=0, run_type=<DagRunType.SCHEDULED: 'scheduled'>, conf={}, consumed_asset_events=[]),","chan":"stdout","logger":"task"}
{"timestamp":"2025-07-29T19:44:09.162474Z","level":"info","event":" 'data_interval_end': DateTime(2023, 6, 23, 21, 33, 0, tzinfo=Timezone('UTC')),","chan":"stdout","logger":"task"}
{"timestamp":"2025-07-29T19:44:09.162559Z","level":"info","event":" 'data_interval_start': DateTime(2023, 6, 23, 21, 33, 0, tzinfo=Timezone('UTC')),","chan":"stdout","logger":"task"}
{"timestamp":"2025-07-29T19:44:09.162625Z","level":"info","event":" 'ds': '2023-06-23',","chan":"stdout","logger":"task"}
{"timestamp":"2025-07-29T19:44:09.162688Z","level":"info","event":" 'ds_nodash': '20230623',","chan":"stdout","logger":"task"}
{"timestamp":"2025-07-29T19:44:09.162749Z","level":"info","event":" 'inlet_events': InletEventsAccessors(_inlets=[], _assets={}, _asset_aliases={}),","chan":"stdout","logger":"task"}
{"timestamp":"2025-07-29T19:44:09.162810Z","level":"info","event":" 'inlets': [],","chan":"stdout","logger":"task"}
{"timestamp":"2025-07-29T19:44:09.162872Z","level":"info","event":" 'logical_date': DateTime(2023, 6, 23, 21, 33, 0, tzinfo=Timezone('UTC')),","chan":"stdout","logger":"task"}
{"timestamp":"2025-07-29T19:44:09.162932Z","level":"info","event":" 'macros': <MacrosAccessor (dynamic access to macros)>,","chan":"stdout","logger":"task"}
{"timestamp":"2025-07-29T19:44:09.163014Z","level":"info","event":" 'map_index_template': None,","chan":"stdout","logger":"task"}
{"timestamp":"2025-07-29T19:44:09.163093Z","level":"info","event":" 'outlet_events': <airflow.sdk.execution_time.context.OutletEventAccessors object at 0x7fb677ebfe30>,","chan":"stdout","logger":"task"}
{"timestamp":"2025-07-29T19:44:09.163157Z","level":"info","event":" 'outlets': [],","chan":"stdout","logger":"task"}
{"timestamp":"2025-07-29T19:44:09.163217Z","level":"info","event":" 'params': {},","chan":"stdout","logger":"task"}
{"timestamp":"2025-07-29T19:44:09.177935Z","level":"info","event":" 'prev_data_interval_end_success': <Proxy at 0x7fb66fdb9ca0 with factory <function RuntimeTaskInstance.get_template_context.<locals>.<lambda> at 0x7fb66fdd1760>>,","chan":"stdout","logger":"task"}
{"timestamp":"2025-07-29T19:44:09.178368Z","level":"info","event":" 'prev_data_interval_start_success': <Proxy at 0x7fb66fdb9e80 with factory <function RuntimeTaskInstance.get_template_context.<locals>.<lambda> at 0x7fb66fdd2e80>>,","chan":"stdout","logger":"task"}
{"timestamp":"2025-07-29T19:44:09.178546Z","level":"info","event":" 'prev_end_date_success': <Proxy at 0x7fb66fe97410 with factory <function RuntimeTaskInstance.get_template_context.<locals>.<lambda> at 0x7fb66fdd2f20>>,","chan":"stdout","logger":"task"}
{"timestamp":"2025-07-29T19:44:09.178639Z","level":"info","event":" 'prev_start_date_success': <Proxy at 0x7fb66fdb82f0 with factory <function RuntimeTaskInstance.get_template_context.<locals>.<lambda> at 0x7fb66fdd1c60>>,","chan":"stdout","logger":"task"}
{"timestamp":"2025-07-29T19:44:09.178718Z","level":"info","event":" 'run_id': 'scheduled__2023-06-23T21:33:00+00:00',","chan":"stdout","logger":"task"}
{"timestamp":"2025-07-29T19:44:09.178796Z","level":"info","event":" 'task': <Task(PythonOperator): python>,","chan":"stdout","logger":"task"}
{"timestamp":"2025-07-29T19:44:09.178880Z","level":"info","event":" 'task_instance': RuntimeTaskInstance(id=UUID('019857b6-b45c-744b-af32-d2fd54928cfd'), task_id='python', dag_id='python_operator_v1', run_id='scheduled__2023-06-23T21:33:00+00:00', try_number=1, map_index=-1, hostname='bf6f1e7a6f11', context_carrier={}, task=<Task(PythonOperator): python>, bundle_instance=LocalDagBundle(name=dags-folder), max_tries=0, start_date=datetime.datetime(2025, 7, 29, 19, 44, 8, 470793, tzinfo=datetime.timezone.utc), end_date=None, state=<TaskInstanceState.RUNNING: 'running'>, is_mapped=False, rendered_map_index=None, log_url='http://localhost:8080/dags/python_operator_v1/runs/scheduled__2023-06-23T21%3A33%3A00%2B00%3A00/tasks/python?try_number=1'),","chan":"stdout","logger":"task"}
{"timestamp":"2025-07-29T19:44:09.178963Z","level":"info","event":" 'task_instance_key_str': 'python_operator_v1__python__20230623',","chan":"stdout","logger":"task"}
{"timestamp":"2025-07-29T19:44:09.179037Z","level":"info","event":" 'task_reschedule_count': 0,","chan":"stdout","logger":"task"}
{"timestamp":"2025-07-29T19:44:09.179105Z","level":"info","event":" 'templates_dict': None,","chan":"stdout","logger":"task"}
{"timestamp":"2025-07-29T19:44:09.179174Z","level":"info","event":" 'ti': RuntimeTaskInstance(id=UUID('019857b6-b45c-744b-af32-d2fd54928cfd'), task_id='python', dag_id='python_operator_v1', run_id='scheduled__2023-06-23T21:33:00+00:00', try_number=1, map_index=-1, hostname='bf6f1e7a6f11', context_carrier={}, task=<Task(PythonOperator): python>, bundle_instance=LocalDagBundle(name=dags-folder), max_tries=0, start_date=datetime.datetime(2025, 7, 29, 19, 44, 8, 470793, tzinfo=datetime.timezone.utc), end_date=None, state=<TaskInstanceState.RUNNING: 'running'>, is_mapped=False, rendered_map_index=None, log_url='http://localhost:8080/dags/python_operator_v1/runs/scheduled__2023-06-23T21%3A33%3A00%2B00%3A00/tasks/python?try_number=1'),","chan":"stdout","logger":"task"}
{"timestamp":"2025-07-29T19:44:09.179246Z","level":"info","event":" 'triggering_asset_events': TriggeringAssetEventsAccessor(_events=defaultdict(<class 'list'>, {})),","chan":"stdout","logger":"task"}
{"timestamp":"2025-07-29T19:44:09.179313Z","level":"info","event":" 'ts': '2023-06-23T21:33:00+00:00',","chan":"stdout","logger":"task"}
{"timestamp":"2025-07-29T19:44:09.179381Z","level":"info","event":" 'ts_nodash': '20230623T213300',","chan":"stdout","logger":"task"}
{"timestamp":"2025-07-29T19:44:09.179450Z","level":"info","event":" 'ts_nodash_with_tz': '20230623T213300+0000',","chan":"stdout","logger":"task"}
{"timestamp":"2025-07-29T19:44:09.179720Z","level":"info","event":" 'var': {'json': <VariableAccessor (dynamic access)>,","chan":"stdout","logger":"task"}
{"timestamp":"2025-07-29T19:44:09.179818Z","level":"info","event":"         'value': <VariableAccessor (dynamic access)>}}","chan":"stdout","logger":"task"}
{"timestamp":"2025-07-29T19:44:09.179584","level":"info","event":"Done. Returned value was: 123","logger":"airflow.task.operators.airflow.providers.standard.operators.python.PythonOperator"}
{"timestamp":"2025-07-29T19:44:09.180519","level":"info","event":"Pushing xcom","ti":"RuntimeTaskInstance(id=UUID('019857b6-b45c-744b-af32-d2fd54928cfd'), task_id='python', dag_id='python_operator_v1', run_id='scheduled__2023-06-23T21:33:00+00:00', try_number=1, map_index=-1, hostname='bf6f1e7a6f11', context_carrier={}, task=<Task(PythonOperator): python>, bundle_instance=LocalDagBundle(name=dags-folder), max_tries=0, start_date=datetime.datetime(2025, 7, 29, 19, 44, 8, 470793, tzinfo=datetime.timezone.utc), end_date=None, state=<TaskInstanceState.RUNNING: 'running'>, is_mapped=False, rendered_map_index=None, log_url='http://localhost:8080/dags/python_operator_v1/runs/scheduled__2023-06-23T21%3A33%3A00%2B00%3A00/tasks/python?try_number=1')","logger":"task"}
{"timestamp":"2025-07-29T19:44:09.220182Z","level":"info","event":"Task instance in success state","chan":"stdout","logger":"task"}
{"timestamp":"2025-07-29T19:44:09.220385Z","level":"info","event":" Previous state of the Task instance: TaskInstanceState.RUNNING","chan":"stdout","logger":"task"}
{"timestamp":"2025-07-29T19:44:09.220777Z","level":"info","event":"Task operator:<Task(PythonOperator): python>","chan":"stdout","logger":"task"}
