{"timestamp":"2025-07-29T19:42:18.660410","level":"info","event":"DAG bundles loaded: dags-folder, example_dags","logger":"airflow.dag_processing.bundles.manager.DagBundlesManager"}
{"timestamp":"2025-07-29T19:42:18.661194","level":"info","event":"Filling up the DagBag from /opt/airflow/dags/python_operator_v1.py","logger":"airflow.models.dagbag.DagBag"}
{"timestamp":"2025-07-29T19:42:18.698244Z","level":"info","event":"Task instance is in running state","chan":"stdout","logger":"task"}
{"timestamp":"2025-07-29T19:42:18.698417Z","level":"info","event":" Previous state of the Task instance: TaskInstanceState.QUEUED","chan":"stdout","logger":"task"}
{"timestamp":"2025-07-29T19:42:18.698796Z","level":"info","event":"Current task name:python","chan":"stdout","logger":"task"}
{"timestamp":"2025-07-29T19:42:18.698882Z","level":"info","event":"Dag name:python_operator_v1","chan":"stdout","logger":"task"}
{"timestamp":"2025-07-29T19:42:18.699824Z","level":"info","event":"poliana","chan":"stdout","logger":"task"}
{"timestamp":"2025-07-29T19:42:18.700373Z","level":"info","event":"{'conn': <ConnectionAccessor (dynamic access)>,","chan":"stdout","logger":"task"}
{"timestamp":"2025-07-29T19:42:18.700468Z","level":"info","event":" 'dag': <DAG: python_operator_v1>,","chan":"stdout","logger":"task"}
{"timestamp":"2025-07-29T19:42:18.700592Z","level":"info","event":" 'dag_run': DagRun(dag_id='python_operator_v1', run_id='scheduled__2023-06-23T19:34:00+00:00', logical_date=datetime.datetime(2023, 6, 23, 19, 34, tzinfo=datetime.timezone.utc), data_interval_start=datetime.datetime(2023, 6, 23, 19, 34, tzinfo=datetime.timezone.utc), data_interval_end=datetime.datetime(2023, 6, 23, 19, 34, tzinfo=datetime.timezone.utc), run_after=datetime.datetime(2023, 6, 23, 19, 34, tzinfo=datetime.timezone.utc), start_date=datetime.datetime(2025, 7, 29, 19, 42, 17, 903799, tzinfo=datetime.timezone.utc), end_date=None, clear_number=0, run_type=<DagRunType.SCHEDULED: 'scheduled'>, conf={}, consumed_asset_events=[]),","chan":"stdout","logger":"task"}
{"timestamp":"2025-07-29T19:42:18.700669Z","level":"info","event":" 'data_interval_end': DateTime(2023, 6, 23, 19, 34, 0, tzinfo=Timezone('UTC')),","chan":"stdout","logger":"task"}
{"timestamp":"2025-07-29T19:42:18.700735Z","level":"info","event":" 'data_interval_start': DateTime(2023, 6, 23, 19, 34, 0, tzinfo=Timezone('UTC')),","chan":"stdout","logger":"task"}
{"timestamp":"2025-07-29T19:42:18.700798Z","level":"info","event":" 'ds': '2023-06-23',","chan":"stdout","logger":"task"}
{"timestamp":"2025-07-29T19:42:18.700860Z","level":"info","event":" 'ds_nodash': '20230623',","chan":"stdout","logger":"task"}
{"timestamp":"2025-07-29T19:42:18.700921Z","level":"info","event":" 'inlet_events': InletEventsAccessors(_inlets=[], _assets={}, _asset_aliases={}),","chan":"stdout","logger":"task"}
{"timestamp":"2025-07-29T19:42:18.700983Z","level":"info","event":" 'inlets': [],","chan":"stdout","logger":"task"}
{"timestamp":"2025-07-29T19:42:18.701045Z","level":"info","event":" 'logical_date': DateTime(2023, 6, 23, 19, 34, 0, tzinfo=Timezone('UTC')),","chan":"stdout","logger":"task"}
{"timestamp":"2025-07-29T19:42:18.701107Z","level":"info","event":" 'macros': <MacrosAccessor (dynamic access to macros)>,","chan":"stdout","logger":"task"}
{"timestamp":"2025-07-29T19:42:18.701168Z","level":"info","event":" 'map_index_template': None,","chan":"stdout","logger":"task"}
{"timestamp":"2025-07-29T19:42:18.701228Z","level":"info","event":" 'outlet_events': <airflow.sdk.execution_time.context.OutletEventAccessors object at 0x7fb67ea16b70>,","chan":"stdout","logger":"task"}
{"timestamp":"2025-07-29T19:42:18.701288Z","level":"info","event":" 'outlets': [],","chan":"stdout","logger":"task"}
{"timestamp":"2025-07-29T19:42:18.701348Z","level":"info","event":" 'params': {},","chan":"stdout","logger":"task"}
{"timestamp":"2025-07-29T19:42:18.709813Z","level":"info","event":" 'prev_data_interval_end_success': <Proxy at 0x7fb66fdc8380 with factory <function RuntimeTaskInstance.get_template_context.<locals>.<lambda> at 0x7fb66fdd80e0>>,","chan":"stdout","logger":"task"}
{"timestamp":"2025-07-29T19:42:18.710107Z","level":"info","event":" 'prev_data_interval_start_success': <Proxy at 0x7fb66fdc8140 with factory <function RuntimeTaskInstance.get_template_context.<locals>.<lambda> at 0x7fb66fdd9260>>,","chan":"stdout","logger":"task"}
{"timestamp":"2025-07-29T19:42:18.710205Z","level":"info","event":" 'prev_end_date_success': <Proxy at 0x7fb67ebbfe30 with factory <function RuntimeTaskInstance.get_template_context.<locals>.<lambda> at 0x7fb66fdc7a60>>,","chan":"stdout","logger":"task"}
{"timestamp":"2025-07-29T19:42:18.710266Z","level":"info","event":" 'prev_start_date_success': <Proxy at 0x7fb66fdc86e0 with factory <function RuntimeTaskInstance.get_template_context.<locals>.<lambda> at 0x7fb66fdc7f60>>,","chan":"stdout","logger":"task"}
{"timestamp":"2025-07-29T19:42:18.710312Z","level":"info","event":" 'run_id': 'scheduled__2023-06-23T19:34:00+00:00',","chan":"stdout","logger":"task"}
{"timestamp":"2025-07-29T19:42:18.710357Z","level":"info","event":" 'task': <Task(PythonOperator): python>,","chan":"stdout","logger":"task"}
{"timestamp":"2025-07-29T19:42:18.710401Z","level":"info","event":" 'task_instance': RuntimeTaskInstance(id=UUID('019857b5-052b-732f-afdc-f059be4e3a55'), task_id='python', dag_id='python_operator_v1', run_id='scheduled__2023-06-23T19:34:00+00:00', try_number=1, map_index=-1, hostname='bf6f1e7a6f11', context_carrier={}, task=<Task(PythonOperator): python>, bundle_instance=LocalDagBundle(name=dags-folder), max_tries=0, start_date=datetime.datetime(2025, 7, 29, 19, 42, 18, 100213, tzinfo=datetime.timezone.utc), end_date=None, state=<TaskInstanceState.RUNNING: 'running'>, is_mapped=False, rendered_map_index=None, log_url='http://localhost:8080/dags/python_operator_v1/runs/scheduled__2023-06-23T19%3A34%3A00%2B00%3A00/tasks/python?try_number=1'),","chan":"stdout","logger":"task"}
{"timestamp":"2025-07-29T19:42:18.710445Z","level":"info","event":" 'task_instance_key_str': 'python_operator_v1__python__20230623',","chan":"stdout","logger":"task"}
{"timestamp":"2025-07-29T19:42:18.710486Z","level":"info","event":" 'task_reschedule_count': 0,","chan":"stdout","logger":"task"}
{"timestamp":"2025-07-29T19:42:18.710527Z","level":"info","event":" 'templates_dict': None,","chan":"stdout","logger":"task"}
{"timestamp":"2025-07-29T19:42:18.710604Z","level":"info","event":" 'ti': RuntimeTaskInstance(id=UUID('019857b5-052b-732f-afdc-f059be4e3a55'), task_id='python', dag_id='python_operator_v1', run_id='scheduled__2023-06-23T19:34:00+00:00', try_number=1, map_index=-1, hostname='bf6f1e7a6f11', context_carrier={}, task=<Task(PythonOperator): python>, bundle_instance=LocalDagBundle(name=dags-folder), max_tries=0, start_date=datetime.datetime(2025, 7, 29, 19, 42, 18, 100213, tzinfo=datetime.timezone.utc), end_date=None, state=<TaskInstanceState.RUNNING: 'running'>, is_mapped=False, rendered_map_index=None, log_url='http://localhost:8080/dags/python_operator_v1/runs/scheduled__2023-06-23T19%3A34%3A00%2B00%3A00/tasks/python?try_number=1'),","chan":"stdout","logger":"task"}
{"timestamp":"2025-07-29T19:42:18.710656Z","level":"info","event":" 'triggering_asset_events': TriggeringAssetEventsAccessor(_events=defaultdict(<class 'list'>, {})),","chan":"stdout","logger":"task"}
{"timestamp":"2025-07-29T19:42:18.710699Z","level":"info","event":" 'ts': '2023-06-23T19:34:00+00:00',","chan":"stdout","logger":"task"}
{"timestamp":"2025-07-29T19:42:18.710739Z","level":"info","event":" 'ts_nodash': '20230623T193400',","chan":"stdout","logger":"task"}
{"timestamp":"2025-07-29T19:42:18.710783Z","level":"info","event":" 'ts_nodash_with_tz': '20230623T193400+0000',","chan":"stdout","logger":"task"}
{"timestamp":"2025-07-29T19:42:18.710823Z","level":"info","event":" 'var': {'json': <VariableAccessor (dynamic access)>,","chan":"stdout","logger":"task"}
{"timestamp":"2025-07-29T19:42:18.710863Z","level":"info","event":"         'value': <VariableAccessor (dynamic access)>}}","chan":"stdout","logger":"task"}
{"timestamp":"2025-07-29T19:42:18.710885","level":"info","event":"Done. Returned value was: 123","logger":"airflow.task.operators.airflow.providers.standard.operators.python.PythonOperator"}
{"timestamp":"2025-07-29T19:42:18.711271","level":"info","event":"Pushing xcom","ti":"RuntimeTaskInstance(id=UUID('019857b5-052b-732f-afdc-f059be4e3a55'), task_id='python', dag_id='python_operator_v1', run_id='scheduled__2023-06-23T19:34:00+00:00', try_number=1, map_index=-1, hostname='bf6f1e7a6f11', context_carrier={}, task=<Task(PythonOperator): python>, bundle_instance=LocalDagBundle(name=dags-folder), max_tries=0, start_date=datetime.datetime(2025, 7, 29, 19, 42, 18, 100213, tzinfo=datetime.timezone.utc), end_date=None, state=<TaskInstanceState.RUNNING: 'running'>, is_mapped=False, rendered_map_index=None, log_url='http://localhost:8080/dags/python_operator_v1/runs/scheduled__2023-06-23T19%3A34%3A00%2B00%3A00/tasks/python?try_number=1')","logger":"task"}
{"timestamp":"2025-07-29T19:42:18.736908Z","level":"info","event":"Task instance in success state","chan":"stdout","logger":"task"}
{"timestamp":"2025-07-29T19:42:18.737043Z","level":"info","event":" Previous state of the Task instance: TaskInstanceState.RUNNING","chan":"stdout","logger":"task"}
{"timestamp":"2025-07-29T19:42:18.737140Z","level":"info","event":"Task operator:<Task(PythonOperator): python>","chan":"stdout","logger":"task"}
