{"timestamp":"2025-07-29T19:32:07.549216","level":"info","event":"DAG bundles loaded: dags-folder, example_dags","logger":"airflow.dag_processing.bundles.manager.DagBundlesManager"}
{"timestamp":"2025-07-29T19:32:07.550113","level":"info","event":"Filling up the DagBag from /opt/airflow/dags/python_operator_v1.py","logger":"airflow.models.dagbag.DagBag"}
{"timestamp":"2025-07-29T19:32:07.598578Z","level":"info","event":"Task instance is in running state","chan":"stdout","logger":"task"}
{"timestamp":"2025-07-29T19:32:07.598790Z","level":"info","event":" Previous state of the Task instance: TaskInstanceState.QUEUED","chan":"stdout","logger":"task"}
{"timestamp":"2025-07-29T19:32:07.599303Z","level":"info","event":"Current task name:python","chan":"stdout","logger":"task"}
{"timestamp":"2025-07-29T19:32:07.599455Z","level":"info","event":"Dag name:python_operator_v1","chan":"stdout","logger":"task"}
{"timestamp":"2025-07-29T19:32:07.600844Z","level":"info","event":"poliana","chan":"stdout","logger":"task"}
{"timestamp":"2025-07-29T19:32:07.601670Z","level":"info","event":"{'conn': <ConnectionAccessor (dynamic access)>,","chan":"stdout","logger":"task"}
{"timestamp":"2025-07-29T19:32:07.601979Z","level":"info","event":" 'dag': <DAG: python_operator_v1>,","chan":"stdout","logger":"task"}
{"timestamp":"2025-07-29T19:32:07.602437Z","level":"info","event":" 'dag_run': DagRun(dag_id='python_operator_v1', run_id='scheduled__2023-06-23T08:21:00+00:00', logical_date=datetime.datetime(2023, 6, 23, 8, 21, tzinfo=datetime.timezone.utc), data_interval_start=datetime.datetime(2023, 6, 23, 8, 21, tzinfo=datetime.timezone.utc), data_interval_end=datetime.datetime(2023, 6, 23, 8, 21, tzinfo=datetime.timezone.utc), run_after=datetime.datetime(2023, 6, 23, 8, 21, tzinfo=datetime.timezone.utc), start_date=datetime.datetime(2025, 7, 29, 19, 32, 6, 651738, tzinfo=datetime.timezone.utc), end_date=None, clear_number=0, run_type=<DagRunType.SCHEDULED: 'scheduled'>, conf={}, consumed_asset_events=[]),","chan":"stdout","logger":"task"}
{"timestamp":"2025-07-29T19:32:07.602550Z","level":"info","event":" 'data_interval_end': DateTime(2023, 6, 23, 8, 21, 0, tzinfo=Timezone('UTC')),","chan":"stdout","logger":"task"}
{"timestamp":"2025-07-29T19:32:07.602617Z","level":"info","event":" 'data_interval_start': DateTime(2023, 6, 23, 8, 21, 0, tzinfo=Timezone('UTC')),","chan":"stdout","logger":"task"}
{"timestamp":"2025-07-29T19:32:07.602705Z","level":"info","event":" 'ds': '2023-06-23',","chan":"stdout","logger":"task"}
{"timestamp":"2025-07-29T19:32:07.602771Z","level":"info","event":" 'ds_nodash': '20230623',","chan":"stdout","logger":"task"}
{"timestamp":"2025-07-29T19:32:07.602830Z","level":"info","event":" 'inlet_events': InletEventsAccessors(_inlets=[], _assets={}, _asset_aliases={}),","chan":"stdout","logger":"task"}
{"timestamp":"2025-07-29T19:32:07.602896Z","level":"info","event":" 'inlets': [],","chan":"stdout","logger":"task"}
{"timestamp":"2025-07-29T19:32:07.602966Z","level":"info","event":" 'logical_date': DateTime(2023, 6, 23, 8, 21, 0, tzinfo=Timezone('UTC')),","chan":"stdout","logger":"task"}
{"timestamp":"2025-07-29T19:32:07.603035Z","level":"info","event":" 'macros': <MacrosAccessor (dynamic access to macros)>,","chan":"stdout","logger":"task"}
{"timestamp":"2025-07-29T19:32:07.603101Z","level":"info","event":" 'map_index_template': None,","chan":"stdout","logger":"task"}
{"timestamp":"2025-07-29T19:32:07.603169Z","level":"info","event":" 'outlet_events': <airflow.sdk.execution_time.context.OutletEventAccessors object at 0x7fb66fd15b50>,","chan":"stdout","logger":"task"}
{"timestamp":"2025-07-29T19:32:07.603279Z","level":"info","event":" 'outlets': [],","chan":"stdout","logger":"task"}
{"timestamp":"2025-07-29T19:32:07.603356Z","level":"info","event":" 'params': {},","chan":"stdout","logger":"task"}
{"timestamp":"2025-07-29T19:32:07.622424Z","level":"info","event":" 'prev_data_interval_end_success': <Proxy at 0x7fb66fc6ef60 with factory <function RuntimeTaskInstance.get_template_context.<locals>.<lambda> at 0x7fb66fc9c0e0>>,","chan":"stdout","logger":"task"}
{"timestamp":"2025-07-29T19:32:07.622823Z","level":"info","event":" 'prev_data_interval_start_success': <Proxy at 0x7fb66fc6edb0 with factory <function RuntimeTaskInstance.get_template_context.<locals>.<lambda> at 0x7fb66fc9d300>>,","chan":"stdout","logger":"task"}
{"timestamp":"2025-07-29T19:32:07.622988Z","level":"info","event":" 'prev_end_date_success': <Proxy at 0x7fb66fc6f260 with factory <function RuntimeTaskInstance.get_template_context.<locals>.<lambda> at 0x7fb66fc9d3a0>>,","chan":"stdout","logger":"task"}
{"timestamp":"2025-07-29T19:32:07.623072Z","level":"info","event":" 'prev_start_date_success': <Proxy at 0x7fb66fc6d130 with factory <function RuntimeTaskInstance.get_template_context.<locals>.<lambda> at 0x7fb66fc8fba0>>,","chan":"stdout","logger":"task"}
{"timestamp":"2025-07-29T19:32:07.623141Z","level":"info","event":" 'run_id': 'scheduled__2023-06-23T08:21:00+00:00',","chan":"stdout","logger":"task"}
{"timestamp":"2025-07-29T19:32:07.623206Z","level":"info","event":" 'task': <Task(PythonOperator): python>,","chan":"stdout","logger":"task"}
{"timestamp":"2025-07-29T19:32:07.623275Z","level":"info","event":" 'task_instance': RuntimeTaskInstance(id=UUID('019857ab-b176-7572-b701-60819399fd50'), task_id='python', dag_id='python_operator_v1', run_id='scheduled__2023-06-23T08:21:00+00:00', try_number=1, map_index=-1, hostname='bf6f1e7a6f11', context_carrier={}, task=<Task(PythonOperator): python>, bundle_instance=LocalDagBundle(name=dags-folder), max_tries=0, start_date=datetime.datetime(2025, 7, 29, 19, 32, 6, 856467, tzinfo=datetime.timezone.utc), end_date=None, state=<TaskInstanceState.RUNNING: 'running'>, is_mapped=False, rendered_map_index=None, log_url='http://localhost:8080/dags/python_operator_v1/runs/scheduled__2023-06-23T08%3A21%3A00%2B00%3A00/tasks/python?try_number=1'),","chan":"stdout","logger":"task"}
{"timestamp":"2025-07-29T19:32:07.623676Z","level":"info","event":" 'task_instance_key_str': 'python_operator_v1__python__20230623',","chan":"stdout","logger":"task"}
{"timestamp":"2025-07-29T19:32:07.623781Z","level":"info","event":" 'task_reschedule_count': 0,","chan":"stdout","logger":"task"}
{"timestamp":"2025-07-29T19:32:07.623972Z","level":"info","event":" 'templates_dict': None,","chan":"stdout","logger":"task"}
{"timestamp":"2025-07-29T19:32:07.624166Z","level":"info","event":" 'ti': RuntimeTaskInstance(id=UUID('019857ab-b176-7572-b701-60819399fd50'), task_id='python', dag_id='python_operator_v1', run_id='scheduled__2023-06-23T08:21:00+00:00', try_number=1, map_index=-1, hostname='bf6f1e7a6f11', context_carrier={}, task=<Task(PythonOperator): python>, bundle_instance=LocalDagBundle(name=dags-folder), max_tries=0, start_date=datetime.datetime(2025, 7, 29, 19, 32, 6, 856467, tzinfo=datetime.timezone.utc), end_date=None, state=<TaskInstanceState.RUNNING: 'running'>, is_mapped=False, rendered_map_index=None, log_url='http://localhost:8080/dags/python_operator_v1/runs/scheduled__2023-06-23T08%3A21%3A00%2B00%3A00/tasks/python?try_number=1'),","chan":"stdout","logger":"task"}
{"timestamp":"2025-07-29T19:32:07.624390Z","level":"info","event":" 'triggering_asset_events': TriggeringAssetEventsAccessor(_events=defaultdict(<class 'list'>, {})),","chan":"stdout","logger":"task"}
{"timestamp":"2025-07-29T19:32:07.624505Z","level":"info","event":" 'ts': '2023-06-23T08:21:00+00:00',","chan":"stdout","logger":"task"}
{"timestamp":"2025-07-29T19:32:07.624575Z","level":"info","event":" 'ts_nodash': '20230623T082100',","chan":"stdout","logger":"task"}
{"timestamp":"2025-07-29T19:32:07.624642Z","level":"info","event":" 'ts_nodash_with_tz': '20230623T082100+0000',","chan":"stdout","logger":"task"}
{"timestamp":"2025-07-29T19:32:07.624817Z","level":"info","event":" 'var': {'json': <VariableAccessor (dynamic access)>,","chan":"stdout","logger":"task"}
{"timestamp":"2025-07-29T19:32:07.624904Z","level":"info","event":"         'value': <VariableAccessor (dynamic access)>}}","chan":"stdout","logger":"task"}
{"timestamp":"2025-07-29T19:32:07.623906","level":"info","event":"Done. Returned value was: 123","logger":"airflow.task.operators.airflow.providers.standard.operators.python.PythonOperator"}
{"timestamp":"2025-07-29T19:32:07.624625","level":"info","event":"Pushing xcom","ti":"RuntimeTaskInstance(id=UUID('019857ab-b176-7572-b701-60819399fd50'), task_id='python', dag_id='python_operator_v1', run_id='scheduled__2023-06-23T08:21:00+00:00', try_number=1, map_index=-1, hostname='bf6f1e7a6f11', context_carrier={}, task=<Task(PythonOperator): python>, bundle_instance=LocalDagBundle(name=dags-folder), max_tries=0, start_date=datetime.datetime(2025, 7, 29, 19, 32, 6, 856467, tzinfo=datetime.timezone.utc), end_date=None, state=<TaskInstanceState.RUNNING: 'running'>, is_mapped=False, rendered_map_index=None, log_url='http://localhost:8080/dags/python_operator_v1/runs/scheduled__2023-06-23T08%3A21%3A00%2B00%3A00/tasks/python?try_number=1')","logger":"task"}
{"timestamp":"2025-07-29T19:32:07.662585Z","level":"info","event":"Task instance in success state","chan":"stdout","logger":"task"}
{"timestamp":"2025-07-29T19:32:07.662785Z","level":"info","event":" Previous state of the Task instance: TaskInstanceState.RUNNING","chan":"stdout","logger":"task"}
{"timestamp":"2025-07-29T19:32:07.662942Z","level":"info","event":"Task operator:<Task(PythonOperator): python>","chan":"stdout","logger":"task"}
