{"timestamp":"2025-07-29T20:03:15.919301","level":"info","event":"DAG bundles loaded: dags-folder, example_dags","logger":"airflow.dag_processing.bundles.manager.DagBundlesManager"}
{"timestamp":"2025-07-29T20:03:15.920014","level":"info","event":"Filling up the DagBag from /opt/airflow/dags/2_python_operator_v1.py","logger":"airflow.models.dagbag.DagBag"}
{"timestamp":"2025-07-29T20:03:16.015170Z","level":"info","event":"Task instance is in running state","chan":"stdout","logger":"task"}
{"timestamp":"2025-07-29T20:03:16.015586Z","level":"info","event":" Previous state of the Task instance: TaskInstanceState.QUEUED","chan":"stdout","logger":"task"}
{"timestamp":"2025-07-29T20:03:16.016513Z","level":"info","event":"Current task name:python","chan":"stdout","logger":"task"}
{"timestamp":"2025-07-29T20:03:16.016682Z","level":"info","event":"Dag name:python_operator_v1","chan":"stdout","logger":"task"}
{"timestamp":"2025-07-29T20:03:16.018014Z","level":"info","event":"poliana","chan":"stdout","logger":"task"}
{"timestamp":"2025-07-29T20:03:16.018842Z","level":"info","event":"{'conn': <ConnectionAccessor (dynamic access)>,","chan":"stdout","logger":"task"}
{"timestamp":"2025-07-29T20:03:16.018983Z","level":"info","event":" 'dag': <DAG: python_operator_v1>,","chan":"stdout","logger":"task"}
{"timestamp":"2025-07-29T20:03:16.019123Z","level":"info","event":" 'dag_run': DagRun(dag_id='python_operator_v1', run_id='scheduled__2023-06-24T17:17:00+00:00', logical_date=datetime.datetime(2023, 6, 24, 17, 17, tzinfo=datetime.timezone.utc), data_interval_start=datetime.datetime(2023, 6, 24, 17, 17, tzinfo=datetime.timezone.utc), data_interval_end=datetime.datetime(2023, 6, 24, 17, 17, tzinfo=datetime.timezone.utc), run_after=datetime.datetime(2023, 6, 24, 17, 17, tzinfo=datetime.timezone.utc), start_date=datetime.datetime(2025, 7, 29, 20, 3, 14, 259082, tzinfo=datetime.timezone.utc), end_date=None, clear_number=0, run_type=<DagRunType.SCHEDULED: 'scheduled'>, conf={}, consumed_asset_events=[]),","chan":"stdout","logger":"task"}
{"timestamp":"2025-07-29T20:03:16.019259Z","level":"info","event":" 'data_interval_end': DateTime(2023, 6, 24, 17, 17, 0, tzinfo=Timezone('UTC')),","chan":"stdout","logger":"task"}
{"timestamp":"2025-07-29T20:03:16.019341Z","level":"info","event":" 'data_interval_start': DateTime(2023, 6, 24, 17, 17, 0, tzinfo=Timezone('UTC')),","chan":"stdout","logger":"task"}
{"timestamp":"2025-07-29T20:03:16.019413Z","level":"info","event":" 'ds': '2023-06-24',","chan":"stdout","logger":"task"}
{"timestamp":"2025-07-29T20:03:16.019472Z","level":"info","event":" 'ds_nodash': '20230624',","chan":"stdout","logger":"task"}
{"timestamp":"2025-07-29T20:03:16.019516Z","level":"info","event":" 'inlet_events': InletEventsAccessors(_inlets=[], _assets={}, _asset_aliases={}),","chan":"stdout","logger":"task"}
{"timestamp":"2025-07-29T20:03:16.019558Z","level":"info","event":" 'inlets': [],","chan":"stdout","logger":"task"}
{"timestamp":"2025-07-29T20:03:16.019599Z","level":"info","event":" 'logical_date': DateTime(2023, 6, 24, 17, 17, 0, tzinfo=Timezone('UTC')),","chan":"stdout","logger":"task"}
{"timestamp":"2025-07-29T20:03:16.019639Z","level":"info","event":" 'macros': <MacrosAccessor (dynamic access to macros)>,","chan":"stdout","logger":"task"}
{"timestamp":"2025-07-29T20:03:16.019718Z","level":"info","event":" 'map_index_template': None,","chan":"stdout","logger":"task"}
{"timestamp":"2025-07-29T20:03:16.019791Z","level":"info","event":" 'outlet_events': <airflow.sdk.execution_time.context.OutletEventAccessors object at 0x7fb67bb265d0>,","chan":"stdout","logger":"task"}
{"timestamp":"2025-07-29T20:03:16.019861Z","level":"info","event":" 'outlets': [],","chan":"stdout","logger":"task"}
{"timestamp":"2025-07-29T20:03:16.019928Z","level":"info","event":" 'params': {},","chan":"stdout","logger":"task"}
{"timestamp":"2025-07-29T20:03:16.031711Z","level":"info","event":" 'prev_data_interval_end_success': <Proxy at 0x7fb66fc4c560 with factory <function RuntimeTaskInstance.get_template_context.<locals>.<lambda> at 0x7fb66fc70040>>,","chan":"stdout","logger":"task"}
{"timestamp":"2025-07-29T20:03:16.032004Z","level":"info","event":" 'prev_data_interval_start_success': <Proxy at 0x7fb66fc4c5c0 with factory <function RuntimeTaskInstance.get_template_context.<locals>.<lambda> at 0x7fb66fc4b060>>,","chan":"stdout","logger":"task"}
{"timestamp":"2025-07-29T20:03:16.032110Z","level":"info","event":" 'prev_end_date_success': <Proxy at 0x7fb67e9f7710 with factory <function RuntimeTaskInstance.get_template_context.<locals>.<lambda> at 0x7fb66fc4aa20>>,","chan":"stdout","logger":"task"}
{"timestamp":"2025-07-29T20:03:16.032178Z","level":"info","event":" 'prev_start_date_success': <Proxy at 0x7fb67ea76ae0 with factory <function RuntimeTaskInstance.get_template_context.<locals>.<lambda> at 0x7fb66fc4af20>>,","chan":"stdout","logger":"task"}
{"timestamp":"2025-07-29T20:03:16.032240Z","level":"info","event":" 'run_id': 'scheduled__2023-06-24T17:17:00+00:00',","chan":"stdout","logger":"task"}
{"timestamp":"2025-07-29T20:03:16.032301Z","level":"info","event":" 'task': <Task(PythonOperator): python>,","chan":"stdout","logger":"task"}
{"timestamp":"2025-07-29T20:03:16.032363Z","level":"info","event":" 'task_instance': RuntimeTaskInstance(id=UUID('019857c8-30b8-7a9b-ac74-5438fd34d757'), task_id='python', dag_id='python_operator_v1', run_id='scheduled__2023-06-24T17:17:00+00:00', try_number=1, map_index=-1, hostname='bf6f1e7a6f11', context_carrier={}, task=<Task(PythonOperator): python>, bundle_instance=LocalDagBundle(name=dags-folder), max_tries=0, start_date=datetime.datetime(2025, 7, 29, 20, 3, 15, 242539, tzinfo=datetime.timezone.utc), end_date=None, state=<TaskInstanceState.RUNNING: 'running'>, is_mapped=False, rendered_map_index=None, log_url='http://localhost:8080/dags/python_operator_v1/runs/scheduled__2023-06-24T17%3A17%3A00%2B00%3A00/tasks/python?try_number=1'),","chan":"stdout","logger":"task"}
{"timestamp":"2025-07-29T20:03:16.032431Z","level":"info","event":" 'task_instance_key_str': 'python_operator_v1__python__20230624',","chan":"stdout","logger":"task"}
{"timestamp":"2025-07-29T20:03:16.032499Z","level":"info","event":" 'task_reschedule_count': 0,","chan":"stdout","logger":"task"}
{"timestamp":"2025-07-29T20:03:16.032557Z","level":"info","event":" 'templates_dict': None,","chan":"stdout","logger":"task"}
{"timestamp":"2025-07-29T20:03:16.032684Z","level":"info","event":" 'ti': RuntimeTaskInstance(id=UUID('019857c8-30b8-7a9b-ac74-5438fd34d757'), task_id='python', dag_id='python_operator_v1', run_id='scheduled__2023-06-24T17:17:00+00:00', try_number=1, map_index=-1, hostname='bf6f1e7a6f11', context_carrier={}, task=<Task(PythonOperator): python>, bundle_instance=LocalDagBundle(name=dags-folder), max_tries=0, start_date=datetime.datetime(2025, 7, 29, 20, 3, 15, 242539, tzinfo=datetime.timezone.utc), end_date=None, state=<TaskInstanceState.RUNNING: 'running'>, is_mapped=False, rendered_map_index=None, log_url='http://localhost:8080/dags/python_operator_v1/runs/scheduled__2023-06-24T17%3A17%3A00%2B00%3A00/tasks/python?try_number=1'),","chan":"stdout","logger":"task"}
{"timestamp":"2025-07-29T20:03:16.032762Z","level":"info","event":" 'triggering_asset_events': TriggeringAssetEventsAccessor(_events=defaultdict(<class 'list'>, {})),","chan":"stdout","logger":"task"}
{"timestamp":"2025-07-29T20:03:16.032826Z","level":"info","event":" 'ts': '2023-06-24T17:17:00+00:00',","chan":"stdout","logger":"task"}
{"timestamp":"2025-07-29T20:03:16.032870Z","level":"info","event":" 'ts_nodash': '20230624T171700',","chan":"stdout","logger":"task"}
{"timestamp":"2025-07-29T20:03:16.032911Z","level":"info","event":" 'ts_nodash_with_tz': '20230624T171700+0000',","chan":"stdout","logger":"task"}
{"timestamp":"2025-07-29T20:03:16.032951Z","level":"info","event":" 'var': {'json': <VariableAccessor (dynamic access)>,","chan":"stdout","logger":"task"}
{"timestamp":"2025-07-29T20:03:16.033025Z","level":"info","event":"         'value': <VariableAccessor (dynamic access)>}}","chan":"stdout","logger":"task"}
{"timestamp":"2025-07-29T20:03:16.032914","level":"info","event":"Done. Returned value was: 123","logger":"airflow.task.operators.airflow.providers.standard.operators.python.PythonOperator"}
{"timestamp":"2025-07-29T20:03:16.033292","level":"info","event":"Pushing xcom","ti":"RuntimeTaskInstance(id=UUID('019857c8-30b8-7a9b-ac74-5438fd34d757'), task_id='python', dag_id='python_operator_v1', run_id='scheduled__2023-06-24T17:17:00+00:00', try_number=1, map_index=-1, hostname='bf6f1e7a6f11', context_carrier={}, task=<Task(PythonOperator): python>, bundle_instance=LocalDagBundle(name=dags-folder), max_tries=0, start_date=datetime.datetime(2025, 7, 29, 20, 3, 15, 242539, tzinfo=datetime.timezone.utc), end_date=None, state=<TaskInstanceState.RUNNING: 'running'>, is_mapped=False, rendered_map_index=None, log_url='http://localhost:8080/dags/python_operator_v1/runs/scheduled__2023-06-24T17%3A17%3A00%2B00%3A00/tasks/python?try_number=1')","logger":"task"}
{"timestamp":"2025-07-29T20:03:16.062334Z","level":"info","event":"Task instance in success state","chan":"stdout","logger":"task"}
{"timestamp":"2025-07-29T20:03:16.062656Z","level":"info","event":" Previous state of the Task instance: TaskInstanceState.RUNNING","chan":"stdout","logger":"task"}
{"timestamp":"2025-07-29T20:03:16.062807Z","level":"info","event":"Task operator:<Task(PythonOperator): python>","chan":"stdout","logger":"task"}
