{"timestamp":"2025-07-29T20:06:34.325889","level":"info","event":"DAG bundles loaded: dags-folder, example_dags","logger":"airflow.dag_processing.bundles.manager.DagBundlesManager"}
{"timestamp":"2025-07-29T20:06:34.327740","level":"info","event":"Filling up the DagBag from /opt/airflow/dags/2_python_operator_v1.py","logger":"airflow.models.dagbag.DagBag"}
{"timestamp":"2025-07-29T20:06:34.377576Z","level":"info","event":"Task instance is in running state","chan":"stdout","logger":"task"}
{"timestamp":"2025-07-29T20:06:34.377734Z","level":"info","event":" Previous state of the Task instance: TaskInstanceState.QUEUED","chan":"stdout","logger":"task"}
{"timestamp":"2025-07-29T20:06:34.378233Z","level":"info","event":"Current task name:python","chan":"stdout","logger":"task"}
{"timestamp":"2025-07-29T20:06:34.378353Z","level":"info","event":"Dag name:python_operator_v1","chan":"stdout","logger":"task"}
{"timestamp":"2025-07-29T20:06:34.379516Z","level":"info","event":"poliana","chan":"stdout","logger":"task"}
{"timestamp":"2025-07-29T20:06:34.380443Z","level":"info","event":"{'conn': <ConnectionAccessor (dynamic access)>,","chan":"stdout","logger":"task"}
{"timestamp":"2025-07-29T20:06:34.380660Z","level":"info","event":" 'dag': <DAG: python_operator_v1>,","chan":"stdout","logger":"task"}
{"timestamp":"2025-07-29T20:06:34.380878Z","level":"info","event":" 'dag_run': DagRun(dag_id='python_operator_v1', run_id='scheduled__2023-06-24T20:23:00+00:00', logical_date=datetime.datetime(2023, 6, 24, 20, 23, tzinfo=datetime.timezone.utc), data_interval_start=datetime.datetime(2023, 6, 24, 20, 23, tzinfo=datetime.timezone.utc), data_interval_end=datetime.datetime(2023, 6, 24, 20, 23, tzinfo=datetime.timezone.utc), run_after=datetime.datetime(2023, 6, 24, 20, 23, tzinfo=datetime.timezone.utc), start_date=datetime.datetime(2025, 7, 29, 20, 6, 32, 582806, tzinfo=datetime.timezone.utc), end_date=None, clear_number=0, run_type=<DagRunType.SCHEDULED: 'scheduled'>, conf={}, consumed_asset_events=[]),","chan":"stdout","logger":"task"}
{"timestamp":"2025-07-29T20:06:34.381031Z","level":"info","event":" 'data_interval_end': DateTime(2023, 6, 24, 20, 23, 0, tzinfo=Timezone('UTC')),","chan":"stdout","logger":"task"}
{"timestamp":"2025-07-29T20:06:34.381123Z","level":"info","event":" 'data_interval_start': DateTime(2023, 6, 24, 20, 23, 0, tzinfo=Timezone('UTC')),","chan":"stdout","logger":"task"}
{"timestamp":"2025-07-29T20:06:34.381195Z","level":"info","event":" 'ds': '2023-06-24',","chan":"stdout","logger":"task"}
{"timestamp":"2025-07-29T20:06:34.381277Z","level":"info","event":" 'ds_nodash': '20230624',","chan":"stdout","logger":"task"}
{"timestamp":"2025-07-29T20:06:34.381348Z","level":"info","event":" 'inlet_events': InletEventsAccessors(_inlets=[], _assets={}, _asset_aliases={}),","chan":"stdout","logger":"task"}
{"timestamp":"2025-07-29T20:06:34.381438Z","level":"info","event":" 'inlets': [],","chan":"stdout","logger":"task"}
{"timestamp":"2025-07-29T20:06:34.381515Z","level":"info","event":" 'logical_date': DateTime(2023, 6, 24, 20, 23, 0, tzinfo=Timezone('UTC')),","chan":"stdout","logger":"task"}
{"timestamp":"2025-07-29T20:06:34.381586Z","level":"info","event":" 'macros': <MacrosAccessor (dynamic access to macros)>,","chan":"stdout","logger":"task"}
{"timestamp":"2025-07-29T20:06:34.381657Z","level":"info","event":" 'map_index_template': None,","chan":"stdout","logger":"task"}
{"timestamp":"2025-07-29T20:06:34.381728Z","level":"info","event":" 'outlet_events': <airflow.sdk.execution_time.context.OutletEventAccessors object at 0x7fb66fd6e690>,","chan":"stdout","logger":"task"}
{"timestamp":"2025-07-29T20:06:34.381798Z","level":"info","event":" 'outlets': [],","chan":"stdout","logger":"task"}
{"timestamp":"2025-07-29T20:06:34.381869Z","level":"info","event":" 'params': {},","chan":"stdout","logger":"task"}
{"timestamp":"2025-07-29T20:06:34.423684Z","level":"info","event":" 'prev_data_interval_end_success': <Proxy at 0x7fb66fdfd370 with factory <function RuntimeTaskInstance.get_template_context.<locals>.<lambda> at 0x7fb66fc1d080>>,","chan":"stdout","logger":"task"}
{"timestamp":"2025-07-29T20:06:34.423988Z","level":"info","event":" 'prev_data_interval_start_success': <Proxy at 0x7fb66fdfc710 with factory <function RuntimeTaskInstance.get_template_context.<locals>.<lambda> at 0x7fb66fc0bec0>>,","chan":"stdout","logger":"task"}
{"timestamp":"2025-07-29T20:06:34.424125Z","level":"info","event":" 'prev_end_date_success': <Proxy at 0x7fb66fdfd820 with factory <function RuntimeTaskInstance.get_template_context.<locals>.<lambda> at 0x7fb66fc0b880>>,","chan":"stdout","logger":"task"}
{"timestamp":"2025-07-29T20:06:34.424259Z","level":"info","event":" 'prev_start_date_success': <Proxy at 0x7fb66fdfd7f0 with factory <function RuntimeTaskInstance.get_template_context.<locals>.<lambda> at 0x7fb66fc0bd80>>,","chan":"stdout","logger":"task"}
{"timestamp":"2025-07-29T20:06:34.424345Z","level":"info","event":" 'run_id': 'scheduled__2023-06-24T20:23:00+00:00',","chan":"stdout","logger":"task"}
{"timestamp":"2025-07-29T20:06:34.424418Z","level":"info","event":" 'task': <Task(PythonOperator): python>,","chan":"stdout","logger":"task"}
{"timestamp":"2025-07-29T20:06:34.424679Z","level":"info","event":" 'task_instance': RuntimeTaskInstance(id=UUID('019857cb-3777-7c0b-93c7-af6e7113457d'), task_id='python', dag_id='python_operator_v1', run_id='scheduled__2023-06-24T20:23:00+00:00', try_number=1, map_index=-1, hostname='bf6f1e7a6f11', context_carrier={}, task=<Task(PythonOperator): python>, bundle_instance=LocalDagBundle(name=dags-folder), max_tries=0, start_date=datetime.datetime(2025, 7, 29, 20, 6, 33, 263469, tzinfo=datetime.timezone.utc), end_date=None, state=<TaskInstanceState.RUNNING: 'running'>, is_mapped=False, rendered_map_index=None, log_url='http://localhost:8080/dags/python_operator_v1/runs/scheduled__2023-06-24T20%3A23%3A00%2B00%3A00/tasks/python?try_number=1'),","chan":"stdout","logger":"task"}
{"timestamp":"2025-07-29T20:06:34.424806Z","level":"info","event":" 'task_instance_key_str': 'python_operator_v1__python__20230624',","chan":"stdout","logger":"task"}
{"timestamp":"2025-07-29T20:06:34.424930Z","level":"info","event":" 'task_reschedule_count': 0,","chan":"stdout","logger":"task"}
{"timestamp":"2025-07-29T20:06:34.425020Z","level":"info","event":" 'templates_dict': None,","chan":"stdout","logger":"task"}
{"timestamp":"2025-07-29T20:06:34.425297Z","level":"info","event":" 'ti': RuntimeTaskInstance(id=UUID('019857cb-3777-7c0b-93c7-af6e7113457d'), task_id='python', dag_id='python_operator_v1', run_id='scheduled__2023-06-24T20:23:00+00:00', try_number=1, map_index=-1, hostname='bf6f1e7a6f11', context_carrier={}, task=<Task(PythonOperator): python>, bundle_instance=LocalDagBundle(name=dags-folder), max_tries=0, start_date=datetime.datetime(2025, 7, 29, 20, 6, 33, 263469, tzinfo=datetime.timezone.utc), end_date=None, state=<TaskInstanceState.RUNNING: 'running'>, is_mapped=False, rendered_map_index=None, log_url='http://localhost:8080/dags/python_operator_v1/runs/scheduled__2023-06-24T20%3A23%3A00%2B00%3A00/tasks/python?try_number=1'),","chan":"stdout","logger":"task"}
{"timestamp":"2025-07-29T20:06:34.425424Z","level":"info","event":" 'triggering_asset_events': TriggeringAssetEventsAccessor(_events=defaultdict(<class 'list'>, {})),","chan":"stdout","logger":"task"}
{"timestamp":"2025-07-29T20:06:34.425510Z","level":"info","event":" 'ts': '2023-06-24T20:23:00+00:00',","chan":"stdout","logger":"task"}
{"timestamp":"2025-07-29T20:06:34.425587Z","level":"info","event":" 'ts_nodash': '20230624T202300',","chan":"stdout","logger":"task"}
{"timestamp":"2025-07-29T20:06:34.425652Z","level":"info","event":" 'ts_nodash_with_tz': '20230624T202300+0000',","chan":"stdout","logger":"task"}
{"timestamp":"2025-07-29T20:06:34.425715Z","level":"info","event":" 'var': {'json': <VariableAccessor (dynamic access)>,","chan":"stdout","logger":"task"}
{"timestamp":"2025-07-29T20:06:34.425779Z","level":"info","event":"         'value': <VariableAccessor (dynamic access)>}}","chan":"stdout","logger":"task"}
{"timestamp":"2025-07-29T20:06:34.425232","level":"info","event":"Done. Returned value was: 123","logger":"airflow.task.operators.airflow.providers.standard.operators.python.PythonOperator"}
{"timestamp":"2025-07-29T20:06:34.425621","level":"info","event":"Pushing xcom","ti":"RuntimeTaskInstance(id=UUID('019857cb-3777-7c0b-93c7-af6e7113457d'), task_id='python', dag_id='python_operator_v1', run_id='scheduled__2023-06-24T20:23:00+00:00', try_number=1, map_index=-1, hostname='bf6f1e7a6f11', context_carrier={}, task=<Task(PythonOperator): python>, bundle_instance=LocalDagBundle(name=dags-folder), max_tries=0, start_date=datetime.datetime(2025, 7, 29, 20, 6, 33, 263469, tzinfo=datetime.timezone.utc), end_date=None, state=<TaskInstanceState.RUNNING: 'running'>, is_mapped=False, rendered_map_index=None, log_url='http://localhost:8080/dags/python_operator_v1/runs/scheduled__2023-06-24T20%3A23%3A00%2B00%3A00/tasks/python?try_number=1')","logger":"task"}
{"timestamp":"2025-07-29T20:06:34.469692Z","level":"info","event":"Task instance in success state","chan":"stdout","logger":"task"}
{"timestamp":"2025-07-29T20:06:34.469890Z","level":"info","event":" Previous state of the Task instance: TaskInstanceState.RUNNING","chan":"stdout","logger":"task"}
{"timestamp":"2025-07-29T20:06:34.469994Z","level":"info","event":"Task operator:<Task(PythonOperator): python>","chan":"stdout","logger":"task"}
