{"timestamp":"2025-07-29T19:33:38.746917","level":"info","event":"DAG bundles loaded: dags-folder, example_dags","logger":"airflow.dag_processing.bundles.manager.DagBundlesManager"}
{"timestamp":"2025-07-29T19:33:38.748101","level":"info","event":"Filling up the DagBag from /opt/airflow/dags/python_operator_v1.py","logger":"airflow.models.dagbag.DagBag"}
{"timestamp":"2025-07-29T19:33:38.778612Z","level":"info","event":"Task instance is in running state","chan":"stdout","logger":"task"}
{"timestamp":"2025-07-29T19:33:38.778780Z","level":"info","event":" Previous state of the Task instance: TaskInstanceState.QUEUED","chan":"stdout","logger":"task"}
{"timestamp":"2025-07-29T19:33:38.779318Z","level":"info","event":"Current task name:python","chan":"stdout","logger":"task"}
{"timestamp":"2025-07-29T19:33:38.779466Z","level":"info","event":"Dag name:python_operator_v1","chan":"stdout","logger":"task"}
{"timestamp":"2025-07-29T19:33:38.781124Z","level":"info","event":"poliana","chan":"stdout","logger":"task"}
{"timestamp":"2025-07-29T19:33:38.781774Z","level":"info","event":"{'conn': <ConnectionAccessor (dynamic access)>,","chan":"stdout","logger":"task"}
{"timestamp":"2025-07-29T19:33:38.781878Z","level":"info","event":" 'dag': <DAG: python_operator_v1>,","chan":"stdout","logger":"task"}
{"timestamp":"2025-07-29T19:33:38.781980Z","level":"info","event":" 'dag_run': DagRun(dag_id='python_operator_v1', run_id='scheduled__2023-06-23T10:09:00+00:00', logical_date=datetime.datetime(2023, 6, 23, 10, 9, tzinfo=datetime.timezone.utc), data_interval_start=datetime.datetime(2023, 6, 23, 10, 9, tzinfo=datetime.timezone.utc), data_interval_end=datetime.datetime(2023, 6, 23, 10, 9, tzinfo=datetime.timezone.utc), run_after=datetime.datetime(2023, 6, 23, 10, 9, tzinfo=datetime.timezone.utc), start_date=datetime.datetime(2025, 7, 29, 19, 33, 37, 162029, tzinfo=datetime.timezone.utc), end_date=None, clear_number=0, run_type=<DagRunType.SCHEDULED: 'scheduled'>, conf={}, consumed_asset_events=[]),","chan":"stdout","logger":"task"}
{"timestamp":"2025-07-29T19:33:38.782039Z","level":"info","event":" 'data_interval_end': DateTime(2023, 6, 23, 10, 9, 0, tzinfo=Timezone('UTC')),","chan":"stdout","logger":"task"}
{"timestamp":"2025-07-29T19:33:38.782085Z","level":"info","event":" 'data_interval_start': DateTime(2023, 6, 23, 10, 9, 0, tzinfo=Timezone('UTC')),","chan":"stdout","logger":"task"}
{"timestamp":"2025-07-29T19:33:38.782128Z","level":"info","event":" 'ds': '2023-06-23',","chan":"stdout","logger":"task"}
{"timestamp":"2025-07-29T19:33:38.782169Z","level":"info","event":" 'ds_nodash': '20230623',","chan":"stdout","logger":"task"}
{"timestamp":"2025-07-29T19:33:38.782211Z","level":"info","event":" 'inlet_events': InletEventsAccessors(_inlets=[], _assets={}, _asset_aliases={}),","chan":"stdout","logger":"task"}
{"timestamp":"2025-07-29T19:33:38.782251Z","level":"info","event":" 'inlets': [],","chan":"stdout","logger":"task"}
{"timestamp":"2025-07-29T19:33:38.782292Z","level":"info","event":" 'logical_date': DateTime(2023, 6, 23, 10, 9, 0, tzinfo=Timezone('UTC')),","chan":"stdout","logger":"task"}
{"timestamp":"2025-07-29T19:33:38.782332Z","level":"info","event":" 'macros': <MacrosAccessor (dynamic access to macros)>,","chan":"stdout","logger":"task"}
{"timestamp":"2025-07-29T19:33:38.782372Z","level":"info","event":" 'map_index_template': None,","chan":"stdout","logger":"task"}
{"timestamp":"2025-07-29T19:33:38.782415Z","level":"info","event":" 'outlet_events': <airflow.sdk.execution_time.context.OutletEventAccessors object at 0x7fb67cbbe1b0>,","chan":"stdout","logger":"task"}
{"timestamp":"2025-07-29T19:33:38.782456Z","level":"info","event":" 'outlets': [],","chan":"stdout","logger":"task"}
{"timestamp":"2025-07-29T19:33:38.782496Z","level":"info","event":" 'params': {},","chan":"stdout","logger":"task"}
{"timestamp":"2025-07-29T19:33:38.792602Z","level":"info","event":" 'prev_data_interval_end_success': <Proxy at 0x7fb66fc91d00 with factory <function RuntimeTaskInstance.get_template_context.<locals>.<lambda> at 0x7fb66fca2660>>,","chan":"stdout","logger":"task"}
{"timestamp":"2025-07-29T19:33:38.792901Z","level":"info","event":" 'prev_data_interval_start_success': <Proxy at 0x7fb66fc91d90 with factory <function RuntimeTaskInstance.get_template_context.<locals>.<lambda> at 0x7fb66fca3d80>>,","chan":"stdout","logger":"task"}
{"timestamp":"2025-07-29T19:33:38.793041Z","level":"info","event":" 'prev_end_date_success': <Proxy at 0x7fb66fd02fc0 with factory <function RuntimeTaskInstance.get_template_context.<locals>.<lambda> at 0x7fb66fca3e20>>,","chan":"stdout","logger":"task"}
{"timestamp":"2025-07-29T19:33:38.793119Z","level":"info","event":" 'prev_start_date_success': <Proxy at 0x7fb66fc63fb0 with factory <function RuntimeTaskInstance.get_template_context.<locals>.<lambda> at 0x7fb66fca2b60>>,","chan":"stdout","logger":"task"}
{"timestamp":"2025-07-29T19:33:38.793186Z","level":"info","event":" 'run_id': 'scheduled__2023-06-23T10:09:00+00:00',","chan":"stdout","logger":"task"}
{"timestamp":"2025-07-29T19:33:38.793252Z","level":"info","event":" 'task': <Task(PythonOperator): python>,","chan":"stdout","logger":"task"}
{"timestamp":"2025-07-29T19:33:38.793321Z","level":"info","event":" 'task_instance': RuntimeTaskInstance(id=UUID('019857ad-1306-7a82-8007-c9e68fefff69'), task_id='python', dag_id='python_operator_v1', run_id='scheduled__2023-06-23T10:09:00+00:00', try_number=1, map_index=-1, hostname='bf6f1e7a6f11', context_carrier={}, task=<Task(PythonOperator): python>, bundle_instance=LocalDagBundle(name=dags-folder), max_tries=0, start_date=datetime.datetime(2025, 7, 29, 19, 33, 38, 287506, tzinfo=datetime.timezone.utc), end_date=None, state=<TaskInstanceState.RUNNING: 'running'>, is_mapped=False, rendered_map_index=None, log_url='http://localhost:8080/dags/python_operator_v1/runs/scheduled__2023-06-23T10%3A09%3A00%2B00%3A00/tasks/python?try_number=1'),","chan":"stdout","logger":"task"}
{"timestamp":"2025-07-29T19:33:38.793389Z","level":"info","event":" 'task_instance_key_str': 'python_operator_v1__python__20230623',","chan":"stdout","logger":"task"}
{"timestamp":"2025-07-29T19:33:38.793452Z","level":"info","event":" 'task_reschedule_count': 0,","chan":"stdout","logger":"task"}
{"timestamp":"2025-07-29T19:33:38.793515Z","level":"info","event":" 'templates_dict': None,","chan":"stdout","logger":"task"}
{"timestamp":"2025-07-29T19:33:38.793578Z","level":"info","event":" 'ti': RuntimeTaskInstance(id=UUID('019857ad-1306-7a82-8007-c9e68fefff69'), task_id='python', dag_id='python_operator_v1', run_id='scheduled__2023-06-23T10:09:00+00:00', try_number=1, map_index=-1, hostname='bf6f1e7a6f11', context_carrier={}, task=<Task(PythonOperator): python>, bundle_instance=LocalDagBundle(name=dags-folder), max_tries=0, start_date=datetime.datetime(2025, 7, 29, 19, 33, 38, 287506, tzinfo=datetime.timezone.utc), end_date=None, state=<TaskInstanceState.RUNNING: 'running'>, is_mapped=False, rendered_map_index=None, log_url='http://localhost:8080/dags/python_operator_v1/runs/scheduled__2023-06-23T10%3A09%3A00%2B00%3A00/tasks/python?try_number=1'),","chan":"stdout","logger":"task"}
{"timestamp":"2025-07-29T19:33:38.793642Z","level":"info","event":" 'triggering_asset_events': TriggeringAssetEventsAccessor(_events=defaultdict(<class 'list'>, {})),","chan":"stdout","logger":"task"}
{"timestamp":"2025-07-29T19:33:38.793704Z","level":"info","event":" 'ts': '2023-06-23T10:09:00+00:00',","chan":"stdout","logger":"task"}
{"timestamp":"2025-07-29T19:33:38.793765Z","level":"info","event":" 'ts_nodash': '20230623T100900',","chan":"stdout","logger":"task"}
{"timestamp":"2025-07-29T19:33:38.793824Z","level":"info","event":" 'ts_nodash_with_tz': '20230623T100900+0000',","chan":"stdout","logger":"task"}
{"timestamp":"2025-07-29T19:33:38.793932Z","level":"info","event":" 'var': {'json': <VariableAccessor (dynamic access)>,","chan":"stdout","logger":"task"}
{"timestamp":"2025-07-29T19:33:38.794001Z","level":"info","event":"         'value': <VariableAccessor (dynamic access)>}}","chan":"stdout","logger":"task"}
{"timestamp":"2025-07-29T19:33:38.793492","level":"info","event":"Done. Returned value was: 123","logger":"airflow.task.operators.airflow.providers.standard.operators.python.PythonOperator"}
{"timestamp":"2025-07-29T19:33:38.793744","level":"info","event":"Pushing xcom","ti":"RuntimeTaskInstance(id=UUID('019857ad-1306-7a82-8007-c9e68fefff69'), task_id='python', dag_id='python_operator_v1', run_id='scheduled__2023-06-23T10:09:00+00:00', try_number=1, map_index=-1, hostname='bf6f1e7a6f11', context_carrier={}, task=<Task(PythonOperator): python>, bundle_instance=LocalDagBundle(name=dags-folder), max_tries=0, start_date=datetime.datetime(2025, 7, 29, 19, 33, 38, 287506, tzinfo=datetime.timezone.utc), end_date=None, state=<TaskInstanceState.RUNNING: 'running'>, is_mapped=False, rendered_map_index=None, log_url='http://localhost:8080/dags/python_operator_v1/runs/scheduled__2023-06-23T10%3A09%3A00%2B00%3A00/tasks/python?try_number=1')","logger":"task"}
{"timestamp":"2025-07-29T19:33:38.821766Z","level":"info","event":"Task instance in success state","chan":"stdout","logger":"task"}
{"timestamp":"2025-07-29T19:33:38.822082Z","level":"info","event":" Previous state of the Task instance: TaskInstanceState.RUNNING","chan":"stdout","logger":"task"}
{"timestamp":"2025-07-29T19:33:38.822262Z","level":"info","event":"Task operator:<Task(PythonOperator): python>","chan":"stdout","logger":"task"}
