{"timestamp":"2025-07-29T19:53:12.700718","level":"info","event":"DAG bundles loaded: dags-folder, example_dags","logger":"airflow.dag_processing.bundles.manager.DagBundlesManager"}
{"timestamp":"2025-07-29T19:53:12.701755","level":"info","event":"Filling up the DagBag from /opt/airflow/dags/2_python_operator_v1.py","logger":"airflow.models.dagbag.DagBag"}
{"timestamp":"2025-07-29T19:53:12.731787Z","level":"info","event":"Task instance is in running state","chan":"stdout","logger":"task"}
{"timestamp":"2025-07-29T19:53:12.731942Z","level":"info","event":" Previous state of the Task instance: TaskInstanceState.QUEUED","chan":"stdout","logger":"task"}
{"timestamp":"2025-07-29T19:53:12.732533Z","level":"info","event":"Current task name:python","chan":"stdout","logger":"task"}
{"timestamp":"2025-07-29T19:53:12.732640Z","level":"info","event":"Dag name:python_operator_v1","chan":"stdout","logger":"task"}
{"timestamp":"2025-07-29T19:53:12.733735Z","level":"info","event":"poliana","chan":"stdout","logger":"task"}
{"timestamp":"2025-07-29T19:53:12.734359Z","level":"info","event":"{'conn': <ConnectionAccessor (dynamic access)>,","chan":"stdout","logger":"task"}
{"timestamp":"2025-07-29T19:53:12.734455Z","level":"info","event":" 'dag': <DAG: python_operator_v1>,","chan":"stdout","logger":"task"}
{"timestamp":"2025-07-29T19:53:12.734553Z","level":"info","event":" 'dag_run': DagRun(dag_id='python_operator_v1', run_id='scheduled__2023-06-24T07:45:00+00:00', logical_date=datetime.datetime(2023, 6, 24, 7, 45, tzinfo=datetime.timezone.utc), data_interval_start=datetime.datetime(2023, 6, 24, 7, 45, tzinfo=datetime.timezone.utc), data_interval_end=datetime.datetime(2023, 6, 24, 7, 45, tzinfo=datetime.timezone.utc), run_after=datetime.datetime(2023, 6, 24, 7, 45, tzinfo=datetime.timezone.utc), start_date=datetime.datetime(2025, 7, 29, 19, 53, 11, 544815, tzinfo=datetime.timezone.utc), end_date=None, clear_number=0, run_type=<DagRunType.SCHEDULED: 'scheduled'>, conf={}, consumed_asset_events=[]),","chan":"stdout","logger":"task"}
{"timestamp":"2025-07-29T19:53:12.734631Z","level":"info","event":" 'data_interval_end': DateTime(2023, 6, 24, 7, 45, 0, tzinfo=Timezone('UTC')),","chan":"stdout","logger":"task"}
{"timestamp":"2025-07-29T19:53:12.734688Z","level":"info","event":" 'data_interval_start': DateTime(2023, 6, 24, 7, 45, 0, tzinfo=Timezone('UTC')),","chan":"stdout","logger":"task"}
{"timestamp":"2025-07-29T19:53:12.734732Z","level":"info","event":" 'ds': '2023-06-24',","chan":"stdout","logger":"task"}
{"timestamp":"2025-07-29T19:53:12.734776Z","level":"info","event":" 'ds_nodash': '20230624',","chan":"stdout","logger":"task"}
{"timestamp":"2025-07-29T19:53:12.734818Z","level":"info","event":" 'inlet_events': InletEventsAccessors(_inlets=[], _assets={}, _asset_aliases={}),","chan":"stdout","logger":"task"}
{"timestamp":"2025-07-29T19:53:12.734859Z","level":"info","event":" 'inlets': [],","chan":"stdout","logger":"task"}
{"timestamp":"2025-07-29T19:53:12.734899Z","level":"info","event":" 'logical_date': DateTime(2023, 6, 24, 7, 45, 0, tzinfo=Timezone('UTC')),","chan":"stdout","logger":"task"}
{"timestamp":"2025-07-29T19:53:12.734941Z","level":"info","event":" 'macros': <MacrosAccessor (dynamic access to macros)>,","chan":"stdout","logger":"task"}
{"timestamp":"2025-07-29T19:53:12.734983Z","level":"info","event":" 'map_index_template': None,","chan":"stdout","logger":"task"}
{"timestamp":"2025-07-29T19:53:12.735023Z","level":"info","event":" 'outlet_events': <airflow.sdk.execution_time.context.OutletEventAccessors object at 0x7fb677ab4a40>,","chan":"stdout","logger":"task"}
{"timestamp":"2025-07-29T19:53:12.735064Z","level":"info","event":" 'outlets': [],","chan":"stdout","logger":"task"}
{"timestamp":"2025-07-29T19:53:12.735104Z","level":"info","event":" 'params': {},","chan":"stdout","logger":"task"}
{"timestamp":"2025-07-29T19:53:12.746402Z","level":"info","event":" 'prev_data_interval_end_success': <Proxy at 0x7fb66fde1fa0 with factory <function RuntimeTaskInstance.get_template_context.<locals>.<lambda> at 0x7fb66fc04ae0>>,","chan":"stdout","logger":"task"}
{"timestamp":"2025-07-29T19:53:12.746595Z","level":"info","event":" 'prev_data_interval_start_success': <Proxy at 0x7fb66fde1d90 with factory <function RuntimeTaskInstance.get_template_context.<locals>.<lambda> at 0x7fb66fc06200>>,","chan":"stdout","logger":"task"}
{"timestamp":"2025-07-29T19:53:12.746661Z","level":"info","event":" 'prev_end_date_success': <Proxy at 0x7fb67ebcfe30 with factory <function RuntimeTaskInstance.get_template_context.<locals>.<lambda> at 0x7fb66fc062a0>>,","chan":"stdout","logger":"task"}
{"timestamp":"2025-07-29T19:53:12.746711Z","level":"info","event":" 'prev_start_date_success': <Proxy at 0x7fb66fde0830 with factory <function RuntimeTaskInstance.get_template_context.<locals>.<lambda> at 0x7fb66fc04fe0>>,","chan":"stdout","logger":"task"}
{"timestamp":"2025-07-29T19:53:12.746756Z","level":"info","event":" 'run_id': 'scheduled__2023-06-24T07:45:00+00:00',","chan":"stdout","logger":"task"}
{"timestamp":"2025-07-29T19:53:12.746798Z","level":"info","event":" 'task': <Task(PythonOperator): python>,","chan":"stdout","logger":"task"}
{"timestamp":"2025-07-29T19:53:12.746845Z","level":"info","event":" 'task_instance': RuntimeTaskInstance(id=UUID('019857be-fe6f-760b-adbb-d11ada7d6756'), task_id='python', dag_id='python_operator_v1', run_id='scheduled__2023-06-24T07:45:00+00:00', try_number=1, map_index=-1, hostname='bf6f1e7a6f11', context_carrier={}, task=<Task(PythonOperator): python>, bundle_instance=LocalDagBundle(name=dags-folder), max_tries=0, start_date=datetime.datetime(2025, 7, 29, 19, 53, 12, 31700, tzinfo=datetime.timezone.utc), end_date=None, state=<TaskInstanceState.RUNNING: 'running'>, is_mapped=False, rendered_map_index=None, log_url='http://localhost:8080/dags/python_operator_v1/runs/scheduled__2023-06-24T07%3A45%3A00%2B00%3A00/tasks/python?try_number=1'),","chan":"stdout","logger":"task"}
{"timestamp":"2025-07-29T19:53:12.746891Z","level":"info","event":" 'task_instance_key_str': 'python_operator_v1__python__20230624',","chan":"stdout","logger":"task"}
{"timestamp":"2025-07-29T19:53:12.746932Z","level":"info","event":" 'task_reschedule_count': 0,","chan":"stdout","logger":"task"}
{"timestamp":"2025-07-29T19:53:12.746973Z","level":"info","event":" 'templates_dict': None,","chan":"stdout","logger":"task"}
{"timestamp":"2025-07-29T19:53:12.747014Z","level":"info","event":" 'ti': RuntimeTaskInstance(id=UUID('019857be-fe6f-760b-adbb-d11ada7d6756'), task_id='python', dag_id='python_operator_v1', run_id='scheduled__2023-06-24T07:45:00+00:00', try_number=1, map_index=-1, hostname='bf6f1e7a6f11', context_carrier={}, task=<Task(PythonOperator): python>, bundle_instance=LocalDagBundle(name=dags-folder), max_tries=0, start_date=datetime.datetime(2025, 7, 29, 19, 53, 12, 31700, tzinfo=datetime.timezone.utc), end_date=None, state=<TaskInstanceState.RUNNING: 'running'>, is_mapped=False, rendered_map_index=None, log_url='http://localhost:8080/dags/python_operator_v1/runs/scheduled__2023-06-24T07%3A45%3A00%2B00%3A00/tasks/python?try_number=1'),","chan":"stdout","logger":"task"}
{"timestamp":"2025-07-29T19:53:12.747082Z","level":"info","event":" 'triggering_asset_events': TriggeringAssetEventsAccessor(_events=defaultdict(<class 'list'>, {})),","chan":"stdout","logger":"task"}
{"timestamp":"2025-07-29T19:53:12.747130Z","level":"info","event":" 'ts': '2023-06-24T07:45:00+00:00',","chan":"stdout","logger":"task"}
{"timestamp":"2025-07-29T19:53:12.747172Z","level":"info","event":" 'ts_nodash': '20230624T074500',","chan":"stdout","logger":"task"}
{"timestamp":"2025-07-29T19:53:12.747213Z","level":"info","event":" 'ts_nodash_with_tz': '20230624T074500+0000',","chan":"stdout","logger":"task"}
{"timestamp":"2025-07-29T19:53:12.747253Z","level":"info","event":" 'var': {'json': <VariableAccessor (dynamic access)>,","chan":"stdout","logger":"task"}
{"timestamp":"2025-07-29T19:53:12.747293Z","level":"info","event":"         'value': <VariableAccessor (dynamic access)>}}","chan":"stdout","logger":"task"}
{"timestamp":"2025-07-29T19:53:12.747091","level":"info","event":"Done. Returned value was: 123","logger":"airflow.task.operators.airflow.providers.standard.operators.python.PythonOperator"}
{"timestamp":"2025-07-29T19:53:12.747259","level":"info","event":"Pushing xcom","ti":"RuntimeTaskInstance(id=UUID('019857be-fe6f-760b-adbb-d11ada7d6756'), task_id='python', dag_id='python_operator_v1', run_id='scheduled__2023-06-24T07:45:00+00:00', try_number=1, map_index=-1, hostname='bf6f1e7a6f11', context_carrier={}, task=<Task(PythonOperator): python>, bundle_instance=LocalDagBundle(name=dags-folder), max_tries=0, start_date=datetime.datetime(2025, 7, 29, 19, 53, 12, 31700, tzinfo=datetime.timezone.utc), end_date=None, state=<TaskInstanceState.RUNNING: 'running'>, is_mapped=False, rendered_map_index=None, log_url='http://localhost:8080/dags/python_operator_v1/runs/scheduled__2023-06-24T07%3A45%3A00%2B00%3A00/tasks/python?try_number=1')","logger":"task"}
{"timestamp":"2025-07-29T19:53:12.774095Z","level":"info","event":"Task instance in success state","chan":"stdout","logger":"task"}
{"timestamp":"2025-07-29T19:53:12.774336Z","level":"info","event":" Previous state of the Task instance: TaskInstanceState.RUNNING","chan":"stdout","logger":"task"}
{"timestamp":"2025-07-29T19:53:12.774459Z","level":"info","event":"Task operator:<Task(PythonOperator): python>","chan":"stdout","logger":"task"}
