{"timestamp":"2025-07-29T19:34:34.144702","level":"info","event":"DAG bundles loaded: dags-folder, example_dags","logger":"airflow.dag_processing.bundles.manager.DagBundlesManager"}
{"timestamp":"2025-07-29T19:34:34.145241","level":"info","event":"Filling up the DagBag from /opt/airflow/dags/python_operator_v1.py","logger":"airflow.models.dagbag.DagBag"}
{"timestamp":"2025-07-29T19:34:34.174421Z","level":"info","event":"Task instance is in running state","chan":"stdout","logger":"task"}
{"timestamp":"2025-07-29T19:34:34.174633Z","level":"info","event":" Previous state of the Task instance: TaskInstanceState.QUEUED","chan":"stdout","logger":"task"}
{"timestamp":"2025-07-29T19:34:34.175097Z","level":"info","event":"Current task name:python","chan":"stdout","logger":"task"}
{"timestamp":"2025-07-29T19:34:34.175213Z","level":"info","event":"Dag name:python_operator_v1","chan":"stdout","logger":"task"}
{"timestamp":"2025-07-29T19:34:34.176464Z","level":"info","event":"poliana","chan":"stdout","logger":"task"}
{"timestamp":"2025-07-29T19:34:34.177250Z","level":"info","event":"{'conn': <ConnectionAccessor (dynamic access)>,","chan":"stdout","logger":"task"}
{"timestamp":"2025-07-29T19:34:34.177447Z","level":"info","event":" 'dag': <DAG: python_operator_v1>,","chan":"stdout","logger":"task"}
{"timestamp":"2025-07-29T19:34:34.177611Z","level":"info","event":" 'dag_run': DagRun(dag_id='python_operator_v1', run_id='scheduled__2023-06-23T11:15:00+00:00', logical_date=datetime.datetime(2023, 6, 23, 11, 15, tzinfo=datetime.timezone.utc), data_interval_start=datetime.datetime(2023, 6, 23, 11, 15, tzinfo=datetime.timezone.utc), data_interval_end=datetime.datetime(2023, 6, 23, 11, 15, tzinfo=datetime.timezone.utc), run_after=datetime.datetime(2023, 6, 23, 11, 15, tzinfo=datetime.timezone.utc), start_date=datetime.datetime(2025, 7, 29, 19, 34, 33, 379637, tzinfo=datetime.timezone.utc), end_date=None, clear_number=0, run_type=<DagRunType.SCHEDULED: 'scheduled'>, conf={}, consumed_asset_events=[]),","chan":"stdout","logger":"task"}
{"timestamp":"2025-07-29T19:34:34.177764Z","level":"info","event":" 'data_interval_end': DateTime(2023, 6, 23, 11, 15, 0, tzinfo=Timezone('UTC')),","chan":"stdout","logger":"task"}
{"timestamp":"2025-07-29T19:34:34.177877Z","level":"info","event":" 'data_interval_start': DateTime(2023, 6, 23, 11, 15, 0, tzinfo=Timezone('UTC')),","chan":"stdout","logger":"task"}
{"timestamp":"2025-07-29T19:34:34.177964Z","level":"info","event":" 'ds': '2023-06-23',","chan":"stdout","logger":"task"}
{"timestamp":"2025-07-29T19:34:34.178047Z","level":"info","event":" 'ds_nodash': '20230623',","chan":"stdout","logger":"task"}
{"timestamp":"2025-07-29T19:34:34.178125Z","level":"info","event":" 'inlet_events': InletEventsAccessors(_inlets=[], _assets={}, _asset_aliases={}),","chan":"stdout","logger":"task"}
{"timestamp":"2025-07-29T19:34:34.178206Z","level":"info","event":" 'inlets': [],","chan":"stdout","logger":"task"}
{"timestamp":"2025-07-29T19:34:34.178284Z","level":"info","event":" 'logical_date': DateTime(2023, 6, 23, 11, 15, 0, tzinfo=Timezone('UTC')),","chan":"stdout","logger":"task"}
{"timestamp":"2025-07-29T19:34:34.178361Z","level":"info","event":" 'macros': <MacrosAccessor (dynamic access to macros)>,","chan":"stdout","logger":"task"}
{"timestamp":"2025-07-29T19:34:34.178433Z","level":"info","event":" 'map_index_template': None,","chan":"stdout","logger":"task"}
{"timestamp":"2025-07-29T19:34:34.178510Z","level":"info","event":" 'outlet_events': <airflow.sdk.execution_time.context.OutletEventAccessors object at 0x7fb66fe37590>,","chan":"stdout","logger":"task"}
{"timestamp":"2025-07-29T19:34:34.178614Z","level":"info","event":" 'outlets': [],","chan":"stdout","logger":"task"}
{"timestamp":"2025-07-29T19:34:34.178696Z","level":"info","event":" 'params': {},","chan":"stdout","logger":"task"}
{"timestamp":"2025-07-29T19:34:34.190025Z","level":"info","event":" 'prev_data_interval_end_success': <Proxy at 0x7fb66fc83ad0 with factory <function RuntimeTaskInstance.get_template_context.<locals>.<lambda> at 0x7fb66fca47c0>>,","chan":"stdout","logger":"task"}
{"timestamp":"2025-07-29T19:34:34.190233Z","level":"info","event":" 'prev_data_interval_start_success': <Proxy at 0x7fb66fc838f0 with factory <function RuntimeTaskInstance.get_template_context.<locals>.<lambda> at 0x7fb66fca5ee0>>,","chan":"stdout","logger":"task"}
{"timestamp":"2025-07-29T19:34:34.190329Z","level":"info","event":" 'prev_end_date_success': <Proxy at 0x7fb66fd87410 with factory <function RuntimeTaskInstance.get_template_context.<locals>.<lambda> at 0x7fb66fca5f80>>,","chan":"stdout","logger":"task"}
{"timestamp":"2025-07-29T19:34:34.190403Z","level":"info","event":" 'prev_start_date_success': <Proxy at 0x7fb66fc82420 with factory <function RuntimeTaskInstance.get_template_context.<locals>.<lambda> at 0x7fb66fca4cc0>>,","chan":"stdout","logger":"task"}
{"timestamp":"2025-07-29T19:34:34.190470Z","level":"info","event":" 'run_id': 'scheduled__2023-06-23T11:15:00+00:00',","chan":"stdout","logger":"task"}
{"timestamp":"2025-07-29T19:34:34.190534Z","level":"info","event":" 'task': <Task(PythonOperator): python>,","chan":"stdout","logger":"task"}
{"timestamp":"2025-07-29T19:34:34.190606Z","level":"info","event":" 'task_instance': RuntimeTaskInstance(id=UUID('019857ad-ee9e-7fc1-95fa-ae486f2cca40'), task_id='python', dag_id='python_operator_v1', run_id='scheduled__2023-06-23T11:15:00+00:00', try_number=1, map_index=-1, hostname='bf6f1e7a6f11', context_carrier={}, task=<Task(PythonOperator): python>, bundle_instance=LocalDagBundle(name=dags-folder), max_tries=0, start_date=datetime.datetime(2025, 7, 29, 19, 34, 33, 593758, tzinfo=datetime.timezone.utc), end_date=None, state=<TaskInstanceState.RUNNING: 'running'>, is_mapped=False, rendered_map_index=None, log_url='http://localhost:8080/dags/python_operator_v1/runs/scheduled__2023-06-23T11%3A15%3A00%2B00%3A00/tasks/python?try_number=1'),","chan":"stdout","logger":"task"}
{"timestamp":"2025-07-29T19:34:34.190675Z","level":"info","event":" 'task_instance_key_str': 'python_operator_v1__python__20230623',","chan":"stdout","logger":"task"}
{"timestamp":"2025-07-29T19:34:34.190739Z","level":"info","event":" 'task_reschedule_count': 0,","chan":"stdout","logger":"task"}
{"timestamp":"2025-07-29T19:34:34.190802Z","level":"info","event":" 'templates_dict': None,","chan":"stdout","logger":"task"}
{"timestamp":"2025-07-29T19:34:34.190864Z","level":"info","event":" 'ti': RuntimeTaskInstance(id=UUID('019857ad-ee9e-7fc1-95fa-ae486f2cca40'), task_id='python', dag_id='python_operator_v1', run_id='scheduled__2023-06-23T11:15:00+00:00', try_number=1, map_index=-1, hostname='bf6f1e7a6f11', context_carrier={}, task=<Task(PythonOperator): python>, bundle_instance=LocalDagBundle(name=dags-folder), max_tries=0, start_date=datetime.datetime(2025, 7, 29, 19, 34, 33, 593758, tzinfo=datetime.timezone.utc), end_date=None, state=<TaskInstanceState.RUNNING: 'running'>, is_mapped=False, rendered_map_index=None, log_url='http://localhost:8080/dags/python_operator_v1/runs/scheduled__2023-06-23T11%3A15%3A00%2B00%3A00/tasks/python?try_number=1'),","chan":"stdout","logger":"task"}
{"timestamp":"2025-07-29T19:34:34.190928Z","level":"info","event":" 'triggering_asset_events': TriggeringAssetEventsAccessor(_events=defaultdict(<class 'list'>, {})),","chan":"stdout","logger":"task"}
{"timestamp":"2025-07-29T19:34:34.190990Z","level":"info","event":" 'ts': '2023-06-23T11:15:00+00:00',","chan":"stdout","logger":"task"}
{"timestamp":"2025-07-29T19:34:34.191051Z","level":"info","event":" 'ts_nodash': '20230623T111500',","chan":"stdout","logger":"task"}
{"timestamp":"2025-07-29T19:34:34.191112Z","level":"info","event":" 'ts_nodash_with_tz': '20230623T111500+0000',","chan":"stdout","logger":"task"}
{"timestamp":"2025-07-29T19:34:34.191217Z","level":"info","event":" 'var': {'json': <VariableAccessor (dynamic access)>,","chan":"stdout","logger":"task"}
{"timestamp":"2025-07-29T19:34:34.191289Z","level":"info","event":"         'value': <VariableAccessor (dynamic access)>}}","chan":"stdout","logger":"task"}
{"timestamp":"2025-07-29T19:34:34.190680","level":"info","event":"Done. Returned value was: 123","logger":"airflow.task.operators.airflow.providers.standard.operators.python.PythonOperator"}
{"timestamp":"2025-07-29T19:34:34.190896","level":"info","event":"Pushing xcom","ti":"RuntimeTaskInstance(id=UUID('019857ad-ee9e-7fc1-95fa-ae486f2cca40'), task_id='python', dag_id='python_operator_v1', run_id='scheduled__2023-06-23T11:15:00+00:00', try_number=1, map_index=-1, hostname='bf6f1e7a6f11', context_carrier={}, task=<Task(PythonOperator): python>, bundle_instance=LocalDagBundle(name=dags-folder), max_tries=0, start_date=datetime.datetime(2025, 7, 29, 19, 34, 33, 593758, tzinfo=datetime.timezone.utc), end_date=None, state=<TaskInstanceState.RUNNING: 'running'>, is_mapped=False, rendered_map_index=None, log_url='http://localhost:8080/dags/python_operator_v1/runs/scheduled__2023-06-23T11%3A15%3A00%2B00%3A00/tasks/python?try_number=1')","logger":"task"}
{"timestamp":"2025-07-29T19:34:34.216030Z","level":"info","event":"Task instance in success state","chan":"stdout","logger":"task"}
{"timestamp":"2025-07-29T19:34:34.216259Z","level":"info","event":" Previous state of the Task instance: TaskInstanceState.RUNNING","chan":"stdout","logger":"task"}
{"timestamp":"2025-07-29T19:34:34.216458Z","level":"info","event":"Task operator:<Task(PythonOperator): python>","chan":"stdout","logger":"task"}
