{"timestamp":"2025-07-29T19:39:15.817129","level":"info","event":"DAG bundles loaded: dags-folder, example_dags","logger":"airflow.dag_processing.bundles.manager.DagBundlesManager"}
{"timestamp":"2025-07-29T19:39:15.818042","level":"info","event":"Filling up the DagBag from /opt/airflow/dags/python_operator_v1.py","logger":"airflow.models.dagbag.DagBag"}
{"timestamp":"2025-07-29T19:39:15.848292Z","level":"info","event":"Task instance is in running state","chan":"stdout","logger":"task"}
{"timestamp":"2025-07-29T19:39:15.848456Z","level":"info","event":" Previous state of the Task instance: TaskInstanceState.QUEUED","chan":"stdout","logger":"task"}
{"timestamp":"2025-07-29T19:39:15.848860Z","level":"info","event":"Current task name:python","chan":"stdout","logger":"task"}
{"timestamp":"2025-07-29T19:39:15.848972Z","level":"info","event":"Dag name:python_operator_v1","chan":"stdout","logger":"task"}
{"timestamp":"2025-07-29T19:39:15.849983Z","level":"info","event":"poliana","chan":"stdout","logger":"task"}
{"timestamp":"2025-07-29T19:39:15.850650Z","level":"info","event":"{'conn': <ConnectionAccessor (dynamic access)>,","chan":"stdout","logger":"task"}
{"timestamp":"2025-07-29T19:39:15.850771Z","level":"info","event":" 'dag': <DAG: python_operator_v1>,","chan":"stdout","logger":"task"}
{"timestamp":"2025-07-29T19:39:15.850916Z","level":"info","event":" 'dag_run': DagRun(dag_id='python_operator_v1', run_id='scheduled__2023-06-23T16:14:00+00:00', logical_date=datetime.datetime(2023, 6, 23, 16, 14, tzinfo=datetime.timezone.utc), data_interval_start=datetime.datetime(2023, 6, 23, 16, 14, tzinfo=datetime.timezone.utc), data_interval_end=datetime.datetime(2023, 6, 23, 16, 14, tzinfo=datetime.timezone.utc), run_after=datetime.datetime(2023, 6, 23, 16, 14, tzinfo=datetime.timezone.utc), start_date=datetime.datetime(2025, 7, 29, 19, 39, 14, 148912, tzinfo=datetime.timezone.utc), end_date=None, clear_number=0, run_type=<DagRunType.SCHEDULED: 'scheduled'>, conf={}, consumed_asset_events=[]),","chan":"stdout","logger":"task"}
{"timestamp":"2025-07-29T19:39:15.850983Z","level":"info","event":" 'data_interval_end': DateTime(2023, 6, 23, 16, 14, 0, tzinfo=Timezone('UTC')),","chan":"stdout","logger":"task"}
{"timestamp":"2025-07-29T19:39:15.851031Z","level":"info","event":" 'data_interval_start': DateTime(2023, 6, 23, 16, 14, 0, tzinfo=Timezone('UTC')),","chan":"stdout","logger":"task"}
{"timestamp":"2025-07-29T19:39:15.851075Z","level":"info","event":" 'ds': '2023-06-23',","chan":"stdout","logger":"task"}
{"timestamp":"2025-07-29T19:39:15.851117Z","level":"info","event":" 'ds_nodash': '20230623',","chan":"stdout","logger":"task"}
{"timestamp":"2025-07-29T19:39:15.851157Z","level":"info","event":" 'inlet_events': InletEventsAccessors(_inlets=[], _assets={}, _asset_aliases={}),","chan":"stdout","logger":"task"}
{"timestamp":"2025-07-29T19:39:15.851197Z","level":"info","event":" 'inlets': [],","chan":"stdout","logger":"task"}
{"timestamp":"2025-07-29T19:39:15.851238Z","level":"info","event":" 'logical_date': DateTime(2023, 6, 23, 16, 14, 0, tzinfo=Timezone('UTC')),","chan":"stdout","logger":"task"}
{"timestamp":"2025-07-29T19:39:15.851278Z","level":"info","event":" 'macros': <MacrosAccessor (dynamic access to macros)>,","chan":"stdout","logger":"task"}
{"timestamp":"2025-07-29T19:39:15.851318Z","level":"info","event":" 'map_index_template': None,","chan":"stdout","logger":"task"}
{"timestamp":"2025-07-29T19:39:15.851358Z","level":"info","event":" 'outlet_events': <airflow.sdk.execution_time.context.OutletEventAccessors object at 0x7fb67b7b7cb0>,","chan":"stdout","logger":"task"}
{"timestamp":"2025-07-29T19:39:15.851399Z","level":"info","event":" 'outlets': [],","chan":"stdout","logger":"task"}
{"timestamp":"2025-07-29T19:39:15.851439Z","level":"info","event":" 'params': {},","chan":"stdout","logger":"task"}
{"timestamp":"2025-07-29T19:39:15.869814Z","level":"info","event":" 'prev_data_interval_end_success': <Proxy at 0x7fb66fcc80e0 with factory <function RuntimeTaskInstance.get_template_context.<locals>.<lambda> at 0x7fb66fcc4540>>,","chan":"stdout","logger":"task"}
{"timestamp":"2025-07-29T19:39:15.870180Z","level":"info","event":" 'prev_data_interval_start_success': <Proxy at 0x7fb66fc9a6c0 with factory <function RuntimeTaskInstance.get_template_context.<locals>.<lambda> at 0x7fb66fcb7380>>,","chan":"stdout","logger":"task"}
{"timestamp":"2025-07-29T19:39:15.870332Z","level":"info","event":" 'prev_end_date_success': <Proxy at 0x7fb66fc99c10 with factory <function RuntimeTaskInstance.get_template_context.<locals>.<lambda> at 0x7fb66fcb6d40>>,","chan":"stdout","logger":"task"}
{"timestamp":"2025-07-29T19:39:15.870421Z","level":"info","event":" 'prev_start_date_success': <Proxy at 0x7fb66fc9bfe0 with factory <function RuntimeTaskInstance.get_template_context.<locals>.<lambda> at 0x7fb66fcb7240>>,","chan":"stdout","logger":"task"}
{"timestamp":"2025-07-29T19:39:15.870496Z","level":"info","event":" 'run_id': 'scheduled__2023-06-23T16:14:00+00:00',","chan":"stdout","logger":"task"}
{"timestamp":"2025-07-29T19:39:15.870566Z","level":"info","event":" 'task': <Task(PythonOperator): python>,","chan":"stdout","logger":"task"}
{"timestamp":"2025-07-29T19:39:15.870633Z","level":"info","event":" 'task_instance': RuntimeTaskInstance(id=UUID('019857b2-3760-7622-84a4-e57680a5e4ee'), task_id='python', dag_id='python_operator_v1', run_id='scheduled__2023-06-23T16:14:00+00:00', try_number=1, map_index=-1, hostname='bf6f1e7a6f11', context_carrier={}, task=<Task(PythonOperator): python>, bundle_instance=LocalDagBundle(name=dags-folder), max_tries=0, start_date=datetime.datetime(2025, 7, 29, 19, 39, 15, 332149, tzinfo=datetime.timezone.utc), end_date=None, state=<TaskInstanceState.RUNNING: 'running'>, is_mapped=False, rendered_map_index=None, log_url='http://localhost:8080/dags/python_operator_v1/runs/scheduled__2023-06-23T16%3A14%3A00%2B00%3A00/tasks/python?try_number=1'),","chan":"stdout","logger":"task"}
{"timestamp":"2025-07-29T19:39:15.870706Z","level":"info","event":" 'task_instance_key_str': 'python_operator_v1__python__20230623',","chan":"stdout","logger":"task"}
{"timestamp":"2025-07-29T19:39:15.870775Z","level":"info","event":" 'task_reschedule_count': 0,","chan":"stdout","logger":"task"}
{"timestamp":"2025-07-29T19:39:15.870840Z","level":"info","event":" 'templates_dict': None,","chan":"stdout","logger":"task"}
{"timestamp":"2025-07-29T19:39:15.870908Z","level":"info","event":" 'ti': RuntimeTaskInstance(id=UUID('019857b2-3760-7622-84a4-e57680a5e4ee'), task_id='python', dag_id='python_operator_v1', run_id='scheduled__2023-06-23T16:14:00+00:00', try_number=1, map_index=-1, hostname='bf6f1e7a6f11', context_carrier={}, task=<Task(PythonOperator): python>, bundle_instance=LocalDagBundle(name=dags-folder), max_tries=0, start_date=datetime.datetime(2025, 7, 29, 19, 39, 15, 332149, tzinfo=datetime.timezone.utc), end_date=None, state=<TaskInstanceState.RUNNING: 'running'>, is_mapped=False, rendered_map_index=None, log_url='http://localhost:8080/dags/python_operator_v1/runs/scheduled__2023-06-23T16%3A14%3A00%2B00%3A00/tasks/python?try_number=1'),","chan":"stdout","logger":"task"}
{"timestamp":"2025-07-29T19:39:15.870978Z","level":"info","event":" 'triggering_asset_events': TriggeringAssetEventsAccessor(_events=defaultdict(<class 'list'>, {})),","chan":"stdout","logger":"task"}
{"timestamp":"2025-07-29T19:39:15.871044Z","level":"info","event":" 'ts': '2023-06-23T16:14:00+00:00',","chan":"stdout","logger":"task"}
{"timestamp":"2025-07-29T19:39:15.871114Z","level":"info","event":" 'ts_nodash': '20230623T161400',","chan":"stdout","logger":"task"}
{"timestamp":"2025-07-29T19:39:15.871177Z","level":"info","event":" 'ts_nodash_with_tz': '20230623T161400+0000',","chan":"stdout","logger":"task"}
{"timestamp":"2025-07-29T19:39:15.871350Z","level":"info","event":" 'var': {'json': <VariableAccessor (dynamic access)>,","chan":"stdout","logger":"task"}
{"timestamp":"2025-07-29T19:39:15.871471Z","level":"info","event":"         'value': <VariableAccessor (dynamic access)>}}","chan":"stdout","logger":"task"}
{"timestamp":"2025-07-29T19:39:15.871173","level":"info","event":"Done. Returned value was: 123","logger":"airflow.task.operators.airflow.providers.standard.operators.python.PythonOperator"}
{"timestamp":"2025-07-29T19:39:15.871574","level":"info","event":"Pushing xcom","ti":"RuntimeTaskInstance(id=UUID('019857b2-3760-7622-84a4-e57680a5e4ee'), task_id='python', dag_id='python_operator_v1', run_id='scheduled__2023-06-23T16:14:00+00:00', try_number=1, map_index=-1, hostname='bf6f1e7a6f11', context_carrier={}, task=<Task(PythonOperator): python>, bundle_instance=LocalDagBundle(name=dags-folder), max_tries=0, start_date=datetime.datetime(2025, 7, 29, 19, 39, 15, 332149, tzinfo=datetime.timezone.utc), end_date=None, state=<TaskInstanceState.RUNNING: 'running'>, is_mapped=False, rendered_map_index=None, log_url='http://localhost:8080/dags/python_operator_v1/runs/scheduled__2023-06-23T16%3A14%3A00%2B00%3A00/tasks/python?try_number=1')","logger":"task"}
{"timestamp":"2025-07-29T19:39:15.902855Z","level":"info","event":"Task instance in success state","chan":"stdout","logger":"task"}
{"timestamp":"2025-07-29T19:39:15.903047Z","level":"info","event":" Previous state of the Task instance: TaskInstanceState.RUNNING","chan":"stdout","logger":"task"}
{"timestamp":"2025-07-29T19:39:15.903204Z","level":"info","event":"Task operator:<Task(PythonOperator): python>","chan":"stdout","logger":"task"}
