{"timestamp":"2025-07-29T19:31:49.346412","level":"info","event":"DAG bundles loaded: dags-folder, example_dags","logger":"airflow.dag_processing.bundles.manager.DagBundlesManager"}
{"timestamp":"2025-07-29T19:31:49.347303","level":"info","event":"Filling up the DagBag from /opt/airflow/dags/python_operator_v1.py","logger":"airflow.models.dagbag.DagBag"}
{"timestamp":"2025-07-29T19:31:49.382118Z","level":"info","event":"Task instance is in running state","chan":"stdout","logger":"task"}
{"timestamp":"2025-07-29T19:31:49.382329Z","level":"info","event":" Previous state of the Task instance: TaskInstanceState.QUEUED","chan":"stdout","logger":"task"}
{"timestamp":"2025-07-29T19:31:49.382928Z","level":"info","event":"Current task name:python","chan":"stdout","logger":"task"}
{"timestamp":"2025-07-29T19:31:49.383045Z","level":"info","event":"Dag name:python_operator_v1","chan":"stdout","logger":"task"}
{"timestamp":"2025-07-29T19:31:49.384122Z","level":"info","event":"poliana","chan":"stdout","logger":"task"}
{"timestamp":"2025-07-29T19:31:49.384892Z","level":"info","event":"{'conn': <ConnectionAccessor (dynamic access)>,","chan":"stdout","logger":"task"}
{"timestamp":"2025-07-29T19:31:49.385080Z","level":"info","event":" 'dag': <DAG: python_operator_v1>,","chan":"stdout","logger":"task"}
{"timestamp":"2025-07-29T19:31:49.385210Z","level":"info","event":" 'dag_run': DagRun(dag_id='python_operator_v1', run_id='scheduled__2023-06-23T08:02:00+00:00', logical_date=datetime.datetime(2023, 6, 23, 8, 2, tzinfo=datetime.timezone.utc), data_interval_start=datetime.datetime(2023, 6, 23, 8, 2, tzinfo=datetime.timezone.utc), data_interval_end=datetime.datetime(2023, 6, 23, 8, 2, tzinfo=datetime.timezone.utc), run_after=datetime.datetime(2023, 6, 23, 8, 2, tzinfo=datetime.timezone.utc), start_date=datetime.datetime(2025, 7, 29, 19, 31, 48, 139917, tzinfo=datetime.timezone.utc), end_date=None, clear_number=0, run_type=<DagRunType.SCHEDULED: 'scheduled'>, conf={}, consumed_asset_events=[]),","chan":"stdout","logger":"task"}
{"timestamp":"2025-07-29T19:31:49.385268Z","level":"info","event":" 'data_interval_end': DateTime(2023, 6, 23, 8, 2, 0, tzinfo=Timezone('UTC')),","chan":"stdout","logger":"task"}
{"timestamp":"2025-07-29T19:31:49.385316Z","level":"info","event":" 'data_interval_start': DateTime(2023, 6, 23, 8, 2, 0, tzinfo=Timezone('UTC')),","chan":"stdout","logger":"task"}
{"timestamp":"2025-07-29T19:31:49.385384Z","level":"info","event":" 'ds': '2023-06-23',","chan":"stdout","logger":"task"}
{"timestamp":"2025-07-29T19:31:49.385463Z","level":"info","event":" 'ds_nodash': '20230623',","chan":"stdout","logger":"task"}
{"timestamp":"2025-07-29T19:31:49.385552Z","level":"info","event":" 'inlet_events': InletEventsAccessors(_inlets=[], _assets={}, _asset_aliases={}),","chan":"stdout","logger":"task"}
{"timestamp":"2025-07-29T19:31:49.385661Z","level":"info","event":" 'inlets': [],","chan":"stdout","logger":"task"}
{"timestamp":"2025-07-29T19:31:49.385746Z","level":"info","event":" 'logical_date': DateTime(2023, 6, 23, 8, 2, 0, tzinfo=Timezone('UTC')),","chan":"stdout","logger":"task"}
{"timestamp":"2025-07-29T19:31:49.385836Z","level":"info","event":" 'macros': <MacrosAccessor (dynamic access to macros)>,","chan":"stdout","logger":"task"}
{"timestamp":"2025-07-29T19:31:49.385884Z","level":"info","event":" 'map_index_template': None,","chan":"stdout","logger":"task"}
{"timestamp":"2025-07-29T19:31:49.385932Z","level":"info","event":" 'outlet_events': <airflow.sdk.execution_time.context.OutletEventAccessors object at 0x7fb66fc25b50>,","chan":"stdout","logger":"task"}
{"timestamp":"2025-07-29T19:31:49.385974Z","level":"info","event":" 'outlets': [],","chan":"stdout","logger":"task"}
{"timestamp":"2025-07-29T19:31:49.386025Z","level":"info","event":" 'params': {},","chan":"stdout","logger":"task"}
{"timestamp":"2025-07-29T19:31:49.400332Z","level":"info","event":" 'prev_data_interval_end_success': <Proxy at 0x7fb66fc8d280 with factory <function RuntimeTaskInstance.get_template_context.<locals>.<lambda> at 0x7fb66fc9ccc0>>,","chan":"stdout","logger":"task"}
{"timestamp":"2025-07-29T19:31:49.400534Z","level":"info","event":" 'prev_data_interval_start_success': <Proxy at 0x7fb66fc8d2e0 with factory <function RuntimeTaskInstance.get_template_context.<locals>.<lambda> at 0x7fb66fc9e3e0>>,","chan":"stdout","logger":"task"}
{"timestamp":"2025-07-29T19:31:49.400605Z","level":"info","event":" 'prev_end_date_success': <Proxy at 0x7fb677bd4620 with factory <function RuntimeTaskInstance.get_template_context.<locals>.<lambda> at 0x7fb66fc9e480>>,","chan":"stdout","logger":"task"}
{"timestamp":"2025-07-29T19:31:49.400654Z","level":"info","event":" 'prev_start_date_success': <Proxy at 0x7fb67cb9f110 with factory <function RuntimeTaskInstance.get_template_context.<locals>.<lambda> at 0x7fb66fc9d1c0>>,","chan":"stdout","logger":"task"}
{"timestamp":"2025-07-29T19:31:49.400699Z","level":"info","event":" 'run_id': 'scheduled__2023-06-23T08:02:00+00:00',","chan":"stdout","logger":"task"}
{"timestamp":"2025-07-29T19:31:49.400742Z","level":"info","event":" 'task': <Task(PythonOperator): python>,","chan":"stdout","logger":"task"}
{"timestamp":"2025-07-29T19:31:49.400785Z","level":"info","event":" 'task_instance': RuntimeTaskInstance(id=UUID('019857ab-6927-7c0d-a0db-edbc17433976'), task_id='python', dag_id='python_operator_v1', run_id='scheduled__2023-06-23T08:02:00+00:00', try_number=1, map_index=-1, hostname='bf6f1e7a6f11', context_carrier={}, task=<Task(PythonOperator): python>, bundle_instance=LocalDagBundle(name=dags-folder), max_tries=0, start_date=datetime.datetime(2025, 7, 29, 19, 31, 48, 820240, tzinfo=datetime.timezone.utc), end_date=None, state=<TaskInstanceState.RUNNING: 'running'>, is_mapped=False, rendered_map_index=None, log_url='http://localhost:8080/dags/python_operator_v1/runs/scheduled__2023-06-23T08%3A02%3A00%2B00%3A00/tasks/python?try_number=1'),","chan":"stdout","logger":"task"}
{"timestamp":"2025-07-29T19:31:49.400829Z","level":"info","event":" 'task_instance_key_str': 'python_operator_v1__python__20230623',","chan":"stdout","logger":"task"}
{"timestamp":"2025-07-29T19:31:49.400875Z","level":"info","event":" 'task_reschedule_count': 0,","chan":"stdout","logger":"task"}
{"timestamp":"2025-07-29T19:31:49.400916Z","level":"info","event":" 'templates_dict': None,","chan":"stdout","logger":"task"}
{"timestamp":"2025-07-29T19:31:49.400961Z","level":"info","event":" 'ti': RuntimeTaskInstance(id=UUID('019857ab-6927-7c0d-a0db-edbc17433976'), task_id='python', dag_id='python_operator_v1', run_id='scheduled__2023-06-23T08:02:00+00:00', try_number=1, map_index=-1, hostname='bf6f1e7a6f11', context_carrier={}, task=<Task(PythonOperator): python>, bundle_instance=LocalDagBundle(name=dags-folder), max_tries=0, start_date=datetime.datetime(2025, 7, 29, 19, 31, 48, 820240, tzinfo=datetime.timezone.utc), end_date=None, state=<TaskInstanceState.RUNNING: 'running'>, is_mapped=False, rendered_map_index=None, log_url='http://localhost:8080/dags/python_operator_v1/runs/scheduled__2023-06-23T08%3A02%3A00%2B00%3A00/tasks/python?try_number=1'),","chan":"stdout","logger":"task"}
{"timestamp":"2025-07-29T19:31:49.401050Z","level":"info","event":" 'triggering_asset_events': TriggeringAssetEventsAccessor(_events=defaultdict(<class 'list'>, {})),","chan":"stdout","logger":"task"}
{"timestamp":"2025-07-29T19:31:49.401122Z","level":"info","event":" 'ts': '2023-06-23T08:02:00+00:00',","chan":"stdout","logger":"task"}
{"timestamp":"2025-07-29T19:31:49.401190Z","level":"info","event":" 'ts_nodash': '20230623T080200',","chan":"stdout","logger":"task"}
{"timestamp":"2025-07-29T19:31:49.401253Z","level":"info","event":" 'ts_nodash_with_tz': '20230623T080200+0000',","chan":"stdout","logger":"task"}
{"timestamp":"2025-07-29T19:31:49.401319Z","level":"info","event":" 'var': {'json': <VariableAccessor (dynamic access)>,","chan":"stdout","logger":"task"}
{"timestamp":"2025-07-29T19:31:49.401373Z","level":"info","event":"         'value': <VariableAccessor (dynamic access)>}}","chan":"stdout","logger":"task"}
{"timestamp":"2025-07-29T19:31:49.401325","level":"info","event":"Done. Returned value was: 123","logger":"airflow.task.operators.airflow.providers.standard.operators.python.PythonOperator"}
{"timestamp":"2025-07-29T19:31:49.401596","level":"info","event":"Pushing xcom","ti":"RuntimeTaskInstance(id=UUID('019857ab-6927-7c0d-a0db-edbc17433976'), task_id='python', dag_id='python_operator_v1', run_id='scheduled__2023-06-23T08:02:00+00:00', try_number=1, map_index=-1, hostname='bf6f1e7a6f11', context_carrier={}, task=<Task(PythonOperator): python>, bundle_instance=LocalDagBundle(name=dags-folder), max_tries=0, start_date=datetime.datetime(2025, 7, 29, 19, 31, 48, 820240, tzinfo=datetime.timezone.utc), end_date=None, state=<TaskInstanceState.RUNNING: 'running'>, is_mapped=False, rendered_map_index=None, log_url='http://localhost:8080/dags/python_operator_v1/runs/scheduled__2023-06-23T08%3A02%3A00%2B00%3A00/tasks/python?try_number=1')","logger":"task"}
{"timestamp":"2025-07-29T19:31:49.426069Z","level":"info","event":"Task instance in success state","chan":"stdout","logger":"task"}
{"timestamp":"2025-07-29T19:31:49.426216Z","level":"info","event":" Previous state of the Task instance: TaskInstanceState.RUNNING","chan":"stdout","logger":"task"}
{"timestamp":"2025-07-29T19:31:49.426353Z","level":"info","event":"Task operator:<Task(PythonOperator): python>","chan":"stdout","logger":"task"}
