{"timestamp":"2025-07-29T19:51:35.291633","level":"info","event":"DAG bundles loaded: dags-folder, example_dags","logger":"airflow.dag_processing.bundles.manager.DagBundlesManager"}
{"timestamp":"2025-07-29T19:51:35.292076","level":"info","event":"Filling up the DagBag from /opt/airflow/dags/2_python_operator_v1.py","logger":"airflow.models.dagbag.DagBag"}
{"timestamp":"2025-07-29T19:51:35.314159Z","level":"info","event":"Task instance is in running state","chan":"stdout","logger":"task"}
{"timestamp":"2025-07-29T19:51:35.314292Z","level":"info","event":" Previous state of the Task instance: TaskInstanceState.QUEUED","chan":"stdout","logger":"task"}
{"timestamp":"2025-07-29T19:51:35.314700Z","level":"info","event":"Current task name:python","chan":"stdout","logger":"task"}
{"timestamp":"2025-07-29T19:51:35.314800Z","level":"info","event":"Dag name:python_operator_v1","chan":"stdout","logger":"task"}
{"timestamp":"2025-07-29T19:51:35.315703Z","level":"info","event":"poliana","chan":"stdout","logger":"task"}
{"timestamp":"2025-07-29T19:51:35.316245Z","level":"info","event":"{'conn': <ConnectionAccessor (dynamic access)>,","chan":"stdout","logger":"task"}
{"timestamp":"2025-07-29T19:51:35.316340Z","level":"info","event":" 'dag': <DAG: python_operator_v1>,","chan":"stdout","logger":"task"}
{"timestamp":"2025-07-29T19:51:35.316439Z","level":"info","event":" 'dag_run': DagRun(dag_id='python_operator_v1', run_id='scheduled__2023-06-24T05:56:00+00:00', logical_date=datetime.datetime(2023, 6, 24, 5, 56, tzinfo=datetime.timezone.utc), data_interval_start=datetime.datetime(2023, 6, 24, 5, 56, tzinfo=datetime.timezone.utc), data_interval_end=datetime.datetime(2023, 6, 24, 5, 56, tzinfo=datetime.timezone.utc), run_after=datetime.datetime(2023, 6, 24, 5, 56, tzinfo=datetime.timezone.utc), start_date=datetime.datetime(2025, 7, 29, 19, 51, 34, 350783, tzinfo=datetime.timezone.utc), end_date=None, clear_number=0, run_type=<DagRunType.SCHEDULED: 'scheduled'>, conf={}, consumed_asset_events=[]),","chan":"stdout","logger":"task"}
{"timestamp":"2025-07-29T19:51:35.316497Z","level":"info","event":" 'data_interval_end': DateTime(2023, 6, 24, 5, 56, 0, tzinfo=Timezone('UTC')),","chan":"stdout","logger":"task"}
{"timestamp":"2025-07-29T19:51:35.316544Z","level":"info","event":" 'data_interval_start': DateTime(2023, 6, 24, 5, 56, 0, tzinfo=Timezone('UTC')),","chan":"stdout","logger":"task"}
{"timestamp":"2025-07-29T19:51:35.316587Z","level":"info","event":" 'ds': '2023-06-24',","chan":"stdout","logger":"task"}
{"timestamp":"2025-07-29T19:51:35.316631Z","level":"info","event":" 'ds_nodash': '20230624',","chan":"stdout","logger":"task"}
{"timestamp":"2025-07-29T19:51:35.316672Z","level":"info","event":" 'inlet_events': InletEventsAccessors(_inlets=[], _assets={}, _asset_aliases={}),","chan":"stdout","logger":"task"}
{"timestamp":"2025-07-29T19:51:35.316713Z","level":"info","event":" 'inlets': [],","chan":"stdout","logger":"task"}
{"timestamp":"2025-07-29T19:51:35.316754Z","level":"info","event":" 'logical_date': DateTime(2023, 6, 24, 5, 56, 0, tzinfo=Timezone('UTC')),","chan":"stdout","logger":"task"}
{"timestamp":"2025-07-29T19:51:35.316794Z","level":"info","event":" 'macros': <MacrosAccessor (dynamic access to macros)>,","chan":"stdout","logger":"task"}
{"timestamp":"2025-07-29T19:51:35.316835Z","level":"info","event":" 'map_index_template': None,","chan":"stdout","logger":"task"}
{"timestamp":"2025-07-29T19:51:35.316874Z","level":"info","event":" 'outlet_events': <airflow.sdk.execution_time.context.OutletEventAccessors object at 0x7fb66fdbca70>,","chan":"stdout","logger":"task"}
{"timestamp":"2025-07-29T19:51:35.316915Z","level":"info","event":" 'outlets': [],","chan":"stdout","logger":"task"}
{"timestamp":"2025-07-29T19:51:35.316978Z","level":"info","event":" 'params': {},","chan":"stdout","logger":"task"}
{"timestamp":"2025-07-29T19:51:35.325368Z","level":"info","event":" 'prev_data_interval_end_success': <Proxy at 0x7fb66fde9730 with factory <function RuntimeTaskInstance.get_template_context.<locals>.<lambda> at 0x7fb66fc10e00>>,","chan":"stdout","logger":"task"}
{"timestamp":"2025-07-29T19:51:35.325548Z","level":"info","event":" 'prev_data_interval_start_success': <Proxy at 0x7fb66fde80b0 with factory <function RuntimeTaskInstance.get_template_context.<locals>.<lambda> at 0x7fb66fdf7c40>>,","chan":"stdout","logger":"task"}
{"timestamp":"2025-07-29T19:51:35.325620Z","level":"info","event":" 'prev_end_date_success': <Proxy at 0x7fb67ebcfe30 with factory <function RuntimeTaskInstance.get_template_context.<locals>.<lambda> at 0x7fb66fdf7600>>,","chan":"stdout","logger":"task"}
{"timestamp":"2025-07-29T19:51:35.325691Z","level":"info","event":" 'prev_start_date_success': <Proxy at 0x7fb66ff9afc0 with factory <function RuntimeTaskInstance.get_template_context.<locals>.<lambda> at 0x7fb66fdf7b00>>,","chan":"stdout","logger":"task"}
{"timestamp":"2025-07-29T19:51:35.325740Z","level":"info","event":" 'run_id': 'scheduled__2023-06-24T05:56:00+00:00',","chan":"stdout","logger":"task"}
{"timestamp":"2025-07-29T19:51:35.325783Z","level":"info","event":" 'task': <Task(PythonOperator): python>,","chan":"stdout","logger":"task"}
{"timestamp":"2025-07-29T19:51:35.325827Z","level":"info","event":" 'task_instance': RuntimeTaskInstance(id=UUID('019857bd-82c9-761e-8631-eecc95554db2'), task_id='python', dag_id='python_operator_v1', run_id='scheduled__2023-06-24T05:56:00+00:00', try_number=1, map_index=-1, hostname='bf6f1e7a6f11', context_carrier={}, task=<Task(PythonOperator): python>, bundle_instance=LocalDagBundle(name=dags-folder), max_tries=0, start_date=datetime.datetime(2025, 7, 29, 19, 51, 34, 720541, tzinfo=datetime.timezone.utc), end_date=None, state=<TaskInstanceState.RUNNING: 'running'>, is_mapped=False, rendered_map_index=None, log_url='http://localhost:8080/dags/python_operator_v1/runs/scheduled__2023-06-24T05%3A56%3A00%2B00%3A00/tasks/python?try_number=1'),","chan":"stdout","logger":"task"}
{"timestamp":"2025-07-29T19:51:35.325873Z","level":"info","event":" 'task_instance_key_str': 'python_operator_v1__python__20230624',","chan":"stdout","logger":"task"}
{"timestamp":"2025-07-29T19:51:35.325915Z","level":"info","event":" 'task_reschedule_count': 0,","chan":"stdout","logger":"task"}
{"timestamp":"2025-07-29T19:51:35.325956Z","level":"info","event":" 'templates_dict': None,","chan":"stdout","logger":"task"}
{"timestamp":"2025-07-29T19:51:35.325997Z","level":"info","event":" 'ti': RuntimeTaskInstance(id=UUID('019857bd-82c9-761e-8631-eecc95554db2'), task_id='python', dag_id='python_operator_v1', run_id='scheduled__2023-06-24T05:56:00+00:00', try_number=1, map_index=-1, hostname='bf6f1e7a6f11', context_carrier={}, task=<Task(PythonOperator): python>, bundle_instance=LocalDagBundle(name=dags-folder), max_tries=0, start_date=datetime.datetime(2025, 7, 29, 19, 51, 34, 720541, tzinfo=datetime.timezone.utc), end_date=None, state=<TaskInstanceState.RUNNING: 'running'>, is_mapped=False, rendered_map_index=None, log_url='http://localhost:8080/dags/python_operator_v1/runs/scheduled__2023-06-24T05%3A56%3A00%2B00%3A00/tasks/python?try_number=1'),","chan":"stdout","logger":"task"}
{"timestamp":"2025-07-29T19:51:35.326074Z","level":"info","event":" 'triggering_asset_events': TriggeringAssetEventsAccessor(_events=defaultdict(<class 'list'>, {})),","chan":"stdout","logger":"task"}
{"timestamp":"2025-07-29T19:51:35.326146Z","level":"info","event":" 'ts': '2023-06-24T05:56:00+00:00',","chan":"stdout","logger":"task"}
{"timestamp":"2025-07-29T19:51:35.326191Z","level":"info","event":" 'ts_nodash': '20230624T055600',","chan":"stdout","logger":"task"}
{"timestamp":"2025-07-29T19:51:35.326233Z","level":"info","event":" 'ts_nodash_with_tz': '20230624T055600+0000',","chan":"stdout","logger":"task"}
{"timestamp":"2025-07-29T19:51:35.326273Z","level":"info","event":" 'var': {'json': <VariableAccessor (dynamic access)>,","chan":"stdout","logger":"task"}
{"timestamp":"2025-07-29T19:51:35.326314Z","level":"info","event":"         'value': <VariableAccessor (dynamic access)>}}","chan":"stdout","logger":"task"}
{"timestamp":"2025-07-29T19:51:35.326112","level":"info","event":"Done. Returned value was: 123","logger":"airflow.task.operators.airflow.providers.standard.operators.python.PythonOperator"}
{"timestamp":"2025-07-29T19:51:35.326309","level":"info","event":"Pushing xcom","ti":"RuntimeTaskInstance(id=UUID('019857bd-82c9-761e-8631-eecc95554db2'), task_id='python', dag_id='python_operator_v1', run_id='scheduled__2023-06-24T05:56:00+00:00', try_number=1, map_index=-1, hostname='bf6f1e7a6f11', context_carrier={}, task=<Task(PythonOperator): python>, bundle_instance=LocalDagBundle(name=dags-folder), max_tries=0, start_date=datetime.datetime(2025, 7, 29, 19, 51, 34, 720541, tzinfo=datetime.timezone.utc), end_date=None, state=<TaskInstanceState.RUNNING: 'running'>, is_mapped=False, rendered_map_index=None, log_url='http://localhost:8080/dags/python_operator_v1/runs/scheduled__2023-06-24T05%3A56%3A00%2B00%3A00/tasks/python?try_number=1')","logger":"task"}
{"timestamp":"2025-07-29T19:51:35.347523Z","level":"info","event":"Task instance in success state","chan":"stdout","logger":"task"}
{"timestamp":"2025-07-29T19:51:35.347652Z","level":"info","event":" Previous state of the Task instance: TaskInstanceState.RUNNING","chan":"stdout","logger":"task"}
{"timestamp":"2025-07-29T19:51:35.347743Z","level":"info","event":"Task operator:<Task(PythonOperator): python>","chan":"stdout","logger":"task"}
