{"timestamp":"2025-07-29T19:31:10.136958","level":"info","event":"DAG bundles loaded: dags-folder, example_dags","logger":"airflow.dag_processing.bundles.manager.DagBundlesManager"}
{"timestamp":"2025-07-29T19:31:10.137462","level":"info","event":"Filling up the DagBag from /opt/airflow/dags/python_operator_v1.py","logger":"airflow.models.dagbag.DagBag"}
{"timestamp":"2025-07-29T19:31:10.160119Z","level":"info","event":"Task instance is in running state","chan":"stdout","logger":"task"}
{"timestamp":"2025-07-29T19:31:10.160247Z","level":"info","event":" Previous state of the Task instance: TaskInstanceState.QUEUED","chan":"stdout","logger":"task"}
{"timestamp":"2025-07-29T19:31:10.160337Z","level":"info","event":"Current task name:python","chan":"stdout","logger":"task"}
{"timestamp":"2025-07-29T19:31:10.160387Z","level":"info","event":"Dag name:python_operator_v1","chan":"stdout","logger":"task"}
{"timestamp":"2025-07-29T19:31:10.161596Z","level":"info","event":"poliana","chan":"stdout","logger":"task"}
{"timestamp":"2025-07-29T19:31:10.162154Z","level":"info","event":"{'conn': <ConnectionAccessor (dynamic access)>,","chan":"stdout","logger":"task"}
{"timestamp":"2025-07-29T19:31:10.162318Z","level":"info","event":" 'dag': <DAG: python_operator_v1>,","chan":"stdout","logger":"task"}
{"timestamp":"2025-07-29T19:31:10.162429Z","level":"info","event":" 'dag_run': DagRun(dag_id='python_operator_v1', run_id='scheduled__2023-06-23T07:22:00+00:00', logical_date=datetime.datetime(2023, 6, 23, 7, 22, tzinfo=datetime.timezone.utc), data_interval_start=datetime.datetime(2023, 6, 23, 7, 22, tzinfo=datetime.timezone.utc), data_interval_end=datetime.datetime(2023, 6, 23, 7, 22, tzinfo=datetime.timezone.utc), run_after=datetime.datetime(2023, 6, 23, 7, 22, tzinfo=datetime.timezone.utc), start_date=datetime.datetime(2025, 7, 29, 19, 31, 9, 350164, tzinfo=datetime.timezone.utc), end_date=None, clear_number=0, run_type=<DagRunType.SCHEDULED: 'scheduled'>, conf={}, consumed_asset_events=[]),","chan":"stdout","logger":"task"}
{"timestamp":"2025-07-29T19:31:10.162490Z","level":"info","event":" 'data_interval_end': DateTime(2023, 6, 23, 7, 22, 0, tzinfo=Timezone('UTC')),","chan":"stdout","logger":"task"}
{"timestamp":"2025-07-29T19:31:10.162538Z","level":"info","event":" 'data_interval_start': DateTime(2023, 6, 23, 7, 22, 0, tzinfo=Timezone('UTC')),","chan":"stdout","logger":"task"}
{"timestamp":"2025-07-29T19:31:10.162581Z","level":"info","event":" 'ds': '2023-06-23',","chan":"stdout","logger":"task"}
{"timestamp":"2025-07-29T19:31:10.162622Z","level":"info","event":" 'ds_nodash': '20230623',","chan":"stdout","logger":"task"}
{"timestamp":"2025-07-29T19:31:10.162663Z","level":"info","event":" 'inlet_events': InletEventsAccessors(_inlets=[], _assets={}, _asset_aliases={}),","chan":"stdout","logger":"task"}
{"timestamp":"2025-07-29T19:31:10.162702Z","level":"info","event":" 'inlets': [],","chan":"stdout","logger":"task"}
{"timestamp":"2025-07-29T19:31:10.162742Z","level":"info","event":" 'logical_date': DateTime(2023, 6, 23, 7, 22, 0, tzinfo=Timezone('UTC')),","chan":"stdout","logger":"task"}
{"timestamp":"2025-07-29T19:31:10.162781Z","level":"info","event":" 'macros': <MacrosAccessor (dynamic access to macros)>,","chan":"stdout","logger":"task"}
{"timestamp":"2025-07-29T19:31:10.162820Z","level":"info","event":" 'map_index_template': None,","chan":"stdout","logger":"task"}
{"timestamp":"2025-07-29T19:31:10.162859Z","level":"info","event":" 'outlet_events': <airflow.sdk.execution_time.context.OutletEventAccessors object at 0x7fb66fc72e70>,","chan":"stdout","logger":"task"}
{"timestamp":"2025-07-29T19:31:10.162899Z","level":"info","event":" 'outlets': [],","chan":"stdout","logger":"task"}
{"timestamp":"2025-07-29T19:31:10.162938Z","level":"info","event":" 'params': {},","chan":"stdout","logger":"task"}
{"timestamp":"2025-07-29T19:31:10.171873Z","level":"info","event":" 'prev_data_interval_end_success': <Proxy at 0x7fb66fc8c410 with factory <function RuntimeTaskInstance.get_template_context.<locals>.<lambda> at 0x7fb66fca0900>>,","chan":"stdout","logger":"task"}
{"timestamp":"2025-07-29T19:31:10.172055Z","level":"info","event":" 'prev_data_interval_start_success': <Proxy at 0x7fb66fc8c440 with factory <function RuntimeTaskInstance.get_template_context.<locals>.<lambda> at 0x7fb66fc8b740>>,","chan":"stdout","logger":"task"}
{"timestamp":"2025-07-29T19:31:10.172163Z","level":"info","event":" 'prev_end_date_success': <Proxy at 0x7fb66fc8c6e0 with factory <function RuntimeTaskInstance.get_template_context.<locals>.<lambda> at 0x7fb66fc8b100>>,","chan":"stdout","logger":"task"}
{"timestamp":"2025-07-29T19:31:10.172218Z","level":"info","event":" 'prev_start_date_success': <Proxy at 0x7fb66fc8c740 with factory <function RuntimeTaskInstance.get_template_context.<locals>.<lambda> at 0x7fb66fc8b600>>,","chan":"stdout","logger":"task"}
{"timestamp":"2025-07-29T19:31:10.172263Z","level":"info","event":" 'run_id': 'scheduled__2023-06-23T07:22:00+00:00',","chan":"stdout","logger":"task"}
{"timestamp":"2025-07-29T19:31:10.172306Z","level":"info","event":" 'task': <Task(PythonOperator): python>,","chan":"stdout","logger":"task"}
{"timestamp":"2025-07-29T19:31:10.172351Z","level":"info","event":" 'task_instance': RuntimeTaskInstance(id=UUID('019857aa-d19d-738a-a86f-1df2ff6b4966'), task_id='python', dag_id='python_operator_v1', run_id='scheduled__2023-06-23T07:22:00+00:00', try_number=1, map_index=-1, hostname='bf6f1e7a6f11', context_carrier={}, task=<Task(PythonOperator): python>, bundle_instance=LocalDagBundle(name=dags-folder), max_tries=0, start_date=datetime.datetime(2025, 7, 29, 19, 31, 9, 656396, tzinfo=datetime.timezone.utc), end_date=None, state=<TaskInstanceState.RUNNING: 'running'>, is_mapped=False, rendered_map_index=None, log_url='http://localhost:8080/dags/python_operator_v1/runs/scheduled__2023-06-23T07%3A22%3A00%2B00%3A00/tasks/python?try_number=1'),","chan":"stdout","logger":"task"}
{"timestamp":"2025-07-29T19:31:10.172396Z","level":"info","event":" 'task_instance_key_str': 'python_operator_v1__python__20230623',","chan":"stdout","logger":"task"}
{"timestamp":"2025-07-29T19:31:10.172438Z","level":"info","event":" 'task_reschedule_count': 0,","chan":"stdout","logger":"task"}
{"timestamp":"2025-07-29T19:31:10.172479Z","level":"info","event":" 'templates_dict': None,","chan":"stdout","logger":"task"}
{"timestamp":"2025-07-29T19:31:10.172521Z","level":"info","event":" 'ti': RuntimeTaskInstance(id=UUID('019857aa-d19d-738a-a86f-1df2ff6b4966'), task_id='python', dag_id='python_operator_v1', run_id='scheduled__2023-06-23T07:22:00+00:00', try_number=1, map_index=-1, hostname='bf6f1e7a6f11', context_carrier={}, task=<Task(PythonOperator): python>, bundle_instance=LocalDagBundle(name=dags-folder), max_tries=0, start_date=datetime.datetime(2025, 7, 29, 19, 31, 9, 656396, tzinfo=datetime.timezone.utc), end_date=None, state=<TaskInstanceState.RUNNING: 'running'>, is_mapped=False, rendered_map_index=None, log_url='http://localhost:8080/dags/python_operator_v1/runs/scheduled__2023-06-23T07%3A22%3A00%2B00%3A00/tasks/python?try_number=1'),","chan":"stdout","logger":"task"}
{"timestamp":"2025-07-29T19:31:10.172566Z","level":"info","event":" 'triggering_asset_events': TriggeringAssetEventsAccessor(_events=defaultdict(<class 'list'>, {})),","chan":"stdout","logger":"task"}
{"timestamp":"2025-07-29T19:31:10.172607Z","level":"info","event":" 'ts': '2023-06-23T07:22:00+00:00',","chan":"stdout","logger":"task"}
{"timestamp":"2025-07-29T19:31:10.172648Z","level":"info","event":" 'ts_nodash': '20230623T072200',","chan":"stdout","logger":"task"}
{"timestamp":"2025-07-29T19:31:10.172703Z","level":"info","event":" 'ts_nodash_with_tz': '20230623T072200+0000',","chan":"stdout","logger":"task"}
{"timestamp":"2025-07-29T19:31:10.172743Z","level":"info","event":" 'var': {'json': <VariableAccessor (dynamic access)>,","chan":"stdout","logger":"task"}
{"timestamp":"2025-07-29T19:31:10.172782Z","level":"info","event":"         'value': <VariableAccessor (dynamic access)>}}","chan":"stdout","logger":"task"}
{"timestamp":"2025-07-29T19:31:10.172528","level":"info","event":"Done. Returned value was: 123","logger":"airflow.task.operators.airflow.providers.standard.operators.python.PythonOperator"}
{"timestamp":"2025-07-29T19:31:10.172715","level":"info","event":"Pushing xcom","ti":"RuntimeTaskInstance(id=UUID('019857aa-d19d-738a-a86f-1df2ff6b4966'), task_id='python', dag_id='python_operator_v1', run_id='scheduled__2023-06-23T07:22:00+00:00', try_number=1, map_index=-1, hostname='bf6f1e7a6f11', context_carrier={}, task=<Task(PythonOperator): python>, bundle_instance=LocalDagBundle(name=dags-folder), max_tries=0, start_date=datetime.datetime(2025, 7, 29, 19, 31, 9, 656396, tzinfo=datetime.timezone.utc), end_date=None, state=<TaskInstanceState.RUNNING: 'running'>, is_mapped=False, rendered_map_index=None, log_url='http://localhost:8080/dags/python_operator_v1/runs/scheduled__2023-06-23T07%3A22%3A00%2B00%3A00/tasks/python?try_number=1')","logger":"task"}
{"timestamp":"2025-07-29T19:31:10.198319Z","level":"info","event":"Task instance in success state","chan":"stdout","logger":"task"}
{"timestamp":"2025-07-29T19:31:10.198467Z","level":"info","event":" Previous state of the Task instance: TaskInstanceState.RUNNING","chan":"stdout","logger":"task"}
{"timestamp":"2025-07-29T19:31:10.198577Z","level":"info","event":"Task operator:<Task(PythonOperator): python>","chan":"stdout","logger":"task"}
