{"timestamp":"2025-07-29T20:04:45.987269","level":"info","event":"DAG bundles loaded: dags-folder, example_dags","logger":"airflow.dag_processing.bundles.manager.DagBundlesManager"}
{"timestamp":"2025-07-29T20:04:45.988176","level":"info","event":"Filling up the DagBag from /opt/airflow/dags/3_dag_principal.py","logger":"airflow.models.dagbag.DagBag"}
{"timestamp":"2025-07-29T20:04:46.021023Z","level":"info","event":"Task instance is in running state","chan":"stdout","logger":"task"}
{"timestamp":"2025-07-29T20:04:46.021167Z","level":"info","event":" Previous state of the Task instance: TaskInstanceState.QUEUED","chan":"stdout","logger":"task"}
{"timestamp":"2025-07-29T20:04:46.021261Z","level":"info","event":"Current task name:python_principal","chan":"stdout","logger":"task"}
{"timestamp":"2025-07-29T20:04:46.021314Z","level":"info","event":"Dag name:3_DAG_principal","chan":"stdout","logger":"task"}
{"timestamp":"2025-07-29T20:04:46.022773Z","level":"info","event":"DAG principal","chan":"stdout","logger":"task"}
{"timestamp":"2025-07-29T20:04:46.023388Z","level":"info","event":"{'conn': <ConnectionAccessor (dynamic access)>,","chan":"stdout","logger":"task"}
{"timestamp":"2025-07-29T20:04:46.023501Z","level":"info","event":" 'dag': <DAG: 3_DAG_principal>,","chan":"stdout","logger":"task"}
{"timestamp":"2025-07-29T20:04:46.023640Z","level":"info","event":" 'dag_run': DagRun(dag_id='3_DAG_principal', run_id='scheduled__2024-05-29T20:00:00+00:00', logical_date=datetime.datetime(2024, 5, 29, 20, 0, tzinfo=datetime.timezone.utc), data_interval_start=datetime.datetime(2024, 5, 29, 20, 0, tzinfo=datetime.timezone.utc), data_interval_end=datetime.datetime(2024, 5, 29, 20, 0, tzinfo=datetime.timezone.utc), run_after=datetime.datetime(2024, 5, 29, 20, 0, tzinfo=datetime.timezone.utc), start_date=datetime.datetime(2025, 7, 29, 20, 4, 44, 695604, tzinfo=datetime.timezone.utc), end_date=None, clear_number=0, run_type=<DagRunType.SCHEDULED: 'scheduled'>, conf={}, consumed_asset_events=[]),","chan":"stdout","logger":"task"}
{"timestamp":"2025-07-29T20:04:46.023719Z","level":"info","event":" 'data_interval_end': DateTime(2024, 5, 29, 20, 0, 0, tzinfo=Timezone('UTC')),","chan":"stdout","logger":"task"}
{"timestamp":"2025-07-29T20:04:46.023788Z","level":"info","event":" 'data_interval_start': DateTime(2024, 5, 29, 20, 0, 0, tzinfo=Timezone('UTC')),","chan":"stdout","logger":"task"}
{"timestamp":"2025-07-29T20:04:46.023853Z","level":"info","event":" 'ds': '2024-05-29',","chan":"stdout","logger":"task"}
{"timestamp":"2025-07-29T20:04:46.023915Z","level":"info","event":" 'ds_nodash': '20240529',","chan":"stdout","logger":"task"}
{"timestamp":"2025-07-29T20:04:46.023977Z","level":"info","event":" 'inlet_events': InletEventsAccessors(_inlets=[], _assets={}, _asset_aliases={}),","chan":"stdout","logger":"task"}
{"timestamp":"2025-07-29T20:04:46.024056Z","level":"info","event":" 'inlets': [],","chan":"stdout","logger":"task"}
{"timestamp":"2025-07-29T20:04:46.024134Z","level":"info","event":" 'logical_date': DateTime(2024, 5, 29, 20, 0, 0, tzinfo=Timezone('UTC')),","chan":"stdout","logger":"task"}
{"timestamp":"2025-07-29T20:04:46.024197Z","level":"info","event":" 'macros': <MacrosAccessor (dynamic access to macros)>,","chan":"stdout","logger":"task"}
{"timestamp":"2025-07-29T20:04:46.024259Z","level":"info","event":" 'map_index_template': None,","chan":"stdout","logger":"task"}
{"timestamp":"2025-07-29T20:04:46.024319Z","level":"info","event":" 'outlet_events': <airflow.sdk.execution_time.context.OutletEventAccessors object at 0x7fb66fd67a70>,","chan":"stdout","logger":"task"}
{"timestamp":"2025-07-29T20:04:46.024380Z","level":"info","event":" 'outlets': [],","chan":"stdout","logger":"task"}
{"timestamp":"2025-07-29T20:04:46.024443Z","level":"info","event":" 'params': {},","chan":"stdout","logger":"task"}
{"timestamp":"2025-07-29T20:04:46.033070Z","level":"info","event":" 'prev_data_interval_end_success': <Proxy at 0x7fb66fc9bdd0 with factory <function RuntimeTaskInstance.get_template_context.<locals>.<lambda> at 0x7fb66fcc6b60>>,","chan":"stdout","logger":"task"}
{"timestamp":"2025-07-29T20:04:46.033215Z","level":"info","event":" 'prev_data_interval_start_success': <Proxy at 0x7fb66fc9b8f0 with factory <function RuntimeTaskInstance.get_template_context.<locals>.<lambda> at 0x7fb66fcc53a0>>,","chan":"stdout","logger":"task"}
{"timestamp":"2025-07-29T20:04:46.033325Z","level":"info","event":" 'prev_end_date_success': <Proxy at 0x7fb66fc9bad0 with factory <function RuntimeTaskInstance.get_template_context.<locals>.<lambda> at 0x7fb66fcc6c00>>,","chan":"stdout","logger":"task"}
{"timestamp":"2025-07-29T20:04:46.033381Z","level":"info","event":" 'prev_start_date_success': <Proxy at 0x7fb66fc9bda0 with factory <function RuntimeTaskInstance.get_template_context.<locals>.<lambda> at 0x7fb66fcc5940>>,","chan":"stdout","logger":"task"}
{"timestamp":"2025-07-29T20:04:46.033426Z","level":"info","event":" 'run_id': 'scheduled__2024-05-29T20:00:00+00:00',","chan":"stdout","logger":"task"}
{"timestamp":"2025-07-29T20:04:46.033469Z","level":"info","event":" 'task': <Task(PythonOperator): python_principal>,","chan":"stdout","logger":"task"}
{"timestamp":"2025-07-29T20:04:46.033515Z","level":"info","event":" 'task_instance': RuntimeTaskInstance(id=UUID('019857c9-920c-778a-84b9-6208f8be1db8'), task_id='python_principal', dag_id='3_DAG_principal', run_id='scheduled__2024-05-29T20:00:00+00:00', try_number=1, map_index=-1, hostname='bf6f1e7a6f11', context_carrier={}, task=<Task(PythonOperator): python_principal>, bundle_instance=LocalDagBundle(name=dags-folder), max_tries=0, start_date=datetime.datetime(2025, 7, 29, 20, 4, 45, 340620, tzinfo=datetime.timezone.utc), end_date=None, state=<TaskInstanceState.RUNNING: 'running'>, is_mapped=False, rendered_map_index=None, log_url='http://localhost:8080/dags/3_DAG_principal/runs/scheduled__2024-05-29T20%3A00%3A00%2B00%3A00/tasks/python_principal?try_number=1'),","chan":"stdout","logger":"task"}
{"timestamp":"2025-07-29T20:04:46.033561Z","level":"info","event":" 'task_instance_key_str': '3_DAG_principal__python_principal__20240529',","chan":"stdout","logger":"task"}
{"timestamp":"2025-07-29T20:04:46.033603Z","level":"info","event":" 'task_reschedule_count': 0,","chan":"stdout","logger":"task"}
{"timestamp":"2025-07-29T20:04:46.033644Z","level":"info","event":" 'templates_dict': None,","chan":"stdout","logger":"task"}
{"timestamp":"2025-07-29T20:04:46.033688Z","level":"info","event":" 'ti': RuntimeTaskInstance(id=UUID('019857c9-920c-778a-84b9-6208f8be1db8'), task_id='python_principal', dag_id='3_DAG_principal', run_id='scheduled__2024-05-29T20:00:00+00:00', try_number=1, map_index=-1, hostname='bf6f1e7a6f11', context_carrier={}, task=<Task(PythonOperator): python_principal>, bundle_instance=LocalDagBundle(name=dags-folder), max_tries=0, start_date=datetime.datetime(2025, 7, 29, 20, 4, 45, 340620, tzinfo=datetime.timezone.utc), end_date=None, state=<TaskInstanceState.RUNNING: 'running'>, is_mapped=False, rendered_map_index=None, log_url='http://localhost:8080/dags/3_DAG_principal/runs/scheduled__2024-05-29T20%3A00%3A00%2B00%3A00/tasks/python_principal?try_number=1'),","chan":"stdout","logger":"task"}
{"timestamp":"2025-07-29T20:04:46.033732Z","level":"info","event":" 'triggering_asset_events': TriggeringAssetEventsAccessor(_events=defaultdict(<class 'list'>, {})),","chan":"stdout","logger":"task"}
{"timestamp":"2025-07-29T20:04:46.033773Z","level":"info","event":" 'ts': '2024-05-29T20:00:00+00:00',","chan":"stdout","logger":"task"}
{"timestamp":"2025-07-29T20:04:46.033814Z","level":"info","event":" 'ts_nodash': '20240529T200000',","chan":"stdout","logger":"task"}
{"timestamp":"2025-07-29T20:04:46.033871Z","level":"info","event":" 'ts_nodash_with_tz': '20240529T200000+0000',","chan":"stdout","logger":"task"}
{"timestamp":"2025-07-29T20:04:46.033941Z","level":"info","event":" 'var': {'json': <VariableAccessor (dynamic access)>,","chan":"stdout","logger":"task"}
{"timestamp":"2025-07-29T20:04:46.034018Z","level":"info","event":"         'value': <VariableAccessor (dynamic access)>}}","chan":"stdout","logger":"task"}
{"timestamp":"2025-07-29T20:04:46.033410","level":"info","event":"Done. Returned value was: principal","logger":"airflow.task.operators.airflow.providers.standard.operators.python.PythonOperator"}
{"timestamp":"2025-07-29T20:04:46.033583","level":"info","event":"Pushing xcom","ti":"RuntimeTaskInstance(id=UUID('019857c9-920c-778a-84b9-6208f8be1db8'), task_id='python_principal', dag_id='3_DAG_principal', run_id='scheduled__2024-05-29T20:00:00+00:00', try_number=1, map_index=-1, hostname='bf6f1e7a6f11', context_carrier={}, task=<Task(PythonOperator): python_principal>, bundle_instance=LocalDagBundle(name=dags-folder), max_tries=0, start_date=datetime.datetime(2025, 7, 29, 20, 4, 45, 340620, tzinfo=datetime.timezone.utc), end_date=None, state=<TaskInstanceState.RUNNING: 'running'>, is_mapped=False, rendered_map_index=None, log_url='http://localhost:8080/dags/3_DAG_principal/runs/scheduled__2024-05-29T20%3A00%3A00%2B00%3A00/tasks/python_principal?try_number=1')","logger":"task"}
{"timestamp":"2025-07-29T20:04:46.054130Z","level":"info","event":"Task instance in success state","chan":"stdout","logger":"task"}
{"timestamp":"2025-07-29T20:04:46.054264Z","level":"info","event":" Previous state of the Task instance: TaskInstanceState.RUNNING","chan":"stdout","logger":"task"}
{"timestamp":"2025-07-29T20:04:46.054360Z","level":"info","event":"Task operator:<Task(PythonOperator): python_principal>","chan":"stdout","logger":"task"}
