{"timestamp":"2025-07-29T19:58:18.582299","level":"info","event":"DAG bundles loaded: dags-folder, example_dags","logger":"airflow.dag_processing.bundles.manager.DagBundlesManager"}
{"timestamp":"2025-07-29T19:58:18.583478","level":"info","event":"Filling up the DagBag from /opt/airflow/dags/2_python_operator_v1.py","logger":"airflow.models.dagbag.DagBag"}
{"timestamp":"2025-07-29T19:58:18.616766Z","level":"info","event":"Task instance is in running state","chan":"stdout","logger":"task"}
{"timestamp":"2025-07-29T19:58:18.617074Z","level":"info","event":" Previous state of the Task instance: TaskInstanceState.QUEUED","chan":"stdout","logger":"task"}
{"timestamp":"2025-07-29T19:58:18.618379Z","level":"info","event":"Current task name:python","chan":"stdout","logger":"task"}
{"timestamp":"2025-07-29T19:58:18.618614Z","level":"info","event":"Dag name:python_operator_v1","chan":"stdout","logger":"task"}
{"timestamp":"2025-07-29T19:58:18.620475Z","level":"info","event":"poliana","chan":"stdout","logger":"task"}
{"timestamp":"2025-07-29T19:58:18.621550Z","level":"info","event":"{'conn': <ConnectionAccessor (dynamic access)>,","chan":"stdout","logger":"task"}
{"timestamp":"2025-07-29T19:58:18.621796Z","level":"info","event":" 'dag': <DAG: python_operator_v1>,","chan":"stdout","logger":"task"}
{"timestamp":"2025-07-29T19:58:18.622054Z","level":"info","event":" 'dag_run': DagRun(dag_id='python_operator_v1', run_id='scheduled__2023-06-24T12:54:00+00:00', logical_date=datetime.datetime(2023, 6, 24, 12, 54, tzinfo=datetime.timezone.utc), data_interval_start=datetime.datetime(2023, 6, 24, 12, 54, tzinfo=datetime.timezone.utc), data_interval_end=datetime.datetime(2023, 6, 24, 12, 54, tzinfo=datetime.timezone.utc), run_after=datetime.datetime(2023, 6, 24, 12, 54, tzinfo=datetime.timezone.utc), start_date=datetime.datetime(2025, 7, 29, 19, 58, 14, 497279, tzinfo=datetime.timezone.utc), end_date=None, clear_number=0, run_type=<DagRunType.SCHEDULED: 'scheduled'>, conf={}, consumed_asset_events=[]),","chan":"stdout","logger":"task"}
{"timestamp":"2025-07-29T19:58:18.622218Z","level":"info","event":" 'data_interval_end': DateTime(2023, 6, 24, 12, 54, 0, tzinfo=Timezone('UTC')),","chan":"stdout","logger":"task"}
{"timestamp":"2025-07-29T19:58:18.622320Z","level":"info","event":" 'data_interval_start': DateTime(2023, 6, 24, 12, 54, 0, tzinfo=Timezone('UTC')),","chan":"stdout","logger":"task"}
{"timestamp":"2025-07-29T19:58:18.622389Z","level":"info","event":" 'ds': '2023-06-24',","chan":"stdout","logger":"task"}
{"timestamp":"2025-07-29T19:58:18.622459Z","level":"info","event":" 'ds_nodash': '20230624',","chan":"stdout","logger":"task"}
{"timestamp":"2025-07-29T19:58:18.622532Z","level":"info","event":" 'inlet_events': InletEventsAccessors(_inlets=[], _assets={}, _asset_aliases={}),","chan":"stdout","logger":"task"}
{"timestamp":"2025-07-29T19:58:18.622600Z","level":"info","event":" 'inlets': [],","chan":"stdout","logger":"task"}
{"timestamp":"2025-07-29T19:58:18.622670Z","level":"info","event":" 'logical_date': DateTime(2023, 6, 24, 12, 54, 0, tzinfo=Timezone('UTC')),","chan":"stdout","logger":"task"}
{"timestamp":"2025-07-29T19:58:18.622755Z","level":"info","event":" 'macros': <MacrosAccessor (dynamic access to macros)>,","chan":"stdout","logger":"task"}
{"timestamp":"2025-07-29T19:58:18.622838Z","level":"info","event":" 'map_index_template': None,","chan":"stdout","logger":"task"}
{"timestamp":"2025-07-29T19:58:18.622916Z","level":"info","event":" 'outlet_events': <airflow.sdk.execution_time.context.OutletEventAccessors object at 0x7fb677bd7a70>,","chan":"stdout","logger":"task"}
{"timestamp":"2025-07-29T19:58:18.623130Z","level":"info","event":" 'outlets': [],","chan":"stdout","logger":"task"}
{"timestamp":"2025-07-29T19:58:18.623266Z","level":"info","event":" 'params': {},","chan":"stdout","logger":"task"}
{"timestamp":"2025-07-29T19:58:18.643565Z","level":"info","event":" 'prev_data_interval_end_success': <Proxy at 0x7fb66fc10b00 with factory <function RuntimeTaskInstance.get_template_context.<locals>.<lambda> at 0x7fb66fc2c860>>,","chan":"stdout","logger":"task"}
{"timestamp":"2025-07-29T19:58:18.644033Z","level":"info","event":" 'prev_data_interval_start_success': <Proxy at 0x7fb67ea14ef0 with factory <function RuntimeTaskInstance.get_template_context.<locals>.<lambda> at 0x7fb66fc176a0>>,","chan":"stdout","logger":"task"}
{"timestamp":"2025-07-29T19:58:18.644213Z","level":"info","event":" 'prev_end_date_success': <Proxy at 0x7fb66fdef050 with factory <function RuntimeTaskInstance.get_template_context.<locals>.<lambda> at 0x7fb66fc17060>>,","chan":"stdout","logger":"task"}
{"timestamp":"2025-07-29T19:58:18.644306Z","level":"info","event":" 'prev_start_date_success': <Proxy at 0x7fb66fdefce0 with factory <function RuntimeTaskInstance.get_template_context.<locals>.<lambda> at 0x7fb66fc17560>>,","chan":"stdout","logger":"task"}
{"timestamp":"2025-07-29T19:58:18.644386Z","level":"info","event":" 'run_id': 'scheduled__2023-06-24T12:54:00+00:00',","chan":"stdout","logger":"task"}
{"timestamp":"2025-07-29T19:58:18.644466Z","level":"info","event":" 'task': <Task(PythonOperator): python>,","chan":"stdout","logger":"task"}
{"timestamp":"2025-07-29T19:58:18.644543Z","level":"info","event":" 'task_instance': RuntimeTaskInstance(id=UUID('019857c3-9dd9-75ef-ab0a-13d6a858e453'), task_id='python', dag_id='python_operator_v1', run_id='scheduled__2023-06-24T12:54:00+00:00', try_number=1, map_index=-1, hostname='bf6f1e7a6f11', context_carrier={}, task=<Task(PythonOperator): python>, bundle_instance=LocalDagBundle(name=dags-folder), max_tries=0, start_date=datetime.datetime(2025, 7, 29, 19, 58, 17, 697146, tzinfo=datetime.timezone.utc), end_date=None, state=<TaskInstanceState.RUNNING: 'running'>, is_mapped=False, rendered_map_index=None, log_url='http://localhost:8080/dags/python_operator_v1/runs/scheduled__2023-06-24T12%3A54%3A00%2B00%3A00/tasks/python?try_number=1'),","chan":"stdout","logger":"task"}
{"timestamp":"2025-07-29T19:58:18.644622Z","level":"info","event":" 'task_instance_key_str': 'python_operator_v1__python__20230624',","chan":"stdout","logger":"task"}
{"timestamp":"2025-07-29T19:58:18.644696Z","level":"info","event":" 'task_reschedule_count': 0,","chan":"stdout","logger":"task"}
{"timestamp":"2025-07-29T19:58:18.644767Z","level":"info","event":" 'templates_dict': None,","chan":"stdout","logger":"task"}
{"timestamp":"2025-07-29T19:58:18.644845Z","level":"info","event":" 'ti': RuntimeTaskInstance(id=UUID('019857c3-9dd9-75ef-ab0a-13d6a858e453'), task_id='python', dag_id='python_operator_v1', run_id='scheduled__2023-06-24T12:54:00+00:00', try_number=1, map_index=-1, hostname='bf6f1e7a6f11', context_carrier={}, task=<Task(PythonOperator): python>, bundle_instance=LocalDagBundle(name=dags-folder), max_tries=0, start_date=datetime.datetime(2025, 7, 29, 19, 58, 17, 697146, tzinfo=datetime.timezone.utc), end_date=None, state=<TaskInstanceState.RUNNING: 'running'>, is_mapped=False, rendered_map_index=None, log_url='http://localhost:8080/dags/python_operator_v1/runs/scheduled__2023-06-24T12%3A54%3A00%2B00%3A00/tasks/python?try_number=1'),","chan":"stdout","logger":"task"}
{"timestamp":"2025-07-29T19:58:18.644922Z","level":"info","event":" 'triggering_asset_events': TriggeringAssetEventsAccessor(_events=defaultdict(<class 'list'>, {})),","chan":"stdout","logger":"task"}
{"timestamp":"2025-07-29T19:58:18.644995Z","level":"info","event":" 'ts': '2023-06-24T12:54:00+00:00',","chan":"stdout","logger":"task"}
{"timestamp":"2025-07-29T19:58:18.645065Z","level":"info","event":" 'ts_nodash': '20230624T125400',","chan":"stdout","logger":"task"}
{"timestamp":"2025-07-29T19:58:18.645135Z","level":"info","event":" 'ts_nodash_with_tz': '20230624T125400+0000',","chan":"stdout","logger":"task"}
{"timestamp":"2025-07-29T19:58:18.645280Z","level":"info","event":" 'var': {'json': <VariableAccessor (dynamic access)>,","chan":"stdout","logger":"task"}
{"timestamp":"2025-07-29T19:58:18.645429Z","level":"info","event":"         'value': <VariableAccessor (dynamic access)>}}","chan":"stdout","logger":"task"}
{"timestamp":"2025-07-29T19:58:18.645037","level":"info","event":"Done. Returned value was: 123","logger":"airflow.task.operators.airflow.providers.standard.operators.python.PythonOperator"}
{"timestamp":"2025-07-29T19:58:18.645360","level":"info","event":"Pushing xcom","ti":"RuntimeTaskInstance(id=UUID('019857c3-9dd9-75ef-ab0a-13d6a858e453'), task_id='python', dag_id='python_operator_v1', run_id='scheduled__2023-06-24T12:54:00+00:00', try_number=1, map_index=-1, hostname='bf6f1e7a6f11', context_carrier={}, task=<Task(PythonOperator): python>, bundle_instance=LocalDagBundle(name=dags-folder), max_tries=0, start_date=datetime.datetime(2025, 7, 29, 19, 58, 17, 697146, tzinfo=datetime.timezone.utc), end_date=None, state=<TaskInstanceState.RUNNING: 'running'>, is_mapped=False, rendered_map_index=None, log_url='http://localhost:8080/dags/python_operator_v1/runs/scheduled__2023-06-24T12%3A54%3A00%2B00%3A00/tasks/python?try_number=1')","logger":"task"}
{"timestamp":"2025-07-29T19:58:18.675493Z","level":"info","event":"Task instance in success state","chan":"stdout","logger":"task"}
{"timestamp":"2025-07-29T19:58:18.675638Z","level":"info","event":" Previous state of the Task instance: TaskInstanceState.RUNNING","chan":"stdout","logger":"task"}
{"timestamp":"2025-07-29T19:58:18.675729Z","level":"info","event":"Task operator:<Task(PythonOperator): python>","chan":"stdout","logger":"task"}
