{"timestamp":"2025-07-29T19:45:53.918602","level":"info","event":"DAG bundles loaded: dags-folder, example_dags","logger":"airflow.dag_processing.bundles.manager.DagBundlesManager"}
{"timestamp":"2025-07-29T19:45:53.920241","level":"info","event":"Filling up the DagBag from /opt/airflow/dags/python_operator_v1.py","logger":"airflow.models.dagbag.DagBag"}
{"timestamp":"2025-07-29T19:45:53.988549Z","level":"info","event":"Task instance is in running state","chan":"stdout","logger":"task"}
{"timestamp":"2025-07-29T19:45:53.988700Z","level":"info","event":" Previous state of the Task instance: TaskInstanceState.QUEUED","chan":"stdout","logger":"task"}
{"timestamp":"2025-07-29T19:45:53.988793Z","level":"info","event":"Current task name:python","chan":"stdout","logger":"task"}
{"timestamp":"2025-07-29T19:45:53.988844Z","level":"info","event":"Dag name:python_operator_v1","chan":"stdout","logger":"task"}
{"timestamp":"2025-07-29T19:45:53.990954Z","level":"info","event":"poliana","chan":"stdout","logger":"task"}
{"timestamp":"2025-07-29T19:45:53.997661Z","level":"info","event":"{'conn': <ConnectionAccessor (dynamic access)>,","chan":"stdout","logger":"task"}
{"timestamp":"2025-07-29T19:45:53.997784Z","level":"info","event":" 'dag': <DAG: python_operator_v1>,","chan":"stdout","logger":"task"}
{"timestamp":"2025-07-29T19:45:53.997942Z","level":"info","event":" 'dag_run': DagRun(dag_id='python_operator_v1', run_id='scheduled__2023-06-23T23:46:00+00:00', logical_date=datetime.datetime(2023, 6, 23, 23, 46, tzinfo=datetime.timezone.utc), data_interval_start=datetime.datetime(2023, 6, 23, 23, 46, tzinfo=datetime.timezone.utc), data_interval_end=datetime.datetime(2023, 6, 23, 23, 46, tzinfo=datetime.timezone.utc), run_after=datetime.datetime(2023, 6, 23, 23, 46, tzinfo=datetime.timezone.utc), start_date=datetime.datetime(2025, 7, 29, 19, 45, 52, 81407, tzinfo=datetime.timezone.utc), end_date=None, clear_number=0, run_type=<DagRunType.SCHEDULED: 'scheduled'>, conf={}, consumed_asset_events=[]),","chan":"stdout","logger":"task"}
{"timestamp":"2025-07-29T19:45:53.998047Z","level":"info","event":" 'data_interval_end': DateTime(2023, 6, 23, 23, 46, 0, tzinfo=Timezone('UTC')),","chan":"stdout","logger":"task"}
{"timestamp":"2025-07-29T19:45:53.998136Z","level":"info","event":" 'data_interval_start': DateTime(2023, 6, 23, 23, 46, 0, tzinfo=Timezone('UTC')),","chan":"stdout","logger":"task"}
{"timestamp":"2025-07-29T19:45:53.998194Z","level":"info","event":" 'ds': '2023-06-23',","chan":"stdout","logger":"task"}
{"timestamp":"2025-07-29T19:45:53.998239Z","level":"info","event":" 'ds_nodash': '20230623',","chan":"stdout","logger":"task"}
{"timestamp":"2025-07-29T19:45:53.998281Z","level":"info","event":" 'inlet_events': InletEventsAccessors(_inlets=[], _assets={}, _asset_aliases={}),","chan":"stdout","logger":"task"}
{"timestamp":"2025-07-29T19:45:53.998323Z","level":"info","event":" 'inlets': [],","chan":"stdout","logger":"task"}
{"timestamp":"2025-07-29T19:45:53.998379Z","level":"info","event":" 'logical_date': DateTime(2023, 6, 23, 23, 46, 0, tzinfo=Timezone('UTC')),","chan":"stdout","logger":"task"}
{"timestamp":"2025-07-29T19:45:53.998443Z","level":"info","event":" 'macros': <MacrosAccessor (dynamic access to macros)>,","chan":"stdout","logger":"task"}
{"timestamp":"2025-07-29T19:45:53.998511Z","level":"info","event":" 'map_index_template': None,","chan":"stdout","logger":"task"}
{"timestamp":"2025-07-29T19:45:53.998580Z","level":"info","event":" 'outlet_events': <airflow.sdk.execution_time.context.OutletEventAccessors object at 0x7fb67caf7ec0>,","chan":"stdout","logger":"task"}
{"timestamp":"2025-07-29T19:45:53.998648Z","level":"info","event":" 'outlets': [],","chan":"stdout","logger":"task"}
{"timestamp":"2025-07-29T19:45:53.998717Z","level":"info","event":" 'params': {},","chan":"stdout","logger":"task"}
{"timestamp":"2025-07-29T19:45:54.007363Z","level":"info","event":" 'prev_data_interval_end_success': <Proxy at 0x7fb66fc29010 with factory <function RuntimeTaskInstance.get_template_context.<locals>.<lambda> at 0x7fb66fc3ae80>>,","chan":"stdout","logger":"task"}
{"timestamp":"2025-07-29T19:45:54.007545Z","level":"info","event":" 'prev_data_interval_start_success': <Proxy at 0x7fb66fc29160 with factory <function RuntimeTaskInstance.get_template_context.<locals>.<lambda> at 0x7fb66fc3bf60>>,","chan":"stdout","logger":"task"}
{"timestamp":"2025-07-29T19:45:54.007611Z","level":"info","event":" 'prev_end_date_success': <Proxy at 0x7fb66fd52930 with factory <function RuntimeTaskInstance.get_template_context.<locals>.<lambda> at 0x7fb66fc3a840>>,","chan":"stdout","logger":"task"}
{"timestamp":"2025-07-29T19:45:54.007659Z","level":"info","event":" 'prev_start_date_success': <Proxy at 0x7fb66fdfb350 with factory <function RuntimeTaskInstance.get_template_context.<locals>.<lambda> at 0x7fb66fc3ad40>>,","chan":"stdout","logger":"task"}
{"timestamp":"2025-07-29T19:45:54.007703Z","level":"info","event":" 'run_id': 'scheduled__2023-06-23T23:46:00+00:00',","chan":"stdout","logger":"task"}
{"timestamp":"2025-07-29T19:45:54.007745Z","level":"info","event":" 'task': <Task(PythonOperator): python>,","chan":"stdout","logger":"task"}
{"timestamp":"2025-07-29T19:45:54.007787Z","level":"info","event":" 'task_instance': RuntimeTaskInstance(id=UUID('019857b8-49ca-78a7-862e-f2bac21bf879'), task_id='python', dag_id='python_operator_v1', run_id='scheduled__2023-06-23T23:46:00+00:00', try_number=1, map_index=-1, hostname='bf6f1e7a6f11', context_carrier={}, task=<Task(PythonOperator): python>, bundle_instance=LocalDagBundle(name=dags-folder), max_tries=0, start_date=datetime.datetime(2025, 7, 29, 19, 45, 52, 529457, tzinfo=datetime.timezone.utc), end_date=None, state=<TaskInstanceState.RUNNING: 'running'>, is_mapped=False, rendered_map_index=None, log_url='http://localhost:8080/dags/python_operator_v1/runs/scheduled__2023-06-23T23%3A46%3A00%2B00%3A00/tasks/python?try_number=1'),","chan":"stdout","logger":"task"}
{"timestamp":"2025-07-29T19:45:54.007860Z","level":"info","event":" 'task_instance_key_str': 'python_operator_v1__python__20230623',","chan":"stdout","logger":"task"}
{"timestamp":"2025-07-29T19:45:54.007914Z","level":"info","event":" 'task_reschedule_count': 0,","chan":"stdout","logger":"task"}
{"timestamp":"2025-07-29T19:45:54.007956Z","level":"info","event":" 'templates_dict': None,","chan":"stdout","logger":"task"}
{"timestamp":"2025-07-29T19:45:54.007997Z","level":"info","event":" 'ti': RuntimeTaskInstance(id=UUID('019857b8-49ca-78a7-862e-f2bac21bf879'), task_id='python', dag_id='python_operator_v1', run_id='scheduled__2023-06-23T23:46:00+00:00', try_number=1, map_index=-1, hostname='bf6f1e7a6f11', context_carrier={}, task=<Task(PythonOperator): python>, bundle_instance=LocalDagBundle(name=dags-folder), max_tries=0, start_date=datetime.datetime(2025, 7, 29, 19, 45, 52, 529457, tzinfo=datetime.timezone.utc), end_date=None, state=<TaskInstanceState.RUNNING: 'running'>, is_mapped=False, rendered_map_index=None, log_url='http://localhost:8080/dags/python_operator_v1/runs/scheduled__2023-06-23T23%3A46%3A00%2B00%3A00/tasks/python?try_number=1'),","chan":"stdout","logger":"task"}
{"timestamp":"2025-07-29T19:45:54.008067Z","level":"info","event":" 'triggering_asset_events': TriggeringAssetEventsAccessor(_events=defaultdict(<class 'list'>, {})),","chan":"stdout","logger":"task"}
{"timestamp":"2025-07-29T19:45:54.008115Z","level":"info","event":" 'ts': '2023-06-23T23:46:00+00:00',","chan":"stdout","logger":"task"}
{"timestamp":"2025-07-29T19:45:54.008156Z","level":"info","event":" 'ts_nodash': '20230623T234600',","chan":"stdout","logger":"task"}
{"timestamp":"2025-07-29T19:45:54.008197Z","level":"info","event":" 'ts_nodash_with_tz': '20230623T234600+0000',","chan":"stdout","logger":"task"}
{"timestamp":"2025-07-29T19:45:54.008237Z","level":"info","event":" 'var': {'json': <VariableAccessor (dynamic access)>,","chan":"stdout","logger":"task"}
{"timestamp":"2025-07-29T19:45:54.008276Z","level":"info","event":"         'value': <VariableAccessor (dynamic access)>}}","chan":"stdout","logger":"task"}
{"timestamp":"2025-07-29T19:45:54.008329","level":"info","event":"Done. Returned value was: 123","logger":"airflow.task.operators.airflow.providers.standard.operators.python.PythonOperator"}
{"timestamp":"2025-07-29T19:45:54.009244","level":"info","event":"Pushing xcom","ti":"RuntimeTaskInstance(id=UUID('019857b8-49ca-78a7-862e-f2bac21bf879'), task_id='python', dag_id='python_operator_v1', run_id='scheduled__2023-06-23T23:46:00+00:00', try_number=1, map_index=-1, hostname='bf6f1e7a6f11', context_carrier={}, task=<Task(PythonOperator): python>, bundle_instance=LocalDagBundle(name=dags-folder), max_tries=0, start_date=datetime.datetime(2025, 7, 29, 19, 45, 52, 529457, tzinfo=datetime.timezone.utc), end_date=None, state=<TaskInstanceState.RUNNING: 'running'>, is_mapped=False, rendered_map_index=None, log_url='http://localhost:8080/dags/python_operator_v1/runs/scheduled__2023-06-23T23%3A46%3A00%2B00%3A00/tasks/python?try_number=1')","logger":"task"}
{"timestamp":"2025-07-29T19:45:54.033841Z","level":"info","event":"Task instance in success state","chan":"stdout","logger":"task"}
{"timestamp":"2025-07-29T19:45:54.034004Z","level":"info","event":" Previous state of the Task instance: TaskInstanceState.RUNNING","chan":"stdout","logger":"task"}
{"timestamp":"2025-07-29T19:45:54.034095Z","level":"info","event":"Task operator:<Task(PythonOperator): python>","chan":"stdout","logger":"task"}
