{"timestamp":"2025-07-29T20:00:15.798218","level":"info","event":"DAG bundles loaded: dags-folder, example_dags","logger":"airflow.dag_processing.bundles.manager.DagBundlesManager"}
{"timestamp":"2025-07-29T20:00:15.798798","level":"info","event":"Filling up the DagBag from /opt/airflow/dags/3_dag_principal.py","logger":"airflow.models.dagbag.DagBag"}
{"timestamp":"2025-07-29T20:00:15.824348Z","level":"info","event":"Task instance is in running state","chan":"stdout","logger":"task"}
{"timestamp":"2025-07-29T20:00:15.824500Z","level":"info","event":" Previous state of the Task instance: TaskInstanceState.QUEUED","chan":"stdout","logger":"task"}
{"timestamp":"2025-07-29T20:00:15.825325Z","level":"info","event":"Current task name:python_principal","chan":"stdout","logger":"task"}
{"timestamp":"2025-07-29T20:00:15.825554Z","level":"info","event":"Dag name:3_DAG_principal","chan":"stdout","logger":"task"}
{"timestamp":"2025-07-29T20:00:15.826861Z","level":"info","event":"DAG principal","chan":"stdout","logger":"task"}
{"timestamp":"2025-07-29T20:00:15.827480Z","level":"info","event":"{'conn': <ConnectionAccessor (dynamic access)>,","chan":"stdout","logger":"task"}
{"timestamp":"2025-07-29T20:00:15.827599Z","level":"info","event":" 'dag': <DAG: 3_DAG_principal>,","chan":"stdout","logger":"task"}
{"timestamp":"2025-07-29T20:00:15.827760Z","level":"info","event":" 'dag_run': DagRun(dag_id='3_DAG_principal', run_id='scheduled__2023-09-15T20:00:00+00:00', logical_date=datetime.datetime(2023, 9, 15, 20, 0, tzinfo=datetime.timezone.utc), data_interval_start=datetime.datetime(2023, 9, 15, 20, 0, tzinfo=datetime.timezone.utc), data_interval_end=datetime.datetime(2023, 9, 15, 20, 0, tzinfo=datetime.timezone.utc), run_after=datetime.datetime(2023, 9, 15, 20, 0, tzinfo=datetime.timezone.utc), start_date=datetime.datetime(2025, 7, 29, 20, 0, 14, 737863, tzinfo=datetime.timezone.utc), end_date=None, clear_number=0, run_type=<DagRunType.SCHEDULED: 'scheduled'>, conf={}, consumed_asset_events=[]),","chan":"stdout","logger":"task"}
{"timestamp":"2025-07-29T20:00:15.827835Z","level":"info","event":" 'data_interval_end': DateTime(2023, 9, 15, 20, 0, 0, tzinfo=Timezone('UTC')),","chan":"stdout","logger":"task"}
{"timestamp":"2025-07-29T20:00:15.827886Z","level":"info","event":" 'data_interval_start': DateTime(2023, 9, 15, 20, 0, 0, tzinfo=Timezone('UTC')),","chan":"stdout","logger":"task"}
{"timestamp":"2025-07-29T20:00:15.827930Z","level":"info","event":" 'ds': '2023-09-15',","chan":"stdout","logger":"task"}
{"timestamp":"2025-07-29T20:00:15.827973Z","level":"info","event":" 'ds_nodash': '20230915',","chan":"stdout","logger":"task"}
{"timestamp":"2025-07-29T20:00:15.828015Z","level":"info","event":" 'inlet_events': InletEventsAccessors(_inlets=[], _assets={}, _asset_aliases={}),","chan":"stdout","logger":"task"}
{"timestamp":"2025-07-29T20:00:15.828056Z","level":"info","event":" 'inlets': [],","chan":"stdout","logger":"task"}
{"timestamp":"2025-07-29T20:00:15.828097Z","level":"info","event":" 'logical_date': DateTime(2023, 9, 15, 20, 0, 0, tzinfo=Timezone('UTC')),","chan":"stdout","logger":"task"}
{"timestamp":"2025-07-29T20:00:15.828140Z","level":"info","event":" 'macros': <MacrosAccessor (dynamic access to macros)>,","chan":"stdout","logger":"task"}
{"timestamp":"2025-07-29T20:00:15.828180Z","level":"info","event":" 'map_index_template': None,","chan":"stdout","logger":"task"}
{"timestamp":"2025-07-29T20:00:15.828221Z","level":"info","event":" 'outlet_events': <airflow.sdk.execution_time.context.OutletEventAccessors object at 0x7fb677b67a70>,","chan":"stdout","logger":"task"}
{"timestamp":"2025-07-29T20:00:15.828262Z","level":"info","event":" 'outlets': [],","chan":"stdout","logger":"task"}
{"timestamp":"2025-07-29T20:00:15.828302Z","level":"info","event":" 'params': {},","chan":"stdout","logger":"task"}
{"timestamp":"2025-07-29T20:00:15.845218Z","level":"info","event":" 'prev_data_interval_end_success': <Proxy at 0x7fb66fc14ec0 with factory <function RuntimeTaskInstance.get_template_context.<locals>.<lambda> at 0x7fb66fc37ba0>>,","chan":"stdout","logger":"task"}
{"timestamp":"2025-07-29T20:00:15.845382Z","level":"info","event":" 'prev_data_interval_start_success': <Proxy at 0x7fb67eba4ef0 with factory <function RuntimeTaskInstance.get_template_context.<locals>.<lambda> at 0x7fb66fc363e0>>,","chan":"stdout","logger":"task"}
{"timestamp":"2025-07-29T20:00:15.845442Z","level":"info","event":" 'prev_end_date_success': <Proxy at 0x7fb67ea5c920 with factory <function RuntimeTaskInstance.get_template_context.<locals>.<lambda> at 0x7fb66fc37c40>>,","chan":"stdout","logger":"task"}
{"timestamp":"2025-07-29T20:00:15.845491Z","level":"info","event":" 'prev_start_date_success': <Proxy at 0x7fb67ea9fe30 with factory <function RuntimeTaskInstance.get_template_context.<locals>.<lambda> at 0x7fb66fc36980>>,","chan":"stdout","logger":"task"}
{"timestamp":"2025-07-29T20:00:15.845535Z","level":"info","event":" 'run_id': 'scheduled__2023-09-15T20:00:00+00:00',","chan":"stdout","logger":"task"}
{"timestamp":"2025-07-29T20:00:15.845578Z","level":"info","event":" 'task': <Task(PythonOperator): python_principal>,","chan":"stdout","logger":"task"}
{"timestamp":"2025-07-29T20:00:15.845623Z","level":"info","event":" 'task_instance': RuntimeTaskInstance(id=UUID('019857c5-7378-71fd-9204-4acf034f4e77'), task_id='python_principal', dag_id='3_DAG_principal', run_id='scheduled__2023-09-15T20:00:00+00:00', try_number=1, map_index=-1, hostname='bf6f1e7a6f11', context_carrier={}, task=<Task(PythonOperator): python_principal>, bundle_instance=LocalDagBundle(name=dags-folder), max_tries=0, start_date=datetime.datetime(2025, 7, 29, 20, 0, 15, 304579, tzinfo=datetime.timezone.utc), end_date=None, state=<TaskInstanceState.RUNNING: 'running'>, is_mapped=False, rendered_map_index=None, log_url='http://localhost:8080/dags/3_DAG_principal/runs/scheduled__2023-09-15T20%3A00%3A00%2B00%3A00/tasks/python_principal?try_number=1'),","chan":"stdout","logger":"task"}
{"timestamp":"2025-07-29T20:00:15.845667Z","level":"info","event":" 'task_instance_key_str': '3_DAG_principal__python_principal__20230915',","chan":"stdout","logger":"task"}
{"timestamp":"2025-07-29T20:00:15.845709Z","level":"info","event":" 'task_reschedule_count': 0,","chan":"stdout","logger":"task"}
{"timestamp":"2025-07-29T20:00:15.845761Z","level":"info","event":" 'templates_dict': None,","chan":"stdout","logger":"task"}
{"timestamp":"2025-07-29T20:00:15.845836Z","level":"info","event":" 'ti': RuntimeTaskInstance(id=UUID('019857c5-7378-71fd-9204-4acf034f4e77'), task_id='python_principal', dag_id='3_DAG_principal', run_id='scheduled__2023-09-15T20:00:00+00:00', try_number=1, map_index=-1, hostname='bf6f1e7a6f11', context_carrier={}, task=<Task(PythonOperator): python_principal>, bundle_instance=LocalDagBundle(name=dags-folder), max_tries=0, start_date=datetime.datetime(2025, 7, 29, 20, 0, 15, 304579, tzinfo=datetime.timezone.utc), end_date=None, state=<TaskInstanceState.RUNNING: 'running'>, is_mapped=False, rendered_map_index=None, log_url='http://localhost:8080/dags/3_DAG_principal/runs/scheduled__2023-09-15T20%3A00%3A00%2B00%3A00/tasks/python_principal?try_number=1'),","chan":"stdout","logger":"task"}
{"timestamp":"2025-07-29T20:00:15.845885Z","level":"info","event":" 'triggering_asset_events': TriggeringAssetEventsAccessor(_events=defaultdict(<class 'list'>, {})),","chan":"stdout","logger":"task"}
{"timestamp":"2025-07-29T20:00:15.845928Z","level":"info","event":" 'ts': '2023-09-15T20:00:00+00:00',","chan":"stdout","logger":"task"}
{"timestamp":"2025-07-29T20:00:15.845968Z","level":"info","event":" 'ts_nodash': '20230915T200000',","chan":"stdout","logger":"task"}
{"timestamp":"2025-07-29T20:00:15.846009Z","level":"info","event":" 'ts_nodash_with_tz': '20230915T200000+0000',","chan":"stdout","logger":"task"}
{"timestamp":"2025-07-29T20:00:15.846052Z","level":"info","event":" 'var': {'json': <VariableAccessor (dynamic access)>,","chan":"stdout","logger":"task"}
{"timestamp":"2025-07-29T20:00:15.846118Z","level":"info","event":"         'value': <VariableAccessor (dynamic access)>}}","chan":"stdout","logger":"task"}
{"timestamp":"2025-07-29T20:00:15.845621","level":"info","event":"Done. Returned value was: principal","logger":"airflow.task.operators.airflow.providers.standard.operators.python.PythonOperator"}
{"timestamp":"2025-07-29T20:00:15.845841","level":"info","event":"Pushing xcom","ti":"RuntimeTaskInstance(id=UUID('019857c5-7378-71fd-9204-4acf034f4e77'), task_id='python_principal', dag_id='3_DAG_principal', run_id='scheduled__2023-09-15T20:00:00+00:00', try_number=1, map_index=-1, hostname='bf6f1e7a6f11', context_carrier={}, task=<Task(PythonOperator): python_principal>, bundle_instance=LocalDagBundle(name=dags-folder), max_tries=0, start_date=datetime.datetime(2025, 7, 29, 20, 0, 15, 304579, tzinfo=datetime.timezone.utc), end_date=None, state=<TaskInstanceState.RUNNING: 'running'>, is_mapped=False, rendered_map_index=None, log_url='http://localhost:8080/dags/3_DAG_principal/runs/scheduled__2023-09-15T20%3A00%3A00%2B00%3A00/tasks/python_principal?try_number=1')","logger":"task"}
{"timestamp":"2025-07-29T20:00:15.868664Z","level":"info","event":"Task instance in success state","chan":"stdout","logger":"task"}
{"timestamp":"2025-07-29T20:00:15.868797Z","level":"info","event":" Previous state of the Task instance: TaskInstanceState.RUNNING","chan":"stdout","logger":"task"}
{"timestamp":"2025-07-29T20:00:15.868888Z","level":"info","event":"Task operator:<Task(PythonOperator): python_principal>","chan":"stdout","logger":"task"}
