{"timestamp":"2025-07-29T19:51:05.507558","level":"info","event":"DAG bundles loaded: dags-folder, example_dags","logger":"airflow.dag_processing.bundles.manager.DagBundlesManager"}
{"timestamp":"2025-07-29T19:51:05.508027","level":"info","event":"Filling up the DagBag from /opt/airflow/dags/2_python_operator_v1.py","logger":"airflow.models.dagbag.DagBag"}
{"timestamp":"2025-07-29T19:51:05.535729Z","level":"info","event":"Task instance is in running state","chan":"stdout","logger":"task"}
{"timestamp":"2025-07-29T19:51:05.535957Z","level":"info","event":" Previous state of the Task instance: TaskInstanceState.QUEUED","chan":"stdout","logger":"task"}
{"timestamp":"2025-07-29T19:51:05.536170Z","level":"info","event":"Current task name:python","chan":"stdout","logger":"task"}
{"timestamp":"2025-07-29T19:51:05.536265Z","level":"info","event":"Dag name:python_operator_v1","chan":"stdout","logger":"task"}
{"timestamp":"2025-07-29T19:51:05.538302Z","level":"info","event":"poliana","chan":"stdout","logger":"task"}
{"timestamp":"2025-07-29T19:51:05.539283Z","level":"info","event":"{'conn': <ConnectionAccessor (dynamic access)>,","chan":"stdout","logger":"task"}
{"timestamp":"2025-07-29T19:51:05.539481Z","level":"info","event":" 'dag': <DAG: python_operator_v1>,","chan":"stdout","logger":"task"}
{"timestamp":"2025-07-29T19:51:05.539663Z","level":"info","event":" 'dag_run': DagRun(dag_id='python_operator_v1', run_id='scheduled__2023-06-24T05:18:00+00:00', logical_date=datetime.datetime(2023, 6, 24, 5, 18, tzinfo=datetime.timezone.utc), data_interval_start=datetime.datetime(2023, 6, 24, 5, 18, tzinfo=datetime.timezone.utc), data_interval_end=datetime.datetime(2023, 6, 24, 5, 18, tzinfo=datetime.timezone.utc), run_after=datetime.datetime(2023, 6, 24, 5, 18, tzinfo=datetime.timezone.utc), start_date=datetime.datetime(2025, 7, 29, 19, 51, 4, 676914, tzinfo=datetime.timezone.utc), end_date=None, clear_number=0, run_type=<DagRunType.SCHEDULED: 'scheduled'>, conf={}, consumed_asset_events=[]),","chan":"stdout","logger":"task"}
{"timestamp":"2025-07-29T19:51:05.539814Z","level":"info","event":" 'data_interval_end': DateTime(2023, 6, 24, 5, 18, 0, tzinfo=Timezone('UTC')),","chan":"stdout","logger":"task"}
{"timestamp":"2025-07-29T19:51:05.539875Z","level":"info","event":" 'data_interval_start': DateTime(2023, 6, 24, 5, 18, 0, tzinfo=Timezone('UTC')),","chan":"stdout","logger":"task"}
{"timestamp":"2025-07-29T19:51:05.539922Z","level":"info","event":" 'ds': '2023-06-24',","chan":"stdout","logger":"task"}
{"timestamp":"2025-07-29T19:51:05.539966Z","level":"info","event":" 'ds_nodash': '20230624',","chan":"stdout","logger":"task"}
{"timestamp":"2025-07-29T19:51:05.540009Z","level":"info","event":" 'inlet_events': InletEventsAccessors(_inlets=[], _assets={}, _asset_aliases={}),","chan":"stdout","logger":"task"}
{"timestamp":"2025-07-29T19:51:05.540068Z","level":"info","event":" 'inlets': [],","chan":"stdout","logger":"task"}
{"timestamp":"2025-07-29T19:51:05.540113Z","level":"info","event":" 'logical_date': DateTime(2023, 6, 24, 5, 18, 0, tzinfo=Timezone('UTC')),","chan":"stdout","logger":"task"}
{"timestamp":"2025-07-29T19:51:05.540155Z","level":"info","event":" 'macros': <MacrosAccessor (dynamic access to macros)>,","chan":"stdout","logger":"task"}
{"timestamp":"2025-07-29T19:51:05.540197Z","level":"info","event":" 'map_index_template': None,","chan":"stdout","logger":"task"}
{"timestamp":"2025-07-29T19:51:05.540239Z","level":"info","event":" 'outlet_events': <airflow.sdk.execution_time.context.OutletEventAccessors object at 0x7fb677e7fa70>,","chan":"stdout","logger":"task"}
{"timestamp":"2025-07-29T19:51:05.540281Z","level":"info","event":" 'outlets': [],","chan":"stdout","logger":"task"}
{"timestamp":"2025-07-29T19:51:05.540334Z","level":"info","event":" 'params': {},","chan":"stdout","logger":"task"}
{"timestamp":"2025-07-29T19:51:05.552366Z","level":"info","event":" 'prev_data_interval_end_success': <Proxy at 0x7fb66fdec350 with factory <function RuntimeTaskInstance.get_template_context.<locals>.<lambda> at 0x7fb66fc000e0>>,","chan":"stdout","logger":"task"}
{"timestamp":"2025-07-29T19:51:05.552567Z","level":"info","event":" 'prev_data_interval_start_success': <Proxy at 0x7fb66fecdc70 with factory <function RuntimeTaskInstance.get_template_context.<locals>.<lambda> at 0x7fb66fc01800>>,","chan":"stdout","logger":"task"}
{"timestamp":"2025-07-29T19:51:05.552637Z","level":"info","event":" 'prev_end_date_success': <Proxy at 0x7fb67b587830 with factory <function RuntimeTaskInstance.get_template_context.<locals>.<lambda> at 0x7fb66fc018a0>>,","chan":"stdout","logger":"task"}
{"timestamp":"2025-07-29T19:51:05.552688Z","level":"info","event":" 'prev_start_date_success': <Proxy at 0x7fb67b587ad0 with factory <function RuntimeTaskInstance.get_template_context.<locals>.<lambda> at 0x7fb66fc005e0>>,","chan":"stdout","logger":"task"}
{"timestamp":"2025-07-29T19:51:05.552733Z","level":"info","event":" 'run_id': 'scheduled__2023-06-24T05:18:00+00:00',","chan":"stdout","logger":"task"}
{"timestamp":"2025-07-29T19:51:05.552777Z","level":"info","event":" 'task': <Task(PythonOperator): python>,","chan":"stdout","logger":"task"}
{"timestamp":"2025-07-29T19:51:05.552824Z","level":"info","event":" 'task_instance': RuntimeTaskInstance(id=UUID('019857bd-0ee0-73da-bf41-0c4cb0f3e07a'), task_id='python', dag_id='python_operator_v1', run_id='scheduled__2023-06-24T05:18:00+00:00', try_number=1, map_index=-1, hostname='bf6f1e7a6f11', context_carrier={}, task=<Task(PythonOperator): python>, bundle_instance=LocalDagBundle(name=dags-folder), max_tries=0, start_date=datetime.datetime(2025, 7, 29, 19, 51, 5, 2437, tzinfo=datetime.timezone.utc), end_date=None, state=<TaskInstanceState.RUNNING: 'running'>, is_mapped=False, rendered_map_index=None, log_url='http://localhost:8080/dags/python_operator_v1/runs/scheduled__2023-06-24T05%3A18%3A00%2B00%3A00/tasks/python?try_number=1'),","chan":"stdout","logger":"task"}
{"timestamp":"2025-07-29T19:51:05.552876Z","level":"info","event":" 'task_instance_key_str': 'python_operator_v1__python__20230624',","chan":"stdout","logger":"task"}
{"timestamp":"2025-07-29T19:51:05.552932Z","level":"info","event":" 'task_reschedule_count': 0,","chan":"stdout","logger":"task"}
{"timestamp":"2025-07-29T19:51:05.552992Z","level":"info","event":" 'templates_dict': None,","chan":"stdout","logger":"task"}
{"timestamp":"2025-07-29T19:51:05.553093Z","level":"info","event":" 'ti': RuntimeTaskInstance(id=UUID('019857bd-0ee0-73da-bf41-0c4cb0f3e07a'), task_id='python', dag_id='python_operator_v1', run_id='scheduled__2023-06-24T05:18:00+00:00', try_number=1, map_index=-1, hostname='bf6f1e7a6f11', context_carrier={}, task=<Task(PythonOperator): python>, bundle_instance=LocalDagBundle(name=dags-folder), max_tries=0, start_date=datetime.datetime(2025, 7, 29, 19, 51, 5, 2437, tzinfo=datetime.timezone.utc), end_date=None, state=<TaskInstanceState.RUNNING: 'running'>, is_mapped=False, rendered_map_index=None, log_url='http://localhost:8080/dags/python_operator_v1/runs/scheduled__2023-06-24T05%3A18%3A00%2B00%3A00/tasks/python?try_number=1'),","chan":"stdout","logger":"task"}
{"timestamp":"2025-07-29T19:51:05.553198Z","level":"info","event":" 'triggering_asset_events': TriggeringAssetEventsAccessor(_events=defaultdict(<class 'list'>, {})),","chan":"stdout","logger":"task"}
{"timestamp":"2025-07-29T19:51:05.553250Z","level":"info","event":" 'ts': '2023-06-24T05:18:00+00:00',","chan":"stdout","logger":"task"}
{"timestamp":"2025-07-29T19:51:05.553294Z","level":"info","event":" 'ts_nodash': '20230624T051800',","chan":"stdout","logger":"task"}
{"timestamp":"2025-07-29T19:51:05.553336Z","level":"info","event":" 'ts_nodash_with_tz': '20230624T051800+0000',","chan":"stdout","logger":"task"}
{"timestamp":"2025-07-29T19:51:05.553377Z","level":"info","event":" 'var': {'json': <VariableAccessor (dynamic access)>,","chan":"stdout","logger":"task"}
{"timestamp":"2025-07-29T19:51:05.553418Z","level":"info","event":"         'value': <VariableAccessor (dynamic access)>}}","chan":"stdout","logger":"task"}
{"timestamp":"2025-07-29T19:51:05.553144","level":"info","event":"Done. Returned value was: 123","logger":"airflow.task.operators.airflow.providers.standard.operators.python.PythonOperator"}
{"timestamp":"2025-07-29T19:51:05.553344","level":"info","event":"Pushing xcom","ti":"RuntimeTaskInstance(id=UUID('019857bd-0ee0-73da-bf41-0c4cb0f3e07a'), task_id='python', dag_id='python_operator_v1', run_id='scheduled__2023-06-24T05:18:00+00:00', try_number=1, map_index=-1, hostname='bf6f1e7a6f11', context_carrier={}, task=<Task(PythonOperator): python>, bundle_instance=LocalDagBundle(name=dags-folder), max_tries=0, start_date=datetime.datetime(2025, 7, 29, 19, 51, 5, 2437, tzinfo=datetime.timezone.utc), end_date=None, state=<TaskInstanceState.RUNNING: 'running'>, is_mapped=False, rendered_map_index=None, log_url='http://localhost:8080/dags/python_operator_v1/runs/scheduled__2023-06-24T05%3A18%3A00%2B00%3A00/tasks/python?try_number=1')","logger":"task"}
{"timestamp":"2025-07-29T19:51:05.581362Z","level":"info","event":"Task instance in success state","chan":"stdout","logger":"task"}
{"timestamp":"2025-07-29T19:51:05.581507Z","level":"info","event":" Previous state of the Task instance: TaskInstanceState.RUNNING","chan":"stdout","logger":"task"}
{"timestamp":"2025-07-29T19:51:05.581607Z","level":"info","event":"Task operator:<Task(PythonOperator): python>","chan":"stdout","logger":"task"}
