{"timestamp":"2025-07-29T19:46:08.522929","level":"info","event":"DAG bundles loaded: dags-folder, example_dags","logger":"airflow.dag_processing.bundles.manager.DagBundlesManager"}
{"timestamp":"2025-07-29T19:46:08.523472","level":"info","event":"Filling up the DagBag from /opt/airflow/dags/python_operator_v1.py","logger":"airflow.models.dagbag.DagBag"}
{"timestamp":"2025-07-29T19:46:08.546905Z","level":"info","event":"Task instance is in running state","chan":"stdout","logger":"task"}
{"timestamp":"2025-07-29T19:46:08.547096Z","level":"info","event":" Previous state of the Task instance: TaskInstanceState.QUEUED","chan":"stdout","logger":"task"}
{"timestamp":"2025-07-29T19:46:08.547510Z","level":"info","event":"Current task name:python","chan":"stdout","logger":"task"}
{"timestamp":"2025-07-29T19:46:08.547650Z","level":"info","event":"Dag name:python_operator_v1","chan":"stdout","logger":"task"}
{"timestamp":"2025-07-29T19:46:08.548621Z","level":"info","event":"poliana","chan":"stdout","logger":"task"}
{"timestamp":"2025-07-29T19:46:08.549245Z","level":"info","event":"{'conn': <ConnectionAccessor (dynamic access)>,","chan":"stdout","logger":"task"}
{"timestamp":"2025-07-29T19:46:08.549341Z","level":"info","event":" 'dag': <DAG: python_operator_v1>,","chan":"stdout","logger":"task"}
{"timestamp":"2025-07-29T19:46:08.549438Z","level":"info","event":" 'dag_run': DagRun(dag_id='python_operator_v1', run_id='scheduled__2023-06-23T23:59:00+00:00', logical_date=datetime.datetime(2023, 6, 23, 23, 59, tzinfo=datetime.timezone.utc), data_interval_start=datetime.datetime(2023, 6, 23, 23, 59, tzinfo=datetime.timezone.utc), data_interval_end=datetime.datetime(2023, 6, 23, 23, 59, tzinfo=datetime.timezone.utc), run_after=datetime.datetime(2023, 6, 23, 23, 59, tzinfo=datetime.timezone.utc), start_date=datetime.datetime(2025, 7, 29, 19, 46, 6, 854352, tzinfo=datetime.timezone.utc), end_date=None, clear_number=0, run_type=<DagRunType.SCHEDULED: 'scheduled'>, conf={}, consumed_asset_events=[]),","chan":"stdout","logger":"task"}
{"timestamp":"2025-07-29T19:46:08.549496Z","level":"info","event":" 'data_interval_end': DateTime(2023, 6, 23, 23, 59, 0, tzinfo=Timezone('UTC')),","chan":"stdout","logger":"task"}
{"timestamp":"2025-07-29T19:46:08.549557Z","level":"info","event":" 'data_interval_start': DateTime(2023, 6, 23, 23, 59, 0, tzinfo=Timezone('UTC')),","chan":"stdout","logger":"task"}
{"timestamp":"2025-07-29T19:46:08.549606Z","level":"info","event":" 'ds': '2023-06-23',","chan":"stdout","logger":"task"}
{"timestamp":"2025-07-29T19:46:08.549649Z","level":"info","event":" 'ds_nodash': '20230623',","chan":"stdout","logger":"task"}
{"timestamp":"2025-07-29T19:46:08.549696Z","level":"info","event":" 'inlet_events': InletEventsAccessors(_inlets=[], _assets={}, _asset_aliases={}),","chan":"stdout","logger":"task"}
{"timestamp":"2025-07-29T19:46:08.549737Z","level":"info","event":" 'inlets': [],","chan":"stdout","logger":"task"}
{"timestamp":"2025-07-29T19:46:08.549787Z","level":"info","event":" 'logical_date': DateTime(2023, 6, 23, 23, 59, 0, tzinfo=Timezone('UTC')),","chan":"stdout","logger":"task"}
{"timestamp":"2025-07-29T19:46:08.549861Z","level":"info","event":" 'macros': <MacrosAccessor (dynamic access to macros)>,","chan":"stdout","logger":"task"}
{"timestamp":"2025-07-29T19:46:08.549919Z","level":"info","event":" 'map_index_template': None,","chan":"stdout","logger":"task"}
{"timestamp":"2025-07-29T19:46:08.549962Z","level":"info","event":" 'outlet_events': <airflow.sdk.execution_time.context.OutletEventAccessors object at 0x7fb67b7ed580>,","chan":"stdout","logger":"task"}
{"timestamp":"2025-07-29T19:46:08.550004Z","level":"info","event":" 'outlets': [],","chan":"stdout","logger":"task"}
{"timestamp":"2025-07-29T19:46:08.550044Z","level":"info","event":" 'params': {},","chan":"stdout","logger":"task"}
{"timestamp":"2025-07-29T19:46:08.560272Z","level":"info","event":" 'prev_data_interval_end_success': <Proxy at 0x7fb66fdc62a0 with factory <function RuntimeTaskInstance.get_template_context.<locals>.<lambda> at 0x7fb66fde0b80>>,","chan":"stdout","logger":"task"}
{"timestamp":"2025-07-29T19:46:08.560458Z","level":"info","event":" 'prev_data_interval_start_success': <Proxy at 0x7fb66fdc6210 with factory <function RuntimeTaskInstance.get_template_context.<locals>.<lambda> at 0x7fb66fde22a0>>,","chan":"stdout","logger":"task"}
{"timestamp":"2025-07-29T19:46:08.560531Z","level":"info","event":" 'prev_end_date_success': <Proxy at 0x7fb66fdc6750 with factory <function RuntimeTaskInstance.get_template_context.<locals>.<lambda> at 0x7fb66fde2340>>,","chan":"stdout","logger":"task"}
{"timestamp":"2025-07-29T19:46:08.560581Z","level":"info","event":" 'prev_start_date_success': <Proxy at 0x7fb677bd4bc0 with factory <function RuntimeTaskInstance.get_template_context.<locals>.<lambda> at 0x7fb66fde1080>>,","chan":"stdout","logger":"task"}
{"timestamp":"2025-07-29T19:46:08.560628Z","level":"info","event":" 'run_id': 'scheduled__2023-06-23T23:59:00+00:00',","chan":"stdout","logger":"task"}
{"timestamp":"2025-07-29T19:46:08.560671Z","level":"info","event":" 'task': <Task(PythonOperator): python>,","chan":"stdout","logger":"task"}
{"timestamp":"2025-07-29T19:46:08.560716Z","level":"info","event":" 'task_instance': RuntimeTaskInstance(id=UUID('019857b8-837c-702a-a6b6-55a74aa1a2f0'), task_id='python', dag_id='python_operator_v1', run_id='scheduled__2023-06-23T23:59:00+00:00', try_number=1, map_index=-1, hostname='bf6f1e7a6f11', context_carrier={}, task=<Task(PythonOperator): python>, bundle_instance=LocalDagBundle(name=dags-folder), max_tries=0, start_date=datetime.datetime(2025, 7, 29, 19, 46, 8, 9921, tzinfo=datetime.timezone.utc), end_date=None, state=<TaskInstanceState.RUNNING: 'running'>, is_mapped=False, rendered_map_index=None, log_url='http://localhost:8080/dags/python_operator_v1/runs/scheduled__2023-06-23T23%3A59%3A00%2B00%3A00/tasks/python?try_number=1'),","chan":"stdout","logger":"task"}
{"timestamp":"2025-07-29T19:46:08.560760Z","level":"info","event":" 'task_instance_key_str': 'python_operator_v1__python__20230623',","chan":"stdout","logger":"task"}
{"timestamp":"2025-07-29T19:46:08.560801Z","level":"info","event":" 'task_reschedule_count': 0,","chan":"stdout","logger":"task"}
{"timestamp":"2025-07-29T19:46:08.560842Z","level":"info","event":" 'templates_dict': None,","chan":"stdout","logger":"task"}
{"timestamp":"2025-07-29T19:46:08.560913Z","level":"info","event":" 'ti': RuntimeTaskInstance(id=UUID('019857b8-837c-702a-a6b6-55a74aa1a2f0'), task_id='python', dag_id='python_operator_v1', run_id='scheduled__2023-06-23T23:59:00+00:00', try_number=1, map_index=-1, hostname='bf6f1e7a6f11', context_carrier={}, task=<Task(PythonOperator): python>, bundle_instance=LocalDagBundle(name=dags-folder), max_tries=0, start_date=datetime.datetime(2025, 7, 29, 19, 46, 8, 9921, tzinfo=datetime.timezone.utc), end_date=None, state=<TaskInstanceState.RUNNING: 'running'>, is_mapped=False, rendered_map_index=None, log_url='http://localhost:8080/dags/python_operator_v1/runs/scheduled__2023-06-23T23%3A59%3A00%2B00%3A00/tasks/python?try_number=1'),","chan":"stdout","logger":"task"}
{"timestamp":"2025-07-29T19:46:08.560964Z","level":"info","event":" 'triggering_asset_events': TriggeringAssetEventsAccessor(_events=defaultdict(<class 'list'>, {})),","chan":"stdout","logger":"task"}
{"timestamp":"2025-07-29T19:46:08.561006Z","level":"info","event":" 'ts': '2023-06-23T23:59:00+00:00',","chan":"stdout","logger":"task"}
{"timestamp":"2025-07-29T19:46:08.561047Z","level":"info","event":" 'ts_nodash': '20230623T235900',","chan":"stdout","logger":"task"}
{"timestamp":"2025-07-29T19:46:08.561088Z","level":"info","event":" 'ts_nodash_with_tz': '20230623T235900+0000',","chan":"stdout","logger":"task"}
{"timestamp":"2025-07-29T19:46:08.561129Z","level":"info","event":" 'var': {'json': <VariableAccessor (dynamic access)>,","chan":"stdout","logger":"task"}
{"timestamp":"2025-07-29T19:46:08.561169Z","level":"info","event":"         'value': <VariableAccessor (dynamic access)>}}","chan":"stdout","logger":"task"}
{"timestamp":"2025-07-29T19:46:08.561022","level":"info","event":"Done. Returned value was: 123","logger":"airflow.task.operators.airflow.providers.standard.operators.python.PythonOperator"}
{"timestamp":"2025-07-29T19:46:08.561242","level":"info","event":"Pushing xcom","ti":"RuntimeTaskInstance(id=UUID('019857b8-837c-702a-a6b6-55a74aa1a2f0'), task_id='python', dag_id='python_operator_v1', run_id='scheduled__2023-06-23T23:59:00+00:00', try_number=1, map_index=-1, hostname='bf6f1e7a6f11', context_carrier={}, task=<Task(PythonOperator): python>, bundle_instance=LocalDagBundle(name=dags-folder), max_tries=0, start_date=datetime.datetime(2025, 7, 29, 19, 46, 8, 9921, tzinfo=datetime.timezone.utc), end_date=None, state=<TaskInstanceState.RUNNING: 'running'>, is_mapped=False, rendered_map_index=None, log_url='http://localhost:8080/dags/python_operator_v1/runs/scheduled__2023-06-23T23%3A59%3A00%2B00%3A00/tasks/python?try_number=1')","logger":"task"}
{"timestamp":"2025-07-29T19:46:08.596330Z","level":"info","event":"Task instance in success state","chan":"stdout","logger":"task"}
{"timestamp":"2025-07-29T19:46:08.596622Z","level":"info","event":" Previous state of the Task instance: TaskInstanceState.RUNNING","chan":"stdout","logger":"task"}
{"timestamp":"2025-07-29T19:46:08.596829Z","level":"info","event":"Task operator:<Task(PythonOperator): python>","chan":"stdout","logger":"task"}
