{"timestamp":"2025-07-29T19:57:22.155847","level":"info","event":"DAG bundles loaded: dags-folder, example_dags","logger":"airflow.dag_processing.bundles.manager.DagBundlesManager"}
{"timestamp":"2025-07-29T19:57:22.156276","level":"info","event":"Filling up the DagBag from /opt/airflow/dags/2_python_operator_v1.py","logger":"airflow.models.dagbag.DagBag"}
{"timestamp":"2025-07-29T19:57:22.177204Z","level":"info","event":"Task instance is in running state","chan":"stdout","logger":"task"}
{"timestamp":"2025-07-29T19:57:22.177337Z","level":"info","event":" Previous state of the Task instance: TaskInstanceState.QUEUED","chan":"stdout","logger":"task"}
{"timestamp":"2025-07-29T19:57:22.178477Z","level":"info","event":"Current task name:python","chan":"stdout","logger":"task"}
{"timestamp":"2025-07-29T19:57:22.178583Z","level":"info","event":"Dag name:python_operator_v1","chan":"stdout","logger":"task"}
{"timestamp":"2025-07-29T19:57:22.179705Z","level":"info","event":"poliana","chan":"stdout","logger":"task"}
{"timestamp":"2025-07-29T19:57:22.180302Z","level":"info","event":"{'conn': <ConnectionAccessor (dynamic access)>,","chan":"stdout","logger":"task"}
{"timestamp":"2025-07-29T19:57:22.180409Z","level":"info","event":" 'dag': <DAG: python_operator_v1>,","chan":"stdout","logger":"task"}
{"timestamp":"2025-07-29T19:57:22.180513Z","level":"info","event":" 'dag_run': DagRun(dag_id='python_operator_v1', run_id='scheduled__2023-06-24T11:52:00+00:00', logical_date=datetime.datetime(2023, 6, 24, 11, 52, tzinfo=datetime.timezone.utc), data_interval_start=datetime.datetime(2023, 6, 24, 11, 52, tzinfo=datetime.timezone.utc), data_interval_end=datetime.datetime(2023, 6, 24, 11, 52, tzinfo=datetime.timezone.utc), run_after=datetime.datetime(2023, 6, 24, 11, 52, tzinfo=datetime.timezone.utc), start_date=datetime.datetime(2025, 7, 29, 19, 57, 21, 151066, tzinfo=datetime.timezone.utc), end_date=None, clear_number=0, run_type=<DagRunType.SCHEDULED: 'scheduled'>, conf={}, consumed_asset_events=[]),","chan":"stdout","logger":"task"}
{"timestamp":"2025-07-29T19:57:22.180571Z","level":"info","event":" 'data_interval_end': DateTime(2023, 6, 24, 11, 52, 0, tzinfo=Timezone('UTC')),","chan":"stdout","logger":"task"}
{"timestamp":"2025-07-29T19:57:22.180617Z","level":"info","event":" 'data_interval_start': DateTime(2023, 6, 24, 11, 52, 0, tzinfo=Timezone('UTC')),","chan":"stdout","logger":"task"}
{"timestamp":"2025-07-29T19:57:22.180660Z","level":"info","event":" 'ds': '2023-06-24',","chan":"stdout","logger":"task"}
{"timestamp":"2025-07-29T19:57:22.180701Z","level":"info","event":" 'ds_nodash': '20230624',","chan":"stdout","logger":"task"}
{"timestamp":"2025-07-29T19:57:22.180741Z","level":"info","event":" 'inlet_events': InletEventsAccessors(_inlets=[], _assets={}, _asset_aliases={}),","chan":"stdout","logger":"task"}
{"timestamp":"2025-07-29T19:57:22.180781Z","level":"info","event":" 'inlets': [],","chan":"stdout","logger":"task"}
{"timestamp":"2025-07-29T19:57:22.180821Z","level":"info","event":" 'logical_date': DateTime(2023, 6, 24, 11, 52, 0, tzinfo=Timezone('UTC')),","chan":"stdout","logger":"task"}
{"timestamp":"2025-07-29T19:57:22.180861Z","level":"info","event":" 'macros': <MacrosAccessor (dynamic access to macros)>,","chan":"stdout","logger":"task"}
{"timestamp":"2025-07-29T19:57:22.180902Z","level":"info","event":" 'map_index_template': None,","chan":"stdout","logger":"task"}
{"timestamp":"2025-07-29T19:57:22.180942Z","level":"info","event":" 'outlet_events': <airflow.sdk.execution_time.context.OutletEventAccessors object at 0x7fb67ebbeba0>,","chan":"stdout","logger":"task"}
{"timestamp":"2025-07-29T19:57:22.180981Z","level":"info","event":" 'outlets': [],","chan":"stdout","logger":"task"}
{"timestamp":"2025-07-29T19:57:22.181021Z","level":"info","event":" 'params': {},","chan":"stdout","logger":"task"}
{"timestamp":"2025-07-29T19:57:22.189813Z","level":"info","event":" 'prev_data_interval_end_success': <Proxy at 0x7fb66fdeb590 with factory <function RuntimeTaskInstance.get_template_context.<locals>.<lambda> at 0x7fb66fc122a0>>,","chan":"stdout","logger":"task"}
{"timestamp":"2025-07-29T19:57:22.189985Z","level":"info","event":" 'prev_data_interval_start_success': <Proxy at 0x7fb66fdeb6e0 with factory <function RuntimeTaskInstance.get_template_context.<locals>.<lambda> at 0x7fb66fc139c0>>,","chan":"stdout","logger":"task"}
{"timestamp":"2025-07-29T19:57:22.190048Z","level":"info","event":" 'prev_end_date_success': <Proxy at 0x7fb66fdb7410 with factory <function RuntimeTaskInstance.get_template_context.<locals>.<lambda> at 0x7fb66fc13a60>>,","chan":"stdout","logger":"task"}
{"timestamp":"2025-07-29T19:57:22.190095Z","level":"info","event":" 'prev_start_date_success': <Proxy at 0x7fb66fdebaa0 with factory <function RuntimeTaskInstance.get_template_context.<locals>.<lambda> at 0x7fb66fc127a0>>,","chan":"stdout","logger":"task"}
{"timestamp":"2025-07-29T19:57:22.190140Z","level":"info","event":" 'run_id': 'scheduled__2023-06-24T11:52:00+00:00',","chan":"stdout","logger":"task"}
{"timestamp":"2025-07-29T19:57:22.190183Z","level":"info","event":" 'task': <Task(PythonOperator): python>,","chan":"stdout","logger":"task"}
{"timestamp":"2025-07-29T19:57:22.190227Z","level":"info","event":" 'task_instance': RuntimeTaskInstance(id=UUID('019857c2-cd5b-7bc2-be73-e80c1508b354'), task_id='python', dag_id='python_operator_v1', run_id='scheduled__2023-06-24T11:52:00+00:00', try_number=1, map_index=-1, hostname='bf6f1e7a6f11', context_carrier={}, task=<Task(PythonOperator): python>, bundle_instance=LocalDagBundle(name=dags-folder), max_tries=0, start_date=datetime.datetime(2025, 7, 29, 19, 57, 21, 584839, tzinfo=datetime.timezone.utc), end_date=None, state=<TaskInstanceState.RUNNING: 'running'>, is_mapped=False, rendered_map_index=None, log_url='http://localhost:8080/dags/python_operator_v1/runs/scheduled__2023-06-24T11%3A52%3A00%2B00%3A00/tasks/python?try_number=1'),","chan":"stdout","logger":"task"}
{"timestamp":"2025-07-29T19:57:22.190273Z","level":"info","event":" 'task_instance_key_str': 'python_operator_v1__python__20230624',","chan":"stdout","logger":"task"}
{"timestamp":"2025-07-29T19:57:22.190315Z","level":"info","event":" 'task_reschedule_count': 0,","chan":"stdout","logger":"task"}
{"timestamp":"2025-07-29T19:57:22.190356Z","level":"info","event":" 'templates_dict': None,","chan":"stdout","logger":"task"}
{"timestamp":"2025-07-29T19:57:22.190399Z","level":"info","event":" 'ti': RuntimeTaskInstance(id=UUID('019857c2-cd5b-7bc2-be73-e80c1508b354'), task_id='python', dag_id='python_operator_v1', run_id='scheduled__2023-06-24T11:52:00+00:00', try_number=1, map_index=-1, hostname='bf6f1e7a6f11', context_carrier={}, task=<Task(PythonOperator): python>, bundle_instance=LocalDagBundle(name=dags-folder), max_tries=0, start_date=datetime.datetime(2025, 7, 29, 19, 57, 21, 584839, tzinfo=datetime.timezone.utc), end_date=None, state=<TaskInstanceState.RUNNING: 'running'>, is_mapped=False, rendered_map_index=None, log_url='http://localhost:8080/dags/python_operator_v1/runs/scheduled__2023-06-24T11%3A52%3A00%2B00%3A00/tasks/python?try_number=1'),","chan":"stdout","logger":"task"}
{"timestamp":"2025-07-29T19:57:22.190467Z","level":"info","event":" 'triggering_asset_events': TriggeringAssetEventsAccessor(_events=defaultdict(<class 'list'>, {})),","chan":"stdout","logger":"task"}
{"timestamp":"2025-07-29T19:57:22.190514Z","level":"info","event":" 'ts': '2023-06-24T11:52:00+00:00',","chan":"stdout","logger":"task"}
{"timestamp":"2025-07-29T19:57:22.190555Z","level":"info","event":" 'ts_nodash': '20230624T115200',","chan":"stdout","logger":"task"}
{"timestamp":"2025-07-29T19:57:22.190597Z","level":"info","event":" 'ts_nodash_with_tz': '20230624T115200+0000',","chan":"stdout","logger":"task"}
{"timestamp":"2025-07-29T19:57:22.190637Z","level":"info","event":" 'var': {'json': <VariableAccessor (dynamic access)>,","chan":"stdout","logger":"task"}
{"timestamp":"2025-07-29T19:57:22.190677Z","level":"info","event":"         'value': <VariableAccessor (dynamic access)>}}","chan":"stdout","logger":"task"}
{"timestamp":"2025-07-29T19:57:22.190481","level":"info","event":"Done. Returned value was: 123","logger":"airflow.task.operators.airflow.providers.standard.operators.python.PythonOperator"}
{"timestamp":"2025-07-29T19:57:22.190650","level":"info","event":"Pushing xcom","ti":"RuntimeTaskInstance(id=UUID('019857c2-cd5b-7bc2-be73-e80c1508b354'), task_id='python', dag_id='python_operator_v1', run_id='scheduled__2023-06-24T11:52:00+00:00', try_number=1, map_index=-1, hostname='bf6f1e7a6f11', context_carrier={}, task=<Task(PythonOperator): python>, bundle_instance=LocalDagBundle(name=dags-folder), max_tries=0, start_date=datetime.datetime(2025, 7, 29, 19, 57, 21, 584839, tzinfo=datetime.timezone.utc), end_date=None, state=<TaskInstanceState.RUNNING: 'running'>, is_mapped=False, rendered_map_index=None, log_url='http://localhost:8080/dags/python_operator_v1/runs/scheduled__2023-06-24T11%3A52%3A00%2B00%3A00/tasks/python?try_number=1')","logger":"task"}
{"timestamp":"2025-07-29T19:57:22.212454Z","level":"info","event":"Task instance in success state","chan":"stdout","logger":"task"}
{"timestamp":"2025-07-29T19:57:22.212589Z","level":"info","event":" Previous state of the Task instance: TaskInstanceState.RUNNING","chan":"stdout","logger":"task"}
{"timestamp":"2025-07-29T19:57:22.212679Z","level":"info","event":"Task operator:<Task(PythonOperator): python>","chan":"stdout","logger":"task"}
