{"timestamp":"2025-07-29T20:06:45.245186","level":"info","event":"DAG bundles loaded: dags-folder, example_dags","logger":"airflow.dag_processing.bundles.manager.DagBundlesManager"}
{"timestamp":"2025-07-29T20:06:45.245720","level":"info","event":"Filling up the DagBag from /opt/airflow/dags/2_python_operator_v1.py","logger":"airflow.models.dagbag.DagBag"}
{"timestamp":"2025-07-29T20:06:45.269143Z","level":"info","event":"Task instance is in running state","chan":"stdout","logger":"task"}
{"timestamp":"2025-07-29T20:06:45.269351Z","level":"info","event":" Previous state of the Task instance: TaskInstanceState.QUEUED","chan":"stdout","logger":"task"}
{"timestamp":"2025-07-29T20:06:45.270130Z","level":"info","event":"Current task name:python","chan":"stdout","logger":"task"}
{"timestamp":"2025-07-29T20:06:45.270355Z","level":"info","event":"Dag name:python_operator_v1","chan":"stdout","logger":"task"}
{"timestamp":"2025-07-29T20:06:45.272042Z","level":"info","event":"poliana","chan":"stdout","logger":"task"}
{"timestamp":"2025-07-29T20:06:45.272986Z","level":"info","event":"{'conn': <ConnectionAccessor (dynamic access)>,","chan":"stdout","logger":"task"}
{"timestamp":"2025-07-29T20:06:45.273215Z","level":"info","event":" 'dag': <DAG: python_operator_v1>,","chan":"stdout","logger":"task"}
{"timestamp":"2025-07-29T20:06:45.273430Z","level":"info","event":" 'dag_run': DagRun(dag_id='python_operator_v1', run_id='scheduled__2023-06-24T20:31:00+00:00', logical_date=datetime.datetime(2023, 6, 24, 20, 31, tzinfo=datetime.timezone.utc), data_interval_start=datetime.datetime(2023, 6, 24, 20, 31, tzinfo=datetime.timezone.utc), data_interval_end=datetime.datetime(2023, 6, 24, 20, 31, tzinfo=datetime.timezone.utc), run_after=datetime.datetime(2023, 6, 24, 20, 31, tzinfo=datetime.timezone.utc), start_date=datetime.datetime(2025, 7, 29, 20, 6, 44, 290345, tzinfo=datetime.timezone.utc), end_date=None, clear_number=0, run_type=<DagRunType.SCHEDULED: 'scheduled'>, conf={}, consumed_asset_events=[]),","chan":"stdout","logger":"task"}
{"timestamp":"2025-07-29T20:06:45.273585Z","level":"info","event":" 'data_interval_end': DateTime(2023, 6, 24, 20, 31, 0, tzinfo=Timezone('UTC')),","chan":"stdout","logger":"task"}
{"timestamp":"2025-07-29T20:06:45.273681Z","level":"info","event":" 'data_interval_start': DateTime(2023, 6, 24, 20, 31, 0, tzinfo=Timezone('UTC')),","chan":"stdout","logger":"task"}
{"timestamp":"2025-07-29T20:06:45.273754Z","level":"info","event":" 'ds': '2023-06-24',","chan":"stdout","logger":"task"}
{"timestamp":"2025-07-29T20:06:45.273836Z","level":"info","event":" 'ds_nodash': '20230624',","chan":"stdout","logger":"task"}
{"timestamp":"2025-07-29T20:06:45.273907Z","level":"info","event":" 'inlet_events': InletEventsAccessors(_inlets=[], _assets={}, _asset_aliases={}),","chan":"stdout","logger":"task"}
{"timestamp":"2025-07-29T20:06:45.273980Z","level":"info","event":" 'inlets': [],","chan":"stdout","logger":"task"}
{"timestamp":"2025-07-29T20:06:45.274048Z","level":"info","event":" 'logical_date': DateTime(2023, 6, 24, 20, 31, 0, tzinfo=Timezone('UTC')),","chan":"stdout","logger":"task"}
{"timestamp":"2025-07-29T20:06:45.274110Z","level":"info","event":" 'macros': <MacrosAccessor (dynamic access to macros)>,","chan":"stdout","logger":"task"}
{"timestamp":"2025-07-29T20:06:45.274175Z","level":"info","event":" 'map_index_template': None,","chan":"stdout","logger":"task"}
{"timestamp":"2025-07-29T20:06:45.274240Z","level":"info","event":" 'outlet_events': <airflow.sdk.execution_time.context.OutletEventAccessors object at 0x7fb67ea6e4b0>,","chan":"stdout","logger":"task"}
{"timestamp":"2025-07-29T20:06:45.274312Z","level":"info","event":" 'outlets': [],","chan":"stdout","logger":"task"}
{"timestamp":"2025-07-29T20:06:45.274384Z","level":"info","event":" 'params': {},","chan":"stdout","logger":"task"}
{"timestamp":"2025-07-29T20:06:45.304471Z","level":"info","event":" 'prev_data_interval_end_success': <Proxy at 0x7fb66fc31130 with factory <function RuntimeTaskInstance.get_template_context.<locals>.<lambda> at 0x7fb66fc50180>>,","chan":"stdout","logger":"task"}
{"timestamp":"2025-07-29T20:06:45.304780Z","level":"info","event":" 'prev_data_interval_start_success': <Proxy at 0x7fb66fc32360 with factory <function RuntimeTaskInstance.get_template_context.<locals>.<lambda> at 0x7fb66fc513a0>>,","chan":"stdout","logger":"task"}
{"timestamp":"2025-07-29T20:06:45.304924Z","level":"info","event":" 'prev_end_date_success': <Proxy at 0x7fb66fc308f0 with factory <function RuntimeTaskInstance.get_template_context.<locals>.<lambda> at 0x7fb66fc51440>>,","chan":"stdout","logger":"task"}
{"timestamp":"2025-07-29T20:06:45.305019Z","level":"info","event":" 'prev_start_date_success': <Proxy at 0x7fb66fc31dc0 with factory <function RuntimeTaskInstance.get_template_context.<locals>.<lambda> at 0x7fb66fc4bc40>>,","chan":"stdout","logger":"task"}
{"timestamp":"2025-07-29T20:06:45.305104Z","level":"info","event":" 'run_id': 'scheduled__2023-06-24T20:31:00+00:00',","chan":"stdout","logger":"task"}
{"timestamp":"2025-07-29T20:06:45.305193Z","level":"info","event":" 'task': <Task(PythonOperator): python>,","chan":"stdout","logger":"task"}
{"timestamp":"2025-07-29T20:06:45.305278Z","level":"info","event":" 'task_instance': RuntimeTaskInstance(id=UUID('019857cb-6531-7c66-a3ca-f035bb34a19b'), task_id='python', dag_id='python_operator_v1', run_id='scheduled__2023-06-24T20:31:00+00:00', try_number=1, map_index=-1, hostname='bf6f1e7a6f11', context_carrier={}, task=<Task(PythonOperator): python>, bundle_instance=LocalDagBundle(name=dags-folder), max_tries=0, start_date=datetime.datetime(2025, 7, 29, 20, 6, 44, 697475, tzinfo=datetime.timezone.utc), end_date=None, state=<TaskInstanceState.RUNNING: 'running'>, is_mapped=False, rendered_map_index=None, log_url='http://localhost:8080/dags/python_operator_v1/runs/scheduled__2023-06-24T20%3A31%3A00%2B00%3A00/tasks/python?try_number=1'),","chan":"stdout","logger":"task"}
{"timestamp":"2025-07-29T20:06:45.305362Z","level":"info","event":" 'task_instance_key_str': 'python_operator_v1__python__20230624',","chan":"stdout","logger":"task"}
{"timestamp":"2025-07-29T20:06:45.305438Z","level":"info","event":" 'task_reschedule_count': 0,","chan":"stdout","logger":"task"}
{"timestamp":"2025-07-29T20:06:45.305516Z","level":"info","event":" 'templates_dict': None,","chan":"stdout","logger":"task"}
{"timestamp":"2025-07-29T20:06:45.305597Z","level":"info","event":" 'ti': RuntimeTaskInstance(id=UUID('019857cb-6531-7c66-a3ca-f035bb34a19b'), task_id='python', dag_id='python_operator_v1', run_id='scheduled__2023-06-24T20:31:00+00:00', try_number=1, map_index=-1, hostname='bf6f1e7a6f11', context_carrier={}, task=<Task(PythonOperator): python>, bundle_instance=LocalDagBundle(name=dags-folder), max_tries=0, start_date=datetime.datetime(2025, 7, 29, 20, 6, 44, 697475, tzinfo=datetime.timezone.utc), end_date=None, state=<TaskInstanceState.RUNNING: 'running'>, is_mapped=False, rendered_map_index=None, log_url='http://localhost:8080/dags/python_operator_v1/runs/scheduled__2023-06-24T20%3A31%3A00%2B00%3A00/tasks/python?try_number=1'),","chan":"stdout","logger":"task"}
{"timestamp":"2025-07-29T20:06:45.305767Z","level":"info","event":" 'triggering_asset_events': TriggeringAssetEventsAccessor(_events=defaultdict(<class 'list'>, {})),","chan":"stdout","logger":"task"}
{"timestamp":"2025-07-29T20:06:45.305889Z","level":"info","event":" 'ts': '2023-06-24T20:31:00+00:00',","chan":"stdout","logger":"task"}
{"timestamp":"2025-07-29T20:06:45.305975Z","level":"info","event":" 'ts_nodash': '20230624T203100',","chan":"stdout","logger":"task"}
{"timestamp":"2025-07-29T20:06:45.306057Z","level":"info","event":" 'ts_nodash_with_tz': '20230624T203100+0000',","chan":"stdout","logger":"task"}
{"timestamp":"2025-07-29T20:06:45.306132Z","level":"info","event":" 'var': {'json': <VariableAccessor (dynamic access)>,","chan":"stdout","logger":"task"}
{"timestamp":"2025-07-29T20:06:45.306207Z","level":"info","event":"         'value': <VariableAccessor (dynamic access)>}}","chan":"stdout","logger":"task"}
{"timestamp":"2025-07-29T20:06:45.305646","level":"info","event":"Done. Returned value was: 123","logger":"airflow.task.operators.airflow.providers.standard.operators.python.PythonOperator"}
{"timestamp":"2025-07-29T20:06:45.305955","level":"info","event":"Pushing xcom","ti":"RuntimeTaskInstance(id=UUID('019857cb-6531-7c66-a3ca-f035bb34a19b'), task_id='python', dag_id='python_operator_v1', run_id='scheduled__2023-06-24T20:31:00+00:00', try_number=1, map_index=-1, hostname='bf6f1e7a6f11', context_carrier={}, task=<Task(PythonOperator): python>, bundle_instance=LocalDagBundle(name=dags-folder), max_tries=0, start_date=datetime.datetime(2025, 7, 29, 20, 6, 44, 697475, tzinfo=datetime.timezone.utc), end_date=None, state=<TaskInstanceState.RUNNING: 'running'>, is_mapped=False, rendered_map_index=None, log_url='http://localhost:8080/dags/python_operator_v1/runs/scheduled__2023-06-24T20%3A31%3A00%2B00%3A00/tasks/python?try_number=1')","logger":"task"}
{"timestamp":"2025-07-29T20:06:45.345809Z","level":"info","event":"Task instance in success state","chan":"stdout","logger":"task"}
{"timestamp":"2025-07-29T20:06:45.346068Z","level":"info","event":" Previous state of the Task instance: TaskInstanceState.RUNNING","chan":"stdout","logger":"task"}
{"timestamp":"2025-07-29T20:06:45.346268Z","level":"info","event":"Task operator:<Task(PythonOperator): python>","chan":"stdout","logger":"task"}
