{"timestamp":"2025-07-29T20:04:08.843478","level":"info","event":"DAG bundles loaded: dags-folder, example_dags","logger":"airflow.dag_processing.bundles.manager.DagBundlesManager"}
{"timestamp":"2025-07-29T20:04:08.844161","level":"info","event":"Filling up the DagBag from /opt/airflow/dags/3_dag_principal.py","logger":"airflow.models.dagbag.DagBag"}
{"timestamp":"2025-07-29T20:04:08.895398Z","level":"info","event":"Task instance is in running state","chan":"stdout","logger":"task"}
{"timestamp":"2025-07-29T20:04:08.895544Z","level":"info","event":" Previous state of the Task instance: TaskInstanceState.QUEUED","chan":"stdout","logger":"task"}
{"timestamp":"2025-07-29T20:04:08.895851Z","level":"info","event":"Current task name:python_principal","chan":"stdout","logger":"task"}
{"timestamp":"2025-07-29T20:04:08.895945Z","level":"info","event":"Dag name:3_DAG_principal","chan":"stdout","logger":"task"}
{"timestamp":"2025-07-29T20:04:08.897561Z","level":"info","event":"DAG principal","chan":"stdout","logger":"task"}
{"timestamp":"2025-07-29T20:04:08.898184Z","level":"info","event":"{'conn': <ConnectionAccessor (dynamic access)>,","chan":"stdout","logger":"task"}
{"timestamp":"2025-07-29T20:04:08.898287Z","level":"info","event":" 'dag': <DAG: 3_DAG_principal>,","chan":"stdout","logger":"task"}
{"timestamp":"2025-07-29T20:04:08.898428Z","level":"info","event":" 'dag_run': DagRun(dag_id='3_DAG_principal', run_id='scheduled__2024-04-19T20:00:00+00:00', logical_date=datetime.datetime(2024, 4, 19, 20, 0, tzinfo=datetime.timezone.utc), data_interval_start=datetime.datetime(2024, 4, 19, 20, 0, tzinfo=datetime.timezone.utc), data_interval_end=datetime.datetime(2024, 4, 19, 20, 0, tzinfo=datetime.timezone.utc), run_after=datetime.datetime(2024, 4, 19, 20, 0, tzinfo=datetime.timezone.utc), start_date=datetime.datetime(2025, 7, 29, 20, 4, 7, 112915, tzinfo=datetime.timezone.utc), end_date=None, clear_number=0, run_type=<DagRunType.SCHEDULED: 'scheduled'>, conf={}, consumed_asset_events=[]),","chan":"stdout","logger":"task"}
{"timestamp":"2025-07-29T20:04:08.898517Z","level":"info","event":" 'data_interval_end': DateTime(2024, 4, 19, 20, 0, 0, tzinfo=Timezone('UTC')),","chan":"stdout","logger":"task"}
{"timestamp":"2025-07-29T20:04:08.898595Z","level":"info","event":" 'data_interval_start': DateTime(2024, 4, 19, 20, 0, 0, tzinfo=Timezone('UTC')),","chan":"stdout","logger":"task"}
{"timestamp":"2025-07-29T20:04:08.898667Z","level":"info","event":" 'ds': '2024-04-19',","chan":"stdout","logger":"task"}
{"timestamp":"2025-07-29T20:04:08.898741Z","level":"info","event":" 'ds_nodash': '20240419',","chan":"stdout","logger":"task"}
{"timestamp":"2025-07-29T20:04:08.898838Z","level":"info","event":" 'inlet_events': InletEventsAccessors(_inlets=[], _assets={}, _asset_aliases={}),","chan":"stdout","logger":"task"}
{"timestamp":"2025-07-29T20:04:08.898915Z","level":"info","event":" 'inlets': [],","chan":"stdout","logger":"task"}
{"timestamp":"2025-07-29T20:04:08.898989Z","level":"info","event":" 'logical_date': DateTime(2024, 4, 19, 20, 0, 0, tzinfo=Timezone('UTC')),","chan":"stdout","logger":"task"}
{"timestamp":"2025-07-29T20:04:08.899061Z","level":"info","event":" 'macros': <MacrosAccessor (dynamic access to macros)>,","chan":"stdout","logger":"task"}
{"timestamp":"2025-07-29T20:04:08.899130Z","level":"info","event":" 'map_index_template': None,","chan":"stdout","logger":"task"}
{"timestamp":"2025-07-29T20:04:08.899174Z","level":"info","event":" 'outlet_events': <airflow.sdk.execution_time.context.OutletEventAccessors object at 0x7fb67b62e5d0>,","chan":"stdout","logger":"task"}
{"timestamp":"2025-07-29T20:04:08.899217Z","level":"info","event":" 'outlets': [],","chan":"stdout","logger":"task"}
{"timestamp":"2025-07-29T20:04:08.899258Z","level":"info","event":" 'params': {},","chan":"stdout","logger":"task"}
{"timestamp":"2025-07-29T20:04:08.909683Z","level":"info","event":" 'prev_data_interval_end_success': <Proxy at 0x7fb66fc48d10 with factory <function RuntimeTaskInstance.get_template_context.<locals>.<lambda> at 0x7fb66fc58680>>,","chan":"stdout","logger":"task"}
{"timestamp":"2025-07-29T20:04:08.910027Z","level":"info","event":" 'prev_data_interval_start_success': <Proxy at 0x7fb67ea74ef0 with factory <function RuntimeTaskInstance.get_template_context.<locals>.<lambda> at 0x7fb66fc56de0>>,","chan":"stdout","logger":"task"}
{"timestamp":"2025-07-29T20:04:08.910170Z","level":"info","event":" 'prev_end_date_success': <Proxy at 0x7fb66fc48a10 with factory <function RuntimeTaskInstance.get_template_context.<locals>.<lambda> at 0x7fb66fc574c0>>,","chan":"stdout","logger":"task"}
{"timestamp":"2025-07-29T20:04:08.910250Z","level":"info","event":" 'prev_start_date_success': <Proxy at 0x7fb66fffe990 with factory <function RuntimeTaskInstance.get_template_context.<locals>.<lambda> at 0x7fb66fc57380>>,","chan":"stdout","logger":"task"}
{"timestamp":"2025-07-29T20:04:08.910325Z","level":"info","event":" 'run_id': 'scheduled__2024-04-19T20:00:00+00:00',","chan":"stdout","logger":"task"}
{"timestamp":"2025-07-29T20:04:08.910394Z","level":"info","event":" 'task': <Task(PythonOperator): python_principal>,","chan":"stdout","logger":"task"}
{"timestamp":"2025-07-29T20:04:08.910464Z","level":"info","event":" 'task_instance': RuntimeTaskInstance(id=UUID('019857c8-ff40-7cf2-bde2-b752d6153409'), task_id='python_principal', dag_id='3_DAG_principal', run_id='scheduled__2024-04-19T20:00:00+00:00', try_number=1, map_index=-1, hostname='bf6f1e7a6f11', context_carrier={}, task=<Task(PythonOperator): python_principal>, bundle_instance=LocalDagBundle(name=dags-folder), max_tries=0, start_date=datetime.datetime(2025, 7, 29, 20, 4, 8, 297231, tzinfo=datetime.timezone.utc), end_date=None, state=<TaskInstanceState.RUNNING: 'running'>, is_mapped=False, rendered_map_index=None, log_url='http://localhost:8080/dags/3_DAG_principal/runs/scheduled__2024-04-19T20%3A00%3A00%2B00%3A00/tasks/python_principal?try_number=1'),","chan":"stdout","logger":"task"}
{"timestamp":"2025-07-29T20:04:08.910538Z","level":"info","event":" 'task_instance_key_str': '3_DAG_principal__python_principal__20240419',","chan":"stdout","logger":"task"}
{"timestamp":"2025-07-29T20:04:08.910609Z","level":"info","event":" 'task_reschedule_count': 0,","chan":"stdout","logger":"task"}
{"timestamp":"2025-07-29T20:04:08.910680Z","level":"info","event":" 'templates_dict': None,","chan":"stdout","logger":"task"}
{"timestamp":"2025-07-29T20:04:08.910746Z","level":"info","event":" 'ti': RuntimeTaskInstance(id=UUID('019857c8-ff40-7cf2-bde2-b752d6153409'), task_id='python_principal', dag_id='3_DAG_principal', run_id='scheduled__2024-04-19T20:00:00+00:00', try_number=1, map_index=-1, hostname='bf6f1e7a6f11', context_carrier={}, task=<Task(PythonOperator): python_principal>, bundle_instance=LocalDagBundle(name=dags-folder), max_tries=0, start_date=datetime.datetime(2025, 7, 29, 20, 4, 8, 297231, tzinfo=datetime.timezone.utc), end_date=None, state=<TaskInstanceState.RUNNING: 'running'>, is_mapped=False, rendered_map_index=None, log_url='http://localhost:8080/dags/3_DAG_principal/runs/scheduled__2024-04-19T20%3A00%3A00%2B00%3A00/tasks/python_principal?try_number=1'),","chan":"stdout","logger":"task"}
{"timestamp":"2025-07-29T20:04:08.910814Z","level":"info","event":" 'triggering_asset_events': TriggeringAssetEventsAccessor(_events=defaultdict(<class 'list'>, {})),","chan":"stdout","logger":"task"}
{"timestamp":"2025-07-29T20:04:08.910864Z","level":"info","event":" 'ts': '2024-04-19T20:00:00+00:00',","chan":"stdout","logger":"task"}
{"timestamp":"2025-07-29T20:04:08.910913Z","level":"info","event":" 'ts_nodash': '20240419T200000',","chan":"stdout","logger":"task"}
{"timestamp":"2025-07-29T20:04:08.910954Z","level":"info","event":" 'ts_nodash_with_tz': '20240419T200000+0000',","chan":"stdout","logger":"task"}
{"timestamp":"2025-07-29T20:04:08.911033Z","level":"info","event":" 'var': {'json': <VariableAccessor (dynamic access)>,","chan":"stdout","logger":"task"}
{"timestamp":"2025-07-29T20:04:08.911084Z","level":"info","event":"         'value': <VariableAccessor (dynamic access)>}}","chan":"stdout","logger":"task"}
{"timestamp":"2025-07-29T20:04:08.910195","level":"info","event":"Done. Returned value was: principal","logger":"airflow.task.operators.airflow.providers.standard.operators.python.PythonOperator"}
{"timestamp":"2025-07-29T20:04:08.910456","level":"info","event":"Pushing xcom","ti":"RuntimeTaskInstance(id=UUID('019857c8-ff40-7cf2-bde2-b752d6153409'), task_id='python_principal', dag_id='3_DAG_principal', run_id='scheduled__2024-04-19T20:00:00+00:00', try_number=1, map_index=-1, hostname='bf6f1e7a6f11', context_carrier={}, task=<Task(PythonOperator): python_principal>, bundle_instance=LocalDagBundle(name=dags-folder), max_tries=0, start_date=datetime.datetime(2025, 7, 29, 20, 4, 8, 297231, tzinfo=datetime.timezone.utc), end_date=None, state=<TaskInstanceState.RUNNING: 'running'>, is_mapped=False, rendered_map_index=None, log_url='http://localhost:8080/dags/3_DAG_principal/runs/scheduled__2024-04-19T20%3A00%3A00%2B00%3A00/tasks/python_principal?try_number=1')","logger":"task"}
{"timestamp":"2025-07-29T20:04:08.937028Z","level":"info","event":"Task instance in success state","chan":"stdout","logger":"task"}
{"timestamp":"2025-07-29T20:04:08.937142Z","level":"info","event":" Previous state of the Task instance: TaskInstanceState.RUNNING","chan":"stdout","logger":"task"}
{"timestamp":"2025-07-29T20:04:08.937278Z","level":"info","event":"Task operator:<Task(PythonOperator): python_principal>","chan":"stdout","logger":"task"}
