{"timestamp":"2025-07-29T19:54:44.063150","level":"info","event":"DAG bundles loaded: dags-folder, example_dags","logger":"airflow.dag_processing.bundles.manager.DagBundlesManager"}
{"timestamp":"2025-07-29T19:54:44.063919","level":"info","event":"Filling up the DagBag from /opt/airflow/dags/2_python_operator_v1.py","logger":"airflow.models.dagbag.DagBag"}
{"timestamp":"2025-07-29T19:54:44.094721Z","level":"info","event":"Task instance is in running state","chan":"stdout","logger":"task"}
{"timestamp":"2025-07-29T19:54:44.095043Z","level":"info","event":" Previous state of the Task instance: TaskInstanceState.QUEUED","chan":"stdout","logger":"task"}
{"timestamp":"2025-07-29T19:54:44.095914Z","level":"info","event":"Current task name:python","chan":"stdout","logger":"task"}
{"timestamp":"2025-07-29T19:54:44.096256Z","level":"info","event":"Dag name:python_operator_v1","chan":"stdout","logger":"task"}
{"timestamp":"2025-07-29T19:54:44.097671Z","level":"info","event":"poliana","chan":"stdout","logger":"task"}
{"timestamp":"2025-07-29T19:54:44.098749Z","level":"info","event":"{'conn': <ConnectionAccessor (dynamic access)>,","chan":"stdout","logger":"task"}
{"timestamp":"2025-07-29T19:54:44.099050Z","level":"info","event":" 'dag': <DAG: python_operator_v1>,","chan":"stdout","logger":"task"}
{"timestamp":"2025-07-29T19:54:44.099275Z","level":"info","event":" 'dag_run': DagRun(dag_id='python_operator_v1', run_id='scheduled__2023-06-24T09:22:00+00:00', logical_date=datetime.datetime(2023, 6, 24, 9, 22, tzinfo=datetime.timezone.utc), data_interval_start=datetime.datetime(2023, 6, 24, 9, 22, tzinfo=datetime.timezone.utc), data_interval_end=datetime.datetime(2023, 6, 24, 9, 22, tzinfo=datetime.timezone.utc), run_after=datetime.datetime(2023, 6, 24, 9, 22, tzinfo=datetime.timezone.utc), start_date=datetime.datetime(2025, 7, 29, 19, 54, 43, 272314, tzinfo=datetime.timezone.utc), end_date=None, clear_number=0, run_type=<DagRunType.SCHEDULED: 'scheduled'>, conf={}, consumed_asset_events=[]),","chan":"stdout","logger":"task"}
{"timestamp":"2025-07-29T19:54:44.099408Z","level":"info","event":" 'data_interval_end': DateTime(2023, 6, 24, 9, 22, 0, tzinfo=Timezone('UTC')),","chan":"stdout","logger":"task"}
{"timestamp":"2025-07-29T19:54:44.099495Z","level":"info","event":" 'data_interval_start': DateTime(2023, 6, 24, 9, 22, 0, tzinfo=Timezone('UTC')),","chan":"stdout","logger":"task"}
{"timestamp":"2025-07-29T19:54:44.099566Z","level":"info","event":" 'ds': '2023-06-24',","chan":"stdout","logger":"task"}
{"timestamp":"2025-07-29T19:54:44.099637Z","level":"info","event":" 'ds_nodash': '20230624',","chan":"stdout","logger":"task"}
{"timestamp":"2025-07-29T19:54:44.099866Z","level":"info","event":" 'inlet_events': InletEventsAccessors(_inlets=[], _assets={}, _asset_aliases={}),","chan":"stdout","logger":"task"}
{"timestamp":"2025-07-29T19:54:44.099945Z","level":"info","event":" 'inlets': [],","chan":"stdout","logger":"task"}
{"timestamp":"2025-07-29T19:54:44.100011Z","level":"info","event":" 'logical_date': DateTime(2023, 6, 24, 9, 22, 0, tzinfo=Timezone('UTC')),","chan":"stdout","logger":"task"}
{"timestamp":"2025-07-29T19:54:44.100075Z","level":"info","event":" 'macros': <MacrosAccessor (dynamic access to macros)>,","chan":"stdout","logger":"task"}
{"timestamp":"2025-07-29T19:54:44.100142Z","level":"info","event":" 'map_index_template': None,","chan":"stdout","logger":"task"}
{"timestamp":"2025-07-29T19:54:44.100212Z","level":"info","event":" 'outlet_events': <airflow.sdk.execution_time.context.OutletEventAccessors object at 0x7fb6783be5d0>,","chan":"stdout","logger":"task"}
{"timestamp":"2025-07-29T19:54:44.100309Z","level":"info","event":" 'outlets': [],","chan":"stdout","logger":"task"}
{"timestamp":"2025-07-29T19:54:44.100381Z","level":"info","event":" 'params': {},","chan":"stdout","logger":"task"}
{"timestamp":"2025-07-29T19:54:44.122013Z","level":"info","event":" 'prev_data_interval_end_success': <Proxy at 0x7fb66fcc5eb0 with factory <function RuntimeTaskInstance.get_template_context.<locals>.<lambda> at 0x7fb66fce1d00>>,","chan":"stdout","logger":"task"}
{"timestamp":"2025-07-29T19:54:44.122307Z","level":"info","event":" 'prev_data_interval_start_success': <Proxy at 0x7fb67e394ef0 with factory <function RuntimeTaskInstance.get_template_context.<locals>.<lambda> at 0x7fb66fce3420>>,","chan":"stdout","logger":"task"}
{"timestamp":"2025-07-29T19:54:44.122428Z","level":"info","event":" 'prev_end_date_success': <Proxy at 0x7fb66fcc6240 with factory <function RuntimeTaskInstance.get_template_context.<locals>.<lambda> at 0x7fb66fce34c0>>,","chan":"stdout","logger":"task"}
{"timestamp":"2025-07-29T19:54:44.122489Z","level":"info","event":" 'prev_start_date_success': <Proxy at 0x7fb66fcc61e0 with factory <function RuntimeTaskInstance.get_template_context.<locals>.<lambda> at 0x7fb66fce2200>>,","chan":"stdout","logger":"task"}
{"timestamp":"2025-07-29T19:54:44.122785Z","level":"info","event":" 'run_id': 'scheduled__2023-06-24T09:22:00+00:00',","chan":"stdout","logger":"task"}
{"timestamp":"2025-07-29T19:54:44.122932Z","level":"info","event":" 'task': <Task(PythonOperator): python>,","chan":"stdout","logger":"task"}
{"timestamp":"2025-07-29T19:54:44.123019Z","level":"info","event":" 'task_instance': RuntimeTaskInstance(id=UUID('019857c0-64c1-7e81-8c0a-776cda9db6e5'), task_id='python', dag_id='python_operator_v1', run_id='scheduled__2023-06-24T09:22:00+00:00', try_number=1, map_index=-1, hostname='bf6f1e7a6f11', context_carrier={}, task=<Task(PythonOperator): python>, bundle_instance=LocalDagBundle(name=dags-folder), max_tries=0, start_date=datetime.datetime(2025, 7, 29, 19, 54, 43, 485997, tzinfo=datetime.timezone.utc), end_date=None, state=<TaskInstanceState.RUNNING: 'running'>, is_mapped=False, rendered_map_index=None, log_url='http://localhost:8080/dags/python_operator_v1/runs/scheduled__2023-06-24T09%3A22%3A00%2B00%3A00/tasks/python?try_number=1'),","chan":"stdout","logger":"task"}
{"timestamp":"2025-07-29T19:54:44.123095Z","level":"info","event":" 'task_instance_key_str': 'python_operator_v1__python__20230624',","chan":"stdout","logger":"task"}
{"timestamp":"2025-07-29T19:54:44.123167Z","level":"info","event":" 'task_reschedule_count': 0,","chan":"stdout","logger":"task"}
{"timestamp":"2025-07-29T19:54:44.123237Z","level":"info","event":" 'templates_dict': None,","chan":"stdout","logger":"task"}
{"timestamp":"2025-07-29T19:54:44.123379Z","level":"info","event":" 'ti': RuntimeTaskInstance(id=UUID('019857c0-64c1-7e81-8c0a-776cda9db6e5'), task_id='python', dag_id='python_operator_v1', run_id='scheduled__2023-06-24T09:22:00+00:00', try_number=1, map_index=-1, hostname='bf6f1e7a6f11', context_carrier={}, task=<Task(PythonOperator): python>, bundle_instance=LocalDagBundle(name=dags-folder), max_tries=0, start_date=datetime.datetime(2025, 7, 29, 19, 54, 43, 485997, tzinfo=datetime.timezone.utc), end_date=None, state=<TaskInstanceState.RUNNING: 'running'>, is_mapped=False, rendered_map_index=None, log_url='http://localhost:8080/dags/python_operator_v1/runs/scheduled__2023-06-24T09%3A22%3A00%2B00%3A00/tasks/python?try_number=1'),","chan":"stdout","logger":"task"}
{"timestamp":"2025-07-29T19:54:44.123465Z","level":"info","event":" 'triggering_asset_events': TriggeringAssetEventsAccessor(_events=defaultdict(<class 'list'>, {})),","chan":"stdout","logger":"task"}
{"timestamp":"2025-07-29T19:54:44.123537Z","level":"info","event":" 'ts': '2023-06-24T09:22:00+00:00',","chan":"stdout","logger":"task"}
{"timestamp":"2025-07-29T19:54:44.123606Z","level":"info","event":" 'ts_nodash': '20230624T092200',","chan":"stdout","logger":"task"}
{"timestamp":"2025-07-29T19:54:44.123675Z","level":"info","event":" 'ts_nodash_with_tz': '20230624T092200+0000',","chan":"stdout","logger":"task"}
{"timestamp":"2025-07-29T19:54:44.123741Z","level":"info","event":" 'var': {'json': <VariableAccessor (dynamic access)>,","chan":"stdout","logger":"task"}
{"timestamp":"2025-07-29T19:54:44.123807Z","level":"info","event":"         'value': <VariableAccessor (dynamic access)>}}","chan":"stdout","logger":"task"}
{"timestamp":"2025-07-29T19:54:44.123145","level":"info","event":"Done. Returned value was: 123","logger":"airflow.task.operators.airflow.providers.standard.operators.python.PythonOperator"}
{"timestamp":"2025-07-29T19:54:44.123418","level":"info","event":"Pushing xcom","ti":"RuntimeTaskInstance(id=UUID('019857c0-64c1-7e81-8c0a-776cda9db6e5'), task_id='python', dag_id='python_operator_v1', run_id='scheduled__2023-06-24T09:22:00+00:00', try_number=1, map_index=-1, hostname='bf6f1e7a6f11', context_carrier={}, task=<Task(PythonOperator): python>, bundle_instance=LocalDagBundle(name=dags-folder), max_tries=0, start_date=datetime.datetime(2025, 7, 29, 19, 54, 43, 485997, tzinfo=datetime.timezone.utc), end_date=None, state=<TaskInstanceState.RUNNING: 'running'>, is_mapped=False, rendered_map_index=None, log_url='http://localhost:8080/dags/python_operator_v1/runs/scheduled__2023-06-24T09%3A22%3A00%2B00%3A00/tasks/python?try_number=1')","logger":"task"}
{"timestamp":"2025-07-29T19:54:44.156727Z","level":"info","event":"Task instance in success state","chan":"stdout","logger":"task"}
{"timestamp":"2025-07-29T19:54:44.156928Z","level":"info","event":" Previous state of the Task instance: TaskInstanceState.RUNNING","chan":"stdout","logger":"task"}
{"timestamp":"2025-07-29T19:54:44.157109Z","level":"info","event":"Task operator:<Task(PythonOperator): python>","chan":"stdout","logger":"task"}
