{"timestamp":"2025-07-29T19:19:22.932140","level":"info","event":"DAG bundles loaded: dags-folder, example_dags","logger":"airflow.dag_processing.bundles.manager.DagBundlesManager"}
{"timestamp":"2025-07-29T19:19:22.932875","level":"info","event":"Filling up the DagBag from /opt/airflow/dags/python_operator_v1.py","logger":"airflow.models.dagbag.DagBag"}
{"timestamp":"2025-07-29T19:19:22.980259Z","level":"info","event":"Task instance is in running state","chan":"stdout","logger":"task"}
{"timestamp":"2025-07-29T19:19:22.980438Z","level":"info","event":" Previous state of the Task instance: TaskInstanceState.QUEUED","chan":"stdout","logger":"task"}
{"timestamp":"2025-07-29T19:19:22.980859Z","level":"info","event":"Current task name:python","chan":"stdout","logger":"task"}
{"timestamp":"2025-07-29T19:19:22.980997Z","level":"info","event":"Dag name:python_operator_v1","chan":"stdout","logger":"task"}
{"timestamp":"2025-07-29T19:19:22.982704Z","level":"info","event":"poliana","chan":"stdout","logger":"task"}
{"timestamp":"2025-07-29T19:19:22.984625Z","level":"info","event":"{'conn': <ConnectionAccessor (dynamic access)>,","chan":"stdout","logger":"task"}
{"timestamp":"2025-07-29T19:19:22.985083Z","level":"info","event":" 'dag': <DAG: python_operator_v1>,","chan":"stdout","logger":"task"}
{"timestamp":"2025-07-29T19:19:22.985262Z","level":"info","event":" 'dag_run': DagRun(dag_id='python_operator_v1', run_id='scheduled__2023-06-22T18:49:00+00:00', logical_date=datetime.datetime(2023, 6, 22, 18, 49, tzinfo=datetime.timezone.utc), data_interval_start=datetime.datetime(2023, 6, 22, 18, 49, tzinfo=datetime.timezone.utc), data_interval_end=datetime.datetime(2023, 6, 22, 18, 49, tzinfo=datetime.timezone.utc), run_after=datetime.datetime(2023, 6, 22, 18, 49, tzinfo=datetime.timezone.utc), start_date=datetime.datetime(2025, 7, 29, 19, 19, 21, 793253, tzinfo=datetime.timezone.utc), end_date=None, clear_number=0, run_type=<DagRunType.SCHEDULED: 'scheduled'>, conf={}, consumed_asset_events=[]),","chan":"stdout","logger":"task"}
{"timestamp":"2025-07-29T19:19:22.985444Z","level":"info","event":" 'data_interval_end': DateTime(2023, 6, 22, 18, 49, 0, tzinfo=Timezone('UTC')),","chan":"stdout","logger":"task"}
{"timestamp":"2025-07-29T19:19:22.985557Z","level":"info","event":" 'data_interval_start': DateTime(2023, 6, 22, 18, 49, 0, tzinfo=Timezone('UTC')),","chan":"stdout","logger":"task"}
{"timestamp":"2025-07-29T19:19:22.985643Z","level":"info","event":" 'ds': '2023-06-22',","chan":"stdout","logger":"task"}
{"timestamp":"2025-07-29T19:19:22.985721Z","level":"info","event":" 'ds_nodash': '20230622',","chan":"stdout","logger":"task"}
{"timestamp":"2025-07-29T19:19:22.985796Z","level":"info","event":" 'inlet_events': InletEventsAccessors(_inlets=[], _assets={}, _asset_aliases={}),","chan":"stdout","logger":"task"}
{"timestamp":"2025-07-29T19:19:22.985868Z","level":"info","event":" 'inlets': [],","chan":"stdout","logger":"task"}
{"timestamp":"2025-07-29T19:19:22.985938Z","level":"info","event":" 'logical_date': DateTime(2023, 6, 22, 18, 49, 0, tzinfo=Timezone('UTC')),","chan":"stdout","logger":"task"}
{"timestamp":"2025-07-29T19:19:22.986061Z","level":"info","event":" 'macros': <MacrosAccessor (dynamic access to macros)>,","chan":"stdout","logger":"task"}
{"timestamp":"2025-07-29T19:19:22.986135Z","level":"info","event":" 'map_index_template': None,","chan":"stdout","logger":"task"}
{"timestamp":"2025-07-29T19:19:22.986206Z","level":"info","event":" 'outlet_events': <airflow.sdk.execution_time.context.OutletEventAccessors object at 0x7fb66fecfa70>,","chan":"stdout","logger":"task"}
{"timestamp":"2025-07-29T19:19:22.986280Z","level":"info","event":" 'outlets': [],","chan":"stdout","logger":"task"}
{"timestamp":"2025-07-29T19:19:22.986353Z","level":"info","event":" 'params': {},","chan":"stdout","logger":"task"}
{"timestamp":"2025-07-29T19:19:22.997689Z","level":"info","event":" 'prev_data_interval_end_success': <Proxy at 0x7fb66fc29940 with factory <function RuntimeTaskInstance.get_template_context.<locals>.<lambda> at 0x7fb66fc442c0>>,","chan":"stdout","logger":"task"}
{"timestamp":"2025-07-29T19:19:22.998188Z","level":"info","event":" 'prev_data_interval_start_success': <Proxy at 0x7fb66fc297c0 with factory <function RuntimeTaskInstance.get_template_context.<locals>.<lambda> at 0x7fb66fc44180>>,","chan":"stdout","logger":"task"}
{"timestamp":"2025-07-29T19:19:22.998391Z","level":"info","event":" 'prev_end_date_success': <Proxy at 0x7fb66fdf1550 with factory <function RuntimeTaskInstance.get_template_context.<locals>.<lambda> at 0x7fb66fc453a0>>,","chan":"stdout","logger":"task"}
{"timestamp":"2025-07-29T19:19:22.998498Z","level":"info","event":" 'prev_start_date_success': <Proxy at 0x7fb66fefe990 with factory <function RuntimeTaskInstance.get_template_context.<locals>.<lambda> at 0x7fb66fc45440>>,","chan":"stdout","logger":"task"}
{"timestamp":"2025-07-29T19:19:22.998571Z","level":"info","event":" 'run_id': 'scheduled__2023-06-22T18:49:00+00:00',","chan":"stdout","logger":"task"}
{"timestamp":"2025-07-29T19:19:22.998637Z","level":"info","event":" 'task': <Task(PythonOperator): python>,","chan":"stdout","logger":"task"}
{"timestamp":"2025-07-29T19:19:22.998724Z","level":"info","event":" 'task_instance': RuntimeTaskInstance(id=UUID('019857a0-05b9-73f4-b044-cecd7167c98f'), task_id='python', dag_id='python_operator_v1', run_id='scheduled__2023-06-22T18:49:00+00:00', try_number=1, map_index=-1, hostname='bf6f1e7a6f11', context_carrier={}, task=<Task(PythonOperator): python>, bundle_instance=LocalDagBundle(name=dags-folder), max_tries=0, start_date=datetime.datetime(2025, 7, 29, 19, 19, 22, 119531, tzinfo=datetime.timezone.utc), end_date=None, state=<TaskInstanceState.RUNNING: 'running'>, is_mapped=False, rendered_map_index=None, log_url='http://localhost:8080/dags/python_operator_v1/runs/scheduled__2023-06-22T18%3A49%3A00%2B00%3A00/tasks/python?try_number=1'),","chan":"stdout","logger":"task"}
{"timestamp":"2025-07-29T19:19:22.998827Z","level":"info","event":" 'task_instance_key_str': 'python_operator_v1__python__20230622',","chan":"stdout","logger":"task"}
{"timestamp":"2025-07-29T19:19:22.998920Z","level":"info","event":" 'task_reschedule_count': 0,","chan":"stdout","logger":"task"}
{"timestamp":"2025-07-29T19:19:22.999104Z","level":"info","event":" 'templates_dict': None,","chan":"stdout","logger":"task"}
{"timestamp":"2025-07-29T19:19:22.999231Z","level":"info","event":" 'ti': RuntimeTaskInstance(id=UUID('019857a0-05b9-73f4-b044-cecd7167c98f'), task_id='python', dag_id='python_operator_v1', run_id='scheduled__2023-06-22T18:49:00+00:00', try_number=1, map_index=-1, hostname='bf6f1e7a6f11', context_carrier={}, task=<Task(PythonOperator): python>, bundle_instance=LocalDagBundle(name=dags-folder), max_tries=0, start_date=datetime.datetime(2025, 7, 29, 19, 19, 22, 119531, tzinfo=datetime.timezone.utc), end_date=None, state=<TaskInstanceState.RUNNING: 'running'>, is_mapped=False, rendered_map_index=None, log_url='http://localhost:8080/dags/python_operator_v1/runs/scheduled__2023-06-22T18%3A49%3A00%2B00%3A00/tasks/python?try_number=1'),","chan":"stdout","logger":"task"}
{"timestamp":"2025-07-29T19:19:22.999497Z","level":"info","event":" 'triggering_asset_events': TriggeringAssetEventsAccessor(_events=defaultdict(<class 'list'>, {})),","chan":"stdout","logger":"task"}
{"timestamp":"2025-07-29T19:19:22.999628Z","level":"info","event":" 'ts': '2023-06-22T18:49:00+00:00',","chan":"stdout","logger":"task"}
{"timestamp":"2025-07-29T19:19:22.999709Z","level":"info","event":" 'ts_nodash': '20230622T184900',","chan":"stdout","logger":"task"}
{"timestamp":"2025-07-29T19:19:22.999777Z","level":"info","event":" 'ts_nodash_with_tz': '20230622T184900+0000',","chan":"stdout","logger":"task"}
{"timestamp":"2025-07-29T19:19:22.999858Z","level":"info","event":" 'var': {'json': <VariableAccessor (dynamic access)>,","chan":"stdout","logger":"task"}
{"timestamp":"2025-07-29T19:19:22.999954Z","level":"info","event":"         'value': <VariableAccessor (dynamic access)>}}","chan":"stdout","logger":"task"}
{"timestamp":"2025-07-29T19:19:22.999819","level":"info","event":"Done. Returned value was: 123","logger":"airflow.task.operators.airflow.providers.standard.operators.python.PythonOperator"}
{"timestamp":"2025-07-29T19:19:23.001034","level":"info","event":"Pushing xcom","ti":"RuntimeTaskInstance(id=UUID('019857a0-05b9-73f4-b044-cecd7167c98f'), task_id='python', dag_id='python_operator_v1', run_id='scheduled__2023-06-22T18:49:00+00:00', try_number=1, map_index=-1, hostname='bf6f1e7a6f11', context_carrier={}, task=<Task(PythonOperator): python>, bundle_instance=LocalDagBundle(name=dags-folder), max_tries=0, start_date=datetime.datetime(2025, 7, 29, 19, 19, 22, 119531, tzinfo=datetime.timezone.utc), end_date=None, state=<TaskInstanceState.RUNNING: 'running'>, is_mapped=False, rendered_map_index=None, log_url='http://localhost:8080/dags/python_operator_v1/runs/scheduled__2023-06-22T18%3A49%3A00%2B00%3A00/tasks/python?try_number=1')","logger":"task"}
{"timestamp":"2025-07-29T19:19:23.035831Z","level":"info","event":"Task instance in success state","chan":"stdout","logger":"task"}
{"timestamp":"2025-07-29T19:19:23.036060Z","level":"info","event":" Previous state of the Task instance: TaskInstanceState.RUNNING","chan":"stdout","logger":"task"}
{"timestamp":"2025-07-29T19:19:23.036254Z","level":"info","event":"Task operator:<Task(PythonOperator): python>","chan":"stdout","logger":"task"}
