{"timestamp":"2025-07-29T20:02:44.711438","level":"info","event":"DAG bundles loaded: dags-folder, example_dags","logger":"airflow.dag_processing.bundles.manager.DagBundlesManager"}
{"timestamp":"2025-07-29T20:02:44.712112","level":"info","event":"Filling up the DagBag from /opt/airflow/dags/3_dag_principal.py","logger":"airflow.models.dagbag.DagBag"}
{"timestamp":"2025-07-29T20:02:44.742532Z","level":"info","event":"Task instance is in running state","chan":"stdout","logger":"task"}
{"timestamp":"2025-07-29T20:02:44.742716Z","level":"info","event":" Previous state of the Task instance: TaskInstanceState.QUEUED","chan":"stdout","logger":"task"}
{"timestamp":"2025-07-29T20:02:44.743347Z","level":"info","event":"Current task name:python_principal","chan":"stdout","logger":"task"}
{"timestamp":"2025-07-29T20:02:44.743442Z","level":"info","event":"Dag name:3_DAG_principal","chan":"stdout","logger":"task"}
{"timestamp":"2025-07-29T20:02:44.744903Z","level":"info","event":"DAG principal","chan":"stdout","logger":"task"}
{"timestamp":"2025-07-29T20:02:44.745711Z","level":"info","event":"{'conn': <ConnectionAccessor (dynamic access)>,","chan":"stdout","logger":"task"}
{"timestamp":"2025-07-29T20:02:44.745821Z","level":"info","event":" 'dag': <DAG: 3_DAG_principal>,","chan":"stdout","logger":"task"}
{"timestamp":"2025-07-29T20:02:44.745922Z","level":"info","event":" 'dag_run': DagRun(dag_id='3_DAG_principal', run_id='scheduled__2024-01-31T20:00:00+00:00', logical_date=datetime.datetime(2024, 1, 31, 20, 0, tzinfo=datetime.timezone.utc), data_interval_start=datetime.datetime(2024, 1, 31, 20, 0, tzinfo=datetime.timezone.utc), data_interval_end=datetime.datetime(2024, 1, 31, 20, 0, tzinfo=datetime.timezone.utc), run_after=datetime.datetime(2024, 1, 31, 20, 0, tzinfo=datetime.timezone.utc), start_date=datetime.datetime(2025, 7, 29, 20, 2, 43, 196045, tzinfo=datetime.timezone.utc), end_date=None, clear_number=0, run_type=<DagRunType.SCHEDULED: 'scheduled'>, conf={}, consumed_asset_events=[]),","chan":"stdout","logger":"task"}
{"timestamp":"2025-07-29T20:02:44.745984Z","level":"info","event":" 'data_interval_end': DateTime(2024, 1, 31, 20, 0, 0, tzinfo=Timezone('UTC')),","chan":"stdout","logger":"task"}
{"timestamp":"2025-07-29T20:02:44.746042Z","level":"info","event":" 'data_interval_start': DateTime(2024, 1, 31, 20, 0, 0, tzinfo=Timezone('UTC')),","chan":"stdout","logger":"task"}
{"timestamp":"2025-07-29T20:02:44.746094Z","level":"info","event":" 'ds': '2024-01-31',","chan":"stdout","logger":"task"}
{"timestamp":"2025-07-29T20:02:44.746140Z","level":"info","event":" 'ds_nodash': '20240131',","chan":"stdout","logger":"task"}
{"timestamp":"2025-07-29T20:02:44.746181Z","level":"info","event":" 'inlet_events': InletEventsAccessors(_inlets=[], _assets={}, _asset_aliases={}),","chan":"stdout","logger":"task"}
{"timestamp":"2025-07-29T20:02:44.746222Z","level":"info","event":" 'inlets': [],","chan":"stdout","logger":"task"}
{"timestamp":"2025-07-29T20:02:44.746262Z","level":"info","event":" 'logical_date': DateTime(2024, 1, 31, 20, 0, 0, tzinfo=Timezone('UTC')),","chan":"stdout","logger":"task"}
{"timestamp":"2025-07-29T20:02:44.746302Z","level":"info","event":" 'macros': <MacrosAccessor (dynamic access to macros)>,","chan":"stdout","logger":"task"}
{"timestamp":"2025-07-29T20:02:44.746343Z","level":"info","event":" 'map_index_template': None,","chan":"stdout","logger":"task"}
{"timestamp":"2025-07-29T20:02:44.746436Z","level":"info","event":" 'outlet_events': <airflow.sdk.execution_time.context.OutletEventAccessors object at 0x7fb678287f20>,","chan":"stdout","logger":"task"}
{"timestamp":"2025-07-29T20:02:44.746484Z","level":"info","event":" 'outlets': [],","chan":"stdout","logger":"task"}
{"timestamp":"2025-07-29T20:02:44.746526Z","level":"info","event":" 'params': {},","chan":"stdout","logger":"task"}
{"timestamp":"2025-07-29T20:02:44.758020Z","level":"info","event":" 'prev_data_interval_end_success': <Proxy at 0x7fb66fddfcb0 with factory <function RuntimeTaskInstance.get_template_context.<locals>.<lambda> at 0x7fb66fdfeb60>>,","chan":"stdout","logger":"task"}
{"timestamp":"2025-07-29T20:02:44.758306Z","level":"info","event":" 'prev_data_interval_start_success': <Proxy at 0x7fb66fddf7d0 with factory <function RuntimeTaskInstance.get_template_context.<locals>.<lambda> at 0x7fb66fdfd3a0>>,","chan":"stdout","logger":"task"}
{"timestamp":"2025-07-29T20:02:44.758442Z","level":"info","event":" 'prev_end_date_success': <Proxy at 0x7fb66fdde270 with factory <function RuntimeTaskInstance.get_template_context.<locals>.<lambda> at 0x7fb66fdfec00>>,","chan":"stdout","logger":"task"}
{"timestamp":"2025-07-29T20:02:44.758565Z","level":"info","event":" 'prev_start_date_success': <Proxy at 0x7fb66fddfa70 with factory <function RuntimeTaskInstance.get_template_context.<locals>.<lambda> at 0x7fb66fdfd940>>,","chan":"stdout","logger":"task"}
{"timestamp":"2025-07-29T20:02:44.758673Z","level":"info","event":" 'run_id': 'scheduled__2024-01-31T20:00:00+00:00',","chan":"stdout","logger":"task"}
{"timestamp":"2025-07-29T20:02:44.758756Z","level":"info","event":" 'task': <Task(PythonOperator): python_principal>,","chan":"stdout","logger":"task"}
{"timestamp":"2025-07-29T20:02:44.758836Z","level":"info","event":" 'task_instance': RuntimeTaskInstance(id=UUID('019857c7-b749-74a8-879c-180bbf6627e4'), task_id='python_principal', dag_id='3_DAG_principal', run_id='scheduled__2024-01-31T20:00:00+00:00', try_number=1, map_index=-1, hostname='bf6f1e7a6f11', context_carrier={}, task=<Task(PythonOperator): python_principal>, bundle_instance=LocalDagBundle(name=dags-folder), max_tries=0, start_date=datetime.datetime(2025, 7, 29, 20, 2, 44, 30463, tzinfo=datetime.timezone.utc), end_date=None, state=<TaskInstanceState.RUNNING: 'running'>, is_mapped=False, rendered_map_index=None, log_url='http://localhost:8080/dags/3_DAG_principal/runs/scheduled__2024-01-31T20%3A00%3A00%2B00%3A00/tasks/python_principal?try_number=1'),","chan":"stdout","logger":"task"}
{"timestamp":"2025-07-29T20:02:44.758916Z","level":"info","event":" 'task_instance_key_str': '3_DAG_principal__python_principal__20240131',","chan":"stdout","logger":"task"}
{"timestamp":"2025-07-29T20:02:44.758986Z","level":"info","event":" 'task_reschedule_count': 0,","chan":"stdout","logger":"task"}
{"timestamp":"2025-07-29T20:02:44.759049Z","level":"info","event":" 'templates_dict': None,","chan":"stdout","logger":"task"}
{"timestamp":"2025-07-29T20:02:44.759191Z","level":"info","event":" 'ti': RuntimeTaskInstance(id=UUID('019857c7-b749-74a8-879c-180bbf6627e4'), task_id='python_principal', dag_id='3_DAG_principal', run_id='scheduled__2024-01-31T20:00:00+00:00', try_number=1, map_index=-1, hostname='bf6f1e7a6f11', context_carrier={}, task=<Task(PythonOperator): python_principal>, bundle_instance=LocalDagBundle(name=dags-folder), max_tries=0, start_date=datetime.datetime(2025, 7, 29, 20, 2, 44, 30463, tzinfo=datetime.timezone.utc), end_date=None, state=<TaskInstanceState.RUNNING: 'running'>, is_mapped=False, rendered_map_index=None, log_url='http://localhost:8080/dags/3_DAG_principal/runs/scheduled__2024-01-31T20%3A00%3A00%2B00%3A00/tasks/python_principal?try_number=1'),","chan":"stdout","logger":"task"}
{"timestamp":"2025-07-29T20:02:44.759274Z","level":"info","event":" 'triggering_asset_events': TriggeringAssetEventsAccessor(_events=defaultdict(<class 'list'>, {})),","chan":"stdout","logger":"task"}
{"timestamp":"2025-07-29T20:02:44.759344Z","level":"info","event":" 'ts': '2024-01-31T20:00:00+00:00',","chan":"stdout","logger":"task"}
{"timestamp":"2025-07-29T20:02:44.759449Z","level":"info","event":" 'ts_nodash': '20240131T200000',","chan":"stdout","logger":"task"}
{"timestamp":"2025-07-29T20:02:44.759518Z","level":"info","event":" 'ts_nodash_with_tz': '20240131T200000+0000',","chan":"stdout","logger":"task"}
{"timestamp":"2025-07-29T20:02:44.759588Z","level":"info","event":" 'var': {'json': <VariableAccessor (dynamic access)>,","chan":"stdout","logger":"task"}
{"timestamp":"2025-07-29T20:02:44.759672Z","level":"info","event":"         'value': <VariableAccessor (dynamic access)>}}","chan":"stdout","logger":"task"}
{"timestamp":"2025-07-29T20:02:44.758566","level":"info","event":"Done. Returned value was: principal","logger":"airflow.task.operators.airflow.providers.standard.operators.python.PythonOperator"}
{"timestamp":"2025-07-29T20:02:44.758837","level":"info","event":"Pushing xcom","ti":"RuntimeTaskInstance(id=UUID('019857c7-b749-74a8-879c-180bbf6627e4'), task_id='python_principal', dag_id='3_DAG_principal', run_id='scheduled__2024-01-31T20:00:00+00:00', try_number=1, map_index=-1, hostname='bf6f1e7a6f11', context_carrier={}, task=<Task(PythonOperator): python_principal>, bundle_instance=LocalDagBundle(name=dags-folder), max_tries=0, start_date=datetime.datetime(2025, 7, 29, 20, 2, 44, 30463, tzinfo=datetime.timezone.utc), end_date=None, state=<TaskInstanceState.RUNNING: 'running'>, is_mapped=False, rendered_map_index=None, log_url='http://localhost:8080/dags/3_DAG_principal/runs/scheduled__2024-01-31T20%3A00%3A00%2B00%3A00/tasks/python_principal?try_number=1')","logger":"task"}
{"timestamp":"2025-07-29T20:02:44.786569Z","level":"info","event":"Task instance in success state","chan":"stdout","logger":"task"}
{"timestamp":"2025-07-29T20:02:44.786748Z","level":"info","event":" Previous state of the Task instance: TaskInstanceState.RUNNING","chan":"stdout","logger":"task"}
{"timestamp":"2025-07-29T20:02:44.786886Z","level":"info","event":"Task operator:<Task(PythonOperator): python_principal>","chan":"stdout","logger":"task"}
