{"timestamp":"2025-07-29T19:49:13.062189","level":"info","event":"DAG bundles loaded: dags-folder, example_dags","logger":"airflow.dag_processing.bundles.manager.DagBundlesManager"}
{"timestamp":"2025-07-29T19:49:13.062616","level":"info","event":"Filling up the DagBag from /opt/airflow/dags/2_python_operator_v1.py","logger":"airflow.models.dagbag.DagBag"}
{"timestamp":"2025-07-29T19:49:13.084194Z","level":"info","event":"Task instance is in running state","chan":"stdout","logger":"task"}
{"timestamp":"2025-07-29T19:49:13.084326Z","level":"info","event":" Previous state of the Task instance: TaskInstanceState.QUEUED","chan":"stdout","logger":"task"}
{"timestamp":"2025-07-29T19:49:13.084719Z","level":"info","event":"Current task name:python","chan":"stdout","logger":"task"}
{"timestamp":"2025-07-29T19:49:13.084814Z","level":"info","event":"Dag name:python_operator_v1","chan":"stdout","logger":"task"}
{"timestamp":"2025-07-29T19:49:13.086233Z","level":"info","event":"poliana","chan":"stdout","logger":"task"}
{"timestamp":"2025-07-29T19:49:13.087054Z","level":"info","event":"{'conn': <ConnectionAccessor (dynamic access)>,","chan":"stdout","logger":"task"}
{"timestamp":"2025-07-29T19:49:13.087173Z","level":"info","event":" 'dag': <DAG: python_operator_v1>,","chan":"stdout","logger":"task"}
{"timestamp":"2025-07-29T19:49:13.087289Z","level":"info","event":" 'dag_run': DagRun(dag_id='python_operator_v1', run_id='scheduled__2023-06-24T03:12:00+00:00', logical_date=datetime.datetime(2023, 6, 24, 3, 12, tzinfo=datetime.timezone.utc), data_interval_start=datetime.datetime(2023, 6, 24, 3, 12, tzinfo=datetime.timezone.utc), data_interval_end=datetime.datetime(2023, 6, 24, 3, 12, tzinfo=datetime.timezone.utc), run_after=datetime.datetime(2023, 6, 24, 3, 12, tzinfo=datetime.timezone.utc), start_date=datetime.datetime(2025, 7, 29, 19, 49, 11, 493967, tzinfo=datetime.timezone.utc), end_date=None, clear_number=0, run_type=<DagRunType.SCHEDULED: 'scheduled'>, conf={}, consumed_asset_events=[]),","chan":"stdout","logger":"task"}
{"timestamp":"2025-07-29T19:49:13.087386Z","level":"info","event":" 'data_interval_end': DateTime(2023, 6, 24, 3, 12, 0, tzinfo=Timezone('UTC')),","chan":"stdout","logger":"task"}
{"timestamp":"2025-07-29T19:49:13.087462Z","level":"info","event":" 'data_interval_start': DateTime(2023, 6, 24, 3, 12, 0, tzinfo=Timezone('UTC')),","chan":"stdout","logger":"task"}
{"timestamp":"2025-07-29T19:49:13.087527Z","level":"info","event":" 'ds': '2023-06-24',","chan":"stdout","logger":"task"}
{"timestamp":"2025-07-29T19:49:13.087574Z","level":"info","event":" 'ds_nodash': '20230624',","chan":"stdout","logger":"task"}
{"timestamp":"2025-07-29T19:49:13.087615Z","level":"info","event":" 'inlet_events': InletEventsAccessors(_inlets=[], _assets={}, _asset_aliases={}),","chan":"stdout","logger":"task"}
{"timestamp":"2025-07-29T19:49:13.087656Z","level":"info","event":" 'inlets': [],","chan":"stdout","logger":"task"}
{"timestamp":"2025-07-29T19:49:13.087698Z","level":"info","event":" 'logical_date': DateTime(2023, 6, 24, 3, 12, 0, tzinfo=Timezone('UTC')),","chan":"stdout","logger":"task"}
{"timestamp":"2025-07-29T19:49:13.087739Z","level":"info","event":" 'macros': <MacrosAccessor (dynamic access to macros)>,","chan":"stdout","logger":"task"}
{"timestamp":"2025-07-29T19:49:13.087780Z","level":"info","event":" 'map_index_template': None,","chan":"stdout","logger":"task"}
{"timestamp":"2025-07-29T19:49:13.087823Z","level":"info","event":" 'outlet_events': <airflow.sdk.execution_time.context.OutletEventAccessors object at 0x7fb66fdcf9b0>,","chan":"stdout","logger":"task"}
{"timestamp":"2025-07-29T19:49:13.087864Z","level":"info","event":" 'outlets': [],","chan":"stdout","logger":"task"}
{"timestamp":"2025-07-29T19:49:13.087920Z","level":"info","event":" 'params': {},","chan":"stdout","logger":"task"}
{"timestamp":"2025-07-29T19:49:13.096333Z","level":"info","event":" 'prev_data_interval_end_success': <Proxy at 0x7fb66fdcfd70 with factory <function RuntimeTaskInstance.get_template_context.<locals>.<lambda> at 0x7fb66fdfcea0>>,","chan":"stdout","logger":"task"}
{"timestamp":"2025-07-29T19:49:13.096640Z","level":"info","event":" 'prev_data_interval_start_success': <Proxy at 0x7fb66fdcf5c0 with factory <function RuntimeTaskInstance.get_template_context.<locals>.<lambda> at 0x7fb66fdefce0>>,","chan":"stdout","logger":"task"}
{"timestamp":"2025-07-29T19:49:13.096752Z","level":"info","event":" 'prev_end_date_success': <Proxy at 0x7fb66fdcf7d0 with factory <function RuntimeTaskInstance.get_template_context.<locals>.<lambda> at 0x7fb66fdef6a0>>,","chan":"stdout","logger":"task"}
{"timestamp":"2025-07-29T19:49:13.096809Z","level":"info","event":" 'prev_start_date_success': <Proxy at 0x7fb66fdcf8c0 with factory <function RuntimeTaskInstance.get_template_context.<locals>.<lambda> at 0x7fb66fdefba0>>,","chan":"stdout","logger":"task"}
{"timestamp":"2025-07-29T19:49:13.096856Z","level":"info","event":" 'run_id': 'scheduled__2023-06-24T03:12:00+00:00',","chan":"stdout","logger":"task"}
{"timestamp":"2025-07-29T19:49:13.096899Z","level":"info","event":" 'task': <Task(PythonOperator): python>,","chan":"stdout","logger":"task"}
{"timestamp":"2025-07-29T19:49:13.096947Z","level":"info","event":" 'task_instance': RuntimeTaskInstance(id=UUID('019857bb-54bc-747f-87c5-b20a7417a7be'), task_id='python', dag_id='python_operator_v1', run_id='scheduled__2023-06-24T03:12:00+00:00', try_number=1, map_index=-1, hostname='bf6f1e7a6f11', context_carrier={}, task=<Task(PythonOperator): python>, bundle_instance=LocalDagBundle(name=dags-folder), max_tries=0, start_date=datetime.datetime(2025, 7, 29, 19, 49, 12, 625592, tzinfo=datetime.timezone.utc), end_date=None, state=<TaskInstanceState.RUNNING: 'running'>, is_mapped=False, rendered_map_index=None, log_url='http://localhost:8080/dags/python_operator_v1/runs/scheduled__2023-06-24T03%3A12%3A00%2B00%3A00/tasks/python?try_number=1'),","chan":"stdout","logger":"task"}
{"timestamp":"2025-07-29T19:49:13.097012Z","level":"info","event":" 'task_instance_key_str': 'python_operator_v1__python__20230624',","chan":"stdout","logger":"task"}
{"timestamp":"2025-07-29T19:49:13.097071Z","level":"info","event":" 'task_reschedule_count': 0,","chan":"stdout","logger":"task"}
{"timestamp":"2025-07-29T19:49:13.097116Z","level":"info","event":" 'templates_dict': None,","chan":"stdout","logger":"task"}
{"timestamp":"2025-07-29T19:49:13.097190Z","level":"info","event":" 'ti': RuntimeTaskInstance(id=UUID('019857bb-54bc-747f-87c5-b20a7417a7be'), task_id='python', dag_id='python_operator_v1', run_id='scheduled__2023-06-24T03:12:00+00:00', try_number=1, map_index=-1, hostname='bf6f1e7a6f11', context_carrier={}, task=<Task(PythonOperator): python>, bundle_instance=LocalDagBundle(name=dags-folder), max_tries=0, start_date=datetime.datetime(2025, 7, 29, 19, 49, 12, 625592, tzinfo=datetime.timezone.utc), end_date=None, state=<TaskInstanceState.RUNNING: 'running'>, is_mapped=False, rendered_map_index=None, log_url='http://localhost:8080/dags/python_operator_v1/runs/scheduled__2023-06-24T03%3A12%3A00%2B00%3A00/tasks/python?try_number=1'),","chan":"stdout","logger":"task"}
{"timestamp":"2025-07-29T19:49:13.097314Z","level":"info","event":" 'triggering_asset_events': TriggeringAssetEventsAccessor(_events=defaultdict(<class 'list'>, {})),","chan":"stdout","logger":"task"}
{"timestamp":"2025-07-29T19:49:13.097415Z","level":"info","event":" 'ts': '2023-06-24T03:12:00+00:00',","chan":"stdout","logger":"task"}
{"timestamp":"2025-07-29T19:49:13.097495Z","level":"info","event":" 'ts_nodash': '20230624T031200',","chan":"stdout","logger":"task"}
{"timestamp":"2025-07-29T19:49:13.097583Z","level":"info","event":" 'ts_nodash_with_tz': '20230624T031200+0000',","chan":"stdout","logger":"task"}
{"timestamp":"2025-07-29T19:49:13.097654Z","level":"info","event":" 'var': {'json': <VariableAccessor (dynamic access)>,","chan":"stdout","logger":"task"}
{"timestamp":"2025-07-29T19:49:13.097712Z","level":"info","event":"         'value': <VariableAccessor (dynamic access)>}}","chan":"stdout","logger":"task"}
{"timestamp":"2025-07-29T19:49:13.097342","level":"info","event":"Done. Returned value was: 123","logger":"airflow.task.operators.airflow.providers.standard.operators.python.PythonOperator"}
{"timestamp":"2025-07-29T19:49:13.097717","level":"info","event":"Pushing xcom","ti":"RuntimeTaskInstance(id=UUID('019857bb-54bc-747f-87c5-b20a7417a7be'), task_id='python', dag_id='python_operator_v1', run_id='scheduled__2023-06-24T03:12:00+00:00', try_number=1, map_index=-1, hostname='bf6f1e7a6f11', context_carrier={}, task=<Task(PythonOperator): python>, bundle_instance=LocalDagBundle(name=dags-folder), max_tries=0, start_date=datetime.datetime(2025, 7, 29, 19, 49, 12, 625592, tzinfo=datetime.timezone.utc), end_date=None, state=<TaskInstanceState.RUNNING: 'running'>, is_mapped=False, rendered_map_index=None, log_url='http://localhost:8080/dags/python_operator_v1/runs/scheduled__2023-06-24T03%3A12%3A00%2B00%3A00/tasks/python?try_number=1')","logger":"task"}
{"timestamp":"2025-07-29T19:49:13.117414Z","level":"info","event":"Task instance in success state","chan":"stdout","logger":"task"}
{"timestamp":"2025-07-29T19:49:13.117543Z","level":"info","event":" Previous state of the Task instance: TaskInstanceState.RUNNING","chan":"stdout","logger":"task"}
{"timestamp":"2025-07-29T19:49:13.117634Z","level":"info","event":"Task operator:<Task(PythonOperator): python>","chan":"stdout","logger":"task"}
