{"timestamp":"2025-07-29T20:02:44.297142","level":"info","event":"DAG bundles loaded: dags-folder, example_dags","logger":"airflow.dag_processing.bundles.manager.DagBundlesManager"}
{"timestamp":"2025-07-29T20:02:44.298365","level":"info","event":"Filling up the DagBag from /opt/airflow/dags/2_python_operator_v1.py","logger":"airflow.models.dagbag.DagBag"}
{"timestamp":"2025-07-29T20:02:44.327416Z","level":"info","event":"Task instance is in running state","chan":"stdout","logger":"task"}
{"timestamp":"2025-07-29T20:02:44.327660Z","level":"info","event":" Previous state of the Task instance: TaskInstanceState.QUEUED","chan":"stdout","logger":"task"}
{"timestamp":"2025-07-29T20:02:44.329919Z","level":"info","event":"Current task name:python","chan":"stdout","logger":"task"}
{"timestamp":"2025-07-29T20:02:44.330135Z","level":"info","event":"Dag name:python_operator_v1","chan":"stdout","logger":"task"}
{"timestamp":"2025-07-29T20:02:44.331323Z","level":"info","event":"poliana","chan":"stdout","logger":"task"}
{"timestamp":"2025-07-29T20:02:44.332115Z","level":"info","event":"{'conn': <ConnectionAccessor (dynamic access)>,","chan":"stdout","logger":"task"}
{"timestamp":"2025-07-29T20:02:44.332256Z","level":"info","event":" 'dag': <DAG: python_operator_v1>,","chan":"stdout","logger":"task"}
{"timestamp":"2025-07-29T20:02:44.332413Z","level":"info","event":" 'dag_run': DagRun(dag_id='python_operator_v1', run_id='scheduled__2023-06-24T16:49:00+00:00', logical_date=datetime.datetime(2023, 6, 24, 16, 49, tzinfo=datetime.timezone.utc), data_interval_start=datetime.datetime(2023, 6, 24, 16, 49, tzinfo=datetime.timezone.utc), data_interval_end=datetime.datetime(2023, 6, 24, 16, 49, tzinfo=datetime.timezone.utc), run_after=datetime.datetime(2023, 6, 24, 16, 49, tzinfo=datetime.timezone.utc), start_date=datetime.datetime(2025, 7, 29, 20, 2, 42, 723705, tzinfo=datetime.timezone.utc), end_date=None, clear_number=0, run_type=<DagRunType.SCHEDULED: 'scheduled'>, conf={}, consumed_asset_events=[]),","chan":"stdout","logger":"task"}
{"timestamp":"2025-07-29T20:02:44.332520Z","level":"info","event":" 'data_interval_end': DateTime(2023, 6, 24, 16, 49, 0, tzinfo=Timezone('UTC')),","chan":"stdout","logger":"task"}
{"timestamp":"2025-07-29T20:02:44.332635Z","level":"info","event":" 'data_interval_start': DateTime(2023, 6, 24, 16, 49, 0, tzinfo=Timezone('UTC')),","chan":"stdout","logger":"task"}
{"timestamp":"2025-07-29T20:02:44.332743Z","level":"info","event":" 'ds': '2023-06-24',","chan":"stdout","logger":"task"}
{"timestamp":"2025-07-29T20:02:44.332821Z","level":"info","event":" 'ds_nodash': '20230624',","chan":"stdout","logger":"task"}
{"timestamp":"2025-07-29T20:02:44.332887Z","level":"info","event":" 'inlet_events': InletEventsAccessors(_inlets=[], _assets={}, _asset_aliases={}),","chan":"stdout","logger":"task"}
{"timestamp":"2025-07-29T20:02:44.332954Z","level":"info","event":" 'inlets': [],","chan":"stdout","logger":"task"}
{"timestamp":"2025-07-29T20:02:44.333021Z","level":"info","event":" 'logical_date': DateTime(2023, 6, 24, 16, 49, 0, tzinfo=Timezone('UTC')),","chan":"stdout","logger":"task"}
{"timestamp":"2025-07-29T20:02:44.333089Z","level":"info","event":" 'macros': <MacrosAccessor (dynamic access to macros)>,","chan":"stdout","logger":"task"}
{"timestamp":"2025-07-29T20:02:44.333156Z","level":"info","event":" 'map_index_template': None,","chan":"stdout","logger":"task"}
{"timestamp":"2025-07-29T20:02:44.333221Z","level":"info","event":" 'outlet_events': <airflow.sdk.execution_time.context.OutletEventAccessors object at 0x7fb677987a70>,","chan":"stdout","logger":"task"}
{"timestamp":"2025-07-29T20:02:44.333285Z","level":"info","event":" 'outlets': [],","chan":"stdout","logger":"task"}
{"timestamp":"2025-07-29T20:02:44.333353Z","level":"info","event":" 'params': {},","chan":"stdout","logger":"task"}
{"timestamp":"2025-07-29T20:02:44.344754Z","level":"info","event":" 'prev_data_interval_end_success': <Proxy at 0x7fb66fc1de20 with factory <function RuntimeTaskInstance.get_template_context.<locals>.<lambda> at 0x7fb66fc400e0>>,","chan":"stdout","logger":"task"}
{"timestamp":"2025-07-29T20:02:44.345019Z","level":"info","event":" 'prev_data_interval_start_success': <Proxy at 0x7fb66fc1e120 with factory <function RuntimeTaskInstance.get_template_context.<locals>.<lambda> at 0x7fb66fc41800>>,","chan":"stdout","logger":"task"}
{"timestamp":"2025-07-29T20:02:44.345207Z","level":"info","event":" 'prev_end_date_success': <Proxy at 0x7fb66fc1c560 with factory <function RuntimeTaskInstance.get_template_context.<locals>.<lambda> at 0x7fb66fc418a0>>,","chan":"stdout","logger":"task"}
{"timestamp":"2025-07-29T20:02:44.345324Z","level":"info","event":" 'prev_start_date_success': <Proxy at 0x7fb67ea165d0 with factory <function RuntimeTaskInstance.get_template_context.<locals>.<lambda> at 0x7fb66fc405e0>>,","chan":"stdout","logger":"task"}
{"timestamp":"2025-07-29T20:02:44.345440Z","level":"info","event":" 'run_id': 'scheduled__2023-06-24T16:49:00+00:00',","chan":"stdout","logger":"task"}
{"timestamp":"2025-07-29T20:02:44.345549Z","level":"info","event":" 'task': <Task(PythonOperator): python>,","chan":"stdout","logger":"task"}
{"timestamp":"2025-07-29T20:02:44.345659Z","level":"info","event":" 'task_instance': RuntimeTaskInstance(id=UUID('019857c7-b59d-776e-943e-e09af78b870f'), task_id='python', dag_id='python_operator_v1', run_id='scheduled__2023-06-24T16:49:00+00:00', try_number=1, map_index=-1, hostname='bf6f1e7a6f11', context_carrier={}, task=<Task(PythonOperator): python>, bundle_instance=LocalDagBundle(name=dags-folder), max_tries=0, start_date=datetime.datetime(2025, 7, 29, 20, 2, 43, 590165, tzinfo=datetime.timezone.utc), end_date=None, state=<TaskInstanceState.RUNNING: 'running'>, is_mapped=False, rendered_map_index=None, log_url='http://localhost:8080/dags/python_operator_v1/runs/scheduled__2023-06-24T16%3A49%3A00%2B00%3A00/tasks/python?try_number=1'),","chan":"stdout","logger":"task"}
{"timestamp":"2025-07-29T20:02:44.345779Z","level":"info","event":" 'task_instance_key_str': 'python_operator_v1__python__20230624',","chan":"stdout","logger":"task"}
{"timestamp":"2025-07-29T20:02:44.345863Z","level":"info","event":" 'task_reschedule_count': 0,","chan":"stdout","logger":"task"}
{"timestamp":"2025-07-29T20:02:44.345942Z","level":"info","event":" 'templates_dict': None,","chan":"stdout","logger":"task"}
{"timestamp":"2025-07-29T20:02:44.346036Z","level":"info","event":" 'ti': RuntimeTaskInstance(id=UUID('019857c7-b59d-776e-943e-e09af78b870f'), task_id='python', dag_id='python_operator_v1', run_id='scheduled__2023-06-24T16:49:00+00:00', try_number=1, map_index=-1, hostname='bf6f1e7a6f11', context_carrier={}, task=<Task(PythonOperator): python>, bundle_instance=LocalDagBundle(name=dags-folder), max_tries=0, start_date=datetime.datetime(2025, 7, 29, 20, 2, 43, 590165, tzinfo=datetime.timezone.utc), end_date=None, state=<TaskInstanceState.RUNNING: 'running'>, is_mapped=False, rendered_map_index=None, log_url='http://localhost:8080/dags/python_operator_v1/runs/scheduled__2023-06-24T16%3A49%3A00%2B00%3A00/tasks/python?try_number=1'),","chan":"stdout","logger":"task"}
{"timestamp":"2025-07-29T20:02:44.346207Z","level":"info","event":" 'triggering_asset_events': TriggeringAssetEventsAccessor(_events=defaultdict(<class 'list'>, {})),","chan":"stdout","logger":"task"}
{"timestamp":"2025-07-29T20:02:44.346319Z","level":"info","event":" 'ts': '2023-06-24T16:49:00+00:00',","chan":"stdout","logger":"task"}
{"timestamp":"2025-07-29T20:02:44.346444Z","level":"info","event":" 'ts_nodash': '20230624T164900',","chan":"stdout","logger":"task"}
{"timestamp":"2025-07-29T20:02:44.346526Z","level":"info","event":" 'ts_nodash_with_tz': '20230624T164900+0000',","chan":"stdout","logger":"task"}
{"timestamp":"2025-07-29T20:02:44.346603Z","level":"info","event":" 'var': {'json': <VariableAccessor (dynamic access)>,","chan":"stdout","logger":"task"}
{"timestamp":"2025-07-29T20:02:44.346683Z","level":"info","event":"         'value': <VariableAccessor (dynamic access)>}}","chan":"stdout","logger":"task"}
{"timestamp":"2025-07-29T20:02:44.345833","level":"info","event":"Done. Returned value was: 123","logger":"airflow.task.operators.airflow.providers.standard.operators.python.PythonOperator"}
{"timestamp":"2025-07-29T20:02:44.346103","level":"info","event":"Pushing xcom","ti":"RuntimeTaskInstance(id=UUID('019857c7-b59d-776e-943e-e09af78b870f'), task_id='python', dag_id='python_operator_v1', run_id='scheduled__2023-06-24T16:49:00+00:00', try_number=1, map_index=-1, hostname='bf6f1e7a6f11', context_carrier={}, task=<Task(PythonOperator): python>, bundle_instance=LocalDagBundle(name=dags-folder), max_tries=0, start_date=datetime.datetime(2025, 7, 29, 20, 2, 43, 590165, tzinfo=datetime.timezone.utc), end_date=None, state=<TaskInstanceState.RUNNING: 'running'>, is_mapped=False, rendered_map_index=None, log_url='http://localhost:8080/dags/python_operator_v1/runs/scheduled__2023-06-24T16%3A49%3A00%2B00%3A00/tasks/python?try_number=1')","logger":"task"}
{"timestamp":"2025-07-29T20:02:44.378965Z","level":"info","event":"Task instance in success state","chan":"stdout","logger":"task"}
{"timestamp":"2025-07-29T20:02:44.379212Z","level":"info","event":" Previous state of the Task instance: TaskInstanceState.RUNNING","chan":"stdout","logger":"task"}
{"timestamp":"2025-07-29T20:02:44.379421Z","level":"info","event":"Task operator:<Task(PythonOperator): python>","chan":"stdout","logger":"task"}
