{"timestamp":"2025-07-29T20:07:09.718387","level":"info","event":"DAG bundles loaded: dags-folder, example_dags","logger":"airflow.dag_processing.bundles.manager.DagBundlesManager"}
{"timestamp":"2025-07-29T20:07:09.718999","level":"info","event":"Filling up the DagBag from /opt/airflow/dags/3_dag_principal.py","logger":"airflow.models.dagbag.DagBag"}
{"timestamp":"2025-07-29T20:07:09.748920Z","level":"info","event":"Task instance is in running state","chan":"stdout","logger":"task"}
{"timestamp":"2025-07-29T20:07:09.749107Z","level":"info","event":" Previous state of the Task instance: TaskInstanceState.QUEUED","chan":"stdout","logger":"task"}
{"timestamp":"2025-07-29T20:07:09.749192Z","level":"info","event":"Current task name:python_principal","chan":"stdout","logger":"task"}
{"timestamp":"2025-07-29T20:07:09.749244Z","level":"info","event":"Dag name:3_DAG_principal","chan":"stdout","logger":"task"}
{"timestamp":"2025-07-29T20:07:09.750572Z","level":"info","event":"DAG principal","chan":"stdout","logger":"task"}
{"timestamp":"2025-07-29T20:07:09.751159Z","level":"info","event":"{'conn': <ConnectionAccessor (dynamic access)>,","chan":"stdout","logger":"task"}
{"timestamp":"2025-07-29T20:07:09.751271Z","level":"info","event":" 'dag': <DAG: 3_DAG_principal>,","chan":"stdout","logger":"task"}
{"timestamp":"2025-07-29T20:07:09.751334Z","level":"info","event":" 'dag_run': DagRun(dag_id='3_DAG_principal', run_id='scheduled__2024-09-25T20:00:00+00:00', logical_date=datetime.datetime(2024, 9, 25, 20, 0, tzinfo=datetime.timezone.utc), data_interval_start=datetime.datetime(2024, 9, 25, 20, 0, tzinfo=datetime.timezone.utc), data_interval_end=datetime.datetime(2024, 9, 25, 20, 0, tzinfo=datetime.timezone.utc), run_after=datetime.datetime(2024, 9, 25, 20, 0, tzinfo=datetime.timezone.utc), start_date=datetime.datetime(2025, 7, 29, 20, 7, 8, 786879, tzinfo=datetime.timezone.utc), end_date=None, clear_number=0, run_type=<DagRunType.SCHEDULED: 'scheduled'>, conf={}, consumed_asset_events=[]),","chan":"stdout","logger":"task"}
{"timestamp":"2025-07-29T20:07:09.751385Z","level":"info","event":" 'data_interval_end': DateTime(2024, 9, 25, 20, 0, 0, tzinfo=Timezone('UTC')),","chan":"stdout","logger":"task"}
{"timestamp":"2025-07-29T20:07:09.751432Z","level":"info","event":" 'data_interval_start': DateTime(2024, 9, 25, 20, 0, 0, tzinfo=Timezone('UTC')),","chan":"stdout","logger":"task"}
{"timestamp":"2025-07-29T20:07:09.751474Z","level":"info","event":" 'ds': '2024-09-25',","chan":"stdout","logger":"task"}
{"timestamp":"2025-07-29T20:07:09.751515Z","level":"info","event":" 'ds_nodash': '20240925',","chan":"stdout","logger":"task"}
{"timestamp":"2025-07-29T20:07:09.751556Z","level":"info","event":" 'inlet_events': InletEventsAccessors(_inlets=[], _assets={}, _asset_aliases={}),","chan":"stdout","logger":"task"}
{"timestamp":"2025-07-29T20:07:09.751596Z","level":"info","event":" 'inlets': [],","chan":"stdout","logger":"task"}
{"timestamp":"2025-07-29T20:07:09.751636Z","level":"info","event":" 'logical_date': DateTime(2024, 9, 25, 20, 0, 0, tzinfo=Timezone('UTC')),","chan":"stdout","logger":"task"}
{"timestamp":"2025-07-29T20:07:09.751676Z","level":"info","event":" 'macros': <MacrosAccessor (dynamic access to macros)>,","chan":"stdout","logger":"task"}
{"timestamp":"2025-07-29T20:07:09.751717Z","level":"info","event":" 'map_index_template': None,","chan":"stdout","logger":"task"}
{"timestamp":"2025-07-29T20:07:09.751757Z","level":"info","event":" 'outlet_events': <airflow.sdk.execution_time.context.OutletEventAccessors object at 0x7fb67d3641a0>,","chan":"stdout","logger":"task"}
{"timestamp":"2025-07-29T20:07:09.751835Z","level":"info","event":" 'outlets': [],","chan":"stdout","logger":"task"}
{"timestamp":"2025-07-29T20:07:09.751917Z","level":"info","event":" 'params': {},","chan":"stdout","logger":"task"}
{"timestamp":"2025-07-29T20:07:09.764965Z","level":"info","event":" 'prev_data_interval_end_success': <Proxy at 0x7fb66fc37e00 with factory <function RuntimeTaskInstance.get_template_context.<locals>.<lambda> at 0x7fb66fc602c0>>,","chan":"stdout","logger":"task"}
{"timestamp":"2025-07-29T20:07:09.765128Z","level":"info","event":" 'prev_data_interval_start_success': <Proxy at 0x7fb66fc37b30 with factory <function RuntimeTaskInstance.get_template_context.<locals>.<lambda> at 0x7fb66fc52a20>>,","chan":"stdout","logger":"task"}
{"timestamp":"2025-07-29T20:07:09.765235Z","level":"info","event":" 'prev_end_date_success': <Proxy at 0x7fb66fc37aa0 with factory <function RuntimeTaskInstance.get_template_context.<locals>.<lambda> at 0x7fb66fc53100>>,","chan":"stdout","logger":"task"}
{"timestamp":"2025-07-29T20:07:09.765290Z","level":"info","event":" 'prev_start_date_success': <Proxy at 0x7fb66fdc9340 with factory <function RuntimeTaskInstance.get_template_context.<locals>.<lambda> at 0x7fb66fc52fc0>>,","chan":"stdout","logger":"task"}
{"timestamp":"2025-07-29T20:07:09.765336Z","level":"info","event":" 'run_id': 'scheduled__2024-09-25T20:00:00+00:00',","chan":"stdout","logger":"task"}
{"timestamp":"2025-07-29T20:07:09.765380Z","level":"info","event":" 'task': <Task(PythonOperator): python_principal>,","chan":"stdout","logger":"task"}
{"timestamp":"2025-07-29T20:07:09.765427Z","level":"info","event":" 'task_instance': RuntimeTaskInstance(id=UUID('019857cb-c4e4-73c0-877a-272c3d8b79f9'), task_id='python_principal', dag_id='3_DAG_principal', run_id='scheduled__2024-09-25T20:00:00+00:00', try_number=1, map_index=-1, hostname='bf6f1e7a6f11', context_carrier={}, task=<Task(PythonOperator): python_principal>, bundle_instance=LocalDagBundle(name=dags-folder), max_tries=0, start_date=datetime.datetime(2025, 7, 29, 20, 7, 9, 193633, tzinfo=datetime.timezone.utc), end_date=None, state=<TaskInstanceState.RUNNING: 'running'>, is_mapped=False, rendered_map_index=None, log_url='http://localhost:8080/dags/3_DAG_principal/runs/scheduled__2024-09-25T20%3A00%3A00%2B00%3A00/tasks/python_principal?try_number=1'),","chan":"stdout","logger":"task"}
{"timestamp":"2025-07-29T20:07:09.765473Z","level":"info","event":" 'task_instance_key_str': '3_DAG_principal__python_principal__20240925',","chan":"stdout","logger":"task"}
{"timestamp":"2025-07-29T20:07:09.765519Z","level":"info","event":" 'task_reschedule_count': 0,","chan":"stdout","logger":"task"}
{"timestamp":"2025-07-29T20:07:09.765561Z","level":"info","event":" 'templates_dict': None,","chan":"stdout","logger":"task"}
{"timestamp":"2025-07-29T20:07:09.765605Z","level":"info","event":" 'ti': RuntimeTaskInstance(id=UUID('019857cb-c4e4-73c0-877a-272c3d8b79f9'), task_id='python_principal', dag_id='3_DAG_principal', run_id='scheduled__2024-09-25T20:00:00+00:00', try_number=1, map_index=-1, hostname='bf6f1e7a6f11', context_carrier={}, task=<Task(PythonOperator): python_principal>, bundle_instance=LocalDagBundle(name=dags-folder), max_tries=0, start_date=datetime.datetime(2025, 7, 29, 20, 7, 9, 193633, tzinfo=datetime.timezone.utc), end_date=None, state=<TaskInstanceState.RUNNING: 'running'>, is_mapped=False, rendered_map_index=None, log_url='http://localhost:8080/dags/3_DAG_principal/runs/scheduled__2024-09-25T20%3A00%3A00%2B00%3A00/tasks/python_principal?try_number=1'),","chan":"stdout","logger":"task"}
{"timestamp":"2025-07-29T20:07:09.765648Z","level":"info","event":" 'triggering_asset_events': TriggeringAssetEventsAccessor(_events=defaultdict(<class 'list'>, {})),","chan":"stdout","logger":"task"}
{"timestamp":"2025-07-29T20:07:09.765689Z","level":"info","event":" 'ts': '2024-09-25T20:00:00+00:00',","chan":"stdout","logger":"task"}
{"timestamp":"2025-07-29T20:07:09.765730Z","level":"info","event":" 'ts_nodash': '20240925T200000',","chan":"stdout","logger":"task"}
{"timestamp":"2025-07-29T20:07:09.765770Z","level":"info","event":" 'ts_nodash_with_tz': '20240925T200000+0000',","chan":"stdout","logger":"task"}
{"timestamp":"2025-07-29T20:07:09.765810Z","level":"info","event":" 'var': {'json': <VariableAccessor (dynamic access)>,","chan":"stdout","logger":"task"}
{"timestamp":"2025-07-29T20:07:09.765852Z","level":"info","event":"         'value': <VariableAccessor (dynamic access)>}}","chan":"stdout","logger":"task"}
{"timestamp":"2025-07-29T20:07:09.765261","level":"info","event":"Done. Returned value was: principal","logger":"airflow.task.operators.airflow.providers.standard.operators.python.PythonOperator"}
{"timestamp":"2025-07-29T20:07:09.765432","level":"info","event":"Pushing xcom","ti":"RuntimeTaskInstance(id=UUID('019857cb-c4e4-73c0-877a-272c3d8b79f9'), task_id='python_principal', dag_id='3_DAG_principal', run_id='scheduled__2024-09-25T20:00:00+00:00', try_number=1, map_index=-1, hostname='bf6f1e7a6f11', context_carrier={}, task=<Task(PythonOperator): python_principal>, bundle_instance=LocalDagBundle(name=dags-folder), max_tries=0, start_date=datetime.datetime(2025, 7, 29, 20, 7, 9, 193633, tzinfo=datetime.timezone.utc), end_date=None, state=<TaskInstanceState.RUNNING: 'running'>, is_mapped=False, rendered_map_index=None, log_url='http://localhost:8080/dags/3_DAG_principal/runs/scheduled__2024-09-25T20%3A00%3A00%2B00%3A00/tasks/python_principal?try_number=1')","logger":"task"}
{"timestamp":"2025-07-29T20:07:09.796230Z","level":"info","event":"Task instance in success state","chan":"stdout","logger":"task"}
{"timestamp":"2025-07-29T20:07:09.796366Z","level":"info","event":" Previous state of the Task instance: TaskInstanceState.RUNNING","chan":"stdout","logger":"task"}
{"timestamp":"2025-07-29T20:07:09.796467Z","level":"info","event":"Task operator:<Task(PythonOperator): python_principal>","chan":"stdout","logger":"task"}
