{"timestamp":"2025-07-29T20:04:45.268246","level":"info","event":"DAG bundles loaded: dags-folder, example_dags","logger":"airflow.dag_processing.bundles.manager.DagBundlesManager"}
{"timestamp":"2025-07-29T20:04:45.269012","level":"info","event":"Filling up the DagBag from /opt/airflow/dags/3_dag_principal.py","logger":"airflow.models.dagbag.DagBag"}
{"timestamp":"2025-07-29T20:04:45.311647Z","level":"info","event":"Task instance is in running state","chan":"stdout","logger":"task"}
{"timestamp":"2025-07-29T20:04:45.311926Z","level":"info","event":" Previous state of the Task instance: TaskInstanceState.QUEUED","chan":"stdout","logger":"task"}
{"timestamp":"2025-07-29T20:04:45.312634Z","level":"info","event":"Current task name:python_principal","chan":"stdout","logger":"task"}
{"timestamp":"2025-07-29T20:04:45.312810Z","level":"info","event":"Dag name:3_DAG_principal","chan":"stdout","logger":"task"}
{"timestamp":"2025-07-29T20:04:45.314308Z","level":"info","event":"DAG principal","chan":"stdout","logger":"task"}
{"timestamp":"2025-07-29T20:04:45.315257Z","level":"info","event":"{'conn': <ConnectionAccessor (dynamic access)>,","chan":"stdout","logger":"task"}
{"timestamp":"2025-07-29T20:04:45.315466Z","level":"info","event":" 'dag': <DAG: 3_DAG_principal>,","chan":"stdout","logger":"task"}
{"timestamp":"2025-07-29T20:04:45.315657Z","level":"info","event":" 'dag_run': DagRun(dag_id='3_DAG_principal', run_id='scheduled__2024-05-27T20:00:00+00:00', logical_date=datetime.datetime(2024, 5, 27, 20, 0, tzinfo=datetime.timezone.utc), data_interval_start=datetime.datetime(2024, 5, 27, 20, 0, tzinfo=datetime.timezone.utc), data_interval_end=datetime.datetime(2024, 5, 27, 20, 0, tzinfo=datetime.timezone.utc), run_after=datetime.datetime(2024, 5, 27, 20, 0, tzinfo=datetime.timezone.utc), start_date=datetime.datetime(2025, 7, 29, 20, 4, 44, 37313, tzinfo=datetime.timezone.utc), end_date=None, clear_number=0, run_type=<DagRunType.SCHEDULED: 'scheduled'>, conf={}, consumed_asset_events=[]),","chan":"stdout","logger":"task"}
{"timestamp":"2025-07-29T20:04:45.315784Z","level":"info","event":" 'data_interval_end': DateTime(2024, 5, 27, 20, 0, 0, tzinfo=Timezone('UTC')),","chan":"stdout","logger":"task"}
{"timestamp":"2025-07-29T20:04:45.315869Z","level":"info","event":" 'data_interval_start': DateTime(2024, 5, 27, 20, 0, 0, tzinfo=Timezone('UTC')),","chan":"stdout","logger":"task"}
{"timestamp":"2025-07-29T20:04:45.315941Z","level":"info","event":" 'ds': '2024-05-27',","chan":"stdout","logger":"task"}
{"timestamp":"2025-07-29T20:04:45.316009Z","level":"info","event":" 'ds_nodash': '20240527',","chan":"stdout","logger":"task"}
{"timestamp":"2025-07-29T20:04:45.316079Z","level":"info","event":" 'inlet_events': InletEventsAccessors(_inlets=[], _assets={}, _asset_aliases={}),","chan":"stdout","logger":"task"}
{"timestamp":"2025-07-29T20:04:45.316148Z","level":"info","event":" 'inlets': [],","chan":"stdout","logger":"task"}
{"timestamp":"2025-07-29T20:04:45.316215Z","level":"info","event":" 'logical_date': DateTime(2024, 5, 27, 20, 0, 0, tzinfo=Timezone('UTC')),","chan":"stdout","logger":"task"}
{"timestamp":"2025-07-29T20:04:45.316283Z","level":"info","event":" 'macros': <MacrosAccessor (dynamic access to macros)>,","chan":"stdout","logger":"task"}
{"timestamp":"2025-07-29T20:04:45.316352Z","level":"info","event":" 'map_index_template': None,","chan":"stdout","logger":"task"}
{"timestamp":"2025-07-29T20:04:45.316425Z","level":"info","event":" 'outlet_events': <airflow.sdk.execution_time.context.OutletEventAccessors object at 0x7fb677bd4f20>,","chan":"stdout","logger":"task"}
{"timestamp":"2025-07-29T20:04:45.316499Z","level":"info","event":" 'outlets': [],","chan":"stdout","logger":"task"}
{"timestamp":"2025-07-29T20:04:45.316579Z","level":"info","event":" 'params': {},","chan":"stdout","logger":"task"}
{"timestamp":"2025-07-29T20:04:45.328103Z","level":"info","event":" 'prev_data_interval_end_success': <Proxy at 0x7fb66fc464b0 with factory <function RuntimeTaskInstance.get_template_context.<locals>.<lambda> at 0x7fb66fc5e200>>,","chan":"stdout","logger":"task"}
{"timestamp":"2025-07-29T20:04:45.328377Z","level":"info","event":" 'prev_data_interval_start_success': <Proxy at 0x7fb66fc46540 with factory <function RuntimeTaskInstance.get_template_context.<locals>.<lambda> at 0x7fb66fc5ca40>>,","chan":"stdout","logger":"task"}
{"timestamp":"2025-07-29T20:04:45.328493Z","level":"info","event":" 'prev_end_date_success': <Proxy at 0x7fb66fc46780 with factory <function RuntimeTaskInstance.get_template_context.<locals>.<lambda> at 0x7fb66fc5e2a0>>,","chan":"stdout","logger":"task"}
{"timestamp":"2025-07-29T20:04:45.328574Z","level":"info","event":" 'prev_start_date_success': <Proxy at 0x7fb66fc46570 with factory <function RuntimeTaskInstance.get_template_context.<locals>.<lambda> at 0x7fb66fc5cfe0>>,","chan":"stdout","logger":"task"}
{"timestamp":"2025-07-29T20:04:45.328652Z","level":"info","event":" 'run_id': 'scheduled__2024-05-27T20:00:00+00:00',","chan":"stdout","logger":"task"}
{"timestamp":"2025-07-29T20:04:45.328727Z","level":"info","event":" 'task': <Task(PythonOperator): python_principal>,","chan":"stdout","logger":"task"}
{"timestamp":"2025-07-29T20:04:45.328803Z","level":"info","event":" 'task_instance': RuntimeTaskInstance(id=UUID('019857c9-8f7e-7c9b-a4cf-b4837639f181'), task_id='python_principal', dag_id='3_DAG_principal', run_id='scheduled__2024-05-27T20:00:00+00:00', try_number=1, map_index=-1, hostname='bf6f1e7a6f11', context_carrier={}, task=<Task(PythonOperator): python_principal>, bundle_instance=LocalDagBundle(name=dags-folder), max_tries=0, start_date=datetime.datetime(2025, 7, 29, 20, 4, 44, 623633, tzinfo=datetime.timezone.utc), end_date=None, state=<TaskInstanceState.RUNNING: 'running'>, is_mapped=False, rendered_map_index=None, log_url='http://localhost:8080/dags/3_DAG_principal/runs/scheduled__2024-05-27T20%3A00%3A00%2B00%3A00/tasks/python_principal?try_number=1'),","chan":"stdout","logger":"task"}
{"timestamp":"2025-07-29T20:04:45.328880Z","level":"info","event":" 'task_instance_key_str': '3_DAG_principal__python_principal__20240527',","chan":"stdout","logger":"task"}
{"timestamp":"2025-07-29T20:04:45.328956Z","level":"info","event":" 'task_reschedule_count': 0,","chan":"stdout","logger":"task"}
{"timestamp":"2025-07-29T20:04:45.329035Z","level":"info","event":" 'templates_dict': None,","chan":"stdout","logger":"task"}
{"timestamp":"2025-07-29T20:04:45.329171Z","level":"info","event":" 'ti': RuntimeTaskInstance(id=UUID('019857c9-8f7e-7c9b-a4cf-b4837639f181'), task_id='python_principal', dag_id='3_DAG_principal', run_id='scheduled__2024-05-27T20:00:00+00:00', try_number=1, map_index=-1, hostname='bf6f1e7a6f11', context_carrier={}, task=<Task(PythonOperator): python_principal>, bundle_instance=LocalDagBundle(name=dags-folder), max_tries=0, start_date=datetime.datetime(2025, 7, 29, 20, 4, 44, 623633, tzinfo=datetime.timezone.utc), end_date=None, state=<TaskInstanceState.RUNNING: 'running'>, is_mapped=False, rendered_map_index=None, log_url='http://localhost:8080/dags/3_DAG_principal/runs/scheduled__2024-05-27T20%3A00%3A00%2B00%3A00/tasks/python_principal?try_number=1'),","chan":"stdout","logger":"task"}
{"timestamp":"2025-07-29T20:04:45.329296Z","level":"info","event":" 'triggering_asset_events': TriggeringAssetEventsAccessor(_events=defaultdict(<class 'list'>, {})),","chan":"stdout","logger":"task"}
{"timestamp":"2025-07-29T20:04:45.329378Z","level":"info","event":" 'ts': '2024-05-27T20:00:00+00:00',","chan":"stdout","logger":"task"}
{"timestamp":"2025-07-29T20:04:45.329448Z","level":"info","event":" 'ts_nodash': '20240527T200000',","chan":"stdout","logger":"task"}
{"timestamp":"2025-07-29T20:04:45.329516Z","level":"info","event":" 'ts_nodash_with_tz': '20240527T200000+0000',","chan":"stdout","logger":"task"}
{"timestamp":"2025-07-29T20:04:45.329593Z","level":"info","event":" 'var': {'json': <VariableAccessor (dynamic access)>,","chan":"stdout","logger":"task"}
{"timestamp":"2025-07-29T20:04:45.329699Z","level":"info","event":"         'value': <VariableAccessor (dynamic access)>}}","chan":"stdout","logger":"task"}
{"timestamp":"2025-07-29T20:04:45.328651","level":"info","event":"Done. Returned value was: principal","logger":"airflow.task.operators.airflow.providers.standard.operators.python.PythonOperator"}
{"timestamp":"2025-07-29T20:04:45.328890","level":"info","event":"Pushing xcom","ti":"RuntimeTaskInstance(id=UUID('019857c9-8f7e-7c9b-a4cf-b4837639f181'), task_id='python_principal', dag_id='3_DAG_principal', run_id='scheduled__2024-05-27T20:00:00+00:00', try_number=1, map_index=-1, hostname='bf6f1e7a6f11', context_carrier={}, task=<Task(PythonOperator): python_principal>, bundle_instance=LocalDagBundle(name=dags-folder), max_tries=0, start_date=datetime.datetime(2025, 7, 29, 20, 4, 44, 623633, tzinfo=datetime.timezone.utc), end_date=None, state=<TaskInstanceState.RUNNING: 'running'>, is_mapped=False, rendered_map_index=None, log_url='http://localhost:8080/dags/3_DAG_principal/runs/scheduled__2024-05-27T20%3A00%3A00%2B00%3A00/tasks/python_principal?try_number=1')","logger":"task"}
{"timestamp":"2025-07-29T20:04:45.377835Z","level":"info","event":"Task instance in success state","chan":"stdout","logger":"task"}
{"timestamp":"2025-07-29T20:04:45.378069Z","level":"info","event":" Previous state of the Task instance: TaskInstanceState.RUNNING","chan":"stdout","logger":"task"}
{"timestamp":"2025-07-29T20:04:45.378229Z","level":"info","event":"Task operator:<Task(PythonOperator): python_principal>","chan":"stdout","logger":"task"}
