{"timestamp":"2025-07-29T20:02:51.222726","level":"info","event":"DAG bundles loaded: dags-folder, example_dags","logger":"airflow.dag_processing.bundles.manager.DagBundlesManager"}
{"timestamp":"2025-07-29T20:02:51.223442","level":"info","event":"Filling up the DagBag from /opt/airflow/dags/2_python_operator_v1.py","logger":"airflow.models.dagbag.DagBag"}
{"timestamp":"2025-07-29T20:02:51.278269Z","level":"info","event":"Task instance is in running state","chan":"stdout","logger":"task"}
{"timestamp":"2025-07-29T20:02:51.278526Z","level":"info","event":" Previous state of the Task instance: TaskInstanceState.QUEUED","chan":"stdout","logger":"task"}
{"timestamp":"2025-07-29T20:02:51.278622Z","level":"info","event":"Current task name:python","chan":"stdout","logger":"task"}
{"timestamp":"2025-07-29T20:02:51.278687Z","level":"info","event":"Dag name:python_operator_v1","chan":"stdout","logger":"task"}
{"timestamp":"2025-07-29T20:02:51.278748Z","level":"info","event":"poliana","chan":"stdout","logger":"task"}
{"timestamp":"2025-07-29T20:02:51.278806Z","level":"info","event":"{'conn': <ConnectionAccessor (dynamic access)>,","chan":"stdout","logger":"task"}
{"timestamp":"2025-07-29T20:02:51.278870Z","level":"info","event":" 'dag': <DAG: python_operator_v1>,","chan":"stdout","logger":"task"}
{"timestamp":"2025-07-29T20:02:51.278937Z","level":"info","event":" 'dag_run': DagRun(dag_id='python_operator_v1', run_id='scheduled__2023-06-24T16:56:00+00:00', logical_date=datetime.datetime(2023, 6, 24, 16, 56, tzinfo=datetime.timezone.utc), data_interval_start=datetime.datetime(2023, 6, 24, 16, 56, tzinfo=datetime.timezone.utc), data_interval_end=datetime.datetime(2023, 6, 24, 16, 56, tzinfo=datetime.timezone.utc), run_after=datetime.datetime(2023, 6, 24, 16, 56, tzinfo=datetime.timezone.utc), start_date=datetime.datetime(2025, 7, 29, 20, 2, 49, 959074, tzinfo=datetime.timezone.utc), end_date=None, clear_number=0, run_type=<DagRunType.SCHEDULED: 'scheduled'>, conf={}, consumed_asset_events=[]),","chan":"stdout","logger":"task"}
{"timestamp":"2025-07-29T20:02:51.279009Z","level":"info","event":" 'data_interval_end': DateTime(2023, 6, 24, 16, 56, 0, tzinfo=Timezone('UTC')),","chan":"stdout","logger":"task"}
{"timestamp":"2025-07-29T20:02:51.279072Z","level":"info","event":" 'data_interval_start': DateTime(2023, 6, 24, 16, 56, 0, tzinfo=Timezone('UTC')),","chan":"stdout","logger":"task"}
{"timestamp":"2025-07-29T20:02:51.279127Z","level":"info","event":" 'ds': '2023-06-24',","chan":"stdout","logger":"task"}
{"timestamp":"2025-07-29T20:02:51.279188Z","level":"info","event":" 'ds_nodash': '20230624',","chan":"stdout","logger":"task"}
{"timestamp":"2025-07-29T20:02:51.279246Z","level":"info","event":" 'inlet_events': InletEventsAccessors(_inlets=[], _assets={}, _asset_aliases={}),","chan":"stdout","logger":"task"}
{"timestamp":"2025-07-29T20:02:51.279305Z","level":"info","event":" 'inlets': [],","chan":"stdout","logger":"task"}
{"timestamp":"2025-07-29T20:02:51.279366Z","level":"info","event":" 'logical_date': DateTime(2023, 6, 24, 16, 56, 0, tzinfo=Timezone('UTC')),","chan":"stdout","logger":"task"}
{"timestamp":"2025-07-29T20:02:51.279422Z","level":"info","event":" 'macros': <MacrosAccessor (dynamic access to macros)>,","chan":"stdout","logger":"task"}
{"timestamp":"2025-07-29T20:02:51.279478Z","level":"info","event":" 'map_index_template': None,","chan":"stdout","logger":"task"}
{"timestamp":"2025-07-29T20:02:51.279540Z","level":"info","event":" 'outlet_events': <airflow.sdk.execution_time.context.OutletEventAccessors object at 0x7fb66fdd6690>,","chan":"stdout","logger":"task"}
{"timestamp":"2025-07-29T20:02:51.279599Z","level":"info","event":" 'outlets': [],","chan":"stdout","logger":"task"}
{"timestamp":"2025-07-29T20:02:51.279656Z","level":"info","event":" 'params': {},","chan":"stdout","logger":"task"}
{"timestamp":"2025-07-29T20:02:51.311498Z","level":"info","event":" 'prev_data_interval_end_success': <Proxy at 0x7fb66fc0daf0 with factory <function RuntimeTaskInstance.get_template_context.<locals>.<lambda> at 0x7fb66fc31800>>,","chan":"stdout","logger":"task"}
{"timestamp":"2025-07-29T20:02:51.311743Z","level":"info","event":" 'prev_data_interval_start_success': <Proxy at 0x7fb66fc0efc0 with factory <function RuntimeTaskInstance.get_template_context.<locals>.<lambda> at 0x7fb66fc32f20>>,","chan":"stdout","logger":"task"}
{"timestamp":"2025-07-29T20:02:51.311851Z","level":"info","event":" 'prev_end_date_success': <Proxy at 0x7fb66fc0f260 with factory <function RuntimeTaskInstance.get_template_context.<locals>.<lambda> at 0x7fb66fc32fc0>>,","chan":"stdout","logger":"task"}
{"timestamp":"2025-07-29T20:02:51.311922Z","level":"info","event":" 'prev_start_date_success': <Proxy at 0x7fb66fc0f320 with factory <function RuntimeTaskInstance.get_template_context.<locals>.<lambda> at 0x7fb66fc31d00>>,","chan":"stdout","logger":"task"}
{"timestamp":"2025-07-29T20:02:51.312020Z","level":"info","event":" 'run_id': 'scheduled__2023-06-24T16:56:00+00:00',","chan":"stdout","logger":"task"}
{"timestamp":"2025-07-29T20:02:51.312095Z","level":"info","event":" 'task': <Task(PythonOperator): python>,","chan":"stdout","logger":"task"}
{"timestamp":"2025-07-29T20:02:51.312163Z","level":"info","event":" 'task_instance': RuntimeTaskInstance(id=UUID('019857c7-d1dc-7df2-8a71-db91a24b2ace'), task_id='python', dag_id='python_operator_v1', run_id='scheduled__2023-06-24T16:56:00+00:00', try_number=1, map_index=-1, hostname='bf6f1e7a6f11', context_carrier={}, task=<Task(PythonOperator): python>, bundle_instance=LocalDagBundle(name=dags-folder), max_tries=0, start_date=datetime.datetime(2025, 7, 29, 20, 2, 50, 642000, tzinfo=datetime.timezone.utc), end_date=None, state=<TaskInstanceState.RUNNING: 'running'>, is_mapped=False, rendered_map_index=None, log_url='http://localhost:8080/dags/python_operator_v1/runs/scheduled__2023-06-24T16%3A56%3A00%2B00%3A00/tasks/python?try_number=1'),","chan":"stdout","logger":"task"}
{"timestamp":"2025-07-29T20:02:51.312233Z","level":"info","event":" 'task_instance_key_str': 'python_operator_v1__python__20230624',","chan":"stdout","logger":"task"}
{"timestamp":"2025-07-29T20:02:51.312300Z","level":"info","event":" 'task_reschedule_count': 0,","chan":"stdout","logger":"task"}
{"timestamp":"2025-07-29T20:02:51.312366Z","level":"info","event":" 'templates_dict': None,","chan":"stdout","logger":"task"}
{"timestamp":"2025-07-29T20:02:51.312435Z","level":"info","event":" 'ti': RuntimeTaskInstance(id=UUID('019857c7-d1dc-7df2-8a71-db91a24b2ace'), task_id='python', dag_id='python_operator_v1', run_id='scheduled__2023-06-24T16:56:00+00:00', try_number=1, map_index=-1, hostname='bf6f1e7a6f11', context_carrier={}, task=<Task(PythonOperator): python>, bundle_instance=LocalDagBundle(name=dags-folder), max_tries=0, start_date=datetime.datetime(2025, 7, 29, 20, 2, 50, 642000, tzinfo=datetime.timezone.utc), end_date=None, state=<TaskInstanceState.RUNNING: 'running'>, is_mapped=False, rendered_map_index=None, log_url='http://localhost:8080/dags/python_operator_v1/runs/scheduled__2023-06-24T16%3A56%3A00%2B00%3A00/tasks/python?try_number=1'),","chan":"stdout","logger":"task"}
{"timestamp":"2025-07-29T20:02:51.312504Z","level":"info","event":" 'triggering_asset_events': TriggeringAssetEventsAccessor(_events=defaultdict(<class 'list'>, {})),","chan":"stdout","logger":"task"}
{"timestamp":"2025-07-29T20:02:51.312568Z","level":"info","event":" 'ts': '2023-06-24T16:56:00+00:00',","chan":"stdout","logger":"task"}
{"timestamp":"2025-07-29T20:02:51.312632Z","level":"info","event":" 'ts_nodash': '20230624T165600',","chan":"stdout","logger":"task"}
{"timestamp":"2025-07-29T20:02:51.312693Z","level":"info","event":" 'ts_nodash_with_tz': '20230624T165600+0000',","chan":"stdout","logger":"task"}
{"timestamp":"2025-07-29T20:02:51.312754Z","level":"info","event":" 'var': {'json': <VariableAccessor (dynamic access)>,","chan":"stdout","logger":"task"}
{"timestamp":"2025-07-29T20:02:51.313456Z","level":"info","event":"         'value': <VariableAccessor (dynamic access)>}}","chan":"stdout","logger":"task"}
{"timestamp":"2025-07-29T20:02:51.314060","level":"info","event":"Done. Returned value was: 123","logger":"airflow.task.operators.airflow.providers.standard.operators.python.PythonOperator"}
{"timestamp":"2025-07-29T20:02:51.315344","level":"info","event":"Pushing xcom","ti":"RuntimeTaskInstance(id=UUID('019857c7-d1dc-7df2-8a71-db91a24b2ace'), task_id='python', dag_id='python_operator_v1', run_id='scheduled__2023-06-24T16:56:00+00:00', try_number=1, map_index=-1, hostname='bf6f1e7a6f11', context_carrier={}, task=<Task(PythonOperator): python>, bundle_instance=LocalDagBundle(name=dags-folder), max_tries=0, start_date=datetime.datetime(2025, 7, 29, 20, 2, 50, 642000, tzinfo=datetime.timezone.utc), end_date=None, state=<TaskInstanceState.RUNNING: 'running'>, is_mapped=False, rendered_map_index=None, log_url='http://localhost:8080/dags/python_operator_v1/runs/scheduled__2023-06-24T16%3A56%3A00%2B00%3A00/tasks/python?try_number=1')","logger":"task"}
{"timestamp":"2025-07-29T20:02:51.401536Z","level":"info","event":"Task instance in success state","chan":"stdout","logger":"task"}
{"timestamp":"2025-07-29T20:02:51.401841Z","level":"info","event":" Previous state of the Task instance: TaskInstanceState.RUNNING","chan":"stdout","logger":"task"}
{"timestamp":"2025-07-29T20:02:51.401954Z","level":"info","event":"Task operator:<Task(PythonOperator): python>","chan":"stdout","logger":"task"}
