{"timestamp":"2025-07-29T19:59:46.458627","level":"info","event":"DAG bundles loaded: dags-folder, example_dags","logger":"airflow.dag_processing.bundles.manager.DagBundlesManager"}
{"timestamp":"2025-07-29T19:59:46.459068","level":"info","event":"Filling up the DagBag from /opt/airflow/dags/3_dag_principal.py","logger":"airflow.models.dagbag.DagBag"}
{"timestamp":"2025-07-29T19:59:46.482002Z","level":"info","event":"Task instance is in running state","chan":"stdout","logger":"task"}
{"timestamp":"2025-07-29T19:59:46.482168Z","level":"info","event":" Previous state of the Task instance: TaskInstanceState.QUEUED","chan":"stdout","logger":"task"}
{"timestamp":"2025-07-29T19:59:46.482558Z","level":"info","event":"Current task name:python_principal","chan":"stdout","logger":"task"}
{"timestamp":"2025-07-29T19:59:46.482645Z","level":"info","event":"Dag name:3_DAG_principal","chan":"stdout","logger":"task"}
{"timestamp":"2025-07-29T19:59:46.483644Z","level":"info","event":"DAG principal","chan":"stdout","logger":"task"}
{"timestamp":"2025-07-29T19:59:46.484244Z","level":"info","event":"{'conn': <ConnectionAccessor (dynamic access)>,","chan":"stdout","logger":"task"}
{"timestamp":"2025-07-29T19:59:46.484321Z","level":"info","event":" 'dag': <DAG: 3_DAG_principal>,","chan":"stdout","logger":"task"}
{"timestamp":"2025-07-29T19:59:46.484409Z","level":"info","event":" 'dag_run': DagRun(dag_id='3_DAG_principal', run_id='scheduled__2023-08-22T20:00:00+00:00', logical_date=datetime.datetime(2023, 8, 22, 20, 0, tzinfo=datetime.timezone.utc), data_interval_start=datetime.datetime(2023, 8, 22, 20, 0, tzinfo=datetime.timezone.utc), data_interval_end=datetime.datetime(2023, 8, 22, 20, 0, tzinfo=datetime.timezone.utc), run_after=datetime.datetime(2023, 8, 22, 20, 0, tzinfo=datetime.timezone.utc), start_date=datetime.datetime(2025, 7, 29, 19, 59, 45, 80128, tzinfo=datetime.timezone.utc), end_date=None, clear_number=0, run_type=<DagRunType.SCHEDULED: 'scheduled'>, conf={}, consumed_asset_events=[]),","chan":"stdout","logger":"task"}
{"timestamp":"2025-07-29T19:59:46.484467Z","level":"info","event":" 'data_interval_end': DateTime(2023, 8, 22, 20, 0, 0, tzinfo=Timezone('UTC')),","chan":"stdout","logger":"task"}
{"timestamp":"2025-07-29T19:59:46.484515Z","level":"info","event":" 'data_interval_start': DateTime(2023, 8, 22, 20, 0, 0, tzinfo=Timezone('UTC')),","chan":"stdout","logger":"task"}
{"timestamp":"2025-07-29T19:59:46.484560Z","level":"info","event":" 'ds': '2023-08-22',","chan":"stdout","logger":"task"}
{"timestamp":"2025-07-29T19:59:46.484602Z","level":"info","event":" 'ds_nodash': '20230822',","chan":"stdout","logger":"task"}
{"timestamp":"2025-07-29T19:59:46.484644Z","level":"info","event":" 'inlet_events': InletEventsAccessors(_inlets=[], _assets={}, _asset_aliases={}),","chan":"stdout","logger":"task"}
{"timestamp":"2025-07-29T19:59:46.484685Z","level":"info","event":" 'inlets': [],","chan":"stdout","logger":"task"}
{"timestamp":"2025-07-29T19:59:46.484727Z","level":"info","event":" 'logical_date': DateTime(2023, 8, 22, 20, 0, 0, tzinfo=Timezone('UTC')),","chan":"stdout","logger":"task"}
{"timestamp":"2025-07-29T19:59:46.484768Z","level":"info","event":" 'macros': <MacrosAccessor (dynamic access to macros)>,","chan":"stdout","logger":"task"}
{"timestamp":"2025-07-29T19:59:46.484808Z","level":"info","event":" 'map_index_template': None,","chan":"stdout","logger":"task"}
{"timestamp":"2025-07-29T19:59:46.484851Z","level":"info","event":" 'outlet_events': <airflow.sdk.execution_time.context.OutletEventAccessors object at 0x7fb66febf680>,","chan":"stdout","logger":"task"}
{"timestamp":"2025-07-29T19:59:46.484893Z","level":"info","event":" 'outlets': [],","chan":"stdout","logger":"task"}
{"timestamp":"2025-07-29T19:59:46.484970Z","level":"info","event":" 'params': {},","chan":"stdout","logger":"task"}
{"timestamp":"2025-07-29T19:59:46.493277Z","level":"info","event":" 'prev_data_interval_end_success': <Proxy at 0x7fb66fc300b0 with factory <function RuntimeTaskInstance.get_template_context.<locals>.<lambda> at 0x7fb66fc265c0>>,","chan":"stdout","logger":"task"}
{"timestamp":"2025-07-29T19:59:46.493546Z","level":"info","event":" 'prev_data_interval_start_success': <Proxy at 0x7fb66fc30110 with factory <function RuntimeTaskInstance.get_template_context.<locals>.<lambda> at 0x7fb66fc24e00>>,","chan":"stdout","logger":"task"}
{"timestamp":"2025-07-29T19:59:46.493654Z","level":"info","event":" 'prev_end_date_success': <Proxy at 0x7fb66fdffc50 with factory <function RuntimeTaskInstance.get_template_context.<locals>.<lambda> at 0x7fb66fc26660>>,","chan":"stdout","logger":"task"}
{"timestamp":"2025-07-29T19:59:46.493737Z","level":"info","event":" 'prev_start_date_success': <Proxy at 0x7fb66fdffaa0 with factory <function RuntimeTaskInstance.get_template_context.<locals>.<lambda> at 0x7fb66fc253a0>>,","chan":"stdout","logger":"task"}
{"timestamp":"2025-07-29T19:59:46.493816Z","level":"info","event":" 'run_id': 'scheduled__2023-08-22T20:00:00+00:00',","chan":"stdout","logger":"task"}
{"timestamp":"2025-07-29T19:59:46.493893Z","level":"info","event":" 'task': <Task(PythonOperator): python_principal>,","chan":"stdout","logger":"task"}
{"timestamp":"2025-07-29T19:59:46.493976Z","level":"info","event":" 'task_instance': RuntimeTaskInstance(id=UUID('019857c4-ffa2-7c9d-908a-a11f5666dc35'), task_id='python_principal', dag_id='3_DAG_principal', run_id='scheduled__2023-08-22T20:00:00+00:00', try_number=1, map_index=-1, hostname='bf6f1e7a6f11', context_carrier={}, task=<Task(PythonOperator): python_principal>, bundle_instance=LocalDagBundle(name=dags-folder), max_tries=0, start_date=datetime.datetime(2025, 7, 29, 19, 59, 46, 4374, tzinfo=datetime.timezone.utc), end_date=None, state=<TaskInstanceState.RUNNING: 'running'>, is_mapped=False, rendered_map_index=None, log_url='http://localhost:8080/dags/3_DAG_principal/runs/scheduled__2023-08-22T20%3A00%3A00%2B00%3A00/tasks/python_principal?try_number=1'),","chan":"stdout","logger":"task"}
{"timestamp":"2025-07-29T19:59:46.494057Z","level":"info","event":" 'task_instance_key_str': '3_DAG_principal__python_principal__20230822',","chan":"stdout","logger":"task"}
{"timestamp":"2025-07-29T19:59:46.494134Z","level":"info","event":" 'task_reschedule_count': 0,","chan":"stdout","logger":"task"}
{"timestamp":"2025-07-29T19:59:46.494211Z","level":"info","event":" 'templates_dict': None,","chan":"stdout","logger":"task"}
{"timestamp":"2025-07-29T19:59:46.494287Z","level":"info","event":" 'ti': RuntimeTaskInstance(id=UUID('019857c4-ffa2-7c9d-908a-a11f5666dc35'), task_id='python_principal', dag_id='3_DAG_principal', run_id='scheduled__2023-08-22T20:00:00+00:00', try_number=1, map_index=-1, hostname='bf6f1e7a6f11', context_carrier={}, task=<Task(PythonOperator): python_principal>, bundle_instance=LocalDagBundle(name=dags-folder), max_tries=0, start_date=datetime.datetime(2025, 7, 29, 19, 59, 46, 4374, tzinfo=datetime.timezone.utc), end_date=None, state=<TaskInstanceState.RUNNING: 'running'>, is_mapped=False, rendered_map_index=None, log_url='http://localhost:8080/dags/3_DAG_principal/runs/scheduled__2023-08-22T20%3A00%3A00%2B00%3A00/tasks/python_principal?try_number=1'),","chan":"stdout","logger":"task"}
{"timestamp":"2025-07-29T19:59:46.494407Z","level":"info","event":" 'triggering_asset_events': TriggeringAssetEventsAccessor(_events=defaultdict(<class 'list'>, {})),","chan":"stdout","logger":"task"}
{"timestamp":"2025-07-29T19:59:46.494491Z","level":"info","event":" 'ts': '2023-08-22T20:00:00+00:00',","chan":"stdout","logger":"task"}
{"timestamp":"2025-07-29T19:59:46.494607Z","level":"info","event":" 'ts_nodash': '20230822T200000',","chan":"stdout","logger":"task"}
{"timestamp":"2025-07-29T19:59:46.494684Z","level":"info","event":" 'ts_nodash_with_tz': '20230822T200000+0000',","chan":"stdout","logger":"task"}
{"timestamp":"2025-07-29T19:59:46.494763Z","level":"info","event":" 'var': {'json': <VariableAccessor (dynamic access)>,","chan":"stdout","logger":"task"}
{"timestamp":"2025-07-29T19:59:46.494861Z","level":"info","event":"         'value': <VariableAccessor (dynamic access)>}}","chan":"stdout","logger":"task"}
{"timestamp":"2025-07-29T19:59:46.493759","level":"info","event":"Done. Returned value was: principal","logger":"airflow.task.operators.airflow.providers.standard.operators.python.PythonOperator"}
{"timestamp":"2025-07-29T19:59:46.493984","level":"info","event":"Pushing xcom","ti":"RuntimeTaskInstance(id=UUID('019857c4-ffa2-7c9d-908a-a11f5666dc35'), task_id='python_principal', dag_id='3_DAG_principal', run_id='scheduled__2023-08-22T20:00:00+00:00', try_number=1, map_index=-1, hostname='bf6f1e7a6f11', context_carrier={}, task=<Task(PythonOperator): python_principal>, bundle_instance=LocalDagBundle(name=dags-folder), max_tries=0, start_date=datetime.datetime(2025, 7, 29, 19, 59, 46, 4374, tzinfo=datetime.timezone.utc), end_date=None, state=<TaskInstanceState.RUNNING: 'running'>, is_mapped=False, rendered_map_index=None, log_url='http://localhost:8080/dags/3_DAG_principal/runs/scheduled__2023-08-22T20%3A00%3A00%2B00%3A00/tasks/python_principal?try_number=1')","logger":"task"}
{"timestamp":"2025-07-29T19:59:46.527173Z","level":"info","event":"Task instance in success state","chan":"stdout","logger":"task"}
{"timestamp":"2025-07-29T19:59:46.527342Z","level":"info","event":" Previous state of the Task instance: TaskInstanceState.RUNNING","chan":"stdout","logger":"task"}
{"timestamp":"2025-07-29T19:59:46.527461Z","level":"info","event":"Task operator:<Task(PythonOperator): python_principal>","chan":"stdout","logger":"task"}
