{"timestamp":"2025-07-29T19:30:06.132720","level":"info","event":"DAG bundles loaded: dags-folder, example_dags","logger":"airflow.dag_processing.bundles.manager.DagBundlesManager"}
{"timestamp":"2025-07-29T19:30:06.133239","level":"info","event":"Filling up the DagBag from /opt/airflow/dags/python_operator_v1.py","logger":"airflow.models.dagbag.DagBag"}
{"timestamp":"2025-07-29T19:30:06.158180Z","level":"info","event":"Task instance is in running state","chan":"stdout","logger":"task"}
{"timestamp":"2025-07-29T19:30:06.158309Z","level":"info","event":" Previous state of the Task instance: TaskInstanceState.QUEUED","chan":"stdout","logger":"task"}
{"timestamp":"2025-07-29T19:30:06.158682Z","level":"info","event":"Current task name:python","chan":"stdout","logger":"task"}
{"timestamp":"2025-07-29T19:30:06.158774Z","level":"info","event":"Dag name:python_operator_v1","chan":"stdout","logger":"task"}
{"timestamp":"2025-07-29T19:30:06.159701Z","level":"info","event":"poliana","chan":"stdout","logger":"task"}
{"timestamp":"2025-07-29T19:30:06.160234Z","level":"info","event":"{'conn': <ConnectionAccessor (dynamic access)>,","chan":"stdout","logger":"task"}
{"timestamp":"2025-07-29T19:30:06.160329Z","level":"info","event":" 'dag': <DAG: python_operator_v1>,","chan":"stdout","logger":"task"}
{"timestamp":"2025-07-29T19:30:06.160445Z","level":"info","event":" 'dag_run': DagRun(dag_id='python_operator_v1', run_id='scheduled__2023-06-23T06:09:00+00:00', logical_date=datetime.datetime(2023, 6, 23, 6, 9, tzinfo=datetime.timezone.utc), data_interval_start=datetime.datetime(2023, 6, 23, 6, 9, tzinfo=datetime.timezone.utc), data_interval_end=datetime.datetime(2023, 6, 23, 6, 9, tzinfo=datetime.timezone.utc), run_after=datetime.datetime(2023, 6, 23, 6, 9, tzinfo=datetime.timezone.utc), start_date=datetime.datetime(2025, 7, 29, 19, 30, 5, 512395, tzinfo=datetime.timezone.utc), end_date=None, clear_number=0, run_type=<DagRunType.SCHEDULED: 'scheduled'>, conf={}, consumed_asset_events=[]),","chan":"stdout","logger":"task"}
{"timestamp":"2025-07-29T19:30:06.160505Z","level":"info","event":" 'data_interval_end': DateTime(2023, 6, 23, 6, 9, 0, tzinfo=Timezone('UTC')),","chan":"stdout","logger":"task"}
{"timestamp":"2025-07-29T19:30:06.160556Z","level":"info","event":" 'data_interval_start': DateTime(2023, 6, 23, 6, 9, 0, tzinfo=Timezone('UTC')),","chan":"stdout","logger":"task"}
{"timestamp":"2025-07-29T19:30:06.160604Z","level":"info","event":" 'ds': '2023-06-23',","chan":"stdout","logger":"task"}
{"timestamp":"2025-07-29T19:30:06.160653Z","level":"info","event":" 'ds_nodash': '20230623',","chan":"stdout","logger":"task"}
{"timestamp":"2025-07-29T19:30:06.160705Z","level":"info","event":" 'inlet_events': InletEventsAccessors(_inlets=[], _assets={}, _asset_aliases={}),","chan":"stdout","logger":"task"}
{"timestamp":"2025-07-29T19:30:06.160785Z","level":"info","event":" 'inlets': [],","chan":"stdout","logger":"task"}
{"timestamp":"2025-07-29T19:30:06.160834Z","level":"info","event":" 'logical_date': DateTime(2023, 6, 23, 6, 9, 0, tzinfo=Timezone('UTC')),","chan":"stdout","logger":"task"}
{"timestamp":"2025-07-29T19:30:06.160892Z","level":"info","event":" 'macros': <MacrosAccessor (dynamic access to macros)>,","chan":"stdout","logger":"task"}
{"timestamp":"2025-07-29T19:30:06.160943Z","level":"info","event":" 'map_index_template': None,","chan":"stdout","logger":"task"}
{"timestamp":"2025-07-29T19:30:06.160985Z","level":"info","event":" 'outlet_events': <airflow.sdk.execution_time.context.OutletEventAccessors object at 0x7fb677ed6a80>,","chan":"stdout","logger":"task"}
{"timestamp":"2025-07-29T19:30:06.161027Z","level":"info","event":" 'outlets': [],","chan":"stdout","logger":"task"}
{"timestamp":"2025-07-29T19:30:06.161068Z","level":"info","event":" 'params': {},","chan":"stdout","logger":"task"}
{"timestamp":"2025-07-29T19:30:06.168806Z","level":"info","event":" 'prev_data_interval_end_success': <Proxy at 0x7fb66fc6eab0 with factory <function RuntimeTaskInstance.get_template_context.<locals>.<lambda> at 0x7fb66fc7a7a0>>,","chan":"stdout","logger":"task"}
{"timestamp":"2025-07-29T19:30:06.168943Z","level":"info","event":" 'prev_data_interval_start_success': <Proxy at 0x7fb66fc6ea80 with factory <function RuntimeTaskInstance.get_template_context.<locals>.<lambda> at 0x7fb66fc7bec0>>,","chan":"stdout","logger":"task"}
{"timestamp":"2025-07-29T19:30:06.169053Z","level":"info","event":" 'prev_end_date_success': <Proxy at 0x7fb6785efe30 with factory <function RuntimeTaskInstance.get_template_context.<locals>.<lambda> at 0x7fb66fc7bf60>>,","chan":"stdout","logger":"task"}
{"timestamp":"2025-07-29T19:30:06.169106Z","level":"info","event":" 'prev_start_date_success': <Proxy at 0x7fb66fc6ca10 with factory <function RuntimeTaskInstance.get_template_context.<locals>.<lambda> at 0x7fb66fc7aca0>>,","chan":"stdout","logger":"task"}
{"timestamp":"2025-07-29T19:30:06.169151Z","level":"info","event":" 'run_id': 'scheduled__2023-06-23T06:09:00+00:00',","chan":"stdout","logger":"task"}
{"timestamp":"2025-07-29T19:30:06.169194Z","level":"info","event":" 'task': <Task(PythonOperator): python>,","chan":"stdout","logger":"task"}
{"timestamp":"2025-07-29T19:30:06.169239Z","level":"info","event":" 'task_instance': RuntimeTaskInstance(id=UUID('019857a9-d836-77ea-b9b9-f86155c45b1e'), task_id='python', dag_id='python_operator_v1', run_id='scheduled__2023-06-23T06:09:00+00:00', try_number=1, map_index=-1, hostname='bf6f1e7a6f11', context_carrier={}, task=<Task(PythonOperator): python>, bundle_instance=LocalDagBundle(name=dags-folder), max_tries=0, start_date=datetime.datetime(2025, 7, 29, 19, 30, 5, 683338, tzinfo=datetime.timezone.utc), end_date=None, state=<TaskInstanceState.RUNNING: 'running'>, is_mapped=False, rendered_map_index=None, log_url='http://localhost:8080/dags/python_operator_v1/runs/scheduled__2023-06-23T06%3A09%3A00%2B00%3A00/tasks/python?try_number=1'),","chan":"stdout","logger":"task"}
{"timestamp":"2025-07-29T19:30:06.169284Z","level":"info","event":" 'task_instance_key_str': 'python_operator_v1__python__20230623',","chan":"stdout","logger":"task"}
{"timestamp":"2025-07-29T19:30:06.169326Z","level":"info","event":" 'task_reschedule_count': 0,","chan":"stdout","logger":"task"}
{"timestamp":"2025-07-29T19:30:06.169367Z","level":"info","event":" 'templates_dict': None,","chan":"stdout","logger":"task"}
{"timestamp":"2025-07-29T19:30:06.169408Z","level":"info","event":" 'ti': RuntimeTaskInstance(id=UUID('019857a9-d836-77ea-b9b9-f86155c45b1e'), task_id='python', dag_id='python_operator_v1', run_id='scheduled__2023-06-23T06:09:00+00:00', try_number=1, map_index=-1, hostname='bf6f1e7a6f11', context_carrier={}, task=<Task(PythonOperator): python>, bundle_instance=LocalDagBundle(name=dags-folder), max_tries=0, start_date=datetime.datetime(2025, 7, 29, 19, 30, 5, 683338, tzinfo=datetime.timezone.utc), end_date=None, state=<TaskInstanceState.RUNNING: 'running'>, is_mapped=False, rendered_map_index=None, log_url='http://localhost:8080/dags/python_operator_v1/runs/scheduled__2023-06-23T06%3A09%3A00%2B00%3A00/tasks/python?try_number=1'),","chan":"stdout","logger":"task"}
{"timestamp":"2025-07-29T19:30:06.169449Z","level":"info","event":" 'triggering_asset_events': TriggeringAssetEventsAccessor(_events=defaultdict(<class 'list'>, {})),","chan":"stdout","logger":"task"}
{"timestamp":"2025-07-29T19:30:06.169489Z","level":"info","event":" 'ts': '2023-06-23T06:09:00+00:00',","chan":"stdout","logger":"task"}
{"timestamp":"2025-07-29T19:30:06.169529Z","level":"info","event":" 'ts_nodash': '20230623T060900',","chan":"stdout","logger":"task"}
{"timestamp":"2025-07-29T19:30:06.169569Z","level":"info","event":" 'ts_nodash_with_tz': '20230623T060900+0000',","chan":"stdout","logger":"task"}
{"timestamp":"2025-07-29T19:30:06.169608Z","level":"info","event":" 'var': {'json': <VariableAccessor (dynamic access)>,","chan":"stdout","logger":"task"}
{"timestamp":"2025-07-29T19:30:06.169648Z","level":"info","event":"         'value': <VariableAccessor (dynamic access)>}}","chan":"stdout","logger":"task"}
{"timestamp":"2025-07-29T19:30:06.169420","level":"info","event":"Done. Returned value was: 123","logger":"airflow.task.operators.airflow.providers.standard.operators.python.PythonOperator"}
{"timestamp":"2025-07-29T19:30:06.169578","level":"info","event":"Pushing xcom","ti":"RuntimeTaskInstance(id=UUID('019857a9-d836-77ea-b9b9-f86155c45b1e'), task_id='python', dag_id='python_operator_v1', run_id='scheduled__2023-06-23T06:09:00+00:00', try_number=1, map_index=-1, hostname='bf6f1e7a6f11', context_carrier={}, task=<Task(PythonOperator): python>, bundle_instance=LocalDagBundle(name=dags-folder), max_tries=0, start_date=datetime.datetime(2025, 7, 29, 19, 30, 5, 683338, tzinfo=datetime.timezone.utc), end_date=None, state=<TaskInstanceState.RUNNING: 'running'>, is_mapped=False, rendered_map_index=None, log_url='http://localhost:8080/dags/python_operator_v1/runs/scheduled__2023-06-23T06%3A09%3A00%2B00%3A00/tasks/python?try_number=1')","logger":"task"}
{"timestamp":"2025-07-29T19:30:06.190826Z","level":"info","event":"Task instance in success state","chan":"stdout","logger":"task"}
{"timestamp":"2025-07-29T19:30:06.190952Z","level":"info","event":" Previous state of the Task instance: TaskInstanceState.RUNNING","chan":"stdout","logger":"task"}
{"timestamp":"2025-07-29T19:30:06.191044Z","level":"info","event":"Task operator:<Task(PythonOperator): python>","chan":"stdout","logger":"task"}
