{"timestamp":"2025-07-29T19:21:19.818670","level":"info","event":"DAG bundles loaded: dags-folder, example_dags","logger":"airflow.dag_processing.bundles.manager.DagBundlesManager"}
{"timestamp":"2025-07-29T19:21:19.819382","level":"info","event":"Filling up the DagBag from /opt/airflow/dags/python_operator_v1.py","logger":"airflow.models.dagbag.DagBag"}
{"timestamp":"2025-07-29T19:21:19.841455Z","level":"info","event":"Task instance is in running state","chan":"stdout","logger":"task"}
{"timestamp":"2025-07-29T19:21:19.841587Z","level":"info","event":" Previous state of the Task instance: TaskInstanceState.QUEUED","chan":"stdout","logger":"task"}
{"timestamp":"2025-07-29T19:21:19.841676Z","level":"info","event":"Current task name:python","chan":"stdout","logger":"task"}
{"timestamp":"2025-07-29T19:21:19.841731Z","level":"info","event":"Dag name:python_operator_v1","chan":"stdout","logger":"task"}
{"timestamp":"2025-07-29T19:21:19.843450Z","level":"info","event":"poliana","chan":"stdout","logger":"task"}
{"timestamp":"2025-07-29T19:21:19.844083Z","level":"info","event":"{'conn': <ConnectionAccessor (dynamic access)>,","chan":"stdout","logger":"task"}
{"timestamp":"2025-07-29T19:21:19.844221Z","level":"info","event":" 'dag': <DAG: python_operator_v1>,","chan":"stdout","logger":"task"}
{"timestamp":"2025-07-29T19:21:19.844327Z","level":"info","event":" 'dag_run': DagRun(dag_id='python_operator_v1', run_id='scheduled__2023-06-22T20:54:00+00:00', logical_date=datetime.datetime(2023, 6, 22, 20, 54, tzinfo=datetime.timezone.utc), data_interval_start=datetime.datetime(2023, 6, 22, 20, 54, tzinfo=datetime.timezone.utc), data_interval_end=datetime.datetime(2023, 6, 22, 20, 54, tzinfo=datetime.timezone.utc), run_after=datetime.datetime(2023, 6, 22, 20, 54, tzinfo=datetime.timezone.utc), start_date=datetime.datetime(2025, 7, 29, 19, 21, 18, 940312, tzinfo=datetime.timezone.utc), end_date=None, clear_number=0, run_type=<DagRunType.SCHEDULED: 'scheduled'>, conf={}, consumed_asset_events=[]),","chan":"stdout","logger":"task"}
{"timestamp":"2025-07-29T19:21:19.844406Z","level":"info","event":" 'data_interval_end': DateTime(2023, 6, 22, 20, 54, 0, tzinfo=Timezone('UTC')),","chan":"stdout","logger":"task"}
{"timestamp":"2025-07-29T19:21:19.844461Z","level":"info","event":" 'data_interval_start': DateTime(2023, 6, 22, 20, 54, 0, tzinfo=Timezone('UTC')),","chan":"stdout","logger":"task"}
{"timestamp":"2025-07-29T19:21:19.844505Z","level":"info","event":" 'ds': '2023-06-22',","chan":"stdout","logger":"task"}
{"timestamp":"2025-07-29T19:21:19.844549Z","level":"info","event":" 'ds_nodash': '20230622',","chan":"stdout","logger":"task"}
{"timestamp":"2025-07-29T19:21:19.844591Z","level":"info","event":" 'inlet_events': InletEventsAccessors(_inlets=[], _assets={}, _asset_aliases={}),","chan":"stdout","logger":"task"}
{"timestamp":"2025-07-29T19:21:19.844631Z","level":"info","event":" 'inlets': [],","chan":"stdout","logger":"task"}
{"timestamp":"2025-07-29T19:21:19.844673Z","level":"info","event":" 'logical_date': DateTime(2023, 6, 22, 20, 54, 0, tzinfo=Timezone('UTC')),","chan":"stdout","logger":"task"}
{"timestamp":"2025-07-29T19:21:19.844713Z","level":"info","event":" 'macros': <MacrosAccessor (dynamic access to macros)>,","chan":"stdout","logger":"task"}
{"timestamp":"2025-07-29T19:21:19.844754Z","level":"info","event":" 'map_index_template': None,","chan":"stdout","logger":"task"}
{"timestamp":"2025-07-29T19:21:19.844794Z","level":"info","event":" 'outlet_events': <airflow.sdk.execution_time.context.OutletEventAccessors object at 0x7fb66fdcca10>,","chan":"stdout","logger":"task"}
{"timestamp":"2025-07-29T19:21:19.844834Z","level":"info","event":" 'outlets': [],","chan":"stdout","logger":"task"}
{"timestamp":"2025-07-29T19:21:19.844874Z","level":"info","event":" 'params': {},","chan":"stdout","logger":"task"}
{"timestamp":"2025-07-29T19:21:19.853690Z","level":"info","event":" 'prev_data_interval_end_success': <Proxy at 0x7fb66fc54920 with factory <function RuntimeTaskInstance.get_template_context.<locals>.<lambda> at 0x7fb66fc74c20>>,","chan":"stdout","logger":"task"}
{"timestamp":"2025-07-29T19:21:19.853874Z","level":"info","event":" 'prev_data_interval_start_success': <Proxy at 0x7fb66fc549b0 with factory <function RuntimeTaskInstance.get_template_context.<locals>.<lambda> at 0x7fb66fc63a60>>,","chan":"stdout","logger":"task"}
{"timestamp":"2025-07-29T19:21:19.853940Z","level":"info","event":" 'prev_end_date_success': <Proxy at 0x7fb66fc54ce0 with factory <function RuntimeTaskInstance.get_template_context.<locals>.<lambda> at 0x7fb66fc63420>>,","chan":"stdout","logger":"task"}
{"timestamp":"2025-07-29T19:21:19.853991Z","level":"info","event":" 'prev_start_date_success': <Proxy at 0x7fb66fc54d70 with factory <function RuntimeTaskInstance.get_template_context.<locals>.<lambda> at 0x7fb66fc63920>>,","chan":"stdout","logger":"task"}
{"timestamp":"2025-07-29T19:21:19.854037Z","level":"info","event":" 'run_id': 'scheduled__2023-06-22T20:54:00+00:00',","chan":"stdout","logger":"task"}
{"timestamp":"2025-07-29T19:21:19.854079Z","level":"info","event":" 'task': <Task(PythonOperator): python>,","chan":"stdout","logger":"task"}
{"timestamp":"2025-07-29T19:21:19.854124Z","level":"info","event":" 'task_instance': RuntimeTaskInstance(id=UUID('019857a1-cf54-72f2-b960-45a2c2993d59'), task_id='python', dag_id='python_operator_v1', run_id='scheduled__2023-06-22T20:54:00+00:00', try_number=1, map_index=-1, hostname='bf6f1e7a6f11', context_carrier={}, task=<Task(PythonOperator): python>, bundle_instance=LocalDagBundle(name=dags-folder), max_tries=0, start_date=datetime.datetime(2025, 7, 29, 19, 21, 19, 287449, tzinfo=datetime.timezone.utc), end_date=None, state=<TaskInstanceState.RUNNING: 'running'>, is_mapped=False, rendered_map_index=None, log_url='http://localhost:8080/dags/python_operator_v1/runs/scheduled__2023-06-22T20%3A54%3A00%2B00%3A00/tasks/python?try_number=1'),","chan":"stdout","logger":"task"}
{"timestamp":"2025-07-29T19:21:19.854169Z","level":"info","event":" 'task_instance_key_str': 'python_operator_v1__python__20230622',","chan":"stdout","logger":"task"}
{"timestamp":"2025-07-29T19:21:19.854212Z","level":"info","event":" 'task_reschedule_count': 0,","chan":"stdout","logger":"task"}
{"timestamp":"2025-07-29T19:21:19.854253Z","level":"info","event":" 'templates_dict': None,","chan":"stdout","logger":"task"}
{"timestamp":"2025-07-29T19:21:19.854294Z","level":"info","event":" 'ti': RuntimeTaskInstance(id=UUID('019857a1-cf54-72f2-b960-45a2c2993d59'), task_id='python', dag_id='python_operator_v1', run_id='scheduled__2023-06-22T20:54:00+00:00', try_number=1, map_index=-1, hostname='bf6f1e7a6f11', context_carrier={}, task=<Task(PythonOperator): python>, bundle_instance=LocalDagBundle(name=dags-folder), max_tries=0, start_date=datetime.datetime(2025, 7, 29, 19, 21, 19, 287449, tzinfo=datetime.timezone.utc), end_date=None, state=<TaskInstanceState.RUNNING: 'running'>, is_mapped=False, rendered_map_index=None, log_url='http://localhost:8080/dags/python_operator_v1/runs/scheduled__2023-06-22T20%3A54%3A00%2B00%3A00/tasks/python?try_number=1'),","chan":"stdout","logger":"task"}
{"timestamp":"2025-07-29T19:21:19.854363Z","level":"info","event":" 'triggering_asset_events': TriggeringAssetEventsAccessor(_events=defaultdict(<class 'list'>, {})),","chan":"stdout","logger":"task"}
{"timestamp":"2025-07-29T19:21:19.854411Z","level":"info","event":" 'ts': '2023-06-22T20:54:00+00:00',","chan":"stdout","logger":"task"}
{"timestamp":"2025-07-29T19:21:19.854454Z","level":"info","event":" 'ts_nodash': '20230622T205400',","chan":"stdout","logger":"task"}
{"timestamp":"2025-07-29T19:21:19.854495Z","level":"info","event":" 'ts_nodash_with_tz': '20230622T205400+0000',","chan":"stdout","logger":"task"}
{"timestamp":"2025-07-29T19:21:19.854536Z","level":"info","event":" 'var': {'json': <VariableAccessor (dynamic access)>,","chan":"stdout","logger":"task"}
{"timestamp":"2025-07-29T19:21:19.854577Z","level":"info","event":"         'value': <VariableAccessor (dynamic access)>}}","chan":"stdout","logger":"task"}
{"timestamp":"2025-07-29T19:21:19.854340","level":"info","event":"Done. Returned value was: 123","logger":"airflow.task.operators.airflow.providers.standard.operators.python.PythonOperator"}
{"timestamp":"2025-07-29T19:21:19.854503","level":"info","event":"Pushing xcom","ti":"RuntimeTaskInstance(id=UUID('019857a1-cf54-72f2-b960-45a2c2993d59'), task_id='python', dag_id='python_operator_v1', run_id='scheduled__2023-06-22T20:54:00+00:00', try_number=1, map_index=-1, hostname='bf6f1e7a6f11', context_carrier={}, task=<Task(PythonOperator): python>, bundle_instance=LocalDagBundle(name=dags-folder), max_tries=0, start_date=datetime.datetime(2025, 7, 29, 19, 21, 19, 287449, tzinfo=datetime.timezone.utc), end_date=None, state=<TaskInstanceState.RUNNING: 'running'>, is_mapped=False, rendered_map_index=None, log_url='http://localhost:8080/dags/python_operator_v1/runs/scheduled__2023-06-22T20%3A54%3A00%2B00%3A00/tasks/python?try_number=1')","logger":"task"}
{"timestamp":"2025-07-29T19:21:19.876759Z","level":"info","event":"Task instance in success state","chan":"stdout","logger":"task"}
{"timestamp":"2025-07-29T19:21:19.876950Z","level":"info","event":" Previous state of the Task instance: TaskInstanceState.RUNNING","chan":"stdout","logger":"task"}
{"timestamp":"2025-07-29T19:21:19.877232Z","level":"info","event":"Task operator:<Task(PythonOperator): python>","chan":"stdout","logger":"task"}
