{"timestamp":"2025-07-29T19:50:46.283597","level":"info","event":"DAG bundles loaded: dags-folder, example_dags","logger":"airflow.dag_processing.bundles.manager.DagBundlesManager"}
{"timestamp":"2025-07-29T19:50:46.284329","level":"info","event":"Filling up the DagBag from /opt/airflow/dags/2_python_operator_v1.py","logger":"airflow.models.dagbag.DagBag"}
{"timestamp":"2025-07-29T19:50:46.347499Z","level":"info","event":"Task instance is in running state","chan":"stdout","logger":"task"}
{"timestamp":"2025-07-29T19:50:46.347781Z","level":"info","event":" Previous state of the Task instance: TaskInstanceState.QUEUED","chan":"stdout","logger":"task"}
{"timestamp":"2025-07-29T19:50:46.351428Z","level":"info","event":"Current task name:python","chan":"stdout","logger":"task"}
{"timestamp":"2025-07-29T19:50:46.351664Z","level":"info","event":"Dag name:python_operator_v1","chan":"stdout","logger":"task"}
{"timestamp":"2025-07-29T19:50:46.351858Z","level":"info","event":"poliana","chan":"stdout","logger":"task"}
{"timestamp":"2025-07-29T19:50:46.353041Z","level":"info","event":"{'conn': <ConnectionAccessor (dynamic access)>,","chan":"stdout","logger":"task"}
{"timestamp":"2025-07-29T19:50:46.353224Z","level":"info","event":" 'dag': <DAG: python_operator_v1>,","chan":"stdout","logger":"task"}
{"timestamp":"2025-07-29T19:50:46.353406Z","level":"info","event":" 'dag_run': DagRun(dag_id='python_operator_v1', run_id='scheduled__2023-06-24T04:50:00+00:00', logical_date=datetime.datetime(2023, 6, 24, 4, 50, tzinfo=datetime.timezone.utc), data_interval_start=datetime.datetime(2023, 6, 24, 4, 50, tzinfo=datetime.timezone.utc), data_interval_end=datetime.datetime(2023, 6, 24, 4, 50, tzinfo=datetime.timezone.utc), run_after=datetime.datetime(2023, 6, 24, 4, 50, tzinfo=datetime.timezone.utc), start_date=datetime.datetime(2025, 7, 29, 19, 50, 45, 63351, tzinfo=datetime.timezone.utc), end_date=None, clear_number=0, run_type=<DagRunType.SCHEDULED: 'scheduled'>, conf={}, consumed_asset_events=[]),","chan":"stdout","logger":"task"}
{"timestamp":"2025-07-29T19:50:46.353504Z","level":"info","event":" 'data_interval_end': DateTime(2023, 6, 24, 4, 50, 0, tzinfo=Timezone('UTC')),","chan":"stdout","logger":"task"}
{"timestamp":"2025-07-29T19:50:46.353583Z","level":"info","event":" 'data_interval_start': DateTime(2023, 6, 24, 4, 50, 0, tzinfo=Timezone('UTC')),","chan":"stdout","logger":"task"}
{"timestamp":"2025-07-29T19:50:46.353658Z","level":"info","event":" 'ds': '2023-06-24',","chan":"stdout","logger":"task"}
{"timestamp":"2025-07-29T19:50:46.353731Z","level":"info","event":" 'ds_nodash': '20230624',","chan":"stdout","logger":"task"}
{"timestamp":"2025-07-29T19:50:46.353804Z","level":"info","event":" 'inlet_events': InletEventsAccessors(_inlets=[], _assets={}, _asset_aliases={}),","chan":"stdout","logger":"task"}
{"timestamp":"2025-07-29T19:50:46.353877Z","level":"info","event":" 'inlets': [],","chan":"stdout","logger":"task"}
{"timestamp":"2025-07-29T19:50:46.353949Z","level":"info","event":" 'logical_date': DateTime(2023, 6, 24, 4, 50, 0, tzinfo=Timezone('UTC')),","chan":"stdout","logger":"task"}
{"timestamp":"2025-07-29T19:50:46.354022Z","level":"info","event":" 'macros': <MacrosAccessor (dynamic access to macros)>,","chan":"stdout","logger":"task"}
{"timestamp":"2025-07-29T19:50:46.354096Z","level":"info","event":" 'map_index_template': None,","chan":"stdout","logger":"task"}
{"timestamp":"2025-07-29T19:50:46.354169Z","level":"info","event":" 'outlet_events': <airflow.sdk.execution_time.context.OutletEventAccessors object at 0x7fb66fd02ab0>,","chan":"stdout","logger":"task"}
{"timestamp":"2025-07-29T19:50:46.354241Z","level":"info","event":" 'outlets': [],","chan":"stdout","logger":"task"}
{"timestamp":"2025-07-29T19:50:46.354313Z","level":"info","event":" 'params': {},","chan":"stdout","logger":"task"}
{"timestamp":"2025-07-29T19:50:46.366427Z","level":"info","event":" 'prev_data_interval_end_success': <Proxy at 0x7fb66fc5a720 with factory <function RuntimeTaskInstance.get_template_context.<locals>.<lambda> at 0x7fb66fc79a80>>,","chan":"stdout","logger":"task"}
{"timestamp":"2025-07-29T19:50:46.366661Z","level":"info","event":" 'prev_data_interval_start_success': <Proxy at 0x7fb66fc5a870 with factory <function RuntimeTaskInstance.get_template_context.<locals>.<lambda> at 0x7fb66fc7b1a0>>,","chan":"stdout","logger":"task"}
{"timestamp":"2025-07-29T19:50:46.366768Z","level":"info","event":" 'prev_end_date_success': <Proxy at 0x7fb66fc5aba0 with factory <function RuntimeTaskInstance.get_template_context.<locals>.<lambda> at 0x7fb66fc7b240>>,","chan":"stdout","logger":"task"}
{"timestamp":"2025-07-29T19:50:46.366841Z","level":"info","event":" 'prev_start_date_success': <Proxy at 0x7fb66fc26990 with factory <function RuntimeTaskInstance.get_template_context.<locals>.<lambda> at 0x7fb66fc79f80>>,","chan":"stdout","logger":"task"}
{"timestamp":"2025-07-29T19:50:46.366908Z","level":"info","event":" 'run_id': 'scheduled__2023-06-24T04:50:00+00:00',","chan":"stdout","logger":"task"}
{"timestamp":"2025-07-29T19:50:46.366973Z","level":"info","event":" 'task': <Task(PythonOperator): python>,","chan":"stdout","logger":"task"}
{"timestamp":"2025-07-29T19:50:46.367041Z","level":"info","event":" 'task_instance': RuntimeTaskInstance(id=UUID('019857bc-c23e-7de4-a2ee-b54d28f3b586'), task_id='python', dag_id='python_operator_v1', run_id='scheduled__2023-06-24T04:50:00+00:00', try_number=1, map_index=-1, hostname='bf6f1e7a6f11', context_carrier={}, task=<Task(PythonOperator): python>, bundle_instance=LocalDagBundle(name=dags-folder), max_tries=0, start_date=datetime.datetime(2025, 7, 29, 19, 50, 45, 495464, tzinfo=datetime.timezone.utc), end_date=None, state=<TaskInstanceState.RUNNING: 'running'>, is_mapped=False, rendered_map_index=None, log_url='http://localhost:8080/dags/python_operator_v1/runs/scheduled__2023-06-24T04%3A50%3A00%2B00%3A00/tasks/python?try_number=1'),","chan":"stdout","logger":"task"}
{"timestamp":"2025-07-29T19:50:46.367109Z","level":"info","event":" 'task_instance_key_str': 'python_operator_v1__python__20230624',","chan":"stdout","logger":"task"}
{"timestamp":"2025-07-29T19:50:46.367172Z","level":"info","event":" 'task_reschedule_count': 0,","chan":"stdout","logger":"task"}
{"timestamp":"2025-07-29T19:50:46.367236Z","level":"info","event":" 'templates_dict': None,","chan":"stdout","logger":"task"}
{"timestamp":"2025-07-29T19:50:46.367298Z","level":"info","event":" 'ti': RuntimeTaskInstance(id=UUID('019857bc-c23e-7de4-a2ee-b54d28f3b586'), task_id='python', dag_id='python_operator_v1', run_id='scheduled__2023-06-24T04:50:00+00:00', try_number=1, map_index=-1, hostname='bf6f1e7a6f11', context_carrier={}, task=<Task(PythonOperator): python>, bundle_instance=LocalDagBundle(name=dags-folder), max_tries=0, start_date=datetime.datetime(2025, 7, 29, 19, 50, 45, 495464, tzinfo=datetime.timezone.utc), end_date=None, state=<TaskInstanceState.RUNNING: 'running'>, is_mapped=False, rendered_map_index=None, log_url='http://localhost:8080/dags/python_operator_v1/runs/scheduled__2023-06-24T04%3A50%3A00%2B00%3A00/tasks/python?try_number=1'),","chan":"stdout","logger":"task"}
{"timestamp":"2025-07-29T19:50:46.367362Z","level":"info","event":" 'triggering_asset_events': TriggeringAssetEventsAccessor(_events=defaultdict(<class 'list'>, {})),","chan":"stdout","logger":"task"}
{"timestamp":"2025-07-29T19:50:46.367468Z","level":"info","event":" 'ts': '2023-06-24T04:50:00+00:00',","chan":"stdout","logger":"task"}
{"timestamp":"2025-07-29T19:50:46.367545Z","level":"info","event":" 'ts_nodash': '20230624T045000',","chan":"stdout","logger":"task"}
{"timestamp":"2025-07-29T19:50:46.367614Z","level":"info","event":" 'ts_nodash_with_tz': '20230624T045000+0000',","chan":"stdout","logger":"task"}
{"timestamp":"2025-07-29T19:50:46.367676Z","level":"info","event":" 'var': {'json': <VariableAccessor (dynamic access)>,","chan":"stdout","logger":"task"}
{"timestamp":"2025-07-29T19:50:46.367739Z","level":"info","event":"         'value': <VariableAccessor (dynamic access)>}}","chan":"stdout","logger":"task"}
{"timestamp":"2025-07-29T19:50:46.367199","level":"info","event":"Done. Returned value was: 123","logger":"airflow.task.operators.airflow.providers.standard.operators.python.PythonOperator"}
{"timestamp":"2025-07-29T19:50:46.367379","level":"info","event":"Pushing xcom","ti":"RuntimeTaskInstance(id=UUID('019857bc-c23e-7de4-a2ee-b54d28f3b586'), task_id='python', dag_id='python_operator_v1', run_id='scheduled__2023-06-24T04:50:00+00:00', try_number=1, map_index=-1, hostname='bf6f1e7a6f11', context_carrier={}, task=<Task(PythonOperator): python>, bundle_instance=LocalDagBundle(name=dags-folder), max_tries=0, start_date=datetime.datetime(2025, 7, 29, 19, 50, 45, 495464, tzinfo=datetime.timezone.utc), end_date=None, state=<TaskInstanceState.RUNNING: 'running'>, is_mapped=False, rendered_map_index=None, log_url='http://localhost:8080/dags/python_operator_v1/runs/scheduled__2023-06-24T04%3A50%3A00%2B00%3A00/tasks/python?try_number=1')","logger":"task"}
{"timestamp":"2025-07-29T19:50:46.396413Z","level":"info","event":"Task instance in success state","chan":"stdout","logger":"task"}
{"timestamp":"2025-07-29T19:50:46.396555Z","level":"info","event":" Previous state of the Task instance: TaskInstanceState.RUNNING","chan":"stdout","logger":"task"}
{"timestamp":"2025-07-29T19:50:46.396742Z","level":"info","event":"Task operator:<Task(PythonOperator): python>","chan":"stdout","logger":"task"}
