{"timestamp":"2025-07-29T20:08:16.295238","level":"info","event":"DAG bundles loaded: dags-folder, example_dags","logger":"airflow.dag_processing.bundles.manager.DagBundlesManager"}
{"timestamp":"2025-07-29T20:08:16.296227","level":"info","event":"Filling up the DagBag from /opt/airflow/dags/2_python_operator_v1.py","logger":"airflow.models.dagbag.DagBag"}
{"timestamp":"2025-07-29T20:08:16.344125Z","level":"info","event":"Task instance is in running state","chan":"stdout","logger":"task"}
{"timestamp":"2025-07-29T20:08:16.344377Z","level":"info","event":" Previous state of the Task instance: TaskInstanceState.QUEUED","chan":"stdout","logger":"task"}
{"timestamp":"2025-07-29T20:08:16.344520Z","level":"info","event":"Current task name:python","chan":"stdout","logger":"task"}
{"timestamp":"2025-07-29T20:08:16.344604Z","level":"info","event":"Dag name:python_operator_v1","chan":"stdout","logger":"task"}
{"timestamp":"2025-07-29T20:08:16.346147Z","level":"info","event":"poliana","chan":"stdout","logger":"task"}
{"timestamp":"2025-07-29T20:08:16.346915Z","level":"info","event":"{'conn': <ConnectionAccessor (dynamic access)>,","chan":"stdout","logger":"task"}
{"timestamp":"2025-07-29T20:08:16.347076Z","level":"info","event":" 'dag': <DAG: python_operator_v1>,","chan":"stdout","logger":"task"}
{"timestamp":"2025-07-29T20:08:16.347253Z","level":"info","event":" 'dag_run': DagRun(dag_id='python_operator_v1', run_id='scheduled__2023-06-24T21:44:00+00:00', logical_date=datetime.datetime(2023, 6, 24, 21, 44, tzinfo=datetime.timezone.utc), data_interval_start=datetime.datetime(2023, 6, 24, 21, 44, tzinfo=datetime.timezone.utc), data_interval_end=datetime.datetime(2023, 6, 24, 21, 44, tzinfo=datetime.timezone.utc), run_after=datetime.datetime(2023, 6, 24, 21, 44, tzinfo=datetime.timezone.utc), start_date=datetime.datetime(2025, 7, 29, 20, 8, 15, 227334, tzinfo=datetime.timezone.utc), end_date=None, clear_number=0, run_type=<DagRunType.SCHEDULED: 'scheduled'>, conf={}, consumed_asset_events=[]),","chan":"stdout","logger":"task"}
{"timestamp":"2025-07-29T20:08:16.347373Z","level":"info","event":" 'data_interval_end': DateTime(2023, 6, 24, 21, 44, 0, tzinfo=Timezone('UTC')),","chan":"stdout","logger":"task"}
{"timestamp":"2025-07-29T20:08:16.347434Z","level":"info","event":" 'data_interval_start': DateTime(2023, 6, 24, 21, 44, 0, tzinfo=Timezone('UTC')),","chan":"stdout","logger":"task"}
{"timestamp":"2025-07-29T20:08:16.347480Z","level":"info","event":" 'ds': '2023-06-24',","chan":"stdout","logger":"task"}
{"timestamp":"2025-07-29T20:08:16.347524Z","level":"info","event":" 'ds_nodash': '20230624',","chan":"stdout","logger":"task"}
{"timestamp":"2025-07-29T20:08:16.347566Z","level":"info","event":" 'inlet_events': InletEventsAccessors(_inlets=[], _assets={}, _asset_aliases={}),","chan":"stdout","logger":"task"}
{"timestamp":"2025-07-29T20:08:16.347608Z","level":"info","event":" 'inlets': [],","chan":"stdout","logger":"task"}
{"timestamp":"2025-07-29T20:08:16.347649Z","level":"info","event":" 'logical_date': DateTime(2023, 6, 24, 21, 44, 0, tzinfo=Timezone('UTC')),","chan":"stdout","logger":"task"}
{"timestamp":"2025-07-29T20:08:16.347690Z","level":"info","event":" 'macros': <MacrosAccessor (dynamic access to macros)>,","chan":"stdout","logger":"task"}
{"timestamp":"2025-07-29T20:08:16.347745Z","level":"info","event":" 'map_index_template': None,","chan":"stdout","logger":"task"}
{"timestamp":"2025-07-29T20:08:16.347794Z","level":"info","event":" 'outlet_events': <airflow.sdk.execution_time.context.OutletEventAccessors object at 0x7fb66fd1ca70>,","chan":"stdout","logger":"task"}
{"timestamp":"2025-07-29T20:08:16.347843Z","level":"info","event":" 'outlets': [],","chan":"stdout","logger":"task"}
{"timestamp":"2025-07-29T20:08:16.347910Z","level":"info","event":" 'params': {},","chan":"stdout","logger":"task"}
{"timestamp":"2025-07-29T20:08:16.362840Z","level":"info","event":" 'prev_data_interval_end_success': <Proxy at 0x7fb66fc6c590 with factory <function RuntimeTaskInstance.get_template_context.<locals>.<lambda> at 0x7fb66fc6a5c0>>,","chan":"stdout","logger":"task"}
{"timestamp":"2025-07-29T20:08:16.363070Z","level":"info","event":" 'prev_data_interval_start_success': <Proxy at 0x7fb66fc6c5f0 with factory <function RuntimeTaskInstance.get_template_context.<locals>.<lambda> at 0x7fb66fc6bce0>>,","chan":"stdout","logger":"task"}
{"timestamp":"2025-07-29T20:08:16.363169Z","level":"info","event":" 'prev_end_date_success': <Proxy at 0x7fb67ea74ef0 with factory <function RuntimeTaskInstance.get_template_context.<locals>.<lambda> at 0x7fb66fc6bd80>>,","chan":"stdout","logger":"task"}
{"timestamp":"2025-07-29T20:08:16.363244Z","level":"info","event":" 'prev_start_date_success': <Proxy at 0x7fb677a76ba0 with factory <function RuntimeTaskInstance.get_template_context.<locals>.<lambda> at 0x7fb66fc6aac0>>,","chan":"stdout","logger":"task"}
{"timestamp":"2025-07-29T20:08:16.363316Z","level":"info","event":" 'run_id': 'scheduled__2023-06-24T21:44:00+00:00',","chan":"stdout","logger":"task"}
{"timestamp":"2025-07-29T20:08:16.363387Z","level":"info","event":" 'task': <Task(PythonOperator): python>,","chan":"stdout","logger":"task"}
{"timestamp":"2025-07-29T20:08:16.363445Z","level":"info","event":" 'task_instance': RuntimeTaskInstance(id=UUID('019857cc-c872-7cf1-b308-98439adbae39'), task_id='python', dag_id='python_operator_v1', run_id='scheduled__2023-06-24T21:44:00+00:00', try_number=1, map_index=-1, hostname='bf6f1e7a6f11', context_carrier={}, task=<Task(PythonOperator): python>, bundle_instance=LocalDagBundle(name=dags-folder), max_tries=0, start_date=datetime.datetime(2025, 7, 29, 20, 8, 15, 676905, tzinfo=datetime.timezone.utc), end_date=None, state=<TaskInstanceState.RUNNING: 'running'>, is_mapped=False, rendered_map_index=None, log_url='http://localhost:8080/dags/python_operator_v1/runs/scheduled__2023-06-24T21%3A44%3A00%2B00%3A00/tasks/python?try_number=1'),","chan":"stdout","logger":"task"}
{"timestamp":"2025-07-29T20:08:16.363539Z","level":"info","event":" 'task_instance_key_str': 'python_operator_v1__python__20230624',","chan":"stdout","logger":"task"}
{"timestamp":"2025-07-29T20:08:16.363608Z","level":"info","event":" 'task_reschedule_count': 0,","chan":"stdout","logger":"task"}
{"timestamp":"2025-07-29T20:08:16.363677Z","level":"info","event":" 'templates_dict': None,","chan":"stdout","logger":"task"}
{"timestamp":"2025-07-29T20:08:16.363897Z","level":"info","event":" 'ti': RuntimeTaskInstance(id=UUID('019857cc-c872-7cf1-b308-98439adbae39'), task_id='python', dag_id='python_operator_v1', run_id='scheduled__2023-06-24T21:44:00+00:00', try_number=1, map_index=-1, hostname='bf6f1e7a6f11', context_carrier={}, task=<Task(PythonOperator): python>, bundle_instance=LocalDagBundle(name=dags-folder), max_tries=0, start_date=datetime.datetime(2025, 7, 29, 20, 8, 15, 676905, tzinfo=datetime.timezone.utc), end_date=None, state=<TaskInstanceState.RUNNING: 'running'>, is_mapped=False, rendered_map_index=None, log_url='http://localhost:8080/dags/python_operator_v1/runs/scheduled__2023-06-24T21%3A44%3A00%2B00%3A00/tasks/python?try_number=1'),","chan":"stdout","logger":"task"}
{"timestamp":"2025-07-29T20:08:16.363997Z","level":"info","event":" 'triggering_asset_events': TriggeringAssetEventsAccessor(_events=defaultdict(<class 'list'>, {})),","chan":"stdout","logger":"task"}
{"timestamp":"2025-07-29T20:08:16.364065Z","level":"info","event":" 'ts': '2023-06-24T21:44:00+00:00',","chan":"stdout","logger":"task"}
{"timestamp":"2025-07-29T20:08:16.364122Z","level":"info","event":" 'ts_nodash': '20230624T214400',","chan":"stdout","logger":"task"}
{"timestamp":"2025-07-29T20:08:16.364176Z","level":"info","event":" 'ts_nodash_with_tz': '20230624T214400+0000',","chan":"stdout","logger":"task"}
{"timestamp":"2025-07-29T20:08:16.364230Z","level":"info","event":" 'var': {'json': <VariableAccessor (dynamic access)>,","chan":"stdout","logger":"task"}
{"timestamp":"2025-07-29T20:08:16.364287Z","level":"info","event":"         'value': <VariableAccessor (dynamic access)>}}","chan":"stdout","logger":"task"}
{"timestamp":"2025-07-29T20:08:16.364093","level":"info","event":"Done. Returned value was: 123","logger":"airflow.task.operators.airflow.providers.standard.operators.python.PythonOperator"}
{"timestamp":"2025-07-29T20:08:16.364443","level":"info","event":"Pushing xcom","ti":"RuntimeTaskInstance(id=UUID('019857cc-c872-7cf1-b308-98439adbae39'), task_id='python', dag_id='python_operator_v1', run_id='scheduled__2023-06-24T21:44:00+00:00', try_number=1, map_index=-1, hostname='bf6f1e7a6f11', context_carrier={}, task=<Task(PythonOperator): python>, bundle_instance=LocalDagBundle(name=dags-folder), max_tries=0, start_date=datetime.datetime(2025, 7, 29, 20, 8, 15, 676905, tzinfo=datetime.timezone.utc), end_date=None, state=<TaskInstanceState.RUNNING: 'running'>, is_mapped=False, rendered_map_index=None, log_url='http://localhost:8080/dags/python_operator_v1/runs/scheduled__2023-06-24T21%3A44%3A00%2B00%3A00/tasks/python?try_number=1')","logger":"task"}
{"timestamp":"2025-07-29T20:08:16.400088Z","level":"info","event":"Task instance in success state","chan":"stdout","logger":"task"}
{"timestamp":"2025-07-29T20:08:16.400389Z","level":"info","event":" Previous state of the Task instance: TaskInstanceState.RUNNING","chan":"stdout","logger":"task"}
{"timestamp":"2025-07-29T20:08:16.400644Z","level":"info","event":"Task operator:<Task(PythonOperator): python>","chan":"stdout","logger":"task"}
