{"timestamp":"2025-07-29T19:42:49.259097","level":"info","event":"DAG bundles loaded: dags-folder, example_dags","logger":"airflow.dag_processing.bundles.manager.DagBundlesManager"}
{"timestamp":"2025-07-29T19:42:49.259688","level":"info","event":"Filling up the DagBag from /opt/airflow/dags/python_operator_v1.py","logger":"airflow.models.dagbag.DagBag"}
{"timestamp":"2025-07-29T19:42:49.283913Z","level":"info","event":"Task instance is in running state","chan":"stdout","logger":"task"}
{"timestamp":"2025-07-29T19:42:49.284078Z","level":"info","event":" Previous state of the Task instance: TaskInstanceState.QUEUED","chan":"stdout","logger":"task"}
{"timestamp":"2025-07-29T19:42:49.284547Z","level":"info","event":"Current task name:python","chan":"stdout","logger":"task"}
{"timestamp":"2025-07-29T19:42:49.284655Z","level":"info","event":"Dag name:python_operator_v1","chan":"stdout","logger":"task"}
{"timestamp":"2025-07-29T19:42:49.285615Z","level":"info","event":"poliana","chan":"stdout","logger":"task"}
{"timestamp":"2025-07-29T19:42:49.286395Z","level":"info","event":"{'conn': <ConnectionAccessor (dynamic access)>,","chan":"stdout","logger":"task"}
{"timestamp":"2025-07-29T19:42:49.286607Z","level":"info","event":" 'dag': <DAG: python_operator_v1>,","chan":"stdout","logger":"task"}
{"timestamp":"2025-07-29T19:42:49.286816Z","level":"info","event":" 'dag_run': DagRun(dag_id='python_operator_v1', run_id='scheduled__2023-06-23T20:08:00+00:00', logical_date=datetime.datetime(2023, 6, 23, 20, 8, tzinfo=datetime.timezone.utc), data_interval_start=datetime.datetime(2023, 6, 23, 20, 8, tzinfo=datetime.timezone.utc), data_interval_end=datetime.datetime(2023, 6, 23, 20, 8, tzinfo=datetime.timezone.utc), run_after=datetime.datetime(2023, 6, 23, 20, 8, tzinfo=datetime.timezone.utc), start_date=datetime.datetime(2025, 7, 29, 19, 42, 47, 653890, tzinfo=datetime.timezone.utc), end_date=None, clear_number=0, run_type=<DagRunType.SCHEDULED: 'scheduled'>, conf={}, consumed_asset_events=[]),","chan":"stdout","logger":"task"}
{"timestamp":"2025-07-29T19:42:49.286915Z","level":"info","event":" 'data_interval_end': DateTime(2023, 6, 23, 20, 8, 0, tzinfo=Timezone('UTC')),","chan":"stdout","logger":"task"}
{"timestamp":"2025-07-29T19:42:49.286988Z","level":"info","event":" 'data_interval_start': DateTime(2023, 6, 23, 20, 8, 0, tzinfo=Timezone('UTC')),","chan":"stdout","logger":"task"}
{"timestamp":"2025-07-29T19:42:49.287054Z","level":"info","event":" 'ds': '2023-06-23',","chan":"stdout","logger":"task"}
{"timestamp":"2025-07-29T19:42:49.287119Z","level":"info","event":" 'ds_nodash': '20230623',","chan":"stdout","logger":"task"}
{"timestamp":"2025-07-29T19:42:49.287182Z","level":"info","event":" 'inlet_events': InletEventsAccessors(_inlets=[], _assets={}, _asset_aliases={}),","chan":"stdout","logger":"task"}
{"timestamp":"2025-07-29T19:42:49.287242Z","level":"info","event":" 'inlets': [],","chan":"stdout","logger":"task"}
{"timestamp":"2025-07-29T19:42:49.287304Z","level":"info","event":" 'logical_date': DateTime(2023, 6, 23, 20, 8, 0, tzinfo=Timezone('UTC')),","chan":"stdout","logger":"task"}
{"timestamp":"2025-07-29T19:42:49.287369Z","level":"info","event":" 'macros': <MacrosAccessor (dynamic access to macros)>,","chan":"stdout","logger":"task"}
{"timestamp":"2025-07-29T19:42:49.287430Z","level":"info","event":" 'map_index_template': None,","chan":"stdout","logger":"task"}
{"timestamp":"2025-07-29T19:42:49.287490Z","level":"info","event":" 'outlet_events': <airflow.sdk.execution_time.context.OutletEventAccessors object at 0x7fb66ffa7a70>,","chan":"stdout","logger":"task"}
{"timestamp":"2025-07-29T19:42:49.287552Z","level":"info","event":" 'outlets': [],","chan":"stdout","logger":"task"}
{"timestamp":"2025-07-29T19:42:49.287614Z","level":"info","event":" 'params': {},","chan":"stdout","logger":"task"}
{"timestamp":"2025-07-29T19:42:49.305353Z","level":"info","event":" 'prev_data_interval_end_success': <Proxy at 0x7fb66fcb5880 with factory <function RuntimeTaskInstance.get_template_context.<locals>.<lambda> at 0x7fb66fcce2a0>>,","chan":"stdout","logger":"task"}
{"timestamp":"2025-07-29T19:42:49.305559Z","level":"info","event":" 'prev_data_interval_start_success': <Proxy at 0x7fb66fcb52b0 with factory <function RuntimeTaskInstance.get_template_context.<locals>.<lambda> at 0x7fb66fccf9c0>>,","chan":"stdout","logger":"task"}
{"timestamp":"2025-07-29T19:42:49.305624Z","level":"info","event":" 'prev_end_date_success': <Proxy at 0x7fb66fcb5580 with factory <function RuntimeTaskInstance.get_template_context.<locals>.<lambda> at 0x7fb66fccfa60>>,","chan":"stdout","logger":"task"}
{"timestamp":"2025-07-29T19:42:49.305709Z","level":"info","event":" 'prev_start_date_success': <Proxy at 0x7fb66fcb5670 with factory <function RuntimeTaskInstance.get_template_context.<locals>.<lambda> at 0x7fb66fcce7a0>>,","chan":"stdout","logger":"task"}
{"timestamp":"2025-07-29T19:42:49.305755Z","level":"info","event":" 'run_id': 'scheduled__2023-06-23T20:08:00+00:00',","chan":"stdout","logger":"task"}
{"timestamp":"2025-07-29T19:42:49.305799Z","level":"info","event":" 'task': <Task(PythonOperator): python>,","chan":"stdout","logger":"task"}
{"timestamp":"2025-07-29T19:42:49.305845Z","level":"info","event":" 'task_instance': RuntimeTaskInstance(id=UUID('019857b5-7955-7a53-ab5a-3c38e6485cb1'), task_id='python', dag_id='python_operator_v1', run_id='scheduled__2023-06-23T20:08:00+00:00', try_number=1, map_index=-1, hostname='bf6f1e7a6f11', context_carrier={}, task=<Task(PythonOperator): python>, bundle_instance=LocalDagBundle(name=dags-folder), max_tries=0, start_date=datetime.datetime(2025, 7, 29, 19, 42, 48, 776646, tzinfo=datetime.timezone.utc), end_date=None, state=<TaskInstanceState.RUNNING: 'running'>, is_mapped=False, rendered_map_index=None, log_url='http://localhost:8080/dags/python_operator_v1/runs/scheduled__2023-06-23T20%3A08%3A00%2B00%3A00/tasks/python?try_number=1'),","chan":"stdout","logger":"task"}
{"timestamp":"2025-07-29T19:42:49.305921Z","level":"info","event":" 'task_instance_key_str': 'python_operator_v1__python__20230623',","chan":"stdout","logger":"task"}
{"timestamp":"2025-07-29T19:42:49.305979Z","level":"info","event":" 'task_reschedule_count': 0,","chan":"stdout","logger":"task"}
{"timestamp":"2025-07-29T19:42:49.306025Z","level":"info","event":" 'templates_dict': None,","chan":"stdout","logger":"task"}
{"timestamp":"2025-07-29T19:42:49.306087Z","level":"info","event":" 'ti': RuntimeTaskInstance(id=UUID('019857b5-7955-7a53-ab5a-3c38e6485cb1'), task_id='python', dag_id='python_operator_v1', run_id='scheduled__2023-06-23T20:08:00+00:00', try_number=1, map_index=-1, hostname='bf6f1e7a6f11', context_carrier={}, task=<Task(PythonOperator): python>, bundle_instance=LocalDagBundle(name=dags-folder), max_tries=0, start_date=datetime.datetime(2025, 7, 29, 19, 42, 48, 776646, tzinfo=datetime.timezone.utc), end_date=None, state=<TaskInstanceState.RUNNING: 'running'>, is_mapped=False, rendered_map_index=None, log_url='http://localhost:8080/dags/python_operator_v1/runs/scheduled__2023-06-23T20%3A08%3A00%2B00%3A00/tasks/python?try_number=1'),","chan":"stdout","logger":"task"}
{"timestamp":"2025-07-29T19:42:49.306187Z","level":"info","event":" 'triggering_asset_events': TriggeringAssetEventsAccessor(_events=defaultdict(<class 'list'>, {})),","chan":"stdout","logger":"task"}
{"timestamp":"2025-07-29T19:42:49.306259Z","level":"info","event":" 'ts': '2023-06-23T20:08:00+00:00',","chan":"stdout","logger":"task"}
{"timestamp":"2025-07-29T19:42:49.306328Z","level":"info","event":" 'ts_nodash': '20230623T200800',","chan":"stdout","logger":"task"}
{"timestamp":"2025-07-29T19:42:49.306394Z","level":"info","event":" 'ts_nodash_with_tz': '20230623T200800+0000',","chan":"stdout","logger":"task"}
{"timestamp":"2025-07-29T19:42:49.306461Z","level":"info","event":" 'var': {'json': <VariableAccessor (dynamic access)>,","chan":"stdout","logger":"task"}
{"timestamp":"2025-07-29T19:42:49.306527Z","level":"info","event":"         'value': <VariableAccessor (dynamic access)>}}","chan":"stdout","logger":"task"}
{"timestamp":"2025-07-29T19:42:49.306195","level":"info","event":"Done. Returned value was: 123","logger":"airflow.task.operators.airflow.providers.standard.operators.python.PythonOperator"}
{"timestamp":"2025-07-29T19:42:49.306384","level":"info","event":"Pushing xcom","ti":"RuntimeTaskInstance(id=UUID('019857b5-7955-7a53-ab5a-3c38e6485cb1'), task_id='python', dag_id='python_operator_v1', run_id='scheduled__2023-06-23T20:08:00+00:00', try_number=1, map_index=-1, hostname='bf6f1e7a6f11', context_carrier={}, task=<Task(PythonOperator): python>, bundle_instance=LocalDagBundle(name=dags-folder), max_tries=0, start_date=datetime.datetime(2025, 7, 29, 19, 42, 48, 776646, tzinfo=datetime.timezone.utc), end_date=None, state=<TaskInstanceState.RUNNING: 'running'>, is_mapped=False, rendered_map_index=None, log_url='http://localhost:8080/dags/python_operator_v1/runs/scheduled__2023-06-23T20%3A08%3A00%2B00%3A00/tasks/python?try_number=1')","logger":"task"}
{"timestamp":"2025-07-29T19:42:49.334762Z","level":"info","event":"Task instance in success state","chan":"stdout","logger":"task"}
{"timestamp":"2025-07-29T19:42:49.334954Z","level":"info","event":" Previous state of the Task instance: TaskInstanceState.RUNNING","chan":"stdout","logger":"task"}
{"timestamp":"2025-07-29T19:42:49.335101Z","level":"info","event":"Task operator:<Task(PythonOperator): python>","chan":"stdout","logger":"task"}
