{"timestamp":"2025-07-29T19:52:47.235651","level":"info","event":"DAG bundles loaded: dags-folder, example_dags","logger":"airflow.dag_processing.bundles.manager.DagBundlesManager"}
{"timestamp":"2025-07-29T19:52:47.236431","level":"info","event":"Filling up the DagBag from /opt/airflow/dags/2_python_operator_v1.py","logger":"airflow.models.dagbag.DagBag"}
{"timestamp":"2025-07-29T19:52:50.057914Z","level":"info","event":"Task instance is in running state","chan":"stdout","logger":"task"}
{"timestamp":"2025-07-29T19:52:50.058096Z","level":"info","event":" Previous state of the Task instance: TaskInstanceState.QUEUED","chan":"stdout","logger":"task"}
{"timestamp":"2025-07-29T19:52:50.058234Z","level":"info","event":"Current task name:python","chan":"stdout","logger":"task"}
{"timestamp":"2025-07-29T19:52:50.058321Z","level":"info","event":"Dag name:python_operator_v1","chan":"stdout","logger":"task"}
{"timestamp":"2025-07-29T19:52:50.060100Z","level":"info","event":"poliana","chan":"stdout","logger":"task"}
{"timestamp":"2025-07-29T19:52:50.060897Z","level":"info","event":"{'conn': <ConnectionAccessor (dynamic access)>,","chan":"stdout","logger":"task"}
{"timestamp":"2025-07-29T19:52:50.061115Z","level":"info","event":" 'dag': <DAG: python_operator_v1>,","chan":"stdout","logger":"task"}
{"timestamp":"2025-07-29T19:52:50.061296Z","level":"info","event":" 'dag_run': DagRun(dag_id='python_operator_v1', run_id='scheduled__2023-06-24T07:11:00+00:00', logical_date=datetime.datetime(2023, 6, 24, 7, 11, tzinfo=datetime.timezone.utc), data_interval_start=datetime.datetime(2023, 6, 24, 7, 11, tzinfo=datetime.timezone.utc), data_interval_end=datetime.datetime(2023, 6, 24, 7, 11, tzinfo=datetime.timezone.utc), run_after=datetime.datetime(2023, 6, 24, 7, 11, tzinfo=datetime.timezone.utc), start_date=datetime.datetime(2025, 7, 29, 19, 52, 45, 586541, tzinfo=datetime.timezone.utc), end_date=None, clear_number=0, run_type=<DagRunType.SCHEDULED: 'scheduled'>, conf={}, consumed_asset_events=[]),","chan":"stdout","logger":"task"}
{"timestamp":"2025-07-29T19:52:50.061392Z","level":"info","event":" 'data_interval_end': DateTime(2023, 6, 24, 7, 11, 0, tzinfo=Timezone('UTC')),","chan":"stdout","logger":"task"}
{"timestamp":"2025-07-29T19:52:50.061474Z","level":"info","event":" 'data_interval_start': DateTime(2023, 6, 24, 7, 11, 0, tzinfo=Timezone('UTC')),","chan":"stdout","logger":"task"}
{"timestamp":"2025-07-29T19:52:50.061548Z","level":"info","event":" 'ds': '2023-06-24',","chan":"stdout","logger":"task"}
{"timestamp":"2025-07-29T19:52:50.061622Z","level":"info","event":" 'ds_nodash': '20230624',","chan":"stdout","logger":"task"}
{"timestamp":"2025-07-29T19:52:50.061693Z","level":"info","event":" 'inlet_events': InletEventsAccessors(_inlets=[], _assets={}, _asset_aliases={}),","chan":"stdout","logger":"task"}
{"timestamp":"2025-07-29T19:52:50.061767Z","level":"info","event":" 'inlets': [],","chan":"stdout","logger":"task"}
{"timestamp":"2025-07-29T19:52:50.061840Z","level":"info","event":" 'logical_date': DateTime(2023, 6, 24, 7, 11, 0, tzinfo=Timezone('UTC')),","chan":"stdout","logger":"task"}
{"timestamp":"2025-07-29T19:52:50.061952Z","level":"info","event":" 'macros': <MacrosAccessor (dynamic access to macros)>,","chan":"stdout","logger":"task"}
{"timestamp":"2025-07-29T19:52:50.062022Z","level":"info","event":" 'map_index_template': None,","chan":"stdout","logger":"task"}
{"timestamp":"2025-07-29T19:52:50.062087Z","level":"info","event":" 'outlet_events': <airflow.sdk.execution_time.context.OutletEventAccessors object at 0x7fb66fecc980>,","chan":"stdout","logger":"task"}
{"timestamp":"2025-07-29T19:52:50.062154Z","level":"info","event":" 'outlets': [],","chan":"stdout","logger":"task"}
{"timestamp":"2025-07-29T19:52:50.062234Z","level":"info","event":" 'params': {},","chan":"stdout","logger":"task"}
{"timestamp":"2025-07-29T19:52:50.073192Z","level":"info","event":" 'prev_data_interval_end_success': <Proxy at 0x7fb66fded520 with factory <function RuntimeTaskInstance.get_template_context.<locals>.<lambda> at 0x7fb66fc09440>>,","chan":"stdout","logger":"task"}
{"timestamp":"2025-07-29T19:52:50.073370Z","level":"info","event":" 'prev_data_interval_start_success': <Proxy at 0x7fb66fded460 with factory <function RuntimeTaskInstance.get_template_context.<locals>.<lambda> at 0x7fb66fc0ab60>>,","chan":"stdout","logger":"task"}
{"timestamp":"2025-07-29T19:52:50.073440Z","level":"info","event":" 'prev_end_date_success': <Proxy at 0x7fb66fded880 with factory <function RuntimeTaskInstance.get_template_context.<locals>.<lambda> at 0x7fb66fc0ac00>>,","chan":"stdout","logger":"task"}
{"timestamp":"2025-07-29T19:52:50.073489Z","level":"info","event":" 'prev_start_date_success': <Proxy at 0x7fb66fdc7e00 with factory <function RuntimeTaskInstance.get_template_context.<locals>.<lambda> at 0x7fb66fc09940>>,","chan":"stdout","logger":"task"}
{"timestamp":"2025-07-29T19:52:50.073535Z","level":"info","event":" 'run_id': 'scheduled__2023-06-24T07:11:00+00:00',","chan":"stdout","logger":"task"}
{"timestamp":"2025-07-29T19:52:50.073579Z","level":"info","event":" 'task': <Task(PythonOperator): python>,","chan":"stdout","logger":"task"}
{"timestamp":"2025-07-29T19:52:50.073623Z","level":"info","event":" 'task_instance': RuntimeTaskInstance(id=UUID('019857be-9902-7a09-bc67-5c576fbedd40'), task_id='python', dag_id='python_operator_v1', run_id='scheduled__2023-06-24T07:11:00+00:00', try_number=1, map_index=-1, hostname='bf6f1e7a6f11', context_carrier={}, task=<Task(PythonOperator): python>, bundle_instance=LocalDagBundle(name=dags-folder), max_tries=0, start_date=datetime.datetime(2025, 7, 29, 19, 52, 46, 723089, tzinfo=datetime.timezone.utc), end_date=None, state=<TaskInstanceState.RUNNING: 'running'>, is_mapped=False, rendered_map_index=None, log_url='http://localhost:8080/dags/python_operator_v1/runs/scheduled__2023-06-24T07%3A11%3A00%2B00%3A00/tasks/python?try_number=1'),","chan":"stdout","logger":"task"}
{"timestamp":"2025-07-29T19:52:50.073669Z","level":"info","event":" 'task_instance_key_str': 'python_operator_v1__python__20230624',","chan":"stdout","logger":"task"}
{"timestamp":"2025-07-29T19:52:50.073711Z","level":"info","event":" 'task_reschedule_count': 0,","chan":"stdout","logger":"task"}
{"timestamp":"2025-07-29T19:52:50.073753Z","level":"info","event":" 'templates_dict': None,","chan":"stdout","logger":"task"}
{"timestamp":"2025-07-29T19:52:50.073842Z","level":"info","event":" 'ti': RuntimeTaskInstance(id=UUID('019857be-9902-7a09-bc67-5c576fbedd40'), task_id='python', dag_id='python_operator_v1', run_id='scheduled__2023-06-24T07:11:00+00:00', try_number=1, map_index=-1, hostname='bf6f1e7a6f11', context_carrier={}, task=<Task(PythonOperator): python>, bundle_instance=LocalDagBundle(name=dags-folder), max_tries=0, start_date=datetime.datetime(2025, 7, 29, 19, 52, 46, 723089, tzinfo=datetime.timezone.utc), end_date=None, state=<TaskInstanceState.RUNNING: 'running'>, is_mapped=False, rendered_map_index=None, log_url='http://localhost:8080/dags/python_operator_v1/runs/scheduled__2023-06-24T07%3A11%3A00%2B00%3A00/tasks/python?try_number=1'),","chan":"stdout","logger":"task"}
{"timestamp":"2025-07-29T19:52:50.073894Z","level":"info","event":" 'triggering_asset_events': TriggeringAssetEventsAccessor(_events=defaultdict(<class 'list'>, {})),","chan":"stdout","logger":"task"}
{"timestamp":"2025-07-29T19:52:50.073937Z","level":"info","event":" 'ts': '2023-06-24T07:11:00+00:00',","chan":"stdout","logger":"task"}
{"timestamp":"2025-07-29T19:52:50.073979Z","level":"info","event":" 'ts_nodash': '20230624T071100',","chan":"stdout","logger":"task"}
{"timestamp":"2025-07-29T19:52:50.074020Z","level":"info","event":" 'ts_nodash_with_tz': '20230624T071100+0000',","chan":"stdout","logger":"task"}
{"timestamp":"2025-07-29T19:52:50.074061Z","level":"info","event":" 'var': {'json': <VariableAccessor (dynamic access)>,","chan":"stdout","logger":"task"}
{"timestamp":"2025-07-29T19:52:50.074103Z","level":"info","event":"         'value': <VariableAccessor (dynamic access)>}}","chan":"stdout","logger":"task"}
{"timestamp":"2025-07-29T19:52:50.074047","level":"info","event":"Done. Returned value was: 123","logger":"airflow.task.operators.airflow.providers.standard.operators.python.PythonOperator"}
{"timestamp":"2025-07-29T19:52:50.074333","level":"info","event":"Pushing xcom","ti":"RuntimeTaskInstance(id=UUID('019857be-9902-7a09-bc67-5c576fbedd40'), task_id='python', dag_id='python_operator_v1', run_id='scheduled__2023-06-24T07:11:00+00:00', try_number=1, map_index=-1, hostname='bf6f1e7a6f11', context_carrier={}, task=<Task(PythonOperator): python>, bundle_instance=LocalDagBundle(name=dags-folder), max_tries=0, start_date=datetime.datetime(2025, 7, 29, 19, 52, 46, 723089, tzinfo=datetime.timezone.utc), end_date=None, state=<TaskInstanceState.RUNNING: 'running'>, is_mapped=False, rendered_map_index=None, log_url='http://localhost:8080/dags/python_operator_v1/runs/scheduled__2023-06-24T07%3A11%3A00%2B00%3A00/tasks/python?try_number=1')","logger":"task"}
{"timestamp":"2025-07-29T19:52:50.103759Z","level":"info","event":"Task instance in success state","chan":"stdout","logger":"task"}
{"timestamp":"2025-07-29T19:52:50.103908Z","level":"info","event":" Previous state of the Task instance: TaskInstanceState.RUNNING","chan":"stdout","logger":"task"}
{"timestamp":"2025-07-29T19:52:50.104108Z","level":"info","event":"Task operator:<Task(PythonOperator): python>","chan":"stdout","logger":"task"}
