{"timestamp":"2025-07-29T19:59:59.108875","level":"info","event":"DAG bundles loaded: dags-folder, example_dags","logger":"airflow.dag_processing.bundles.manager.DagBundlesManager"}
{"timestamp":"2025-07-29T19:59:59.110142","level":"info","event":"Filling up the DagBag from /opt/airflow/dags/2_python_operator_v1.py","logger":"airflow.models.dagbag.DagBag"}
{"timestamp":"2025-07-29T19:59:59.173892Z","level":"info","event":"Task instance is in running state","chan":"stdout","logger":"task"}
{"timestamp":"2025-07-29T19:59:59.174178Z","level":"info","event":" Previous state of the Task instance: TaskInstanceState.QUEUED","chan":"stdout","logger":"task"}
{"timestamp":"2025-07-29T19:59:59.175368Z","level":"info","event":"Current task name:python","chan":"stdout","logger":"task"}
{"timestamp":"2025-07-29T19:59:59.175576Z","level":"info","event":"Dag name:python_operator_v1","chan":"stdout","logger":"task"}
{"timestamp":"2025-07-29T19:59:59.177210Z","level":"info","event":"poliana","chan":"stdout","logger":"task"}
{"timestamp":"2025-07-29T19:59:59.178144Z","level":"info","event":"{'conn': <ConnectionAccessor (dynamic access)>,","chan":"stdout","logger":"task"}
{"timestamp":"2025-07-29T19:59:59.178287Z","level":"info","event":" 'dag': <DAG: python_operator_v1>,","chan":"stdout","logger":"task"}
{"timestamp":"2025-07-29T19:59:59.178424Z","level":"info","event":" 'dag_run': DagRun(dag_id='python_operator_v1', run_id='scheduled__2023-06-24T14:16:00+00:00', logical_date=datetime.datetime(2023, 6, 24, 14, 16, tzinfo=datetime.timezone.utc), data_interval_start=datetime.datetime(2023, 6, 24, 14, 16, tzinfo=datetime.timezone.utc), data_interval_end=datetime.datetime(2023, 6, 24, 14, 16, tzinfo=datetime.timezone.utc), run_after=datetime.datetime(2023, 6, 24, 14, 16, tzinfo=datetime.timezone.utc), start_date=datetime.datetime(2025, 7, 29, 19, 59, 58, 60697, tzinfo=datetime.timezone.utc), end_date=None, clear_number=0, run_type=<DagRunType.SCHEDULED: 'scheduled'>, conf={}, consumed_asset_events=[]),","chan":"stdout","logger":"task"}
{"timestamp":"2025-07-29T19:59:59.178488Z","level":"info","event":" 'data_interval_end': DateTime(2023, 6, 24, 14, 16, 0, tzinfo=Timezone('UTC')),","chan":"stdout","logger":"task"}
{"timestamp":"2025-07-29T19:59:59.178536Z","level":"info","event":" 'data_interval_start': DateTime(2023, 6, 24, 14, 16, 0, tzinfo=Timezone('UTC')),","chan":"stdout","logger":"task"}
{"timestamp":"2025-07-29T19:59:59.178580Z","level":"info","event":" 'ds': '2023-06-24',","chan":"stdout","logger":"task"}
{"timestamp":"2025-07-29T19:59:59.178623Z","level":"info","event":" 'ds_nodash': '20230624',","chan":"stdout","logger":"task"}
{"timestamp":"2025-07-29T19:59:59.178664Z","level":"info","event":" 'inlet_events': InletEventsAccessors(_inlets=[], _assets={}, _asset_aliases={}),","chan":"stdout","logger":"task"}
{"timestamp":"2025-07-29T19:59:59.178705Z","level":"info","event":" 'inlets': [],","chan":"stdout","logger":"task"}
{"timestamp":"2025-07-29T19:59:59.178744Z","level":"info","event":" 'logical_date': DateTime(2023, 6, 24, 14, 16, 0, tzinfo=Timezone('UTC')),","chan":"stdout","logger":"task"}
{"timestamp":"2025-07-29T19:59:59.178796Z","level":"info","event":" 'macros': <MacrosAccessor (dynamic access to macros)>,","chan":"stdout","logger":"task"}
{"timestamp":"2025-07-29T19:59:59.178838Z","level":"info","event":" 'map_index_template': None,","chan":"stdout","logger":"task"}
{"timestamp":"2025-07-29T19:59:59.178880Z","level":"info","event":" 'outlet_events': <airflow.sdk.execution_time.context.OutletEventAccessors object at 0x7fb677ad7a70>,","chan":"stdout","logger":"task"}
{"timestamp":"2025-07-29T19:59:59.178920Z","level":"info","event":" 'outlets': [],","chan":"stdout","logger":"task"}
{"timestamp":"2025-07-29T19:59:59.178959Z","level":"info","event":" 'params': {},","chan":"stdout","logger":"task"}
{"timestamp":"2025-07-29T19:59:59.193456Z","level":"info","event":" 'prev_data_interval_end_success': <Proxy at 0x7fb66fc11640 with factory <function RuntimeTaskInstance.get_template_context.<locals>.<lambda> at 0x7fb678280040>>,","chan":"stdout","logger":"task"}
{"timestamp":"2025-07-29T19:59:59.193757Z","level":"info","event":" 'prev_data_interval_start_success': <Proxy at 0x7fb66ffb9670 with factory <function RuntimeTaskInstance.get_template_context.<locals>.<lambda> at 0x7fb678281760>>,","chan":"stdout","logger":"task"}
{"timestamp":"2025-07-29T19:59:59.193874Z","level":"info","event":" 'prev_end_date_success': <Proxy at 0x7fb67ea17e30 with factory <function RuntimeTaskInstance.get_template_context.<locals>.<lambda> at 0x7fb678281800>>,","chan":"stdout","logger":"task"}
{"timestamp":"2025-07-29T19:59:59.193952Z","level":"info","event":" 'prev_start_date_success': <Proxy at 0x7fb67ebff3b0 with factory <function RuntimeTaskInstance.get_template_context.<locals>.<lambda> at 0x7fb678280540>>,","chan":"stdout","logger":"task"}
{"timestamp":"2025-07-29T19:59:59.194082Z","level":"info","event":" 'run_id': 'scheduled__2023-06-24T14:16:00+00:00',","chan":"stdout","logger":"task"}
{"timestamp":"2025-07-29T19:59:59.194160Z","level":"info","event":" 'task': <Task(PythonOperator): python>,","chan":"stdout","logger":"task"}
{"timestamp":"2025-07-29T19:59:59.194232Z","level":"info","event":" 'task_instance': RuntimeTaskInstance(id=UUID('019857c5-3267-7380-a49d-236afbff09b9'), task_id='python', dag_id='python_operator_v1', run_id='scheduled__2023-06-24T14:16:00+00:00', try_number=1, map_index=-1, hostname='bf6f1e7a6f11', context_carrier={}, task=<Task(PythonOperator): python>, bundle_instance=LocalDagBundle(name=dags-folder), max_tries=0, start_date=datetime.datetime(2025, 7, 29, 19, 59, 58, 467902, tzinfo=datetime.timezone.utc), end_date=None, state=<TaskInstanceState.RUNNING: 'running'>, is_mapped=False, rendered_map_index=None, log_url='http://localhost:8080/dags/python_operator_v1/runs/scheduled__2023-06-24T14%3A16%3A00%2B00%3A00/tasks/python?try_number=1'),","chan":"stdout","logger":"task"}
{"timestamp":"2025-07-29T19:59:59.194306Z","level":"info","event":" 'task_instance_key_str': 'python_operator_v1__python__20230624',","chan":"stdout","logger":"task"}
{"timestamp":"2025-07-29T19:59:59.194382Z","level":"info","event":" 'task_reschedule_count': 0,","chan":"stdout","logger":"task"}
{"timestamp":"2025-07-29T19:59:59.194454Z","level":"info","event":" 'templates_dict': None,","chan":"stdout","logger":"task"}
{"timestamp":"2025-07-29T19:59:59.194527Z","level":"info","event":" 'ti': RuntimeTaskInstance(id=UUID('019857c5-3267-7380-a49d-236afbff09b9'), task_id='python', dag_id='python_operator_v1', run_id='scheduled__2023-06-24T14:16:00+00:00', try_number=1, map_index=-1, hostname='bf6f1e7a6f11', context_carrier={}, task=<Task(PythonOperator): python>, bundle_instance=LocalDagBundle(name=dags-folder), max_tries=0, start_date=datetime.datetime(2025, 7, 29, 19, 59, 58, 467902, tzinfo=datetime.timezone.utc), end_date=None, state=<TaskInstanceState.RUNNING: 'running'>, is_mapped=False, rendered_map_index=None, log_url='http://localhost:8080/dags/python_operator_v1/runs/scheduled__2023-06-24T14%3A16%3A00%2B00%3A00/tasks/python?try_number=1'),","chan":"stdout","logger":"task"}
{"timestamp":"2025-07-29T19:59:59.194609Z","level":"info","event":" 'triggering_asset_events': TriggeringAssetEventsAccessor(_events=defaultdict(<class 'list'>, {})),","chan":"stdout","logger":"task"}
{"timestamp":"2025-07-29T19:59:59.194681Z","level":"info","event":" 'ts': '2023-06-24T14:16:00+00:00',","chan":"stdout","logger":"task"}
{"timestamp":"2025-07-29T19:59:59.194839Z","level":"info","event":" 'ts_nodash': '20230624T141600',","chan":"stdout","logger":"task"}
{"timestamp":"2025-07-29T19:59:59.195095Z","level":"info","event":" 'ts_nodash_with_tz': '20230624T141600+0000',","chan":"stdout","logger":"task"}
{"timestamp":"2025-07-29T19:59:59.195187Z","level":"info","event":" 'var': {'json': <VariableAccessor (dynamic access)>,","chan":"stdout","logger":"task"}
{"timestamp":"2025-07-29T19:59:59.195371Z","level":"info","event":"         'value': <VariableAccessor (dynamic access)>}}","chan":"stdout","logger":"task"}
{"timestamp":"2025-07-29T19:59:59.195039","level":"info","event":"Done. Returned value was: 123","logger":"airflow.task.operators.airflow.providers.standard.operators.python.PythonOperator"}
{"timestamp":"2025-07-29T19:59:59.195605","level":"info","event":"Pushing xcom","ti":"RuntimeTaskInstance(id=UUID('019857c5-3267-7380-a49d-236afbff09b9'), task_id='python', dag_id='python_operator_v1', run_id='scheduled__2023-06-24T14:16:00+00:00', try_number=1, map_index=-1, hostname='bf6f1e7a6f11', context_carrier={}, task=<Task(PythonOperator): python>, bundle_instance=LocalDagBundle(name=dags-folder), max_tries=0, start_date=datetime.datetime(2025, 7, 29, 19, 59, 58, 467902, tzinfo=datetime.timezone.utc), end_date=None, state=<TaskInstanceState.RUNNING: 'running'>, is_mapped=False, rendered_map_index=None, log_url='http://localhost:8080/dags/python_operator_v1/runs/scheduled__2023-06-24T14%3A16%3A00%2B00%3A00/tasks/python?try_number=1')","logger":"task"}
{"timestamp":"2025-07-29T19:59:59.225304Z","level":"info","event":"Task instance in success state","chan":"stdout","logger":"task"}
{"timestamp":"2025-07-29T19:59:59.225444Z","level":"info","event":" Previous state of the Task instance: TaskInstanceState.RUNNING","chan":"stdout","logger":"task"}
{"timestamp":"2025-07-29T19:59:59.225772Z","level":"info","event":"Task operator:<Task(PythonOperator): python>","chan":"stdout","logger":"task"}
