{"timestamp":"2025-07-29T20:09:37.471789","level":"info","event":"DAG bundles loaded: dags-folder, example_dags","logger":"airflow.dag_processing.bundles.manager.DagBundlesManager"}
{"timestamp":"2025-07-29T20:09:37.472573","level":"info","event":"Filling up the DagBag from /opt/airflow/dags/3_dag_principal.py","logger":"airflow.models.dagbag.DagBag"}
{"timestamp":"2025-07-29T20:09:37.524213Z","level":"info","event":"Task instance is in running state","chan":"stdout","logger":"task"}
{"timestamp":"2025-07-29T20:09:37.524525Z","level":"info","event":" Previous state of the Task instance: TaskInstanceState.QUEUED","chan":"stdout","logger":"task"}
{"timestamp":"2025-07-29T20:09:37.526031Z","level":"info","event":"Current task name:python_principal","chan":"stdout","logger":"task"}
{"timestamp":"2025-07-29T20:09:37.526322Z","level":"info","event":"Dag name:3_DAG_principal","chan":"stdout","logger":"task"}
{"timestamp":"2025-07-29T20:09:37.528749Z","level":"info","event":"DAG principal","chan":"stdout","logger":"task"}
{"timestamp":"2025-07-29T20:09:37.529874Z","level":"info","event":"{'conn': <ConnectionAccessor (dynamic access)>,","chan":"stdout","logger":"task"}
{"timestamp":"2025-07-29T20:09:37.530051Z","level":"info","event":" 'dag': <DAG: 3_DAG_principal>,","chan":"stdout","logger":"task"}
{"timestamp":"2025-07-29T20:09:37.530251Z","level":"info","event":" 'dag_run': DagRun(dag_id='3_DAG_principal', run_id='scheduled__2025-01-31T20:00:00+00:00', logical_date=datetime.datetime(2025, 1, 31, 20, 0, tzinfo=datetime.timezone.utc), data_interval_start=datetime.datetime(2025, 1, 31, 20, 0, tzinfo=datetime.timezone.utc), data_interval_end=datetime.datetime(2025, 1, 31, 20, 0, tzinfo=datetime.timezone.utc), run_after=datetime.datetime(2025, 1, 31, 20, 0, tzinfo=datetime.timezone.utc), start_date=datetime.datetime(2025, 7, 29, 20, 9, 35, 703980, tzinfo=datetime.timezone.utc), end_date=None, clear_number=0, run_type=<DagRunType.SCHEDULED: 'scheduled'>, conf={}, consumed_asset_events=[]),","chan":"stdout","logger":"task"}
{"timestamp":"2025-07-29T20:09:37.530394Z","level":"info","event":" 'data_interval_end': DateTime(2025, 1, 31, 20, 0, 0, tzinfo=Timezone('UTC')),","chan":"stdout","logger":"task"}
{"timestamp":"2025-07-29T20:09:37.530476Z","level":"info","event":" 'data_interval_start': DateTime(2025, 1, 31, 20, 0, 0, tzinfo=Timezone('UTC')),","chan":"stdout","logger":"task"}
{"timestamp":"2025-07-29T20:09:37.530543Z","level":"info","event":" 'ds': '2025-01-31',","chan":"stdout","logger":"task"}
{"timestamp":"2025-07-29T20:09:37.530613Z","level":"info","event":" 'ds_nodash': '20250131',","chan":"stdout","logger":"task"}
{"timestamp":"2025-07-29T20:09:37.530675Z","level":"info","event":" 'inlet_events': InletEventsAccessors(_inlets=[], _assets={}, _asset_aliases={}),","chan":"stdout","logger":"task"}
{"timestamp":"2025-07-29T20:09:37.530741Z","level":"info","event":" 'inlets': [],","chan":"stdout","logger":"task"}
{"timestamp":"2025-07-29T20:09:37.530802Z","level":"info","event":" 'logical_date': DateTime(2025, 1, 31, 20, 0, 0, tzinfo=Timezone('UTC')),","chan":"stdout","logger":"task"}
{"timestamp":"2025-07-29T20:09:37.530863Z","level":"info","event":" 'macros': <MacrosAccessor (dynamic access to macros)>,","chan":"stdout","logger":"task"}
{"timestamp":"2025-07-29T20:09:37.530924Z","level":"info","event":" 'map_index_template': None,","chan":"stdout","logger":"task"}
{"timestamp":"2025-07-29T20:09:37.530985Z","level":"info","event":" 'outlet_events': <airflow.sdk.execution_time.context.OutletEventAccessors object at 0x7fb677a77a70>,","chan":"stdout","logger":"task"}
{"timestamp":"2025-07-29T20:09:37.531047Z","level":"info","event":" 'outlets': [],","chan":"stdout","logger":"task"}
{"timestamp":"2025-07-29T20:09:37.531109Z","level":"info","event":" 'params': {},","chan":"stdout","logger":"task"}
{"timestamp":"2025-07-29T20:09:37.546251Z","level":"info","event":" 'prev_data_interval_end_success': <Proxy at 0x7fb66fc6e0f0 with factory <function RuntimeTaskInstance.get_template_context.<locals>.<lambda> at 0x7fb66fc86200>>,","chan":"stdout","logger":"task"}
{"timestamp":"2025-07-29T20:09:37.546585Z","level":"info","event":" 'prev_data_interval_start_success': <Proxy at 0x7fb66fc6e180 with factory <function RuntimeTaskInstance.get_template_context.<locals>.<lambda> at 0x7fb66fc84a40>>,","chan":"stdout","logger":"task"}
{"timestamp":"2025-07-29T20:09:37.546677Z","level":"info","event":" 'prev_end_date_success': <Proxy at 0x7fb66fc6e300 with factory <function RuntimeTaskInstance.get_template_context.<locals>.<lambda> at 0x7fb66fc862a0>>,","chan":"stdout","logger":"task"}
{"timestamp":"2025-07-29T20:09:37.546738Z","level":"info","event":" 'prev_start_date_success': <Proxy at 0x7fb66fc6e630 with factory <function RuntimeTaskInstance.get_template_context.<locals>.<lambda> at 0x7fb66fc84fe0>>,","chan":"stdout","logger":"task"}
{"timestamp":"2025-07-29T20:09:37.546802Z","level":"info","event":" 'run_id': 'scheduled__2025-01-31T20:00:00+00:00',","chan":"stdout","logger":"task"}
{"timestamp":"2025-07-29T20:09:37.546853Z","level":"info","event":" 'task': <Task(PythonOperator): python_principal>,","chan":"stdout","logger":"task"}
{"timestamp":"2025-07-29T20:09:37.546902Z","level":"info","event":" 'task_instance': RuntimeTaskInstance(id=UUID('019857ce-02d0-7b1f-b474-800339861a86'), task_id='python_principal', dag_id='3_DAG_principal', run_id='scheduled__2025-01-31T20:00:00+00:00', try_number=1, map_index=-1, hostname='bf6f1e7a6f11', context_carrier={}, task=<Task(PythonOperator): python_principal>, bundle_instance=LocalDagBundle(name=dags-folder), max_tries=0, start_date=datetime.datetime(2025, 7, 29, 20, 9, 36, 866840, tzinfo=datetime.timezone.utc), end_date=None, state=<TaskInstanceState.RUNNING: 'running'>, is_mapped=False, rendered_map_index=None, log_url='http://localhost:8080/dags/3_DAG_principal/runs/scheduled__2025-01-31T20%3A00%3A00%2B00%3A00/tasks/python_principal?try_number=1'),","chan":"stdout","logger":"task"}
{"timestamp":"2025-07-29T20:09:37.546949Z","level":"info","event":" 'task_instance_key_str': '3_DAG_principal__python_principal__20250131',","chan":"stdout","logger":"task"}
{"timestamp":"2025-07-29T20:09:37.546992Z","level":"info","event":" 'task_reschedule_count': 0,","chan":"stdout","logger":"task"}
{"timestamp":"2025-07-29T20:09:37.547033Z","level":"info","event":" 'templates_dict': None,","chan":"stdout","logger":"task"}
{"timestamp":"2025-07-29T20:09:37.547076Z","level":"info","event":" 'ti': RuntimeTaskInstance(id=UUID('019857ce-02d0-7b1f-b474-800339861a86'), task_id='python_principal', dag_id='3_DAG_principal', run_id='scheduled__2025-01-31T20:00:00+00:00', try_number=1, map_index=-1, hostname='bf6f1e7a6f11', context_carrier={}, task=<Task(PythonOperator): python_principal>, bundle_instance=LocalDagBundle(name=dags-folder), max_tries=0, start_date=datetime.datetime(2025, 7, 29, 20, 9, 36, 866840, tzinfo=datetime.timezone.utc), end_date=None, state=<TaskInstanceState.RUNNING: 'running'>, is_mapped=False, rendered_map_index=None, log_url='http://localhost:8080/dags/3_DAG_principal/runs/scheduled__2025-01-31T20%3A00%3A00%2B00%3A00/tasks/python_principal?try_number=1'),","chan":"stdout","logger":"task"}
{"timestamp":"2025-07-29T20:09:37.547155Z","level":"info","event":" 'triggering_asset_events': TriggeringAssetEventsAccessor(_events=defaultdict(<class 'list'>, {})),","chan":"stdout","logger":"task"}
{"timestamp":"2025-07-29T20:09:37.547205Z","level":"info","event":" 'ts': '2025-01-31T20:00:00+00:00',","chan":"stdout","logger":"task"}
{"timestamp":"2025-07-29T20:09:37.547247Z","level":"info","event":" 'ts_nodash': '20250131T200000',","chan":"stdout","logger":"task"}
{"timestamp":"2025-07-29T20:09:37.547288Z","level":"info","event":" 'ts_nodash_with_tz': '20250131T200000+0000',","chan":"stdout","logger":"task"}
{"timestamp":"2025-07-29T20:09:37.547352Z","level":"info","event":" 'var': {'json': <VariableAccessor (dynamic access)>,","chan":"stdout","logger":"task"}
{"timestamp":"2025-07-29T20:09:37.547399Z","level":"info","event":"         'value': <VariableAccessor (dynamic access)>}}","chan":"stdout","logger":"task"}
{"timestamp":"2025-07-29T20:09:37.546843","level":"info","event":"Done. Returned value was: principal","logger":"airflow.task.operators.airflow.providers.standard.operators.python.PythonOperator"}
{"timestamp":"2025-07-29T20:09:37.547122","level":"info","event":"Pushing xcom","ti":"RuntimeTaskInstance(id=UUID('019857ce-02d0-7b1f-b474-800339861a86'), task_id='python_principal', dag_id='3_DAG_principal', run_id='scheduled__2025-01-31T20:00:00+00:00', try_number=1, map_index=-1, hostname='bf6f1e7a6f11', context_carrier={}, task=<Task(PythonOperator): python_principal>, bundle_instance=LocalDagBundle(name=dags-folder), max_tries=0, start_date=datetime.datetime(2025, 7, 29, 20, 9, 36, 866840, tzinfo=datetime.timezone.utc), end_date=None, state=<TaskInstanceState.RUNNING: 'running'>, is_mapped=False, rendered_map_index=None, log_url='http://localhost:8080/dags/3_DAG_principal/runs/scheduled__2025-01-31T20%3A00%3A00%2B00%3A00/tasks/python_principal?try_number=1')","logger":"task"}
{"timestamp":"2025-07-29T20:09:37.585604Z","level":"info","event":"Task instance in success state","chan":"stdout","logger":"task"}
{"timestamp":"2025-07-29T20:09:37.585874Z","level":"info","event":" Previous state of the Task instance: TaskInstanceState.RUNNING","chan":"stdout","logger":"task"}
{"timestamp":"2025-07-29T20:09:37.586090Z","level":"info","event":"Task operator:<Task(PythonOperator): python_principal>","chan":"stdout","logger":"task"}
