{"timestamp":"2025-07-29T19:53:04.977506","level":"info","event":"DAG bundles loaded: dags-folder, example_dags","logger":"airflow.dag_processing.bundles.manager.DagBundlesManager"}
{"timestamp":"2025-07-29T19:53:04.978224","level":"info","event":"Filling up the DagBag from /opt/airflow/dags/2_python_operator_v1.py","logger":"airflow.models.dagbag.DagBag"}
{"timestamp":"2025-07-29T19:53:05.009385Z","level":"info","event":"Task instance is in running state","chan":"stdout","logger":"task"}
{"timestamp":"2025-07-29T19:53:05.009548Z","level":"info","event":" Previous state of the Task instance: TaskInstanceState.QUEUED","chan":"stdout","logger":"task"}
{"timestamp":"2025-07-29T19:53:05.010015Z","level":"info","event":"Current task name:python","chan":"stdout","logger":"task"}
{"timestamp":"2025-07-29T19:53:05.010123Z","level":"info","event":"Dag name:python_operator_v1","chan":"stdout","logger":"task"}
{"timestamp":"2025-07-29T19:53:05.011115Z","level":"info","event":"poliana","chan":"stdout","logger":"task"}
{"timestamp":"2025-07-29T19:53:05.011789Z","level":"info","event":"{'conn': <ConnectionAccessor (dynamic access)>,","chan":"stdout","logger":"task"}
{"timestamp":"2025-07-29T19:53:05.011901Z","level":"info","event":" 'dag': <DAG: python_operator_v1>,","chan":"stdout","logger":"task"}
{"timestamp":"2025-07-29T19:53:05.012013Z","level":"info","event":" 'dag_run': DagRun(dag_id='python_operator_v1', run_id='scheduled__2023-06-24T07:35:00+00:00', logical_date=datetime.datetime(2023, 6, 24, 7, 35, tzinfo=datetime.timezone.utc), data_interval_start=datetime.datetime(2023, 6, 24, 7, 35, tzinfo=datetime.timezone.utc), data_interval_end=datetime.datetime(2023, 6, 24, 7, 35, tzinfo=datetime.timezone.utc), run_after=datetime.datetime(2023, 6, 24, 7, 35, tzinfo=datetime.timezone.utc), start_date=datetime.datetime(2025, 7, 29, 19, 53, 4, 18484, tzinfo=datetime.timezone.utc), end_date=None, clear_number=0, run_type=<DagRunType.SCHEDULED: 'scheduled'>, conf={}, consumed_asset_events=[]),","chan":"stdout","logger":"task"}
{"timestamp":"2025-07-29T19:53:05.012087Z","level":"info","event":" 'data_interval_end': DateTime(2023, 6, 24, 7, 35, 0, tzinfo=Timezone('UTC')),","chan":"stdout","logger":"task"}
{"timestamp":"2025-07-29T19:53:05.012134Z","level":"info","event":" 'data_interval_start': DateTime(2023, 6, 24, 7, 35, 0, tzinfo=Timezone('UTC')),","chan":"stdout","logger":"task"}
{"timestamp":"2025-07-29T19:53:05.012176Z","level":"info","event":" 'ds': '2023-06-24',","chan":"stdout","logger":"task"}
{"timestamp":"2025-07-29T19:53:05.012216Z","level":"info","event":" 'ds_nodash': '20230624',","chan":"stdout","logger":"task"}
{"timestamp":"2025-07-29T19:53:05.012255Z","level":"info","event":" 'inlet_events': InletEventsAccessors(_inlets=[], _assets={}, _asset_aliases={}),","chan":"stdout","logger":"task"}
{"timestamp":"2025-07-29T19:53:05.012294Z","level":"info","event":" 'inlets': [],","chan":"stdout","logger":"task"}
{"timestamp":"2025-07-29T19:53:05.012335Z","level":"info","event":" 'logical_date': DateTime(2023, 6, 24, 7, 35, 0, tzinfo=Timezone('UTC')),","chan":"stdout","logger":"task"}
{"timestamp":"2025-07-29T19:53:05.012374Z","level":"info","event":" 'macros': <MacrosAccessor (dynamic access to macros)>,","chan":"stdout","logger":"task"}
{"timestamp":"2025-07-29T19:53:05.012414Z","level":"info","event":" 'map_index_template': None,","chan":"stdout","logger":"task"}
{"timestamp":"2025-07-29T19:53:05.012453Z","level":"info","event":" 'outlet_events': <airflow.sdk.execution_time.context.OutletEventAccessors object at 0x7fb677b4fa70>,","chan":"stdout","logger":"task"}
{"timestamp":"2025-07-29T19:53:05.012493Z","level":"info","event":" 'outlets': [],","chan":"stdout","logger":"task"}
{"timestamp":"2025-07-29T19:53:05.012533Z","level":"info","event":" 'params': {},","chan":"stdout","logger":"task"}
{"timestamp":"2025-07-29T19:53:05.023000Z","level":"info","event":" 'prev_data_interval_end_success': <Proxy at 0x7fb66fde6300 with factory <function RuntimeTaskInstance.get_template_context.<locals>.<lambda> at 0x7fb66fde25c0>>,","chan":"stdout","logger":"task"}
{"timestamp":"2025-07-29T19:53:05.023207Z","level":"info","event":" 'prev_data_interval_start_success': <Proxy at 0x7fb66fde64e0 with factory <function RuntimeTaskInstance.get_template_context.<locals>.<lambda> at 0x7fb66fde3ce0>>,","chan":"stdout","logger":"task"}
{"timestamp":"2025-07-29T19:53:05.023293Z","level":"info","event":" 'prev_end_date_success': <Proxy at 0x7fb67ea77e90 with factory <function RuntimeTaskInstance.get_template_context.<locals>.<lambda> at 0x7fb66fde3d80>>,","chan":"stdout","logger":"task"}
{"timestamp":"2025-07-29T19:53:05.023346Z","level":"info","event":" 'prev_start_date_success': <Proxy at 0x7fb66fdb9a60 with factory <function RuntimeTaskInstance.get_template_context.<locals>.<lambda> at 0x7fb66fde2ac0>>,","chan":"stdout","logger":"task"}
{"timestamp":"2025-07-29T19:53:05.023410Z","level":"info","event":" 'run_id': 'scheduled__2023-06-24T07:35:00+00:00',","chan":"stdout","logger":"task"}
{"timestamp":"2025-07-29T19:53:05.023455Z","level":"info","event":" 'task': <Task(PythonOperator): python>,","chan":"stdout","logger":"task"}
{"timestamp":"2025-07-29T19:53:05.023503Z","level":"info","event":" 'task_instance': RuntimeTaskInstance(id=UUID('019857be-e10b-7ad5-8086-ed3fed84ff48'), task_id='python', dag_id='python_operator_v1', run_id='scheduled__2023-06-24T07:35:00+00:00', try_number=1, map_index=-1, hostname='bf6f1e7a6f11', context_carrier={}, task=<Task(PythonOperator): python>, bundle_instance=LocalDagBundle(name=dags-folder), max_tries=0, start_date=datetime.datetime(2025, 7, 29, 19, 53, 4, 376332, tzinfo=datetime.timezone.utc), end_date=None, state=<TaskInstanceState.RUNNING: 'running'>, is_mapped=False, rendered_map_index=None, log_url='http://localhost:8080/dags/python_operator_v1/runs/scheduled__2023-06-24T07%3A35%3A00%2B00%3A00/tasks/python?try_number=1'),","chan":"stdout","logger":"task"}
{"timestamp":"2025-07-29T19:53:05.023553Z","level":"info","event":" 'task_instance_key_str': 'python_operator_v1__python__20230624',","chan":"stdout","logger":"task"}
{"timestamp":"2025-07-29T19:53:05.023595Z","level":"info","event":" 'task_reschedule_count': 0,","chan":"stdout","logger":"task"}
{"timestamp":"2025-07-29T19:53:05.023635Z","level":"info","event":" 'templates_dict': None,","chan":"stdout","logger":"task"}
{"timestamp":"2025-07-29T19:53:05.023682Z","level":"info","event":" 'ti': RuntimeTaskInstance(id=UUID('019857be-e10b-7ad5-8086-ed3fed84ff48'), task_id='python', dag_id='python_operator_v1', run_id='scheduled__2023-06-24T07:35:00+00:00', try_number=1, map_index=-1, hostname='bf6f1e7a6f11', context_carrier={}, task=<Task(PythonOperator): python>, bundle_instance=LocalDagBundle(name=dags-folder), max_tries=0, start_date=datetime.datetime(2025, 7, 29, 19, 53, 4, 376332, tzinfo=datetime.timezone.utc), end_date=None, state=<TaskInstanceState.RUNNING: 'running'>, is_mapped=False, rendered_map_index=None, log_url='http://localhost:8080/dags/python_operator_v1/runs/scheduled__2023-06-24T07%3A35%3A00%2B00%3A00/tasks/python?try_number=1'),","chan":"stdout","logger":"task"}
{"timestamp":"2025-07-29T19:53:05.023752Z","level":"info","event":" 'triggering_asset_events': TriggeringAssetEventsAccessor(_events=defaultdict(<class 'list'>, {})),","chan":"stdout","logger":"task"}
{"timestamp":"2025-07-29T19:53:05.023798Z","level":"info","event":" 'ts': '2023-06-24T07:35:00+00:00',","chan":"stdout","logger":"task"}
{"timestamp":"2025-07-29T19:53:05.023838Z","level":"info","event":" 'ts_nodash': '20230624T073500',","chan":"stdout","logger":"task"}
{"timestamp":"2025-07-29T19:53:05.023881Z","level":"info","event":" 'ts_nodash_with_tz': '20230624T073500+0000',","chan":"stdout","logger":"task"}
{"timestamp":"2025-07-29T19:53:05.023921Z","level":"info","event":" 'var': {'json': <VariableAccessor (dynamic access)>,","chan":"stdout","logger":"task"}
{"timestamp":"2025-07-29T19:53:05.023961Z","level":"info","event":"         'value': <VariableAccessor (dynamic access)>}}","chan":"stdout","logger":"task"}
{"timestamp":"2025-07-29T19:53:05.023756","level":"info","event":"Done. Returned value was: 123","logger":"airflow.task.operators.airflow.providers.standard.operators.python.PythonOperator"}
{"timestamp":"2025-07-29T19:53:05.023920","level":"info","event":"Pushing xcom","ti":"RuntimeTaskInstance(id=UUID('019857be-e10b-7ad5-8086-ed3fed84ff48'), task_id='python', dag_id='python_operator_v1', run_id='scheduled__2023-06-24T07:35:00+00:00', try_number=1, map_index=-1, hostname='bf6f1e7a6f11', context_carrier={}, task=<Task(PythonOperator): python>, bundle_instance=LocalDagBundle(name=dags-folder), max_tries=0, start_date=datetime.datetime(2025, 7, 29, 19, 53, 4, 376332, tzinfo=datetime.timezone.utc), end_date=None, state=<TaskInstanceState.RUNNING: 'running'>, is_mapped=False, rendered_map_index=None, log_url='http://localhost:8080/dags/python_operator_v1/runs/scheduled__2023-06-24T07%3A35%3A00%2B00%3A00/tasks/python?try_number=1')","logger":"task"}
{"timestamp":"2025-07-29T19:53:05.045657Z","level":"info","event":"Task instance in success state","chan":"stdout","logger":"task"}
{"timestamp":"2025-07-29T19:53:05.045784Z","level":"info","event":" Previous state of the Task instance: TaskInstanceState.RUNNING","chan":"stdout","logger":"task"}
{"timestamp":"2025-07-29T19:53:05.045872Z","level":"info","event":"Task operator:<Task(PythonOperator): python>","chan":"stdout","logger":"task"}
