{"timestamp":"2025-07-29T19:43:18.857146","level":"info","event":"DAG bundles loaded: dags-folder, example_dags","logger":"airflow.dag_processing.bundles.manager.DagBundlesManager"}
{"timestamp":"2025-07-29T19:43:18.857660","level":"info","event":"Filling up the DagBag from /opt/airflow/dags/python_operator_v1.py","logger":"airflow.models.dagbag.DagBag"}
{"timestamp":"2025-07-29T19:43:18.884613Z","level":"info","event":"Task instance is in running state","chan":"stdout","logger":"task"}
{"timestamp":"2025-07-29T19:43:18.884761Z","level":"info","event":" Previous state of the Task instance: TaskInstanceState.QUEUED","chan":"stdout","logger":"task"}
{"timestamp":"2025-07-29T19:43:18.885214Z","level":"info","event":"Current task name:python","chan":"stdout","logger":"task"}
{"timestamp":"2025-07-29T19:43:18.885315Z","level":"info","event":"Dag name:python_operator_v1","chan":"stdout","logger":"task"}
{"timestamp":"2025-07-29T19:43:18.886270Z","level":"info","event":"poliana","chan":"stdout","logger":"task"}
{"timestamp":"2025-07-29T19:43:18.886863Z","level":"info","event":"{'conn': <ConnectionAccessor (dynamic access)>,","chan":"stdout","logger":"task"}
{"timestamp":"2025-07-29T19:43:18.886957Z","level":"info","event":" 'dag': <DAG: python_operator_v1>,","chan":"stdout","logger":"task"}
{"timestamp":"2025-07-29T19:43:18.887061Z","level":"info","event":" 'dag_run': DagRun(dag_id='python_operator_v1', run_id='scheduled__2023-06-23T20:46:00+00:00', logical_date=datetime.datetime(2023, 6, 23, 20, 46, tzinfo=datetime.timezone.utc), data_interval_start=datetime.datetime(2023, 6, 23, 20, 46, tzinfo=datetime.timezone.utc), data_interval_end=datetime.datetime(2023, 6, 23, 20, 46, tzinfo=datetime.timezone.utc), run_after=datetime.datetime(2023, 6, 23, 20, 46, tzinfo=datetime.timezone.utc), start_date=datetime.datetime(2025, 7, 29, 19, 43, 18, 27831, tzinfo=datetime.timezone.utc), end_date=None, clear_number=0, run_type=<DagRunType.SCHEDULED: 'scheduled'>, conf={}, consumed_asset_events=[]),","chan":"stdout","logger":"task"}
{"timestamp":"2025-07-29T19:43:18.887138Z","level":"info","event":" 'data_interval_end': DateTime(2023, 6, 23, 20, 46, 0, tzinfo=Timezone('UTC')),","chan":"stdout","logger":"task"}
{"timestamp":"2025-07-29T19:43:18.887194Z","level":"info","event":" 'data_interval_start': DateTime(2023, 6, 23, 20, 46, 0, tzinfo=Timezone('UTC')),","chan":"stdout","logger":"task"}
{"timestamp":"2025-07-29T19:43:18.887238Z","level":"info","event":" 'ds': '2023-06-23',","chan":"stdout","logger":"task"}
{"timestamp":"2025-07-29T19:43:18.887282Z","level":"info","event":" 'ds_nodash': '20230623',","chan":"stdout","logger":"task"}
{"timestamp":"2025-07-29T19:43:18.887324Z","level":"info","event":" 'inlet_events': InletEventsAccessors(_inlets=[], _assets={}, _asset_aliases={}),","chan":"stdout","logger":"task"}
{"timestamp":"2025-07-29T19:43:18.887365Z","level":"info","event":" 'inlets': [],","chan":"stdout","logger":"task"}
{"timestamp":"2025-07-29T19:43:18.887405Z","level":"info","event":" 'logical_date': DateTime(2023, 6, 23, 20, 46, 0, tzinfo=Timezone('UTC')),","chan":"stdout","logger":"task"}
{"timestamp":"2025-07-29T19:43:18.887445Z","level":"info","event":" 'macros': <MacrosAccessor (dynamic access to macros)>,","chan":"stdout","logger":"task"}
{"timestamp":"2025-07-29T19:43:18.887486Z","level":"info","event":" 'map_index_template': None,","chan":"stdout","logger":"task"}
{"timestamp":"2025-07-29T19:43:18.887526Z","level":"info","event":" 'outlet_events': <airflow.sdk.execution_time.context.OutletEventAccessors object at 0x7fb67827c380>,","chan":"stdout","logger":"task"}
{"timestamp":"2025-07-29T19:43:18.887566Z","level":"info","event":" 'outlets': [],","chan":"stdout","logger":"task"}
{"timestamp":"2025-07-29T19:43:18.887606Z","level":"info","event":" 'params': {},","chan":"stdout","logger":"task"}
{"timestamp":"2025-07-29T19:43:18.896204Z","level":"info","event":" 'prev_data_interval_end_success': <Proxy at 0x7fb66fc9f0b0 with factory <function RuntimeTaskInstance.get_template_context.<locals>.<lambda> at 0x7fb66fcc0900>>,","chan":"stdout","logger":"task"}
{"timestamp":"2025-07-29T19:43:18.896343Z","level":"info","event":" 'prev_data_interval_start_success': <Proxy at 0x7fb66fc9eed0 with factory <function RuntimeTaskInstance.get_template_context.<locals>.<lambda> at 0x7fb66fcc2020>>,","chan":"stdout","logger":"task"}
{"timestamp":"2025-07-29T19:43:18.896455Z","level":"info","event":" 'prev_end_date_success': <Proxy at 0x7fb66fc9f3e0 with factory <function RuntimeTaskInstance.get_template_context.<locals>.<lambda> at 0x7fb66fcc20c0>>,","chan":"stdout","logger":"task"}
{"timestamp":"2025-07-29T19:43:18.896509Z","level":"info","event":" 'prev_start_date_success': <Proxy at 0x7fb677766300 with factory <function RuntimeTaskInstance.get_template_context.<locals>.<lambda> at 0x7fb66fcc0e00>>,","chan":"stdout","logger":"task"}
{"timestamp":"2025-07-29T19:43:18.896555Z","level":"info","event":" 'run_id': 'scheduled__2023-06-23T20:46:00+00:00',","chan":"stdout","logger":"task"}
{"timestamp":"2025-07-29T19:43:18.896597Z","level":"info","event":" 'task': <Task(PythonOperator): python>,","chan":"stdout","logger":"task"}
{"timestamp":"2025-07-29T19:43:18.896642Z","level":"info","event":" 'task_instance': RuntimeTaskInstance(id=UUID('019857b5-f005-7e99-bf4d-f8d2c1b04c82'), task_id='python', dag_id='python_operator_v1', run_id='scheduled__2023-06-23T20:46:00+00:00', try_number=1, map_index=-1, hostname='bf6f1e7a6f11', context_carrier={}, task=<Task(PythonOperator): python>, bundle_instance=LocalDagBundle(name=dags-folder), max_tries=0, start_date=datetime.datetime(2025, 7, 29, 19, 43, 18, 357701, tzinfo=datetime.timezone.utc), end_date=None, state=<TaskInstanceState.RUNNING: 'running'>, is_mapped=False, rendered_map_index=None, log_url='http://localhost:8080/dags/python_operator_v1/runs/scheduled__2023-06-23T20%3A46%3A00%2B00%3A00/tasks/python?try_number=1'),","chan":"stdout","logger":"task"}
{"timestamp":"2025-07-29T19:43:18.896687Z","level":"info","event":" 'task_instance_key_str': 'python_operator_v1__python__20230623',","chan":"stdout","logger":"task"}
{"timestamp":"2025-07-29T19:43:18.896728Z","level":"info","event":" 'task_reschedule_count': 0,","chan":"stdout","logger":"task"}
{"timestamp":"2025-07-29T19:43:18.896769Z","level":"info","event":" 'templates_dict': None,","chan":"stdout","logger":"task"}
{"timestamp":"2025-07-29T19:43:18.896812Z","level":"info","event":" 'ti': RuntimeTaskInstance(id=UUID('019857b5-f005-7e99-bf4d-f8d2c1b04c82'), task_id='python', dag_id='python_operator_v1', run_id='scheduled__2023-06-23T20:46:00+00:00', try_number=1, map_index=-1, hostname='bf6f1e7a6f11', context_carrier={}, task=<Task(PythonOperator): python>, bundle_instance=LocalDagBundle(name=dags-folder), max_tries=0, start_date=datetime.datetime(2025, 7, 29, 19, 43, 18, 357701, tzinfo=datetime.timezone.utc), end_date=None, state=<TaskInstanceState.RUNNING: 'running'>, is_mapped=False, rendered_map_index=None, log_url='http://localhost:8080/dags/python_operator_v1/runs/scheduled__2023-06-23T20%3A46%3A00%2B00%3A00/tasks/python?try_number=1'),","chan":"stdout","logger":"task"}
{"timestamp":"2025-07-29T19:43:18.896854Z","level":"info","event":" 'triggering_asset_events': TriggeringAssetEventsAccessor(_events=defaultdict(<class 'list'>, {})),","chan":"stdout","logger":"task"}
{"timestamp":"2025-07-29T19:43:18.896895Z","level":"info","event":" 'ts': '2023-06-23T20:46:00+00:00',","chan":"stdout","logger":"task"}
{"timestamp":"2025-07-29T19:43:18.896934Z","level":"info","event":" 'ts_nodash': '20230623T204600',","chan":"stdout","logger":"task"}
{"timestamp":"2025-07-29T19:43:18.896973Z","level":"info","event":" 'ts_nodash_with_tz': '20230623T204600+0000',","chan":"stdout","logger":"task"}
{"timestamp":"2025-07-29T19:43:18.897013Z","level":"info","event":" 'var': {'json': <VariableAccessor (dynamic access)>,","chan":"stdout","logger":"task"}
{"timestamp":"2025-07-29T19:43:18.897053Z","level":"info","event":"         'value': <VariableAccessor (dynamic access)>}}","chan":"stdout","logger":"task"}
{"timestamp":"2025-07-29T19:43:18.896841","level":"info","event":"Done. Returned value was: 123","logger":"airflow.task.operators.airflow.providers.standard.operators.python.PythonOperator"}
{"timestamp":"2025-07-29T19:43:18.897007","level":"info","event":"Pushing xcom","ti":"RuntimeTaskInstance(id=UUID('019857b5-f005-7e99-bf4d-f8d2c1b04c82'), task_id='python', dag_id='python_operator_v1', run_id='scheduled__2023-06-23T20:46:00+00:00', try_number=1, map_index=-1, hostname='bf6f1e7a6f11', context_carrier={}, task=<Task(PythonOperator): python>, bundle_instance=LocalDagBundle(name=dags-folder), max_tries=0, start_date=datetime.datetime(2025, 7, 29, 19, 43, 18, 357701, tzinfo=datetime.timezone.utc), end_date=None, state=<TaskInstanceState.RUNNING: 'running'>, is_mapped=False, rendered_map_index=None, log_url='http://localhost:8080/dags/python_operator_v1/runs/scheduled__2023-06-23T20%3A46%3A00%2B00%3A00/tasks/python?try_number=1')","logger":"task"}
{"timestamp":"2025-07-29T19:43:18.919331Z","level":"info","event":"Task instance in success state","chan":"stdout","logger":"task"}
{"timestamp":"2025-07-29T19:43:18.919495Z","level":"info","event":" Previous state of the Task instance: TaskInstanceState.RUNNING","chan":"stdout","logger":"task"}
{"timestamp":"2025-07-29T19:43:18.919640Z","level":"info","event":"Task operator:<Task(PythonOperator): python>","chan":"stdout","logger":"task"}
