{"timestamp":"2025-07-29T19:20:27.353004","level":"info","event":"DAG bundles loaded: dags-folder, example_dags","logger":"airflow.dag_processing.bundles.manager.DagBundlesManager"}
{"timestamp":"2025-07-29T19:20:27.353524","level":"info","event":"Filling up the DagBag from /opt/airflow/dags/python_operator_v1.py","logger":"airflow.models.dagbag.DagBag"}
{"timestamp":"2025-07-29T19:20:27.388323Z","level":"info","event":"Task instance is in running state","chan":"stdout","logger":"task"}
{"timestamp":"2025-07-29T19:20:27.388485Z","level":"info","event":" Previous state of the Task instance: TaskInstanceState.QUEUED","chan":"stdout","logger":"task"}
{"timestamp":"2025-07-29T19:20:27.389186Z","level":"info","event":"Current task name:python","chan":"stdout","logger":"task"}
{"timestamp":"2025-07-29T19:20:27.389348Z","level":"info","event":"Dag name:python_operator_v1","chan":"stdout","logger":"task"}
{"timestamp":"2025-07-29T19:20:27.390851Z","level":"info","event":"poliana","chan":"stdout","logger":"task"}
{"timestamp":"2025-07-29T19:20:27.391799Z","level":"info","event":"{'conn': <ConnectionAccessor (dynamic access)>,","chan":"stdout","logger":"task"}
{"timestamp":"2025-07-29T19:20:27.391981Z","level":"info","event":" 'dag': <DAG: python_operator_v1>,","chan":"stdout","logger":"task"}
{"timestamp":"2025-07-29T19:20:27.392164Z","level":"info","event":" 'dag_run': DagRun(dag_id='python_operator_v1', run_id='scheduled__2023-06-22T19:57:00+00:00', logical_date=datetime.datetime(2023, 6, 22, 19, 57, tzinfo=datetime.timezone.utc), data_interval_start=datetime.datetime(2023, 6, 22, 19, 57, tzinfo=datetime.timezone.utc), data_interval_end=datetime.datetime(2023, 6, 22, 19, 57, tzinfo=datetime.timezone.utc), run_after=datetime.datetime(2023, 6, 22, 19, 57, tzinfo=datetime.timezone.utc), start_date=datetime.datetime(2025, 7, 29, 19, 20, 26, 654194, tzinfo=datetime.timezone.utc), end_date=None, clear_number=0, run_type=<DagRunType.SCHEDULED: 'scheduled'>, conf={}, consumed_asset_events=[]),","chan":"stdout","logger":"task"}
{"timestamp":"2025-07-29T19:20:27.392263Z","level":"info","event":" 'data_interval_end': DateTime(2023, 6, 22, 19, 57, 0, tzinfo=Timezone('UTC')),","chan":"stdout","logger":"task"}
{"timestamp":"2025-07-29T19:20:27.392338Z","level":"info","event":" 'data_interval_start': DateTime(2023, 6, 22, 19, 57, 0, tzinfo=Timezone('UTC')),","chan":"stdout","logger":"task"}
{"timestamp":"2025-07-29T19:20:27.392403Z","level":"info","event":" 'ds': '2023-06-22',","chan":"stdout","logger":"task"}
{"timestamp":"2025-07-29T19:20:27.392467Z","level":"info","event":" 'ds_nodash': '20230622',","chan":"stdout","logger":"task"}
{"timestamp":"2025-07-29T19:20:27.392529Z","level":"info","event":" 'inlet_events': InletEventsAccessors(_inlets=[], _assets={}, _asset_aliases={}),","chan":"stdout","logger":"task"}
{"timestamp":"2025-07-29T19:20:27.392593Z","level":"info","event":" 'inlets': [],","chan":"stdout","logger":"task"}
{"timestamp":"2025-07-29T19:20:27.392657Z","level":"info","event":" 'logical_date': DateTime(2023, 6, 22, 19, 57, 0, tzinfo=Timezone('UTC')),","chan":"stdout","logger":"task"}
{"timestamp":"2025-07-29T19:20:27.392717Z","level":"info","event":" 'macros': <MacrosAccessor (dynamic access to macros)>,","chan":"stdout","logger":"task"}
{"timestamp":"2025-07-29T19:20:27.392779Z","level":"info","event":" 'map_index_template': None,","chan":"stdout","logger":"task"}
{"timestamp":"2025-07-29T19:20:27.392842Z","level":"info","event":" 'outlet_events': <airflow.sdk.execution_time.context.OutletEventAccessors object at 0x7fb67805e180>,","chan":"stdout","logger":"task"}
{"timestamp":"2025-07-29T19:20:27.392907Z","level":"info","event":" 'outlets': [],","chan":"stdout","logger":"task"}
{"timestamp":"2025-07-29T19:20:27.392968Z","level":"info","event":" 'params': {},","chan":"stdout","logger":"task"}
{"timestamp":"2025-07-29T19:20:27.407650Z","level":"info","event":" 'prev_data_interval_end_success': <Proxy at 0x7fb66fc36d20 with factory <function RuntimeTaskInstance.get_template_context.<locals>.<lambda> at 0x7fb66fc527a0>>,","chan":"stdout","logger":"task"}
{"timestamp":"2025-07-29T19:20:27.407918Z","level":"info","event":" 'prev_data_interval_start_success': <Proxy at 0x7fb66fc37a40 with factory <function RuntimeTaskInstance.get_template_context.<locals>.<lambda> at 0x7fb66fc53ec0>>,","chan":"stdout","logger":"task"}
{"timestamp":"2025-07-29T19:20:27.408051Z","level":"info","event":" 'prev_end_date_success': <Proxy at 0x7fb66fc37e30 with factory <function RuntimeTaskInstance.get_template_context.<locals>.<lambda> at 0x7fb66fc53f60>>,","chan":"stdout","logger":"task"}
{"timestamp":"2025-07-29T19:20:27.408140Z","level":"info","event":" 'prev_start_date_success': <Proxy at 0x7fb66fc35af0 with factory <function RuntimeTaskInstance.get_template_context.<locals>.<lambda> at 0x7fb66fc52ca0>>,","chan":"stdout","logger":"task"}
{"timestamp":"2025-07-29T19:20:27.408255Z","level":"info","event":" 'run_id': 'scheduled__2023-06-22T19:57:00+00:00',","chan":"stdout","logger":"task"}
{"timestamp":"2025-07-29T19:20:27.408343Z","level":"info","event":" 'task': <Task(PythonOperator): python>,","chan":"stdout","logger":"task"}
{"timestamp":"2025-07-29T19:20:27.408426Z","level":"info","event":" 'task_instance': RuntimeTaskInstance(id=UUID('019857a1-031b-7b47-828c-de1b50eb76a9'), task_id='python', dag_id='python_operator_v1', run_id='scheduled__2023-06-22T19:57:00+00:00', try_number=1, map_index=-1, hostname='bf6f1e7a6f11', context_carrier={}, task=<Task(PythonOperator): python>, bundle_instance=LocalDagBundle(name=dags-folder), max_tries=0, start_date=datetime.datetime(2025, 7, 29, 19, 20, 26, 838940, tzinfo=datetime.timezone.utc), end_date=None, state=<TaskInstanceState.RUNNING: 'running'>, is_mapped=False, rendered_map_index=None, log_url='http://localhost:8080/dags/python_operator_v1/runs/scheduled__2023-06-22T19%3A57%3A00%2B00%3A00/tasks/python?try_number=1'),","chan":"stdout","logger":"task"}
{"timestamp":"2025-07-29T19:20:27.408514Z","level":"info","event":" 'task_instance_key_str': 'python_operator_v1__python__20230622',","chan":"stdout","logger":"task"}
{"timestamp":"2025-07-29T19:20:27.408596Z","level":"info","event":" 'task_reschedule_count': 0,","chan":"stdout","logger":"task"}
{"timestamp":"2025-07-29T19:20:27.408675Z","level":"info","event":" 'templates_dict': None,","chan":"stdout","logger":"task"}
{"timestamp":"2025-07-29T19:20:27.408755Z","level":"info","event":" 'ti': RuntimeTaskInstance(id=UUID('019857a1-031b-7b47-828c-de1b50eb76a9'), task_id='python', dag_id='python_operator_v1', run_id='scheduled__2023-06-22T19:57:00+00:00', try_number=1, map_index=-1, hostname='bf6f1e7a6f11', context_carrier={}, task=<Task(PythonOperator): python>, bundle_instance=LocalDagBundle(name=dags-folder), max_tries=0, start_date=datetime.datetime(2025, 7, 29, 19, 20, 26, 838940, tzinfo=datetime.timezone.utc), end_date=None, state=<TaskInstanceState.RUNNING: 'running'>, is_mapped=False, rendered_map_index=None, log_url='http://localhost:8080/dags/python_operator_v1/runs/scheduled__2023-06-22T19%3A57%3A00%2B00%3A00/tasks/python?try_number=1'),","chan":"stdout","logger":"task"}
{"timestamp":"2025-07-29T19:20:27.408841Z","level":"info","event":" 'triggering_asset_events': TriggeringAssetEventsAccessor(_events=defaultdict(<class 'list'>, {})),","chan":"stdout","logger":"task"}
{"timestamp":"2025-07-29T19:20:27.408920Z","level":"info","event":" 'ts': '2023-06-22T19:57:00+00:00',","chan":"stdout","logger":"task"}
{"timestamp":"2025-07-29T19:20:27.408997Z","level":"info","event":" 'ts_nodash': '20230622T195700',","chan":"stdout","logger":"task"}
{"timestamp":"2025-07-29T19:20:27.409077Z","level":"info","event":" 'ts_nodash_with_tz': '20230622T195700+0000',","chan":"stdout","logger":"task"}
{"timestamp":"2025-07-29T19:20:27.409155Z","level":"info","event":" 'var': {'json': <VariableAccessor (dynamic access)>,","chan":"stdout","logger":"task"}
{"timestamp":"2025-07-29T19:20:27.409258Z","level":"info","event":"         'value': <VariableAccessor (dynamic access)>}}","chan":"stdout","logger":"task"}
{"timestamp":"2025-07-29T19:20:27.408415","level":"info","event":"Done. Returned value was: 123","logger":"airflow.task.operators.airflow.providers.standard.operators.python.PythonOperator"}
{"timestamp":"2025-07-29T19:20:27.408649","level":"info","event":"Pushing xcom","ti":"RuntimeTaskInstance(id=UUID('019857a1-031b-7b47-828c-de1b50eb76a9'), task_id='python', dag_id='python_operator_v1', run_id='scheduled__2023-06-22T19:57:00+00:00', try_number=1, map_index=-1, hostname='bf6f1e7a6f11', context_carrier={}, task=<Task(PythonOperator): python>, bundle_instance=LocalDagBundle(name=dags-folder), max_tries=0, start_date=datetime.datetime(2025, 7, 29, 19, 20, 26, 838940, tzinfo=datetime.timezone.utc), end_date=None, state=<TaskInstanceState.RUNNING: 'running'>, is_mapped=False, rendered_map_index=None, log_url='http://localhost:8080/dags/python_operator_v1/runs/scheduled__2023-06-22T19%3A57%3A00%2B00%3A00/tasks/python?try_number=1')","logger":"task"}
{"timestamp":"2025-07-29T19:20:27.439522Z","level":"info","event":"Task instance in success state","chan":"stdout","logger":"task"}
{"timestamp":"2025-07-29T19:20:27.439661Z","level":"info","event":" Previous state of the Task instance: TaskInstanceState.RUNNING","chan":"stdout","logger":"task"}
{"timestamp":"2025-07-29T19:20:27.439780Z","level":"info","event":"Task operator:<Task(PythonOperator): python>","chan":"stdout","logger":"task"}
