{"timestamp":"2025-07-29T20:01:45.383575","level":"info","event":"DAG bundles loaded: dags-folder, example_dags","logger":"airflow.dag_processing.bundles.manager.DagBundlesManager"}
{"timestamp":"2025-07-29T20:01:45.384058","level":"info","event":"Filling up the DagBag from /opt/airflow/dags/2_python_operator_v1.py","logger":"airflow.models.dagbag.DagBag"}
{"timestamp":"2025-07-29T20:01:45.406061Z","level":"info","event":"Task instance is in running state","chan":"stdout","logger":"task"}
{"timestamp":"2025-07-29T20:01:45.406231Z","level":"info","event":" Previous state of the Task instance: TaskInstanceState.QUEUED","chan":"stdout","logger":"task"}
{"timestamp":"2025-07-29T20:01:45.406314Z","level":"info","event":"Current task name:python","chan":"stdout","logger":"task"}
{"timestamp":"2025-07-29T20:01:45.406366Z","level":"info","event":"Dag name:python_operator_v1","chan":"stdout","logger":"task"}
{"timestamp":"2025-07-29T20:01:45.407731Z","level":"info","event":"poliana","chan":"stdout","logger":"task"}
{"timestamp":"2025-07-29T20:01:45.408343Z","level":"info","event":"{'conn': <ConnectionAccessor (dynamic access)>,","chan":"stdout","logger":"task"}
{"timestamp":"2025-07-29T20:01:45.408441Z","level":"info","event":" 'dag': <DAG: python_operator_v1>,","chan":"stdout","logger":"task"}
{"timestamp":"2025-07-29T20:01:45.408553Z","level":"info","event":" 'dag_run': DagRun(dag_id='python_operator_v1', run_id='scheduled__2023-06-24T15:56:00+00:00', logical_date=datetime.datetime(2023, 6, 24, 15, 56, tzinfo=datetime.timezone.utc), data_interval_start=datetime.datetime(2023, 6, 24, 15, 56, tzinfo=datetime.timezone.utc), data_interval_end=datetime.datetime(2023, 6, 24, 15, 56, tzinfo=datetime.timezone.utc), run_after=datetime.datetime(2023, 6, 24, 15, 56, tzinfo=datetime.timezone.utc), start_date=datetime.datetime(2025, 7, 29, 20, 1, 44, 154519, tzinfo=datetime.timezone.utc), end_date=None, clear_number=0, run_type=<DagRunType.SCHEDULED: 'scheduled'>, conf={}, consumed_asset_events=[]),","chan":"stdout","logger":"task"}
{"timestamp":"2025-07-29T20:01:45.408617Z","level":"info","event":" 'data_interval_end': DateTime(2023, 6, 24, 15, 56, 0, tzinfo=Timezone('UTC')),","chan":"stdout","logger":"task"}
{"timestamp":"2025-07-29T20:01:45.408665Z","level":"info","event":" 'data_interval_start': DateTime(2023, 6, 24, 15, 56, 0, tzinfo=Timezone('UTC')),","chan":"stdout","logger":"task"}
{"timestamp":"2025-07-29T20:01:45.408708Z","level":"info","event":" 'ds': '2023-06-24',","chan":"stdout","logger":"task"}
{"timestamp":"2025-07-29T20:01:45.408751Z","level":"info","event":" 'ds_nodash': '20230624',","chan":"stdout","logger":"task"}
{"timestamp":"2025-07-29T20:01:45.408821Z","level":"info","event":" 'inlet_events': InletEventsAccessors(_inlets=[], _assets={}, _asset_aliases={}),","chan":"stdout","logger":"task"}
{"timestamp":"2025-07-29T20:01:45.408890Z","level":"info","event":" 'inlets': [],","chan":"stdout","logger":"task"}
{"timestamp":"2025-07-29T20:01:45.408935Z","level":"info","event":" 'logical_date': DateTime(2023, 6, 24, 15, 56, 0, tzinfo=Timezone('UTC')),","chan":"stdout","logger":"task"}
{"timestamp":"2025-07-29T20:01:45.408977Z","level":"info","event":" 'macros': <MacrosAccessor (dynamic access to macros)>,","chan":"stdout","logger":"task"}
{"timestamp":"2025-07-29T20:01:45.409018Z","level":"info","event":" 'map_index_template': None,","chan":"stdout","logger":"task"}
{"timestamp":"2025-07-29T20:01:45.409059Z","level":"info","event":" 'outlet_events': <airflow.sdk.execution_time.context.OutletEventAccessors object at 0x7fb67e9eff20>,","chan":"stdout","logger":"task"}
{"timestamp":"2025-07-29T20:01:45.409101Z","level":"info","event":" 'outlets': [],","chan":"stdout","logger":"task"}
{"timestamp":"2025-07-29T20:01:45.409142Z","level":"info","event":" 'params': {},","chan":"stdout","logger":"task"}
{"timestamp":"2025-07-29T20:01:45.419482Z","level":"info","event":" 'prev_data_interval_end_success': <Proxy at 0x7fb66fc14ef0 with factory <function RuntimeTaskInstance.get_template_context.<locals>.<lambda> at 0x7fb66fc36480>>,","chan":"stdout","logger":"task"}
{"timestamp":"2025-07-29T20:01:45.419673Z","level":"info","event":" 'prev_data_interval_start_success': <Proxy at 0x7fb66ffcdc70 with factory <function RuntimeTaskInstance.get_template_context.<locals>.<lambda> at 0x7fb66fc37ba0>>,","chan":"stdout","logger":"task"}
{"timestamp":"2025-07-29T20:01:45.419771Z","level":"info","event":" 'prev_end_date_success': <Proxy at 0x7fb67ebbfe30 with factory <function RuntimeTaskInstance.get_template_context.<locals>.<lambda> at 0x7fb66fc37c40>>,","chan":"stdout","logger":"task"}
{"timestamp":"2025-07-29T20:01:45.419824Z","level":"info","event":" 'prev_start_date_success': <Proxy at 0x7fb66fc15640 with factory <function RuntimeTaskInstance.get_template_context.<locals>.<lambda> at 0x7fb66fc36980>>,","chan":"stdout","logger":"task"}
{"timestamp":"2025-07-29T20:01:45.419875Z","level":"info","event":" 'run_id': 'scheduled__2023-06-24T15:56:00+00:00',","chan":"stdout","logger":"task"}
{"timestamp":"2025-07-29T20:01:45.419920Z","level":"info","event":" 'task': <Task(PythonOperator): python>,","chan":"stdout","logger":"task"}
{"timestamp":"2025-07-29T20:01:45.419964Z","level":"info","event":" 'task_instance': RuntimeTaskInstance(id=UUID('019857c6-d0cd-76c1-bae4-e378f8c28e07'), task_id='python', dag_id='python_operator_v1', run_id='scheduled__2023-06-24T15:56:00+00:00', try_number=1, map_index=-1, hostname='bf6f1e7a6f11', context_carrier={}, task=<Task(PythonOperator): python>, bundle_instance=LocalDagBundle(name=dags-folder), max_tries=0, start_date=datetime.datetime(2025, 7, 29, 20, 1, 44, 829479, tzinfo=datetime.timezone.utc), end_date=None, state=<TaskInstanceState.RUNNING: 'running'>, is_mapped=False, rendered_map_index=None, log_url='http://localhost:8080/dags/python_operator_v1/runs/scheduled__2023-06-24T15%3A56%3A00%2B00%3A00/tasks/python?try_number=1'),","chan":"stdout","logger":"task"}
{"timestamp":"2025-07-29T20:01:45.420010Z","level":"info","event":" 'task_instance_key_str': 'python_operator_v1__python__20230624',","chan":"stdout","logger":"task"}
{"timestamp":"2025-07-29T20:01:45.420053Z","level":"info","event":" 'task_reschedule_count': 0,","chan":"stdout","logger":"task"}
{"timestamp":"2025-07-29T20:01:45.420096Z","level":"info","event":" 'templates_dict': None,","chan":"stdout","logger":"task"}
{"timestamp":"2025-07-29T20:01:45.420140Z","level":"info","event":" 'ti': RuntimeTaskInstance(id=UUID('019857c6-d0cd-76c1-bae4-e378f8c28e07'), task_id='python', dag_id='python_operator_v1', run_id='scheduled__2023-06-24T15:56:00+00:00', try_number=1, map_index=-1, hostname='bf6f1e7a6f11', context_carrier={}, task=<Task(PythonOperator): python>, bundle_instance=LocalDagBundle(name=dags-folder), max_tries=0, start_date=datetime.datetime(2025, 7, 29, 20, 1, 44, 829479, tzinfo=datetime.timezone.utc), end_date=None, state=<TaskInstanceState.RUNNING: 'running'>, is_mapped=False, rendered_map_index=None, log_url='http://localhost:8080/dags/python_operator_v1/runs/scheduled__2023-06-24T15%3A56%3A00%2B00%3A00/tasks/python?try_number=1'),","chan":"stdout","logger":"task"}
{"timestamp":"2025-07-29T20:01:45.420185Z","level":"info","event":" 'triggering_asset_events': TriggeringAssetEventsAccessor(_events=defaultdict(<class 'list'>, {})),","chan":"stdout","logger":"task"}
{"timestamp":"2025-07-29T20:01:45.420225Z","level":"info","event":" 'ts': '2023-06-24T15:56:00+00:00',","chan":"stdout","logger":"task"}
{"timestamp":"2025-07-29T20:01:45.420266Z","level":"info","event":" 'ts_nodash': '20230624T155600',","chan":"stdout","logger":"task"}
{"timestamp":"2025-07-29T20:01:45.420334Z","level":"info","event":" 'ts_nodash_with_tz': '20230624T155600+0000',","chan":"stdout","logger":"task"}
{"timestamp":"2025-07-29T20:01:45.420381Z","level":"info","event":" 'var': {'json': <VariableAccessor (dynamic access)>,","chan":"stdout","logger":"task"}
{"timestamp":"2025-07-29T20:01:45.420424Z","level":"info","event":"         'value': <VariableAccessor (dynamic access)>}}","chan":"stdout","logger":"task"}
{"timestamp":"2025-07-29T20:01:45.420184","level":"info","event":"Done. Returned value was: 123","logger":"airflow.task.operators.airflow.providers.standard.operators.python.PythonOperator"}
{"timestamp":"2025-07-29T20:01:45.420355","level":"info","event":"Pushing xcom","ti":"RuntimeTaskInstance(id=UUID('019857c6-d0cd-76c1-bae4-e378f8c28e07'), task_id='python', dag_id='python_operator_v1', run_id='scheduled__2023-06-24T15:56:00+00:00', try_number=1, map_index=-1, hostname='bf6f1e7a6f11', context_carrier={}, task=<Task(PythonOperator): python>, bundle_instance=LocalDagBundle(name=dags-folder), max_tries=0, start_date=datetime.datetime(2025, 7, 29, 20, 1, 44, 829479, tzinfo=datetime.timezone.utc), end_date=None, state=<TaskInstanceState.RUNNING: 'running'>, is_mapped=False, rendered_map_index=None, log_url='http://localhost:8080/dags/python_operator_v1/runs/scheduled__2023-06-24T15%3A56%3A00%2B00%3A00/tasks/python?try_number=1')","logger":"task"}
{"timestamp":"2025-07-29T20:01:45.446079Z","level":"info","event":"Task instance in success state","chan":"stdout","logger":"task"}
{"timestamp":"2025-07-29T20:01:45.446239Z","level":"info","event":" Previous state of the Task instance: TaskInstanceState.RUNNING","chan":"stdout","logger":"task"}
{"timestamp":"2025-07-29T20:01:45.446352Z","level":"info","event":"Task operator:<Task(PythonOperator): python>","chan":"stdout","logger":"task"}
