{"timestamp":"2025-07-29T19:35:48.964491","level":"info","event":"DAG bundles loaded: dags-folder, example_dags","logger":"airflow.dag_processing.bundles.manager.DagBundlesManager"}
{"timestamp":"2025-07-29T19:35:48.965035","level":"info","event":"Filling up the DagBag from /opt/airflow/dags/python_operator_v1.py","logger":"airflow.models.dagbag.DagBag"}
{"timestamp":"2025-07-29T19:35:48.986395Z","level":"info","event":"Task instance is in running state","chan":"stdout","logger":"task"}
{"timestamp":"2025-07-29T19:35:48.986691Z","level":"info","event":" Previous state of the Task instance: TaskInstanceState.QUEUED","chan":"stdout","logger":"task"}
{"timestamp":"2025-07-29T19:35:48.987276Z","level":"info","event":"Current task name:python","chan":"stdout","logger":"task"}
{"timestamp":"2025-07-29T19:35:48.987394Z","level":"info","event":"Dag name:python_operator_v1","chan":"stdout","logger":"task"}
{"timestamp":"2025-07-29T19:35:48.988548Z","level":"info","event":"poliana","chan":"stdout","logger":"task"}
{"timestamp":"2025-07-29T19:35:48.989469Z","level":"info","event":"{'conn': <ConnectionAccessor (dynamic access)>,","chan":"stdout","logger":"task"}
{"timestamp":"2025-07-29T19:35:48.989745Z","level":"info","event":" 'dag': <DAG: python_operator_v1>,","chan":"stdout","logger":"task"}
{"timestamp":"2025-07-29T19:35:48.990010Z","level":"info","event":" 'dag_run': DagRun(dag_id='python_operator_v1', run_id='scheduled__2023-06-23T12:41:00+00:00', logical_date=datetime.datetime(2023, 6, 23, 12, 41, tzinfo=datetime.timezone.utc), data_interval_start=datetime.datetime(2023, 6, 23, 12, 41, tzinfo=datetime.timezone.utc), data_interval_end=datetime.datetime(2023, 6, 23, 12, 41, tzinfo=datetime.timezone.utc), run_after=datetime.datetime(2023, 6, 23, 12, 41, tzinfo=datetime.timezone.utc), start_date=datetime.datetime(2025, 7, 29, 19, 35, 48, 14526, tzinfo=datetime.timezone.utc), end_date=None, clear_number=0, run_type=<DagRunType.SCHEDULED: 'scheduled'>, conf={}, consumed_asset_events=[]),","chan":"stdout","logger":"task"}
{"timestamp":"2025-07-29T19:35:48.990195Z","level":"info","event":" 'data_interval_end': DateTime(2023, 6, 23, 12, 41, 0, tzinfo=Timezone('UTC')),","chan":"stdout","logger":"task"}
{"timestamp":"2025-07-29T19:35:48.990282Z","level":"info","event":" 'data_interval_start': DateTime(2023, 6, 23, 12, 41, 0, tzinfo=Timezone('UTC')),","chan":"stdout","logger":"task"}
{"timestamp":"2025-07-29T19:35:48.990355Z","level":"info","event":" 'ds': '2023-06-23',","chan":"stdout","logger":"task"}
{"timestamp":"2025-07-29T19:35:48.990425Z","level":"info","event":" 'ds_nodash': '20230623',","chan":"stdout","logger":"task"}
{"timestamp":"2025-07-29T19:35:48.990488Z","level":"info","event":" 'inlet_events': InletEventsAccessors(_inlets=[], _assets={}, _asset_aliases={}),","chan":"stdout","logger":"task"}
{"timestamp":"2025-07-29T19:35:48.990551Z","level":"info","event":" 'inlets': [],","chan":"stdout","logger":"task"}
{"timestamp":"2025-07-29T19:35:48.990618Z","level":"info","event":" 'logical_date': DateTime(2023, 6, 23, 12, 41, 0, tzinfo=Timezone('UTC')),","chan":"stdout","logger":"task"}
{"timestamp":"2025-07-29T19:35:48.990688Z","level":"info","event":" 'macros': <MacrosAccessor (dynamic access to macros)>,","chan":"stdout","logger":"task"}
{"timestamp":"2025-07-29T19:35:48.990767Z","level":"info","event":" 'map_index_template': None,","chan":"stdout","logger":"task"}
{"timestamp":"2025-07-29T19:35:48.990861Z","level":"info","event":" 'outlet_events': <airflow.sdk.execution_time.context.OutletEventAccessors object at 0x7fb66fd9f650>,","chan":"stdout","logger":"task"}
{"timestamp":"2025-07-29T19:35:48.990940Z","level":"info","event":" 'outlets': [],","chan":"stdout","logger":"task"}
{"timestamp":"2025-07-29T19:35:48.991016Z","level":"info","event":" 'params': {},","chan":"stdout","logger":"task"}
{"timestamp":"2025-07-29T19:35:48.999010Z","level":"info","event":" 'prev_data_interval_end_success': <Proxy at 0x7fb66fc9c5c0 with factory <function RuntimeTaskInstance.get_template_context.<locals>.<lambda> at 0x7fb66fca2020>>,","chan":"stdout","logger":"task"}
{"timestamp":"2025-07-29T19:35:48.999190Z","level":"info","event":" 'prev_data_interval_start_success': <Proxy at 0x7fb67b7b78c0 with factory <function RuntimeTaskInstance.get_template_context.<locals>.<lambda> at 0x7fb66fca3740>>,","chan":"stdout","logger":"task"}
{"timestamp":"2025-07-29T19:35:48.999260Z","level":"info","event":" 'prev_end_date_success': <Proxy at 0x7fb67ebcfe30 with factory <function RuntimeTaskInstance.get_template_context.<locals>.<lambda> at 0x7fb66fca37e0>>,","chan":"stdout","logger":"task"}
{"timestamp":"2025-07-29T19:35:48.999309Z","level":"info","event":" 'prev_start_date_success': <Proxy at 0x7fb66fc7ef30 with factory <function RuntimeTaskInstance.get_template_context.<locals>.<lambda> at 0x7fb66fca2520>>,","chan":"stdout","logger":"task"}
{"timestamp":"2025-07-29T19:35:48.999354Z","level":"info","event":" 'run_id': 'scheduled__2023-06-23T12:41:00+00:00',","chan":"stdout","logger":"task"}
{"timestamp":"2025-07-29T19:35:48.999397Z","level":"info","event":" 'task': <Task(PythonOperator): python>,","chan":"stdout","logger":"task"}
{"timestamp":"2025-07-29T19:35:48.999440Z","level":"info","event":" 'task_instance': RuntimeTaskInstance(id=UUID('019857af-1227-7970-8715-e9aaf96cace1'), task_id='python', dag_id='python_operator_v1', run_id='scheduled__2023-06-23T12:41:00+00:00', try_number=1, map_index=-1, hostname='bf6f1e7a6f11', context_carrier={}, task=<Task(PythonOperator): python>, bundle_instance=LocalDagBundle(name=dags-folder), max_tries=0, start_date=datetime.datetime(2025, 7, 29, 19, 35, 48, 416826, tzinfo=datetime.timezone.utc), end_date=None, state=<TaskInstanceState.RUNNING: 'running'>, is_mapped=False, rendered_map_index=None, log_url='http://localhost:8080/dags/python_operator_v1/runs/scheduled__2023-06-23T12%3A41%3A00%2B00%3A00/tasks/python?try_number=1'),","chan":"stdout","logger":"task"}
{"timestamp":"2025-07-29T19:35:48.999486Z","level":"info","event":" 'task_instance_key_str': 'python_operator_v1__python__20230623',","chan":"stdout","logger":"task"}
{"timestamp":"2025-07-29T19:35:48.999528Z","level":"info","event":" 'task_reschedule_count': 0,","chan":"stdout","logger":"task"}
{"timestamp":"2025-07-29T19:35:48.999568Z","level":"info","event":" 'templates_dict': None,","chan":"stdout","logger":"task"}
{"timestamp":"2025-07-29T19:35:48.999610Z","level":"info","event":" 'ti': RuntimeTaskInstance(id=UUID('019857af-1227-7970-8715-e9aaf96cace1'), task_id='python', dag_id='python_operator_v1', run_id='scheduled__2023-06-23T12:41:00+00:00', try_number=1, map_index=-1, hostname='bf6f1e7a6f11', context_carrier={}, task=<Task(PythonOperator): python>, bundle_instance=LocalDagBundle(name=dags-folder), max_tries=0, start_date=datetime.datetime(2025, 7, 29, 19, 35, 48, 416826, tzinfo=datetime.timezone.utc), end_date=None, state=<TaskInstanceState.RUNNING: 'running'>, is_mapped=False, rendered_map_index=None, log_url='http://localhost:8080/dags/python_operator_v1/runs/scheduled__2023-06-23T12%3A41%3A00%2B00%3A00/tasks/python?try_number=1'),","chan":"stdout","logger":"task"}
{"timestamp":"2025-07-29T19:35:48.999678Z","level":"info","event":" 'triggering_asset_events': TriggeringAssetEventsAccessor(_events=defaultdict(<class 'list'>, {})),","chan":"stdout","logger":"task"}
{"timestamp":"2025-07-29T19:35:48.999725Z","level":"info","event":" 'ts': '2023-06-23T12:41:00+00:00',","chan":"stdout","logger":"task"}
{"timestamp":"2025-07-29T19:35:48.999767Z","level":"info","event":" 'ts_nodash': '20230623T124100',","chan":"stdout","logger":"task"}
{"timestamp":"2025-07-29T19:35:48.999808Z","level":"info","event":" 'ts_nodash_with_tz': '20230623T124100+0000',","chan":"stdout","logger":"task"}
{"timestamp":"2025-07-29T19:35:48.999847Z","level":"info","event":" 'var': {'json': <VariableAccessor (dynamic access)>,","chan":"stdout","logger":"task"}
{"timestamp":"2025-07-29T19:35:48.999887Z","level":"info","event":"         'value': <VariableAccessor (dynamic access)>}}","chan":"stdout","logger":"task"}
{"timestamp":"2025-07-29T19:35:48.999656","level":"info","event":"Done. Returned value was: 123","logger":"airflow.task.operators.airflow.providers.standard.operators.python.PythonOperator"}
{"timestamp":"2025-07-29T19:35:48.999819","level":"info","event":"Pushing xcom","ti":"RuntimeTaskInstance(id=UUID('019857af-1227-7970-8715-e9aaf96cace1'), task_id='python', dag_id='python_operator_v1', run_id='scheduled__2023-06-23T12:41:00+00:00', try_number=1, map_index=-1, hostname='bf6f1e7a6f11', context_carrier={}, task=<Task(PythonOperator): python>, bundle_instance=LocalDagBundle(name=dags-folder), max_tries=0, start_date=datetime.datetime(2025, 7, 29, 19, 35, 48, 416826, tzinfo=datetime.timezone.utc), end_date=None, state=<TaskInstanceState.RUNNING: 'running'>, is_mapped=False, rendered_map_index=None, log_url='http://localhost:8080/dags/python_operator_v1/runs/scheduled__2023-06-23T12%3A41%3A00%2B00%3A00/tasks/python?try_number=1')","logger":"task"}
{"timestamp":"2025-07-29T19:35:49.018930Z","level":"info","event":"Task instance in success state","chan":"stdout","logger":"task"}
{"timestamp":"2025-07-29T19:35:49.019060Z","level":"info","event":" Previous state of the Task instance: TaskInstanceState.RUNNING","chan":"stdout","logger":"task"}
{"timestamp":"2025-07-29T19:35:49.019156Z","level":"info","event":"Task operator:<Task(PythonOperator): python>","chan":"stdout","logger":"task"}
