{"timestamp":"2025-07-29T19:40:22.801299","level":"info","event":"DAG bundles loaded: dags-folder, example_dags","logger":"airflow.dag_processing.bundles.manager.DagBundlesManager"}
{"timestamp":"2025-07-29T19:40:22.802363","level":"info","event":"Filling up the DagBag from /opt/airflow/dags/python_operator_v1.py","logger":"airflow.models.dagbag.DagBag"}
{"timestamp":"2025-07-29T19:40:22.865871Z","level":"info","event":"Task instance is in running state","chan":"stdout","logger":"task"}
{"timestamp":"2025-07-29T19:40:22.866499Z","level":"info","event":" Previous state of the Task instance: TaskInstanceState.QUEUED","chan":"stdout","logger":"task"}
{"timestamp":"2025-07-29T19:40:22.867431Z","level":"info","event":"Current task name:python","chan":"stdout","logger":"task"}
{"timestamp":"2025-07-29T19:40:22.867660Z","level":"info","event":"Dag name:python_operator_v1","chan":"stdout","logger":"task"}
{"timestamp":"2025-07-29T19:40:22.869538Z","level":"info","event":"poliana","chan":"stdout","logger":"task"}
{"timestamp":"2025-07-29T19:40:22.870374Z","level":"info","event":"{'conn': <ConnectionAccessor (dynamic access)>,","chan":"stdout","logger":"task"}
{"timestamp":"2025-07-29T19:40:22.870535Z","level":"info","event":" 'dag': <DAG: python_operator_v1>,","chan":"stdout","logger":"task"}
{"timestamp":"2025-07-29T19:40:22.870703Z","level":"info","event":" 'dag_run': DagRun(dag_id='python_operator_v1', run_id='scheduled__2023-06-23T17:27:00+00:00', logical_date=datetime.datetime(2023, 6, 23, 17, 27, tzinfo=datetime.timezone.utc), data_interval_start=datetime.datetime(2023, 6, 23, 17, 27, tzinfo=datetime.timezone.utc), data_interval_end=datetime.datetime(2023, 6, 23, 17, 27, tzinfo=datetime.timezone.utc), run_after=datetime.datetime(2023, 6, 23, 17, 27, tzinfo=datetime.timezone.utc), start_date=datetime.datetime(2025, 7, 29, 19, 40, 21, 714712, tzinfo=datetime.timezone.utc), end_date=None, clear_number=0, run_type=<DagRunType.SCHEDULED: 'scheduled'>, conf={}, consumed_asset_events=[]),","chan":"stdout","logger":"task"}
{"timestamp":"2025-07-29T19:40:22.870826Z","level":"info","event":" 'data_interval_end': DateTime(2023, 6, 23, 17, 27, 0, tzinfo=Timezone('UTC')),","chan":"stdout","logger":"task"}
{"timestamp":"2025-07-29T19:40:22.870907Z","level":"info","event":" 'data_interval_start': DateTime(2023, 6, 23, 17, 27, 0, tzinfo=Timezone('UTC')),","chan":"stdout","logger":"task"}
{"timestamp":"2025-07-29T19:40:22.870975Z","level":"info","event":" 'ds': '2023-06-23',","chan":"stdout","logger":"task"}
{"timestamp":"2025-07-29T19:40:22.871043Z","level":"info","event":" 'ds_nodash': '20230623',","chan":"stdout","logger":"task"}
{"timestamp":"2025-07-29T19:40:22.871101Z","level":"info","event":" 'inlet_events': InletEventsAccessors(_inlets=[], _assets={}, _asset_aliases={}),","chan":"stdout","logger":"task"}
{"timestamp":"2025-07-29T19:40:22.871174Z","level":"info","event":" 'inlets': [],","chan":"stdout","logger":"task"}
{"timestamp":"2025-07-29T19:40:22.871240Z","level":"info","event":" 'logical_date': DateTime(2023, 6, 23, 17, 27, 0, tzinfo=Timezone('UTC')),","chan":"stdout","logger":"task"}
{"timestamp":"2025-07-29T19:40:22.871307Z","level":"info","event":" 'macros': <MacrosAccessor (dynamic access to macros)>,","chan":"stdout","logger":"task"}
{"timestamp":"2025-07-29T19:40:22.871370Z","level":"info","event":" 'map_index_template': None,","chan":"stdout","logger":"task"}
{"timestamp":"2025-07-29T19:40:22.871435Z","level":"info","event":" 'outlet_events': <airflow.sdk.execution_time.context.OutletEventAccessors object at 0x7fb66fffae70>,","chan":"stdout","logger":"task"}
{"timestamp":"2025-07-29T19:40:22.871506Z","level":"info","event":" 'outlets': [],","chan":"stdout","logger":"task"}
{"timestamp":"2025-07-29T19:40:22.871579Z","level":"info","event":" 'params': {},","chan":"stdout","logger":"task"}
{"timestamp":"2025-07-29T19:40:22.885781Z","level":"info","event":" 'prev_data_interval_end_success': <Proxy at 0x7fb66fc4b3e0 with factory <function RuntimeTaskInstance.get_template_context.<locals>.<lambda> at 0x7fb66fc7c040>>,","chan":"stdout","logger":"task"}
{"timestamp":"2025-07-29T19:40:22.886334Z","level":"info","event":" 'prev_data_interval_start_success': <Proxy at 0x7fb66fc4b440 with factory <function RuntimeTaskInstance.get_template_context.<locals>.<lambda> at 0x7fb66fc7d260>>,","chan":"stdout","logger":"task"}
{"timestamp":"2025-07-29T19:40:22.886455Z","level":"info","event":" 'prev_end_date_success': <Proxy at 0x7fb66fc4b650 with factory <function RuntimeTaskInstance.get_template_context.<locals>.<lambda> at 0x7fb66fc7d300>>,","chan":"stdout","logger":"task"}
{"timestamp":"2025-07-29T19:40:22.886541Z","level":"info","event":" 'prev_start_date_success': <Proxy at 0x7fb66fc49e80 with factory <function RuntimeTaskInstance.get_template_context.<locals>.<lambda> at 0x7fb66fc6bb00>>,","chan":"stdout","logger":"task"}
{"timestamp":"2025-07-29T19:40:22.886619Z","level":"info","event":" 'run_id': 'scheduled__2023-06-23T17:27:00+00:00',","chan":"stdout","logger":"task"}
{"timestamp":"2025-07-29T19:40:22.886699Z","level":"info","event":" 'task': <Task(PythonOperator): python>,","chan":"stdout","logger":"task"}
{"timestamp":"2025-07-29T19:40:22.886777Z","level":"info","event":" 'task_instance': RuntimeTaskInstance(id=UUID('019857b3-3f4d-7d5e-90c8-6aa4ad437558'), task_id='python', dag_id='python_operator_v1', run_id='scheduled__2023-06-23T17:27:00+00:00', try_number=1, map_index=-1, hostname='bf6f1e7a6f11', context_carrier={}, task=<Task(PythonOperator): python>, bundle_instance=LocalDagBundle(name=dags-folder), max_tries=0, start_date=datetime.datetime(2025, 7, 29, 19, 40, 22, 42277, tzinfo=datetime.timezone.utc), end_date=None, state=<TaskInstanceState.RUNNING: 'running'>, is_mapped=False, rendered_map_index=None, log_url='http://localhost:8080/dags/python_operator_v1/runs/scheduled__2023-06-23T17%3A27%3A00%2B00%3A00/tasks/python?try_number=1'),","chan":"stdout","logger":"task"}
{"timestamp":"2025-07-29T19:40:22.886861Z","level":"info","event":" 'task_instance_key_str': 'python_operator_v1__python__20230623',","chan":"stdout","logger":"task"}
{"timestamp":"2025-07-29T19:40:22.886935Z","level":"info","event":" 'task_reschedule_count': 0,","chan":"stdout","logger":"task"}
{"timestamp":"2025-07-29T19:40:22.887008Z","level":"info","event":" 'templates_dict': None,","chan":"stdout","logger":"task"}
{"timestamp":"2025-07-29T19:40:22.887080Z","level":"info","event":" 'ti': RuntimeTaskInstance(id=UUID('019857b3-3f4d-7d5e-90c8-6aa4ad437558'), task_id='python', dag_id='python_operator_v1', run_id='scheduled__2023-06-23T17:27:00+00:00', try_number=1, map_index=-1, hostname='bf6f1e7a6f11', context_carrier={}, task=<Task(PythonOperator): python>, bundle_instance=LocalDagBundle(name=dags-folder), max_tries=0, start_date=datetime.datetime(2025, 7, 29, 19, 40, 22, 42277, tzinfo=datetime.timezone.utc), end_date=None, state=<TaskInstanceState.RUNNING: 'running'>, is_mapped=False, rendered_map_index=None, log_url='http://localhost:8080/dags/python_operator_v1/runs/scheduled__2023-06-23T17%3A27%3A00%2B00%3A00/tasks/python?try_number=1'),","chan":"stdout","logger":"task"}
{"timestamp":"2025-07-29T19:40:22.887154Z","level":"info","event":" 'triggering_asset_events': TriggeringAssetEventsAccessor(_events=defaultdict(<class 'list'>, {})),","chan":"stdout","logger":"task"}
{"timestamp":"2025-07-29T19:40:22.887229Z","level":"info","event":" 'ts': '2023-06-23T17:27:00+00:00',","chan":"stdout","logger":"task"}
{"timestamp":"2025-07-29T19:40:22.887300Z","level":"info","event":" 'ts_nodash': '20230623T172700',","chan":"stdout","logger":"task"}
{"timestamp":"2025-07-29T19:40:22.887364Z","level":"info","event":" 'ts_nodash_with_tz': '20230623T172700+0000',","chan":"stdout","logger":"task"}
{"timestamp":"2025-07-29T19:40:22.887429Z","level":"info","event":" 'var': {'json': <VariableAccessor (dynamic access)>,","chan":"stdout","logger":"task"}
{"timestamp":"2025-07-29T19:40:22.887539Z","level":"info","event":"         'value': <VariableAccessor (dynamic access)>}}","chan":"stdout","logger":"task"}
{"timestamp":"2025-07-29T19:40:22.887227","level":"info","event":"Done. Returned value was: 123","logger":"airflow.task.operators.airflow.providers.standard.operators.python.PythonOperator"}
{"timestamp":"2025-07-29T19:40:22.887567","level":"info","event":"Pushing xcom","ti":"RuntimeTaskInstance(id=UUID('019857b3-3f4d-7d5e-90c8-6aa4ad437558'), task_id='python', dag_id='python_operator_v1', run_id='scheduled__2023-06-23T17:27:00+00:00', try_number=1, map_index=-1, hostname='bf6f1e7a6f11', context_carrier={}, task=<Task(PythonOperator): python>, bundle_instance=LocalDagBundle(name=dags-folder), max_tries=0, start_date=datetime.datetime(2025, 7, 29, 19, 40, 22, 42277, tzinfo=datetime.timezone.utc), end_date=None, state=<TaskInstanceState.RUNNING: 'running'>, is_mapped=False, rendered_map_index=None, log_url='http://localhost:8080/dags/python_operator_v1/runs/scheduled__2023-06-23T17%3A27%3A00%2B00%3A00/tasks/python?try_number=1')","logger":"task"}
{"timestamp":"2025-07-29T19:40:22.922459Z","level":"info","event":"Task instance in success state","chan":"stdout","logger":"task"}
{"timestamp":"2025-07-29T19:40:22.922751Z","level":"info","event":" Previous state of the Task instance: TaskInstanceState.RUNNING","chan":"stdout","logger":"task"}
{"timestamp":"2025-07-29T19:40:22.922987Z","level":"info","event":"Task operator:<Task(PythonOperator): python>","chan":"stdout","logger":"task"}
