{"timestamp":"2025-07-29T19:54:28.758437","level":"info","event":"DAG bundles loaded: dags-folder, example_dags","logger":"airflow.dag_processing.bundles.manager.DagBundlesManager"}
{"timestamp":"2025-07-29T19:54:28.759908","level":"info","event":"Filling up the DagBag from /opt/airflow/dags/2_python_operator_v1.py","logger":"airflow.models.dagbag.DagBag"}
{"timestamp":"2025-07-29T19:54:28.883546Z","level":"info","event":"Task instance is in running state","chan":"stdout","logger":"task"}
{"timestamp":"2025-07-29T19:54:28.884149Z","level":"info","event":" Previous state of the Task instance: TaskInstanceState.QUEUED","chan":"stdout","logger":"task"}
{"timestamp":"2025-07-29T19:54:28.884502Z","level":"info","event":"Current task name:python","chan":"stdout","logger":"task"}
{"timestamp":"2025-07-29T19:54:28.884782Z","level":"info","event":"Dag name:python_operator_v1","chan":"stdout","logger":"task"}
{"timestamp":"2025-07-29T19:54:28.885036Z","level":"info","event":"poliana","chan":"stdout","logger":"task"}
{"timestamp":"2025-07-29T19:54:28.885268Z","level":"info","event":"{'conn': <ConnectionAccessor (dynamic access)>,","chan":"stdout","logger":"task"}
{"timestamp":"2025-07-29T19:54:28.885528Z","level":"info","event":" 'dag': <DAG: python_operator_v1>,","chan":"stdout","logger":"task"}
{"timestamp":"2025-07-29T19:54:28.885765Z","level":"info","event":" 'dag_run': DagRun(dag_id='python_operator_v1', run_id='scheduled__2023-06-24T09:00:00+00:00', logical_date=datetime.datetime(2023, 6, 24, 9, 0, tzinfo=datetime.timezone.utc), data_interval_start=datetime.datetime(2023, 6, 24, 9, 0, tzinfo=datetime.timezone.utc), data_interval_end=datetime.datetime(2023, 6, 24, 9, 0, tzinfo=datetime.timezone.utc), run_after=datetime.datetime(2023, 6, 24, 9, 0, tzinfo=datetime.timezone.utc), start_date=datetime.datetime(2025, 7, 29, 19, 54, 25, 104727, tzinfo=datetime.timezone.utc), end_date=None, clear_number=0, run_type=<DagRunType.SCHEDULED: 'scheduled'>, conf={}, consumed_asset_events=[]),","chan":"stdout","logger":"task"}
{"timestamp":"2025-07-29T19:54:28.885995Z","level":"info","event":" 'data_interval_end': DateTime(2023, 6, 24, 9, 0, 0, tzinfo=Timezone('UTC')),","chan":"stdout","logger":"task"}
{"timestamp":"2025-07-29T19:54:28.886219Z","level":"info","event":" 'data_interval_start': DateTime(2023, 6, 24, 9, 0, 0, tzinfo=Timezone('UTC')),","chan":"stdout","logger":"task"}
{"timestamp":"2025-07-29T19:54:28.886455Z","level":"info","event":" 'ds': '2023-06-24',","chan":"stdout","logger":"task"}
{"timestamp":"2025-07-29T19:54:28.886680Z","level":"info","event":" 'ds_nodash': '20230624',","chan":"stdout","logger":"task"}
{"timestamp":"2025-07-29T19:54:28.886903Z","level":"info","event":" 'inlet_events': InletEventsAccessors(_inlets=[], _assets={}, _asset_aliases={}),","chan":"stdout","logger":"task"}
{"timestamp":"2025-07-29T19:54:28.887126Z","level":"info","event":" 'inlets': [],","chan":"stdout","logger":"task"}
{"timestamp":"2025-07-29T19:54:28.887370Z","level":"info","event":" 'logical_date': DateTime(2023, 6, 24, 9, 0, 0, tzinfo=Timezone('UTC')),","chan":"stdout","logger":"task"}
{"timestamp":"2025-07-29T19:54:28.887868Z","level":"info","event":" 'macros': <MacrosAccessor (dynamic access to macros)>,","chan":"stdout","logger":"task"}
{"timestamp":"2025-07-29T19:54:28.888167Z","level":"info","event":" 'map_index_template': None,","chan":"stdout","logger":"task"}
{"timestamp":"2025-07-29T19:54:28.888531Z","level":"info","event":" 'outlet_events': <airflow.sdk.execution_time.context.OutletEventAccessors object at 0x7fb66feefa70>,","chan":"stdout","logger":"task"}
{"timestamp":"2025-07-29T19:54:28.888775Z","level":"info","event":" 'outlets': [],","chan":"stdout","logger":"task"}
{"timestamp":"2025-07-29T19:54:28.888998Z","level":"info","event":" 'params': {},","chan":"stdout","logger":"task"}
{"timestamp":"2025-07-29T19:54:28.889227Z","level":"info","event":" 'prev_data_interval_end_success': <Proxy at 0x7fb66fdeec00 with factory <function RuntimeTaskInstance.get_template_context.<locals>.<lambda> at 0x7fb66fc0dd00>>,","chan":"stdout","logger":"task"}
{"timestamp":"2025-07-29T19:54:28.889496Z","level":"info","event":" 'prev_data_interval_start_success': <Proxy at 0x7fb66feee210 with factory <function RuntimeTaskInstance.get_template_context.<locals>.<lambda> at 0x7fb66fc0f420>>,","chan":"stdout","logger":"task"}
{"timestamp":"2025-07-29T19:54:28.889727Z","level":"info","event":" 'prev_end_date_success': <Proxy at 0x7fb66feb7410 with factory <function RuntimeTaskInstance.get_template_context.<locals>.<lambda> at 0x7fb66fc0f4c0>>,","chan":"stdout","logger":"task"}
{"timestamp":"2025-07-29T19:54:28.889947Z","level":"info","event":" 'prev_start_date_success': <Proxy at 0x7fb67cbaaf00 with factory <function RuntimeTaskInstance.get_template_context.<locals>.<lambda> at 0x7fb66fc0e200>>,","chan":"stdout","logger":"task"}
{"timestamp":"2025-07-29T19:54:28.890161Z","level":"info","event":" 'run_id': 'scheduled__2023-06-24T09:00:00+00:00',","chan":"stdout","logger":"task"}
{"timestamp":"2025-07-29T19:54:28.890372Z","level":"info","event":" 'task': <Task(PythonOperator): python>,","chan":"stdout","logger":"task"}
{"timestamp":"2025-07-29T19:54:28.890586Z","level":"info","event":" 'task_instance': RuntimeTaskInstance(id=UUID('019857c0-1dc7-7104-8407-742f6d7cf60b'), task_id='python', dag_id='python_operator_v1', run_id='scheduled__2023-06-24T09:00:00+00:00', try_number=1, map_index=-1, hostname='bf6f1e7a6f11', context_carrier={}, task=<Task(PythonOperator): python>, bundle_instance=LocalDagBundle(name=dags-folder), max_tries=0, start_date=datetime.datetime(2025, 7, 29, 19, 54, 25, 278950, tzinfo=datetime.timezone.utc), end_date=None, state=<TaskInstanceState.RUNNING: 'running'>, is_mapped=False, rendered_map_index=None, log_url='http://localhost:8080/dags/python_operator_v1/runs/scheduled__2023-06-24T09%3A00%3A00%2B00%3A00/tasks/python?try_number=1'),","chan":"stdout","logger":"task"}
{"timestamp":"2025-07-29T19:54:28.890801Z","level":"info","event":" 'task_instance_key_str': 'python_operator_v1__python__20230624',","chan":"stdout","logger":"task"}
{"timestamp":"2025-07-29T19:54:28.891015Z","level":"info","event":" 'task_reschedule_count': 0,","chan":"stdout","logger":"task"}
{"timestamp":"2025-07-29T19:54:28.891224Z","level":"info","event":" 'templates_dict': None,","chan":"stdout","logger":"task"}
{"timestamp":"2025-07-29T19:54:28.891449Z","level":"info","event":" 'ti': RuntimeTaskInstance(id=UUID('019857c0-1dc7-7104-8407-742f6d7cf60b'), task_id='python', dag_id='python_operator_v1', run_id='scheduled__2023-06-24T09:00:00+00:00', try_number=1, map_index=-1, hostname='bf6f1e7a6f11', context_carrier={}, task=<Task(PythonOperator): python>, bundle_instance=LocalDagBundle(name=dags-folder), max_tries=0, start_date=datetime.datetime(2025, 7, 29, 19, 54, 25, 278950, tzinfo=datetime.timezone.utc), end_date=None, state=<TaskInstanceState.RUNNING: 'running'>, is_mapped=False, rendered_map_index=None, log_url='http://localhost:8080/dags/python_operator_v1/runs/scheduled__2023-06-24T09%3A00%3A00%2B00%3A00/tasks/python?try_number=1'),","chan":"stdout","logger":"task"}
{"timestamp":"2025-07-29T19:54:28.891695Z","level":"info","event":" 'triggering_asset_events': TriggeringAssetEventsAccessor(_events=defaultdict(<class 'list'>, {})),","chan":"stdout","logger":"task"}
{"timestamp":"2025-07-29T19:54:28.891908Z","level":"info","event":" 'ts': '2023-06-24T09:00:00+00:00',","chan":"stdout","logger":"task"}
{"timestamp":"2025-07-29T19:54:28.892115Z","level":"info","event":" 'ts_nodash': '20230624T090000',","chan":"stdout","logger":"task"}
{"timestamp":"2025-07-29T19:54:28.892333Z","level":"info","event":" 'ts_nodash_with_tz': '20230624T090000+0000',","chan":"stdout","logger":"task"}
{"timestamp":"2025-07-29T19:54:28.892552Z","level":"info","event":" 'var': {'json': <VariableAccessor (dynamic access)>,","chan":"stdout","logger":"task"}
{"timestamp":"2025-07-29T19:54:28.892765Z","level":"info","event":"         'value': <VariableAccessor (dynamic access)>}}","chan":"stdout","logger":"task"}
{"timestamp":"2025-07-29T19:54:28.882124","level":"info","event":"Done. Returned value was: 123","logger":"airflow.task.operators.airflow.providers.standard.operators.python.PythonOperator"}
{"timestamp":"2025-07-29T19:54:28.882603","level":"info","event":"Pushing xcom","ti":"RuntimeTaskInstance(id=UUID('019857c0-1dc7-7104-8407-742f6d7cf60b'), task_id='python', dag_id='python_operator_v1', run_id='scheduled__2023-06-24T09:00:00+00:00', try_number=1, map_index=-1, hostname='bf6f1e7a6f11', context_carrier={}, task=<Task(PythonOperator): python>, bundle_instance=LocalDagBundle(name=dags-folder), max_tries=0, start_date=datetime.datetime(2025, 7, 29, 19, 54, 25, 278950, tzinfo=datetime.timezone.utc), end_date=None, state=<TaskInstanceState.RUNNING: 'running'>, is_mapped=False, rendered_map_index=None, log_url='http://localhost:8080/dags/python_operator_v1/runs/scheduled__2023-06-24T09%3A00%3A00%2B00%3A00/tasks/python?try_number=1')","logger":"task"}
{"timestamp":"2025-07-29T19:54:28.943630Z","level":"info","event":"Task instance in success state","chan":"stdout","logger":"task"}
{"timestamp":"2025-07-29T19:54:28.943828Z","level":"info","event":" Previous state of the Task instance: TaskInstanceState.RUNNING","chan":"stdout","logger":"task"}
{"timestamp":"2025-07-29T19:54:28.943963Z","level":"info","event":"Task operator:<Task(PythonOperator): python>","chan":"stdout","logger":"task"}
