{"timestamp":"2025-07-29T20:08:34.747175","level":"info","event":"DAG bundles loaded: dags-folder, example_dags","logger":"airflow.dag_processing.bundles.manager.DagBundlesManager"}
{"timestamp":"2025-07-29T20:08:34.748047","level":"info","event":"Filling up the DagBag from /opt/airflow/dags/2_python_operator_v1.py","logger":"airflow.models.dagbag.DagBag"}
{"timestamp":"2025-07-29T20:08:34.822021Z","level":"info","event":"Task instance is in running state","chan":"stdout","logger":"task"}
{"timestamp":"2025-07-29T20:08:34.822193Z","level":"info","event":" Previous state of the Task instance: TaskInstanceState.QUEUED","chan":"stdout","logger":"task"}
{"timestamp":"2025-07-29T20:08:34.822875Z","level":"info","event":"Current task name:python","chan":"stdout","logger":"task"}
{"timestamp":"2025-07-29T20:08:34.823007Z","level":"info","event":"Dag name:python_operator_v1","chan":"stdout","logger":"task"}
{"timestamp":"2025-07-29T20:08:34.824316Z","level":"info","event":"poliana","chan":"stdout","logger":"task"}
{"timestamp":"2025-07-29T20:08:34.825133Z","level":"info","event":"{'conn': <ConnectionAccessor (dynamic access)>,","chan":"stdout","logger":"task"}
{"timestamp":"2025-07-29T20:08:34.825397Z","level":"info","event":" 'dag': <DAG: python_operator_v1>,","chan":"stdout","logger":"task"}
{"timestamp":"2025-07-29T20:08:34.825740Z","level":"info","event":" 'dag_run': DagRun(dag_id='python_operator_v1', run_id='scheduled__2023-06-24T22:02:00+00:00', logical_date=datetime.datetime(2023, 6, 24, 22, 2, tzinfo=datetime.timezone.utc), data_interval_start=datetime.datetime(2023, 6, 24, 22, 2, tzinfo=datetime.timezone.utc), data_interval_end=datetime.datetime(2023, 6, 24, 22, 2, tzinfo=datetime.timezone.utc), run_after=datetime.datetime(2023, 6, 24, 22, 2, tzinfo=datetime.timezone.utc), start_date=datetime.datetime(2025, 7, 29, 20, 8, 33, 826121, tzinfo=datetime.timezone.utc), end_date=None, clear_number=0, run_type=<DagRunType.SCHEDULED: 'scheduled'>, conf={}, consumed_asset_events=[]),","chan":"stdout","logger":"task"}
{"timestamp":"2025-07-29T20:08:34.825968Z","level":"info","event":" 'data_interval_end': DateTime(2023, 6, 24, 22, 2, 0, tzinfo=Timezone('UTC')),","chan":"stdout","logger":"task"}
{"timestamp":"2025-07-29T20:08:34.826168Z","level":"info","event":" 'data_interval_start': DateTime(2023, 6, 24, 22, 2, 0, tzinfo=Timezone('UTC')),","chan":"stdout","logger":"task"}
{"timestamp":"2025-07-29T20:08:34.826384Z","level":"info","event":" 'ds': '2023-06-24',","chan":"stdout","logger":"task"}
{"timestamp":"2025-07-29T20:08:34.826601Z","level":"info","event":" 'ds_nodash': '20230624',","chan":"stdout","logger":"task"}
{"timestamp":"2025-07-29T20:08:34.826865Z","level":"info","event":" 'inlet_events': InletEventsAccessors(_inlets=[], _assets={}, _asset_aliases={}),","chan":"stdout","logger":"task"}
{"timestamp":"2025-07-29T20:08:34.827049Z","level":"info","event":" 'inlets': [],","chan":"stdout","logger":"task"}
{"timestamp":"2025-07-29T20:08:34.827293Z","level":"info","event":" 'logical_date': DateTime(2023, 6, 24, 22, 2, 0, tzinfo=Timezone('UTC')),","chan":"stdout","logger":"task"}
{"timestamp":"2025-07-29T20:08:34.827545Z","level":"info","event":" 'macros': <MacrosAccessor (dynamic access to macros)>,","chan":"stdout","logger":"task"}
{"timestamp":"2025-07-29T20:08:34.827820Z","level":"info","event":" 'map_index_template': None,","chan":"stdout","logger":"task"}
{"timestamp":"2025-07-29T20:08:34.828120Z","level":"info","event":" 'outlet_events': <airflow.sdk.execution_time.context.OutletEventAccessors object at 0x7fb66fc27a70>,","chan":"stdout","logger":"task"}
{"timestamp":"2025-07-29T20:08:34.828268Z","level":"info","event":" 'outlets': [],","chan":"stdout","logger":"task"}
{"timestamp":"2025-07-29T20:08:34.828406Z","level":"info","event":" 'params': {},","chan":"stdout","logger":"task"}
{"timestamp":"2025-07-29T20:08:34.843278Z","level":"info","event":" 'prev_data_interval_end_success': <Proxy at 0x7fb66fc51250 with factory <function RuntimeTaskInstance.get_template_context.<locals>.<lambda> at 0x7fb66fc6ccc0>>,","chan":"stdout","logger":"task"}
{"timestamp":"2025-07-29T20:08:34.843583Z","level":"info","event":" 'prev_data_interval_start_success': <Proxy at 0x7fb66fc513a0 with factory <function RuntimeTaskInstance.get_template_context.<locals>.<lambda> at 0x7fb66fc6e3e0>>,","chan":"stdout","logger":"task"}
{"timestamp":"2025-07-29T20:08:34.843706Z","level":"info","event":" 'prev_end_date_success': <Proxy at 0x7fb66fc51190 with factory <function RuntimeTaskInstance.get_template_context.<locals>.<lambda> at 0x7fb66fc6e480>>,","chan":"stdout","logger":"task"}
{"timestamp":"2025-07-29T20:08:34.843791Z","level":"info","event":" 'prev_start_date_success': <Proxy at 0x7fb66fc51670 with factory <function RuntimeTaskInstance.get_template_context.<locals>.<lambda> at 0x7fb66fc6d1c0>>,","chan":"stdout","logger":"task"}
{"timestamp":"2025-07-29T20:08:34.843864Z","level":"info","event":" 'run_id': 'scheduled__2023-06-24T22:02:00+00:00',","chan":"stdout","logger":"task"}
{"timestamp":"2025-07-29T20:08:34.843935Z","level":"info","event":" 'task': <Task(PythonOperator): python>,","chan":"stdout","logger":"task"}
{"timestamp":"2025-07-29T20:08:34.844012Z","level":"info","event":" 'task_instance': RuntimeTaskInstance(id=UUID('019857cd-110a-7c13-99fb-75f6b6657885'), task_id='python', dag_id='python_operator_v1', run_id='scheduled__2023-06-24T22:02:00+00:00', try_number=1, map_index=-1, hostname='bf6f1e7a6f11', context_carrier={}, task=<Task(PythonOperator): python>, bundle_instance=LocalDagBundle(name=dags-folder), max_tries=0, start_date=datetime.datetime(2025, 7, 29, 20, 8, 34, 145729, tzinfo=datetime.timezone.utc), end_date=None, state=<TaskInstanceState.RUNNING: 'running'>, is_mapped=False, rendered_map_index=None, log_url='http://localhost:8080/dags/python_operator_v1/runs/scheduled__2023-06-24T22%3A02%3A00%2B00%3A00/tasks/python?try_number=1'),","chan":"stdout","logger":"task"}
{"timestamp":"2025-07-29T20:08:34.844164Z","level":"info","event":" 'task_instance_key_str': 'python_operator_v1__python__20230624',","chan":"stdout","logger":"task"}
{"timestamp":"2025-07-29T20:08:34.844251Z","level":"info","event":" 'task_reschedule_count': 0,","chan":"stdout","logger":"task"}
{"timestamp":"2025-07-29T20:08:34.844319Z","level":"info","event":" 'templates_dict': None,","chan":"stdout","logger":"task"}
{"timestamp":"2025-07-29T20:08:34.844393Z","level":"info","event":" 'ti': RuntimeTaskInstance(id=UUID('019857cd-110a-7c13-99fb-75f6b6657885'), task_id='python', dag_id='python_operator_v1', run_id='scheduled__2023-06-24T22:02:00+00:00', try_number=1, map_index=-1, hostname='bf6f1e7a6f11', context_carrier={}, task=<Task(PythonOperator): python>, bundle_instance=LocalDagBundle(name=dags-folder), max_tries=0, start_date=datetime.datetime(2025, 7, 29, 20, 8, 34, 145729, tzinfo=datetime.timezone.utc), end_date=None, state=<TaskInstanceState.RUNNING: 'running'>, is_mapped=False, rendered_map_index=None, log_url='http://localhost:8080/dags/python_operator_v1/runs/scheduled__2023-06-24T22%3A02%3A00%2B00%3A00/tasks/python?try_number=1'),","chan":"stdout","logger":"task"}
{"timestamp":"2025-07-29T20:08:34.844467Z","level":"info","event":" 'triggering_asset_events': TriggeringAssetEventsAccessor(_events=defaultdict(<class 'list'>, {})),","chan":"stdout","logger":"task"}
{"timestamp":"2025-07-29T20:08:34.844532Z","level":"info","event":" 'ts': '2023-06-24T22:02:00+00:00',","chan":"stdout","logger":"task"}
{"timestamp":"2025-07-29T20:08:34.844597Z","level":"info","event":" 'ts_nodash': '20230624T220200',","chan":"stdout","logger":"task"}
{"timestamp":"2025-07-29T20:08:34.844663Z","level":"info","event":" 'ts_nodash_with_tz': '20230624T220200+0000',","chan":"stdout","logger":"task"}
{"timestamp":"2025-07-29T20:08:34.844726Z","level":"info","event":" 'var': {'json': <VariableAccessor (dynamic access)>,","chan":"stdout","logger":"task"}
{"timestamp":"2025-07-29T20:08:34.844791Z","level":"info","event":"         'value': <VariableAccessor (dynamic access)>}}","chan":"stdout","logger":"task"}
{"timestamp":"2025-07-29T20:08:34.844505","level":"info","event":"Done. Returned value was: 123","logger":"airflow.task.operators.airflow.providers.standard.operators.python.PythonOperator"}
{"timestamp":"2025-07-29T20:08:34.844808","level":"info","event":"Pushing xcom","ti":"RuntimeTaskInstance(id=UUID('019857cd-110a-7c13-99fb-75f6b6657885'), task_id='python', dag_id='python_operator_v1', run_id='scheduled__2023-06-24T22:02:00+00:00', try_number=1, map_index=-1, hostname='bf6f1e7a6f11', context_carrier={}, task=<Task(PythonOperator): python>, bundle_instance=LocalDagBundle(name=dags-folder), max_tries=0, start_date=datetime.datetime(2025, 7, 29, 20, 8, 34, 145729, tzinfo=datetime.timezone.utc), end_date=None, state=<TaskInstanceState.RUNNING: 'running'>, is_mapped=False, rendered_map_index=None, log_url='http://localhost:8080/dags/python_operator_v1/runs/scheduled__2023-06-24T22%3A02%3A00%2B00%3A00/tasks/python?try_number=1')","logger":"task"}
{"timestamp":"2025-07-29T20:08:34.924641Z","level":"info","event":"Task instance in success state","chan":"stdout","logger":"task"}
{"timestamp":"2025-07-29T20:08:34.925108Z","level":"info","event":" Previous state of the Task instance: TaskInstanceState.RUNNING","chan":"stdout","logger":"task"}
{"timestamp":"2025-07-29T20:08:34.925398Z","level":"info","event":"Task operator:<Task(PythonOperator): python>","chan":"stdout","logger":"task"}
