{"timestamp":"2025-07-29T20:09:48.223750","level":"info","event":"DAG bundles loaded: dags-folder, example_dags","logger":"airflow.dag_processing.bundles.manager.DagBundlesManager"}
{"timestamp":"2025-07-29T20:09:48.224799","level":"info","event":"Filling up the DagBag from /opt/airflow/dags/3_dag_principal.py","logger":"airflow.models.dagbag.DagBag"}
{"timestamp":"2025-07-29T20:09:48.259927Z","level":"info","event":"Task instance is in running state","chan":"stdout","logger":"task"}
{"timestamp":"2025-07-29T20:09:48.260142Z","level":"info","event":" Previous state of the Task instance: TaskInstanceState.QUEUED","chan":"stdout","logger":"task"}
{"timestamp":"2025-07-29T20:09:48.260903Z","level":"info","event":"Current task name:python_principal","chan":"stdout","logger":"task"}
{"timestamp":"2025-07-29T20:09:48.261020Z","level":"info","event":"Dag name:3_DAG_principal","chan":"stdout","logger":"task"}
{"timestamp":"2025-07-29T20:09:48.262394Z","level":"info","event":"DAG principal","chan":"stdout","logger":"task"}
{"timestamp":"2025-07-29T20:09:48.263397Z","level":"info","event":"{'conn': <ConnectionAccessor (dynamic access)>,","chan":"stdout","logger":"task"}
{"timestamp":"2025-07-29T20:09:48.263613Z","level":"info","event":" 'dag': <DAG: 3_DAG_principal>,","chan":"stdout","logger":"task"}
{"timestamp":"2025-07-29T20:09:48.263754Z","level":"info","event":" 'dag_run': DagRun(dag_id='3_DAG_principal', run_id='scheduled__2025-02-09T20:00:00+00:00', logical_date=datetime.datetime(2025, 2, 9, 20, 0, tzinfo=datetime.timezone.utc), data_interval_start=datetime.datetime(2025, 2, 9, 20, 0, tzinfo=datetime.timezone.utc), data_interval_end=datetime.datetime(2025, 2, 9, 20, 0, tzinfo=datetime.timezone.utc), run_after=datetime.datetime(2025, 2, 9, 20, 0, tzinfo=datetime.timezone.utc), start_date=datetime.datetime(2025, 7, 29, 20, 9, 46, 885231, tzinfo=datetime.timezone.utc), end_date=None, clear_number=0, run_type=<DagRunType.SCHEDULED: 'scheduled'>, conf={}, consumed_asset_events=[]),","chan":"stdout","logger":"task"}
{"timestamp":"2025-07-29T20:09:48.263871Z","level":"info","event":" 'data_interval_end': DateTime(2025, 2, 9, 20, 0, 0, tzinfo=Timezone('UTC')),","chan":"stdout","logger":"task"}
{"timestamp":"2025-07-29T20:09:48.263961Z","level":"info","event":" 'data_interval_start': DateTime(2025, 2, 9, 20, 0, 0, tzinfo=Timezone('UTC')),","chan":"stdout","logger":"task"}
{"timestamp":"2025-07-29T20:09:48.264036Z","level":"info","event":" 'ds': '2025-02-09',","chan":"stdout","logger":"task"}
{"timestamp":"2025-07-29T20:09:48.264107Z","level":"info","event":" 'ds_nodash': '20250209',","chan":"stdout","logger":"task"}
{"timestamp":"2025-07-29T20:09:48.264182Z","level":"info","event":" 'inlet_events': InletEventsAccessors(_inlets=[], _assets={}, _asset_aliases={}),","chan":"stdout","logger":"task"}
{"timestamp":"2025-07-29T20:09:48.264247Z","level":"info","event":" 'inlets': [],","chan":"stdout","logger":"task"}
{"timestamp":"2025-07-29T20:09:48.264310Z","level":"info","event":" 'logical_date': DateTime(2025, 2, 9, 20, 0, 0, tzinfo=Timezone('UTC')),","chan":"stdout","logger":"task"}
{"timestamp":"2025-07-29T20:09:48.264370Z","level":"info","event":" 'macros': <MacrosAccessor (dynamic access to macros)>,","chan":"stdout","logger":"task"}
{"timestamp":"2025-07-29T20:09:48.264430Z","level":"info","event":" 'map_index_template': None,","chan":"stdout","logger":"task"}
{"timestamp":"2025-07-29T20:09:48.264546Z","level":"info","event":" 'outlet_events': <airflow.sdk.execution_time.context.OutletEventAccessors object at 0x7fb66fea7a70>,","chan":"stdout","logger":"task"}
{"timestamp":"2025-07-29T20:09:48.264622Z","level":"info","event":" 'outlets': [],","chan":"stdout","logger":"task"}
{"timestamp":"2025-07-29T20:09:48.264688Z","level":"info","event":" 'params': {},","chan":"stdout","logger":"task"}
{"timestamp":"2025-07-29T20:09:48.278172Z","level":"info","event":" 'prev_data_interval_end_success': <Proxy at 0x7fb66fc02090 with factory <function RuntimeTaskInstance.get_template_context.<locals>.<lambda> at 0x7fb66fc12520>>,","chan":"stdout","logger":"task"}
{"timestamp":"2025-07-29T20:09:48.278464Z","level":"info","event":" 'prev_data_interval_start_success': <Proxy at 0x7fb66fc01e80 with factory <function RuntimeTaskInstance.get_template_context.<locals>.<lambda> at 0x7fb66fc10d60>>,","chan":"stdout","logger":"task"}
{"timestamp":"2025-07-29T20:09:48.278583Z","level":"info","event":" 'prev_end_date_success': <Proxy at 0x7fb67e397e30 with factory <function RuntimeTaskInstance.get_template_context.<locals>.<lambda> at 0x7fb66fc125c0>>,","chan":"stdout","logger":"task"}
{"timestamp":"2025-07-29T20:09:48.278672Z","level":"info","event":" 'prev_start_date_success': <Proxy at 0x7fb66fc00aa0 with factory <function RuntimeTaskInstance.get_template_context.<locals>.<lambda> at 0x7fb66fc11300>>,","chan":"stdout","logger":"task"}
{"timestamp":"2025-07-29T20:09:48.278754Z","level":"info","event":" 'run_id': 'scheduled__2025-02-09T20:00:00+00:00',","chan":"stdout","logger":"task"}
{"timestamp":"2025-07-29T20:09:48.278827Z","level":"info","event":" 'task': <Task(PythonOperator): python_principal>,","chan":"stdout","logger":"task"}
{"timestamp":"2025-07-29T20:09:48.278914Z","level":"info","event":" 'task_instance': RuntimeTaskInstance(id=UUID('019857ce-2e64-71b7-86fd-9ae5d92b3bbe'), task_id='python_principal', dag_id='3_DAG_principal', run_id='scheduled__2025-02-09T20:00:00+00:00', try_number=1, map_index=-1, hostname='bf6f1e7a6f11', context_carrier={}, task=<Task(PythonOperator): python_principal>, bundle_instance=LocalDagBundle(name=dags-folder), max_tries=0, start_date=datetime.datetime(2025, 7, 29, 20, 9, 47, 414792, tzinfo=datetime.timezone.utc), end_date=None, state=<TaskInstanceState.RUNNING: 'running'>, is_mapped=False, rendered_map_index=None, log_url='http://localhost:8080/dags/3_DAG_principal/runs/scheduled__2025-02-09T20%3A00%3A00%2B00%3A00/tasks/python_principal?try_number=1'),","chan":"stdout","logger":"task"}
{"timestamp":"2025-07-29T20:09:48.279000Z","level":"info","event":" 'task_instance_key_str': '3_DAG_principal__python_principal__20250209',","chan":"stdout","logger":"task"}
{"timestamp":"2025-07-29T20:09:48.279079Z","level":"info","event":" 'task_reschedule_count': 0,","chan":"stdout","logger":"task"}
{"timestamp":"2025-07-29T20:09:48.279154Z","level":"info","event":" 'templates_dict': None,","chan":"stdout","logger":"task"}
{"timestamp":"2025-07-29T20:09:48.279302Z","level":"info","event":" 'ti': RuntimeTaskInstance(id=UUID('019857ce-2e64-71b7-86fd-9ae5d92b3bbe'), task_id='python_principal', dag_id='3_DAG_principal', run_id='scheduled__2025-02-09T20:00:00+00:00', try_number=1, map_index=-1, hostname='bf6f1e7a6f11', context_carrier={}, task=<Task(PythonOperator): python_principal>, bundle_instance=LocalDagBundle(name=dags-folder), max_tries=0, start_date=datetime.datetime(2025, 7, 29, 20, 9, 47, 414792, tzinfo=datetime.timezone.utc), end_date=None, state=<TaskInstanceState.RUNNING: 'running'>, is_mapped=False, rendered_map_index=None, log_url='http://localhost:8080/dags/3_DAG_principal/runs/scheduled__2025-02-09T20%3A00%3A00%2B00%3A00/tasks/python_principal?try_number=1'),","chan":"stdout","logger":"task"}
{"timestamp":"2025-07-29T20:09:48.279418Z","level":"info","event":" 'triggering_asset_events': TriggeringAssetEventsAccessor(_events=defaultdict(<class 'list'>, {})),","chan":"stdout","logger":"task"}
{"timestamp":"2025-07-29T20:09:48.279499Z","level":"info","event":" 'ts': '2025-02-09T20:00:00+00:00',","chan":"stdout","logger":"task"}
{"timestamp":"2025-07-29T20:09:48.279569Z","level":"info","event":" 'ts_nodash': '20250209T200000',","chan":"stdout","logger":"task"}
{"timestamp":"2025-07-29T20:09:48.279635Z","level":"info","event":" 'ts_nodash_with_tz': '20250209T200000+0000',","chan":"stdout","logger":"task"}
{"timestamp":"2025-07-29T20:09:48.279706Z","level":"info","event":" 'var': {'json': <VariableAccessor (dynamic access)>,","chan":"stdout","logger":"task"}
{"timestamp":"2025-07-29T20:09:48.279806Z","level":"info","event":"         'value': <VariableAccessor (dynamic access)>}}","chan":"stdout","logger":"task"}
{"timestamp":"2025-07-29T20:09:48.278776","level":"info","event":"Done. Returned value was: principal","logger":"airflow.task.operators.airflow.providers.standard.operators.python.PythonOperator"}
{"timestamp":"2025-07-29T20:09:48.279052","level":"info","event":"Pushing xcom","ti":"RuntimeTaskInstance(id=UUID('019857ce-2e64-71b7-86fd-9ae5d92b3bbe'), task_id='python_principal', dag_id='3_DAG_principal', run_id='scheduled__2025-02-09T20:00:00+00:00', try_number=1, map_index=-1, hostname='bf6f1e7a6f11', context_carrier={}, task=<Task(PythonOperator): python_principal>, bundle_instance=LocalDagBundle(name=dags-folder), max_tries=0, start_date=datetime.datetime(2025, 7, 29, 20, 9, 47, 414792, tzinfo=datetime.timezone.utc), end_date=None, state=<TaskInstanceState.RUNNING: 'running'>, is_mapped=False, rendered_map_index=None, log_url='http://localhost:8080/dags/3_DAG_principal/runs/scheduled__2025-02-09T20%3A00%3A00%2B00%3A00/tasks/python_principal?try_number=1')","logger":"task"}
{"timestamp":"2025-07-29T20:09:48.323154Z","level":"info","event":"Task instance in success state","chan":"stdout","logger":"task"}
{"timestamp":"2025-07-29T20:09:48.323397Z","level":"info","event":" Previous state of the Task instance: TaskInstanceState.RUNNING","chan":"stdout","logger":"task"}
{"timestamp":"2025-07-29T20:09:48.323500Z","level":"info","event":"Task operator:<Task(PythonOperator): python_principal>","chan":"stdout","logger":"task"}
