{"timestamp":"2025-07-29T19:33:12.598080","level":"info","event":"DAG bundles loaded: dags-folder, example_dags","logger":"airflow.dag_processing.bundles.manager.DagBundlesManager"}
{"timestamp":"2025-07-29T19:33:12.598810","level":"info","event":"Filling up the DagBag from /opt/airflow/dags/python_operator_v1.py","logger":"airflow.models.dagbag.DagBag"}
{"timestamp":"2025-07-29T19:33:12.621440Z","level":"info","event":"Task instance is in running state","chan":"stdout","logger":"task"}
{"timestamp":"2025-07-29T19:33:12.621615Z","level":"info","event":" Previous state of the Task instance: TaskInstanceState.QUEUED","chan":"stdout","logger":"task"}
{"timestamp":"2025-07-29T19:33:12.622080Z","level":"info","event":"Current task name:python","chan":"stdout","logger":"task"}
{"timestamp":"2025-07-29T19:33:12.622191Z","level":"info","event":"Dag name:python_operator_v1","chan":"stdout","logger":"task"}
{"timestamp":"2025-07-29T19:33:12.623208Z","level":"info","event":"poliana","chan":"stdout","logger":"task"}
{"timestamp":"2025-07-29T19:33:12.623854Z","level":"info","event":"{'conn': <ConnectionAccessor (dynamic access)>,","chan":"stdout","logger":"task"}
{"timestamp":"2025-07-29T19:33:12.623982Z","level":"info","event":" 'dag': <DAG: python_operator_v1>,","chan":"stdout","logger":"task"}
{"timestamp":"2025-07-29T19:33:12.624069Z","level":"info","event":" 'dag_run': DagRun(dag_id='python_operator_v1', run_id='scheduled__2023-06-23T09:40:00+00:00', logical_date=datetime.datetime(2023, 6, 23, 9, 40, tzinfo=datetime.timezone.utc), data_interval_start=datetime.datetime(2023, 6, 23, 9, 40, tzinfo=datetime.timezone.utc), data_interval_end=datetime.datetime(2023, 6, 23, 9, 40, tzinfo=datetime.timezone.utc), run_after=datetime.datetime(2023, 6, 23, 9, 40, tzinfo=datetime.timezone.utc), start_date=datetime.datetime(2025, 7, 29, 19, 33, 8, 868742, tzinfo=datetime.timezone.utc), end_date=None, clear_number=0, run_type=<DagRunType.SCHEDULED: 'scheduled'>, conf={}, consumed_asset_events=[]),","chan":"stdout","logger":"task"}
{"timestamp":"2025-07-29T19:33:12.624179Z","level":"info","event":" 'data_interval_end': DateTime(2023, 6, 23, 9, 40, 0, tzinfo=Timezone('UTC')),","chan":"stdout","logger":"task"}
{"timestamp":"2025-07-29T19:33:12.624232Z","level":"info","event":" 'data_interval_start': DateTime(2023, 6, 23, 9, 40, 0, tzinfo=Timezone('UTC')),","chan":"stdout","logger":"task"}
{"timestamp":"2025-07-29T19:33:12.624276Z","level":"info","event":" 'ds': '2023-06-23',","chan":"stdout","logger":"task"}
{"timestamp":"2025-07-29T19:33:12.624318Z","level":"info","event":" 'ds_nodash': '20230623',","chan":"stdout","logger":"task"}
{"timestamp":"2025-07-29T19:33:12.624360Z","level":"info","event":" 'inlet_events': InletEventsAccessors(_inlets=[], _assets={}, _asset_aliases={}),","chan":"stdout","logger":"task"}
{"timestamp":"2025-07-29T19:33:12.624436Z","level":"info","event":" 'inlets': [],","chan":"stdout","logger":"task"}
{"timestamp":"2025-07-29T19:33:12.624477Z","level":"info","event":" 'logical_date': DateTime(2023, 6, 23, 9, 40, 0, tzinfo=Timezone('UTC')),","chan":"stdout","logger":"task"}
{"timestamp":"2025-07-29T19:33:12.624518Z","level":"info","event":" 'macros': <MacrosAccessor (dynamic access to macros)>,","chan":"stdout","logger":"task"}
{"timestamp":"2025-07-29T19:33:12.624562Z","level":"info","event":" 'map_index_template': None,","chan":"stdout","logger":"task"}
{"timestamp":"2025-07-29T19:33:12.624628Z","level":"info","event":" 'outlet_events': <airflow.sdk.execution_time.context.OutletEventAccessors object at 0x7fb66fc7b650>,","chan":"stdout","logger":"task"}
{"timestamp":"2025-07-29T19:33:12.624686Z","level":"info","event":" 'outlets': [],","chan":"stdout","logger":"task"}
{"timestamp":"2025-07-29T19:33:12.624728Z","level":"info","event":" 'params': {},","chan":"stdout","logger":"task"}
{"timestamp":"2025-07-29T19:33:12.633711Z","level":"info","event":" 'prev_data_interval_end_success': <Proxy at 0x7fb66fcb0200 with factory <function RuntimeTaskInstance.get_template_context.<locals>.<lambda> at 0x7fb66fc98e00>>,","chan":"stdout","logger":"task"}
{"timestamp":"2025-07-29T19:33:12.633889Z","level":"info","event":" 'prev_data_interval_start_success': <Proxy at 0x7fb66fcb0320 with factory <function RuntimeTaskInstance.get_template_context.<locals>.<lambda> at 0x7fb66fc9a520>>,","chan":"stdout","logger":"task"}
{"timestamp":"2025-07-29T19:33:12.633953Z","level":"info","event":" 'prev_end_date_success': <Proxy at 0x7fb66fcb0620 with factory <function RuntimeTaskInstance.get_template_context.<locals>.<lambda> at 0x7fb66fc9a5c0>>,","chan":"stdout","logger":"task"}
{"timestamp":"2025-07-29T19:33:12.634022Z","level":"info","event":" 'prev_start_date_success': <Proxy at 0x7fb6785ec1a0 with factory <function RuntimeTaskInstance.get_template_context.<locals>.<lambda> at 0x7fb66fc99300>>,","chan":"stdout","logger":"task"}
{"timestamp":"2025-07-29T19:33:12.634071Z","level":"info","event":" 'run_id': 'scheduled__2023-06-23T09:40:00+00:00',","chan":"stdout","logger":"task"}
{"timestamp":"2025-07-29T19:33:12.634115Z","level":"info","event":" 'task': <Task(PythonOperator): python>,","chan":"stdout","logger":"task"}
{"timestamp":"2025-07-29T19:33:12.634162Z","level":"info","event":" 'task_instance': RuntimeTaskInstance(id=UUID('019857ac-a47c-744e-888c-b48581172fd4'), task_id='python', dag_id='python_operator_v1', run_id='scheduled__2023-06-23T09:40:00+00:00', try_number=1, map_index=-1, hostname='bf6f1e7a6f11', context_carrier={}, task=<Task(PythonOperator): python>, bundle_instance=LocalDagBundle(name=dags-folder), max_tries=0, start_date=datetime.datetime(2025, 7, 29, 19, 33, 11, 950040, tzinfo=datetime.timezone.utc), end_date=None, state=<TaskInstanceState.RUNNING: 'running'>, is_mapped=False, rendered_map_index=None, log_url='http://localhost:8080/dags/python_operator_v1/runs/scheduled__2023-06-23T09%3A40%3A00%2B00%3A00/tasks/python?try_number=1'),","chan":"stdout","logger":"task"}
{"timestamp":"2025-07-29T19:33:12.634208Z","level":"info","event":" 'task_instance_key_str': 'python_operator_v1__python__20230623',","chan":"stdout","logger":"task"}
{"timestamp":"2025-07-29T19:33:12.634249Z","level":"info","event":" 'task_reschedule_count': 0,","chan":"stdout","logger":"task"}
{"timestamp":"2025-07-29T19:33:12.634290Z","level":"info","event":" 'templates_dict': None,","chan":"stdout","logger":"task"}
{"timestamp":"2025-07-29T19:33:12.634331Z","level":"info","event":" 'ti': RuntimeTaskInstance(id=UUID('019857ac-a47c-744e-888c-b48581172fd4'), task_id='python', dag_id='python_operator_v1', run_id='scheduled__2023-06-23T09:40:00+00:00', try_number=1, map_index=-1, hostname='bf6f1e7a6f11', context_carrier={}, task=<Task(PythonOperator): python>, bundle_instance=LocalDagBundle(name=dags-folder), max_tries=0, start_date=datetime.datetime(2025, 7, 29, 19, 33, 11, 950040, tzinfo=datetime.timezone.utc), end_date=None, state=<TaskInstanceState.RUNNING: 'running'>, is_mapped=False, rendered_map_index=None, log_url='http://localhost:8080/dags/python_operator_v1/runs/scheduled__2023-06-23T09%3A40%3A00%2B00%3A00/tasks/python?try_number=1'),","chan":"stdout","logger":"task"}
{"timestamp":"2025-07-29T19:33:12.634402Z","level":"info","event":" 'triggering_asset_events': TriggeringAssetEventsAccessor(_events=defaultdict(<class 'list'>, {})),","chan":"stdout","logger":"task"}
{"timestamp":"2025-07-29T19:33:12.634449Z","level":"info","event":" 'ts': '2023-06-23T09:40:00+00:00',","chan":"stdout","logger":"task"}
{"timestamp":"2025-07-29T19:33:12.634491Z","level":"info","event":" 'ts_nodash': '20230623T094000',","chan":"stdout","logger":"task"}
{"timestamp":"2025-07-29T19:33:12.634532Z","level":"info","event":" 'ts_nodash_with_tz': '20230623T094000+0000',","chan":"stdout","logger":"task"}
{"timestamp":"2025-07-29T19:33:12.634572Z","level":"info","event":" 'var': {'json': <VariableAccessor (dynamic access)>,","chan":"stdout","logger":"task"}
{"timestamp":"2025-07-29T19:33:12.634613Z","level":"info","event":"         'value': <VariableAccessor (dynamic access)>}}","chan":"stdout","logger":"task"}
{"timestamp":"2025-07-29T19:33:12.634460","level":"info","event":"Done. Returned value was: 123","logger":"airflow.task.operators.airflow.providers.standard.operators.python.PythonOperator"}
{"timestamp":"2025-07-29T19:33:12.634685","level":"info","event":"Pushing xcom","ti":"RuntimeTaskInstance(id=UUID('019857ac-a47c-744e-888c-b48581172fd4'), task_id='python', dag_id='python_operator_v1', run_id='scheduled__2023-06-23T09:40:00+00:00', try_number=1, map_index=-1, hostname='bf6f1e7a6f11', context_carrier={}, task=<Task(PythonOperator): python>, bundle_instance=LocalDagBundle(name=dags-folder), max_tries=0, start_date=datetime.datetime(2025, 7, 29, 19, 33, 11, 950040, tzinfo=datetime.timezone.utc), end_date=None, state=<TaskInstanceState.RUNNING: 'running'>, is_mapped=False, rendered_map_index=None, log_url='http://localhost:8080/dags/python_operator_v1/runs/scheduled__2023-06-23T09%3A40%3A00%2B00%3A00/tasks/python?try_number=1')","logger":"task"}
{"timestamp":"2025-07-29T19:33:12.657673Z","level":"info","event":"Task instance in success state","chan":"stdout","logger":"task"}
{"timestamp":"2025-07-29T19:33:12.657823Z","level":"info","event":" Previous state of the Task instance: TaskInstanceState.RUNNING","chan":"stdout","logger":"task"}
{"timestamp":"2025-07-29T19:33:12.657915Z","level":"info","event":"Task operator:<Task(PythonOperator): python>","chan":"stdout","logger":"task"}
