{"timestamp":"2025-07-29T19:41:08.243697","level":"info","event":"DAG bundles loaded: dags-folder, example_dags","logger":"airflow.dag_processing.bundles.manager.DagBundlesManager"}
{"timestamp":"2025-07-29T19:41:08.244183","level":"info","event":"Filling up the DagBag from /opt/airflow/dags/python_operator_v1.py","logger":"airflow.models.dagbag.DagBag"}
{"timestamp":"2025-07-29T19:41:08.265062Z","level":"info","event":"Task instance is in running state","chan":"stdout","logger":"task"}
{"timestamp":"2025-07-29T19:41:08.265194Z","level":"info","event":" Previous state of the Task instance: TaskInstanceState.QUEUED","chan":"stdout","logger":"task"}
{"timestamp":"2025-07-29T19:41:08.265591Z","level":"info","event":"Current task name:python","chan":"stdout","logger":"task"}
{"timestamp":"2025-07-29T19:41:08.265687Z","level":"info","event":"Dag name:python_operator_v1","chan":"stdout","logger":"task"}
{"timestamp":"2025-07-29T19:41:08.266592Z","level":"info","event":"poliana","chan":"stdout","logger":"task"}
{"timestamp":"2025-07-29T19:41:08.267134Z","level":"info","event":"{'conn': <ConnectionAccessor (dynamic access)>,","chan":"stdout","logger":"task"}
{"timestamp":"2025-07-29T19:41:08.267230Z","level":"info","event":" 'dag': <DAG: python_operator_v1>,","chan":"stdout","logger":"task"}
{"timestamp":"2025-07-29T19:41:08.267326Z","level":"info","event":" 'dag_run': DagRun(dag_id='python_operator_v1', run_id='scheduled__2023-06-23T18:24:00+00:00', logical_date=datetime.datetime(2023, 6, 23, 18, 24, tzinfo=datetime.timezone.utc), data_interval_start=datetime.datetime(2023, 6, 23, 18, 24, tzinfo=datetime.timezone.utc), data_interval_end=datetime.datetime(2023, 6, 23, 18, 24, tzinfo=datetime.timezone.utc), run_after=datetime.datetime(2023, 6, 23, 18, 24, tzinfo=datetime.timezone.utc), start_date=datetime.datetime(2025, 7, 29, 19, 41, 7, 406632, tzinfo=datetime.timezone.utc), end_date=None, clear_number=0, run_type=<DagRunType.SCHEDULED: 'scheduled'>, conf={}, consumed_asset_events=[]),","chan":"stdout","logger":"task"}
{"timestamp":"2025-07-29T19:41:08.267385Z","level":"info","event":" 'data_interval_end': DateTime(2023, 6, 23, 18, 24, 0, tzinfo=Timezone('UTC')),","chan":"stdout","logger":"task"}
{"timestamp":"2025-07-29T19:41:08.267432Z","level":"info","event":" 'data_interval_start': DateTime(2023, 6, 23, 18, 24, 0, tzinfo=Timezone('UTC')),","chan":"stdout","logger":"task"}
{"timestamp":"2025-07-29T19:41:08.267475Z","level":"info","event":" 'ds': '2023-06-23',","chan":"stdout","logger":"task"}
{"timestamp":"2025-07-29T19:41:08.267522Z","level":"info","event":" 'ds_nodash': '20230623',","chan":"stdout","logger":"task"}
{"timestamp":"2025-07-29T19:41:08.267563Z","level":"info","event":" 'inlet_events': InletEventsAccessors(_inlets=[], _assets={}, _asset_aliases={}),","chan":"stdout","logger":"task"}
{"timestamp":"2025-07-29T19:41:08.267604Z","level":"info","event":" 'inlets': [],","chan":"stdout","logger":"task"}
{"timestamp":"2025-07-29T19:41:08.267645Z","level":"info","event":" 'logical_date': DateTime(2023, 6, 23, 18, 24, 0, tzinfo=Timezone('UTC')),","chan":"stdout","logger":"task"}
{"timestamp":"2025-07-29T19:41:08.267686Z","level":"info","event":" 'macros': <MacrosAccessor (dynamic access to macros)>,","chan":"stdout","logger":"task"}
{"timestamp":"2025-07-29T19:41:08.267726Z","level":"info","event":" 'map_index_template': None,","chan":"stdout","logger":"task"}
{"timestamp":"2025-07-29T19:41:08.267767Z","level":"info","event":" 'outlet_events': <airflow.sdk.execution_time.context.OutletEventAccessors object at 0x7fb67eba59a0>,","chan":"stdout","logger":"task"}
{"timestamp":"2025-07-29T19:41:08.267807Z","level":"info","event":" 'outlets': [],","chan":"stdout","logger":"task"}
{"timestamp":"2025-07-29T19:41:08.267847Z","level":"info","event":" 'params': {},","chan":"stdout","logger":"task"}
{"timestamp":"2025-07-29T19:41:08.276134Z","level":"info","event":" 'prev_data_interval_end_success': <Proxy at 0x7fb66fcd4320 with factory <function RuntimeTaskInstance.get_template_context.<locals>.<lambda> at 0x7fb66fcd0d60>>,","chan":"stdout","logger":"task"}
{"timestamp":"2025-07-29T19:41:08.276270Z","level":"info","event":" 'prev_data_interval_start_success': <Proxy at 0x7fb66fcd4050 with factory <function RuntimeTaskInstance.get_template_context.<locals>.<lambda> at 0x7fb66fcbfba0>>,","chan":"stdout","logger":"task"}
{"timestamp":"2025-07-29T19:41:08.276365Z","level":"info","event":" 'prev_end_date_success': <Proxy at 0x7fb66fcd4680 with factory <function RuntimeTaskInstance.get_template_context.<locals>.<lambda> at 0x7fb66fcbf560>>,","chan":"stdout","logger":"task"}
{"timestamp":"2025-07-29T19:41:08.276418Z","level":"info","event":" 'prev_start_date_success': <Proxy at 0x7fb677766300 with factory <function RuntimeTaskInstance.get_template_context.<locals>.<lambda> at 0x7fb66fcbfa60>>,","chan":"stdout","logger":"task"}
{"timestamp":"2025-07-29T19:41:08.276464Z","level":"info","event":" 'run_id': 'scheduled__2023-06-23T18:24:00+00:00',","chan":"stdout","logger":"task"}
{"timestamp":"2025-07-29T19:41:08.276508Z","level":"info","event":" 'task': <Task(PythonOperator): python>,","chan":"stdout","logger":"task"}
{"timestamp":"2025-07-29T19:41:08.276553Z","level":"info","event":" 'task_instance': RuntimeTaskInstance(id=UUID('019857b3-f1c8-7b9c-830c-b2fe39a9a92c'), task_id='python', dag_id='python_operator_v1', run_id='scheduled__2023-06-23T18:24:00+00:00', try_number=1, map_index=-1, hostname='bf6f1e7a6f11', context_carrier={}, task=<Task(PythonOperator): python>, bundle_instance=LocalDagBundle(name=dags-folder), max_tries=0, start_date=datetime.datetime(2025, 7, 29, 19, 41, 7, 749416, tzinfo=datetime.timezone.utc), end_date=None, state=<TaskInstanceState.RUNNING: 'running'>, is_mapped=False, rendered_map_index=None, log_url='http://localhost:8080/dags/python_operator_v1/runs/scheduled__2023-06-23T18%3A24%3A00%2B00%3A00/tasks/python?try_number=1'),","chan":"stdout","logger":"task"}
{"timestamp":"2025-07-29T19:41:08.276597Z","level":"info","event":" 'task_instance_key_str': 'python_operator_v1__python__20230623',","chan":"stdout","logger":"task"}
{"timestamp":"2025-07-29T19:41:08.276641Z","level":"info","event":" 'task_reschedule_count': 0,","chan":"stdout","logger":"task"}
{"timestamp":"2025-07-29T19:41:08.276684Z","level":"info","event":" 'templates_dict': None,","chan":"stdout","logger":"task"}
{"timestamp":"2025-07-29T19:41:08.276729Z","level":"info","event":" 'ti': RuntimeTaskInstance(id=UUID('019857b3-f1c8-7b9c-830c-b2fe39a9a92c'), task_id='python', dag_id='python_operator_v1', run_id='scheduled__2023-06-23T18:24:00+00:00', try_number=1, map_index=-1, hostname='bf6f1e7a6f11', context_carrier={}, task=<Task(PythonOperator): python>, bundle_instance=LocalDagBundle(name=dags-folder), max_tries=0, start_date=datetime.datetime(2025, 7, 29, 19, 41, 7, 749416, tzinfo=datetime.timezone.utc), end_date=None, state=<TaskInstanceState.RUNNING: 'running'>, is_mapped=False, rendered_map_index=None, log_url='http://localhost:8080/dags/python_operator_v1/runs/scheduled__2023-06-23T18%3A24%3A00%2B00%3A00/tasks/python?try_number=1'),","chan":"stdout","logger":"task"}
{"timestamp":"2025-07-29T19:41:08.276773Z","level":"info","event":" 'triggering_asset_events': TriggeringAssetEventsAccessor(_events=defaultdict(<class 'list'>, {})),","chan":"stdout","logger":"task"}
{"timestamp":"2025-07-29T19:41:08.276814Z","level":"info","event":" 'ts': '2023-06-23T18:24:00+00:00',","chan":"stdout","logger":"task"}
{"timestamp":"2025-07-29T19:41:08.276854Z","level":"info","event":" 'ts_nodash': '20230623T182400',","chan":"stdout","logger":"task"}
{"timestamp":"2025-07-29T19:41:08.276894Z","level":"info","event":" 'ts_nodash_with_tz': '20230623T182400+0000',","chan":"stdout","logger":"task"}
{"timestamp":"2025-07-29T19:41:08.276934Z","level":"info","event":" 'var': {'json': <VariableAccessor (dynamic access)>,","chan":"stdout","logger":"task"}
{"timestamp":"2025-07-29T19:41:08.276974Z","level":"info","event":"         'value': <VariableAccessor (dynamic access)>}}","chan":"stdout","logger":"task"}
{"timestamp":"2025-07-29T19:41:08.276743","level":"info","event":"Done. Returned value was: 123","logger":"airflow.task.operators.airflow.providers.standard.operators.python.PythonOperator"}
{"timestamp":"2025-07-29T19:41:08.276904","level":"info","event":"Pushing xcom","ti":"RuntimeTaskInstance(id=UUID('019857b3-f1c8-7b9c-830c-b2fe39a9a92c'), task_id='python', dag_id='python_operator_v1', run_id='scheduled__2023-06-23T18:24:00+00:00', try_number=1, map_index=-1, hostname='bf6f1e7a6f11', context_carrier={}, task=<Task(PythonOperator): python>, bundle_instance=LocalDagBundle(name=dags-folder), max_tries=0, start_date=datetime.datetime(2025, 7, 29, 19, 41, 7, 749416, tzinfo=datetime.timezone.utc), end_date=None, state=<TaskInstanceState.RUNNING: 'running'>, is_mapped=False, rendered_map_index=None, log_url='http://localhost:8080/dags/python_operator_v1/runs/scheduled__2023-06-23T18%3A24%3A00%2B00%3A00/tasks/python?try_number=1')","logger":"task"}
{"timestamp":"2025-07-29T19:41:08.299259Z","level":"info","event":"Task instance in success state","chan":"stdout","logger":"task"}
{"timestamp":"2025-07-29T19:41:08.299405Z","level":"info","event":" Previous state of the Task instance: TaskInstanceState.RUNNING","chan":"stdout","logger":"task"}
{"timestamp":"2025-07-29T19:41:08.299499Z","level":"info","event":"Task operator:<Task(PythonOperator): python>","chan":"stdout","logger":"task"}
