{"timestamp":"2025-07-29T20:11:02.546174","level":"info","event":"DAG bundles loaded: dags-folder, example_dags","logger":"airflow.dag_processing.bundles.manager.DagBundlesManager"}
{"timestamp":"2025-07-29T20:11:02.548894","level":"info","event":"Filling up the DagBag from /opt/airflow/dags/3_dag_principal.py","logger":"airflow.models.dagbag.DagBag"}
{"timestamp":"2025-07-29T20:11:02.623935Z","level":"info","event":"Task instance is in running state","chan":"stdout","logger":"task"}
{"timestamp":"2025-07-29T20:11:02.624287Z","level":"info","event":" Previous state of the Task instance: TaskInstanceState.QUEUED","chan":"stdout","logger":"task"}
{"timestamp":"2025-07-29T20:11:02.624517Z","level":"info","event":"Current task name:python_principal","chan":"stdout","logger":"task"}
{"timestamp":"2025-07-29T20:11:02.624680Z","level":"info","event":"Dag name:3_DAG_principal","chan":"stdout","logger":"task"}
{"timestamp":"2025-07-29T20:11:02.626080Z","level":"info","event":"DAG principal","chan":"stdout","logger":"task"}
{"timestamp":"2025-07-29T20:11:02.628052Z","level":"info","event":"{'conn': <ConnectionAccessor (dynamic access)>,","chan":"stdout","logger":"task"}
{"timestamp":"2025-07-29T20:11:02.628394Z","level":"info","event":" 'dag': <DAG: 3_DAG_principal>,","chan":"stdout","logger":"task"}
{"timestamp":"2025-07-29T20:11:02.628688Z","level":"info","event":" 'dag_run': DagRun(dag_id='3_DAG_principal', run_id='scheduled__2025-04-15T20:00:00+00:00', logical_date=datetime.datetime(2025, 4, 15, 20, 0, tzinfo=datetime.timezone.utc), data_interval_start=datetime.datetime(2025, 4, 15, 20, 0, tzinfo=datetime.timezone.utc), data_interval_end=datetime.datetime(2025, 4, 15, 20, 0, tzinfo=datetime.timezone.utc), run_after=datetime.datetime(2025, 4, 15, 20, 0, tzinfo=datetime.timezone.utc), start_date=datetime.datetime(2025, 7, 29, 20, 10, 57, 859233, tzinfo=datetime.timezone.utc), end_date=None, clear_number=0, run_type=<DagRunType.SCHEDULED: 'scheduled'>, conf={}, consumed_asset_events=[]),","chan":"stdout","logger":"task"}
{"timestamp":"2025-07-29T20:11:02.628909Z","level":"info","event":" 'data_interval_end': DateTime(2025, 4, 15, 20, 0, 0, tzinfo=Timezone('UTC')),","chan":"stdout","logger":"task"}
{"timestamp":"2025-07-29T20:11:02.629117Z","level":"info","event":" 'data_interval_start': DateTime(2025, 4, 15, 20, 0, 0, tzinfo=Timezone('UTC')),","chan":"stdout","logger":"task"}
{"timestamp":"2025-07-29T20:11:02.629299Z","level":"info","event":" 'ds': '2025-04-15',","chan":"stdout","logger":"task"}
{"timestamp":"2025-07-29T20:11:02.629442Z","level":"info","event":" 'ds_nodash': '20250415',","chan":"stdout","logger":"task"}
{"timestamp":"2025-07-29T20:11:02.629623Z","level":"info","event":" 'inlet_events': InletEventsAccessors(_inlets=[], _assets={}, _asset_aliases={}),","chan":"stdout","logger":"task"}
{"timestamp":"2025-07-29T20:11:02.629880Z","level":"info","event":" 'inlets': [],","chan":"stdout","logger":"task"}
{"timestamp":"2025-07-29T20:11:02.630139Z","level":"info","event":" 'logical_date': DateTime(2025, 4, 15, 20, 0, 0, tzinfo=Timezone('UTC')),","chan":"stdout","logger":"task"}
{"timestamp":"2025-07-29T20:11:02.630351Z","level":"info","event":" 'macros': <MacrosAccessor (dynamic access to macros)>,","chan":"stdout","logger":"task"}
{"timestamp":"2025-07-29T20:11:02.630555Z","level":"info","event":" 'map_index_template': None,","chan":"stdout","logger":"task"}
{"timestamp":"2025-07-29T20:11:02.630785Z","level":"info","event":" 'outlet_events': <airflow.sdk.execution_time.context.OutletEventAccessors object at 0x7fb677a8aea0>,","chan":"stdout","logger":"task"}
{"timestamp":"2025-07-29T20:11:02.630994Z","level":"info","event":" 'outlets': [],","chan":"stdout","logger":"task"}
{"timestamp":"2025-07-29T20:11:02.631200Z","level":"info","event":" 'params': {},","chan":"stdout","logger":"task"}
{"timestamp":"2025-07-29T20:11:02.648013Z","level":"info","event":" 'prev_data_interval_end_success': <Proxy at 0x7fb66fc24170 with factory <function RuntimeTaskInstance.get_template_context.<locals>.<lambda> at 0x7fb66fc37ec0>>,","chan":"stdout","logger":"task"}
{"timestamp":"2025-07-29T20:11:02.649235Z","level":"info","event":" 'prev_data_interval_start_success': <Proxy at 0x7fb66fd2dc70 with factory <function RuntimeTaskInstance.get_template_context.<locals>.<lambda> at 0x7fb66fc36700>>,","chan":"stdout","logger":"task"}
{"timestamp":"2025-07-29T20:11:02.649535Z","level":"info","event":" 'prev_end_date_success': <Proxy at 0x7fb66fdff410 with factory <function RuntimeTaskInstance.get_template_context.<locals>.<lambda> at 0x7fb66fc37f60>>,","chan":"stdout","logger":"task"}
{"timestamp":"2025-07-29T20:11:02.649687Z","level":"info","event":" 'prev_start_date_success': <Proxy at 0x7fb66fece450 with factory <function RuntimeTaskInstance.get_template_context.<locals>.<lambda> at 0x7fb66fc36ca0>>,","chan":"stdout","logger":"task"}
{"timestamp":"2025-07-29T20:11:02.649802Z","level":"info","event":" 'run_id': 'scheduled__2025-04-15T20:00:00+00:00',","chan":"stdout","logger":"task"}
{"timestamp":"2025-07-29T20:11:02.649886Z","level":"info","event":" 'task': <Task(PythonOperator): python_principal>,","chan":"stdout","logger":"task"}
{"timestamp":"2025-07-29T20:11:02.649970Z","level":"info","event":" 'task_instance': RuntimeTaskInstance(id=UUID('019857cf-435c-70f4-be94-8fa6c2ccd4e8'), task_id='python_principal', dag_id='3_DAG_principal', run_id='scheduled__2025-04-15T20:00:00+00:00', try_number=1, map_index=-1, hostname='bf6f1e7a6f11', context_carrier={}, task=<Task(PythonOperator): python_principal>, bundle_instance=LocalDagBundle(name=dags-folder), max_tries=0, start_date=datetime.datetime(2025, 7, 29, 20, 11, 1, 373198, tzinfo=datetime.timezone.utc), end_date=None, state=<TaskInstanceState.RUNNING: 'running'>, is_mapped=False, rendered_map_index=None, log_url='http://localhost:8080/dags/3_DAG_principal/runs/scheduled__2025-04-15T20%3A00%3A00%2B00%3A00/tasks/python_principal?try_number=1'),","chan":"stdout","logger":"task"}
{"timestamp":"2025-07-29T20:11:02.650045Z","level":"info","event":" 'task_instance_key_str': '3_DAG_principal__python_principal__20250415',","chan":"stdout","logger":"task"}
{"timestamp":"2025-07-29T20:11:02.650116Z","level":"info","event":" 'task_reschedule_count': 0,","chan":"stdout","logger":"task"}
{"timestamp":"2025-07-29T20:11:02.650181Z","level":"info","event":" 'templates_dict': None,","chan":"stdout","logger":"task"}
{"timestamp":"2025-07-29T20:11:02.650246Z","level":"info","event":" 'ti': RuntimeTaskInstance(id=UUID('019857cf-435c-70f4-be94-8fa6c2ccd4e8'), task_id='python_principal', dag_id='3_DAG_principal', run_id='scheduled__2025-04-15T20:00:00+00:00', try_number=1, map_index=-1, hostname='bf6f1e7a6f11', context_carrier={}, task=<Task(PythonOperator): python_principal>, bundle_instance=LocalDagBundle(name=dags-folder), max_tries=0, start_date=datetime.datetime(2025, 7, 29, 20, 11, 1, 373198, tzinfo=datetime.timezone.utc), end_date=None, state=<TaskInstanceState.RUNNING: 'running'>, is_mapped=False, rendered_map_index=None, log_url='http://localhost:8080/dags/3_DAG_principal/runs/scheduled__2025-04-15T20%3A00%3A00%2B00%3A00/tasks/python_principal?try_number=1'),","chan":"stdout","logger":"task"}
{"timestamp":"2025-07-29T20:11:02.650315Z","level":"info","event":" 'triggering_asset_events': TriggeringAssetEventsAccessor(_events=defaultdict(<class 'list'>, {})),","chan":"stdout","logger":"task"}
{"timestamp":"2025-07-29T20:11:02.650382Z","level":"info","event":" 'ts': '2025-04-15T20:00:00+00:00',","chan":"stdout","logger":"task"}
{"timestamp":"2025-07-29T20:11:02.650449Z","level":"info","event":" 'ts_nodash': '20250415T200000',","chan":"stdout","logger":"task"}
{"timestamp":"2025-07-29T20:11:02.650624Z","level":"info","event":" 'ts_nodash_with_tz': '20250415T200000+0000',","chan":"stdout","logger":"task"}
{"timestamp":"2025-07-29T20:11:02.650831Z","level":"info","event":" 'var': {'json': <VariableAccessor (dynamic access)>,","chan":"stdout","logger":"task"}
{"timestamp":"2025-07-29T20:11:02.650970Z","level":"info","event":"         'value': <VariableAccessor (dynamic access)>}}","chan":"stdout","logger":"task"}
{"timestamp":"2025-07-29T20:11:02.649014","level":"info","event":"Done. Returned value was: principal","logger":"airflow.task.operators.airflow.providers.standard.operators.python.PythonOperator"}
{"timestamp":"2025-07-29T20:11:02.649656","level":"info","event":"Pushing xcom","ti":"RuntimeTaskInstance(id=UUID('019857cf-435c-70f4-be94-8fa6c2ccd4e8'), task_id='python_principal', dag_id='3_DAG_principal', run_id='scheduled__2025-04-15T20:00:00+00:00', try_number=1, map_index=-1, hostname='bf6f1e7a6f11', context_carrier={}, task=<Task(PythonOperator): python_principal>, bundle_instance=LocalDagBundle(name=dags-folder), max_tries=0, start_date=datetime.datetime(2025, 7, 29, 20, 11, 1, 373198, tzinfo=datetime.timezone.utc), end_date=None, state=<TaskInstanceState.RUNNING: 'running'>, is_mapped=False, rendered_map_index=None, log_url='http://localhost:8080/dags/3_DAG_principal/runs/scheduled__2025-04-15T20%3A00%3A00%2B00%3A00/tasks/python_principal?try_number=1')","logger":"task"}
{"timestamp":"2025-07-29T20:11:02.699348Z","level":"info","event":"Task instance in success state","chan":"stdout","logger":"task"}
{"timestamp":"2025-07-29T20:11:02.699632Z","level":"info","event":" Previous state of the Task instance: TaskInstanceState.RUNNING","chan":"stdout","logger":"task"}
{"timestamp":"2025-07-29T20:11:02.699748Z","level":"info","event":"Task operator:<Task(PythonOperator): python_principal>","chan":"stdout","logger":"task"}
