{"timestamp":"2025-07-29T20:00:15.242915","level":"info","event":"DAG bundles loaded: dags-folder, example_dags","logger":"airflow.dag_processing.bundles.manager.DagBundlesManager"}
{"timestamp":"2025-07-29T20:00:15.243764","level":"info","event":"Filling up the DagBag from /opt/airflow/dags/3_dag_principal.py","logger":"airflow.models.dagbag.DagBag"}
{"timestamp":"2025-07-29T20:00:15.279704Z","level":"info","event":"Task instance is in running state","chan":"stdout","logger":"task"}
{"timestamp":"2025-07-29T20:00:15.281345Z","level":"info","event":" Previous state of the Task instance: TaskInstanceState.QUEUED","chan":"stdout","logger":"task"}
{"timestamp":"2025-07-29T20:00:15.281920Z","level":"info","event":"Current task name:python_principal","chan":"stdout","logger":"task"}
{"timestamp":"2025-07-29T20:00:15.282077Z","level":"info","event":"Dag name:3_DAG_principal","chan":"stdout","logger":"task"}
{"timestamp":"2025-07-29T20:00:15.283271Z","level":"info","event":"DAG principal","chan":"stdout","logger":"task"}
{"timestamp":"2025-07-29T20:00:15.284153Z","level":"info","event":"{'conn': <ConnectionAccessor (dynamic access)>,","chan":"stdout","logger":"task"}
{"timestamp":"2025-07-29T20:00:15.284324Z","level":"info","event":" 'dag': <DAG: 3_DAG_principal>,","chan":"stdout","logger":"task"}
{"timestamp":"2025-07-29T20:00:15.284497Z","level":"info","event":" 'dag_run': DagRun(dag_id='3_DAG_principal', run_id='scheduled__2023-09-13T20:00:00+00:00', logical_date=datetime.datetime(2023, 9, 13, 20, 0, tzinfo=datetime.timezone.utc), data_interval_start=datetime.datetime(2023, 9, 13, 20, 0, tzinfo=datetime.timezone.utc), data_interval_end=datetime.datetime(2023, 9, 13, 20, 0, tzinfo=datetime.timezone.utc), run_after=datetime.datetime(2023, 9, 13, 20, 0, tzinfo=datetime.timezone.utc), start_date=datetime.datetime(2025, 7, 29, 20, 0, 14, 137844, tzinfo=datetime.timezone.utc), end_date=None, clear_number=0, run_type=<DagRunType.SCHEDULED: 'scheduled'>, conf={}, consumed_asset_events=[]),","chan":"stdout","logger":"task"}
{"timestamp":"2025-07-29T20:00:15.284588Z","level":"info","event":" 'data_interval_end': DateTime(2023, 9, 13, 20, 0, 0, tzinfo=Timezone('UTC')),","chan":"stdout","logger":"task"}
{"timestamp":"2025-07-29T20:00:15.284671Z","level":"info","event":" 'data_interval_start': DateTime(2023, 9, 13, 20, 0, 0, tzinfo=Timezone('UTC')),","chan":"stdout","logger":"task"}
{"timestamp":"2025-07-29T20:00:15.284788Z","level":"info","event":" 'ds': '2023-09-13',","chan":"stdout","logger":"task"}
{"timestamp":"2025-07-29T20:00:15.284856Z","level":"info","event":" 'ds_nodash': '20230913',","chan":"stdout","logger":"task"}
{"timestamp":"2025-07-29T20:00:15.284903Z","level":"info","event":" 'inlet_events': InletEventsAccessors(_inlets=[], _assets={}, _asset_aliases={}),","chan":"stdout","logger":"task"}
{"timestamp":"2025-07-29T20:00:15.284984Z","level":"info","event":" 'inlets': [],","chan":"stdout","logger":"task"}
{"timestamp":"2025-07-29T20:00:15.285072Z","level":"info","event":" 'logical_date': DateTime(2023, 9, 13, 20, 0, 0, tzinfo=Timezone('UTC')),","chan":"stdout","logger":"task"}
{"timestamp":"2025-07-29T20:00:15.285136Z","level":"info","event":" 'macros': <MacrosAccessor (dynamic access to macros)>,","chan":"stdout","logger":"task"}
{"timestamp":"2025-07-29T20:00:15.285181Z","level":"info","event":" 'map_index_template': None,","chan":"stdout","logger":"task"}
{"timestamp":"2025-07-29T20:00:15.285263Z","level":"info","event":" 'outlet_events': <airflow.sdk.execution_time.context.OutletEventAccessors object at 0x7fb67cbff290>,","chan":"stdout","logger":"task"}
{"timestamp":"2025-07-29T20:00:15.285307Z","level":"info","event":" 'outlets': [],","chan":"stdout","logger":"task"}
{"timestamp":"2025-07-29T20:00:15.285348Z","level":"info","event":" 'params': {},","chan":"stdout","logger":"task"}
{"timestamp":"2025-07-29T20:00:15.301149Z","level":"info","event":" 'prev_data_interval_end_success': <Proxy at 0x7fb66fc11310 with factory <function RuntimeTaskInstance.get_template_context.<locals>.<lambda> at 0x7fb678281b20>>,","chan":"stdout","logger":"task"}
{"timestamp":"2025-07-29T20:00:15.301471Z","level":"info","event":" 'prev_data_interval_start_success': <Proxy at 0x7fb66fc11370 with factory <function RuntimeTaskInstance.get_template_context.<locals>.<lambda> at 0x7fb678280360>>,","chan":"stdout","logger":"task"}
{"timestamp":"2025-07-29T20:00:15.301605Z","level":"info","event":" 'prev_end_date_success': <Proxy at 0x7fb67ea17e30 with factory <function RuntimeTaskInstance.get_template_context.<locals>.<lambda> at 0x7fb678281bc0>>,","chan":"stdout","logger":"task"}
{"timestamp":"2025-07-29T20:00:15.301695Z","level":"info","event":" 'prev_start_date_success': <Proxy at 0x7fb66fc11580 with factory <function RuntimeTaskInstance.get_template_context.<locals>.<lambda> at 0x7fb678280900>>,","chan":"stdout","logger":"task"}
{"timestamp":"2025-07-29T20:00:15.301767Z","level":"info","event":" 'run_id': 'scheduled__2023-09-13T20:00:00+00:00',","chan":"stdout","logger":"task"}
{"timestamp":"2025-07-29T20:00:15.301852Z","level":"info","event":" 'task': <Task(PythonOperator): python_principal>,","chan":"stdout","logger":"task"}
{"timestamp":"2025-07-29T20:00:15.301940Z","level":"info","event":" 'task_instance': RuntimeTaskInstance(id=UUID('019857c5-712a-7e05-975b-506c23ebe813'), task_id='python_principal', dag_id='3_DAG_principal', run_id='scheduled__2023-09-13T20:00:00+00:00', try_number=1, map_index=-1, hostname='bf6f1e7a6f11', context_carrier={}, task=<Task(PythonOperator): python_principal>, bundle_instance=LocalDagBundle(name=dags-folder), max_tries=0, start_date=datetime.datetime(2025, 7, 29, 20, 0, 14, 676178, tzinfo=datetime.timezone.utc), end_date=None, state=<TaskInstanceState.RUNNING: 'running'>, is_mapped=False, rendered_map_index=None, log_url='http://localhost:8080/dags/3_DAG_principal/runs/scheduled__2023-09-13T20%3A00%3A00%2B00%3A00/tasks/python_principal?try_number=1'),","chan":"stdout","logger":"task"}
{"timestamp":"2025-07-29T20:00:15.302026Z","level":"info","event":" 'task_instance_key_str': '3_DAG_principal__python_principal__20230913',","chan":"stdout","logger":"task"}
{"timestamp":"2025-07-29T20:00:15.302098Z","level":"info","event":" 'task_reschedule_count': 0,","chan":"stdout","logger":"task"}
{"timestamp":"2025-07-29T20:00:15.302180Z","level":"info","event":" 'templates_dict': None,","chan":"stdout","logger":"task"}
{"timestamp":"2025-07-29T20:00:15.302252Z","level":"info","event":" 'ti': RuntimeTaskInstance(id=UUID('019857c5-712a-7e05-975b-506c23ebe813'), task_id='python_principal', dag_id='3_DAG_principal', run_id='scheduled__2023-09-13T20:00:00+00:00', try_number=1, map_index=-1, hostname='bf6f1e7a6f11', context_carrier={}, task=<Task(PythonOperator): python_principal>, bundle_instance=LocalDagBundle(name=dags-folder), max_tries=0, start_date=datetime.datetime(2025, 7, 29, 20, 0, 14, 676178, tzinfo=datetime.timezone.utc), end_date=None, state=<TaskInstanceState.RUNNING: 'running'>, is_mapped=False, rendered_map_index=None, log_url='http://localhost:8080/dags/3_DAG_principal/runs/scheduled__2023-09-13T20%3A00%3A00%2B00%3A00/tasks/python_principal?try_number=1'),","chan":"stdout","logger":"task"}
{"timestamp":"2025-07-29T20:00:15.302409Z","level":"info","event":" 'triggering_asset_events': TriggeringAssetEventsAccessor(_events=defaultdict(<class 'list'>, {})),","chan":"stdout","logger":"task"}
{"timestamp":"2025-07-29T20:00:15.302498Z","level":"info","event":" 'ts': '2023-09-13T20:00:00+00:00',","chan":"stdout","logger":"task"}
{"timestamp":"2025-07-29T20:00:15.302575Z","level":"info","event":" 'ts_nodash': '20230913T200000',","chan":"stdout","logger":"task"}
{"timestamp":"2025-07-29T20:00:15.302648Z","level":"info","event":" 'ts_nodash_with_tz': '20230913T200000+0000',","chan":"stdout","logger":"task"}
{"timestamp":"2025-07-29T20:00:15.302716Z","level":"info","event":" 'var': {'json': <VariableAccessor (dynamic access)>,","chan":"stdout","logger":"task"}
{"timestamp":"2025-07-29T20:00:15.302783Z","level":"info","event":"         'value': <VariableAccessor (dynamic access)>}}","chan":"stdout","logger":"task"}
{"timestamp":"2025-07-29T20:00:15.301707","level":"info","event":"Done. Returned value was: principal","logger":"airflow.task.operators.airflow.providers.standard.operators.python.PythonOperator"}
{"timestamp":"2025-07-29T20:00:15.302012","level":"info","event":"Pushing xcom","ti":"RuntimeTaskInstance(id=UUID('019857c5-712a-7e05-975b-506c23ebe813'), task_id='python_principal', dag_id='3_DAG_principal', run_id='scheduled__2023-09-13T20:00:00+00:00', try_number=1, map_index=-1, hostname='bf6f1e7a6f11', context_carrier={}, task=<Task(PythonOperator): python_principal>, bundle_instance=LocalDagBundle(name=dags-folder), max_tries=0, start_date=datetime.datetime(2025, 7, 29, 20, 0, 14, 676178, tzinfo=datetime.timezone.utc), end_date=None, state=<TaskInstanceState.RUNNING: 'running'>, is_mapped=False, rendered_map_index=None, log_url='http://localhost:8080/dags/3_DAG_principal/runs/scheduled__2023-09-13T20%3A00%3A00%2B00%3A00/tasks/python_principal?try_number=1')","logger":"task"}
{"timestamp":"2025-07-29T20:00:15.351341Z","level":"info","event":"Task instance in success state","chan":"stdout","logger":"task"}
{"timestamp":"2025-07-29T20:00:15.351588Z","level":"info","event":" Previous state of the Task instance: TaskInstanceState.RUNNING","chan":"stdout","logger":"task"}
{"timestamp":"2025-07-29T20:00:15.351831Z","level":"info","event":"Task operator:<Task(PythonOperator): python_principal>","chan":"stdout","logger":"task"}
