{"timestamp":"2025-07-29T20:05:49.677394","level":"info","event":"DAG bundles loaded: dags-folder, example_dags","logger":"airflow.dag_processing.bundles.manager.DagBundlesManager"}
{"timestamp":"2025-07-29T20:05:49.678175","level":"info","event":"Filling up the DagBag from /opt/airflow/dags/3_dag_principal.py","logger":"airflow.models.dagbag.DagBag"}
{"timestamp":"2025-07-29T20:05:49.703340Z","level":"info","event":"Task instance is in running state","chan":"stdout","logger":"task"}
{"timestamp":"2025-07-29T20:05:49.703525Z","level":"info","event":" Previous state of the Task instance: TaskInstanceState.QUEUED","chan":"stdout","logger":"task"}
{"timestamp":"2025-07-29T20:05:49.704215Z","level":"info","event":"Current task name:python_principal","chan":"stdout","logger":"task"}
{"timestamp":"2025-07-29T20:05:49.704369Z","level":"info","event":"Dag name:3_DAG_principal","chan":"stdout","logger":"task"}
{"timestamp":"2025-07-29T20:05:49.705656Z","level":"info","event":"DAG principal","chan":"stdout","logger":"task"}
{"timestamp":"2025-07-29T20:05:49.706489Z","level":"info","event":"{'conn': <ConnectionAccessor (dynamic access)>,","chan":"stdout","logger":"task"}
{"timestamp":"2025-07-29T20:05:49.706637Z","level":"info","event":" 'dag': <DAG: 3_DAG_principal>,","chan":"stdout","logger":"task"}
{"timestamp":"2025-07-29T20:05:49.706796Z","level":"info","event":" 'dag_run': DagRun(dag_id='3_DAG_principal', run_id='scheduled__2024-07-26T20:00:00+00:00', logical_date=datetime.datetime(2024, 7, 26, 20, 0, tzinfo=datetime.timezone.utc), data_interval_start=datetime.datetime(2024, 7, 26, 20, 0, tzinfo=datetime.timezone.utc), data_interval_end=datetime.datetime(2024, 7, 26, 20, 0, tzinfo=datetime.timezone.utc), run_after=datetime.datetime(2024, 7, 26, 20, 0, tzinfo=datetime.timezone.utc), start_date=datetime.datetime(2025, 7, 29, 20, 5, 48, 638842, tzinfo=datetime.timezone.utc), end_date=None, clear_number=0, run_type=<DagRunType.SCHEDULED: 'scheduled'>, conf={}, consumed_asset_events=[]),","chan":"stdout","logger":"task"}
{"timestamp":"2025-07-29T20:05:49.706928Z","level":"info","event":" 'data_interval_end': DateTime(2024, 7, 26, 20, 0, 0, tzinfo=Timezone('UTC')),","chan":"stdout","logger":"task"}
{"timestamp":"2025-07-29T20:05:49.707049Z","level":"info","event":" 'data_interval_start': DateTime(2024, 7, 26, 20, 0, 0, tzinfo=Timezone('UTC')),","chan":"stdout","logger":"task"}
{"timestamp":"2025-07-29T20:05:49.707158Z","level":"info","event":" 'ds': '2024-07-26',","chan":"stdout","logger":"task"}
{"timestamp":"2025-07-29T20:05:49.707263Z","level":"info","event":" 'ds_nodash': '20240726',","chan":"stdout","logger":"task"}
{"timestamp":"2025-07-29T20:05:49.707399Z","level":"info","event":" 'inlet_events': InletEventsAccessors(_inlets=[], _assets={}, _asset_aliases={}),","chan":"stdout","logger":"task"}
{"timestamp":"2025-07-29T20:05:49.707506Z","level":"info","event":" 'inlets': [],","chan":"stdout","logger":"task"}
{"timestamp":"2025-07-29T20:05:49.707613Z","level":"info","event":" 'logical_date': DateTime(2024, 7, 26, 20, 0, 0, tzinfo=Timezone('UTC')),","chan":"stdout","logger":"task"}
{"timestamp":"2025-07-29T20:05:49.707719Z","level":"info","event":" 'macros': <MacrosAccessor (dynamic access to macros)>,","chan":"stdout","logger":"task"}
{"timestamp":"2025-07-29T20:05:49.707893Z","level":"info","event":" 'map_index_template': None,","chan":"stdout","logger":"task"}
{"timestamp":"2025-07-29T20:05:49.707984Z","level":"info","event":" 'outlet_events': <airflow.sdk.execution_time.context.OutletEventAccessors object at 0x7fb67ea259a0>,","chan":"stdout","logger":"task"}
{"timestamp":"2025-07-29T20:05:49.708060Z","level":"info","event":" 'outlets': [],","chan":"stdout","logger":"task"}
{"timestamp":"2025-07-29T20:05:49.708140Z","level":"info","event":" 'params': {},","chan":"stdout","logger":"task"}
{"timestamp":"2025-07-29T20:05:49.718689Z","level":"info","event":" 'prev_data_interval_end_success': <Proxy at 0x7fb66fc4ac60 with factory <function RuntimeTaskInstance.get_template_context.<locals>.<lambda> at 0x7fb66fc66d40>>,","chan":"stdout","logger":"task"}
{"timestamp":"2025-07-29T20:05:49.719008Z","level":"info","event":" 'prev_data_interval_start_success': <Proxy at 0x7fb66fc49e80 with factory <function RuntimeTaskInstance.get_template_context.<locals>.<lambda> at 0x7fb66fc65580>>,","chan":"stdout","logger":"task"}
{"timestamp":"2025-07-29T20:05:49.719082Z","level":"info","event":" 'prev_end_date_success': <Proxy at 0x7fb66fc4b0b0 with factory <function RuntimeTaskInstance.get_template_context.<locals>.<lambda> at 0x7fb66fc66de0>>,","chan":"stdout","logger":"task"}
{"timestamp":"2025-07-29T20:05:49.719131Z","level":"info","event":" 'prev_start_date_success': <Proxy at 0x7fb66fc49610 with factory <function RuntimeTaskInstance.get_template_context.<locals>.<lambda> at 0x7fb66fc65b20>>,","chan":"stdout","logger":"task"}
{"timestamp":"2025-07-29T20:05:49.719176Z","level":"info","event":" 'run_id': 'scheduled__2024-07-26T20:00:00+00:00',","chan":"stdout","logger":"task"}
{"timestamp":"2025-07-29T20:05:49.719221Z","level":"info","event":" 'task': <Task(PythonOperator): python_principal>,","chan":"stdout","logger":"task"}
{"timestamp":"2025-07-29T20:05:49.719269Z","level":"info","event":" 'task_instance': RuntimeTaskInstance(id=UUID('019857ca-8bcb-7cdb-a652-13e2d090aab0'), task_id='python_principal', dag_id='3_DAG_principal', run_id='scheduled__2024-07-26T20:00:00+00:00', try_number=1, map_index=-1, hostname='bf6f1e7a6f11', context_carrier={}, task=<Task(PythonOperator): python_principal>, bundle_instance=LocalDagBundle(name=dags-folder), max_tries=0, start_date=datetime.datetime(2025, 7, 29, 20, 5, 49, 177975, tzinfo=datetime.timezone.utc), end_date=None, state=<TaskInstanceState.RUNNING: 'running'>, is_mapped=False, rendered_map_index=None, log_url='http://localhost:8080/dags/3_DAG_principal/runs/scheduled__2024-07-26T20%3A00%3A00%2B00%3A00/tasks/python_principal?try_number=1'),","chan":"stdout","logger":"task"}
{"timestamp":"2025-07-29T20:05:49.719316Z","level":"info","event":" 'task_instance_key_str': '3_DAG_principal__python_principal__20240726',","chan":"stdout","logger":"task"}
{"timestamp":"2025-07-29T20:05:49.719379Z","level":"info","event":" 'task_reschedule_count': 0,","chan":"stdout","logger":"task"}
{"timestamp":"2025-07-29T20:05:49.719432Z","level":"info","event":" 'templates_dict': None,","chan":"stdout","logger":"task"}
{"timestamp":"2025-07-29T20:05:49.719478Z","level":"info","event":" 'ti': RuntimeTaskInstance(id=UUID('019857ca-8bcb-7cdb-a652-13e2d090aab0'), task_id='python_principal', dag_id='3_DAG_principal', run_id='scheduled__2024-07-26T20:00:00+00:00', try_number=1, map_index=-1, hostname='bf6f1e7a6f11', context_carrier={}, task=<Task(PythonOperator): python_principal>, bundle_instance=LocalDagBundle(name=dags-folder), max_tries=0, start_date=datetime.datetime(2025, 7, 29, 20, 5, 49, 177975, tzinfo=datetime.timezone.utc), end_date=None, state=<TaskInstanceState.RUNNING: 'running'>, is_mapped=False, rendered_map_index=None, log_url='http://localhost:8080/dags/3_DAG_principal/runs/scheduled__2024-07-26T20%3A00%3A00%2B00%3A00/tasks/python_principal?try_number=1'),","chan":"stdout","logger":"task"}
{"timestamp":"2025-07-29T20:05:49.719524Z","level":"info","event":" 'triggering_asset_events': TriggeringAssetEventsAccessor(_events=defaultdict(<class 'list'>, {})),","chan":"stdout","logger":"task"}
{"timestamp":"2025-07-29T20:05:49.719600Z","level":"info","event":" 'ts': '2024-07-26T20:00:00+00:00',","chan":"stdout","logger":"task"}
{"timestamp":"2025-07-29T20:05:49.719650Z","level":"info","event":" 'ts_nodash': '20240726T200000',","chan":"stdout","logger":"task"}
{"timestamp":"2025-07-29T20:05:49.719692Z","level":"info","event":" 'ts_nodash_with_tz': '20240726T200000+0000',","chan":"stdout","logger":"task"}
{"timestamp":"2025-07-29T20:05:49.719737Z","level":"info","event":" 'var': {'json': <VariableAccessor (dynamic access)>,","chan":"stdout","logger":"task"}
{"timestamp":"2025-07-29T20:05:49.719779Z","level":"info","event":"         'value': <VariableAccessor (dynamic access)>}}","chan":"stdout","logger":"task"}
{"timestamp":"2025-07-29T20:05:49.719189","level":"info","event":"Done. Returned value was: principal","logger":"airflow.task.operators.airflow.providers.standard.operators.python.PythonOperator"}
{"timestamp":"2025-07-29T20:05:49.719429","level":"info","event":"Pushing xcom","ti":"RuntimeTaskInstance(id=UUID('019857ca-8bcb-7cdb-a652-13e2d090aab0'), task_id='python_principal', dag_id='3_DAG_principal', run_id='scheduled__2024-07-26T20:00:00+00:00', try_number=1, map_index=-1, hostname='bf6f1e7a6f11', context_carrier={}, task=<Task(PythonOperator): python_principal>, bundle_instance=LocalDagBundle(name=dags-folder), max_tries=0, start_date=datetime.datetime(2025, 7, 29, 20, 5, 49, 177975, tzinfo=datetime.timezone.utc), end_date=None, state=<TaskInstanceState.RUNNING: 'running'>, is_mapped=False, rendered_map_index=None, log_url='http://localhost:8080/dags/3_DAG_principal/runs/scheduled__2024-07-26T20%3A00%3A00%2B00%3A00/tasks/python_principal?try_number=1')","logger":"task"}
{"timestamp":"2025-07-29T20:05:49.748139Z","level":"info","event":"Task instance in success state","chan":"stdout","logger":"task"}
{"timestamp":"2025-07-29T20:05:49.748316Z","level":"info","event":" Previous state of the Task instance: TaskInstanceState.RUNNING","chan":"stdout","logger":"task"}
{"timestamp":"2025-07-29T20:05:49.748454Z","level":"info","event":"Task operator:<Task(PythonOperator): python_principal>","chan":"stdout","logger":"task"}
