{"timestamp":"2025-07-29T19:30:15.262296","level":"info","event":"DAG bundles loaded: dags-folder, example_dags","logger":"airflow.dag_processing.bundles.manager.DagBundlesManager"}
{"timestamp":"2025-07-29T19:30:15.262871","level":"info","event":"Filling up the DagBag from /opt/airflow/dags/python_operator_v1.py","logger":"airflow.models.dagbag.DagBag"}
{"timestamp":"2025-07-29T19:30:15.290131Z","level":"info","event":"Task instance is in running state","chan":"stdout","logger":"task"}
{"timestamp":"2025-07-29T19:30:15.290379Z","level":"info","event":" Previous state of the Task instance: TaskInstanceState.QUEUED","chan":"stdout","logger":"task"}
{"timestamp":"2025-07-29T19:30:15.291399Z","level":"info","event":"Current task name:python","chan":"stdout","logger":"task"}
{"timestamp":"2025-07-29T19:30:15.291585Z","level":"info","event":"Dag name:python_operator_v1","chan":"stdout","logger":"task"}
{"timestamp":"2025-07-29T19:30:15.293061Z","level":"info","event":"poliana","chan":"stdout","logger":"task"}
{"timestamp":"2025-07-29T19:30:15.293858Z","level":"info","event":"{'conn': <ConnectionAccessor (dynamic access)>,","chan":"stdout","logger":"task"}
{"timestamp":"2025-07-29T19:30:15.294012Z","level":"info","event":" 'dag': <DAG: python_operator_v1>,","chan":"stdout","logger":"task"}
{"timestamp":"2025-07-29T19:30:15.294110Z","level":"info","event":" 'dag_run': DagRun(dag_id='python_operator_v1', run_id='scheduled__2023-06-23T06:20:00+00:00', logical_date=datetime.datetime(2023, 6, 23, 6, 20, tzinfo=datetime.timezone.utc), data_interval_start=datetime.datetime(2023, 6, 23, 6, 20, tzinfo=datetime.timezone.utc), data_interval_end=datetime.datetime(2023, 6, 23, 6, 20, tzinfo=datetime.timezone.utc), run_after=datetime.datetime(2023, 6, 23, 6, 20, tzinfo=datetime.timezone.utc), start_date=datetime.datetime(2025, 7, 29, 19, 30, 14, 290895, tzinfo=datetime.timezone.utc), end_date=None, clear_number=0, run_type=<DagRunType.SCHEDULED: 'scheduled'>, conf={}, consumed_asset_events=[]),","chan":"stdout","logger":"task"}
{"timestamp":"2025-07-29T19:30:15.294236Z","level":"info","event":" 'data_interval_end': DateTime(2023, 6, 23, 6, 20, 0, tzinfo=Timezone('UTC')),","chan":"stdout","logger":"task"}
{"timestamp":"2025-07-29T19:30:15.294293Z","level":"info","event":" 'data_interval_start': DateTime(2023, 6, 23, 6, 20, 0, tzinfo=Timezone('UTC')),","chan":"stdout","logger":"task"}
{"timestamp":"2025-07-29T19:30:15.294340Z","level":"info","event":" 'ds': '2023-06-23',","chan":"stdout","logger":"task"}
{"timestamp":"2025-07-29T19:30:15.294383Z","level":"info","event":" 'ds_nodash': '20230623',","chan":"stdout","logger":"task"}
{"timestamp":"2025-07-29T19:30:15.294425Z","level":"info","event":" 'inlet_events': InletEventsAccessors(_inlets=[], _assets={}, _asset_aliases={}),","chan":"stdout","logger":"task"}
{"timestamp":"2025-07-29T19:30:15.294466Z","level":"info","event":" 'inlets': [],","chan":"stdout","logger":"task"}
{"timestamp":"2025-07-29T19:30:15.294508Z","level":"info","event":" 'logical_date': DateTime(2023, 6, 23, 6, 20, 0, tzinfo=Timezone('UTC')),","chan":"stdout","logger":"task"}
{"timestamp":"2025-07-29T19:30:15.294578Z","level":"info","event":" 'macros': <MacrosAccessor (dynamic access to macros)>,","chan":"stdout","logger":"task"}
{"timestamp":"2025-07-29T19:30:15.294626Z","level":"info","event":" 'map_index_template': None,","chan":"stdout","logger":"task"}
{"timestamp":"2025-07-29T19:30:15.294669Z","level":"info","event":" 'outlet_events': <airflow.sdk.execution_time.context.OutletEventAccessors object at 0x7fb67b74ca70>,","chan":"stdout","logger":"task"}
{"timestamp":"2025-07-29T19:30:15.294711Z","level":"info","event":" 'outlets': [],","chan":"stdout","logger":"task"}
{"timestamp":"2025-07-29T19:30:15.294752Z","level":"info","event":" 'params': {},","chan":"stdout","logger":"task"}
{"timestamp":"2025-07-29T19:30:15.303783Z","level":"info","event":" 'prev_data_interval_end_success': <Proxy at 0x7fb66fc6e5d0 with factory <function RuntimeTaskInstance.get_template_context.<locals>.<lambda> at 0x7fb66fc86f20>>,","chan":"stdout","logger":"task"}
{"timestamp":"2025-07-29T19:30:15.303959Z","level":"info","event":" 'prev_data_interval_start_success': <Proxy at 0x7fb66fd6dc70 with factory <function RuntimeTaskInstance.get_template_context.<locals>.<lambda> at 0x7fb66fc87f60>>,","chan":"stdout","logger":"task"}
{"timestamp":"2025-07-29T19:30:15.304028Z","level":"info","event":" 'prev_end_date_success': <Proxy at 0x7fb66fee7410 with factory <function RuntimeTaskInstance.get_template_context.<locals>.<lambda> at 0x7fb66fc868e0>>,","chan":"stdout","logger":"task"}
{"timestamp":"2025-07-29T19:30:15.304077Z","level":"info","event":" 'prev_start_date_success': <Proxy at 0x7fb66fc3daf0 with factory <function RuntimeTaskInstance.get_template_context.<locals>.<lambda> at 0x7fb66fc86de0>>,","chan":"stdout","logger":"task"}
{"timestamp":"2025-07-29T19:30:15.304120Z","level":"info","event":" 'run_id': 'scheduled__2023-06-23T06:20:00+00:00',","chan":"stdout","logger":"task"}
{"timestamp":"2025-07-29T19:30:15.304163Z","level":"info","event":" 'task': <Task(PythonOperator): python>,","chan":"stdout","logger":"task"}
{"timestamp":"2025-07-29T19:30:15.304235Z","level":"info","event":" 'task_instance': RuntimeTaskInstance(id=UUID('019857a9-fa81-77fc-823a-e049dc6fcaed'), task_id='python', dag_id='python_operator_v1', run_id='scheduled__2023-06-23T06:20:00+00:00', try_number=1, map_index=-1, hostname='bf6f1e7a6f11', context_carrier={}, task=<Task(PythonOperator): python>, bundle_instance=LocalDagBundle(name=dags-folder), max_tries=0, start_date=datetime.datetime(2025, 7, 29, 19, 30, 14, 713567, tzinfo=datetime.timezone.utc), end_date=None, state=<TaskInstanceState.RUNNING: 'running'>, is_mapped=False, rendered_map_index=None, log_url='http://localhost:8080/dags/python_operator_v1/runs/scheduled__2023-06-23T06%3A20%3A00%2B00%3A00/tasks/python?try_number=1'),","chan":"stdout","logger":"task"}
{"timestamp":"2025-07-29T19:30:15.304286Z","level":"info","event":" 'task_instance_key_str': 'python_operator_v1__python__20230623',","chan":"stdout","logger":"task"}
{"timestamp":"2025-07-29T19:30:15.304330Z","level":"info","event":" 'task_reschedule_count': 0,","chan":"stdout","logger":"task"}
{"timestamp":"2025-07-29T19:30:15.304373Z","level":"info","event":" 'templates_dict': None,","chan":"stdout","logger":"task"}
{"timestamp":"2025-07-29T19:30:15.304417Z","level":"info","event":" 'ti': RuntimeTaskInstance(id=UUID('019857a9-fa81-77fc-823a-e049dc6fcaed'), task_id='python', dag_id='python_operator_v1', run_id='scheduled__2023-06-23T06:20:00+00:00', try_number=1, map_index=-1, hostname='bf6f1e7a6f11', context_carrier={}, task=<Task(PythonOperator): python>, bundle_instance=LocalDagBundle(name=dags-folder), max_tries=0, start_date=datetime.datetime(2025, 7, 29, 19, 30, 14, 713567, tzinfo=datetime.timezone.utc), end_date=None, state=<TaskInstanceState.RUNNING: 'running'>, is_mapped=False, rendered_map_index=None, log_url='http://localhost:8080/dags/python_operator_v1/runs/scheduled__2023-06-23T06%3A20%3A00%2B00%3A00/tasks/python?try_number=1'),","chan":"stdout","logger":"task"}
{"timestamp":"2025-07-29T19:30:15.304461Z","level":"info","event":" 'triggering_asset_events': TriggeringAssetEventsAccessor(_events=defaultdict(<class 'list'>, {})),","chan":"stdout","logger":"task"}
{"timestamp":"2025-07-29T19:30:15.304530Z","level":"info","event":" 'ts': '2023-06-23T06:20:00+00:00',","chan":"stdout","logger":"task"}
{"timestamp":"2025-07-29T19:30:15.304577Z","level":"info","event":" 'ts_nodash': '20230623T062000',","chan":"stdout","logger":"task"}
{"timestamp":"2025-07-29T19:30:15.304621Z","level":"info","event":" 'ts_nodash_with_tz': '20230623T062000+0000',","chan":"stdout","logger":"task"}
{"timestamp":"2025-07-29T19:30:15.304663Z","level":"info","event":" 'var': {'json': <VariableAccessor (dynamic access)>,","chan":"stdout","logger":"task"}
{"timestamp":"2025-07-29T19:30:15.304704Z","level":"info","event":"         'value': <VariableAccessor (dynamic access)>}}","chan":"stdout","logger":"task"}
{"timestamp":"2025-07-29T19:30:15.304769","level":"info","event":"Done. Returned value was: 123","logger":"airflow.task.operators.airflow.providers.standard.operators.python.PythonOperator"}
{"timestamp":"2025-07-29T19:30:15.305031","level":"info","event":"Pushing xcom","ti":"RuntimeTaskInstance(id=UUID('019857a9-fa81-77fc-823a-e049dc6fcaed'), task_id='python', dag_id='python_operator_v1', run_id='scheduled__2023-06-23T06:20:00+00:00', try_number=1, map_index=-1, hostname='bf6f1e7a6f11', context_carrier={}, task=<Task(PythonOperator): python>, bundle_instance=LocalDagBundle(name=dags-folder), max_tries=0, start_date=datetime.datetime(2025, 7, 29, 19, 30, 14, 713567, tzinfo=datetime.timezone.utc), end_date=None, state=<TaskInstanceState.RUNNING: 'running'>, is_mapped=False, rendered_map_index=None, log_url='http://localhost:8080/dags/python_operator_v1/runs/scheduled__2023-06-23T06%3A20%3A00%2B00%3A00/tasks/python?try_number=1')","logger":"task"}
{"timestamp":"2025-07-29T19:30:15.329119Z","level":"info","event":"Task instance in success state","chan":"stdout","logger":"task"}
{"timestamp":"2025-07-29T19:30:15.329250Z","level":"info","event":" Previous state of the Task instance: TaskInstanceState.RUNNING","chan":"stdout","logger":"task"}
{"timestamp":"2025-07-29T19:30:15.329341Z","level":"info","event":"Task operator:<Task(PythonOperator): python>","chan":"stdout","logger":"task"}
