{"timestamp":"2025-07-29T19:37:53.564483","level":"info","event":"DAG bundles loaded: dags-folder, example_dags","logger":"airflow.dag_processing.bundles.manager.DagBundlesManager"}
{"timestamp":"2025-07-29T19:37:53.565031","level":"info","event":"Filling up the DagBag from /opt/airflow/dags/python_operator_v1.py","logger":"airflow.models.dagbag.DagBag"}
{"timestamp":"2025-07-29T19:37:53.591943Z","level":"info","event":"Task instance is in running state","chan":"stdout","logger":"task"}
{"timestamp":"2025-07-29T19:37:53.592120Z","level":"info","event":" Previous state of the Task instance: TaskInstanceState.QUEUED","chan":"stdout","logger":"task"}
{"timestamp":"2025-07-29T19:37:53.592622Z","level":"info","event":"Current task name:python","chan":"stdout","logger":"task"}
{"timestamp":"2025-07-29T19:37:53.592749Z","level":"info","event":"Dag name:python_operator_v1","chan":"stdout","logger":"task"}
{"timestamp":"2025-07-29T19:37:53.593716Z","level":"info","event":"poliana","chan":"stdout","logger":"task"}
{"timestamp":"2025-07-29T19:37:53.594334Z","level":"info","event":"{'conn': <ConnectionAccessor (dynamic access)>,","chan":"stdout","logger":"task"}
{"timestamp":"2025-07-29T19:37:53.594442Z","level":"info","event":" 'dag': <DAG: python_operator_v1>,","chan":"stdout","logger":"task"}
{"timestamp":"2025-07-29T19:37:53.594544Z","level":"info","event":" 'dag_run': DagRun(dag_id='python_operator_v1', run_id='scheduled__2023-06-23T14:56:00+00:00', logical_date=datetime.datetime(2023, 6, 23, 14, 56, tzinfo=datetime.timezone.utc), data_interval_start=datetime.datetime(2023, 6, 23, 14, 56, tzinfo=datetime.timezone.utc), data_interval_end=datetime.datetime(2023, 6, 23, 14, 56, tzinfo=datetime.timezone.utc), run_after=datetime.datetime(2023, 6, 23, 14, 56, tzinfo=datetime.timezone.utc), start_date=datetime.datetime(2025, 7, 29, 19, 37, 52, 834586, tzinfo=datetime.timezone.utc), end_date=None, clear_number=0, run_type=<DagRunType.SCHEDULED: 'scheduled'>, conf={}, consumed_asset_events=[]),","chan":"stdout","logger":"task"}
{"timestamp":"2025-07-29T19:37:53.594607Z","level":"info","event":" 'data_interval_end': DateTime(2023, 6, 23, 14, 56, 0, tzinfo=Timezone('UTC')),","chan":"stdout","logger":"task"}
{"timestamp":"2025-07-29T19:37:53.594654Z","level":"info","event":" 'data_interval_start': DateTime(2023, 6, 23, 14, 56, 0, tzinfo=Timezone('UTC')),","chan":"stdout","logger":"task"}
{"timestamp":"2025-07-29T19:37:53.594698Z","level":"info","event":" 'ds': '2023-06-23',","chan":"stdout","logger":"task"}
{"timestamp":"2025-07-29T19:37:53.594742Z","level":"info","event":" 'ds_nodash': '20230623',","chan":"stdout","logger":"task"}
{"timestamp":"2025-07-29T19:37:53.594783Z","level":"info","event":" 'inlet_events': InletEventsAccessors(_inlets=[], _assets={}, _asset_aliases={}),","chan":"stdout","logger":"task"}
{"timestamp":"2025-07-29T19:37:53.594823Z","level":"info","event":" 'inlets': [],","chan":"stdout","logger":"task"}
{"timestamp":"2025-07-29T19:37:53.594864Z","level":"info","event":" 'logical_date': DateTime(2023, 6, 23, 14, 56, 0, tzinfo=Timezone('UTC')),","chan":"stdout","logger":"task"}
{"timestamp":"2025-07-29T19:37:53.594905Z","level":"info","event":" 'macros': <MacrosAccessor (dynamic access to macros)>,","chan":"stdout","logger":"task"}
{"timestamp":"2025-07-29T19:37:53.594945Z","level":"info","event":" 'map_index_template': None,","chan":"stdout","logger":"task"}
{"timestamp":"2025-07-29T19:37:53.594986Z","level":"info","event":" 'outlet_events': <airflow.sdk.execution_time.context.OutletEventAccessors object at 0x7fb677a6fa70>,","chan":"stdout","logger":"task"}
{"timestamp":"2025-07-29T19:37:53.595026Z","level":"info","event":" 'outlets': [],","chan":"stdout","logger":"task"}
{"timestamp":"2025-07-29T19:37:53.595066Z","level":"info","event":" 'params': {},","chan":"stdout","logger":"task"}
{"timestamp":"2025-07-29T19:37:53.604126Z","level":"info","event":" 'prev_data_interval_end_success': <Proxy at 0x7fb66fc9da60 with factory <function RuntimeTaskInstance.get_template_context.<locals>.<lambda> at 0x7fb66fcaaf20>>,","chan":"stdout","logger":"task"}
{"timestamp":"2025-07-29T19:37:53.604641Z","level":"info","event":" 'prev_data_interval_start_success': <Proxy at 0x7fb66fc9dac0 with factory <function RuntimeTaskInstance.get_template_context.<locals>.<lambda> at 0x7fb66fcabf60>>,","chan":"stdout","logger":"task"}
{"timestamp":"2025-07-29T19:37:53.604812Z","level":"info","event":" 'prev_end_date_success': <Proxy at 0x7fb67e397e30 with factory <function RuntimeTaskInstance.get_template_context.<locals>.<lambda> at 0x7fb66fcaa8e0>>,","chan":"stdout","logger":"task"}
{"timestamp":"2025-07-29T19:37:53.604898Z","level":"info","event":" 'prev_start_date_success': <Proxy at 0x7fb66fc9d520 with factory <function RuntimeTaskInstance.get_template_context.<locals>.<lambda> at 0x7fb66fcaade0>>,","chan":"stdout","logger":"task"}
{"timestamp":"2025-07-29T19:37:53.604964Z","level":"info","event":" 'run_id': 'scheduled__2023-06-23T14:56:00+00:00',","chan":"stdout","logger":"task"}
{"timestamp":"2025-07-29T19:37:53.605029Z","level":"info","event":" 'task': <Task(PythonOperator): python>,","chan":"stdout","logger":"task"}
{"timestamp":"2025-07-29T19:37:53.605093Z","level":"info","event":" 'task_instance': RuntimeTaskInstance(id=UUID('019857b0-f9be-75a8-aed8-91d36374aefe'), task_id='python', dag_id='python_operator_v1', run_id='scheduled__2023-06-23T14:56:00+00:00', try_number=1, map_index=-1, hostname='bf6f1e7a6f11', context_carrier={}, task=<Task(PythonOperator): python>, bundle_instance=LocalDagBundle(name=dags-folder), max_tries=0, start_date=datetime.datetime(2025, 7, 29, 19, 37, 53, 67834, tzinfo=datetime.timezone.utc), end_date=None, state=<TaskInstanceState.RUNNING: 'running'>, is_mapped=False, rendered_map_index=None, log_url='http://localhost:8080/dags/python_operator_v1/runs/scheduled__2023-06-23T14%3A56%3A00%2B00%3A00/tasks/python?try_number=1'),","chan":"stdout","logger":"task"}
{"timestamp":"2025-07-29T19:37:53.605168Z","level":"info","event":" 'task_instance_key_str': 'python_operator_v1__python__20230623',","chan":"stdout","logger":"task"}
{"timestamp":"2025-07-29T19:37:53.605240Z","level":"info","event":" 'task_reschedule_count': 0,","chan":"stdout","logger":"task"}
{"timestamp":"2025-07-29T19:37:53.605289Z","level":"info","event":" 'templates_dict': None,","chan":"stdout","logger":"task"}
{"timestamp":"2025-07-29T19:37:53.605337Z","level":"info","event":" 'ti': RuntimeTaskInstance(id=UUID('019857b0-f9be-75a8-aed8-91d36374aefe'), task_id='python', dag_id='python_operator_v1', run_id='scheduled__2023-06-23T14:56:00+00:00', try_number=1, map_index=-1, hostname='bf6f1e7a6f11', context_carrier={}, task=<Task(PythonOperator): python>, bundle_instance=LocalDagBundle(name=dags-folder), max_tries=0, start_date=datetime.datetime(2025, 7, 29, 19, 37, 53, 67834, tzinfo=datetime.timezone.utc), end_date=None, state=<TaskInstanceState.RUNNING: 'running'>, is_mapped=False, rendered_map_index=None, log_url='http://localhost:8080/dags/python_operator_v1/runs/scheduled__2023-06-23T14%3A56%3A00%2B00%3A00/tasks/python?try_number=1'),","chan":"stdout","logger":"task"}
{"timestamp":"2025-07-29T19:37:53.605383Z","level":"info","event":" 'triggering_asset_events': TriggeringAssetEventsAccessor(_events=defaultdict(<class 'list'>, {})),","chan":"stdout","logger":"task"}
{"timestamp":"2025-07-29T19:37:53.605442Z","level":"info","event":" 'ts': '2023-06-23T14:56:00+00:00',","chan":"stdout","logger":"task"}
{"timestamp":"2025-07-29T19:37:53.605506Z","level":"info","event":" 'ts_nodash': '20230623T145600',","chan":"stdout","logger":"task"}
{"timestamp":"2025-07-29T19:37:53.605568Z","level":"info","event":" 'ts_nodash_with_tz': '20230623T145600+0000',","chan":"stdout","logger":"task"}
{"timestamp":"2025-07-29T19:37:53.605685Z","level":"info","event":" 'var': {'json': <VariableAccessor (dynamic access)>,","chan":"stdout","logger":"task"}
{"timestamp":"2025-07-29T19:37:53.605764Z","level":"info","event":"         'value': <VariableAccessor (dynamic access)>}}","chan":"stdout","logger":"task"}
{"timestamp":"2025-07-29T19:37:53.605343","level":"info","event":"Done. Returned value was: 123","logger":"airflow.task.operators.airflow.providers.standard.operators.python.PythonOperator"}
{"timestamp":"2025-07-29T19:37:53.605633","level":"info","event":"Pushing xcom","ti":"RuntimeTaskInstance(id=UUID('019857b0-f9be-75a8-aed8-91d36374aefe'), task_id='python', dag_id='python_operator_v1', run_id='scheduled__2023-06-23T14:56:00+00:00', try_number=1, map_index=-1, hostname='bf6f1e7a6f11', context_carrier={}, task=<Task(PythonOperator): python>, bundle_instance=LocalDagBundle(name=dags-folder), max_tries=0, start_date=datetime.datetime(2025, 7, 29, 19, 37, 53, 67834, tzinfo=datetime.timezone.utc), end_date=None, state=<TaskInstanceState.RUNNING: 'running'>, is_mapped=False, rendered_map_index=None, log_url='http://localhost:8080/dags/python_operator_v1/runs/scheduled__2023-06-23T14%3A56%3A00%2B00%3A00/tasks/python?try_number=1')","logger":"task"}
{"timestamp":"2025-07-29T19:37:53.635288Z","level":"info","event":"Task instance in success state","chan":"stdout","logger":"task"}
{"timestamp":"2025-07-29T19:37:53.635427Z","level":"info","event":" Previous state of the Task instance: TaskInstanceState.RUNNING","chan":"stdout","logger":"task"}
{"timestamp":"2025-07-29T19:37:53.635522Z","level":"info","event":"Task operator:<Task(PythonOperator): python>","chan":"stdout","logger":"task"}
